[RANK1] Iteration 1
[RANK1] F @ 625.55810546875 (ms) to 779.673583984375 (ms), cudaEventElapsed = 154.04896545410156 (ms)
[RANK1] F @ 843.798583984375 (ms) to 875.34033203125 (ms), cudaEventElapsed = 31.48076820373535 (ms)
[RANK1] F @ 875.77099609375 (ms) to 909.916015625 (ms), cudaEventElapsed = 34.10255813598633 (ms)
[RANK1] F @ 910.23779296875 (ms) to 947.43701171875 (ms), cudaEventElapsed = 37.164031982421875 (ms)
[RANK1] F @ 951.67919921875 (ms) to 987.5341796875 (ms), cudaEventElapsed = 35.81625747680664 (ms)
[RANK1] B @ 1818.989013671875 (ms) to 1871.75048828125 (ms), cudaEventElapsed = 52.703521728515625 (ms)
[RANK1] F @ 1876.420166015625 (ms) to 1909.5 (ms), cudaEventElapsed = 33.03481674194336 (ms)
[RANK1] B @ 1909.855224609375 (ms) to 1954.455810546875 (ms), cudaEventElapsed = 44.563167572021484 (ms)
[RANK1] F @ 1975.462890625 (ms) to 2008.32861328125 (ms), cudaEventElapsed = 32.820159912109375 (ms)
[RANK1] B @ 2008.670654296875 (ms) to 2052.2431640625 (ms), cudaEventElapsed = 43.52889633178711 (ms)
[RANK1] F @ 2052.5849609375 (ms) to 2086.2099609375 (ms), cudaEventElapsed = 33.59193420410156 (ms)
[RANK1] B @ 2086.605712890625 (ms) to 2131.124755859375 (ms), cudaEventElapsed = 44.48486328125 (ms)
[RANK1] W @ 2131.3642578125 (ms) to 2152.57080078125 (ms), cudaEventElapsed = 21.165056228637695 (ms)
[RANK1] F @ 2152.720458984375 (ms) to 2186.356689453125 (ms), cudaEventElapsed = 33.6033935546875 (ms)
[RANK1] B @ 2187.608642578125 (ms) to 2233.056396484375 (ms), cudaEventElapsed = 45.410335540771484 (ms)
[RANK1] B @ 2234.438720703125 (ms) to 2276.686279296875 (ms), cudaEventElapsed = 42.211360931396484 (ms)
[RANK1] W @ 2276.8515625 (ms) to 2296.816162109375 (ms), cudaEventElapsed = 19.928064346313477 (ms)
[RANK1] F @ 2297.078125 (ms) to 2330.914306640625 (ms), cudaEventElapsed = 33.801055908203125 (ms)
[RANK1] B @ 2332.248046875 (ms) to 2377.28125 (ms), cudaEventElapsed = 44.993953704833984 (ms)
[RANK1] B @ 2378.62353515625 (ms) to 2420.718994140625 (ms), cudaEventElapsed = 42.05481719970703 (ms)
[RANK1] W @ 2420.874755859375 (ms) to 2441.12451171875 (ms), cudaEventElapsed = 20.21887969970703 (ms)
[RANK1] F @ 2441.376708984375 (ms) to 2475.408203125 (ms), cudaEventElapsed = 33.99683380126953 (ms)
[RANK1] B @ 2475.7158203125 (ms) to 2520.49462890625 (ms), cudaEventElapsed = 44.739776611328125 (ms)
[RANK1] W @ 2520.708251953125 (ms) to 2543.04638671875 (ms), cudaEventElapsed = 21.255168914794922 (ms)
[RANK1] F @ 2543.291748046875 (ms) to 2577.26953125 (ms), cudaEventElapsed = 33.936607360839844 (ms)
[RANK1] B @ 2577.57373046875 (ms) to 2622.34228515625 (ms), cudaEventElapsed = 44.73612976074219 (ms)
[RANK1] W @ 2622.4794921875 (ms) to 2643.769775390625 (ms), cudaEventElapsed = 21.25312042236328 (ms)
[RANK1] W @ 2643.91259765625 (ms) to 2665.403564453125 (ms), cudaEventElapsed = 21.45792007446289 (ms)
[RANK1] B @ 2666.216796875 (ms) to 2708.534912109375 (ms), cudaEventElapsed = 42.28230285644531 (ms)
[RANK1] W @ 2708.669189453125 (ms) to 2729.585693359375 (ms), cudaEventElapsed = 20.87731170654297 (ms)
[RANK1] W @ 2729.753662109375 (ms) to 2751.26220703125 (ms), cudaEventElapsed = 21.47123146057129 (ms)
[RANK1] B @ 2754.38623046875 (ms) to 2796.594482421875 (ms), cudaEventElapsed = 42.17599868774414 (ms)
[RANK1] 4W @ 2796.743408203125 (ms) to 2881.503662109375 (ms), cudaEventElapsed = 84.73088073730469 (ms)
[RANK1] Iteration 2
[RANK1] F @ 29.5537109375 (ms) to 61.440185546875 (ms), cudaEventElapsed = 31.840768814086914 (ms)
[RANK1] F @ 61.848876953125 (ms) to 96.04833984375 (ms), cudaEventElapsed = 34.167327880859375 (ms)
[RANK1] F @ 96.4384765625 (ms) to 133.411865234375 (ms), cudaEventElapsed = 36.941375732421875 (ms)
[RANK1] F @ 133.71875 (ms) to 170.39306640625 (ms), cudaEventElapsed = 36.644161224365234 (ms)
[RANK1] F @ 171.831298828125 (ms) to 208.2080078125 (ms), cudaEventElapsed = 36.343360900878906 (ms)
[RANK1] B @ 227.292724609375 (ms) to 268.826171875 (ms), cudaEventElapsed = 41.4947509765625 (ms)
[RANK1] F @ 269.194091796875 (ms) to 302.193603515625 (ms), cudaEventElapsed = 32.969600677490234 (ms)
[RANK1] B @ 306.31298828125 (ms) to 349.170654296875 (ms), cudaEventElapsed = 42.824127197265625 (ms)
[RANK1] F @ 350.49609375 (ms) to 384.08642578125 (ms), cudaEventElapsed = 33.55763244628906 (ms)
[RANK1] B @ 386.512939453125 (ms) to 429.73583984375 (ms), cudaEventElapsed = 43.18988800048828 (ms)
[RANK1] F @ 430.10009765625 (ms) to 464.14208984375 (ms), cudaEventElapsed = 34.01251220703125 (ms)
[RANK1] B @ 466.551513671875 (ms) to 510.259033203125 (ms), cudaEventElapsed = 43.67161560058594 (ms)
[RANK1] W @ 510.496337890625 (ms) to 531.86083984375 (ms), cudaEventElapsed = 21.24083137512207 (ms)
[RANK1] F @ 532.010986328125 (ms) to 565.92431640625 (ms), cudaEventElapsed = 33.88560104370117 (ms)
[RANK1] B @ 567.187255859375 (ms) to 613.240234375 (ms), cudaEventElapsed = 46.02092742919922 (ms)
[RANK1] B @ 625.845947265625 (ms) to 666.2666015625 (ms), cudaEventElapsed = 40.3837776184082 (ms)
[RANK1] W @ 666.4501953125 (ms) to 685.845458984375 (ms), cudaEventElapsed = 19.364864349365234 (ms)
[RANK1] F @ 686.106689453125 (ms) to 720.31396484375 (ms), cudaEventElapsed = 34.17865753173828 (ms)
[RANK1] B @ 729.1513671875 (ms) to 773.23681640625 (ms), cudaEventElapsed = 44.05295944213867 (ms)
[RANK1] B @ 774.530029296875 (ms) to 815.888671875 (ms), cudaEventElapsed = 41.32831954956055 (ms)
[RANK1] W @ 816.048095703125 (ms) to 835.9755859375 (ms), cudaEventElapsed = 19.893247604370117 (ms)
[RANK1] F @ 836.2236328125 (ms) to 870.65478515625 (ms), cudaEventElapsed = 34.403743743896484 (ms)
[RANK1] B @ 870.957763671875 (ms) to 916.201416015625 (ms), cudaEventElapsed = 45.21372985839844 (ms)
[RANK1] W @ 916.420166015625 (ms) to 938.95947265625 (ms), cudaEventElapsed = 21.49888038635254 (ms)
[RANK1] F @ 939.22119140625 (ms) to 973.608642578125 (ms), cudaEventElapsed = 34.35414505004883 (ms)
[RANK1] B @ 976.073486328125 (ms) to 1020.16650390625 (ms), cudaEventElapsed = 44.0582389831543 (ms)
[RANK1] W @ 1020.326416015625 (ms) to 1041.289306640625 (ms), cudaEventElapsed = 20.927488327026367 (ms)
[RANK1] W @ 1041.443115234375 (ms) to 1062.787841796875 (ms), cudaEventElapsed = 21.3176326751709 (ms)
[RANK1] B @ 1079.090087890625 (ms) to 1119.53759765625 (ms), cudaEventElapsed = 40.41708755493164 (ms)
[RANK1] W @ 1119.6875 (ms) to 1139.06689453125 (ms), cudaEventElapsed = 19.351551055908203 (ms)
[RANK1] W @ 1139.21630859375 (ms) to 1160.263427734375 (ms), cudaEventElapsed = 21.021696090698242 (ms)
[RANK1] B @ 1164.52783203125 (ms) to 1206.14453125 (ms), cudaEventElapsed = 41.58720016479492 (ms)
[RANK1] 4W @ 1206.30126953125 (ms) to 1289.3701171875 (ms), cudaEventElapsed = 83.0382080078125 (ms)
[RANK1] Iteration 3
[RANK1] F @ 29.42431640625 (ms) to 61.239013671875 (ms), cudaEventElapsed = 31.77836799621582 (ms)
[RANK1] F @ 61.634521484375 (ms) to 96.1005859375 (ms), cudaEventElapsed = 34.43388748168945 (ms)
[RANK1] F @ 96.487548828125 (ms) to 133.265625 (ms), cudaEventElapsed = 36.74700927734375 (ms)
[RANK1] F @ 133.560546875 (ms) to 169.885009765625 (ms), cudaEventElapsed = 36.29171371459961 (ms)
[RANK1] F @ 171.292236328125 (ms) to 207.485595703125 (ms), cudaEventElapsed = 36.1591682434082 (ms)
[RANK1] B @ 225.22607421875 (ms) to 266.84521484375 (ms), cudaEventElapsed = 41.577823638916016 (ms)
[RANK1] F @ 267.2109375 (ms) to 300.529296875 (ms), cudaEventElapsed = 33.28550338745117 (ms)
[RANK1] B @ 304.203125 (ms) to 347.403076171875 (ms), cudaEventElapsed = 43.166622161865234 (ms)
[RANK1] F @ 348.724853515625 (ms) to 382.545166015625 (ms), cudaEventElapsed = 33.786048889160156 (ms)
[RANK1] B @ 384.2861328125 (ms) to 428.03466796875 (ms), cudaEventElapsed = 43.714622497558594 (ms)
[RANK1] F @ 428.379150390625 (ms) to 462.478759765625 (ms), cudaEventElapsed = 34.0689582824707 (ms)
[RANK1] B @ 464.639404296875 (ms) to 508.489990234375 (ms), cudaEventElapsed = 43.816158294677734 (ms)
[RANK1] W @ 508.732666015625 (ms) to 530.114013671875 (ms), cudaEventElapsed = 21.2490234375 (ms)
[RANK1] F @ 530.2626953125 (ms) to 564.0078125 (ms), cudaEventElapsed = 33.71705627441406 (ms)
[RANK1] B @ 565.329345703125 (ms) to 611.33544921875 (ms), cudaEventElapsed = 45.97420883178711 (ms)
[RANK1] B @ 623.76220703125 (ms) to 664.11328125 (ms), cudaEventElapsed = 40.31679916381836 (ms)
[RANK1] W @ 664.28125 (ms) to 683.635498046875 (ms), cudaEventElapsed = 19.323904037475586 (ms)
[RANK1] F @ 683.89501953125 (ms) to 718.153076171875 (ms), cudaEventElapsed = 34.23017501831055 (ms)
[RANK1] B @ 726.7998046875 (ms) to 770.785888671875 (ms), cudaEventElapsed = 43.95235061645508 (ms)
[RANK1] B @ 772.378173828125 (ms) to 813.780029296875 (ms), cudaEventElapsed = 41.370174407958984 (ms)
[RANK1] W @ 813.9453125 (ms) to 833.95703125 (ms), cudaEventElapsed = 19.975168228149414 (ms)
[RANK1] F @ 834.20361328125 (ms) to 868.80712890625 (ms), cudaEventElapsed = 34.575294494628906 (ms)
[RANK1] B @ 869.11669921875 (ms) to 914.76220703125 (ms), cudaEventElapsed = 45.6099853515625 (ms)
[RANK1] W @ 914.99560546875 (ms) to 937.84521484375 (ms), cudaEventElapsed = 21.817344665527344 (ms)
[RANK1] F @ 938.127197265625 (ms) to 972.80224609375 (ms), cudaEventElapsed = 34.64601516723633 (ms)
[RANK1] B @ 973.647705078125 (ms) to 1017.89990234375 (ms), cudaEventElapsed = 44.22079849243164 (ms)
[RANK1] W @ 1018.06982421875 (ms) to 1039.253173828125 (ms), cudaEventElapsed = 21.149696350097656 (ms)
[RANK1] W @ 1039.413818359375 (ms) to 1060.8466796875 (ms), cudaEventElapsed = 21.405696868896484 (ms)
[RANK1] B @ 1077.244384765625 (ms) to 1117.72900390625 (ms), cudaEventElapsed = 40.45257568359375 (ms)
[RANK1] W @ 1117.895263671875 (ms) to 1137.218505859375 (ms), cudaEventElapsed = 19.29523277282715 (ms)
[RANK1] W @ 1137.36865234375 (ms) to 1158.26904296875 (ms), cudaEventElapsed = 20.87424087524414 (ms)
[RANK1] B @ 1162.8916015625 (ms) to 1204.41015625 (ms), cudaEventElapsed = 41.482975006103516 (ms)
[RANK1] 4W @ 1204.564208984375 (ms) to 1287.457275390625 (ms), cudaEventElapsed = 82.8590087890625 (ms)
[RANK1] Iteration 4
[RANK1] F @ 29.278076171875 (ms) to 60.9794921875 (ms), cudaEventElapsed = 31.6661434173584 (ms)
[RANK1] F @ 61.374755859375 (ms) to 96.1806640625 (ms), cudaEventElapsed = 34.77532958984375 (ms)
[RANK1] F @ 96.562255859375 (ms) to 132.92333984375 (ms), cudaEventElapsed = 36.33055877685547 (ms)
[RANK1] F @ 133.233642578125 (ms) to 169.2607421875 (ms), cudaEventElapsed = 35.99353790283203 (ms)
[RANK1] F @ 170.7802734375 (ms) to 206.47802734375 (ms), cudaEventElapsed = 35.66447830200195 (ms)
[RANK1] B @ 224.10498046875 (ms) to 265.63818359375 (ms), cudaEventElapsed = 41.491966247558594 (ms)
[RANK1] F @ 265.9775390625 (ms) to 299.26806640625 (ms), cudaEventElapsed = 33.26038360595703 (ms)
[RANK1] B @ 302.803466796875 (ms) to 346.787353515625 (ms), cudaEventElapsed = 43.94985580444336 (ms)
[RANK1] F @ 348.13525390625 (ms) to 382.189208984375 (ms), cudaEventElapsed = 34.020511627197266 (ms)
[RANK1] B @ 382.8154296875 (ms) to 427.03125 (ms), cudaEventElapsed = 44.18547058105469 (ms)
[RANK1] F @ 427.37744140625 (ms) to 461.993408203125 (ms), cudaEventElapsed = 34.58601760864258 (ms)
[RANK1] B @ 462.99658203125 (ms) to 507.683349609375 (ms), cudaEventElapsed = 44.65203094482422 (ms)
[RANK1] W @ 507.9228515625 (ms) to 529.677734375 (ms), cudaEventElapsed = 21.614591598510742 (ms)
[RANK1] F @ 529.829345703125 (ms) to 563.665283203125 (ms), cudaEventElapsed = 33.8078727722168 (ms)
[RANK1] B @ 564.992919921875 (ms) to 610.76708984375 (ms), cudaEventElapsed = 45.74281692504883 (ms)
[RANK1] B @ 621.956298828125 (ms) to 662.486083984375 (ms), cudaEventElapsed = 40.4956169128418 (ms)
[RANK1] W @ 662.674072265625 (ms) to 682.054443359375 (ms), cudaEventElapsed = 19.350528717041016 (ms)
[RANK1] F @ 682.304443359375 (ms) to 716.571044921875 (ms), cudaEventElapsed = 34.23747253417969 (ms)
[RANK1] B @ 724.95458984375 (ms) to 769.07275390625 (ms), cudaEventElapsed = 44.08486557006836 (ms)
[RANK1] B @ 770.394775390625 (ms) to 811.76611328125 (ms), cudaEventElapsed = 41.33852767944336 (ms)
[RANK1] W @ 811.92236328125 (ms) to 832.008056640625 (ms), cudaEventElapsed = 20.05196762084961 (ms)
[RANK1] F @ 832.2666015625 (ms) to 866.7578125 (ms), cudaEventElapsed = 34.46236801147461 (ms)
[RANK1] B @ 868.0146484375 (ms) to 913.97802734375 (ms), cudaEventElapsed = 45.93049621582031 (ms)
[RANK1] W @ 914.197021484375 (ms) to 936.989990234375 (ms), cudaEventElapsed = 21.740543365478516 (ms)
[RANK1] F @ 937.245849609375 (ms) to 971.543212890625 (ms), cudaEventElapsed = 34.26732635498047 (ms)
[RANK1] B @ 972.4658203125 (ms) to 1016.369140625 (ms), cudaEventElapsed = 43.86912155151367 (ms)
[RANK1] W @ 1016.54736328125 (ms) to 1037.524658203125 (ms), cudaEventElapsed = 20.941823959350586 (ms)
[RANK1] W @ 1037.6923828125 (ms) to 1059.0693359375 (ms), cudaEventElapsed = 21.348352432250977 (ms)
[RANK1] B @ 1075.240966796875 (ms) to 1116.02587890625 (ms), cudaEventElapsed = 40.75465774536133 (ms)
[RANK1] W @ 1116.1806640625 (ms) to 1135.728759765625 (ms), cudaEventElapsed = 19.515392303466797 (ms)
[RANK1] W @ 1135.87841796875 (ms) to 1156.897705078125 (ms), cudaEventElapsed = 20.982784271240234 (ms)
[RANK1] B @ 1161.579833984375 (ms) to 1203.779541015625 (ms), cudaEventElapsed = 42.161441802978516 (ms)
[RANK1] 4W @ 1203.936279296875 (ms) to 1287.641845703125 (ms), cudaEventElapsed = 83.67206573486328 (ms)
[RANK1] Iteration 5
[RANK1] F @ 29.452392578125 (ms) to 61.248291015625 (ms), cudaEventElapsed = 31.761024475097656 (ms)
[RANK1] F @ 61.61767578125 (ms) to 95.88671875 (ms), cudaEventElapsed = 34.23923110961914 (ms)
[RANK1] F @ 96.257080078125 (ms) to 133.4443359375 (ms), cudaEventElapsed = 37.15625762939453 (ms)
[RANK1] F @ 133.73876953125 (ms) to 170.0771484375 (ms), cudaEventElapsed = 36.30780792236328 (ms)
[RANK1] F @ 171.58251953125 (ms) to 207.335205078125 (ms), cudaEventElapsed = 35.719520568847656 (ms)
[RANK1] B @ 223.828125 (ms) to 266.449462890625 (ms), cudaEventElapsed = 42.58415985107422 (ms)
[RANK1] F @ 266.7939453125 (ms) to 302.245849609375 (ms), cudaEventElapsed = 35.402015686035156 (ms)
[RANK1] B @ 306.450439453125 (ms) to 351.22216796875 (ms), cudaEventElapsed = 44.73875045776367 (ms)
[RANK1] F @ 352.53515625 (ms) to 388.342041015625 (ms), cudaEventElapsed = 35.77532958984375 (ms)
[RANK1] B @ 389.40478515625 (ms) to 434.468017578125 (ms), cudaEventElapsed = 45.03148651123047 (ms)
[RANK1] F @ 434.827392578125 (ms) to 470.928955078125 (ms), cudaEventElapsed = 36.071327209472656 (ms)
[RANK1] B @ 472.961181640625 (ms) to 517.813720703125 (ms), cudaEventElapsed = 44.8197135925293 (ms)
[RANK1] W @ 518.052734375 (ms) to 541.721923828125 (ms), cudaEventElapsed = 23.536640167236328 (ms)
[RANK1] F @ 541.879150390625 (ms) to 579.720458984375 (ms), cudaEventElapsed = 37.812191009521484 (ms)
[RANK1] B @ 581.005859375 (ms) to 628.49951171875 (ms), cudaEventElapsed = 47.46246337890625 (ms)
[RANK1] B @ 637.624755859375 (ms) to 680.989501953125 (ms), cudaEventElapsed = 43.32972717285156 (ms)
[RANK1] W @ 681.164794921875 (ms) to 704.572998046875 (ms), cudaEventElapsed = 23.372800827026367 (ms)
[RANK1] F @ 704.837158203125 (ms) to 743.861083984375 (ms), cudaEventElapsed = 38.99577713012695 (ms)
[RANK1] B @ 748.351806640625 (ms) to 794.489990234375 (ms), cudaEventElapsed = 46.10639953613281 (ms)
[RANK1] B @ 795.807373046875 (ms) to 839.84765625 (ms), cudaEventElapsed = 44.00483322143555 (ms)
[RANK1] W @ 840.01025390625 (ms) to 863.614990234375 (ms), cudaEventElapsed = 23.569408416748047 (ms)
[RANK1] F @ 863.877685546875 (ms) to 904.96630859375 (ms), cudaEventElapsed = 41.05990219116211 (ms)
[RANK1] B @ 905.25634765625 (ms) to 953.265380859375 (ms), cudaEventElapsed = 47.9788818359375 (ms)
[RANK1] W @ 953.47998046875 (ms) to 978.53173828125 (ms), cudaEventElapsed = 24.009727478027344 (ms)
[RANK1] F @ 978.797607421875 (ms) to 1017.75 (ms), cudaEventElapsed = 38.907264709472656 (ms)
[RANK1] B @ 1024.576171875 (ms) to 1069.181396484375 (ms), cudaEventElapsed = 44.57283020019531 (ms)
[RANK1] W @ 1069.340576171875 (ms) to 1092.191650390625 (ms), cudaEventElapsed = 22.816768646240234 (ms)
[RANK1] W @ 1092.34765625 (ms) to 1119.93896484375 (ms), cudaEventElapsed = 27.56403160095215 (ms)
[RANK1] B @ 1135.561767578125 (ms) to 1179.674072265625 (ms), cudaEventElapsed = 44.081600189208984 (ms)
[RANK1] W @ 1179.839599609375 (ms) to 1202.678955078125 (ms), cudaEventElapsed = 22.806528091430664 (ms)
[RANK1] W @ 1202.840576171875 (ms) to 1229.831787109375 (ms), cudaEventElapsed = 26.96294403076172 (ms)
[RANK1] B @ 1233.739013671875 (ms) to 1280.0986328125 (ms), cudaEventElapsed = 46.33103942871094 (ms)
[RANK1] 4W @ 1280.247314453125 (ms) to 1384.266845703125 (ms), cudaEventElapsed = 103.99027252197266 (ms)
[RANK1] Iteration 6
[RANK1] F @ 29.2939453125 (ms) to 61.243408203125 (ms), cudaEventElapsed = 31.91289520263672 (ms)
[RANK1] F @ 61.60791015625 (ms) to 96.080078125 (ms), cudaEventElapsed = 34.44108963012695 (ms)
[RANK1] F @ 96.457275390625 (ms) to 133.24072265625 (ms), cudaEventElapsed = 36.752384185791016 (ms)
[RANK1] F @ 133.542236328125 (ms) to 169.86083984375 (ms), cudaEventElapsed = 36.28742218017578 (ms)
[RANK1] F @ 171.25732421875 (ms) to 207.446533203125 (ms), cudaEventElapsed = 36.1563835144043 (ms)
[RANK1] B @ 225.647705078125 (ms) to 267.98876953125 (ms), cudaEventElapsed = 42.302913665771484 (ms)
[RANK1] F @ 268.344970703125 (ms) to 303.85595703125 (ms), cudaEventElapsed = 35.47929763793945 (ms)
[RANK1] B @ 307.80615234375 (ms) to 352.62451171875 (ms), cudaEventElapsed = 44.78041458129883 (ms)
[RANK1] F @ 353.919189453125 (ms) to 389.810546875 (ms), cudaEventElapsed = 35.85891342163086 (ms)
[RANK1] B @ 390.888916015625 (ms) to 436.261474609375 (ms), cudaEventElapsed = 45.33206558227539 (ms)
[RANK1] F @ 436.602294921875 (ms) to 472.83837890625 (ms), cudaEventElapsed = 36.20697784423828 (ms)
[RANK1] B @ 474.062255859375 (ms) to 519.248779296875 (ms), cudaEventElapsed = 45.15203094482422 (ms)
[RANK1] W @ 519.474853515625 (ms) to 543.50732421875 (ms), cudaEventElapsed = 23.90220832824707 (ms)
[RANK1] F @ 543.662353515625 (ms) to 581.544677734375 (ms), cudaEventElapsed = 37.8524169921875 (ms)
[RANK1] B @ 582.858154296875 (ms) to 629.883544921875 (ms), cudaEventElapsed = 46.99308776855469 (ms)
[RANK1] B @ 639.14892578125 (ms) to 681.927734375 (ms), cudaEventElapsed = 42.747520446777344 (ms)
[RANK1] W @ 682.090576171875 (ms) to 704.8359375 (ms), cudaEventElapsed = 22.71334457397461 (ms)
[RANK1] F @ 705.098876953125 (ms) to 744.849609375 (ms), cudaEventElapsed = 39.72284698486328 (ms)
[RANK1] B @ 749.4453125 (ms) to 796.5068359375 (ms), cudaEventElapsed = 47.02854537963867 (ms)
[RANK1] B @ 797.828369140625 (ms) to 841.828369140625 (ms), cudaEventElapsed = 43.969600677490234 (ms)
[RANK1] W @ 841.98681640625 (ms) to 865.09765625 (ms), cudaEventElapsed = 23.0830078125 (ms)
[RANK1] F @ 865.34521484375 (ms) to 908.6640625 (ms), cudaEventElapsed = 43.290977478027344 (ms)
[RANK1] B @ 908.959716796875 (ms) to 958.13232421875 (ms), cudaEventElapsed = 49.14246368408203 (ms)
[RANK1] W @ 958.34228515625 (ms) to 983.279052734375 (ms), cudaEventElapsed = 23.939071655273438 (ms)
[RANK1] F @ 983.52294921875 (ms) to 1022.0673828125 (ms), cudaEventElapsed = 38.51599884033203 (ms)
[RANK1] B @ 1026.158203125 (ms) to 1071.017578125 (ms), cudaEventElapsed = 44.82726287841797 (ms)
[RANK1] W @ 1071.173095703125 (ms) to 1094.96630859375 (ms), cudaEventElapsed = 23.762943267822266 (ms)
[RANK1] W @ 1095.118408203125 (ms) to 1124.36767578125 (ms), cudaEventElapsed = 29.221887588500977 (ms)
[RANK1] B @ 1136.218505859375 (ms) to 1181.5205078125 (ms), cudaEventElapsed = 45.2729606628418 (ms)
[RANK1] W @ 1181.663330078125 (ms) to 1204.218994140625 (ms), cudaEventElapsed = 22.529024124145508 (ms)
[RANK1] W @ 1204.3701171875 (ms) to 1231.14599609375 (ms), cudaEventElapsed = 26.74995231628418 (ms)
[RANK1] B @ 1234.037841796875 (ms) to 1281.6845703125 (ms), cudaEventElapsed = 47.614688873291016 (ms)
[RANK1] 4W @ 1281.86669921875 (ms) to 1386.07421875 (ms), cudaEventElapsed = 104.17356872558594 (ms)
[RANK1] Iteration 7
[RANK1] F @ 29.1396484375 (ms) to 61.012939453125 (ms), cudaEventElapsed = 31.83852767944336 (ms)
[RANK1] F @ 61.38818359375 (ms) to 96.106201171875 (ms), cudaEventElapsed = 34.6874885559082 (ms)
[RANK1] F @ 96.471923828125 (ms) to 133.71240234375 (ms), cudaEventElapsed = 37.21062469482422 (ms)
[RANK1] F @ 134.014892578125 (ms) to 170.850830078125 (ms), cudaEventElapsed = 36.804161071777344 (ms)
[RANK1] F @ 172.335205078125 (ms) to 208.09814453125 (ms), cudaEventElapsed = 35.729217529296875 (ms)
[RANK1] B @ 224.970947265625 (ms) to 267.497314453125 (ms), cudaEventElapsed = 42.489280700683594 (ms)
[RANK1] F @ 267.8583984375 (ms) to 303.435546875 (ms), cudaEventElapsed = 35.545345306396484 (ms)
[RANK1] B @ 307.302978515625 (ms) to 352.43212890625 (ms), cudaEventElapsed = 45.09651184082031 (ms)
[RANK1] F @ 353.7734375 (ms) to 389.35009765625 (ms), cudaEventElapsed = 35.54441452026367 (ms)
[RANK1] B @ 390.892333984375 (ms) to 435.6201171875 (ms), cudaEventElapsed = 44.694271087646484 (ms)
[RANK1] F @ 435.965087890625 (ms) to 472.004150390625 (ms), cudaEventElapsed = 36.009246826171875 (ms)
[RANK1] B @ 474.01953125 (ms) to 518.813720703125 (ms), cudaEventElapsed = 44.7597770690918 (ms)
[RANK1] W @ 519.04931640625 (ms) to 542.7353515625 (ms), cudaEventElapsed = 23.543807983398438 (ms)
[RANK1] F @ 542.89013671875 (ms) to 580.96728515625 (ms), cudaEventElapsed = 38.04851150512695 (ms)
[RANK1] B @ 582.34814453125 (ms) to 629.73681640625 (ms), cudaEventElapsed = 47.3579216003418 (ms)
[RANK1] B @ 639.69921875 (ms) to 682.1611328125 (ms), cudaEventElapsed = 42.427486419677734 (ms)
[RANK1] W @ 682.329833984375 (ms) to 704.42822265625 (ms), cudaEventElapsed = 22.06719970703125 (ms)
[RANK1] F @ 704.69677734375 (ms) to 744.257080078125 (ms), cudaEventElapsed = 39.529727935791016 (ms)
[RANK1] B @ 750.84326171875 (ms) to 796.94140625 (ms), cudaEventElapsed = 46.06438446044922 (ms)
[RANK1] B @ 798.345947265625 (ms) to 842.474853515625 (ms), cudaEventElapsed = 44.09686279296875 (ms)
[RANK1] W @ 842.666259765625 (ms) to 866.07275390625 (ms), cudaEventElapsed = 23.375871658325195 (ms)
[RANK1] F @ 866.3359375 (ms) to 908.247314453125 (ms), cudaEventElapsed = 41.873470306396484 (ms)
[RANK1] B @ 908.5419921875 (ms) to 956.834228515625 (ms), cudaEventElapsed = 48.262943267822266 (ms)
[RANK1] W @ 957.053466796875 (ms) to 981.955322265625 (ms), cudaEventElapsed = 23.862272262573242 (ms)
[RANK1] F @ 982.227294921875 (ms) to 1021.45849609375 (ms), cudaEventElapsed = 39.200958251953125 (ms)
[RANK1] B @ 1026.08349609375 (ms) to 1071.44384765625 (ms), cudaEventElapsed = 45.326942443847656 (ms)
[RANK1] W @ 1071.61083984375 (ms) to 1095.521728515625 (ms), cudaEventElapsed = 23.880704879760742 (ms)
[RANK1] W @ 1095.683349609375 (ms) to 1124.406005859375 (ms), cudaEventElapsed = 28.693504333496094 (ms)
[RANK1] B @ 1136.575439453125 (ms) to 1181.6357421875 (ms), cudaEventElapsed = 45.030174255371094 (ms)
[RANK1] W @ 1181.790283203125 (ms) to 1204.59033203125 (ms), cudaEventElapsed = 22.772735595703125 (ms)
[RANK1] W @ 1204.744384765625 (ms) to 1232.031005859375 (ms), cudaEventElapsed = 27.259904861450195 (ms)
[RANK1] B @ 1235.5908203125 (ms) to 1282.117431640625 (ms), cudaEventElapsed = 46.4969596862793 (ms)
[RANK1] 4W @ 1282.28369140625 (ms) to 1387.0830078125 (ms), cudaEventElapsed = 104.76748657226562 (ms)
[RANK1] Iteration 8
[RANK1] F @ 29.29931640625 (ms) to 61.41357421875 (ms), cudaEventElapsed = 32.079071044921875 (ms)
[RANK1] F @ 61.806884765625 (ms) to 96.283203125 (ms), cudaEventElapsed = 34.44473648071289 (ms)
[RANK1] F @ 96.66455078125 (ms) to 133.692626953125 (ms), cudaEventElapsed = 36.997825622558594 (ms)
[RANK1] F @ 134.001220703125 (ms) to 170.525634765625 (ms), cudaEventElapsed = 36.4903678894043 (ms)
[RANK1] F @ 172.048095703125 (ms) to 208.293701171875 (ms), cudaEventElapsed = 36.212257385253906 (ms)
[RANK1] B @ 227.24267578125 (ms) to 269.58740234375 (ms), cudaEventElapsed = 42.30729675292969 (ms)
[RANK1] F @ 269.94921875 (ms) to 305.361083984375 (ms), cudaEventElapsed = 35.38169479370117 (ms)
[RANK1] B @ 309.321533203125 (ms) to 353.864501953125 (ms), cudaEventElapsed = 44.50892639160156 (ms)
[RANK1] F @ 355.16845703125 (ms) to 390.780517578125 (ms), cudaEventElapsed = 35.57913589477539 (ms)
[RANK1] B @ 392.728515625 (ms) to 438.21484375 (ms), cudaEventElapsed = 45.45280075073242 (ms)
[RANK1] F @ 438.576904296875 (ms) to 474.967041015625 (ms), cudaEventElapsed = 36.35923385620117 (ms)
[RANK1] B @ 475.49462890625 (ms) to 520.88623046875 (ms), cudaEventElapsed = 45.352256774902344 (ms)
[RANK1] W @ 521.121826171875 (ms) to 545.280517578125 (ms), cudaEventElapsed = 24.015871047973633 (ms)
[RANK1] F @ 545.438232421875 (ms) to 583.234375 (ms), cudaEventElapsed = 37.7672004699707 (ms)
[RANK1] B @ 584.6083984375 (ms) to 631.701171875 (ms), cudaEventElapsed = 47.060577392578125 (ms)
[RANK1] B @ 641.33251953125 (ms) to 684.187255859375 (ms), cudaEventElapsed = 42.8205451965332 (ms)
[RANK1] W @ 684.35546875 (ms) to 706.75146484375 (ms), cudaEventElapsed = 22.366207122802734 (ms)
[RANK1] F @ 707.005859375 (ms) to 746.24951171875 (ms), cudaEventElapsed = 39.21247863769531 (ms)
[RANK1] B @ 752.364990234375 (ms) to 799.318115234375 (ms), cudaEventElapsed = 46.918975830078125 (ms)
[RANK1] B @ 800.64111328125 (ms) to 844.761962890625 (ms), cudaEventElapsed = 44.09075164794922 (ms)
[RANK1] W @ 844.9169921875 (ms) to 867.75830078125 (ms), cudaEventElapsed = 22.811647415161133 (ms)
[RANK1] F @ 868.013427734375 (ms) to 912.583251953125 (ms), cudaEventElapsed = 44.541473388671875 (ms)
[RANK1] B @ 912.885986328125 (ms) to 962.26025390625 (ms), cudaEventElapsed = 49.34310531616211 (ms)
[RANK1] W @ 962.47314453125 (ms) to 987.490234375 (ms), cudaEventElapsed = 24.030208587646484 (ms)
[RANK1] F @ 987.745361328125 (ms) to 1027.26904296875 (ms), cudaEventElapsed = 39.4951057434082 (ms)
[RANK1] B @ 1027.556396484375 (ms) to 1073.931884765625 (ms), cudaEventElapsed = 46.34640121459961 (ms)
[RANK1] W @ 1074.08349609375 (ms) to 1098.6591796875 (ms), cudaEventElapsed = 24.54528045654297 (ms)
[RANK1] W @ 1098.820556640625 (ms) to 1128.27587890625 (ms), cudaEventElapsed = 29.427711486816406 (ms)
[RANK1] B @ 1136.41455078125 (ms) to 1183.238525390625 (ms), cudaEventElapsed = 46.7938232421875 (ms)
[RANK1] W @ 1183.386474609375 (ms) to 1206.494873046875 (ms), cudaEventElapsed = 23.08095932006836 (ms)
[RANK1] W @ 1206.642578125 (ms) to 1233.344970703125 (ms), cudaEventElapsed = 26.675199508666992 (ms)
[RANK1] B @ 1235.792236328125 (ms) to 1285.224853515625 (ms), cudaEventElapsed = 49.4029426574707 (ms)
[RANK1] 4W @ 1285.375732421875 (ms) to 1391.162109375 (ms), cudaEventElapsed = 105.7474594116211 (ms)
[RANK1] Iteration 9
[RANK1] F @ 29.359375 (ms) to 61.29736328125 (ms), cudaEventElapsed = 31.902496337890625 (ms)
[RANK1] F @ 61.939453125 (ms) to 97.11376953125 (ms), cudaEventElapsed = 35.142303466796875 (ms)
[RANK1] F @ 97.50341796875 (ms) to 134.8623046875 (ms), cudaEventElapsed = 37.32787322998047 (ms)
[RANK1] F @ 135.1748046875 (ms) to 172.084228515625 (ms), cudaEventElapsed = 36.87846374511719 (ms)
[RANK1] F @ 173.56884765625 (ms) to 209.918701171875 (ms), cudaEventElapsed = 36.31545639038086 (ms)
[RANK1] B @ 284.668701171875 (ms) to 325.8447265625 (ms), cudaEventElapsed = 41.13600158691406 (ms)
[RANK1] F @ 326.21533203125 (ms) to 361.52880859375 (ms), cudaEventElapsed = 35.28335952758789 (ms)
[RANK1] B @ 390.047119140625 (ms) to 431.44775390625 (ms), cudaEventElapsed = 41.36556625366211 (ms)
[RANK1] F @ 432.784423828125 (ms) to 467.225830078125 (ms), cudaEventElapsed = 34.40947341918945 (ms)
[RANK1] B @ 496.054443359375 (ms) to 537.651611328125 (ms), cudaEventElapsed = 41.56275177001953 (ms)
[RANK1] F @ 538.009765625 (ms) to 573.31005859375 (ms), cudaEventElapsed = 35.27033615112305 (ms)
[RANK1] B @ 601.99658203125 (ms) to 643.552734375 (ms), cudaEventElapsed = 41.519649505615234 (ms)
[RANK1] W @ 643.80322265625 (ms) to 667.235595703125 (ms), cudaEventElapsed = 23.28780746459961 (ms)
[RANK1] F @ 667.385009765625 (ms) to 706.1435546875 (ms), cudaEventElapsed = 38.72915267944336 (ms)
[RANK1] B @ 708.216064453125 (ms) to 755.10205078125 (ms), cudaEventElapsed = 46.85283279418945 (ms)
[RANK1] B @ 812.16162109375 (ms) to 853.210205078125 (ms), cudaEventElapsed = 41.01289749145508 (ms)
[RANK1] W @ 853.37890625 (ms) to 875.36279296875 (ms), cudaEventElapsed = 21.954559326171875 (ms)
[RANK1] F @ 875.61767578125 (ms) to 915.01904296875 (ms), cudaEventElapsed = 39.37171173095703 (ms)
[RANK1] B @ 946.538330078125 (ms) to 989.270751953125 (ms), cudaEventElapsed = 42.696510314941406 (ms)
[RANK1] B @ 991.173095703125 (ms) to 1034.5048828125 (ms), cudaEventElapsed = 43.30009460449219 (ms)
[RANK1] W @ 1034.667724609375 (ms) to 1057.509521484375 (ms), cudaEventElapsed = 22.809600830078125 (ms)
[RANK1] F @ 1057.763916015625 (ms) to 1097.4892578125 (ms), cudaEventElapsed = 39.69731140136719 (ms)
[RANK1] B @ 1123.9873046875 (ms) to 1165.7119140625 (ms), cudaEventElapsed = 41.690975189208984 (ms)
[RANK1] W @ 1165.944091796875 (ms) to 1189.7509765625 (ms), cudaEventElapsed = 22.810623168945312 (ms)
[RANK1] F @ 1190.0126953125 (ms) to 1228.999267578125 (ms), cudaEventElapsed = 38.957855224609375 (ms)
[RANK1] B @ 1256.539794921875 (ms) to 1298.34423828125 (ms), cudaEventElapsed = 41.77212905883789 (ms)
[RANK1] W @ 1298.500244140625 (ms) to 1320.4443359375 (ms), cudaEventElapsed = 21.909503936767578 (ms)
[RANK1] W @ 1320.60791015625 (ms) to 1348.3310546875 (ms), cudaEventElapsed = 27.696128845214844 (ms)
[RANK1] B @ 1388.383056640625 (ms) to 1429.618408203125 (ms), cudaEventElapsed = 41.20556640625 (ms)
[RANK1] W @ 1429.7646484375 (ms) to 1451.9296875 (ms), cudaEventElapsed = 22.137855529785156 (ms)
[RANK1] W @ 1452.075927734375 (ms) to 1479.134521484375 (ms), cudaEventElapsed = 27.031551361083984 (ms)
[RANK1] B @ 1486.42431640625 (ms) to 1532.955810546875 (ms), cudaEventElapsed = 46.50236892700195 (ms)
[RANK1] 4W @ 1533.110595703125 (ms) to 1637.25732421875 (ms), cudaEventElapsed = 104.11212921142578 (ms)
[RANK1] Iteration 10
[RANK1] F @ 29.226318359375 (ms) to 61.1396484375 (ms), cudaEventElapsed = 31.878528594970703 (ms)
[RANK1] F @ 61.510986328125 (ms) to 96.12451171875 (ms), cudaEventElapsed = 34.582401275634766 (ms)
[RANK1] F @ 96.494384765625 (ms) to 133.710205078125 (ms), cudaEventElapsed = 37.18214416503906 (ms)
[RANK1] F @ 134.0146484375 (ms) to 170.890625 (ms), cudaEventElapsed = 36.84409713745117 (ms)
[RANK1] F @ 172.322021484375 (ms) to 208.436767578125 (ms), cudaEventElapsed = 36.08204650878906 (ms)
[RANK1] B @ 282.352294921875 (ms) to 323.460693359375 (ms), cudaEventElapsed = 41.067359924316406 (ms)
[RANK1] F @ 323.830810546875 (ms) to 359.107666015625 (ms), cudaEventElapsed = 35.24544143676758 (ms)
[RANK1] B @ 387.55078125 (ms) to 429.011962890625 (ms), cudaEventElapsed = 41.42544174194336 (ms)
[RANK1] F @ 430.333740234375 (ms) to 464.828369140625 (ms), cudaEventElapsed = 34.463104248046875 (ms)
[RANK1] B @ 493.66796875 (ms) to 535.224853515625 (ms), cudaEventElapsed = 41.52297592163086 (ms)
[RANK1] F @ 535.568359375 (ms) to 571.0390625 (ms), cudaEventElapsed = 35.43952178955078 (ms)
[RANK1] B @ 598.77783203125 (ms) to 640.306884765625 (ms), cudaEventElapsed = 41.49068832397461 (ms)
[RANK1] W @ 640.564453125 (ms) to 663.968017578125 (ms), cudaEventElapsed = 23.25503921508789 (ms)
[RANK1] F @ 664.120849609375 (ms) to 703.25927734375 (ms), cudaEventElapsed = 39.11017608642578 (ms)
[RANK1] B @ 704.7080078125 (ms) to 752.02587890625 (ms), cudaEventElapsed = 47.276832580566406 (ms)
[RANK1] B @ 808.13525390625 (ms) to 849.162841796875 (ms), cudaEventElapsed = 40.98390579223633 (ms)
[RANK1] W @ 849.37158203125 (ms) to 871.037841796875 (ms), cudaEventElapsed = 21.631999969482422 (ms)
[RANK1] F @ 871.303466796875 (ms) to 910.419921875 (ms), cudaEventElapsed = 39.0860481262207 (ms)
[RANK1] B @ 942.431396484375 (ms) to 985.139404296875 (ms), cudaEventElapsed = 42.6690559387207 (ms)
[RANK1] B @ 987.184326171875 (ms) to 1030.48876953125 (ms), cudaEventElapsed = 43.27017593383789 (ms)
[RANK1] W @ 1030.67626953125 (ms) to 1053.746337890625 (ms), cudaEventElapsed = 23.033855438232422 (ms)
[RANK1] F @ 1054.025146484375 (ms) to 1093.48046875 (ms), cudaEventElapsed = 39.42707061767578 (ms)
[RANK1] B @ 1120.047607421875 (ms) to 1161.72412109375 (ms), cudaEventElapsed = 41.64169692993164 (ms)
[RANK1] W @ 1161.966064453125 (ms) to 1186.38134765625 (ms), cudaEventElapsed = 23.402496337890625 (ms)
[RANK1] F @ 1186.652587890625 (ms) to 1225.67431640625 (ms), cudaEventElapsed = 38.99264144897461 (ms)
[RANK1] B @ 1253.306884765625 (ms) to 1294.989990234375 (ms), cudaEventElapsed = 41.643009185791016 (ms)
[RANK1] W @ 1295.1806640625 (ms) to 1316.96923828125 (ms), cudaEventElapsed = 21.754880905151367 (ms)
[RANK1] W @ 1317.131591796875 (ms) to 1344.570556640625 (ms), cudaEventElapsed = 27.411455154418945 (ms)
[RANK1] B @ 1385.66845703125 (ms) to 1426.955078125 (ms), cudaEventElapsed = 41.257057189941406 (ms)
[RANK1] W @ 1427.11328125 (ms) to 1449.353271484375 (ms), cudaEventElapsed = 22.208511352539062 (ms)
[RANK1] W @ 1449.515625 (ms) to 1476.526123046875 (ms), cudaEventElapsed = 26.98240089416504 (ms)
[RANK1] B @ 1483.584716796875 (ms) to 1530.24755859375 (ms), cudaEventElapsed = 46.632606506347656 (ms)
[RANK1] 4W @ 1530.408203125 (ms) to 1634.998779296875 (ms), cudaEventElapsed = 104.5565414428711 (ms)
[RANK1] Iteration 11
[RANK1] F @ 29.425537109375 (ms) to 61.38427734375 (ms), cudaEventElapsed = 31.921823501586914 (ms)
[RANK1] F @ 61.78369140625 (ms) to 96.49609375 (ms), cudaEventElapsed = 34.681983947753906 (ms)
[RANK1] F @ 96.892578125 (ms) to 133.70947265625 (ms), cudaEventElapsed = 36.78607940673828 (ms)
[RANK1] F @ 134.03564453125 (ms) to 170.353515625 (ms), cudaEventElapsed = 36.28531265258789 (ms)
[RANK1] F @ 171.953125 (ms) to 207.864501953125 (ms), cudaEventElapsed = 35.875999450683594 (ms)
[RANK1] B @ 281.093994140625 (ms) to 322.307373046875 (ms), cudaEventElapsed = 41.1703987121582 (ms)
[RANK1] F @ 322.67138671875 (ms) to 358.225341796875 (ms), cudaEventElapsed = 35.523231506347656 (ms)
[RANK1] B @ 385.781494140625 (ms) to 427.29052734375 (ms), cudaEventElapsed = 41.47264099121094 (ms)
[RANK1] F @ 428.64013671875 (ms) to 463.69140625 (ms), cudaEventElapsed = 35.0184326171875 (ms)
[RANK1] B @ 492.824462890625 (ms) to 534.576416015625 (ms), cudaEventElapsed = 41.71353530883789 (ms)
[RANK1] F @ 534.96240234375 (ms) to 570.844970703125 (ms), cudaEventElapsed = 35.851966857910156 (ms)
[RANK1] B @ 597.568603515625 (ms) to 639.2001953125 (ms), cudaEventElapsed = 41.59036636352539 (ms)
[RANK1] W @ 639.484130859375 (ms) to 661.880126953125 (ms), cudaEventElapsed = 22.228992462158203 (ms)
[RANK1] F @ 662.046875 (ms) to 701.263671875 (ms), cudaEventElapsed = 39.186912536621094 (ms)
[RANK1] B @ 703.51953125 (ms) to 750.98974609375 (ms), cudaEventElapsed = 47.436832427978516 (ms)
[RANK1] B @ 806.892333984375 (ms) to 847.97216796875 (ms), cudaEventElapsed = 41.03984069824219 (ms)
[RANK1] W @ 848.163330078125 (ms) to 870.374267578125 (ms), cudaEventElapsed = 22.178815841674805 (ms)
[RANK1] F @ 870.643310546875 (ms) to 910.220703125 (ms), cudaEventElapsed = 39.54838562011719 (ms)
[RANK1] B @ 940.06982421875 (ms) to 982.89599609375 (ms), cudaEventElapsed = 42.79030227661133 (ms)
[RANK1] B @ 984.763916015625 (ms) to 1028.70068359375 (ms), cudaEventElapsed = 43.90313720703125 (ms)
[RANK1] W @ 1028.878173828125 (ms) to 1052.54248046875 (ms), cudaEventElapsed = 23.628799438476562 (ms)
[RANK1] F @ 1052.8154296875 (ms) to 1091.9287109375 (ms), cudaEventElapsed = 39.08438491821289 (ms)
[RANK1] B @ 1117.38330078125 (ms) to 1159.376708984375 (ms), cudaEventElapsed = 41.95820617675781 (ms)
[RANK1] W @ 1159.64306640625 (ms) to 1183.145263671875 (ms), cudaEventElapsed = 22.398975372314453 (ms)
[RANK1] F @ 1183.4375 (ms) to 1222.73974609375 (ms), cudaEventElapsed = 39.27062225341797 (ms)
[RANK1] B @ 1250.060546875 (ms) to 1292.260498046875 (ms), cudaEventElapsed = 42.164512634277344 (ms)
[RANK1] W @ 1292.4384765625 (ms) to 1315.103759765625 (ms), cudaEventElapsed = 22.632448196411133 (ms)
[RANK1] W @ 1315.2734375 (ms) to 1342.703369140625 (ms), cudaEventElapsed = 27.402240753173828 (ms)
[RANK1] B @ 1383.663818359375 (ms) to 1425.14794921875 (ms), cudaEventElapsed = 41.44707107543945 (ms)
[RANK1] W @ 1425.340576171875 (ms) to 1447.845947265625 (ms), cudaEventElapsed = 22.47270393371582 (ms)
[RANK1] W @ 1448.0185546875 (ms) to 1475.045654296875 (ms), cudaEventElapsed = 26.990591049194336 (ms)
[RANK1] B @ 1487.0087890625 (ms) to 1532.30126953125 (ms), cudaEventElapsed = 45.257568359375 (ms)
[RANK1] 4W @ 1532.4658203125 (ms) to 1636.524169921875 (ms), cudaEventElapsed = 104.02201843261719 (ms)
[RANK1] Iteration 12
[RANK1] F @ 29.430419921875 (ms) to 61.450439453125 (ms), cudaEventElapsed = 31.982751846313477 (ms)
[RANK1] F @ 61.859375 (ms) to 96.607666015625 (ms), cudaEventElapsed = 34.715518951416016 (ms)
[RANK1] F @ 97.013427734375 (ms) to 134.472412109375 (ms), cudaEventElapsed = 37.42803192138672 (ms)
[RANK1] F @ 134.7958984375 (ms) to 171.510009765625 (ms), cudaEventElapsed = 36.68201446533203 (ms)
[RANK1] F @ 173.1962890625 (ms) to 209.385986328125 (ms), cudaEventElapsed = 36.15475082397461 (ms)
[RANK1] B @ 305.137451171875 (ms) to 346.259765625 (ms), cudaEventElapsed = 41.076927185058594 (ms)
[RANK1] F @ 346.64111328125 (ms) to 381.755615234375 (ms), cudaEventElapsed = 35.08319854736328 (ms)
[RANK1] B @ 424.203369140625 (ms) to 465.440673828125 (ms), cudaEventElapsed = 41.200992584228516 (ms)
[RANK1] F @ 466.81982421875 (ms) to 501.746337890625 (ms), cudaEventElapsed = 34.894046783447266 (ms)
[RANK1] B @ 530.710693359375 (ms) to 572.670654296875 (ms), cudaEventElapsed = 41.924320220947266 (ms)
[RANK1] F @ 573.022216796875 (ms) to 608.885986328125 (ms), cudaEventElapsed = 35.83299255371094 (ms)
[RANK1] B @ 636.021240234375 (ms) to 677.7724609375 (ms), cudaEventElapsed = 41.713409423828125 (ms)
[RANK1] W @ 678.02880859375 (ms) to 700.721435546875 (ms), cudaEventElapsed = 22.541311264038086 (ms)
[RANK1] F @ 700.87646484375 (ms) to 740.156982421875 (ms), cudaEventElapsed = 39.25017547607422 (ms)
[RANK1] B @ 741.636962890625 (ms) to 789.13671875 (ms), cudaEventElapsed = 47.465694427490234 (ms)
[RANK1] B @ 846.024169921875 (ms) to 887.047607421875 (ms), cudaEventElapsed = 40.98499298095703 (ms)
[RANK1] W @ 887.23828125 (ms) to 909.252685546875 (ms), cudaEventElapsed = 21.983232498168945 (ms)
[RANK1] F @ 909.5166015625 (ms) to 948.8193359375 (ms), cudaEventElapsed = 39.27043151855469 (ms)
[RANK1] B @ 980.41064453125 (ms) to 1023.180908203125 (ms), cudaEventElapsed = 42.733726501464844 (ms)
[RANK1] B @ 1024.81005859375 (ms) to 1068.536865234375 (ms), cudaEventElapsed = 43.691551208496094 (ms)
[RANK1] W @ 1068.73388671875 (ms) to 1092.03564453125 (ms), cudaEventElapsed = 23.26630401611328 (ms)
[RANK1] F @ 1092.303466796875 (ms) to 1131.563720703125 (ms), cudaEventElapsed = 39.2308464050293 (ms)
[RANK1] B @ 1156.90380859375 (ms) to 1198.58837890625 (ms), cudaEventElapsed = 41.651649475097656 (ms)
[RANK1] W @ 1198.8193359375 (ms) to 1222.22265625 (ms), cudaEventElapsed = 22.367231369018555 (ms)
[RANK1] F @ 1222.4873046875 (ms) to 1261.6513671875 (ms), cudaEventElapsed = 39.13507080078125 (ms)
[RANK1] B @ 1290.660888671875 (ms) to 1332.48193359375 (ms), cudaEventElapsed = 41.78134536743164 (ms)
[RANK1] W @ 1332.63916015625 (ms) to 1354.610107421875 (ms), cudaEventElapsed = 21.941247940063477 (ms)
[RANK1] W @ 1354.78955078125 (ms) to 1382.1806640625 (ms), cudaEventElapsed = 27.36025619506836 (ms)
[RANK1] B @ 1423.445556640625 (ms) to 1464.800048828125 (ms), cudaEventElapsed = 41.32249450683594 (ms)
[RANK1] W @ 1464.9609375 (ms) to 1487.5 (ms), cudaEventElapsed = 22.511615753173828 (ms)
[RANK1] W @ 1487.656494140625 (ms) to 1515.08642578125 (ms), cudaEventElapsed = 27.396095275878906 (ms)
[RANK1] B @ 1526.32666015625 (ms) to 1571.760498046875 (ms), cudaEventElapsed = 45.40399932861328 (ms)
[RANK1] 4W @ 1571.93310546875 (ms) to 1676.00341796875 (ms), cudaEventElapsed = 104.03942108154297 (ms)
[RANK1] Iteration 13
[RANK1] F @ 29.303466796875 (ms) to 61.2919921875 (ms), cudaEventElapsed = 31.951007843017578 (ms)
[RANK1] F @ 61.705322265625 (ms) to 96.232177734375 (ms), cudaEventElapsed = 34.49516677856445 (ms)
[RANK1] F @ 96.637451171875 (ms) to 134.1171875 (ms), cudaEventElapsed = 37.446495056152344 (ms)
[RANK1] F @ 134.439453125 (ms) to 171.0009765625 (ms), cudaEventElapsed = 36.52153778076172 (ms)
[RANK1] F @ 172.609619140625 (ms) to 208.394775390625 (ms), cudaEventElapsed = 35.75030517578125 (ms)
[RANK1] B @ 305.4248046875 (ms) to 346.4599609375 (ms), cudaEventElapsed = 40.984352111816406 (ms)
[RANK1] F @ 346.826171875 (ms) to 381.958740234375 (ms), cudaEventElapsed = 35.10163116455078 (ms)
[RANK1] B @ 423.970458984375 (ms) to 465.2626953125 (ms), cudaEventElapsed = 41.25584030151367 (ms)
[RANK1] F @ 466.63330078125 (ms) to 501.712890625 (ms), cudaEventElapsed = 35.03993606567383 (ms)
[RANK1] B @ 530.901123046875 (ms) to 572.7392578125 (ms), cudaEventElapsed = 41.796512603759766 (ms)
[RANK1] F @ 573.106201171875 (ms) to 608.837158203125 (ms), cudaEventElapsed = 35.70083236694336 (ms)
[RANK1] B @ 636.58251953125 (ms) to 678.17529296875 (ms), cudaEventElapsed = 41.55299377441406 (ms)
[RANK1] W @ 678.449462890625 (ms) to 701.296142578125 (ms), cudaEventElapsed = 22.67955207824707 (ms)
[RANK1] F @ 701.464111328125 (ms) to 740.739501953125 (ms), cudaEventElapsed = 39.24425506591797 (ms)
[RANK1] B @ 743.709228515625 (ms) to 790.94482421875 (ms), cudaEventElapsed = 47.201438903808594 (ms)
[RANK1] B @ 848.467041015625 (ms) to 889.662109375 (ms), cudaEventElapsed = 41.156673431396484 (ms)
[RANK1] W @ 889.858154296875 (ms) to 911.995849609375 (ms), cudaEventElapsed = 22.10201644897461 (ms)
[RANK1] F @ 912.260986328125 (ms) to 952.044921875 (ms), cudaEventElapsed = 39.753536224365234 (ms)
[RANK1] B @ 983.765625 (ms) to 1026.707275390625 (ms), cudaEventElapsed = 42.89897537231445 (ms)
[RANK1] B @ 1028.385009765625 (ms) to 1072.16845703125 (ms), cudaEventElapsed = 43.74844741821289 (ms)
[RANK1] W @ 1072.368896484375 (ms) to 1095.913818359375 (ms), cudaEventElapsed = 23.51308822631836 (ms)
[RANK1] F @ 1096.191650390625 (ms) to 1136.4580078125 (ms), cudaEventElapsed = 40.23468780517578 (ms)
[RANK1] B @ 1162.078857421875 (ms) to 1203.830078125 (ms), cudaEventElapsed = 41.71324920654297 (ms)
[RANK1] W @ 1204.09326171875 (ms) to 1227.57763671875 (ms), cudaEventElapsed = 22.408191680908203 (ms)
[RANK1] F @ 1227.896240234375 (ms) to 1266.472412109375 (ms), cudaEventElapsed = 38.54422378540039 (ms)
[RANK1] B @ 1295.415283203125 (ms) to 1337.011474609375 (ms), cudaEventElapsed = 41.56035232543945 (ms)
[RANK1] W @ 1337.197509765625 (ms) to 1359.1298828125 (ms), cudaEventElapsed = 21.899263381958008 (ms)
[RANK1] W @ 1359.317626953125 (ms) to 1386.668212890625 (ms), cudaEventElapsed = 27.32134437561035 (ms)
[RANK1] B @ 1427.490966796875 (ms) to 1468.9326171875 (ms), cudaEventElapsed = 41.41155242919922 (ms)
[RANK1] W @ 1469.103515625 (ms) to 1491.4638671875 (ms), cudaEventElapsed = 22.326271057128906 (ms)
[RANK1] W @ 1491.6201171875 (ms) to 1519.077392578125 (ms), cudaEventElapsed = 27.428863525390625 (ms)
[RANK1] B @ 1532.12060546875 (ms) to 1576.572265625 (ms), cudaEventElapsed = 44.42230224609375 (ms)
[RANK1] 4W @ 1576.732421875 (ms) to 1681.284912109375 (ms), cudaEventElapsed = 104.5186538696289 (ms)
[RANK1] Iteration 14
[RANK1] F @ 29.373291015625 (ms) to 61.383544921875 (ms), cudaEventElapsed = 31.97052764892578 (ms)
[RANK1] F @ 61.8017578125 (ms) to 96.234130859375 (ms), cudaEventElapsed = 34.39932632446289 (ms)
[RANK1] F @ 96.635986328125 (ms) to 133.666259765625 (ms), cudaEventElapsed = 36.998016357421875 (ms)
[RANK1] F @ 133.990966796875 (ms) to 170.994873046875 (ms), cudaEventElapsed = 36.97196960449219 (ms)
[RANK1] F @ 172.68310546875 (ms) to 209.05712890625 (ms), cudaEventElapsed = 36.33827209472656 (ms)
[RANK1] B @ 306.621337890625 (ms) to 347.763916015625 (ms), cudaEventElapsed = 41.094337463378906 (ms)
[RANK1] F @ 348.146240234375 (ms) to 383.520751953125 (ms), cudaEventElapsed = 35.34342575073242 (ms)
[RANK1] B @ 425.83251953125 (ms) to 467.0087890625 (ms), cudaEventElapsed = 41.14009475708008 (ms)
[RANK1] F @ 468.353759765625 (ms) to 503.62744140625 (ms), cudaEventElapsed = 35.23811340332031 (ms)
[RANK1] B @ 531.54296875 (ms) to 573.0986328125 (ms), cudaEventElapsed = 41.517120361328125 (ms)
[RANK1] F @ 573.462890625 (ms) to 609.395751953125 (ms), cudaEventElapsed = 35.90252685546875 (ms)
[RANK1] B @ 637.404541015625 (ms) to 678.931396484375 (ms), cudaEventElapsed = 41.49033737182617 (ms)
[RANK1] W @ 679.174560546875 (ms) to 702.169677734375 (ms), cudaEventElapsed = 22.83417510986328 (ms)
[RANK1] F @ 702.3271484375 (ms) to 741.1875 (ms), cudaEventElapsed = 38.832481384277344 (ms)
[RANK1] B @ 745.668212890625 (ms) to 791.859375 (ms), cudaEventElapsed = 46.15692901611328 (ms)
[RANK1] B @ 849.96826171875 (ms) to 890.854736328125 (ms), cudaEventElapsed = 40.851646423339844 (ms)
[RANK1] W @ 891.020751953125 (ms) to 912.0703125 (ms), cudaEventElapsed = 21.01862335205078 (ms)
[RANK1] F @ 912.340087890625 (ms) to 951.916259765625 (ms), cudaEventElapsed = 39.546016693115234 (ms)
[RANK1] B @ 985.648681640625 (ms) to 1028.27294921875 (ms), cudaEventElapsed = 42.59132766723633 (ms)
[RANK1] B @ 1029.99755859375 (ms) to 1074.0302734375 (ms), cudaEventElapsed = 44.0015983581543 (ms)
[RANK1] W @ 1074.193359375 (ms) to 1098.521484375 (ms), cudaEventElapsed = 24.2872314453125 (ms)
[RANK1] F @ 1098.781982421875 (ms) to 1137.801513671875 (ms), cudaEventElapsed = 38.99177551269531 (ms)
[RANK1] B @ 1164.369140625 (ms) to 1206.270263671875 (ms), cudaEventElapsed = 41.86723327636719 (ms)
[RANK1] W @ 1206.489990234375 (ms) to 1229.42578125 (ms), cudaEventElapsed = 21.908479690551758 (ms)
[RANK1] F @ 1229.697021484375 (ms) to 1269.35693359375 (ms), cudaEventElapsed = 39.63056182861328 (ms)
[RANK1] B @ 1296.6845703125 (ms) to 1338.27587890625 (ms), cudaEventElapsed = 41.556800842285156 (ms)
[RANK1] W @ 1338.436767578125 (ms) to 1361.37255859375 (ms), cudaEventElapsed = 22.90073585510254 (ms)
[RANK1] W @ 1361.52880859375 (ms) to 1388.7646484375 (ms), cudaEventElapsed = 27.198463439941406 (ms)
[RANK1] B @ 1429.760009765625 (ms) to 1470.917236328125 (ms), cudaEventElapsed = 41.127201080322266 (ms)
[RANK1] W @ 1471.067626953125 (ms) to 1492.54150390625 (ms), cudaEventElapsed = 21.44153594970703 (ms)
[RANK1] W @ 1492.689208984375 (ms) to 1520.31591796875 (ms), cudaEventElapsed = 27.597824096679688 (ms)
[RANK1] B @ 1533.81201171875 (ms) to 1578.445556640625 (ms), cudaEventElapsed = 44.59980773925781 (ms)
[RANK1] 4W @ 1578.6064453125 (ms) to 1683.697509765625 (ms), cudaEventElapsed = 105.05522918701172 (ms)
[RANK1] Iteration 15
[RANK1] F @ 29.14990234375 (ms) to 60.989990234375 (ms), cudaEventElapsed = 31.805824279785156 (ms)
[RANK1] F @ 61.379638671875 (ms) to 95.9296875 (ms), cudaEventElapsed = 34.51958465576172 (ms)
[RANK1] F @ 96.318359375 (ms) to 133.579833984375 (ms), cudaEventElapsed = 37.23078536987305 (ms)
[RANK1] F @ 133.890869140625 (ms) to 170.583740234375 (ms), cudaEventElapsed = 36.661407470703125 (ms)
[RANK1] F @ 172.056884765625 (ms) to 208.2685546875 (ms), cudaEventElapsed = 36.178558349609375 (ms)
[RANK1] B @ 302.416015625 (ms) to 343.618896484375 (ms), cudaEventElapsed = 41.15840148925781 (ms)
[RANK1] F @ 343.992431640625 (ms) to 379.4052734375 (ms), cudaEventElapsed = 35.38159942626953 (ms)
[RANK1] B @ 420.86962890625 (ms) to 462.048583984375 (ms), cudaEventElapsed = 41.14374542236328 (ms)
[RANK1] F @ 463.40185546875 (ms) to 498.752685546875 (ms), cudaEventElapsed = 35.318817138671875 (ms)
[RANK1] B @ 525.3994140625 (ms) to 567.156494140625 (ms), cudaEventElapsed = 41.72195053100586 (ms)
[RANK1] F @ 567.522216796875 (ms) to 603.27392578125 (ms), cudaEventElapsed = 35.72118377685547 (ms)
[RANK1] B @ 631.986328125 (ms) to 673.938720703125 (ms), cudaEventElapsed = 41.91574478149414 (ms)
[RANK1] W @ 674.1865234375 (ms) to 696.93408203125 (ms), cudaEventElapsed = 22.597631454467773 (ms)
[RANK1] F @ 697.0830078125 (ms) to 736.388671875 (ms), cudaEventElapsed = 39.277217864990234 (ms)
[RANK1] B @ 738.496337890625 (ms) to 786.095703125 (ms), cudaEventElapsed = 47.563167572021484 (ms)
[RANK1] B @ 842.334716796875 (ms) to 883.410888671875 (ms), cudaEventElapsed = 41.040321350097656 (ms)
[RANK1] W @ 883.572509765625 (ms) to 906.228515625 (ms), cudaEventElapsed = 22.621183395385742 (ms)
[RANK1] F @ 906.488525390625 (ms) to 946.354248046875 (ms), cudaEventElapsed = 39.83660888671875 (ms)
[RANK1] B @ 977.326904296875 (ms) to 1019.983642578125 (ms), cudaEventElapsed = 42.62348937988281 (ms)
[RANK1] B @ 1021.33642578125 (ms) to 1064.9697265625 (ms), cudaEventElapsed = 43.602046966552734 (ms)
[RANK1] W @ 1065.130126953125 (ms) to 1089.40869140625 (ms), cudaEventElapsed = 24.238079071044922 (ms)
[RANK1] F @ 1089.66064453125 (ms) to 1128.73779296875 (ms), cudaEventElapsed = 39.04889678955078 (ms)
[RANK1] B @ 1155.0576171875 (ms) to 1197.066650390625 (ms), cudaEventElapsed = 41.97635269165039 (ms)
[RANK1] W @ 1197.289794921875 (ms) to 1220.242431640625 (ms), cudaEventElapsed = 21.954559326171875 (ms)
[RANK1] F @ 1220.491943359375 (ms) to 1260.291748046875 (ms), cudaEventElapsed = 39.77155303955078 (ms)
[RANK1] B @ 1288.348388671875 (ms) to 1329.817626953125 (ms), cudaEventElapsed = 41.436607360839844 (ms)
[RANK1] W @ 1329.97802734375 (ms) to 1352.468994140625 (ms), cudaEventElapsed = 22.4583683013916 (ms)
[RANK1] W @ 1352.62548828125 (ms) to 1379.89697265625 (ms), cudaEventElapsed = 27.244543075561523 (ms)
[RANK1] B @ 1421.03076171875 (ms) to 1462.3017578125 (ms), cudaEventElapsed = 41.23942565917969 (ms)
[RANK1] W @ 1462.453369140625 (ms) to 1484.899169921875 (ms), cudaEventElapsed = 22.418432235717773 (ms)
[RANK1] W @ 1485.0478515625 (ms) to 1512.934326171875 (ms), cudaEventElapsed = 27.859968185424805 (ms)
[RANK1] B @ 1524.52685546875 (ms) to 1569.942626953125 (ms), cudaEventElapsed = 45.38713455200195 (ms)
[RANK1] 4W @ 1570.091064453125 (ms) to 1674.79443359375 (ms), cudaEventElapsed = 104.67430114746094 (ms)
[RANK1] Iteration 16
[RANK1] F @ 26.106201171875 (ms) to 56.196044921875 (ms), cudaEventElapsed = 30.05027198791504 (ms)
[RANK1] F @ 56.654296875 (ms) to 89.825927734375 (ms), cudaEventElapsed = 33.14051055908203 (ms)
[RANK1] F @ 90.1962890625 (ms) to 125.833984375 (ms), cudaEventElapsed = 35.6082878112793 (ms)
[RANK1] F @ 126.115966796875 (ms) to 161.318359375 (ms), cudaEventElapsed = 35.17174530029297 (ms)
[RANK1] F @ 162.818359375 (ms) to 197.7353515625 (ms), cudaEventElapsed = 34.8765754699707 (ms)
[RANK1] F @ 198.12158203125 (ms) to 232.77978515625 (ms), cudaEventElapsed = 34.62688064575195 (ms)
[RANK1] F @ 233.170166015625 (ms) to 267.986572265625 (ms), cudaEventElapsed = 34.782047271728516 (ms)
[RANK1] F @ 268.30712890625 (ms) to 302.7734375 (ms), cudaEventElapsed = 34.42598342895508 (ms)
[RANK1] F @ 304.386474609375 (ms) to 338.593017578125 (ms), cudaEventElapsed = 34.172447204589844 (ms)
[RANK1] F @ 340.193359375 (ms) to 374.05810546875 (ms), cudaEventElapsed = 33.83087921142578 (ms)
[RANK1] F @ 375.614990234375 (ms) to 410.419189453125 (ms), cudaEventElapsed = 34.771392822265625 (ms)
[RANK1] F @ 411.83935546875 (ms) to 447.1494140625 (ms), cudaEventElapsed = 35.277889251708984 (ms)
