[RANK3] Iteration 1
[RANK3] F @ 1119.939697265625 (ms) to 1708.72705078125 (ms), cudaEventElapsed = 588.6962280273438 (ms)
[RANK3] B @ 1708.959228515625 (ms) to 1753.242919921875 (ms), cudaEventElapsed = 44.235774993896484 (ms)
[RANK3] F @ 1756.958251953125 (ms) to 1787.2314453125 (ms), cudaEventElapsed = 30.225887298583984 (ms)
[RANK3] B @ 1787.3046875 (ms) to 1823.25537109375 (ms), cudaEventElapsed = 35.915775299072266 (ms)
[RANK3] F @ 1824.616455078125 (ms) to 1857.364013671875 (ms), cudaEventElapsed = 32.70832061767578 (ms)
[RANK3] B @ 1857.45458984375 (ms) to 1895.57275390625 (ms), cudaEventElapsed = 38.07436752319336 (ms)
[RANK3] F @ 1897.14599609375 (ms) to 1930.214599609375 (ms), cudaEventElapsed = 33.019935607910156 (ms)
[RANK3] B @ 1930.30908203125 (ms) to 1968.16259765625 (ms), cudaEventElapsed = 37.80607986450195 (ms)
[RANK3] F @ 1973.008544921875 (ms) to 2004.617431640625 (ms), cudaEventElapsed = 31.560768127441406 (ms)
[RANK3] B @ 2004.692138671875 (ms) to 2042.63525390625 (ms), cudaEventElapsed = 37.90438461303711 (ms)
[RANK3] F @ 2043.937255859375 (ms) to 2076.73291015625 (ms), cudaEventElapsed = 32.756385803222656 (ms)
[RANK3] B @ 2076.810546875 (ms) to 2115.195068359375 (ms), cudaEventElapsed = 38.34572982788086 (ms)
[RANK3] F @ 2116.41796875 (ms) to 2149.005859375 (ms), cudaEventElapsed = 32.548545837402344 (ms)
[RANK3] B @ 2149.077392578125 (ms) to 2187.8134765625 (ms), cudaEventElapsed = 38.69798278808594 (ms)
[RANK3] F @ 2188.16748046875 (ms) to 2220.118896484375 (ms), cudaEventElapsed = 31.915359497070312 (ms)
[RANK3] B @ 2220.30517578125 (ms) to 2259.70361328125 (ms), cudaEventElapsed = 39.36460876464844 (ms)
[RANK3] W @ 2259.8984375 (ms) to 2291.306640625 (ms), cudaEventElapsed = 17.84422492980957 (ms)
[RANK3] F @ 2291.4951171875 (ms) to 2322.025390625 (ms), cudaEventElapsed = 30.495040893554688 (ms)
[RANK3] B @ 2322.096923828125 (ms) to 2360.16162109375 (ms), cudaEventElapsed = 38.028289794921875 (ms)
[RANK3] W @ 2360.405517578125 (ms) to 2381.546630859375 (ms), cudaEventElapsed = 20.05504035949707 (ms)
[RANK3] F @ 2417.573974609375 (ms) to 2447.9072265625 (ms), cudaEventElapsed = 30.292512893676758 (ms)
[RANK3] B @ 2447.973388671875 (ms) to 2484.78515625 (ms), cudaEventElapsed = 36.775936126708984 (ms)
[RANK3] W @ 2485.05419921875 (ms) to 2506.08349609375 (ms), cudaEventElapsed = 19.992576599121094 (ms)
[RANK3] F @ 2519.421630859375 (ms) to 2550.059326171875 (ms), cudaEventElapsed = 30.601472854614258 (ms)
[RANK3] B @ 2550.119384765625 (ms) to 2587.57275390625 (ms), cudaEventElapsed = 37.42310333251953 (ms)
[RANK3] W @ 2587.802978515625 (ms) to 2609.1416015625 (ms), cudaEventElapsed = 20.288511276245117 (ms)
[RANK3] F @ 2621.07470703125 (ms) to 2651.79833984375 (ms), cudaEventElapsed = 30.68623924255371 (ms)
[RANK3] B @ 2651.877197265625 (ms) to 2689.39794921875 (ms), cudaEventElapsed = 37.48659133911133 (ms)
[RANK3] 8W @ 2689.5791015625 (ms) to 2853.553955078125 (ms), cudaEventElapsed = 163.9352264404297 (ms)
[RANK3] Iteration 2
[RANK3] F @ 99.1025390625 (ms) to 129.730712890625 (ms), cudaEventElapsed = 30.559423446655273 (ms)
[RANK3] B @ 130.0107421875 (ms) to 175.581298828125 (ms), cudaEventElapsed = 36.393985748291016 (ms)
[RANK3] F @ 176.591552734375 (ms) to 207.69873046875 (ms), cudaEventElapsed = 31.06435203552246 (ms)
[RANK3] B @ 207.79736328125 (ms) to 245.260009765625 (ms), cudaEventElapsed = 37.431297302246094 (ms)
[RANK3] F @ 246.663330078125 (ms) to 278.373291015625 (ms), cudaEventElapsed = 31.674943923950195 (ms)
[RANK3] B @ 278.496826171875 (ms) to 317.0234375 (ms), cudaEventElapsed = 38.4901123046875 (ms)
[RANK3] F @ 318.467529296875 (ms) to 351.273193359375 (ms), cudaEventElapsed = 32.77084732055664 (ms)
[RANK3] B @ 351.3876953125 (ms) to 389.5576171875 (ms), cudaEventElapsed = 38.13478469848633 (ms)
[RANK3] F @ 390.992431640625 (ms) to 423.865478515625 (ms), cudaEventElapsed = 32.83808135986328 (ms)
[RANK3] B @ 423.965087890625 (ms) to 461.972900390625 (ms), cudaEventElapsed = 37.967872619628906 (ms)
[RANK3] F @ 463.426513671875 (ms) to 496.009521484375 (ms), cudaEventElapsed = 32.5489616394043 (ms)
[RANK3] B @ 496.09912109375 (ms) to 533.9384765625 (ms), cudaEventElapsed = 37.808128356933594 (ms)
[RANK3] F @ 535.309326171875 (ms) to 568.060546875 (ms), cudaEventElapsed = 32.71779251098633 (ms)
[RANK3] B @ 568.15283203125 (ms) to 605.67529296875 (ms), cudaEventElapsed = 37.49068832397461 (ms)
[RANK3] F @ 606.006103515625 (ms) to 637.381103515625 (ms), cudaEventElapsed = 31.341535568237305 (ms)
[RANK3] B @ 637.603759765625 (ms) to 676.943359375 (ms), cudaEventElapsed = 39.30828857421875 (ms)
[RANK3] W @ 677.1259765625 (ms) to 702.21923828125 (ms), cudaEventElapsed = 19.110912322998047 (ms)
[RANK3] F @ 702.3876953125 (ms) to 733.93701171875 (ms), cudaEventElapsed = 31.518400192260742 (ms)
[RANK3] B @ 734.014892578125 (ms) to 772.330810546875 (ms), cudaEventElapsed = 38.28428649902344 (ms)
[RANK3] W @ 772.57568359375 (ms) to 793.518310546875 (ms), cudaEventElapsed = 19.89836883544922 (ms)
[RANK3] F @ 827.26123046875 (ms) to 857.361083984375 (ms), cudaEventElapsed = 30.0598087310791 (ms)
[RANK3] B @ 857.446044921875 (ms) to 894.282958984375 (ms), cudaEventElapsed = 36.803585052490234 (ms)
[RANK3] W @ 894.568115234375 (ms) to 915.484375 (ms), cudaEventElapsed = 19.83590316772461 (ms)
[RANK3] F @ 929.572265625 (ms) to 960.31298828125 (ms), cudaEventElapsed = 30.70403289794922 (ms)
[RANK3] B @ 960.396240234375 (ms) to 998.22314453125 (ms), cudaEventElapsed = 37.7968635559082 (ms)
[RANK3] W @ 998.471923828125 (ms) to 1019.902099609375 (ms), cudaEventElapsed = 20.388864517211914 (ms)
[RANK3] F @ 1035.28173828125 (ms) to 1065.94873046875 (ms), cudaEventElapsed = 30.62700843811035 (ms)
[RANK3] B @ 1066.02685546875 (ms) to 1103.299560546875 (ms), cudaEventElapsed = 37.24185562133789 (ms)
[RANK3] 8W @ 1103.5009765625 (ms) to 1267.003662109375 (ms), cudaEventElapsed = 163.46112060546875 (ms)
[RANK3] Iteration 3
[RANK3] F @ 98.148681640625 (ms) to 128.66064453125 (ms), cudaEventElapsed = 30.4616641998291 (ms)
[RANK3] B @ 128.8876953125 (ms) to 174.951171875 (ms), cudaEventElapsed = 36.924415588378906 (ms)
[RANK3] F @ 175.664794921875 (ms) to 207.167724609375 (ms), cudaEventElapsed = 31.463552474975586 (ms)
[RANK3] B @ 207.255859375 (ms) to 245.32421875 (ms), cudaEventElapsed = 38.03750228881836 (ms)
[RANK3] F @ 246.662353515625 (ms) to 278.6025390625 (ms), cudaEventElapsed = 31.907520294189453 (ms)
[RANK3] B @ 278.7001953125 (ms) to 316.41650390625 (ms), cudaEventElapsed = 37.68217468261719 (ms)
[RANK3] F @ 317.827392578125 (ms) to 350.264404296875 (ms), cudaEventElapsed = 32.40208053588867 (ms)
[RANK3] B @ 350.373046875 (ms) to 388.59814453125 (ms), cudaEventElapsed = 38.189056396484375 (ms)
[RANK3] F @ 390.088623046875 (ms) to 422.672607421875 (ms), cudaEventElapsed = 32.551422119140625 (ms)
[RANK3] B @ 422.755859375 (ms) to 460.724853515625 (ms), cudaEventElapsed = 37.93305587768555 (ms)
[RANK3] F @ 462.2001953125 (ms) to 494.58154296875 (ms), cudaEventElapsed = 32.3487663269043 (ms)
[RANK3] B @ 494.6708984375 (ms) to 532.257568359375 (ms), cudaEventElapsed = 37.555198669433594 (ms)
[RANK3] F @ 533.72998046875 (ms) to 566.2060546875 (ms), cudaEventElapsed = 32.44287872314453 (ms)
[RANK3] B @ 566.292724609375 (ms) to 604.029541015625 (ms), cudaEventElapsed = 37.70675277709961 (ms)
[RANK3] F @ 604.333251953125 (ms) to 635.977783203125 (ms), cudaEventElapsed = 31.613216400146484 (ms)
[RANK3] B @ 636.19091796875 (ms) to 675.794921875 (ms), cudaEventElapsed = 39.568382263183594 (ms)
[RANK3] W @ 675.9921875 (ms) to 699.525634765625 (ms), cudaEventElapsed = 19.464191436767578 (ms)
[RANK3] F @ 699.683349609375 (ms) to 731.39208984375 (ms), cudaEventElapsed = 31.67964744567871 (ms)
[RANK3] B @ 731.4716796875 (ms) to 770.005615234375 (ms), cudaEventElapsed = 38.505470275878906 (ms)
[RANK3] W @ 770.255126953125 (ms) to 791.498291015625 (ms), cudaEventElapsed = 20.149248123168945 (ms)
[RANK3] F @ 824.3837890625 (ms) to 854.444580078125 (ms), cudaEventElapsed = 30.013439178466797 (ms)
[RANK3] B @ 854.52490234375 (ms) to 891.351318359375 (ms), cudaEventElapsed = 36.796417236328125 (ms)
[RANK3] W @ 891.618408203125 (ms) to 912.58349609375 (ms), cudaEventElapsed = 19.84716796875 (ms)
[RANK3] F @ 926.4345703125 (ms) to 957.135009765625 (ms), cudaEventElapsed = 30.663904190063477 (ms)
[RANK3] B @ 957.210693359375 (ms) to 994.960693359375 (ms), cudaEventElapsed = 37.720062255859375 (ms)
[RANK3] W @ 995.212158203125 (ms) to 1016.715576171875 (ms), cudaEventElapsed = 20.39910316467285 (ms)
[RANK3] F @ 1032.2236328125 (ms) to 1062.578125 (ms), cudaEventElapsed = 30.320608139038086 (ms)
[RANK3] B @ 1062.653564453125 (ms) to 1100.098388671875 (ms), cudaEventElapsed = 37.41593551635742 (ms)
[RANK3] 8W @ 1100.28173828125 (ms) to 1264.8134765625 (ms), cudaEventElapsed = 164.49740600585938 (ms)
[RANK3] Iteration 4
[RANK3] F @ 97.998779296875 (ms) to 128.612548828125 (ms), cudaEventElapsed = 30.56857681274414 (ms)
[RANK3] B @ 128.822265625 (ms) to 173.66162109375 (ms), cudaEventElapsed = 35.966976165771484 (ms)
[RANK3] F @ 174.898681640625 (ms) to 205.655029296875 (ms), cudaEventElapsed = 30.720640182495117 (ms)
[RANK3] B @ 205.739013671875 (ms) to 244.592529296875 (ms), cudaEventElapsed = 38.82291030883789 (ms)
[RANK3] F @ 246.003662109375 (ms) to 278.655517578125 (ms), cudaEventElapsed = 32.61964797973633 (ms)
[RANK3] B @ 278.74755859375 (ms) to 316.438232421875 (ms), cudaEventElapsed = 37.65964889526367 (ms)
[RANK3] F @ 317.8818359375 (ms) to 349.812744140625 (ms), cudaEventElapsed = 31.897024154663086 (ms)
[RANK3] B @ 349.90966796875 (ms) to 388.01904296875 (ms), cudaEventElapsed = 38.07436752319336 (ms)
[RANK3] F @ 389.432861328125 (ms) to 422.5048828125 (ms), cudaEventElapsed = 33.03606414794922 (ms)
[RANK3] B @ 422.59423828125 (ms) to 460.71630859375 (ms), cudaEventElapsed = 38.08972930908203 (ms)
[RANK3] F @ 462.09423828125 (ms) to 494.9853515625 (ms), cudaEventElapsed = 32.8579216003418 (ms)
[RANK3] B @ 495.072998046875 (ms) to 533.09033203125 (ms), cudaEventElapsed = 37.986305236816406 (ms)
[RANK3] F @ 534.52880859375 (ms) to 567.123046875 (ms), cudaEventElapsed = 32.56047821044922 (ms)
[RANK3] B @ 567.21923828125 (ms) to 605.533935546875 (ms), cudaEventElapsed = 38.28121566772461 (ms)
[RANK3] F @ 605.821533203125 (ms) to 638.012451171875 (ms), cudaEventElapsed = 32.160831451416016 (ms)
[RANK3] B @ 638.23681640625 (ms) to 677.44580078125 (ms), cudaEventElapsed = 39.175167083740234 (ms)
[RANK3] W @ 677.63427734375 (ms) to 697.75439453125 (ms), cudaEventElapsed = 19.67206382751465 (ms)
[RANK3] F @ 697.904296875 (ms) to 729.608154296875 (ms), cudaEventElapsed = 31.67487907409668 (ms)
[RANK3] B @ 729.684326171875 (ms) to 768.095458984375 (ms), cudaEventElapsed = 38.38054275512695 (ms)
[RANK3] W @ 768.332763671875 (ms) to 789.658203125 (ms), cudaEventElapsed = 20.2291202545166 (ms)
[RANK3] F @ 822.672607421875 (ms) to 852.74072265625 (ms), cudaEventElapsed = 30.02387237548828 (ms)
[RANK3] B @ 852.822998046875 (ms) to 889.80908203125 (ms), cudaEventElapsed = 36.95616149902344 (ms)
[RANK3] W @ 890.064697265625 (ms) to 911.2216796875 (ms), cudaEventElapsed = 20.008960723876953 (ms)
[RANK3] F @ 926.63427734375 (ms) to 957.316650390625 (ms), cudaEventElapsed = 30.647104263305664 (ms)
[RANK3] B @ 957.396484375 (ms) to 995.256591796875 (ms), cudaEventElapsed = 37.82451248168945 (ms)
[RANK3] W @ 995.536865234375 (ms) to 1017.172607421875 (ms), cudaEventElapsed = 20.4902400970459 (ms)
[RANK3] F @ 1030.7919921875 (ms) to 1061.3671875 (ms), cudaEventElapsed = 30.538175582885742 (ms)
[RANK3] B @ 1061.45166015625 (ms) to 1098.656494140625 (ms), cudaEventElapsed = 37.173248291015625 (ms)
[RANK3] 8W @ 1098.8359375 (ms) to 1263.33740234375 (ms), cudaEventElapsed = 164.46566772460938 (ms)
[RANK3] Iteration 5
[RANK3] F @ 98.047119140625 (ms) to 128.7705078125 (ms), cudaEventElapsed = 30.67308807373047 (ms)
[RANK3] B @ 128.995849609375 (ms) to 174.442138671875 (ms), cudaEventElapsed = 36.23833465576172 (ms)
[RANK3] F @ 174.8125 (ms) to 207.019287109375 (ms), cudaEventElapsed = 32.17116928100586 (ms)
[RANK3] B @ 207.10498046875 (ms) to 246.016357421875 (ms), cudaEventElapsed = 38.87923049926758 (ms)
[RANK3] F @ 247.4306640625 (ms) to 280.9365234375 (ms), cudaEventElapsed = 33.47123336791992 (ms)
[RANK3] B @ 281.029296875 (ms) to 319.860595703125 (ms), cudaEventElapsed = 38.800384521484375 (ms)
[RANK3] F @ 321.352783203125 (ms) to 355.55859375 (ms), cudaEventElapsed = 34.16566467285156 (ms)
[RANK3] B @ 355.6640625 (ms) to 394.103271484375 (ms), cudaEventElapsed = 38.405120849609375 (ms)
[RANK3] F @ 395.56787109375 (ms) to 429.29833984375 (ms), cudaEventElapsed = 33.69740676879883 (ms)
[RANK3] B @ 429.39599609375 (ms) to 467.949462890625 (ms), cudaEventElapsed = 38.52083206176758 (ms)
[RANK3] F @ 469.500244140625 (ms) to 503.775146484375 (ms), cudaEventElapsed = 34.23948669433594 (ms)
[RANK3] B @ 503.86572265625 (ms) to 542.3125 (ms), cudaEventElapsed = 38.414337158203125 (ms)
[RANK3] F @ 543.85986328125 (ms) to 577.824462890625 (ms), cudaEventElapsed = 33.92940902709961 (ms)
[RANK3] B @ 577.9130859375 (ms) to 616.8603515625 (ms), cudaEventElapsed = 38.91507339477539 (ms)
[RANK3] F @ 617.17431640625 (ms) to 650.75439453125 (ms), cudaEventElapsed = 33.54947280883789 (ms)
[RANK3] B @ 650.972900390625 (ms) to 690.98583984375 (ms), cudaEventElapsed = 39.982078552246094 (ms)
[RANK3] W @ 691.166259765625 (ms) to 719.096923828125 (ms), cudaEventElapsed = 19.134464263916016 (ms)
[RANK3] F @ 719.25390625 (ms) to 753.34326171875 (ms), cudaEventElapsed = 34.05923080444336 (ms)
[RANK3] B @ 753.431640625 (ms) to 792.296875 (ms), cudaEventElapsed = 38.83417510986328 (ms)
[RANK3] W @ 792.5546875 (ms) to 814.921875 (ms), cudaEventElapsed = 21.172224044799805 (ms)
[RANK3] F @ 856.260009765625 (ms) to 886.619140625 (ms), cudaEventElapsed = 30.320959091186523 (ms)
[RANK3] B @ 886.706298828125 (ms) to 923.907470703125 (ms), cudaEventElapsed = 37.1701774597168 (ms)
[RANK3] W @ 924.171142578125 (ms) to 947.7509765625 (ms), cudaEventElapsed = 22.382591247558594 (ms)
[RANK3] F @ 977.154296875 (ms) to 1008.15283203125 (ms), cudaEventElapsed = 30.962207794189453 (ms)
[RANK3] B @ 1008.2373046875 (ms) to 1046.3857421875 (ms), cudaEventElapsed = 38.11328125 (ms)
[RANK3] W @ 1046.65673828125 (ms) to 1069.703125 (ms), cudaEventElapsed = 21.84396743774414 (ms)
[RANK3] F @ 1089.138427734375 (ms) to 1120.23486328125 (ms), cudaEventElapsed = 31.060096740722656 (ms)
[RANK3] B @ 1120.314453125 (ms) to 1158.5234375 (ms), cudaEventElapsed = 38.177791595458984 (ms)
[RANK3] 8W @ 1158.716552734375 (ms) to 1348.60791015625 (ms), cudaEventElapsed = 189.85472106933594 (ms)
[RANK3] Iteration 6
[RANK3] F @ 97.83056640625 (ms) to 128.466552734375 (ms), cudaEventElapsed = 30.584768295288086 (ms)
[RANK3] B @ 128.702880859375 (ms) to 174.989501953125 (ms), cudaEventElapsed = 37.0882568359375 (ms)
[RANK3] F @ 175.4189453125 (ms) to 208.765380859375 (ms), cudaEventElapsed = 33.30742263793945 (ms)
[RANK3] B @ 208.85986328125 (ms) to 247.93701171875 (ms), cudaEventElapsed = 39.04512023925781 (ms)
[RANK3] F @ 249.361083984375 (ms) to 283.36376953125 (ms), cudaEventElapsed = 33.96870422363281 (ms)
[RANK3] B @ 283.47607421875 (ms) to 322.168212890625 (ms), cudaEventElapsed = 38.65599822998047 (ms)
[RANK3] F @ 323.60888671875 (ms) to 357.31640625 (ms), cudaEventElapsed = 33.67407989501953 (ms)
[RANK3] B @ 357.412841796875 (ms) to 396.128173828125 (ms), cudaEventElapsed = 38.68057632446289 (ms)
[RANK3] F @ 397.597412109375 (ms) to 431.781494140625 (ms), cudaEventElapsed = 34.151039123535156 (ms)
[RANK3] B @ 431.868896484375 (ms) to 470.65478515625 (ms), cudaEventElapsed = 38.75328063964844 (ms)
[RANK3] F @ 472.365966796875 (ms) to 506.549072265625 (ms), cudaEventElapsed = 34.14944076538086 (ms)
[RANK3] B @ 506.637939453125 (ms) to 544.81591796875 (ms), cudaEventElapsed = 38.142974853515625 (ms)
[RANK3] F @ 546.28759765625 (ms) to 579.96875 (ms), cudaEventElapsed = 33.64691162109375 (ms)
[RANK3] B @ 580.05615234375 (ms) to 619.1513671875 (ms), cudaEventElapsed = 39.06355285644531 (ms)
[RANK3] F @ 619.4697265625 (ms) to 652.962890625 (ms), cudaEventElapsed = 33.461822509765625 (ms)
[RANK3] B @ 653.170166015625 (ms) to 693.44140625 (ms), cudaEventElapsed = 40.24012756347656 (ms)
[RANK3] W @ 693.62890625 (ms) to 722.186279296875 (ms), cudaEventElapsed = 20.24345588684082 (ms)
[RANK3] F @ 722.35888671875 (ms) to 755.562255859375 (ms), cudaEventElapsed = 33.17145538330078 (ms)
[RANK3] B @ 755.650390625 (ms) to 794.7119140625 (ms), cudaEventElapsed = 39.030784606933594 (ms)
[RANK3] W @ 794.949951171875 (ms) to 818.01806640625 (ms), cudaEventElapsed = 21.971967697143555 (ms)
[RANK3] F @ 856.95947265625 (ms) to 887.09033203125 (ms), cudaEventElapsed = 30.094240188598633 (ms)
[RANK3] B @ 887.173828125 (ms) to 924.290283203125 (ms), cudaEventElapsed = 37.08620834350586 (ms)
[RANK3] W @ 924.542236328125 (ms) to 947.2451171875 (ms), cudaEventElapsed = 21.48966407775879 (ms)
[RANK3] F @ 978.80908203125 (ms) to 1010.404052734375 (ms), cudaEventElapsed = 31.55708885192871 (ms)
[RANK3] B @ 1010.493896484375 (ms) to 1048.92041015625 (ms), cudaEventElapsed = 38.39487838745117 (ms)
[RANK3] W @ 1049.168701171875 (ms) to 1072.000732421875 (ms), cudaEventElapsed = 21.742591857910156 (ms)
[RANK3] F @ 1089.88916015625 (ms) to 1121.699462890625 (ms), cudaEventElapsed = 31.77689552307129 (ms)
[RANK3] B @ 1121.7802734375 (ms) to 1159.941650390625 (ms), cudaEventElapsed = 38.1317138671875 (ms)
[RANK3] 8W @ 1160.1220703125 (ms) to 1350.829345703125 (ms), cudaEventElapsed = 190.671875 (ms)
[RANK3] Iteration 7
[RANK3] F @ 97.79248046875 (ms) to 128.493408203125 (ms), cudaEventElapsed = 30.656160354614258 (ms)
[RANK3] B @ 128.7060546875 (ms) to 174.564208984375 (ms), cudaEventElapsed = 36.07449722290039 (ms)
[RANK3] F @ 175.3369140625 (ms) to 207.545654296875 (ms), cudaEventElapsed = 32.16940689086914 (ms)
[RANK3] B @ 207.63720703125 (ms) to 246.56884765625 (ms), cudaEventElapsed = 38.89868927001953 (ms)
[RANK3] F @ 247.966552734375 (ms) to 281.828369140625 (ms), cudaEventElapsed = 33.828033447265625 (ms)
[RANK3] B @ 281.917724609375 (ms) to 321.2060546875 (ms), cudaEventElapsed = 39.25299072265625 (ms)
[RANK3] F @ 322.6923828125 (ms) to 356.91845703125 (ms), cudaEventElapsed = 34.192256927490234 (ms)
[RANK3] B @ 357.009765625 (ms) to 395.44775390625 (ms), cudaEventElapsed = 38.40409469604492 (ms)
[RANK3] F @ 396.901123046875 (ms) to 430.616943359375 (ms), cudaEventElapsed = 33.68252944946289 (ms)
[RANK3] B @ 430.699462890625 (ms) to 469.35595703125 (ms), cudaEventElapsed = 38.62527847290039 (ms)
[RANK3] F @ 470.90380859375 (ms) to 505.1796875 (ms), cudaEventElapsed = 34.24201583862305 (ms)
[RANK3] B @ 505.273681640625 (ms) to 544.202392578125 (ms), cudaEventElapsed = 38.89766311645508 (ms)
[RANK3] F @ 545.73291015625 (ms) to 580.093505859375 (ms), cudaEventElapsed = 34.32707214355469 (ms)
[RANK3] B @ 580.185546875 (ms) to 619.219482421875 (ms), cudaEventElapsed = 38.99187088012695 (ms)
[RANK3] F @ 619.524169921875 (ms) to 652.899658203125 (ms), cudaEventElapsed = 33.34486389160156 (ms)
[RANK3] B @ 653.117919921875 (ms) to 693.45166015625 (ms), cudaEventElapsed = 40.30259323120117 (ms)
[RANK3] W @ 693.6328125 (ms) to 721.90625 (ms), cudaEventElapsed = 19.29523277282715 (ms)
[RANK3] F @ 722.06884765625 (ms) to 757.0576171875 (ms), cudaEventElapsed = 34.957664489746094 (ms)
[RANK3] B @ 757.13720703125 (ms) to 796.35888671875 (ms), cudaEventElapsed = 39.190528869628906 (ms)
[RANK3] W @ 796.619384765625 (ms) to 819.2265625 (ms), cudaEventElapsed = 21.419008255004883 (ms)
[RANK3] F @ 858.635498046875 (ms) to 889.20458984375 (ms), cudaEventElapsed = 30.52707290649414 (ms)
[RANK3] B @ 889.28857421875 (ms) to 926.5791015625 (ms), cudaEventElapsed = 37.25823974609375 (ms)
[RANK3] W @ 926.834228515625 (ms) to 950.086669921875 (ms), cudaEventElapsed = 22.028287887573242 (ms)
[RANK3] F @ 978.565673828125 (ms) to 1009.6123046875 (ms), cudaEventElapsed = 31.005760192871094 (ms)
[RANK3] B @ 1009.694580078125 (ms) to 1047.42431640625 (ms), cudaEventElapsed = 37.69753646850586 (ms)
[RANK3] W @ 1047.677001953125 (ms) to 1070.6630859375 (ms), cudaEventElapsed = 21.754880905151367 (ms)
[RANK3] F @ 1090.4892578125 (ms) to 1121.8623046875 (ms), cudaEventElapsed = 31.335935592651367 (ms)
[RANK3] B @ 1121.9443359375 (ms) to 1160.451904296875 (ms), cudaEventElapsed = 38.47577667236328 (ms)
[RANK3] 8W @ 1160.637939453125 (ms) to 1352.482421875 (ms), cudaEventElapsed = 191.80645751953125 (ms)
[RANK3] Iteration 8
[RANK3] F @ 98.146484375 (ms) to 128.84521484375 (ms), cudaEventElapsed = 30.655040740966797 (ms)
[RANK3] B @ 129.052978515625 (ms) to 175.06787109375 (ms), cudaEventElapsed = 36.552703857421875 (ms)
[RANK3] F @ 176.39501953125 (ms) to 209.736572265625 (ms), cudaEventElapsed = 33.308128356933594 (ms)
[RANK3] B @ 209.8212890625 (ms) to 248.188720703125 (ms), cudaEventElapsed = 38.3375358581543 (ms)
[RANK3] F @ 249.580810546875 (ms) to 282.82666015625 (ms), cudaEventElapsed = 33.21241760253906 (ms)
[RANK3] B @ 282.91796875 (ms) to 321.895751953125 (ms), cudaEventElapsed = 38.94579315185547 (ms)
[RANK3] F @ 323.37255859375 (ms) to 357.327880859375 (ms), cudaEventElapsed = 33.91984176635742 (ms)
[RANK3] B @ 357.4296875 (ms) to 396.148681640625 (ms), cudaEventElapsed = 38.68467330932617 (ms)
[RANK3] F @ 397.63232421875 (ms) to 431.949951171875 (ms), cudaEventElapsed = 34.2850227355957 (ms)
[RANK3] B @ 432.03466796875 (ms) to 470.921142578125 (ms), cudaEventElapsed = 38.853633880615234 (ms)
[RANK3] F @ 472.488037109375 (ms) to 507.07568359375 (ms), cudaEventElapsed = 34.55424118041992 (ms)
[RANK3] B @ 507.161865234375 (ms) to 545.623779296875 (ms), cudaEventElapsed = 38.43174362182617 (ms)
[RANK3] F @ 547.148681640625 (ms) to 580.932373046875 (ms), cudaEventElapsed = 33.7501106262207 (ms)
[RANK3] B @ 581.01953125 (ms) to 619.788818359375 (ms), cudaEventElapsed = 38.737918853759766 (ms)
[RANK3] F @ 620.10498046875 (ms) to 653.708984375 (ms), cudaEventElapsed = 33.56582260131836 (ms)
[RANK3] B @ 653.923583984375 (ms) to 694.806640625 (ms), cudaEventElapsed = 40.850433349609375 (ms)
[RANK3] W @ 695.0029296875 (ms) to 724.620361328125 (ms), cudaEventElapsed = 20.418560028076172 (ms)
[RANK3] F @ 724.774169921875 (ms) to 757.949462890625 (ms), cudaEventElapsed = 33.14476776123047 (ms)
[RANK3] B @ 758.03271484375 (ms) to 796.9677734375 (ms), cudaEventElapsed = 38.90278244018555 (ms)
[RANK3] W @ 797.2080078125 (ms) to 820.411376953125 (ms), cudaEventElapsed = 22.02521514892578 (ms)
[RANK3] F @ 860.525390625 (ms) to 890.66796875 (ms), cudaEventElapsed = 30.104223251342773 (ms)
[RANK3] B @ 890.7490234375 (ms) to 928.179443359375 (ms), cudaEventElapsed = 37.400577545166016 (ms)
[RANK3] W @ 928.456787109375 (ms) to 951.4208984375 (ms), cudaEventElapsed = 21.750783920288086 (ms)
[RANK3] F @ 979.572021484375 (ms) to 1011.883056640625 (ms), cudaEventElapsed = 32.27289581298828 (ms)
[RANK3] B @ 1011.96533203125 (ms) to 1050.403076171875 (ms), cudaEventElapsed = 38.405120849609375 (ms)
[RANK3] W @ 1050.66162109375 (ms) to 1073.61669921875 (ms), cudaEventElapsed = 21.785600662231445 (ms)
[RANK3] F @ 1090.321044921875 (ms) to 1122.238037109375 (ms), cudaEventElapsed = 31.87238311767578 (ms)
[RANK3] B @ 1122.32861328125 (ms) to 1160.611083984375 (ms), cudaEventElapsed = 38.249473571777344 (ms)
[RANK3] 8W @ 1160.799072265625 (ms) to 1353.8232421875 (ms), cudaEventElapsed = 192.9871368408203 (ms)
[RANK3] Iteration 9
[RANK3] F @ 124.3515625 (ms) to 155.1650390625 (ms), cudaEventElapsed = 30.765823364257812 (ms)
[RANK3] B @ 155.392578125 (ms) to 217.582763671875 (ms), cudaEventElapsed = 35.78675079345703 (ms)
[RANK3] F @ 238.515625 (ms) to 269.162353515625 (ms), cudaEventElapsed = 30.60755157470703 (ms)
[RANK3] B @ 269.247802734375 (ms) to 307.22998046875 (ms), cudaEventElapsed = 37.952510833740234 (ms)
[RANK3] F @ 308.55126953125 (ms) to 342.952392578125 (ms), cudaEventElapsed = 34.36812973022461 (ms)
[RANK3] B @ 343.04638671875 (ms) to 382.076416015625 (ms), cudaEventElapsed = 38.99699020385742 (ms)
[RANK3] F @ 383.6162109375 (ms) to 418.256591796875 (ms), cudaEventElapsed = 34.6049919128418 (ms)
[RANK3] B @ 418.348876953125 (ms) to 457.855712890625 (ms), cudaEventElapsed = 39.47315216064453 (ms)
[RANK3] F @ 459.406982421875 (ms) to 493.289794921875 (ms), cudaEventElapsed = 33.835968017578125 (ms)
[RANK3] B @ 493.379150390625 (ms) to 533.09619140625 (ms), cudaEventElapsed = 39.68511962890625 (ms)
[RANK3] F @ 561.334716796875 (ms) to 592.446533203125 (ms), cudaEventElapsed = 31.069664001464844 (ms)
[RANK3] B @ 592.541259765625 (ms) to 631.367431640625 (ms), cudaEventElapsed = 38.79423904418945 (ms)
[RANK3] F @ 666.743408203125 (ms) to 697.40966796875 (ms), cudaEventElapsed = 30.62303924560547 (ms)
[RANK3] B @ 697.50732421875 (ms) to 735.320556640625 (ms), cudaEventElapsed = 37.7815055847168 (ms)
[RANK3] F @ 770.630126953125 (ms) to 800.639404296875 (ms), cudaEventElapsed = 29.968448638916016 (ms)
[RANK3] B @ 800.84326171875 (ms) to 839.381591796875 (ms), cudaEventElapsed = 38.50035095214844 (ms)
[RANK3] W @ 839.57470703125 (ms) to 920.027099609375 (ms), cudaEventElapsed = 17.41619110107422 (ms)
[RANK3] F @ 920.213134765625 (ms) to 953.235595703125 (ms), cudaEventElapsed = 32.988929748535156 (ms)
[RANK3] B @ 953.319091796875 (ms) to 992.623779296875 (ms), cudaEventElapsed = 39.2724494934082 (ms)
[RANK3] W @ 992.890625 (ms) to 1015.97314453125 (ms), cudaEventElapsed = 21.87775993347168 (ms)
[RANK3] F @ 1082.216552734375 (ms) to 1112.4267578125 (ms), cudaEventElapsed = 30.169567108154297 (ms)
[RANK3] B @ 1112.514404296875 (ms) to 1150.17626953125 (ms), cudaEventElapsed = 37.628929138183594 (ms)
[RANK3] W @ 1150.44189453125 (ms) to 1173.80517578125 (ms), cudaEventElapsed = 22.182912826538086 (ms)
[RANK3] F @ 1215.059814453125 (ms) to 1245.2685546875 (ms), cudaEventElapsed = 30.170368194580078 (ms)
[RANK3] B @ 1245.3544921875 (ms) to 1282.9677734375 (ms), cudaEventElapsed = 37.582847595214844 (ms)
[RANK3] W @ 1283.207763671875 (ms) to 1306.313720703125 (ms), cudaEventElapsed = 21.952512741088867 (ms)
[RANK3] F @ 1347.26318359375 (ms) to 1377.43603515625 (ms), cudaEventElapsed = 30.132671356201172 (ms)
[RANK3] B @ 1377.528076171875 (ms) to 1414.36865234375 (ms), cudaEventElapsed = 36.80767822265625 (ms)
[RANK3] 8W @ 1414.573974609375 (ms) to 1607.481689453125 (ms), cudaEventElapsed = 192.87449645996094 (ms)
[RANK3] Iteration 10
[RANK3] F @ 120.89111328125 (ms) to 151.575439453125 (ms), cudaEventElapsed = 30.642080307006836 (ms)
[RANK3] B @ 151.790771484375 (ms) to 214.517333984375 (ms), cudaEventElapsed = 35.664894104003906 (ms)
[RANK3] F @ 235.691650390625 (ms) to 266.244140625 (ms), cudaEventElapsed = 30.514463424682617 (ms)
[RANK3] B @ 266.32861328125 (ms) to 304.20263671875 (ms), cudaEventElapsed = 37.844993591308594 (ms)
[RANK3] F @ 305.486083984375 (ms) to 339.94384765625 (ms), cudaEventElapsed = 34.4246711730957 (ms)
[RANK3] B @ 340.0361328125 (ms) to 379.18359375 (ms), cudaEventElapsed = 39.11475372314453 (ms)
[RANK3] F @ 380.6630859375 (ms) to 415.239501953125 (ms), cudaEventElapsed = 34.543296813964844 (ms)
[RANK3] B @ 415.32568359375 (ms) to 454.829345703125 (ms), cudaEventElapsed = 39.47110366821289 (ms)
[RANK3] F @ 456.296875 (ms) to 489.91162109375 (ms), cudaEventElapsed = 33.579551696777344 (ms)
[RANK3] B @ 489.9990234375 (ms) to 529.853515625 (ms), cudaEventElapsed = 39.821311950683594 (ms)
[RANK3] F @ 557.609619140625 (ms) to 588.707275390625 (ms), cudaEventElapsed = 31.05766487121582 (ms)
[RANK3] B @ 588.796142578125 (ms) to 627.433349609375 (ms), cudaEventElapsed = 38.604801177978516 (ms)
[RANK3] F @ 661.92236328125 (ms) to 692.54833984375 (ms), cudaEventElapsed = 30.57961654663086 (ms)
[RANK3] B @ 692.63427734375 (ms) to 731.063232421875 (ms), cudaEventElapsed = 38.39692687988281 (ms)
[RANK3] F @ 766.05908203125 (ms) to 796.13427734375 (ms), cudaEventElapsed = 30.032447814941406 (ms)
[RANK3] B @ 796.33203125 (ms) to 834.383056640625 (ms), cudaEventElapsed = 38.02009582519531 (ms)
[RANK3] W @ 834.567138671875 (ms) to 915.199462890625 (ms), cudaEventElapsed = 17.40390396118164 (ms)
[RANK3] F @ 915.365234375 (ms) to 946.901123046875 (ms), cudaEventElapsed = 31.50054359436035 (ms)
[RANK3] B @ 946.98095703125 (ms) to 986.189697265625 (ms), cudaEventElapsed = 39.177215576171875 (ms)
[RANK3] W @ 986.46826171875 (ms) to 1009.88916015625 (ms), cudaEventElapsed = 22.26688003540039 (ms)
[RANK3] F @ 1077.3681640625 (ms) to 1107.52197265625 (ms), cudaEventElapsed = 30.110687255859375 (ms)
[RANK3] B @ 1107.60009765625 (ms) to 1144.717529296875 (ms), cudaEventElapsed = 37.08723068237305 (ms)
[RANK3] W @ 1144.957763671875 (ms) to 1168.38720703125 (ms), cudaEventElapsed = 22.382591247558594 (ms)
[RANK3] F @ 1211.156982421875 (ms) to 1241.235595703125 (ms), cudaEventElapsed = 30.043712615966797 (ms)
[RANK3] B @ 1241.317138671875 (ms) to 1278.93994140625 (ms), cudaEventElapsed = 37.59308624267578 (ms)
[RANK3] W @ 1279.17236328125 (ms) to 1301.986328125 (ms), cudaEventElapsed = 21.753856658935547 (ms)
[RANK3] F @ 1343.519775390625 (ms) to 1373.717041015625 (ms), cudaEventElapsed = 30.161983489990234 (ms)
[RANK3] B @ 1373.7978515625 (ms) to 1410.961669921875 (ms), cudaEventElapsed = 37.1333122253418 (ms)
[RANK3] 8W @ 1411.135498046875 (ms) to 1604.256591796875 (ms), cudaEventElapsed = 193.0864715576172 (ms)
[RANK3] Iteration 11
[RANK3] F @ 120.8232421875 (ms) to 151.494384765625 (ms), cudaEventElapsed = 30.62838363647461 (ms)
[RANK3] B @ 151.7197265625 (ms) to 214.47412109375 (ms), cudaEventElapsed = 35.63622283935547 (ms)
[RANK3] F @ 235.107177734375 (ms) to 265.425048828125 (ms), cudaEventElapsed = 30.279808044433594 (ms)
[RANK3] B @ 265.50927734375 (ms) to 303.5732421875 (ms), cudaEventElapsed = 38.03443145751953 (ms)
[RANK3] F @ 304.826416015625 (ms) to 339.425048828125 (ms), cudaEventElapsed = 34.565921783447266 (ms)
[RANK3] B @ 339.515380859375 (ms) to 378.628173828125 (ms), cudaEventElapsed = 39.07993698120117 (ms)
[RANK3] F @ 380.097900390625 (ms) to 414.725830078125 (ms), cudaEventElapsed = 34.59404754638672 (ms)
[RANK3] B @ 414.810302734375 (ms) to 454.21484375 (ms), cudaEventElapsed = 39.37177658081055 (ms)
[RANK3] F @ 455.755615234375 (ms) to 489.20068359375 (ms), cudaEventElapsed = 33.41183853149414 (ms)
[RANK3] B @ 489.284912109375 (ms) to 529.229248046875 (ms), cudaEventElapsed = 39.91347122192383 (ms)
[RANK3] F @ 556.73388671875 (ms) to 587.709716796875 (ms), cudaEventElapsed = 30.937280654907227 (ms)
[RANK3] B @ 587.798583984375 (ms) to 625.984619140625 (ms), cudaEventElapsed = 38.154239654541016 (ms)
[RANK3] F @ 661.279541015625 (ms) to 692.147216796875 (ms), cudaEventElapsed = 30.825023651123047 (ms)
[RANK3] B @ 692.236572265625 (ms) to 730.98828125 (ms), cudaEventElapsed = 38.71334457397461 (ms)
[RANK3] F @ 764.95068359375 (ms) to 795.141845703125 (ms), cudaEventElapsed = 30.14828872680664 (ms)
[RANK3] B @ 795.3486328125 (ms) to 833.385986328125 (ms), cudaEventElapsed = 38.005760192871094 (ms)
[RANK3] W @ 833.567626953125 (ms) to 912.92333984375 (ms), cudaEventElapsed = 17.39366340637207 (ms)
[RANK3] F @ 913.1083984375 (ms) to 944.4443359375 (ms), cudaEventElapsed = 31.302303314208984 (ms)
[RANK3] B @ 944.532470703125 (ms) to 983.724365234375 (ms), cudaEventElapsed = 39.15980911254883 (ms)
[RANK3] W @ 984.2890625 (ms) to 1030.01220703125 (ms), cudaEventElapsed = 18.274303436279297 (ms)
[RANK3] F @ 1075.232666015625 (ms) to 1105.348876953125 (ms), cudaEventElapsed = 30.074432373046875 (ms)
[RANK3] B @ 1105.4326171875 (ms) to 1142.775390625 (ms), cudaEventElapsed = 37.310462951660156 (ms)
[RANK3] W @ 1143.0283203125 (ms) to 1188.416259765625 (ms), cudaEventElapsed = 18.18726348876953 (ms)
[RANK3] F @ 1207.778564453125 (ms) to 1238.016357421875 (ms), cudaEventElapsed = 30.201343536376953 (ms)
[RANK3] B @ 1238.09619140625 (ms) to 1275.776123046875 (ms), cudaEventElapsed = 37.64940643310547 (ms)
[RANK3] W @ 1276.02197265625 (ms) to 1322.30908203125 (ms), cudaEventElapsed = 18.107391357421875 (ms)
[RANK3] F @ 1341.374267578125 (ms) to 1372.364013671875 (ms), cudaEventElapsed = 30.95302391052246 (ms)
[RANK3] B @ 1372.445556640625 (ms) to 1410.69384765625 (ms), cudaEventElapsed = 38.21158218383789 (ms)
[RANK3] 8W @ 1410.884521484375 (ms) to 1624.026123046875 (ms), cudaEventElapsed = 186.9977569580078 (ms)
[RANK3] Iteration 12
[RANK3] F @ 121.8935546875 (ms) to 152.680419921875 (ms), cudaEventElapsed = 30.73708724975586 (ms)
[RANK3] B @ 152.912109375 (ms) to 216.332763671875 (ms), cudaEventElapsed = 35.98438262939453 (ms)
[RANK3] F @ 259.78955078125 (ms) to 290.018798828125 (ms), cudaEventElapsed = 30.187360763549805 (ms)
[RANK3] B @ 290.10791015625 (ms) to 327.843994140625 (ms), cudaEventElapsed = 37.70265579223633 (ms)
[RANK3] F @ 355.616943359375 (ms) to 386.85009765625 (ms), cudaEventElapsed = 31.19321632385254 (ms)
[RANK3] B @ 386.945556640625 (ms) to 424.904052734375 (ms), cudaEventElapsed = 37.92588806152344 (ms)
[RANK3] F @ 452.36474609375 (ms) to 483.264892578125 (ms), cudaEventElapsed = 30.862943649291992 (ms)
[RANK3] B @ 483.365234375 (ms) to 521.19580078125 (ms), cudaEventElapsed = 37.7968635559082 (ms)
[RANK3] F @ 548.775634765625 (ms) to 579.538818359375 (ms), cudaEventElapsed = 30.726655960083008 (ms)
[RANK3] B @ 579.64404296875 (ms) to 617.894287109375 (ms), cudaEventElapsed = 38.214656829833984 (ms)
[RANK3] F @ 646.044189453125 (ms) to 676.931640625 (ms), cudaEventElapsed = 30.8504638671875 (ms)
[RANK3] B @ 677.019287109375 (ms) to 715.519287109375 (ms), cudaEventElapsed = 38.46553421020508 (ms)
[RANK3] F @ 744.323486328125 (ms) to 775.31787109375 (ms), cudaEventElapsed = 30.9586238861084 (ms)
[RANK3] B @ 775.406982421875 (ms) to 813.586669921875 (ms), cudaEventElapsed = 38.147071838378906 (ms)
[RANK3] F @ 840.2958984375 (ms) to 870.817138671875 (ms), cudaEventElapsed = 30.485952377319336 (ms)
[RANK3] B @ 871.015380859375 (ms) to 910.10986328125 (ms), cudaEventElapsed = 39.06252670288086 (ms)
[RANK3] W @ 910.29443359375 (ms) to 974.9775390625 (ms), cudaEventElapsed = 17.44384002685547 (ms)
[RANK3] F @ 975.14013671875 (ms) to 1007.70166015625 (ms), cudaEventElapsed = 32.530303955078125 (ms)
[RANK3] B @ 1007.785400390625 (ms) to 1047.782958984375 (ms), cudaEventElapsed = 39.96672058105469 (ms)
[RANK3] W @ 1048.0400390625 (ms) to 1094.29296875 (ms), cudaEventElapsed = 18.499584197998047 (ms)
[RANK3] F @ 1114.750244140625 (ms) to 1145.664306640625 (ms), cudaEventElapsed = 30.879520416259766 (ms)
[RANK3] B @ 1145.7490234375 (ms) to 1183.888671875 (ms), cudaEventElapsed = 38.108158111572266 (ms)
[RANK3] W @ 1184.146240234375 (ms) to 1229.739501953125 (ms), cudaEventElapsed = 18.352127075195312 (ms)
[RANK3] F @ 1248.52978515625 (ms) to 1278.670166015625 (ms), cudaEventElapsed = 30.101728439331055 (ms)
[RANK3] B @ 1278.765380859375 (ms) to 1317.341552734375 (ms), cudaEventElapsed = 38.54438400268555 (ms)
[RANK3] W @ 1317.60107421875 (ms) to 1364.251220703125 (ms), cudaEventElapsed = 18.46067237854004 (ms)
[RANK3] F @ 1381.286376953125 (ms) to 1412.205810546875 (ms), cudaEventElapsed = 30.881471633911133 (ms)
[RANK3] B @ 1412.2861328125 (ms) to 1450.33251953125 (ms), cudaEventElapsed = 38.01599884033203 (ms)
[RANK3] 8W @ 1450.518798828125 (ms) to 1664.0029296875 (ms), cudaEventElapsed = 187.52511596679688 (ms)
[RANK3] Iteration 13
[RANK3] F @ 121.364990234375 (ms) to 152.07666015625 (ms), cudaEventElapsed = 30.66694450378418 (ms)
[RANK3] B @ 152.291259765625 (ms) to 215.974365234375 (ms), cudaEventElapsed = 35.934207916259766 (ms)
[RANK3] F @ 260.004638671875 (ms) to 290.247802734375 (ms), cudaEventElapsed = 30.19875144958496 (ms)
[RANK3] B @ 290.332275390625 (ms) to 327.911865234375 (ms), cudaEventElapsed = 37.548030853271484 (ms)
[RANK3] F @ 355.180908203125 (ms) to 386.235107421875 (ms), cudaEventElapsed = 31.015615463256836 (ms)
[RANK3] B @ 386.320068359375 (ms) to 424.0107421875 (ms), cudaEventElapsed = 37.65555191040039 (ms)
[RANK3] F @ 451.585205078125 (ms) to 482.320556640625 (ms), cudaEventElapsed = 30.697856903076172 (ms)
[RANK3] B @ 482.438720703125 (ms) to 520.05419921875 (ms), cudaEventElapsed = 37.57875061035156 (ms)
[RANK3] F @ 547.80322265625 (ms) to 578.49169921875 (ms), cudaEventElapsed = 30.653120040893555 (ms)
[RANK3] B @ 578.583984375 (ms) to 617.348388671875 (ms), cudaEventElapsed = 38.73177719116211 (ms)
[RANK3] F @ 645.681884765625 (ms) to 676.522216796875 (ms), cudaEventElapsed = 30.804128646850586 (ms)
[RANK3] B @ 676.608154296875 (ms) to 714.8173828125 (ms), cudaEventElapsed = 38.177791595458984 (ms)
[RANK3] F @ 743.237548828125 (ms) to 774.131591796875 (ms), cudaEventElapsed = 30.85820770263672 (ms)
[RANK3] B @ 774.21630859375 (ms) to 811.89404296875 (ms), cudaEventElapsed = 37.644287109375 (ms)
[RANK3] F @ 838.125244140625 (ms) to 868.853515625 (ms), cudaEventElapsed = 30.692480087280273 (ms)
[RANK3] B @ 869.05712890625 (ms) to 908.29833984375 (ms), cudaEventElapsed = 39.21100616455078 (ms)
[RANK3] W @ 908.485107421875 (ms) to 977.822265625 (ms), cudaEventElapsed = 17.43974494934082 (ms)
[RANK3] F @ 977.983154296875 (ms) to 1010.970703125 (ms), cudaEventElapsed = 32.957279205322266 (ms)
[RANK3] B @ 1011.0556640625 (ms) to 1050.866943359375 (ms), cudaEventElapsed = 39.78035354614258 (ms)
[RANK3] W @ 1051.12744140625 (ms) to 1097.225341796875 (ms), cudaEventElapsed = 18.258943557739258 (ms)
[RANK3] F @ 1119.779296875 (ms) to 1150.61376953125 (ms), cudaEventElapsed = 30.799232482910156 (ms)
[RANK3] B @ 1150.6953125 (ms) to 1188.897705078125 (ms), cudaEventElapsed = 38.17164611816406 (ms)
[RANK3] W @ 1189.147705078125 (ms) to 1234.503662109375 (ms), cudaEventElapsed = 18.40332794189453 (ms)
[RANK3] F @ 1253.380859375 (ms) to 1284.434814453125 (ms), cudaEventElapsed = 31.017120361328125 (ms)
[RANK3] B @ 1284.513916015625 (ms) to 1323.1298828125 (ms), cudaEventElapsed = 38.58534240722656 (ms)
[RANK3] W @ 1323.38427734375 (ms) to 1368.71728515625 (ms), cudaEventElapsed = 18.299903869628906 (ms)
[RANK3] F @ 1385.43994140625 (ms) to 1415.6552734375 (ms), cudaEventElapsed = 30.18172836303711 (ms)
[RANK3] B @ 1415.7373046875 (ms) to 1453.7001953125 (ms), cudaEventElapsed = 37.93203353881836 (ms)
[RANK3] 8W @ 1453.8857421875 (ms) to 1670.04443359375 (ms), cudaEventElapsed = 188.92185974121094 (ms)
[RANK3] Iteration 14
[RANK3] F @ 122.229736328125 (ms) to 153.12109375 (ms), cudaEventElapsed = 30.837663650512695 (ms)
[RANK3] B @ 153.3671875 (ms) to 217.029541015625 (ms), cudaEventElapsed = 35.5491828918457 (ms)
[RANK3] F @ 261.064697265625 (ms) to 291.202880859375 (ms), cudaEventElapsed = 30.094560623168945 (ms)
[RANK3] B @ 291.28662109375 (ms) to 329.0830078125 (ms), cudaEventElapsed = 37.76512145996094 (ms)
[RANK3] F @ 357.800537109375 (ms) to 388.545166015625 (ms), cudaEventElapsed = 30.70639991760254 (ms)
[RANK3] B @ 388.6298828125 (ms) to 425.8271484375 (ms), cudaEventElapsed = 37.164031982421875 (ms)
[RANK3] F @ 453.426025390625 (ms) to 484.333984375 (ms), cudaEventElapsed = 30.87264060974121 (ms)
[RANK3] B @ 484.42431640625 (ms) to 522.318603515625 (ms), cudaEventElapsed = 37.8603515625 (ms)
[RANK3] F @ 549.4091796875 (ms) to 580.501220703125 (ms), cudaEventElapsed = 31.057472229003906 (ms)
[RANK3] B @ 580.59375 (ms) to 618.7373046875 (ms), cudaEventElapsed = 38.11123275756836 (ms)
[RANK3] F @ 645.865234375 (ms) to 676.60595703125 (ms), cudaEventElapsed = 30.70569610595703 (ms)
[RANK3] B @ 676.691162109375 (ms) to 715.32421875 (ms), cudaEventElapsed = 38.60172653198242 (ms)
[RANK3] F @ 742.820068359375 (ms) to 773.588623046875 (ms), cudaEventElapsed = 30.730655670166016 (ms)
[RANK3] B @ 773.6748046875 (ms) to 812.462890625 (ms), cudaEventElapsed = 38.754302978515625 (ms)
[RANK3] F @ 838.8759765625 (ms) to 869.087890625 (ms), cudaEventElapsed = 30.175968170166016 (ms)
[RANK3] B @ 869.288330078125 (ms) to 908.11083984375 (ms), cudaEventElapsed = 38.79219055175781 (ms)
[RANK3] W @ 908.3017578125 (ms) to 979.838134765625 (ms), cudaEventElapsed = 17.43564796447754 (ms)
[RANK3] F @ 980.000732421875 (ms) to 1011.11083984375 (ms), cudaEventElapsed = 31.079519271850586 (ms)
[RANK3] B @ 1011.1923828125 (ms) to 1051.2314453125 (ms), cudaEventElapsed = 40.006656646728516 (ms)
[RANK3] W @ 1051.511474609375 (ms) to 1098.43994140625 (ms), cudaEventElapsed = 18.43097686767578 (ms)
[RANK3] F @ 1122.29248046875 (ms) to 1152.5126953125 (ms), cudaEventElapsed = 30.184511184692383 (ms)
[RANK3] B @ 1152.594970703125 (ms) to 1190.514892578125 (ms), cudaEventElapsed = 37.89004898071289 (ms)
[RANK3] W @ 1190.7724609375 (ms) to 1237.0576171875 (ms), cudaEventElapsed = 18.45043182373047 (ms)
[RANK3] F @ 1254.600341796875 (ms) to 1285.4697265625 (ms), cudaEventElapsed = 30.814847946166992 (ms)
[RANK3] B @ 1285.547119140625 (ms) to 1323.584228515625 (ms), cudaEventElapsed = 38.00678253173828 (ms)
[RANK3] W @ 1323.85205078125 (ms) to 1369.274169921875 (ms), cudaEventElapsed = 18.294784545898438 (ms)
[RANK3] F @ 1387.67333984375 (ms) to 1418.984619140625 (ms), cudaEventElapsed = 31.27779197692871 (ms)
[RANK3] B @ 1419.064208984375 (ms) to 1457.46533203125 (ms), cudaEventElapsed = 38.370304107666016 (ms)
[RANK3] 8W @ 1457.650146484375 (ms) to 1669.801513671875 (ms), cudaEventElapsed = 185.90208435058594 (ms)
[RANK3] Iteration 15
[RANK3] F @ 120.766357421875 (ms) to 151.813720703125 (ms), cudaEventElapsed = 30.994976043701172 (ms)
[RANK3] B @ 152.044921875 (ms) to 213.708251953125 (ms), cudaEventElapsed = 35.518463134765625 (ms)
[RANK3] F @ 256.791259765625 (ms) to 286.920166015625 (ms), cudaEventElapsed = 30.0863037109375 (ms)
[RANK3] B @ 287.006591796875 (ms) to 324.45361328125 (ms), cudaEventElapsed = 37.41593551635742 (ms)
[RANK3] F @ 351.966796875 (ms) to 382.66064453125 (ms), cudaEventElapsed = 30.655872344970703 (ms)
[RANK3] B @ 382.751953125 (ms) to 420.930908203125 (ms), cudaEventElapsed = 38.147071838378906 (ms)
[RANK3] F @ 449.145263671875 (ms) to 480.02392578125 (ms), cudaEventElapsed = 30.841472625732422 (ms)
[RANK3] B @ 480.126220703125 (ms) to 517.836669921875 (ms), cudaEventElapsed = 37.67500686645508 (ms)
[RANK3] F @ 546.3623046875 (ms) to 577.3046875 (ms), cudaEventElapsed = 30.90719985961914 (ms)
[RANK3] B @ 577.40087890625 (ms) to 614.66748046875 (ms), cudaEventElapsed = 37.22854232788086 (ms)
[RANK3] F @ 642.207275390625 (ms) to 673.441650390625 (ms), cudaEventElapsed = 31.199871063232422 (ms)
[RANK3] B @ 673.529296875 (ms) to 711.753662109375 (ms), cudaEventElapsed = 38.191104888916016 (ms)
[RANK3] F @ 738.888671875 (ms) to 770.002197265625 (ms), cudaEventElapsed = 31.074848175048828 (ms)
[RANK3] B @ 770.095703125 (ms) to 808.251220703125 (ms), cudaEventElapsed = 38.124542236328125 (ms)
[RANK3] F @ 834.360595703125 (ms) to 864.625244140625 (ms), cudaEventElapsed = 30.226783752441406 (ms)
[RANK3] B @ 864.81982421875 (ms) to 903.58935546875 (ms), cudaEventElapsed = 38.73894500732422 (ms)
[RANK3] W @ 903.768798828125 (ms) to 971.595458984375 (ms), cudaEventElapsed = 17.44486427307129 (ms)
[RANK3] F @ 971.7568359375 (ms) to 1002.884765625 (ms), cudaEventElapsed = 31.0963191986084 (ms)
[RANK3] B @ 1002.967041015625 (ms) to 1043.67919921875 (ms), cudaEventElapsed = 40.68147277832031 (ms)
[RANK3] W @ 1043.9375 (ms) to 1090.216552734375 (ms), cudaEventElapsed = 18.286592483520508 (ms)
[RANK3] F @ 1112.9638671875 (ms) to 1143.05712890625 (ms), cudaEventElapsed = 30.056320190429688 (ms)
[RANK3] B @ 1143.138916015625 (ms) to 1180.9814453125 (ms), cudaEventElapsed = 37.81119918823242 (ms)
[RANK3] W @ 1181.247802734375 (ms) to 1227.50439453125 (ms), cudaEventElapsed = 18.464767456054688 (ms)
[RANK3] F @ 1246.071044921875 (ms) to 1276.69140625 (ms), cudaEventElapsed = 30.580415725708008 (ms)
[RANK3] B @ 1276.7705078125 (ms) to 1314.14208984375 (ms), cudaEventElapsed = 37.34220886230469 (ms)
[RANK3] W @ 1314.38525390625 (ms) to 1360.10009765625 (ms), cudaEventElapsed = 18.310144424438477 (ms)
[RANK3] F @ 1378.761962890625 (ms) to 1410.1279296875 (ms), cudaEventElapsed = 31.3287353515625 (ms)
[RANK3] B @ 1410.208984375 (ms) to 1448.5087890625 (ms), cudaEventElapsed = 38.26995086669922 (ms)
[RANK3] 8W @ 1448.689697265625 (ms) to 1662.06884765625 (ms), cudaEventElapsed = 187.3448944091797 (ms)
[RANK3] Iteration 16
[RANK3] F @ 113.740234375 (ms) to 143.242919921875 (ms), cudaEventElapsed = 29.45840072631836 (ms)
[RANK3] F @ 168.63720703125 (ms) to 197.765380859375 (ms), cudaEventElapsed = 29.08995246887207 (ms)
[RANK3] F @ 224.256591796875 (ms) to 253.384521484375 (ms), cudaEventElapsed = 29.09004783630371 (ms)
[RANK3] F @ 280.50244140625 (ms) to 309.830078125 (ms), cudaEventElapsed = 29.28972816467285 (ms)
[RANK3] F @ 336.186279296875 (ms) to 365.886962890625 (ms), cudaEventElapsed = 29.651168823242188 (ms)
[RANK3] F @ 391.720947265625 (ms) to 421.509033203125 (ms), cudaEventElapsed = 29.73075294494629 (ms)
[RANK3] F @ 446.939697265625 (ms) to 476.48388671875 (ms), cudaEventElapsed = 29.479808807373047 (ms)
[RANK3] F @ 502.77734375 (ms) to 531.83935546875 (ms), cudaEventElapsed = 28.99456024169922 (ms)
[RANK3] F @ 559.771728515625 (ms) to 589.042724609375 (ms), cudaEventElapsed = 29.20899200439453 (ms)
[RANK3] F @ 615.93798828125 (ms) to 645.017822265625 (ms), cudaEventElapsed = 29.027936935424805 (ms)
[RANK3] F @ 672.64453125 (ms) to 701.42919921875 (ms), cudaEventElapsed = 28.748064041137695 (ms)
[RANK3] F @ 728.87109375 (ms) to 757.432861328125 (ms), cudaEventElapsed = 28.521984100341797 (ms)
