[RANK0] Iteration 1
[RANK0] F @ 3.83642578125 (ms) to 764.217529296875 (ms), cudaEventElapsed = 760.3338623046875 (ms)
[RANK0] F @ 764.746826171875 (ms) to 787.034423828125 (ms), cudaEventElapsed = 22.267967224121094 (ms)
[RANK0] F @ 787.522705078125 (ms) to 799.35986328125 (ms), cudaEventElapsed = 11.81760025024414 (ms)
[RANK0] F @ 799.826416015625 (ms) to 860.500732421875 (ms), cudaEventElapsed = 60.65532684326172 (ms)
[RANK0] F @ 860.99755859375 (ms) to 877.886962890625 (ms), cudaEventElapsed = 16.869600296020508 (ms)
[RANK0] F @ 878.371337890625 (ms) to 890.505126953125 (ms), cudaEventElapsed = 12.114015579223633 (ms)
[RANK0] F @ 890.993408203125 (ms) to 903.531494140625 (ms), cudaEventElapsed = 12.51968002319336 (ms)
[RANK0] B @ 3127.6875 (ms) to 3433.432861328125 (ms), cudaEventElapsed = 305.7210388183594 (ms)
[RANK0] F @ 3433.659912109375 (ms) to 3442.35546875 (ms), cudaEventElapsed = 8.675904273986816 (ms)
[RANK0] B @ 3443.3818359375 (ms) to 3452.111328125 (ms), cudaEventElapsed = 8.710432052612305 (ms)
[RANK0] F @ 3452.25732421875 (ms) to 3460.97705078125 (ms), cudaEventElapsed = 8.701151847839355 (ms)
[RANK0] B @ 3461.884765625 (ms) to 3470.566162109375 (ms), cudaEventElapsed = 8.660703659057617 (ms)
[RANK0] F @ 3470.86865234375 (ms) to 3479.176025390625 (ms), cudaEventElapsed = 8.28825569152832 (ms)
[RANK0] B @ 3523.05810546875 (ms) to 3531.830810546875 (ms), cudaEventElapsed = 8.752608299255371 (ms)
[RANK0] F @ 3531.9951171875 (ms) to 3540.53369140625 (ms), cudaEventElapsed = 8.521056175231934 (ms)
[RANK0] B @ 3541.462646484375 (ms) to 3550.140625 (ms), cudaEventElapsed = 8.657471656799316 (ms)
[RANK0] F @ 3550.2734375 (ms) to 3558.510986328125 (ms), cudaEventElapsed = 8.220288276672363 (ms)
[RANK0] B @ 3563.055908203125 (ms) to 3572.478759765625 (ms), cudaEventElapsed = 9.400544166564941 (ms)
[RANK0] W @ 3572.743896484375 (ms) to 3578.16552734375 (ms), cudaEventElapsed = 5.403744220733643 (ms)
[RANK0] B @ 3578.703857421875 (ms) to 3587.27783203125 (ms), cudaEventElapsed = 8.553600311279297 (ms)
[RANK0] W @ 3587.563720703125 (ms) to 3592.72021484375 (ms), cudaEventElapsed = 5.13808012008667 (ms)
[RANK0] B @ 3598.419677734375 (ms) to 3607.025634765625 (ms), cudaEventElapsed = 8.585984230041504 (ms)
[RANK0] W @ 3607.31298828125 (ms) to 3612.515625 (ms), cudaEventElapsed = 5.184959888458252 (ms)
[RANK0] B @ 3615.771484375 (ms) to 3624.5341796875 (ms), cudaEventElapsed = 8.743200302124023 (ms)
[RANK0] W @ 3624.8212890625 (ms) to 3630.021240234375 (ms), cudaEventElapsed = 5.181727886199951 (ms)
[RANK0] B @ 3631.85302734375 (ms) to 3640.556640625 (ms), cudaEventElapsed = 8.683039665222168 (ms)
[RANK0] W @ 3640.83984375 (ms) to 3646.019775390625 (ms), cudaEventElapsed = 5.161503791809082 (ms)
[RANK0] B @ 3648.7509765625 (ms) to 3657.47705078125 (ms), cudaEventElapsed = 8.706527709960938 (ms)
[RANK0] W @ 3658.027587890625 (ms) to 3663.23046875 (ms), cudaEventElapsed = 5.183135986328125 (ms)
[RANK0] B @ 3665.97509765625 (ms) to 3674.6826171875 (ms), cudaEventElapsed = 8.688096046447754 (ms)
[RANK0] 6W @ 3675.35693359375 (ms) to 3706.146728515625 (ms), cudaEventElapsed = 30.769887924194336 (ms)
[RANK0] Iteration 2
[RANK0] F @ 0.461669921875 (ms) to 9.69580078125 (ms), cudaEventElapsed = 9.21401596069336 (ms)
[RANK0] F @ 10.2158203125 (ms) to 18.702392578125 (ms), cudaEventElapsed = 8.467647552490234 (ms)
[RANK0] F @ 19.1640625 (ms) to 27.63916015625 (ms), cudaEventElapsed = 8.456640243530273 (ms)
[RANK0] F @ 28.09814453125 (ms) to 36.39306640625 (ms), cudaEventElapsed = 8.275936126708984 (ms)
[RANK0] F @ 36.857177734375 (ms) to 45.175048828125 (ms), cudaEventElapsed = 8.298015594482422 (ms)
[RANK0] F @ 45.634033203125 (ms) to 53.808349609375 (ms), cudaEventElapsed = 8.155584335327148 (ms)
[RANK0] F @ 54.294921875 (ms) to 62.825439453125 (ms), cudaEventElapsed = 8.503423690795898 (ms)
[RANK0] B @ 305.558349609375 (ms) to 314.545166015625 (ms), cudaEventElapsed = 8.967040061950684 (ms)
[RANK0] F @ 314.712646484375 (ms) to 323.1865234375 (ms), cudaEventElapsed = 8.45695972442627 (ms)
[RANK0] B @ 328.87841796875 (ms) to 337.92919921875 (ms), cudaEventElapsed = 9.03219223022461 (ms)
[RANK0] F @ 338.05029296875 (ms) to 346.563720703125 (ms), cudaEventElapsed = 8.495552062988281 (ms)
[RANK0] B @ 348.347412109375 (ms) to 357.23681640625 (ms), cudaEventElapsed = 8.870719909667969 (ms)
[RANK0] F @ 357.418701171875 (ms) to 365.775146484375 (ms), cudaEventElapsed = 8.339584350585938 (ms)
[RANK0] B @ 446.995361328125 (ms) to 456.01904296875 (ms), cudaEventElapsed = 9.00387191772461 (ms)
[RANK0] F @ 456.15380859375 (ms) to 464.68017578125 (ms), cudaEventElapsed = 8.509183883666992 (ms)
[RANK0] B @ 468.095947265625 (ms) to 477.001220703125 (ms), cudaEventElapsed = 8.887616157531738 (ms)
[RANK0] F @ 477.135009765625 (ms) to 485.528076171875 (ms), cudaEventElapsed = 8.376416206359863 (ms)
[RANK0] B @ 530.916748046875 (ms) to 539.7763671875 (ms), cudaEventElapsed = 8.841024398803711 (ms)
[RANK0] W @ 539.99658203125 (ms) to 545.2509765625 (ms), cudaEventElapsed = 5.237696170806885 (ms)
[RANK0] B @ 579.67626953125 (ms) to 588.772216796875 (ms), cudaEventElapsed = 9.077152252197266 (ms)
[RANK0] W @ 589.08251953125 (ms) to 594.37841796875 (ms), cudaEventElapsed = 5.277120113372803 (ms)
[RANK0] B @ 605.07763671875 (ms) to 614.102294921875 (ms), cudaEventElapsed = 9.005951881408691 (ms)
[RANK0] W @ 614.393798828125 (ms) to 619.678955078125 (ms), cudaEventElapsed = 5.267039775848389 (ms)
[RANK0] B @ 671.398193359375 (ms) to 680.42236328125 (ms), cudaEventElapsed = 9.004863739013672 (ms)
[RANK0] W @ 680.71826171875 (ms) to 685.986083984375 (ms), cudaEventElapsed = 5.249760150909424 (ms)
[RANK0] B @ 716.351806640625 (ms) to 725.348388671875 (ms), cudaEventElapsed = 8.977567672729492 (ms)
[RANK0] W @ 725.63818359375 (ms) to 730.91015625 (ms), cudaEventElapsed = 5.253888130187988 (ms)
[RANK0] B @ 766.2236328125 (ms) to 775.228759765625 (ms), cudaEventElapsed = 8.985695838928223 (ms)
[RANK0] W @ 775.52197265625 (ms) to 780.80615234375 (ms), cudaEventElapsed = 5.264832019805908 (ms)
[RANK0] B @ 819.07421875 (ms) to 828.0830078125 (ms), cudaEventElapsed = 8.989376068115234 (ms)
[RANK0] 6W @ 829.555419921875 (ms) to 861.138427734375 (ms), cudaEventElapsed = 31.562047958374023 (ms)
[RANK0] Iteration 3
[RANK0] F @ 0.449462890625 (ms) to 10.89306640625 (ms), cudaEventElapsed = 10.423968315124512 (ms)
[RANK0] F @ 11.3740234375 (ms) to 20.590087890625 (ms), cudaEventElapsed = 9.196127891540527 (ms)
[RANK0] F @ 21.0537109375 (ms) to 29.889404296875 (ms), cudaEventElapsed = 8.817184448242188 (ms)
[RANK0] F @ 30.34423828125 (ms) to 38.875 (ms), cudaEventElapsed = 8.512767791748047 (ms)
[RANK0] F @ 39.341552734375 (ms) to 48.14208984375 (ms), cudaEventElapsed = 8.781599998474121 (ms)
[RANK0] F @ 48.6064453125 (ms) to 56.968017578125 (ms), cudaEventElapsed = 8.342720031738281 (ms)
[RANK0] F @ 57.4423828125 (ms) to 66.024658203125 (ms), cudaEventElapsed = 8.563072204589844 (ms)
[RANK0] B @ 232.16162109375 (ms) to 241.13671875 (ms), cudaEventElapsed = 8.955615997314453 (ms)
[RANK0] F @ 241.5 (ms) to 249.900146484375 (ms), cudaEventElapsed = 8.38150405883789 (ms)
[RANK0] B @ 255.458740234375 (ms) to 264.53564453125 (ms), cudaEventElapsed = 9.058752059936523 (ms)
[RANK0] F @ 264.684814453125 (ms) to 273.28076171875 (ms), cudaEventElapsed = 8.579039573669434 (ms)
[RANK0] B @ 276.110595703125 (ms) to 284.990234375 (ms), cudaEventElapsed = 8.862144470214844 (ms)
[RANK0] F @ 285.148193359375 (ms) to 293.65185546875 (ms), cudaEventElapsed = 8.48476791381836 (ms)
[RANK0] B @ 343.228515625 (ms) to 352.268310546875 (ms), cudaEventElapsed = 9.02064037322998 (ms)
[RANK0] F @ 352.429931640625 (ms) to 360.858642578125 (ms), cudaEventElapsed = 8.410688400268555 (ms)
[RANK0] B @ 364.03857421875 (ms) to 372.946044921875 (ms), cudaEventElapsed = 8.889632225036621 (ms)
[RANK0] F @ 373.07421875 (ms) to 381.3974609375 (ms), cudaEventElapsed = 8.305824279785156 (ms)
[RANK0] B @ 406.8017578125 (ms) to 415.656494140625 (ms), cudaEventElapsed = 8.83625602722168 (ms)
[RANK0] W @ 415.85498046875 (ms) to 421.107177734375 (ms), cudaEventElapsed = 5.236288070678711 (ms)
[RANK0] B @ 448.711669921875 (ms) to 457.81201171875 (ms), cudaEventElapsed = 9.081600189208984 (ms)
[RANK0] W @ 458.07763671875 (ms) to 463.371337890625 (ms), cudaEventElapsed = 5.275904178619385 (ms)
[RANK0] B @ 471.640380859375 (ms) to 480.79296875 (ms), cudaEventElapsed = 9.132736206054688 (ms)
[RANK0] W @ 481.0859375 (ms) to 486.3828125 (ms), cudaEventElapsed = 5.278143882751465 (ms)
[RANK0] B @ 515.509765625 (ms) to 524.595947265625 (ms), cudaEventElapsed = 9.066559791564941 (ms)
[RANK0] W @ 524.890625 (ms) to 530.182861328125 (ms), cudaEventElapsed = 5.273439884185791 (ms)
[RANK0] B @ 555.343017578125 (ms) to 564.377685546875 (ms), cudaEventElapsed = 9.017087936401367 (ms)
[RANK0] W @ 564.61962890625 (ms) to 569.865478515625 (ms), cudaEventElapsed = 5.229856014251709 (ms)
[RANK0] B @ 590.210205078125 (ms) to 599.342529296875 (ms), cudaEventElapsed = 9.114336013793945 (ms)
[RANK0] W @ 599.635498046875 (ms) to 604.900146484375 (ms), cudaEventElapsed = 5.246111869812012 (ms)
[RANK0] B @ 654.777099609375 (ms) to 663.8232421875 (ms), cudaEventElapsed = 9.027839660644531 (ms)
[RANK0] 6W @ 664.985595703125 (ms) to 696.445556640625 (ms), cudaEventElapsed = 31.43951988220215 (ms)
[RANK0] Iteration 4
[RANK0] F @ 0.3486328125 (ms) to 10.135986328125 (ms), cudaEventElapsed = 9.767231941223145 (ms)
[RANK0] F @ 10.609130859375 (ms) to 19.133056640625 (ms), cudaEventElapsed = 8.504223823547363 (ms)
[RANK0] F @ 19.57373046875 (ms) to 28.290771484375 (ms), cudaEventElapsed = 8.698847770690918 (ms)
[RANK0] F @ 28.791748046875 (ms) to 37.1240234375 (ms), cudaEventElapsed = 8.313920021057129 (ms)
[RANK0] F @ 37.60302734375 (ms) to 46.0361328125 (ms), cudaEventElapsed = 8.414239883422852 (ms)
[RANK0] F @ 46.509765625 (ms) to 54.9130859375 (ms), cudaEventElapsed = 8.380160331726074 (ms)
[RANK0] F @ 55.419189453125 (ms) to 63.96923828125 (ms), cudaEventElapsed = 8.528287887573242 (ms)
[RANK0] B @ 271.609375 (ms) to 280.60107421875 (ms), cudaEventElapsed = 8.973535537719727 (ms)
[RANK0] F @ 280.76953125 (ms) to 289.1396484375 (ms), cudaEventElapsed = 8.353376388549805 (ms)
[RANK0] B @ 293.31591796875 (ms) to 302.20166015625 (ms), cudaEventElapsed = 8.867199897766113 (ms)
[RANK0] F @ 302.343017578125 (ms) to 310.81298828125 (ms), cudaEventElapsed = 8.453503608703613 (ms)
[RANK0] B @ 314.3583984375 (ms) to 323.292236328125 (ms), cudaEventElapsed = 8.916000366210938 (ms)
[RANK0] F @ 323.434326171875 (ms) to 331.99755859375 (ms), cudaEventElapsed = 8.546624183654785 (ms)
[RANK0] B @ 374.69140625 (ms) to 383.533203125 (ms), cudaEventElapsed = 8.82307243347168 (ms)
[RANK0] F @ 383.677734375 (ms) to 392.19677734375 (ms), cudaEventElapsed = 8.502816200256348 (ms)
[RANK0] B @ 406.0693359375 (ms) to 414.950439453125 (ms), cudaEventElapsed = 8.862848281860352 (ms)
[RANK0] F @ 415.103515625 (ms) to 423.564208984375 (ms), cudaEventElapsed = 8.443327903747559 (ms)
[RANK0] B @ 467.634521484375 (ms) to 476.50927734375 (ms), cudaEventElapsed = 8.85644817352295 (ms)
[RANK0] W @ 476.704345703125 (ms) to 481.96630859375 (ms), cudaEventElapsed = 5.245791912078857 (ms)
[RANK0] B @ 505.571044921875 (ms) to 514.5615234375 (ms), cudaEventElapsed = 8.970047950744629 (ms)
[RANK0] W @ 514.869140625 (ms) to 520.178466796875 (ms), cudaEventElapsed = 5.288000106811523 (ms)
[RANK0] B @ 572.037841796875 (ms) to 581.060791015625 (ms), cudaEventElapsed = 9.005887985229492 (ms)
[RANK0] W @ 581.309326171875 (ms) to 586.5693359375 (ms), cudaEventElapsed = 5.245312213897705 (ms)
[RANK0] B @ 619.29345703125 (ms) to 628.318359375 (ms), cudaEventElapsed = 9.00483226776123 (ms)
[RANK0] W @ 628.64111328125 (ms) to 633.9150390625 (ms), cudaEventElapsed = 5.25491189956665 (ms)
[RANK0] B @ 671.185302734375 (ms) to 680.17138671875 (ms), cudaEventElapsed = 8.967007637023926 (ms)
[RANK0] W @ 680.477783203125 (ms) to 685.75244140625 (ms), cudaEventElapsed = 5.256415843963623 (ms)
[RANK0] B @ 716.255615234375 (ms) to 725.23828125 (ms), cudaEventElapsed = 8.964223861694336 (ms)
[RANK0] W @ 725.538818359375 (ms) to 730.823486328125 (ms), cudaEventElapsed = 5.266880035400391 (ms)
[RANK0] B @ 752.33056640625 (ms) to 761.248291015625 (ms), cudaEventElapsed = 8.89891242980957 (ms)
[RANK0] 6W @ 762.540771484375 (ms) to 794.056884765625 (ms), cudaEventElapsed = 31.495296478271484 (ms)
[RANK0] Iteration 5
[RANK0] F @ 0.684814453125 (ms) to 10.31201171875 (ms), cudaEventElapsed = 9.607647895812988 (ms)
[RANK0] F @ 10.851318359375 (ms) to 19.796630859375 (ms), cudaEventElapsed = 8.925087928771973 (ms)
[RANK0] F @ 20.251220703125 (ms) to 29.20556640625 (ms), cudaEventElapsed = 8.935423851013184 (ms)
[RANK0] F @ 29.652587890625 (ms) to 38.18115234375 (ms), cudaEventElapsed = 8.509023666381836 (ms)
[RANK0] F @ 38.638427734375 (ms) to 47.112548828125 (ms), cudaEventElapsed = 8.455583572387695 (ms)
[RANK0] F @ 47.56689453125 (ms) to 55.740234375 (ms), cudaEventElapsed = 8.155072212219238 (ms)
[RANK0] F @ 56.2001953125 (ms) to 64.593017578125 (ms), cudaEventElapsed = 8.374527931213379 (ms)
[RANK0] B @ 266.254638671875 (ms) to 275.283203125 (ms), cudaEventElapsed = 9.008768081665039 (ms)
[RANK0] F @ 275.679443359375 (ms) to 284.0732421875 (ms), cudaEventElapsed = 8.375040054321289 (ms)
[RANK0] B @ 286.83837890625 (ms) to 295.88037109375 (ms), cudaEventElapsed = 9.024383544921875 (ms)
[RANK0] F @ 296.03759765625 (ms) to 304.66552734375 (ms), cudaEventElapsed = 8.610367774963379 (ms)
[RANK0] B @ 307.967529296875 (ms) to 316.86767578125 (ms), cudaEventElapsed = 8.882047653198242 (ms)
[RANK0] F @ 317.01611328125 (ms) to 325.474853515625 (ms), cudaEventElapsed = 8.434271812438965 (ms)
[RANK0] B @ 375.1396484375 (ms) to 384.230224609375 (ms), cudaEventElapsed = 9.071136474609375 (ms)
[RANK0] F @ 384.38916015625 (ms) to 392.94580078125 (ms), cudaEventElapsed = 8.539360046386719 (ms)
[RANK0] B @ 396.543212890625 (ms) to 405.400634765625 (ms), cudaEventElapsed = 8.840319633483887 (ms)
[RANK0] F @ 405.53955078125 (ms) to 413.934326171875 (ms), cudaEventElapsed = 8.378303527832031 (ms)
[RANK0] B @ 453.919189453125 (ms) to 462.82373046875 (ms), cudaEventElapsed = 8.885663986206055 (ms)
[RANK0] W @ 463.076416015625 (ms) to 468.34228515625 (ms), cudaEventElapsed = 5.249567985534668 (ms)
[RANK0] B @ 482.864990234375 (ms) to 491.942138671875 (ms), cudaEventElapsed = 9.058176040649414 (ms)
[RANK0] W @ 492.24560546875 (ms) to 497.5439453125 (ms), cudaEventElapsed = 5.27942419052124 (ms)
[RANK0] B @ 505.962646484375 (ms) to 514.87158203125 (ms), cudaEventElapsed = 8.889023780822754 (ms)
[RANK0] W @ 515.182861328125 (ms) to 520.496826171875 (ms), cudaEventElapsed = 5.295328140258789 (ms)
[RANK0] B @ 548.68212890625 (ms) to 557.705322265625 (ms), cudaEventElapsed = 9.003520011901855 (ms)
[RANK0] W @ 558.02392578125 (ms) to 563.324462890625 (ms), cudaEventElapsed = 5.282368183135986 (ms)
[RANK0] B @ 569.525146484375 (ms) to 578.547119140625 (ms), cudaEventElapsed = 9.00278377532959 (ms)
[RANK0] W @ 578.845458984375 (ms) to 584.1396484375 (ms), cudaEventElapsed = 5.276063919067383 (ms)
[RANK0] B @ 601.672119140625 (ms) to 610.84033203125 (ms), cudaEventElapsed = 9.148287773132324 (ms)
[RANK0] W @ 611.141845703125 (ms) to 616.4375 (ms), cudaEventElapsed = 5.277472019195557 (ms)
[RANK0] B @ 634.910888671875 (ms) to 643.825927734375 (ms), cudaEventElapsed = 8.896127700805664 (ms)
[RANK0] 6W @ 645.026123046875 (ms) to 676.643798828125 (ms), cudaEventElapsed = 31.598079681396484 (ms)
[RANK0] Iteration 6
[RANK0] F @ 0.379150390625 (ms) to 10.541748046875 (ms), cudaEventElapsed = 10.141951560974121 (ms)
[RANK0] F @ 11.018310546875 (ms) to 19.465576171875 (ms), cudaEventElapsed = 8.428352355957031 (ms)
[RANK0] F @ 19.9208984375 (ms) to 28.588623046875 (ms), cudaEventElapsed = 8.649248123168945 (ms)
[RANK0] F @ 29.050537109375 (ms) to 37.428955078125 (ms), cudaEventElapsed = 8.359423637390137 (ms)
[RANK0] F @ 37.897216796875 (ms) to 46.425537109375 (ms), cudaEventElapsed = 8.5098237991333 (ms)
[RANK0] F @ 46.9169921875 (ms) to 55.3720703125 (ms), cudaEventElapsed = 8.435935974121094 (ms)
[RANK0] F @ 55.855224609375 (ms) to 64.67138671875 (ms), cudaEventElapsed = 8.796128273010254 (ms)
[RANK0] B @ 283.2509765625 (ms) to 292.2421875 (ms), cudaEventElapsed = 8.971936225891113 (ms)
[RANK0] F @ 292.61962890625 (ms) to 301.0126953125 (ms), cudaEventElapsed = 8.374431610107422 (ms)
[RANK0] B @ 304.101806640625 (ms) to 313.198486328125 (ms), cudaEventElapsed = 9.078751564025879 (ms)
[RANK0] F @ 313.3583984375 (ms) to 321.83251953125 (ms), cudaEventElapsed = 8.456543922424316 (ms)
[RANK0] B @ 326.673828125 (ms) to 335.52490234375 (ms), cudaEventElapsed = 8.833536148071289 (ms)
[RANK0] F @ 335.676025390625 (ms) to 344.146484375 (ms), cudaEventElapsed = 8.453311920166016 (ms)
[RANK0] B @ 405.53125 (ms) to 414.397216796875 (ms), cudaEventElapsed = 8.847392082214355 (ms)
[RANK0] F @ 414.566650390625 (ms) to 423.330810546875 (ms), cudaEventElapsed = 8.746560096740723 (ms)
[RANK0] B @ 426.581787109375 (ms) to 435.434814453125 (ms), cudaEventElapsed = 8.834464073181152 (ms)
[RANK0] F @ 435.5859375 (ms) to 444.03173828125 (ms), cudaEventElapsed = 8.429408073425293 (ms)
[RANK0] B @ 465.162109375 (ms) to 474.006591796875 (ms), cudaEventElapsed = 8.82585620880127 (ms)
[RANK0] W @ 474.234619140625 (ms) to 479.5078125 (ms), cudaEventElapsed = 5.257215976715088 (ms)
[RANK0] B @ 527.150634765625 (ms) to 535.944580078125 (ms), cudaEventElapsed = 8.775808334350586 (ms)
[RANK0] W @ 536.240966796875 (ms) to 541.528076171875 (ms), cudaEventElapsed = 5.268799781799316 (ms)
[RANK0] B @ 549.064453125 (ms) to 557.81396484375 (ms), cudaEventElapsed = 8.731136322021484 (ms)
[RANK0] W @ 558.1083984375 (ms) to 563.40478515625 (ms), cudaEventElapsed = 5.278624057769775 (ms)
[RANK0] B @ 589.853515625 (ms) to 598.60693359375 (ms), cudaEventElapsed = 8.7357759475708 (ms)
[RANK0] W @ 598.886962890625 (ms) to 604.17822265625 (ms), cudaEventElapsed = 5.273759841918945 (ms)
[RANK0] B @ 650.033203125 (ms) to 658.757568359375 (ms), cudaEventElapsed = 8.705151557922363 (ms)
[RANK0] W @ 659.07470703125 (ms) to 664.3544921875 (ms), cudaEventElapsed = 5.261568069458008 (ms)
[RANK0] B @ 671.0673828125 (ms) to 679.810302734375 (ms), cudaEventElapsed = 8.724448204040527 (ms)
[RANK0] W @ 680.109375 (ms) to 685.398681640625 (ms), cudaEventElapsed = 5.2711358070373535 (ms)
[RANK0] B @ 710.834716796875 (ms) to 719.579833984375 (ms), cudaEventElapsed = 8.726207733154297 (ms)
[RANK0] 6W @ 720.934326171875 (ms) to 752.389404296875 (ms), cudaEventElapsed = 31.434528350830078 (ms)
[RANK0] Iteration 7
[RANK0] F @ 0.5078125 (ms) to 10.9228515625 (ms), cudaEventElapsed = 10.395456314086914 (ms)
[RANK0] F @ 11.406005859375 (ms) to 20.81298828125 (ms), cudaEventElapsed = 9.38742446899414 (ms)
[RANK0] F @ 21.31640625 (ms) to 31.0048828125 (ms), cudaEventElapsed = 9.669376373291016 (ms)
[RANK0] F @ 31.482177734375 (ms) to 40.8037109375 (ms), cudaEventElapsed = 9.302271842956543 (ms)
[RANK0] F @ 41.280517578125 (ms) to 49.8994140625 (ms), cudaEventElapsed = 8.599712371826172 (ms)
[RANK0] F @ 50.359375 (ms) to 58.595458984375 (ms), cudaEventElapsed = 8.218432426452637 (ms)
[RANK0] F @ 59.05078125 (ms) to 67.46484375 (ms), cudaEventElapsed = 8.396320343017578 (ms)
[RANK0] B @ 296.4736328125 (ms) to 305.462158203125 (ms), cudaEventElapsed = 8.969568252563477 (ms)
[RANK0] F @ 305.86083984375 (ms) to 314.30078125 (ms), cudaEventElapsed = 8.422016143798828 (ms)
[RANK0] B @ 318.719482421875 (ms) to 327.640869140625 (ms), cudaEventElapsed = 8.903519630432129 (ms)
[RANK0] F @ 327.792724609375 (ms) to 336.338134765625 (ms), cudaEventElapsed = 8.52892780303955 (ms)
[RANK0] B @ 339.626220703125 (ms) to 348.4736328125 (ms), cudaEventElapsed = 8.828864097595215 (ms)
[RANK0] F @ 348.628173828125 (ms) to 357.082275390625 (ms), cudaEventElapsed = 8.437312126159668 (ms)
[RANK0] B @ 404.472900390625 (ms) to 413.336181640625 (ms), cudaEventElapsed = 8.84540843963623 (ms)
[RANK0] F @ 413.492431640625 (ms) to 422.0673828125 (ms), cudaEventElapsed = 8.558655738830566 (ms)
[RANK0] B @ 426.1474609375 (ms) to 434.98974609375 (ms), cudaEventElapsed = 8.823967933654785 (ms)
[RANK0] F @ 435.1396484375 (ms) to 443.49365234375 (ms), cudaEventElapsed = 8.336671829223633 (ms)
[RANK0] B @ 512.702392578125 (ms) to 521.5498046875 (ms), cudaEventElapsed = 8.824288368225098 (ms)
[RANK0] W @ 521.76416015625 (ms) to 526.99755859375 (ms), cudaEventElapsed = 5.217535972595215 (ms)
[RANK0] B @ 533.40869140625 (ms) to 542.15283203125 (ms), cudaEventElapsed = 8.726271629333496 (ms)
[RANK0] W @ 542.454345703125 (ms) to 547.73876953125 (ms), cudaEventElapsed = 5.2663679122924805 (ms)
[RANK0] B @ 627.26611328125 (ms) to 636.258056640625 (ms), cudaEventElapsed = 8.973376274108887 (ms)
[RANK0] W @ 636.559814453125 (ms) to 641.86669921875 (ms), cudaEventElapsed = 5.288640022277832 (ms)
[RANK0] B @ 648.05322265625 (ms) to 656.972412109375 (ms), cudaEventElapsed = 8.902400016784668 (ms)
[RANK0] W @ 657.1953125 (ms) to 662.436279296875 (ms), cudaEventElapsed = 5.225887775421143 (ms)
[RANK0] B @ 673.255859375 (ms) to 682.2626953125 (ms), cudaEventElapsed = 8.988991737365723 (ms)
[RANK0] W @ 682.580322265625 (ms) to 687.844482421875 (ms), cudaEventElapsed = 5.245855808258057 (ms)
[RANK0] B @ 766.781005859375 (ms) to 775.83837890625 (ms), cudaEventElapsed = 9.04092788696289 (ms)
[RANK0] W @ 776.0927734375 (ms) to 781.358154296875 (ms), cudaEventElapsed = 5.249279975891113 (ms)
[RANK0] B @ 787.1982421875 (ms) to 796.206787109375 (ms), cudaEventElapsed = 8.99027156829834 (ms)
[RANK0] 6W @ 797.4384765625 (ms) to 828.874755859375 (ms), cudaEventElapsed = 31.415647506713867 (ms)
[RANK0] Iteration 8
[RANK0] F @ 0.440185546875 (ms) to 10.44091796875 (ms), cudaEventElapsed = 9.980992317199707 (ms)
[RANK0] F @ 10.92529296875 (ms) to 19.845947265625 (ms), cudaEventElapsed = 8.900927543640137 (ms)
[RANK0] F @ 20.31298828125 (ms) to 29.07373046875 (ms), cudaEventElapsed = 8.742207527160645 (ms)
[RANK0] F @ 29.55078125 (ms) to 38.100341796875 (ms), cudaEventElapsed = 8.530271530151367 (ms)
[RANK0] F @ 38.579833984375 (ms) to 47.66015625 (ms), cudaEventElapsed = 9.061504364013672 (ms)
[RANK0] F @ 48.1328125 (ms) to 56.490966796875 (ms), cudaEventElapsed = 8.338784217834473 (ms)
[RANK0] F @ 56.96240234375 (ms) to 65.4765625 (ms), cudaEventElapsed = 8.494751930236816 (ms)
[RANK0] B @ 189.235595703125 (ms) to 198.222900390625 (ms), cudaEventElapsed = 8.967904090881348 (ms)
[RANK0] F @ 198.6142578125 (ms) to 207.061767578125 (ms), cudaEventElapsed = 8.429344177246094 (ms)
[RANK0] B @ 228.68310546875 (ms) to 237.591552734375 (ms), cudaEventElapsed = 8.889408111572266 (ms)
[RANK0] F @ 237.745361328125 (ms) to 246.327392578125 (ms), cudaEventElapsed = 8.56390380859375 (ms)
[RANK0] B @ 249.7373046875 (ms) to 258.6220703125 (ms), cudaEventElapsed = 8.866975784301758 (ms)
[RANK0] F @ 258.770751953125 (ms) to 267.299072265625 (ms), cudaEventElapsed = 8.511232376098633 (ms)
[RANK0] B @ 339.73583984375 (ms) to 348.74169921875 (ms), cudaEventElapsed = 8.986656188964844 (ms)
[RANK0] F @ 348.896728515625 (ms) to 357.345458984375 (ms), cudaEventElapsed = 8.432127952575684 (ms)
[RANK0] B @ 361.3251953125 (ms) to 370.194091796875 (ms), cudaEventElapsed = 8.851679801940918 (ms)
[RANK0] F @ 370.339111328125 (ms) to 378.7001953125 (ms), cudaEventElapsed = 8.3438720703125 (ms)
[RANK0] B @ 382.170166015625 (ms) to 391.012451171875 (ms), cudaEventElapsed = 8.82528018951416 (ms)
[RANK0] W @ 391.2197265625 (ms) to 396.46435546875 (ms), cudaEventElapsed = 5.228831768035889 (ms)
[RANK0] B @ 437.243896484375 (ms) to 446.31640625 (ms), cudaEventElapsed = 9.052831649780273 (ms)
[RANK0] W @ 446.58544921875 (ms) to 451.84423828125 (ms), cudaEventElapsed = 5.240992069244385 (ms)
[RANK0] B @ 459.15869140625 (ms) to 468.134033203125 (ms), cudaEventElapsed = 8.95695972442627 (ms)
[RANK0] W @ 468.43017578125 (ms) to 473.7421875 (ms), cudaEventElapsed = 5.293951988220215 (ms)
[RANK0] B @ 496.208740234375 (ms) to 505.237548828125 (ms), cudaEventElapsed = 9.009183883666992 (ms)
[RANK0] W @ 505.535888671875 (ms) to 510.8193359375 (ms), cudaEventElapsed = 5.265727996826172 (ms)
[RANK0] B @ 516.866455078125 (ms) to 525.83935546875 (ms), cudaEventElapsed = 8.954848289489746 (ms)
[RANK0] W @ 526.165283203125 (ms) to 531.46630859375 (ms), cudaEventElapsed = 5.281888008117676 (ms)
[RANK0] B @ 573.01611328125 (ms) to 582.076416015625 (ms), cudaEventElapsed = 9.041248321533203 (ms)
[RANK0] W @ 582.37060546875 (ms) to 587.66259765625 (ms), cudaEventElapsed = 5.273695945739746 (ms)
[RANK0] B @ 599.23046875 (ms) to 608.256591796875 (ms), cudaEventElapsed = 9.009663581848145 (ms)
[RANK0] 6W @ 609.589599609375 (ms) to 641.16796875 (ms), cudaEventElapsed = 31.558624267578125 (ms)
