[RANK2] Iteration 1
[RANK2] F @ 994.686279296875 (ms) to 1236.392578125 (ms), cudaEventElapsed = 241.68170166015625 (ms)
[RANK2] F @ 1237.39111328125 (ms) to 1250.032958984375 (ms), cudaEventElapsed = 12.622048377990723 (ms)
[RANK2] F @ 1251.089599609375 (ms) to 1263.833984375 (ms), cudaEventElapsed = 12.721887588500977 (ms)
[RANK2] B @ 2472.389892578125 (ms) to 2765.58203125 (ms), cudaEventElapsed = 293.1712951660156 (ms)
[RANK2] F @ 2766.55322265625 (ms) to 2775.677001953125 (ms), cudaEventElapsed = 9.102720260620117 (ms)
[RANK2] B @ 2776.806884765625 (ms) to 2786.523681640625 (ms), cudaEventElapsed = 9.692511558532715 (ms)
[RANK2] F @ 2787.4697265625 (ms) to 2796.548095703125 (ms), cudaEventElapsed = 9.057536125183105 (ms)
[RANK2] B @ 2797.564697265625 (ms) to 2806.986328125 (ms), cudaEventElapsed = 9.399328231811523 (ms)
[RANK2] F @ 3106.00244140625 (ms) to 3115.022705078125 (ms), cudaEventElapsed = 8.997599601745605 (ms)
[RANK2] B @ 3116.048583984375 (ms) to 3125.71435546875 (ms), cudaEventElapsed = 9.64463996887207 (ms)
[RANK2] F @ 3126.640869140625 (ms) to 3135.58935546875 (ms), cudaEventElapsed = 8.928288459777832 (ms)
[RANK2] B @ 3136.57861328125 (ms) to 3146.033447265625 (ms), cudaEventElapsed = 9.433728218078613 (ms)
[RANK2] F @ 3450.4111328125 (ms) to 3459.439208984375 (ms), cudaEventElapsed = 9.004223823547363 (ms)
[RANK2] B @ 3460.547607421875 (ms) to 3470.1962890625 (ms), cudaEventElapsed = 9.626655578613281 (ms)
[RANK2] F @ 3472.1201171875 (ms) to 3481.10107421875 (ms), cudaEventElapsed = 8.959263801574707 (ms)
[RANK2] B @ 3482.26416015625 (ms) to 3491.69189453125 (ms), cudaEventElapsed = 9.406623840332031 (ms)
[RANK2] F @ 3492.766357421875 (ms) to 3501.760498046875 (ms), cudaEventElapsed = 8.973183631896973 (ms)
[RANK2] B @ 3502.91845703125 (ms) to 3517.40673828125 (ms), cudaEventElapsed = 14.460415840148926 (ms)
[RANK2] F @ 3531.674072265625 (ms) to 3540.64453125 (ms), cudaEventElapsed = 8.947232246398926 (ms)
[RANK2] B @ 3541.62841796875 (ms) to 3551.218505859375 (ms), cudaEventElapsed = 9.56879997253418 (ms)
[RANK2] F @ 3552.15478515625 (ms) to 3561.125 (ms), cudaEventElapsed = 8.949503898620605 (ms)
[RANK2] B @ 3562.04736328125 (ms) to 3571.474365234375 (ms), cudaEventElapsed = 9.40441608428955 (ms)
[RANK2] W @ 3572.24609375 (ms) to 3578.726806640625 (ms), cudaEventElapsed = 6.461120128631592 (ms)
[RANK2] B @ 3579.29150390625 (ms) to 3588.64208984375 (ms), cudaEventElapsed = 9.329695701599121 (ms)
[RANK2] W @ 3589.260986328125 (ms) to 3595.497314453125 (ms), cudaEventElapsed = 6.212639808654785 (ms)
[RANK2] B @ 3596.307373046875 (ms) to 3605.84326171875 (ms), cudaEventElapsed = 9.514304161071777 (ms)
[RANK2] 10W @ 3607.380859375 (ms) to 3668.741943359375 (ms), cudaEventElapsed = 61.341087341308594 (ms)
[RANK2] Iteration 2
[RANK2] F @ 106.4775390625 (ms) to 115.796875 (ms), cudaEventElapsed = 9.29155158996582 (ms)
[RANK2] F @ 117.03076171875 (ms) to 126.234619140625 (ms), cudaEventElapsed = 9.179424285888672 (ms)
[RANK2] F @ 127.435791015625 (ms) to 136.916748046875 (ms), cudaEventElapsed = 9.455488204956055 (ms)
[RANK2] B @ 204.123291015625 (ms) to 214.031494140625 (ms), cudaEventElapsed = 9.884063720703125 (ms)
[RANK2] F @ 214.9892578125 (ms) to 224.185302734375 (ms), cudaEventElapsed = 9.172575950622559 (ms)
[RANK2] B @ 225.4130859375 (ms) to 235.192138671875 (ms), cudaEventElapsed = 9.745311737060547 (ms)
[RANK2] F @ 236.140625 (ms) to 245.234619140625 (ms), cudaEventElapsed = 9.065823554992676 (ms)
[RANK2] B @ 246.24267578125 (ms) to 256.00390625 (ms), cudaEventElapsed = 9.740544319152832 (ms)
[RANK2] F @ 335.55029296875 (ms) to 344.543701171875 (ms), cudaEventElapsed = 8.970047950744629 (ms)
[RANK2] B @ 345.4951171875 (ms) to 355.335205078125 (ms), cudaEventElapsed = 9.819040298461914 (ms)
[RANK2] F @ 356.29931640625 (ms) to 365.24169921875 (ms), cudaEventElapsed = 8.923456192016602 (ms)
[RANK2] B @ 366.2060546875 (ms) to 375.916015625 (ms), cudaEventElapsed = 9.689920425415039 (ms)
[RANK2] F @ 417.196044921875 (ms) to 426.162109375 (ms), cudaEventElapsed = 8.945792198181152 (ms)
[RANK2] B @ 451.435791015625 (ms) to 461.26953125 (ms), cudaEventElapsed = 9.811455726623535 (ms)
[RANK2] F @ 462.166015625 (ms) to 471.142822265625 (ms), cudaEventElapsed = 8.957216262817383 (ms)
[RANK2] B @ 472.116455078125 (ms) to 481.935546875 (ms), cudaEventElapsed = 9.798720359802246 (ms)
[RANK2] F @ 482.8798828125 (ms) to 491.87744140625 (ms), cudaEventElapsed = 8.976896286010742 (ms)
[RANK2] B @ 531.344970703125 (ms) to 541.178955078125 (ms), cudaEventElapsed = 9.811840057373047 (ms)
[RANK2] F @ 542.062255859375 (ms) to 551.04638671875 (ms), cudaEventElapsed = 8.9650239944458 (ms)
[RANK2] B @ 576.50341796875 (ms) to 586.296630859375 (ms), cudaEventElapsed = 9.773216247558594 (ms)
[RANK2] F @ 587.17138671875 (ms) to 596.150390625 (ms), cudaEventElapsed = 8.958527565002441 (ms)
[RANK2] B @ 597.071533203125 (ms) to 607.001708984375 (ms), cudaEventElapsed = 9.909536361694336 (ms)
[RANK2] W @ 607.60498046875 (ms) to 613.899169921875 (ms), cudaEventElapsed = 6.275551795959473 (ms)
[RANK2] B @ 655.55712890625 (ms) to 665.302001953125 (ms), cudaEventElapsed = 9.725055694580078 (ms)
[RANK2] W @ 665.93701171875 (ms) to 672.22900390625 (ms), cudaEventElapsed = 6.273568153381348 (ms)
[RANK2] B @ 694.307861328125 (ms) to 704.088134765625 (ms), cudaEventElapsed = 9.761216163635254 (ms)
[RANK2] 10W @ 705.854736328125 (ms) to 769.054931640625 (ms), cudaEventElapsed = 63.179935455322266 (ms)
[RANK2] Iteration 3
[RANK2] F @ 60.15966796875 (ms) to 69.42626953125 (ms), cudaEventElapsed = 9.236800193786621 (ms)
[RANK2] F @ 70.69970703125 (ms) to 79.678466796875 (ms), cudaEventElapsed = 8.957023620605469 (ms)
[RANK2] F @ 81.49658203125 (ms) to 90.8349609375 (ms), cudaEventElapsed = 9.31824016571045 (ms)
[RANK2] B @ 159.264404296875 (ms) to 169.137451171875 (ms), cudaEventElapsed = 9.845888137817383 (ms)
[RANK2] F @ 170.05517578125 (ms) to 179.058349609375 (ms), cudaEventElapsed = 8.98310375213623 (ms)
[RANK2] B @ 180.2861328125 (ms) to 190.109619140625 (ms), cudaEventElapsed = 9.802687644958496 (ms)
[RANK2] F @ 190.978271484375 (ms) to 199.916259765625 (ms), cudaEventElapsed = 8.919103622436523 (ms)
[RANK2] B @ 200.900634765625 (ms) to 210.71875 (ms), cudaEventElapsed = 9.798591613769531 (ms)
[RANK2] F @ 282.921630859375 (ms) to 292.32275390625 (ms), cudaEventElapsed = 9.379263877868652 (ms)
[RANK2] B @ 293.30712890625 (ms) to 303.14990234375 (ms), cudaEventElapsed = 9.822431564331055 (ms)
[RANK2] F @ 304.2197265625 (ms) to 313.149658203125 (ms), cudaEventElapsed = 8.909503936767578 (ms)
[RANK2] B @ 314.1220703125 (ms) to 323.94677734375 (ms), cudaEventElapsed = 9.8056640625 (ms)
[RANK2] F @ 353.24365234375 (ms) to 362.230712890625 (ms), cudaEventElapsed = 8.966879844665527 (ms)
[RANK2] B @ 394.09814453125 (ms) to 403.934814453125 (ms), cudaEventElapsed = 9.816703796386719 (ms)
[RANK2] F @ 410.975830078125 (ms) to 419.935302734375 (ms), cudaEventElapsed = 8.93836784362793 (ms)
[RANK2] B @ 425.771240234375 (ms) to 435.5869140625 (ms), cudaEventElapsed = 9.794976234436035 (ms)
[RANK2] F @ 436.4794921875 (ms) to 445.48681640625 (ms), cudaEventElapsed = 8.987296104431152 (ms)
[RANK2] B @ 455.458251953125 (ms) to 465.25830078125 (ms), cudaEventElapsed = 9.779328346252441 (ms)
[RANK2] F @ 494.810302734375 (ms) to 503.7529296875 (ms), cudaEventElapsed = 8.921664237976074 (ms)
[RANK2] B @ 504.693603515625 (ms) to 514.513671875 (ms), cudaEventElapsed = 9.800064086914062 (ms)
[RANK2] F @ 524.151123046875 (ms) to 533.087646484375 (ms), cudaEventElapsed = 8.916000366210938 (ms)
[RANK2] B @ 533.981689453125 (ms) to 543.79443359375 (ms), cudaEventElapsed = 9.793408393859863 (ms)
[RANK2] W @ 544.391845703125 (ms) to 550.70068359375 (ms), cudaEventElapsed = 6.289663791656494 (ms)
[RANK2] B @ 583.025390625 (ms) to 592.82177734375 (ms), cudaEventElapsed = 9.776864051818848 (ms)
[RANK2] W @ 593.488037109375 (ms) to 599.81396484375 (ms), cudaEventElapsed = 6.306367874145508 (ms)
[RANK2] B @ 617.352294921875 (ms) to 627.14892578125 (ms), cudaEventElapsed = 9.777312278747559 (ms)
[RANK2] 10W @ 628.9716796875 (ms) to 692.21044921875 (ms), cudaEventElapsed = 63.21855926513672 (ms)
[RANK2] Iteration 4
[RANK2] F @ 119.337158203125 (ms) to 128.4169921875 (ms), cudaEventElapsed = 9.056639671325684 (ms)
[RANK2] F @ 129.405029296875 (ms) to 138.335205078125 (ms), cudaEventElapsed = 8.910752296447754 (ms)
[RANK2] F @ 140.0693359375 (ms) to 149.192626953125 (ms), cudaEventElapsed = 9.103584289550781 (ms)
[RANK2] B @ 224.319580078125 (ms) to 234.289306640625 (ms), cudaEventElapsed = 9.947999954223633 (ms)
[RANK2] F @ 235.250732421875 (ms) to 244.28662109375 (ms), cudaEventElapsed = 9.014143943786621 (ms)
[RANK2] B @ 245.87060546875 (ms) to 255.583740234375 (ms), cudaEventElapsed = 9.69273567199707 (ms)
[RANK2] F @ 256.5341796875 (ms) to 265.507568359375 (ms), cudaEventElapsed = 8.953375816345215 (ms)
[RANK2] B @ 266.508056640625 (ms) to 276.257080078125 (ms), cudaEventElapsed = 9.727680206298828 (ms)
[RANK2] F @ 342.119140625 (ms) to 351.44482421875 (ms), cudaEventElapsed = 9.303327560424805 (ms)
[RANK2] B @ 352.463623046875 (ms) to 362.341552734375 (ms), cudaEventElapsed = 9.85689640045166 (ms)
[RANK2] F @ 363.3447265625 (ms) to 372.290771484375 (ms), cudaEventElapsed = 8.92630386352539 (ms)
[RANK2] B @ 373.2529296875 (ms) to 383.10888671875 (ms), cudaEventElapsed = 9.835871696472168 (ms)
[RANK2] F @ 397.33154296875 (ms) to 406.3115234375 (ms), cudaEventElapsed = 8.958144187927246 (ms)
[RANK2] B @ 420.224853515625 (ms) to 429.960693359375 (ms), cudaEventElapsed = 9.715519905090332 (ms)
[RANK2] F @ 452.1806640625 (ms) to 461.1484375 (ms), cudaEventElapsed = 8.945759773254395 (ms)
[RANK2] B @ 462.20068359375 (ms) to 471.953125 (ms), cudaEventElapsed = 9.730815887451172 (ms)
[RANK2] F @ 472.910888671875 (ms) to 481.854736328125 (ms), cudaEventElapsed = 8.923583984375 (ms)
[RANK2] B @ 482.831787109375 (ms) to 492.5673828125 (ms), cudaEventElapsed = 9.715295791625977 (ms)
[RANK2] F @ 517.163818359375 (ms) to 526.109130859375 (ms), cudaEventElapsed = 8.924736022949219 (ms)
[RANK2] B @ 531.13623046875 (ms) to 540.873291015625 (ms), cudaEventElapsed = 9.71548843383789 (ms)
[RANK2] F @ 541.785400390625 (ms) to 550.7255859375 (ms), cudaEventElapsed = 8.919584274291992 (ms)
[RANK2] B @ 551.6494140625 (ms) to 561.48095703125 (ms), cudaEventElapsed = 9.811296463012695 (ms)
[RANK2] W @ 562.100341796875 (ms) to 568.42724609375 (ms), cudaEventElapsed = 6.308351993560791 (ms)
[RANK2] B @ 595.6259765625 (ms) to 605.406494140625 (ms), cudaEventElapsed = 9.761823654174805 (ms)
[RANK2] W @ 606.052490234375 (ms) to 612.368408203125 (ms), cudaEventElapsed = 6.297920227050781 (ms)
[RANK2] B @ 618.946044921875 (ms) to 628.6630859375 (ms), cudaEventElapsed = 9.69814395904541 (ms)
[RANK2] 10W @ 630.54833984375 (ms) to 692.96923828125 (ms), cudaEventElapsed = 62.40079879760742 (ms)
[RANK2] Iteration 5
[RANK2] F @ 69.1455078125 (ms) to 78.463623046875 (ms), cudaEventElapsed = 9.293503761291504 (ms)
[RANK2] F @ 79.692626953125 (ms) to 88.63037109375 (ms), cudaEventElapsed = 8.916319847106934 (ms)
[RANK2] F @ 89.82177734375 (ms) to 99.00048828125 (ms), cudaEventElapsed = 9.157631874084473 (ms)
[RANK2] B @ 182.598388671875 (ms) to 192.65478515625 (ms), cudaEventElapsed = 10.035327911376953 (ms)
[RANK2] F @ 193.53662109375 (ms) to 202.561767578125 (ms), cudaEventElapsed = 9.005663871765137 (ms)
[RANK2] B @ 204.177001953125 (ms) to 213.98388671875 (ms), cudaEventElapsed = 9.784832000732422 (ms)
[RANK2] F @ 214.95654296875 (ms) to 223.9560546875 (ms), cudaEventElapsed = 8.979071617126465 (ms)
[RANK2] B @ 225.022216796875 (ms) to 234.80810546875 (ms), cudaEventElapsed = 9.763008117675781 (ms)
[RANK2] F @ 254.356689453125 (ms) to 263.759033203125 (ms), cudaEventElapsed = 9.380640029907227 (ms)
[RANK2] B @ 306.164306640625 (ms) to 316.028076171875 (ms), cudaEventElapsed = 9.840543746948242 (ms)
[RANK2] F @ 317.024169921875 (ms) to 326.0048828125 (ms), cudaEventElapsed = 8.959136009216309 (ms)
[RANK2] B @ 329.563720703125 (ms) to 339.290771484375 (ms), cudaEventElapsed = 9.705216407775879 (ms)
[RANK2] F @ 340.348876953125 (ms) to 349.31298828125 (ms), cudaEventElapsed = 8.943008422851562 (ms)
[RANK2] B @ 369.0 (ms) to 378.869873046875 (ms), cudaEventElapsed = 9.850048065185547 (ms)
[RANK2] F @ 379.793701171875 (ms) to 388.72314453125 (ms), cudaEventElapsed = 8.909343719482422 (ms)
[RANK2] B @ 431.171875 (ms) to 440.941162109375 (ms), cudaEventElapsed = 9.748160362243652 (ms)
[RANK2] F @ 441.902587890625 (ms) to 450.84521484375 (ms), cudaEventElapsed = 8.921855926513672 (ms)
[RANK2] B @ 451.84765625 (ms) to 461.594482421875 (ms), cudaEventElapsed = 9.724896430969238 (ms)
[RANK2] F @ 496.668701171875 (ms) to 505.63916015625 (ms), cudaEventElapsed = 8.948448181152344 (ms)
[RANK2] B @ 506.6103515625 (ms) to 516.3681640625 (ms), cudaEventElapsed = 9.736767768859863 (ms)
[RANK2] F @ 542.62890625 (ms) to 551.61669921875 (ms), cudaEventElapsed = 8.966848373413086 (ms)
[RANK2] B @ 552.57666015625 (ms) to 562.299560546875 (ms), cudaEventElapsed = 9.70150375366211 (ms)
[RANK2] W @ 563.134765625 (ms) to 569.44873046875 (ms), cudaEventElapsed = 6.288959980010986 (ms)
[RANK2] B @ 585.27734375 (ms) to 595.19580078125 (ms), cudaEventElapsed = 9.894271850585938 (ms)
[RANK2] W @ 595.971923828125 (ms) to 602.287353515625 (ms), cudaEventElapsed = 6.294112205505371 (ms)
[RANK2] B @ 631.32861328125 (ms) to 641.156005859375 (ms), cudaEventElapsed = 9.805536270141602 (ms)
[RANK2] 10W @ 643.043212890625 (ms) to 705.78759765625 (ms), cudaEventElapsed = 62.725311279296875 (ms)
[RANK2] Iteration 6
[RANK2] F @ 100.0654296875 (ms) to 109.750732421875 (ms), cudaEventElapsed = 9.654720306396484 (ms)
[RANK2] F @ 111.028076171875 (ms) to 120.2919921875 (ms), cudaEventElapsed = 9.237471580505371 (ms)
[RANK2] F @ 121.54833984375 (ms) to 131.2568359375 (ms), cudaEventElapsed = 9.681183815002441 (ms)
[RANK2] B @ 233.3642578125 (ms) to 243.367431640625 (ms), cudaEventElapsed = 9.976351737976074 (ms)
[RANK2] F @ 244.437744140625 (ms) to 253.787841796875 (ms), cudaEventElapsed = 9.325023651123047 (ms)
[RANK2] B @ 255.170166015625 (ms) to 264.9140625 (ms), cudaEventElapsed = 9.717632293701172 (ms)
[RANK2] F @ 265.951416015625 (ms) to 275.302490234375 (ms), cudaEventElapsed = 9.325728416442871 (ms)
[RANK2] B @ 276.68701171875 (ms) to 286.492431640625 (ms), cudaEventElapsed = 9.778335571289062 (ms)
[RANK2] F @ 309.80908203125 (ms) to 319.57421875 (ms), cudaEventElapsed = 9.740096092224121 (ms)
[RANK2] B @ 346.3525390625 (ms) to 356.134521484375 (ms), cudaEventElapsed = 9.760128021240234 (ms)
[RANK2] F @ 357.091552734375 (ms) to 366.027099609375 (ms), cudaEventElapsed = 8.915264129638672 (ms)
[RANK2] B @ 369.38916015625 (ms) to 379.105224609375 (ms), cudaEventElapsed = 9.695679664611816 (ms)
[RANK2] F @ 391.99462890625 (ms) to 400.958251953125 (ms), cudaEventElapsed = 8.939167976379395 (ms)
[RANK2] B @ 406.02978515625 (ms) to 415.787841796875 (ms), cudaEventElapsed = 9.736639976501465 (ms)
[RANK2] F @ 444.232421875 (ms) to 453.197265625 (ms), cudaEventElapsed = 8.942815780639648 (ms)
[RANK2] B @ 454.39013671875 (ms) to 464.246337890625 (ms), cudaEventElapsed = 9.83414363861084 (ms)
[RANK2] F @ 465.6513671875 (ms) to 474.590087890625 (ms), cudaEventElapsed = 8.917695999145508 (ms)
[RANK2] B @ 477.7470703125 (ms) to 488.465576171875 (ms), cudaEventElapsed = 10.696063995361328 (ms)
[RANK2] F @ 528.55712890625 (ms) to 537.536865234375 (ms), cudaEventElapsed = 8.958208084106445 (ms)
[RANK2] B @ 538.502685546875 (ms) to 548.642578125 (ms), cudaEventElapsed = 10.119327545166016 (ms)
[RANK2] F @ 577.38623046875 (ms) to 586.358154296875 (ms), cudaEventElapsed = 8.951295852661133 (ms)
[RANK2] B @ 587.31103515625 (ms) to 597.327392578125 (ms), cudaEventElapsed = 9.993439674377441 (ms)
[RANK2] W @ 597.94482421875 (ms) to 604.247314453125 (ms), cudaEventElapsed = 6.283552169799805 (ms)
[RANK2] B @ 614.16357421875 (ms) to 624.033447265625 (ms), cudaEventElapsed = 9.849408149719238 (ms)
[RANK2] W @ 624.68310546875 (ms) to 631.0078125 (ms), cudaEventElapsed = 6.30515193939209 (ms)
[RANK2] B @ 667.930419921875 (ms) to 677.75146484375 (ms), cudaEventElapsed = 9.801440238952637 (ms)
[RANK2] 10W @ 679.63525390625 (ms) to 742.5986328125 (ms), cudaEventElapsed = 62.94438552856445 (ms)
[RANK2] Iteration 7
[RANK2] F @ 82.031005859375 (ms) to 91.467041015625 (ms), cudaEventElapsed = 9.407391548156738 (ms)
[RANK2] F @ 92.648681640625 (ms) to 101.789306640625 (ms), cudaEventElapsed = 9.115360260009766 (ms)
[RANK2] F @ 102.997802734375 (ms) to 112.60205078125 (ms), cudaEventElapsed = 9.577695846557617 (ms)
[RANK2] B @ 217.163330078125 (ms) to 227.1357421875 (ms), cudaEventElapsed = 9.946687698364258 (ms)
[RANK2] F @ 228.0732421875 (ms) to 237.025634765625 (ms), cudaEventElapsed = 8.931839942932129 (ms)
[RANK2] B @ 238.180419921875 (ms) to 247.9013671875 (ms), cudaEventElapsed = 9.699904441833496 (ms)
[RANK2] F @ 248.874267578125 (ms) to 257.849609375 (ms), cudaEventElapsed = 8.95529556274414 (ms)
[RANK2] B @ 259.06201171875 (ms) to 268.79833984375 (ms), cudaEventElapsed = 9.71065616607666 (ms)
[RANK2] F @ 335.4501953125 (ms) to 345.19482421875 (ms), cudaEventElapsed = 9.717087745666504 (ms)
[RANK2] B @ 359.7685546875 (ms) to 369.656005859375 (ms), cudaEventElapsed = 9.862336158752441 (ms)
[RANK2] F @ 370.72216796875 (ms) to 380.005126953125 (ms), cudaEventElapsed = 9.257599830627441 (ms)
[RANK2] B @ 381.852783203125 (ms) to 391.62353515625 (ms), cudaEventElapsed = 9.746527671813965 (ms)
[RANK2] F @ 437.771484375 (ms) to 447.04052734375 (ms), cudaEventElapsed = 9.24403190612793 (ms)
[RANK2] B @ 466.427978515625 (ms) to 476.333251953125 (ms), cudaEventElapsed = 9.881535530090332 (ms)
[RANK2] F @ 477.38037109375 (ms) to 486.649169921875 (ms), cudaEventElapsed = 9.243103981018066 (ms)
[RANK2] B @ 502.311767578125 (ms) to 512.071533203125 (ms), cudaEventElapsed = 9.734623908996582 (ms)
[RANK2] F @ 513.045166015625 (ms) to 522.05078125 (ms), cudaEventElapsed = 8.985055923461914 (ms)
[RANK2] B @ 577.99560546875 (ms) to 587.7802734375 (ms), cudaEventElapsed = 9.761919975280762 (ms)
[RANK2] F @ 592.59716796875 (ms) to 601.55712890625 (ms), cudaEventElapsed = 8.939488410949707 (ms)
[RANK2] B @ 619.35986328125 (ms) to 629.116943359375 (ms), cudaEventElapsed = 9.736831665039062 (ms)
[RANK2] F @ 630.07568359375 (ms) to 639.01904296875 (ms), cudaEventElapsed = 8.923168182373047 (ms)
[RANK2] B @ 664.345947265625 (ms) to 674.174560546875 (ms), cudaEventElapsed = 9.808223724365234 (ms)
[RANK2] W @ 674.804931640625 (ms) to 681.123046875 (ms), cudaEventElapsed = 6.299488067626953 (ms)
[RANK2] B @ 745.2900390625 (ms) to 755.06494140625 (ms), cudaEventElapsed = 9.755743980407715 (ms)
[RANK2] W @ 755.71875 (ms) to 762.038818359375 (ms), cudaEventElapsed = 6.300960063934326 (ms)
[RANK2] B @ 782.358642578125 (ms) to 792.077880859375 (ms), cudaEventElapsed = 9.699711799621582 (ms)
[RANK2] 10W @ 794.07958984375 (ms) to 856.495361328125 (ms), cudaEventElapsed = 62.395774841308594 (ms)
[RANK2] Iteration 8
[RANK2] F @ 93.31494140625 (ms) to 102.727294921875 (ms), cudaEventElapsed = 9.384608268737793 (ms)
[RANK2] F @ 103.958251953125 (ms) to 113.193115234375 (ms), cudaEventElapsed = 9.20854377746582 (ms)
[RANK2] F @ 114.3828125 (ms) to 123.989501953125 (ms), cudaEventElapsed = 9.580479621887207 (ms)
[RANK2] B @ 211.147216796875 (ms) to 221.073974609375 (ms), cudaEventElapsed = 9.902815818786621 (ms)
[RANK2] F @ 221.98974609375 (ms) to 230.933349609375 (ms), cudaEventElapsed = 8.924192428588867 (ms)
[RANK2] B @ 232.574462890625 (ms) to 242.255859375 (ms), cudaEventElapsed = 9.660384178161621 (ms)
[RANK2] F @ 243.206298828125 (ms) to 252.186279296875 (ms), cudaEventElapsed = 8.960512161254883 (ms)
[RANK2] B @ 253.206787109375 (ms) to 262.9365234375 (ms), cudaEventElapsed = 9.708895683288574 (ms)
[RANK2] F @ 334.614501953125 (ms) to 344.416015625 (ms), cudaEventElapsed = 9.772928237915039 (ms)
[RANK2] B @ 345.706298828125 (ms) to 355.53369140625 (ms), cudaEventElapsed = 9.802271842956543 (ms)
[RANK2] F @ 356.580078125 (ms) to 365.836669921875 (ms), cudaEventElapsed = 9.232319831848145 (ms)
[RANK2] B @ 367.215576171875 (ms) to 377.1455078125 (ms), cudaEventElapsed = 9.904640197753906 (ms)
[RANK2] F @ 429.989013671875 (ms) to 439.31201171875 (ms), cudaEventElapsed = 9.295583724975586 (ms)
[RANK2] B @ 451.977783203125 (ms) to 461.873291015625 (ms), cudaEventElapsed = 9.87007999420166 (ms)
[RANK2] F @ 462.969482421875 (ms) to 472.2412109375 (ms), cudaEventElapsed = 9.246208190917969 (ms)
[RANK2] B @ 475.025634765625 (ms) to 484.803955078125 (ms), cudaEventElapsed = 9.75376033782959 (ms)
[RANK2] F @ 485.7119140625 (ms) to 494.669677734375 (ms), cudaEventElapsed = 8.937760353088379 (ms)
[RANK2] B @ 546.063720703125 (ms) to 555.88232421875 (ms), cudaEventElapsed = 9.796256065368652 (ms)
[RANK2] F @ 564.524658203125 (ms) to 573.470703125 (ms), cudaEventElapsed = 8.926783561706543 (ms)
[RANK2] B @ 579.704833984375 (ms) to 589.39404296875 (ms), cudaEventElapsed = 9.668671607971191 (ms)
[RANK2] F @ 590.34912109375 (ms) to 599.317626953125 (ms), cudaEventElapsed = 8.949151992797852 (ms)
[RANK2] B @ 600.408935546875 (ms) to 610.103759765625 (ms), cudaEventElapsed = 9.675392150878906 (ms)
[RANK2] W @ 610.73046875 (ms) to 617.05419921875 (ms), cudaEventElapsed = 6.305215835571289 (ms)
[RANK2] B @ 680.303955078125 (ms) to 690.022216796875 (ms), cudaEventElapsed = 9.698975563049316 (ms)
[RANK2] W @ 690.716064453125 (ms) to 697.03564453125 (ms), cudaEventElapsed = 6.301023960113525 (ms)
[RANK2] B @ 706.34619140625 (ms) to 716.058349609375 (ms), cudaEventElapsed = 9.693568229675293 (ms)
[RANK2] 10W @ 718.011474609375 (ms) to 782.45263671875 (ms), cudaEventElapsed = 64.42205047607422 (ms)
