[RANK1] Iteration 1
[RANK1] F @ 589.40234375 (ms) to 744.1416015625 (ms), cudaEventElapsed = 154.67538452148438 (ms)
[RANK1] F @ 814.269287109375 (ms) to 845.947021484375 (ms), cudaEventElapsed = 31.62073516845703 (ms)
[RANK1] F @ 846.372314453125 (ms) to 880.56396484375 (ms), cudaEventElapsed = 34.15475082397461 (ms)
[RANK1] F @ 880.86865234375 (ms) to 917.83984375 (ms), cudaEventElapsed = 36.93619155883789 (ms)
[RANK1] F @ 919.887939453125 (ms) to 957.32275390625 (ms), cudaEventElapsed = 37.39926528930664 (ms)
[RANK1] B @ 1748.30810546875 (ms) to 1801.12548828125 (ms), cudaEventElapsed = 52.75667190551758 (ms)
[RANK1] F @ 1805.58056640625 (ms) to 1837.803955078125 (ms), cudaEventElapsed = 32.17497634887695 (ms)
[RANK1] B @ 1838.144775390625 (ms) to 1881.819091796875 (ms), cudaEventElapsed = 43.63731384277344 (ms)
[RANK1] F @ 1903.93603515625 (ms) to 1936.0830078125 (ms), cudaEventElapsed = 32.109439849853516 (ms)
[RANK1] B @ 1936.37890625 (ms) to 1979.1640625 (ms), cudaEventElapsed = 42.75312042236328 (ms)
[RANK1] F @ 1979.48583984375 (ms) to 2013.091796875 (ms), cudaEventElapsed = 33.57503890991211 (ms)
[RANK1] B @ 2013.45751953125 (ms) to 2058.144287109375 (ms), cudaEventElapsed = 44.655296325683594 (ms)
[RANK1] W @ 2058.35009765625 (ms) to 2080.09765625 (ms), cudaEventElapsed = 21.7128963470459 (ms)
[RANK1] F @ 2080.220703125 (ms) to 2114.198486328125 (ms), cudaEventElapsed = 33.94828796386719 (ms)
[RANK1] B @ 2115.462158203125 (ms) to 2161.185791015625 (ms), cudaEventElapsed = 45.6921272277832 (ms)
[RANK1] B @ 2162.482177734375 (ms) to 2204.6328125 (ms), cudaEventElapsed = 42.11907196044922 (ms)
[RANK1] W @ 2204.765380859375 (ms) to 2224.956298828125 (ms), cudaEventElapsed = 20.159488677978516 (ms)
[RANK1] F @ 2225.18017578125 (ms) to 2259.185791015625 (ms), cudaEventElapsed = 33.97679901123047 (ms)
[RANK1] B @ 2260.453857421875 (ms) to 2305.70458984375 (ms), cudaEventElapsed = 45.2191047668457 (ms)
[RANK1] B @ 2307.009765625 (ms) to 2348.797607421875 (ms), cudaEventElapsed = 41.7529296875 (ms)
[RANK1] W @ 2348.918212890625 (ms) to 2368.8671875 (ms), cudaEventElapsed = 19.919872283935547 (ms)
[RANK1] F @ 2369.080322265625 (ms) to 2402.77099609375 (ms), cudaEventElapsed = 33.663169860839844 (ms)
[RANK1] B @ 2403.033203125 (ms) to 2447.19384765625 (ms), cudaEventElapsed = 44.13187026977539 (ms)
[RANK1] W @ 2447.377197265625 (ms) to 2469.157470703125 (ms), cudaEventElapsed = 20.793344497680664 (ms)
[RANK1] F @ 2469.3798828125 (ms) to 2503.097900390625 (ms), cudaEventElapsed = 33.687232971191406 (ms)
[RANK1] B @ 2503.364501953125 (ms) to 2547.379150390625 (ms), cudaEventElapsed = 43.98508834838867 (ms)
[RANK1] W @ 2547.508544921875 (ms) to 2568.49658203125 (ms), cudaEventElapsed = 20.955135345458984 (ms)
[RANK1] W @ 2568.625244140625 (ms) to 2590.009765625 (ms), cudaEventElapsed = 21.358591079711914 (ms)
[RANK1] B @ 2595.23388671875 (ms) to 2637.61962890625 (ms), cudaEventElapsed = 42.357887268066406 (ms)
[RANK1] W @ 2637.74072265625 (ms) to 2658.748046875 (ms), cudaEventElapsed = 20.974592208862305 (ms)
[RANK1] W @ 2658.867431640625 (ms) to 2680.7431640625 (ms), cudaEventElapsed = 21.850112915039062 (ms)
[RANK1] B @ 2683.300537109375 (ms) to 2725.6728515625 (ms), cudaEventElapsed = 42.345664978027344 (ms)
[RANK1] 4W @ 2725.80078125 (ms) to 2811.21484375 (ms), cudaEventElapsed = 85.37907409667969 (ms)
[RANK1] Iteration 2
[RANK1] F @ 30.563720703125 (ms) to 62.408203125 (ms), cudaEventElapsed = 31.799264907836914 (ms)
[RANK1] F @ 62.81884765625 (ms) to 96.814453125 (ms), cudaEventElapsed = 33.964576721191406 (ms)
[RANK1] F @ 97.197021484375 (ms) to 134.44384765625 (ms), cudaEventElapsed = 37.21721649169922 (ms)
[RANK1] F @ 134.740478515625 (ms) to 171.09814453125 (ms), cudaEventElapsed = 36.3260498046875 (ms)
[RANK1] F @ 174.01416015625 (ms) to 209.567626953125 (ms), cudaEventElapsed = 35.519615173339844 (ms)
[RANK1] B @ 225.4609375 (ms) to 267.19287109375 (ms), cudaEventElapsed = 41.69491195678711 (ms)
[RANK1] F @ 267.5302734375 (ms) to 300.820068359375 (ms), cudaEventElapsed = 33.25862503051758 (ms)
[RANK1] B @ 304.243896484375 (ms) to 348.214599609375 (ms), cudaEventElapsed = 43.93734359741211 (ms)
[RANK1] F @ 349.547607421875 (ms) to 383.149169921875 (ms), cudaEventElapsed = 33.5676155090332 (ms)
[RANK1] B @ 384.28271484375 (ms) to 428.060302734375 (ms), cudaEventElapsed = 43.74518585205078 (ms)
[RANK1] F @ 428.396728515625 (ms) to 462.57861328125 (ms), cudaEventElapsed = 34.15324783325195 (ms)
[RANK1] B @ 465.177978515625 (ms) to 508.78271484375 (ms), cudaEventElapsed = 43.56796646118164 (ms)
[RANK1] W @ 509.021728515625 (ms) to 530.331298828125 (ms), cudaEventElapsed = 21.189632415771484 (ms)
[RANK1] F @ 530.478759765625 (ms) to 563.90185546875 (ms), cudaEventElapsed = 33.394718170166016 (ms)
[RANK1] B @ 565.18212890625 (ms) to 610.69482421875 (ms), cudaEventElapsed = 45.480255126953125 (ms)
[RANK1] B @ 625.321533203125 (ms) to 665.7177734375 (ms), cudaEventElapsed = 40.36191940307617 (ms)
[RANK1] W @ 665.89794921875 (ms) to 685.50537109375 (ms), cudaEventElapsed = 19.578880310058594 (ms)
[RANK1] F @ 685.75732421875 (ms) to 720.130615234375 (ms), cudaEventElapsed = 34.34479904174805 (ms)
[RANK1] B @ 728.674560546875 (ms) to 772.965576171875 (ms), cudaEventElapsed = 44.25657653808594 (ms)
[RANK1] B @ 774.35986328125 (ms) to 815.813232421875 (ms), cudaEventElapsed = 41.4218864440918 (ms)
[RANK1] W @ 815.974853515625 (ms) to 835.878662109375 (ms), cudaEventElapsed = 19.87071990966797 (ms)
[RANK1] F @ 836.127685546875 (ms) to 870.56298828125 (ms), cudaEventElapsed = 34.40617752075195 (ms)
[RANK1] B @ 871.4873046875 (ms) to 917.01611328125 (ms), cudaEventElapsed = 45.49740982055664 (ms)
[RANK1] W @ 917.237060546875 (ms) to 940.387451171875 (ms), cudaEventElapsed = 22.112255096435547 (ms)
[RANK1] F @ 940.655517578125 (ms) to 975.599853515625 (ms), cudaEventElapsed = 34.9147834777832 (ms)
[RANK1] B @ 975.90673828125 (ms) to 1020.26904296875 (ms), cudaEventElapsed = 44.326942443847656 (ms)
[RANK1] W @ 1020.43310546875 (ms) to 1041.59375 (ms), cudaEventElapsed = 21.129215240478516 (ms)
[RANK1] W @ 1041.760498046875 (ms) to 1063.20166015625 (ms), cudaEventElapsed = 21.413888931274414 (ms)
[RANK1] B @ 1076.25634765625 (ms) to 1116.7138671875 (ms), cudaEventElapsed = 40.42591857910156 (ms)
[RANK1] W @ 1116.869384765625 (ms) to 1136.20361328125 (ms), cudaEventElapsed = 19.296255111694336 (ms)
[RANK1] W @ 1136.353271484375 (ms) to 1157.45556640625 (ms), cudaEventElapsed = 21.07494354248047 (ms)
[RANK1] B @ 1162.201416015625 (ms) to 1204.42333984375 (ms), cudaEventElapsed = 42.19193649291992 (ms)
[RANK1] 4W @ 1204.600341796875 (ms) to 1287.99267578125 (ms), cudaEventElapsed = 83.36077117919922 (ms)
[RANK1] Iteration 3
[RANK1] F @ 30.5263671875 (ms) to 62.3271484375 (ms), cudaEventElapsed = 31.76134490966797 (ms)
[RANK1] F @ 62.73193359375 (ms) to 96.854248046875 (ms), cudaEventElapsed = 34.08988952636719 (ms)
[RANK1] F @ 97.26123046875 (ms) to 134.02587890625 (ms), cudaEventElapsed = 36.73241424560547 (ms)
[RANK1] F @ 134.349609375 (ms) to 170.69140625 (ms), cudaEventElapsed = 36.309505462646484 (ms)
[RANK1] F @ 173.468017578125 (ms) to 208.765625 (ms), cudaEventElapsed = 35.26380920410156 (ms)
[RANK1] B @ 225.172119140625 (ms) to 266.687255859375 (ms), cudaEventElapsed = 41.47740936279297 (ms)
[RANK1] F @ 267.038330078125 (ms) to 299.95654296875 (ms), cudaEventElapsed = 32.88172912597656 (ms)
[RANK1] B @ 304.947265625 (ms) to 348.296630859375 (ms), cudaEventElapsed = 43.315040588378906 (ms)
[RANK1] F @ 349.68408203125 (ms) to 383.24658203125 (ms), cudaEventElapsed = 33.52988815307617 (ms)
[RANK1] B @ 385.3037109375 (ms) to 428.915283203125 (ms), cudaEventElapsed = 43.57059097290039 (ms)
[RANK1] F @ 429.275634765625 (ms) to 463.233642578125 (ms), cudaEventElapsed = 33.92854309082031 (ms)
[RANK1] B @ 466.343505859375 (ms) to 509.983642578125 (ms), cudaEventElapsed = 43.60291290283203 (ms)
[RANK1] W @ 510.229248046875 (ms) to 531.579345703125 (ms), cudaEventElapsed = 21.204992294311523 (ms)
[RANK1] F @ 531.7265625 (ms) to 565.53955078125 (ms), cudaEventElapsed = 33.78451156616211 (ms)
[RANK1] B @ 566.95947265625 (ms) to 612.55517578125 (ms), cudaEventElapsed = 45.56342315673828 (ms)
[RANK1] B @ 626.869384765625 (ms) to 667.395263671875 (ms), cudaEventElapsed = 40.491233825683594 (ms)
[RANK1] W @ 667.565185546875 (ms) to 686.9853515625 (ms), cudaEventElapsed = 19.390464782714844 (ms)
[RANK1] F @ 687.23779296875 (ms) to 721.2900390625 (ms), cudaEventElapsed = 34.02364730834961 (ms)
[RANK1] B @ 730.527587890625 (ms) to 774.77783203125 (ms), cudaEventElapsed = 44.21583938598633 (ms)
[RANK1] B @ 776.341552734375 (ms) to 817.81103515625 (ms), cudaEventElapsed = 41.437599182128906 (ms)
[RANK1] W @ 817.97265625 (ms) to 837.72998046875 (ms), cudaEventElapsed = 19.727359771728516 (ms)
[RANK1] F @ 837.9736328125 (ms) to 872.332763671875 (ms), cudaEventElapsed = 34.33158493041992 (ms)
[RANK1] B @ 873.066650390625 (ms) to 918.593017578125 (ms), cudaEventElapsed = 45.49599838256836 (ms)
[RANK1] W @ 918.8125 (ms) to 941.64599609375 (ms), cudaEventElapsed = 21.793792724609375 (ms)
[RANK1] F @ 941.906982421875 (ms) to 976.5205078125 (ms), cudaEventElapsed = 34.58467102050781 (ms)
[RANK1] B @ 977.978759765625 (ms) to 1022.38818359375 (ms), cudaEventElapsed = 44.37587356567383 (ms)
[RANK1] W @ 1022.5546875 (ms) to 1043.69189453125 (ms), cudaEventElapsed = 21.107711791992188 (ms)
[RANK1] W @ 1043.85302734375 (ms) to 1065.285888671875 (ms), cudaEventElapsed = 21.405696868896484 (ms)
[RANK1] B @ 1080.69091796875 (ms) to 1120.960205078125 (ms), cudaEventElapsed = 40.23823928833008 (ms)
[RANK1] W @ 1121.119873046875 (ms) to 1140.7744140625 (ms), cudaEventElapsed = 19.62393569946289 (ms)
[RANK1] W @ 1140.92041015625 (ms) to 1162.415283203125 (ms), cudaEventElapsed = 21.46918487548828 (ms)
[RANK1] B @ 1166.47216796875 (ms) to 1208.650390625 (ms), cudaEventElapsed = 42.147422790527344 (ms)
[RANK1] 4W @ 1208.808837890625 (ms) to 1292.11669921875 (ms), cudaEventElapsed = 83.27168273925781 (ms)
[RANK1] Iteration 4
[RANK1] F @ 30.398193359375 (ms) to 62.314697265625 (ms), cudaEventElapsed = 31.880767822265625 (ms)
[RANK1] F @ 62.712646484375 (ms) to 97.3798828125 (ms), cudaEventElapsed = 34.63587188720703 (ms)
[RANK1] F @ 97.779296875 (ms) to 134.7802734375 (ms), cudaEventElapsed = 36.969505310058594 (ms)
[RANK1] F @ 135.11328125 (ms) to 171.294921875 (ms), cudaEventElapsed = 36.14982223510742 (ms)
[RANK1] F @ 173.8447265625 (ms) to 209.82421875 (ms), cudaEventElapsed = 35.9447021484375 (ms)
[RANK1] B @ 225.356689453125 (ms) to 267.143798828125 (ms), cudaEventElapsed = 41.74879837036133 (ms)
[RANK1] F @ 267.5146484375 (ms) to 300.855712890625 (ms), cudaEventElapsed = 33.31071853637695 (ms)
[RANK1] B @ 303.922119140625 (ms) to 347.210693359375 (ms), cudaEventElapsed = 43.24844741821289 (ms)
[RANK1] F @ 348.572265625 (ms) to 382.6640625 (ms), cudaEventElapsed = 34.05964660644531 (ms)
[RANK1] B @ 384.067626953125 (ms) to 427.529052734375 (ms), cudaEventElapsed = 43.42736053466797 (ms)
[RANK1] F @ 427.884765625 (ms) to 462.07470703125 (ms), cudaEventElapsed = 34.15974426269531 (ms)
[RANK1] B @ 464.2724609375 (ms) to 507.890380859375 (ms), cudaEventElapsed = 43.579200744628906 (ms)
[RANK1] W @ 508.131591796875 (ms) to 529.541015625 (ms), cudaEventElapsed = 21.27359962463379 (ms)
[RANK1] F @ 529.69873046875 (ms) to 563.342529296875 (ms), cudaEventElapsed = 33.61481475830078 (ms)
[RANK1] B @ 564.76611328125 (ms) to 610.506591796875 (ms), cudaEventElapsed = 45.70809555053711 (ms)
[RANK1] B @ 623.178466796875 (ms) to 663.6259765625 (ms), cudaEventElapsed = 40.410430908203125 (ms)
[RANK1] W @ 663.803466796875 (ms) to 683.035400390625 (ms), cudaEventElapsed = 19.200000762939453 (ms)
[RANK1] F @ 683.291748046875 (ms) to 717.34765625 (ms), cudaEventElapsed = 34.02678298950195 (ms)
[RANK1] B @ 725.49951171875 (ms) to 769.5322265625 (ms), cudaEventElapsed = 43.99772644042969 (ms)
[RANK1] B @ 770.949951171875 (ms) to 812.51123046875 (ms), cudaEventElapsed = 41.52921676635742 (ms)
[RANK1] W @ 812.6884765625 (ms) to 832.982421875 (ms), cudaEventElapsed = 20.25676727294922 (ms)
[RANK1] F @ 833.240478515625 (ms) to 867.840087890625 (ms), cudaEventElapsed = 34.570945739746094 (ms)
[RANK1] B @ 868.1494140625 (ms) to 914.3525390625 (ms), cudaEventElapsed = 46.17171096801758 (ms)
[RANK1] W @ 914.59619140625 (ms) to 937.57568359375 (ms), cudaEventElapsed = 21.908479690551758 (ms)
[RANK1] F @ 937.85107421875 (ms) to 972.217041015625 (ms), cudaEventElapsed = 34.334815979003906 (ms)
[RANK1] B @ 972.581787109375 (ms) to 1016.847412109375 (ms), cudaEventElapsed = 44.22697448730469 (ms)
[RANK1] W @ 1017.0224609375 (ms) to 1038.247802734375 (ms), cudaEventElapsed = 21.189632415771484 (ms)
[RANK1] W @ 1038.408203125 (ms) to 1059.853271484375 (ms), cudaEventElapsed = 21.417984008789062 (ms)
[RANK1] B @ 1075.75634765625 (ms) to 1116.166259765625 (ms), cudaEventElapsed = 40.37919998168945 (ms)
[RANK1] W @ 1116.32666015625 (ms) to 1135.887939453125 (ms), cudaEventElapsed = 19.524608612060547 (ms)
[RANK1] W @ 1136.041748046875 (ms) to 1157.1142578125 (ms), cudaEventElapsed = 21.040128707885742 (ms)
[RANK1] B @ 1161.67431640625 (ms) to 1203.558349609375 (ms), cudaEventElapsed = 41.854881286621094 (ms)
[RANK1] 4W @ 1203.7158203125 (ms) to 1287.023193359375 (ms), cudaEventElapsed = 83.272705078125 (ms)
[RANK1] Iteration 5
[RANK1] F @ 30.52392578125 (ms) to 62.32861328125 (ms), cudaEventElapsed = 31.768320083618164 (ms)
[RANK1] F @ 62.716796875 (ms) to 97.286376953125 (ms), cudaEventElapsed = 34.53958511352539 (ms)
[RANK1] F @ 97.6845703125 (ms) to 134.58642578125 (ms), cudaEventElapsed = 36.87001419067383 (ms)
[RANK1] F @ 134.89892578125 (ms) to 171.36181640625 (ms), cudaEventElapsed = 36.43113708496094 (ms)
[RANK1] F @ 173.88525390625 (ms) to 209.5966796875 (ms), cudaEventElapsed = 35.67728042602539 (ms)
[RANK1] B @ 225.435302734375 (ms) to 267.92236328125 (ms), cudaEventElapsed = 42.448158264160156 (ms)
[RANK1] F @ 268.27783203125 (ms) to 304.362548828125 (ms), cudaEventElapsed = 36.05369567871094 (ms)
[RANK1] B @ 307.38525390625 (ms) to 352.336181640625 (ms), cudaEventElapsed = 44.90911865234375 (ms)
[RANK1] F @ 353.689453125 (ms) to 389.441650390625 (ms), cudaEventElapsed = 35.72022247314453 (ms)
[RANK1] B @ 391.09521484375 (ms) to 435.73974609375 (ms), cudaEventElapsed = 44.6124153137207 (ms)
[RANK1] F @ 436.092041015625 (ms) to 471.97998046875 (ms), cudaEventElapsed = 35.8583984375 (ms)
[RANK1] B @ 474.974365234375 (ms) to 519.858642578125 (ms), cudaEventElapsed = 44.8502082824707 (ms)
[RANK1] W @ 520.105224609375 (ms) to 543.82470703125 (ms), cudaEventElapsed = 23.583744049072266 (ms)
[RANK1] F @ 543.97509765625 (ms) to 582.21240234375 (ms), cudaEventElapsed = 38.209598541259766 (ms)
[RANK1] B @ 583.66064453125 (ms) to 631.169921875 (ms), cudaEventElapsed = 47.4747200012207 (ms)
[RANK1] B @ 640.44287109375 (ms) to 683.1728515625 (ms), cudaEventElapsed = 42.696510314941406 (ms)
[RANK1] W @ 683.351806640625 (ms) to 705.9228515625 (ms), cudaEventElapsed = 22.5402889251709 (ms)
[RANK1] F @ 706.195556640625 (ms) to 746.319091796875 (ms), cudaEventElapsed = 40.094112396240234 (ms)
[RANK1] B @ 750.4228515625 (ms) to 797.13232421875 (ms), cudaEventElapsed = 46.67545700073242 (ms)
[RANK1] B @ 798.5458984375 (ms) to 842.416259765625 (ms), cudaEventElapsed = 43.83955383300781 (ms)
[RANK1] W @ 842.58447265625 (ms) to 865.375 (ms), cudaEventElapsed = 22.753280639648438 (ms)
[RANK1] F @ 865.642578125 (ms) to 908.168212890625 (ms), cudaEventElapsed = 42.49708938598633 (ms)
[RANK1] B @ 908.4658203125 (ms) to 956.910400390625 (ms), cudaEventElapsed = 48.415103912353516 (ms)
[RANK1] W @ 957.131103515625 (ms) to 981.605712890625 (ms), cudaEventElapsed = 23.439359664916992 (ms)
[RANK1] F @ 981.86279296875 (ms) to 1020.431396484375 (ms), cudaEventElapsed = 38.53200149536133 (ms)
[RANK1] B @ 1026.103271484375 (ms) to 1071.269775390625 (ms), cudaEventElapsed = 45.13385772705078 (ms)
[RANK1] W @ 1071.432861328125 (ms) to 1095.0107421875 (ms), cudaEventElapsed = 23.545856475830078 (ms)
[RANK1] W @ 1095.162841796875 (ms) to 1122.781005859375 (ms), cudaEventElapsed = 27.5916805267334 (ms)
[RANK1] B @ 1136.537109375 (ms) to 1180.896240234375 (ms), cudaEventElapsed = 44.32950210571289 (ms)
[RANK1] W @ 1181.07080078125 (ms) to 1203.365234375 (ms), cudaEventElapsed = 22.25868797302246 (ms)
[RANK1] W @ 1203.5244140625 (ms) to 1230.445556640625 (ms), cudaEventElapsed = 26.895360946655273 (ms)
[RANK1] B @ 1234.935791015625 (ms) to 1281.3017578125 (ms), cudaEventElapsed = 46.33497619628906 (ms)
[RANK1] 4W @ 1281.4716796875 (ms) to 1385.07666015625 (ms), cudaEventElapsed = 103.5673599243164 (ms)
[RANK1] Iteration 6
[RANK1] F @ 30.3828125 (ms) to 62.458984375 (ms), cudaEventElapsed = 32.03887939453125 (ms)
[RANK1] F @ 62.866455078125 (ms) to 97.43798828125 (ms), cudaEventElapsed = 34.53865432739258 (ms)
[RANK1] F @ 97.8408203125 (ms) to 134.633056640625 (ms), cudaEventElapsed = 36.760833740234375 (ms)
[RANK1] F @ 134.95751953125 (ms) to 171.4423828125 (ms), cudaEventElapsed = 36.45267105102539 (ms)
[RANK1] F @ 173.969970703125 (ms) to 210.1025390625 (ms), cudaEventElapsed = 36.09846496582031 (ms)
[RANK1] B @ 227.626220703125 (ms) to 270.344482421875 (ms), cudaEventElapsed = 42.679264068603516 (ms)
[RANK1] F @ 270.711181640625 (ms) to 306.063720703125 (ms), cudaEventElapsed = 35.32204818725586 (ms)
[RANK1] B @ 309.97802734375 (ms) to 354.20703125 (ms), cudaEventElapsed = 44.19148635864258 (ms)
[RANK1] F @ 355.57177734375 (ms) to 391.369873046875 (ms), cudaEventElapsed = 35.7630729675293 (ms)
[RANK1] B @ 393.073974609375 (ms) to 438.325927734375 (ms), cudaEventElapsed = 45.218143463134766 (ms)
[RANK1] F @ 438.687255859375 (ms) to 474.910400390625 (ms), cudaEventElapsed = 36.172542572021484 (ms)
[RANK1] B @ 475.71142578125 (ms) to 521.179931640625 (ms), cudaEventElapsed = 45.43510437011719 (ms)
[RANK1] W @ 521.438232421875 (ms) to 546.19140625 (ms), cudaEventElapsed = 24.603647232055664 (ms)
[RANK1] F @ 546.36083984375 (ms) to 584.3095703125 (ms), cudaEventElapsed = 37.91984176635742 (ms)
[RANK1] B @ 585.844482421875 (ms) to 633.4453125 (ms), cudaEventElapsed = 47.566688537597656 (ms)
[RANK1] B @ 640.813232421875 (ms) to 684.52880859375 (ms), cudaEventElapsed = 43.677921295166016 (ms)
[RANK1] W @ 684.734130859375 (ms) to 708.0234375 (ms), cudaEventElapsed = 23.254016876220703 (ms)
[RANK1] F @ 708.302734375 (ms) to 746.96435546875 (ms), cudaEventElapsed = 38.632545471191406 (ms)
[RANK1] B @ 751.27392578125 (ms) to 797.147216796875 (ms), cudaEventElapsed = 45.83695983886719 (ms)
[RANK1] B @ 798.596923828125 (ms) to 842.70947265625 (ms), cudaEventElapsed = 44.077728271484375 (ms)
[RANK1] W @ 842.900146484375 (ms) to 867.052001953125 (ms), cudaEventElapsed = 24.119295120239258 (ms)
[RANK1] F @ 867.345458984375 (ms) to 909.828857421875 (ms), cudaEventElapsed = 42.45452880859375 (ms)
[RANK1] B @ 910.1416015625 (ms) to 959.239990234375 (ms), cudaEventElapsed = 49.0645751953125 (ms)
[RANK1] W @ 959.475830078125 (ms) to 984.88671875 (ms), cudaEventElapsed = 24.33126449584961 (ms)
[RANK1] F @ 985.1630859375 (ms) to 1023.682373046875 (ms), cudaEventElapsed = 38.49059295654297 (ms)
[RANK1] B @ 1027.452392578125 (ms) to 1072.408935546875 (ms), cudaEventElapsed = 44.92287826538086 (ms)
[RANK1] W @ 1072.577392578125 (ms) to 1095.237060546875 (ms), cudaEventElapsed = 22.629375457763672 (ms)
[RANK1] W @ 1095.395263671875 (ms) to 1124.33203125 (ms), cudaEventElapsed = 28.909568786621094 (ms)
[RANK1] B @ 1136.826416015625 (ms) to 1181.793701171875 (ms), cudaEventElapsed = 44.93280029296875 (ms)
[RANK1] W @ 1181.982421875 (ms) to 1205.296875 (ms), cudaEventElapsed = 23.27961540222168 (ms)
[RANK1] W @ 1205.465576171875 (ms) to 1232.309814453125 (ms), cudaEventElapsed = 26.816511154174805 (ms)
[RANK1] B @ 1236.147216796875 (ms) to 1283.482177734375 (ms), cudaEventElapsed = 47.30281448364258 (ms)
[RANK1] 4W @ 1283.670654296875 (ms) to 1387.619873046875 (ms), cudaEventElapsed = 103.91449737548828 (ms)
[RANK1] Iteration 7
[RANK1] F @ 30.38037109375 (ms) to 62.343505859375 (ms), cudaEventElapsed = 31.925695419311523 (ms)
[RANK1] F @ 62.758544921875 (ms) to 97.418212890625 (ms), cudaEventElapsed = 34.627296447753906 (ms)
[RANK1] F @ 97.81103515625 (ms) to 134.62109375 (ms), cudaEventElapsed = 36.7786865234375 (ms)
[RANK1] F @ 134.933837890625 (ms) to 171.071533203125 (ms), cudaEventElapsed = 36.10630416870117 (ms)
[RANK1] F @ 173.681884765625 (ms) to 209.173828125 (ms), cudaEventElapsed = 35.456478118896484 (ms)
[RANK1] B @ 225.81103515625 (ms) to 268.29931640625 (ms), cudaEventElapsed = 42.448577880859375 (ms)
[RANK1] F @ 268.66552734375 (ms) to 304.44970703125 (ms), cudaEventElapsed = 35.75328063964844 (ms)
[RANK1] B @ 307.81787109375 (ms) to 352.86669921875 (ms), cudaEventElapsed = 45.01385498046875 (ms)
[RANK1] F @ 354.25 (ms) to 390.039794921875 (ms), cudaEventElapsed = 35.75686264038086 (ms)
[RANK1] B @ 391.593994140625 (ms) to 436.341064453125 (ms), cudaEventElapsed = 44.71440124511719 (ms)
[RANK1] F @ 436.683349609375 (ms) to 472.553466796875 (ms), cudaEventElapsed = 35.83958435058594 (ms)
[RANK1] B @ 475.135986328125 (ms) to 520.0068359375 (ms), cudaEventElapsed = 44.82950210571289 (ms)
[RANK1] W @ 520.282958984375 (ms) to 543.91455078125 (ms), cudaEventElapsed = 23.47417640686035 (ms)
[RANK1] F @ 544.078369140625 (ms) to 582.298828125 (ms), cudaEventElapsed = 38.18921661376953 (ms)
[RANK1] B @ 583.821533203125 (ms) to 631.3232421875 (ms), cudaEventElapsed = 47.46928024291992 (ms)
[RANK1] B @ 640.669189453125 (ms) to 683.44140625 (ms), cudaEventElapsed = 42.7341423034668 (ms)
[RANK1] W @ 683.625 (ms) to 706.42236328125 (ms), cudaEventElapsed = 22.755327224731445 (ms)
[RANK1] F @ 706.689208984375 (ms) to 746.430419921875 (ms), cudaEventElapsed = 39.7125129699707 (ms)
[RANK1] B @ 751.745361328125 (ms) to 798.3681640625 (ms), cudaEventElapsed = 46.586334228515625 (ms)
[RANK1] B @ 799.819091796875 (ms) to 843.701171875 (ms), cudaEventElapsed = 43.85033416748047 (ms)
[RANK1] W @ 843.865478515625 (ms) to 867.107177734375 (ms), cudaEventElapsed = 23.214080810546875 (ms)
[RANK1] F @ 867.374267578125 (ms) to 911.05908203125 (ms), cudaEventElapsed = 43.656673431396484 (ms)
[RANK1] B @ 911.367919921875 (ms) to 960.130615234375 (ms), cudaEventElapsed = 48.73276901245117 (ms)
[RANK1] W @ 960.352294921875 (ms) to 985.33935546875 (ms), cudaEventElapsed = 23.9421443939209 (ms)
[RANK1] F @ 985.613037109375 (ms) to 1024.834716796875 (ms), cudaEventElapsed = 39.19260787963867 (ms)
[RANK1] B @ 1026.292236328125 (ms) to 1072.202880859375 (ms), cudaEventElapsed = 45.877342224121094 (ms)
[RANK1] W @ 1072.361328125 (ms) to 1096.78173828125 (ms), cudaEventElapsed = 24.392704010009766 (ms)
[RANK1] W @ 1096.935302734375 (ms) to 1125.371337890625 (ms), cudaEventElapsed = 28.408832550048828 (ms)
[RANK1] B @ 1137.05322265625 (ms) to 1182.3427734375 (ms), cudaEventElapsed = 45.26019287109375 (ms)
[RANK1] W @ 1182.489501953125 (ms) to 1205.125244140625 (ms), cudaEventElapsed = 22.608896255493164 (ms)
[RANK1] W @ 1205.272705078125 (ms) to 1232.43701171875 (ms), cudaEventElapsed = 27.13907241821289 (ms)
[RANK1] B @ 1235.778564453125 (ms) to 1282.42041015625 (ms), cudaEventElapsed = 46.613311767578125 (ms)
[RANK1] 4W @ 1282.570556640625 (ms) to 1387.72607421875 (ms), cudaEventElapsed = 105.12281799316406 (ms)
[RANK1] Iteration 8
[RANK1] F @ 30.478271484375 (ms) to 62.53271484375 (ms), cudaEventElapsed = 32.019168853759766 (ms)
[RANK1] F @ 62.9033203125 (ms) to 97.33544921875 (ms), cudaEventElapsed = 34.402687072753906 (ms)
[RANK1] F @ 97.697998046875 (ms) to 134.659912109375 (ms), cudaEventElapsed = 36.93119812011719 (ms)
[RANK1] F @ 134.94970703125 (ms) to 171.605712890625 (ms), cudaEventElapsed = 36.62633514404297 (ms)
[RANK1] F @ 174.29052734375 (ms) to 210.378173828125 (ms), cudaEventElapsed = 36.05500793457031 (ms)
[RANK1] B @ 227.22216796875 (ms) to 270.003662109375 (ms), cudaEventElapsed = 42.74745559692383 (ms)
[RANK1] F @ 270.337646484375 (ms) to 305.93212890625 (ms), cudaEventElapsed = 35.564510345458984 (ms)
[RANK1] B @ 309.388671875 (ms) to 353.543212890625 (ms), cudaEventElapsed = 44.12092971801758 (ms)
[RANK1] F @ 354.83349609375 (ms) to 390.822509765625 (ms), cudaEventElapsed = 35.957313537597656 (ms)
[RANK1] B @ 392.6767578125 (ms) to 437.799072265625 (ms), cudaEventElapsed = 45.09065628051758 (ms)
[RANK1] F @ 438.138671875 (ms) to 474.48046875 (ms), cudaEventElapsed = 36.311744689941406 (ms)
[RANK1] B @ 475.732666015625 (ms) to 520.957275390625 (ms), cudaEventElapsed = 45.19279861450195 (ms)
[RANK1] W @ 521.194580078125 (ms) to 545.65869140625 (ms), cudaEventElapsed = 24.33843231201172 (ms)
[RANK1] F @ 545.810791015625 (ms) to 583.48583984375 (ms), cudaEventElapsed = 37.64799880981445 (ms)
[RANK1] B @ 584.849853515625 (ms) to 631.86669921875 (ms), cudaEventElapsed = 46.98566436767578 (ms)
[RANK1] B @ 641.175537109375 (ms) to 684.371826171875 (ms), cudaEventElapsed = 43.163551330566406 (ms)
[RANK1] W @ 684.528564453125 (ms) to 707.335693359375 (ms), cudaEventElapsed = 22.773759841918945 (ms)
[RANK1] F @ 707.58251953125 (ms) to 746.4931640625 (ms), cudaEventElapsed = 38.882911682128906 (ms)
[RANK1] B @ 751.68994140625 (ms) to 797.76513671875 (ms), cudaEventElapsed = 46.042335510253906 (ms)
[RANK1] B @ 799.148193359375 (ms) to 843.39404296875 (ms), cudaEventElapsed = 44.21424102783203 (ms)
[RANK1] W @ 843.551513671875 (ms) to 867.385498046875 (ms), cudaEventElapsed = 23.805952072143555 (ms)
[RANK1] F @ 867.6357421875 (ms) to 911.05517578125 (ms), cudaEventElapsed = 43.38265609741211 (ms)
[RANK1] B @ 911.34326171875 (ms) to 960.9599609375 (ms), cudaEventElapsed = 49.58515167236328 (ms)
[RANK1] W @ 961.183837890625 (ms) to 986.689453125 (ms), cudaEventElapsed = 24.46028709411621 (ms)
[RANK1] F @ 986.9541015625 (ms) to 1025.779052734375 (ms), cudaEventElapsed = 38.794334411621094 (ms)
[RANK1] B @ 1028.48291015625 (ms) to 1073.49072265625 (ms), cudaEventElapsed = 44.974464416503906 (ms)
[RANK1] W @ 1073.6572265625 (ms) to 1097.050048828125 (ms), cudaEventElapsed = 23.358463287353516 (ms)
[RANK1] W @ 1097.210693359375 (ms) to 1126.84228515625 (ms), cudaEventElapsed = 29.603839874267578 (ms)
[RANK1] B @ 1138.550537109375 (ms) to 1184.23046875 (ms), cudaEventElapsed = 45.64966583251953 (ms)
[RANK1] W @ 1184.3818359375 (ms) to 1207.585205078125 (ms), cudaEventElapsed = 23.174144744873047 (ms)
[RANK1] W @ 1207.739501953125 (ms) to 1234.255126953125 (ms), cudaEventElapsed = 26.488832473754883 (ms)
[RANK1] B @ 1237.689453125 (ms) to 1285.249755859375 (ms), cudaEventElapsed = 47.53142547607422 (ms)
[RANK1] 4W @ 1285.41015625 (ms) to 1389.912109375 (ms), cudaEventElapsed = 104.47360229492188 (ms)
[RANK1] Iteration 9
[RANK1] F @ 30.53564453125 (ms) to 62.395263671875 (ms), cudaEventElapsed = 31.82489585876465 (ms)
[RANK1] F @ 63.017822265625 (ms) to 97.68310546875 (ms), cudaEventElapsed = 34.634559631347656 (ms)
[RANK1] F @ 98.051025390625 (ms) to 135.177978515625 (ms), cudaEventElapsed = 37.09347152709961 (ms)
[RANK1] F @ 135.472412109375 (ms) to 172.20068359375 (ms), cudaEventElapsed = 36.694305419921875 (ms)
[RANK1] F @ 174.826904296875 (ms) to 210.621826171875 (ms), cudaEventElapsed = 35.76182556152344 (ms)
[RANK1] B @ 226.39111328125 (ms) to 269.1162109375 (ms), cudaEventElapsed = 42.688480377197266 (ms)
[RANK1] F @ 337.806396484375 (ms) to 369.30810546875 (ms), cudaEventElapsed = 31.46691131591797 (ms)
[RANK1] B @ 369.6083984375 (ms) to 413.2568359375 (ms), cudaEventElapsed = 43.6181755065918 (ms)
[RANK1] F @ 485.115478515625 (ms) to 516.570068359375 (ms), cudaEventElapsed = 31.42019271850586 (ms)
[RANK1] B @ 516.882568359375 (ms) to 560.837646484375 (ms), cudaEventElapsed = 43.9246711730957 (ms)
[RANK1] F @ 632.035400390625 (ms) to 663.421142578125 (ms), cudaEventElapsed = 31.35139274597168 (ms)
[RANK1] B @ 663.79296875 (ms) to 707.85205078125 (ms), cudaEventElapsed = 44.025054931640625 (ms)
[RANK1] W @ 708.0859375 (ms) to 798.08544921875 (ms), cudaEventElapsed = 19.331071853637695 (ms)
[RANK1] F @ 798.236083984375 (ms) to 832.581787109375 (ms), cudaEventElapsed = 34.31692886352539 (ms)
[RANK1] B @ 833.83349609375 (ms) to 879.734375 (ms), cudaEventElapsed = 45.86991882324219 (ms)
[RANK1] B @ 952.41064453125 (ms) to 993.400146484375 (ms), cudaEventElapsed = 40.956703186035156 (ms)
[RANK1] W @ 993.57275390625 (ms) to 1079.479736328125 (ms), cudaEventElapsed = 19.44473648071289 (ms)
[RANK1] F @ 1079.744140625 (ms) to 1114.608154296875 (ms), cudaEventElapsed = 34.832576751708984 (ms)
[RANK1] B @ 1115.857421875 (ms) to 1161.7197265625 (ms), cudaEventElapsed = 45.83203125 (ms)
[RANK1] B @ 1233.38330078125 (ms) to 1274.51708984375 (ms), cudaEventElapsed = 41.10006332397461 (ms)
[RANK1] W @ 1274.694580078125 (ms) to 1361.871337890625 (ms), cudaEventElapsed = 19.4017276763916 (ms)
[RANK1] F @ 1362.126708984375 (ms) to 1396.9794921875 (ms), cudaEventElapsed = 34.824222564697266 (ms)
[RANK1] B @ 1397.283203125 (ms) to 1444.047607421875 (ms), cudaEventElapsed = 46.733089447021484 (ms)
[RANK1] W @ 1444.27880859375 (ms) to 1535.55517578125 (ms), cudaEventElapsed = 19.44166374206543 (ms)
[RANK1] F @ 1535.841796875 (ms) to 1570.097412109375 (ms), cudaEventElapsed = 34.22499084472656 (ms)
[RANK1] B @ 1570.4033203125 (ms) to 1617.021728515625 (ms), cudaEventElapsed = 46.588096618652344 (ms)
[RANK1] W @ 1617.191650390625 (ms) to 1708.787841796875 (ms), cudaEventElapsed = 19.390464782714844 (ms)
[RANK1] W @ 1708.966552734375 (ms) to 1730.262939453125 (ms), cudaEventElapsed = 21.2674560546875 (ms)
[RANK1] B @ 1730.409423828125 (ms) to 1777.962890625 (ms), cudaEventElapsed = 47.525665283203125 (ms)
[RANK1] W @ 1778.123291015625 (ms) to 1870.358642578125 (ms), cudaEventElapsed = 19.382272720336914 (ms)
[RANK1] W @ 1870.531982421875 (ms) to 1891.890380859375 (ms), cudaEventElapsed = 21.329919815063477 (ms)
[RANK1] B @ 1892.03173828125 (ms) to 1939.774658203125 (ms), cudaEventElapsed = 47.71443176269531 (ms)
[RANK1] 4W @ 1939.9404296875 (ms) to 2108.217529296875 (ms), cudaEventElapsed = 95.69894409179688 (ms)
[RANK1] Iteration 10
[RANK1] F @ 30.42919921875 (ms) to 62.5771484375 (ms), cudaEventElapsed = 32.11347198486328 (ms)
[RANK1] F @ 62.96435546875 (ms) to 97.84716796875 (ms), cudaEventElapsed = 34.851585388183594 (ms)
[RANK1] F @ 98.2255859375 (ms) to 135.287353515625 (ms), cudaEventElapsed = 37.03004837036133 (ms)
[RANK1] F @ 135.584716796875 (ms) to 172.086181640625 (ms), cudaEventElapsed = 36.469696044921875 (ms)
[RANK1] F @ 174.322998046875 (ms) to 210.738525390625 (ms), cudaEventElapsed = 36.378753662109375 (ms)
[RANK1] B @ 228.316162109375 (ms) to 271.240478515625 (ms), cudaEventElapsed = 42.88016128540039 (ms)
[RANK1] F @ 342.01318359375 (ms) to 373.42626953125 (ms), cudaEventElapsed = 31.37401580810547 (ms)
[RANK1] B @ 373.7509765625 (ms) to 417.538330078125 (ms), cudaEventElapsed = 43.756961822509766 (ms)
[RANK1] F @ 489.11279296875 (ms) to 520.567138671875 (ms), cudaEventElapsed = 31.41654396057129 (ms)
[RANK1] B @ 520.90283203125 (ms) to 564.615478515625 (ms), cudaEventElapsed = 43.68153762817383 (ms)
[RANK1] F @ 635.59423828125 (ms) to 667.1064453125 (ms), cudaEventElapsed = 31.474367141723633 (ms)
[RANK1] B @ 667.522705078125 (ms) to 711.368896484375 (ms), cudaEventElapsed = 43.81305694580078 (ms)
[RANK1] W @ 711.63818359375 (ms) to 803.0498046875 (ms), cudaEventElapsed = 19.367935180664062 (ms)
[RANK1] F @ 803.207275390625 (ms) to 836.52197265625 (ms), cudaEventElapsed = 33.28665542602539 (ms)
[RANK1] B @ 837.8115234375 (ms) to 883.95068359375 (ms), cudaEventElapsed = 46.10825729370117 (ms)
[RANK1] B @ 956.28857421875 (ms) to 997.209716796875 (ms), cudaEventElapsed = 40.88710403442383 (ms)
[RANK1] W @ 997.400634765625 (ms) to 1083.920166015625 (ms), cudaEventElapsed = 19.44371223449707 (ms)
[RANK1] F @ 1084.182373046875 (ms) to 1117.273681640625 (ms), cudaEventElapsed = 33.062400817871094 (ms)
[RANK1] B @ 1118.607421875 (ms) to 1164.888671875 (ms), cudaEventElapsed = 46.241790771484375 (ms)
[RANK1] B @ 1237.207275390625 (ms) to 1278.217529296875 (ms), cudaEventElapsed = 40.97526550292969 (ms)
[RANK1] W @ 1278.402099609375 (ms) to 1364.739990234375 (ms), cudaEventElapsed = 19.421184539794922 (ms)
[RANK1] F @ 1364.997314453125 (ms) to 1398.23974609375 (ms), cudaEventElapsed = 33.21420669555664 (ms)
[RANK1] B @ 1398.538330078125 (ms) to 1445.36328125 (ms), cudaEventElapsed = 46.79481506347656 (ms)
[RANK1] W @ 1445.578857421875 (ms) to 1537.435302734375 (ms), cudaEventElapsed = 19.520511627197266 (ms)
[RANK1] F @ 1537.717529296875 (ms) to 1572.13037109375 (ms), cudaEventElapsed = 34.383583068847656 (ms)
[RANK1] B @ 1572.431396484375 (ms) to 1619.235107421875 (ms), cudaEventElapsed = 46.77299118041992 (ms)
[RANK1] W @ 1619.3974609375 (ms) to 1709.9267578125 (ms), cudaEventElapsed = 19.386367797851562 (ms)
[RANK1] W @ 1710.090087890625 (ms) to 1731.676513671875 (ms), cudaEventElapsed = 21.558271408081055 (ms)
[RANK1] B @ 1731.813232421875 (ms) to 1780.9716796875 (ms), cudaEventElapsed = 49.131263732910156 (ms)
[RANK1] W @ 1781.125244140625 (ms) to 1872.90576171875 (ms), cudaEventElapsed = 19.41708755493164 (ms)
[RANK1] W @ 1873.061279296875 (ms) to 1894.930908203125 (ms), cudaEventElapsed = 21.84294319152832 (ms)
[RANK1] B @ 1895.0634765625 (ms) to 1943.471435546875 (ms), cudaEventElapsed = 48.38127899169922 (ms)
[RANK1] 4W @ 1943.63232421875 (ms) to 2114.179443359375 (ms), cudaEventElapsed = 97.4909439086914 (ms)
[RANK1] Iteration 11
[RANK1] F @ 30.728759765625 (ms) to 62.7001953125 (ms), cudaEventElapsed = 31.937088012695312 (ms)
[RANK1] F @ 63.0634765625 (ms) to 98.08203125 (ms), cudaEventElapsed = 34.98838424682617 (ms)
[RANK1] F @ 98.45947265625 (ms) to 135.330078125 (ms), cudaEventElapsed = 36.83817672729492 (ms)
[RANK1] F @ 135.619384765625 (ms) to 172.050048828125 (ms), cudaEventElapsed = 36.39980697631836 (ms)
[RANK1] F @ 174.29931640625 (ms) to 210.044189453125 (ms), cudaEventElapsed = 35.71161651611328 (ms)
[RANK1] B @ 226.671630859375 (ms) to 269.087890625 (ms), cudaEventElapsed = 42.37907028198242 (ms)
[RANK1] F @ 338.217041015625 (ms) to 369.615966796875 (ms), cudaEventElapsed = 31.358816146850586 (ms)
[RANK1] B @ 369.92236328125 (ms) to 413.740478515625 (ms), cudaEventElapsed = 43.78752136230469 (ms)
[RANK1] F @ 485.899658203125 (ms) to 517.3193359375 (ms), cudaEventElapsed = 31.383039474487305 (ms)
[RANK1] B @ 517.642333984375 (ms) to 561.705078125 (ms), cudaEventElapsed = 44.032798767089844 (ms)
[RANK1] F @ 633.4951171875 (ms) to 664.824462890625 (ms), cudaEventElapsed = 31.294111251831055 (ms)
[RANK1] B @ 665.19140625 (ms) to 709.966552734375 (ms), cudaEventElapsed = 44.74537658691406 (ms)
[RANK1] W @ 710.22607421875 (ms) to 799.884033203125 (ms), cudaEventElapsed = 19.352575302124023 (ms)
[RANK1] F @ 800.037841796875 (ms) to 834.124755859375 (ms), cudaEventElapsed = 34.05673599243164 (ms)
[RANK1] B @ 835.4736328125 (ms) to 881.044677734375 (ms), cudaEventElapsed = 45.53974533081055 (ms)
[RANK1] B @ 954.1728515625 (ms) to 996.134521484375 (ms), cudaEventElapsed = 41.92787170410156 (ms)
[RANK1] W @ 996.311279296875 (ms) to 1100.1142578125 (ms), cudaEventElapsed = 19.42937660217285 (ms)
[RANK1] F @ 1100.40576171875 (ms) to 1135.03369140625 (ms), cudaEventElapsed = 34.59926223754883 (ms)
[RANK1] B @ 1136.38818359375 (ms) to 1182.32958984375 (ms), cudaEventElapsed = 45.90892791748047 (ms)
[RANK1] B @ 1254.9619140625 (ms) to 1297.162109375 (ms), cudaEventElapsed = 42.162784576416016 (ms)
[RANK1] W @ 1297.338623046875 (ms) to 1401.919677734375 (ms), cudaEventElapsed = 19.398656845092773 (ms)
[RANK1] F @ 1402.1923828125 (ms) to 1436.9921875 (ms), cudaEventElapsed = 34.76188659667969 (ms)
[RANK1] B @ 1437.281982421875 (ms) to 1483.81787109375 (ms), cudaEventElapsed = 46.502689361572266 (ms)
[RANK1] W @ 1484.04150390625 (ms) to 1575.99951171875 (ms), cudaEventElapsed = 19.727359771728516 (ms)
[RANK1] F @ 1619.655517578125 (ms) to 1651.208740234375 (ms), cudaEventElapsed = 31.51900863647461 (ms)
[RANK1] B @ 1651.51611328125 (ms) to 1695.367431640625 (ms), cudaEventElapsed = 43.81974411010742 (ms)
[RANK1] W @ 1695.528564453125 (ms) to 1786.25390625 (ms), cudaEventElapsed = 19.491840362548828 (ms)
[RANK1] W @ 1786.431640625 (ms) to 1807.89892578125 (ms), cudaEventElapsed = 21.43846321105957 (ms)
[RANK1] B @ 1808.037353515625 (ms) to 1856.24072265625 (ms), cudaEventElapsed = 48.1748161315918 (ms)
[RANK1] W @ 1856.410888671875 (ms) to 1948.681396484375 (ms), cudaEventElapsed = 19.512319564819336 (ms)
[RANK1] W @ 1948.8447265625 (ms) to 1969.800048828125 (ms), cudaEventElapsed = 20.928512573242188 (ms)
[RANK1] B @ 1969.938720703125 (ms) to 2017.472900390625 (ms), cudaEventElapsed = 47.50751876831055 (ms)
[RANK1] 4W @ 2017.630615234375 (ms) to 2186.09716796875 (ms), cudaEventElapsed = 96.02867126464844 (ms)
[RANK1] Iteration 12
[RANK1] F @ 94.548095703125 (ms) to 126.57763671875 (ms), cudaEventElapsed = 31.99286460876465 (ms)
[RANK1] F @ 184.486572265625 (ms) to 216.49365234375 (ms), cudaEventElapsed = 31.971391677856445 (ms)
[RANK1] F @ 271.08935546875 (ms) to 303.1064453125 (ms), cudaEventElapsed = 31.98271942138672 (ms)
[RANK1] F @ 361.36328125 (ms) to 392.70068359375 (ms), cudaEventElapsed = 31.30201530456543 (ms)
[RANK1] F @ 448.7607421875 (ms) to 480.658447265625 (ms), cudaEventElapsed = 31.862911224365234 (ms)
[RANK1] B @ 539.437744140625 (ms) to 581.52392578125 (ms), cudaEventElapsed = 42.0491828918457 (ms)
[RANK1] F @ 688.739501953125 (ms) to 719.968505859375 (ms), cudaEventElapsed = 31.18876838684082 (ms)
[RANK1] B @ 720.292236328125 (ms) to 764.1015625 (ms), cudaEventElapsed = 43.77747344970703 (ms)
[RANK1] F @ 836.58251953125 (ms) to 868.69580078125 (ms), cudaEventElapsed = 32.0747184753418 (ms)
[RANK1] B @ 900.255859375 (ms) to 941.2822265625 (ms), cudaEventElapsed = 40.982879638671875 (ms)
[RANK1] F @ 1008.82568359375 (ms) to 1040.08154296875 (ms), cudaEventElapsed = 31.220672607421875 (ms)
[RANK1] B @ 1040.46826171875 (ms) to 1085.131103515625 (ms), cudaEventElapsed = 44.63206481933594 (ms)
[RANK1] W @ 1085.410888671875 (ms) to 1175.090576171875 (ms), cudaEventElapsed = 19.305471420288086 (ms)
[RANK1] F @ 1175.252685546875 (ms) to 1209.443115234375 (ms), cudaEventElapsed = 34.15126419067383 (ms)
[RANK1] B @ 1210.72607421875 (ms) to 1256.582763671875 (ms), cudaEventElapsed = 45.825374603271484 (ms)
[RANK1] B @ 1329.8701171875 (ms) to 1371.8896484375 (ms), cudaEventElapsed = 41.98553466796875 (ms)
[RANK1] W @ 1372.05517578125 (ms) to 1475.889404296875 (ms), cudaEventElapsed = 19.43654441833496 (ms)
[RANK1] F @ 1476.157958984375 (ms) to 1510.7275390625 (ms), cudaEventElapsed = 34.531646728515625 (ms)
[RANK1] B @ 1512.141357421875 (ms) to 1558.195068359375 (ms), cudaEventElapsed = 46.021793365478516 (ms)
[RANK1] B @ 1631.057373046875 (ms) to 1673.137451171875 (ms), cudaEventElapsed = 42.044734954833984 (ms)
[RANK1] W @ 1673.304443359375 (ms) to 1777.18798828125 (ms), cudaEventElapsed = 19.39148712158203 (ms)
[RANK1] F @ 1777.44873046875 (ms) to 1812.118896484375 (ms), cudaEventElapsed = 34.64169692993164 (ms)
[RANK1] B @ 1812.4150390625 (ms) to 1858.845703125 (ms), cudaEventElapsed = 46.400672912597656 (ms)
[RANK1] W @ 1859.06591796875 (ms) to 1951.265380859375 (ms), cudaEventElapsed = 19.717119216918945 (ms)
[RANK1] F @ 1995.1513671875 (ms) to 2026.73486328125 (ms), cudaEventElapsed = 31.543872833251953 (ms)
[RANK1] B @ 2027.027099609375 (ms) to 2070.986083984375 (ms), cudaEventElapsed = 43.92841720581055 (ms)
[RANK1] W @ 2071.1494140625 (ms) to 2161.423095703125 (ms), cudaEventElapsed = 19.4385929107666 (ms)
[RANK1] W @ 2161.59912109375 (ms) to 2183.0849609375 (ms), cudaEventElapsed = 21.45689582824707 (ms)
[RANK1] B @ 2183.25537109375 (ms) to 2231.2578125 (ms), cudaEventElapsed = 47.97612762451172 (ms)
[RANK1] W @ 2231.42919921875 (ms) to 2323.26953125 (ms), cudaEventElapsed = 19.539968490600586 (ms)
[RANK1] W @ 2323.430908203125 (ms) to 2345.027587890625 (ms), cudaEventElapsed = 21.570560455322266 (ms)
[RANK1] B @ 2345.16845703125 (ms) to 2392.9892578125 (ms), cudaEventElapsed = 47.78803253173828 (ms)
[RANK1] 4W @ 2393.14453125 (ms) to 2562.377685546875 (ms), cudaEventElapsed = 96.72806549072266 (ms)
[RANK1] Iteration 13
[RANK1] F @ 95.79248046875 (ms) to 127.9091796875 (ms), cudaEventElapsed = 32.07948684692383 (ms)
[RANK1] F @ 185.262451171875 (ms) to 217.2373046875 (ms), cudaEventElapsed = 31.94099235534668 (ms)
[RANK1] F @ 273.484130859375 (ms) to 305.56494140625 (ms), cudaEventElapsed = 32.04451370239258 (ms)
[RANK1] F @ 363.599853515625 (ms) to 394.9873046875 (ms), cudaEventElapsed = 31.342496871948242 (ms)
[RANK1] F @ 450.83740234375 (ms) to 482.936279296875 (ms), cudaEventElapsed = 32.06355285644531 (ms)
[RANK1] B @ 541.538330078125 (ms) to 583.8232421875 (ms), cudaEventElapsed = 42.24816131591797 (ms)
[RANK1] F @ 689.90283203125 (ms) to 721.264404296875 (ms), cudaEventElapsed = 31.32419204711914 (ms)
[RANK1] B @ 721.559814453125 (ms) to 766.128662109375 (ms), cudaEventElapsed = 44.53792190551758 (ms)
[RANK1] F @ 838.351806640625 (ms) to 870.393798828125 (ms), cudaEventElapsed = 32.00844955444336 (ms)
[RANK1] B @ 901.632568359375 (ms) to 942.89892578125 (ms), cudaEventElapsed = 41.23353576660156 (ms)
[RANK1] F @ 1011.434326171875 (ms) to 1042.789794921875 (ms), cudaEventElapsed = 31.322368621826172 (ms)
[RANK1] B @ 1043.152587890625 (ms) to 1087.947265625 (ms), cudaEventElapsed = 44.756385803222656 (ms)
[RANK1] W @ 1088.19140625 (ms) to 1177.962890625 (ms), cudaEventElapsed = 19.347455978393555 (ms)
[RANK1] F @ 1178.108642578125 (ms) to 1212.291748046875 (ms), cudaEventElapsed = 34.15446472167969 (ms)
[RANK1] B @ 1213.550537109375 (ms) to 1258.94677734375 (ms), cudaEventElapsed = 45.36524963378906 (ms)
[RANK1] B @ 1330.73876953125 (ms) to 1372.807373046875 (ms), cudaEventElapsed = 42.03567886352539 (ms)
[RANK1] W @ 1372.96875 (ms) to 1477.496337890625 (ms), cudaEventElapsed = 19.414016723632812 (ms)
[RANK1] F @ 1477.763427734375 (ms) to 1512.697998046875 (ms), cudaEventElapsed = 34.906944274902344 (ms)
[RANK1] B @ 1514.0087890625 (ms) to 1560.033203125 (ms), cudaEventElapsed = 45.99187088012695 (ms)
[RANK1] B @ 1631.530029296875 (ms) to 1673.752685546875 (ms), cudaEventElapsed = 42.19094467163086 (ms)
[RANK1] W @ 1673.90283203125 (ms) to 1779.502197265625 (ms), cudaEventElapsed = 19.379199981689453 (ms)
[RANK1] F @ 1779.77392578125 (ms) to 1813.927978515625 (ms), cudaEventElapsed = 34.125694274902344 (ms)
[RANK1] B @ 1814.21728515625 (ms) to 1860.502197265625 (ms), cudaEventElapsed = 46.25468826293945 (ms)
[RANK1] W @ 1860.733154296875 (ms) to 1951.769775390625 (ms), cudaEventElapsed = 19.65670394897461 (ms)
[RANK1] F @ 1995.59765625 (ms) to 2027.2646484375 (ms), cudaEventElapsed = 31.62761688232422 (ms)
[RANK1] B @ 2027.5673828125 (ms) to 2071.172119140625 (ms), cudaEventElapsed = 43.575103759765625 (ms)
[RANK1] W @ 2071.334228515625 (ms) to 2161.6357421875 (ms), cudaEventElapsed = 19.509248733520508 (ms)
[RANK1] W @ 2161.820556640625 (ms) to 2182.922607421875 (ms), cudaEventElapsed = 21.07391929626465 (ms)
[RANK1] B @ 2183.06689453125 (ms) to 2231.191162109375 (ms), cudaEventElapsed = 48.09622573852539 (ms)
[RANK1] W @ 2231.379150390625 (ms) to 2323.5302734375 (ms), cudaEventElapsed = 19.506175994873047 (ms)
[RANK1] W @ 2323.715087890625 (ms) to 2344.66357421875 (ms), cudaEventElapsed = 20.919296264648438 (ms)
[RANK1] B @ 2344.8125 (ms) to 2392.33984375 (ms), cudaEventElapsed = 47.49846267700195 (ms)
[RANK1] 4W @ 2392.497802734375 (ms) to 2561.6015625 (ms), cudaEventElapsed = 96.27442932128906 (ms)
[RANK1] Iteration 14
[RANK1] F @ 95.90625 (ms) to 128.024658203125 (ms), cudaEventElapsed = 32.080894470214844 (ms)
[RANK1] F @ 185.560546875 (ms) to 217.526611328125 (ms), cudaEventElapsed = 31.929920196533203 (ms)
[RANK1] F @ 273.742431640625 (ms) to 305.8115234375 (ms), cudaEventElapsed = 32.02924728393555 (ms)
[RANK1] F @ 363.8994140625 (ms) to 395.257568359375 (ms), cudaEventElapsed = 31.32268714904785 (ms)
[RANK1] F @ 451.078125 (ms) to 483.164794921875 (ms), cudaEventElapsed = 32.05107116699219 (ms)
[RANK1] B @ 542.015869140625 (ms) to 584.28515625 (ms), cudaEventElapsed = 42.22288131713867 (ms)
[RANK1] F @ 690.58935546875 (ms) to 722.03466796875 (ms), cudaEventElapsed = 31.401216506958008 (ms)
[RANK1] B @ 722.3583984375 (ms) to 766.652587890625 (ms), cudaEventElapsed = 44.26345443725586 (ms)
[RANK1] F @ 839.546142578125 (ms) to 871.668701171875 (ms), cudaEventElapsed = 32.088993072509766 (ms)
[RANK1] B @ 903.199951171875 (ms) to 944.595458984375 (ms), cudaEventElapsed = 41.35923385620117 (ms)
[RANK1] F @ 1013.510498046875 (ms) to 1044.994140625 (ms), cudaEventElapsed = 31.44879913330078 (ms)
[RANK1] B @ 1045.375 (ms) to 1089.904052734375 (ms), cudaEventElapsed = 44.49910354614258 (ms)
[RANK1] W @ 1090.166015625 (ms) to 1179.65185546875 (ms), cudaEventElapsed = 19.352575302124023 (ms)
[RANK1] F @ 1179.814453125 (ms) to 1214.105712890625 (ms), cudaEventElapsed = 34.26268768310547 (ms)
[RANK1] B @ 1215.431640625 (ms) to 1261.223876953125 (ms), cudaEventElapsed = 45.760414123535156 (ms)
[RANK1] B @ 1332.748291015625 (ms) to 1375.004150390625 (ms), cudaEventElapsed = 42.22169494628906 (ms)
[RANK1] W @ 1375.178955078125 (ms) to 1480.693359375 (ms), cudaEventElapsed = 19.403776168823242 (ms)
[RANK1] F @ 1481.01708984375 (ms) to 1515.288818359375 (ms), cudaEventElapsed = 34.238399505615234 (ms)
[RANK1] B @ 1516.634765625 (ms) to 1562.9853515625 (ms), cudaEventElapsed = 46.31987380981445 (ms)
[RANK1] B @ 1635.39892578125 (ms) to 1677.50634765625 (ms), cudaEventElapsed = 42.071006774902344 (ms)
[RANK1] W @ 1677.666748046875 (ms) to 1782.18994140625 (ms), cudaEventElapsed = 19.500032424926758 (ms)
[RANK1] F @ 1782.456298828125 (ms) to 1816.478271484375 (ms), cudaEventElapsed = 33.99478530883789 (ms)
[RANK1] B @ 1816.76806640625 (ms) to 1863.180908203125 (ms), cudaEventElapsed = 46.38278579711914 (ms)
[RANK1] W @ 1863.40087890625 (ms) to 1955.434814453125 (ms), cudaEventElapsed = 19.695615768432617 (ms)
[RANK1] F @ 1999.5634765625 (ms) to 2031.14794921875 (ms), cudaEventElapsed = 31.550783157348633 (ms)
[RANK1] B @ 2031.435791015625 (ms) to 2075.669921875 (ms), cudaEventElapsed = 44.200958251953125 (ms)
[RANK1] W @ 2075.8291015625 (ms) to 2167.195556640625 (ms), cudaEventElapsed = 19.41606330871582 (ms)
[RANK1] W @ 2167.36279296875 (ms) to 2188.45849609375 (ms), cudaEventElapsed = 21.06777572631836 (ms)
[RANK1] B @ 2188.6005859375 (ms) to 2236.0634765625 (ms), cudaEventElapsed = 47.43587112426758 (ms)
[RANK1] W @ 2236.220947265625 (ms) to 2328.409423828125 (ms), cudaEventElapsed = 19.393535614013672 (ms)
[RANK1] W @ 2328.56640625 (ms) to 2349.79248046875 (ms), cudaEventElapsed = 21.199871063232422 (ms)
[RANK1] B @ 2349.932861328125 (ms) to 2397.5205078125 (ms), cudaEventElapsed = 47.56035232543945 (ms)
[RANK1] 4W @ 2397.687255859375 (ms) to 2567.5654296875 (ms), cudaEventElapsed = 97.25542449951172 (ms)
[RANK1] Iteration 15
[RANK1] F @ 97.26025390625 (ms) to 129.322265625 (ms), cudaEventElapsed = 32.025089263916016 (ms)
[RANK1] F @ 184.542724609375 (ms) to 216.577392578125 (ms), cudaEventElapsed = 32.000064849853516 (ms)
[RANK1] F @ 275.911376953125 (ms) to 307.945556640625 (ms), cudaEventElapsed = 31.994943618774414 (ms)
[RANK1] F @ 363.468017578125 (ms) to 394.78173828125 (ms), cudaEventElapsed = 31.278432846069336 (ms)
[RANK1] F @ 454.444580078125 (ms) to 486.520263671875 (ms), cudaEventElapsed = 32.04092788696289 (ms)
[RANK1] B @ 542.44873046875 (ms) to 584.569091796875 (ms), cudaEventElapsed = 42.08454513549805 (ms)
[RANK1] F @ 694.943359375 (ms) to 726.3193359375 (ms), cudaEventElapsed = 31.340576171875 (ms)
[RANK1] B @ 726.623291015625 (ms) to 770.49658203125 (ms), cudaEventElapsed = 43.84284973144531 (ms)
[RANK1] F @ 843.780029296875 (ms) to 875.793701171875 (ms), cudaEventElapsed = 31.97715187072754 (ms)
[RANK1] B @ 907.6123046875 (ms) to 948.93115234375 (ms), cudaEventElapsed = 41.28335952758789 (ms)
[RANK1] F @ 1018.20947265625 (ms) to 1049.628173828125 (ms), cudaEventElapsed = 31.384767532348633 (ms)
[RANK1] B @ 1050.025390625 (ms) to 1095.267822265625 (ms), cudaEventElapsed = 45.21219253540039 (ms)
[RANK1] W @ 1095.523681640625 (ms) to 1184.5927734375 (ms), cudaEventElapsed = 19.39967918395996 (ms)
[RANK1] F @ 1184.744873046875 (ms) to 1218.57275390625 (ms), cudaEventElapsed = 33.799198150634766 (ms)
[RANK1] B @ 1219.87451171875 (ms) to 1266.2412109375 (ms), cudaEventElapsed = 46.33567810058594 (ms)
[RANK1] B @ 1338.840576171875 (ms) to 1380.951904296875 (ms), cudaEventElapsed = 42.0780143737793 (ms)
[RANK1] W @ 1381.10595703125 (ms) to 1485.416748046875 (ms), cudaEventElapsed = 19.45599937438965 (ms)
[RANK1] F @ 1485.68212890625 (ms) to 1519.223876953125 (ms), cudaEventElapsed = 33.5134391784668 (ms)
[RANK1] B @ 1520.513671875 (ms) to 1566.48291015625 (ms), cudaEventElapsed = 45.939361572265625 (ms)
[RANK1] B @ 1638.85791015625 (ms) to 1681.02001953125 (ms), cudaEventElapsed = 42.12934494018555 (ms)
[RANK1] W @ 1681.174072265625 (ms) to 1784.804931640625 (ms), cudaEventElapsed = 19.472383499145508 (ms)
[RANK1] F @ 1785.070556640625 (ms) to 1819.079833984375 (ms), cudaEventElapsed = 33.979007720947266 (ms)
[RANK1] B @ 1819.445556640625 (ms) to 1866.119873046875 (ms), cudaEventElapsed = 46.63827133178711 (ms)
[RANK1] W @ 1866.344970703125 (ms) to 1958.773681640625 (ms), cudaEventElapsed = 19.759103775024414 (ms)
[RANK1] F @ 2002.67578125 (ms) to 2034.01171875 (ms), cudaEventElapsed = 31.300352096557617 (ms)
[RANK1] B @ 2034.2978515625 (ms) to 2078.15478515625 (ms), cudaEventElapsed = 43.82649612426758 (ms)
[RANK1] W @ 2078.313232421875 (ms) to 2168.68115234375 (ms), cudaEventElapsed = 19.40991973876953 (ms)
[RANK1] W @ 2168.85595703125 (ms) to 2190.49755859375 (ms), cudaEventElapsed = 21.6125431060791 (ms)
[RANK1] B @ 2190.64697265625 (ms) to 2239.178466796875 (ms), cudaEventElapsed = 48.50204849243164 (ms)
[RANK1] W @ 2239.347900390625 (ms) to 2331.28466796875 (ms), cudaEventElapsed = 19.43552017211914 (ms)
[RANK1] W @ 2331.45068359375 (ms) to 2353.4296875 (ms), cudaEventElapsed = 21.950464248657227 (ms)
[RANK1] B @ 2353.572509765625 (ms) to 2402.326171875 (ms), cudaEventElapsed = 48.726593017578125 (ms)
[RANK1] 4W @ 2402.488037109375 (ms) to 2572.760009765625 (ms), cudaEventElapsed = 97.51142120361328 (ms)
[RANK1] Iteration 16
[RANK1] F @ 90.794189453125 (ms) to 120.8623046875 (ms), cudaEventElapsed = 30.03116798400879 (ms)
[RANK1] F @ 177.731201171875 (ms) to 207.881591796875 (ms), cudaEventElapsed = 30.11529541015625 (ms)
[RANK1] F @ 267.239501953125 (ms) to 297.376953125 (ms), cudaEventElapsed = 30.101791381835938 (ms)
[RANK1] F @ 351.906494140625 (ms) to 381.308837890625 (ms), cudaEventElapsed = 29.368288040161133 (ms)
[RANK1] F @ 442.07275390625 (ms) to 472.29345703125 (ms), cudaEventElapsed = 30.183712005615234 (ms)
[RANK1] F @ 529.11767578125 (ms) to 559.2216796875 (ms), cudaEventElapsed = 30.067167282104492 (ms)
[RANK1] F @ 615.354736328125 (ms) to 645.47998046875 (ms), cudaEventElapsed = 30.090911865234375 (ms)
[RANK1] F @ 704.671875 (ms) to 734.1767578125 (ms), cudaEventElapsed = 29.471296310424805 (ms)
[RANK1] F @ 791.16357421875 (ms) to 820.568359375 (ms), cudaEventElapsed = 29.368703842163086 (ms)
[RANK1] F @ 879.7080078125 (ms) to 909.32080078125 (ms), cudaEventElapsed = 29.577600479125977 (ms)
[RANK1] F @ 968.440185546875 (ms) to 997.945068359375 (ms), cudaEventElapsed = 29.470304489135742 (ms)
[RANK1] F @ 1054.006591796875 (ms) to 1083.43115234375 (ms), cudaEventElapsed = 29.39049530029297 (ms)
