[RANK2] Iteration 1
[RANK2] F @ 850.1337890625 (ms) to 1003.721923828125 (ms), cudaEventElapsed = 153.5241241455078 (ms)
[RANK2] F @ 1054.75341796875 (ms) to 1086.451171875 (ms), cudaEventElapsed = 31.636831283569336 (ms)
[RANK2] F @ 1088.80859375 (ms) to 1121.697265625 (ms), cudaEventElapsed = 32.84486389160156 (ms)
[RANK2] B @ 1690.15576171875 (ms) to 1742.675048828125 (ms), cudaEventElapsed = 52.456703186035156 (ms)
[RANK2] F @ 1746.025634765625 (ms) to 1778.038818359375 (ms), cudaEventElapsed = 31.97702407836914 (ms)
[RANK2] B @ 1778.35302734375 (ms) to 1822.69775390625 (ms), cudaEventElapsed = 44.31177520751953 (ms)
[RANK2] F @ 1824.173583984375 (ms) to 1858.07373046875 (ms), cudaEventElapsed = 33.865440368652344 (ms)
[RANK2] B @ 1858.39208984375 (ms) to 1902.846923828125 (ms), cudaEventElapsed = 44.421024322509766 (ms)
[RANK2] F @ 1904.5419921875 (ms) to 1938.7548828125 (ms), cudaEventElapsed = 34.17558288574219 (ms)
[RANK2] B @ 1939.066162109375 (ms) to 1983.404296875 (ms), cudaEventElapsed = 44.3034553527832 (ms)
[RANK2] F @ 1985.1484375 (ms) to 2019.63916015625 (ms), cudaEventElapsed = 34.453887939453125 (ms)
[RANK2] B @ 2019.943603515625 (ms) to 2064.3056640625 (ms), cudaEventElapsed = 44.32988739013672 (ms)
[RANK2] F @ 2064.622802734375 (ms) to 2098.14990234375 (ms), cudaEventElapsed = 33.484161376953125 (ms)
[RANK2] B @ 2098.505615234375 (ms) to 2143.449951171875 (ms), cudaEventElapsed = 44.90787124633789 (ms)
[RANK2] W @ 2143.6826171875 (ms) to 2165.012451171875 (ms), cudaEventElapsed = 21.298175811767578 (ms)
[RANK2] F @ 2165.140869140625 (ms) to 2199.07666015625 (ms), cudaEventElapsed = 33.90662384033203 (ms)
[RANK2] B @ 2200.355712890625 (ms) to 2245.1455078125 (ms), cudaEventElapsed = 44.75628662109375 (ms)
[RANK2] B @ 2246.624267578125 (ms) to 2289.332275390625 (ms), cudaEventElapsed = 42.670528411865234 (ms)
[RANK2] W @ 2289.469970703125 (ms) to 2309.739501953125 (ms), cudaEventElapsed = 20.23833656311035 (ms)
[RANK2] F @ 2309.985595703125 (ms) to 2343.31787109375 (ms), cudaEventElapsed = 33.303009033203125 (ms)
[RANK2] B @ 2343.590087890625 (ms) to 2388.562744140625 (ms), cudaEventElapsed = 44.933631896972656 (ms)
[RANK2] W @ 2388.76708984375 (ms) to 2411.308349609375 (ms), cudaEventElapsed = 21.402624130249023 (ms)
[RANK2] F @ 2411.544677734375 (ms) to 2445.038818359375 (ms), cudaEventElapsed = 33.464481353759766 (ms)
[RANK2] B @ 2445.3134765625 (ms) to 2489.82421875 (ms), cudaEventElapsed = 44.48031997680664 (ms)
[RANK2] W @ 2490.024658203125 (ms) to 2512.4423828125 (ms), cudaEventElapsed = 21.246976852416992 (ms)
[RANK2] F @ 2512.67236328125 (ms) to 2546.50927734375 (ms), cudaEventElapsed = 33.80803298950195 (ms)
[RANK2] B @ 2546.791015625 (ms) to 2593.422607421875 (ms), cudaEventElapsed = 46.59990310668945 (ms)
[RANK2] W @ 2593.580322265625 (ms) to 2616.387939453125 (ms), cudaEventElapsed = 22.774784088134766 (ms)
[RANK2] W @ 2616.520751953125 (ms) to 2638.428466796875 (ms), cudaEventElapsed = 21.87980842590332 (ms)
[RANK2] B @ 2638.542724609375 (ms) to 2681.53759765625 (ms), cudaEventElapsed = 42.968544006347656 (ms)
[RANK2] 6W @ 2681.675537109375 (ms) to 2809.36376953125 (ms), cudaEventElapsed = 127.64774322509766 (ms)
[RANK2] Iteration 2
[RANK2] F @ 65.064208984375 (ms) to 97.255615234375 (ms), cudaEventElapsed = 32.14281463623047 (ms)
[RANK2] F @ 99.550048828125 (ms) to 133.57568359375 (ms), cudaEventElapsed = 33.98857498168945 (ms)
[RANK2] F @ 136.73681640625 (ms) to 173.38818359375 (ms), cudaEventElapsed = 36.61654281616211 (ms)
[RANK2] B @ 178.69384765625 (ms) to 223.453857421875 (ms), cudaEventElapsed = 44.72073745727539 (ms)
[RANK2] F @ 223.81640625 (ms) to 257.556640625 (ms), cudaEventElapsed = 33.69705581665039 (ms)
[RANK2] B @ 257.889892578125 (ms) to 302.2529296875 (ms), cudaEventElapsed = 44.329952239990234 (ms)
[RANK2] F @ 303.772705078125 (ms) to 337.51171875 (ms), cudaEventElapsed = 33.705440521240234 (ms)
[RANK2] B @ 337.844970703125 (ms) to 382.357177734375 (ms), cudaEventElapsed = 44.48012924194336 (ms)
[RANK2] F @ 383.827880859375 (ms) to 417.81591796875 (ms), cudaEventElapsed = 33.95564651489258 (ms)
[RANK2] B @ 418.137939453125 (ms) to 462.656005859375 (ms), cudaEventElapsed = 44.48662567138672 (ms)
[RANK2] F @ 464.515625 (ms) to 498.4208984375 (ms), cudaEventElapsed = 33.86931228637695 (ms)
[RANK2] B @ 498.7626953125 (ms) to 543.387451171875 (ms), cudaEventElapsed = 44.59257507324219 (ms)
[RANK2] F @ 543.740966796875 (ms) to 577.875732421875 (ms), cudaEventElapsed = 34.10425567626953 (ms)
[RANK2] B @ 578.283447265625 (ms) to 622.95458984375 (ms), cudaEventElapsed = 44.6376953125 (ms)
[RANK2] W @ 623.2119140625 (ms) to 644.630859375 (ms), cudaEventElapsed = 21.382144927978516 (ms)
[RANK2] F @ 644.7900390625 (ms) to 678.987548828125 (ms), cudaEventElapsed = 34.16796875 (ms)
[RANK2] B @ 680.2919921875 (ms) to 725.623046875 (ms), cudaEventElapsed = 45.298465728759766 (ms)
[RANK2] B @ 727.10693359375 (ms) to 769.5791015625 (ms), cudaEventElapsed = 42.44095993041992 (ms)
[RANK2] W @ 769.741943359375 (ms) to 790.082763671875 (ms), cudaEventElapsed = 20.303871154785156 (ms)
[RANK2] F @ 790.336181640625 (ms) to 824.177490234375 (ms), cudaEventElapsed = 33.812896728515625 (ms)
[RANK2] B @ 824.47216796875 (ms) to 869.4599609375 (ms), cudaEventElapsed = 44.95750427246094 (ms)
[RANK2] W @ 869.683837890625 (ms) to 892.187744140625 (ms), cudaEventElapsed = 21.330944061279297 (ms)
[RANK2] F @ 892.451171875 (ms) to 926.211181640625 (ms), cudaEventElapsed = 33.73168182373047 (ms)
[RANK2] B @ 926.51806640625 (ms) to 972.703369140625 (ms), cudaEventElapsed = 46.15520095825195 (ms)
[RANK2] W @ 972.93603515625 (ms) to 995.623291015625 (ms), cudaEventElapsed = 21.532672882080078 (ms)
[RANK2] F @ 995.88671875 (ms) to 1029.58642578125 (ms), cudaEventElapsed = 33.670719146728516 (ms)
[RANK2] B @ 1029.877197265625 (ms) to 1074.4501953125 (ms), cudaEventElapsed = 44.54115295410156 (ms)
[RANK2] W @ 1074.60546875 (ms) to 1096.0634765625 (ms), cudaEventElapsed = 21.42412757873535 (ms)
[RANK2] W @ 1096.2236328125 (ms) to 1117.49365234375 (ms), cudaEventElapsed = 21.24185562133789 (ms)
[RANK2] B @ 1117.632568359375 (ms) to 1160.383056640625 (ms), cudaEventElapsed = 42.722686767578125 (ms)
[RANK2] 6W @ 1160.545654296875 (ms) to 1287.9912109375 (ms), cudaEventElapsed = 127.41426849365234 (ms)
[RANK2] Iteration 3
[RANK2] F @ 64.900390625 (ms) to 97.202392578125 (ms), cudaEventElapsed = 32.254302978515625 (ms)
[RANK2] F @ 99.597412109375 (ms) to 134.4833984375 (ms), cudaEventElapsed = 34.84966278076172 (ms)
[RANK2] F @ 136.369140625 (ms) to 173.24462890625 (ms), cudaEventElapsed = 36.838111877441406 (ms)
[RANK2] B @ 178.237060546875 (ms) to 223.161376953125 (ms), cudaEventElapsed = 44.881439208984375 (ms)
[RANK2] F @ 223.564453125 (ms) to 257.646728515625 (ms), cudaEventElapsed = 34.04560089111328 (ms)
[RANK2] B @ 257.984375 (ms) to 302.960205078125 (ms), cudaEventElapsed = 44.94374465942383 (ms)
[RANK2] F @ 304.490966796875 (ms) to 338.509765625 (ms), cudaEventElapsed = 33.98601531982422 (ms)
[RANK2] B @ 338.83740234375 (ms) to 383.325927734375 (ms), cudaEventElapsed = 44.457664489746094 (ms)
[RANK2] F @ 384.81787109375 (ms) to 418.71337890625 (ms), cudaEventElapsed = 33.85808181762695 (ms)
[RANK2] B @ 419.161376953125 (ms) to 463.872314453125 (ms), cudaEventElapsed = 44.6728630065918 (ms)
[RANK2] F @ 465.880615234375 (ms) to 499.83447265625 (ms), cudaEventElapsed = 33.91455841064453 (ms)
[RANK2] B @ 500.16650390625 (ms) to 545.022705078125 (ms), cudaEventElapsed = 44.824703216552734 (ms)
[RANK2] F @ 545.431396484375 (ms) to 579.417724609375 (ms), cudaEventElapsed = 33.953182220458984 (ms)
[RANK2] B @ 579.823974609375 (ms) to 624.6552734375 (ms), cudaEventElapsed = 44.79939270019531 (ms)
[RANK2] W @ 624.925537109375 (ms) to 646.5654296875 (ms), cudaEventElapsed = 21.608448028564453 (ms)
[RANK2] F @ 646.7265625 (ms) to 681.072998046875 (ms), cudaEventElapsed = 34.31827163696289 (ms)
[RANK2] B @ 682.396240234375 (ms) to 727.37158203125 (ms), cudaEventElapsed = 44.9420166015625 (ms)
[RANK2] B @ 728.923095703125 (ms) to 771.34326171875 (ms), cudaEventElapsed = 42.38902282714844 (ms)
[RANK2] W @ 771.761474609375 (ms) to 792.117919921875 (ms), cudaEventElapsed = 20.325376510620117 (ms)
[RANK2] F @ 792.402099609375 (ms) to 825.941650390625 (ms), cudaEventElapsed = 33.510047912597656 (ms)
[RANK2] B @ 826.247314453125 (ms) to 871.162841796875 (ms), cudaEventElapsed = 44.8770866394043 (ms)
[RANK2] W @ 871.405029296875 (ms) to 893.90869140625 (ms), cudaEventElapsed = 21.353471755981445 (ms)
[RANK2] F @ 894.17626953125 (ms) to 928.259033203125 (ms), cudaEventElapsed = 34.052574157714844 (ms)
[RANK2] B @ 928.582275390625 (ms) to 976.0478515625 (ms), cudaEventElapsed = 47.42844772338867 (ms)
[RANK2] W @ 976.302490234375 (ms) to 999.494384765625 (ms), cudaEventElapsed = 22.01702308654785 (ms)
[RANK2] F @ 999.783935546875 (ms) to 1034.01220703125 (ms), cudaEventElapsed = 34.1978874206543 (ms)
[RANK2] B @ 1034.32568359375 (ms) to 1078.861572265625 (ms), cudaEventElapsed = 44.50495910644531 (ms)
[RANK2] W @ 1079.027099609375 (ms) to 1100.365478515625 (ms), cudaEventElapsed = 21.306367874145508 (ms)
[RANK2] W @ 1100.525634765625 (ms) to 1121.810791015625 (ms), cudaEventElapsed = 21.25721549987793 (ms)
[RANK2] B @ 1121.957275390625 (ms) to 1164.645263671875 (ms), cudaEventElapsed = 42.659393310546875 (ms)
[RANK2] 6W @ 1164.808349609375 (ms) to 1293.361572265625 (ms), cudaEventElapsed = 128.5191650390625 (ms)
[RANK2] Iteration 4
[RANK2] F @ 64.755126953125 (ms) to 96.933349609375 (ms), cudaEventElapsed = 32.13993453979492 (ms)
[RANK2] F @ 100.1337890625 (ms) to 133.022705078125 (ms), cudaEventElapsed = 32.852638244628906 (ms)
[RANK2] F @ 137.108642578125 (ms) to 173.877685546875 (ms), cudaEventElapsed = 36.73360061645508 (ms)
[RANK2] B @ 178.515380859375 (ms) to 223.383056640625 (ms), cudaEventElapsed = 44.82988739013672 (ms)
[RANK2] F @ 223.74755859375 (ms) to 257.39306640625 (ms), cudaEventElapsed = 33.61507034301758 (ms)
[RANK2] B @ 257.715087890625 (ms) to 301.917724609375 (ms), cudaEventElapsed = 44.170814514160156 (ms)
[RANK2] F @ 303.438720703125 (ms) to 337.173095703125 (ms), cudaEventElapsed = 33.700927734375 (ms)
[RANK2] B @ 337.522216796875 (ms) to 382.0693359375 (ms), cudaEventElapsed = 44.51523208618164 (ms)
[RANK2] F @ 383.598388671875 (ms) to 417.107177734375 (ms), cudaEventElapsed = 33.475711822509766 (ms)
[RANK2] B @ 417.436279296875 (ms) to 461.89208984375 (ms), cudaEventElapsed = 44.42073440551758 (ms)
[RANK2] F @ 463.78173828125 (ms) to 497.27490234375 (ms), cudaEventElapsed = 33.45881652832031 (ms)
[RANK2] B @ 497.608154296875 (ms) to 541.92919921875 (ms), cudaEventElapsed = 44.289024353027344 (ms)
[RANK2] F @ 542.2900390625 (ms) to 576.125732421875 (ms), cudaEventElapsed = 33.803775787353516 (ms)
[RANK2] B @ 576.530029296875 (ms) to 621.066650390625 (ms), cudaEventElapsed = 44.50307083129883 (ms)
[RANK2] W @ 621.330322265625 (ms) to 642.792236328125 (ms), cudaEventElapsed = 21.42310333251953 (ms)
[RANK2] F @ 642.95166015625 (ms) to 676.89111328125 (ms), cudaEventElapsed = 33.899776458740234 (ms)
[RANK2] B @ 678.19384765625 (ms) to 722.46337890625 (ms), cudaEventElapsed = 44.23836898803711 (ms)
[RANK2] B @ 723.90185546875 (ms) to 766.08544921875 (ms), cudaEventElapsed = 42.1506233215332 (ms)
[RANK2] W @ 766.29052734375 (ms) to 786.4951171875 (ms), cudaEventElapsed = 20.169727325439453 (ms)
[RANK2] F @ 786.753662109375 (ms) to 820.077392578125 (ms), cudaEventElapsed = 33.29443359375 (ms)
[RANK2] B @ 820.377197265625 (ms) to 865.574951171875 (ms), cudaEventElapsed = 45.168128967285156 (ms)
[RANK2] W @ 865.796630859375 (ms) to 888.116943359375 (ms), cudaEventElapsed = 21.20806312561035 (ms)
[RANK2] F @ 888.379150390625 (ms) to 922.601806640625 (ms), cudaEventElapsed = 34.193599700927734 (ms)
[RANK2] B @ 922.905517578125 (ms) to 970.445068359375 (ms), cudaEventElapsed = 47.508575439453125 (ms)
[RANK2] W @ 970.665771484375 (ms) to 994.256103515625 (ms), cudaEventElapsed = 22.415359497070312 (ms)
[RANK2] F @ 994.532958984375 (ms) to 1028.927490234375 (ms), cudaEventElapsed = 34.36412811279297 (ms)
[RANK2] B @ 1029.230224609375 (ms) to 1073.922607421875 (ms), cudaEventElapsed = 44.66236877441406 (ms)
[RANK2] W @ 1074.08837890625 (ms) to 1095.5625 (ms), cudaEventElapsed = 21.437440872192383 (ms)
[RANK2] W @ 1095.72021484375 (ms) to 1117.010498046875 (ms), cudaEventElapsed = 21.26335906982422 (ms)
[RANK2] B @ 1117.1494140625 (ms) to 1159.837890625 (ms), cudaEventElapsed = 42.66128158569336 (ms)
[RANK2] 6W @ 1160.001220703125 (ms) to 1288.5576171875 (ms), cudaEventElapsed = 128.5242919921875 (ms)
[RANK2] Iteration 5
[RANK2] F @ 64.761962890625 (ms) to 97.022216796875 (ms), cudaEventElapsed = 32.223934173583984 (ms)
[RANK2] F @ 100.01416015625 (ms) to 132.908203125 (ms), cudaEventElapsed = 32.8592643737793 (ms)
[RANK2] F @ 136.90869140625 (ms) to 173.017578125 (ms), cudaEventElapsed = 36.07302474975586 (ms)
[RANK2] B @ 178.5 (ms) to 223.447265625 (ms), cudaEventElapsed = 44.90969467163086 (ms)
[RANK2] F @ 223.80810546875 (ms) to 259.444580078125 (ms), cudaEventElapsed = 35.60464096069336 (ms)
[RANK2] B @ 259.76904296875 (ms) to 305.4228515625 (ms), cudaEventElapsed = 45.621726989746094 (ms)
[RANK2] F @ 306.9140625 (ms) to 342.851806640625 (ms), cudaEventElapsed = 35.903873443603516 (ms)
[RANK2] B @ 343.184814453125 (ms) to 389.12060546875 (ms), cudaEventElapsed = 45.898399353027344 (ms)
[RANK2] F @ 390.616943359375 (ms) to 426.485595703125 (ms), cudaEventElapsed = 35.832672119140625 (ms)
[RANK2] B @ 426.873046875 (ms) to 472.76123046875 (ms), cudaEventElapsed = 45.85273742675781 (ms)
[RANK2] F @ 474.505859375 (ms) to 510.054443359375 (ms), cudaEventElapsed = 35.50831985473633 (ms)
[RANK2] B @ 510.542724609375 (ms) to 556.31884765625 (ms), cudaEventElapsed = 45.73775863647461 (ms)
[RANK2] F @ 556.729736328125 (ms) to 592.59912109375 (ms), cudaEventElapsed = 35.835777282714844 (ms)
[RANK2] B @ 593.01416015625 (ms) to 638.42724609375 (ms), cudaEventElapsed = 45.37958526611328 (ms)
[RANK2] W @ 638.689697265625 (ms) to 662.285888671875 (ms), cudaEventElapsed = 23.562240600585938 (ms)
[RANK2] F @ 662.452392578125 (ms) to 700.139892578125 (ms), cudaEventElapsed = 37.6583366394043 (ms)
[RANK2] B @ 701.427978515625 (ms) to 747.38330078125 (ms), cudaEventElapsed = 45.92335891723633 (ms)
[RANK2] B @ 748.82568359375 (ms) to 793.661376953125 (ms), cudaEventElapsed = 44.8043212890625 (ms)
[RANK2] W @ 793.822265625 (ms) to 817.951904296875 (ms), cudaEventElapsed = 24.09984016418457 (ms)
[RANK2] F @ 818.22998046875 (ms) to 855.89306640625 (ms), cudaEventElapsed = 37.63238525390625 (ms)
[RANK2] B @ 856.196533203125 (ms) to 902.456298828125 (ms), cudaEventElapsed = 46.22889709472656 (ms)
[RANK2] W @ 902.6826171875 (ms) to 929.610595703125 (ms), cudaEventElapsed = 25.783296585083008 (ms)
[RANK2] F @ 929.907958984375 (ms) to 976.1767578125 (ms), cudaEventElapsed = 46.23823928833008 (ms)
[RANK2] B @ 976.509521484375 (ms) to 1024.19580078125 (ms), cudaEventElapsed = 47.655616760253906 (ms)
[RANK2] W @ 1024.4443359375 (ms) to 1049.61669921875 (ms), cudaEventElapsed = 24.040447235107422 (ms)
[RANK2] F @ 1049.90771484375 (ms) to 1088.049560546875 (ms), cudaEventElapsed = 38.111392974853516 (ms)
[RANK2] B @ 1088.3662109375 (ms) to 1134.714599609375 (ms), cudaEventElapsed = 46.3164176940918 (ms)
[RANK2] W @ 1134.8759765625 (ms) to 1159.162353515625 (ms), cudaEventElapsed = 24.2554874420166 (ms)
[RANK2] W @ 1159.324951171875 (ms) to 1185.00048828125 (ms), cudaEventElapsed = 25.647104263305664 (ms)
[RANK2] B @ 1185.144775390625 (ms) to 1233.1103515625 (ms), cudaEventElapsed = 47.9378547668457 (ms)
[RANK2] 6W @ 1233.269775390625 (ms) to 1391.538330078125 (ms), cudaEventElapsed = 158.23667907714844 (ms)
[RANK2] Iteration 6
[RANK2] F @ 64.947021484375 (ms) to 97.123291015625 (ms), cudaEventElapsed = 32.136993408203125 (ms)
[RANK2] F @ 100.15283203125 (ms) to 134.541748046875 (ms), cudaEventElapsed = 34.35273742675781 (ms)
[RANK2] F @ 136.965576171875 (ms) to 174.721435546875 (ms), cudaEventElapsed = 37.720542907714844 (ms)
[RANK2] B @ 179.12109375 (ms) to 225.627197265625 (ms), cudaEventElapsed = 46.468894958496094 (ms)
[RANK2] F @ 226.009521484375 (ms) to 261.759765625 (ms), cudaEventElapsed = 35.70707321166992 (ms)
[RANK2] B @ 262.079345703125 (ms) to 308.0439453125 (ms), cudaEventElapsed = 45.93315124511719 (ms)
[RANK2] F @ 309.492431640625 (ms) to 345.31689453125 (ms), cudaEventElapsed = 35.791934967041016 (ms)
[RANK2] B @ 345.64501953125 (ms) to 391.02294921875 (ms), cudaEventElapsed = 45.336063385009766 (ms)
[RANK2] F @ 392.557861328125 (ms) to 427.710693359375 (ms), cudaEventElapsed = 35.12044906616211 (ms)
[RANK2] B @ 428.26806640625 (ms) to 473.639404296875 (ms), cudaEventElapsed = 45.33932876586914 (ms)
[RANK2] F @ 475.179443359375 (ms) to 511.01416015625 (ms), cudaEventElapsed = 35.79939270019531 (ms)
[RANK2] B @ 511.333984375 (ms) to 556.841796875 (ms), cudaEventElapsed = 45.47526550292969 (ms)
[RANK2] F @ 557.20263671875 (ms) to 592.974853515625 (ms), cudaEventElapsed = 35.7402229309082 (ms)
[RANK2] B @ 593.364013671875 (ms) to 638.716552734375 (ms), cudaEventElapsed = 45.31740951538086 (ms)
[RANK2] W @ 638.984619140625 (ms) to 662.52001953125 (ms), cudaEventElapsed = 23.49875259399414 (ms)
[RANK2] F @ 662.690185546875 (ms) to 700.463134765625 (ms), cudaEventElapsed = 37.74198532104492 (ms)
[RANK2] B @ 701.820068359375 (ms) to 748.13671875 (ms), cudaEventElapsed = 46.28374481201172 (ms)
[RANK2] B @ 749.60546875 (ms) to 794.570556640625 (ms), cudaEventElapsed = 44.92924880981445 (ms)
[RANK2] W @ 794.750732421875 (ms) to 818.1416015625 (ms), cudaEventElapsed = 23.355392456054688 (ms)
[RANK2] F @ 818.41357421875 (ms) to 857.08837890625 (ms), cudaEventElapsed = 38.64467239379883 (ms)
[RANK2] B @ 857.39599609375 (ms) to 904.29638671875 (ms), cudaEventElapsed = 46.856319427490234 (ms)
[RANK2] W @ 904.590576171875 (ms) to 933.343017578125 (ms), cudaEventElapsed = 27.50054359436035 (ms)
[RANK2] F @ 933.695556640625 (ms) to 977.601318359375 (ms), cudaEventElapsed = 43.87452697753906 (ms)
[RANK2] B @ 977.927490234375 (ms) to 1025.500244140625 (ms), cudaEventElapsed = 47.542015075683594 (ms)
[RANK2] W @ 1025.750244140625 (ms) to 1050.955078125 (ms), cudaEventElapsed = 24.025087356567383 (ms)
[RANK2] F @ 1051.261962890625 (ms) to 1088.411865234375 (ms), cudaEventElapsed = 37.11884689331055 (ms)
[RANK2] B @ 1088.740478515625 (ms) to 1134.924072265625 (ms), cudaEventElapsed = 46.15091323852539 (ms)
[RANK2] W @ 1135.102783203125 (ms) to 1158.66845703125 (ms), cudaEventElapsed = 23.527423858642578 (ms)
[RANK2] W @ 1158.84130859375 (ms) to 1185.525390625 (ms), cudaEventElapsed = 26.654720306396484 (ms)
[RANK2] B @ 1185.700439453125 (ms) to 1234.2626953125 (ms), cudaEventElapsed = 48.53084945678711 (ms)
[RANK2] 6W @ 1234.434326171875 (ms) to 1394.6474609375 (ms), cudaEventElapsed = 160.16793823242188 (ms)
[RANK2] Iteration 7
[RANK2] F @ 65.010986328125 (ms) to 97.421630859375 (ms), cudaEventElapsed = 32.36665725708008 (ms)
[RANK2] F @ 100.0830078125 (ms) to 133.349853515625 (ms), cudaEventElapsed = 33.229759216308594 (ms)
[RANK2] F @ 136.96533203125 (ms) to 173.662353515625 (ms), cudaEventElapsed = 36.659969329833984 (ms)
[RANK2] B @ 178.452392578125 (ms) to 223.7744140625 (ms), cudaEventElapsed = 45.27961730957031 (ms)
[RANK2] F @ 224.201904296875 (ms) to 259.87744140625 (ms), cudaEventElapsed = 35.63859176635742 (ms)
[RANK2] B @ 260.228759765625 (ms) to 305.79248046875 (ms), cudaEventElapsed = 45.52995300292969 (ms)
[RANK2] F @ 307.318115234375 (ms) to 343.519287109375 (ms), cudaEventElapsed = 36.16659164428711 (ms)
[RANK2] B @ 343.889404296875 (ms) to 389.630859375 (ms), cudaEventElapsed = 45.708351135253906 (ms)
[RANK2] F @ 391.131591796875 (ms) to 426.745849609375 (ms), cudaEventElapsed = 35.57948684692383 (ms)
[RANK2] B @ 427.10595703125 (ms) to 473.09228515625 (ms), cudaEventElapsed = 45.95334243774414 (ms)
[RANK2] F @ 474.669921875 (ms) to 510.219482421875 (ms), cudaEventElapsed = 35.51551818847656 (ms)
[RANK2] B @ 510.55029296875 (ms) to 556.115234375 (ms), cudaEventElapsed = 45.52928161621094 (ms)
[RANK2] F @ 556.574462890625 (ms) to 592.4765625 (ms), cudaEventElapsed = 35.85580825805664 (ms)
[RANK2] B @ 592.916259765625 (ms) to 638.679931640625 (ms), cudaEventElapsed = 45.7314567565918 (ms)
[RANK2] W @ 638.969970703125 (ms) to 662.998779296875 (ms), cudaEventElapsed = 23.989248275756836 (ms)
[RANK2] F @ 663.168212890625 (ms) to 701.17822265625 (ms), cudaEventElapsed = 37.980350494384766 (ms)
[RANK2] B @ 702.52001953125 (ms) to 748.6298828125 (ms), cudaEventElapsed = 46.07654571533203 (ms)
[RANK2] B @ 750.123291015625 (ms) to 794.81640625 (ms), cudaEventElapsed = 44.66128158569336 (ms)
[RANK2] W @ 794.989990234375 (ms) to 818.9619140625 (ms), cudaEventElapsed = 23.9421443939209 (ms)
[RANK2] F @ 819.246826171875 (ms) to 856.905517578125 (ms), cudaEventElapsed = 37.628543853759766 (ms)
[RANK2] B @ 857.213134765625 (ms) to 903.796875 (ms), cudaEventElapsed = 46.55292892456055 (ms)
[RANK2] W @ 904.031494140625 (ms) to 929.74951171875 (ms), cudaEventElapsed = 24.552448272705078 (ms)
[RANK2] F @ 930.04931640625 (ms) to 974.634765625 (ms), cudaEventElapsed = 44.55510330200195 (ms)
[RANK2] B @ 974.943603515625 (ms) to 1024.331787109375 (ms), cudaEventElapsed = 49.35763168334961 (ms)
[RANK2] W @ 1024.57763671875 (ms) to 1050.042724609375 (ms), cudaEventElapsed = 24.275968551635742 (ms)
[RANK2] F @ 1050.34033203125 (ms) to 1088.48291015625 (ms), cudaEventElapsed = 38.11235046386719 (ms)
[RANK2] B @ 1088.800537109375 (ms) to 1135.2099609375 (ms), cudaEventElapsed = 46.3779182434082 (ms)
[RANK2] W @ 1135.37548828125 (ms) to 1159.6689453125 (ms), cudaEventElapsed = 24.261632919311523 (ms)
[RANK2] W @ 1159.83447265625 (ms) to 1185.46630859375 (ms), cudaEventElapsed = 25.601024627685547 (ms)
[RANK2] B @ 1185.625 (ms) to 1233.88427734375 (ms), cudaEventElapsed = 48.22966384887695 (ms)
[RANK2] 6W @ 1234.057373046875 (ms) to 1393.73974609375 (ms), cudaEventElapsed = 159.64466857910156 (ms)
[RANK2] Iteration 8
[RANK2] F @ 65.01611328125 (ms) to 97.1669921875 (ms), cudaEventElapsed = 32.11385726928711 (ms)
[RANK2] F @ 100.002685546875 (ms) to 133.999755859375 (ms), cudaEventElapsed = 33.96156692504883 (ms)
[RANK2] F @ 136.926025390625 (ms) to 174.2734375 (ms), cudaEventElapsed = 37.313377380371094 (ms)
[RANK2] B @ 179.0224609375 (ms) to 225.260498046875 (ms), cudaEventElapsed = 46.201534271240234 (ms)
[RANK2] F @ 225.623291015625 (ms) to 261.52392578125 (ms), cudaEventElapsed = 35.868255615234375 (ms)
[RANK2] B @ 261.857421875 (ms) to 307.3271484375 (ms), cudaEventElapsed = 45.43571090698242 (ms)
[RANK2] F @ 308.92041015625 (ms) to 344.656494140625 (ms), cudaEventElapsed = 35.700862884521484 (ms)
[RANK2] B @ 345.061279296875 (ms) to 390.642822265625 (ms), cudaEventElapsed = 45.54684829711914 (ms)
[RANK2] F @ 392.20263671875 (ms) to 427.744873046875 (ms), cudaEventElapsed = 35.508609771728516 (ms)
[RANK2] B @ 428.099853515625 (ms) to 473.596435546875 (ms), cudaEventElapsed = 45.46403121948242 (ms)
[RANK2] F @ 475.216552734375 (ms) to 511.03955078125 (ms), cudaEventElapsed = 35.78755187988281 (ms)
[RANK2] B @ 511.3828125 (ms) to 556.862060546875 (ms), cudaEventElapsed = 45.44643020629883 (ms)
[RANK2] F @ 557.242919921875 (ms) to 593.03173828125 (ms), cudaEventElapsed = 35.75619125366211 (ms)
[RANK2] B @ 593.43701171875 (ms) to 639.205810546875 (ms), cudaEventElapsed = 45.73619079589844 (ms)
[RANK2] W @ 639.47998046875 (ms) to 663.5234375 (ms), cudaEventElapsed = 24.005632400512695 (ms)
[RANK2] F @ 663.683349609375 (ms) to 701.1630859375 (ms), cudaEventElapsed = 37.44847869873047 (ms)
[RANK2] B @ 702.572021484375 (ms) to 748.662353515625 (ms), cudaEventElapsed = 46.056800842285156 (ms)
[RANK2] B @ 750.162841796875 (ms) to 794.94091796875 (ms), cudaEventElapsed = 44.74630355834961 (ms)
[RANK2] W @ 795.11865234375 (ms) to 818.390625 (ms), cudaEventElapsed = 23.237632751464844 (ms)
[RANK2] F @ 818.69580078125 (ms) to 856.9931640625 (ms), cudaEventElapsed = 38.267486572265625 (ms)
[RANK2] B @ 857.29150390625 (ms) to 904.090087890625 (ms), cudaEventElapsed = 46.768001556396484 (ms)
[RANK2] W @ 904.3203125 (ms) to 932.888671875 (ms), cudaEventElapsed = 27.36947250366211 (ms)
[RANK2] F @ 933.18798828125 (ms) to 978.5595703125 (ms), cudaEventElapsed = 45.3389778137207 (ms)
[RANK2] B @ 978.878662109375 (ms) to 1026.477294921875 (ms), cudaEventElapsed = 47.56755065917969 (ms)
[RANK2] W @ 1026.7197265625 (ms) to 1052.00537109375 (ms), cudaEventElapsed = 24.0578556060791 (ms)
[RANK2] F @ 1052.289306640625 (ms) to 1090.049560546875 (ms), cudaEventElapsed = 37.730430603027344 (ms)
[RANK2] B @ 1090.34814453125 (ms) to 1136.75537109375 (ms), cudaEventElapsed = 46.37712097167969 (ms)
[RANK2] W @ 1136.913330078125 (ms) to 1160.712158203125 (ms), cudaEventElapsed = 23.768064498901367 (ms)
[RANK2] W @ 1160.871337890625 (ms) to 1187.4931640625 (ms), cudaEventElapsed = 26.594303131103516 (ms)
[RANK2] B @ 1187.640380859375 (ms) to 1235.865234375 (ms), cudaEventElapsed = 48.196449279785156 (ms)
[RANK2] 6W @ 1236.025390625 (ms) to 1395.269287109375 (ms), cudaEventElapsed = 159.20947265625 (ms)
[RANK2] Iteration 9
[RANK2] F @ 65.058837890625 (ms) to 97.3515625 (ms), cudaEventElapsed = 32.255008697509766 (ms)
[RANK2] F @ 100.3212890625 (ms) to 134.177978515625 (ms), cudaEventElapsed = 33.81977462768555 (ms)
[RANK2] F @ 137.463623046875 (ms) to 174.04345703125 (ms), cudaEventElapsed = 36.54403305053711 (ms)
[RANK2] B @ 179.4150390625 (ms) to 224.455322265625 (ms), cudaEventElapsed = 45.003135681152344 (ms)
[RANK2] F @ 224.826171875 (ms) to 260.71484375 (ms), cudaEventElapsed = 35.85740661621094 (ms)
[RANK2] B @ 261.05615234375 (ms) to 307.08837890625 (ms), cudaEventElapsed = 45.999969482421875 (ms)
[RANK2] F @ 308.51416015625 (ms) to 345.726806640625 (ms), cudaEventElapsed = 37.17919921875 (ms)
[RANK2] B @ 371.582763671875 (ms) to 413.198974609375 (ms), cudaEventElapsed = 41.579647064208984 (ms)
[RANK2] F @ 414.703857421875 (ms) to 449.94189453125 (ms), cudaEventElapsed = 35.20240020751953 (ms)
[RANK2] B @ 518.850341796875 (ms) to 560.125 (ms), cudaEventElapsed = 41.23622512817383 (ms)
[RANK2] F @ 561.641845703125 (ms) to 597.169921875 (ms), cudaEventElapsed = 35.49177551269531 (ms)
[RANK2] B @ 665.782470703125 (ms) to 706.98046875 (ms), cudaEventElapsed = 41.15660858154297 (ms)
[RANK2] F @ 707.391357421875 (ms) to 742.200439453125 (ms), cudaEventElapsed = 34.774879455566406 (ms)
[RANK2] B @ 742.59033203125 (ms) to 790.1201171875 (ms), cudaEventElapsed = 47.48825454711914 (ms)
[RANK2] W @ 790.371337890625 (ms) to 854.4765625 (ms), cudaEventElapsed = 19.59833526611328 (ms)
[RANK2] F @ 854.641357421875 (ms) to 888.239501953125 (ms), cudaEventElapsed = 33.56700897216797 (ms)
[RANK2] B @ 889.572021484375 (ms) to 935.809814453125 (ms), cudaEventElapsed = 46.2064323425293 (ms)
[RANK2] B @ 937.182861328125 (ms) to 983.552490234375 (ms), cudaEventElapsed = 46.339168548583984 (ms)
[RANK2] W @ 983.71484375 (ms) to 1136.478271484375 (ms), cudaEventElapsed = 19.600383758544922 (ms)
[RANK2] F @ 1136.76025390625 (ms) to 1170.672119140625 (ms), cudaEventElapsed = 33.880577087402344 (ms)
[RANK2] B @ 1170.988525390625 (ms) to 1217.280517578125 (ms), cudaEventElapsed = 46.2608642578125 (ms)
[RANK2] W @ 1217.5068359375 (ms) to 1242.47265625 (ms), cudaEventElapsed = 23.888896942138672 (ms)
[RANK2] F @ 1399.410888671875 (ms) to 1431.1484375 (ms), cudaEventElapsed = 31.6759033203125 (ms)
[RANK2] B @ 1431.4921875 (ms) to 1475.30615234375 (ms), cudaEventElapsed = 43.77859115600586 (ms)
[RANK2] W @ 1475.5546875 (ms) to 1500.926513671875 (ms), cudaEventElapsed = 24.218624114990234 (ms)
[RANK2] F @ 1572.4169921875 (ms) to 1603.97900390625 (ms), cudaEventElapsed = 31.51897621154785 (ms)
[RANK2] B @ 1604.289794921875 (ms) to 1648.49267578125 (ms), cudaEventElapsed = 44.17206573486328 (ms)
[RANK2] W @ 1648.669921875 (ms) to 1673.667236328125 (ms), cudaEventElapsed = 24.95795249938965 (ms)
[RANK2] W @ 1673.851806640625 (ms) to 1700.226806640625 (ms), cudaEventElapsed = 26.34444808959961 (ms)
[RANK2] B @ 1700.38525390625 (ms) to 1748.55224609375 (ms), cudaEventElapsed = 48.13724899291992 (ms)
[RANK2] 6W @ 1748.7216796875 (ms) to 1907.716064453125 (ms), cudaEventElapsed = 158.9555206298828 (ms)
[RANK2] Iteration 10
[RANK2] F @ 65.15087890625 (ms) to 97.39111328125 (ms), cudaEventElapsed = 32.199134826660156 (ms)
[RANK2] F @ 100.52734375 (ms) to 134.931396484375 (ms), cudaEventElapsed = 34.3671989440918 (ms)
[RANK2] F @ 137.5908203125 (ms) to 175.357177734375 (ms), cudaEventElapsed = 37.726112365722656 (ms)
[RANK2] B @ 179.751220703125 (ms) to 226.2998046875 (ms), cudaEventElapsed = 46.50553512573242 (ms)
[RANK2] F @ 226.688720703125 (ms) to 262.448974609375 (ms), cudaEventElapsed = 35.725440979003906 (ms)
[RANK2] B @ 262.789306640625 (ms) to 308.5625 (ms), cudaEventElapsed = 45.740638732910156 (ms)
[RANK2] F @ 310.1123046875 (ms) to 346.9501953125 (ms), cudaEventElapsed = 36.8043212890625 (ms)
[RANK2] B @ 375.758056640625 (ms) to 417.641845703125 (ms), cudaEventElapsed = 41.84223937988281 (ms)
[RANK2] F @ 419.255615234375 (ms) to 455.046875 (ms), cudaEventElapsed = 35.75356674194336 (ms)
[RANK2] B @ 522.963134765625 (ms) to 564.3017578125 (ms), cudaEventElapsed = 41.29619216918945 (ms)
[RANK2] F @ 565.817626953125 (ms) to 601.5126953125 (ms), cudaEventElapsed = 35.660160064697266 (ms)
[RANK2] B @ 669.5810546875 (ms) to 710.791748046875 (ms), cudaEventElapsed = 41.169376373291016 (ms)
[RANK2] F @ 711.178955078125 (ms) to 745.333984375 (ms), cudaEventElapsed = 34.12268829345703 (ms)
[RANK2] B @ 745.71533203125 (ms) to 793.360107421875 (ms), cudaEventElapsed = 47.6129264831543 (ms)
[RANK2] W @ 793.60595703125 (ms) to 858.436767578125 (ms), cudaEventElapsed = 19.572736740112305 (ms)
[RANK2] F @ 858.655517578125 (ms) to 893.6708984375 (ms), cudaEventElapsed = 34.978431701660156 (ms)
[RANK2] B @ 895.073974609375 (ms) to 941.569091796875 (ms), cudaEventElapsed = 46.4628791809082 (ms)
[RANK2] B @ 943.051025390625 (ms) to 989.77685546875 (ms), cudaEventElapsed = 46.692256927490234 (ms)
[RANK2] W @ 989.9443359375 (ms) to 1139.174072265625 (ms), cudaEventElapsed = 19.562496185302734 (ms)
[RANK2] F @ 1139.5283203125 (ms) to 1174.303466796875 (ms), cudaEventElapsed = 34.7410888671875 (ms)
[RANK2] B @ 1174.62060546875 (ms) to 1221.33056640625 (ms), cudaEventElapsed = 46.67932891845703 (ms)
[RANK2] W @ 1221.566162109375 (ms) to 1247.5439453125 (ms), cudaEventElapsed = 24.813568115234375 (ms)
[RANK2] F @ 1400.615478515625 (ms) to 1432.26123046875 (ms), cudaEventElapsed = 31.601856231689453 (ms)
[RANK2] B @ 1432.58251953125 (ms) to 1477.27783203125 (ms), cudaEventElapsed = 44.66172790527344 (ms)
[RANK2] W @ 1477.515380859375 (ms) to 1503.517333984375 (ms), cudaEventElapsed = 24.764415740966797 (ms)
[RANK2] F @ 1574.5478515625 (ms) to 1606.338623046875 (ms), cudaEventElapsed = 31.740703582763672 (ms)
[RANK2] B @ 1606.66259765625 (ms) to 1650.49267578125 (ms), cudaEventElapsed = 43.798336029052734 (ms)
[RANK2] W @ 1650.671875 (ms) to 1674.661865234375 (ms), cudaEventElapsed = 23.95238494873047 (ms)
[RANK2] W @ 1674.838623046875 (ms) to 1701.416015625 (ms), cudaEventElapsed = 26.5482234954834 (ms)
[RANK2] B @ 1701.5712890625 (ms) to 1749.9462890625 (ms), cudaEventElapsed = 48.34579086303711 (ms)
[RANK2] 6W @ 1750.128662109375 (ms) to 1910.84765625 (ms), cudaEventElapsed = 160.6840362548828 (ms)
[RANK2] Iteration 11
[RANK2] F @ 65.348388671875 (ms) to 97.836181640625 (ms), cudaEventElapsed = 32.43840026855469 (ms)
[RANK2] F @ 100.843505859375 (ms) to 134.343505859375 (ms), cudaEventElapsed = 33.46156692504883 (ms)
[RANK2] F @ 137.630615234375 (ms) to 174.734375 (ms), cudaEventElapsed = 37.0656623840332 (ms)
[RANK2] B @ 179.18994140625 (ms) to 224.675537109375 (ms), cudaEventElapsed = 45.44675064086914 (ms)
[RANK2] F @ 225.06982421875 (ms) to 260.754150390625 (ms), cudaEventElapsed = 35.653568267822266 (ms)
[RANK2] B @ 261.09375 (ms) to 306.796875 (ms), cudaEventElapsed = 45.670143127441406 (ms)
[RANK2] F @ 308.367431640625 (ms) to 345.6044921875 (ms), cudaEventElapsed = 37.203678131103516 (ms)
[RANK2] B @ 371.96826171875 (ms) to 413.70458984375 (ms), cudaEventElapsed = 41.69728088378906 (ms)
[RANK2] F @ 415.26953125 (ms) to 450.7333984375 (ms), cudaEventElapsed = 35.42729568481445 (ms)
[RANK2] B @ 519.689208984375 (ms) to 561.006103515625 (ms), cudaEventElapsed = 41.27151870727539 (ms)
[RANK2] F @ 562.619140625 (ms) to 597.652099609375 (ms), cudaEventElapsed = 34.99660873413086 (ms)
[RANK2] B @ 667.25634765625 (ms) to 708.287109375 (ms), cudaEventElapsed = 40.99164962768555 (ms)
[RANK2] F @ 708.650146484375 (ms) to 742.955078125 (ms), cudaEventElapsed = 34.2696647644043 (ms)
[RANK2] B @ 743.352294921875 (ms) to 791.30859375 (ms), cudaEventElapsed = 47.92460632324219 (ms)
[RANK2] W @ 791.555419921875 (ms) to 856.10888671875 (ms), cudaEventElapsed = 19.543039321899414 (ms)
[RANK2] F @ 856.349609375 (ms) to 890.132568359375 (ms), cudaEventElapsed = 33.74800109863281 (ms)
[RANK2] B @ 891.527099609375 (ms) to 938.4033203125 (ms), cudaEventElapsed = 46.84284973144531 (ms)
[RANK2] B @ 939.96484375 (ms) to 986.402099609375 (ms), cudaEventElapsed = 46.404510498046875 (ms)
[RANK2] W @ 986.828857421875 (ms) to 1157.08642578125 (ms), cudaEventElapsed = 19.620864868164062 (ms)
[RANK2] F @ 1157.56884765625 (ms) to 1191.498779296875 (ms), cudaEventElapsed = 33.89091110229492 (ms)
[RANK2] B @ 1191.837158203125 (ms) to 1238.640625 (ms), cudaEventElapsed = 46.771392822265625 (ms)
[RANK2] W @ 1238.8994140625 (ms) to 1264.30712890625 (ms), cudaEventElapsed = 24.207359313964844 (ms)
[RANK2] F @ 1439.448974609375 (ms) to 1471.186767578125 (ms), cudaEventElapsed = 31.684831619262695 (ms)
[RANK2] B @ 1471.53173828125 (ms) to 1515.765625 (ms), cudaEventElapsed = 44.19910430908203 (ms)
[RANK2] W @ 1516.037109375 (ms) to 1541.544189453125 (ms), cudaEventElapsed = 24.238079071044922 (ms)
[RANK2] F @ 1653.594482421875 (ms) to 1685.242919921875 (ms), cudaEventElapsed = 31.59916877746582 (ms)
[RANK2] B @ 1685.586669921875 (ms) to 1729.858154296875 (ms), cudaEventElapsed = 44.2388801574707 (ms)
[RANK2] W @ 1730.0634765625 (ms) to 1754.462158203125 (ms), cudaEventElapsed = 24.359935760498047 (ms)
[RANK2] W @ 1754.65478515625 (ms) to 1781.217529296875 (ms), cudaEventElapsed = 26.53388786315918 (ms)
[RANK2] B @ 1781.39697265625 (ms) to 1829.644287109375 (ms), cudaEventElapsed = 48.217952728271484 (ms)
[RANK2] 6W @ 1829.843994140625 (ms) to 1988.9921875 (ms), cudaEventElapsed = 159.10911560058594 (ms)
[RANK2] Iteration 12
[RANK2] F @ 186.91064453125 (ms) to 219.283203125 (ms), cudaEventElapsed = 32.30227279663086 (ms)
[RANK2] F @ 273.291748046875 (ms) to 304.809814453125 (ms), cudaEventElapsed = 31.475135803222656 (ms)
[RANK2] F @ 306.396484375 (ms) to 341.993408203125 (ms), cudaEventElapsed = 35.56060791015625 (ms)
[RANK2] B @ 450.888427734375 (ms) to 492.9091796875 (ms), cudaEventElapsed = 41.9716796875 (ms)
[RANK2] F @ 493.346923828125 (ms) to 527.73095703125 (ms), cudaEventElapsed = 34.347904205322266 (ms)
[RANK2] B @ 528.071044921875 (ms) to 574.460693359375 (ms), cudaEventElapsed = 46.355934143066406 (ms)
[RANK2] F @ 576.134765625 (ms) to 612.751953125 (ms), cudaEventElapsed = 36.57961654663086 (ms)
[RANK2] B @ 722.393310546875 (ms) to 763.627197265625 (ms), cudaEventElapsed = 41.18105697631836 (ms)
[RANK2] F @ 765.289794921875 (ms) to 800.783203125 (ms), cudaEventElapsed = 35.44105529785156 (ms)
[RANK2] B @ 871.08349609375 (ms) to 912.4287109375 (ms), cudaEventElapsed = 41.295902252197266 (ms)
[RANK2] F @ 914.066162109375 (ms) to 949.051025390625 (ms), cudaEventElapsed = 34.94316864013672 (ms)
[RANK2] B @ 1042.56640625 (ms) to 1083.614990234375 (ms), cudaEventElapsed = 41.00230407714844 (ms)
[RANK2] F @ 1084.01904296875 (ms) to 1118.060791015625 (ms), cudaEventElapsed = 34.00950241088867 (ms)
[RANK2] B @ 1118.470947265625 (ms) to 1165.880615234375 (ms), cudaEventElapsed = 47.3768310546875 (ms)
[RANK2] W @ 1166.160888671875 (ms) to 1231.333984375 (ms), cudaEventElapsed = 19.506175994873047 (ms)
[RANK2] F @ 1231.53271484375 (ms) to 1265.260986328125 (ms), cudaEventElapsed = 33.694847106933594 (ms)
[RANK2] B @ 1266.68603515625 (ms) to 1313.24267578125 (ms), cudaEventElapsed = 46.521888732910156 (ms)
[RANK2] B @ 1314.82275390625 (ms) to 1361.2314453125 (ms), cudaEventElapsed = 46.374046325683594 (ms)
[RANK2] W @ 1361.434814453125 (ms) to 1533.63720703125 (ms), cudaEventElapsed = 19.564544677734375 (ms)
[RANK2] F @ 1534.101806640625 (ms) to 1568.090087890625 (ms), cudaEventElapsed = 33.93843078613281 (ms)
[RANK2] B @ 1568.439208984375 (ms) to 1614.8955078125 (ms), cudaEventElapsed = 46.42544174194336 (ms)
[RANK2] W @ 1615.157958984375 (ms) to 1640.4375 (ms), cudaEventElapsed = 24.11827278137207 (ms)
[RANK2] F @ 1814.93017578125 (ms) to 1846.67578125 (ms), cudaEventElapsed = 31.693023681640625 (ms)
[RANK2] B @ 1847.017822265625 (ms) to 1891.5068359375 (ms), cudaEventElapsed = 44.45657730102539 (ms)
[RANK2] W @ 1891.77587890625 (ms) to 1917.4892578125 (ms), cudaEventElapsed = 24.54425621032715 (ms)
[RANK2] F @ 2028.642822265625 (ms) to 2060.31298828125 (ms), cudaEventElapsed = 31.61350440979004 (ms)
[RANK2] B @ 2060.668701171875 (ms) to 2104.899658203125 (ms), cudaEventElapsed = 44.19843292236328 (ms)
[RANK2] W @ 2105.095947265625 (ms) to 2129.385009765625 (ms), cudaEventElapsed = 24.251392364501953 (ms)
[RANK2] W @ 2129.57373046875 (ms) to 2156.16650390625 (ms), cudaEventElapsed = 26.562559127807617 (ms)
[RANK2] B @ 2156.336669921875 (ms) to 2204.199951171875 (ms), cudaEventElapsed = 47.83295822143555 (ms)
[RANK2] 6W @ 2204.382080078125 (ms) to 2362.620361328125 (ms), cudaEventElapsed = 158.19981384277344 (ms)
[RANK2] Iteration 13
[RANK2] F @ 187.01318359375 (ms) to 219.306884765625 (ms), cudaEventElapsed = 32.238494873046875 (ms)
[RANK2] F @ 275.13916015625 (ms) to 306.75390625 (ms), cudaEventElapsed = 31.57254409790039 (ms)
[RANK2] F @ 308.198486328125 (ms) to 343.171875 (ms), cudaEventElapsed = 34.93734359741211 (ms)
[RANK2] B @ 452.5087890625 (ms) to 494.550048828125 (ms), cudaEventElapsed = 41.9964485168457 (ms)
[RANK2] F @ 494.96630859375 (ms) to 529.3369140625 (ms), cudaEventElapsed = 34.334014892578125 (ms)
[RANK2] B @ 529.68505859375 (ms) to 576.009033203125 (ms), cudaEventElapsed = 46.2880973815918 (ms)
[RANK2] F @ 577.64013671875 (ms) to 614.29541015625 (ms), cudaEventElapsed = 36.61577606201172 (ms)
[RANK2] B @ 723.158935546875 (ms) to 764.435791015625 (ms), cudaEventElapsed = 41.22937774658203 (ms)
[RANK2] F @ 766.022705078125 (ms) to 801.597900390625 (ms), cudaEventElapsed = 35.52592086791992 (ms)
[RANK2] B @ 872.26904296875 (ms) to 913.450927734375 (ms), cudaEventElapsed = 41.13801574707031 (ms)
[RANK2] F @ 914.998291015625 (ms) to 949.783447265625 (ms), cudaEventElapsed = 34.7407341003418 (ms)
[RANK2] B @ 1044.750732421875 (ms) to 1086.025146484375 (ms), cudaEventElapsed = 41.226558685302734 (ms)
[RANK2] F @ 1086.41064453125 (ms) to 1121.493896484375 (ms), cudaEventElapsed = 35.05100631713867 (ms)
[RANK2] B @ 1121.888427734375 (ms) to 1169.98876953125 (ms), cudaEventElapsed = 48.069854736328125 (ms)
[RANK2] W @ 1170.240478515625 (ms) to 1233.663818359375 (ms), cudaEventElapsed = 19.555328369140625 (ms)
[RANK2] F @ 1233.84765625 (ms) to 1267.673828125 (ms), cudaEventElapsed = 33.793983459472656 (ms)
[RANK2] B @ 1269.047119140625 (ms) to 1315.112060546875 (ms), cudaEventElapsed = 46.032257080078125 (ms)
[RANK2] B @ 1316.607177734375 (ms) to 1362.613037109375 (ms), cudaEventElapsed = 45.973697662353516 (ms)
[RANK2] W @ 1362.788818359375 (ms) to 1534.17626953125 (ms), cudaEventElapsed = 19.595264434814453 (ms)
[RANK2] F @ 1534.599609375 (ms) to 1568.635009765625 (ms), cudaEventElapsed = 33.997249603271484 (ms)
[RANK2] B @ 1568.974609375 (ms) to 1615.74853515625 (ms), cudaEventElapsed = 46.73564910888672 (ms)
[RANK2] W @ 1616.02490234375 (ms) to 1641.3876953125 (ms), cudaEventElapsed = 24.224767684936523 (ms)
[RANK2] F @ 1815.7939453125 (ms) to 1847.391357421875 (ms), cudaEventElapsed = 31.553504943847656 (ms)
[RANK2] B @ 1847.772216796875 (ms) to 1891.68798828125 (ms), cudaEventElapsed = 43.881343841552734 (ms)
[RANK2] W @ 1891.929931640625 (ms) to 1917.231201171875 (ms), cudaEventElapsed = 24.207359313964844 (ms)
[RANK2] F @ 2029.13525390625 (ms) to 2060.619140625 (ms), cudaEventElapsed = 31.442432403564453 (ms)
[RANK2] B @ 2060.9306640625 (ms) to 2105.07861328125 (ms), cudaEventElapsed = 44.11542510986328 (ms)
[RANK2] W @ 2105.254638671875 (ms) to 2129.833984375 (ms), cudaEventElapsed = 24.541183471679688 (ms)
[RANK2] W @ 2130.00927734375 (ms) to 2156.501953125 (ms), cudaEventElapsed = 26.463232040405273 (ms)
[RANK2] B @ 2156.659912109375 (ms) to 2204.71044921875 (ms), cudaEventElapsed = 48.022560119628906 (ms)
[RANK2] 6W @ 2204.885009765625 (ms) to 2363.58544921875 (ms), cudaEventElapsed = 158.66368103027344 (ms)
[RANK2] Iteration 14
[RANK2] F @ 187.33642578125 (ms) to 219.563232421875 (ms), cudaEventElapsed = 32.18342590332031 (ms)
[RANK2] F @ 275.37890625 (ms) to 306.9296875 (ms), cudaEventElapsed = 31.512895584106445 (ms)
[RANK2] F @ 308.37890625 (ms) to 343.8857421875 (ms), cudaEventElapsed = 35.47119903564453 (ms)
[RANK2] B @ 452.736083984375 (ms) to 494.813232421875 (ms), cudaEventElapsed = 42.02732849121094 (ms)
[RANK2] F @ 495.232177734375 (ms) to 529.337158203125 (ms), cudaEventElapsed = 34.071712493896484 (ms)
[RANK2] B @ 529.670166015625 (ms) to 575.67919921875 (ms), cudaEventElapsed = 45.97689437866211 (ms)
[RANK2] F @ 577.22314453125 (ms) to 613.704345703125 (ms), cudaEventElapsed = 36.44412612915039 (ms)
[RANK2] B @ 723.933349609375 (ms) to 765.1826171875 (ms), cudaEventElapsed = 41.199710845947266 (ms)
[RANK2] F @ 766.757568359375 (ms) to 802.37548828125 (ms), cudaEventElapsed = 35.57942581176758 (ms)
[RANK2] B @ 873.76220703125 (ms) to 915.040771484375 (ms), cudaEventElapsed = 41.23481750488281 (ms)
[RANK2] F @ 916.588623046875 (ms) to 951.247802734375 (ms), cudaEventElapsed = 34.623905181884766 (ms)
[RANK2] B @ 1046.9736328125 (ms) to 1088.2900390625 (ms), cudaEventElapsed = 41.26371383666992 (ms)
[RANK2] F @ 1088.68212890625 (ms) to 1123.2861328125 (ms), cudaEventElapsed = 34.56806564331055 (ms)
[RANK2] B @ 1123.680908203125 (ms) to 1171.60986328125 (ms), cudaEventElapsed = 47.89596939086914 (ms)
[RANK2] W @ 1171.874755859375 (ms) to 1235.47509765625 (ms), cudaEventElapsed = 19.556352615356445 (ms)
[RANK2] F @ 1235.65283203125 (ms) to 1269.875732421875 (ms), cudaEventElapsed = 34.191009521484375 (ms)
[RANK2] B @ 1271.260009765625 (ms) to 1317.4150390625 (ms), cudaEventElapsed = 46.12220764160156 (ms)
[RANK2] B @ 1318.996826171875 (ms) to 1365.678955078125 (ms), cudaEventElapsed = 46.64467239379883 (ms)
[RANK2] W @ 1365.88525390625 (ms) to 1536.7080078125 (ms), cudaEventElapsed = 19.59014320373535 (ms)
[RANK2] F @ 1537.054931640625 (ms) to 1571.48876953125 (ms), cudaEventElapsed = 34.400543212890625 (ms)
[RANK2] B @ 1571.804443359375 (ms) to 1618.0556640625 (ms), cudaEventElapsed = 46.20924758911133 (ms)
[RANK2] W @ 1618.3017578125 (ms) to 1644.03125 (ms), cudaEventElapsed = 24.654848098754883 (ms)
[RANK2] F @ 1818.395751953125 (ms) to 1850.081298828125 (ms), cudaEventElapsed = 31.640256881713867 (ms)
[RANK2] B @ 1850.40283203125 (ms) to 1894.087158203125 (ms), cudaEventElapsed = 43.65305709838867 (ms)
[RANK2] W @ 1894.327880859375 (ms) to 1919.198974609375 (ms), cudaEventElapsed = 23.734272003173828 (ms)
[RANK2] F @ 2032.968505859375 (ms) to 2064.54541015625 (ms), cudaEventElapsed = 31.53936004638672 (ms)
[RANK2] B @ 2064.844482421875 (ms) to 2109.11376953125 (ms), cudaEventElapsed = 44.236351013183594 (ms)
[RANK2] W @ 2109.280029296875 (ms) to 2133.839599609375 (ms), cudaEventElapsed = 24.52889633178711 (ms)
[RANK2] W @ 2134.006103515625 (ms) to 2160.165771484375 (ms), cudaEventElapsed = 26.13043212890625 (ms)
[RANK2] B @ 2160.313720703125 (ms) to 2208.35302734375 (ms), cudaEventElapsed = 48.0107536315918 (ms)
[RANK2] 6W @ 2208.517333984375 (ms) to 2367.74609375 (ms), cudaEventElapsed = 159.1910400390625 (ms)
[RANK2] Iteration 15
[RANK2] F @ 186.27392578125 (ms) to 218.498046875 (ms), cudaEventElapsed = 32.18083190917969 (ms)
[RANK2] F @ 277.5703125 (ms) to 309.1728515625 (ms), cudaEventElapsed = 31.562847137451172 (ms)
[RANK2] F @ 310.571533203125 (ms) to 345.659423828125 (ms), cudaEventElapsed = 35.05420684814453 (ms)
[RANK2] B @ 456.045166015625 (ms) to 497.990234375 (ms), cudaEventElapsed = 41.9051513671875 (ms)
[RANK2] F @ 498.371826171875 (ms) to 532.86767578125 (ms), cudaEventElapsed = 34.46371078491211 (ms)
[RANK2] B @ 533.18896484375 (ms) to 579.520751953125 (ms), cudaEventElapsed = 46.300479888916016 (ms)
[RANK2] F @ 581.00341796875 (ms) to 617.99169921875 (ms), cudaEventElapsed = 36.95363235473633 (ms)
[RANK2] B @ 728.183837890625 (ms) to 769.412841796875 (ms), cudaEventElapsed = 41.18860626220703 (ms)
[RANK2] F @ 770.86767578125 (ms) to 805.614501953125 (ms), cudaEventElapsed = 34.70927810668945 (ms)
[RANK2] B @ 877.614990234375 (ms) to 918.771484375 (ms), cudaEventElapsed = 41.117919921875 (ms)
[RANK2] F @ 920.251708984375 (ms) to 955.5380859375 (ms), cudaEventElapsed = 35.24998474121094 (ms)
[RANK2] B @ 1051.6142578125 (ms) to 1092.84228515625 (ms), cudaEventElapsed = 41.18851089477539 (ms)
[RANK2] F @ 1093.21728515625 (ms) to 1127.897705078125 (ms), cudaEventElapsed = 34.64896011352539 (ms)
[RANK2] B @ 1128.286865234375 (ms) to 1176.124755859375 (ms), cudaEventElapsed = 47.80662536621094 (ms)
[RANK2] W @ 1176.358642578125 (ms) to 1240.16357421875 (ms), cudaEventElapsed = 19.80415916442871 (ms)
[RANK2] F @ 1240.31982421875 (ms) to 1274.800537109375 (ms), cudaEventElapsed = 34.44985580444336 (ms)
[RANK2] B @ 1276.162841796875 (ms) to 1322.8837890625 (ms), cudaEventElapsed = 46.68793487548828 (ms)
[RANK2] B @ 1324.289306640625 (ms) to 1370.88623046875 (ms), cudaEventElapsed = 46.563358306884766 (ms)
[RANK2] W @ 1371.093505859375 (ms) to 1540.803955078125 (ms), cudaEventElapsed = 19.726335525512695 (ms)
[RANK2] F @ 1541.26513671875 (ms) to 1575.288818359375 (ms), cudaEventElapsed = 33.98380661010742 (ms)
[RANK2] B @ 1575.6201171875 (ms) to 1622.4775390625 (ms), cudaEventElapsed = 46.82614517211914 (ms)
[RANK2] W @ 1622.711669921875 (ms) to 1648.609619140625 (ms), cudaEventElapsed = 24.816640853881836 (ms)
[RANK2] F @ 1820.991455078125 (ms) to 1852.61083984375 (ms), cudaEventElapsed = 31.570079803466797 (ms)
[RANK2] B @ 1852.97509765625 (ms) to 1897.290771484375 (ms), cudaEventElapsed = 44.285118103027344 (ms)
[RANK2] W @ 1897.532958984375 (ms) to 1923.02001953125 (ms), cudaEventElapsed = 24.341503143310547 (ms)
[RANK2] F @ 2035.84619140625 (ms) to 2067.489990234375 (ms), cudaEventElapsed = 31.597055435180664 (ms)
[RANK2] B @ 2067.79443359375 (ms) to 2111.702392578125 (ms), cudaEventElapsed = 43.8765754699707 (ms)
[RANK2] W @ 2111.865234375 (ms) to 2135.8330078125 (ms), cudaEventElapsed = 23.92576026916504 (ms)
[RANK2] W @ 2136.0048828125 (ms) to 2163.07470703125 (ms), cudaEventElapsed = 27.041791915893555 (ms)
[RANK2] B @ 2163.22509765625 (ms) to 2211.648681640625 (ms), cudaEventElapsed = 48.39494323730469 (ms)
[RANK2] 6W @ 2211.811279296875 (ms) to 2372.763427734375 (ms), cudaEventElapsed = 160.91238403320312 (ms)
[RANK2] Iteration 16
[RANK2] F @ 122.816650390625 (ms) to 153.32080078125 (ms), cudaEventElapsed = 30.45737648010254 (ms)
[RANK2] F @ 209.778564453125 (ms) to 239.529541015625 (ms), cudaEventElapsed = 29.708032608032227 (ms)
[RANK2] F @ 299.17529296875 (ms) to 329.480224609375 (ms), cudaEventElapsed = 30.266847610473633 (ms)
[RANK2] F @ 383.190673828125 (ms) to 413.5947265625 (ms), cudaEventElapsed = 30.366559982299805 (ms)
[RANK2] F @ 474.144775390625 (ms) to 504.331787109375 (ms), cudaEventElapsed = 30.146303176879883 (ms)
[RANK2] F @ 561.053955078125 (ms) to 591.37939453125 (ms), cudaEventElapsed = 30.288127899169922 (ms)
[RANK2] F @ 647.284912109375 (ms) to 677.601318359375 (ms), cudaEventElapsed = 30.274080276489258 (ms)
[RANK2] F @ 735.989990234375 (ms) to 765.554443359375 (ms), cudaEventElapsed = 29.52511978149414 (ms)
[RANK2] F @ 822.35546875 (ms) to 852.0654296875 (ms), cudaEventElapsed = 29.67184066772461 (ms)
[RANK2] F @ 911.09765625 (ms) to 940.798583984375 (ms), cudaEventElapsed = 29.663999557495117 (ms)
[RANK2] F @ 999.73095703125 (ms) to 1029.370361328125 (ms), cudaEventElapsed = 29.60163116455078 (ms)
[RANK2] F @ 1085.2099609375 (ms) to 1115.04052734375 (ms), cudaEventElapsed = 29.793312072753906 (ms)
