[RANK0] Iteration 1
[RANK0] F @ 2.540771484375 (ms) to 537.119140625 (ms), cudaEventElapsed = 534.5054931640625 (ms)
[RANK0] F @ 537.8740234375 (ms) to 563.697998046875 (ms), cudaEventElapsed = 25.797632217407227 (ms)
[RANK0] F @ 564.365966796875 (ms) to 591.498046875 (ms), cudaEventElapsed = 27.107328414916992 (ms)
[RANK0] F @ 592.163818359375 (ms) to 619.44873046875 (ms), cudaEventElapsed = 27.260927200317383 (ms)
[RANK0] F @ 620.945556640625 (ms) to 649.082275390625 (ms), cudaEventElapsed = 28.108800888061523 (ms)
[RANK0] F @ 649.7314453125 (ms) to 677.09619140625 (ms), cudaEventElapsed = 27.34079933166504 (ms)
[RANK0] F @ 677.74365234375 (ms) to 705.800048828125 (ms), cudaEventElapsed = 28.031999588012695 (ms)
[RANK0] B @ 1737.705322265625 (ms) to 1827.13427734375 (ms), cudaEventElapsed = 89.4023666381836 (ms)
[RANK0] F @ 1827.416748046875 (ms) to 1852.579345703125 (ms), cudaEventElapsed = 25.13817596435547 (ms)
[RANK0] B @ 1853.940185546875 (ms) to 1887.253662109375 (ms), cudaEventElapsed = 33.29024124145508 (ms)
[RANK0] F @ 1887.640869140625 (ms) to 1912.8408203125 (ms), cudaEventElapsed = 25.175039291381836 (ms)
[RANK0] B @ 1914.148681640625 (ms) to 1949.262939453125 (ms), cudaEventElapsed = 35.08428955078125 (ms)
[RANK0] F @ 1949.470703125 (ms) to 1975.6171875 (ms), cudaEventElapsed = 26.11916732788086 (ms)
[RANK0] B @ 1976.93408203125 (ms) to 2012.458984375 (ms), cudaEventElapsed = 35.50310516357422 (ms)
[RANK0] F @ 2012.664306640625 (ms) to 2038.7509765625 (ms), cudaEventElapsed = 26.064895629882812 (ms)
[RANK0] B @ 2054.601806640625 (ms) to 2088.223388671875 (ms), cudaEventElapsed = 33.5994873046875 (ms)
[RANK0] F @ 2088.412841796875 (ms) to 2113.72265625 (ms), cudaEventElapsed = 25.28767967224121 (ms)
[RANK0] B @ 2134.848388671875 (ms) to 2170.3037109375 (ms), cudaEventElapsed = 35.41913604736328 (ms)
[RANK0] W @ 2170.583984375 (ms) to 2185.129638671875 (ms), cudaEventElapsed = 14.522368431091309 (ms)
[RANK0] B @ 2209.432861328125 (ms) to 2241.194091796875 (ms), cudaEventElapsed = 31.739904403686523 (ms)
[RANK0] W @ 2241.713623046875 (ms) to 2255.393798828125 (ms), cudaEventElapsed = 13.6560640335083 (ms)
[RANK0] B @ 2289.9287109375 (ms) to 2321.922119140625 (ms), cudaEventElapsed = 31.97337532043457 (ms)
[RANK0] W @ 2322.19775390625 (ms) to 2335.98193359375 (ms), cudaEventElapsed = 13.76255989074707 (ms)
[RANK0] B @ 2354.93701171875 (ms) to 2387.57958984375 (ms), cudaEventElapsed = 32.6195182800293 (ms)
[RANK0] W @ 2387.857421875 (ms) to 2401.9091796875 (ms), cudaEventElapsed = 14.029824256896973 (ms)
[RANK0] B @ 2427.8251953125 (ms) to 2459.72705078125 (ms), cudaEventElapsed = 31.881216049194336 (ms)
[RANK0] W @ 2460.016845703125 (ms) to 2474.05224609375 (ms), cudaEventElapsed = 14.012415885925293 (ms)
[RANK0] B @ 2493.784912109375 (ms) to 2526.4853515625 (ms), cudaEventElapsed = 32.679935455322266 (ms)
[RANK0] W @ 2526.762939453125 (ms) to 2540.828125 (ms), cudaEventElapsed = 14.044159889221191 (ms)
[RANK0] B @ 2558.83203125 (ms) to 2591.08642578125 (ms), cudaEventElapsed = 32.22732925415039 (ms)
[RANK0] 6W @ 2592.139404296875 (ms) to 2682.78662109375 (ms), cudaEventElapsed = 90.61888122558594 (ms)
[RANK0] Iteration 2
[RANK0] F @ 0.865478515625 (ms) to 26.53173828125 (ms), cudaEventElapsed = 25.634815216064453 (ms)
[RANK0] F @ 27.217041015625 (ms) to 53.178955078125 (ms), cudaEventElapsed = 25.93791961669922 (ms)
[RANK0] F @ 53.84765625 (ms) to 80.82373046875 (ms), cudaEventElapsed = 26.95065689086914 (ms)
[RANK0] F @ 81.5029296875 (ms) to 108.752685546875 (ms), cudaEventElapsed = 27.225088119506836 (ms)
[RANK0] F @ 109.42236328125 (ms) to 137.625732421875 (ms), cudaEventElapsed = 28.17945671081543 (ms)
[RANK0] F @ 138.302978515625 (ms) to 165.9384765625 (ms), cudaEventElapsed = 27.607040405273438 (ms)
[RANK0] F @ 166.65087890625 (ms) to 195.05126953125 (ms), cudaEventElapsed = 28.37299156188965 (ms)
[RANK0] B @ 387.312255859375 (ms) to 420.590087890625 (ms), cudaEventElapsed = 33.25132751464844 (ms)
[RANK0] F @ 420.80810546875 (ms) to 446.3193359375 (ms), cudaEventElapsed = 25.48633575439453 (ms)
[RANK0] B @ 470.0400390625 (ms) to 503.692626953125 (ms), cudaEventElapsed = 33.62918472290039 (ms)
[RANK0] F @ 503.890869140625 (ms) to 530.373291015625 (ms), cudaEventElapsed = 26.461183547973633 (ms)
[RANK0] B @ 554.122314453125 (ms) to 713.9169921875 (ms), cudaEventElapsed = 159.7696075439453 (ms)
[RANK0] F @ 714.20947265625 (ms) to 740.033447265625 (ms), cudaEventElapsed = 25.799680709838867 (ms)
[RANK0] B @ 741.627685546875 (ms) to 777.31982421875 (ms), cudaEventElapsed = 35.66899108886719 (ms)
[RANK0] F @ 777.518798828125 (ms) to 805.386962890625 (ms), cudaEventElapsed = 27.844608306884766 (ms)
[RANK0] B @ 807.209716796875 (ms) to 843.988037109375 (ms), cudaEventElapsed = 36.75136184692383 (ms)
[RANK0] F @ 844.20263671875 (ms) to 871.95361328125 (ms), cudaEventElapsed = 27.7258243560791 (ms)
[RANK0] B @ 873.2646484375 (ms) to 909.32958984375 (ms), cudaEventElapsed = 36.04172897338867 (ms)
[RANK0] W @ 909.64501953125 (ms) to 926.670166015625 (ms), cudaEventElapsed = 16.99942398071289 (ms)
[RANK0] B @ 927.564453125 (ms) to 964.6435546875 (ms), cudaEventElapsed = 37.05651092529297 (ms)
[RANK0] W @ 964.93408203125 (ms) to 982.60302734375 (ms), cudaEventElapsed = 17.64556884765625 (ms)
[RANK0] B @ 1002.248779296875 (ms) to 1036.84130859375 (ms), cudaEventElapsed = 34.569217681884766 (ms)
[RANK0] W @ 1037.14697265625 (ms) to 1053.407958984375 (ms), cudaEventElapsed = 16.23859214782715 (ms)
[RANK0] B @ 1083.806884765625 (ms) to 1117.3310546875 (ms), cudaEventElapsed = 33.5022087097168 (ms)
[RANK0] W @ 1117.63623046875 (ms) to 1133.2685546875 (ms), cudaEventElapsed = 15.606783866882324 (ms)
[RANK0] B @ 1166.677001953125 (ms) to 1200.11083984375 (ms), cudaEventElapsed = 33.41209411621094 (ms)
[RANK0] W @ 1200.41552734375 (ms) to 1215.663818359375 (ms), cudaEventElapsed = 15.225855827331543 (ms)
[RANK0] B @ 1243.525390625 (ms) to 1276.956298828125 (ms), cudaEventElapsed = 33.41107177734375 (ms)
[RANK0] W @ 1277.7490234375 (ms) to 1293.287841796875 (ms), cudaEventElapsed = 15.515647888183594 (ms)
[RANK0] B @ 1316.370361328125 (ms) to 1349.98974609375 (ms), cudaEventElapsed = 33.5994873046875 (ms)
[RANK0] 6W @ 1350.73828125 (ms) to 1465.10595703125 (ms), cudaEventElapsed = 114.34086608886719 (ms)
[RANK0] Iteration 3
[RANK0] F @ 0.478759765625 (ms) to 25.538330078125 (ms), cudaEventElapsed = 25.034751892089844 (ms)
[RANK0] F @ 26.1962890625 (ms) to 51.544189453125 (ms), cudaEventElapsed = 25.32352066040039 (ms)
[RANK0] F @ 52.22607421875 (ms) to 79.658935546875 (ms), cudaEventElapsed = 27.410432815551758 (ms)
[RANK0] F @ 80.322021484375 (ms) to 108.320556640625 (ms), cudaEventElapsed = 27.976703643798828 (ms)
[RANK0] F @ 108.96826171875 (ms) to 136.9697265625 (ms), cudaEventElapsed = 27.97977638244629 (ms)
[RANK0] F @ 137.624267578125 (ms) to 165.145263671875 (ms), cudaEventElapsed = 27.495424270629883 (ms)
[RANK0] F @ 165.830078125 (ms) to 193.66748046875 (ms), cudaEventElapsed = 27.812864303588867 (ms)
[RANK0] F @ 194.360595703125 (ms) to 221.869873046875 (ms), cudaEventElapsed = 27.486207962036133 (ms)
[RANK0] F @ 222.534423828125 (ms) to 250.296630859375 (ms), cudaEventElapsed = 27.7391357421875 (ms)
[RANK0] F @ 250.978759765625 (ms) to 278.5859375 (ms), cudaEventElapsed = 27.581439971923828 (ms)
[RANK0] B @ 432.673828125 (ms) to 465.86865234375 (ms), cudaEventElapsed = 33.16428756713867 (ms)
[RANK0] F @ 466.13330078125 (ms) to 491.7353515625 (ms), cudaEventElapsed = 25.574399948120117 (ms)
[RANK0] F @ 492.4345703125 (ms) to 520.1318359375 (ms), cudaEventElapsed = 27.669504165649414 (ms)
[RANK0] W @ 520.860107421875 (ms) to 538.548095703125 (ms), cudaEventElapsed = 17.65990447998047 (ms)
[RANK0] B @ 556.539794921875 (ms) to 591.604248046875 (ms), cudaEventElapsed = 35.0382080078125 (ms)
[RANK0] W @ 591.855712890625 (ms) to 608.599365234375 (ms), cudaEventElapsed = 16.719871520996094 (ms)
[RANK0] B @ 660.640625 (ms) to 693.940673828125 (ms), cudaEventElapsed = 33.277950286865234 (ms)
[RANK0] W @ 694.194091796875 (ms) to 709.51953125 (ms), cudaEventElapsed = 15.300607681274414 (ms)
[RANK0] B @ 764.404541015625 (ms) to 797.541015625 (ms), cudaEventElapsed = 33.11308670043945 (ms)
[RANK0] W @ 797.867431640625 (ms) to 812.91943359375 (ms), cudaEventElapsed = 15.027199745178223 (ms)
[RANK0] B @ 813.767822265625 (ms) to 849.092041015625 (ms), cudaEventElapsed = 35.302398681640625 (ms)
[RANK0] W @ 849.32421875 (ms) to 866.827392578125 (ms), cudaEventElapsed = 17.479679107666016 (ms)
[RANK0] B @ 932.508056640625 (ms) to 965.61376953125 (ms), cudaEventElapsed = 33.08339309692383 (ms)
[RANK0] W @ 965.830810546875 (ms) to 980.696044921875 (ms), cudaEventElapsed = 14.842880249023438 (ms)
[RANK0] B @ 998.691650390625 (ms) to 1033.029052734375 (ms), cudaEventElapsed = 34.314239501953125 (ms)
[RANK0] W @ 1033.330078125 (ms) to 1049.588623046875 (ms), cudaEventElapsed = 16.23244857788086 (ms)
[RANK0] B @ 1050.42138671875 (ms) to 1086.705322265625 (ms), cudaEventElapsed = 36.26188659667969 (ms)
[RANK0] W @ 1086.908447265625 (ms) to 1104.4990234375 (ms), cudaEventElapsed = 17.568767547607422 (ms)
[RANK0] B @ 1146.00146484375 (ms) to 1179.294677734375 (ms), cudaEventElapsed = 33.272830963134766 (ms)
[RANK0] W @ 1179.51123046875 (ms) to 1194.6923828125 (ms), cudaEventElapsed = 15.159296035766602 (ms)
[RANK0] B @ 1217.854736328125 (ms) to 1251.4873046875 (ms), cudaEventElapsed = 33.60870361328125 (ms)
[RANK0] W @ 1251.68994140625 (ms) to 1267.471923828125 (ms), cudaEventElapsed = 15.759360313415527 (ms)
[RANK0] B @ 1289.47900390625 (ms) to 1323.495361328125 (ms), cudaEventElapsed = 33.99168014526367 (ms)
[RANK0] W @ 1323.6904296875 (ms) to 1339.92431640625 (ms), cudaEventElapsed = 16.2109432220459 (ms)
[RANK0] B @ 1416.9287109375 (ms) to 1450.045654296875 (ms), cudaEventElapsed = 33.091583251953125 (ms)
[RANK0] 1W @ 1450.382568359375 (ms) to 1465.56640625 (ms), cudaEventElapsed = 15.160320281982422 (ms)
[RANK0] Iteration 4
[RANK0] F @ 0.500244140625 (ms) to 26.203369140625 (ms), cudaEventElapsed = 25.676799774169922 (ms)
[RANK0] F @ 27.037109375 (ms) to 52.183837890625 (ms), cudaEventElapsed = 25.11667251586914 (ms)
[RANK0] F @ 53.001220703125 (ms) to 80.49609375 (ms), cudaEventElapsed = 27.461631774902344 (ms)
[RANK0] F @ 81.181640625 (ms) to 109.4697265625 (ms), cudaEventElapsed = 28.264448165893555 (ms)
[RANK0] F @ 110.172119140625 (ms) to 138.091552734375 (ms), cudaEventElapsed = 27.896831512451172 (ms)
[RANK0] F @ 138.755126953125 (ms) to 166.427734375 (ms), cudaEventElapsed = 27.650047302246094 (ms)
[RANK0] F @ 167.117919921875 (ms) to 194.46875 (ms), cudaEventElapsed = 27.32646369934082 (ms)
[RANK0] F @ 195.163818359375 (ms) to 223.068115234375 (ms), cudaEventElapsed = 27.879423141479492 (ms)
[RANK0] F @ 223.757568359375 (ms) to 251.293212890625 (ms), cudaEventElapsed = 27.511808395385742 (ms)
[RANK0] F @ 251.967041015625 (ms) to 279.87060546875 (ms), cudaEventElapsed = 27.880447387695312 (ms)
[RANK0] B @ 438.60546875 (ms) to 471.69384765625 (ms), cudaEventElapsed = 33.063934326171875 (ms)
[RANK0] F @ 471.903564453125 (ms) to 498.267578125 (ms), cudaEventElapsed = 26.340351104736328 (ms)
[RANK0] F @ 498.961181640625 (ms) to 526.274658203125 (ms), cudaEventElapsed = 27.290624618530273 (ms)
[RANK0] W @ 526.96435546875 (ms) to 544.592041015625 (ms), cudaEventElapsed = 17.605632781982422 (ms)
[RANK0] B @ 563.15673828125 (ms) to 597.526123046875 (ms), cudaEventElapsed = 34.3480339050293 (ms)
[RANK0] W @ 597.734375 (ms) to 613.4931640625 (ms), cudaEventElapsed = 15.737855911254883 (ms)
[RANK0] B @ 646.71435546875 (ms) to 680.26025390625 (ms), cudaEventElapsed = 33.523712158203125 (ms)
[RANK0] W @ 680.456298828125 (ms) to 696.356201171875 (ms), cudaEventElapsed = 15.878144264221191 (ms)
[RANK0] B @ 750.482421875 (ms) to 783.675048828125 (ms), cudaEventElapsed = 33.170433044433594 (ms)
[RANK0] W @ 783.97509765625 (ms) to 799.36376953125 (ms), cudaEventElapsed = 15.354880332946777 (ms)
[RANK0] B @ 819.77978515625 (ms) to 853.6845703125 (ms), cudaEventElapsed = 33.884159088134766 (ms)
[RANK0] W @ 853.89208984375 (ms) to 869.86865234375 (ms), cudaEventElapsed = 15.954943656921387 (ms)
[RANK0] B @ 887.072998046875 (ms) to 922.091796875 (ms), cudaEventElapsed = 34.99827194213867 (ms)
[RANK0] W @ 922.29638671875 (ms) to 939.052734375 (ms), cudaEventElapsed = 16.734207153320312 (ms)
[RANK0] B @ 958.96240234375 (ms) to 993.091064453125 (ms), cudaEventElapsed = 34.10432052612305 (ms)
[RANK0] W @ 993.807373046875 (ms) to 1010.153076171875 (ms), cudaEventElapsed = 16.319488525390625 (ms)
[RANK0] B @ 1010.98583984375 (ms) to 1048.356689453125 (ms), cudaEventElapsed = 37.3493766784668 (ms)
[RANK0] W @ 1048.5380859375 (ms) to 1066.763671875 (ms), cudaEventElapsed = 18.20467185974121 (ms)
[RANK0] B @ 1105.432373046875 (ms) to 1138.75341796875 (ms), cudaEventElapsed = 33.3015022277832 (ms)
[RANK0] W @ 1138.95166015625 (ms) to 1154.240478515625 (ms), cudaEventElapsed = 15.267840385437012 (ms)
[RANK0] B @ 1177.37841796875 (ms) to 1211.456298828125 (ms), cudaEventElapsed = 34.0582389831543 (ms)
[RANK0] W @ 1211.63818359375 (ms) to 1227.70947265625 (ms), cudaEventElapsed = 16.0501766204834 (ms)
[RANK0] B @ 1249.333740234375 (ms) to 1283.515625 (ms), cudaEventElapsed = 34.158592224121094 (ms)
[RANK0] W @ 1283.718017578125 (ms) to 1299.90380859375 (ms), cudaEventElapsed = 16.16383934020996 (ms)
[RANK0] B @ 1383.605712890625 (ms) to 1416.64453125 (ms), cudaEventElapsed = 33.01785659790039 (ms)
[RANK0] 1W @ 1416.95703125 (ms) to 1431.81787109375 (ms), cudaEventElapsed = 14.832639694213867 (ms)
[RANK0] Iteration 5
[RANK0] F @ 0.827880859375 (ms) to 25.63916015625 (ms), cudaEventElapsed = 24.781824111938477 (ms)
[RANK0] F @ 26.310546875 (ms) to 51.900146484375 (ms), cudaEventElapsed = 25.566207885742188 (ms)
[RANK0] F @ 52.575927734375 (ms) to 79.943603515625 (ms), cudaEventElapsed = 27.33670425415039 (ms)
[RANK0] F @ 80.638427734375 (ms) to 108.719482421875 (ms), cudaEventElapsed = 28.056575775146484 (ms)
[RANK0] F @ 109.423828125 (ms) to 137.333740234375 (ms), cudaEventElapsed = 27.885568618774414 (ms)
[RANK0] F @ 138.03564453125 (ms) to 165.825439453125 (ms), cudaEventElapsed = 27.76576042175293 (ms)
[RANK0] F @ 166.50830078125 (ms) to 193.958251953125 (ms), cudaEventElapsed = 27.425792694091797 (ms)
[RANK0] F @ 194.638427734375 (ms) to 222.010498046875 (ms), cudaEventElapsed = 27.34899139404297 (ms)
[RANK0] F @ 222.69091796875 (ms) to 250.58740234375 (ms), cudaEventElapsed = 27.872255325317383 (ms)
[RANK0] F @ 251.264892578125 (ms) to 278.85009765625 (ms), cudaEventElapsed = 27.561983108520508 (ms)
[RANK0] B @ 477.713623046875 (ms) to 511.002685546875 (ms), cudaEventElapsed = 33.26259231567383 (ms)
[RANK0] F @ 511.243896484375 (ms) to 536.9921875 (ms), cudaEventElapsed = 25.72287940979004 (ms)
[RANK0] F @ 537.67578125 (ms) to 564.60546875 (ms), cudaEventElapsed = 26.90355110168457 (ms)
[RANK0] W @ 565.333251953125 (ms) to 583.272216796875 (ms), cudaEventElapsed = 17.914880752563477 (ms)
[RANK0] B @ 599.906005859375 (ms) to 634.83642578125 (ms), cudaEventElapsed = 34.90611267089844 (ms)
[RANK0] W @ 635.087646484375 (ms) to 650.83154296875 (ms), cudaEventElapsed = 15.717375755310059 (ms)
[RANK0] B @ 682.8115234375 (ms) to 716.200927734375 (ms), cudaEventElapsed = 33.368064880371094 (ms)
[RANK0] W @ 716.449462890625 (ms) to 731.900146484375 (ms), cudaEventElapsed = 15.425536155700684 (ms)
[RANK0] B @ 776.468994140625 (ms) to 809.784912109375 (ms), cudaEventElapsed = 33.291263580322266 (ms)
[RANK0] W @ 810.1064453125 (ms) to 825.496337890625 (ms), cudaEventElapsed = 15.366144180297852 (ms)
[RANK0] B @ 847.55859375 (ms) to 881.471923828125 (ms), cudaEventElapsed = 33.882110595703125 (ms)
[RANK0] W @ 881.70556640625 (ms) to 897.609619140625 (ms), cudaEventElapsed = 15.882240295410156 (ms)
[RANK0] B @ 914.35107421875 (ms) to 948.94580078125 (ms), cudaEventElapsed = 34.57126235961914 (ms)
[RANK0] W @ 949.17236328125 (ms) to 965.66845703125 (ms), cudaEventElapsed = 16.472063064575195 (ms)
[RANK0] B @ 985.9609375 (ms) to 1019.909912109375 (ms), cudaEventElapsed = 33.928192138671875 (ms)
[RANK0] W @ 1020.711181640625 (ms) to 1036.974365234375 (ms), cudaEventElapsed = 16.234495162963867 (ms)
[RANK0] B @ 1037.849609375 (ms) to 1075.180908203125 (ms), cudaEventElapsed = 37.310462951660156 (ms)
[RANK0] W @ 1075.382080078125 (ms) to 1092.996337890625 (ms), cudaEventElapsed = 17.59231948852539 (ms)
[RANK0] B @ 1131.200927734375 (ms) to 1164.52392578125 (ms), cudaEventElapsed = 33.3015022277832 (ms)
[RANK0] W @ 1164.733642578125 (ms) to 1180.01025390625 (ms), cudaEventElapsed = 15.254528045654297 (ms)
[RANK0] B @ 1203.106201171875 (ms) to 1237.2568359375 (ms), cudaEventElapsed = 34.127872467041016 (ms)
[RANK0] W @ 1237.4697265625 (ms) to 1253.541748046875 (ms), cudaEventElapsed = 16.047103881835938 (ms)
[RANK0] B @ 1274.595458984375 (ms) to 1308.801513671875 (ms), cudaEventElapsed = 34.18316650390625 (ms)
[RANK0] W @ 1308.99658203125 (ms) to 1325.27490234375 (ms), cudaEventElapsed = 16.256000518798828 (ms)
[RANK0] B @ 1408.31201171875 (ms) to 1441.346923828125 (ms), cudaEventElapsed = 33.01273727416992 (ms)
[RANK0] 1W @ 1441.743896484375 (ms) to 1456.932861328125 (ms), cudaEventElapsed = 15.164416313171387 (ms)
[RANK0] Iteration 6
[RANK0] F @ 0.49658203125 (ms) to 25.936767578125 (ms), cudaEventElapsed = 25.414655685424805 (ms)
[RANK0] F @ 26.615234375 (ms) to 52.020751953125 (ms), cudaEventElapsed = 25.380863189697266 (ms)
[RANK0] F @ 52.700927734375 (ms) to 80.138671875 (ms), cudaEventElapsed = 26.996736526489258 (ms)
[RANK0] F @ 80.796875 (ms) to 108.864501953125 (ms), cudaEventElapsed = 28.043264389038086 (ms)
[RANK0] F @ 109.577880859375 (ms) to 137.444580078125 (ms), cudaEventElapsed = 27.843584060668945 (ms)
[RANK0] F @ 138.12890625 (ms) to 165.92431640625 (ms), cudaEventElapsed = 27.77190399169922 (ms)
[RANK0] F @ 166.57861328125 (ms) to 194.27978515625 (ms), cudaEventElapsed = 27.674623489379883 (ms)
[RANK0] F @ 195.00341796875 (ms) to 222.9677734375 (ms), cudaEventElapsed = 27.93471908569336 (ms)
[RANK0] F @ 223.65380859375 (ms) to 251.45068359375 (ms), cudaEventElapsed = 27.77395248413086 (ms)
[RANK0] F @ 252.1337890625 (ms) to 279.4990234375 (ms), cudaEventElapsed = 27.34284782409668 (ms)
[RANK0] B @ 478.73779296875 (ms) to 511.9736328125 (ms), cudaEventElapsed = 33.20832061767578 (ms)
[RANK0] F @ 512.201171875 (ms) to 537.200439453125 (ms), cudaEventElapsed = 24.975360870361328 (ms)
[RANK0] F @ 537.853515625 (ms) to 565.205078125 (ms), cudaEventElapsed = 27.32851219177246 (ms)
[RANK0] W @ 565.89404296875 (ms) to 584.019287109375 (ms), cudaEventElapsed = 18.103296279907227 (ms)
[RANK0] B @ 599.042236328125 (ms) to 634.3447265625 (ms), cudaEventElapsed = 35.278846740722656 (ms)
[RANK0] W @ 634.5830078125 (ms) to 650.810546875 (ms), cudaEventElapsed = 16.20479965209961 (ms)
[RANK0] B @ 681.186767578125 (ms) to 714.656494140625 (ms), cudaEventElapsed = 33.4469108581543 (ms)
[RANK0] W @ 714.865234375 (ms) to 730.493896484375 (ms), cudaEventElapsed = 15.606783866882324 (ms)
[RANK0] B @ 776.5517578125 (ms) to 809.807373046875 (ms), cudaEventElapsed = 33.23494338989258 (ms)
[RANK0] W @ 810.128173828125 (ms) to 825.466796875 (ms), cudaEventElapsed = 15.316991806030273 (ms)
[RANK0] B @ 848.53271484375 (ms) to 882.137451171875 (ms), cudaEventElapsed = 33.58515167236328 (ms)
[RANK0] W @ 882.350830078125 (ms) to 897.942138671875 (ms), cudaEventElapsed = 15.56991958618164 (ms)
[RANK0] B @ 914.431884765625 (ms) to 948.982421875 (ms), cudaEventElapsed = 34.530303955078125 (ms)
[RANK0] W @ 949.720458984375 (ms) to 966.04833984375 (ms), cudaEventElapsed = 16.303104400634766 (ms)
[RANK0] B @ 990.40576171875 (ms) to 1024.171630859375 (ms), cudaEventElapsed = 33.74284744262695 (ms)
[RANK0] W @ 1024.49560546875 (ms) to 1040.59375 (ms), cudaEventElapsed = 16.074752807617188 (ms)
[RANK0] B @ 1041.43896484375 (ms) to 1078.354248046875 (ms), cudaEventElapsed = 36.894718170166016 (ms)
[RANK0] W @ 1078.558349609375 (ms) to 1096.35595703125 (ms), cudaEventElapsed = 17.776639938354492 (ms)
[RANK0] B @ 1132.4296875 (ms) to 1165.90087890625 (ms), cudaEventElapsed = 33.44895935058594 (ms)
[RANK0] W @ 1166.107177734375 (ms) to 1181.777099609375 (ms), cudaEventElapsed = 15.648768424987793 (ms)
[RANK0] B @ 1205.35302734375 (ms) to 1239.159912109375 (ms), cudaEventElapsed = 33.78688049316406 (ms)
[RANK0] W @ 1239.37158203125 (ms) to 1255.4501953125 (ms), cudaEventElapsed = 16.057344436645508 (ms)
[RANK0] B @ 1278.1142578125 (ms) to 1311.98388671875 (ms), cudaEventElapsed = 33.84524917602539 (ms)
[RANK0] W @ 1312.200439453125 (ms) to 1327.768310546875 (ms), cudaEventElapsed = 15.545344352722168 (ms)
[RANK0] B @ 1413.52978515625 (ms) to 1446.77783203125 (ms), cudaEventElapsed = 33.22265625 (ms)
[RANK0] 1W @ 1447.12646484375 (ms) to 1462.419677734375 (ms), cudaEventElapsed = 15.269887924194336 (ms)
[RANK0] Iteration 7
[RANK0] F @ 0.931640625 (ms) to 25.910888671875 (ms), cudaEventElapsed = 24.94976043701172 (ms)
[RANK0] F @ 26.59130859375 (ms) to 51.8876953125 (ms), cudaEventElapsed = 25.273344039916992 (ms)
[RANK0] F @ 52.579345703125 (ms) to 80.16796875 (ms), cudaEventElapsed = 27.56505584716797 (ms)
[RANK0] F @ 80.857666015625 (ms) to 108.548583984375 (ms), cudaEventElapsed = 27.664384841918945 (ms)
[RANK0] F @ 109.222412109375 (ms) to 137.12109375 (ms), cudaEventElapsed = 27.877376556396484 (ms)
[RANK0] F @ 137.80029296875 (ms) to 165.493408203125 (ms), cudaEventElapsed = 27.670528411865234 (ms)
[RANK0] F @ 166.150146484375 (ms) to 193.6298828125 (ms), cudaEventElapsed = 27.457536697387695 (ms)
[RANK0] F @ 194.312255859375 (ms) to 221.90966796875 (ms), cudaEventElapsed = 27.572223663330078 (ms)
[RANK0] F @ 222.5859375 (ms) to 249.784912109375 (ms), cudaEventElapsed = 27.176959991455078 (ms)
[RANK0] F @ 250.45703125 (ms) to 278.27978515625 (ms), cudaEventElapsed = 27.79136085510254 (ms)
[RANK0] B @ 477.6494140625 (ms) to 510.7578125 (ms), cudaEventElapsed = 33.084415435791016 (ms)
[RANK0] F @ 510.97412109375 (ms) to 536.6845703125 (ms), cudaEventElapsed = 25.68499183654785 (ms)
[RANK0] F @ 537.344482421875 (ms) to 564.5625 (ms), cudaEventElapsed = 27.194368362426758 (ms)
[RANK0] W @ 565.238037109375 (ms) to 582.950927734375 (ms), cudaEventElapsed = 17.690624237060547 (ms)
[RANK0] B @ 599.94140625 (ms) to 634.865478515625 (ms), cudaEventElapsed = 34.90099334716797 (ms)
[RANK0] W @ 635.10693359375 (ms) to 651.945556640625 (ms), cudaEventElapsed = 16.81407928466797 (ms)
[RANK0] B @ 682.752197265625 (ms) to 716.3681640625 (ms), cudaEventElapsed = 33.593345642089844 (ms)
[RANK0] W @ 716.60693359375 (ms) to 732.289306640625 (ms), cudaEventElapsed = 15.657983779907227 (ms)
[RANK0] B @ 776.878173828125 (ms) to 809.977294921875 (ms), cudaEventElapsed = 33.07622528076172 (ms)
[RANK0] W @ 810.28466796875 (ms) to 825.28662109375 (ms), cudaEventElapsed = 14.978048324584961 (ms)
[RANK0] B @ 848.017333984375 (ms) to 881.79931640625 (ms), cudaEventElapsed = 33.76128005981445 (ms)
[RANK0] W @ 881.99951171875 (ms) to 897.73291015625 (ms), cudaEventElapsed = 15.709183692932129 (ms)
[RANK0] B @ 912.373779296875 (ms) to 946.678955078125 (ms), cudaEventElapsed = 34.28249740600586 (ms)
[RANK0] W @ 947.3994140625 (ms) to 963.60009765625 (ms), cudaEventElapsed = 16.17510414123535 (ms)
[RANK0] B @ 984.6572265625 (ms) to 1019.12060546875 (ms), cudaEventElapsed = 34.44121551513672 (ms)
[RANK0] W @ 1019.4208984375 (ms) to 1035.72509765625 (ms), cudaEventElapsed = 16.281600952148438 (ms)
[RANK0] B @ 1036.5751953125 (ms) to 1072.675048828125 (ms), cudaEventElapsed = 36.07756805419922 (ms)
[RANK0] W @ 1072.8857421875 (ms) to 1090.556640625 (ms), cudaEventElapsed = 17.647615432739258 (ms)
[RANK0] B @ 1129.6572265625 (ms) to 1162.993896484375 (ms), cudaEventElapsed = 33.31584167480469 (ms)
[RANK0] W @ 1163.2099609375 (ms) to 1178.290283203125 (ms), cudaEventElapsed = 15.056896209716797 (ms)
[RANK0] B @ 1202.257568359375 (ms) to 1235.944580078125 (ms), cudaEventElapsed = 33.66707229614258 (ms)
[RANK0] W @ 1236.1474609375 (ms) to 1252.125732421875 (ms), cudaEventElapsed = 15.954943656921387 (ms)
[RANK0] B @ 1276.524169921875 (ms) to 1310.278564453125 (ms), cudaEventElapsed = 33.726463317871094 (ms)
[RANK0] W @ 1310.5263671875 (ms) to 1325.961181640625 (ms), cudaEventElapsed = 15.410176277160645 (ms)
[RANK0] B @ 1415.35009765625 (ms) to 1448.38037109375 (ms), cudaEventElapsed = 33.00044631958008 (ms)
[RANK0] 1W @ 1448.70068359375 (ms) to 1463.903564453125 (ms), cudaEventElapsed = 15.179776191711426 (ms)
[RANK0] Iteration 8
[RANK0] F @ 0.830810546875 (ms) to 25.7763671875 (ms), cudaEventElapsed = 24.91801643371582 (ms)
[RANK0] F @ 26.43896484375 (ms) to 51.3056640625 (ms), cudaEventElapsed = 24.844287872314453 (ms)
[RANK0] F @ 51.982421875 (ms) to 79.50390625 (ms), cudaEventElapsed = 27.49951934814453 (ms)
[RANK0] F @ 80.189697265625 (ms) to 108.333984375 (ms), cudaEventElapsed = 28.12006378173828 (ms)
[RANK0] F @ 109.000244140625 (ms) to 136.86083984375 (ms), cudaEventElapsed = 27.838464736938477 (ms)
[RANK0] F @ 137.52783203125 (ms) to 165.408203125 (ms), cudaEventElapsed = 27.856895446777344 (ms)
[RANK0] F @ 166.086181640625 (ms) to 193.601318359375 (ms), cudaEventElapsed = 27.490304946899414 (ms)
[RANK0] F @ 194.29150390625 (ms) to 222.4296875 (ms), cudaEventElapsed = 28.11187171936035 (ms)
[RANK0] F @ 223.1484375 (ms) to 250.73828125 (ms), cudaEventElapsed = 27.56505584716797 (ms)
[RANK0] F @ 251.419921875 (ms) to 279.510009765625 (ms), cudaEventElapsed = 28.064767837524414 (ms)
[RANK0] B @ 478.364990234375 (ms) to 511.553955078125 (ms), cudaEventElapsed = 33.161216735839844 (ms)
[RANK0] F @ 511.814453125 (ms) to 537.943359375 (ms), cudaEventElapsed = 26.09766387939453 (ms)
[RANK0] F @ 538.640869140625 (ms) to 566.297119140625 (ms), cudaEventElapsed = 27.632640838623047 (ms)
[RANK0] W @ 566.997314453125 (ms) to 584.834716796875 (ms), cudaEventElapsed = 17.80940818786621 (ms)
[RANK0] B @ 600.046630859375 (ms) to 635.07861328125 (ms), cudaEventElapsed = 35.00851058959961 (ms)
[RANK0] W @ 635.3232421875 (ms) to 651.430908203125 (ms), cudaEventElapsed = 16.081920623779297 (ms)
[RANK0] B @ 683.5322265625 (ms) to 716.998046875 (ms), cudaEventElapsed = 33.44281768798828 (ms)
[RANK0] W @ 717.24560546875 (ms) to 732.544189453125 (ms), cudaEventElapsed = 15.27295970916748 (ms)
[RANK0] B @ 778.10791015625 (ms) to 811.340087890625 (ms), cudaEventElapsed = 33.20934295654297 (ms)
[RANK0] W @ 811.658447265625 (ms) to 827.282470703125 (ms), cudaEventElapsed = 15.600640296936035 (ms)
[RANK0] B @ 850.82666015625 (ms) to 884.809326171875 (ms), cudaEventElapsed = 33.957889556884766 (ms)
[RANK0] W @ 885.05126953125 (ms) to 900.77490234375 (ms), cudaEventElapsed = 15.697919845581055 (ms)
[RANK0] B @ 916.060302734375 (ms) to 950.445068359375 (ms), cudaEventElapsed = 34.362369537353516 (ms)
[RANK0] W @ 950.6708984375 (ms) to 967.22509765625 (ms), cudaEventElapsed = 16.530431747436523 (ms)
[RANK0] B @ 988.4365234375 (ms) to 1022.76953125 (ms), cudaEventElapsed = 34.310142517089844 (ms)
[RANK0] W @ 1023.099609375 (ms) to 1039.292236328125 (ms), cudaEventElapsed = 16.16383934020996 (ms)
[RANK0] B @ 1040.187255859375 (ms) to 1076.4833984375 (ms), cudaEventElapsed = 36.27519989013672 (ms)
[RANK0] W @ 1076.703125 (ms) to 1094.32763671875 (ms), cudaEventElapsed = 17.60153579711914 (ms)
[RANK0] B @ 1133.69189453125 (ms) to 1167.048095703125 (ms), cudaEventElapsed = 33.333248138427734 (ms)
[RANK0] W @ 1167.272705078125 (ms) to 1182.392822265625 (ms), cudaEventElapsed = 15.096832275390625 (ms)
[RANK0] B @ 1207.137939453125 (ms) to 1240.71337890625 (ms), cudaEventElapsed = 33.5544319152832 (ms)
[RANK0] W @ 1240.935302734375 (ms) to 1256.816650390625 (ms), cudaEventElapsed = 15.857664108276367 (ms)
[RANK0] B @ 1281.5322265625 (ms) to 1315.40380859375 (ms), cudaEventElapsed = 33.84422302246094 (ms)
[RANK0] W @ 1315.646240234375 (ms) to 1331.088134765625 (ms), cudaEventElapsed = 15.417344093322754 (ms)
[RANK0] B @ 1418.834716796875 (ms) to 1451.994140625 (ms), cudaEventElapsed = 33.12947082519531 (ms)
[RANK0] 1W @ 1452.3994140625 (ms) to 1467.69921875 (ms), cudaEventElapsed = 15.27295970916748 (ms)
[RANK0] Iteration 9
[RANK0] F @ 0.947998046875 (ms) to 25.990966796875 (ms), cudaEventElapsed = 25.015296936035156 (ms)
[RANK0] F @ 26.653564453125 (ms) to 52.26513671875 (ms), cudaEventElapsed = 25.587711334228516 (ms)
[RANK0] F @ 53.387939453125 (ms) to 80.7763671875 (ms), cudaEventElapsed = 27.364351272583008 (ms)
[RANK0] F @ 81.452880859375 (ms) to 110.04150390625 (ms), cudaEventElapsed = 28.56243133544922 (ms)
[RANK0] F @ 110.729736328125 (ms) to 138.730712890625 (ms), cudaEventElapsed = 27.97772789001465 (ms)
[RANK0] F @ 139.406005859375 (ms) to 167.066650390625 (ms), cudaEventElapsed = 27.633663177490234 (ms)
[RANK0] F @ 167.715576171875 (ms) to 195.445556640625 (ms), cudaEventElapsed = 27.70636749267578 (ms)
[RANK0] F @ 196.150146484375 (ms) to 223.715576171875 (ms), cudaEventElapsed = 27.54150390625 (ms)
[RANK0] F @ 224.384033203125 (ms) to 252.347412109375 (ms), cudaEventElapsed = 27.94086456298828 (ms)
[RANK0] F @ 253.050537109375 (ms) to 280.9814453125 (ms), cudaEventElapsed = 27.897855758666992 (ms)
[RANK0] B @ 479.86865234375 (ms) to 513.17724609375 (ms), cudaEventElapsed = 33.284095764160156 (ms)
[RANK0] F @ 513.399169921875 (ms) to 539.12353515625 (ms), cudaEventElapsed = 25.70137596130371 (ms)
[RANK0] F @ 539.7802734375 (ms) to 566.632080078125 (ms), cudaEventElapsed = 26.824703216552734 (ms)
[RANK0] W @ 567.333251953125 (ms) to 585.3583984375 (ms), cudaEventElapsed = 18.002944946289062 (ms)
[RANK0] B @ 600.817138671875 (ms) to 635.664306640625 (ms), cudaEventElapsed = 34.82419204711914 (ms)
[RANK0] W @ 635.8603515625 (ms) to 652.14794921875 (ms), cudaEventElapsed = 16.266239166259766 (ms)
[RANK0] B @ 683.822021484375 (ms) to 717.381103515625 (ms), cudaEventElapsed = 33.538047790527344 (ms)
[RANK0] W @ 717.600830078125 (ms) to 733.167724609375 (ms), cudaEventElapsed = 15.542271614074707 (ms)
[RANK0] B @ 783.793212890625 (ms) to 817.12353515625 (ms), cudaEventElapsed = 33.307647705078125 (ms)
[RANK0] W @ 817.42529296875 (ms) to 832.8232421875 (ms), cudaEventElapsed = 15.367168426513672 (ms)
[RANK0] B @ 833.76416015625 (ms) to 869.70263671875 (ms), cudaEventElapsed = 35.91475296020508 (ms)
[RANK0] W @ 869.943115234375 (ms) to 887.606201171875 (ms), cudaEventElapsed = 17.63737678527832 (ms)
[RANK0] B @ 898.78515625 (ms) to 934.17236328125 (ms), cudaEventElapsed = 35.359745025634766 (ms)
[RANK0] W @ 934.9794921875 (ms) to 951.479248046875 (ms), cudaEventElapsed = 16.474111557006836 (ms)
[RANK0] B @ 970.96923828125 (ms) to 1005.09765625 (ms), cudaEventElapsed = 34.107391357421875 (ms)
[RANK0] W @ 1005.39208984375 (ms) to 1021.407958984375 (ms), cudaEventElapsed = 15.99283218383789 (ms)
[RANK0] B @ 1022.25048828125 (ms) to 1059.453369140625 (ms), cudaEventElapsed = 37.18143844604492 (ms)
[RANK0] W @ 1059.66455078125 (ms) to 1077.454833984375 (ms), cudaEventElapsed = 17.767423629760742 (ms)
[RANK0] B @ 1117.16748046875 (ms) to 1150.576171875 (ms), cudaEventElapsed = 33.38751983642578 (ms)
[RANK0] W @ 1150.79638671875 (ms) to 1166.31005859375 (ms), cudaEventElapsed = 15.491071701049805 (ms)
[RANK0] B @ 1190.6416015625 (ms) to 1224.538818359375 (ms), cudaEventElapsed = 33.87392044067383 (ms)
[RANK0] W @ 1224.742919921875 (ms) to 1240.587646484375 (ms), cudaEventElapsed = 15.823871612548828 (ms)
[RANK0] B @ 1262.52783203125 (ms) to 1296.919189453125 (ms), cudaEventElapsed = 34.37055969238281 (ms)
[RANK0] W @ 1297.13427734375 (ms) to 1313.087890625 (ms), cudaEventElapsed = 15.932415962219238 (ms)
[RANK0] B @ 1401.162109375 (ms) to 1434.266357421875 (ms), cudaEventElapsed = 33.07929611206055 (ms)
[RANK0] 1W @ 1434.61376953125 (ms) to 1449.958984375 (ms), cudaEventElapsed = 15.322112083435059 (ms)
