[RANK0] Iteration 1
[RANK0] F @ 0.275634765625 (ms) to 25.134033203125 (ms), cudaEventElapsed = 24.797727584838867 (ms)
[RANK0] F @ 80.32421875 (ms) to 106.192138671875 (ms), cudaEventElapsed = 25.811967849731445 (ms)
[RANK0] F @ 106.40478515625 (ms) to 131.699462890625 (ms), cudaEventElapsed = 25.253887176513672 (ms)
[RANK0] F @ 131.871826171875 (ms) to 159.89208984375 (ms), cudaEventElapsed = 27.98899269104004 (ms)
[RANK0] F @ 160.06103515625 (ms) to 188.705810546875 (ms), cudaEventElapsed = 28.612607955932617 (ms)
[RANK0] F @ 188.8720703125 (ms) to 226.428466796875 (ms), cudaEventElapsed = 25.615360260009766 (ms)
[RANK0] F @ 226.5947265625 (ms) to 553.413818359375 (ms), cudaEventElapsed = 326.7850341796875 (ms)
[RANK0] B @ 605.70458984375 (ms) to 637.45361328125 (ms), cudaEventElapsed = 31.694368362426758 (ms)
[RANK0] F @ 637.703369140625 (ms) to 662.97412109375 (ms), cudaEventElapsed = 25.237503051757812 (ms)
[RANK0] B @ 681.88818359375 (ms) to 715.1904296875 (ms), cudaEventElapsed = 33.25680160522461 (ms)
[RANK0] W @ 715.3994140625 (ms) to 730.18505859375 (ms), cudaEventElapsed = 14.755840301513672 (ms)
[RANK0] F @ 730.205810546875 (ms) to 756.347412109375 (ms), cudaEventElapsed = 26.11712074279785 (ms)
[RANK0] B @ 762.8896484375 (ms) to 798.33154296875 (ms), cudaEventElapsed = 35.40086364746094 (ms)
[RANK0] B @ 841.39111328125 (ms) to 873.150146484375 (ms), cudaEventElapsed = 31.715103149414062 (ms)
[RANK0] W @ 873.19287109375 (ms) to 887.00634765625 (ms), cudaEventElapsed = 13.789183616638184 (ms)
[RANK0] F @ 887.222900390625 (ms) to 913.624755859375 (ms), cudaEventElapsed = 26.3690242767334 (ms)
[RANK0] B @ 1091.769775390625 (ms) to 1124.490234375 (ms), cudaEventElapsed = 32.651424407958984 (ms)
[RANK0] B @ 1169.222412109375 (ms) to 1200.8525390625 (ms), cudaEventElapsed = 31.58687973022461 (ms)
[RANK0] W @ 1200.905517578125 (ms) to 1214.256103515625 (ms), cudaEventElapsed = 13.315072059631348 (ms)
[RANK0] F @ 1214.474853515625 (ms) to 1240.709716796875 (ms), cudaEventElapsed = 26.205184936523438 (ms)
[RANK0] B @ 1278.212158203125 (ms) to 1311.418212890625 (ms), cudaEventElapsed = 33.16819381713867 (ms)
[RANK0] B @ 1318.95751953125 (ms) to 1350.955078125 (ms), cudaEventElapsed = 31.966175079345703 (ms)
[RANK0] W @ 1350.990478515625 (ms) to 1365.163818359375 (ms), cudaEventElapsed = 14.142463684082031 (ms)
[RANK0] F @ 1365.353515625 (ms) to 1391.796875 (ms), cudaEventElapsed = 26.413055419921875 (ms)
[RANK0] W @ 1391.952880859375 (ms) to 1433.11572265625 (ms), cudaEventElapsed = 14.492671966552734 (ms)
[RANK0] W @ 1433.136474609375 (ms) to 1446.818115234375 (ms), cudaEventElapsed = 13.652992248535156 (ms)
[RANK0] W @ 1447.002685546875 (ms) to 1462.11669921875 (ms), cudaEventElapsed = 15.08351993560791 (ms)
[RANK0] W @ 1462.131591796875 (ms) to 1477.9052734375 (ms), cudaEventElapsed = 15.751168251037598 (ms)
[RANK0] B @ 1478.038818359375 (ms) to 1513.501708984375 (ms), cudaEventElapsed = 35.43632125854492 (ms)
[RANK0] W @ 1513.668701171875 (ms) to 1534.91357421875 (ms), cudaEventElapsed = 15.148032188415527 (ms)
[RANK0] B @ 1535.050048828125 (ms) to 1569.056640625 (ms), cudaEventElapsed = 33.97884750366211 (ms)
[RANK0] W @ 1569.07958984375 (ms) to 1584.1044921875 (ms), cudaEventElapsed = 15.00057601928711 (ms)
[RANK0] B @ 1617.186279296875 (ms) to 1650.258544921875 (ms), cudaEventElapsed = 33.03900909423828 (ms)
[RANK0] W @ 1650.281494140625 (ms) to 1664.526123046875 (ms), cudaEventElapsed = 14.222335815429688 (ms)
[RANK0] B @ 1703.7822265625 (ms) to 1735.72314453125 (ms), cudaEventElapsed = 31.912384033203125 (ms)
[RANK0] 1W @ 1735.751953125 (ms) to 1749.492431640625 (ms), cudaEventElapsed = 13.708288192749023 (ms)
[RANK0] Iteration 2
[RANK0] F @ 2.298828125 (ms) to 27.20556640625 (ms), cudaEventElapsed = 24.8701114654541 (ms)
[RANK0] F @ 27.447021484375 (ms) to 52.40478515625 (ms), cudaEventElapsed = 24.92108726501465 (ms)
[RANK0] F @ 52.604736328125 (ms) to 79.7939453125 (ms), cudaEventElapsed = 27.15545654296875 (ms)
[RANK0] F @ 79.982666015625 (ms) to 107.880126953125 (ms), cudaEventElapsed = 27.864063262939453 (ms)
[RANK0] F @ 108.081787109375 (ms) to 135.822265625 (ms), cudaEventElapsed = 27.708415985107422 (ms)
[RANK0] F @ 136.015869140625 (ms) to 163.80615234375 (ms), cudaEventElapsed = 27.757568359375 (ms)
[RANK0] F @ 164.00634765625 (ms) to 191.6328125 (ms), cudaEventElapsed = 27.593727111816406 (ms)
[RANK0] B @ 269.676513671875 (ms) to 301.477783203125 (ms), cudaEventElapsed = 31.754016876220703 (ms)
[RANK0] F @ 301.69873046875 (ms) to 327.023681640625 (ms), cudaEventElapsed = 25.29587173461914 (ms)
[RANK0] B @ 349.92578125 (ms) to 382.9931640625 (ms), cudaEventElapsed = 33.02761459350586 (ms)
[RANK0] W @ 383.229248046875 (ms) to 397.71435546875 (ms), cudaEventElapsed = 14.452735900878906 (ms)
[RANK0] F @ 397.77880859375 (ms) to 423.943603515625 (ms), cudaEventElapsed = 26.1345272064209 (ms)
[RANK0] B @ 432.37890625 (ms) to 467.731689453125 (ms), cudaEventElapsed = 35.31260681152344 (ms)
[RANK0] B @ 511.640380859375 (ms) to 543.527099609375 (ms), cudaEventElapsed = 31.84275245666504 (ms)
[RANK0] W @ 543.604248046875 (ms) to 557.280029296875 (ms), cudaEventElapsed = 13.642751693725586 (ms)
[RANK0] F @ 557.50830078125 (ms) to 583.71142578125 (ms), cudaEventElapsed = 26.170368194580078 (ms)
[RANK0] B @ 614.2900390625 (ms) to 648.007568359375 (ms), cudaEventElapsed = 33.67107009887695 (ms)
[RANK0] B @ 668.73291015625 (ms) to 700.670166015625 (ms), cudaEventElapsed = 31.90278434753418 (ms)
[RANK0] W @ 700.751953125 (ms) to 714.66943359375 (ms), cudaEventElapsed = 13.891584396362305 (ms)
[RANK0] F @ 714.888427734375 (ms) to 741.427001953125 (ms), cudaEventElapsed = 26.50828742980957 (ms)
[RANK0] B @ 776.623779296875 (ms) to 810.079833984375 (ms), cudaEventElapsed = 33.417503356933594 (ms)
[RANK0] B @ 818.129638671875 (ms) to 850.552490234375 (ms), cudaEventElapsed = 32.39215850830078 (ms)
[RANK0] W @ 850.61669921875 (ms) to 864.732421875 (ms), cudaEventElapsed = 14.090239524841309 (ms)
[RANK0] F @ 864.940673828125 (ms) to 890.92822265625 (ms), cudaEventElapsed = 25.9553279876709 (ms)
[RANK0] W @ 891.1123046875 (ms) to 933.003173828125 (ms), cudaEventElapsed = 14.492671966552734 (ms)
[RANK0] W @ 933.055908203125 (ms) to 947.128173828125 (ms), cudaEventElapsed = 14.045184135437012 (ms)
[RANK0] W @ 947.32421875 (ms) to 962.33154296875 (ms), cudaEventElapsed = 14.979071617126465 (ms)
[RANK0] W @ 962.37841796875 (ms) to 978.150146484375 (ms), cudaEventElapsed = 15.745023727416992 (ms)
[RANK0] B @ 978.31396484375 (ms) to 1014.011474609375 (ms), cudaEventElapsed = 35.670047760009766 (ms)
[RANK0] W @ 1014.206787109375 (ms) to 1037.013916015625 (ms), cudaEventElapsed = 15.519743919372559 (ms)
[RANK0] B @ 1037.17822265625 (ms) to 1071.371826171875 (ms), cudaEventElapsed = 34.1657600402832 (ms)
[RANK0] W @ 1071.427490234375 (ms) to 1086.44384765625 (ms), cudaEventElapsed = 14.99238395690918 (ms)
[RANK0] B @ 1119.376708984375 (ms) to 1152.02197265625 (ms), cudaEventElapsed = 32.614784240722656 (ms)
[RANK0] W @ 1152.078857421875 (ms) to 1166.1455078125 (ms), cudaEventElapsed = 14.040063858032227 (ms)
[RANK0] B @ 1206.27734375 (ms) to 1238.038818359375 (ms), cudaEventElapsed = 31.726560592651367 (ms)
[RANK0] 1W @ 1238.099853515625 (ms) to 1252.0439453125 (ms), cudaEventElapsed = 13.915136337280273 (ms)
[RANK0] Iteration 3
[RANK0] F @ 2.123779296875 (ms) to 27.132568359375 (ms), cudaEventElapsed = 24.976255416870117 (ms)
[RANK0] F @ 27.339599609375 (ms) to 52.655029296875 (ms), cudaEventElapsed = 25.281536102294922 (ms)
[RANK0] F @ 52.8466796875 (ms) to 80.458740234375 (ms), cudaEventElapsed = 27.56812858581543 (ms)
[RANK0] F @ 80.648681640625 (ms) to 108.38671875 (ms), cudaEventElapsed = 27.7073917388916 (ms)
[RANK0] F @ 108.602294921875 (ms) to 136.482666015625 (ms), cudaEventElapsed = 27.841535568237305 (ms)
[RANK0] F @ 136.677001953125 (ms) to 164.265625 (ms), cudaEventElapsed = 27.55788803100586 (ms)
[RANK0] F @ 164.4677734375 (ms) to 191.99658203125 (ms), cudaEventElapsed = 27.495424270629883 (ms)
[RANK0] B @ 270.375 (ms) to 302.071044921875 (ms), cudaEventElapsed = 31.649568557739258 (ms)
[RANK0] F @ 302.31591796875 (ms) to 327.58935546875 (ms), cudaEventElapsed = 25.240575790405273 (ms)
[RANK0] B @ 351.3701171875 (ms) to 384.38232421875 (ms), cudaEventElapsed = 32.96732711791992 (ms)
[RANK0] W @ 384.61181640625 (ms) to 398.864990234375 (ms), cudaEventElapsed = 14.223360061645508 (ms)
[RANK0] F @ 398.921875 (ms) to 424.926513671875 (ms), cudaEventElapsed = 25.976831436157227 (ms)
[RANK0] B @ 432.482177734375 (ms) to 468.8662109375 (ms), cudaEventElapsed = 36.3460807800293 (ms)
[RANK0] B @ 511.57763671875 (ms) to 543.380859375 (ms), cudaEventElapsed = 31.762847900390625 (ms)
[RANK0] W @ 543.454833984375 (ms) to 556.954345703125 (ms), cudaEventElapsed = 13.4717435836792 (ms)
[RANK0] F @ 557.15966796875 (ms) to 583.12744140625 (ms), cudaEventElapsed = 25.93791961669922 (ms)
[RANK0] B @ 616.191162109375 (ms) to 649.74169921875 (ms), cudaEventElapsed = 33.51123046875 (ms)
[RANK0] B @ 667.320556640625 (ms) to 699.472900390625 (ms), cudaEventElapsed = 32.11763381958008 (ms)
[RANK0] W @ 699.546142578125 (ms) to 713.545166015625 (ms), cudaEventElapsed = 13.96735954284668 (ms)
[RANK0] F @ 713.75390625 (ms) to 740.006591796875 (ms), cudaEventElapsed = 26.223615646362305 (ms)
[RANK0] B @ 776.250732421875 (ms) to 809.495849609375 (ms), cudaEventElapsed = 33.20665740966797 (ms)
[RANK0] B @ 817.743896484375 (ms) to 849.968994140625 (ms), cudaEventElapsed = 32.19465637207031 (ms)
[RANK0] W @ 850.03515625 (ms) to 864.5517578125 (ms), cudaEventElapsed = 14.48243236541748 (ms)
[RANK0] F @ 864.767578125 (ms) to 890.822509765625 (ms), cudaEventElapsed = 26.021888732910156 (ms)
[RANK0] W @ 891.014892578125 (ms) to 933.022216796875 (ms), cudaEventElapsed = 14.413824081420898 (ms)
[RANK0] W @ 933.07861328125 (ms) to 946.6376953125 (ms), cudaEventElapsed = 13.527039527893066 (ms)
[RANK0] W @ 946.845458984375 (ms) to 962.070556640625 (ms), cudaEventElapsed = 15.195136070251465 (ms)
[RANK0] W @ 962.1142578125 (ms) to 978.04052734375 (ms), cudaEventElapsed = 15.90169620513916 (ms)
[RANK0] B @ 978.198974609375 (ms) to 1013.913330078125 (ms), cudaEventElapsed = 35.68617630004883 (ms)
[RANK0] W @ 1014.13525390625 (ms) to 1036.7802734375 (ms), cudaEventElapsed = 14.989312171936035 (ms)
[RANK0] B @ 1036.952392578125 (ms) to 1070.8603515625 (ms), cudaEventElapsed = 33.87910461425781 (ms)
[RANK0] W @ 1070.91796875 (ms) to 1085.951904296875 (ms), cudaEventElapsed = 15.007743835449219 (ms)
[RANK0] B @ 1122.724853515625 (ms) to 1155.7060546875 (ms), cudaEventElapsed = 32.94784164428711 (ms)
[RANK0] W @ 1155.762939453125 (ms) to 1170.011962890625 (ms), cudaEventElapsed = 14.224384307861328 (ms)
[RANK0] B @ 1209.80029296875 (ms) to 1241.451171875 (ms), cudaEventElapsed = 31.61939239501953 (ms)
[RANK0] 1W @ 1241.504150390625 (ms) to 1255.041748046875 (ms), cudaEventElapsed = 13.512703895568848 (ms)
[RANK0] Iteration 4
[RANK0] F @ 2.096923828125 (ms) to 27.095458984375 (ms), cudaEventElapsed = 24.966623306274414 (ms)
[RANK0] F @ 27.3017578125 (ms) to 52.70947265625 (ms), cudaEventElapsed = 25.370624542236328 (ms)
[RANK0] F @ 52.913330078125 (ms) to 80.22509765625 (ms), cudaEventElapsed = 27.280384063720703 (ms)
[RANK0] F @ 80.41650390625 (ms) to 108.61865234375 (ms), cudaEventElapsed = 28.16921615600586 (ms)
[RANK0] F @ 108.83837890625 (ms) to 136.833251953125 (ms), cudaEventElapsed = 27.95724868774414 (ms)
[RANK0] F @ 137.041748046875 (ms) to 164.803466796875 (ms), cudaEventElapsed = 27.719680786132812 (ms)
[RANK0] F @ 164.99462890625 (ms) to 192.857421875 (ms), cudaEventElapsed = 27.832319259643555 (ms)
[RANK0] B @ 271.364990234375 (ms) to 303.854248046875 (ms), cudaEventElapsed = 32.439231872558594 (ms)
[RANK0] F @ 304.091064453125 (ms) to 330.03125 (ms), cudaEventElapsed = 25.90719985961914 (ms)
[RANK0] B @ 354.96484375 (ms) to 388.451904296875 (ms), cudaEventElapsed = 33.44435119628906 (ms)
[RANK0] W @ 388.695556640625 (ms) to 404.46826171875 (ms), cudaEventElapsed = 15.739904403686523 (ms)
[RANK0] F @ 404.524169921875 (ms) to 432.628173828125 (ms), cudaEventElapsed = 28.077056884765625 (ms)
[RANK0] B @ 439.4423828125 (ms) to 475.588134765625 (ms), cudaEventElapsed = 36.105281829833984 (ms)
[RANK0] B @ 521.005615234375 (ms) to 553.824462890625 (ms), cudaEventElapsed = 32.77372741699219 (ms)
[RANK0] W @ 553.89990234375 (ms) to 568.811767578125 (ms), cudaEventElapsed = 14.88383960723877 (ms)
[RANK0] F @ 569.046630859375 (ms) to 596.217529296875 (ms), cudaEventElapsed = 27.13599967956543 (ms)
[RANK0] B @ 633.2529296875 (ms) to 667.55029296875 (ms), cudaEventElapsed = 34.25241470336914 (ms)
[RANK0] B @ 685.151611328125 (ms) to 718.371826171875 (ms), cudaEventElapsed = 33.18479919433594 (ms)
[RANK0] W @ 718.44189453125 (ms) to 733.170654296875 (ms), cudaEventElapsed = 14.69644832611084 (ms)
[RANK0] F @ 733.38134765625 (ms) to 760.056396484375 (ms), cudaEventElapsed = 26.645503997802734 (ms)
[RANK0] B @ 800.889404296875 (ms) to 834.86767578125 (ms), cudaEventElapsed = 33.93967819213867 (ms)
[RANK0] B @ 844.766845703125 (ms) to 878.11669921875 (ms), cudaEventElapsed = 33.3158073425293 (ms)
[RANK0] W @ 878.181884765625 (ms) to 893.091064453125 (ms), cudaEventElapsed = 14.882816314697266 (ms)
[RANK0] F @ 893.285400390625 (ms) to 919.974365234375 (ms), cudaEventElapsed = 26.658815383911133 (ms)
[RANK0] W @ 920.169189453125 (ms) to 972.469482421875 (ms), cudaEventElapsed = 14.245887756347656 (ms)
[RANK0] W @ 972.519287109375 (ms) to 987.418701171875 (ms), cudaEventElapsed = 14.870528221130371 (ms)
[RANK0] W @ 987.636474609375 (ms) to 1004.932373046875 (ms), cudaEventElapsed = 17.26361656188965 (ms)
[RANK0] W @ 1004.97607421875 (ms) to 1024.17138671875 (ms), cudaEventElapsed = 19.170303344726562 (ms)
[RANK0] B @ 1024.329345703125 (ms) to 1063.05322265625 (ms), cudaEventElapsed = 38.69548797607422 (ms)
[RANK0] W @ 1063.24169921875 (ms) to 1090.103515625 (ms), cudaEventElapsed = 16.344064712524414 (ms)
[RANK0] B @ 1090.270751953125 (ms) to 1125.52783203125 (ms), cudaEventElapsed = 35.22751998901367 (ms)
[RANK0] W @ 1125.590087890625 (ms) to 1141.88671875 (ms), cudaEventElapsed = 16.270336151123047 (ms)
[RANK0] B @ 1183.91455078125 (ms) to 1217.901123046875 (ms), cudaEventElapsed = 33.95228958129883 (ms)
[RANK0] W @ 1217.9619140625 (ms) to 1233.01123046875 (ms), cudaEventElapsed = 15.024127960205078 (ms)
[RANK0] B @ 1284.45947265625 (ms) to 1317.286865234375 (ms), cudaEventElapsed = 32.79452896118164 (ms)
[RANK0] 1W @ 1317.345458984375 (ms) to 1331.868408203125 (ms), cudaEventElapsed = 14.498815536499023 (ms)
[RANK0] Iteration 5
[RANK0] F @ 2.092041015625 (ms) to 27.159423828125 (ms), cudaEventElapsed = 25.034271240234375 (ms)
[RANK0] F @ 27.377197265625 (ms) to 52.372802734375 (ms), cudaEventElapsed = 24.961023330688477 (ms)
[RANK0] F @ 52.577392578125 (ms) to 79.955078125 (ms), cudaEventElapsed = 27.33977508544922 (ms)
[RANK0] F @ 80.16943359375 (ms) to 108.26708984375 (ms), cudaEventElapsed = 28.060672760009766 (ms)
[RANK0] F @ 108.52099609375 (ms) to 136.41064453125 (ms), cudaEventElapsed = 27.848703384399414 (ms)
[RANK0] F @ 136.640869140625 (ms) to 164.52783203125 (ms), cudaEventElapsed = 27.849727630615234 (ms)
[RANK0] F @ 164.7548828125 (ms) to 192.553955078125 (ms), cudaEventElapsed = 27.76473617553711 (ms)
[RANK0] B @ 272.149169921875 (ms) to 305.42236328125 (ms), cudaEventElapsed = 33.214111328125 (ms)
[RANK0] F @ 305.68017578125 (ms) to 331.419921875 (ms), cudaEventElapsed = 25.70649528503418 (ms)
[RANK0] B @ 356.64501953125 (ms) to 390.291259765625 (ms), cudaEventElapsed = 33.6011848449707 (ms)
[RANK0] W @ 390.529541015625 (ms) to 406.1826171875 (ms), cudaEventElapsed = 15.622143745422363 (ms)
[RANK0] F @ 406.23828125 (ms) to 433.978515625 (ms), cudaEventElapsed = 27.709440231323242 (ms)
[RANK0] B @ 441.79296875 (ms) to 478.65771484375 (ms), cudaEventElapsed = 36.82614517211914 (ms)
[RANK0] B @ 522.636474609375 (ms) to 555.61181640625 (ms), cudaEventElapsed = 32.93824005126953 (ms)
[RANK0] W @ 555.68359375 (ms) to 570.81689453125 (ms), cudaEventElapsed = 15.105024337768555 (ms)
[RANK0] F @ 571.05322265625 (ms) to 600.2041015625 (ms), cudaEventElapsed = 29.11846351623535 (ms)
[RANK0] B @ 634.42724609375 (ms) to 668.724365234375 (ms), cudaEventElapsed = 34.25459289550781 (ms)
[RANK0] B @ 685.1484375 (ms) to 718.34765625 (ms), cudaEventElapsed = 33.1635856628418 (ms)
[RANK0] W @ 718.453369140625 (ms) to 733.77685546875 (ms), cudaEventElapsed = 15.286272048950195 (ms)
[RANK0] F @ 734.091552734375 (ms) to 763.50927734375 (ms), cudaEventElapsed = 29.38060760498047 (ms)
[RANK0] B @ 800.370849609375 (ms) to 834.4892578125 (ms), cudaEventElapsed = 34.08019256591797 (ms)
[RANK0] B @ 844.310546875 (ms) to 877.7587890625 (ms), cudaEventElapsed = 33.41651153564453 (ms)
[RANK0] W @ 877.82275390625 (ms) to 893.423828125 (ms), cudaEventElapsed = 15.568896293640137 (ms)
[RANK0] F @ 893.6279296875 (ms) to 923.0302734375 (ms), cudaEventElapsed = 29.3703670501709 (ms)
[RANK0] W @ 923.215087890625 (ms) to 973.30029296875 (ms), cudaEventElapsed = 14.402560234069824 (ms)
[RANK0] W @ 973.3603515625 (ms) to 988.865234375 (ms), cudaEventElapsed = 15.474687576293945 (ms)
[RANK0] W @ 989.0830078125 (ms) to 1006.5205078125 (ms), cudaEventElapsed = 17.40492820739746 (ms)
[RANK0] W @ 1006.5654296875 (ms) to 1025.571044921875 (ms), cudaEventElapsed = 18.979839324951172 (ms)
[RANK0] B @ 1025.728515625 (ms) to 1064.752197265625 (ms), cudaEventElapsed = 38.996673583984375 (ms)
[RANK0] W @ 1064.939208984375 (ms) to 1086.36669921875 (ms), cudaEventElapsed = 17.01478385925293 (ms)
[RANK0] B @ 1086.53369140625 (ms) to 1123.50244140625 (ms), cudaEventElapsed = 36.93929672241211 (ms)
[RANK0] W @ 1123.558837890625 (ms) to 1141.15869140625 (ms), cudaEventElapsed = 17.573888778686523 (ms)
[RANK0] B @ 1179.66552734375 (ms) to 1213.579833984375 (ms), cudaEventElapsed = 33.88172912597656 (ms)
[RANK0] W @ 1213.636962890625 (ms) to 1229.341796875 (ms), cudaEventElapsed = 15.679488182067871 (ms)
[RANK0] B @ 1280.7578125 (ms) to 1313.6474609375 (ms), cudaEventElapsed = 32.859039306640625 (ms)
[RANK0] 1W @ 1313.702392578125 (ms) to 1328.968505859375 (ms), cudaEventElapsed = 15.241215705871582 (ms)
[RANK0] Iteration 6
[RANK0] F @ 2.081787109375 (ms) to 27.112548828125 (ms), cudaEventElapsed = 24.992063522338867 (ms)
[RANK0] F @ 27.330078125 (ms) to 52.654052734375 (ms), cudaEventElapsed = 25.28665542602539 (ms)
[RANK0] F @ 52.86376953125 (ms) to 80.913818359375 (ms), cudaEventElapsed = 28.014591217041016 (ms)
[RANK0] F @ 81.122314453125 (ms) to 109.239501953125 (ms), cudaEventElapsed = 28.084224700927734 (ms)
[RANK0] F @ 109.466064453125 (ms) to 137.775146484375 (ms), cudaEventElapsed = 28.271615982055664 (ms)
[RANK0] F @ 138.143798828125 (ms) to 166.099853515625 (ms), cudaEventElapsed = 27.91935920715332 (ms)
[RANK0] F @ 166.29443359375 (ms) to 194.23388671875 (ms), cudaEventElapsed = 27.907072067260742 (ms)
[RANK0] B @ 272.48974609375 (ms) to 305.690673828125 (ms), cudaEventElapsed = 33.15526580810547 (ms)
[RANK0] F @ 305.9345703125 (ms) to 332.387939453125 (ms), cudaEventElapsed = 26.421247482299805 (ms)
[RANK0] B @ 357.68017578125 (ms) to 391.371337890625 (ms), cudaEventElapsed = 33.65020751953125 (ms)
[RANK0] W @ 391.598876953125 (ms) to 407.824951171875 (ms), cudaEventElapsed = 16.19251251220703 (ms)
[RANK0] F @ 407.885009765625 (ms) to 436.965576171875 (ms), cudaEventElapsed = 29.052928924560547 (ms)
[RANK0] B @ 441.668701171875 (ms) to 478.798095703125 (ms), cudaEventElapsed = 37.09001541137695 (ms)
[RANK0] B @ 522.829833984375 (ms) to 556.09912109375 (ms), cudaEventElapsed = 33.229408264160156 (ms)
[RANK0] W @ 556.166259765625 (ms) to 571.7158203125 (ms), cudaEventElapsed = 15.518719673156738 (ms)
[RANK0] F @ 571.922607421875 (ms) to 601.081298828125 (ms), cudaEventElapsed = 29.12665557861328 (ms)
[RANK0] B @ 635.538818359375 (ms) to 669.80615234375 (ms), cudaEventElapsed = 34.22848129272461 (ms)
[RANK0] B @ 686.2841796875 (ms) to 719.9462890625 (ms), cudaEventElapsed = 33.62940979003906 (ms)
[RANK0] W @ 720.012939453125 (ms) to 736.0009765625 (ms), cudaEventElapsed = 15.955967903137207 (ms)
[RANK0] F @ 736.201171875 (ms) to 764.700439453125 (ms), cudaEventElapsed = 28.470272064208984 (ms)
[RANK0] B @ 802.403076171875 (ms) to 836.649169921875 (ms), cudaEventElapsed = 34.20857620239258 (ms)
[RANK0] B @ 846.260009765625 (ms) to 879.944091796875 (ms), cudaEventElapsed = 33.65264129638672 (ms)
[RANK0] W @ 880.003662109375 (ms) to 896.23291015625 (ms), cudaEventElapsed = 16.1976318359375 (ms)
[RANK0] F @ 896.416748046875 (ms) to 925.015869140625 (ms), cudaEventElapsed = 28.57062339782715 (ms)
[RANK0] W @ 925.201416015625 (ms) to 977.11962890625 (ms), cudaEventElapsed = 14.58995246887207 (ms)
[RANK0] W @ 977.165771484375 (ms) to 992.011474609375 (ms), cudaEventElapsed = 14.818304061889648 (ms)
[RANK0] W @ 992.203369140625 (ms) to 1010.1337890625 (ms), cudaEventElapsed = 17.900543212890625 (ms)
[RANK0] W @ 1010.176025390625 (ms) to 1030.99169921875 (ms), cudaEventElapsed = 20.790271759033203 (ms)
[RANK0] B @ 1031.157470703125 (ms) to 1071.47509765625 (ms), cudaEventElapsed = 40.290016174316406 (ms)
[RANK0] W @ 1071.671875 (ms) to 1095.21484375 (ms), cudaEventElapsed = 18.408447265625 (ms)
[RANK0] B @ 1095.3828125 (ms) to 1132.73974609375 (ms), cudaEventElapsed = 37.32921600341797 (ms)
[RANK0] W @ 1132.798583984375 (ms) to 1150.266357421875 (ms), cudaEventElapsed = 17.43974494934082 (ms)
[RANK0] B @ 1187.052978515625 (ms) to 1221.20361328125 (ms), cudaEventElapsed = 34.114463806152344 (ms)
[RANK0] W @ 1221.26318359375 (ms) to 1236.93994140625 (ms), cudaEventElapsed = 15.649791717529297 (ms)
[RANK0] B @ 1286.94970703125 (ms) to 1320.084228515625 (ms), cudaEventElapsed = 33.10380935668945 (ms)
[RANK0] 1W @ 1320.143310546875 (ms) to 1335.5595703125 (ms), cudaEventElapsed = 15.38969612121582 (ms)
[RANK0] Iteration 7
[RANK0] F @ 0.37939453125 (ms) to 24.3115234375 (ms), cudaEventElapsed = 23.89913558959961 (ms)
[RANK0] F @ 24.537841796875 (ms) to 48.75 (ms), cudaEventElapsed = 24.176639556884766 (ms)
[RANK0] F @ 48.946044921875 (ms) to 74.559326171875 (ms), cudaEventElapsed = 25.580543518066406 (ms)
[RANK0] F @ 74.74755859375 (ms) to 101.533447265625 (ms), cudaEventElapsed = 26.753023147583008 (ms)
[RANK0] F @ 101.734619140625 (ms) to 128.61083984375 (ms), cudaEventElapsed = 26.841087341308594 (ms)
[RANK0] F @ 128.8369140625 (ms) to 155.343505859375 (ms), cudaEventElapsed = 26.469375610351562 (ms)
[RANK0] F @ 155.540771484375 (ms) to 182.000732421875 (ms), cudaEventElapsed = 26.428415298461914 (ms)
[RANK0] F @ 182.23046875 (ms) to 208.742919921875 (ms), cudaEventElapsed = 26.478591918945312 (ms)
[RANK0] F @ 208.95458984375 (ms) to 235.224853515625 (ms), cudaEventElapsed = 26.234880447387695 (ms)
[RANK0] F @ 235.44140625 (ms) to 261.770751953125 (ms), cudaEventElapsed = 26.29631996154785 (ms)
[RANK0] F @ 261.96923828125 (ms) to 288.602783203125 (ms), cudaEventElapsed = 26.601472854614258 (ms)
[RANK0] F @ 288.835693359375 (ms) to 315.44873046875 (ms), cudaEventElapsed = 26.578943252563477 (ms)
