[RANK1] Iteration 1
[RANK1] F @ 85.680419921875 (ms) to 117.8935546875 (ms), cudaEventElapsed = 32.147361755371094 (ms)
[RANK1] F @ 169.55859375 (ms) to 201.118408203125 (ms), cudaEventElapsed = 31.503904342651367 (ms)
[RANK1] F @ 201.60107421875 (ms) to 235.8896484375 (ms), cudaEventElapsed = 34.24224090576172 (ms)
[RANK1] F @ 236.2177734375 (ms) to 502.9306640625 (ms), cudaEventElapsed = 266.6795959472656 (ms)
[RANK1] F @ 504.74951171875 (ms) to 543.139404296875 (ms), cudaEventElapsed = 38.34163284301758 (ms)
[RANK1] B @ 555.11376953125 (ms) to 597.1728515625 (ms), cudaEventElapsed = 42.007137298583984 (ms)
[RANK1] F @ 601.959228515625 (ms) to 634.563720703125 (ms), cudaEventElapsed = 32.571006774902344 (ms)
[RANK1] B @ 634.876708984375 (ms) to 678.495849609375 (ms), cudaEventElapsed = 43.576255798339844 (ms)
[RANK1] F @ 679.868896484375 (ms) to 713.865234375 (ms), cudaEventElapsed = 33.961727142333984 (ms)
[RANK1] B @ 714.187744140625 (ms) to 758.323486328125 (ms), cudaEventElapsed = 44.10038375854492 (ms)
[RANK1] F @ 758.6875 (ms) to 793.13134765625 (ms), cudaEventElapsed = 34.410335540771484 (ms)
[RANK1] B @ 793.5302734375 (ms) to 838.037841796875 (ms), cudaEventElapsed = 44.46601486206055 (ms)
[RANK1] W @ 838.28173828125 (ms) to 860.0244140625 (ms), cudaEventElapsed = 21.70675277709961 (ms)
[RANK1] F @ 860.156982421875 (ms) to 894.413330078125 (ms), cudaEventElapsed = 34.22409439086914 (ms)
[RANK1] B @ 1047.0595703125 (ms) to 1086.841796875 (ms), cudaEventElapsed = 39.73820877075195 (ms)
[RANK1] B @ 1126.9375 (ms) to 1165.837890625 (ms), cudaEventElapsed = 38.85785675048828 (ms)
[RANK1] W @ 1166.000732421875 (ms) to 1185.212158203125 (ms), cudaEventElapsed = 19.169279098510742 (ms)
[RANK1] F @ 1185.473388671875 (ms) to 1220.298828125 (ms), cudaEventElapsed = 34.79391860961914 (ms)
[RANK1] B @ 1229.683837890625 (ms) to 1273.49462890625 (ms), cudaEventElapsed = 43.77040100097656 (ms)
[RANK1] B @ 1274.978515625 (ms) to 1315.74755859375 (ms), cudaEventElapsed = 40.737247467041016 (ms)
[RANK1] W @ 1315.885498046875 (ms) to 1335.717041015625 (ms), cudaEventElapsed = 19.798015594482422 (ms)
[RANK1] F @ 1335.951904296875 (ms) to 1370.390869140625 (ms), cudaEventElapsed = 34.40806579589844 (ms)
[RANK1] B @ 1371.15625 (ms) to 1415.421630859375 (ms), cudaEventElapsed = 44.229312896728516 (ms)
[RANK1] W @ 1415.627685546875 (ms) to 1437.755126953125 (ms), cudaEventElapsed = 20.944896697998047 (ms)
[RANK1] F @ 1438.0048828125 (ms) to 1472.08544921875 (ms), cudaEventElapsed = 34.04985427856445 (ms)
[RANK1] B @ 1472.384765625 (ms) to 1516.56005859375 (ms), cudaEventElapsed = 44.14070510864258 (ms)
[RANK1] W @ 1516.693603515625 (ms) to 1537.739501953125 (ms), cudaEventElapsed = 21.009408950805664 (ms)
[RANK1] W @ 1537.875732421875 (ms) to 1559.100341796875 (ms), cudaEventElapsed = 21.194751739501953 (ms)
[RANK1] B @ 1573.1767578125 (ms) to 1613.952392578125 (ms), cudaEventElapsed = 40.74060821533203 (ms)
[RANK1] W @ 1614.0771484375 (ms) to 1633.6572265625 (ms), cudaEventElapsed = 19.547136306762695 (ms)
[RANK1] W @ 1633.784912109375 (ms) to 1654.853759765625 (ms), cudaEventElapsed = 21.04217529296875 (ms)
[RANK1] B @ 1658.994873046875 (ms) to 1700.6298828125 (ms), cudaEventElapsed = 41.60236740112305 (ms)
[RANK1] 4W @ 1700.7666015625 (ms) to 1783.59423828125 (ms), cudaEventElapsed = 82.79449462890625 (ms)
[RANK1] Iteration 2
[RANK1] F @ 29.902099609375 (ms) to 61.716552734375 (ms), cudaEventElapsed = 31.772703170776367 (ms)
[RANK1] F @ 62.132080078125 (ms) to 96.428466796875 (ms), cudaEventElapsed = 34.258750915527344 (ms)
[RANK1] F @ 96.84423828125 (ms) to 133.306884765625 (ms), cudaEventElapsed = 36.425537109375 (ms)
[RANK1] F @ 133.64208984375 (ms) to 170.145263671875 (ms), cudaEventElapsed = 36.47011184692383 (ms)
[RANK1] F @ 171.85400390625 (ms) to 208.07080078125 (ms), cudaEventElapsed = 36.16828918457031 (ms)
[RANK1] B @ 224.5380859375 (ms) to 266.157470703125 (ms), cudaEventElapsed = 41.57814407348633 (ms)
[RANK1] F @ 266.535888671875 (ms) to 299.5927734375 (ms), cudaEventElapsed = 33.01795196533203 (ms)
[RANK1] B @ 303.623779296875 (ms) to 346.56591796875 (ms), cudaEventElapsed = 42.90419387817383 (ms)
[RANK1] F @ 348.0947265625 (ms) to 381.94189453125 (ms), cudaEventElapsed = 33.81455993652344 (ms)
[RANK1] B @ 384.290283203125 (ms) to 427.593017578125 (ms), cudaEventElapsed = 43.26006317138672 (ms)
[RANK1] F @ 427.94189453125 (ms) to 461.9384765625 (ms), cudaEventElapsed = 33.96556854248047 (ms)
[RANK1] B @ 465.2197265625 (ms) to 508.205322265625 (ms), cudaEventElapsed = 42.94646453857422 (ms)
[RANK1] W @ 508.46484375 (ms) to 529.475830078125 (ms), cudaEventElapsed = 20.86809539794922 (ms)
[RANK1] F @ 529.629638671875 (ms) to 563.176025390625 (ms), cudaEventElapsed = 33.517215728759766 (ms)
[RANK1] B @ 564.57177734375 (ms) to 609.441162109375 (ms), cudaEventElapsed = 44.8309440612793 (ms)
[RANK1] B @ 625.147216796875 (ms) to 665.452392578125 (ms), cudaEventElapsed = 40.26582336425781 (ms)
[RANK1] W @ 665.638671875 (ms) to 684.984130859375 (ms), cudaEventElapsed = 19.311616897583008 (ms)
[RANK1] F @ 685.251708984375 (ms) to 719.1396484375 (ms), cudaEventElapsed = 33.85830307006836 (ms)
[RANK1] B @ 728.119140625 (ms) to 771.955810546875 (ms), cudaEventElapsed = 43.79868698120117 (ms)
[RANK1] B @ 773.451171875 (ms) to 814.872314453125 (ms), cudaEventElapsed = 41.38822555541992 (ms)
[RANK1] W @ 815.043212890625 (ms) to 835.1103515625 (ms), cudaEventElapsed = 20.0314884185791 (ms)
[RANK1] F @ 835.38818359375 (ms) to 869.965087890625 (ms), cudaEventElapsed = 34.54643249511719 (ms)
[RANK1] B @ 870.7099609375 (ms) to 915.24560546875 (ms), cudaEventElapsed = 44.500606536865234 (ms)
[RANK1] W @ 915.483642578125 (ms) to 937.860595703125 (ms), cudaEventElapsed = 21.180416107177734 (ms)
[RANK1] F @ 938.130615234375 (ms) to 972.341552734375 (ms), cudaEventElapsed = 34.18083190917969 (ms)
[RANK1] B @ 974.125244140625 (ms) to 1018.2138671875 (ms), cudaEventElapsed = 44.05097579956055 (ms)
[RANK1] W @ 1018.398193359375 (ms) to 1039.39404296875 (ms), cudaEventElapsed = 20.960256576538086 (ms)
[RANK1] W @ 1039.562744140625 (ms) to 1060.905029296875 (ms), cudaEventElapsed = 21.312511444091797 (ms)
[RANK1] B @ 1075.66064453125 (ms) to 1116.09130859375 (ms), cudaEventElapsed = 40.39756774902344 (ms)
[RANK1] W @ 1116.257568359375 (ms) to 1135.76171875 (ms), cudaEventElapsed = 19.46623992919922 (ms)
[RANK1] W @ 1135.92236328125 (ms) to 1156.97216796875 (ms), cudaEventElapsed = 21.021696090698242 (ms)
[RANK1] B @ 1161.204345703125 (ms) to 1203.076904296875 (ms), cudaEventElapsed = 41.84153747558594 (ms)
[RANK1] 4W @ 1203.249755859375 (ms) to 1286.185791015625 (ms), cudaEventElapsed = 82.89177703857422 (ms)
[RANK1] Iteration 3
[RANK1] F @ 29.81982421875 (ms) to 61.714111328125 (ms), cudaEventElapsed = 31.85260772705078 (ms)
[RANK1] F @ 62.136474609375 (ms) to 96.81640625 (ms), cudaEventElapsed = 34.641632080078125 (ms)
[RANK1] F @ 97.234375 (ms) to 133.6640625 (ms), cudaEventElapsed = 36.391265869140625 (ms)
[RANK1] F @ 134.01611328125 (ms) to 169.926025390625 (ms), cudaEventElapsed = 35.87321472167969 (ms)
[RANK1] F @ 171.59326171875 (ms) to 207.921875 (ms), cudaEventElapsed = 36.28102493286133 (ms)
[RANK1] B @ 225.63720703125 (ms) to 266.84375 (ms), cudaEventElapsed = 41.16035079956055 (ms)
[RANK1] F @ 267.2158203125 (ms) to 300.476318359375 (ms), cudaEventElapsed = 33.227134704589844 (ms)
[RANK1] B @ 304.469970703125 (ms) to 347.9423828125 (ms), cudaEventElapsed = 43.4318733215332 (ms)
[RANK1] F @ 349.505615234375 (ms) to 383.327880859375 (ms), cudaEventElapsed = 33.78736114501953 (ms)
[RANK1] B @ 384.1259765625 (ms) to 427.816162109375 (ms), cudaEventElapsed = 43.65507125854492 (ms)
[RANK1] F @ 428.178466796875 (ms) to 462.625732421875 (ms), cudaEventElapsed = 34.41545486450195 (ms)
[RANK1] B @ 464.22607421875 (ms) to 508.219482421875 (ms), cudaEventElapsed = 43.94259262084961 (ms)
[RANK1] W @ 508.50634765625 (ms) to 530.072509765625 (ms), cudaEventElapsed = 21.42310333251953 (ms)
[RANK1] F @ 530.23046875 (ms) to 564.06640625 (ms), cudaEventElapsed = 33.80451202392578 (ms)
[RANK1] B @ 565.509033203125 (ms) to 611.490478515625 (ms), cudaEventElapsed = 45.945438385009766 (ms)
[RANK1] B @ 623.75244140625 (ms) to 664.081298828125 (ms), cudaEventElapsed = 40.284446716308594 (ms)
[RANK1] W @ 664.26708984375 (ms) to 683.657958984375 (ms), cudaEventElapsed = 19.357696533203125 (ms)
[RANK1] F @ 683.945556640625 (ms) to 718.4501953125 (ms), cudaEventElapsed = 34.47510528564453 (ms)
[RANK1] B @ 727.329345703125 (ms) to 771.45654296875 (ms), cudaEventElapsed = 44.08863830566406 (ms)
[RANK1] B @ 773.238037109375 (ms) to 814.53173828125 (ms), cudaEventElapsed = 41.26124954223633 (ms)
[RANK1] W @ 814.712158203125 (ms) to 834.701171875 (ms), cudaEventElapsed = 19.955711364746094 (ms)
[RANK1] F @ 834.9755859375 (ms) to 869.14990234375 (ms), cudaEventElapsed = 34.14486312866211 (ms)
[RANK1] B @ 869.4697265625 (ms) to 915.346923828125 (ms), cudaEventElapsed = 45.84163284301758 (ms)
[RANK1] W @ 915.599853515625 (ms) to 938.556640625 (ms), cudaEventElapsed = 21.67091178894043 (ms)
[RANK1] F @ 938.8466796875 (ms) to 973.00048828125 (ms), cudaEventElapsed = 34.124385833740234 (ms)
[RANK1] B @ 974.836181640625 (ms) to 1018.539794921875 (ms), cudaEventElapsed = 43.665504455566406 (ms)
[RANK1] W @ 1018.716796875 (ms) to 1039.5029296875 (ms), cudaEventElapsed = 20.749311447143555 (ms)
[RANK1] W @ 1039.6650390625 (ms) to 1060.815185546875 (ms), cudaEventElapsed = 21.122047424316406 (ms)
[RANK1] B @ 1078.61376953125 (ms) to 1119.450439453125 (ms), cudaEventElapsed = 40.80451202392578 (ms)
[RANK1] W @ 1119.6240234375 (ms) to 1139.10400390625 (ms), cudaEventElapsed = 19.44985580444336 (ms)
[RANK1] W @ 1139.261962890625 (ms) to 1160.2421875 (ms), cudaEventElapsed = 20.954111099243164 (ms)
[RANK1] B @ 1164.391845703125 (ms) to 1206.628662109375 (ms), cudaEventElapsed = 42.20364761352539 (ms)
[RANK1] 4W @ 1206.794677734375 (ms) to 1290.049072265625 (ms), cudaEventElapsed = 83.22560119628906 (ms)
[RANK1] Iteration 4
[RANK1] F @ 29.81787109375 (ms) to 61.63427734375 (ms), cudaEventElapsed = 31.774015426635742 (ms)
[RANK1] F @ 62.04931640625 (ms) to 96.23583984375 (ms), cudaEventElapsed = 34.14940643310547 (ms)
[RANK1] F @ 96.648193359375 (ms) to 133.272705078125 (ms), cudaEventElapsed = 36.584800720214844 (ms)
[RANK1] F @ 133.61083984375 (ms) to 169.91455078125 (ms), cudaEventElapsed = 36.2611198425293 (ms)
[RANK1] F @ 171.523681640625 (ms) to 207.678466796875 (ms), cudaEventElapsed = 36.105472564697266 (ms)
[RANK1] B @ 225.491943359375 (ms) to 267.80517578125 (ms), cudaEventElapsed = 42.270687103271484 (ms)
[RANK1] F @ 268.196044921875 (ms) to 303.346435546875 (ms), cudaEventElapsed = 35.118431091308594 (ms)
[RANK1] B @ 307.10009765625 (ms) to 351.539306640625 (ms), cudaEventElapsed = 44.402400970458984 (ms)
[RANK1] F @ 353.066650390625 (ms) to 388.225830078125 (ms), cudaEventElapsed = 35.12611389160156 (ms)
[RANK1] B @ 390.14794921875 (ms) to 434.662841796875 (ms), cudaEventElapsed = 44.47788619995117 (ms)
[RANK1] F @ 435.01953125 (ms) to 471.139404296875 (ms), cudaEventElapsed = 36.087806701660156 (ms)
[RANK1] B @ 473.415283203125 (ms) to 517.631103515625 (ms), cudaEventElapsed = 44.15951919555664 (ms)
[RANK1] W @ 517.8974609375 (ms) to 541.382080078125 (ms), cudaEventElapsed = 23.337984085083008 (ms)
[RANK1] F @ 541.543701171875 (ms) to 579.74560546875 (ms), cudaEventElapsed = 38.170814514160156 (ms)
[RANK1] B @ 581.180419921875 (ms) to 628.489501953125 (ms), cudaEventElapsed = 47.27305603027344 (ms)
[RANK1] B @ 639.010986328125 (ms) to 681.853515625 (ms), cudaEventElapsed = 42.80223846435547 (ms)
[RANK1] W @ 682.052490234375 (ms) to 705.324462890625 (ms), cudaEventElapsed = 23.23865509033203 (ms)
[RANK1] F @ 705.599609375 (ms) to 745.112548828125 (ms), cudaEventElapsed = 39.482688903808594 (ms)
[RANK1] B @ 749.9638671875 (ms) to 796.224853515625 (ms), cudaEventElapsed = 46.221920013427734 (ms)
[RANK1] B @ 797.7646484375 (ms) to 841.53125 (ms), cudaEventElapsed = 43.73411178588867 (ms)
[RANK1] W @ 841.705810546875 (ms) to 865.318115234375 (ms), cudaEventElapsed = 23.578624725341797 (ms)
[RANK1] F @ 865.59912109375 (ms) to 906.859130859375 (ms), cudaEventElapsed = 41.23072052001953 (ms)
[RANK1] B @ 907.177001953125 (ms) to 954.9853515625 (ms), cudaEventElapsed = 47.77641677856445 (ms)
[RANK1] W @ 955.22216796875 (ms) to 980.028564453125 (ms), cudaEventElapsed = 23.633920669555664 (ms)
[RANK1] F @ 980.299072265625 (ms) to 1019.117919921875 (ms), cudaEventElapsed = 38.789119720458984 (ms)
[RANK1] B @ 1025.94091796875 (ms) to 1070.49072265625 (ms), cudaEventElapsed = 44.513729095458984 (ms)
[RANK1] W @ 1070.66845703125 (ms) to 1093.5166015625 (ms), cudaEventElapsed = 22.812671661376953 (ms)
[RANK1] W @ 1093.679443359375 (ms) to 1121.385986328125 (ms), cudaEventElapsed = 27.678720474243164 (ms)
[RANK1] B @ 1136.156494140625 (ms) to 1180.609130859375 (ms), cudaEventElapsed = 44.4172477722168 (ms)
[RANK1] W @ 1180.7744140625 (ms) to 1203.46923828125 (ms), cudaEventElapsed = 22.66521644592285 (ms)
[RANK1] W @ 1203.628662109375 (ms) to 1230.5595703125 (ms), cudaEventElapsed = 26.902528762817383 (ms)
[RANK1] B @ 1235.343505859375 (ms) to 1281.195556640625 (ms), cudaEventElapsed = 45.820640563964844 (ms)
[RANK1] 4W @ 1281.365966796875 (ms) to 1385.225830078125 (ms), cudaEventElapsed = 103.8213119506836 (ms)
[RANK1] Iteration 5
[RANK1] F @ 29.879150390625 (ms) to 61.863525390625 (ms), cudaEventElapsed = 31.940799713134766 (ms)
[RANK1] F @ 62.28564453125 (ms) to 96.553466796875 (ms), cudaEventElapsed = 34.22163009643555 (ms)
[RANK1] F @ 96.973388671875 (ms) to 133.545166015625 (ms), cudaEventElapsed = 36.533695220947266 (ms)
[RANK1] F @ 133.879638671875 (ms) to 170.08154296875 (ms), cudaEventElapsed = 36.168128967285156 (ms)
[RANK1] F @ 171.61962890625 (ms) to 207.967529296875 (ms), cudaEventElapsed = 36.299808502197266 (ms)
[RANK1] B @ 226.33837890625 (ms) to 268.5546875 (ms), cudaEventElapsed = 42.176063537597656 (ms)
[RANK1] F @ 268.93505859375 (ms) to 304.55810546875 (ms), cudaEventElapsed = 35.58921432495117 (ms)
[RANK1] B @ 308.662353515625 (ms) to 353.188232421875 (ms), cudaEventElapsed = 44.484737396240234 (ms)
[RANK1] F @ 354.749755859375 (ms) to 390.5341796875 (ms), cudaEventElapsed = 35.75183868408203 (ms)
[RANK1] B @ 391.88720703125 (ms) to 437.12841796875 (ms), cudaEventElapsed = 45.204097747802734 (ms)
[RANK1] F @ 437.497314453125 (ms) to 473.722412109375 (ms), cudaEventElapsed = 36.19375991821289 (ms)
[RANK1] B @ 474.352783203125 (ms) to 519.298583984375 (ms), cudaEventElapsed = 44.90739059448242 (ms)
[RANK1] W @ 519.54736328125 (ms) to 543.70947265625 (ms), cudaEventElapsed = 24.026111602783203 (ms)
[RANK1] F @ 543.859375 (ms) to 581.341796875 (ms), cudaEventElapsed = 37.4532470703125 (ms)
[RANK1] B @ 582.7783203125 (ms) to 629.733642578125 (ms), cudaEventElapsed = 46.92262268066406 (ms)
[RANK1] B @ 638.8671875 (ms) to 681.916015625 (ms), cudaEventElapsed = 43.01087951660156 (ms)
[RANK1] W @ 682.09326171875 (ms) to 704.588623046875 (ms), cudaEventElapsed = 22.46246337890625 (ms)
[RANK1] F @ 704.853759765625 (ms) to 743.669921875 (ms), cudaEventElapsed = 38.78700637817383 (ms)
[RANK1] B @ 749.446533203125 (ms) to 795.690185546875 (ms), cudaEventElapsed = 46.204864501953125 (ms)
[RANK1] B @ 797.23486328125 (ms) to 841.0791015625 (ms), cudaEventElapsed = 43.812416076660156 (ms)
[RANK1] W @ 841.252685546875 (ms) to 864.557373046875 (ms), cudaEventElapsed = 23.269376754760742 (ms)
[RANK1] F @ 864.816650390625 (ms) to 906.31591796875 (ms), cudaEventElapsed = 41.46080017089844 (ms)
[RANK1] B @ 906.617919921875 (ms) to 955.62353515625 (ms), cudaEventElapsed = 48.97180938720703 (ms)
[RANK1] W @ 955.861572265625 (ms) to 981.56640625 (ms), cudaEventElapsed = 24.49715232849121 (ms)
[RANK1] F @ 981.845458984375 (ms) to 1020.171875 (ms), cudaEventElapsed = 38.29644775390625 (ms)
[RANK1] B @ 1020.495361328125 (ms) to 1066.11474609375 (ms), cudaEventElapsed = 45.58585739135742 (ms)
[RANK1] W @ 1066.2763671875 (ms) to 1089.53125 (ms), cudaEventElapsed = 23.211008071899414 (ms)
[RANK1] W @ 1089.692626953125 (ms) to 1119.481201171875 (ms), cudaEventElapsed = 29.76051139831543 (ms)
[RANK1] B @ 1130.783447265625 (ms) to 1176.412109375 (ms), cudaEventElapsed = 45.59532928466797 (ms)
[RANK1] W @ 1176.56787109375 (ms) to 1200.2119140625 (ms), cudaEventElapsed = 23.615488052368164 (ms)
[RANK1] W @ 1200.374267578125 (ms) to 1226.923828125 (ms), cudaEventElapsed = 26.5216007232666 (ms)
[RANK1] B @ 1230.19970703125 (ms) to 1277.580322265625 (ms), cudaEventElapsed = 47.34947204589844 (ms)
[RANK1] 4W @ 1277.741455078125 (ms) to 1382.251220703125 (ms), cudaEventElapsed = 104.47666931152344 (ms)
[RANK1] Iteration 6
[RANK1] F @ 29.7890625 (ms) to 61.677978515625 (ms), cudaEventElapsed = 31.84886360168457 (ms)
[RANK1] F @ 62.0869140625 (ms) to 96.600830078125 (ms), cudaEventElapsed = 34.47769546508789 (ms)
[RANK1] F @ 97.0 (ms) to 133.30908203125 (ms), cudaEventElapsed = 36.26847839355469 (ms)
[RANK1] F @ 133.6259765625 (ms) to 169.4912109375 (ms), cudaEventElapsed = 35.82441711425781 (ms)
[RANK1] F @ 171.117919921875 (ms) to 207.22705078125 (ms), cudaEventElapsed = 36.07068634033203 (ms)
[RANK1] B @ 227.257568359375 (ms) to 268.97802734375 (ms), cudaEventElapsed = 41.683040618896484 (ms)
[RANK1] F @ 269.34423828125 (ms) to 305.1689453125 (ms), cudaEventElapsed = 35.793312072753906 (ms)
[RANK1] B @ 309.032470703125 (ms) to 354.317138671875 (ms), cudaEventElapsed = 45.2498893737793 (ms)
[RANK1] F @ 355.74267578125 (ms) to 391.517822265625 (ms), cudaEventElapsed = 35.73923110961914 (ms)
[RANK1] B @ 392.362548828125 (ms) to 436.98486328125 (ms), cudaEventElapsed = 44.588958740234375 (ms)
[RANK1] F @ 437.36083984375 (ms) to 473.222900390625 (ms), cudaEventElapsed = 35.8271369934082 (ms)
[RANK1] B @ 474.989990234375 (ms) to 519.490478515625 (ms), cudaEventElapsed = 44.465728759765625 (ms)
[RANK1] W @ 519.7509765625 (ms) to 543.185791015625 (ms), cudaEventElapsed = 23.2673282623291 (ms)
[RANK1] F @ 543.359619140625 (ms) to 581.670166015625 (ms), cudaEventElapsed = 38.275550842285156 (ms)
[RANK1] B @ 583.15771484375 (ms) to 630.8408203125 (ms), cudaEventElapsed = 47.65055847167969 (ms)
[RANK1] B @ 640.484130859375 (ms) to 683.048095703125 (ms), cudaEventElapsed = 42.52310562133789 (ms)
[RANK1] W @ 683.2607421875 (ms) to 705.2685546875 (ms), cudaEventElapsed = 21.969919204711914 (ms)
[RANK1] F @ 705.562744140625 (ms) to 745.0234375 (ms), cudaEventElapsed = 39.43116760253906 (ms)
[RANK1] B @ 751.690673828125 (ms) to 797.828125 (ms), cudaEventElapsed = 46.103553771972656 (ms)
[RANK1] B @ 799.273193359375 (ms) to 843.02587890625 (ms), cudaEventElapsed = 43.71648025512695 (ms)
[RANK1] W @ 843.212646484375 (ms) to 865.870849609375 (ms), cudaEventElapsed = 22.622207641601562 (ms)
[RANK1] F @ 866.16015625 (ms) to 910.20263671875 (ms), cudaEventElapsed = 44.011070251464844 (ms)
[RANK1] B @ 910.51123046875 (ms) to 959.27685546875 (ms), cudaEventElapsed = 48.73379135131836 (ms)
[RANK1] W @ 959.508056640625 (ms) to 983.963623046875 (ms), cudaEventElapsed = 23.30112075805664 (ms)
[RANK1] F @ 984.258544921875 (ms) to 1023.13916015625 (ms), cudaEventElapsed = 38.849281311035156 (ms)
[RANK1] B @ 1028.59619140625 (ms) to 1073.5830078125 (ms), cudaEventElapsed = 44.94575881958008 (ms)
[RANK1] W @ 1073.755126953125 (ms) to 1097.717041015625 (ms), cudaEventElapsed = 23.9237117767334 (ms)
[RANK1] W @ 1097.896728515625 (ms) to 1126.284912109375 (ms), cudaEventElapsed = 28.35865592956543 (ms)
[RANK1] B @ 1138.807861328125 (ms) to 1183.785888671875 (ms), cudaEventElapsed = 44.945343017578125 (ms)
[RANK1] W @ 1183.952392578125 (ms) to 1206.328857421875 (ms), cudaEventElapsed = 22.336511611938477 (ms)
[RANK1] W @ 1206.505859375 (ms) to 1233.6767578125 (ms), cudaEventElapsed = 27.14009666442871 (ms)
[RANK1] B @ 1237.05126953125 (ms) to 1283.753662109375 (ms), cudaEventElapsed = 46.67059326171875 (ms)
[RANK1] 4W @ 1283.918212890625 (ms) to 1388.15771484375 (ms), cudaEventElapsed = 104.1981430053711 (ms)
[RANK1] Iteration 7
[RANK1] F @ 26.921875 (ms) to 56.93603515625 (ms), cudaEventElapsed = 29.97667121887207 (ms)
[RANK1] F @ 57.3486328125 (ms) to 89.9140625 (ms), cudaEventElapsed = 32.532894134521484 (ms)
[RANK1] F @ 90.302978515625 (ms) to 125.901611328125 (ms), cudaEventElapsed = 35.56691360473633 (ms)
[RANK1] F @ 126.20263671875 (ms) to 161.04248046875 (ms), cudaEventElapsed = 34.809471130371094 (ms)
[RANK1] F @ 162.581298828125 (ms) to 196.903076171875 (ms), cudaEventElapsed = 34.28355026245117 (ms)
[RANK1] F @ 197.315185546875 (ms) to 231.979736328125 (ms), cudaEventElapsed = 34.63328170776367 (ms)
[RANK1] F @ 232.373779296875 (ms) to 267.063232421875 (ms), cudaEventElapsed = 34.658206939697266 (ms)
[RANK1] F @ 267.39306640625 (ms) to 301.91064453125 (ms), cudaEventElapsed = 34.486209869384766 (ms)
[RANK1] F @ 303.552978515625 (ms) to 338.171630859375 (ms), cudaEventElapsed = 34.584190368652344 (ms)
[RANK1] F @ 339.808837890625 (ms) to 374.28857421875 (ms), cudaEventElapsed = 34.44627380371094 (ms)
[RANK1] F @ 376.034423828125 (ms) to 410.552001953125 (ms), cudaEventElapsed = 34.48294448852539 (ms)
[RANK1] F @ 412.033447265625 (ms) to 446.663330078125 (ms), cudaEventElapsed = 34.596031188964844 (ms)
