[RANK1] Iteration 1
[RANK1] F @ 548.542724609375 (ms) to 705.150634765625 (ms), cudaEventElapsed = 156.57369995117188 (ms)
[RANK1] F @ 706.607666015625 (ms) to 739.63623046875 (ms), cudaEventElapsed = 32.991233825683594 (ms)
[RANK1] F @ 740.971435546875 (ms) to 776.955810546875 (ms), cudaEventElapsed = 35.959808349609375 (ms)
[RANK1] F @ 778.3603515625 (ms) to 814.62109375 (ms), cudaEventElapsed = 36.23628616333008 (ms)
[RANK1] F @ 815.90234375 (ms) to 852.286376953125 (ms), cudaEventElapsed = 36.360191345214844 (ms)
[RANK1] B @ 1656.44482421875 (ms) to 1722.254638671875 (ms), cudaEventElapsed = 65.77766418457031 (ms)
[RANK1] F @ 1723.724609375 (ms) to 1755.7705078125 (ms), cudaEventElapsed = 32.01740646362305 (ms)
[RANK1] B @ 1757.68603515625 (ms) to 1801.983642578125 (ms), cudaEventElapsed = 44.2685432434082 (ms)
[RANK1] F @ 1803.3984375 (ms) to 1836.7890625 (ms), cudaEventElapsed = 33.362945556640625 (ms)
[RANK1] B @ 1838.489990234375 (ms) to 1882.92578125 (ms), cudaEventElapsed = 44.407806396484375 (ms)
[RANK1] F @ 1884.583984375 (ms) to 1917.75439453125 (ms), cudaEventElapsed = 33.1407356262207 (ms)
[RANK1] B @ 1919.482421875 (ms) to 1963.691162109375 (ms), cudaEventElapsed = 44.1794548034668 (ms)
[RANK1] F @ 1965.0576171875 (ms) to 1998.428466796875 (ms), cudaEventElapsed = 33.34348678588867 (ms)
[RANK1] B @ 2000.345703125 (ms) to 2045.333984375 (ms), cudaEventElapsed = 44.96076965332031 (ms)
[RANK1] F @ 2046.740478515625 (ms) to 2080.063232421875 (ms), cudaEventElapsed = 33.29536056518555 (ms)
[RANK1] B @ 2081.8525390625 (ms) to 2125.770751953125 (ms), cudaEventElapsed = 43.88966369628906 (ms)
[RANK1] F @ 2127.00537109375 (ms) to 2160.04052734375 (ms), cudaEventElapsed = 33.00864028930664 (ms)
[RANK1] B @ 2161.3603515625 (ms) to 2205.07177734375 (ms), cudaEventElapsed = 43.688961029052734 (ms)
[RANK1] F @ 2206.2744140625 (ms) to 2239.29931640625 (ms), cudaEventElapsed = 33.00352096557617 (ms)
[RANK1] B @ 2240.592529296875 (ms) to 2284.66943359375 (ms), cudaEventElapsed = 44.054527282714844 (ms)
[RANK1] W @ 2285.379638671875 (ms) to 2306.474853515625 (ms), cudaEventElapsed = 21.07391929626465 (ms)
[RANK1] B @ 2307.228515625 (ms) to 2349.589111328125 (ms), cudaEventElapsed = 42.34035110473633 (ms)
[RANK1] W @ 2350.346923828125 (ms) to 2370.618408203125 (ms), cudaEventElapsed = 20.2475528717041 (ms)
[RANK1] B @ 2381.9580078125 (ms) to 2423.1884765625 (ms), cudaEventElapsed = 41.210880279541016 (ms)
[RANK1] W @ 2423.929931640625 (ms) to 2443.81689453125 (ms), cudaEventElapsed = 19.86662483215332 (ms)
[RANK1] B @ 2448.03759765625 (ms) to 2489.45068359375 (ms), cudaEventElapsed = 41.388031005859375 (ms)
[RANK1] W @ 2490.20458984375 (ms) to 2510.099609375 (ms), cudaEventElapsed = 19.768320083618164 (ms)
[RANK1] B @ 2511.964111328125 (ms) to 2554.34326171875 (ms), cudaEventElapsed = 42.355712890625 (ms)
[RANK1] 8W @ 2556.484130859375 (ms) to 2729.490966796875 (ms), cudaEventElapsed = 172.9792022705078 (ms)
[RANK1] Iteration 2
[RANK1] F @ 34.2724609375 (ms) to 66.323974609375 (ms), cudaEventElapsed = 32.02252960205078 (ms)
[RANK1] F @ 67.911376953125 (ms) to 102.30615234375 (ms), cudaEventElapsed = 34.365440368652344 (ms)
[RANK1] F @ 104.033935546875 (ms) to 141.225341796875 (ms), cudaEventElapsed = 37.161983489990234 (ms)
[RANK1] F @ 142.78369140625 (ms) to 179.150390625 (ms), cudaEventElapsed = 36.336639404296875 (ms)
[RANK1] F @ 180.91650390625 (ms) to 335.64013671875 (ms), cudaEventElapsed = 154.69363403320312 (ms)
[RANK1] B @ 338.4521484375 (ms) to 381.269775390625 (ms), cudaEventElapsed = 42.793983459472656 (ms)
[RANK1] F @ 382.998046875 (ms) to 418.060546875 (ms), cudaEventElapsed = 35.02899169921875 (ms)
[RANK1] B @ 420.095947265625 (ms) to 465.7060546875 (ms), cudaEventElapsed = 45.58233642578125 (ms)
[RANK1] F @ 467.165283203125 (ms) to 502.4453125 (ms), cudaEventElapsed = 35.25222396850586 (ms)
[RANK1] B @ 504.12646484375 (ms) to 549.686767578125 (ms), cudaEventElapsed = 45.53318405151367 (ms)
[RANK1] F @ 551.13427734375 (ms) to 586.455322265625 (ms), cudaEventElapsed = 35.293182373046875 (ms)
[RANK1] B @ 588.233154296875 (ms) to 633.61181640625 (ms), cudaEventElapsed = 45.35091018676758 (ms)
[RANK1] F @ 635.041748046875 (ms) to 670.107177734375 (ms), cudaEventElapsed = 35.03718566894531 (ms)
[RANK1] B @ 671.794189453125 (ms) to 716.521728515625 (ms), cudaEventElapsed = 44.69657516479492 (ms)
[RANK1] F @ 745.19677734375 (ms) to 777.00537109375 (ms), cudaEventElapsed = 31.78495979309082 (ms)
[RANK1] B @ 783.25830078125 (ms) to 826.255859375 (ms), cudaEventElapsed = 42.96908950805664 (ms)
[RANK1] F @ 827.6474609375 (ms) to 862.4326171875 (ms), cudaEventElapsed = 34.757633209228516 (ms)
[RANK1] B @ 864.982421875 (ms) to 910.618408203125 (ms), cudaEventElapsed = 45.606910705566406 (ms)
[RANK1] F @ 912.3291015625 (ms) to 947.578857421875 (ms), cudaEventElapsed = 35.21638488769531 (ms)
[RANK1] B @ 952.379150390625 (ms) to 996.700439453125 (ms), cudaEventElapsed = 44.300289154052734 (ms)
[RANK1] W @ 997.437744140625 (ms) to 1019.92138671875 (ms), cudaEventElapsed = 22.46143913269043 (ms)
[RANK1] B @ 1033.676513671875 (ms) to 1077.802734375 (ms), cudaEventElapsed = 44.10367965698242 (ms)
[RANK1] W @ 1078.56494140625 (ms) to 1100.67041015625 (ms), cudaEventElapsed = 22.08358383178711 (ms)
[RANK1] B @ 1119.242919921875 (ms) to 1162.20556640625 (ms), cudaEventElapsed = 42.94246292114258 (ms)
[RANK1] W @ 1162.9443359375 (ms) to 1185.12646484375 (ms), cudaEventElapsed = 22.159360885620117 (ms)
[RANK1] B @ 1190.053466796875 (ms) to 1239.22705078125 (ms), cudaEventElapsed = 49.154048919677734 (ms)
[RANK1] W @ 1239.996337890625 (ms) to 1264.294189453125 (ms), cudaEventElapsed = 24.27289581298828 (ms)
[RANK1] B @ 1265.125732421875 (ms) to 1312.05126953125 (ms), cudaEventElapsed = 46.90534210205078 (ms)
[RANK1] 8W @ 1313.8798828125 (ms) to 1526.537841796875 (ms), cudaEventElapsed = 212.63052368164062 (ms)
[RANK1] Iteration 3
[RANK1] F @ 32.678466796875 (ms) to 67.254150390625 (ms), cudaEventElapsed = 34.54975891113281 (ms)
[RANK1] F @ 68.588623046875 (ms) to 102.3759765625 (ms), cudaEventElapsed = 33.76128005981445 (ms)
[RANK1] F @ 103.96630859375 (ms) to 140.92919921875 (ms), cudaEventElapsed = 36.93260955810547 (ms)
[RANK1] F @ 142.72509765625 (ms) to 179.126220703125 (ms), cudaEventElapsed = 36.373504638671875 (ms)
[RANK1] F @ 180.680908203125 (ms) to 216.885986328125 (ms), cudaEventElapsed = 36.173824310302734 (ms)
[RANK1] F @ 218.236328125 (ms) to 254.257568359375 (ms), cudaEventElapsed = 35.99769592285156 (ms)
[RANK1] F @ 255.73046875 (ms) to 291.203125 (ms), cudaEventElapsed = 35.44473648071289 (ms)
[RANK1] F @ 292.50146484375 (ms) to 328.141357421875 (ms), cudaEventElapsed = 35.615745544433594 (ms)
[RANK1] B @ 350.894775390625 (ms) to 428.21484375 (ms), cudaEventElapsed = 77.29663848876953 (ms)
[RANK1] F @ 429.923828125 (ms) to 462.697021484375 (ms), cudaEventElapsed = 32.75059127807617 (ms)
[RANK1] F @ 465.077880859375 (ms) to 502.425048828125 (ms), cudaEventElapsed = 37.32377624511719 (ms)
[RANK1] B @ 504.62060546875 (ms) to 550.310302734375 (ms), cudaEventElapsed = 45.665279388427734 (ms)
[RANK1] F @ 551.68505859375 (ms) to 586.6435546875 (ms), cudaEventElapsed = 34.934783935546875 (ms)
[RANK1] B @ 587.898681640625 (ms) to 654.538818359375 (ms), cudaEventElapsed = 66.61734771728516 (ms)
[RANK1] F @ 657.4765625 (ms) to 690.71533203125 (ms), cudaEventElapsed = 33.20832061767578 (ms)
[RANK1] B @ 692.219970703125 (ms) to 759.385986328125 (ms), cudaEventElapsed = 67.13855743408203 (ms)
[RANK1] B @ 761.16748046875 (ms) to 803.055908203125 (ms), cudaEventElapsed = 41.85599899291992 (ms)
[RANK1] W @ 804.065673828125 (ms) to 827.595458984375 (ms), cudaEventElapsed = 23.50079917907715 (ms)
[RANK1] B @ 828.520263671875 (ms) to 928.09765625 (ms), cudaEventElapsed = 99.55020904541016 (ms)
[RANK1] W @ 929.101806640625 (ms) to 948.828857421875 (ms), cudaEventElapsed = 19.6997127532959 (ms)
[RANK1] B @ 950.88037109375 (ms) to 994.364013671875 (ms), cudaEventElapsed = 43.45753479003906 (ms)
[RANK1] B @ 995.76904296875 (ms) to 1040.3935546875 (ms), cudaEventElapsed = 44.598270416259766 (ms)
[RANK1] W @ 1041.212646484375 (ms) to 1064.58642578125 (ms), cudaEventElapsed = 23.344127655029297 (ms)
[RANK1] W @ 1064.927978515625 (ms) to 1091.36279296875 (ms), cudaEventElapsed = 26.408960342407227 (ms)
[RANK1] B @ 1092.13671875 (ms) to 1140.0263671875 (ms), cudaEventElapsed = 47.86790466308594 (ms)
[RANK1] W @ 1141.53515625 (ms) to 1165.587646484375 (ms), cudaEventElapsed = 24.025087356567383 (ms)
[RANK1] B @ 1166.37060546875 (ms) to 1212.935791015625 (ms), cudaEventElapsed = 46.54387283325195 (ms)
[RANK1] W @ 1213.693115234375 (ms) to 1237.02001953125 (ms), cudaEventElapsed = 23.30112075805664 (ms)
[RANK1] B @ 1237.8193359375 (ms) to 1285.142822265625 (ms), cudaEventElapsed = 47.303680419921875 (ms)
[RANK1] W @ 1285.831787109375 (ms) to 1310.33935546875 (ms), cudaEventElapsed = 24.48588752746582 (ms)
[RANK1] W @ 1310.51904296875 (ms) to 1336.60888671875 (ms), cudaEventElapsed = 26.068992614746094 (ms)
[RANK1] W @ 1336.86962890625 (ms) to 1364.220458984375 (ms), cudaEventElapsed = 27.32953643798828 (ms)
[RANK1] B @ 1365.000732421875 (ms) to 1412.64453125 (ms), cudaEventElapsed = 47.62419128417969 (ms)
[RANK1] 3W @ 1413.623291015625 (ms) to 1490.2421875 (ms), cudaEventElapsed = 76.59519958496094 (ms)
[RANK1] Iteration 4
[RANK1] F @ 34.082763671875 (ms) to 66.29541015625 (ms), cudaEventElapsed = 32.18431854248047 (ms)
[RANK1] F @ 68.386474609375 (ms) to 102.705078125 (ms), cudaEventElapsed = 34.290687561035156 (ms)
[RANK1] F @ 104.283203125 (ms) to 140.107666015625 (ms), cudaEventElapsed = 35.79596710205078 (ms)
[RANK1] F @ 141.793701171875 (ms) to 177.60791015625 (ms), cudaEventElapsed = 35.785728454589844 (ms)
[RANK1] F @ 179.173828125 (ms) to 215.001220703125 (ms), cudaEventElapsed = 35.799041748046875 (ms)
[RANK1] F @ 216.54150390625 (ms) to 252.561279296875 (ms), cudaEventElapsed = 35.99052810668945 (ms)
[RANK1] F @ 254.27294921875 (ms) to 290.468017578125 (ms), cudaEventElapsed = 36.166656494140625 (ms)
[RANK1] F @ 291.871826171875 (ms) to 328.53857421875 (ms), cudaEventElapsed = 36.63462448120117 (ms)
[RANK1] B @ 351.5615234375 (ms) to 434.28271484375 (ms), cudaEventElapsed = 82.69414520263672 (ms)
[RANK1] F @ 436.238525390625 (ms) to 468.94189453125 (ms), cudaEventElapsed = 32.66764831542969 (ms)
[RANK1] F @ 471.4501953125 (ms) to 508.507568359375 (ms), cudaEventElapsed = 37.02783966064453 (ms)
[RANK1] B @ 510.982421875 (ms) to 557.1328125 (ms), cudaEventElapsed = 46.123008728027344 (ms)
[RANK1] F @ 558.7041015625 (ms) to 594.059814453125 (ms), cudaEventElapsed = 35.32697677612305 (ms)
[RANK1] B @ 595.455322265625 (ms) to 640.807373046875 (ms), cudaEventElapsed = 45.32428741455078 (ms)
[RANK1] F @ 642.3642578125 (ms) to 677.362548828125 (ms), cudaEventElapsed = 34.971649169921875 (ms)
[RANK1] B @ 678.90234375 (ms) to 745.462890625 (ms), cudaEventElapsed = 66.53337860107422 (ms)
[RANK1] B @ 746.682373046875 (ms) to 815.41650390625 (ms), cudaEventElapsed = 68.71347045898438 (ms)
[RANK1] W @ 816.16943359375 (ms) to 836.371826171875 (ms), cudaEventElapsed = 20.182016372680664 (ms)
[RANK1] B @ 838.14697265625 (ms) to 882.71728515625 (ms), cudaEventElapsed = 44.548095703125 (ms)
[RANK1] W @ 883.48974609375 (ms) to 906.420654296875 (ms), cudaEventElapsed = 22.90995216369629 (ms)
[RANK1] B @ 907.298095703125 (ms) to 954.68212890625 (ms), cudaEventElapsed = 47.3620491027832 (ms)
[RANK1] B @ 955.935791015625 (ms) to 1001.12646484375 (ms), cudaEventElapsed = 45.16864013671875 (ms)
[RANK1] W @ 1001.828125 (ms) to 1025.037353515625 (ms), cudaEventElapsed = 23.184383392333984 (ms)
[RANK1] W @ 1025.36181640625 (ms) to 1050.84765625 (ms), cudaEventElapsed = 25.461759567260742 (ms)
[RANK1] B @ 1051.63330078125 (ms) to 1099.5341796875 (ms), cudaEventElapsed = 47.878143310546875 (ms)
[RANK1] W @ 1100.87548828125 (ms) to 1124.833740234375 (ms), cudaEventElapsed = 23.930879592895508 (ms)
[RANK1] B @ 1125.626708984375 (ms) to 1172.503173828125 (ms), cudaEventElapsed = 46.85414505004883 (ms)
[RANK1] W @ 1173.273193359375 (ms) to 1197.4345703125 (ms), cudaEventElapsed = 24.138751983642578 (ms)
[RANK1] B @ 1198.21875 (ms) to 1245.00634765625 (ms), cudaEventElapsed = 46.76505661010742 (ms)
[RANK1] W @ 1245.729248046875 (ms) to 1269.340087890625 (ms), cudaEventElapsed = 23.588863372802734 (ms)
[RANK1] W @ 1269.53955078125 (ms) to 1297.899169921875 (ms), cudaEventElapsed = 28.3371524810791 (ms)
[RANK1] W @ 1298.16943359375 (ms) to 1330.037841796875 (ms), cudaEventElapsed = 31.846399307250977 (ms)
[RANK1] B @ 1330.827392578125 (ms) to 1379.3974609375 (ms), cudaEventElapsed = 48.549888610839844 (ms)
[RANK1] 3W @ 1380.377685546875 (ms) to 1458.187744140625 (ms), cudaEventElapsed = 77.7861099243164 (ms)
[RANK1] Iteration 5
[RANK1] F @ 32.13134765625 (ms) to 64.387451171875 (ms), cudaEventElapsed = 32.22732925415039 (ms)
[RANK1] F @ 66.524169921875 (ms) to 100.21728515625 (ms), cudaEventElapsed = 33.660926818847656 (ms)
[RANK1] F @ 101.8369140625 (ms) to 138.65576171875 (ms), cudaEventElapsed = 36.787200927734375 (ms)
[RANK1] F @ 140.503662109375 (ms) to 177.12255859375 (ms), cudaEventElapsed = 36.58854293823242 (ms)
[RANK1] F @ 178.691650390625 (ms) to 214.74169921875 (ms), cudaEventElapsed = 36.0181770324707 (ms)
[RANK1] F @ 216.339111328125 (ms) to 252.431884765625 (ms), cudaEventElapsed = 36.06425476074219 (ms)
[RANK1] F @ 254.23828125 (ms) to 290.357177734375 (ms), cudaEventElapsed = 36.08473587036133 (ms)
[RANK1] F @ 291.78466796875 (ms) to 327.47119140625 (ms), cudaEventElapsed = 35.6577262878418 (ms)
[RANK1] B @ 390.904052734375 (ms) to 473.0146484375 (ms), cudaEventElapsed = 82.08179473876953 (ms)
[RANK1] F @ 475.010009765625 (ms) to 507.9140625 (ms), cudaEventElapsed = 32.87654495239258 (ms)
[RANK1] F @ 510.22021484375 (ms) to 546.43115234375 (ms), cudaEventElapsed = 36.183040618896484 (ms)
[RANK1] B @ 548.679443359375 (ms) to 593.574951171875 (ms), cudaEventElapsed = 44.867584228515625 (ms)
[RANK1] F @ 595.191650390625 (ms) to 630.324462890625 (ms), cudaEventElapsed = 35.10579299926758 (ms)
[RANK1] B @ 631.7177734375 (ms) to 676.43701171875 (ms), cudaEventElapsed = 44.69247817993164 (ms)
[RANK1] F @ 678.001953125 (ms) to 713.41357421875 (ms), cudaEventElapsed = 35.38227081298828 (ms)
[RANK1] B @ 714.76513671875 (ms) to 771.610595703125 (ms), cudaEventElapsed = 56.8197135925293 (ms)
[RANK1] B @ 773.14111328125 (ms) to 842.88623046875 (ms), cudaEventElapsed = 69.7149429321289 (ms)
[RANK1] W @ 843.6318359375 (ms) to 863.9462890625 (ms), cudaEventElapsed = 20.2926082611084 (ms)
[RANK1] B @ 864.78076171875 (ms) to 909.547607421875 (ms), cudaEventElapsed = 44.74470520019531 (ms)
[RANK1] W @ 910.339599609375 (ms) to 933.5849609375 (ms), cudaEventElapsed = 23.219200134277344 (ms)
[RANK1] B @ 934.49267578125 (ms) to 981.6875 (ms), cudaEventElapsed = 47.17465591430664 (ms)
[RANK1] B @ 982.930908203125 (ms) to 1028.078125 (ms), cudaEventElapsed = 45.12460708618164 (ms)
[RANK1] W @ 1028.7978515625 (ms) to 1051.593994140625 (ms), cudaEventElapsed = 22.769664764404297 (ms)
[RANK1] W @ 1051.91259765625 (ms) to 1077.105712890625 (ms), cudaEventElapsed = 25.167871475219727 (ms)
[RANK1] B @ 1077.89111328125 (ms) to 1125.28076171875 (ms), cudaEventElapsed = 47.36716842651367 (ms)
[RANK1] W @ 1126.865234375 (ms) to 1150.845458984375 (ms), cudaEventElapsed = 23.955455780029297 (ms)
[RANK1] B @ 1151.627197265625 (ms) to 1198.167236328125 (ms), cudaEventElapsed = 46.51929473876953 (ms)
[RANK1] W @ 1198.9453125 (ms) to 1222.848388671875 (ms), cudaEventElapsed = 23.88172721862793 (ms)
[RANK1] B @ 1223.609619140625 (ms) to 1270.284423828125 (ms), cudaEventElapsed = 46.65446472167969 (ms)
[RANK1] W @ 1270.97265625 (ms) to 1294.74462890625 (ms), cudaEventElapsed = 23.747583389282227 (ms)
[RANK1] W @ 1294.96923828125 (ms) to 1321.6083984375 (ms), cudaEventElapsed = 26.614784240722656 (ms)
[RANK1] W @ 1321.894287109375 (ms) to 1352.180419921875 (ms), cudaEventElapsed = 30.264320373535156 (ms)
[RANK1] B @ 1352.96142578125 (ms) to 1403.992919921875 (ms), cudaEventElapsed = 51.00953674316406 (ms)
[RANK1] 3W @ 1404.987060546875 (ms) to 1482.777099609375 (ms), cudaEventElapsed = 77.76563262939453 (ms)
[RANK1] Iteration 6
[RANK1] F @ 33.729736328125 (ms) to 65.8720703125 (ms), cudaEventElapsed = 32.112640380859375 (ms)
[RANK1] F @ 68.0654296875 (ms) to 101.33056640625 (ms), cudaEventElapsed = 33.24211120605469 (ms)
[RANK1] F @ 102.859375 (ms) to 138.87255859375 (ms), cudaEventElapsed = 35.985408782958984 (ms)
[RANK1] F @ 140.552001953125 (ms) to 176.705322265625 (ms), cudaEventElapsed = 36.124671936035156 (ms)
[RANK1] F @ 178.244384765625 (ms) to 214.73046875 (ms), cudaEventElapsed = 36.45747375488281 (ms)
[RANK1] F @ 216.284912109375 (ms) to 252.361083984375 (ms), cudaEventElapsed = 36.04377746582031 (ms)
[RANK1] F @ 254.051513671875 (ms) to 290.0390625 (ms), cudaEventElapsed = 35.959808349609375 (ms)
[RANK1] F @ 291.554931640625 (ms) to 327.40087890625 (ms), cudaEventElapsed = 35.815425872802734 (ms)
[RANK1] B @ 393.433837890625 (ms) to 474.36572265625 (ms), cudaEventElapsed = 80.90521240234375 (ms)
[RANK1] F @ 476.400390625 (ms) to 509.086181640625 (ms), cudaEventElapsed = 32.659454345703125 (ms)
[RANK1] F @ 510.468505859375 (ms) to 546.257568359375 (ms), cudaEventElapsed = 35.766273498535156 (ms)
[RANK1] B @ 547.87841796875 (ms) to 593.40380859375 (ms), cudaEventElapsed = 45.50143814086914 (ms)
[RANK1] F @ 594.759033203125 (ms) to 630.211669921875 (ms), cudaEventElapsed = 35.43040084838867 (ms)
[RANK1] B @ 631.50048828125 (ms) to 676.97509765625 (ms), cudaEventElapsed = 45.449214935302734 (ms)
[RANK1] F @ 678.289794921875 (ms) to 713.498291015625 (ms), cudaEventElapsed = 35.18668746948242 (ms)
[RANK1] B @ 714.79296875 (ms) to 772.138916015625 (ms), cudaEventElapsed = 57.32454299926758 (ms)
[RANK1] B @ 773.37353515625 (ms) to 844.20361328125 (ms), cudaEventElapsed = 70.80754852294922 (ms)
[RANK1] W @ 844.969970703125 (ms) to 864.7021484375 (ms), cudaEventElapsed = 19.708927154541016 (ms)
[RANK1] B @ 865.8681640625 (ms) to 910.05029296875 (ms), cudaEventElapsed = 44.1610221862793 (ms)
[RANK1] W @ 910.825439453125 (ms) to 934.62890625 (ms), cudaEventElapsed = 23.781375885009766 (ms)
[RANK1] B @ 935.493408203125 (ms) to 983.1845703125 (ms), cudaEventElapsed = 47.67027282714844 (ms)
[RANK1] B @ 984.442626953125 (ms) to 1029.41015625 (ms), cudaEventElapsed = 44.94643020629883 (ms)
[RANK1] W @ 1030.123046875 (ms) to 1053.085693359375 (ms), cudaEventElapsed = 22.939647674560547 (ms)
[RANK1] W @ 1053.382080078125 (ms) to 1079.832763671875 (ms), cudaEventElapsed = 26.427391052246094 (ms)
[RANK1] B @ 1080.589599609375 (ms) to 1128.317138671875 (ms), cudaEventElapsed = 47.70713424682617 (ms)
[RANK1] W @ 1129.6279296875 (ms) to 1153.036376953125 (ms), cudaEventElapsed = 23.385087966918945 (ms)
[RANK1] B @ 1153.799072265625 (ms) to 1200.822998046875 (ms), cudaEventElapsed = 47.00364685058594 (ms)
[RANK1] W @ 1201.580322265625 (ms) to 1225.814697265625 (ms), cudaEventElapsed = 24.213504791259766 (ms)
[RANK1] B @ 1226.5771484375 (ms) to 1273.156494140625 (ms), cudaEventElapsed = 46.5530891418457 (ms)
[RANK1] W @ 1274.02978515625 (ms) to 1298.3642578125 (ms), cudaEventElapsed = 24.30668830871582 (ms)
[RANK1] W @ 1298.5517578125 (ms) to 1326.44677734375 (ms), cudaEventElapsed = 27.873279571533203 (ms)
[RANK1] W @ 1326.717529296875 (ms) to 1358.86767578125 (ms), cudaEventElapsed = 32.12799835205078 (ms)
[RANK1] B @ 1359.63037109375 (ms) to 1409.00634765625 (ms), cudaEventElapsed = 49.3568000793457 (ms)
[RANK1] 3W @ 1409.964599609375 (ms) to 1487.154052734375 (ms), cudaEventElapsed = 77.16761779785156 (ms)
[RANK1] Iteration 7
[RANK1] F @ 32.13037109375 (ms) to 64.206298828125 (ms), cudaEventElapsed = 32.04915237426758 (ms)
[RANK1] F @ 66.32470703125 (ms) to 100.9404296875 (ms), cudaEventElapsed = 34.587646484375 (ms)
[RANK1] F @ 102.513671875 (ms) to 139.350830078125 (ms), cudaEventElapsed = 36.80460739135742 (ms)
[RANK1] F @ 141.093505859375 (ms) to 177.278564453125 (ms), cudaEventElapsed = 36.153343200683594 (ms)
[RANK1] F @ 178.895751953125 (ms) to 214.57568359375 (ms), cudaEventElapsed = 35.64851379394531 (ms)
[RANK1] F @ 216.178466796875 (ms) to 251.931396484375 (ms), cudaEventElapsed = 35.723262786865234 (ms)
[RANK1] F @ 253.764892578125 (ms) to 289.8359375 (ms), cudaEventElapsed = 36.04787063598633 (ms)
[RANK1] F @ 291.230224609375 (ms) to 327.38330078125 (ms), cudaEventElapsed = 36.125694274902344 (ms)
[RANK1] B @ 391.3310546875 (ms) to 473.3154296875 (ms), cudaEventElapsed = 81.95686340332031 (ms)
[RANK1] F @ 475.341064453125 (ms) to 508.037841796875 (ms), cudaEventElapsed = 32.66764831542969 (ms)
[RANK1] F @ 510.54541015625 (ms) to 548.021484375 (ms), cudaEventElapsed = 37.44768142700195 (ms)
[RANK1] B @ 550.0654296875 (ms) to 595.55078125 (ms), cudaEventElapsed = 45.4574089050293 (ms)
[RANK1] F @ 597.148193359375 (ms) to 632.02490234375 (ms), cudaEventElapsed = 34.84979248046875 (ms)
[RANK1] B @ 633.420654296875 (ms) to 678.5771484375 (ms), cudaEventElapsed = 45.12870407104492 (ms)
[RANK1] F @ 680.115234375 (ms) to 715.230712890625 (ms), cudaEventElapsed = 35.08531188964844 (ms)
[RANK1] B @ 716.563232421875 (ms) to 772.40869140625 (ms), cudaEventElapsed = 55.820289611816406 (ms)
[RANK1] B @ 773.84423828125 (ms) to 841.84716796875 (ms), cudaEventElapsed = 67.98028564453125 (ms)
[RANK1] W @ 842.616455078125 (ms) to 862.140625 (ms), cudaEventElapsed = 19.503103256225586 (ms)
[RANK1] B @ 862.939208984375 (ms) to 908.022216796875 (ms), cudaEventElapsed = 45.061119079589844 (ms)
[RANK1] W @ 908.8759765625 (ms) to 933.099853515625 (ms), cudaEventElapsed = 24.198144912719727 (ms)
[RANK1] B @ 933.99609375 (ms) to 980.386474609375 (ms), cudaEventElapsed = 46.36876678466797 (ms)
[RANK1] B @ 981.639892578125 (ms) to 1026.732421875 (ms), cudaEventElapsed = 45.070335388183594 (ms)
[RANK1] W @ 1027.45703125 (ms) to 1050.947998046875 (ms), cudaEventElapsed = 23.46905517578125 (ms)
[RANK1] W @ 1051.2490234375 (ms) to 1077.25048828125 (ms), cudaEventElapsed = 25.978879928588867 (ms)
[RANK1] B @ 1078.03125 (ms) to 1125.481689453125 (ms), cudaEventElapsed = 47.429630279541016 (ms)
[RANK1] W @ 1127.065185546875 (ms) to 1150.857421875 (ms), cudaEventElapsed = 23.767040252685547 (ms)
[RANK1] B @ 1151.64208984375 (ms) to 1197.889892578125 (ms), cudaEventElapsed = 46.227455139160156 (ms)
[RANK1] W @ 1198.6767578125 (ms) to 1221.975341796875 (ms), cudaEventElapsed = 23.27654457092285 (ms)
[RANK1] B @ 1222.74462890625 (ms) to 1270.41162109375 (ms), cudaEventElapsed = 47.643646240234375 (ms)
[RANK1] W @ 1271.24755859375 (ms) to 1296.456787109375 (ms), cudaEventElapsed = 25.180160522460938 (ms)
[RANK1] W @ 1296.671142578125 (ms) to 1324.091796875 (ms), cudaEventElapsed = 27.397119522094727 (ms)
[RANK1] W @ 1324.379150390625 (ms) to 1360.27783203125 (ms), cudaEventElapsed = 35.87583923339844 (ms)
[RANK1] B @ 1361.05908203125 (ms) to 1411.080322265625 (ms), cudaEventElapsed = 50.00089645385742 (ms)
[RANK1] 3W @ 1412.142578125 (ms) to 1490.909912109375 (ms), cudaEventElapsed = 78.7425308227539 (ms)
[RANK1] Iteration 8
[RANK1] F @ 32.97265625 (ms) to 65.109619140625 (ms), cudaEventElapsed = 32.108543395996094 (ms)
[RANK1] F @ 67.49462890625 (ms) to 102.011962890625 (ms), cudaEventElapsed = 34.49446487426758 (ms)
[RANK1] F @ 103.5380859375 (ms) to 139.3427734375 (ms), cudaEventElapsed = 35.77753448486328 (ms)
[RANK1] F @ 141.045166015625 (ms) to 176.905517578125 (ms), cudaEventElapsed = 35.815425872802734 (ms)
[RANK1] F @ 178.442626953125 (ms) to 213.97509765625 (ms), cudaEventElapsed = 35.50515365600586 (ms)
[RANK1] F @ 215.52783203125 (ms) to 251.497314453125 (ms), cudaEventElapsed = 35.941375732421875 (ms)
[RANK1] F @ 253.199951171875 (ms) to 289.389892578125 (ms), cudaEventElapsed = 36.159488677978516 (ms)
[RANK1] F @ 290.89453125 (ms) to 327.073974609375 (ms), cudaEventElapsed = 36.1451530456543 (ms)
[RANK1] B @ 392.97607421875 (ms) to 473.953369140625 (ms), cudaEventElapsed = 80.95027160644531 (ms)
[RANK1] F @ 475.945068359375 (ms) to 508.5048828125 (ms), cudaEventElapsed = 32.537601470947266 (ms)
[RANK1] F @ 510.111083984375 (ms) to 547.322265625 (ms), cudaEventElapsed = 37.18860626220703 (ms)
[RANK1] B @ 549.636474609375 (ms) to 595.6923828125 (ms), cudaEventElapsed = 46.032894134521484 (ms)
[RANK1] F @ 597.031494140625 (ms) to 632.36572265625 (ms), cudaEventElapsed = 35.31264114379883 (ms)
[RANK1] B @ 633.56884765625 (ms) to 679.3330078125 (ms), cudaEventElapsed = 45.74105453491211 (ms)
[RANK1] F @ 680.635986328125 (ms) to 715.83984375 (ms), cudaEventElapsed = 35.18259048461914 (ms)
[RANK1] B @ 717.140869140625 (ms) to 773.61865234375 (ms), cudaEventElapsed = 56.45619201660156 (ms)
[RANK1] B @ 774.8369140625 (ms) to 844.642333984375 (ms), cudaEventElapsed = 69.78457641601562 (ms)
[RANK1] W @ 845.398681640625 (ms) to 865.038818359375 (ms), cudaEventElapsed = 19.61676788330078 (ms)
[RANK1] B @ 865.860107421875 (ms) to 911.6376953125 (ms), cudaEventElapsed = 45.75436782836914 (ms)
[RANK1] W @ 912.43505859375 (ms) to 936.60693359375 (ms), cudaEventElapsed = 24.15001678466797 (ms)
[RANK1] B @ 937.4853515625 (ms) to 984.0791015625 (ms), cudaEventElapsed = 46.57356643676758 (ms)
[RANK1] B @ 985.3056640625 (ms) to 1030.207763671875 (ms), cudaEventElapsed = 44.874752044677734 (ms)
[RANK1] W @ 1031.04248046875 (ms) to 1054.1298828125 (ms), cudaEventElapsed = 23.05945587158203 (ms)
[RANK1] W @ 1054.400390625 (ms) to 1080.81640625 (ms), cudaEventElapsed = 26.394624710083008 (ms)
[RANK1] B @ 1081.58154296875 (ms) to 1129.50390625 (ms), cudaEventElapsed = 47.9027214050293 (ms)
[RANK1] W @ 1130.81494140625 (ms) to 1154.95556640625 (ms), cudaEventElapsed = 24.11724853515625 (ms)
[RANK1] B @ 1155.706787109375 (ms) to 1202.7041015625 (ms), cudaEventElapsed = 46.97702407836914 (ms)
[RANK1] W @ 1203.47705078125 (ms) to 1227.0322265625 (ms), cudaEventElapsed = 23.53152084350586 (ms)
[RANK1] B @ 1227.80322265625 (ms) to 1275.44482421875 (ms), cudaEventElapsed = 47.62112045288086 (ms)
[RANK1] W @ 1276.13427734375 (ms) to 1301.0 (ms), cudaEventElapsed = 24.841215133666992 (ms)
[RANK1] W @ 1301.22412109375 (ms) to 1328.711669921875 (ms), cudaEventElapsed = 27.463680267333984 (ms)
[RANK1] W @ 1329.006103515625 (ms) to 1364.043212890625 (ms), cudaEventElapsed = 35.013633728027344 (ms)
[RANK1] B @ 1364.84521484375 (ms) to 1414.245361328125 (ms), cudaEventElapsed = 49.37830352783203 (ms)
[RANK1] 3W @ 1415.238037109375 (ms) to 1493.953369140625 (ms), cudaEventElapsed = 78.69132995605469 (ms)
[RANK1] Iteration 9
[RANK1] F @ 34.58251953125 (ms) to 66.830078125 (ms), cudaEventElapsed = 32.21811294555664 (ms)
[RANK1] F @ 68.945068359375 (ms) to 102.4970703125 (ms), cudaEventElapsed = 33.5206413269043 (ms)
[RANK1] F @ 104.106201171875 (ms) to 140.818359375 (ms), cudaEventElapsed = 36.68172836303711 (ms)
[RANK1] F @ 142.56982421875 (ms) to 179.447998046875 (ms), cudaEventElapsed = 36.84864044189453 (ms)
[RANK1] F @ 181.018310546875 (ms) to 217.232666015625 (ms), cudaEventElapsed = 36.183040618896484 (ms)
[RANK1] F @ 218.576416015625 (ms) to 255.00927734375 (ms), cudaEventElapsed = 36.408321380615234 (ms)
[RANK1] F @ 256.45556640625 (ms) to 292.1669921875 (ms), cudaEventElapsed = 35.6864013671875 (ms)
[RANK1] F @ 293.449951171875 (ms) to 328.95263671875 (ms), cudaEventElapsed = 35.47750473022461 (ms)
[RANK1] B @ 395.214111328125 (ms) to 475.20166015625 (ms), cudaEventElapsed = 79.96415710449219 (ms)
[RANK1] F @ 477.32421875 (ms) to 510.33935546875 (ms), cudaEventElapsed = 32.98406219482422 (ms)
[RANK1] F @ 512.418701171875 (ms) to 548.889404296875 (ms), cudaEventElapsed = 36.44108963012695 (ms)
[RANK1] B @ 550.90771484375 (ms) to 596.21484375 (ms), cudaEventElapsed = 45.2782096862793 (ms)
[RANK1] F @ 597.786865234375 (ms) to 632.89306640625 (ms), cudaEventElapsed = 35.07712173461914 (ms)
[RANK1] B @ 634.30322265625 (ms) to 679.350341796875 (ms), cudaEventElapsed = 45.019134521484375 (ms)
[RANK1] F @ 680.64599609375 (ms) to 715.63818359375 (ms), cudaEventElapsed = 34.97062301635742 (ms)
[RANK1] B @ 716.947265625 (ms) to 777.555419921875 (ms), cudaEventElapsed = 60.58291244506836 (ms)
[RANK1] B @ 778.972900390625 (ms) to 821.81298828125 (ms), cudaEventElapsed = 42.81856155395508 (ms)
[RANK1] W @ 822.572509765625 (ms) to 845.8681640625 (ms), cudaEventElapsed = 23.27244758605957 (ms)
[RANK1] B @ 846.667236328125 (ms) to 893.972900390625 (ms), cudaEventElapsed = 47.285247802734375 (ms)
[RANK1] W @ 894.78564453125 (ms) to 918.41162109375 (ms), cudaEventElapsed = 23.603200912475586 (ms)
[RANK1] B @ 919.300537109375 (ms) to 966.615478515625 (ms), cudaEventElapsed = 47.29548645019531 (ms)
[RANK1] B @ 967.8525390625 (ms) to 1013.094970703125 (ms), cudaEventElapsed = 45.22188949584961 (ms)
[RANK1] W @ 1013.798095703125 (ms) to 1036.849365234375 (ms), cudaEventElapsed = 23.027711868286133 (ms)
[RANK1] W @ 1037.146728515625 (ms) to 1062.97314453125 (ms), cudaEventElapsed = 25.802751541137695 (ms)
[RANK1] B @ 1063.762451171875 (ms) to 1111.970458984375 (ms), cudaEventElapsed = 48.18739318847656 (ms)
[RANK1] W @ 1113.532470703125 (ms) to 1137.603515625 (ms), cudaEventElapsed = 24.045568466186523 (ms)
[RANK1] B @ 1138.362060546875 (ms) to 1185.658203125 (ms), cudaEventElapsed = 47.27500915527344 (ms)
[RANK1] W @ 1186.43310546875 (ms) to 1211.029296875 (ms), cudaEventElapsed = 24.573951721191406 (ms)
[RANK1] B @ 1211.787353515625 (ms) to 1258.165283203125 (ms), cudaEventElapsed = 46.357505798339844 (ms)
[RANK1] W @ 1258.838623046875 (ms) to 1283.51611328125 (ms), cudaEventElapsed = 24.652799606323242 (ms)
[RANK1] W @ 1283.725341796875 (ms) to 1312.148681640625 (ms), cudaEventElapsed = 28.398591995239258 (ms)
[RANK1] W @ 1312.4443359375 (ms) to 1344.703125 (ms), cudaEventElapsed = 32.231422424316406 (ms)
[RANK1] B @ 1345.492919921875 (ms) to 1396.887939453125 (ms), cudaEventElapsed = 51.374080657958984 (ms)
[RANK1] 3W @ 1397.857177734375 (ms) to 1476.2099609375 (ms), cudaEventElapsed = 78.3298568725586 (ms)
