[RANK3] Iteration 1
[RANK3] F @ 268.70947265625 (ms) to 299.671875 (ms), cudaEventElapsed = 30.903615951538086 (ms)
[RANK3] B @ 299.89892578125 (ms) to 337.0625 (ms), cudaEventElapsed = 37.127166748046875 (ms)
[RANK3] F @ 340.25244140625 (ms) to 371.185302734375 (ms), cudaEventElapsed = 30.898944854736328 (ms)
[RANK3] B @ 371.25048828125 (ms) to 409.0048828125 (ms), cudaEventElapsed = 37.72313690185547 (ms)
[RANK3] F @ 529.1845703125 (ms) to 559.404541015625 (ms), cudaEventElapsed = 30.184127807617188 (ms)
[RANK3] B @ 559.466064453125 (ms) to 596.06787109375 (ms), cudaEventElapsed = 36.56806564331055 (ms)
[RANK3] F @ 630.62109375 (ms) to 661.379638671875 (ms), cudaEventElapsed = 30.704992294311523 (ms)
[RANK3] B @ 661.4423828125 (ms) to 698.366943359375 (ms), cudaEventElapsed = 36.890625 (ms)
[RANK3] F @ 699.6435546875 (ms) to 732.049072265625 (ms), cudaEventElapsed = 32.37052917480469 (ms)
[RANK3] B @ 732.112548828125 (ms) to 770.368408203125 (ms), cudaEventElapsed = 38.221824645996094 (ms)
[RANK3] F @ 771.666015625 (ms) to 804.126220703125 (ms), cudaEventElapsed = 32.42316818237305 (ms)
[RANK3] B @ 804.190673828125 (ms) to 842.824951171875 (ms), cudaEventElapsed = 38.598655700683594 (ms)
[RANK3] F @ 844.158203125 (ms) to 876.900634765625 (ms), cudaEventElapsed = 32.706687927246094 (ms)
[RANK3] B @ 876.962646484375 (ms) to 915.651123046875 (ms), cudaEventElapsed = 38.65599822998047 (ms)
[RANK3] F @ 1080.75634765625 (ms) to 1111.21044921875 (ms), cudaEventElapsed = 30.388671875 (ms)
[RANK3] B @ 1111.431884765625 (ms) to 1149.140625 (ms), cudaEventElapsed = 37.67398452758789 (ms)
[RANK3] W @ 1149.324951171875 (ms) to 1199.291015625 (ms), cudaEventElapsed = 16.323583602905273 (ms)
[RANK3] F @ 1199.485107421875 (ms) to 1230.243896484375 (ms), cudaEventElapsed = 30.720224380493164 (ms)
[RANK3] B @ 1230.30517578125 (ms) to 1268.420166015625 (ms), cudaEventElapsed = 38.0846061706543 (ms)
[RANK3] W @ 1268.68408203125 (ms) to 1289.99658203125 (ms), cudaEventElapsed = 20.224000930786133 (ms)
[RANK3] F @ 1326.812255859375 (ms) to 1356.821044921875 (ms), cudaEventElapsed = 29.970144271850586 (ms)
[RANK3] B @ 1356.876220703125 (ms) to 1393.20751953125 (ms), cudaEventElapsed = 36.29875183105469 (ms)
[RANK3] W @ 1393.432373046875 (ms) to 1414.441162109375 (ms), cudaEventElapsed = 19.79596710205078 (ms)
[RANK3] F @ 1427.735107421875 (ms) to 1458.3505859375 (ms), cudaEventElapsed = 30.5797119140625 (ms)
[RANK3] B @ 1458.4052734375 (ms) to 1495.31396484375 (ms), cudaEventElapsed = 36.87833786010742 (ms)
[RANK3] W @ 1495.533935546875 (ms) to 1516.52685546875 (ms), cudaEventElapsed = 19.83692741394043 (ms)
[RANK3] F @ 1528.533203125 (ms) to 1559.454345703125 (ms), cudaEventElapsed = 30.888992309570312 (ms)
[RANK3] B @ 1559.50634765625 (ms) to 1596.87353515625 (ms), cudaEventElapsed = 37.338111877441406 (ms)
[RANK3] 8W @ 1597.040771484375 (ms) to 1759.75830078125 (ms), cudaEventElapsed = 162.68185424804688 (ms)
[RANK3] Iteration 2
[RANK3] F @ 99.99658203125 (ms) to 130.591796875 (ms), cudaEventElapsed = 30.547744750976562 (ms)
[RANK3] B @ 130.858154296875 (ms) to 175.161865234375 (ms), cudaEventElapsed = 36.45747375488281 (ms)
[RANK3] F @ 175.533935546875 (ms) to 206.662841796875 (ms), cudaEventElapsed = 31.096128463745117 (ms)
[RANK3] B @ 206.751953125 (ms) to 245.054443359375 (ms), cudaEventElapsed = 38.27097702026367 (ms)
[RANK3] F @ 246.484130859375 (ms) to 278.9345703125 (ms), cudaEventElapsed = 32.41459274291992 (ms)
[RANK3] B @ 279.03125 (ms) to 317.0732421875 (ms), cudaEventElapsed = 38.00883102416992 (ms)
[RANK3] F @ 318.576416015625 (ms) to 350.916259765625 (ms), cudaEventElapsed = 32.30691146850586 (ms)
[RANK3] B @ 351.008544921875 (ms) to 388.941650390625 (ms), cudaEventElapsed = 37.89926528930664 (ms)
[RANK3] F @ 390.468994140625 (ms) to 423.0390625 (ms), cudaEventElapsed = 32.53468704223633 (ms)
[RANK3] B @ 423.131591796875 (ms) to 460.356689453125 (ms), cudaEventElapsed = 37.184513092041016 (ms)
[RANK3] F @ 461.906494140625 (ms) to 494.039306640625 (ms), cudaEventElapsed = 32.09868621826172 (ms)
[RANK3] B @ 494.133056640625 (ms) to 531.823974609375 (ms), cudaEventElapsed = 37.65145492553711 (ms)
[RANK3] F @ 533.358642578125 (ms) to 566.25048828125 (ms), cudaEventElapsed = 32.85647964477539 (ms)
[RANK3] B @ 566.34521484375 (ms) to 604.79833984375 (ms), cudaEventElapsed = 38.421504974365234 (ms)
[RANK3] F @ 605.124755859375 (ms) to 637.22216796875 (ms), cudaEventElapsed = 32.05712127685547 (ms)
[RANK3] B @ 637.450927734375 (ms) to 676.767822265625 (ms), cudaEventElapsed = 39.28575897216797 (ms)
[RANK3] W @ 676.957275390625 (ms) to 700.261474609375 (ms), cudaEventElapsed = 18.898944854736328 (ms)
[RANK3] F @ 700.425537109375 (ms) to 731.514404296875 (ms), cudaEventElapsed = 31.05936050415039 (ms)
[RANK3] B @ 731.599365234375 (ms) to 769.64111328125 (ms), cudaEventElapsed = 38.009857177734375 (ms)
[RANK3] W @ 769.89892578125 (ms) to 790.8671875 (ms), cudaEventElapsed = 19.83795166015625 (ms)
[RANK3] F @ 825.69384765625 (ms) to 855.875732421875 (ms), cudaEventElapsed = 30.140960693359375 (ms)
[RANK3] B @ 855.957763671875 (ms) to 892.88330078125 (ms), cudaEventElapsed = 36.89574432373047 (ms)
[RANK3] W @ 893.160888671875 (ms) to 914.316162109375 (ms), cudaEventElapsed = 20.005887985229492 (ms)
[RANK3] F @ 927.866943359375 (ms) to 958.360595703125 (ms), cudaEventElapsed = 30.45769691467285 (ms)
[RANK3] B @ 958.44677734375 (ms) to 996.11572265625 (ms), cudaEventElapsed = 37.6360969543457 (ms)
[RANK3] W @ 996.378662109375 (ms) to 1017.841552734375 (ms), cudaEventElapsed = 20.3110408782959 (ms)
[RANK3] F @ 1031.287841796875 (ms) to 1061.870849609375 (ms), cudaEventElapsed = 30.5467529296875 (ms)
[RANK3] B @ 1061.951904296875 (ms) to 1098.8154296875 (ms), cudaEventElapsed = 36.83327865600586 (ms)
[RANK3] 8W @ 1099.0 (ms) to 1262.57373046875 (ms), cudaEventElapsed = 163.54098510742188 (ms)
[RANK3] Iteration 3
[RANK3] F @ 99.619384765625 (ms) to 130.291015625 (ms), cudaEventElapsed = 30.62451171875 (ms)
[RANK3] B @ 130.52001953125 (ms) to 174.452392578125 (ms), cudaEventElapsed = 35.53792190551758 (ms)
[RANK3] F @ 176.0107421875 (ms) to 206.326171875 (ms), cudaEventElapsed = 30.277088165283203 (ms)
[RANK3] B @ 206.41650390625 (ms) to 244.48046875 (ms), cudaEventElapsed = 38.033409118652344 (ms)
[RANK3] F @ 245.94091796875 (ms) to 278.359619140625 (ms), cudaEventElapsed = 32.3870735168457 (ms)
[RANK3] B @ 278.45654296875 (ms) to 315.890869140625 (ms), cudaEventElapsed = 37.4015998840332 (ms)
[RANK3] F @ 317.395751953125 (ms) to 349.251708984375 (ms), cudaEventElapsed = 31.822080612182617 (ms)
[RANK3] B @ 349.35400390625 (ms) to 387.567626953125 (ms), cudaEventElapsed = 38.17881774902344 (ms)
[RANK3] F @ 389.073486328125 (ms) to 421.86328125 (ms), cudaEventElapsed = 32.756832122802734 (ms)
[RANK3] B @ 421.95263671875 (ms) to 460.047119140625 (ms), cudaEventElapsed = 38.06208038330078 (ms)
[RANK3] F @ 461.5419921875 (ms) to 494.409912109375 (ms), cudaEventElapsed = 32.832801818847656 (ms)
[RANK3] B @ 494.49755859375 (ms) to 532.493896484375 (ms), cudaEventElapsed = 37.96480178833008 (ms)
[RANK3] F @ 533.966796875 (ms) to 566.5712890625 (ms), cudaEventElapsed = 32.571102142333984 (ms)
[RANK3] B @ 566.660400390625 (ms) to 604.86865234375 (ms), cudaEventElapsed = 38.1767692565918 (ms)
[RANK3] F @ 605.172607421875 (ms) to 637.146240234375 (ms), cudaEventElapsed = 31.943552017211914 (ms)
[RANK3] B @ 637.371826171875 (ms) to 676.282470703125 (ms), cudaEventElapsed = 38.88025665283203 (ms)
[RANK3] W @ 676.486328125 (ms) to 698.932373046875 (ms), cudaEventElapsed = 18.515968322753906 (ms)
[RANK3] F @ 699.10009765625 (ms) to 730.25244140625 (ms), cudaEventElapsed = 31.12131118774414 (ms)
[RANK3] B @ 730.34130859375 (ms) to 768.95654296875 (ms), cudaEventElapsed = 38.58329772949219 (ms)
[RANK3] W @ 769.215576171875 (ms) to 790.846435546875 (ms), cudaEventElapsed = 20.420608520507812 (ms)
[RANK3] F @ 824.579345703125 (ms) to 854.54541015625 (ms), cudaEventElapsed = 29.930015563964844 (ms)
[RANK3] B @ 854.630859375 (ms) to 891.18359375 (ms), cudaEventElapsed = 36.5219841003418 (ms)
[RANK3] W @ 891.457275390625 (ms) to 912.6005859375 (ms), cudaEventElapsed = 19.974143981933594 (ms)
[RANK3] F @ 926.825439453125 (ms) to 957.40087890625 (ms), cudaEventElapsed = 30.531391143798828 (ms)
[RANK3] B @ 957.486572265625 (ms) to 994.926025390625 (ms), cudaEventElapsed = 37.40671920776367 (ms)
[RANK3] W @ 995.193115234375 (ms) to 1016.650146484375 (ms), cudaEventElapsed = 20.24345588684082 (ms)
[RANK3] F @ 1033.71728515625 (ms) to 1064.015625 (ms), cudaEventElapsed = 30.262975692749023 (ms)
[RANK3] B @ 1064.099365234375 (ms) to 1101.441650390625 (ms), cudaEventElapsed = 37.31148910522461 (ms)
[RANK3] 8W @ 1101.626708984375 (ms) to 1265.056640625 (ms), cudaEventElapsed = 163.39456176757812 (ms)
[RANK3] Iteration 4
[RANK3] F @ 99.85595703125 (ms) to 130.475830078125 (ms), cudaEventElapsed = 30.56902313232422 (ms)
[RANK3] B @ 130.723388671875 (ms) to 175.289306640625 (ms), cudaEventElapsed = 36.724735260009766 (ms)
[RANK3] F @ 175.687255859375 (ms) to 208.728515625 (ms), cudaEventElapsed = 33.00703811645508 (ms)
[RANK3] B @ 208.822509765625 (ms) to 247.45654296875 (ms), cudaEventElapsed = 38.60172653198242 (ms)
[RANK3] F @ 248.923095703125 (ms) to 282.4482421875 (ms), cudaEventElapsed = 33.49260711669922 (ms)
[RANK3] B @ 282.551513671875 (ms) to 321.108642578125 (ms), cudaEventElapsed = 38.521854400634766 (ms)
[RANK3] F @ 322.625 (ms) to 356.3515625 (ms), cudaEventElapsed = 33.69340896606445 (ms)
[RANK3] B @ 356.455078125 (ms) to 395.53564453125 (ms), cudaEventElapsed = 39.044097900390625 (ms)
[RANK3] F @ 397.080322265625 (ms) to 431.555908203125 (ms), cudaEventElapsed = 34.43996810913086 (ms)
[RANK3] B @ 431.650146484375 (ms) to 469.81298828125 (ms), cudaEventElapsed = 38.12966537475586 (ms)
[RANK3] F @ 471.363525390625 (ms) to 504.978271484375 (ms), cudaEventElapsed = 33.58070373535156 (ms)
[RANK3] B @ 505.07177734375 (ms) to 543.7275390625 (ms), cudaEventElapsed = 38.623233795166016 (ms)
[RANK3] F @ 545.253662109375 (ms) to 579.147216796875 (ms), cudaEventElapsed = 33.860862731933594 (ms)
[RANK3] B @ 579.235107421875 (ms) to 618.1318359375 (ms), cudaEventElapsed = 38.86489486694336 (ms)
[RANK3] F @ 618.448974609375 (ms) to 651.7353515625 (ms), cudaEventElapsed = 33.254207611083984 (ms)
[RANK3] B @ 651.954345703125 (ms) to 691.44921875 (ms), cudaEventElapsed = 39.46393585205078 (ms)
[RANK3] W @ 691.654541015625 (ms) to 721.94091796875 (ms), cudaEventElapsed = 20.04991912841797 (ms)
[RANK3] F @ 722.10009765625 (ms) to 755.237060546875 (ms), cudaEventElapsed = 33.10572814941406 (ms)
[RANK3] B @ 755.322021484375 (ms) to 795.05078125 (ms), cudaEventElapsed = 39.69638442993164 (ms)
[RANK3] W @ 795.30712890625 (ms) to 818.537353515625 (ms), cudaEventElapsed = 22.07232093811035 (ms)
[RANK3] F @ 857.523193359375 (ms) to 887.7236328125 (ms), cudaEventElapsed = 30.144512176513672 (ms)
[RANK3] B @ 887.80615234375 (ms) to 925.1904296875 (ms), cudaEventElapsed = 37.352447509765625 (ms)
[RANK3] W @ 925.44384765625 (ms) to 948.6806640625 (ms), cudaEventElapsed = 21.981184005737305 (ms)
[RANK3] F @ 978.125732421875 (ms) to 1008.80224609375 (ms), cudaEventElapsed = 30.63884735107422 (ms)
[RANK3] B @ 1008.885986328125 (ms) to 1046.4326171875 (ms), cudaEventElapsed = 37.515262603759766 (ms)
[RANK3] W @ 1046.6826171875 (ms) to 1069.410400390625 (ms), cudaEventElapsed = 21.486591339111328 (ms)
[RANK3] F @ 1089.868896484375 (ms) to 1120.76611328125 (ms), cudaEventElapsed = 30.84752082824707 (ms)
[RANK3] B @ 1120.848876953125 (ms) to 1158.746826171875 (ms), cudaEventElapsed = 37.86649703979492 (ms)
[RANK3] 8W @ 1158.9365234375 (ms) to 1349.259033203125 (ms), cudaEventElapsed = 190.28480529785156 (ms)
[RANK3] Iteration 5
[RANK3] F @ 100.078857421875 (ms) to 130.902099609375 (ms), cudaEventElapsed = 30.758399963378906 (ms)
[RANK3] B @ 131.171142578125 (ms) to 176.14111328125 (ms), cudaEventElapsed = 37.06163024902344 (ms)
[RANK3] F @ 176.623046875 (ms) to 209.21044921875 (ms), cudaEventElapsed = 32.54780960083008 (ms)
[RANK3] B @ 209.312255859375 (ms) to 248.434814453125 (ms), cudaEventElapsed = 39.08607864379883 (ms)
[RANK3] F @ 249.976806640625 (ms) to 283.927734375 (ms), cudaEventElapsed = 33.91622543334961 (ms)
[RANK3] B @ 284.051025390625 (ms) to 322.535888671875 (ms), cudaEventElapsed = 38.44607925415039 (ms)
[RANK3] F @ 324.054931640625 (ms) to 357.802978515625 (ms), cudaEventElapsed = 33.7143669128418 (ms)
[RANK3] B @ 357.91552734375 (ms) to 396.6572265625 (ms), cudaEventElapsed = 38.7061767578125 (ms)
[RANK3] F @ 398.1748046875 (ms) to 432.211669921875 (ms), cudaEventElapsed = 34.003135681152344 (ms)
[RANK3] B @ 432.30859375 (ms) to 470.726806640625 (ms), cudaEventElapsed = 38.38361740112305 (ms)
[RANK3] F @ 472.30908203125 (ms) to 506.58544921875 (ms), cudaEventElapsed = 34.24345779418945 (ms)
[RANK3] B @ 506.674560546875 (ms) to 545.53662109375 (ms), cudaEventElapsed = 38.83110427856445 (ms)
[RANK3] F @ 547.04736328125 (ms) to 581.684814453125 (ms), cudaEventElapsed = 34.60371017456055 (ms)
[RANK3] B @ 581.775146484375 (ms) to 620.29638671875 (ms), cudaEventElapsed = 38.48908615112305 (ms)
[RANK3] F @ 620.603515625 (ms) to 653.79638671875 (ms), cudaEventElapsed = 33.16147232055664 (ms)
[RANK3] B @ 654.0244140625 (ms) to 693.796142578125 (ms), cudaEventElapsed = 39.7393913269043 (ms)
[RANK3] W @ 693.998291015625 (ms) to 721.244384765625 (ms), cudaEventElapsed = 19.983360290527344 (ms)
[RANK3] F @ 721.509033203125 (ms) to 755.029296875 (ms), cudaEventElapsed = 33.48195266723633 (ms)
[RANK3] B @ 755.11669921875 (ms) to 794.18310546875 (ms), cudaEventElapsed = 39.03180694580078 (ms)
[RANK3] W @ 794.44921875 (ms) to 817.6923828125 (ms), cudaEventElapsed = 22.007808685302734 (ms)
[RANK3] F @ 855.2900390625 (ms) to 885.576904296875 (ms), cudaEventElapsed = 30.23967933654785 (ms)
[RANK3] B @ 885.661376953125 (ms) to 923.004638671875 (ms), cudaEventElapsed = 37.30944061279297 (ms)
[RANK3] W @ 923.268798828125 (ms) to 945.86328125 (ms), cudaEventElapsed = 21.366783142089844 (ms)
[RANK3] F @ 971.175537109375 (ms) to 1003.507568359375 (ms), cudaEventElapsed = 32.295616149902344 (ms)
[RANK3] B @ 1003.58154296875 (ms) to 1041.092041015625 (ms), cudaEventElapsed = 37.48044967651367 (ms)
[RANK3] W @ 1041.339599609375 (ms) to 1063.4072265625 (ms), cudaEventElapsed = 20.84659194946289 (ms)
[RANK3] F @ 1084.11376953125 (ms) to 1115.21728515625 (ms), cudaEventElapsed = 31.070751190185547 (ms)
[RANK3] B @ 1115.294189453125 (ms) to 1152.83154296875 (ms), cudaEventElapsed = 37.50912094116211 (ms)
[RANK3] 8W @ 1153.011474609375 (ms) to 1343.551025390625 (ms), cudaEventElapsed = 190.50189208984375 (ms)
[RANK3] Iteration 6
[RANK3] F @ 99.862060546875 (ms) to 130.728515625 (ms), cudaEventElapsed = 30.812768936157227 (ms)
[RANK3] B @ 130.962158203125 (ms) to 174.95556640625 (ms), cudaEventElapsed = 36.25676727294922 (ms)
[RANK3] F @ 176.813232421875 (ms) to 209.02734375 (ms), cudaEventElapsed = 32.175262451171875 (ms)
[RANK3] B @ 209.1142578125 (ms) to 247.8681640625 (ms), cudaEventElapsed = 38.724609375 (ms)
[RANK3] F @ 249.2880859375 (ms) to 283.094482421875 (ms), cudaEventElapsed = 33.771358489990234 (ms)
[RANK3] B @ 283.188720703125 (ms) to 322.413818359375 (ms), cudaEventElapsed = 39.191551208496094 (ms)
[RANK3] F @ 323.928466796875 (ms) to 358.149658203125 (ms), cudaEventElapsed = 34.18899154663086 (ms)
[RANK3] B @ 358.23779296875 (ms) to 396.452392578125 (ms), cudaEventElapsed = 38.183937072753906 (ms)
[RANK3] F @ 397.90673828125 (ms) to 431.5380859375 (ms), cudaEventElapsed = 33.59823989868164 (ms)
[RANK3] B @ 431.6181640625 (ms) to 470.19140625 (ms), cudaEventElapsed = 38.54336166381836 (ms)
[RANK3] F @ 471.934326171875 (ms) to 506.113525390625 (ms), cudaEventElapsed = 34.146976470947266 (ms)
[RANK3] B @ 506.195556640625 (ms) to 544.76953125 (ms), cudaEventElapsed = 38.54438400268555 (ms)
[RANK3] F @ 546.314208984375 (ms) to 580.411376953125 (ms), cudaEventElapsed = 34.065086364746094 (ms)
[RANK3] B @ 580.494384765625 (ms) to 619.19580078125 (ms), cudaEventElapsed = 38.67340850830078 (ms)
[RANK3] F @ 619.494873046875 (ms) to 652.688232421875 (ms), cudaEventElapsed = 33.1635856628418 (ms)
[RANK3] B @ 652.8974609375 (ms) to 692.9345703125 (ms), cudaEventElapsed = 40.006656646728516 (ms)
[RANK3] W @ 693.132568359375 (ms) to 722.226318359375 (ms), cudaEventElapsed = 19.148799896240234 (ms)
[RANK3] F @ 722.37646484375 (ms) to 756.64697265625 (ms), cudaEventElapsed = 34.241249084472656 (ms)
[RANK3] B @ 756.724853515625 (ms) to 795.64892578125 (ms), cudaEventElapsed = 38.89459228515625 (ms)
[RANK3] W @ 795.8857421875 (ms) to 818.585205078125 (ms), cudaEventElapsed = 21.572608947753906 (ms)
[RANK3] F @ 859.37255859375 (ms) to 889.529541015625 (ms), cudaEventElapsed = 30.123647689819336 (ms)
[RANK3] B @ 889.604248046875 (ms) to 926.895263671875 (ms), cudaEventElapsed = 37.26233673095703 (ms)
[RANK3] W @ 927.155517578125 (ms) to 950.169677734375 (ms), cudaEventElapsed = 21.804031372070312 (ms)
[RANK3] F @ 981.15283203125 (ms) to 1011.745849609375 (ms), cudaEventElapsed = 30.55945587158203 (ms)
[RANK3] B @ 1011.818115234375 (ms) to 1049.385498046875 (ms), cudaEventElapsed = 37.53779220581055 (ms)
[RANK3] W @ 1049.619384765625 (ms) to 1072.679931640625 (ms), cudaEventElapsed = 21.897216796875 (ms)
[RANK3] F @ 1092.423095703125 (ms) to 1123.50341796875 (ms), cudaEventElapsed = 31.048416137695312 (ms)
[RANK3] B @ 1123.578125 (ms) to 1161.888916015625 (ms), cudaEventElapsed = 38.28224182128906 (ms)
[RANK3] 8W @ 1162.075927734375 (ms) to 1353.6171875 (ms), cudaEventElapsed = 191.50848388671875 (ms)
[RANK3] Iteration 7
[RANK3] F @ 93.333984375 (ms) to 122.54736328125 (ms), cudaEventElapsed = 29.165983200073242 (ms)
[RANK3] F @ 127.5458984375 (ms) to 156.8115234375 (ms), cudaEventElapsed = 29.22764778137207 (ms)
[RANK3] F @ 167.35498046875 (ms) to 197.687255859375 (ms), cudaEventElapsed = 30.294208526611328 (ms)
[RANK3] F @ 203.40771484375 (ms) to 235.44580078125 (ms), cudaEventElapsed = 32.003326416015625 (ms)
[RANK3] F @ 239.259765625 (ms) to 271.619873046875 (ms), cudaEventElapsed = 32.32457733154297 (ms)
[RANK3] F @ 274.872314453125 (ms) to 308.55810546875 (ms), cudaEventElapsed = 33.63916778564453 (ms)
[RANK3] F @ 310.496337890625 (ms) to 343.193359375 (ms), cudaEventElapsed = 32.661312103271484 (ms)
[RANK3] F @ 345.218017578125 (ms) to 376.57763671875 (ms), cudaEventElapsed = 31.325855255126953 (ms)
[RANK3] F @ 381.27001953125 (ms) to 412.922119140625 (ms), cudaEventElapsed = 31.618528366088867 (ms)
[RANK3] F @ 416.97900390625 (ms) to 449.2431640625 (ms), cudaEventElapsed = 32.23289489746094 (ms)
[RANK3] F @ 452.700439453125 (ms) to 485.080078125 (ms), cudaEventElapsed = 32.34534454345703 (ms)
[RANK3] F @ 488.337646484375 (ms) to 519.695068359375 (ms), cudaEventElapsed = 31.324127197265625 (ms)
