[RANK0] Iteration 1
[RANK0] F @ 1.248046875 (ms) to 10.40625 (ms), cudaEventElapsed = 9.105279922485352 (ms)
[RANK0] F @ 1082.81787109375 (ms) to 1092.49072265625 (ms), cudaEventElapsed = 9.604960441589355 (ms)
[RANK0] F @ 1092.645751953125 (ms) to 1101.099609375 (ms), cudaEventElapsed = 8.421855926513672 (ms)
[RANK0] F @ 1101.266357421875 (ms) to 1114.410400390625 (ms), cudaEventElapsed = 13.118751525878906 (ms)
[RANK0] F @ 1114.5361328125 (ms) to 1135.544921875 (ms), cudaEventElapsed = 20.98294448852539 (ms)
[RANK0] F @ 1135.6611328125 (ms) to 2187.86767578125 (ms), cudaEventElapsed = 44.376766204833984 (ms)
[RANK0] F @ 2188.056884765625 (ms) to 2249.189697265625 (ms), cudaEventElapsed = 61.10041427612305 (ms)
[RANK0] B @ 3753.766845703125 (ms) to 3763.525634765625 (ms), cudaEventElapsed = 9.700608253479004 (ms)
[RANK0] F @ 3763.71826171875 (ms) to 3773.566162109375 (ms), cudaEventElapsed = 9.8220796585083 (ms)
[RANK0] B @ 3773.83837890625 (ms) to 3787.556640625 (ms), cudaEventElapsed = 13.684864044189453 (ms)
[RANK0] W @ 3787.80078125 (ms) to 3793.07763671875 (ms), cudaEventElapsed = 5.244448184967041 (ms)
[RANK0] F @ 3793.097900390625 (ms) to 3802.51708984375 (ms), cudaEventElapsed = 9.395584106445312 (ms)
[RANK0] B @ 3803.056396484375 (ms) to 3812.6103515625 (ms), cudaEventElapsed = 9.523903846740723 (ms)
[RANK0] B @ 3812.74560546875 (ms) to 3821.323974609375 (ms), cudaEventElapsed = 8.530400276184082 (ms)
[RANK0] W @ 3821.383544921875 (ms) to 3826.637451171875 (ms), cudaEventElapsed = 5.208799839019775 (ms)
[RANK0] F @ 3826.766357421875 (ms) to 3836.13525390625 (ms), cudaEventElapsed = 9.347392082214355 (ms)
[RANK0] B @ 3838.018310546875 (ms) to 3847.8203125 (ms), cudaEventElapsed = 9.77286434173584 (ms)
[RANK0] B @ 3847.928955078125 (ms) to 3856.559814453125 (ms), cudaEventElapsed = 8.60643196105957 (ms)
[RANK0] W @ 3856.6142578125 (ms) to 3861.823974609375 (ms), cudaEventElapsed = 5.181024074554443 (ms)
[RANK0] F @ 3861.98095703125 (ms) to 3871.291015625 (ms), cudaEventElapsed = 9.28326416015625 (ms)
[RANK0] B @ 3874.510986328125 (ms) to 3884.412353515625 (ms), cudaEventElapsed = 9.870816230773926 (ms)
[RANK0] B @ 3884.535888671875 (ms) to 3893.049072265625 (ms), cudaEventElapsed = 8.487232208251953 (ms)
[RANK0] W @ 3893.09130859375 (ms) to 3898.295166015625 (ms), cudaEventElapsed = 5.178656101226807 (ms)
[RANK0] F @ 3898.424560546875 (ms) to 3907.454345703125 (ms), cudaEventElapsed = 8.996352195739746 (ms)
[RANK0] W @ 3907.60693359375 (ms) to 3914.28564453125 (ms), cudaEventElapsed = 5.1038079261779785 (ms)
[RANK0] W @ 3914.296630859375 (ms) to 3919.412841796875 (ms), cudaEventElapsed = 5.097087860107422 (ms)
[RANK0] W @ 3919.5302734375 (ms) to 3924.784423828125 (ms), cudaEventElapsed = 5.232672214508057 (ms)
[RANK0] W @ 3924.792236328125 (ms) to 3930.0673828125 (ms), cudaEventElapsed = 5.258111953735352 (ms)
[RANK0] B @ 3930.189453125 (ms) to 3939.5224609375 (ms), cudaEventElapsed = 9.303232192993164 (ms)
[RANK0] W @ 3939.716552734375 (ms) to 3945.092529296875 (ms), cudaEventElapsed = 5.346047878265381 (ms)
[RANK0] B @ 3945.25830078125 (ms) to 3955.141357421875 (ms), cudaEventElapsed = 9.854080200195312 (ms)
[RANK0] W @ 3955.193115234375 (ms) to 3960.504150390625 (ms), cudaEventElapsed = 5.272160053253174 (ms)
[RANK0] B @ 3960.765380859375 (ms) to 3970.54052734375 (ms), cudaEventElapsed = 9.744319915771484 (ms)
[RANK0] W @ 3970.57177734375 (ms) to 3975.897705078125 (ms), cudaEventElapsed = 5.303423881530762 (ms)
[RANK0] B @ 3981.751953125 (ms) to 3990.4873046875 (ms), cudaEventElapsed = 8.70412826538086 (ms)
[RANK0] 1W @ 3990.527587890625 (ms) to 3995.81689453125 (ms), cudaEventElapsed = 5.254752159118652 (ms)
[RANK0] Iteration 2
[RANK0] F @ 1.035400390625 (ms) to 11.110107421875 (ms), cudaEventElapsed = 10.023327827453613 (ms)
[RANK0] F @ 11.344970703125 (ms) to 20.1396484375 (ms), cudaEventElapsed = 8.756511688232422 (ms)
[RANK0] F @ 20.347900390625 (ms) to 29.15576171875 (ms), cudaEventElapsed = 8.779840469360352 (ms)
[RANK0] F @ 29.32275390625 (ms) to 37.724853515625 (ms), cudaEventElapsed = 8.371935844421387 (ms)
[RANK0] F @ 37.895263671875 (ms) to 46.6513671875 (ms), cudaEventElapsed = 8.72156810760498 (ms)
[RANK0] F @ 46.841064453125 (ms) to 55.532958984375 (ms), cudaEventElapsed = 8.65715217590332 (ms)
[RANK0] F @ 55.7021484375 (ms) to 64.22216796875 (ms), cudaEventElapsed = 8.49350357055664 (ms)
[RANK0] B @ 74.13330078125 (ms) to 82.959716796875 (ms), cudaEventElapsed = 8.786463737487793 (ms)
[RANK0] F @ 83.102294921875 (ms) to 91.896484375 (ms), cudaEventElapsed = 8.772543907165527 (ms)
[RANK0] B @ 93.36083984375 (ms) to 102.0283203125 (ms), cudaEventElapsed = 8.639039993286133 (ms)
[RANK0] W @ 102.21337890625 (ms) to 107.552490234375 (ms), cudaEventElapsed = 5.315199851989746 (ms)
[RANK0] F @ 107.60302734375 (ms) to 116.379638671875 (ms), cudaEventElapsed = 8.747551918029785 (ms)
[RANK0] B @ 122.21728515625 (ms) to 132.066650390625 (ms), cudaEventElapsed = 9.818559646606445 (ms)
[RANK0] B @ 132.22119140625 (ms) to 140.786865234375 (ms), cudaEventElapsed = 8.541952133178711 (ms)
[RANK0] W @ 140.88525390625 (ms) to 146.094970703125 (ms), cudaEventElapsed = 5.177760124206543 (ms)
[RANK0] F @ 146.283447265625 (ms) to 155.412353515625 (ms), cudaEventElapsed = 9.094367980957031 (ms)
[RANK0] B @ 162.58642578125 (ms) to 172.43408203125 (ms), cudaEventElapsed = 9.817567825317383 (ms)
[RANK0] B @ 172.576904296875 (ms) to 181.140625 (ms), cudaEventElapsed = 8.533184051513672 (ms)
[RANK0] W @ 181.24267578125 (ms) to 186.4560546875 (ms), cudaEventElapsed = 5.168223857879639 (ms)
[RANK0] F @ 186.62646484375 (ms) to 195.62451171875 (ms), cudaEventElapsed = 8.974047660827637 (ms)
[RANK0] B @ 199.780517578125 (ms) to 209.6015625 (ms), cudaEventElapsed = 9.789216041564941 (ms)
[RANK0] B @ 209.739990234375 (ms) to 218.298583984375 (ms), cudaEventElapsed = 8.533408164978027 (ms)
[RANK0] W @ 218.403076171875 (ms) to 223.599853515625 (ms), cudaEventElapsed = 5.166975975036621 (ms)
[RANK0] F @ 223.760009765625 (ms) to 232.87255859375 (ms), cudaEventElapsed = 9.090208053588867 (ms)
[RANK0] W @ 233.056884765625 (ms) to 239.920166015625 (ms), cudaEventElapsed = 5.119103908538818 (ms)
[RANK0] W @ 239.954345703125 (ms) to 245.1171875 (ms), cudaEventElapsed = 5.143104076385498 (ms)
[RANK0] W @ 245.21923828125 (ms) to 250.471923828125 (ms), cudaEventElapsed = 5.226463794708252 (ms)
[RANK0] W @ 250.50244140625 (ms) to 255.72509765625 (ms), cudaEventElapsed = 5.201087951660156 (ms)
[RANK0] B @ 255.851318359375 (ms) to 265.34228515625 (ms), cudaEventElapsed = 9.46019172668457 (ms)
[RANK0] W @ 265.5126953125 (ms) to 270.821044921875 (ms), cudaEventElapsed = 5.286367893218994 (ms)
[RANK0] B @ 270.943603515625 (ms) to 280.772705078125 (ms), cudaEventElapsed = 9.806303977966309 (ms)
[RANK0] W @ 280.871337890625 (ms) to 286.18115234375 (ms), cudaEventElapsed = 5.279615879058838 (ms)
[RANK0] B @ 286.459716796875 (ms) to 296.2548828125 (ms), cudaEventElapsed = 9.760319709777832 (ms)
[RANK0] W @ 296.351318359375 (ms) to 301.68701171875 (ms), cudaEventElapsed = 5.302783966064453 (ms)
[RANK0] B @ 307.0419921875 (ms) to 315.72314453125 (ms), cudaEventElapsed = 8.654080390930176 (ms)
[RANK0] 1W @ 315.832763671875 (ms) to 321.168701171875 (ms), cudaEventElapsed = 5.2855682373046875 (ms)
[RANK0] Iteration 3
[RANK0] F @ 1.028076171875 (ms) to 11.640380859375 (ms), cudaEventElapsed = 10.567904472351074 (ms)
[RANK0] F @ 11.80712890625 (ms) to 20.2509765625 (ms), cudaEventElapsed = 8.41379165649414 (ms)
[RANK0] F @ 20.41552734375 (ms) to 28.923095703125 (ms), cudaEventElapsed = 8.480704307556152 (ms)
[RANK0] F @ 29.06591796875 (ms) to 37.296630859375 (ms), cudaEventElapsed = 8.204319953918457 (ms)
[RANK0] F @ 37.476806640625 (ms) to 45.886474609375 (ms), cudaEventElapsed = 8.377504348754883 (ms)
[RANK0] F @ 46.04248046875 (ms) to 54.70849609375 (ms), cudaEventElapsed = 8.639007568359375 (ms)
[RANK0] F @ 54.889892578125 (ms) to 63.42919921875 (ms), cudaEventElapsed = 8.502880096435547 (ms)
[RANK0] B @ 75.243896484375 (ms) to 84.0986328125 (ms), cudaEventElapsed = 8.801504135131836 (ms)
[RANK0] F @ 84.249267578125 (ms) to 93.30224609375 (ms), cudaEventElapsed = 9.028160095214844 (ms)
[RANK0] B @ 94.6474609375 (ms) to 103.38525390625 (ms), cudaEventElapsed = 8.7074556350708 (ms)
[RANK0] W @ 103.52685546875 (ms) to 108.822265625 (ms), cudaEventElapsed = 5.272192001342773 (ms)
[RANK0] F @ 108.85546875 (ms) to 117.74462890625 (ms), cudaEventElapsed = 8.865568161010742 (ms)
[RANK0] B @ 123.592529296875 (ms) to 133.352294921875 (ms), cudaEventElapsed = 9.724608421325684 (ms)
[RANK0] B @ 133.7177734375 (ms) to 142.29638671875 (ms), cudaEventElapsed = 8.55577564239502 (ms)
[RANK0] W @ 142.38330078125 (ms) to 147.572265625 (ms), cudaEventElapsed = 5.1528000831604 (ms)
[RANK0] F @ 147.7275390625 (ms) to 156.7373046875 (ms), cudaEventElapsed = 8.981856346130371 (ms)
[RANK0] B @ 164.060791015625 (ms) to 173.91015625 (ms), cudaEventElapsed = 9.817695617675781 (ms)
[RANK0] B @ 174.037109375 (ms) to 182.546875 (ms), cudaEventElapsed = 8.486368179321289 (ms)
[RANK0] W @ 182.6396484375 (ms) to 187.852783203125 (ms), cudaEventElapsed = 5.180416107177734 (ms)
[RANK0] F @ 188.050048828125 (ms) to 197.2099609375 (ms), cudaEventElapsed = 9.13263988494873 (ms)
[RANK0] B @ 201.398681640625 (ms) to 211.180908203125 (ms), cudaEventElapsed = 9.752063751220703 (ms)
[RANK0] B @ 211.307373046875 (ms) to 219.86767578125 (ms), cudaEventElapsed = 8.5348482131958 (ms)
[RANK0] W @ 219.9833984375 (ms) to 225.20361328125 (ms), cudaEventElapsed = 5.184160232543945 (ms)
[RANK0] F @ 225.3369140625 (ms) to 234.4814453125 (ms), cudaEventElapsed = 9.120927810668945 (ms)
[RANK0] W @ 234.659423828125 (ms) to 241.441162109375 (ms), cudaEventElapsed = 5.120672225952148 (ms)
[RANK0] W @ 241.467529296875 (ms) to 246.609375 (ms), cudaEventElapsed = 5.123775959014893 (ms)
[RANK0] W @ 246.725341796875 (ms) to 251.99169921875 (ms), cudaEventElapsed = 5.2458882331848145 (ms)
[RANK0] W @ 252.01806640625 (ms) to 257.307861328125 (ms), cudaEventElapsed = 5.272319793701172 (ms)
[RANK0] B @ 257.473388671875 (ms) to 267.08984375 (ms), cudaEventElapsed = 9.589728355407715 (ms)
[RANK0] W @ 267.27880859375 (ms) to 272.613525390625 (ms), cudaEventElapsed = 5.311552047729492 (ms)
[RANK0] B @ 272.7587890625 (ms) to 282.698486328125 (ms), cudaEventElapsed = 9.916128158569336 (ms)
[RANK0] W @ 282.792236328125 (ms) to 288.09912109375 (ms), cudaEventElapsed = 5.268640041351318 (ms)
[RANK0] B @ 288.414794921875 (ms) to 298.427001953125 (ms), cudaEventElapsed = 9.965248107910156 (ms)
[RANK0] W @ 298.51904296875 (ms) to 303.83447265625 (ms), cudaEventElapsed = 5.28707218170166 (ms)
[RANK0] B @ 308.458251953125 (ms) to 317.095458984375 (ms), cudaEventElapsed = 8.60547161102295 (ms)
[RANK0] 1W @ 317.19921875 (ms) to 322.525634765625 (ms), cudaEventElapsed = 5.292992115020752 (ms)
[RANK0] Iteration 4
[RANK0] F @ 0.72314453125 (ms) to 10.5166015625 (ms), cudaEventElapsed = 9.75494384765625 (ms)
[RANK0] F @ 10.7275390625 (ms) to 19.6005859375 (ms), cudaEventElapsed = 8.846015930175781 (ms)
[RANK0] F @ 19.77099609375 (ms) to 28.332763671875 (ms), cudaEventElapsed = 8.529120445251465 (ms)
[RANK0] F @ 28.557861328125 (ms) to 37.138427734375 (ms), cudaEventElapsed = 8.555392265319824 (ms)
[RANK0] F @ 37.28466796875 (ms) to 45.843505859375 (ms), cudaEventElapsed = 8.529855728149414 (ms)
[RANK0] F @ 46.012451171875 (ms) to 54.5390625 (ms), cudaEventElapsed = 8.498527526855469 (ms)
[RANK0] F @ 54.687744140625 (ms) to 63.25634765625 (ms), cudaEventElapsed = 8.5415678024292 (ms)
[RANK0] B @ 74.9755859375 (ms) to 84.121337890625 (ms), cudaEventElapsed = 9.11023998260498 (ms)
[RANK0] F @ 84.33349609375 (ms) to 93.5810546875 (ms), cudaEventElapsed = 9.212096214294434 (ms)
[RANK0] B @ 94.78564453125 (ms) to 103.78173828125 (ms), cudaEventElapsed = 8.965984344482422 (ms)
[RANK0] W @ 103.911865234375 (ms) to 109.28173828125 (ms), cudaEventElapsed = 5.347583770751953 (ms)
[RANK0] F @ 109.334716796875 (ms) to 117.953857421875 (ms), cudaEventElapsed = 8.594528198242188 (ms)
[RANK0] B @ 124.362060546875 (ms) to 134.581298828125 (ms), cudaEventElapsed = 10.187775611877441 (ms)
[RANK0] B @ 134.7177734375 (ms) to 143.595703125 (ms), cudaEventElapsed = 8.836447715759277 (ms)
[RANK0] W @ 143.710693359375 (ms) to 149.02001953125 (ms), cudaEventElapsed = 5.273024082183838 (ms)
[RANK0] F @ 149.222900390625 (ms) to 158.2578125 (ms), cudaEventElapsed = 8.996095657348633 (ms)
[RANK0] B @ 165.451171875 (ms) to 175.627197265625 (ms), cudaEventElapsed = 10.13532829284668 (ms)
[RANK0] B @ 175.76318359375 (ms) to 184.704833984375 (ms), cudaEventElapsed = 8.911359786987305 (ms)
[RANK0] W @ 184.801025390625 (ms) to 190.08642578125 (ms), cudaEventElapsed = 5.251008033752441 (ms)
[RANK0] F @ 190.271484375 (ms) to 199.438232421875 (ms), cudaEventElapsed = 9.141087532043457 (ms)
[RANK0] B @ 205.156494140625 (ms) to 215.420654296875 (ms), cudaEventElapsed = 10.210240364074707 (ms)
[RANK0] B @ 216.004150390625 (ms) to 224.966064453125 (ms), cudaEventElapsed = 8.937824249267578 (ms)
[RANK0] W @ 225.04833984375 (ms) to 230.364501953125 (ms), cudaEventElapsed = 5.281792163848877 (ms)
[RANK0] F @ 230.5107421875 (ms) to 239.5556640625 (ms), cudaEventElapsed = 9.016160011291504 (ms)
[RANK0] W @ 239.712890625 (ms) to 248.129638671875 (ms), cudaEventElapsed = 5.167168140411377 (ms)
[RANK0] W @ 248.158447265625 (ms) to 253.3408203125 (ms), cudaEventElapsed = 5.162528038024902 (ms)
[RANK0] W @ 253.44384765625 (ms) to 258.781005859375 (ms), cudaEventElapsed = 5.316703796386719 (ms)
[RANK0] W @ 258.809814453125 (ms) to 264.1259765625 (ms), cudaEventElapsed = 5.29852819442749 (ms)
[RANK0] B @ 264.318603515625 (ms) to 274.198974609375 (ms), cudaEventElapsed = 9.861503601074219 (ms)
[RANK0] W @ 274.32666015625 (ms) to 279.758056640625 (ms), cudaEventElapsed = 5.41212797164917 (ms)
[RANK0] B @ 279.888427734375 (ms) to 290.255859375 (ms), cudaEventElapsed = 10.344863891601562 (ms)
[RANK0] W @ 290.344970703125 (ms) to 295.77001953125 (ms), cudaEventElapsed = 5.392064094543457 (ms)
[RANK0] B @ 296.055419921875 (ms) to 306.346923828125 (ms), cudaEventElapsed = 10.256928443908691 (ms)
[RANK0] W @ 306.473876953125 (ms) to 312.004150390625 (ms), cudaEventElapsed = 5.490528106689453 (ms)
[RANK0] B @ 317.965087890625 (ms) to 327.06689453125 (ms), cudaEventElapsed = 9.07852840423584 (ms)
[RANK0] 1W @ 327.162841796875 (ms) to 332.5498046875 (ms), cudaEventElapsed = 5.360479831695557 (ms)
[RANK0] Iteration 5
[RANK0] F @ 0.81005859375 (ms) to 10.95556640625 (ms), cudaEventElapsed = 10.107392311096191 (ms)
[RANK0] F @ 11.133544921875 (ms) to 19.842529296875 (ms), cudaEventElapsed = 8.674559593200684 (ms)
[RANK0] F @ 20.0673828125 (ms) to 28.774169921875 (ms), cudaEventElapsed = 8.67039966583252 (ms)
[RANK0] F @ 28.976318359375 (ms) to 37.684326171875 (ms), cudaEventElapsed = 8.678815841674805 (ms)
[RANK0] F @ 37.855224609375 (ms) to 46.34375 (ms), cudaEventElapsed = 8.460543632507324 (ms)
[RANK0] F @ 46.506591796875 (ms) to 55.151123046875 (ms), cudaEventElapsed = 8.611519813537598 (ms)
[RANK0] F @ 55.29638671875 (ms) to 63.837158203125 (ms), cudaEventElapsed = 8.512831687927246 (ms)
[RANK0] B @ 76.611083984375 (ms) to 85.848388671875 (ms), cudaEventElapsed = 9.17683219909668 (ms)
[RANK0] F @ 86.033935546875 (ms) to 95.274658203125 (ms), cudaEventElapsed = 9.213120460510254 (ms)
[RANK0] B @ 96.337890625 (ms) to 105.4287109375 (ms), cudaEventElapsed = 9.053888320922852 (ms)
[RANK0] W @ 105.678955078125 (ms) to 111.133056640625 (ms), cudaEventElapsed = 5.422688007354736 (ms)
[RANK0] F @ 111.175048828125 (ms) to 120.220458984375 (ms), cudaEventElapsed = 9.022080421447754 (ms)
[RANK0] B @ 126.423583984375 (ms) to 136.785888671875 (ms), cudaEventElapsed = 10.323295593261719 (ms)
[RANK0] B @ 136.992919921875 (ms) to 146.026611328125 (ms), cudaEventElapsed = 9.00601577758789 (ms)
[RANK0] W @ 146.075927734375 (ms) to 151.39111328125 (ms), cudaEventElapsed = 5.293727874755859 (ms)
[RANK0] F @ 151.533935546875 (ms) to 160.796630859375 (ms), cudaEventElapsed = 9.23151969909668 (ms)
[RANK0] B @ 168.091064453125 (ms) to 178.423095703125 (ms), cudaEventElapsed = 10.2925443649292 (ms)
[RANK0] B @ 178.5927734375 (ms) to 187.65380859375 (ms), cudaEventElapsed = 9.034463882446289 (ms)
[RANK0] W @ 187.748291015625 (ms) to 193.056396484375 (ms), cudaEventElapsed = 5.278816223144531 (ms)
[RANK0] F @ 193.265380859375 (ms) to 202.45947265625 (ms), cudaEventElapsed = 9.160703659057617 (ms)
[RANK0] B @ 206.70068359375 (ms) to 216.9140625 (ms), cudaEventElapsed = 10.181983947753906 (ms)
[RANK0] B @ 217.076904296875 (ms) to 226.021728515625 (ms), cudaEventElapsed = 8.906111717224121 (ms)
[RANK0] W @ 226.113525390625 (ms) to 231.496337890625 (ms), cudaEventElapsed = 5.346367835998535 (ms)
[RANK0] F @ 231.689697265625 (ms) to 241.113525390625 (ms), cudaEventElapsed = 9.400863647460938 (ms)
[RANK0] W @ 241.25830078125 (ms) to 248.360107421875 (ms), cudaEventElapsed = 5.196191787719727 (ms)
[RANK0] W @ 248.397705078125 (ms) to 253.6513671875 (ms), cudaEventElapsed = 5.227295875549316 (ms)
[RANK0] W @ 253.747314453125 (ms) to 259.108154296875 (ms), cudaEventElapsed = 5.340384006500244 (ms)
[RANK0] W @ 259.13818359375 (ms) to 264.57421875 (ms), cudaEventElapsed = 5.414463996887207 (ms)
[RANK0] B @ 264.721923828125 (ms) to 275.087158203125 (ms), cudaEventElapsed = 10.340319633483887 (ms)
[RANK0] W @ 275.276611328125 (ms) to 280.87255859375 (ms), cudaEventElapsed = 5.5623040199279785 (ms)
[RANK0] B @ 280.98681640625 (ms) to 291.7373046875 (ms), cudaEventElapsed = 10.717344284057617 (ms)
[RANK0] W @ 291.839111328125 (ms) to 297.406005859375 (ms), cudaEventElapsed = 5.537248134613037 (ms)
[RANK0] B @ 297.6865234375 (ms) to 308.33447265625 (ms), cudaEventElapsed = 10.62332820892334 (ms)
[RANK0] W @ 308.438232421875 (ms) to 314.03857421875 (ms), cudaEventElapsed = 5.567327976226807 (ms)
[RANK0] B @ 319.964599609375 (ms) to 329.168701171875 (ms), cudaEventElapsed = 9.166687965393066 (ms)
[RANK0] 1W @ 329.253173828125 (ms) to 334.734130859375 (ms), cudaEventElapsed = 5.431456089019775 (ms)
[RANK0] Iteration 6
[RANK0] F @ 0.81591796875 (ms) to 11.2158203125 (ms), cudaEventElapsed = 10.361791610717773 (ms)
[RANK0] F @ 11.38671875 (ms) to 20.1279296875 (ms), cudaEventElapsed = 8.71548843383789 (ms)
[RANK0] F @ 20.2900390625 (ms) to 28.8115234375 (ms), cudaEventElapsed = 8.48806381225586 (ms)
[RANK0] F @ 28.997802734375 (ms) to 37.69091796875 (ms), cudaEventElapsed = 8.657183647155762 (ms)
[RANK0] F @ 37.84521484375 (ms) to 46.358154296875 (ms), cudaEventElapsed = 8.482527732849121 (ms)
[RANK0] F @ 46.692138671875 (ms) to 55.38330078125 (ms), cudaEventElapsed = 8.652928352355957 (ms)
[RANK0] F @ 55.531982421875 (ms) to 63.95654296875 (ms), cudaEventElapsed = 8.39798355102539 (ms)
[RANK0] B @ 76.66015625 (ms) to 85.983154296875 (ms), cudaEventElapsed = 9.261119842529297 (ms)
[RANK0] F @ 86.17138671875 (ms) to 95.5400390625 (ms), cudaEventElapsed = 9.34447956085205 (ms)
[RANK0] B @ 96.353515625 (ms) to 105.434814453125 (ms), cudaEventElapsed = 9.052512168884277 (ms)
[RANK0] W @ 105.665283203125 (ms) to 111.14990234375 (ms), cudaEventElapsed = 5.43836784362793 (ms)
[RANK0] F @ 111.19482421875 (ms) to 120.320556640625 (ms), cudaEventElapsed = 9.102560043334961 (ms)
[RANK0] B @ 126.275634765625 (ms) to 136.484130859375 (ms), cudaEventElapsed = 10.171839714050293 (ms)
[RANK0] B @ 136.76416015625 (ms) to 145.689697265625 (ms), cudaEventElapsed = 8.903840065002441 (ms)
[RANK0] W @ 145.786376953125 (ms) to 151.1513671875 (ms), cudaEventElapsed = 5.331999778747559 (ms)
[RANK0] F @ 151.3251953125 (ms) to 160.767333984375 (ms), cudaEventElapsed = 9.420063972473145 (ms)
[RANK0] B @ 167.54248046875 (ms) to 177.702880859375 (ms), cudaEventElapsed = 10.119808197021484 (ms)
[RANK0] B @ 177.83642578125 (ms) to 186.751953125 (ms), cudaEventElapsed = 8.880767822265625 (ms)
[RANK0] W @ 186.8623046875 (ms) to 192.20703125 (ms), cudaEventElapsed = 5.3130879402160645 (ms)
[RANK0] F @ 192.392578125 (ms) to 202.058837890625 (ms), cudaEventElapsed = 9.63871955871582 (ms)
[RANK0] B @ 206.121337890625 (ms) to 216.251708984375 (ms), cudaEventElapsed = 10.102144241333008 (ms)
[RANK0] B @ 216.3876953125 (ms) to 225.3271484375 (ms), cudaEventElapsed = 8.918111801147461 (ms)
[RANK0] W @ 225.40576171875 (ms) to 230.716796875 (ms), cudaEventElapsed = 5.28495979309082 (ms)
[RANK0] F @ 230.898193359375 (ms) to 240.339599609375 (ms), cudaEventElapsed = 9.40675163269043 (ms)
[RANK0] W @ 240.48681640625 (ms) to 247.73828125 (ms), cudaEventElapsed = 5.229887962341309 (ms)
[RANK0] W @ 247.795654296875 (ms) to 253.06787109375 (ms), cudaEventElapsed = 5.2435197830200195 (ms)
[RANK0] W @ 253.237060546875 (ms) to 258.68310546875 (ms), cudaEventElapsed = 5.416575908660889 (ms)
[RANK0] W @ 258.719482421875 (ms) to 264.170654296875 (ms), cudaEventElapsed = 5.427584171295166 (ms)
[RANK0] B @ 264.435791015625 (ms) to 274.64892578125 (ms), cudaEventElapsed = 10.174079895019531 (ms)
[RANK0] W @ 274.8486328125 (ms) to 280.329833984375 (ms), cudaEventElapsed = 5.443264007568359 (ms)
[RANK0] B @ 280.482666015625 (ms) to 291.7607421875 (ms), cudaEventElapsed = 11.24995231628418 (ms)
[RANK0] W @ 291.855224609375 (ms) to 297.441650390625 (ms), cudaEventElapsed = 5.551936149597168 (ms)
[RANK0] B @ 297.69775390625 (ms) to 308.649658203125 (ms), cudaEventElapsed = 10.915488243103027 (ms)
[RANK0] W @ 308.76416015625 (ms) to 314.369873046875 (ms), cudaEventElapsed = 5.577951908111572 (ms)
[RANK0] B @ 320.393798828125 (ms) to 329.862060546875 (ms), cudaEventElapsed = 9.443136215209961 (ms)
[RANK0] 1W @ 329.952880859375 (ms) to 335.38037109375 (ms), cudaEventElapsed = 5.400415897369385 (ms)
[RANK0] Iteration 7
[RANK0] F @ 0.759033203125 (ms) to 11.161865234375 (ms), cudaEventElapsed = 10.34943962097168 (ms)
[RANK0] F @ 11.348388671875 (ms) to 19.916015625 (ms), cudaEventElapsed = 8.54371166229248 (ms)
[RANK0] F @ 20.097412109375 (ms) to 28.551025390625 (ms), cudaEventElapsed = 8.426143646240234 (ms)
[RANK0] F @ 28.7392578125 (ms) to 37.218017578125 (ms), cudaEventElapsed = 8.44377613067627 (ms)
[RANK0] F @ 37.382080078125 (ms) to 45.796630859375 (ms), cudaEventElapsed = 8.387295722961426 (ms)
[RANK0] F @ 46.0263671875 (ms) to 54.785888671875 (ms), cudaEventElapsed = 8.72697639465332 (ms)
[RANK0] F @ 54.989013671875 (ms) to 63.50830078125 (ms), cudaEventElapsed = 8.471839904785156 (ms)
[RANK0] B @ 77.1611328125 (ms) to 86.35302734375 (ms), cudaEventElapsed = 9.145631790161133 (ms)
[RANK0] F @ 86.5224609375 (ms) to 95.909912109375 (ms), cudaEventElapsed = 9.355199813842773 (ms)
[RANK0] B @ 96.859375 (ms) to 106.00048828125 (ms), cudaEventElapsed = 9.113056182861328 (ms)
[RANK0] W @ 106.13671875 (ms) to 111.562744140625 (ms), cudaEventElapsed = 5.405663967132568 (ms)
[RANK0] F @ 111.5986328125 (ms) to 120.473388671875 (ms), cudaEventElapsed = 8.853856086730957 (ms)
[RANK0] B @ 126.482177734375 (ms) to 136.66455078125 (ms), cudaEventElapsed = 10.136544227600098 (ms)
[RANK0] B @ 137.029052734375 (ms) to 146.041748046875 (ms), cudaEventElapsed = 8.987168312072754 (ms)
[RANK0] W @ 146.141845703125 (ms) to 151.545166015625 (ms), cudaEventElapsed = 5.359583854675293 (ms)
[RANK0] F @ 151.69384765625 (ms) to 160.91455078125 (ms), cudaEventElapsed = 9.192959785461426 (ms)
[RANK0] B @ 167.95947265625 (ms) to 178.179443359375 (ms), cudaEventElapsed = 10.183072090148926 (ms)
[RANK0] B @ 178.30126953125 (ms) to 187.167236328125 (ms), cudaEventElapsed = 8.84217643737793 (ms)
[RANK0] W @ 187.31640625 (ms) to 192.673828125 (ms), cudaEventElapsed = 5.309887886047363 (ms)
[RANK0] F @ 192.83935546875 (ms) to 202.2626953125 (ms), cudaEventElapsed = 9.39948844909668 (ms)
[RANK0] B @ 206.790283203125 (ms) to 217.029541015625 (ms), cudaEventElapsed = 10.206496238708496 (ms)
[RANK0] B @ 217.335693359375 (ms) to 226.30224609375 (ms), cudaEventElapsed = 8.938143730163574 (ms)
[RANK0] W @ 226.418212890625 (ms) to 231.80029296875 (ms), cudaEventElapsed = 5.341663837432861 (ms)
[RANK0] F @ 231.97607421875 (ms) to 240.995849609375 (ms), cudaEventElapsed = 8.997023582458496 (ms)
[RANK0] W @ 241.15234375 (ms) to 249.63037109375 (ms), cudaEventElapsed = 5.229184150695801 (ms)
[RANK0] W @ 249.660888671875 (ms) to 254.947265625 (ms), cudaEventElapsed = 5.259647846221924 (ms)
[RANK0] W @ 255.107177734375 (ms) to 260.5263671875 (ms), cudaEventElapsed = 5.398335933685303 (ms)
[RANK0] W @ 260.55859375 (ms) to 266.03515625 (ms), cudaEventElapsed = 5.455488204956055 (ms)
[RANK0] B @ 266.170654296875 (ms) to 276.267578125 (ms), cudaEventElapsed = 10.075679779052734 (ms)
[RANK0] W @ 276.41552734375 (ms) to 281.932373046875 (ms), cudaEventElapsed = 5.495264053344727 (ms)
[RANK0] B @ 282.102783203125 (ms) to 292.97802734375 (ms), cudaEventElapsed = 10.840288162231445 (ms)
[RANK0] W @ 293.050537109375 (ms) to 298.545654296875 (ms), cudaEventElapsed = 5.462560176849365 (ms)
[RANK0] B @ 298.775390625 (ms) to 309.5888671875 (ms), cudaEventElapsed = 10.790687561035156 (ms)
[RANK0] W @ 309.653564453125 (ms) to 315.22900390625 (ms), cudaEventElapsed = 5.542784214019775 (ms)
[RANK0] B @ 320.493896484375 (ms) to 329.85302734375 (ms), cudaEventElapsed = 9.316191673278809 (ms)
[RANK0] 1W @ 329.978515625 (ms) to 335.4794921875 (ms), cudaEventElapsed = 5.471072196960449 (ms)
[RANK0] Iteration 8
[RANK0] F @ 0.35009765625 (ms) to 156.802490234375 (ms), cudaEventElapsed = 156.39474487304688 (ms)
[RANK0] F @ 157.02392578125 (ms) to 165.464111328125 (ms), cudaEventElapsed = 8.410719871520996 (ms)
[RANK0] F @ 165.639892578125 (ms) to 173.638427734375 (ms), cudaEventElapsed = 7.971072196960449 (ms)
[RANK0] F @ 173.786376953125 (ms) to 181.639892578125 (ms), cudaEventElapsed = 7.829311847686768 (ms)
[RANK0] F @ 181.774658203125 (ms) to 315.41650390625 (ms), cudaEventElapsed = 8.008159637451172 (ms)
[RANK0] F @ 315.57568359375 (ms) to 324.084228515625 (ms), cudaEventElapsed = 7.923679828643799 (ms)
[RANK0] F @ 324.235107421875 (ms) to 340.909912109375 (ms), cudaEventElapsed = 7.471072196960449 (ms)
[RANK0] F @ 341.05859375 (ms) to 499.72314453125 (ms), cudaEventElapsed = 7.983295917510986 (ms)
[RANK0] F @ 499.879638671875 (ms) to 508.402099609375 (ms), cudaEventElapsed = 7.835648059844971 (ms)
[RANK0] F @ 508.54833984375 (ms) to 516.71484375 (ms), cudaEventElapsed = 7.597536087036133 (ms)
[RANK0] F @ 516.869384765625 (ms) to 672.6484375 (ms), cudaEventElapsed = 8.142560005187988 (ms)
[RANK0] F @ 672.802978515625 (ms) to 681.505859375 (ms), cudaEventElapsed = 7.910240173339844 (ms)
