[RANK1] Iteration 1
[RANK1] F @ 1088.072265625 (ms) to 1097.6474609375 (ms), cudaEventElapsed = 9.515071868896484 (ms)
[RANK1] F @ 2133.0439453125 (ms) to 2142.501708984375 (ms), cudaEventElapsed = 9.395392417907715 (ms)
[RANK1] F @ 2142.79931640625 (ms) to 2151.775634765625 (ms), cudaEventElapsed = 8.946816444396973 (ms)
[RANK1] F @ 2151.97216796875 (ms) to 2161.01171875 (ms), cudaEventElapsed = 9.011232376098633 (ms)
[RANK1] F @ 3232.1484375 (ms) to 3244.718505859375 (ms), cudaEventElapsed = 12.530976295471191 (ms)
[RANK1] B @ 3595.608642578125 (ms) to 3606.962890625 (ms), cudaEventElapsed = 11.314656257629395 (ms)
[RANK1] F @ 3745.12939453125 (ms) to 3758.742431640625 (ms), cudaEventElapsed = 13.579872131347656 (ms)
[RANK1] B @ 3758.9501953125 (ms) to 3768.46533203125 (ms), cudaEventElapsed = 9.491231918334961 (ms)
[RANK1] F @ 3768.990234375 (ms) to 3779.3447265625 (ms), cudaEventElapsed = 10.331904411315918 (ms)
[RANK1] B @ 3779.546630859375 (ms) to 3788.971923828125 (ms), cudaEventElapsed = 9.400447845458984 (ms)
[RANK1] F @ 3789.18017578125 (ms) to 3798.18115234375 (ms), cudaEventElapsed = 8.977791786193848 (ms)
[RANK1] B @ 3798.412353515625 (ms) to 3808.381103515625 (ms), cudaEventElapsed = 9.942399978637695 (ms)
[RANK1] W @ 3808.5615234375 (ms) to 3814.887451171875 (ms), cudaEventElapsed = 6.299039840698242 (ms)
[RANK1] F @ 3814.980712890625 (ms) to 3823.951171875 (ms), cudaEventElapsed = 8.948960304260254 (ms)
[RANK1] B @ 3825.86865234375 (ms) to 3836.531982421875 (ms), cudaEventElapsed = 10.634623527526855 (ms)
[RANK1] B @ 3837.2021484375 (ms) to 3846.57275390625 (ms), cudaEventElapsed = 9.342080116271973 (ms)
[RANK1] W @ 3846.645751953125 (ms) to 3852.826904296875 (ms), cudaEventElapsed = 6.161856174468994 (ms)
[RANK1] F @ 3852.96142578125 (ms) to 3862.027099609375 (ms), cudaEventElapsed = 9.045215606689453 (ms)
[RANK1] B @ 3862.541748046875 (ms) to 3873.033447265625 (ms), cudaEventElapsed = 10.463808059692383 (ms)
[RANK1] B @ 3873.680419921875 (ms) to 3883.033447265625 (ms), cudaEventElapsed = 9.325599670410156 (ms)
[RANK1] W @ 3883.1015625 (ms) to 3889.2861328125 (ms), cudaEventElapsed = 6.166848182678223 (ms)
[RANK1] F @ 3889.42333984375 (ms) to 3898.527587890625 (ms), cudaEventElapsed = 9.084063529968262 (ms)
[RANK1] B @ 3898.71142578125 (ms) to 3908.134033203125 (ms), cudaEventElapsed = 9.3919677734375 (ms)
[RANK1] W @ 3908.299072265625 (ms) to 3914.8525390625 (ms), cudaEventElapsed = 6.120992183685303 (ms)
[RANK1] F @ 3914.99853515625 (ms) to 3924.107177734375 (ms), cudaEventElapsed = 9.080767631530762 (ms)
[RANK1] B @ 3924.289794921875 (ms) to 3933.740966796875 (ms), cudaEventElapsed = 9.424575805664062 (ms)
[RANK1] W @ 3933.86279296875 (ms) to 3940.148681640625 (ms), cudaEventElapsed = 6.258336067199707 (ms)
[RANK1] W @ 3940.226318359375 (ms) to 3946.61376953125 (ms), cudaEventElapsed = 6.368703842163086 (ms)
[RANK1] B @ 3948.51806640625 (ms) to 3958.130615234375 (ms), cudaEventElapsed = 9.592351913452148 (ms)
[RANK1] W @ 3958.2490234375 (ms) to 3964.5234375 (ms), cudaEventElapsed = 6.246623992919922 (ms)
[RANK1] W @ 3964.6015625 (ms) to 3970.946044921875 (ms), cudaEventElapsed = 6.325535774230957 (ms)
[RANK1] B @ 3971.0400390625 (ms) to 3980.59228515625 (ms), cudaEventElapsed = 9.5283842086792 (ms)
[RANK1] 4W @ 3980.7294921875 (ms) to 4005.627685546875 (ms), cudaEventElapsed = 24.869983673095703 (ms)
[RANK1] Iteration 2
[RANK1] F @ 11.5283203125 (ms) to 20.735107421875 (ms), cudaEventElapsed = 9.164095878601074 (ms)
[RANK1] F @ 20.994384765625 (ms) to 30.135498046875 (ms), cudaEventElapsed = 9.113663673400879 (ms)
[RANK1] F @ 30.382568359375 (ms) to 39.475830078125 (ms), cudaEventElapsed = 9.062560081481934 (ms)
[RANK1] F @ 39.6923828125 (ms) to 48.744873046875 (ms), cudaEventElapsed = 9.023296356201172 (ms)
[RANK1] F @ 49.437255859375 (ms) to 58.5849609375 (ms), cudaEventElapsed = 9.11961555480957 (ms)
[RANK1] B @ 63.2744140625 (ms) to 72.99169921875 (ms), cudaEventElapsed = 9.688735961914062 (ms)
[RANK1] F @ 73.28857421875 (ms) to 82.521240234375 (ms), cudaEventElapsed = 9.203840255737305 (ms)
[RANK1] B @ 82.729248046875 (ms) to 92.20556640625 (ms), cudaEventElapsed = 9.447903633117676 (ms)
[RANK1] F @ 92.9208984375 (ms) to 102.0908203125 (ms), cudaEventElapsed = 9.14031982421875 (ms)
[RANK1] B @ 102.30908203125 (ms) to 111.81591796875 (ms), cudaEventElapsed = 9.4782075881958 (ms)
[RANK1] F @ 112.113525390625 (ms) to 121.305908203125 (ms), cudaEventElapsed = 9.163007736206055 (ms)
[RANK1] B @ 121.5517578125 (ms) to 131.06103515625 (ms), cudaEventElapsed = 9.480128288269043 (ms)
[RANK1] W @ 131.272216796875 (ms) to 137.671142578125 (ms), cudaEventElapsed = 6.371776103973389 (ms)
[RANK1] F @ 137.77880859375 (ms) to 146.881103515625 (ms), cudaEventElapsed = 9.08140754699707 (ms)
[RANK1] B @ 150.231201171875 (ms) to 161.0029296875 (ms), cudaEventElapsed = 10.742719650268555 (ms)
[RANK1] B @ 161.73046875 (ms) to 171.337158203125 (ms), cudaEventElapsed = 9.579071998596191 (ms)
[RANK1] W @ 171.440673828125 (ms) to 177.68798828125 (ms), cudaEventElapsed = 6.229311943054199 (ms)
[RANK1] F @ 177.8388671875 (ms) to 187.00732421875 (ms), cudaEventElapsed = 9.147775650024414 (ms)
[RANK1] B @ 187.545166015625 (ms) to 198.274169921875 (ms), cudaEventElapsed = 10.701888084411621 (ms)
[RANK1] B @ 198.972900390625 (ms) to 208.484130859375 (ms), cudaEventElapsed = 9.482144355773926 (ms)
[RANK1] W @ 208.5712890625 (ms) to 214.7685546875 (ms), cudaEventElapsed = 6.178112030029297 (ms)
[RANK1] F @ 214.91943359375 (ms) to 224.05517578125 (ms), cudaEventElapsed = 9.115584373474121 (ms)
[RANK1] B @ 224.26513671875 (ms) to 233.715087890625 (ms), cudaEventElapsed = 9.423135757446289 (ms)
[RANK1] W @ 233.919677734375 (ms) to 240.51318359375 (ms), cudaEventElapsed = 6.162240028381348 (ms)
[RANK1] F @ 240.677978515625 (ms) to 249.830322265625 (ms), cudaEventElapsed = 9.129535675048828 (ms)
[RANK1] B @ 250.035400390625 (ms) to 259.51904296875 (ms), cudaEventElapsed = 9.457247734069824 (ms)
[RANK1] W @ 259.67822265625 (ms) to 265.91650390625 (ms), cudaEventElapsed = 6.211264133453369 (ms)
[RANK1] W @ 266.0126953125 (ms) to 272.337646484375 (ms), cudaEventElapsed = 6.3061442375183105 (ms)
[RANK1] B @ 274.01318359375 (ms) to 283.511962890625 (ms), cudaEventElapsed = 9.47811222076416 (ms)
[RANK1] W @ 283.670166015625 (ms) to 289.93310546875 (ms), cudaEventElapsed = 6.235167980194092 (ms)
[RANK1] W @ 290.03076171875 (ms) to 296.380859375 (ms), cudaEventElapsed = 6.331200122833252 (ms)
[RANK1] B @ 296.48095703125 (ms) to 305.95654296875 (ms), cudaEventElapsed = 9.456607818603516 (ms)
[RANK1] 4W @ 306.114990234375 (ms) to 330.87890625 (ms), cudaEventElapsed = 24.735071182250977 (ms)
[RANK1] Iteration 3
[RANK1] F @ 12.0390625 (ms) to 21.337646484375 (ms), cudaEventElapsed = 9.265312194824219 (ms)
[RANK1] F @ 21.58935546875 (ms) to 30.68359375 (ms), cudaEventElapsed = 9.066656112670898 (ms)
[RANK1] F @ 30.929931640625 (ms) to 40.010498046875 (ms), cudaEventElapsed = 9.052351951599121 (ms)
[RANK1] F @ 40.21875 (ms) to 49.338134765625 (ms), cudaEventElapsed = 9.091775894165039 (ms)
[RANK1] F @ 50.096435546875 (ms) to 59.2666015625 (ms), cudaEventElapsed = 9.140704154968262 (ms)
[RANK1] B @ 64.527587890625 (ms) to 74.13525390625 (ms), cudaEventElapsed = 9.578047752380371 (ms)
[RANK1] F @ 74.42578125 (ms) to 83.7734375 (ms), cudaEventElapsed = 9.318367958068848 (ms)
[RANK1] B @ 83.986572265625 (ms) to 93.53662109375 (ms), cudaEventElapsed = 9.521727561950684 (ms)
[RANK1] F @ 94.201904296875 (ms) to 103.412841796875 (ms), cudaEventElapsed = 9.181056022644043 (ms)
[RANK1] B @ 103.6240234375 (ms) to 113.176025390625 (ms), cudaEventElapsed = 9.524352073669434 (ms)
[RANK1] F @ 113.479248046875 (ms) to 122.7177734375 (ms), cudaEventElapsed = 9.208640098571777 (ms)
[RANK1] B @ 122.9677734375 (ms) to 132.5361328125 (ms), cudaEventElapsed = 9.534208297729492 (ms)
[RANK1] W @ 132.75048828125 (ms) to 139.171142578125 (ms), cudaEventElapsed = 6.393375873565674 (ms)
[RANK1] F @ 139.277587890625 (ms) to 148.44140625 (ms), cudaEventElapsed = 9.143327713012695 (ms)
[RANK1] B @ 151.628173828125 (ms) to 162.521728515625 (ms), cudaEventElapsed = 10.864224433898926 (ms)
[RANK1] B @ 163.2197265625 (ms) to 172.845703125 (ms), cudaEventElapsed = 9.59763240814209 (ms)
[RANK1] W @ 172.9384765625 (ms) to 179.164306640625 (ms), cudaEventElapsed = 6.2066240310668945 (ms)
[RANK1] F @ 179.31689453125 (ms) to 188.480712890625 (ms), cudaEventElapsed = 9.143327713012695 (ms)
[RANK1] B @ 189.019287109375 (ms) to 199.6083984375 (ms), cudaEventElapsed = 10.560704231262207 (ms)
[RANK1] B @ 200.582275390625 (ms) to 210.010986328125 (ms), cudaEventElapsed = 9.399200439453125 (ms)
[RANK1] W @ 210.106689453125 (ms) to 216.31884765625 (ms), cudaEventElapsed = 6.192255973815918 (ms)
[RANK1] F @ 216.47216796875 (ms) to 225.56005859375 (ms), cudaEventElapsed = 9.06713581085205 (ms)
[RANK1] B @ 225.767333984375 (ms) to 235.206298828125 (ms), cudaEventElapsed = 9.410431861877441 (ms)
[RANK1] W @ 235.4072265625 (ms) to 241.9931640625 (ms), cudaEventElapsed = 6.124447822570801 (ms)
[RANK1] F @ 242.154296875 (ms) to 251.294921875 (ms), cudaEventElapsed = 9.119071960449219 (ms)
[RANK1] B @ 251.49658203125 (ms) to 260.97705078125 (ms), cudaEventElapsed = 9.453472137451172 (ms)
[RANK1] W @ 261.133544921875 (ms) to 267.384765625 (ms), cudaEventElapsed = 6.223392009735107 (ms)
[RANK1] W @ 267.483642578125 (ms) to 273.822998046875 (ms), cudaEventElapsed = 6.320896148681641 (ms)
[RANK1] B @ 275.28955078125 (ms) to 284.824951171875 (ms), cudaEventElapsed = 9.51574420928955 (ms)
[RANK1] W @ 285.00927734375 (ms) to 291.24365234375 (ms), cudaEventElapsed = 6.207615852355957 (ms)
[RANK1] W @ 291.343505859375 (ms) to 297.685791015625 (ms), cudaEventElapsed = 6.323904037475586 (ms)
[RANK1] B @ 297.785888671875 (ms) to 307.316650390625 (ms), cudaEventElapsed = 9.511199951171875 (ms)
[RANK1] 4W @ 307.486083984375 (ms) to 332.325927734375 (ms), cudaEventElapsed = 24.81145668029785 (ms)
[RANK1] Iteration 4
[RANK1] F @ 10.949462890625 (ms) to 20.21875 (ms), cudaEventElapsed = 9.23686408996582 (ms)
[RANK1] F @ 20.470947265625 (ms) to 29.564453125 (ms), cudaEventElapsed = 9.066143989562988 (ms)
[RANK1] F @ 29.81103515625 (ms) to 38.874267578125 (ms), cudaEventElapsed = 9.035679817199707 (ms)
[RANK1] F @ 39.083740234375 (ms) to 48.14794921875 (ms), cudaEventElapsed = 9.037664413452148 (ms)
[RANK1] F @ 48.85546875 (ms) to 58.037353515625 (ms), cudaEventElapsed = 9.154848098754883 (ms)
[RANK1] B @ 63.77490234375 (ms) to 73.814453125 (ms), cudaEventElapsed = 10.010623931884766 (ms)
[RANK1] F @ 74.109619140625 (ms) to 83.47119140625 (ms), cudaEventElapsed = 9.33244800567627 (ms)
[RANK1] B @ 83.68896484375 (ms) to 93.624755859375 (ms), cudaEventElapsed = 9.901151657104492 (ms)
[RANK1] F @ 94.344970703125 (ms) to 103.603515625 (ms), cudaEventElapsed = 9.228351593017578 (ms)
[RANK1] B @ 103.819091796875 (ms) to 113.7685546875 (ms), cudaEventElapsed = 9.922592163085938 (ms)
[RANK1] F @ 114.068359375 (ms) to 123.353271484375 (ms), cudaEventElapsed = 9.255200386047363 (ms)
[RANK1] B @ 123.595947265625 (ms) to 133.5546875 (ms), cudaEventElapsed = 9.930047988891602 (ms)
[RANK1] W @ 133.774169921875 (ms) to 140.30419921875 (ms), cudaEventElapsed = 6.502943992614746 (ms)
[RANK1] F @ 140.4091796875 (ms) to 149.73095703125 (ms), cudaEventElapsed = 9.301568031311035 (ms)
[RANK1] B @ 152.474365234375 (ms) to 163.942138671875 (ms), cudaEventElapsed = 11.434271812438965 (ms)
[RANK1] B @ 164.6328125 (ms) to 174.668212890625 (ms), cudaEventElapsed = 10.007967948913574 (ms)
[RANK1] W @ 174.76953125 (ms) to 181.15087890625 (ms), cudaEventElapsed = 6.3632001876831055 (ms)
[RANK1] F @ 181.305419921875 (ms) to 191.250732421875 (ms), cudaEventElapsed = 9.924768447875977 (ms)
[RANK1] B @ 191.785888671875 (ms) to 203.6494140625 (ms), cudaEventElapsed = 11.835583686828613 (ms)
[RANK1] B @ 204.3427734375 (ms) to 214.845458984375 (ms), cudaEventElapsed = 10.466527938842773 (ms)
[RANK1] W @ 215.012451171875 (ms) to 221.471435546875 (ms), cudaEventElapsed = 6.429696083068848 (ms)
[RANK1] F @ 221.646728515625 (ms) to 231.314453125 (ms), cudaEventElapsed = 9.641599655151367 (ms)
[RANK1] B @ 231.52001953125 (ms) to 241.79345703125 (ms), cudaEventElapsed = 10.24608039855957 (ms)
[RANK1] W @ 241.995361328125 (ms) to 248.871826171875 (ms), cudaEventElapsed = 6.3632001876831055 (ms)
[RANK1] F @ 249.0439453125 (ms) to 258.680908203125 (ms), cudaEventElapsed = 9.614368438720703 (ms)
[RANK1] B @ 258.888671875 (ms) to 269.1796875 (ms), cudaEventElapsed = 10.263487815856934 (ms)
[RANK1] W @ 269.33935546875 (ms) to 275.810791015625 (ms), cudaEventElapsed = 6.443647861480713 (ms)
[RANK1] W @ 275.91015625 (ms) to 282.486083984375 (ms), cudaEventElapsed = 6.556064128875732 (ms)
[RANK1] B @ 282.58642578125 (ms) to 292.99072265625 (ms), cudaEventElapsed = 10.38428783416748 (ms)
[RANK1] W @ 293.15771484375 (ms) to 299.65966796875 (ms), cudaEventElapsed = 6.475232124328613 (ms)
[RANK1] W @ 299.75927734375 (ms) to 306.362060546875 (ms), cudaEventElapsed = 6.584383964538574 (ms)
[RANK1] B @ 306.46142578125 (ms) to 316.877685546875 (ms), cudaEventElapsed = 10.396127700805664 (ms)
[RANK1] 4W @ 317.0517578125 (ms) to 342.67578125 (ms), cudaEventElapsed = 25.596576690673828 (ms)
[RANK1] Iteration 5
[RANK1] F @ 11.349609375 (ms) to 21.040771484375 (ms), cudaEventElapsed = 9.658111572265625 (ms)
[RANK1] F @ 21.2939453125 (ms) to 30.907470703125 (ms), cudaEventElapsed = 9.585344314575195 (ms)
[RANK1] F @ 31.15185546875 (ms) to 40.732177734375 (ms), cudaEventElapsed = 9.552255630493164 (ms)
[RANK1] F @ 40.93994140625 (ms) to 50.454345703125 (ms), cudaEventElapsed = 9.487104415893555 (ms)
[RANK1] F @ 51.16845703125 (ms) to 60.4189453125 (ms), cudaEventElapsed = 9.221759796142578 (ms)
[RANK1] B @ 65.44775390625 (ms) to 75.476318359375 (ms), cudaEventElapsed = 10.000096321105957 (ms)
[RANK1] F @ 75.786376953125 (ms) to 85.033447265625 (ms), cudaEventElapsed = 9.216608047485352 (ms)
[RANK1] B @ 85.239990234375 (ms) to 95.234130859375 (ms), cudaEventElapsed = 9.965951919555664 (ms)
[RANK1] F @ 95.90673828125 (ms) to 105.324462890625 (ms), cudaEventElapsed = 9.387104034423828 (ms)
[RANK1] B @ 105.53271484375 (ms) to 115.586669921875 (ms), cudaEventElapsed = 10.02575969696045 (ms)
[RANK1] F @ 115.888427734375 (ms) to 125.44091796875 (ms), cudaEventElapsed = 9.521951675415039 (ms)
[RANK1] B @ 125.68212890625 (ms) to 135.81884765625 (ms), cudaEventElapsed = 10.107872009277344 (ms)
[RANK1] W @ 136.041015625 (ms) to 142.601806640625 (ms), cudaEventElapsed = 6.533728122711182 (ms)
[RANK1] F @ 142.70751953125 (ms) to 152.134033203125 (ms), cudaEventElapsed = 9.406144142150879 (ms)
[RANK1] B @ 155.1220703125 (ms) to 166.531005859375 (ms), cudaEventElapsed = 11.380319595336914 (ms)
[RANK1] B @ 167.232177734375 (ms) to 177.379150390625 (ms), cudaEventElapsed = 10.118816375732422 (ms)
[RANK1] W @ 177.4716796875 (ms) to 183.865234375 (ms), cudaEventElapsed = 6.375232219696045 (ms)
[RANK1] F @ 184.01806640625 (ms) to 193.33837890625 (ms), cudaEventElapsed = 9.29974365234375 (ms)
[RANK1] B @ 193.880615234375 (ms) to 205.174072265625 (ms), cudaEventElapsed = 11.264639854431152 (ms)
[RANK1] B @ 205.871337890625 (ms) to 215.943115234375 (ms), cudaEventElapsed = 10.042943954467773 (ms)
[RANK1] W @ 216.032470703125 (ms) to 222.4052734375 (ms), cudaEventElapsed = 6.353536128997803 (ms)
[RANK1] F @ 222.56201171875 (ms) to 231.854736328125 (ms), cudaEventElapsed = 9.272095680236816 (ms)
[RANK1] B @ 232.05908203125 (ms) to 242.05712890625 (ms), cudaEventElapsed = 9.9716796875 (ms)
[RANK1] W @ 242.259033203125 (ms) to 249.0126953125 (ms), cudaEventElapsed = 6.3021440505981445 (ms)
[RANK1] F @ 249.17626953125 (ms) to 258.659423828125 (ms), cudaEventElapsed = 9.461152076721191 (ms)
[RANK1] B @ 258.86279296875 (ms) to 269.00390625 (ms), cudaEventElapsed = 10.112319946289062 (ms)
[RANK1] W @ 269.16162109375 (ms) to 275.5810546875 (ms), cudaEventElapsed = 6.390687942504883 (ms)
[RANK1] W @ 275.681396484375 (ms) to 282.2607421875 (ms), cudaEventElapsed = 6.560031890869141 (ms)
[RANK1] B @ 284.81884765625 (ms) to 295.024658203125 (ms), cudaEventElapsed = 10.187487602233887 (ms)
[RANK1] W @ 295.13134765625 (ms) to 301.534423828125 (ms), cudaEventElapsed = 6.379839897155762 (ms)
[RANK1] W @ 301.616943359375 (ms) to 308.211181640625 (ms), cudaEventElapsed = 6.576992034912109 (ms)
[RANK1] B @ 308.30224609375 (ms) to 318.812255859375 (ms), cudaEventElapsed = 10.49180793762207 (ms)
[RANK1] 4W @ 318.979248046875 (ms) to 345.144287109375 (ms), cudaEventElapsed = 26.136768341064453 (ms)
[RANK1] Iteration 6
[RANK1] F @ 11.6728515625 (ms) to 21.3779296875 (ms), cudaEventElapsed = 9.671839714050293 (ms)
[RANK1] F @ 21.631591796875 (ms) to 30.921630859375 (ms), cudaEventElapsed = 9.26195240020752 (ms)
[RANK1] F @ 31.16748046875 (ms) to 40.441650390625 (ms), cudaEventElapsed = 9.246463775634766 (ms)
[RANK1] F @ 40.6533203125 (ms) to 49.80224609375 (ms), cudaEventElapsed = 9.117631912231445 (ms)
[RANK1] F @ 50.504638671875 (ms) to 59.694091796875 (ms), cudaEventElapsed = 9.160703659057617 (ms)
[RANK1] B @ 65.4453125 (ms) to 75.447265625 (ms), cudaEventElapsed = 9.973119735717773 (ms)
[RANK1] F @ 75.740234375 (ms) to 85.063720703125 (ms), cudaEventElapsed = 9.29372787475586 (ms)
[RANK1] B @ 85.273681640625 (ms) to 95.20166015625 (ms), cudaEventElapsed = 9.90009593963623 (ms)
[RANK1] F @ 95.90966796875 (ms) to 105.137939453125 (ms), cudaEventElapsed = 9.198271751403809 (ms)
[RANK1] B @ 105.958740234375 (ms) to 115.876708984375 (ms), cudaEventElapsed = 9.882495880126953 (ms)
[RANK1] F @ 116.102783203125 (ms) to 125.362060546875 (ms), cudaEventElapsed = 9.2357759475708 (ms)
[RANK1] B @ 125.604248046875 (ms) to 135.58349609375 (ms), cudaEventElapsed = 9.951871871948242 (ms)
[RANK1] W @ 135.797119140625 (ms) to 142.347900390625 (ms), cudaEventElapsed = 6.522816181182861 (ms)
[RANK1] F @ 142.455078125 (ms) to 151.6796875 (ms), cudaEventElapsed = 9.203519821166992 (ms)
[RANK1] B @ 154.76904296875 (ms) to 166.062744140625 (ms), cudaEventElapsed = 11.264608383178711 (ms)
[RANK1] B @ 166.734619140625 (ms) to 176.707763671875 (ms), cudaEventElapsed = 9.944735527038574 (ms)
[RANK1] W @ 176.7978515625 (ms) to 183.16796875 (ms), cudaEventElapsed = 6.351871967315674 (ms)
[RANK1] F @ 183.321533203125 (ms) to 192.51904296875 (ms), cudaEventElapsed = 9.176863670349121 (ms)
[RANK1] B @ 193.342529296875 (ms) to 204.580322265625 (ms), cudaEventElapsed = 11.210304260253906 (ms)
[RANK1] B @ 205.279541015625 (ms) to 215.28271484375 (ms), cudaEventElapsed = 9.975456237792969 (ms)
[RANK1] W @ 215.37646484375 (ms) to 221.7392578125 (ms), cudaEventElapsed = 6.344736099243164 (ms)
[RANK1] F @ 221.89306640625 (ms) to 231.19677734375 (ms), cudaEventElapsed = 9.283552169799805 (ms)
[RANK1] B @ 231.408203125 (ms) to 241.411865234375 (ms), cudaEventElapsed = 9.975104331970215 (ms)
[RANK1] W @ 241.61328125 (ms) to 248.35595703125 (ms), cudaEventElapsed = 6.300479888916016 (ms)
[RANK1] F @ 248.525390625 (ms) to 257.91650390625 (ms), cudaEventElapsed = 9.368639945983887 (ms)
[RANK1] B @ 258.1201171875 (ms) to 268.18359375 (ms), cudaEventElapsed = 10.037599563598633 (ms)
[RANK1] W @ 268.3427734375 (ms) to 274.760986328125 (ms), cudaEventElapsed = 6.390944004058838 (ms)
[RANK1] W @ 274.859375 (ms) to 281.443115234375 (ms), cudaEventElapsed = 6.5643839836120605 (ms)
[RANK1] B @ 284.388427734375 (ms) to 295.075927734375 (ms), cudaEventElapsed = 10.667519569396973 (ms)
[RANK1] W @ 295.239990234375 (ms) to 301.8349609375 (ms), cudaEventElapsed = 6.567808151245117 (ms)
[RANK1] W @ 301.93359375 (ms) to 308.6181640625 (ms), cudaEventElapsed = 6.664768218994141 (ms)
[RANK1] B @ 308.718017578125 (ms) to 319.23974609375 (ms), cudaEventElapsed = 10.502400398254395 (ms)
[RANK1] 4W @ 319.40087890625 (ms) to 345.90673828125 (ms), cudaEventElapsed = 26.477920532226562 (ms)
[RANK1] Iteration 7
[RANK1] F @ 11.57470703125 (ms) to 21.05322265625 (ms), cudaEventElapsed = 9.44438362121582 (ms)
[RANK1] F @ 21.306640625 (ms) to 30.670166015625 (ms), cudaEventElapsed = 9.336799621582031 (ms)
[RANK1] F @ 30.914306640625 (ms) to 40.0986328125 (ms), cudaEventElapsed = 9.155648231506348 (ms)
[RANK1] F @ 40.30615234375 (ms) to 49.451416015625 (ms), cudaEventElapsed = 9.118656158447266 (ms)
[RANK1] F @ 50.160400390625 (ms) to 59.343994140625 (ms), cudaEventElapsed = 9.154399871826172 (ms)
[RANK1] B @ 66.07373046875 (ms) to 75.99951171875 (ms), cudaEventElapsed = 9.896127700805664 (ms)
[RANK1] F @ 76.29296875 (ms) to 85.4765625 (ms), cudaEventElapsed = 9.15494441986084 (ms)
[RANK1] B @ 85.8056640625 (ms) to 95.70703125 (ms), cudaEventElapsed = 9.87388801574707 (ms)
[RANK1] F @ 96.412841796875 (ms) to 105.635009765625 (ms), cudaEventElapsed = 9.192831993103027 (ms)
[RANK1] B @ 105.8427734375 (ms) to 115.86669921875 (ms), cudaEventElapsed = 9.997247695922852 (ms)
[RANK1] F @ 116.155029296875 (ms) to 125.568359375 (ms), cudaEventElapsed = 9.384127616882324 (ms)
[RANK1] B @ 125.82177734375 (ms) to 135.86376953125 (ms), cudaEventElapsed = 10.012384414672852 (ms)
[RANK1] W @ 136.071044921875 (ms) to 142.631103515625 (ms), cudaEventElapsed = 6.5332159996032715 (ms)
[RANK1] F @ 142.73681640625 (ms) to 152.07861328125 (ms), cudaEventElapsed = 9.321248054504395 (ms)
[RANK1] B @ 154.95947265625 (ms) to 166.411865234375 (ms), cudaEventElapsed = 11.424032211303711 (ms)
[RANK1] B @ 167.113525390625 (ms) to 177.2197265625 (ms), cudaEventElapsed = 10.076895713806152 (ms)
[RANK1] W @ 177.31396484375 (ms) to 183.71240234375 (ms), cudaEventElapsed = 6.379456043243408 (ms)
[RANK1] F @ 183.86474609375 (ms) to 193.259033203125 (ms), cudaEventElapsed = 9.374143600463867 (ms)
[RANK1] B @ 193.8046875 (ms) to 205.246337890625 (ms), cudaEventElapsed = 11.41430377960205 (ms)
[RANK1] B @ 205.95361328125 (ms) to 216.239990234375 (ms), cudaEventElapsed = 10.257920265197754 (ms)
[RANK1] W @ 216.3349609375 (ms) to 222.74169921875 (ms), cudaEventElapsed = 6.388031959533691 (ms)
[RANK1] F @ 222.89404296875 (ms) to 232.50537109375 (ms), cudaEventElapsed = 9.591423988342285 (ms)
[RANK1] B @ 232.71142578125 (ms) to 243.300537109375 (ms), cudaEventElapsed = 10.561344146728516 (ms)
[RANK1] W @ 243.502685546875 (ms) to 250.40576171875 (ms), cudaEventElapsed = 6.453792095184326 (ms)
[RANK1] F @ 250.573486328125 (ms) to 260.322509765625 (ms), cudaEventElapsed = 9.726112365722656 (ms)
[RANK1] B @ 260.52685546875 (ms) to 270.9013671875 (ms), cudaEventElapsed = 10.3471040725708 (ms)
[RANK1] W @ 271.0595703125 (ms) to 277.5107421875 (ms), cudaEventElapsed = 6.423583984375 (ms)
[RANK1] W @ 277.611328125 (ms) to 284.214111328125 (ms), cudaEventElapsed = 6.583775997161865 (ms)
[RANK1] B @ 284.375 (ms) to 294.594482421875 (ms), cudaEventElapsed = 10.199616432189941 (ms)
[RANK1] W @ 294.759033203125 (ms) to 301.31103515625 (ms), cudaEventElapsed = 6.523583889007568 (ms)
[RANK1] W @ 301.40869140625 (ms) to 308.352783203125 (ms), cudaEventElapsed = 6.924895763397217 (ms)
[RANK1] B @ 308.452392578125 (ms) to 319.34765625 (ms), cudaEventElapsed = 10.876031875610352 (ms)
[RANK1] 4W @ 319.5185546875 (ms) to 345.780517578125 (ms), cudaEventElapsed = 26.233152389526367 (ms)
[RANK1] Iteration 8
[RANK1] F @ 157.16015625 (ms) to 306.41552734375 (ms), cudaEventElapsed = 149.18917846679688 (ms)
[RANK1] F @ 306.79931640625 (ms) to 315.236328125 (ms), cudaEventElapsed = 8.405823707580566 (ms)
[RANK1] F @ 315.506591796875 (ms) to 323.863525390625 (ms), cudaEventElapsed = 8.329695701599121 (ms)
[RANK1] F @ 324.070556640625 (ms) to 332.468017578125 (ms), cudaEventElapsed = 8.369952201843262 (ms)
[RANK1] F @ 491.10009765625 (ms) to 499.55908203125 (ms), cudaEventElapsed = 8.430208206176758 (ms)
[RANK1] F @ 499.82763671875 (ms) to 508.23095703125 (ms), cudaEventElapsed = 8.376416206359863 (ms)
[RANK1] F @ 508.48876953125 (ms) to 516.9111328125 (ms), cudaEventElapsed = 8.394335746765137 (ms)
[RANK1] F @ 654.503173828125 (ms) to 662.9150390625 (ms), cudaEventElapsed = 8.38105583190918 (ms)
[RANK1] F @ 664.258544921875 (ms) to 672.669677734375 (ms), cudaEventElapsed = 8.384736061096191 (ms)
[RANK1] F @ 673.352294921875 (ms) to 681.748046875 (ms), cudaEventElapsed = 8.368608474731445 (ms)
[RANK1] F @ 690.940673828125 (ms) to 699.365234375 (ms), cudaEventElapsed = 8.39465618133545 (ms)
[RANK1] F @ 700.059326171875 (ms) to 708.48486328125 (ms), cudaEventElapsed = 8.398207664489746 (ms)
