[RANK2] Iteration 1
[RANK2] F @ 2136.658447265625 (ms) to 2146.1572265625 (ms), cudaEventElapsed = 9.43830394744873 (ms)
[RANK2] F @ 3218.381103515625 (ms) to 3227.763427734375 (ms), cudaEventElapsed = 9.320320129394531 (ms)
[RANK2] F @ 3244.029541015625 (ms) to 3253.050048828125 (ms), cudaEventElapsed = 8.989952087402344 (ms)
[RANK2] B @ 3445.288818359375 (ms) to 3455.048095703125 (ms), cudaEventElapsed = 9.724672317504883 (ms)
[RANK2] F @ 3588.7041015625 (ms) to 3597.66845703125 (ms), cudaEventElapsed = 8.936479568481445 (ms)
[RANK2] B @ 3597.898681640625 (ms) to 3607.479736328125 (ms), cudaEventElapsed = 9.553600311279297 (ms)
[RANK2] F @ 3741.833740234375 (ms) to 3752.140380859375 (ms), cudaEventElapsed = 10.280159950256348 (ms)
[RANK2] B @ 3755.7646484375 (ms) to 3765.882568359375 (ms), cudaEventElapsed = 10.08995246887207 (ms)
[RANK2] F @ 3766.524658203125 (ms) to 3778.11767578125 (ms), cudaEventElapsed = 11.5664644241333 (ms)
[RANK2] B @ 3778.34326171875 (ms) to 3787.845947265625 (ms), cudaEventElapsed = 9.475680351257324 (ms)
[RANK2] F @ 3788.49267578125 (ms) to 3799.8759765625 (ms), cudaEventElapsed = 11.357536315917969 (ms)
[RANK2] B @ 3800.10888671875 (ms) to 3809.5703125 (ms), cudaEventElapsed = 9.434080123901367 (ms)
[RANK2] F @ 3809.790283203125 (ms) to 3821.506103515625 (ms), cudaEventElapsed = 11.690815925598145 (ms)
[RANK2] B @ 3821.759521484375 (ms) to 3831.970458984375 (ms), cudaEventElapsed = 10.183808326721191 (ms)
[RANK2] W @ 3832.09423828125 (ms) to 3838.29931640625 (ms), cudaEventElapsed = 6.185279846191406 (ms)
[RANK2] F @ 3838.385498046875 (ms) to 3847.324462890625 (ms), cudaEventElapsed = 8.918432235717773 (ms)
[RANK2] B @ 3848.004638671875 (ms) to 3857.580810546875 (ms), cudaEventElapsed = 9.543519973754883 (ms)
[RANK2] B @ 3858.281982421875 (ms) to 3867.731689453125 (ms), cudaEventElapsed = 9.41648006439209 (ms)
[RANK2] W @ 3867.8125 (ms) to 3874.044677734375 (ms), cudaEventElapsed = 6.211935997009277 (ms)
[RANK2] F @ 3874.190185546875 (ms) to 3883.17529296875 (ms), cudaEventElapsed = 8.964032173156738 (ms)
[RANK2] B @ 3883.391845703125 (ms) to 3892.86279296875 (ms), cudaEventElapsed = 9.438783645629883 (ms)
[RANK2] W @ 3893.06494140625 (ms) to 3899.683837890625 (ms), cudaEventElapsed = 6.152927875518799 (ms)
[RANK2] F @ 3899.8564453125 (ms) to 3908.83642578125 (ms), cudaEventElapsed = 8.95580768585205 (ms)
[RANK2] B @ 3909.0361328125 (ms) to 3918.499755859375 (ms), cudaEventElapsed = 9.434623718261719 (ms)
[RANK2] W @ 3918.693359375 (ms) to 3925.30859375 (ms), cudaEventElapsed = 6.152063846588135 (ms)
[RANK2] F @ 3925.476806640625 (ms) to 3934.441650390625 (ms), cudaEventElapsed = 8.94211196899414 (ms)
[RANK2] B @ 3934.649658203125 (ms) to 3944.09326171875 (ms), cudaEventElapsed = 9.413951873779297 (ms)
[RANK2] W @ 3944.241455078125 (ms) to 3950.482177734375 (ms), cudaEventElapsed = 6.20195198059082 (ms)
[RANK2] W @ 3950.571533203125 (ms) to 3956.81640625 (ms), cudaEventElapsed = 6.224671840667725 (ms)
[RANK2] B @ 3956.920166015625 (ms) to 3966.433349609375 (ms), cudaEventElapsed = 9.492927551269531 (ms)
[RANK2] 6W @ 3966.58642578125 (ms) to 4003.52783203125 (ms), cudaEventElapsed = 36.91059112548828 (ms)
[RANK2] Iteration 2
[RANK2] F @ 17.897705078125 (ms) to 27.18701171875 (ms), cudaEventElapsed = 9.250847816467285 (ms)
[RANK2] F @ 27.43701171875 (ms) to 36.339111328125 (ms), cudaEventElapsed = 8.872608184814453 (ms)
[RANK2] F @ 37.12646484375 (ms) to 46.13232421875 (ms), cudaEventElapsed = 8.976384162902832 (ms)
[RANK2] B @ 48.465087890625 (ms) to 58.826416015625 (ms), cudaEventElapsed = 10.328607559204102 (ms)
[RANK2] F @ 59.172607421875 (ms) to 68.21875 (ms), cudaEventElapsed = 9.012255668640137 (ms)
[RANK2] B @ 68.4638671875 (ms) to 77.89453125 (ms), cudaEventElapsed = 9.400320053100586 (ms)
[RANK2] F @ 78.6767578125 (ms) to 87.723876953125 (ms), cudaEventElapsed = 9.012319564819336 (ms)
[RANK2] B @ 87.979736328125 (ms) to 97.48779296875 (ms), cudaEventElapsed = 9.476544380187988 (ms)
[RANK2] F @ 98.25390625 (ms) to 107.290283203125 (ms), cudaEventElapsed = 9.002911567687988 (ms)
[RANK2] B @ 107.538330078125 (ms) to 116.994140625 (ms), cudaEventElapsed = 9.425824165344238 (ms)
[RANK2] F @ 117.743408203125 (ms) to 126.771240234375 (ms), cudaEventElapsed = 8.993280410766602 (ms)
[RANK2] B @ 127.01708984375 (ms) to 136.4853515625 (ms), cudaEventElapsed = 9.437312126159668 (ms)
[RANK2] F @ 136.828857421875 (ms) to 145.84375 (ms), cudaEventElapsed = 8.982463836669922 (ms)
[RANK2] B @ 146.1240234375 (ms) to 155.60009765625 (ms), cudaEventElapsed = 9.44489574432373 (ms)
[RANK2] W @ 155.847412109375 (ms) to 162.159423828125 (ms), cudaEventElapsed = 6.281280040740967 (ms)
[RANK2] F @ 162.283935546875 (ms) to 171.220458984375 (ms), cudaEventElapsed = 8.913984298706055 (ms)
[RANK2] B @ 171.8525390625 (ms) to 182.142822265625 (ms), cudaEventElapsed = 10.259712219238281 (ms)
[RANK2] B @ 182.890625 (ms) to 192.514892578125 (ms), cudaEventElapsed = 9.590463638305664 (ms)
[RANK2] W @ 192.701171875 (ms) to 198.955078125 (ms), cudaEventElapsed = 6.224736213684082 (ms)
[RANK2] F @ 199.15283203125 (ms) to 208.169921875 (ms), cudaEventElapsed = 8.994048118591309 (ms)
[RANK2] B @ 208.406982421875 (ms) to 217.935546875 (ms), cudaEventElapsed = 9.497407913208008 (ms)
[RANK2] W @ 218.17138671875 (ms) to 224.843017578125 (ms), cudaEventElapsed = 6.2203521728515625 (ms)
[RANK2] F @ 225.032470703125 (ms) to 234.051025390625 (ms), cudaEventElapsed = 8.994720458984375 (ms)
[RANK2] B @ 234.286865234375 (ms) to 243.796142578125 (ms), cudaEventElapsed = 9.479231834411621 (ms)
[RANK2] W @ 244.033447265625 (ms) to 250.66845703125 (ms), cudaEventElapsed = 6.176095962524414 (ms)
[RANK2] F @ 250.8564453125 (ms) to 259.84619140625 (ms), cudaEventElapsed = 8.967040061950684 (ms)
[RANK2] B @ 260.084716796875 (ms) to 269.66748046875 (ms), cudaEventElapsed = 9.551648139953613 (ms)
[RANK2] W @ 269.849365234375 (ms) to 276.116943359375 (ms), cudaEventElapsed = 6.235968112945557 (ms)
[RANK2] W @ 276.230224609375 (ms) to 282.476318359375 (ms), cudaEventElapsed = 6.22540807723999 (ms)
[RANK2] B @ 282.58740234375 (ms) to 292.070068359375 (ms), cudaEventElapsed = 9.462176322937012 (ms)
[RANK2] 6W @ 292.267333984375 (ms) to 329.193115234375 (ms), cudaEventElapsed = 36.89487838745117 (ms)
[RANK2] Iteration 3
[RANK2] F @ 18.505859375 (ms) to 27.950439453125 (ms), cudaEventElapsed = 9.40617561340332 (ms)
[RANK2] F @ 28.194580078125 (ms) to 37.139404296875 (ms), cudaEventElapsed = 8.914624214172363 (ms)
[RANK2] F @ 37.9599609375 (ms) to 46.979736328125 (ms), cudaEventElapsed = 8.983072280883789 (ms)
[RANK2] B @ 49.797119140625 (ms) to 60.08251953125 (ms), cudaEventElapsed = 10.255840301513672 (ms)
[RANK2] F @ 60.419189453125 (ms) to 69.476806640625 (ms), cudaEventElapsed = 9.024576187133789 (ms)
[RANK2] B @ 69.722412109375 (ms) to 79.230224609375 (ms), cudaEventElapsed = 9.47811222076416 (ms)
[RANK2] F @ 79.989013671875 (ms) to 89.09228515625 (ms), cudaEventElapsed = 9.07043170928955 (ms)
[RANK2] B @ 89.33251953125 (ms) to 98.802001953125 (ms), cudaEventElapsed = 9.438719749450684 (ms)
[RANK2] F @ 99.558349609375 (ms) to 108.591796875 (ms), cudaEventElapsed = 9.000160217285156 (ms)
[RANK2] B @ 108.83837890625 (ms) to 118.281005859375 (ms), cudaEventElapsed = 9.412384033203125 (ms)
[RANK2] F @ 119.086181640625 (ms) to 128.150390625 (ms), cudaEventElapsed = 9.030431747436523 (ms)
[RANK2] B @ 128.39794921875 (ms) to 137.841064453125 (ms), cudaEventElapsed = 9.41312026977539 (ms)
[RANK2] F @ 138.1826171875 (ms) to 147.235107421875 (ms), cudaEventElapsed = 9.018303871154785 (ms)
[RANK2] B @ 147.52783203125 (ms) to 157.005859375 (ms), cudaEventElapsed = 9.447327613830566 (ms)
[RANK2] W @ 157.261474609375 (ms) to 163.631591796875 (ms), cudaEventElapsed = 6.337471961975098 (ms)
[RANK2] F @ 163.75634765625 (ms) to 172.699462890625 (ms), cudaEventElapsed = 8.920063972473145 (ms)
[RANK2] B @ 173.361328125 (ms) to 183.747802734375 (ms), cudaEventElapsed = 10.356351852416992 (ms)
[RANK2] B @ 184.363037109375 (ms) to 193.941650390625 (ms), cudaEventElapsed = 9.54736042022705 (ms)
[RANK2] W @ 194.205078125 (ms) to 200.44189453125 (ms), cudaEventElapsed = 6.214784145355225 (ms)
[RANK2] F @ 200.626708984375 (ms) to 209.613525390625 (ms), cudaEventElapsed = 8.964256286621094 (ms)
[RANK2] B @ 209.837158203125 (ms) to 219.318603515625 (ms), cudaEventElapsed = 9.450783729553223 (ms)
[RANK2] W @ 219.551025390625 (ms) to 226.149658203125 (ms), cudaEventElapsed = 6.173920154571533 (ms)
[RANK2] F @ 226.338134765625 (ms) to 235.327392578125 (ms), cudaEventElapsed = 8.964351654052734 (ms)
[RANK2] B @ 235.546142578125 (ms) to 244.9951171875 (ms), cudaEventElapsed = 9.4202880859375 (ms)
[RANK2] W @ 245.22998046875 (ms) to 251.880126953125 (ms), cudaEventElapsed = 6.209504127502441 (ms)
[RANK2] F @ 252.06787109375 (ms) to 261.09326171875 (ms), cudaEventElapsed = 9.002464294433594 (ms)
[RANK2] B @ 261.3212890625 (ms) to 270.830078125 (ms), cudaEventElapsed = 9.479167938232422 (ms)
[RANK2] W @ 271.01513671875 (ms) to 277.25927734375 (ms), cudaEventElapsed = 6.21398401260376 (ms)
[RANK2] W @ 277.37158203125 (ms) to 283.60498046875 (ms), cudaEventElapsed = 6.212831974029541 (ms)
[RANK2] B @ 283.714111328125 (ms) to 293.22021484375 (ms), cudaEventElapsed = 9.485376358032227 (ms)
[RANK2] 6W @ 293.40380859375 (ms) to 330.369873046875 (ms), cudaEventElapsed = 36.93539047241211 (ms)
[RANK2] Iteration 4
[RANK2] F @ 17.40185546875 (ms) to 26.860107421875 (ms), cudaEventElapsed = 9.40668773651123 (ms)
[RANK2] F @ 27.107421875 (ms) to 36.01708984375 (ms), cudaEventElapsed = 8.879263877868652 (ms)
[RANK2] F @ 36.8212890625 (ms) to 45.83984375 (ms), cudaEventElapsed = 8.986783981323242 (ms)
[RANK2] B @ 48.62841796875 (ms) to 59.298828125 (ms), cudaEventElapsed = 10.638336181640625 (ms)
[RANK2] F @ 59.641845703125 (ms) to 68.727294921875 (ms), cudaEventElapsed = 9.052032470703125 (ms)
[RANK2] B @ 68.997802734375 (ms) to 78.7890625 (ms), cudaEventElapsed = 9.761983871459961 (ms)
[RANK2] F @ 79.564208984375 (ms) to 88.612060546875 (ms), cudaEventElapsed = 9.01529598236084 (ms)
[RANK2] B @ 88.85546875 (ms) to 98.705322265625 (ms), cudaEventElapsed = 9.819135665893555 (ms)
[RANK2] F @ 99.479248046875 (ms) to 108.582275390625 (ms), cudaEventElapsed = 9.070752143859863 (ms)
[RANK2] B @ 108.8271484375 (ms) to 118.66845703125 (ms), cudaEventElapsed = 9.809791564941406 (ms)
[RANK2] F @ 119.404541015625 (ms) to 128.427734375 (ms), cudaEventElapsed = 8.99180793762207 (ms)
[RANK2] B @ 128.673095703125 (ms) to 138.5185546875 (ms), cudaEventElapsed = 9.8154878616333 (ms)
[RANK2] F @ 138.856689453125 (ms) to 148.083984375 (ms), cudaEventElapsed = 9.194432258605957 (ms)
[RANK2] B @ 148.366943359375 (ms) to 158.33056640625 (ms), cudaEventElapsed = 9.933504104614258 (ms)
[RANK2] W @ 158.573486328125 (ms) to 164.999267578125 (ms), cudaEventElapsed = 6.3961920738220215 (ms)
[RANK2] F @ 165.123046875 (ms) to 174.418701171875 (ms), cudaEventElapsed = 9.272640228271484 (ms)
[RANK2] B @ 175.057861328125 (ms) to 185.94384765625 (ms), cudaEventElapsed = 10.855008125305176 (ms)
[RANK2] B @ 186.68798828125 (ms) to 196.90380859375 (ms), cudaEventElapsed = 10.18336009979248 (ms)
[RANK2] W @ 197.0908203125 (ms) to 203.456298828125 (ms), cudaEventElapsed = 6.3355841636657715 (ms)
[RANK2] F @ 203.656005859375 (ms) to 212.92919921875 (ms), cudaEventElapsed = 9.248512268066406 (ms)
[RANK2] B @ 213.16455078125 (ms) to 223.20703125 (ms), cudaEventElapsed = 10.011008262634277 (ms)
[RANK2] W @ 223.444580078125 (ms) to 230.17626953125 (ms), cudaEventElapsed = 6.405888080596924 (ms)
[RANK2] F @ 230.361328125 (ms) to 239.680419921875 (ms), cudaEventElapsed = 9.289823532104492 (ms)
[RANK2] B @ 239.91650390625 (ms) to 249.975830078125 (ms), cudaEventElapsed = 10.029472351074219 (ms)
[RANK2] W @ 250.2138671875 (ms) to 257.05419921875 (ms), cudaEventElapsed = 6.386591911315918 (ms)
[RANK2] F @ 257.240966796875 (ms) to 266.60888671875 (ms), cudaEventElapsed = 9.343520164489746 (ms)
[RANK2] B @ 266.838623046875 (ms) to 276.9697265625 (ms), cudaEventElapsed = 10.100159645080566 (ms)
[RANK2] W @ 277.1533203125 (ms) to 283.540283203125 (ms), cudaEventElapsed = 6.356544017791748 (ms)
[RANK2] W @ 283.648193359375 (ms) to 290.0517578125 (ms), cudaEventElapsed = 6.384736061096191 (ms)
[RANK2] B @ 290.162841796875 (ms) to 300.216552734375 (ms), cudaEventElapsed = 10.033056259155273 (ms)
[RANK2] 6W @ 300.413330078125 (ms) to 338.93310546875 (ms), cudaEventElapsed = 38.48723220825195 (ms)
[RANK2] Iteration 5
[RANK2] F @ 18.21826171875 (ms) to 27.72998046875 (ms), cudaEventElapsed = 9.460960388183594 (ms)
[RANK2] F @ 27.9755859375 (ms) to 37.108154296875 (ms), cudaEventElapsed = 9.103520393371582 (ms)
[RANK2] F @ 37.892333984375 (ms) to 47.03369140625 (ms), cudaEventElapsed = 9.109855651855469 (ms)
[RANK2] B @ 50.330810546875 (ms) to 61.00634765625 (ms), cudaEventElapsed = 10.64515209197998 (ms)
[RANK2] F @ 61.352294921875 (ms) to 70.469482421875 (ms), cudaEventElapsed = 9.084768295288086 (ms)
[RANK2] B @ 70.727783203125 (ms) to 80.552490234375 (ms), cudaEventElapsed = 9.794848442077637 (ms)
[RANK2] F @ 81.30126953125 (ms) to 90.395263671875 (ms), cudaEventElapsed = 9.059871673583984 (ms)
[RANK2] B @ 90.63916015625 (ms) to 100.480224609375 (ms), cudaEventElapsed = 9.81107234954834 (ms)
[RANK2] F @ 101.251220703125 (ms) to 110.451416015625 (ms), cudaEventElapsed = 9.166015625 (ms)
[RANK2] B @ 110.7060546875 (ms) to 120.76953125 (ms), cudaEventElapsed = 10.030816078186035 (ms)
[RANK2] F @ 121.53271484375 (ms) to 130.92138671875 (ms), cudaEventElapsed = 9.355551719665527 (ms)
[RANK2] B @ 131.165283203125 (ms) to 141.212158203125 (ms), cudaEventElapsed = 10.01689624786377 (ms)
[RANK2] F @ 141.531494140625 (ms) to 150.8095703125 (ms), cudaEventElapsed = 9.2457275390625 (ms)
[RANK2] B @ 151.087646484375 (ms) to 161.0439453125 (ms), cudaEventElapsed = 9.925888061523438 (ms)
[RANK2] W @ 161.2880859375 (ms) to 167.742431640625 (ms), cudaEventElapsed = 6.423232078552246 (ms)
[RANK2] F @ 167.864501953125 (ms) to 176.955322265625 (ms), cudaEventElapsed = 9.06924819946289 (ms)
[RANK2] B @ 177.588623046875 (ms) to 188.42919921875 (ms), cudaEventElapsed = 10.811103820800781 (ms)
[RANK2] B @ 189.0478515625 (ms) to 199.125 (ms), cudaEventElapsed = 10.046303749084473 (ms)
[RANK2] W @ 199.22998046875 (ms) to 205.5556640625 (ms), cudaEventElapsed = 6.305024147033691 (ms)
[RANK2] F @ 205.721435546875 (ms) to 215.32861328125 (ms), cudaEventElapsed = 9.584063529968262 (ms)
[RANK2] B @ 215.578857421875 (ms) to 225.95751953125 (ms), cudaEventElapsed = 10.341728210449219 (ms)
[RANK2] W @ 226.197021484375 (ms) to 232.9951171875 (ms), cudaEventElapsed = 6.453951835632324 (ms)
[RANK2] F @ 233.18701171875 (ms) to 242.833251953125 (ms), cudaEventElapsed = 9.621983528137207 (ms)
[RANK2] B @ 243.069091796875 (ms) to 253.338134765625 (ms), cudaEventElapsed = 10.239007949829102 (ms)
[RANK2] W @ 253.579345703125 (ms) to 260.281005859375 (ms), cudaEventElapsed = 6.363840103149414 (ms)
[RANK2] F @ 260.468017578125 (ms) to 270.04150390625 (ms), cudaEventElapsed = 9.550368309020996 (ms)
[RANK2] B @ 270.275390625 (ms) to 280.4716796875 (ms), cudaEventElapsed = 10.166624069213867 (ms)
[RANK2] W @ 280.656494140625 (ms) to 287.06787109375 (ms), cudaEventElapsed = 6.380000114440918 (ms)
[RANK2] W @ 287.18017578125 (ms) to 293.604736328125 (ms), cudaEventElapsed = 6.403200149536133 (ms)
[RANK2] B @ 293.716064453125 (ms) to 303.80908203125 (ms), cudaEventElapsed = 10.072416305541992 (ms)
[RANK2] 6W @ 304.021240234375 (ms) to 342.067626953125 (ms), cudaEventElapsed = 38.01510238647461 (ms)
[RANK2] Iteration 6
[RANK2] F @ 18.536865234375 (ms) to 28.306396484375 (ms), cudaEventElapsed = 9.73145580291748 (ms)
[RANK2] F @ 28.555908203125 (ms) to 37.93359375 (ms), cudaEventElapsed = 9.348287582397461 (ms)
[RANK2] F @ 38.728759765625 (ms) to 48.21044921875 (ms), cudaEventElapsed = 9.452927589416504 (ms)
[RANK2] B @ 50.358642578125 (ms) to 60.9716796875 (ms), cudaEventElapsed = 10.582880020141602 (ms)
[RANK2] F @ 61.317138671875 (ms) to 70.422119140625 (ms), cudaEventElapsed = 9.071616172790527 (ms)
[RANK2] B @ 70.65234375 (ms) to 80.488525390625 (ms), cudaEventElapsed = 9.807647705078125 (ms)
[RANK2] F @ 81.241943359375 (ms) to 90.346923828125 (ms), cudaEventElapsed = 9.071231842041016 (ms)
[RANK2] B @ 90.589599609375 (ms) to 100.45556640625 (ms), cudaEventElapsed = 9.835295677185059 (ms)
[RANK2] F @ 101.2568359375 (ms) to 110.357177734375 (ms), cudaEventElapsed = 9.066559791564941 (ms)
[RANK2] B @ 111.068115234375 (ms) to 120.903076171875 (ms), cudaEventElapsed = 9.79651165008545 (ms)
[RANK2] F @ 121.668701171875 (ms) to 130.733154296875 (ms), cudaEventElapsed = 9.038847923278809 (ms)
[RANK2] B @ 130.97216796875 (ms) to 140.888427734375 (ms), cudaEventElapsed = 9.885408401489258 (ms)
[RANK2] F @ 141.23046875 (ms) to 150.445556640625 (ms), cudaEventElapsed = 9.182144165039062 (ms)
[RANK2] B @ 150.724365234375 (ms) to 160.663330078125 (ms), cudaEventElapsed = 9.90777587890625 (ms)
[RANK2] W @ 160.90869140625 (ms) to 167.333251953125 (ms), cudaEventElapsed = 6.394207954406738 (ms)
[RANK2] F @ 167.45947265625 (ms) to 176.726806640625 (ms), cudaEventElapsed = 9.244799613952637 (ms)
[RANK2] B @ 177.390869140625 (ms) to 188.591064453125 (ms), cudaEventElapsed = 11.16972827911377 (ms)
[RANK2] B @ 189.207275390625 (ms) to 199.32080078125 (ms), cudaEventElapsed = 10.079968452453613 (ms)
[RANK2] W @ 199.505615234375 (ms) to 205.860107421875 (ms), cudaEventElapsed = 6.323872089385986 (ms)
[RANK2] F @ 206.061767578125 (ms) to 215.322509765625 (ms), cudaEventElapsed = 9.235967636108398 (ms)
[RANK2] B @ 215.55859375 (ms) to 225.6572265625 (ms), cudaEventElapsed = 10.067328453063965 (ms)
[RANK2] W @ 225.896728515625 (ms) to 232.691162109375 (ms), cudaEventElapsed = 6.315936088562012 (ms)
[RANK2] F @ 232.884765625 (ms) to 242.357666015625 (ms), cudaEventElapsed = 9.447839736938477 (ms)
[RANK2] B @ 242.590087890625 (ms) to 252.81884765625 (ms), cudaEventElapsed = 10.19814395904541 (ms)
[RANK2] W @ 253.05615234375 (ms) to 259.853759765625 (ms), cudaEventElapsed = 6.331295967102051 (ms)
[RANK2] F @ 260.0478515625 (ms) to 269.54248046875 (ms), cudaEventElapsed = 9.470368385314941 (ms)
[RANK2] B @ 269.77734375 (ms) to 279.907958984375 (ms), cudaEventElapsed = 10.099007606506348 (ms)
[RANK2] W @ 280.093505859375 (ms) to 286.51904296875 (ms), cudaEventElapsed = 6.396160125732422 (ms)
[RANK2] W @ 286.6337890625 (ms) to 293.052978515625 (ms), cudaEventElapsed = 6.398047924041748 (ms)
[RANK2] B @ 293.166015625 (ms) to 303.46142578125 (ms), cudaEventElapsed = 10.274496078491211 (ms)
[RANK2] 6W @ 303.651123046875 (ms) to 342.281005859375 (ms), cudaEventElapsed = 38.60019302368164 (ms)
[RANK2] Iteration 7
[RANK2] F @ 18.234375 (ms) to 28.847412109375 (ms), cudaEventElapsed = 10.576000213623047 (ms)
[RANK2] F @ 29.101318359375 (ms) to 38.330078125 (ms), cudaEventElapsed = 9.199295997619629 (ms)
[RANK2] F @ 39.130126953125 (ms) to 48.3818359375 (ms), cudaEventElapsed = 9.221183776855469 (ms)
[RANK2] B @ 51.0361328125 (ms) to 61.58740234375 (ms), cudaEventElapsed = 10.51859188079834 (ms)
[RANK2] F @ 61.93896484375 (ms) to 71.095947265625 (ms), cudaEventElapsed = 9.12342357635498 (ms)
[RANK2] B @ 71.344482421875 (ms) to 81.22705078125 (ms), cudaEventElapsed = 9.852864265441895 (ms)
[RANK2] F @ 82.068359375 (ms) to 91.25048828125 (ms), cudaEventElapsed = 9.144160270690918 (ms)
[RANK2] B @ 91.490966796875 (ms) to 101.32080078125 (ms), cudaEventElapsed = 9.799263954162598 (ms)
[RANK2] F @ 102.06396484375 (ms) to 111.158203125 (ms), cudaEventElapsed = 9.060352325439453 (ms)
[RANK2] B @ 111.438232421875 (ms) to 121.294921875 (ms), cudaEventElapsed = 9.82528018951416 (ms)
[RANK2] F @ 122.017578125 (ms) to 131.13232421875 (ms), cudaEventElapsed = 9.080896377563477 (ms)
[RANK2] B @ 131.368408203125 (ms) to 141.208984375 (ms), cudaEventElapsed = 9.808799743652344 (ms)
[RANK2] F @ 141.5478515625 (ms) to 150.631103515625 (ms), cudaEventElapsed = 9.049375534057617 (ms)
[RANK2] B @ 150.9189453125 (ms) to 160.776123046875 (ms), cudaEventElapsed = 9.824895858764648 (ms)
[RANK2] W @ 161.03271484375 (ms) to 167.491943359375 (ms), cudaEventElapsed = 6.42793607711792 (ms)
[RANK2] F @ 167.61328125 (ms) to 176.689453125 (ms), cudaEventElapsed = 9.048928260803223 (ms)
[RANK2] B @ 177.331298828125 (ms) to 188.397216796875 (ms), cudaEventElapsed = 11.034463882446289 (ms)
[RANK2] B @ 189.137939453125 (ms) to 199.25146484375 (ms), cudaEventElapsed = 10.07913589477539 (ms)
[RANK2] W @ 199.44970703125 (ms) to 205.821533203125 (ms), cudaEventElapsed = 6.340928077697754 (ms)
[RANK2] F @ 206.021728515625 (ms) to 215.192626953125 (ms), cudaEventElapsed = 9.14681625366211 (ms)
[RANK2] B @ 215.439208984375 (ms) to 225.341796875 (ms), cudaEventElapsed = 9.87168025970459 (ms)
[RANK2] W @ 225.578369140625 (ms) to 232.377197265625 (ms), cudaEventElapsed = 6.374015808105469 (ms)
[RANK2] F @ 232.56494140625 (ms) to 242.099365234375 (ms), cudaEventElapsed = 9.511615753173828 (ms)
[RANK2] B @ 242.33447265625 (ms) to 252.521728515625 (ms), cudaEventElapsed = 10.155839920043945 (ms)
[RANK2] W @ 252.752685546875 (ms) to 259.659912109375 (ms), cudaEventElapsed = 6.39734411239624 (ms)
[RANK2] F @ 259.85205078125 (ms) to 269.37744140625 (ms), cudaEventElapsed = 9.502047538757324 (ms)
[RANK2] B @ 269.611328125 (ms) to 279.905517578125 (ms), cudaEventElapsed = 10.263104438781738 (ms)
[RANK2] W @ 280.0888671875 (ms) to 286.5224609375 (ms), cudaEventElapsed = 6.40172815322876 (ms)
[RANK2] W @ 286.6318359375 (ms) to 293.087646484375 (ms), cudaEventElapsed = 6.435296058654785 (ms)
[RANK2] B @ 293.201171875 (ms) to 303.43798828125 (ms), cudaEventElapsed = 10.215840339660645 (ms)
[RANK2] 6W @ 303.636474609375 (ms) to 342.305419921875 (ms), cudaEventElapsed = 38.63750457763672 (ms)
[RANK2] Iteration 8
[RANK2] F @ 303.462890625 (ms) to 478.119873046875 (ms), cudaEventElapsed = 174.61436462402344 (ms)
[RANK2] F @ 478.42138671875 (ms) to 486.773193359375 (ms), cudaEventElapsed = 8.320608139038086 (ms)
[RANK2] F @ 487.5322265625 (ms) to 495.874267578125 (ms), cudaEventElapsed = 8.312031745910645 (ms)
[RANK2] F @ 496.1884765625 (ms) to 504.54931640625 (ms), cudaEventElapsed = 8.330528259277344 (ms)
[RANK2] F @ 650.540283203125 (ms) to 658.905517578125 (ms), cudaEventElapsed = 8.331583976745605 (ms)
[RANK2] F @ 659.966064453125 (ms) to 668.289306640625 (ms), cudaEventElapsed = 8.293279647827148 (ms)
[RANK2] F @ 668.837646484375 (ms) to 677.176513671875 (ms), cudaEventElapsed = 8.309823989868164 (ms)
[RANK2] F @ 677.755615234375 (ms) to 686.077392578125 (ms), cudaEventElapsed = 8.292256355285645 (ms)
[RANK2] F @ 687.0078125 (ms) to 695.411376953125 (ms), cudaEventElapsed = 8.373344421386719 (ms)
[RANK2] F @ 696.07275390625 (ms) to 704.416015625 (ms), cudaEventElapsed = 8.313247680664062 (ms)
[RANK2] F @ 713.64599609375 (ms) to 721.98583984375 (ms), cudaEventElapsed = 8.309951782226562 (ms)
[RANK2] F @ 722.949462890625 (ms) to 731.284423828125 (ms), cudaEventElapsed = 8.303808212280273 (ms)
