[RANK0] Iteration 1
[RANK0] F @ 0.40673828125 (ms) to 525.971923828125 (ms), cudaEventElapsed = 525.5074462890625 (ms)
[RANK0] F @ 590.945556640625 (ms) to 617.0888671875 (ms), cudaEventElapsed = 26.081279754638672 (ms)
[RANK0] F @ 617.298095703125 (ms) to 642.33740234375 (ms), cudaEventElapsed = 24.999935150146484 (ms)
[RANK0] F @ 642.502685546875 (ms) to 668.5009765625 (ms), cudaEventElapsed = 25.954303741455078 (ms)
[RANK0] F @ 668.72607421875 (ms) to 709.276611328125 (ms), cudaEventElapsed = 25.797632217407227 (ms)
[RANK0] F @ 709.434326171875 (ms) to 797.839599609375 (ms), cudaEventElapsed = 24.475648880004883 (ms)
[RANK0] F @ 797.99853515625 (ms) to 895.328125 (ms), cudaEventElapsed = 24.383487701416016 (ms)
[RANK0] B @ 1837.469970703125 (ms) to 1927.549072265625 (ms), cudaEventElapsed = 90.0185317993164 (ms)
[RANK0] F @ 1927.902099609375 (ms) to 1952.9365234375 (ms), cudaEventElapsed = 24.990720748901367 (ms)
[RANK0] B @ 1953.331298828125 (ms) to 1986.814208984375 (ms), cudaEventElapsed = 33.443870544433594 (ms)
[RANK0] W @ 1987.0712890625 (ms) to 2002.928955078125 (ms), cudaEventElapsed = 15.820799827575684 (ms)
[RANK0] F @ 2002.95458984375 (ms) to 2029.142822265625 (ms), cudaEventElapsed = 26.159103393554688 (ms)
[RANK0] B @ 2030.606689453125 (ms) to 2067.224609375 (ms), cudaEventElapsed = 36.570945739746094 (ms)
[RANK0] B @ 2087.306396484375 (ms) to 2119.924072265625 (ms), cudaEventElapsed = 32.567169189453125 (ms)
[RANK0] W @ 2119.968994140625 (ms) to 2133.80322265625 (ms), cudaEventElapsed = 13.807616233825684 (ms)
[RANK0] F @ 2134.05322265625 (ms) to 2160.338134765625 (ms), cudaEventElapsed = 26.248191833496094 (ms)
[RANK0] B @ 2191.832763671875 (ms) to 2225.572265625 (ms), cudaEventElapsed = 33.68524932861328 (ms)
[RANK0] B @ 2234.83154296875 (ms) to 2267.2421875 (ms), cudaEventElapsed = 32.343040466308594 (ms)
[RANK0] W @ 2267.298828125 (ms) to 2281.486083984375 (ms), cudaEventElapsed = 14.142463684082031 (ms)
[RANK0] F @ 2281.74365234375 (ms) to 2308.418212890625 (ms), cudaEventElapsed = 26.639360427856445 (ms)
[RANK0] B @ 2337.048095703125 (ms) to 2370.896728515625 (ms), cudaEventElapsed = 33.7894401550293 (ms)
[RANK0] B @ 2379.505126953125 (ms) to 2411.885986328125 (ms), cudaEventElapsed = 32.33305740356445 (ms)
[RANK0] W @ 2411.92578125 (ms) to 2426.2568359375 (ms), cudaEventElapsed = 14.301183700561523 (ms)
[RANK0] F @ 2426.46826171875 (ms) to 2453.133544921875 (ms), cudaEventElapsed = 26.632192611694336 (ms)
[RANK0] W @ 2453.32958984375 (ms) to 2493.52001953125 (ms), cudaEventElapsed = 14.554112434387207 (ms)
[RANK0] W @ 2493.544189453125 (ms) to 2507.622314453125 (ms), cudaEventElapsed = 14.038016319274902 (ms)
[RANK0] W @ 2507.834716796875 (ms) to 2523.1669921875 (ms), cudaEventElapsed = 15.300607681274414 (ms)
[RANK0] W @ 2523.181396484375 (ms) to 2539.177734375 (ms), cudaEventElapsed = 15.959039688110352 (ms)
[RANK0] B @ 2539.406494140625 (ms) to 2575.21337890625 (ms), cudaEventElapsed = 35.76607894897461 (ms)
[RANK0] W @ 2575.568115234375 (ms) to 2595.910888671875 (ms), cudaEventElapsed = 14.791680335998535 (ms)
[RANK0] B @ 2596.151611328125 (ms) to 2630.783935546875 (ms), cudaEventElapsed = 34.586814880371094 (ms)
[RANK0] W @ 2630.83935546875 (ms) to 2646.384765625 (ms), cudaEventElapsed = 15.499263763427734 (ms)
[RANK0] B @ 2667.429443359375 (ms) to 2700.899169921875 (ms), cudaEventElapsed = 33.42108917236328 (ms)
[RANK0] W @ 2700.947998046875 (ms) to 2715.29443359375 (ms), cudaEventElapsed = 14.301183700561523 (ms)
[RANK0] B @ 2756.664306640625 (ms) to 2788.483642578125 (ms), cudaEventElapsed = 31.777536392211914 (ms)
[RANK0] 1W @ 2788.525146484375 (ms) to 2802.4189453125 (ms), cudaEventElapsed = 13.863936424255371 (ms)
[RANK0] Iteration 2
[RANK0] F @ 2.135009765625 (ms) to 27.31591796875 (ms), cudaEventElapsed = 25.132959365844727 (ms)
[RANK0] F @ 27.5634765625 (ms) to 52.87255859375 (ms), cudaEventElapsed = 25.26924705505371 (ms)
[RANK0] F @ 53.08203125 (ms) to 80.444580078125 (ms), cudaEventElapsed = 27.32851219177246 (ms)
[RANK0] F @ 80.654052734375 (ms) to 108.72119140625 (ms), cudaEventElapsed = 28.033023834228516 (ms)
[RANK0] F @ 108.997314453125 (ms) to 137.12060546875 (ms), cudaEventElapsed = 28.086271286010742 (ms)
[RANK0] F @ 137.40185546875 (ms) to 165.257568359375 (ms), cudaEventElapsed = 27.819007873535156 (ms)
[RANK0] F @ 165.50439453125 (ms) to 193.60791015625 (ms), cudaEventElapsed = 28.068864822387695 (ms)
[RANK0] B @ 270.882080078125 (ms) to 302.759033203125 (ms), cudaEventElapsed = 31.806400299072266 (ms)
[RANK0] F @ 303.10546875 (ms) to 328.759033203125 (ms), cudaEventElapsed = 25.612287521362305 (ms)
[RANK0] B @ 351.1923828125 (ms) to 384.20068359375 (ms), cudaEventElapsed = 32.94784164428711 (ms)
[RANK0] W @ 384.524169921875 (ms) to 399.180908203125 (ms), cudaEventElapsed = 14.617600440979004 (ms)
[RANK0] F @ 399.267578125 (ms) to 425.59423828125 (ms), cudaEventElapsed = 26.291200637817383 (ms)
[RANK0] B @ 433.115478515625 (ms) to 469.508056640625 (ms), cudaEventElapsed = 36.34364700317383 (ms)
[RANK0] B @ 512.610595703125 (ms) to 544.5595703125 (ms), cudaEventElapsed = 31.887104034423828 (ms)
[RANK0] W @ 544.681884765625 (ms) to 558.63818359375 (ms), cudaEventElapsed = 13.916159629821777 (ms)
[RANK0] F @ 558.93408203125 (ms) to 585.1064453125 (ms), cudaEventElapsed = 26.1345272064209 (ms)
[RANK0] B @ 616.143310546875 (ms) to 649.873291015625 (ms), cudaEventElapsed = 33.67465591430664 (ms)
[RANK0] B @ 669.091796875 (ms) to 700.968017578125 (ms), cudaEventElapsed = 31.829856872558594 (ms)
[RANK0] W @ 701.087890625 (ms) to 714.99462890625 (ms), cudaEventElapsed = 13.855744361877441 (ms)
[RANK0] F @ 715.349365234375 (ms) to 741.5888671875 (ms), cudaEventElapsed = 26.200063705444336 (ms)
[RANK0] B @ 778.361083984375 (ms) to 811.98876953125 (ms), cudaEventElapsed = 33.550113677978516 (ms)
[RANK0] B @ 819.90478515625 (ms) to 852.156005859375 (ms), cudaEventElapsed = 32.1998405456543 (ms)
[RANK0] W @ 852.28857421875 (ms) to 866.596435546875 (ms), cudaEventElapsed = 14.26534366607666 (ms)
[RANK0] F @ 866.903076171875 (ms) to 893.6689453125 (ms), cudaEventElapsed = 26.72537612915039 (ms)
[RANK0] W @ 893.95751953125 (ms) to 936.23974609375 (ms), cudaEventElapsed = 14.309375762939453 (ms)
[RANK0] W @ 936.349365234375 (ms) to 950.63525390625 (ms), cudaEventElapsed = 14.239744186401367 (ms)
[RANK0] W @ 950.96875 (ms) to 965.996337890625 (ms), cudaEventElapsed = 14.989312171936035 (ms)
[RANK0] W @ 966.06982421875 (ms) to 982.0146484375 (ms), cudaEventElapsed = 15.915007591247559 (ms)
[RANK0] B @ 982.2451171875 (ms) to 1018.200439453125 (ms), cudaEventElapsed = 35.919071197509766 (ms)
[RANK0] W @ 1018.54833984375 (ms) to 1040.35302734375 (ms), cudaEventElapsed = 15.255552291870117 (ms)
[RANK0] B @ 1040.60546875 (ms) to 1075.342041015625 (ms), cudaEventElapsed = 34.69388961791992 (ms)
[RANK0] W @ 1075.47265625 (ms) to 1090.65771484375 (ms), cudaEventElapsed = 15.131648063659668 (ms)
[RANK0] B @ 1121.937744140625 (ms) to 1155.05126953125 (ms), cudaEventElapsed = 33.053504943847656 (ms)
[RANK0] W @ 1155.175048828125 (ms) to 1169.29541015625 (ms), cudaEventElapsed = 14.078975677490234 (ms)
[RANK0] B @ 1209.7587890625 (ms) to 1241.55224609375 (ms), cudaEventElapsed = 31.734495162963867 (ms)
[RANK0] 1W @ 1241.675537109375 (ms) to 1255.793701171875 (ms), cudaEventElapsed = 14.073856353759766 (ms)
[RANK0] Iteration 3
[RANK0] F @ 2.255615234375 (ms) to 27.486328125 (ms), cudaEventElapsed = 25.180927276611328 (ms)
[RANK0] F @ 27.80859375 (ms) to 53.383544921875 (ms), cudaEventElapsed = 25.53548812866211 (ms)
[RANK0] F @ 53.644775390625 (ms) to 80.489990234375 (ms), cudaEventElapsed = 26.805248260498047 (ms)
[RANK0] F @ 80.736083984375 (ms) to 109.083740234375 (ms), cudaEventElapsed = 28.304384231567383 (ms)
[RANK0] F @ 109.465087890625 (ms) to 137.78271484375 (ms), cudaEventElapsed = 28.267520904541016 (ms)
[RANK0] F @ 138.084716796875 (ms) to 166.334716796875 (ms), cudaEventElapsed = 28.214271545410156 (ms)
[RANK0] F @ 166.55859375 (ms) to 194.29443359375 (ms), cudaEventElapsed = 27.701248168945312 (ms)
[RANK0] B @ 274.703125 (ms) to 306.75146484375 (ms), cudaEventElapsed = 31.979263305664062 (ms)
[RANK0] F @ 307.166015625 (ms) to 332.916259765625 (ms), cudaEventElapsed = 25.696256637573242 (ms)
[RANK0] B @ 353.892333984375 (ms) to 387.196044921875 (ms), cudaEventElapsed = 33.227134704589844 (ms)
[RANK0] W @ 387.542236328125 (ms) to 402.271240234375 (ms), cudaEventElapsed = 14.683135986328125 (ms)
[RANK0] F @ 402.37451171875 (ms) to 429.041748046875 (ms), cudaEventElapsed = 26.625024795532227 (ms)
[RANK0] B @ 435.200439453125 (ms) to 470.551025390625 (ms), cudaEventElapsed = 35.29148864746094 (ms)
[RANK0] B @ 513.646728515625 (ms) to 545.720458984375 (ms), cudaEventElapsed = 31.98806381225586 (ms)
[RANK0] W @ 545.885986328125 (ms) to 559.89990234375 (ms), cudaEventElapsed = 13.928447723388672 (ms)
[RANK0] F @ 560.412109375 (ms) to 587.93994140625 (ms), cudaEventElapsed = 27.456512451171875 (ms)
[RANK0] B @ 618.184814453125 (ms) to 652.372314453125 (ms), cudaEventElapsed = 34.07555389404297 (ms)
[RANK0] B @ 670.401123046875 (ms) to 702.5888671875 (ms), cudaEventElapsed = 32.10969543457031 (ms)
[RANK0] W @ 702.728759765625 (ms) to 716.6982421875 (ms), cudaEventElapsed = 13.919232368469238 (ms)
[RANK0] F @ 717.077392578125 (ms) to 743.763671875 (ms), cudaEventElapsed = 26.638336181640625 (ms)
[RANK0] B @ 778.7236328125 (ms) to 812.501708984375 (ms), cudaEventElapsed = 33.709312438964844 (ms)
[RANK0] B @ 820.14453125 (ms) to 852.462158203125 (ms), cudaEventElapsed = 32.26220703125 (ms)
[RANK0] W @ 852.6064453125 (ms) to 866.814208984375 (ms), cudaEventElapsed = 14.142463684082031 (ms)
[RANK0] F @ 867.18115234375 (ms) to 893.67529296875 (ms), cudaEventElapsed = 26.451967239379883 (ms)
[RANK0] W @ 893.9189453125 (ms) to 936.593994140625 (ms), cudaEventElapsed = 14.115839958190918 (ms)
[RANK0] W @ 936.724853515625 (ms) to 950.939453125 (ms), cudaEventElapsed = 14.156800270080566 (ms)
[RANK0] W @ 951.2626953125 (ms) to 966.15185546875 (ms), cudaEventElapsed = 14.852095603942871 (ms)
[RANK0] W @ 966.22119140625 (ms) to 981.90185546875 (ms), cudaEventElapsed = 15.633407592773438 (ms)
[RANK0] B @ 982.161376953125 (ms) to 1018.09814453125 (ms), cudaEventElapsed = 35.897377014160156 (ms)
[RANK0] W @ 1018.455322265625 (ms) to 1041.199462890625 (ms), cudaEventElapsed = 15.69484806060791 (ms)
[RANK0] B @ 1041.46923828125 (ms) to 1076.126953125 (ms), cudaEventElapsed = 34.61366271972656 (ms)
[RANK0] W @ 1076.286376953125 (ms) to 1091.448974609375 (ms), cudaEventElapsed = 15.1080961227417 (ms)
[RANK0] B @ 1123.80859375 (ms) to 1157.071533203125 (ms), cudaEventElapsed = 33.19366455078125 (ms)
[RANK0] W @ 1157.195068359375 (ms) to 1171.38427734375 (ms), cudaEventElapsed = 14.135295867919922 (ms)
[RANK0] B @ 1211.28857421875 (ms) to 1243.321044921875 (ms), cudaEventElapsed = 31.962080001831055 (ms)
[RANK0] 1W @ 1243.43359375 (ms) to 1257.3154296875 (ms), cudaEventElapsed = 13.839360237121582 (ms)
[RANK0] Iteration 4
[RANK0] F @ 1.997314453125 (ms) to 27.515625 (ms), cudaEventElapsed = 25.469791412353516 (ms)
[RANK0] F @ 27.84619140625 (ms) to 55.115478515625 (ms), cudaEventElapsed = 27.205631256103516 (ms)
[RANK0] F @ 55.476806640625 (ms) to 83.59619140625 (ms), cudaEventElapsed = 28.064767837524414 (ms)
[RANK0] F @ 83.96923828125 (ms) to 112.817626953125 (ms), cudaEventElapsed = 28.793855667114258 (ms)
[RANK0] F @ 113.196044921875 (ms) to 141.8388671875 (ms), cudaEventElapsed = 28.595199584960938 (ms)
[RANK0] F @ 142.161376953125 (ms) to 169.97021484375 (ms), cudaEventElapsed = 27.75961685180664 (ms)
[RANK0] F @ 170.29638671875 (ms) to 199.2900390625 (ms), cudaEventElapsed = 28.94643211364746 (ms)
[RANK0] B @ 270.910888671875 (ms) to 303.1416015625 (ms), cudaEventElapsed = 32.13225555419922 (ms)
[RANK0] F @ 303.654541015625 (ms) to 329.9677734375 (ms), cudaEventElapsed = 26.244096755981445 (ms)
[RANK0] B @ 352.301025390625 (ms) to 385.63818359375 (ms), cudaEventElapsed = 33.24003219604492 (ms)
[RANK0] W @ 385.994873046875 (ms) to 400.4658203125 (ms), cudaEventElapsed = 14.415871620178223 (ms)
[RANK0] F @ 400.5810546875 (ms) to 426.856201171875 (ms), cudaEventElapsed = 26.210304260253906 (ms)
[RANK0] B @ 434.481689453125 (ms) to 470.970703125 (ms), cudaEventElapsed = 36.417537689208984 (ms)
[RANK0] B @ 513.9755859375 (ms) to 546.10205078125 (ms), cudaEventElapsed = 32.05331039428711 (ms)
[RANK0] W @ 546.25048828125 (ms) to 559.989990234375 (ms), cudaEventElapsed = 13.683712005615234 (ms)
[RANK0] F @ 560.333251953125 (ms) to 586.579833984375 (ms), cudaEventElapsed = 26.206207275390625 (ms)
[RANK0] B @ 617.7587890625 (ms) to 651.74267578125 (ms), cudaEventElapsed = 33.86771011352539 (ms)
[RANK0] B @ 668.51318359375 (ms) to 700.87548828125 (ms), cudaEventElapsed = 32.281185150146484 (ms)
[RANK0] W @ 701.037109375 (ms) to 714.910888671875 (ms), cudaEventElapsed = 13.819904327392578 (ms)
[RANK0] F @ 715.28173828125 (ms) to 741.6904296875 (ms), cudaEventElapsed = 26.364927291870117 (ms)
[RANK0] B @ 777.439208984375 (ms) to 811.2197265625 (ms), cudaEventElapsed = 33.708160400390625 (ms)
[RANK0] B @ 819.2744140625 (ms) to 851.6728515625 (ms), cudaEventElapsed = 32.34592056274414 (ms)
[RANK0] W @ 851.79443359375 (ms) to 865.998779296875 (ms), cudaEventElapsed = 14.155776023864746 (ms)
[RANK0] F @ 866.292236328125 (ms) to 893.25537109375 (ms), cudaEventElapsed = 26.92505645751953 (ms)
[RANK0] W @ 893.510986328125 (ms) to 934.419921875 (ms), cudaEventElapsed = 14.645248413085938 (ms)
[RANK0] W @ 934.530517578125 (ms) to 948.343505859375 (ms), cudaEventElapsed = 13.766655921936035 (ms)
[RANK0] W @ 948.66748046875 (ms) to 964.00439453125 (ms), cudaEventElapsed = 15.294464111328125 (ms)
[RANK0] W @ 964.087890625 (ms) to 980.09130859375 (ms), cudaEventElapsed = 15.967231750488281 (ms)
[RANK0] B @ 980.366455078125 (ms) to 1016.37939453125 (ms), cudaEventElapsed = 35.96489715576172 (ms)
[RANK0] W @ 1016.803466796875 (ms) to 1040.413330078125 (ms), cudaEventElapsed = 14.57254409790039 (ms)
[RANK0] B @ 1040.71923828125 (ms) to 1075.123779296875 (ms), cudaEventElapsed = 34.359745025634766 (ms)
[RANK0] W @ 1075.26611328125 (ms) to 1090.5390625 (ms), cudaEventElapsed = 15.218688011169434 (ms)
[RANK0] B @ 1125.32470703125 (ms) to 1158.6416015625 (ms), cudaEventElapsed = 33.253089904785156 (ms)
[RANK0] W @ 1158.752685546875 (ms) to 1172.79248046875 (ms), cudaEventElapsed = 14.003199577331543 (ms)
[RANK0] B @ 1213.365966796875 (ms) to 1245.42236328125 (ms), cudaEventElapsed = 31.98796844482422 (ms)
[RANK0] 1W @ 1245.5634765625 (ms) to 1259.432373046875 (ms), cudaEventElapsed = 13.822976112365723 (ms)
[RANK0] Iteration 5
[RANK0] F @ 2.169189453125 (ms) to 27.604248046875 (ms), cudaEventElapsed = 25.392864227294922 (ms)
[RANK0] F @ 27.882568359375 (ms) to 52.95654296875 (ms), cudaEventElapsed = 25.028608322143555 (ms)
[RANK0] F @ 53.231201171875 (ms) to 81.1259765625 (ms), cudaEventElapsed = 27.851776123046875 (ms)
[RANK0] F @ 81.417236328125 (ms) to 109.759033203125 (ms), cudaEventElapsed = 28.297216415405273 (ms)
[RANK0] F @ 110.11669921875 (ms) to 138.239990234375 (ms), cudaEventElapsed = 28.071935653686523 (ms)
[RANK0] F @ 138.603759765625 (ms) to 167.33154296875 (ms), cudaEventElapsed = 28.676095962524414 (ms)
[RANK0] F @ 167.57421875 (ms) to 195.508544921875 (ms), cudaEventElapsed = 27.879423141479492 (ms)
[RANK0] B @ 272.659423828125 (ms) to 305.87548828125 (ms), cudaEventElapsed = 33.13996887207031 (ms)
[RANK0] F @ 306.18798828125 (ms) to 332.001953125 (ms), cudaEventElapsed = 25.7761287689209 (ms)
[RANK0] B @ 358.146484375 (ms) to 391.98779296875 (ms), cudaEventElapsed = 33.77699279785156 (ms)
[RANK0] W @ 392.326171875 (ms) to 407.66455078125 (ms), cudaEventElapsed = 15.300607681274414 (ms)
[RANK0] F @ 407.750244140625 (ms) to 434.64892578125 (ms), cudaEventElapsed = 26.863616943359375 (ms)
[RANK0] B @ 442.984619140625 (ms) to 479.82763671875 (ms), cudaEventElapsed = 36.78956985473633 (ms)
[RANK0] B @ 524.875244140625 (ms) to 557.611328125 (ms), cudaEventElapsed = 32.671871185302734 (ms)
[RANK0] W @ 557.73193359375 (ms) to 572.31298828125 (ms), cudaEventElapsed = 14.539775848388672 (ms)
[RANK0] F @ 572.624755859375 (ms) to 600.389404296875 (ms), cudaEventElapsed = 27.727872848510742 (ms)
[RANK0] B @ 638.11669921875 (ms) to 672.481689453125 (ms), cudaEventElapsed = 34.30108642578125 (ms)
[RANK0] B @ 689.375244140625 (ms) to 722.827880859375 (ms), cudaEventElapsed = 33.396095275878906 (ms)
[RANK0] W @ 722.94482421875 (ms) to 738.562744140625 (ms), cudaEventElapsed = 15.574015617370605 (ms)
[RANK0] F @ 738.89013671875 (ms) to 767.814697265625 (ms), cudaEventElapsed = 28.879871368408203 (ms)
[RANK0] B @ 805.71337890625 (ms) to 839.7529296875 (ms), cudaEventElapsed = 33.967166900634766 (ms)
[RANK0] B @ 849.3671875 (ms) to 882.62109375 (ms), cudaEventElapsed = 33.2020149230957 (ms)
[RANK0] W @ 882.7392578125 (ms) to 898.461669921875 (ms), cudaEventElapsed = 15.67743968963623 (ms)
[RANK0] F @ 898.759521484375 (ms) to 927.473388671875 (ms), cudaEventElapsed = 28.679168701171875 (ms)
[RANK0] W @ 927.732666015625 (ms) to 979.144775390625 (ms), cudaEventElapsed = 14.38105583190918 (ms)
[RANK0] W @ 979.258056640625 (ms) to 993.5673828125 (ms), cudaEventElapsed = 14.262271881103516 (ms)
[RANK0] W @ 993.89697265625 (ms) to 1011.17236328125 (ms), cudaEventElapsed = 17.2359676361084 (ms)
[RANK0] W @ 1011.24267578125 (ms) to 1029.27587890625 (ms), cudaEventElapsed = 18.001920700073242 (ms)
[RANK0] B @ 1029.513671875 (ms) to 1067.375 (ms), cudaEventElapsed = 37.820030212402344 (ms)
[RANK0] W @ 1067.749755859375 (ms) to 1094.140625 (ms), cudaEventElapsed = 15.896575927734375 (ms)
[RANK0] B @ 1094.427734375 (ms) to 1130.633544921875 (ms), cudaEventElapsed = 36.15795135498047 (ms)
[RANK0] W @ 1130.771240234375 (ms) to 1147.142578125 (ms), cudaEventElapsed = 16.316415786743164 (ms)
[RANK0] B @ 1188.714111328125 (ms) to 1223.135986328125 (ms), cudaEventElapsed = 34.346336364746094 (ms)
[RANK0] W @ 1223.26513671875 (ms) to 1239.072021484375 (ms), cudaEventElapsed = 15.752191543579102 (ms)
[RANK0] B @ 1289.11083984375 (ms) to 1322.228515625 (ms), cudaEventElapsed = 33.04460906982422 (ms)
[RANK0] 1W @ 1322.340576171875 (ms) to 1337.42041015625 (ms), cudaEventElapsed = 15.041536331176758 (ms)
[RANK0] Iteration 6
[RANK0] F @ 2.187744140625 (ms) to 27.745361328125 (ms), cudaEventElapsed = 25.517663955688477 (ms)
[RANK0] F @ 27.9892578125 (ms) to 53.715087890625 (ms), cudaEventElapsed = 25.688064575195312 (ms)
[RANK0] F @ 53.95751953125 (ms) to 81.4560546875 (ms), cudaEventElapsed = 27.461631774902344 (ms)
[RANK0] F @ 81.68017578125 (ms) to 110.007080078125 (ms), cudaEventElapsed = 28.285951614379883 (ms)
[RANK0] F @ 110.314208984375 (ms) to 138.571044921875 (ms), cudaEventElapsed = 28.209152221679688 (ms)
[RANK0] F @ 139.0078125 (ms) to 167.294189453125 (ms), cudaEventElapsed = 28.247039794921875 (ms)
[RANK0] F @ 167.515380859375 (ms) to 195.473876953125 (ms), cudaEventElapsed = 27.92243194580078 (ms)
[RANK0] B @ 273.210205078125 (ms) to 306.527587890625 (ms), cudaEventElapsed = 33.241695404052734 (ms)
[RANK0] F @ 306.852294921875 (ms) to 333.349365234375 (ms), cudaEventElapsed = 26.457088470458984 (ms)
[RANK0] B @ 357.18310546875 (ms) to 391.0400390625 (ms), cudaEventElapsed = 33.80739212036133 (ms)
[RANK0] W @ 391.295654296875 (ms) to 407.48876953125 (ms), cudaEventElapsed = 16.149503707885742 (ms)
[RANK0] F @ 407.54736328125 (ms) to 436.03955078125 (ms), cudaEventElapsed = 28.459007263183594 (ms)
[RANK0] B @ 442.633056640625 (ms) to 479.90478515625 (ms), cudaEventElapsed = 37.22243118286133 (ms)
[RANK0] B @ 525.2421875 (ms) to 558.593017578125 (ms), cudaEventElapsed = 33.29753494262695 (ms)
[RANK0] W @ 558.682861328125 (ms) to 573.7841796875 (ms), cudaEventElapsed = 15.069184303283691 (ms)
[RANK0] F @ 574.0439453125 (ms) to 601.81884765625 (ms), cudaEventElapsed = 27.73708724975586 (ms)
[RANK0] B @ 637.130859375 (ms) to 671.566162109375 (ms), cudaEventElapsed = 34.38371276855469 (ms)
[RANK0] B @ 688.364013671875 (ms) to 721.83837890625 (ms), cudaEventElapsed = 33.42486572265625 (ms)
[RANK0] W @ 721.946044921875 (ms) to 737.641845703125 (ms), cudaEventElapsed = 15.651840209960938 (ms)
[RANK0] F @ 737.947509765625 (ms) to 767.6982421875 (ms), cudaEventElapsed = 29.713407516479492 (ms)
[RANK0] B @ 804.997802734375 (ms) to 839.4091796875 (ms), cudaEventElapsed = 34.35219192504883 (ms)
[RANK0] B @ 849.121826171875 (ms) to 883.0048828125 (ms), cudaEventElapsed = 33.83817672729492 (ms)
[RANK0] W @ 883.13525390625 (ms) to 899.430908203125 (ms), cudaEventElapsed = 16.242687225341797 (ms)
[RANK0] F @ 899.73779296875 (ms) to 929.767578125 (ms), cudaEventElapsed = 29.99500846862793 (ms)
[RANK0] W @ 929.980224609375 (ms) to 980.156982421875 (ms), cudaEventElapsed = 14.413824081420898 (ms)
[RANK0] W @ 980.250244140625 (ms) to 996.03857421875 (ms), cudaEventElapsed = 15.744000434875488 (ms)
[RANK0] W @ 996.357421875 (ms) to 1013.913330078125 (ms), cudaEventElapsed = 17.518592834472656 (ms)
[RANK0] W @ 1013.975830078125 (ms) to 1033.06396484375 (ms), cudaEventElapsed = 19.05459213256836 (ms)
[RANK0] B @ 1033.274658203125 (ms) to 1072.711181640625 (ms), cudaEventElapsed = 39.40313720703125 (ms)
[RANK0] W @ 1072.962158203125 (ms) to 1094.83203125 (ms), cudaEventElapsed = 17.064960479736328 (ms)
[RANK0] B @ 1095.057373046875 (ms) to 1132.099609375 (ms), cudaEventElapsed = 37.00640106201172 (ms)
[RANK0] W @ 1132.1875 (ms) to 1149.895751953125 (ms), cudaEventElapsed = 17.672191619873047 (ms)
[RANK0] B @ 1187.37255859375 (ms) to 1221.618896484375 (ms), cudaEventElapsed = 34.19539260864258 (ms)
[RANK0] W @ 1221.701171875 (ms) to 1237.605712890625 (ms), cudaEventElapsed = 15.870976448059082 (ms)
[RANK0] B @ 1289.736328125 (ms) to 1322.925537109375 (ms), cudaEventElapsed = 33.13926315307617 (ms)
[RANK0] 1W @ 1323.001708984375 (ms) to 1338.51416015625 (ms), cudaEventElapsed = 15.482879638671875 (ms)
[RANK0] Iteration 7
[RANK0] F @ 2.093994140625 (ms) to 27.547607421875 (ms), cudaEventElapsed = 25.413503646850586 (ms)
[RANK0] F @ 27.796630859375 (ms) to 53.424072265625 (ms), cudaEventElapsed = 25.590784072875977 (ms)
[RANK0] F @ 53.64404296875 (ms) to 81.806396484375 (ms), cudaEventElapsed = 28.12620735168457 (ms)
[RANK0] F @ 82.03857421875 (ms) to 110.41455078125 (ms), cudaEventElapsed = 28.328960418701172 (ms)
[RANK0] F @ 110.6591796875 (ms) to 139.147216796875 (ms), cudaEventElapsed = 28.444671630859375 (ms)
[RANK0] F @ 139.462158203125 (ms) to 167.9189453125 (ms), cudaEventElapsed = 28.410879135131836 (ms)
[RANK0] F @ 168.14794921875 (ms) to 196.135009765625 (ms), cudaEventElapsed = 27.94905662536621 (ms)
[RANK0] B @ 272.76806640625 (ms) to 306.2880859375 (ms), cudaEventElapsed = 33.45449447631836 (ms)
[RANK0] F @ 306.594482421875 (ms) to 333.422119140625 (ms), cudaEventElapsed = 26.79193687438965 (ms)
[RANK0] B @ 357.153564453125 (ms) to 391.120849609375 (ms), cudaEventElapsed = 33.90607833862305 (ms)
[RANK0] W @ 391.404052734375 (ms) to 407.74072265625 (ms), cudaEventElapsed = 16.299007415771484 (ms)
[RANK0] F @ 407.835693359375 (ms) to 437.462890625 (ms), cudaEventElapsed = 29.59052848815918 (ms)
[RANK0] B @ 442.097412109375 (ms) to 479.49755859375 (ms), cudaEventElapsed = 37.35331344604492 (ms)
[RANK0] B @ 524.524169921875 (ms) to 557.942138671875 (ms), cudaEventElapsed = 33.36617660522461 (ms)
[RANK0] W @ 558.0302734375 (ms) to 573.4130859375 (ms), cudaEventElapsed = 15.341567993164062 (ms)
[RANK0] F @ 573.6787109375 (ms) to 602.999267578125 (ms), cudaEventElapsed = 29.284351348876953 (ms)
[RANK0] B @ 639.281982421875 (ms) to 673.788330078125 (ms), cudaEventElapsed = 34.430110931396484 (ms)
[RANK0] B @ 688.37158203125 (ms) to 722.182861328125 (ms), cudaEventElapsed = 33.75279998779297 (ms)
[RANK0] W @ 722.277099609375 (ms) to 737.8349609375 (ms), cudaEventElapsed = 15.519743919372559 (ms)
[RANK0] F @ 738.13427734375 (ms) to 766.46875 (ms), cudaEventElapsed = 28.288000106811523 (ms)
[RANK0] B @ 804.7041015625 (ms) to 839.230712890625 (ms), cudaEventElapsed = 34.468894958496094 (ms)
[RANK0] B @ 848.85546875 (ms) to 882.707275390625 (ms), cudaEventElapsed = 33.812255859375 (ms)
[RANK0] W @ 882.79736328125 (ms) to 898.668212890625 (ms), cudaEventElapsed = 15.831040382385254 (ms)
[RANK0] F @ 898.9345703125 (ms) to 927.500244140625 (ms), cudaEventElapsed = 28.5296630859375 (ms)
[RANK0] W @ 927.709716796875 (ms) to 980.11376953125 (ms), cudaEventElapsed = 14.59609603881836 (ms)
[RANK0] W @ 980.19287109375 (ms) to 995.592529296875 (ms), cudaEventElapsed = 15.361023902893066 (ms)
[RANK0] W @ 995.878173828125 (ms) to 1013.934814453125 (ms), cudaEventElapsed = 18.02137565612793 (ms)
[RANK0] W @ 1013.99462890625 (ms) to 1034.35986328125 (ms), cudaEventElapsed = 20.333568572998047 (ms)
[RANK0] B @ 1034.589599609375 (ms) to 1075.07421875 (ms), cudaEventElapsed = 40.448577880859375 (ms)
[RANK0] W @ 1075.41064453125 (ms) to 1098.374755859375 (ms), cudaEventElapsed = 17.924095153808594 (ms)
[RANK0] B @ 1098.629638671875 (ms) to 1135.86669921875 (ms), cudaEventElapsed = 37.2006721496582 (ms)
[RANK0] W @ 1135.94482421875 (ms) to 1153.748046875 (ms), cudaEventElapsed = 17.772544860839844 (ms)
[RANK0] B @ 1191.561279296875 (ms) to 1226.1640625 (ms), cudaEventElapsed = 34.55091094970703 (ms)
[RANK0] W @ 1226.24462890625 (ms) to 1242.078125 (ms), cudaEventElapsed = 15.804415702819824 (ms)
[RANK0] B @ 1293.630126953125 (ms) to 1327.2412109375 (ms), cudaEventElapsed = 33.55062484741211 (ms)
[RANK0] 1W @ 1327.325439453125 (ms) to 1342.93408203125 (ms), cudaEventElapsed = 15.577088356018066 (ms)
[RANK0] Iteration 8
[RANK0] F @ 2.1279296875 (ms) to 27.319091796875 (ms), cudaEventElapsed = 25.155071258544922 (ms)
[RANK0] F @ 27.544189453125 (ms) to 52.856201171875 (ms), cudaEventElapsed = 25.273344039916992 (ms)
[RANK0] F @ 53.057373046875 (ms) to 81.017578125 (ms), cudaEventElapsed = 27.93062400817871 (ms)
[RANK0] F @ 81.216552734375 (ms) to 109.685546875 (ms), cudaEventElapsed = 28.435455322265625 (ms)
[RANK0] F @ 109.918701171875 (ms) to 138.396484375 (ms), cudaEventElapsed = 28.438528060913086 (ms)
[RANK0] F @ 138.63720703125 (ms) to 166.7509765625 (ms), cudaEventElapsed = 28.069887161254883 (ms)
[RANK0] F @ 166.94775390625 (ms) to 194.873779296875 (ms), cudaEventElapsed = 27.893760681152344 (ms)
[RANK0] B @ 272.359375 (ms) to 305.68310546875 (ms), cudaEventElapsed = 33.268192291259766 (ms)
[RANK0] F @ 305.94091796875 (ms) to 331.6865234375 (ms), cudaEventElapsed = 25.71161651611328 (ms)
[RANK0] B @ 357.347900390625 (ms) to 390.85595703125 (ms), cudaEventElapsed = 33.460575103759766 (ms)
[RANK0] W @ 391.14501953125 (ms) to 407.41552734375 (ms), cudaEventElapsed = 16.234495162963867 (ms)
[RANK0] F @ 407.48388671875 (ms) to 437.2109375 (ms), cudaEventElapsed = 29.694976806640625 (ms)
[RANK0] B @ 442.4326171875 (ms) to 480.0234375 (ms), cudaEventElapsed = 37.54828643798828 (ms)
[RANK0] B @ 524.441162109375 (ms) to 557.840576171875 (ms), cudaEventElapsed = 33.35193634033203 (ms)
[RANK0] W @ 557.919677734375 (ms) to 573.417236328125 (ms), cudaEventElapsed = 15.468544006347656 (ms)
[RANK0] F @ 573.653564453125 (ms) to 603.3544921875 (ms), cudaEventElapsed = 29.669376373291016 (ms)
[RANK0] B @ 638.11083984375 (ms) to 672.45849609375 (ms), cudaEventElapsed = 34.30307388305664 (ms)
[RANK0] B @ 689.066162109375 (ms) to 722.816650390625 (ms), cudaEventElapsed = 33.71424102783203 (ms)
[RANK0] W @ 722.890869140625 (ms) to 739.106201171875 (ms), cudaEventElapsed = 16.185344696044922 (ms)
[RANK0] F @ 739.3232421875 (ms) to 768.04150390625 (ms), cudaEventElapsed = 28.688383102416992 (ms)
[RANK0] B @ 804.40673828125 (ms) to 838.870849609375 (ms), cudaEventElapsed = 34.42438507080078 (ms)
[RANK0] B @ 848.61181640625 (ms) to 882.527587890625 (ms), cudaEventElapsed = 33.87968063354492 (ms)
[RANK0] W @ 882.60009765625 (ms) to 899.068359375 (ms), cudaEventElapsed = 16.43929672241211 (ms)
[RANK0] F @ 899.279296875 (ms) to 928.163330078125 (ms), cudaEventElapsed = 28.854272842407227 (ms)
[RANK0] W @ 928.363037109375 (ms) to 979.1572265625 (ms), cudaEventElapsed = 14.68825626373291 (ms)
[RANK0] W @ 979.226806640625 (ms) to 994.214599609375 (ms), cudaEventElapsed = 14.952447891235352 (ms)
[RANK0] W @ 994.443115234375 (ms) to 1012.349609375 (ms), cudaEventElapsed = 17.872896194458008 (ms)
[RANK0] W @ 1012.39599609375 (ms) to 1033.2265625 (ms), cudaEventElapsed = 20.801536560058594 (ms)
[RANK0] B @ 1033.394287109375 (ms) to 1074.132080078125 (ms), cudaEventElapsed = 40.70454406738281 (ms)
[RANK0] W @ 1074.457275390625 (ms) to 1094.672119140625 (ms), cudaEventElapsed = 18.932735443115234 (ms)
[RANK0] B @ 1094.899169921875 (ms) to 1133.32275390625 (ms), cudaEventElapsed = 38.38902282714844 (ms)
[RANK0] W @ 1133.41357421875 (ms) to 1151.499755859375 (ms), cudaEventElapsed = 18.050048828125 (ms)
[RANK0] B @ 1183.511962890625 (ms) to 1218.153564453125 (ms), cudaEventElapsed = 34.59638214111328 (ms)
[RANK0] W @ 1218.2197265625 (ms) to 1234.77294921875 (ms), cudaEventElapsed = 16.525312423706055 (ms)
[RANK0] B @ 1283.403564453125 (ms) to 1316.68115234375 (ms), cudaEventElapsed = 33.244224548339844 (ms)
[RANK0] 1W @ 1316.74560546875 (ms) to 1332.0732421875 (ms), cudaEventElapsed = 15.300607681274414 (ms)
[RANK0] Iteration 9
[RANK0] F @ 2.053955078125 (ms) to 27.27294921875 (ms), cudaEventElapsed = 25.186464309692383 (ms)
[RANK0] F @ 27.488525390625 (ms) to 53.234619140625 (ms), cudaEventElapsed = 25.7126407623291 (ms)
[RANK0] F @ 53.435791015625 (ms) to 80.66259765625 (ms), cudaEventElapsed = 27.189247131347656 (ms)
[RANK0] F @ 80.872802734375 (ms) to 108.72216796875 (ms), cudaEventElapsed = 27.816959381103516 (ms)
[RANK0] F @ 108.924072265625 (ms) to 136.80419921875 (ms), cudaEventElapsed = 27.849727630615234 (ms)
[RANK0] F @ 137.00244140625 (ms) to 165.089599609375 (ms), cudaEventElapsed = 28.054527282714844 (ms)
[RANK0] F @ 165.272705078125 (ms) to 193.51953125 (ms), cudaEventElapsed = 28.215295791625977 (ms)
[RANK0] B @ 642.127197265625 (ms) to 675.557861328125 (ms), cudaEventElapsed = 33.36217498779297 (ms)
[RANK0] F @ 675.86962890625 (ms) to 702.189208984375 (ms), cudaEventElapsed = 26.28505516052246 (ms)
[RANK0] B @ 851.929443359375 (ms) to 885.13427734375 (ms), cudaEventElapsed = 33.15238571166992 (ms)
[RANK0] W @ 885.390380859375 (ms) to 901.088134765625 (ms), cudaEventElapsed = 15.663104057312012 (ms)
[RANK0] F @ 901.1572265625 (ms) to 929.303955078125 (ms), cudaEventElapsed = 28.114944458007812 (ms)
[RANK0] B @ 1064.739501953125 (ms) to 1098.83544921875 (ms), cudaEventElapsed = 34.0456657409668 (ms)
[RANK0] B @ 1272.724609375 (ms) to 1305.81787109375 (ms), cudaEventElapsed = 33.04326248168945 (ms)
[RANK0] W @ 1305.89404296875 (ms) to 1321.226806640625 (ms), cudaEventElapsed = 15.30675220489502 (ms)
[RANK0] F @ 1321.4716796875 (ms) to 1349.9853515625 (ms), cudaEventElapsed = 28.477439880371094 (ms)
[RANK0] B @ 1488.08984375 (ms) to 1522.110595703125 (ms), cudaEventElapsed = 33.97119903564453 (ms)
[RANK0] B @ 1693.441650390625 (ms) to 1726.533935546875 (ms), cudaEventElapsed = 33.04886245727539 (ms)
[RANK0] W @ 1726.609375 (ms) to 1741.85498046875 (ms), cudaEventElapsed = 15.215616226196289 (ms)
[RANK0] F @ 1742.091796875 (ms) to 1770.885986328125 (ms), cudaEventElapsed = 28.76211166381836 (ms)
[RANK0] B @ 1933.819580078125 (ms) to 1967.802490234375 (ms), cudaEventElapsed = 33.93116760253906 (ms)
[RANK0] B @ 1977.53564453125 (ms) to 2011.05712890625 (ms), cudaEventElapsed = 33.486656188964844 (ms)
[RANK0] W @ 2011.11865234375 (ms) to 2026.89599609375 (ms), cudaEventElapsed = 15.747072219848633 (ms)
[RANK0] F @ 2027.092529296875 (ms) to 2056.86962890625 (ms), cudaEventElapsed = 29.74720001220703 (ms)
[RANK0] W @ 2057.05859375 (ms) to 2227.35888671875 (ms), cudaEventElapsed = 14.494720458984375 (ms)
[RANK0] W @ 2227.42529296875 (ms) to 2242.21923828125 (ms), cudaEventElapsed = 14.756863594055176 (ms)
[RANK0] W @ 2242.448486328125 (ms) to 2260.106201171875 (ms), cudaEventElapsed = 17.62406349182129 (ms)
[RANK0] W @ 2260.15283203125 (ms) to 2280.880126953125 (ms), cudaEventElapsed = 20.700159072875977 (ms)
[RANK0] B @ 2281.04443359375 (ms) to 2321.731689453125 (ms), cudaEventElapsed = 40.65846252441406 (ms)
[RANK0] W @ 2321.946533203125 (ms) to 2465.446533203125 (ms), cudaEventElapsed = 14.658559799194336 (ms)
[RANK0] B @ 2465.767578125 (ms) to 2501.019775390625 (ms), cudaEventElapsed = 35.19404983520508 (ms)
[RANK0] W @ 2501.095703125 (ms) to 2517.80859375 (ms), cudaEventElapsed = 16.680959701538086 (ms)
[RANK0] B @ 2687.948974609375 (ms) to 2722.01318359375 (ms), cudaEventElapsed = 34.0096321105957 (ms)
[RANK0] W @ 2722.086669921875 (ms) to 2737.407470703125 (ms), cudaEventElapsed = 15.292415618896484 (ms)
[RANK0] B @ 2790.928955078125 (ms) to 2824.1025390625 (ms), cudaEventElapsed = 33.12771224975586 (ms)
[RANK0] 1W @ 2824.161376953125 (ms) to 2839.5859375 (ms), cudaEventElapsed = 15.39788818359375 (ms)
[RANK0] Iteration 10
[RANK0] F @ 2.084228515625 (ms) to 27.27392578125 (ms), cudaEventElapsed = 25.15827178955078 (ms)
[RANK0] F @ 27.483154296875 (ms) to 52.705078125 (ms), cudaEventElapsed = 25.191423416137695 (ms)
[RANK0] F @ 52.900390625 (ms) to 80.33740234375 (ms), cudaEventElapsed = 27.401216506958008 (ms)
[RANK0] F @ 80.526123046875 (ms) to 108.613037109375 (ms), cudaEventElapsed = 28.053504943847656 (ms)
[RANK0] F @ 108.80322265625 (ms) to 136.758056640625 (ms), cudaEventElapsed = 27.9234561920166 (ms)
[RANK0] F @ 136.94775390625 (ms) to 165.078369140625 (ms), cudaEventElapsed = 28.095487594604492 (ms)
[RANK0] F @ 165.25927734375 (ms) to 193.265625 (ms), cudaEventElapsed = 27.975679397583008 (ms)
[RANK0] B @ 637.567626953125 (ms) to 670.917236328125 (ms), cudaEventElapsed = 33.27171325683594 (ms)
[RANK0] F @ 671.205078125 (ms) to 697.775146484375 (ms), cudaEventElapsed = 26.52979278564453 (ms)
[RANK0] B @ 847.72021484375 (ms) to 881.0869140625 (ms), cudaEventElapsed = 33.29769515991211 (ms)
[RANK0] W @ 881.510009765625 (ms) to 897.260498046875 (ms), cudaEventElapsed = 15.697919845581055 (ms)
[RANK0] F @ 897.364990234375 (ms) to 926.951171875 (ms), cudaEventElapsed = 29.54035186767578 (ms)
[RANK0] B @ 1059.339111328125 (ms) to 1093.506591796875 (ms), cudaEventElapsed = 34.10086441040039 (ms)
[RANK0] B @ 1269.99658203125 (ms) to 1303.381591796875 (ms), cudaEventElapsed = 33.32048034667969 (ms)
[RANK0] W @ 1303.4697265625 (ms) to 1318.75390625 (ms), cudaEventElapsed = 15.249407768249512 (ms)
[RANK0] F @ 1319.0048828125 (ms) to 1347.759765625 (ms), cudaEventElapsed = 28.72012710571289 (ms)
[RANK0] B @ 1483.44775390625 (ms) to 1517.468505859375 (ms), cudaEventElapsed = 33.96371078491211 (ms)
[RANK0] B @ 1690.399658203125 (ms) to 1723.727783203125 (ms), cudaEventElapsed = 33.27305603027344 (ms)
[RANK0] W @ 1723.814208984375 (ms) to 1739.11328125 (ms), cudaEventElapsed = 15.267840385437012 (ms)
[RANK0] F @ 1739.34423828125 (ms) to 1767.95556640625 (ms), cudaEventElapsed = 28.578815460205078 (ms)
[RANK0] B @ 1932.283935546875 (ms) to 1966.451416015625 (ms), cudaEventElapsed = 34.106815338134766 (ms)
[RANK0] B @ 1975.298583984375 (ms) to 2009.011962890625 (ms), cudaEventElapsed = 33.671199798583984 (ms)
[RANK0] W @ 2009.08251953125 (ms) to 2024.875732421875 (ms), cudaEventElapsed = 15.766528129577637 (ms)
[RANK0] F @ 2025.116455078125 (ms) to 2053.415283203125 (ms), cudaEventElapsed = 28.263423919677734 (ms)
[RANK0] W @ 2053.634765625 (ms) to 2224.628173828125 (ms), cudaEventElapsed = 14.49062442779541 (ms)
[RANK0] W @ 2224.752685546875 (ms) to 2240.2197265625 (ms), cudaEventElapsed = 15.412223815917969 (ms)
[RANK0] W @ 2240.513671875 (ms) to 2258.466796875 (ms), cudaEventElapsed = 17.910783767700195 (ms)
[RANK0] W @ 2258.525146484375 (ms) to 2279.224609375 (ms), cudaEventElapsed = 20.66739273071289 (ms)
[RANK0] B @ 2279.4228515625 (ms) to 2320.1591796875 (ms), cudaEventElapsed = 40.707584381103516 (ms)
[RANK0] W @ 2320.39208984375 (ms) to 2462.649658203125 (ms), cudaEventElapsed = 14.644224166870117 (ms)
[RANK0] B @ 2462.901123046875 (ms) to 2497.7646484375 (ms), cudaEventElapsed = 34.825408935546875 (ms)
[RANK0] W @ 2497.827392578125 (ms) to 2514.868896484375 (ms), cudaEventElapsed = 17.01273536682129 (ms)
[RANK0] B @ 2684.968994140625 (ms) to 2719.1611328125 (ms), cudaEventElapsed = 34.12886428833008 (ms)
[RANK0] W @ 2719.25146484375 (ms) to 2734.386474609375 (ms), cudaEventElapsed = 15.104000091552734 (ms)
[RANK0] B @ 2787.708984375 (ms) to 2821.0693359375 (ms), cudaEventElapsed = 33.31388854980469 (ms)
[RANK0] 1W @ 2821.141357421875 (ms) to 2836.650146484375 (ms), cudaEventElapsed = 15.47878360748291 (ms)
[RANK0] Iteration 11
[RANK0] F @ 2.117919921875 (ms) to 27.6484375 (ms), cudaEventElapsed = 25.494752883911133 (ms)
[RANK0] F @ 27.869384765625 (ms) to 53.3583984375 (ms), cudaEventElapsed = 25.456640243530273 (ms)
[RANK0] F @ 53.567626953125 (ms) to 80.828125 (ms), cudaEventElapsed = 27.228160858154297 (ms)
[RANK0] F @ 81.049072265625 (ms) to 109.07275390625 (ms), cudaEventElapsed = 27.98182487487793 (ms)
[RANK0] F @ 109.433837890625 (ms) to 137.572021484375 (ms), cudaEventElapsed = 28.083200454711914 (ms)
[RANK0] F @ 137.989990234375 (ms) to 166.4697265625 (ms), cudaEventElapsed = 28.430335998535156 (ms)
[RANK0] F @ 166.7138671875 (ms) to 194.97607421875 (ms), cudaEventElapsed = 28.228607177734375 (ms)
[RANK0] B @ 642.10546875 (ms) to 675.472412109375 (ms), cudaEventElapsed = 33.29257583618164 (ms)
[RANK0] F @ 675.748291015625 (ms) to 701.507568359375 (ms), cudaEventElapsed = 25.72390365600586 (ms)
[RANK0] B @ 851.67822265625 (ms) to 884.8935546875 (ms), cudaEventElapsed = 33.1569938659668 (ms)
[RANK0] W @ 885.1806640625 (ms) to 900.560791015625 (ms), cudaEventElapsed = 15.344639778137207 (ms)
[RANK0] F @ 900.618896484375 (ms) to 929.93798828125 (ms), cudaEventElapsed = 29.292543411254883 (ms)
[RANK0] B @ 1063.689697265625 (ms) to 1097.801025390625 (ms), cudaEventElapsed = 34.05206298828125 (ms)
[RANK0] B @ 1274.3115234375 (ms) to 1307.562744140625 (ms), cudaEventElapsed = 33.19948959350586 (ms)
[RANK0] W @ 1307.6416015625 (ms) to 1322.5732421875 (ms), cudaEventElapsed = 14.905344009399414 (ms)
[RANK0] F @ 1322.79736328125 (ms) to 1352.497314453125 (ms), cudaEventElapsed = 29.655040740966797 (ms)
[RANK0] B @ 1488.191162109375 (ms) to 1522.161376953125 (ms), cudaEventElapsed = 33.92166519165039 (ms)
[RANK0] B @ 1695.32666015625 (ms) to 1728.58203125 (ms), cudaEventElapsed = 33.2042236328125 (ms)
[RANK0] W @ 1728.656982421875 (ms) to 1743.71533203125 (ms), cudaEventElapsed = 15.030271530151367 (ms)
[RANK0] F @ 1743.955810546875 (ms) to 1773.509765625 (ms), cudaEventElapsed = 29.519872665405273 (ms)
[RANK0] B @ 1937.63720703125 (ms) to 1972.046630859375 (ms), cudaEventElapsed = 34.341983795166016 (ms)
[RANK0] B @ 1980.077392578125 (ms) to 2013.639892578125 (ms), cudaEventElapsed = 33.52511978149414 (ms)
[RANK0] W @ 2013.70703125 (ms) to 2029.92431640625 (ms), cudaEventElapsed = 16.19251251220703 (ms)
[RANK0] F @ 2030.14404296875 (ms) to 2059.1220703125 (ms), cudaEventElapsed = 28.94540786743164 (ms)
[RANK0] W @ 2059.318115234375 (ms) to 2294.9482421875 (ms), cudaEventElapsed = 14.486528396606445 (ms)
[RANK0] W @ 2295.0693359375 (ms) to 2310.67822265625 (ms), cudaEventElapsed = 15.558655738830566 (ms)
[RANK0] W @ 2310.976806640625 (ms) to 2328.869384765625 (ms), cudaEventElapsed = 17.85651206970215 (ms)
[RANK0] W @ 2328.916015625 (ms) to 2349.400634765625 (ms), cudaEventElapsed = 20.45849609375 (ms)
[RANK0] B @ 2349.591796875 (ms) to 2389.98388671875 (ms), cudaEventElapsed = 40.36368179321289 (ms)
[RANK0] W @ 2390.207763671875 (ms) to 2621.788330078125 (ms), cudaEventElapsed = 14.70361614227295 (ms)
[RANK0] B @ 2622.102294921875 (ms) to 2657.270263671875 (ms), cudaEventElapsed = 35.12268829345703 (ms)
[RANK0] W @ 2657.34423828125 (ms) to 2673.96240234375 (ms), cudaEventElapsed = 16.58880043029785 (ms)
[RANK0] B @ 2933.9775390625 (ms) to 2968.177978515625 (ms), cudaEventElapsed = 34.1366081237793 (ms)
[RANK0] W @ 2968.263916015625 (ms) to 2983.479736328125 (ms), cudaEventElapsed = 15.185919761657715 (ms)
[RANK0] B @ 3140.1474609375 (ms) to 3173.708740234375 (ms), cudaEventElapsed = 33.49168014526367 (ms)
[RANK0] 1W @ 3173.85400390625 (ms) to 3189.35009765625 (ms), cudaEventElapsed = 15.450112342834473 (ms)
[RANK0] Iteration 12
[RANK0] F @ 2.090087890625 (ms) to 27.346435546875 (ms), cudaEventElapsed = 25.21526336669922 (ms)
[RANK0] F @ 27.57275390625 (ms) to 52.71044921875 (ms), cudaEventElapsed = 25.09209632873535 (ms)
[RANK0] F @ 52.9345703125 (ms) to 80.703125 (ms), cudaEventElapsed = 27.73401641845703 (ms)
[RANK0] F @ 80.910400390625 (ms) to 109.010498046875 (ms), cudaEventElapsed = 28.066816329956055 (ms)
[RANK0] F @ 109.199462890625 (ms) to 137.1259765625 (ms), cudaEventElapsed = 27.894784927368164 (ms)
[RANK0] F @ 137.318603515625 (ms) to 165.429443359375 (ms), cudaEventElapsed = 28.079103469848633 (ms)
[RANK0] F @ 165.624267578125 (ms) to 193.599853515625 (ms), cudaEventElapsed = 27.94393539428711 (ms)
[RANK0] B @ 757.15576171875 (ms) to 790.490478515625 (ms), cudaEventElapsed = 33.26105499267578 (ms)
[RANK0] F @ 790.8017578125 (ms) to 817.055419921875 (ms), cudaEventElapsed = 26.216447830200195 (ms)
[RANK0] B @ 1078.319580078125 (ms) to 1111.7021484375 (ms), cudaEventElapsed = 33.31449508666992 (ms)
[RANK0] W @ 1112.00341796875 (ms) to 1127.463134765625 (ms), cudaEventElapsed = 15.422464370727539 (ms)
[RANK0] F @ 1127.5380859375 (ms) to 1155.63330078125 (ms), cudaEventElapsed = 28.060672760009766 (ms)
[RANK0] B @ 1329.6083984375 (ms) to 1363.77490234375 (ms), cudaEventElapsed = 34.11427307128906 (ms)
[RANK0] B @ 1577.343505859375 (ms) to 1610.544189453125 (ms), cudaEventElapsed = 33.149505615234375 (ms)
[RANK0] W @ 1610.624267578125 (ms) to 1625.69189453125 (ms), cudaEventElapsed = 15.037440299987793 (ms)
[RANK0] F @ 1625.967529296875 (ms) to 1653.854248046875 (ms), cudaEventElapsed = 27.847679138183594 (ms)
[RANK0] B @ 1831.080810546875 (ms) to 1865.196533203125 (ms), cudaEventElapsed = 34.063392639160156 (ms)
[RANK0] B @ 2076.92626953125 (ms) to 2110.117919921875 (ms), cudaEventElapsed = 33.14271926879883 (ms)
[RANK0] W @ 2110.195068359375 (ms) to 2125.25341796875 (ms), cudaEventElapsed = 15.028223991394043 (ms)
[RANK0] F @ 2125.49072265625 (ms) to 2153.380126953125 (ms), cudaEventElapsed = 27.836416244506836 (ms)
[RANK0] B @ 2337.13916015625 (ms) to 2371.242919921875 (ms), cudaEventElapsed = 34.038719177246094 (ms)
[RANK0] B @ 2457.156982421875 (ms) to 2490.31103515625 (ms), cudaEventElapsed = 33.11369705200195 (ms)
[RANK0] W @ 2490.379150390625 (ms) to 2505.56201171875 (ms), cudaEventElapsed = 15.158271789550781 (ms)
[RANK0] F @ 2505.7841796875 (ms) to 2533.8935546875 (ms), cudaEventElapsed = 28.076032638549805 (ms)
[RANK0] W @ 2534.078369140625 (ms) to 2814.63525390625 (ms), cudaEventElapsed = 14.459903717041016 (ms)
[RANK0] W @ 2814.7158203125 (ms) to 2829.413818359375 (ms), cudaEventElapsed = 14.656512260437012 (ms)
[RANK0] W @ 2829.627197265625 (ms) to 2847.15625 (ms), cudaEventElapsed = 17.498111724853516 (ms)
[RANK0] W @ 2847.198486328125 (ms) to 2867.52490234375 (ms), cudaEventElapsed = 20.300800323486328 (ms)
[RANK0] B @ 2867.683837890625 (ms) to 2908.22119140625 (ms), cudaEventElapsed = 40.50886535644531 (ms)
[RANK0] W @ 2908.408447265625 (ms) to 3142.743408203125 (ms), cudaEventElapsed = 14.659584045410156 (ms)
[RANK0] B @ 3143.082275390625 (ms) to 3178.175048828125 (ms), cudaEventElapsed = 35.042625427246094 (ms)
[RANK0] W @ 3178.248291015625 (ms) to 3194.93310546875 (ms), cudaEventElapsed = 16.656383514404297 (ms)
[RANK0] B @ 3451.96142578125 (ms) to 3486.051513671875 (ms), cudaEventElapsed = 34.030975341796875 (ms)
[RANK0] W @ 3486.130615234375 (ms) to 3501.540283203125 (ms), cudaEventElapsed = 15.382528305053711 (ms)
[RANK0] B @ 3658.514404296875 (ms) to 3691.60205078125 (ms), cudaEventElapsed = 33.04655838012695 (ms)
[RANK0] 1W @ 3691.6689453125 (ms) to 3707.028564453125 (ms), cudaEventElapsed = 15.333375930786133 (ms)
[RANK0] Iteration 13
[RANK0] F @ 2.066650390625 (ms) to 27.212158203125 (ms), cudaEventElapsed = 25.11199951171875 (ms)
[RANK0] F @ 27.44091796875 (ms) to 52.902587890625 (ms), cudaEventElapsed = 25.400320053100586 (ms)
[RANK0] F @ 53.10791015625 (ms) to 80.49365234375 (ms), cudaEventElapsed = 27.35411262512207 (ms)
[RANK0] F @ 80.679931640625 (ms) to 108.608642578125 (ms), cudaEventElapsed = 27.89580726623535 (ms)
[RANK0] F @ 108.802490234375 (ms) to 136.675048828125 (ms), cudaEventElapsed = 27.840511322021484 (ms)
[RANK0] F @ 136.878173828125 (ms) to 164.642578125 (ms), cudaEventElapsed = 27.72172737121582 (ms)
[RANK0] F @ 164.840087890625 (ms) to 192.8212890625 (ms), cudaEventElapsed = 27.94905662536621 (ms)
[RANK0] B @ 756.79833984375 (ms) to 790.053466796875 (ms), cudaEventElapsed = 33.185791015625 (ms)
[RANK0] F @ 790.35205078125 (ms) to 816.695556640625 (ms), cudaEventElapsed = 26.307584762573242 (ms)
[RANK0] B @ 1075.8173828125 (ms) to 1109.072265625 (ms), cudaEventElapsed = 33.189697265625 (ms)
[RANK0] W @ 1109.3544921875 (ms) to 1124.596435546875 (ms), cudaEventElapsed = 15.20844841003418 (ms)
[RANK0] F @ 1124.6708984375 (ms) to 1153.796142578125 (ms), cudaEventElapsed = 29.093887329101562 (ms)
[RANK0] B @ 1326.486083984375 (ms) to 1360.593017578125 (ms), cudaEventElapsed = 34.0483512878418 (ms)
[RANK0] B @ 1574.326416015625 (ms) to 1607.748779296875 (ms), cudaEventElapsed = 33.3568000793457 (ms)
[RANK0] W @ 1607.83740234375 (ms) to 1622.98486328125 (ms), cudaEventElapsed = 15.115263938903809 (ms)
[RANK0] F @ 1623.2431640625 (ms) to 1652.84765625 (ms), cudaEventElapsed = 29.57004737854004 (ms)
[RANK0] B @ 1826.88916015625 (ms) to 1860.90869140625 (ms), cudaEventElapsed = 33.959808349609375 (ms)
[RANK0] B @ 2071.5283203125 (ms) to 2104.689697265625 (ms), cudaEventElapsed = 33.108734130859375 (ms)
[RANK0] W @ 2104.769775390625 (ms) to 2120.054443359375 (ms), cudaEventElapsed = 15.250432014465332 (ms)
[RANK0] F @ 2120.318603515625 (ms) to 2148.572021484375 (ms), cudaEventElapsed = 28.218368530273438 (ms)
[RANK0] B @ 2330.200439453125 (ms) to 2364.1953125 (ms), cudaEventElapsed = 33.949920654296875 (ms)
[RANK0] B @ 2449.8564453125 (ms) to 2482.918701171875 (ms), cudaEventElapsed = 33.024959564208984 (ms)
[RANK0] W @ 2482.984130859375 (ms) to 2498.019287109375 (ms), cudaEventElapsed = 15.003647804260254 (ms)
[RANK0] F @ 2498.2490234375 (ms) to 2525.964599609375 (ms), cudaEventElapsed = 27.682815551757812 (ms)
[RANK0] W @ 2526.156005859375 (ms) to 2806.888671875 (ms), cudaEventElapsed = 14.423040390014648 (ms)
[RANK0] W @ 2806.962158203125 (ms) to 2821.6826171875 (ms), cudaEventElapsed = 14.683135986328125 (ms)
[RANK0] W @ 2821.886474609375 (ms) to 2839.267578125 (ms), cudaEventElapsed = 17.343488693237305 (ms)
[RANK0] W @ 2839.310546875 (ms) to 2859.77099609375 (ms), cudaEventElapsed = 20.43391990661621 (ms)
[RANK0] B @ 2859.93994140625 (ms) to 2900.566162109375 (ms), cudaEventElapsed = 40.5978889465332 (ms)
[RANK0] W @ 2900.756591796875 (ms) to 3133.605712890625 (ms), cudaEventElapsed = 14.66163158416748 (ms)
[RANK0] B @ 3133.95556640625 (ms) to 3168.8759765625 (ms), cudaEventElapsed = 34.86713409423828 (ms)
[RANK0] W @ 3168.95166015625 (ms) to 3186.176025390625 (ms), cudaEventElapsed = 17.19603157043457 (ms)
[RANK0] B @ 3442.87890625 (ms) to 3477.052978515625 (ms), cudaEventElapsed = 34.109310150146484 (ms)
[RANK0] W @ 3477.14013671875 (ms) to 3492.74609375 (ms), cudaEventElapsed = 15.576064109802246 (ms)
[RANK0] B @ 3649.407958984375 (ms) to 3682.717529296875 (ms), cudaEventElapsed = 33.2512321472168 (ms)
[RANK0] 1W @ 3682.7939453125 (ms) to 3697.930419921875 (ms), cudaEventElapsed = 15.107071876525879 (ms)
[RANK0] Iteration 14
[RANK0] F @ 1.829833984375 (ms) to 27.237548828125 (ms), cudaEventElapsed = 25.359296798706055 (ms)
[RANK0] F @ 27.62548828125 (ms) to 53.56787109375 (ms), cudaEventElapsed = 25.89695930480957 (ms)
[RANK0] F @ 53.824462890625 (ms) to 81.639404296875 (ms), cudaEventElapsed = 27.775999069213867 (ms)
[RANK0] F @ 81.847900390625 (ms) to 109.92333984375 (ms), cudaEventElapsed = 28.042240142822266 (ms)
[RANK0] F @ 110.121337890625 (ms) to 138.272705078125 (ms), cudaEventElapsed = 28.114944458007812 (ms)
[RANK0] F @ 138.55126953125 (ms) to 166.5400390625 (ms), cudaEventElapsed = 27.94598388671875 (ms)
[RANK0] F @ 166.720458984375 (ms) to 194.614501953125 (ms), cudaEventElapsed = 27.864063262939453 (ms)
[RANK0] B @ 756.72998046875 (ms) to 789.939453125 (ms), cudaEventElapsed = 33.13644790649414 (ms)
[RANK0] F @ 790.229248046875 (ms) to 816.734130859375 (ms), cudaEventElapsed = 26.468351364135742 (ms)
[RANK0] B @ 1076.66650390625 (ms) to 1109.7958984375 (ms), cudaEventElapsed = 33.07740783691406 (ms)
[RANK0] W @ 1110.05126953125 (ms) to 1125.56884765625 (ms), cudaEventElapsed = 15.48697566986084 (ms)
[RANK0] F @ 1125.625 (ms) to 1154.537353515625 (ms), cudaEventElapsed = 28.886016845703125 (ms)
[RANK0] B @ 1327.55859375 (ms) to 1361.561279296875 (ms), cudaEventElapsed = 33.9549446105957 (ms)
[RANK0] B @ 1574.280517578125 (ms) to 1607.428466796875 (ms), cudaEventElapsed = 33.096031188964844 (ms)
[RANK0] W @ 1607.49951171875 (ms) to 1622.706298828125 (ms), cudaEventElapsed = 15.179776191711426 (ms)
[RANK0] F @ 1622.952392578125 (ms) to 1651.1875 (ms), cudaEventElapsed = 28.205055236816406 (ms)
[RANK0] B @ 1828.275390625 (ms) to 1862.597412109375 (ms), cudaEventElapsed = 34.24671936035156 (ms)
[RANK0] B @ 2072.543212890625 (ms) to 2105.8095703125 (ms), cudaEventElapsed = 33.207393646240234 (ms)
[RANK0] W @ 2105.888671875 (ms) to 2121.143798828125 (ms), cudaEventElapsed = 15.223808288574219 (ms)
[RANK0] F @ 2121.426025390625 (ms) to 2149.894287109375 (ms), cudaEventElapsed = 28.429311752319336 (ms)
[RANK0] B @ 2331.30078125 (ms) to 2365.364990234375 (ms), cudaEventElapsed = 34.00553512573242 (ms)
[RANK0] B @ 2451.06787109375 (ms) to 2484.238525390625 (ms), cudaEventElapsed = 33.12460708618164 (ms)
[RANK0] W @ 2484.307373046875 (ms) to 2499.359375 (ms), cudaEventElapsed = 15.022080421447754 (ms)
[RANK0] F @ 2499.5771484375 (ms) to 2527.322998046875 (ms), cudaEventElapsed = 27.71353530883789 (ms)
[RANK0] W @ 2527.522216796875 (ms) to 2808.8974609375 (ms), cudaEventElapsed = 14.425087928771973 (ms)
[RANK0] W @ 2809.004150390625 (ms) to 2823.70751953125 (ms), cudaEventElapsed = 14.656512260437012 (ms)
[RANK0] W @ 2823.97412109375 (ms) to 2841.37109375 (ms), cudaEventElapsed = 17.361919403076172 (ms)
[RANK0] W @ 2841.416748046875 (ms) to 2861.5068359375 (ms), cudaEventElapsed = 20.06425666809082 (ms)
[RANK0] B @ 2861.69287109375 (ms) to 2902.05029296875 (ms), cudaEventElapsed = 40.328094482421875 (ms)
[RANK0] W @ 2902.2314453125 (ms) to 3134.829833984375 (ms), cudaEventElapsed = 14.650367736816406 (ms)
[RANK0] B @ 3135.074951171875 (ms) to 3169.81005859375 (ms), cudaEventElapsed = 34.698944091796875 (ms)
[RANK0] W @ 3169.872314453125 (ms) to 3187.082275390625 (ms), cudaEventElapsed = 17.184768676757812 (ms)
[RANK0] B @ 3444.65625 (ms) to 3478.705322265625 (ms), cudaEventElapsed = 34.00086212158203 (ms)
[RANK0] W @ 3478.772216796875 (ms) to 3494.269775390625 (ms), cudaEventElapsed = 15.472640037536621 (ms)
[RANK0] B @ 3650.67822265625 (ms) to 3683.817138671875 (ms), cudaEventElapsed = 33.100929260253906 (ms)
[RANK0] 1W @ 3683.884521484375 (ms) to 3698.89892578125 (ms), cudaEventElapsed = 14.98624038696289 (ms)
[RANK0] Iteration 15
[RANK0] F @ 2.064453125 (ms) to 27.280029296875 (ms), cudaEventElapsed = 25.183807373046875 (ms)
[RANK0] F @ 27.487548828125 (ms) to 52.84326171875 (ms), cudaEventElapsed = 25.31942367553711 (ms)
[RANK0] F @ 53.048828125 (ms) to 81.174560546875 (ms), cudaEventElapsed = 28.089344024658203 (ms)
[RANK0] F @ 81.36279296875 (ms) to 109.47119140625 (ms), cudaEventElapsed = 28.076032638549805 (ms)
[RANK0] F @ 109.65869140625 (ms) to 137.814697265625 (ms), cudaEventElapsed = 28.123136520385742 (ms)
[RANK0] F @ 138.00927734375 (ms) to 165.9990234375 (ms), cudaEventElapsed = 27.94700813293457 (ms)
[RANK0] F @ 166.1875 (ms) to 194.390380859375 (ms), cudaEventElapsed = 28.16716766357422 (ms)
[RANK0] B @ 756.568115234375 (ms) to 789.79833984375 (ms), cudaEventElapsed = 33.16204833984375 (ms)
[RANK0] F @ 790.085693359375 (ms) to 816.572998046875 (ms), cudaEventElapsed = 26.455039978027344 (ms)
[RANK0] B @ 1075.7314453125 (ms) to 1108.98388671875 (ms), cudaEventElapsed = 33.18678283691406 (ms)
[RANK0] W @ 1109.2421875 (ms) to 1124.740478515625 (ms), cudaEventElapsed = 15.466496467590332 (ms)
[RANK0] F @ 1124.80029296875 (ms) to 1153.9287109375 (ms), cudaEventElapsed = 29.099008560180664 (ms)
[RANK0] B @ 1325.740966796875 (ms) to 1359.7490234375 (ms), cudaEventElapsed = 33.962528228759766 (ms)
[RANK0] B @ 1573.08349609375 (ms) to 1606.203125 (ms), cudaEventElapsed = 33.07497787475586 (ms)
[RANK0] W @ 1606.2763671875 (ms) to 1621.538818359375 (ms), cudaEventElapsed = 15.233023643493652 (ms)
[RANK0] F @ 1621.7919921875 (ms) to 1649.940185546875 (ms), cudaEventElapsed = 28.113920211791992 (ms)
[RANK0] B @ 1826.433837890625 (ms) to 1860.408203125 (ms), cudaEventElapsed = 33.92879867553711 (ms)
[RANK0] B @ 2072.076416015625 (ms) to 2105.225341796875 (ms), cudaEventElapsed = 33.1025276184082 (ms)
[RANK0] W @ 2105.293212890625 (ms) to 2120.501708984375 (ms), cudaEventElapsed = 15.176704406738281 (ms)
[RANK0] F @ 2120.725830078125 (ms) to 2149.05029296875 (ms), cudaEventElapsed = 28.285951614379883 (ms)
[RANK0] B @ 2330.607666015625 (ms) to 2364.653564453125 (ms), cudaEventElapsed = 33.99052810668945 (ms)
[RANK0] B @ 2450.387939453125 (ms) to 2483.482177734375 (ms), cudaEventElapsed = 33.05049514770508 (ms)
[RANK0] W @ 2483.55224609375 (ms) to 2498.473876953125 (ms), cudaEventElapsed = 14.897151947021484 (ms)
[RANK0] F @ 2498.68310546875 (ms) to 2526.45361328125 (ms), cudaEventElapsed = 27.74015998840332 (ms)
[RANK0] W @ 2526.6513671875 (ms) to 2807.105712890625 (ms), cudaEventElapsed = 14.424063682556152 (ms)
[RANK0] W @ 2807.19384765625 (ms) to 2822.1787109375 (ms), cudaEventElapsed = 14.942208290100098 (ms)
[RANK0] W @ 2822.41796875 (ms) to 2839.76513671875 (ms), cudaEventElapsed = 17.312768936157227 (ms)
[RANK0] W @ 2839.811279296875 (ms) to 2859.80078125 (ms), cudaEventElapsed = 19.961856842041016 (ms)
[RANK0] B @ 2859.974365234375 (ms) to 2900.356201171875 (ms), cudaEventElapsed = 40.353729248046875 (ms)
[RANK0] W @ 2900.55712890625 (ms) to 3132.40966796875 (ms), cudaEventElapsed = 14.657535552978516 (ms)
[RANK0] B @ 3132.69189453125 (ms) to 3167.552001953125 (ms), cudaEventElapsed = 34.8177604675293 (ms)
[RANK0] W @ 3167.6171875 (ms) to 3184.544921875 (ms), cudaEventElapsed = 16.900096893310547 (ms)
[RANK0] B @ 3442.53125 (ms) to 3476.699462890625 (ms), cudaEventElapsed = 34.11164855957031 (ms)
[RANK0] W @ 3476.777587890625 (ms) to 3492.267333984375 (ms), cudaEventElapsed = 15.463423728942871 (ms)
[RANK0] B @ 3647.29833984375 (ms) to 3680.652099609375 (ms), cudaEventElapsed = 33.29286575317383 (ms)
[RANK0] 1W @ 3680.732421875 (ms) to 3696.029541015625 (ms), cudaEventElapsed = 15.256575584411621 (ms)
[RANK0] Iteration 16
[RANK0] F @ 0.3720703125 (ms) to 24.239990234375 (ms), cudaEventElapsed = 23.833791732788086 (ms)
[RANK0] F @ 24.453125 (ms) to 48.3447265625 (ms), cudaEventElapsed = 23.856128692626953 (ms)
[RANK0] F @ 48.54443359375 (ms) to 74.0517578125 (ms), cudaEventElapsed = 25.46892738342285 (ms)
[RANK0] F @ 74.244384765625 (ms) to 101.265869140625 (ms), cudaEventElapsed = 26.990591049194336 (ms)
[RANK0] F @ 101.454833984375 (ms) to 128.204833984375 (ms), cudaEventElapsed = 26.71820831298828 (ms)
[RANK0] F @ 128.39404296875 (ms) to 154.79833984375 (ms), cudaEventElapsed = 26.37107276916504 (ms)
[RANK0] F @ 154.9853515625 (ms) to 181.708740234375 (ms), cudaEventElapsed = 26.68953514099121 (ms)
[RANK0] F @ 181.91357421875 (ms) to 208.490478515625 (ms), cudaEventElapsed = 26.54105567932129 (ms)
[RANK0] F @ 208.689453125 (ms) to 235.2197265625 (ms), cudaEventElapsed = 26.494976043701172 (ms)
[RANK0] F @ 235.45556640625 (ms) to 262.1640625 (ms), cudaEventElapsed = 26.671104431152344 (ms)
[RANK0] F @ 262.37353515625 (ms) to 289.04638671875 (ms), cudaEventElapsed = 26.634239196777344 (ms)
[RANK0] F @ 289.246337890625 (ms) to 316.54443359375 (ms), cudaEventElapsed = 27.266048431396484 (ms)
