[RANK2] Iteration 1
[RANK2] F @ 874.159912109375 (ms) to 1027.4130859375 (ms), cudaEventElapsed = 153.1899871826172 (ms)
[RANK2] F @ 1079.201904296875 (ms) to 1110.952392578125 (ms), cudaEventElapsed = 31.687583923339844 (ms)
[RANK2] F @ 1114.89794921875 (ms) to 1147.96630859375 (ms), cudaEventElapsed = 33.02272033691406 (ms)
[RANK2] B @ 1715.50244140625 (ms) to 1768.00390625 (ms), cudaEventElapsed = 52.4409294128418 (ms)
[RANK2] F @ 1771.6474609375 (ms) to 1803.750732421875 (ms), cudaEventElapsed = 32.05913543701172 (ms)
[RANK2] B @ 1804.093505859375 (ms) to 1849.001220703125 (ms), cudaEventElapsed = 44.870079040527344 (ms)
[RANK2] F @ 1850.302978515625 (ms) to 1884.618408203125 (ms), cudaEventElapsed = 34.2803840637207 (ms)
[RANK2] B @ 1884.95068359375 (ms) to 1929.555908203125 (ms), cudaEventElapsed = 44.570526123046875 (ms)
[RANK2] F @ 1930.894775390625 (ms) to 1965.455322265625 (ms), cudaEventElapsed = 34.521793365478516 (ms)
[RANK2] B @ 1965.7802734375 (ms) to 2010.0322265625 (ms), cudaEventElapsed = 44.2184944152832 (ms)
[RANK2] F @ 2011.372802734375 (ms) to 2045.639404296875 (ms), cudaEventElapsed = 34.224449157714844 (ms)
[RANK2] B @ 2045.95458984375 (ms) to 2090.43798828125 (ms), cudaEventElapsed = 44.44940948486328 (ms)
[RANK2] F @ 2090.7626953125 (ms) to 2124.65283203125 (ms), cudaEventElapsed = 33.855648040771484 (ms)
[RANK2] B @ 2125.01953125 (ms) to 2169.916259765625 (ms), cudaEventElapsed = 44.86396789550781 (ms)
[RANK2] W @ 2170.135986328125 (ms) to 2191.55615234375 (ms), cudaEventElapsed = 21.387264251708984 (ms)
[RANK2] F @ 2191.684326171875 (ms) to 2225.582763671875 (ms), cudaEventElapsed = 33.868736267089844 (ms)
[RANK2] B @ 2226.8408203125 (ms) to 2271.659912109375 (ms), cudaEventElapsed = 44.78636932373047 (ms)
[RANK2] B @ 2273.03369140625 (ms) to 2315.718994140625 (ms), cudaEventElapsed = 42.65251159667969 (ms)
[RANK2] W @ 2315.854248046875 (ms) to 2336.202880859375 (ms), cudaEventElapsed = 20.314111709594727 (ms)
[RANK2] F @ 2336.4375 (ms) to 2369.8876953125 (ms), cudaEventElapsed = 33.419071197509766 (ms)
[RANK2] B @ 2370.148193359375 (ms) to 2414.967041015625 (ms), cudaEventElapsed = 44.78899383544922 (ms)
[RANK2] W @ 2415.159423828125 (ms) to 2437.929931640625 (ms), cudaEventElapsed = 21.65760040283203 (ms)
[RANK2] F @ 2438.166015625 (ms) to 2471.73681640625 (ms), cudaEventElapsed = 33.540992736816406 (ms)
[RANK2] B @ 2472.01904296875 (ms) to 2516.583740234375 (ms), cudaEventElapsed = 44.53286361694336 (ms)
[RANK2] W @ 2516.78515625 (ms) to 2539.5263671875 (ms), cudaEventElapsed = 21.62892723083496 (ms)
[RANK2] F @ 2539.7578125 (ms) to 2573.61669921875 (ms), cudaEventElapsed = 33.830078125 (ms)
[RANK2] B @ 2573.902587890625 (ms) to 2618.8408203125 (ms), cudaEventElapsed = 44.900672912597656 (ms)
[RANK2] W @ 2618.96826171875 (ms) to 2641.404296875 (ms), cudaEventElapsed = 22.409215927124023 (ms)
[RANK2] W @ 2641.526611328125 (ms) to 2664.023193359375 (ms), cudaEventElapsed = 22.46963119506836 (ms)
[RANK2] B @ 2664.134521484375 (ms) to 2707.371337890625 (ms), cudaEventElapsed = 43.21113586425781 (ms)
[RANK2] 6W @ 2707.4970703125 (ms) to 2836.17626953125 (ms), cudaEventElapsed = 128.648193359375 (ms)
[RANK2] Iteration 2
[RANK2] F @ 64.95556640625 (ms) to 97.225830078125 (ms), cudaEventElapsed = 32.2215690612793 (ms)
[RANK2] F @ 99.536865234375 (ms) to 134.2734375 (ms), cudaEventElapsed = 34.6973762512207 (ms)
[RANK2] F @ 136.018798828125 (ms) to 172.867431640625 (ms), cudaEventElapsed = 36.81203079223633 (ms)
[RANK2] B @ 178.6689453125 (ms) to 223.394287109375 (ms), cudaEventElapsed = 44.682945251464844 (ms)
[RANK2] F @ 223.799072265625 (ms) to 257.841796875 (ms), cudaEventElapsed = 34.007423400878906 (ms)
[RANK2] B @ 258.164306640625 (ms) to 302.441162109375 (ms), cudaEventElapsed = 44.24518585205078 (ms)
[RANK2] F @ 303.9140625 (ms) to 337.851806640625 (ms), cudaEventElapsed = 33.90367889404297 (ms)
[RANK2] B @ 338.181640625 (ms) to 382.703857421875 (ms), cudaEventElapsed = 44.490848541259766 (ms)
[RANK2] F @ 384.171142578125 (ms) to 418.096923828125 (ms), cudaEventElapsed = 33.89110565185547 (ms)
[RANK2] B @ 418.421875 (ms) to 463.03125 (ms), cudaEventElapsed = 44.578304290771484 (ms)
[RANK2] F @ 464.500732421875 (ms) to 498.385986328125 (ms), cudaEventElapsed = 33.851585388183594 (ms)
[RANK2] B @ 498.708984375 (ms) to 543.2841796875 (ms), cudaEventElapsed = 44.542720794677734 (ms)
[RANK2] F @ 543.63623046875 (ms) to 577.702880859375 (ms), cudaEventElapsed = 34.03308868408203 (ms)
[RANK2] B @ 578.08203125 (ms) to 623.01025390625 (ms), cudaEventElapsed = 44.89632034301758 (ms)
[RANK2] W @ 623.27734375 (ms) to 644.821044921875 (ms), cudaEventElapsed = 21.50809669494629 (ms)
[RANK2] F @ 644.97412109375 (ms) to 679.482666015625 (ms), cudaEventElapsed = 34.48099136352539 (ms)
[RANK2] B @ 680.824462890625 (ms) to 725.919921875 (ms), cudaEventElapsed = 45.0629768371582 (ms)
[RANK2] B @ 727.365478515625 (ms) to 769.914306640625 (ms), cudaEventElapsed = 42.51590347290039 (ms)
[RANK2] W @ 770.082763671875 (ms) to 790.46142578125 (ms), cudaEventElapsed = 20.346879959106445 (ms)
[RANK2] F @ 790.73486328125 (ms) to 824.65380859375 (ms), cudaEventElapsed = 33.889408111572266 (ms)
[RANK2] B @ 824.95166015625 (ms) to 869.9892578125 (ms), cudaEventElapsed = 45.006656646728516 (ms)
[RANK2] W @ 870.231201171875 (ms) to 892.732421875 (ms), cudaEventElapsed = 21.384191513061523 (ms)
[RANK2] F @ 892.996826171875 (ms) to 926.944091796875 (ms), cudaEventElapsed = 33.917537689208984 (ms)
[RANK2] B @ 927.25341796875 (ms) to 973.871826171875 (ms), cudaEventElapsed = 46.587425231933594 (ms)
[RANK2] W @ 974.098388671875 (ms) to 996.970947265625 (ms), cudaEventElapsed = 21.758975982666016 (ms)
[RANK2] F @ 997.240234375 (ms) to 1031.207275390625 (ms), cudaEventElapsed = 33.93753433227539 (ms)
[RANK2] B @ 1031.510498046875 (ms) to 1076.233642578125 (ms), cudaEventElapsed = 44.692161560058594 (ms)
[RANK2] W @ 1076.3984375 (ms) to 1097.809326171875 (ms), cudaEventElapsed = 21.377023696899414 (ms)
[RANK2] W @ 1097.965087890625 (ms) to 1119.330078125 (ms), cudaEventElapsed = 21.338111877441406 (ms)
[RANK2] B @ 1119.46875 (ms) to 1162.25244140625 (ms), cudaEventElapsed = 42.75564956665039 (ms)
[RANK2] 6W @ 1162.41796875 (ms) to 1290.553955078125 (ms), cudaEventElapsed = 128.10546875 (ms)
[RANK2] Iteration 3
[RANK2] F @ 63.871337890625 (ms) to 95.994140625 (ms), cudaEventElapsed = 32.08486557006836 (ms)
[RANK2] F @ 98.37060546875 (ms) to 132.868896484375 (ms), cudaEventElapsed = 34.46355056762695 (ms)
[RANK2] F @ 135.67822265625 (ms) to 173.65625 (ms), cudaEventElapsed = 37.94313430786133 (ms)
[RANK2] B @ 179.389404296875 (ms) to 224.634033203125 (ms), cudaEventElapsed = 45.207679748535156 (ms)
[RANK2] F @ 224.98486328125 (ms) to 258.8447265625 (ms), cudaEventElapsed = 33.82835388183594 (ms)
[RANK2] B @ 259.141845703125 (ms) to 303.676025390625 (ms), cudaEventElapsed = 44.503360748291016 (ms)
[RANK2] F @ 305.10888671875 (ms) to 339.043701171875 (ms), cudaEventElapsed = 33.901824951171875 (ms)
[RANK2] B @ 339.3671875 (ms) to 383.881103515625 (ms), cudaEventElapsed = 44.48233413696289 (ms)
[RANK2] F @ 385.2919921875 (ms) to 418.966552734375 (ms), cudaEventElapsed = 33.64131164550781 (ms)
[RANK2] B @ 419.275146484375 (ms) to 463.789794921875 (ms), cudaEventElapsed = 44.48259353637695 (ms)
[RANK2] F @ 465.392822265625 (ms) to 499.017578125 (ms), cudaEventElapsed = 33.589088439941406 (ms)
[RANK2] B @ 499.350341796875 (ms) to 544.12744140625 (ms), cudaEventElapsed = 44.74457550048828 (ms)
[RANK2] F @ 544.509765625 (ms) to 578.311279296875 (ms), cudaEventElapsed = 33.76588821411133 (ms)
[RANK2] B @ 578.7119140625 (ms) to 623.62744140625 (ms), cudaEventElapsed = 44.882591247558594 (ms)
[RANK2] W @ 623.889404296875 (ms) to 645.505126953125 (ms), cudaEventElapsed = 21.580799102783203 (ms)
[RANK2] F @ 645.670654296875 (ms) to 679.41455078125 (ms), cudaEventElapsed = 33.714271545410156 (ms)
[RANK2] B @ 680.7998046875 (ms) to 725.951904296875 (ms), cudaEventElapsed = 45.11836624145508 (ms)
[RANK2] B @ 727.401123046875 (ms) to 769.77880859375 (ms), cudaEventElapsed = 42.34521484375 (ms)
[RANK2] W @ 770.274169921875 (ms) to 790.603759765625 (ms), cudaEventElapsed = 20.28748893737793 (ms)
[RANK2] F @ 790.9755859375 (ms) to 824.706298828125 (ms), cudaEventElapsed = 33.69625473022461 (ms)
[RANK2] B @ 825.055908203125 (ms) to 870.067138671875 (ms), cudaEventElapsed = 44.979393005371094 (ms)
[RANK2] W @ 870.324462890625 (ms) to 892.685302734375 (ms), cudaEventElapsed = 21.157888412475586 (ms)
[RANK2] F @ 892.96533203125 (ms) to 927.139892578125 (ms), cudaEventElapsed = 34.1451530456543 (ms)
[RANK2] B @ 927.45947265625 (ms) to 973.9833984375 (ms), cudaEventElapsed = 46.4923210144043 (ms)
[RANK2] W @ 974.2490234375 (ms) to 997.267822265625 (ms), cudaEventElapsed = 21.833728790283203 (ms)
[RANK2] F @ 997.54833984375 (ms) to 1031.865478515625 (ms), cudaEventElapsed = 34.28700637817383 (ms)
[RANK2] B @ 1032.169677734375 (ms) to 1077.20556640625 (ms), cudaEventElapsed = 45.00044631958008 (ms)
[RANK2] W @ 1077.37646484375 (ms) to 1098.872314453125 (ms), cudaEventElapsed = 21.45996856689453 (ms)
[RANK2] W @ 1099.0361328125 (ms) to 1120.607666015625 (ms), cudaEventElapsed = 21.542911529541016 (ms)
[RANK2] B @ 1120.76318359375 (ms) to 1163.56982421875 (ms), cudaEventElapsed = 42.77571105957031 (ms)
[RANK2] 6W @ 1163.7412109375 (ms) to 1292.417236328125 (ms), cudaEventElapsed = 128.6440887451172 (ms)
[RANK2] Iteration 4
[RANK2] F @ 63.759765625 (ms) to 96.1142578125 (ms), cudaEventElapsed = 32.31321716308594 (ms)
[RANK2] F @ 99.005615234375 (ms) to 132.14013671875 (ms), cudaEventElapsed = 33.10073471069336 (ms)
[RANK2] F @ 136.069580078125 (ms) to 172.731201171875 (ms), cudaEventElapsed = 36.62736129760742 (ms)
[RANK2] B @ 178.9306640625 (ms) to 223.094970703125 (ms), cudaEventElapsed = 44.12275314331055 (ms)
[RANK2] F @ 223.476318359375 (ms) to 257.190185546875 (ms), cudaEventElapsed = 33.68150329589844 (ms)
[RANK2] B @ 257.520751953125 (ms) to 301.76611328125 (ms), cudaEventElapsed = 44.212833404541016 (ms)
[RANK2] F @ 303.252685546875 (ms) to 337.5390625 (ms), cudaEventElapsed = 34.25244903564453 (ms)
[RANK2] B @ 337.878173828125 (ms) to 382.115966796875 (ms), cudaEventElapsed = 44.204673767089844 (ms)
[RANK2] F @ 383.587890625 (ms) to 417.658447265625 (ms), cudaEventElapsed = 34.03724670410156 (ms)
[RANK2] B @ 417.995361328125 (ms) to 462.400146484375 (ms), cudaEventElapsed = 44.37299346923828 (ms)
[RANK2] F @ 463.898681640625 (ms) to 497.81689453125 (ms), cudaEventElapsed = 33.88524627685547 (ms)
[RANK2] B @ 498.13671875 (ms) to 542.527587890625 (ms), cudaEventElapsed = 44.35910415649414 (ms)
[RANK2] F @ 542.89990234375 (ms) to 576.783447265625 (ms), cudaEventElapsed = 33.85152053833008 (ms)
[RANK2] B @ 577.168212890625 (ms) to 621.762939453125 (ms), cudaEventElapsed = 44.56012725830078 (ms)
[RANK2] W @ 622.02001953125 (ms) to 643.486572265625 (ms), cudaEventElapsed = 21.428224563598633 (ms)
[RANK2] F @ 643.65478515625 (ms) to 677.7626953125 (ms), cudaEventElapsed = 34.07807922363281 (ms)
[RANK2] B @ 679.1728515625 (ms) to 724.25 (ms), cudaEventElapsed = 45.043678283691406 (ms)
[RANK2] B @ 725.74169921875 (ms) to 768.34619140625 (ms), cudaEventElapsed = 42.566593170166016 (ms)
[RANK2] W @ 768.529541015625 (ms) to 788.9443359375 (ms), cudaEventElapsed = 20.382720947265625 (ms)
[RANK2] F @ 789.21923828125 (ms) to 823.259033203125 (ms), cudaEventElapsed = 34.01017761230469 (ms)
[RANK2] B @ 823.566162109375 (ms) to 868.740478515625 (ms), cudaEventElapsed = 45.14252853393555 (ms)
[RANK2] W @ 868.97802734375 (ms) to 891.6826171875 (ms), cudaEventElapsed = 21.526527404785156 (ms)
[RANK2] F @ 891.957763671875 (ms) to 926.844482421875 (ms), cudaEventElapsed = 34.8570556640625 (ms)
[RANK2] B @ 927.138916015625 (ms) to 976.40283203125 (ms), cudaEventElapsed = 49.232513427734375 (ms)
[RANK2] W @ 976.650634765625 (ms) to 1000.127197265625 (ms), cudaEventElapsed = 22.26278305053711 (ms)
[RANK2] F @ 1000.401611328125 (ms) to 1034.228515625 (ms), cudaEventElapsed = 33.78822326660156 (ms)
[RANK2] B @ 1034.524658203125 (ms) to 1079.37744140625 (ms), cudaEventElapsed = 44.82195281982422 (ms)
[RANK2] W @ 1079.54345703125 (ms) to 1101.0439453125 (ms), cudaEventElapsed = 21.46406364440918 (ms)
[RANK2] W @ 1101.20068359375 (ms) to 1122.537841796875 (ms), cudaEventElapsed = 21.31046485900879 (ms)
[RANK2] B @ 1122.675537109375 (ms) to 1165.439453125 (ms), cudaEventElapsed = 42.73740768432617 (ms)
[RANK2] 6W @ 1165.60400390625 (ms) to 1294.761474609375 (ms), cudaEventElapsed = 129.12538146972656 (ms)
[RANK2] Iteration 5
[RANK2] F @ 63.79443359375 (ms) to 95.957763671875 (ms), cudaEventElapsed = 32.127647399902344 (ms)
[RANK2] F @ 98.653076171875 (ms) to 132.74267578125 (ms), cudaEventElapsed = 34.057151794433594 (ms)
[RANK2] F @ 136.044921875 (ms) to 173.589599609375 (ms), cudaEventElapsed = 37.51113510131836 (ms)
[RANK2] B @ 179.324462890625 (ms) to 224.80517578125 (ms), cudaEventElapsed = 45.446529388427734 (ms)
[RANK2] F @ 225.169677734375 (ms) to 260.9306640625 (ms), cudaEventElapsed = 35.71945571899414 (ms)
[RANK2] B @ 261.243408203125 (ms) to 307.2041015625 (ms), cudaEventElapsed = 45.93017578125 (ms)
[RANK2] F @ 308.6162109375 (ms) to 344.79150390625 (ms), cudaEventElapsed = 36.14169692993164 (ms)
[RANK2] B @ 345.177001953125 (ms) to 390.62646484375 (ms), cudaEventElapsed = 45.41836929321289 (ms)
[RANK2] F @ 392.03271484375 (ms) to 428.082275390625 (ms), cudaEventElapsed = 36.01612854003906 (ms)
[RANK2] B @ 428.3935546875 (ms) to 474.43017578125 (ms), cudaEventElapsed = 46.005088806152344 (ms)
[RANK2] F @ 475.92578125 (ms) to 511.85205078125 (ms), cudaEventElapsed = 35.8908805847168 (ms)
[RANK2] B @ 512.17724609375 (ms) to 558.049560546875 (ms), cudaEventElapsed = 45.840065002441406 (ms)
[RANK2] F @ 558.4130859375 (ms) to 594.216796875 (ms), cudaEventElapsed = 35.77203369140625 (ms)
[RANK2] B @ 594.591796875 (ms) to 640.833251953125 (ms), cudaEventElapsed = 46.20991897583008 (ms)
[RANK2] W @ 641.08154296875 (ms) to 665.453369140625 (ms), cudaEventElapsed = 24.33945655822754 (ms)
[RANK2] F @ 665.601318359375 (ms) to 703.1552734375 (ms), cudaEventElapsed = 37.52684783935547 (ms)
[RANK2] B @ 704.484375 (ms) to 750.655517578125 (ms), cudaEventElapsed = 46.13836669921875 (ms)
[RANK2] B @ 752.074462890625 (ms) to 797.268310546875 (ms), cudaEventElapsed = 45.1596794128418 (ms)
[RANK2] W @ 797.46826171875 (ms) to 821.666015625 (ms), cudaEventElapsed = 24.164352416992188 (ms)
[RANK2] F @ 821.959716796875 (ms) to 859.684326171875 (ms), cudaEventElapsed = 37.69539260864258 (ms)
[RANK2] B @ 859.9970703125 (ms) to 906.403564453125 (ms), cudaEventElapsed = 46.37539291381836 (ms)
[RANK2] W @ 906.63623046875 (ms) to 932.9189453125 (ms), cudaEventElapsed = 25.154560089111328 (ms)
[RANK2] F @ 933.1953125 (ms) to 978.891357421875 (ms), cudaEventElapsed = 45.66620635986328 (ms)
[RANK2] B @ 979.188232421875 (ms) to 1026.91796875 (ms), cudaEventElapsed = 47.698814392089844 (ms)
[RANK2] W @ 1027.159423828125 (ms) to 1051.922607421875 (ms), cudaEventElapsed = 23.609344482421875 (ms)
[RANK2] F @ 1052.180908203125 (ms) to 1090.4716796875 (ms), cudaEventElapsed = 38.26268768310547 (ms)
[RANK2] B @ 1090.76220703125 (ms) to 1137.1513671875 (ms), cudaEventElapsed = 46.358177185058594 (ms)
[RANK2] W @ 1137.31591796875 (ms) to 1161.680419921875 (ms), cudaEventElapsed = 24.33024024963379 (ms)
[RANK2] W @ 1161.837158203125 (ms) to 1188.068603515625 (ms), cudaEventElapsed = 26.203136444091797 (ms)
[RANK2] B @ 1188.215576171875 (ms) to 1236.947509765625 (ms), cudaEventElapsed = 48.702720642089844 (ms)
[RANK2] 6W @ 1237.114013671875 (ms) to 1395.736083984375 (ms), cudaEventElapsed = 158.5848388671875 (ms)
[RANK2] Iteration 6
[RANK2] F @ 63.857177734375 (ms) to 96.07470703125 (ms), cudaEventElapsed = 32.18016052246094 (ms)
[RANK2] F @ 98.818359375 (ms) to 133.119873046875 (ms), cudaEventElapsed = 34.2639045715332 (ms)
[RANK2] F @ 136.653076171875 (ms) to 173.232421875 (ms), cudaEventElapsed = 36.54518508911133 (ms)
[RANK2] B @ 178.853759765625 (ms) to 224.376953125 (ms), cudaEventElapsed = 45.486976623535156 (ms)
[RANK2] F @ 224.753662109375 (ms) to 260.694091796875 (ms), cudaEventElapsed = 35.89984130859375 (ms)
[RANK2] B @ 261.00732421875 (ms) to 306.9228515625 (ms), cudaEventElapsed = 45.8834228515625 (ms)
[RANK2] F @ 308.329345703125 (ms) to 344.423828125 (ms), cudaEventElapsed = 36.0610237121582 (ms)
[RANK2] B @ 344.748046875 (ms) to 390.281494140625 (ms), cudaEventElapsed = 45.50137710571289 (ms)
[RANK2] F @ 391.693603515625 (ms) to 427.482177734375 (ms), cudaEventElapsed = 35.75596618652344 (ms)
[RANK2] B @ 428.065673828125 (ms) to 473.565673828125 (ms), cudaEventElapsed = 45.46713638305664 (ms)
[RANK2] F @ 475.08837890625 (ms) to 510.5166015625 (ms), cudaEventElapsed = 35.39350509643555 (ms)
[RANK2] B @ 510.836181640625 (ms) to 556.709716796875 (ms), cudaEventElapsed = 45.840576171875 (ms)
[RANK2] F @ 557.07177734375 (ms) to 593.136474609375 (ms), cudaEventElapsed = 36.03337478637695 (ms)
[RANK2] B @ 593.51953125 (ms) to 639.229248046875 (ms), cudaEventElapsed = 45.67679977416992 (ms)
[RANK2] W @ 639.473388671875 (ms) to 663.579345703125 (ms), cudaEventElapsed = 24.069120407104492 (ms)
[RANK2] F @ 663.728759765625 (ms) to 701.834716796875 (ms), cudaEventElapsed = 38.078590393066406 (ms)
[RANK2] B @ 703.18505859375 (ms) to 749.70947265625 (ms), cudaEventElapsed = 46.490943908691406 (ms)
[RANK2] B @ 751.13330078125 (ms) to 795.928955078125 (ms), cudaEventElapsed = 44.76230239868164 (ms)
[RANK2] W @ 796.1044921875 (ms) to 819.473876953125 (ms), cudaEventElapsed = 23.333887100219727 (ms)
[RANK2] F @ 819.746337890625 (ms) to 858.5498046875 (ms), cudaEventElapsed = 38.774017333984375 (ms)
[RANK2] B @ 858.844970703125 (ms) to 905.735595703125 (ms), cudaEventElapsed = 46.85929489135742 (ms)
[RANK2] W @ 905.973388671875 (ms) to 934.942626953125 (ms), cudaEventElapsed = 27.79852867126465 (ms)
[RANK2] F @ 935.2177734375 (ms) to 978.78955078125 (ms), cudaEventElapsed = 43.54127883911133 (ms)
[RANK2] B @ 979.09033203125 (ms) to 1026.37451171875 (ms), cudaEventElapsed = 47.25392150878906 (ms)
[RANK2] W @ 1026.6142578125 (ms) to 1051.480712890625 (ms), cudaEventElapsed = 23.74553680419922 (ms)
[RANK2] F @ 1051.75927734375 (ms) to 1089.2841796875 (ms), cudaEventElapsed = 37.49417495727539 (ms)
[RANK2] B @ 1089.590087890625 (ms) to 1136.114013671875 (ms), cudaEventElapsed = 46.49318313598633 (ms)
[RANK2] W @ 1136.273193359375 (ms) to 1160.112548828125 (ms), cudaEventElapsed = 23.808000564575195 (ms)
[RANK2] W @ 1160.275634765625 (ms) to 1187.268310546875 (ms), cudaEventElapsed = 26.96396827697754 (ms)
[RANK2] B @ 1187.418701171875 (ms) to 1235.896240234375 (ms), cudaEventElapsed = 48.448062896728516 (ms)
[RANK2] 6W @ 1236.070556640625 (ms) to 1395.57861328125 (ms), cudaEventElapsed = 159.46957397460938 (ms)
[RANK2] Iteration 7
[RANK2] F @ 63.71630859375 (ms) to 96.06201171875 (ms), cudaEventElapsed = 32.304832458496094 (ms)
[RANK2] F @ 98.9169921875 (ms) to 132.138427734375 (ms), cudaEventElapsed = 33.187007904052734 (ms)
[RANK2] F @ 136.116943359375 (ms) to 172.9423828125 (ms), cudaEventElapsed = 36.78860855102539 (ms)
[RANK2] B @ 179.18505859375 (ms) to 224.26220703125 (ms), cudaEventElapsed = 45.035648345947266 (ms)
[RANK2] F @ 224.64111328125 (ms) to 260.434814453125 (ms), cudaEventElapsed = 35.761566162109375 (ms)
[RANK2] B @ 260.7607421875 (ms) to 306.237060546875 (ms), cudaEventElapsed = 45.44182586669922 (ms)
[RANK2] F @ 307.870361328125 (ms) to 343.899169921875 (ms), cudaEventElapsed = 35.99433517456055 (ms)
[RANK2] B @ 344.240478515625 (ms) to 389.9697265625 (ms), cudaEventElapsed = 45.69728088378906 (ms)
[RANK2] F @ 391.435791015625 (ms) to 427.56787109375 (ms), cudaEventElapsed = 36.098209381103516 (ms)
[RANK2] B @ 427.887939453125 (ms) to 473.6416015625 (ms), cudaEventElapsed = 45.722782135009766 (ms)
[RANK2] F @ 475.156005859375 (ms) to 510.693115234375 (ms), cudaEventElapsed = 35.501182556152344 (ms)
[RANK2] B @ 511.0361328125 (ms) to 556.814453125 (ms), cudaEventElapsed = 45.74601745605469 (ms)
[RANK2] F @ 557.207763671875 (ms) to 593.152099609375 (ms), cudaEventElapsed = 35.91279983520508 (ms)
[RANK2] B @ 593.563232421875 (ms) to 639.41796875 (ms), cudaEventElapsed = 45.822879791259766 (ms)
[RANK2] W @ 639.693603515625 (ms) to 663.5791015625 (ms), cudaEventElapsed = 23.852031707763672 (ms)
[RANK2] F @ 663.739990234375 (ms) to 702.00341796875 (ms), cudaEventElapsed = 38.23369598388672 (ms)
[RANK2] B @ 703.3876953125 (ms) to 750.11181640625 (ms), cudaEventElapsed = 46.691104888916016 (ms)
[RANK2] B @ 751.556884765625 (ms) to 796.65869140625 (ms), cudaEventElapsed = 45.06854248046875 (ms)
[RANK2] W @ 796.833984375 (ms) to 820.91455078125 (ms), cudaEventElapsed = 24.044544219970703 (ms)
[RANK2] F @ 821.18505859375 (ms) to 859.033447265625 (ms), cudaEventElapsed = 37.81875228881836 (ms)
[RANK2] B @ 859.339111328125 (ms) to 906.0849609375 (ms), cudaEventElapsed = 46.71481704711914 (ms)
[RANK2] W @ 906.328369140625 (ms) to 935.90966796875 (ms), cudaEventElapsed = 28.398591995239258 (ms)
[RANK2] F @ 936.24267578125 (ms) to 981.75830078125 (ms), cudaEventElapsed = 45.485374450683594 (ms)
[RANK2] B @ 982.102783203125 (ms) to 1029.727294921875 (ms), cudaEventElapsed = 47.59231948852539 (ms)
[RANK2] W @ 1029.989013671875 (ms) to 1055.3701171875 (ms), cudaEventElapsed = 24.193023681640625 (ms)
[RANK2] F @ 1055.67919921875 (ms) to 1093.602294921875 (ms), cudaEventElapsed = 37.8917121887207 (ms)
[RANK2] B @ 1093.9189453125 (ms) to 1140.614990234375 (ms), cudaEventElapsed = 46.66419219970703 (ms)
[RANK2] W @ 1140.787353515625 (ms) to 1164.637451171875 (ms), cudaEventElapsed = 23.815168380737305 (ms)
[RANK2] W @ 1164.802490234375 (ms) to 1191.67822265625 (ms), cudaEventElapsed = 26.848255157470703 (ms)
[RANK2] B @ 1191.82763671875 (ms) to 1240.013916015625 (ms), cudaEventElapsed = 48.15827178955078 (ms)
[RANK2] 6W @ 1240.18505859375 (ms) to 1400.850830078125 (ms), cudaEventElapsed = 160.6287384033203 (ms)
[RANK2] Iteration 8
[RANK2] F @ 63.337158203125 (ms) to 95.69677734375 (ms), cudaEventElapsed = 32.32156753540039 (ms)
[RANK2] F @ 98.474365234375 (ms) to 132.182373046875 (ms), cudaEventElapsed = 33.67398452758789 (ms)
[RANK2] F @ 135.475341796875 (ms) to 172.982666015625 (ms), cudaEventElapsed = 37.47087860107422 (ms)
[RANK2] B @ 178.650146484375 (ms) to 224.018310546875 (ms), cudaEventElapsed = 45.33222579956055 (ms)
[RANK2] F @ 224.3896484375 (ms) to 260.29736328125 (ms), cudaEventElapsed = 35.87472152709961 (ms)
[RANK2] B @ 260.6064453125 (ms) to 306.410888671875 (ms), cudaEventElapsed = 45.77241516113281 (ms)
[RANK2] F @ 307.859130859375 (ms) to 344.042724609375 (ms), cudaEventElapsed = 36.14876937866211 (ms)
[RANK2] B @ 344.353271484375 (ms) to 390.272705078125 (ms), cudaEventElapsed = 45.887840270996094 (ms)
[RANK2] F @ 391.77490234375 (ms) to 427.36181640625 (ms), cudaEventElapsed = 35.54899215698242 (ms)
[RANK2] B @ 427.67724609375 (ms) to 474.066162109375 (ms), cudaEventElapsed = 46.35878372192383 (ms)
[RANK2] F @ 475.584716796875 (ms) to 511.486328125 (ms), cudaEventElapsed = 35.866336822509766 (ms)
[RANK2] B @ 511.812744140625 (ms) to 557.76611328125 (ms), cudaEventElapsed = 45.920352935791016 (ms)
[RANK2] F @ 558.140380859375 (ms) to 594.0224609375 (ms), cudaEventElapsed = 35.85055923461914 (ms)
[RANK2] B @ 594.396728515625 (ms) to 640.32275390625 (ms), cudaEventElapsed = 45.89164733886719 (ms)
[RANK2] W @ 640.585205078125 (ms) to 664.497314453125 (ms), cudaEventElapsed = 23.8786563873291 (ms)
[RANK2] F @ 664.65185546875 (ms) to 702.4951171875 (ms), cudaEventElapsed = 37.814273834228516 (ms)
[RANK2] B @ 703.838623046875 (ms) to 749.749755859375 (ms), cudaEventElapsed = 45.87859344482422 (ms)
[RANK2] B @ 751.174072265625 (ms) to 795.683837890625 (ms), cudaEventElapsed = 44.47625732421875 (ms)
[RANK2] W @ 795.86279296875 (ms) to 819.578125 (ms), cudaEventElapsed = 23.67897605895996 (ms)
[RANK2] F @ 819.842529296875 (ms) to 857.167236328125 (ms), cudaEventElapsed = 37.29497528076172 (ms)
[RANK2] B @ 857.45703125 (ms) to 903.484375 (ms), cudaEventElapsed = 45.99513626098633 (ms)
[RANK2] W @ 903.712158203125 (ms) to 928.4091796875 (ms), cudaEventElapsed = 23.5284481048584 (ms)
[RANK2] F @ 928.681640625 (ms) to 972.81591796875 (ms), cudaEventElapsed = 44.10451126098633 (ms)
[RANK2] B @ 973.11572265625 (ms) to 1022.19140625 (ms), cudaEventElapsed = 49.04492950439453 (ms)
[RANK2] W @ 1022.4189453125 (ms) to 1047.062744140625 (ms), cudaEventElapsed = 23.50182342529297 (ms)
[RANK2] F @ 1047.336181640625 (ms) to 1085.330078125 (ms), cudaEventElapsed = 37.963584899902344 (ms)
[RANK2] B @ 1085.628173828125 (ms) to 1132.108154296875 (ms), cudaEventElapsed = 46.448577880859375 (ms)
[RANK2] W @ 1132.275390625 (ms) to 1156.535400390625 (ms), cudaEventElapsed = 24.228864669799805 (ms)
[RANK2] W @ 1156.697021484375 (ms) to 1182.564697265625 (ms), cudaEventElapsed = 25.837568283081055 (ms)
[RANK2] B @ 1182.722412109375 (ms) to 1230.3046875 (ms), cudaEventElapsed = 47.55302429199219 (ms)
[RANK2] 6W @ 1230.505126953125 (ms) to 1387.22314453125 (ms), cudaEventElapsed = 156.67507934570312 (ms)
[RANK2] Iteration 9
[RANK2] F @ 63.555419921875 (ms) to 95.747802734375 (ms), cudaEventElapsed = 32.15542221069336 (ms)
[RANK2] F @ 225.900390625 (ms) to 257.251220703125 (ms), cudaEventElapsed = 31.305408477783203 (ms)
[RANK2] F @ 386.915771484375 (ms) to 418.275634765625 (ms), cudaEventElapsed = 31.318368911743164 (ms)
[RANK2] B @ 553.946044921875 (ms) to 594.991455078125 (ms), cudaEventElapsed = 40.995391845703125 (ms)
[RANK2] F @ 595.3662109375 (ms) to 630.11083984375 (ms), cudaEventElapsed = 34.7119026184082 (ms)
[RANK2] B @ 764.19384765625 (ms) to 805.03369140625 (ms), cudaEventElapsed = 40.805118560791016 (ms)
[RANK2] F @ 806.5615234375 (ms) to 840.55419921875 (ms), cudaEventElapsed = 33.95724868774414 (ms)
[RANK2] B @ 975.4716796875 (ms) to 1016.458251953125 (ms), cudaEventElapsed = 40.94953536987305 (ms)
[RANK2] F @ 1017.93115234375 (ms) to 1051.6162109375 (ms), cudaEventElapsed = 33.64988708496094 (ms)
[RANK2] B @ 1184.969482421875 (ms) to 1225.8955078125 (ms), cudaEventElapsed = 40.88505554199219 (ms)
[RANK2] F @ 1227.515869140625 (ms) to 1261.999267578125 (ms), cudaEventElapsed = 34.44563293457031 (ms)
[RANK2] B @ 1396.7060546875 (ms) to 1437.70361328125 (ms), cudaEventElapsed = 40.963104248046875 (ms)
[RANK2] F @ 1438.064208984375 (ms) to 1472.1953125 (ms), cudaEventElapsed = 34.1014404296875 (ms)
[RANK2] B @ 1605.884765625 (ms) to 1646.7626953125 (ms), cudaEventElapsed = 40.841087341308594 (ms)
[RANK2] W @ 1647.0068359375 (ms) to 1668.896240234375 (ms), cudaEventElapsed = 21.85830307006836 (ms)
[RANK2] F @ 1669.04931640625 (ms) to 1706.786865234375 (ms), cudaEventElapsed = 37.710113525390625 (ms)
[RANK2] B @ 1842.29248046875 (ms) to 1883.206787109375 (ms), cudaEventElapsed = 40.87836837768555 (ms)
[RANK2] B @ 1884.621826171875 (ms) to 1928.341552734375 (ms), cudaEventElapsed = 43.689056396484375 (ms)
[RANK2] W @ 1928.498046875 (ms) to 1952.592041015625 (ms), cudaEventElapsed = 24.06604766845703 (ms)
[RANK2] F @ 1952.849609375 (ms) to 1990.531494140625 (ms), cudaEventElapsed = 37.65302276611328 (ms)
[RANK2] B @ 2125.086181640625 (ms) to 2166.184814453125 (ms), cudaEventElapsed = 41.03120040893555 (ms)
[RANK2] W @ 2166.46484375 (ms) to 2189.80712890625 (ms), cudaEventElapsed = 22.138879776000977 (ms)
[RANK2] F @ 2190.159423828125 (ms) to 2228.132080078125 (ms), cudaEventElapsed = 37.941566467285156 (ms)
[RANK2] B @ 2362.997802734375 (ms) to 2404.027099609375 (ms), cudaEventElapsed = 40.97398376464844 (ms)
[RANK2] W @ 2404.31787109375 (ms) to 2427.126220703125 (ms), cudaEventElapsed = 21.581823348999023 (ms)
[RANK2] F @ 2427.4248046875 (ms) to 2465.48486328125 (ms), cudaEventElapsed = 38.029823303222656 (ms)
[RANK2] B @ 2600.043212890625 (ms) to 2641.033203125 (ms), cudaEventElapsed = 40.95148849487305 (ms)
[RANK2] W @ 2641.2373046875 (ms) to 2662.48828125 (ms), cudaEventElapsed = 21.219327926635742 (ms)
[RANK2] W @ 2662.662841796875 (ms) to 2689.252197265625 (ms), cudaEventElapsed = 26.56051254272461 (ms)
[RANK2] B @ 2689.42431640625 (ms) to 2737.626708984375 (ms), cudaEventElapsed = 48.17375946044922 (ms)
[RANK2] 6W @ 2737.78955078125 (ms) to 2895.686767578125 (ms), cudaEventElapsed = 157.8629150390625 (ms)
[RANK2] Iteration 10
[RANK2] F @ 63.53515625 (ms) to 95.65625 (ms), cudaEventElapsed = 32.08291244506836 (ms)
[RANK2] F @ 223.798583984375 (ms) to 255.1943359375 (ms), cudaEventElapsed = 31.34444808959961 (ms)
[RANK2] F @ 384.41552734375 (ms) to 415.735595703125 (ms), cudaEventElapsed = 31.271743774414062 (ms)
[RANK2] B @ 549.272705078125 (ms) to 590.267822265625 (ms), cudaEventElapsed = 40.94963073730469 (ms)
[RANK2] F @ 590.6396484375 (ms) to 625.789794921875 (ms), cudaEventElapsed = 35.11840057373047 (ms)
[RANK2] B @ 759.87890625 (ms) to 800.861572265625 (ms), cudaEventElapsed = 40.93622589111328 (ms)
[RANK2] F @ 802.44140625 (ms) to 836.07666015625 (ms), cudaEventElapsed = 33.59859085083008 (ms)
[RANK2] B @ 970.135009765625 (ms) to 1011.02880859375 (ms), cudaEventElapsed = 40.8546257019043 (ms)
[RANK2] F @ 1012.582763671875 (ms) to 1047.017333984375 (ms), cudaEventElapsed = 34.399742126464844 (ms)
[RANK2] B @ 1182.074951171875 (ms) to 1223.07177734375 (ms), cudaEventElapsed = 40.95286560058594 (ms)
[RANK2] F @ 1224.703369140625 (ms) to 1258.443603515625 (ms), cudaEventElapsed = 33.700862884521484 (ms)
[RANK2] B @ 1392.142578125 (ms) to 1433.006103515625 (ms), cudaEventElapsed = 40.82720184326172 (ms)
[RANK2] F @ 1433.37060546875 (ms) to 1467.79638671875 (ms), cudaEventElapsed = 34.39564895629883 (ms)
[RANK2] B @ 1602.7099609375 (ms) to 1643.6845703125 (ms), cudaEventElapsed = 40.93734359741211 (ms)
[RANK2] W @ 1643.9560546875 (ms) to 1665.76220703125 (ms), cudaEventElapsed = 21.772287368774414 (ms)
[RANK2] F @ 1665.928466796875 (ms) to 1703.2373046875 (ms), cudaEventElapsed = 37.27312088012695 (ms)
[RANK2] B @ 1840.019287109375 (ms) to 1881.02880859375 (ms), cudaEventElapsed = 40.9736328125 (ms)
[RANK2] B @ 1882.5185546875 (ms) to 1925.853271484375 (ms), cudaEventElapsed = 43.30271911621094 (ms)
[RANK2] W @ 1926.031494140625 (ms) to 1949.472412109375 (ms), cudaEventElapsed = 23.407615661621094 (ms)
[RANK2] F @ 1949.734130859375 (ms) to 1988.20556640625 (ms), cudaEventElapsed = 38.44348907470703 (ms)
[RANK2] B @ 2123.215576171875 (ms) to 2164.15771484375 (ms), cudaEventElapsed = 40.90639877319336 (ms)
[RANK2] W @ 2164.390625 (ms) to 2186.76806640625 (ms), cudaEventElapsed = 21.24185562133789 (ms)
[RANK2] F @ 2187.050048828125 (ms) to 2225.121337890625 (ms), cudaEventElapsed = 38.04111862182617 (ms)
[RANK2] B @ 2360.99658203125 (ms) to 2401.92138671875 (ms), cudaEventElapsed = 40.888671875 (ms)
[RANK2] W @ 2402.156005859375 (ms) to 2424.651123046875 (ms), cudaEventElapsed = 21.352447509765625 (ms)
[RANK2] F @ 2424.92041015625 (ms) to 2462.79736328125 (ms), cudaEventElapsed = 37.84627151489258 (ms)
[RANK2] B @ 2597.88720703125 (ms) to 2638.812744140625 (ms), cudaEventElapsed = 40.889408111572266 (ms)
[RANK2] W @ 2638.99658203125 (ms) to 2660.931640625 (ms), cudaEventElapsed = 21.898239135742188 (ms)
[RANK2] W @ 2661.10009765625 (ms) to 2687.829833984375 (ms), cudaEventElapsed = 26.701824188232422 (ms)
[RANK2] B @ 2687.994873046875 (ms) to 2736.2470703125 (ms), cudaEventElapsed = 48.22275161743164 (ms)
[RANK2] 6W @ 2736.418212890625 (ms) to 2894.197509765625 (ms), cudaEventElapsed = 157.74208068847656 (ms)
[RANK2] Iteration 11
[RANK2] F @ 63.70166015625 (ms) to 95.802490234375 (ms), cudaEventElapsed = 32.062721252441406 (ms)
[RANK2] F @ 226.12255859375 (ms) to 257.436767578125 (ms), cudaEventElapsed = 31.271072387695312 (ms)
[RANK2] F @ 388.409912109375 (ms) to 419.631591796875 (ms), cudaEventElapsed = 31.178272247314453 (ms)
[RANK2] B @ 554.282470703125 (ms) to 595.3505859375 (ms), cudaEventElapsed = 41.025150299072266 (ms)
[RANK2] F @ 595.70361328125 (ms) to 630.754150390625 (ms), cudaEventElapsed = 35.0181770324707 (ms)
[RANK2] B @ 764.3369140625 (ms) to 805.2880859375 (ms), cudaEventElapsed = 40.916351318359375 (ms)
[RANK2] F @ 806.75146484375 (ms) to 840.83154296875 (ms), cudaEventElapsed = 34.04569625854492 (ms)
[RANK2] B @ 974.87939453125 (ms) to 1015.847412109375 (ms), cudaEventElapsed = 40.93337631225586 (ms)
[RANK2] F @ 1017.346923828125 (ms) to 1051.98779296875 (ms), cudaEventElapsed = 34.6077766418457 (ms)
[RANK2] B @ 1186.493408203125 (ms) to 1227.634765625 (ms), cudaEventElapsed = 41.070430755615234 (ms)
[RANK2] F @ 1229.390869140625 (ms) to 1262.957763671875 (ms), cudaEventElapsed = 33.51932907104492 (ms)
[RANK2] B @ 1397.0 (ms) to 1437.989501953125 (ms), cudaEventElapsed = 40.94927978515625 (ms)
[RANK2] F @ 1438.41259765625 (ms) to 1473.20068359375 (ms), cudaEventElapsed = 34.7523193359375 (ms)
[RANK2] B @ 1607.995361328125 (ms) to 1648.95361328125 (ms), cudaEventElapsed = 40.916961669921875 (ms)
[RANK2] W @ 1649.249755859375 (ms) to 1671.288330078125 (ms), cudaEventElapsed = 22.005760192871094 (ms)
[RANK2] F @ 1671.456298828125 (ms) to 1708.887939453125 (ms), cudaEventElapsed = 37.39990234375 (ms)
[RANK2] B @ 1844.868896484375 (ms) to 1886.00048828125 (ms), cudaEventElapsed = 41.08214569091797 (ms)
[RANK2] B @ 1887.556640625 (ms) to 1930.95166015625 (ms), cudaEventElapsed = 43.359519958496094 (ms)
[RANK2] W @ 1931.402099609375 (ms) to 1955.0849609375 (ms), cudaEventElapsed = 23.65132713317871 (ms)
[RANK2] F @ 1955.364013671875 (ms) to 1994.6318359375 (ms), cudaEventElapsed = 39.238014221191406 (ms)
[RANK2] B @ 2193.02978515625 (ms) to 2234.147705078125 (ms), cudaEventElapsed = 41.074241638183594 (ms)
[RANK2] W @ 2234.41259765625 (ms) to 2256.84619140625 (ms), cudaEventElapsed = 21.2490234375 (ms)
[RANK2] F @ 2257.139404296875 (ms) to 2296.26806640625 (ms), cudaEventElapsed = 39.09772872924805 (ms)
[RANK2] B @ 2519.889892578125 (ms) to 2560.773681640625 (ms), cudaEventElapsed = 40.84016036987305 (ms)
[RANK2] W @ 2561.040771484375 (ms) to 2583.706787109375 (ms), cudaEventElapsed = 21.4783992767334 (ms)
[RANK2] F @ 2583.9990234375 (ms) to 2622.8759765625 (ms), cudaEventElapsed = 38.8460807800293 (ms)
[RANK2] B @ 2846.672119140625 (ms) to 2887.705322265625 (ms), cudaEventElapsed = 40.9837760925293 (ms)
[RANK2] W @ 2887.908203125 (ms) to 2909.992919921875 (ms), cudaEventElapsed = 22.05081558227539 (ms)
[RANK2] W @ 2910.17236328125 (ms) to 2937.285888671875 (ms), cudaEventElapsed = 27.08582305908203 (ms)
[RANK2] B @ 3052.01318359375 (ms) to 3093.065185546875 (ms), cudaEventElapsed = 41.01590347290039 (ms)
[RANK2] 6W @ 3093.25830078125 (ms) to 3250.534423828125 (ms), cudaEventElapsed = 157.24339294433594 (ms)
[RANK2] Iteration 12
[RANK2] F @ 63.52978515625 (ms) to 95.58935546875 (ms), cudaEventElapsed = 32.022369384765625 (ms)
[RANK2] F @ 223.365234375 (ms) to 254.706787109375 (ms), cudaEventElapsed = 31.299936294555664 (ms)
[RANK2] F @ 384.627197265625 (ms) to 415.95361328125 (ms), cudaEventElapsed = 31.285472869873047 (ms)
[RANK2] B @ 669.623291015625 (ms) to 710.5693359375 (ms), cudaEventElapsed = 40.90550231933594 (ms)
[RANK2] F @ 710.925048828125 (ms) to 746.157958984375 (ms), cudaEventElapsed = 35.2022705078125 (ms)
[RANK2] B @ 991.081787109375 (ms) to 1032.017578125 (ms), cudaEventElapsed = 40.882625579833984 (ms)
[RANK2] F @ 1033.5146484375 (ms) to 1068.50244140625 (ms), cudaEventElapsed = 34.95017623901367 (ms)
[RANK2] B @ 1240.98876953125 (ms) to 1281.896484375 (ms), cudaEventElapsed = 40.86764907836914 (ms)
[RANK2] F @ 1283.357666015625 (ms) to 1317.66162109375 (ms), cudaEventElapsed = 34.27107238769531 (ms)
[RANK2] B @ 1490.095458984375 (ms) to 1530.943359375 (ms), cudaEventElapsed = 40.810752868652344 (ms)
[RANK2] F @ 1532.3779296875 (ms) to 1567.187255859375 (ms), cudaEventElapsed = 34.776222229003906 (ms)
[RANK2] B @ 1740.3134765625 (ms) to 1781.17041015625 (ms), cudaEventElapsed = 40.81987380981445 (ms)
[RANK2] F @ 1781.515380859375 (ms) to 1816.4990234375 (ms), cudaEventElapsed = 34.95235061645508 (ms)
[RANK2] B @ 1989.730712890625 (ms) to 2030.6845703125 (ms), cudaEventElapsed = 40.907264709472656 (ms)
[RANK2] W @ 2030.9580078125 (ms) to 2053.073486328125 (ms), cudaEventElapsed = 22.08255958557129 (ms)
[RANK2] F @ 2053.24267578125 (ms) to 2092.258544921875 (ms), cudaEventElapsed = 38.98553466796875 (ms)
[RANK2] B @ 2244.75244140625 (ms) to 2287.03564453125 (ms), cudaEventElapsed = 42.22412872314453 (ms)
[RANK2] B @ 2370.193115234375 (ms) to 2411.041259765625 (ms), cudaEventElapsed = 40.802974700927734 (ms)
[RANK2] W @ 2411.231689453125 (ms) to 2432.4248046875 (ms), cudaEventElapsed = 21.158912658691406 (ms)
[RANK2] F @ 2432.6904296875 (ms) to 2471.74365234375 (ms), cudaEventElapsed = 39.024383544921875 (ms)
[RANK2] B @ 2713.09228515625 (ms) to 2754.010986328125 (ms), cudaEventElapsed = 40.882110595703125 (ms)
[RANK2] W @ 2754.248779296875 (ms) to 2777.63818359375 (ms), cudaEventElapsed = 22.28019142150879 (ms)
[RANK2] F @ 2777.915771484375 (ms) to 2816.620361328125 (ms), cudaEventElapsed = 38.67497634887695 (ms)
[RANK2] B @ 3039.7353515625 (ms) to 3080.75 (ms), cudaEventElapsed = 40.95654296875 (ms)
[RANK2] W @ 3081.035400390625 (ms) to 3103.777099609375 (ms), cudaEventElapsed = 21.521408081054688 (ms)
[RANK2] F @ 3104.097412109375 (ms) to 3142.357666015625 (ms), cudaEventElapsed = 38.229888916015625 (ms)
[RANK2] B @ 3364.44921875 (ms) to 3405.619140625 (ms), cudaEventElapsed = 41.11008071899414 (ms)
[RANK2] W @ 3405.849609375 (ms) to 3427.10009765625 (ms), cudaEventElapsed = 21.213184356689453 (ms)
[RANK2] W @ 3427.3115234375 (ms) to 3453.395751953125 (ms), cudaEventElapsed = 26.054655075073242 (ms)
[RANK2] B @ 3571.7099609375 (ms) to 3612.50537109375 (ms), cudaEventElapsed = 40.757728576660156 (ms)
[RANK2] 6W @ 3612.720947265625 (ms) to 3769.579833984375 (ms), cudaEventElapsed = 156.82354736328125 (ms)
[RANK2] Iteration 13
[RANK2] F @ 63.38623046875 (ms) to 95.53955078125 (ms), cudaEventElapsed = 32.11248016357422 (ms)
[RANK2] F @ 223.100341796875 (ms) to 254.704345703125 (ms), cudaEventElapsed = 31.544767379760742 (ms)
[RANK2] F @ 384.462646484375 (ms) to 415.91357421875 (ms), cudaEventElapsed = 31.39948844909668 (ms)
[RANK2] B @ 669.00634765625 (ms) to 710.13232421875 (ms), cudaEventElapsed = 41.06953430175781 (ms)
[RANK2] F @ 710.55615234375 (ms) to 745.597900390625 (ms), cudaEventElapsed = 35.00896072387695 (ms)
[RANK2] B @ 988.42578125 (ms) to 1029.481201171875 (ms), cudaEventElapsed = 41.00636672973633 (ms)
[RANK2] F @ 1030.973876953125 (ms) to 1065.83056640625 (ms), cudaEventElapsed = 34.82166290283203 (ms)
[RANK2] B @ 1237.690673828125 (ms) to 1278.720458984375 (ms), cudaEventElapsed = 40.98508834838867 (ms)
[RANK2] F @ 1280.250732421875 (ms) to 1314.856689453125 (ms), cudaEventElapsed = 34.573089599609375 (ms)
[RANK2] B @ 1486.978271484375 (ms) to 1527.985107421875 (ms), cudaEventElapsed = 40.96745681762695 (ms)
[RANK2] F @ 1529.458251953125 (ms) to 1565.1572265625 (ms), cudaEventElapsed = 35.667137145996094 (ms)
[RANK2] B @ 1735.87744140625 (ms) to 1776.821533203125 (ms), cudaEventElapsed = 40.90729522705078 (ms)
[RANK2] F @ 1777.18310546875 (ms) to 1811.990966796875 (ms), cudaEventElapsed = 34.77747344970703 (ms)
[RANK2] B @ 1984.46044921875 (ms) to 2025.2705078125 (ms), cudaEventElapsed = 40.765953063964844 (ms)
[RANK2] W @ 2025.523193359375 (ms) to 2047.242919921875 (ms), cudaEventElapsed = 21.68115234375 (ms)
[RANK2] F @ 2047.404541015625 (ms) to 2086.070556640625 (ms), cudaEventElapsed = 38.63631820678711 (ms)
[RANK2] B @ 2238.18212890625 (ms) to 2280.3232421875 (ms), cudaEventElapsed = 42.10335922241211 (ms)
[RANK2] B @ 2362.887939453125 (ms) to 2403.799072265625 (ms), cudaEventElapsed = 40.87129592895508 (ms)
[RANK2] W @ 2403.970947265625 (ms) to 2425.50244140625 (ms), cudaEventElapsed = 21.4968318939209 (ms)
[RANK2] F @ 2425.77783203125 (ms) to 2465.227783203125 (ms), cudaEventElapsed = 39.41795349121094 (ms)
[RANK2] B @ 2705.599365234375 (ms) to 2746.49267578125 (ms), cudaEventElapsed = 40.854400634765625 (ms)
[RANK2] W @ 2746.74072265625 (ms) to 2769.911376953125 (ms), cudaEventElapsed = 22.021120071411133 (ms)
[RANK2] F @ 2770.190673828125 (ms) to 2808.642333984375 (ms), cudaEventElapsed = 38.422080993652344 (ms)
[RANK2] B @ 3030.83544921875 (ms) to 3071.779541015625 (ms), cudaEventElapsed = 40.90220642089844 (ms)
[RANK2] W @ 3072.026611328125 (ms) to 3094.805908203125 (ms), cudaEventElapsed = 21.578752517700195 (ms)
[RANK2] F @ 3095.134033203125 (ms) to 3133.2138671875 (ms), cudaEventElapsed = 38.049503326416016 (ms)
[RANK2] B @ 3355.663818359375 (ms) to 3396.77880859375 (ms), cudaEventElapsed = 41.058143615722656 (ms)
[RANK2] W @ 3397.0107421875 (ms) to 3418.775390625 (ms), cudaEventElapsed = 21.72313690185547 (ms)
[RANK2] W @ 3418.95361328125 (ms) to 3445.26220703125 (ms), cudaEventElapsed = 26.278911590576172 (ms)
[RANK2] B @ 3562.327392578125 (ms) to 3603.22412109375 (ms), cudaEventElapsed = 40.857086181640625 (ms)
[RANK2] 6W @ 3603.41943359375 (ms) to 3760.35546875 (ms), cudaEventElapsed = 156.90444946289062 (ms)
[RANK2] Iteration 14
[RANK2] F @ 63.594482421875 (ms) to 95.67138671875 (ms), cudaEventElapsed = 32.03984069824219 (ms)
[RANK2] F @ 223.2998046875 (ms) to 254.798828125 (ms), cudaEventElapsed = 31.446720123291016 (ms)
[RANK2] F @ 384.38427734375 (ms) to 415.859375 (ms), cudaEventElapsed = 31.427711486816406 (ms)
[RANK2] B @ 668.982666015625 (ms) to 710.105224609375 (ms), cudaEventElapsed = 41.06787109375 (ms)
[RANK2] F @ 710.517578125 (ms) to 746.3291015625 (ms), cudaEventElapsed = 35.77644729614258 (ms)
[RANK2] B @ 989.093017578125 (ms) to 1030.23583984375 (ms), cudaEventElapsed = 41.0832633972168 (ms)
[RANK2] F @ 1031.8271484375 (ms) to 1067.109375 (ms), cudaEventElapsed = 35.24473571777344 (ms)
[RANK2] B @ 1238.471435546875 (ms) to 1279.62109375 (ms), cudaEventElapsed = 41.07712173461914 (ms)
[RANK2] F @ 1281.302734375 (ms) to 1315.90478515625 (ms), cudaEventElapsed = 34.56377410888672 (ms)
[RANK2] B @ 1486.903564453125 (ms) to 1527.916748046875 (ms), cudaEventElapsed = 40.96464157104492 (ms)
[RANK2] F @ 1529.4912109375 (ms) to 1564.553466796875 (ms), cudaEventElapsed = 35.026336669921875 (ms)
[RANK2] B @ 1736.261474609375 (ms) to 1777.244873046875 (ms), cudaEventElapsed = 40.94179153442383 (ms)
[RANK2] F @ 1777.633544921875 (ms) to 1812.62255859375 (ms), cudaEventElapsed = 34.9567985534668 (ms)
[RANK2] B @ 1985.29296875 (ms) to 2026.155517578125 (ms), cudaEventElapsed = 40.81689453125 (ms)
[RANK2] W @ 2026.425537109375 (ms) to 2048.05810546875 (ms), cudaEventElapsed = 21.597183227539062 (ms)
[RANK2] F @ 2048.22119140625 (ms) to 2086.749267578125 (ms), cudaEventElapsed = 38.49964904785156 (ms)
[RANK2] B @ 2239.201904296875 (ms) to 2281.32373046875 (ms), cudaEventElapsed = 42.08278274536133 (ms)
[RANK2] B @ 2363.938720703125 (ms) to 2404.904541015625 (ms), cudaEventElapsed = 40.916385650634766 (ms)
[RANK2] W @ 2405.109619140625 (ms) to 2426.526611328125 (ms), cudaEventElapsed = 21.385215759277344 (ms)
[RANK2] F @ 2426.809326171875 (ms) to 2466.296630859375 (ms), cudaEventElapsed = 39.455841064453125 (ms)
[RANK2] B @ 2707.30029296875 (ms) to 2748.45068359375 (ms), cudaEventElapsed = 41.086910247802734 (ms)
[RANK2] W @ 2748.75537109375 (ms) to 2772.2890625 (ms), cudaEventElapsed = 22.352895736694336 (ms)
[RANK2] F @ 2772.593017578125 (ms) to 2811.0849609375 (ms), cudaEventElapsed = 38.44371032714844 (ms)
[RANK2] B @ 3033.123046875 (ms) to 3074.033203125 (ms), cudaEventElapsed = 40.87228775024414 (ms)
[RANK2] W @ 3074.273681640625 (ms) to 3096.93310546875 (ms), cudaEventElapsed = 21.49068832397461 (ms)
[RANK2] F @ 3097.21630859375 (ms) to 3135.089111328125 (ms), cudaEventElapsed = 37.84159851074219 (ms)
[RANK2] B @ 3357.7470703125 (ms) to 3398.772216796875 (ms), cudaEventElapsed = 40.98428726196289 (ms)
[RANK2] W @ 3398.96044921875 (ms) to 3420.704345703125 (ms), cudaEventElapsed = 21.7128963470459 (ms)
[RANK2] W @ 3420.874755859375 (ms) to 3447.845458984375 (ms), cudaEventElapsed = 26.94144058227539 (ms)
[RANK2] B @ 3564.04638671875 (ms) to 3604.83349609375 (ms), cudaEventElapsed = 40.75398254394531 (ms)
[RANK2] 6W @ 3605.004638671875 (ms) to 3761.441650390625 (ms), cudaEventElapsed = 156.4016571044922 (ms)
[RANK2] Iteration 15
[RANK2] F @ 63.195068359375 (ms) to 95.3984375 (ms), cudaEventElapsed = 32.16368103027344 (ms)
[RANK2] F @ 223.86474609375 (ms) to 255.321044921875 (ms), cudaEventElapsed = 31.4050235748291 (ms)
[RANK2] F @ 384.435546875 (ms) to 415.882568359375 (ms), cudaEventElapsed = 31.399616241455078 (ms)
[RANK2] B @ 668.735595703125 (ms) to 709.753662109375 (ms), cudaEventElapsed = 40.97328186035156 (ms)
[RANK2] F @ 710.140869140625 (ms) to 745.589599609375 (ms), cudaEventElapsed = 35.416446685791016 (ms)
[RANK2] B @ 988.49072265625 (ms) to 1029.4248046875 (ms), cudaEventElapsed = 40.89548873901367 (ms)
[RANK2] F @ 1030.83740234375 (ms) to 1066.2021484375 (ms), cudaEventElapsed = 35.33363342285156 (ms)
[RANK2] B @ 1237.074951171875 (ms) to 1278.040283203125 (ms), cudaEventElapsed = 40.92675018310547 (ms)
[RANK2] F @ 1279.49951171875 (ms) to 1314.038330078125 (ms), cudaEventElapsed = 34.50630569458008 (ms)
[RANK2] B @ 1485.6630859375 (ms) to 1526.47412109375 (ms), cudaEventElapsed = 40.77212905883789 (ms)
[RANK2] F @ 1528.125244140625 (ms) to 1563.087890625 (ms), cudaEventElapsed = 34.926944732666016 (ms)
[RANK2] B @ 1735.315673828125 (ms) to 1776.34521484375 (ms), cudaEventElapsed = 40.97081756591797 (ms)
[RANK2] F @ 1776.764404296875 (ms) to 1811.618896484375 (ms), cudaEventElapsed = 34.821502685546875 (ms)
[RANK2] B @ 1984.567626953125 (ms) to 2025.71484375 (ms), cudaEventElapsed = 41.076255798339844 (ms)
[RANK2] W @ 2026.047607421875 (ms) to 2048.061767578125 (ms), cudaEventElapsed = 21.980159759521484 (ms)
[RANK2] F @ 2048.23095703125 (ms) to 2086.799560546875 (ms), cudaEventElapsed = 38.53523254394531 (ms)
[RANK2] B @ 2238.38720703125 (ms) to 2280.616455078125 (ms), cudaEventElapsed = 42.184959411621094 (ms)
[RANK2] B @ 2363.203857421875 (ms) to 2404.139404296875 (ms), cudaEventElapsed = 40.887550354003906 (ms)
[RANK2] W @ 2404.341064453125 (ms) to 2425.5859375 (ms), cudaEventElapsed = 21.215232849121094 (ms)
[RANK2] F @ 2425.85791015625 (ms) to 2465.4814453125 (ms), cudaEventElapsed = 39.59328079223633 (ms)
[RANK2] B @ 2705.451416015625 (ms) to 2746.3515625 (ms), cudaEventElapsed = 40.852542877197266 (ms)
[RANK2] W @ 2746.619140625 (ms) to 2769.209716796875 (ms), cudaEventElapsed = 21.378047943115234 (ms)
[RANK2] F @ 2769.50634765625 (ms) to 2807.991943359375 (ms), cudaEventElapsed = 38.45747375488281 (ms)
[RANK2] B @ 3030.01416015625 (ms) to 3071.061767578125 (ms), cudaEventElapsed = 41.00233459472656 (ms)
[RANK2] W @ 3071.33154296875 (ms) to 3094.50341796875 (ms), cudaEventElapsed = 21.966848373413086 (ms)
[RANK2] F @ 3094.80126953125 (ms) to 3133.2607421875 (ms), cudaEventElapsed = 38.42668914794922 (ms)
[RANK2] B @ 3355.00146484375 (ms) to 3395.888671875 (ms), cudaEventElapsed = 40.84025573730469 (ms)
[RANK2] W @ 3396.094970703125 (ms) to 3417.538818359375 (ms), cudaEventElapsed = 21.411840438842773 (ms)
[RANK2] W @ 3417.7119140625 (ms) to 3444.1630859375 (ms), cudaEventElapsed = 26.424320220947266 (ms)
[RANK2] B @ 3559.841552734375 (ms) to 3600.803466796875 (ms), cudaEventElapsed = 40.928768157958984 (ms)
[RANK2] 6W @ 3600.97119140625 (ms) to 3757.443359375 (ms), cudaEventElapsed = 156.4385223388672 (ms)
[RANK2] Iteration 16
[RANK2] F @ 58.64599609375 (ms) to 88.67578125 (ms), cudaEventElapsed = 29.994304656982422 (ms)
[RANK2] F @ 217.29736328125 (ms) to 246.720703125 (ms), cudaEventElapsed = 29.381919860839844 (ms)
[RANK2] F @ 377.179443359375 (ms) to 406.542724609375 (ms), cudaEventElapsed = 29.324832916259766 (ms)
[RANK2] F @ 536.153564453125 (ms) to 565.489013671875 (ms), cudaEventElapsed = 29.297151565551758 (ms)
[RANK2] F @ 694.830078125 (ms) to 724.16650390625 (ms), cudaEventElapsed = 29.292095184326172 (ms)
[RANK2] F @ 852.3173828125 (ms) to 881.722412109375 (ms), cudaEventElapsed = 29.3670711517334 (ms)
[RANK2] F @ 1009.656005859375 (ms) to 1039.132568359375 (ms), cudaEventElapsed = 29.439104080200195 (ms)
[RANK2] F @ 1167.45947265625 (ms) to 1196.861572265625 (ms), cudaEventElapsed = 29.3687686920166 (ms)
[RANK2] F @ 1326.85791015625 (ms) to 1356.25390625 (ms), cudaEventElapsed = 29.359039306640625 (ms)
[RANK2] F @ 1485.134765625 (ms) to 1514.4638671875 (ms), cudaEventElapsed = 29.29190444946289 (ms)
[RANK2] F @ 1643.035888671875 (ms) to 1672.406494140625 (ms), cudaEventElapsed = 29.33510398864746 (ms)
[RANK2] F @ 1802.88037109375 (ms) to 1832.239013671875 (ms), cudaEventElapsed = 29.321279525756836 (ms)
