[RANK1] Iteration 1
[RANK1] F @ 610.406005859375 (ms) to 764.083251953125 (ms), cudaEventElapsed = 153.61048889160156 (ms)
[RANK1] F @ 826.890380859375 (ms) to 858.574462890625 (ms), cudaEventElapsed = 31.62735939025879 (ms)
[RANK1] F @ 859.022216796875 (ms) to 893.502197265625 (ms), cudaEventElapsed = 34.441566467285156 (ms)
[RANK1] F @ 893.819091796875 (ms) to 931.7822265625 (ms), cudaEventElapsed = 37.92534255981445 (ms)
[RANK1] F @ 934.848876953125 (ms) to 971.6796875 (ms), cudaEventElapsed = 36.78879928588867 (ms)
[RANK1] B @ 1760.333740234375 (ms) to 1812.916015625 (ms), cudaEventElapsed = 52.52339172363281 (ms)
[RANK1] F @ 1816.408447265625 (ms) to 1849.25146484375 (ms), cudaEventElapsed = 32.806880950927734 (ms)
[RANK1] B @ 1849.577880859375 (ms) to 1893.882080078125 (ms), cudaEventElapsed = 44.269630432128906 (ms)
[RANK1] F @ 1914.479248046875 (ms) to 1947.403076171875 (ms), cudaEventElapsed = 32.88774490356445 (ms)
[RANK1] B @ 1947.710693359375 (ms) to 1990.81201171875 (ms), cudaEventElapsed = 43.06959915161133 (ms)
[RANK1] F @ 1991.154296875 (ms) to 2024.65234375 (ms), cudaEventElapsed = 33.46537780761719 (ms)
[RANK1] B @ 2025.027099609375 (ms) to 2069.40283203125 (ms), cudaEventElapsed = 44.34159851074219 (ms)
[RANK1] W @ 2069.62109375 (ms) to 2091.290771484375 (ms), cudaEventElapsed = 21.63916778564453 (ms)
[RANK1] F @ 2091.42333984375 (ms) to 2125.227783203125 (ms), cudaEventElapsed = 33.773502349853516 (ms)
[RANK1] B @ 2126.623779296875 (ms) to 2172.3173828125 (ms), cudaEventElapsed = 45.66012954711914 (ms)
[RANK1] B @ 2173.7451171875 (ms) to 2215.88623046875 (ms), cudaEventElapsed = 42.10710525512695 (ms)
[RANK1] W @ 2216.030517578125 (ms) to 2236.3837890625 (ms), cudaEventElapsed = 20.321279525756836 (ms)
[RANK1] F @ 2236.623779296875 (ms) to 2271.01123046875 (ms), cudaEventElapsed = 34.3568000793457 (ms)
[RANK1] B @ 2272.442626953125 (ms) to 2317.650634765625 (ms), cudaEventElapsed = 45.17295837402344 (ms)
[RANK1] B @ 2319.121337890625 (ms) to 2361.5068359375 (ms), cudaEventElapsed = 42.34672164916992 (ms)
[RANK1] W @ 2361.646484375 (ms) to 2382.050048828125 (ms), cudaEventElapsed = 20.369407653808594 (ms)
[RANK1] F @ 2382.29541015625 (ms) to 2416.601806640625 (ms), cudaEventElapsed = 34.275936126708984 (ms)
[RANK1] B @ 2416.884033203125 (ms) to 2462.565185546875 (ms), cudaEventElapsed = 45.648033142089844 (ms)
[RANK1] W @ 2462.77734375 (ms) to 2485.20166015625 (ms), cudaEventElapsed = 21.237760543823242 (ms)
[RANK1] F @ 2485.451171875 (ms) to 2519.583740234375 (ms), cudaEventElapsed = 34.10345458984375 (ms)
[RANK1] B @ 2519.8720703125 (ms) to 2564.948974609375 (ms), cudaEventElapsed = 45.04185485839844 (ms)
[RANK1] W @ 2565.086181640625 (ms) to 2586.609130859375 (ms), cudaEventElapsed = 21.48761558532715 (ms)
[RANK1] W @ 2586.73828125 (ms) to 2608.42138671875 (ms), cudaEventElapsed = 21.65555191040039 (ms)
[RANK1] B @ 2611.476318359375 (ms) to 2653.54150390625 (ms), cudaEventElapsed = 42.03456115722656 (ms)
[RANK1] W @ 2653.6630859375 (ms) to 2674.456298828125 (ms), cudaEventElapsed = 20.754432678222656 (ms)
[RANK1] W @ 2674.577392578125 (ms) to 2696.939697265625 (ms), cudaEventElapsed = 22.335487365722656 (ms)
[RANK1] B @ 2699.165283203125 (ms) to 2742.1298828125 (ms), cudaEventElapsed = 42.93564987182617 (ms)
[RANK1] 4W @ 2742.2626953125 (ms) to 2828.27783203125 (ms), cudaEventElapsed = 85.97708892822266 (ms)
[RANK1] Iteration 2
[RANK1] F @ 30.94873046875 (ms) to 62.91162109375 (ms), cudaEventElapsed = 31.86636734008789 (ms)
[RANK1] F @ 63.330078125 (ms) to 98.022216796875 (ms), cudaEventElapsed = 34.65923309326172 (ms)
[RANK1] F @ 98.406494140625 (ms) to 135.08056640625 (ms), cudaEventElapsed = 36.6418571472168 (ms)
[RANK1] F @ 135.38232421875 (ms) to 171.521484375 (ms), cudaEventElapsed = 36.1071662902832 (ms)
[RANK1] F @ 173.729248046875 (ms) to 209.49072265625 (ms), cudaEventElapsed = 35.72675323486328 (ms)
[RANK1] B @ 225.91357421875 (ms) to 267.7333984375 (ms), cudaEventElapsed = 41.77961730957031 (ms)
[RANK1] F @ 268.104736328125 (ms) to 301.296630859375 (ms), cudaEventElapsed = 33.16022491455078 (ms)
[RANK1] B @ 305.299560546875 (ms) to 348.624755859375 (ms), cudaEventElapsed = 43.28815841674805 (ms)
[RANK1] F @ 350.099853515625 (ms) to 384.4404296875 (ms), cudaEventElapsed = 34.30537414550781 (ms)
[RANK1] B @ 385.77734375 (ms) to 430.064697265625 (ms), cudaEventElapsed = 44.252159118652344 (ms)
[RANK1] F @ 430.411865234375 (ms) to 464.9375 (ms), cudaEventElapsed = 34.494049072265625 (ms)
[RANK1] B @ 466.279541015625 (ms) to 510.65771484375 (ms), cudaEventElapsed = 44.340736389160156 (ms)
[RANK1] W @ 510.910888671875 (ms) to 532.68896484375 (ms), cudaEventElapsed = 21.633024215698242 (ms)
[RANK1] F @ 532.844970703125 (ms) to 566.98291015625 (ms), cudaEventElapsed = 34.1097297668457 (ms)
[RANK1] B @ 568.281005859375 (ms) to 614.24853515625 (ms), cudaEventElapsed = 45.9337272644043 (ms)
[RANK1] B @ 626.767822265625 (ms) to 667.191162109375 (ms), cudaEventElapsed = 40.38515090942383 (ms)
[RANK1] W @ 667.367919921875 (ms) to 686.725830078125 (ms), cudaEventElapsed = 19.329023361206055 (ms)
[RANK1] F @ 686.974853515625 (ms) to 721.517333984375 (ms), cudaEventElapsed = 34.51327896118164 (ms)
[RANK1] B @ 729.750244140625 (ms) to 774.43701171875 (ms), cudaEventElapsed = 44.65043258666992 (ms)
[RANK1] B @ 775.916015625 (ms) to 817.2890625 (ms), cudaEventElapsed = 41.34096145629883 (ms)
[RANK1] W @ 817.47412109375 (ms) to 837.54833984375 (ms), cudaEventElapsed = 20.0447998046875 (ms)
[RANK1] F @ 837.809814453125 (ms) to 872.47802734375 (ms), cudaEventElapsed = 34.6393928527832 (ms)
[RANK1] B @ 872.79345703125 (ms) to 919.110107421875 (ms), cudaEventElapsed = 46.28435134887695 (ms)
[RANK1] W @ 919.35009765625 (ms) to 942.388671875 (ms), cudaEventElapsed = 21.848064422607422 (ms)
[RANK1] F @ 942.672607421875 (ms) to 977.0107421875 (ms), cudaEventElapsed = 34.30713653564453 (ms)
[RANK1] B @ 978.156005859375 (ms) to 1022.38037109375 (ms), cudaEventElapsed = 44.189918518066406 (ms)
[RANK1] W @ 1022.555908203125 (ms) to 1043.74267578125 (ms), cudaEventElapsed = 21.148672103881836 (ms)
[RANK1] W @ 1043.94921875 (ms) to 1065.658447265625 (ms), cudaEventElapsed = 21.6760311126709 (ms)
[RANK1] B @ 1081.756591796875 (ms) to 1122.50634765625 (ms), cudaEventElapsed = 40.71782302856445 (ms)
[RANK1] W @ 1122.678955078125 (ms) to 1142.267333984375 (ms), cudaEventElapsed = 19.555328369140625 (ms)
[RANK1] W @ 1142.42578125 (ms) to 1163.541015625 (ms), cudaEventElapsed = 21.08006477355957 (ms)
[RANK1] B @ 1167.94970703125 (ms) to 1210.556884765625 (ms), cudaEventElapsed = 42.57497787475586 (ms)
[RANK1] 4W @ 1210.742431640625 (ms) to 1295.197998046875 (ms), cudaEventElapsed = 84.42265319824219 (ms)
[RANK1] Iteration 3
[RANK1] F @ 30.751220703125 (ms) to 62.60986328125 (ms), cudaEventElapsed = 31.814943313598633 (ms)
[RANK1] F @ 63.027587890625 (ms) to 97.8212890625 (ms), cudaEventElapsed = 34.761375427246094 (ms)
[RANK1] F @ 98.251953125 (ms) to 135.261962890625 (ms), cudaEventElapsed = 36.96432113647461 (ms)
[RANK1] F @ 135.599365234375 (ms) to 172.007568359375 (ms), cudaEventElapsed = 36.37590408325195 (ms)
[RANK1] F @ 173.933837890625 (ms) to 209.635498046875 (ms), cudaEventElapsed = 35.66563034057617 (ms)
[RANK1] B @ 225.84814453125 (ms) to 267.375244140625 (ms), cudaEventElapsed = 41.48457717895508 (ms)
[RANK1] F @ 267.7607421875 (ms) to 301.239990234375 (ms), cudaEventElapsed = 33.44784164428711 (ms)
[RANK1] B @ 304.51416015625 (ms) to 348.84130859375 (ms), cudaEventElapsed = 44.29011154174805 (ms)
[RANK1] F @ 350.36279296875 (ms) to 384.46826171875 (ms), cudaEventElapsed = 34.07024002075195 (ms)
[RANK1] B @ 384.81298828125 (ms) to 429.12158203125 (ms), cudaEventElapsed = 44.26732635498047 (ms)
[RANK1] F @ 429.47412109375 (ms) to 463.757568359375 (ms), cudaEventElapsed = 34.253089904785156 (ms)
[RANK1] B @ 464.623046875 (ms) to 508.961181640625 (ms), cudaEventElapsed = 44.30518341064453 (ms)
[RANK1] W @ 509.203369140625 (ms) to 531.0654296875 (ms), cudaEventElapsed = 21.718015670776367 (ms)
[RANK1] F @ 531.2216796875 (ms) to 565.153564453125 (ms), cudaEventElapsed = 33.90291213989258 (ms)
[RANK1] B @ 566.40087890625 (ms) to 612.018310546875 (ms), cudaEventElapsed = 45.58540725708008 (ms)
[RANK1] B @ 624.117431640625 (ms) to 664.8125 (ms), cudaEventElapsed = 40.6572151184082 (ms)
[RANK1] W @ 664.98291015625 (ms) to 684.9375 (ms), cudaEventElapsed = 19.923967361450195 (ms)
[RANK1] F @ 685.186767578125 (ms) to 720.06396484375 (ms), cudaEventElapsed = 34.84832000732422 (ms)
[RANK1] B @ 726.83740234375 (ms) to 772.18994140625 (ms), cudaEventElapsed = 45.3185920715332 (ms)
[RANK1] B @ 773.96142578125 (ms) to 815.50244140625 (ms), cudaEventElapsed = 41.51001739501953 (ms)
[RANK1] W @ 815.678466796875 (ms) to 835.60986328125 (ms), cudaEventElapsed = 19.899391174316406 (ms)
[RANK1] F @ 835.8759765625 (ms) to 870.00732421875 (ms), cudaEventElapsed = 34.102081298828125 (ms)
[RANK1] B @ 870.3037109375 (ms) to 916.296142578125 (ms), cudaEventElapsed = 45.961185455322266 (ms)
[RANK1] W @ 916.53076171875 (ms) to 940.07666015625 (ms), cudaEventElapsed = 22.388736724853516 (ms)
[RANK1] F @ 940.3583984375 (ms) to 975.0849609375 (ms), cudaEventElapsed = 34.696128845214844 (ms)
[RANK1] B @ 975.6328125 (ms) to 1019.904052734375 (ms), cudaEventElapsed = 44.23993682861328 (ms)
[RANK1] W @ 1020.072509765625 (ms) to 1041.141357421875 (ms), cudaEventElapsed = 21.03398323059082 (ms)
[RANK1] W @ 1041.308837890625 (ms) to 1062.753662109375 (ms), cudaEventElapsed = 21.416959762573242 (ms)
[RANK1] B @ 1079.098876953125 (ms) to 1119.441162109375 (ms), cudaEventElapsed = 40.311073303222656 (ms)
[RANK1] W @ 1119.595458984375 (ms) to 1139.06005859375 (ms), cudaEventElapsed = 19.43552017211914 (ms)
[RANK1] W @ 1139.2099609375 (ms) to 1160.4921875 (ms), cudaEventElapsed = 21.255168914794922 (ms)
[RANK1] B @ 1165.273681640625 (ms) to 1207.57275390625 (ms), cudaEventElapsed = 42.27036666870117 (ms)
[RANK1] 4W @ 1207.735107421875 (ms) to 1291.690185546875 (ms), cudaEventElapsed = 83.92396545410156 (ms)
[RANK1] Iteration 4
[RANK1] F @ 30.620849609375 (ms) to 62.75537109375 (ms), cudaEventElapsed = 32.098175048828125 (ms)
[RANK1] F @ 63.14990234375 (ms) to 97.62890625 (ms), cudaEventElapsed = 34.44803237915039 (ms)
[RANK1] F @ 98.018798828125 (ms) to 134.56005859375 (ms), cudaEventElapsed = 36.51020812988281 (ms)
[RANK1] F @ 134.8701171875 (ms) to 171.382568359375 (ms), cudaEventElapsed = 36.48076629638672 (ms)
[RANK1] F @ 173.371337890625 (ms) to 209.7978515625 (ms), cudaEventElapsed = 36.38943862915039 (ms)
[RANK1] B @ 224.13134765625 (ms) to 266.357421875 (ms), cudaEventElapsed = 42.18841552734375 (ms)
[RANK1] F @ 266.71728515625 (ms) to 299.81396484375 (ms), cudaEventElapsed = 33.065696716308594 (ms)
[RANK1] B @ 303.3359375 (ms) to 347.037353515625 (ms), cudaEventElapsed = 43.666526794433594 (ms)
[RANK1] F @ 348.495361328125 (ms) to 383.04248046875 (ms), cudaEventElapsed = 34.51081466674805 (ms)
[RANK1] B @ 383.880126953125 (ms) to 428.14453125 (ms), cudaEventElapsed = 44.23155212402344 (ms)
[RANK1] F @ 428.486572265625 (ms) to 463.0244140625 (ms), cudaEventElapsed = 34.506622314453125 (ms)
[RANK1] B @ 464.81787109375 (ms) to 508.644287109375 (ms), cudaEventElapsed = 43.79094314575195 (ms)
[RANK1] W @ 508.8935546875 (ms) to 530.3984375 (ms), cudaEventElapsed = 21.369855880737305 (ms)
[RANK1] F @ 530.54443359375 (ms) to 564.4794921875 (ms), cudaEventElapsed = 33.907264709472656 (ms)
[RANK1] B @ 565.728271484375 (ms) to 611.221435546875 (ms), cudaEventElapsed = 45.45942306518555 (ms)
[RANK1] B @ 625.764892578125 (ms) to 666.37353515625 (ms), cudaEventElapsed = 40.56777572631836 (ms)
[RANK1] W @ 666.545654296875 (ms) to 686.125732421875 (ms), cudaEventElapsed = 19.550207138061523 (ms)
[RANK1] F @ 686.388671875 (ms) to 720.5107421875 (ms), cudaEventElapsed = 34.09260940551758 (ms)
[RANK1] B @ 729.152099609375 (ms) to 773.615966796875 (ms), cudaEventElapsed = 44.42975997924805 (ms)
[RANK1] B @ 775.087646484375 (ms) to 816.707275390625 (ms), cudaEventElapsed = 41.58784103393555 (ms)
[RANK1] W @ 816.880615234375 (ms) to 836.985107421875 (ms), cudaEventElapsed = 20.06937599182129 (ms)
[RANK1] F @ 837.24365234375 (ms) to 871.961181640625 (ms), cudaEventElapsed = 34.68787384033203 (ms)
[RANK1] B @ 872.27197265625 (ms) to 918.0859375 (ms), cudaEventElapsed = 45.77500915527344 (ms)
[RANK1] W @ 918.322265625 (ms) to 941.426513671875 (ms), cudaEventElapsed = 21.87980842590332 (ms)
[RANK1] F @ 941.691650390625 (ms) to 976.594482421875 (ms), cudaEventElapsed = 34.87395095825195 (ms)
[RANK1] B @ 978.359130859375 (ms) to 1022.810546875 (ms), cudaEventElapsed = 44.41712188720703 (ms)
[RANK1] W @ 1022.979248046875 (ms) to 1044.135498046875 (ms), cudaEventElapsed = 21.123071670532227 (ms)
[RANK1] W @ 1044.300048828125 (ms) to 1065.734130859375 (ms), cudaEventElapsed = 21.405696868896484 (ms)
[RANK1] B @ 1080.3271484375 (ms) to 1121.21044921875 (ms), cudaEventElapsed = 40.8520622253418 (ms)
[RANK1] W @ 1121.375732421875 (ms) to 1141.15234375 (ms), cudaEventElapsed = 19.747840881347656 (ms)
[RANK1] W @ 1141.31396484375 (ms) to 1162.620849609375 (ms), cudaEventElapsed = 21.27052879333496 (ms)
[RANK1] B @ 1166.48974609375 (ms) to 1208.40283203125 (ms), cudaEventElapsed = 41.88188934326172 (ms)
[RANK1] 4W @ 1208.5712890625 (ms) to 1292.36572265625 (ms), cudaEventElapsed = 83.76319885253906 (ms)
[RANK1] Iteration 5
[RANK1] F @ 30.77587890625 (ms) to 62.661865234375 (ms), cudaEventElapsed = 31.850271224975586 (ms)
[RANK1] F @ 63.0400390625 (ms) to 98.148193359375 (ms), cudaEventElapsed = 35.075870513916016 (ms)
[RANK1] F @ 98.530029296875 (ms) to 136.107421875 (ms), cudaEventElapsed = 37.546913146972656 (ms)
[RANK1] F @ 136.406982421875 (ms) to 173.29638671875 (ms), cudaEventElapsed = 36.84950256347656 (ms)
[RANK1] F @ 174.891845703125 (ms) to 211.02392578125 (ms), cudaEventElapsed = 36.09708786010742 (ms)
[RANK1] B @ 227.3779296875 (ms) to 269.951171875 (ms), cudaEventElapsed = 42.53395080566406 (ms)
[RANK1] F @ 270.311767578125 (ms) to 305.66259765625 (ms), cudaEventElapsed = 35.315521240234375 (ms)
[RANK1] B @ 309.246337890625 (ms) to 353.96728515625 (ms), cudaEventElapsed = 44.6824951171875 (ms)
[RANK1] F @ 355.50927734375 (ms) to 390.97119140625 (ms), cudaEventElapsed = 35.425376892089844 (ms)
[RANK1] B @ 392.90478515625 (ms) to 437.904052734375 (ms), cudaEventElapsed = 44.96419143676758 (ms)
[RANK1] F @ 438.285400390625 (ms) to 474.966064453125 (ms), cudaEventElapsed = 36.6431999206543 (ms)
[RANK1] B @ 476.90478515625 (ms) to 521.730224609375 (ms), cudaEventElapsed = 44.78899383544922 (ms)
[RANK1] W @ 522.0048828125 (ms) to 546.10693359375 (ms), cudaEventElapsed = 23.949312210083008 (ms)
[RANK1] F @ 546.26220703125 (ms) to 584.577880859375 (ms), cudaEventElapsed = 38.285953521728516 (ms)
[RANK1] B @ 585.946533203125 (ms) to 633.36474609375 (ms), cudaEventElapsed = 47.38131332397461 (ms)
[RANK1] B @ 642.7353515625 (ms) to 685.906494140625 (ms), cudaEventElapsed = 43.13395309448242 (ms)
[RANK1] W @ 686.084228515625 (ms) to 710.082763671875 (ms), cudaEventElapsed = 23.961599349975586 (ms)
[RANK1] F @ 710.3505859375 (ms) to 749.44140625 (ms), cudaEventElapsed = 39.06140899658203 (ms)
[RANK1] B @ 753.62060546875 (ms) to 799.95263671875 (ms), cudaEventElapsed = 46.29548645019531 (ms)
[RANK1] B @ 801.50146484375 (ms) to 845.9345703125 (ms), cudaEventElapsed = 44.400001525878906 (ms)
[RANK1] W @ 846.116943359375 (ms) to 870.6083984375 (ms), cudaEventElapsed = 24.46233558654785 (ms)
[RANK1] F @ 870.87841796875 (ms) to 912.930419921875 (ms), cudaEventElapsed = 42.02262496948242 (ms)
[RANK1] B @ 913.24072265625 (ms) to 961.27001953125 (ms), cudaEventElapsed = 47.996864318847656 (ms)
[RANK1] W @ 961.520751953125 (ms) to 986.82470703125 (ms), cudaEventElapsed = 24.12544059753418 (ms)
[RANK1] F @ 987.11669921875 (ms) to 1026.126953125 (ms), cudaEventElapsed = 38.97030258178711 (ms)
[RANK1] B @ 1029.3173828125 (ms) to 1074.73583984375 (ms), cudaEventElapsed = 45.384193420410156 (ms)
[RANK1] W @ 1074.9130859375 (ms) to 1097.982421875 (ms), cudaEventElapsed = 23.0328311920166 (ms)
[RANK1] W @ 1098.14501953125 (ms) to 1126.1123046875 (ms), cudaEventElapsed = 27.93984031677246 (ms)
[RANK1] B @ 1139.827880859375 (ms) to 1184.552490234375 (ms), cudaEventElapsed = 44.69251251220703 (ms)
[RANK1] W @ 1184.718994140625 (ms) to 1208.099365234375 (ms), cudaEventElapsed = 23.351295471191406 (ms)
[RANK1] W @ 1208.25634765625 (ms) to 1235.256591796875 (ms), cudaEventElapsed = 26.97318458557129 (ms)
[RANK1] B @ 1239.48388671875 (ms) to 1286.099609375 (ms), cudaEventElapsed = 46.585601806640625 (ms)
[RANK1] 4W @ 1286.260986328125 (ms) to 1390.25146484375 (ms), cudaEventElapsed = 103.95136260986328 (ms)
[RANK1] Iteration 6
[RANK1] F @ 30.585693359375 (ms) to 62.713134765625 (ms), cudaEventElapsed = 32.08822250366211 (ms)
[RANK1] F @ 63.116455078125 (ms) to 97.968505859375 (ms), cudaEventElapsed = 34.819007873535156 (ms)
[RANK1] F @ 98.37646484375 (ms) to 135.143310546875 (ms), cudaEventElapsed = 36.73417663574219 (ms)
[RANK1] F @ 135.469482421875 (ms) to 171.93017578125 (ms), cudaEventElapsed = 36.42860794067383 (ms)
[RANK1] F @ 173.537841796875 (ms) to 210.10791015625 (ms), cudaEventElapsed = 36.5332145690918 (ms)
[RANK1] B @ 225.8388671875 (ms) to 268.316650390625 (ms), cudaEventElapsed = 42.439361572265625 (ms)
[RANK1] F @ 268.691162109375 (ms) to 304.41943359375 (ms), cudaEventElapsed = 35.68889617919922 (ms)
[RANK1] B @ 308.49951171875 (ms) to 353.780517578125 (ms), cudaEventElapsed = 45.24550247192383 (ms)
[RANK1] F @ 355.28271484375 (ms) to 391.3720703125 (ms), cudaEventElapsed = 36.05622482299805 (ms)
[RANK1] B @ 391.95703125 (ms) to 437.5830078125 (ms), cudaEventElapsed = 45.59331130981445 (ms)
[RANK1] F @ 437.943603515625 (ms) to 474.48193359375 (ms), cudaEventElapsed = 36.50726318359375 (ms)
[RANK1] B @ 475.001708984375 (ms) to 520.09912109375 (ms), cudaEventElapsed = 45.06492614746094 (ms)
[RANK1] W @ 520.332275390625 (ms) to 544.515380859375 (ms), cudaEventElapsed = 24.041471481323242 (ms)
[RANK1] F @ 544.6650390625 (ms) to 583.03369140625 (ms), cudaEventElapsed = 38.340030670166016 (ms)
[RANK1] B @ 584.3583984375 (ms) to 631.72265625 (ms), cudaEventElapsed = 47.33011245727539 (ms)
[RANK1] B @ 640.530029296875 (ms) to 683.7099609375 (ms), cudaEventElapsed = 43.1459846496582 (ms)
[RANK1] W @ 683.87939453125 (ms) to 706.29541015625 (ms), cudaEventElapsed = 22.382591247558594 (ms)
[RANK1] F @ 706.547119140625 (ms) to 746.449462890625 (ms), cudaEventElapsed = 39.87401580810547 (ms)
[RANK1] B @ 751.872802734375 (ms) to 798.673583984375 (ms), cudaEventElapsed = 46.76454544067383 (ms)
[RANK1] B @ 800.10986328125 (ms) to 844.27001953125 (ms), cudaEventElapsed = 44.128990173339844 (ms)
[RANK1] W @ 844.42724609375 (ms) to 867.59423828125 (ms), cudaEventElapsed = 23.131135940551758 (ms)
[RANK1] F @ 867.85986328125 (ms) to 911.50341796875 (ms), cudaEventElapsed = 43.61433410644531 (ms)
[RANK1] B @ 911.811279296875 (ms) to 960.856201171875 (ms), cudaEventElapsed = 49.013824462890625 (ms)
[RANK1] W @ 961.08056640625 (ms) to 986.286865234375 (ms), cudaEventElapsed = 24.07219123840332 (ms)
[RANK1] F @ 986.536865234375 (ms) to 1025.663818359375 (ms), cudaEventElapsed = 39.098785400390625 (ms)
[RANK1] B @ 1028.682861328125 (ms) to 1074.449462890625 (ms), cudaEventElapsed = 45.73081588745117 (ms)
[RANK1] W @ 1074.6015625 (ms) to 1099.827392578125 (ms), cudaEventElapsed = 25.196544647216797 (ms)
[RANK1] W @ 1099.981689453125 (ms) to 1129.235595703125 (ms), cudaEventElapsed = 29.225984573364258 (ms)
[RANK1] B @ 1138.82666015625 (ms) to 1184.6064453125 (ms), cudaEventElapsed = 45.74867248535156 (ms)
[RANK1] W @ 1184.760009765625 (ms) to 1207.640869140625 (ms), cudaEventElapsed = 22.85158348083496 (ms)
[RANK1] W @ 1207.793212890625 (ms) to 1234.81103515625 (ms), cudaEventElapsed = 26.991615295410156 (ms)
[RANK1] B @ 1238.3330078125 (ms) to 1285.147216796875 (ms), cudaEventElapsed = 46.78489685058594 (ms)
[RANK1] 4W @ 1285.298828125 (ms) to 1390.758544921875 (ms), cudaEventElapsed = 105.42489624023438 (ms)
[RANK1] Iteration 7
[RANK1] F @ 30.54931640625 (ms) to 62.539306640625 (ms), cudaEventElapsed = 31.9552001953125 (ms)
[RANK1] F @ 62.91357421875 (ms) to 97.5478515625 (ms), cudaEventElapsed = 34.602081298828125 (ms)
[RANK1] F @ 97.933349609375 (ms) to 135.255615234375 (ms), cudaEventElapsed = 37.291263580322266 (ms)
[RANK1] F @ 135.5478515625 (ms) to 172.390625 (ms), cudaEventElapsed = 36.80828857421875 (ms)
[RANK1] F @ 173.833251953125 (ms) to 210.066650390625 (ms), cudaEventElapsed = 36.19996643066406 (ms)
[RANK1] B @ 225.739990234375 (ms) to 268.5439453125 (ms), cudaEventElapsed = 42.7663688659668 (ms)
[RANK1] F @ 268.895263671875 (ms) to 304.464599609375 (ms), cudaEventElapsed = 35.53763198852539 (ms)
[RANK1] B @ 308.428955078125 (ms) to 353.3125 (ms), cudaEventElapsed = 44.850528717041016 (ms)
[RANK1] F @ 354.769287109375 (ms) to 390.794189453125 (ms), cudaEventElapsed = 35.988609313964844 (ms)
[RANK1] B @ 391.8076171875 (ms) to 437.157470703125 (ms), cudaEventElapsed = 45.31817626953125 (ms)
[RANK1] F @ 437.498291015625 (ms) to 473.7216796875 (ms), cudaEventElapsed = 36.192543029785156 (ms)
[RANK1] B @ 475.020263671875 (ms) to 520.39208984375 (ms), cudaEventElapsed = 45.336063385009766 (ms)
[RANK1] W @ 520.639892578125 (ms) to 545.7109375 (ms), cudaEventElapsed = 24.93337631225586 (ms)
[RANK1] F @ 545.8662109375 (ms) to 583.551025390625 (ms), cudaEventElapsed = 37.656158447265625 (ms)
[RANK1] B @ 584.8740234375 (ms) to 632.074951171875 (ms), cudaEventElapsed = 47.16819381713867 (ms)
[RANK1] B @ 640.905029296875 (ms) to 684.82568359375 (ms), cudaEventElapsed = 43.88652801513672 (ms)
[RANK1] W @ 684.988037109375 (ms) to 708.4912109375 (ms), cudaEventElapsed = 23.46905517578125 (ms)
[RANK1] F @ 708.74560546875 (ms) to 748.59033203125 (ms), cudaEventElapsed = 39.8164176940918 (ms)
[RANK1] B @ 752.237060546875 (ms) to 799.110595703125 (ms), cudaEventElapsed = 46.83967971801758 (ms)
[RANK1] B @ 800.578857421875 (ms) to 844.799560546875 (ms), cudaEventElapsed = 44.1893424987793 (ms)
[RANK1] W @ 844.956298828125 (ms) to 868.897216796875 (ms), cudaEventElapsed = 23.91244888305664 (ms)
[RANK1] F @ 869.146240234375 (ms) to 912.668701171875 (ms), cudaEventElapsed = 43.49388885498047 (ms)
[RANK1] B @ 912.97314453125 (ms) to 962.5400390625 (ms), cudaEventElapsed = 49.536033630371094 (ms)
[RANK1] W @ 962.762939453125 (ms) to 988.34814453125 (ms), cudaEventElapsed = 24.456192016601562 (ms)
[RANK1] F @ 988.6025390625 (ms) to 1027.234130859375 (ms), cudaEventElapsed = 38.60230255126953 (ms)
[RANK1] B @ 1029.44189453125 (ms) to 1074.663330078125 (ms), cudaEventElapsed = 45.188289642333984 (ms)
[RANK1] W @ 1074.82666015625 (ms) to 1097.8564453125 (ms), cudaEventElapsed = 23.000064849853516 (ms)
[RANK1] W @ 1098.01025390625 (ms) to 1127.416259765625 (ms), cudaEventElapsed = 29.378559112548828 (ms)
[RANK1] B @ 1139.80419921875 (ms) to 1184.926025390625 (ms), cudaEventElapsed = 45.09049606323242 (ms)
[RANK1] W @ 1185.080078125 (ms) to 1208.67236328125 (ms), cudaEventElapsed = 23.557119369506836 (ms)
[RANK1] W @ 1208.825439453125 (ms) to 1235.834228515625 (ms), cudaEventElapsed = 26.98240089416504 (ms)
[RANK1] B @ 1239.14794921875 (ms) to 1286.51171875 (ms), cudaEventElapsed = 47.335391998291016 (ms)
[RANK1] 4W @ 1286.658203125 (ms) to 1391.893310546875 (ms), cudaEventElapsed = 105.20575714111328 (ms)
[RANK1] Iteration 8
[RANK1] F @ 30.736083984375 (ms) to 62.660888671875 (ms), cudaEventElapsed = 31.88969612121582 (ms)
[RANK1] F @ 63.0263671875 (ms) to 97.5791015625 (ms), cudaEventElapsed = 34.521793365478516 (ms)
[RANK1] F @ 97.94775390625 (ms) to 134.76220703125 (ms), cudaEventElapsed = 36.7825927734375 (ms)
[RANK1] F @ 135.05029296875 (ms) to 171.4599609375 (ms), cudaEventElapsed = 36.378623962402344 (ms)
[RANK1] F @ 172.876708984375 (ms) to 209.09326171875 (ms), cudaEventElapsed = 36.18431854248047 (ms)
[RANK1] B @ 226.210205078125 (ms) to 268.81689453125 (ms), cudaEventElapsed = 42.56982421875 (ms)
[RANK1] F @ 269.15234375 (ms) to 305.0205078125 (ms), cudaEventElapsed = 35.82912063598633 (ms)
[RANK1] B @ 307.5927734375 (ms) to 352.814697265625 (ms), cudaEventElapsed = 45.18815994262695 (ms)
[RANK1] F @ 354.229248046875 (ms) to 390.105224609375 (ms), cudaEventElapsed = 35.84431838989258 (ms)
[RANK1] B @ 390.87939453125 (ms) to 436.201416015625 (ms), cudaEventElapsed = 45.288734436035156 (ms)
[RANK1] F @ 436.551025390625 (ms) to 473.0205078125 (ms), cudaEventElapsed = 36.43619155883789 (ms)
[RANK1] B @ 474.530517578125 (ms) to 519.23046875 (ms), cudaEventElapsed = 44.666847229003906 (ms)
[RANK1] W @ 519.46484375 (ms) to 543.644287109375 (ms), cudaEventElapsed = 24.05683135986328 (ms)
[RANK1] F @ 543.798095703125 (ms) to 581.967529296875 (ms), cudaEventElapsed = 38.14057540893555 (ms)
[RANK1] B @ 583.24267578125 (ms) to 630.76953125 (ms), cudaEventElapsed = 47.4944953918457 (ms)
[RANK1] B @ 640.177490234375 (ms) to 683.169921875 (ms), cudaEventElapsed = 42.9571533203125 (ms)
[RANK1] W @ 683.3349609375 (ms) to 706.865478515625 (ms), cudaEventElapsed = 23.49567985534668 (ms)
[RANK1] F @ 707.116943359375 (ms) to 746.67333984375 (ms), cudaEventElapsed = 39.529056549072266 (ms)
[RANK1] B @ 751.1328125 (ms) to 797.72412109375 (ms), cudaEventElapsed = 46.55807876586914 (ms)
[RANK1] B @ 799.13427734375 (ms) to 843.43310546875 (ms), cudaEventElapsed = 44.26851272583008 (ms)
[RANK1] W @ 843.589599609375 (ms) to 867.927001953125 (ms), cudaEventElapsed = 24.30873680114746 (ms)
[RANK1] F @ 868.182861328125 (ms) to 910.26953125 (ms), cudaEventElapsed = 42.049278259277344 (ms)
[RANK1] B @ 910.5751953125 (ms) to 959.1162109375 (ms), cudaEventElapsed = 48.51087951660156 (ms)
[RANK1] W @ 959.338134765625 (ms) to 984.829345703125 (ms), cudaEventElapsed = 24.349695205688477 (ms)
[RANK1] F @ 985.087158203125 (ms) to 1024.016845703125 (ms), cudaEventElapsed = 38.89980697631836 (ms)
[RANK1] B @ 1029.6796875 (ms) to 1074.384765625 (ms), cudaEventElapsed = 44.67212677001953 (ms)
[RANK1] W @ 1074.548828125 (ms) to 1097.2177734375 (ms), cudaEventElapsed = 22.638591766357422 (ms)
[RANK1] W @ 1097.378662109375 (ms) to 1126.673095703125 (ms), cudaEventElapsed = 29.266944885253906 (ms)
[RANK1] B @ 1141.165771484375 (ms) to 1186.051513671875 (ms), cudaEventElapsed = 44.85334396362305 (ms)
[RANK1] W @ 1186.2080078125 (ms) to 1209.778564453125 (ms), cudaEventElapsed = 23.53766441345215 (ms)
[RANK1] W @ 1209.929931640625 (ms) to 1237.1669921875 (ms), cudaEventElapsed = 27.210752487182617 (ms)
[RANK1] B @ 1241.260498046875 (ms) to 1288.86181640625 (ms), cudaEventElapsed = 47.57177734375 (ms)
[RANK1] 4W @ 1289.0166015625 (ms) to 1395.2197265625 (ms), cudaEventElapsed = 106.17139434814453 (ms)
[RANK1] Iteration 9
[RANK1] F @ 30.60107421875 (ms) to 62.52099609375 (ms), cudaEventElapsed = 31.88515281677246 (ms)
[RANK1] F @ 63.141357421875 (ms) to 97.595703125 (ms), cudaEventElapsed = 34.41980743408203 (ms)
[RANK1] F @ 97.9853515625 (ms) to 135.26806640625 (ms), cudaEventElapsed = 37.25088119506836 (ms)
[RANK1] F @ 135.576904296875 (ms) to 172.562744140625 (ms), cudaEventElapsed = 36.94598388671875 (ms)
[RANK1] F @ 174.044677734375 (ms) to 210.954833984375 (ms), cudaEventElapsed = 36.875648498535156 (ms)
[RANK1] B @ 474.856689453125 (ms) to 515.99169921875 (ms), cudaEventElapsed = 41.08736038208008 (ms)
[RANK1] F @ 516.37841796875 (ms) to 551.5634765625 (ms), cudaEventElapsed = 35.153568267822266 (ms)
[RANK1] B @ 647.084716796875 (ms) to 688.201416015625 (ms), cudaEventElapsed = 41.07804870605469 (ms)
[RANK1] F @ 689.7197265625 (ms) to 724.604736328125 (ms), cudaEventElapsed = 34.85145568847656 (ms)
[RANK1] B @ 817.910888671875 (ms) to 858.984619140625 (ms), cudaEventElapsed = 41.033409118652344 (ms)
[RANK1] F @ 859.34912109375 (ms) to 894.595703125 (ms), cudaEventElapsed = 35.20582580566406 (ms)
[RANK1] B @ 989.803466796875 (ms) to 1030.89697265625 (ms), cudaEventElapsed = 41.05158233642578 (ms)
[RANK1] W @ 1031.171142578125 (ms) to 1053.722412109375 (ms), cudaEventElapsed = 22.392831802368164 (ms)
[RANK1] F @ 1053.8837890625 (ms) to 1092.650146484375 (ms), cudaEventElapsed = 38.73737716674805 (ms)
[RANK1] B @ 1162.7412109375 (ms) to 1204.86181640625 (ms), cudaEventElapsed = 42.082496643066406 (ms)
[RANK1] B @ 1331.97509765625 (ms) to 1372.9111328125 (ms), cudaEventElapsed = 40.89583969116211 (ms)
[RANK1] W @ 1373.087158203125 (ms) to 1394.96484375 (ms), cudaEventElapsed = 21.848064422607422 (ms)
[RANK1] F @ 1395.233642578125 (ms) to 1434.99951171875 (ms), cudaEventElapsed = 39.737247467041016 (ms)
[RANK1] B @ 1532.333251953125 (ms) to 1574.5361328125 (ms), cudaEventElapsed = 42.16912078857422 (ms)
[RANK1] B @ 1577.02392578125 (ms) to 1619.9111328125 (ms), cudaEventElapsed = 42.85340881347656 (ms)
[RANK1] W @ 1620.073974609375 (ms) to 1643.195556640625 (ms), cudaEventElapsed = 23.09222412109375 (ms)
[RANK1] F @ 1643.453125 (ms) to 1683.63916015625 (ms), cudaEventElapsed = 40.156673431396484 (ms)
[RANK1] B @ 1776.6416015625 (ms) to 1817.69873046875 (ms), cudaEventElapsed = 41.022560119628906 (ms)
[RANK1] W @ 1817.916259765625 (ms) to 1840.663330078125 (ms), cudaEventElapsed = 21.597183227539062 (ms)
[RANK1] F @ 1840.919921875 (ms) to 1881.021484375 (ms), cudaEventElapsed = 40.07267379760742 (ms)
[RANK1] B @ 1974.656982421875 (ms) to 2015.748779296875 (ms), cudaEventElapsed = 41.05807876586914 (ms)
[RANK1] W @ 2015.908447265625 (ms) to 2037.586181640625 (ms), cudaEventElapsed = 21.642240524291992 (ms)
[RANK1] W @ 2037.73681640625 (ms) to 2064.648193359375 (ms), cudaEventElapsed = 26.883071899414062 (ms)
[RANK1] B @ 2172.96142578125 (ms) to 2213.857177734375 (ms), cudaEventElapsed = 40.86483383178711 (ms)
[RANK1] W @ 2214.0078125 (ms) to 2235.799560546875 (ms), cudaEventElapsed = 21.764095306396484 (ms)
[RANK1] W @ 2235.944580078125 (ms) to 2262.818359375 (ms), cudaEventElapsed = 26.847232818603516 (ms)
[RANK1] B @ 2271.38330078125 (ms) to 2317.28955078125 (ms), cudaEventElapsed = 45.87702560424805 (ms)
[RANK1] 4W @ 2317.4443359375 (ms) to 2423.041259765625 (ms), cudaEventElapsed = 105.56825256347656 (ms)
[RANK1] Iteration 10
[RANK1] F @ 30.514404296875 (ms) to 62.67626953125 (ms), cudaEventElapsed = 32.125919342041016 (ms)
[RANK1] F @ 63.04150390625 (ms) to 97.52294921875 (ms), cudaEventElapsed = 34.45075225830078 (ms)
[RANK1] F @ 97.904541015625 (ms) to 135.21240234375 (ms), cudaEventElapsed = 37.27116775512695 (ms)
[RANK1] F @ 135.508544921875 (ms) to 172.352294921875 (ms), cudaEventElapsed = 36.81052780151367 (ms)
[RANK1] F @ 173.874267578125 (ms) to 211.474853515625 (ms), cudaEventElapsed = 37.5665283203125 (ms)
[RANK1] B @ 474.39990234375 (ms) to 515.379638671875 (ms), cudaEventElapsed = 40.93916702270508 (ms)
[RANK1] F @ 515.736572265625 (ms) to 551.13330078125 (ms), cudaEventElapsed = 35.36614227294922 (ms)
[RANK1] B @ 645.103271484375 (ms) to 686.174560546875 (ms), cudaEventElapsed = 41.03561782836914 (ms)
[RANK1] F @ 687.714599609375 (ms) to 722.3935546875 (ms), cudaEventElapsed = 34.64582443237305 (ms)
[RANK1] B @ 816.88720703125 (ms) to 858.115966796875 (ms), cudaEventElapsed = 41.191646575927734 (ms)
[RANK1] F @ 858.46875 (ms) to 894.77001953125 (ms), cudaEventElapsed = 36.27116775512695 (ms)
[RANK1] B @ 987.36474609375 (ms) to 1028.59326171875 (ms), cudaEventElapsed = 41.18912124633789 (ms)
[RANK1] W @ 1028.848876953125 (ms) to 1051.38916015625 (ms), cudaEventElapsed = 22.397951126098633 (ms)
[RANK1] F @ 1051.542724609375 (ms) to 1091.529052734375 (ms), cudaEventElapsed = 39.95804977416992 (ms)
[RANK1] B @ 1160.447509765625 (ms) to 1202.676513671875 (ms), cudaEventElapsed = 42.18751907348633 (ms)
[RANK1] B @ 1329.64111328125 (ms) to 1370.636474609375 (ms), cudaEventElapsed = 40.9535026550293 (ms)
[RANK1] W @ 1370.81201171875 (ms) to 1391.964111328125 (ms), cudaEventElapsed = 21.1200008392334 (ms)
[RANK1] F @ 1392.2216796875 (ms) to 1432.365966796875 (ms), cudaEventElapsed = 40.11248016357422 (ms)
[RANK1] B @ 1529.30126953125 (ms) to 1571.49267578125 (ms), cudaEventElapsed = 42.151424407958984 (ms)
[RANK1] B @ 1573.844970703125 (ms) to 1617.616943359375 (ms), cudaEventElapsed = 43.738399505615234 (ms)
[RANK1] W @ 1617.78515625 (ms) to 1642.30615234375 (ms), cudaEventElapsed = 24.49203109741211 (ms)
[RANK1] F @ 1642.56396484375 (ms) to 1682.061767578125 (ms), cudaEventElapsed = 39.46928024291992 (ms)
[RANK1] B @ 1773.12451171875 (ms) to 1814.06640625 (ms), cudaEventElapsed = 40.90678405761719 (ms)
[RANK1] W @ 1814.29248046875 (ms) to 1837.1083984375 (ms), cudaEventElapsed = 21.66681671142578 (ms)
[RANK1] F @ 1837.3642578125 (ms) to 1877.298583984375 (ms), cudaEventElapsed = 39.904991149902344 (ms)
[RANK1] B @ 1971.176025390625 (ms) to 2012.174072265625 (ms), cudaEventElapsed = 40.96380615234375 (ms)
[RANK1] W @ 2012.333984375 (ms) to 2033.92431640625 (ms), cudaEventElapsed = 21.555200576782227 (ms)
[RANK1] W @ 2034.078125 (ms) to 2062.17724609375 (ms), cudaEventElapsed = 28.070911407470703 (ms)
[RANK1] B @ 2170.277099609375 (ms) to 2211.225830078125 (ms), cudaEventElapsed = 40.918304443359375 (ms)
[RANK1] W @ 2211.38037109375 (ms) to 2233.291259765625 (ms), cudaEventElapsed = 21.88185691833496 (ms)
[RANK1] W @ 2233.440673828125 (ms) to 2261.717041015625 (ms), cudaEventElapsed = 28.250112533569336 (ms)
[RANK1] B @ 2270.49072265625 (ms) to 2316.28515625 (ms), cudaEventElapsed = 45.76438522338867 (ms)
[RANK1] 4W @ 2316.4462890625 (ms) to 2422.31494140625 (ms), cudaEventElapsed = 105.8314208984375 (ms)
[RANK1] Iteration 11
[RANK1] F @ 30.857666015625 (ms) to 62.90087890625 (ms), cudaEventElapsed = 32.00748825073242 (ms)
[RANK1] F @ 63.275390625 (ms) to 98.41650390625 (ms), cudaEventElapsed = 35.10371017456055 (ms)
[RANK1] F @ 98.806884765625 (ms) to 135.810302734375 (ms), cudaEventElapsed = 36.97062301635742 (ms)
[RANK1] F @ 136.123291015625 (ms) to 172.543701171875 (ms), cudaEventElapsed = 36.38969421386719 (ms)
[RANK1] F @ 174.041259765625 (ms) to 211.108154296875 (ms), cudaEventElapsed = 37.03337478637695 (ms)
[RANK1] B @ 475.85595703125 (ms) to 516.944091796875 (ms), cudaEventElapsed = 41.03718566894531 (ms)
[RANK1] F @ 517.32373046875 (ms) to 552.242431640625 (ms), cudaEventElapsed = 34.88662338256836 (ms)
[RANK1] B @ 647.77685546875 (ms) to 688.70849609375 (ms), cudaEventElapsed = 40.89459228515625 (ms)
[RANK1] F @ 690.19775390625 (ms) to 725.293701171875 (ms), cudaEventElapsed = 35.063838958740234 (ms)
[RANK1] B @ 818.867919921875 (ms) to 859.976806640625 (ms), cudaEventElapsed = 41.06940841674805 (ms)
[RANK1] F @ 860.330810546875 (ms) to 895.63330078125 (ms), cudaEventElapsed = 35.27267074584961 (ms)
[RANK1] B @ 992.24072265625 (ms) to 1033.310302734375 (ms), cudaEventElapsed = 41.02880096435547 (ms)
[RANK1] W @ 1033.5732421875 (ms) to 1056.13720703125 (ms), cudaEventElapsed = 22.402048110961914 (ms)
[RANK1] F @ 1056.2900390625 (ms) to 1095.55712890625 (ms), cudaEventElapsed = 39.23721694946289 (ms)
[RANK1] B @ 1164.333740234375 (ms) to 1206.379638671875 (ms), cudaEventElapsed = 42.00899124145508 (ms)
[RANK1] B @ 1334.26416015625 (ms) to 1375.29296875 (ms), cudaEventElapsed = 40.98729705810547 (ms)
[RANK1] W @ 1375.4677734375 (ms) to 1397.755859375 (ms), cudaEventElapsed = 22.253568649291992 (ms)
[RANK1] F @ 1398.015380859375 (ms) to 1437.509521484375 (ms), cudaEventElapsed = 39.465087890625 (ms)
[RANK1] B @ 1535.246337890625 (ms) to 1577.342529296875 (ms), cudaEventElapsed = 42.060768127441406 (ms)
[RANK1] B @ 1580.0126953125 (ms) to 1622.979248046875 (ms), cudaEventElapsed = 42.93180847167969 (ms)
[RANK1] W @ 1623.147216796875 (ms) to 1646.567138671875 (ms), cudaEventElapsed = 23.388160705566406 (ms)
[RANK1] F @ 1646.82275390625 (ms) to 1687.04443359375 (ms), cudaEventElapsed = 40.19318389892578 (ms)
[RANK1] B @ 1801.86669921875 (ms) to 1842.955322265625 (ms), cudaEventElapsed = 41.050880432128906 (ms)
[RANK1] W @ 1843.193115234375 (ms) to 1866.0068359375 (ms), cudaEventElapsed = 21.66681671142578 (ms)
[RANK1] F @ 1866.27685546875 (ms) to 1906.818359375 (ms), cudaEventElapsed = 40.5107536315918 (ms)
[RANK1] B @ 2046.18212890625 (ms) to 2087.184326171875 (ms), cudaEventElapsed = 40.96207809448242 (ms)
[RANK1] W @ 2087.361572265625 (ms) to 2108.546142578125 (ms), cudaEventElapsed = 21.149696350097656 (ms)
[RANK1] W @ 2108.711669921875 (ms) to 2136.299560546875 (ms), cudaEventElapsed = 27.5599365234375 (ms)
[RANK1] B @ 2291.12841796875 (ms) to 2332.172119140625 (ms), cudaEventElapsed = 41.00979232788086 (ms)
[RANK1] W @ 2332.3310546875 (ms) to 2354.6748046875 (ms), cudaEventElapsed = 22.31603240966797 (ms)
[RANK1] W @ 2354.836669921875 (ms) to 2382.65625 (ms), cudaEventElapsed = 27.79033660888672 (ms)
[RANK1] B @ 2453.51611328125 (ms) to 2494.510986328125 (ms), cudaEventElapsed = 40.96540832519531 (ms)
[RANK1] 4W @ 2494.675048828125 (ms) to 2600.1728515625 (ms), cudaEventElapsed = 105.46380615234375 (ms)
[RANK1] Iteration 12
[RANK1] F @ 30.653076171875 (ms) to 62.60302734375 (ms), cudaEventElapsed = 31.91587257385254 (ms)
[RANK1] F @ 62.976806640625 (ms) to 97.615966796875 (ms), cudaEventElapsed = 34.60771179199219 (ms)
[RANK1] F @ 97.98046875 (ms) to 135.058837890625 (ms), cudaEventElapsed = 37.04780960083008 (ms)
[RANK1] F @ 135.366943359375 (ms) to 171.948486328125 (ms), cudaEventElapsed = 36.5503044128418 (ms)
[RANK1] F @ 173.42626953125 (ms) to 209.46923828125 (ms), cudaEventElapsed = 36.01007843017578 (ms)
[RANK1] B @ 555.35498046875 (ms) to 596.3740234375 (ms), cudaEventElapsed = 40.977630615234375 (ms)
[RANK1] F @ 596.73046875 (ms) to 632.07421875 (ms), cudaEventElapsed = 35.312862396240234 (ms)
[RANK1] B @ 795.02685546875 (ms) to 836.05419921875 (ms), cudaEventElapsed = 40.99033737182617 (ms)
[RANK1] F @ 837.538818359375 (ms) to 872.7919921875 (ms), cudaEventElapsed = 35.22079849243164 (ms)
[RANK1] B @ 974.585693359375 (ms) to 1015.659912109375 (ms), cudaEventElapsed = 41.03945541381836 (ms)
[RANK1] F @ 1016.00244140625 (ms) to 1051.29931640625 (ms), cudaEventElapsed = 35.26591873168945 (ms)
[RANK1] B @ 1153.01708984375 (ms) to 1194.1181640625 (ms), cudaEventElapsed = 41.06415939331055 (ms)
[RANK1] W @ 1194.3828125 (ms) to 1216.595458984375 (ms), cudaEventElapsed = 22.07744026184082 (ms)
[RANK1] F @ 1216.74560546875 (ms) to 1256.41259765625 (ms), cudaEventElapsed = 39.63711929321289 (ms)
[RANK1] B @ 1332.823974609375 (ms) to 1374.908935546875 (ms), cudaEventElapsed = 42.049503326416016 (ms)
[RANK1] B @ 1510.359130859375 (ms) to 1551.328369140625 (ms), cudaEventElapsed = 40.93356704711914 (ms)
[RANK1] W @ 1551.4951171875 (ms) to 1573.62841796875 (ms), cudaEventElapsed = 22.10304069519043 (ms)
[RANK1] F @ 1573.890625 (ms) to 1613.864990234375 (ms), cudaEventElapsed = 39.945247650146484 (ms)
[RANK1] B @ 1710.963623046875 (ms) to 1753.17724609375 (ms), cudaEventElapsed = 42.180702209472656 (ms)
[RANK1] B @ 1793.841552734375 (ms) to 1834.9716796875 (ms), cudaEventElapsed = 41.09596633911133 (ms)
[RANK1] W @ 1835.130615234375 (ms) to 1856.9541015625 (ms), cudaEventElapsed = 21.790719985961914 (ms)
[RANK1] F @ 1857.20361328125 (ms) to 1896.9365234375 (ms), cudaEventElapsed = 39.70457458496094 (ms)
[RANK1] B @ 2056.102294921875 (ms) to 2097.095947265625 (ms), cudaEventElapsed = 40.95750427246094 (ms)
[RANK1] W @ 2097.340576171875 (ms) to 2120.369384765625 (ms), cudaEventElapsed = 21.85625648498535 (ms)
[RANK1] F @ 2120.649169921875 (ms) to 2160.79296875 (ms), cudaEventElapsed = 40.11452865600586 (ms)
[RANK1] B @ 2301.400634765625 (ms) to 2342.4921875 (ms), cudaEventElapsed = 41.053279876708984 (ms)
[RANK1] W @ 2342.667236328125 (ms) to 2365.528564453125 (ms), cudaEventElapsed = 22.827007293701172 (ms)
[RANK1] W @ 2365.68798828125 (ms) to 2393.7177734375 (ms), cudaEventElapsed = 28.001279830932617 (ms)
[RANK1] B @ 2545.5498046875 (ms) to 2586.4921875 (ms), cudaEventElapsed = 40.90764617919922 (ms)
[RANK1] W @ 2586.65869140625 (ms) to 2608.93017578125 (ms), cudaEventElapsed = 22.236160278320312 (ms)
[RANK1] W @ 2609.09130859375 (ms) to 2637.033935546875 (ms), cudaEventElapsed = 27.915264129638672 (ms)
[RANK1] B @ 2708.7861328125 (ms) to 2749.736572265625 (ms), cudaEventElapsed = 40.91862487792969 (ms)
[RANK1] 4W @ 2749.899658203125 (ms) to 2853.8984375 (ms), cudaEventElapsed = 103.9636459350586 (ms)
[RANK1] Iteration 13
[RANK1] F @ 30.527587890625 (ms) to 62.7177734375 (ms), cudaEventElapsed = 32.15292739868164 (ms)
[RANK1] F @ 63.100341796875 (ms) to 97.58544921875 (ms), cudaEventElapsed = 34.453983306884766 (ms)
[RANK1] F @ 97.97998046875 (ms) to 135.479248046875 (ms), cudaEventElapsed = 37.467872619628906 (ms)
[RANK1] F @ 135.79833984375 (ms) to 172.468017578125 (ms), cudaEventElapsed = 36.637184143066406 (ms)
[RANK1] F @ 173.96044921875 (ms) to 210.233154296875 (ms), cudaEventElapsed = 36.23993682861328 (ms)
[RANK1] B @ 554.51318359375 (ms) to 595.515380859375 (ms), cudaEventElapsed = 40.947265625 (ms)
[RANK1] F @ 595.9287109375 (ms) to 631.06884765625 (ms), cudaEventElapsed = 35.10297775268555 (ms)
[RANK1] B @ 794.232177734375 (ms) to 835.20556640625 (ms), cudaEventElapsed = 40.93417739868164 (ms)
[RANK1] F @ 836.67431640625 (ms) to 871.5791015625 (ms), cudaEventElapsed = 34.87276840209961 (ms)
[RANK1] B @ 975.58154296875 (ms) to 1016.68408203125 (ms), cudaEventElapsed = 41.06486511230469 (ms)
[RANK1] F @ 1017.054443359375 (ms) to 1052.444091796875 (ms), cudaEventElapsed = 35.35993576049805 (ms)
[RANK1] B @ 1155.128662109375 (ms) to 1196.06591796875 (ms), cudaEventElapsed = 40.900447845458984 (ms)
[RANK1] W @ 1196.304443359375 (ms) to 1218.882568359375 (ms), cudaEventElapsed = 22.433792114257812 (ms)
[RANK1] F @ 1219.032958984375 (ms) to 1258.575439453125 (ms), cudaEventElapsed = 39.513057708740234 (ms)
[RANK1] B @ 1335.125732421875 (ms) to 1377.23828125 (ms), cudaEventElapsed = 42.07673645019531 (ms)
[RANK1] B @ 1512.955078125 (ms) to 1553.818115234375 (ms), cudaEventElapsed = 40.82649612426758 (ms)
[RANK1] W @ 1553.9951171875 (ms) to 1575.656494140625 (ms), cudaEventElapsed = 21.62995147705078 (ms)
[RANK1] F @ 1575.91748046875 (ms) to 1615.716552734375 (ms), cudaEventElapsed = 39.769344329833984 (ms)
[RANK1] B @ 1714.5634765625 (ms) to 1756.64697265625 (ms), cudaEventElapsed = 42.04617691040039 (ms)
[RANK1] B @ 1796.842041015625 (ms) to 1837.948486328125 (ms), cudaEventElapsed = 41.06880187988281 (ms)
[RANK1] W @ 1838.112060546875 (ms) to 1860.998046875 (ms), cudaEventElapsed = 22.856704711914062 (ms)
[RANK1] F @ 1861.25390625 (ms) to 1900.69873046875 (ms), cudaEventElapsed = 39.415008544921875 (ms)
[RANK1] B @ 2060.451416015625 (ms) to 2101.46923828125 (ms), cudaEventElapsed = 40.98195266723633 (ms)
[RANK1] W @ 2101.71044921875 (ms) to 2124.764892578125 (ms), cudaEventElapsed = 21.814271926879883 (ms)
[RANK1] F @ 2125.044921875 (ms) to 2163.84716796875 (ms), cudaEventElapsed = 38.77366256713867 (ms)
[RANK1] B @ 2305.28271484375 (ms) to 2346.255126953125 (ms), cudaEventElapsed = 40.935264587402344 (ms)
[RANK1] W @ 2346.423095703125 (ms) to 2368.27978515625 (ms), cudaEventElapsed = 21.823488235473633 (ms)
[RANK1] W @ 2368.4443359375 (ms) to 2395.420166015625 (ms), cudaEventElapsed = 26.94758415222168 (ms)
[RANK1] B @ 2550.125732421875 (ms) to 2591.017578125 (ms), cudaEventElapsed = 40.86073684692383 (ms)
[RANK1] W @ 2591.17919921875 (ms) to 2612.498291015625 (ms), cudaEventElapsed = 21.28486442565918 (ms)
[RANK1] W @ 2612.652099609375 (ms) to 2640.188720703125 (ms), cudaEventElapsed = 27.5097599029541 (ms)
[RANK1] B @ 2713.80712890625 (ms) to 2754.679931640625 (ms), cudaEventElapsed = 40.841312408447266 (ms)
[RANK1] 4W @ 2754.833984375 (ms) to 2860.309814453125 (ms), cudaEventElapsed = 105.44230651855469 (ms)
[RANK1] Iteration 14
[RANK1] F @ 30.77880859375 (ms) to 62.7353515625 (ms), cudaEventElapsed = 31.921823501586914 (ms)
[RANK1] F @ 63.12353515625 (ms) to 97.8798828125 (ms), cudaEventElapsed = 34.725791931152344 (ms)
[RANK1] F @ 98.2421875 (ms) to 134.97900390625 (ms), cudaEventElapsed = 36.70451354980469 (ms)
[RANK1] F @ 135.27734375 (ms) to 172.21337890625 (ms), cudaEventElapsed = 36.89984130859375 (ms)
[RANK1] F @ 173.6826171875 (ms) to 210.02392578125 (ms), cudaEventElapsed = 36.308128356933594 (ms)
[RANK1] B @ 554.08154296875 (ms) to 595.055419921875 (ms), cudaEventElapsed = 40.93142318725586 (ms)
[RANK1] F @ 595.41015625 (ms) to 630.322998046875 (ms), cudaEventElapsed = 34.882049560546875 (ms)
[RANK1] B @ 793.103271484375 (ms) to 834.13916015625 (ms), cudaEventElapsed = 40.99884796142578 (ms)
[RANK1] F @ 835.640869140625 (ms) to 870.612060546875 (ms), cudaEventElapsed = 34.93862533569336 (ms)
[RANK1] B @ 973.368896484375 (ms) to 1014.341796875 (ms), cudaEventElapsed = 40.936737060546875 (ms)
[RANK1] F @ 1014.691162109375 (ms) to 1049.53466796875 (ms), cudaEventElapsed = 34.807647705078125 (ms)
[RANK1] B @ 1153.111083984375 (ms) to 1194.09228515625 (ms), cudaEventElapsed = 40.94454574584961 (ms)
[RANK1] W @ 1194.336669921875 (ms) to 1217.03564453125 (ms), cudaEventElapsed = 22.567935943603516 (ms)
[RANK1] F @ 1217.181884765625 (ms) to 1256.12646484375 (ms), cudaEventElapsed = 38.91516876220703 (ms)
[RANK1] B @ 1332.778564453125 (ms) to 1374.782958984375 (ms), cudaEventElapsed = 41.9681282043457 (ms)
[RANK1] B @ 1509.858642578125 (ms) to 1550.885498046875 (ms), cudaEventElapsed = 40.98857498168945 (ms)
[RANK1] W @ 1551.064453125 (ms) to 1573.2421875 (ms), cudaEventElapsed = 22.143999099731445 (ms)
[RANK1] F @ 1573.510498046875 (ms) to 1613.072021484375 (ms), cudaEventElapsed = 39.53126525878906 (ms)
[RANK1] B @ 1711.53466796875 (ms) to 1753.55712890625 (ms), cudaEventElapsed = 41.9857292175293 (ms)
[RANK1] B @ 1794.38916015625 (ms) to 1835.4296875 (ms), cudaEventElapsed = 41.00454330444336 (ms)
[RANK1] W @ 1835.600830078125 (ms) to 1857.489013671875 (ms), cudaEventElapsed = 21.85420799255371 (ms)
[RANK1] F @ 1857.7412109375 (ms) to 1896.8984375 (ms), cudaEventElapsed = 39.1295051574707 (ms)
[RANK1] B @ 2057.235595703125 (ms) to 2098.2978515625 (ms), cudaEventElapsed = 41.02547073364258 (ms)
[RANK1] W @ 2098.539794921875 (ms) to 2120.999267578125 (ms), cudaEventElapsed = 21.30227279663086 (ms)
[RANK1] F @ 2121.264404296875 (ms) to 2160.63525390625 (ms), cudaEventElapsed = 39.340511322021484 (ms)
[RANK1] B @ 2301.279541015625 (ms) to 2342.278564453125 (ms), cudaEventElapsed = 40.960609436035156 (ms)
[RANK1] W @ 2342.45458984375 (ms) to 2363.812744140625 (ms), cudaEventElapsed = 21.315584182739258 (ms)
[RANK1] W @ 2363.980712890625 (ms) to 2391.8154296875 (ms), cudaEventElapsed = 27.806720733642578 (ms)
[RANK1] B @ 2545.16064453125 (ms) to 2586.018310546875 (ms), cudaEventElapsed = 40.82185745239258 (ms)
[RANK1] W @ 2586.197265625 (ms) to 2607.541259765625 (ms), cudaEventElapsed = 21.31046485900879 (ms)
[RANK1] W @ 2607.701171875 (ms) to 2635.561279296875 (ms), cudaEventElapsed = 27.834367752075195 (ms)
[RANK1] B @ 2708.42626953125 (ms) to 2749.588134765625 (ms), cudaEventElapsed = 41.12752151489258 (ms)
[RANK1] 4W @ 2749.764892578125 (ms) to 2856.047607421875 (ms), cudaEventElapsed = 106.25023651123047 (ms)
[RANK1] Iteration 15
[RANK1] F @ 30.718994140625 (ms) to 62.69873046875 (ms), cudaEventElapsed = 31.94451141357422 (ms)
[RANK1] F @ 63.0859375 (ms) to 98.469970703125 (ms), cudaEventElapsed = 35.35337448120117 (ms)
[RANK1] F @ 98.854248046875 (ms) to 136.201904296875 (ms), cudaEventElapsed = 37.316097259521484 (ms)
[RANK1] F @ 136.51220703125 (ms) to 173.469970703125 (ms), cudaEventElapsed = 36.92678451538086 (ms)
[RANK1] F @ 175.007568359375 (ms) to 211.35888671875 (ms), cudaEventElapsed = 36.31782531738281 (ms)
[RANK1] B @ 552.466064453125 (ms) to 593.44287109375 (ms), cudaEventElapsed = 40.93600082397461 (ms)
[RANK1] F @ 593.79443359375 (ms) to 628.549072265625 (ms), cudaEventElapsed = 34.722625732421875 (ms)
[RANK1] B @ 791.189208984375 (ms) to 832.22216796875 (ms), cudaEventElapsed = 40.986751556396484 (ms)
[RANK1] F @ 833.707763671875 (ms) to 868.435791015625 (ms), cudaEventElapsed = 34.69657516479492 (ms)
[RANK1] B @ 970.267578125 (ms) to 1011.321044921875 (ms), cudaEventElapsed = 41.01881790161133 (ms)
[RANK1] F @ 1011.66162109375 (ms) to 1046.256103515625 (ms), cudaEventElapsed = 34.563297271728516 (ms)
[RANK1] B @ 1148.028564453125 (ms) to 1189.13623046875 (ms), cudaEventElapsed = 41.071807861328125 (ms)
[RANK1] W @ 1189.388916015625 (ms) to 1212.7353515625 (ms), cudaEventElapsed = 23.208959579467773 (ms)
[RANK1] F @ 1212.887451171875 (ms) to 1252.236083984375 (ms), cudaEventElapsed = 39.320159912109375 (ms)
[RANK1] B @ 1326.290771484375 (ms) to 1368.4228515625 (ms), cudaEventElapsed = 42.09881591796875 (ms)
[RANK1] B @ 1503.172607421875 (ms) to 1544.0068359375 (ms), cudaEventElapsed = 40.79840087890625 (ms)
[RANK1] W @ 1544.177978515625 (ms) to 1565.120361328125 (ms), cudaEventElapsed = 20.912128448486328 (ms)
[RANK1] F @ 1565.370849609375 (ms) to 1605.190673828125 (ms), cudaEventElapsed = 39.79008102416992 (ms)
[RANK1] B @ 1702.494873046875 (ms) to 1744.582763671875 (ms), cudaEventElapsed = 42.05235290527344 (ms)
[RANK1] B @ 1784.697265625 (ms) to 1825.656494140625 (ms), cudaEventElapsed = 40.92486572265625 (ms)
[RANK1] W @ 1825.8193359375 (ms) to 1847.397216796875 (ms), cudaEventElapsed = 21.540864944458008 (ms)
[RANK1] F @ 1847.65576171875 (ms) to 1887.815185546875 (ms), cudaEventElapsed = 40.13078308105469 (ms)
[RANK1] B @ 2047.5078125 (ms) to 2088.56201171875 (ms), cudaEventElapsed = 41.01839828491211 (ms)
[RANK1] W @ 2088.792236328125 (ms) to 2112.548095703125 (ms), cudaEventElapsed = 22.559743881225586 (ms)
[RANK1] F @ 2112.804931640625 (ms) to 2151.67822265625 (ms), cudaEventElapsed = 38.84204864501953 (ms)
[RANK1] B @ 2291.550048828125 (ms) to 2332.621826171875 (ms), cudaEventElapsed = 41.03571319580078 (ms)
[RANK1] W @ 2332.802978515625 (ms) to 2354.851318359375 (ms), cudaEventElapsed = 22.016000747680664 (ms)
[RANK1] W @ 2355.01416015625 (ms) to 2382.648681640625 (ms), cudaEventElapsed = 27.608064651489258 (ms)
[RANK1] B @ 2536.58154296875 (ms) to 2577.587890625 (ms), cudaEventElapsed = 40.9725456237793 (ms)
[RANK1] W @ 2577.751708984375 (ms) to 2599.695068359375 (ms), cudaEventElapsed = 21.914623260498047 (ms)
[RANK1] W @ 2599.8583984375 (ms) to 2627.5380859375 (ms), cudaEventElapsed = 27.651071548461914 (ms)
[RANK1] B @ 2699.43310546875 (ms) to 2740.50732421875 (ms), cudaEventElapsed = 41.04297637939453 (ms)
[RANK1] 4W @ 2740.6630859375 (ms) to 2845.61962890625 (ms), cudaEventElapsed = 104.92211151123047 (ms)
[RANK1] Iteration 16
[RANK1] F @ 27.247802734375 (ms) to 57.420166015625 (ms), cudaEventElapsed = 30.13488006591797 (ms)
[RANK1] F @ 57.82763671875 (ms) to 90.71533203125 (ms), cudaEventElapsed = 32.84921646118164 (ms)
[RANK1] F @ 91.129150390625 (ms) to 126.82275390625 (ms), cudaEventElapsed = 35.66080093383789 (ms)
[RANK1] F @ 127.113525390625 (ms) to 162.25830078125 (ms), cudaEventElapsed = 35.11376190185547 (ms)
[RANK1] F @ 163.725830078125 (ms) to 198.7255859375 (ms), cudaEventElapsed = 34.966529846191406 (ms)
[RANK1] F @ 199.112548828125 (ms) to 234.168701171875 (ms), cudaEventElapsed = 35.023807525634766 (ms)
[RANK1] F @ 234.592041015625 (ms) to 270.3642578125 (ms), cudaEventElapsed = 35.73894500732422 (ms)
[RANK1] F @ 294.9619140625 (ms) to 325.752685546875 (ms), cudaEventElapsed = 30.74550437927246 (ms)
[RANK1] F @ 414.05908203125 (ms) to 444.010498046875 (ms), cudaEventElapsed = 29.910303115844727 (ms)
[RANK1] F @ 531.723876953125 (ms) to 561.773681640625 (ms), cudaEventElapsed = 30.011903762817383 (ms)
[RANK1] F @ 649.667236328125 (ms) to 679.76513671875 (ms), cudaEventElapsed = 30.055519104003906 (ms)
[RANK1] F @ 768.32275390625 (ms) to 798.35302734375 (ms), cudaEventElapsed = 29.9913272857666 (ms)
