[RANK2] Iteration 1
[RANK2] F @ 860.943603515625 (ms) to 1013.643310546875 (ms), cudaEventElapsed = 152.63807678222656 (ms)
[RANK2] F @ 1064.881103515625 (ms) to 1096.6806640625 (ms), cudaEventElapsed = 31.74166488647461 (ms)
[RANK2] F @ 1098.638427734375 (ms) to 1132.19580078125 (ms), cudaEventElapsed = 33.51456069946289 (ms)
[RANK2] B @ 1702.2099609375 (ms) to 1754.914306640625 (ms), cudaEventElapsed = 52.63353729248047 (ms)
[RANK2] F @ 1758.4609375 (ms) to 1790.733642578125 (ms), cudaEventElapsed = 32.22016143798828 (ms)
[RANK2] B @ 1791.053466796875 (ms) to 1835.7158203125 (ms), cudaEventElapsed = 44.630496978759766 (ms)
[RANK2] F @ 1837.133056640625 (ms) to 1871.052734375 (ms), cudaEventElapsed = 33.86467361450195 (ms)
[RANK2] B @ 1871.3671875 (ms) to 1915.862548828125 (ms), cudaEventElapsed = 44.45695877075195 (ms)
[RANK2] F @ 1917.434814453125 (ms) to 1951.66357421875 (ms), cudaEventElapsed = 34.182334899902344 (ms)
[RANK2] B @ 1951.972900390625 (ms) to 1996.476806640625 (ms), cudaEventElapsed = 44.470943450927734 (ms)
[RANK2] F @ 1997.881591796875 (ms) to 2032.311279296875 (ms), cudaEventElapsed = 34.383392333984375 (ms)
[RANK2] B @ 2032.603271484375 (ms) to 2077.068603515625 (ms), cudaEventElapsed = 44.433406829833984 (ms)
[RANK2] F @ 2077.419677734375 (ms) to 2111.128173828125 (ms), cudaEventElapsed = 33.67055892944336 (ms)
[RANK2] B @ 2111.488525390625 (ms) to 2157.234375 (ms), cudaEventElapsed = 45.71033477783203 (ms)
[RANK2] W @ 2157.462646484375 (ms) to 2179.046875 (ms), cudaEventElapsed = 21.533695220947266 (ms)
[RANK2] F @ 2179.208740234375 (ms) to 2213.339599609375 (ms), cudaEventElapsed = 34.0912971496582 (ms)
[RANK2] B @ 2214.646728515625 (ms) to 2259.7197265625 (ms), cudaEventElapsed = 45.0392951965332 (ms)
[RANK2] B @ 2261.16650390625 (ms) to 2303.8515625 (ms), cudaEventElapsed = 42.644832611083984 (ms)
[RANK2] W @ 2303.995361328125 (ms) to 2324.4189453125 (ms), cudaEventElapsed = 20.391935348510742 (ms)
[RANK2] F @ 2324.665283203125 (ms) to 2358.442626953125 (ms), cudaEventElapsed = 33.748863220214844 (ms)
[RANK2] B @ 2358.7216796875 (ms) to 2403.633056640625 (ms), cudaEventElapsed = 44.881568908691406 (ms)
[RANK2] W @ 2403.831298828125 (ms) to 2426.40869140625 (ms), cudaEventElapsed = 21.4968318939209 (ms)
[RANK2] F @ 2426.64794921875 (ms) to 2460.6123046875 (ms), cudaEventElapsed = 33.935264587402344 (ms)
[RANK2] B @ 2460.892822265625 (ms) to 2505.750732421875 (ms), cudaEventElapsed = 44.8271369934082 (ms)
[RANK2] W @ 2505.969970703125 (ms) to 2528.7138671875 (ms), cudaEventElapsed = 21.573631286621094 (ms)
[RANK2] F @ 2528.9794921875 (ms) to 2562.856689453125 (ms), cudaEventElapsed = 33.847007751464844 (ms)
[RANK2] B @ 2563.1376953125 (ms) to 2609.61767578125 (ms), cudaEventElapsed = 46.4486083984375 (ms)
[RANK2] W @ 2609.744873046875 (ms) to 2632.361328125 (ms), cudaEventElapsed = 22.587392807006836 (ms)
[RANK2] W @ 2632.500732421875 (ms) to 2654.34375 (ms), cudaEventElapsed = 21.815296173095703 (ms)
[RANK2] B @ 2654.475341796875 (ms) to 2697.33056640625 (ms), cudaEventElapsed = 42.82841491699219 (ms)
[RANK2] 6W @ 2697.46728515625 (ms) to 2825.977783203125 (ms), cudaEventElapsed = 128.47923278808594 (ms)
[RANK2] Iteration 2
[RANK2] F @ 64.9912109375 (ms) to 97.17724609375 (ms), cudaEventElapsed = 32.13702392578125 (ms)
[RANK2] F @ 100.014892578125 (ms) to 134.647216796875 (ms), cudaEventElapsed = 34.5959358215332 (ms)
[RANK2] F @ 136.911376953125 (ms) to 174.721435546875 (ms), cudaEventElapsed = 37.76982498168945 (ms)
[RANK2] B @ 178.38623046875 (ms) to 223.840576171875 (ms), cudaEventElapsed = 45.413536071777344 (ms)
[RANK2] F @ 224.2529296875 (ms) to 258.354736328125 (ms), cudaEventElapsed = 34.06614303588867 (ms)
[RANK2] B @ 258.6884765625 (ms) to 303.371337890625 (ms), cudaEventElapsed = 44.65091323852539 (ms)
[RANK2] F @ 304.756103515625 (ms) to 338.65869140625 (ms), cudaEventElapsed = 33.86454391479492 (ms)
[RANK2] B @ 338.9912109375 (ms) to 383.837646484375 (ms), cudaEventElapsed = 44.81507110595703 (ms)
[RANK2] F @ 385.26318359375 (ms) to 418.97119140625 (ms), cudaEventElapsed = 33.6710090637207 (ms)
[RANK2] B @ 419.29541015625 (ms) to 464.1240234375 (ms), cudaEventElapsed = 44.797630310058594 (ms)
[RANK2] F @ 465.661865234375 (ms) to 499.46923828125 (ms), cudaEventElapsed = 33.76563262939453 (ms)
[RANK2] B @ 499.80322265625 (ms) to 544.671630859375 (ms), cudaEventElapsed = 44.83766555786133 (ms)
[RANK2] F @ 545.067626953125 (ms) to 579.113525390625 (ms), cudaEventElapsed = 34.01142501831055 (ms)
[RANK2] B @ 579.495849609375 (ms) to 624.7216796875 (ms), cudaEventElapsed = 45.19363021850586 (ms)
[RANK2] W @ 625.00146484375 (ms) to 646.555419921875 (ms), cudaEventElapsed = 21.5152645111084 (ms)
[RANK2] F @ 646.71728515625 (ms) to 680.38720703125 (ms), cudaEventElapsed = 33.63942337036133 (ms)
[RANK2] B @ 681.736572265625 (ms) to 726.555908203125 (ms), cudaEventElapsed = 44.78633499145508 (ms)
[RANK2] B @ 727.93798828125 (ms) to 770.4423828125 (ms), cudaEventElapsed = 42.47068786621094 (ms)
[RANK2] W @ 770.616455078125 (ms) to 790.990234375 (ms), cudaEventElapsed = 20.337663650512695 (ms)
[RANK2] F @ 791.262451171875 (ms) to 824.814453125 (ms), cudaEventElapsed = 33.521568298339844 (ms)
[RANK2] B @ 825.14013671875 (ms) to 869.896728515625 (ms), cudaEventElapsed = 44.716064453125 (ms)
[RANK2] W @ 870.142822265625 (ms) to 892.3916015625 (ms), cudaEventElapsed = 21.139455795288086 (ms)
[RANK2] F @ 892.703369140625 (ms) to 927.3505859375 (ms), cudaEventElapsed = 34.61180877685547 (ms)
[RANK2] B @ 927.71142578125 (ms) to 976.13671875 (ms), cudaEventElapsed = 48.39158248901367 (ms)
[RANK2] W @ 976.3740234375 (ms) to 999.67236328125 (ms), cudaEventElapsed = 22.171648025512695 (ms)
[RANK2] F @ 1000.500732421875 (ms) to 1034.552978515625 (ms), cudaEventElapsed = 34.0096321105957 (ms)
[RANK2] B @ 1034.8466796875 (ms) to 1079.864990234375 (ms), cudaEventElapsed = 44.98793411254883 (ms)
[RANK2] W @ 1080.024658203125 (ms) to 1101.447998046875 (ms), cudaEventElapsed = 21.393407821655273 (ms)
[RANK2] W @ 1101.622314453125 (ms) to 1123.12744140625 (ms), cudaEventElapsed = 21.47327995300293 (ms)
[RANK2] B @ 1123.291748046875 (ms) to 1166.0693359375 (ms), cudaEventElapsed = 42.74611282348633 (ms)
[RANK2] 6W @ 1166.240478515625 (ms) to 1294.890869140625 (ms), cudaEventElapsed = 128.61541748046875 (ms)
[RANK2] Iteration 3
[RANK2] F @ 64.705078125 (ms) to 96.959716796875 (ms), cudaEventElapsed = 32.20975875854492 (ms)
[RANK2] F @ 99.919189453125 (ms) to 133.380126953125 (ms), cudaEventElapsed = 33.42559814453125 (ms)
[RANK2] F @ 137.12890625 (ms) to 174.327880859375 (ms), cudaEventElapsed = 37.16515350341797 (ms)
[RANK2] B @ 178.615478515625 (ms) to 223.82861328125 (ms), cudaEventElapsed = 45.17264175415039 (ms)
[RANK2] F @ 224.189208984375 (ms) to 257.98291015625 (ms), cudaEventElapsed = 33.73503875732422 (ms)
[RANK2] B @ 258.322021484375 (ms) to 302.55078125 (ms), cudaEventElapsed = 44.19660949707031 (ms)
[RANK2] F @ 303.937744140625 (ms) to 337.86083984375 (ms), cudaEventElapsed = 33.884735107421875 (ms)
[RANK2] B @ 338.186767578125 (ms) to 382.424072265625 (ms), cudaEventElapsed = 44.19334411621094 (ms)
[RANK2] F @ 383.846435546875 (ms) to 417.605224609375 (ms), cudaEventElapsed = 33.71955108642578 (ms)
[RANK2] B @ 417.935302734375 (ms) to 462.51953125 (ms), cudaEventElapsed = 44.55344009399414 (ms)
[RANK2] F @ 464.008544921875 (ms) to 497.670654296875 (ms), cudaEventElapsed = 33.61590576171875 (ms)
[RANK2] B @ 497.987060546875 (ms) to 542.657470703125 (ms), cudaEventElapsed = 44.63631820678711 (ms)
[RANK2] F @ 543.026123046875 (ms) to 576.893798828125 (ms), cudaEventElapsed = 33.83145523071289 (ms)
[RANK2] B @ 577.269287109375 (ms) to 621.924072265625 (ms), cudaEventElapsed = 44.62160110473633 (ms)
[RANK2] W @ 622.187255859375 (ms) to 643.799072265625 (ms), cudaEventElapsed = 21.577728271484375 (ms)
[RANK2] F @ 643.96044921875 (ms) to 677.919189453125 (ms), cudaEventElapsed = 33.9277458190918 (ms)
[RANK2] B @ 679.221923828125 (ms) to 723.755126953125 (ms), cudaEventElapsed = 44.5022087097168 (ms)
[RANK2] B @ 725.12744140625 (ms) to 767.405029296875 (ms), cudaEventElapsed = 42.242401123046875 (ms)
[RANK2] W @ 767.80322265625 (ms) to 788.065673828125 (ms), cudaEventElapsed = 20.22809600830078 (ms)
[RANK2] F @ 788.343505859375 (ms) to 822.273193359375 (ms), cudaEventElapsed = 33.895423889160156 (ms)
[RANK2] B @ 822.560546875 (ms) to 867.5283203125 (ms), cudaEventElapsed = 44.934974670410156 (ms)
[RANK2] W @ 867.771728515625 (ms) to 890.3916015625 (ms), cudaEventElapsed = 21.544960021972656 (ms)
[RANK2] F @ 890.658447265625 (ms) to 925.471435546875 (ms), cudaEventElapsed = 34.77568054199219 (ms)
[RANK2] B @ 925.7666015625 (ms) to 973.71728515625 (ms), cudaEventElapsed = 47.920799255371094 (ms)
[RANK2] W @ 973.9326171875 (ms) to 997.251953125 (ms), cudaEventElapsed = 22.205440521240234 (ms)
[RANK2] F @ 997.604248046875 (ms) to 1031.994140625 (ms), cudaEventElapsed = 34.344703674316406 (ms)
[RANK2] B @ 1032.286865234375 (ms) to 1077.2431640625 (ms), cudaEventElapsed = 44.92790222167969 (ms)
[RANK2] W @ 1077.398193359375 (ms) to 1098.9814453125 (ms), cudaEventElapsed = 21.555200576782227 (ms)
[RANK2] W @ 1099.1416015625 (ms) to 1120.63330078125 (ms), cudaEventElapsed = 21.46303939819336 (ms)
[RANK2] B @ 1120.78466796875 (ms) to 1163.4560546875 (ms), cudaEventElapsed = 42.6426887512207 (ms)
[RANK2] 6W @ 1163.60693359375 (ms) to 1292.356201171875 (ms), cudaEventElapsed = 128.71372985839844 (ms)
[RANK2] Iteration 4
[RANK2] F @ 64.811767578125 (ms) to 97.08642578125 (ms), cudaEventElapsed = 32.23664093017578 (ms)
[RANK2] F @ 99.611328125 (ms) to 133.853515625 (ms), cudaEventElapsed = 34.20937728881836 (ms)
[RANK2] F @ 136.393310546875 (ms) to 173.2939453125 (ms), cudaEventElapsed = 36.867679595947266 (ms)
[RANK2] B @ 177.542236328125 (ms) to 222.133544921875 (ms), cudaEventElapsed = 44.551326751708984 (ms)
[RANK2] F @ 222.502197265625 (ms) to 256.509033203125 (ms), cudaEventElapsed = 33.97123336791992 (ms)
[RANK2] B @ 256.843994140625 (ms) to 301.388427734375 (ms), cudaEventElapsed = 44.51222229003906 (ms)
[RANK2] F @ 302.7763671875 (ms) to 337.103271484375 (ms), cudaEventElapsed = 34.289249420166016 (ms)
[RANK2] B @ 337.44580078125 (ms) to 381.95703125 (ms), cudaEventElapsed = 44.47929763793945 (ms)
[RANK2] F @ 383.371337890625 (ms) to 417.563232421875 (ms), cudaEventElapsed = 34.15516662597656 (ms)
[RANK2] B @ 417.90234375 (ms) to 462.653076171875 (ms), cudaEventElapsed = 44.71459197998047 (ms)
[RANK2] F @ 464.328125 (ms) to 498.325927734375 (ms), cudaEventElapsed = 33.95814514160156 (ms)
[RANK2] B @ 498.633544921875 (ms) to 543.806640625 (ms), cudaEventElapsed = 45.139041900634766 (ms)
[RANK2] F @ 544.177734375 (ms) to 578.174072265625 (ms), cudaEventElapsed = 33.96044921875 (ms)
[RANK2] B @ 578.540771484375 (ms) to 623.698974609375 (ms), cudaEventElapsed = 45.125953674316406 (ms)
[RANK2] W @ 623.953369140625 (ms) to 645.41796875 (ms), cudaEventElapsed = 21.421056747436523 (ms)
[RANK2] F @ 645.571044921875 (ms) to 679.7109375 (ms), cudaEventElapsed = 34.11113739013672 (ms)
[RANK2] B @ 681.015625 (ms) to 726.0205078125 (ms), cudaEventElapsed = 44.97331237792969 (ms)
[RANK2] B @ 727.400390625 (ms) to 770.170166015625 (ms), cudaEventElapsed = 42.7336311340332 (ms)
[RANK2] W @ 770.32763671875 (ms) to 790.971923828125 (ms), cudaEventElapsed = 20.606975555419922 (ms)
[RANK2] F @ 791.25146484375 (ms) to 825.007568359375 (ms), cudaEventElapsed = 33.72236633300781 (ms)
[RANK2] B @ 825.29931640625 (ms) to 870.37548828125 (ms), cudaEventElapsed = 45.04652786254883 (ms)
[RANK2] W @ 870.590576171875 (ms) to 893.185302734375 (ms), cudaEventElapsed = 21.52448081970215 (ms)
[RANK2] F @ 893.447509765625 (ms) to 928.179931640625 (ms), cudaEventElapsed = 34.70115280151367 (ms)
[RANK2] B @ 928.4755859375 (ms) to 976.433837890625 (ms), cudaEventElapsed = 47.92854309082031 (ms)
[RANK2] W @ 976.654541015625 (ms) to 999.399658203125 (ms), cudaEventElapsed = 21.651456832885742 (ms)
[RANK2] F @ 999.657958984375 (ms) to 1033.5048828125 (ms), cudaEventElapsed = 33.81808090209961 (ms)
[RANK2] B @ 1033.79638671875 (ms) to 1078.456787109375 (ms), cudaEventElapsed = 44.6297607421875 (ms)
[RANK2] W @ 1078.6259765625 (ms) to 1100.044189453125 (ms), cudaEventElapsed = 21.381120681762695 (ms)
[RANK2] W @ 1100.213623046875 (ms) to 1121.710693359375 (ms), cudaEventElapsed = 21.46611213684082 (ms)
[RANK2] B @ 1121.866455078125 (ms) to 1164.63134765625 (ms), cudaEventElapsed = 42.735294342041016 (ms)
[RANK2] 6W @ 1164.791748046875 (ms) to 1293.9404296875 (ms), cudaEventElapsed = 129.1161651611328 (ms)
[RANK2] Iteration 5
[RANK2] F @ 64.6953125 (ms) to 97.0078125 (ms), cudaEventElapsed = 32.274688720703125 (ms)
[RANK2] F @ 100.078369140625 (ms) to 134.029052734375 (ms), cudaEventElapsed = 33.91465759277344 (ms)
[RANK2] F @ 137.945068359375 (ms) to 174.9521484375 (ms), cudaEventElapsed = 36.97315216064453 (ms)
[RANK2] B @ 179.6357421875 (ms) to 225.34765625 (ms), cudaEventElapsed = 45.67046356201172 (ms)
[RANK2] F @ 225.708740234375 (ms) to 261.45263671875 (ms), cudaEventElapsed = 35.70832061767578 (ms)
[RANK2] B @ 261.775634765625 (ms) to 307.293701171875 (ms), cudaEventElapsed = 45.48400115966797 (ms)
[RANK2] F @ 308.67578125 (ms) to 344.81982421875 (ms), cudaEventElapsed = 36.106143951416016 (ms)
[RANK2] B @ 345.16064453125 (ms) to 390.90966796875 (ms), cudaEventElapsed = 45.716575622558594 (ms)
[RANK2] F @ 392.37158203125 (ms) to 428.46435546875 (ms), cudaEventElapsed = 36.054080963134766 (ms)
[RANK2] B @ 428.801025390625 (ms) to 474.71923828125 (ms), cudaEventElapsed = 45.880287170410156 (ms)
[RANK2] F @ 476.41162109375 (ms) to 512.02099609375 (ms), cudaEventElapsed = 35.56412887573242 (ms)
[RANK2] B @ 512.334228515625 (ms) to 558.17822265625 (ms), cudaEventElapsed = 45.810272216796875 (ms)
[RANK2] F @ 558.55712890625 (ms) to 594.5478515625 (ms), cudaEventElapsed = 35.9549446105957 (ms)
[RANK2] B @ 594.92138671875 (ms) to 640.798828125 (ms), cudaEventElapsed = 45.84316635131836 (ms)
[RANK2] W @ 641.057373046875 (ms) to 665.408935546875 (ms), cudaEventElapsed = 24.31488037109375 (ms)
[RANK2] F @ 665.56005859375 (ms) to 703.0849609375 (ms), cudaEventElapsed = 37.495582580566406 (ms)
[RANK2] B @ 704.400146484375 (ms) to 750.442138671875 (ms), cudaEventElapsed = 46.01001739501953 (ms)
[RANK2] B @ 751.858154296875 (ms) to 796.872802734375 (ms), cudaEventElapsed = 44.97923278808594 (ms)
[RANK2] W @ 797.0458984375 (ms) to 821.32763671875 (ms), cudaEventElapsed = 24.249343872070312 (ms)
[RANK2] F @ 821.61572265625 (ms) to 859.816162109375 (ms), cudaEventElapsed = 38.16620635986328 (ms)
[RANK2] B @ 860.116943359375 (ms) to 906.790283203125 (ms), cudaEventElapsed = 46.634239196777344 (ms)
[RANK2] W @ 907.173828125 (ms) to 933.3564453125 (ms), cudaEventElapsed = 25.1013126373291 (ms)
[RANK2] F @ 933.69970703125 (ms) to 979.202392578125 (ms), cudaEventElapsed = 45.4700813293457 (ms)
[RANK2] B @ 979.528564453125 (ms) to 1027.35400390625 (ms), cudaEventElapsed = 47.79596710205078 (ms)
[RANK2] W @ 1027.5859375 (ms) to 1052.569580078125 (ms), cudaEventElapsed = 23.86739158630371 (ms)
[RANK2] F @ 1052.927978515625 (ms) to 1090.925048828125 (ms), cudaEventElapsed = 37.95622253417969 (ms)
[RANK2] B @ 1091.24609375 (ms) to 1137.792724609375 (ms), cudaEventElapsed = 46.48659133911133 (ms)
[RANK2] W @ 1137.973876953125 (ms) to 1162.5146484375 (ms), cudaEventElapsed = 24.51148796081543 (ms)
[RANK2] W @ 1162.677978515625 (ms) to 1189.03125 (ms), cudaEventElapsed = 26.32499122619629 (ms)
[RANK2] B @ 1189.179443359375 (ms) to 1237.615966796875 (ms), cudaEventElapsed = 48.40816116333008 (ms)
[RANK2] 6W @ 1237.78076171875 (ms) to 1395.943359375 (ms), cudaEventElapsed = 158.12506103515625 (ms)
[RANK2] Iteration 6
[RANK2] F @ 64.995849609375 (ms) to 97.345458984375 (ms), cudaEventElapsed = 32.30499267578125 (ms)
[RANK2] F @ 100.029052734375 (ms) to 134.415283203125 (ms), cudaEventElapsed = 34.3460807800293 (ms)
[RANK2] F @ 137.000732421875 (ms) to 174.2216796875 (ms), cudaEventElapsed = 37.18537521362305 (ms)
[RANK2] B @ 177.8447265625 (ms) to 223.8310546875 (ms), cudaEventElapsed = 45.94755172729492 (ms)
[RANK2] F @ 224.209716796875 (ms) to 260.322265625 (ms), cudaEventElapsed = 36.072479248046875 (ms)
[RANK2] B @ 260.64599609375 (ms) to 306.43310546875 (ms), cudaEventElapsed = 45.74201583862305 (ms)
[RANK2] F @ 307.94189453125 (ms) to 343.778076171875 (ms), cudaEventElapsed = 35.80486297607422 (ms)
[RANK2] B @ 344.10693359375 (ms) to 389.9931640625 (ms), cudaEventElapsed = 45.85513687133789 (ms)
[RANK2] F @ 391.383544921875 (ms) to 426.97314453125 (ms), cudaEventElapsed = 35.55472183227539 (ms)
[RANK2] B @ 427.516845703125 (ms) to 473.024169921875 (ms), cudaEventElapsed = 45.47555160522461 (ms)
[RANK2] F @ 474.481201171875 (ms) to 509.66064453125 (ms), cudaEventElapsed = 35.144447326660156 (ms)
[RANK2] B @ 509.998046875 (ms) to 555.583251953125 (ms), cudaEventElapsed = 45.55311965942383 (ms)
[RANK2] F @ 555.957763671875 (ms) to 592.105224609375 (ms), cudaEventElapsed = 36.108097076416016 (ms)
[RANK2] B @ 592.48486328125 (ms) to 638.625 (ms), cudaEventElapsed = 46.10575866699219 (ms)
[RANK2] W @ 638.87890625 (ms) to 662.986572265625 (ms), cudaEventElapsed = 24.071168899536133 (ms)
[RANK2] F @ 663.136474609375 (ms) to 701.02880859375 (ms), cudaEventElapsed = 37.86227035522461 (ms)
[RANK2] B @ 702.367431640625 (ms) to 748.782958984375 (ms), cudaEventElapsed = 46.384193420410156 (ms)
[RANK2] B @ 750.14599609375 (ms) to 795.06591796875 (ms), cudaEventElapsed = 44.889503479003906 (ms)
[RANK2] W @ 795.22900390625 (ms) to 818.72998046875 (ms), cudaEventElapsed = 23.47315216064453 (ms)
[RANK2] F @ 818.994873046875 (ms) to 857.87890625 (ms), cudaEventElapsed = 38.85529708862305 (ms)
[RANK2] B @ 858.183837890625 (ms) to 904.827880859375 (ms), cudaEventElapsed = 46.60550308227539 (ms)
[RANK2] W @ 905.056396484375 (ms) to 934.865966796875 (ms), cudaEventElapsed = 28.74060821533203 (ms)
[RANK2] F @ 935.15234375 (ms) to 979.003173828125 (ms), cudaEventElapsed = 43.82102584838867 (ms)
[RANK2] B @ 979.31103515625 (ms) to 1026.7841796875 (ms), cudaEventElapsed = 47.442623138427734 (ms)
[RANK2] W @ 1027.01708984375 (ms) to 1052.094482421875 (ms), cudaEventElapsed = 23.997440338134766 (ms)
[RANK2] F @ 1052.37353515625 (ms) to 1090.0693359375 (ms), cudaEventElapsed = 37.66672134399414 (ms)
[RANK2] B @ 1090.3671875 (ms) to 1136.9853515625 (ms), cudaEventElapsed = 46.58544158935547 (ms)
[RANK2] W @ 1137.14599609375 (ms) to 1161.381591796875 (ms), cudaEventElapsed = 24.205312728881836 (ms)
[RANK2] W @ 1161.5400390625 (ms) to 1188.339599609375 (ms), cudaEventElapsed = 26.772480010986328 (ms)
[RANK2] B @ 1188.484375 (ms) to 1236.529052734375 (ms), cudaEventElapsed = 48.01638412475586 (ms)
[RANK2] 6W @ 1236.697265625 (ms) to 1396.663818359375 (ms), cudaEventElapsed = 159.931396484375 (ms)
[RANK2] Iteration 7
[RANK2] F @ 64.57080078125 (ms) to 97.082275390625 (ms), cudaEventElapsed = 32.47264099121094 (ms)
[RANK2] F @ 99.52880859375 (ms) to 133.35498046875 (ms), cudaEventElapsed = 33.79129409790039 (ms)
[RANK2] F @ 137.099853515625 (ms) to 174.11328125 (ms), cudaEventElapsed = 36.97734451293945 (ms)
[RANK2] B @ 177.750732421875 (ms) to 223.7880859375 (ms), cudaEventElapsed = 46.00019073486328 (ms)
[RANK2] F @ 224.153564453125 (ms) to 260.241943359375 (ms), cudaEventElapsed = 36.05583953857422 (ms)
[RANK2] B @ 260.576171875 (ms) to 306.298095703125 (ms), cudaEventElapsed = 45.690494537353516 (ms)
[RANK2] F @ 307.903076171875 (ms) to 344.074951171875 (ms), cudaEventElapsed = 36.1396484375 (ms)
[RANK2] B @ 344.405517578125 (ms) to 389.90673828125 (ms), cudaEventElapsed = 45.46953582763672 (ms)
[RANK2] F @ 391.3212890625 (ms) to 426.920654296875 (ms), cudaEventElapsed = 35.56537628173828 (ms)
[RANK2] B @ 427.239501953125 (ms) to 473.02734375 (ms), cudaEventElapsed = 45.75747299194336 (ms)
[RANK2] F @ 474.458251953125 (ms) to 510.40380859375 (ms), cudaEventElapsed = 35.910430908203125 (ms)
[RANK2] B @ 510.716796875 (ms) to 556.541748046875 (ms), cudaEventElapsed = 45.781280517578125 (ms)
[RANK2] F @ 556.92431640625 (ms) to 592.917724609375 (ms), cudaEventElapsed = 35.96217727661133 (ms)
[RANK2] B @ 593.30810546875 (ms) to 638.97509765625 (ms), cudaEventElapsed = 45.636287689208984 (ms)
[RANK2] W @ 639.226318359375 (ms) to 662.899169921875 (ms), cudaEventElapsed = 23.638015747070312 (ms)
[RANK2] F @ 663.052978515625 (ms) to 701.277587890625 (ms), cudaEventElapsed = 38.1965446472168 (ms)
[RANK2] B @ 702.573486328125 (ms) to 749.113525390625 (ms), cudaEventElapsed = 46.507774353027344 (ms)
[RANK2] B @ 750.490966796875 (ms) to 795.4345703125 (ms), cudaEventElapsed = 44.90576171875 (ms)
[RANK2] W @ 795.5888671875 (ms) to 819.77978515625 (ms), cudaEventElapsed = 24.162303924560547 (ms)
[RANK2] F @ 820.0517578125 (ms) to 858.207275390625 (ms), cudaEventElapsed = 38.12656021118164 (ms)
[RANK2] B @ 858.50390625 (ms) to 905.201171875 (ms), cudaEventElapsed = 46.66774368286133 (ms)
[RANK2] W @ 905.421142578125 (ms) to 933.901611328125 (ms), cudaEventElapsed = 27.408384323120117 (ms)
[RANK2] F @ 934.18408203125 (ms) to 979.42724609375 (ms), cudaEventElapsed = 45.213951110839844 (ms)
[RANK2] B @ 979.72509765625 (ms) to 1027.536865234375 (ms), cudaEventElapsed = 47.76838302612305 (ms)
[RANK2] W @ 1027.784423828125 (ms) to 1053.0693359375 (ms), cudaEventElapsed = 24.194047927856445 (ms)
[RANK2] F @ 1053.34814453125 (ms) to 1091.111572265625 (ms), cudaEventElapsed = 37.733089447021484 (ms)
[RANK2] B @ 1091.431884765625 (ms) to 1137.977294921875 (ms), cudaEventElapsed = 46.51542282104492 (ms)
[RANK2] W @ 1138.1396484375 (ms) to 1162.1650390625 (ms), cudaEventElapsed = 23.996416091918945 (ms)
[RANK2] W @ 1162.32666015625 (ms) to 1188.82568359375 (ms), cudaEventElapsed = 26.471424102783203 (ms)
[RANK2] B @ 1188.9755859375 (ms) to 1237.36279296875 (ms), cudaEventElapsed = 48.359169006347656 (ms)
[RANK2] 6W @ 1237.516357421875 (ms) to 1399.040283203125 (ms), cudaEventElapsed = 161.4940185546875 (ms)
[RANK2] Iteration 8
[RANK2] F @ 64.681640625 (ms) to 97.07275390625 (ms), cudaEventElapsed = 32.35343933105469 (ms)
[RANK2] F @ 99.547607421875 (ms) to 133.307373046875 (ms), cudaEventElapsed = 33.72409439086914 (ms)
[RANK2] F @ 136.576904296875 (ms) to 174.453125 (ms), cudaEventElapsed = 37.84105682373047 (ms)
[RANK2] B @ 178.00732421875 (ms) to 224.15380859375 (ms), cudaEventElapsed = 46.11174392700195 (ms)
[RANK2] F @ 224.549560546875 (ms) to 260.0751953125 (ms), cudaEventElapsed = 35.49299240112305 (ms)
[RANK2] B @ 260.40576171875 (ms) to 305.684814453125 (ms), cudaEventElapsed = 45.248897552490234 (ms)
[RANK2] F @ 307.0625 (ms) to 343.046630859375 (ms), cudaEventElapsed = 35.95270538330078 (ms)
[RANK2] B @ 343.374267578125 (ms) to 388.976806640625 (ms), cudaEventElapsed = 45.569889068603516 (ms)
[RANK2] F @ 390.366455078125 (ms) to 426.258056640625 (ms), cudaEventElapsed = 35.856929779052734 (ms)
[RANK2] B @ 426.597412109375 (ms) to 472.522216796875 (ms), cudaEventElapsed = 45.892799377441406 (ms)
[RANK2] F @ 473.976806640625 (ms) to 509.53173828125 (ms), cudaEventElapsed = 35.519649505615234 (ms)
[RANK2] B @ 509.892822265625 (ms) to 555.744873046875 (ms), cudaEventElapsed = 45.81942367553711 (ms)
[RANK2] F @ 556.123779296875 (ms) to 592.007080078125 (ms), cudaEventElapsed = 35.84310531616211 (ms)
[RANK2] B @ 592.413818359375 (ms) to 638.29638671875 (ms), cudaEventElapsed = 45.849857330322266 (ms)
[RANK2] W @ 638.561279296875 (ms) to 662.853271484375 (ms), cudaEventElapsed = 24.257535934448242 (ms)
[RANK2] F @ 663.003662109375 (ms) to 700.529296875 (ms), cudaEventElapsed = 37.49824142456055 (ms)
[RANK2] B @ 701.855712890625 (ms) to 748.03759765625 (ms), cudaEventElapsed = 46.1506233215332 (ms)
[RANK2] B @ 749.434326171875 (ms) to 794.570556640625 (ms), cudaEventElapsed = 45.10512161254883 (ms)
[RANK2] W @ 794.728759765625 (ms) to 819.23291015625 (ms), cudaEventElapsed = 24.472576141357422 (ms)
[RANK2] F @ 819.50048828125 (ms) to 857.6337890625 (ms), cudaEventElapsed = 38.10383987426758 (ms)
[RANK2] B @ 857.9296875 (ms) to 904.6005859375 (ms), cudaEventElapsed = 46.64112091064453 (ms)
[RANK2] W @ 904.820556640625 (ms) to 930.237548828125 (ms), cudaEventElapsed = 24.372224807739258 (ms)
[RANK2] F @ 930.530517578125 (ms) to 979.671875 (ms), cudaEventElapsed = 49.110591888427734 (ms)
[RANK2] B @ 979.965087890625 (ms) to 1027.796630859375 (ms), cudaEventElapsed = 47.8012809753418 (ms)
[RANK2] W @ 1028.018798828125 (ms) to 1053.33544921875 (ms), cudaEventElapsed = 24.260608673095703 (ms)
[RANK2] F @ 1053.6103515625 (ms) to 1092.31103515625 (ms), cudaEventElapsed = 38.66697692871094 (ms)
[RANK2] B @ 1092.608154296875 (ms) to 1139.343017578125 (ms), cudaEventElapsed = 46.70188903808594 (ms)
[RANK2] W @ 1139.50439453125 (ms) to 1164.044677734375 (ms), cudaEventElapsed = 24.51046371459961 (ms)
[RANK2] W @ 1164.208251953125 (ms) to 1190.821044921875 (ms), cudaEventElapsed = 26.584064483642578 (ms)
[RANK2] B @ 1190.960693359375 (ms) to 1239.44775390625 (ms), cudaEventElapsed = 48.45872116088867 (ms)
[RANK2] 6W @ 1239.602294921875 (ms) to 1400.651123046875 (ms), cudaEventElapsed = 161.0188751220703 (ms)
[RANK2] Iteration 9
[RANK2] F @ 64.8134765625 (ms) to 97.05810546875 (ms), cudaEventElapsed = 32.20764923095703 (ms)
[RANK2] F @ 187.053955078125 (ms) to 218.607421875 (ms), cudaEventElapsed = 31.509471893310547 (ms)
[RANK2] F @ 308.1484375 (ms) to 339.868408203125 (ms), cudaEventElapsed = 31.6693115234375 (ms)
[RANK2] B @ 431.4287109375 (ms) to 472.6953125 (ms), cudaEventElapsed = 41.22003173828125 (ms)
[RANK2] F @ 473.075439453125 (ms) to 508.631591796875 (ms), cudaEventElapsed = 35.5230712890625 (ms)
[RANK2] B @ 603.8154296875 (ms) to 645.05029296875 (ms), cudaEventElapsed = 41.191585540771484 (ms)
[RANK2] F @ 646.58349609375 (ms) to 680.6748046875 (ms), cudaEventElapsed = 34.047454833984375 (ms)
[RANK2] B @ 774.625732421875 (ms) to 815.8974609375 (ms), cudaEventElapsed = 41.23302459716797 (ms)
[RANK2] F @ 817.391845703125 (ms) to 852.213623046875 (ms), cudaEventElapsed = 34.76371383666992 (ms)
[RANK2] B @ 946.454833984375 (ms) to 987.77490234375 (ms), cudaEventElapsed = 41.28579330444336 (ms)
[RANK2] F @ 989.246826171875 (ms) to 1023.90576171875 (ms), cudaEventElapsed = 34.60063934326172 (ms)
[RANK2] B @ 1118.32763671875 (ms) to 1159.57666015625 (ms), cudaEventElapsed = 41.21043014526367 (ms)
[RANK2] F @ 1159.989013671875 (ms) to 1194.576416015625 (ms), cudaEventElapsed = 34.545345306396484 (ms)
[RANK2] B @ 1288.816162109375 (ms) to 1330.054443359375 (ms), cudaEventElapsed = 41.196224212646484 (ms)
[RANK2] W @ 1330.349365234375 (ms) to 1352.245849609375 (ms), cudaEventElapsed = 21.830656051635742 (ms)
[RANK2] F @ 1352.4482421875 (ms) to 1391.291748046875 (ms), cudaEventElapsed = 38.81439971923828 (ms)
[RANK2] B @ 1487.7412109375 (ms) to 1529.0576171875 (ms), cudaEventElapsed = 41.280799865722656 (ms)
[RANK2] B @ 1530.571044921875 (ms) to 1575.121826171875 (ms), cudaEventElapsed = 44.50368118286133 (ms)
[RANK2] W @ 1575.296630859375 (ms) to 1599.537353515625 (ms), cudaEventElapsed = 24.205312728881836 (ms)
[RANK2] F @ 1599.831298828125 (ms) to 1638.50244140625 (ms), cudaEventElapsed = 38.64108657836914 (ms)
[RANK2] B @ 1733.246826171875 (ms) to 1774.657470703125 (ms), cudaEventElapsed = 41.349281311035156 (ms)
[RANK2] W @ 1774.984375 (ms) to 1798.298828125 (ms), cudaEventElapsed = 22.217727661132812 (ms)
[RANK2] F @ 1798.688232421875 (ms) to 1836.87890625 (ms), cudaEventElapsed = 38.15683364868164 (ms)
[RANK2] B @ 1931.4453125 (ms) to 1972.645263671875 (ms), cudaEventElapsed = 41.16169738769531 (ms)
[RANK2] W @ 1972.9111328125 (ms) to 1996.17333984375 (ms), cudaEventElapsed = 22.07436752319336 (ms)
[RANK2] F @ 1996.54345703125 (ms) to 2035.086181640625 (ms), cudaEventElapsed = 38.509952545166016 (ms)
[RANK2] B @ 2129.865478515625 (ms) to 2171.098876953125 (ms), cudaEventElapsed = 41.19635009765625 (ms)
[RANK2] W @ 2171.27783203125 (ms) to 2193.222412109375 (ms), cudaEventElapsed = 21.908479690551758 (ms)
[RANK2] W @ 2193.416015625 (ms) to 2220.801513671875 (ms), cudaEventElapsed = 27.35513687133789 (ms)
[RANK2] B @ 2220.969970703125 (ms) to 2269.49072265625 (ms), cudaEventElapsed = 48.49155044555664 (ms)
[RANK2] 6W @ 2269.681884765625 (ms) to 2431.23779296875 (ms), cudaEventElapsed = 161.51756286621094 (ms)
[RANK2] Iteration 10
[RANK2] F @ 64.777587890625 (ms) to 97.162353515625 (ms), cudaEventElapsed = 32.340545654296875 (ms)
[RANK2] F @ 185.174072265625 (ms) to 216.840087890625 (ms), cudaEventElapsed = 31.62169647216797 (ms)
[RANK2] F @ 306.6015625 (ms) to 338.19677734375 (ms), cudaEventElapsed = 31.549407958984375 (ms)
[RANK2] B @ 431.139892578125 (ms) to 472.40283203125 (ms), cudaEventElapsed = 41.223777770996094 (ms)
[RANK2] F @ 472.78955078125 (ms) to 507.71142578125 (ms), cudaEventElapsed = 34.89097595214844 (ms)
[RANK2] B @ 601.89794921875 (ms) to 643.13818359375 (ms), cudaEventElapsed = 41.202911376953125 (ms)
[RANK2] F @ 644.591064453125 (ms) to 679.3759765625 (ms), cudaEventElapsed = 34.74649429321289 (ms)
[RANK2] B @ 773.615478515625 (ms) to 814.883544921875 (ms), cudaEventElapsed = 41.23183822631836 (ms)
[RANK2] F @ 816.37158203125 (ms) to 850.401611328125 (ms), cudaEventElapsed = 33.99747085571289 (ms)
[RANK2] B @ 944.03271484375 (ms) to 985.223388671875 (ms), cudaEventElapsed = 41.15283203125 (ms)
[RANK2] F @ 986.8427734375 (ms) to 1021.626220703125 (ms), cudaEventElapsed = 34.74803161621094 (ms)
[RANK2] B @ 1115.912109375 (ms) to 1157.236083984375 (ms), cudaEventElapsed = 41.27433776855469 (ms)
[RANK2] F @ 1157.63720703125 (ms) to 1192.22705078125 (ms), cudaEventElapsed = 34.55846405029297 (ms)
[RANK2] B @ 1286.3515625 (ms) to 1327.670654296875 (ms), cudaEventElapsed = 41.26764678955078 (ms)
[RANK2] W @ 1327.96630859375 (ms) to 1350.45654296875 (ms), cudaEventElapsed = 22.451200485229492 (ms)
[RANK2] F @ 1350.640869140625 (ms) to 1388.956298828125 (ms), cudaEventElapsed = 38.284767150878906 (ms)
[RANK2] B @ 1484.87353515625 (ms) to 1526.03759765625 (ms), cudaEventElapsed = 41.123104095458984 (ms)
[RANK2] B @ 1527.480224609375 (ms) to 1571.903564453125 (ms), cudaEventElapsed = 44.390846252441406 (ms)
[RANK2] W @ 1572.0908203125 (ms) to 1596.678955078125 (ms), cudaEventElapsed = 24.55449676513672 (ms)
[RANK2] F @ 1596.970703125 (ms) to 1634.937744140625 (ms), cudaEventElapsed = 37.93804931640625 (ms)
[RANK2] B @ 1729.760498046875 (ms) to 1771.189453125 (ms), cudaEventElapsed = 41.390079498291016 (ms)
[RANK2] W @ 1771.433349609375 (ms) to 1794.974609375 (ms), cudaEventElapsed = 22.42969512939453 (ms)
[RANK2] F @ 1795.258544921875 (ms) to 1833.285888671875 (ms), cudaEventElapsed = 37.998016357421875 (ms)
[RANK2] B @ 1927.7255859375 (ms) to 1969.0888671875 (ms), cudaEventElapsed = 41.32707214355469 (ms)
[RANK2] W @ 1969.328857421875 (ms) to 1993.5244140625 (ms), cudaEventElapsed = 22.91916847229004 (ms)
[RANK2] F @ 1993.811279296875 (ms) to 2032.226318359375 (ms), cudaEventElapsed = 38.38431930541992 (ms)
[RANK2] B @ 2127.041748046875 (ms) to 2168.395263671875 (ms), cudaEventElapsed = 41.316192626953125 (ms)
[RANK2] W @ 2168.596435546875 (ms) to 2191.928955078125 (ms), cudaEventElapsed = 23.29804801940918 (ms)
[RANK2] W @ 2192.098388671875 (ms) to 2219.6171875 (ms), cudaEventElapsed = 27.489280700683594 (ms)
[RANK2] B @ 2219.777099609375 (ms) to 2268.556884765625 (ms), cudaEventElapsed = 48.74611282348633 (ms)
[RANK2] 6W @ 2268.785888671875 (ms) to 2429.49755859375 (ms), cudaEventElapsed = 160.67379760742188 (ms)
[RANK2] Iteration 11
[RANK2] F @ 64.9599609375 (ms) to 97.200927734375 (ms), cudaEventElapsed = 32.19996643066406 (ms)
[RANK2] F @ 186.697998046875 (ms) to 218.212158203125 (ms), cudaEventElapsed = 31.4683837890625 (ms)
[RANK2] F @ 308.284423828125 (ms) to 339.940673828125 (ms), cudaEventElapsed = 31.605119705200195 (ms)
[RANK2] B @ 432.414794921875 (ms) to 473.786865234375 (ms), cudaEventElapsed = 41.32502365112305 (ms)
[RANK2] F @ 474.197509765625 (ms) to 510.1337890625 (ms), cudaEventElapsed = 35.90361785888672 (ms)
[RANK2] B @ 604.47607421875 (ms) to 645.75341796875 (ms), cudaEventElapsed = 41.23350524902344 (ms)
[RANK2] F @ 647.236328125 (ms) to 681.3388671875 (ms), cudaEventElapsed = 34.06748962402344 (ms)
[RANK2] B @ 775.615478515625 (ms) to 816.839111328125 (ms), cudaEventElapsed = 41.18675231933594 (ms)
[RANK2] F @ 818.332763671875 (ms) to 853.300537109375 (ms), cudaEventElapsed = 34.933536529541016 (ms)
[RANK2] B @ 948.83642578125 (ms) to 990.202880859375 (ms), cudaEventElapsed = 41.3232307434082 (ms)
[RANK2] F @ 991.759521484375 (ms) to 1025.726318359375 (ms), cudaEventElapsed = 33.9284782409668 (ms)
[RANK2] B @ 1119.677734375 (ms) to 1161.093017578125 (ms), cudaEventElapsed = 41.36627197265625 (ms)
[RANK2] F @ 1161.5146484375 (ms) to 1196.659423828125 (ms), cudaEventElapsed = 35.10236740112305 (ms)
[RANK2] B @ 1290.874755859375 (ms) to 1332.27490234375 (ms), cudaEventElapsed = 41.35734558105469 (ms)
[RANK2] W @ 1332.595703125 (ms) to 1354.35546875 (ms), cudaEventElapsed = 21.728256225585938 (ms)
[RANK2] F @ 1354.53369140625 (ms) to 1393.15966796875 (ms), cudaEventElapsed = 38.596927642822266 (ms)
[RANK2] B @ 1490.43408203125 (ms) to 1531.831298828125 (ms), cudaEventElapsed = 41.35222244262695 (ms)
[RANK2] B @ 1533.50390625 (ms) to 1577.791748046875 (ms), cudaEventElapsed = 44.24662399291992 (ms)
[RANK2] W @ 1578.2939453125 (ms) to 1602.201171875 (ms), cudaEventElapsed = 23.87558364868164 (ms)
[RANK2] F @ 1602.471435546875 (ms) to 1642.0126953125 (ms), cudaEventElapsed = 39.511905670166016 (ms)
[RANK2] B @ 1758.452392578125 (ms) to 1799.827392578125 (ms), cudaEventElapsed = 41.3158073425293 (ms)
[RANK2] W @ 1800.14599609375 (ms) to 1823.63623046875 (ms), cudaEventElapsed = 22.356992721557617 (ms)
[RANK2] F @ 1823.95849609375 (ms) to 1863.1591796875 (ms), cudaEventElapsed = 39.169376373291016 (ms)
[RANK2] B @ 2002.72607421875 (ms) to 2044.180419921875 (ms), cudaEventElapsed = 41.40291213989258 (ms)
[RANK2] W @ 2044.494873046875 (ms) to 2068.026123046875 (ms), cudaEventElapsed = 22.417407989501953 (ms)
[RANK2] F @ 2068.337890625 (ms) to 2107.12109375 (ms), cudaEventElapsed = 38.75155258178711 (ms)
[RANK2] B @ 2248.01904296875 (ms) to 2289.220947265625 (ms), cudaEventElapsed = 41.15657424926758 (ms)
[RANK2] W @ 2289.409912109375 (ms) to 2311.584716796875 (ms), cudaEventElapsed = 22.12761688232422 (ms)
[RANK2] W @ 2311.75341796875 (ms) to 2339.10595703125 (ms), cudaEventElapsed = 27.323392868041992 (ms)
[RANK2] B @ 2410.2060546875 (ms) to 2451.630615234375 (ms), cudaEventElapsed = 41.38608169555664 (ms)
[RANK2] 6W @ 2451.824462890625 (ms) to 2610.775146484375 (ms), cudaEventElapsed = 158.91661071777344 (ms)
[RANK2] Iteration 12
[RANK2] F @ 64.65869140625 (ms) to 97.259521484375 (ms), cudaEventElapsed = 32.560768127441406 (ms)
[RANK2] F @ 186.051513671875 (ms) to 217.913330078125 (ms), cudaEventElapsed = 31.812192916870117 (ms)
[RANK2] F @ 307.75732421875 (ms) to 339.54833984375 (ms), cudaEventElapsed = 31.743616104125977 (ms)
[RANK2] B @ 511.70654296875 (ms) to 553.186767578125 (ms), cudaEventElapsed = 41.42195129394531 (ms)
[RANK2] F @ 553.61279296875 (ms) to 589.805419921875 (ms), cudaEventElapsed = 36.1583366394043 (ms)
[RANK2] B @ 751.604248046875 (ms) to 793.030029296875 (ms), cudaEventElapsed = 41.36697769165039 (ms)
[RANK2] F @ 794.52490234375 (ms) to 830.475341796875 (ms), cudaEventElapsed = 35.91532897949219 (ms)
[RANK2] B @ 931.30078125 (ms) to 972.6279296875 (ms), cudaEventElapsed = 41.285728454589844 (ms)
[RANK2] F @ 974.05419921875 (ms) to 1009.84375 (ms), cudaEventElapsed = 35.754337310791016 (ms)
[RANK2] B @ 1109.83349609375 (ms) to 1151.0478515625 (ms), cudaEventElapsed = 41.16659164428711 (ms)
[RANK2] F @ 1152.505615234375 (ms) to 1188.30859375 (ms), cudaEventElapsed = 35.768959045410156 (ms)
[RANK2] B @ 1288.572021484375 (ms) to 1329.728759765625 (ms), cudaEventElapsed = 41.11369705200195 (ms)
[RANK2] F @ 1330.109619140625 (ms) to 1365.318603515625 (ms), cudaEventElapsed = 35.17692947387695 (ms)
[RANK2] B @ 1467.373779296875 (ms) to 1508.4765625 (ms), cudaEventElapsed = 41.06073760986328 (ms)
[RANK2] W @ 1508.735107421875 (ms) to 1531.398193359375 (ms), cudaEventElapsed = 22.626304626464844 (ms)
[RANK2] F @ 1531.555908203125 (ms) to 1570.49169921875 (ms), cudaEventElapsed = 38.90544128417969 (ms)
[RANK2] B @ 1665.6728515625 (ms) to 1707.919921875 (ms), cudaEventElapsed = 42.20947265625 (ms)
[RANK2] B @ 1750.569091796875 (ms) to 1791.950927734375 (ms), cudaEventElapsed = 41.341182708740234 (ms)
[RANK2] W @ 1792.14892578125 (ms) to 1814.934326171875 (ms), cudaEventElapsed = 22.750207901000977 (ms)
[RANK2] F @ 1815.218505859375 (ms) to 1854.9375 (ms), cudaEventElapsed = 39.687103271484375 (ms)
[RANK2] B @ 2012.747314453125 (ms) to 2054.052490234375 (ms), cudaEventElapsed = 41.260704040527344 (ms)
[RANK2] W @ 2054.339599609375 (ms) to 2078.460693359375 (ms), cudaEventElapsed = 22.89971160888672 (ms)
[RANK2] F @ 2078.777587890625 (ms) to 2118.065185546875 (ms), cudaEventElapsed = 39.25686264038086 (ms)
[RANK2] B @ 2258.176513671875 (ms) to 2299.3544921875 (ms), cudaEventElapsed = 41.133758544921875 (ms)
[RANK2] W @ 2299.61572265625 (ms) to 2322.43408203125 (ms), cudaEventElapsed = 21.69651222229004 (ms)
[RANK2] F @ 2322.721923828125 (ms) to 2361.586669921875 (ms), cudaEventElapsed = 38.83564758300781 (ms)
[RANK2] B @ 2502.339111328125 (ms) to 2543.638671875 (ms), cudaEventElapsed = 41.260032653808594 (ms)
[RANK2] W @ 2543.818359375 (ms) to 2565.630615234375 (ms), cudaEventElapsed = 21.777408599853516 (ms)
[RANK2] W @ 2565.809326171875 (ms) to 2593.405517578125 (ms), cudaEventElapsed = 27.56710433959961 (ms)
[RANK2] B @ 2665.585693359375 (ms) to 2706.89111328125 (ms), cudaEventElapsed = 41.269920349121094 (ms)
[RANK2] 6W @ 2707.08251953125 (ms) to 2866.86962890625 (ms), cudaEventElapsed = 159.7532196044922 (ms)
[RANK2] Iteration 13
[RANK2] F @ 64.80419921875 (ms) to 97.2177734375 (ms), cudaEventElapsed = 32.368927001953125 (ms)
[RANK2] F @ 185.388916015625 (ms) to 217.063232421875 (ms), cudaEventElapsed = 31.631200790405273 (ms)
[RANK2] F @ 307.0048828125 (ms) to 338.696044921875 (ms), cudaEventElapsed = 31.637664794921875 (ms)
[RANK2] B @ 511.05810546875 (ms) to 552.326904296875 (ms), cudaEventElapsed = 41.21955108642578 (ms)
[RANK2] F @ 552.741943359375 (ms) to 588.3046875 (ms), cudaEventElapsed = 35.52995300292969 (ms)
[RANK2] B @ 750.812255859375 (ms) to 792.166259765625 (ms), cudaEventElapsed = 41.3047981262207 (ms)
[RANK2] F @ 793.657470703125 (ms) to 828.969482421875 (ms), cudaEventElapsed = 35.2665901184082 (ms)
[RANK2] B @ 932.375244140625 (ms) to 973.607666015625 (ms), cudaEventElapsed = 41.19219207763672 (ms)
[RANK2] F @ 975.029052734375 (ms) to 1010.32275390625 (ms), cudaEventElapsed = 35.26118469238281 (ms)
[RANK2] B @ 1111.930908203125 (ms) to 1153.137939453125 (ms), cudaEventElapsed = 41.16828918457031 (ms)
[RANK2] F @ 1154.601318359375 (ms) to 1189.66357421875 (ms), cudaEventElapsed = 35.02985763549805 (ms)
[RANK2] B @ 1290.762939453125 (ms) to 1331.974853515625 (ms), cudaEventElapsed = 41.17385482788086 (ms)
[RANK2] F @ 1332.3330078125 (ms) to 1367.55419921875 (ms), cudaEventElapsed = 35.18921661376953 (ms)
[RANK2] B @ 1469.7666015625 (ms) to 1511.049560546875 (ms), cudaEventElapsed = 41.24016189575195 (ms)
[RANK2] W @ 1511.302978515625 (ms) to 1534.385986328125 (ms), cudaEventElapsed = 23.0512638092041 (ms)
[RANK2] F @ 1534.542236328125 (ms) to 1573.365966796875 (ms), cudaEventElapsed = 38.793216705322266 (ms)
[RANK2] B @ 1669.1943359375 (ms) to 1711.456298828125 (ms), cudaEventElapsed = 42.224609375 (ms)
[RANK2] B @ 1753.72705078125 (ms) to 1794.955810546875 (ms), cudaEventElapsed = 41.1899528503418 (ms)
[RANK2] W @ 1795.134765625 (ms) to 1817.688720703125 (ms), cudaEventElapsed = 22.516735076904297 (ms)
[RANK2] F @ 1817.966796875 (ms) to 1857.72607421875 (ms), cudaEventElapsed = 39.729408264160156 (ms)
[RANK2] B @ 2017.110107421875 (ms) to 2058.42822265625 (ms), cudaEventElapsed = 41.274112701416016 (ms)
[RANK2] W @ 2058.702880859375 (ms) to 2081.327392578125 (ms), cudaEventElapsed = 21.48249626159668 (ms)
[RANK2] F @ 2081.61083984375 (ms) to 2121.1982421875 (ms), cudaEventElapsed = 39.557342529296875 (ms)
[RANK2] B @ 2262.070068359375 (ms) to 2303.26708984375 (ms), cudaEventElapsed = 41.15273666381836 (ms)
[RANK2] W @ 2303.54736328125 (ms) to 2326.828369140625 (ms), cudaEventElapsed = 22.158336639404297 (ms)
[RANK2] F @ 2327.154541015625 (ms) to 2367.0673828125 (ms), cudaEventElapsed = 39.88044738769531 (ms)
[RANK2] B @ 2506.923828125 (ms) to 2548.173828125 (ms), cudaEventElapsed = 41.205631256103516 (ms)
[RANK2] W @ 2548.376953125 (ms) to 2571.3115234375 (ms), cudaEventElapsed = 22.90073585510254 (ms)
[RANK2] W @ 2571.48046875 (ms) to 2599.476806640625 (ms), cudaEventElapsed = 27.96134376525879 (ms)
[RANK2] B @ 2670.740478515625 (ms) to 2711.97119140625 (ms), cudaEventElapsed = 41.19660949707031 (ms)
[RANK2] 6W @ 2712.1484375 (ms) to 2871.554443359375 (ms), cudaEventElapsed = 159.37330627441406 (ms)
[RANK2] Iteration 14
[RANK2] F @ 64.785400390625 (ms) to 96.9609375 (ms), cudaEventElapsed = 32.13612747192383 (ms)
[RANK2] F @ 185.5595703125 (ms) to 217.021728515625 (ms), cudaEventElapsed = 31.419584274291992 (ms)
[RANK2] F @ 306.88623046875 (ms) to 338.451171875 (ms), cudaEventElapsed = 31.526111602783203 (ms)
[RANK2] B @ 510.522216796875 (ms) to 551.877197265625 (ms), cudaEventElapsed = 41.30265426635742 (ms)
[RANK2] F @ 552.31640625 (ms) to 587.664306640625 (ms), cudaEventElapsed = 35.3135986328125 (ms)
[RANK2] B @ 749.826904296875 (ms) to 791.11474609375 (ms), cudaEventElapsed = 41.24156951904297 (ms)
[RANK2] F @ 792.54931640625 (ms) to 827.94091796875 (ms), cudaEventElapsed = 35.357601165771484 (ms)
[RANK2] B @ 930.087158203125 (ms) to 971.401611328125 (ms), cudaEventElapsed = 41.271488189697266 (ms)
[RANK2] F @ 972.83154296875 (ms) to 1008.248291015625 (ms), cudaEventElapsed = 35.37801742553711 (ms)
[RANK2] B @ 1109.78369140625 (ms) to 1151.15869140625 (ms), cudaEventElapsed = 41.33552169799805 (ms)
[RANK2] F @ 1152.608154296875 (ms) to 1188.006591796875 (ms), cudaEventElapsed = 35.36608123779297 (ms)
[RANK2] B @ 1288.334228515625 (ms) to 1329.56640625 (ms), cudaEventElapsed = 41.193214416503906 (ms)
[RANK2] F @ 1329.9765625 (ms) to 1365.46435546875 (ms), cudaEventElapsed = 35.456321716308594 (ms)
[RANK2] B @ 1466.79931640625 (ms) to 1507.906005859375 (ms), cudaEventElapsed = 41.0667839050293 (ms)
[RANK2] W @ 1508.151611328125 (ms) to 1530.694580078125 (ms), cudaEventElapsed = 22.50547218322754 (ms)
[RANK2] F @ 1530.8486328125 (ms) to 1569.68505859375 (ms), cudaEventElapsed = 38.79926300048828 (ms)
[RANK2] B @ 1666.191162109375 (ms) to 1708.384765625 (ms), cudaEventElapsed = 42.15689468383789 (ms)
[RANK2] B @ 1751.085205078125 (ms) to 1792.499267578125 (ms), cudaEventElapsed = 41.37507247924805 (ms)
[RANK2] W @ 1792.69482421875 (ms) to 1814.44384765625 (ms), cudaEventElapsed = 21.7128963470459 (ms)
[RANK2] F @ 1814.719482421875 (ms) to 1854.4228515625 (ms), cudaEventElapsed = 39.67193603515625 (ms)
[RANK2] B @ 2014.049560546875 (ms) to 2055.219482421875 (ms), cudaEventElapsed = 41.1212158203125 (ms)
[RANK2] W @ 2055.504638671875 (ms) to 2078.515869140625 (ms), cudaEventElapsed = 21.8787841796875 (ms)
[RANK2] F @ 2078.799072265625 (ms) to 2117.9423828125 (ms), cudaEventElapsed = 39.113502502441406 (ms)
[RANK2] B @ 2258.14111328125 (ms) to 2299.29931640625 (ms), cudaEventElapsed = 41.11235046386719 (ms)
[RANK2] W @ 2299.58154296875 (ms) to 2323.22705078125 (ms), cudaEventElapsed = 22.50035285949707 (ms)
[RANK2] F @ 2323.52490234375 (ms) to 2361.98876953125 (ms), cudaEventElapsed = 38.43299102783203 (ms)
[RANK2] B @ 2502.126953125 (ms) to 2543.208251953125 (ms), cudaEventElapsed = 41.042720794677734 (ms)
[RANK2] W @ 2543.38818359375 (ms) to 2565.357177734375 (ms), cudaEventElapsed = 21.932031631469727 (ms)
[RANK2] W @ 2565.529296875 (ms) to 2592.650146484375 (ms), cudaEventElapsed = 27.090944290161133 (ms)
[RANK2] B @ 2665.54150390625 (ms) to 2706.515625 (ms), cudaEventElapsed = 40.933982849121094 (ms)
[RANK2] 6W @ 2706.704833984375 (ms) to 2863.818115234375 (ms), cudaEventElapsed = 157.07852172851562 (ms)
[RANK2] Iteration 15
[RANK2] F @ 64.803466796875 (ms) to 96.862060546875 (ms), cudaEventElapsed = 32.01724624633789 (ms)
[RANK2] F @ 184.920166015625 (ms) to 216.241455078125 (ms), cudaEventElapsed = 31.272703170776367 (ms)
[RANK2] F @ 305.857421875 (ms) to 337.176025390625 (ms), cudaEventElapsed = 31.2728328704834 (ms)
[RANK2] B @ 508.92578125 (ms) to 550.172119140625 (ms), cudaEventElapsed = 41.18406295776367 (ms)
[RANK2] F @ 550.609130859375 (ms) to 585.87353515625 (ms), cudaEventElapsed = 35.230079650878906 (ms)
[RANK2] B @ 747.98828125 (ms) to 789.21044921875 (ms), cudaEventElapsed = 41.17887878417969 (ms)
[RANK2] F @ 790.642822265625 (ms) to 825.2197265625 (ms), cudaEventElapsed = 34.54451370239258 (ms)
[RANK2] B @ 927.16845703125 (ms) to 968.322509765625 (ms), cudaEventElapsed = 41.11334228515625 (ms)
[RANK2] F @ 969.7255859375 (ms) to 1004.160400390625 (ms), cudaEventElapsed = 34.40233612060547 (ms)
[RANK2] B @ 1105.071533203125 (ms) to 1146.09521484375 (ms), cudaEventElapsed = 40.9788818359375 (ms)
[RANK2] F @ 1147.44287109375 (ms) to 1181.62451171875 (ms), cudaEventElapsed = 34.14863967895508 (ms)
[RANK2] B @ 1282.233154296875 (ms) to 1323.219970703125 (ms), cudaEventElapsed = 40.950111389160156 (ms)
[RANK2] F @ 1323.5732421875 (ms) to 1358.121826171875 (ms), cudaEventElapsed = 34.51763153076172 (ms)
[RANK2] B @ 1460.13427734375 (ms) to 1501.280029296875 (ms), cudaEventElapsed = 41.1082878112793 (ms)
[RANK2] W @ 1501.5244140625 (ms) to 1524.037109375 (ms), cudaEventElapsed = 22.48192024230957 (ms)
[RANK2] F @ 1524.190673828125 (ms) to 1561.9580078125 (ms), cudaEventElapsed = 37.73769760131836 (ms)
[RANK2] B @ 1657.322509765625 (ms) to 1699.46533203125 (ms), cudaEventElapsed = 42.10636901855469 (ms)
[RANK2] B @ 1741.751220703125 (ms) to 1782.81005859375 (ms), cudaEventElapsed = 41.02272033691406 (ms)
[RANK2] W @ 1782.9765625 (ms) to 1805.0380859375 (ms), cudaEventElapsed = 22.031360626220703 (ms)
[RANK2] F @ 1805.306396484375 (ms) to 1844.216552734375 (ms), cudaEventElapsed = 38.879966735839844 (ms)
[RANK2] B @ 2004.4423828125 (ms) to 2045.591552734375 (ms), cudaEventElapsed = 41.09920120239258 (ms)
[RANK2] W @ 2045.878662109375 (ms) to 2068.42333984375 (ms), cudaEventElapsed = 21.47020721435547 (ms)
[RANK2] F @ 2068.713134765625 (ms) to 2107.5087890625 (ms), cudaEventElapsed = 38.766815185546875 (ms)
[RANK2] B @ 2248.353271484375 (ms) to 2289.5166015625 (ms), cudaEventElapsed = 41.121726989746094 (ms)
[RANK2] W @ 2289.771728515625 (ms) to 2312.178955078125 (ms), cudaEventElapsed = 21.203968048095703 (ms)
[RANK2] F @ 2312.464111328125 (ms) to 2351.5107421875 (ms), cudaEventElapsed = 39.0153923034668 (ms)
[RANK2] B @ 2493.55712890625 (ms) to 2534.609375 (ms), cudaEventElapsed = 41.01046371459961 (ms)
[RANK2] W @ 2534.844482421875 (ms) to 2556.458984375 (ms), cudaEventElapsed = 21.581823348999023 (ms)
[RANK2] W @ 2556.634521484375 (ms) to 2584.108642578125 (ms), cudaEventElapsed = 27.446271896362305 (ms)
[RANK2] B @ 2656.548828125 (ms) to 2697.545654296875 (ms), cudaEventElapsed = 40.96316909790039 (ms)
[RANK2] 6W @ 2697.7265625 (ms) to 2855.602294921875 (ms), cudaEventElapsed = 157.8383331298828 (ms)
[RANK2] Iteration 16
[RANK2] F @ 59.39453125 (ms) to 89.62890625 (ms), cudaEventElapsed = 30.192960739135742 (ms)
[RANK2] F @ 177.46337890625 (ms) to 207.0380859375 (ms), cudaEventElapsed = 29.532703399658203 (ms)
[RANK2] F @ 294.220703125 (ms) to 323.785400390625 (ms), cudaEventElapsed = 29.526527404785156 (ms)
[RANK2] F @ 412.3212890625 (ms) to 441.77099609375 (ms), cudaEventElapsed = 29.408639907836914 (ms)
[RANK2] F @ 529.881103515625 (ms) to 559.259521484375 (ms), cudaEventElapsed = 29.34012794494629 (ms)
[RANK2] F @ 647.771240234375 (ms) to 677.11572265625 (ms), cudaEventElapsed = 29.301408767700195 (ms)
[RANK2] F @ 766.534912109375 (ms) to 795.91357421875 (ms), cudaEventElapsed = 29.3338565826416 (ms)
[RANK2] F @ 884.806884765625 (ms) to 914.140869140625 (ms), cudaEventElapsed = 29.29542350769043 (ms)
[RANK2] F @ 1004.591796875 (ms) to 1034.07666015625 (ms), cudaEventElapsed = 29.428255081176758 (ms)
[RANK2] F @ 1124.049072265625 (ms) to 1153.516845703125 (ms), cudaEventElapsed = 29.419200897216797 (ms)
[RANK2] F @ 1244.803955078125 (ms) to 1274.1591796875 (ms), cudaEventElapsed = 29.313535690307617 (ms)
[RANK2] F @ 1364.1484375 (ms) to 1393.5341796875 (ms), cudaEventElapsed = 29.348127365112305 (ms)
