[RANK0] Iteration 1
[RANK0] F @ 2.591064453125 (ms) to 530.248291015625 (ms), cudaEventElapsed = 527.6068115234375 (ms)
[RANK0] F @ 531.0302734375 (ms) to 556.986328125 (ms), cudaEventElapsed = 25.92767906188965 (ms)
[RANK0] F @ 557.6435546875 (ms) to 585.010009765625 (ms), cudaEventElapsed = 27.34182357788086 (ms)
[RANK0] F @ 585.69091796875 (ms) to 613.36083984375 (ms), cudaEventElapsed = 27.645952224731445 (ms)
[RANK0] F @ 614.84912109375 (ms) to 643.45947265625 (ms), cudaEventElapsed = 28.58291244506836 (ms)
[RANK0] F @ 644.140869140625 (ms) to 672.619873046875 (ms), cudaEventElapsed = 28.454912185668945 (ms)
[RANK0] F @ 673.306884765625 (ms) to 701.535400390625 (ms), cudaEventElapsed = 28.20403289794922 (ms)
[RANK0] B @ 1776.625244140625 (ms) to 1866.269775390625 (ms), cudaEventElapsed = 89.6174087524414 (ms)
[RANK0] F @ 1866.56494140625 (ms) to 1891.830322265625 (ms), cudaEventElapsed = 25.235456466674805 (ms)
[RANK0] B @ 1893.169677734375 (ms) to 1927.228515625 (ms), cudaEventElapsed = 34.03366470336914 (ms)
[RANK0] F @ 1927.656005859375 (ms) to 1953.211669921875 (ms), cudaEventElapsed = 25.52729606628418 (ms)
[RANK0] B @ 1954.5498046875 (ms) to 1990.45263671875 (ms), cudaEventElapsed = 35.87993621826172 (ms)
[RANK0] F @ 1990.684814453125 (ms) to 2017.57666015625 (ms), cudaEventElapsed = 26.859519958496094 (ms)
[RANK0] B @ 2018.93212890625 (ms) to 2054.183837890625 (ms), cudaEventElapsed = 35.22867202758789 (ms)
[RANK0] F @ 2054.391357421875 (ms) to 2080.8779296875 (ms), cudaEventElapsed = 26.462207794189453 (ms)
[RANK0] B @ 2087.406982421875 (ms) to 2121.483642578125 (ms), cudaEventElapsed = 34.05209732055664 (ms)
[RANK0] F @ 2121.70849609375 (ms) to 2147.09814453125 (ms), cudaEventElapsed = 25.365503311157227 (ms)
[RANK0] B @ 2168.207763671875 (ms) to 2201.6279296875 (ms), cudaEventElapsed = 33.395713806152344 (ms)
[RANK0] W @ 2201.93896484375 (ms) to 2216.365966796875 (ms), cudaEventElapsed = 14.403583526611328 (ms)
[RANK0] B @ 2245.53369140625 (ms) to 2277.51318359375 (ms), cudaEventElapsed = 31.95801544189453 (ms)
[RANK0] W @ 2277.805908203125 (ms) to 2291.875 (ms), cudaEventElapsed = 14.047231674194336 (ms)
[RANK0] B @ 2329.410400390625 (ms) to 2361.401611328125 (ms), cudaEventElapsed = 31.9682559967041 (ms)
[RANK0] W @ 2361.705810546875 (ms) to 2375.241943359375 (ms), cudaEventElapsed = 13.514752388000488 (ms)
[RANK0] B @ 2395.639892578125 (ms) to 2427.8203125 (ms), cudaEventElapsed = 32.15974426269531 (ms)
[RANK0] W @ 2428.1259765625 (ms) to 2441.88232421875 (ms), cudaEventElapsed = 13.733887672424316 (ms)
[RANK0] B @ 2474.54541015625 (ms) to 2506.25830078125 (ms), cudaEventElapsed = 31.690752029418945 (ms)
[RANK0] W @ 2506.55419921875 (ms) to 2519.966064453125 (ms), cudaEventElapsed = 13.388799667358398 (ms)
[RANK0] B @ 2539.50390625 (ms) to 2571.590576171875 (ms), cudaEventElapsed = 32.06553649902344 (ms)
[RANK0] W @ 2571.900146484375 (ms) to 2585.958251953125 (ms), cudaEventElapsed = 14.034943580627441 (ms)
[RANK0] B @ 2602.9814453125 (ms) to 2635.489990234375 (ms), cudaEventElapsed = 32.48844909667969 (ms)
[RANK0] 6W @ 2636.560791015625 (ms) to 2728.873291015625 (ms), cudaEventElapsed = 92.28594970703125 (ms)
[RANK0] Iteration 2
[RANK0] F @ 0.48046875 (ms) to 26.284912109375 (ms), cudaEventElapsed = 25.777151107788086 (ms)
[RANK0] F @ 26.988037109375 (ms) to 52.629150390625 (ms), cudaEventElapsed = 25.616384506225586 (ms)
[RANK0] F @ 53.31298828125 (ms) to 79.8330078125 (ms), cudaEventElapsed = 26.496000289916992 (ms)
[RANK0] F @ 80.504638671875 (ms) to 108.492919921875 (ms), cudaEventElapsed = 27.96339225769043 (ms)
[RANK0] F @ 109.191162109375 (ms) to 137.017578125 (ms), cudaEventElapsed = 27.800575256347656 (ms)
[RANK0] F @ 137.713623046875 (ms) to 165.596923828125 (ms), cudaEventElapsed = 27.858943939208984 (ms)
[RANK0] F @ 166.3212890625 (ms) to 194.26171875 (ms), cudaEventElapsed = 27.91219139099121 (ms)
[RANK0] B @ 385.998046875 (ms) to 419.224853515625 (ms), cudaEventElapsed = 33.19910430908203 (ms)
[RANK0] F @ 419.4697265625 (ms) to 445.556884765625 (ms), cudaEventElapsed = 26.061824798583984 (ms)
[RANK0] B @ 472.08544921875 (ms) to 505.719970703125 (ms), cudaEventElapsed = 33.60768127441406 (ms)
[RANK0] F @ 505.934814453125 (ms) to 532.2587890625 (ms), cudaEventElapsed = 26.299392700195312 (ms)
[RANK0] B @ 554.17138671875 (ms) to 717.08154296875 (ms), cudaEventElapsed = 162.88255310058594 (ms)
[RANK0] F @ 717.387451171875 (ms) to 743.091796875 (ms), cudaEventElapsed = 25.679872512817383 (ms)
[RANK0] B @ 744.53271484375 (ms) to 780.724609375 (ms), cudaEventElapsed = 36.16563034057617 (ms)
[RANK0] F @ 780.923828125 (ms) to 809.35791015625 (ms), cudaEventElapsed = 28.410879135131836 (ms)
[RANK0] B @ 811.116943359375 (ms) to 847.6025390625 (ms), cudaEventElapsed = 36.45439910888672 (ms)
[RANK0] F @ 847.81640625 (ms) to 874.9697265625 (ms), cudaEventElapsed = 27.13088035583496 (ms)
[RANK0] B @ 876.271484375 (ms) to 912.789794921875 (ms), cudaEventElapsed = 36.49126434326172 (ms)
[RANK0] W @ 913.2724609375 (ms) to 930.540771484375 (ms), cudaEventElapsed = 17.23699188232422 (ms)
[RANK0] B @ 931.42529296875 (ms) to 967.879638671875 (ms), cudaEventElapsed = 36.43289566040039 (ms)
[RANK0] W @ 968.177734375 (ms) to 985.82568359375 (ms), cudaEventElapsed = 17.62508773803711 (ms)
[RANK0] B @ 996.3486328125 (ms) to 1031.492919921875 (ms), cudaEventElapsed = 35.12217712402344 (ms)
[RANK0] W @ 1031.80615234375 (ms) to 1048.241943359375 (ms), cudaEventElapsed = 16.4136962890625 (ms)
[RANK0] B @ 1077.08837890625 (ms) to 1110.734619140625 (ms), cudaEventElapsed = 33.62406539916992 (ms)
[RANK0] W @ 1111.047119140625 (ms) to 1126.87060546875 (ms), cudaEventElapsed = 15.80031967163086 (ms)
[RANK0] B @ 1160.014892578125 (ms) to 1193.3798828125 (ms), cudaEventElapsed = 33.33631896972656 (ms)
[RANK0] W @ 1193.678955078125 (ms) to 1208.861083984375 (ms), cudaEventElapsed = 15.159296035766602 (ms)
[RANK0] B @ 1234.116455078125 (ms) to 1268.362548828125 (ms), cudaEventElapsed = 34.21593475341797 (ms)
[RANK0] W @ 1269.1484375 (ms) to 1284.72900390625 (ms), cudaEventElapsed = 15.555583953857422 (ms)
[RANK0] B @ 1306.40576171875 (ms) to 1340.630615234375 (ms), cudaEventElapsed = 34.20364761352539 (ms)
[RANK0] 6W @ 1341.405517578125 (ms) to 1456.255126953125 (ms), cudaEventElapsed = 114.82316589355469 (ms)
[RANK0] Iteration 3
[RANK0] F @ 0.537841796875 (ms) to 26.289794921875 (ms), cudaEventElapsed = 25.72492790222168 (ms)
[RANK0] F @ 26.996826171875 (ms) to 52.260009765625 (ms), cudaEventElapsed = 25.238527297973633 (ms)
[RANK0] F @ 52.958740234375 (ms) to 79.51318359375 (ms), cudaEventElapsed = 26.53081512451172 (ms)
[RANK0] F @ 80.189697265625 (ms) to 108.20556640625 (ms), cudaEventElapsed = 27.992063522338867 (ms)
[RANK0] F @ 108.876220703125 (ms) to 136.646484375 (ms), cudaEventElapsed = 27.74118423461914 (ms)
[RANK0] F @ 137.350341796875 (ms) to 165.119140625 (ms), cudaEventElapsed = 27.74323272705078 (ms)
[RANK0] F @ 165.815185546875 (ms) to 193.470458984375 (ms), cudaEventElapsed = 27.628543853759766 (ms)
[RANK0] B @ 295.739013671875 (ms) to 329.077392578125 (ms), cudaEventElapsed = 33.30867385864258 (ms)
[RANK0] F @ 329.318603515625 (ms) to 355.047119140625 (ms), cudaEventElapsed = 25.70137596130371 (ms)
[RANK0] B @ 383.232177734375 (ms) to 416.80712890625 (ms), cudaEventElapsed = 33.55033493041992 (ms)
[RANK0] F @ 417.04150390625 (ms) to 443.28173828125 (ms), cudaEventElapsed = 26.214399337768555 (ms)
[RANK0] B @ 466.728515625 (ms) to 500.417724609375 (ms), cudaEventElapsed = 33.66195297241211 (ms)
[RANK0] F @ 500.687255859375 (ms) to 527.049072265625 (ms), cudaEventElapsed = 26.33216094970703 (ms)
[RANK0] B @ 551.573974609375 (ms) to 585.31396484375 (ms), cudaEventElapsed = 33.7151985168457 (ms)
[RANK0] F @ 585.556640625 (ms) to 612.209716796875 (ms), cudaEventElapsed = 26.626047134399414 (ms)
[RANK0] B @ 632.792236328125 (ms) to 666.92822265625 (ms), cudaEventElapsed = 34.109439849853516 (ms)
[RANK0] F @ 667.1796875 (ms) to 693.5673828125 (ms), cudaEventElapsed = 26.36185646057129 (ms)
[RANK0] B @ 718.74169921875 (ms) to 752.560302734375 (ms), cudaEventElapsed = 33.79404830932617 (ms)
[RANK0] W @ 752.878173828125 (ms) to 768.381591796875 (ms), cudaEventElapsed = 15.48083209991455 (ms)
[RANK0] B @ 803.99853515625 (ms) to 837.316162109375 (ms), cudaEventElapsed = 33.294334411621094 (ms)
[RANK0] W @ 837.624755859375 (ms) to 853.382568359375 (ms), cudaEventElapsed = 15.733759880065918 (ms)
[RANK0] B @ 916.21826171875 (ms) to 949.511962890625 (ms), cudaEventElapsed = 33.2677116394043 (ms)
[RANK0] W @ 949.84765625 (ms) to 965.17431640625 (ms), cudaEventElapsed = 15.301631927490234 (ms)
[RANK0] B @ 983.388671875 (ms) to 1017.524658203125 (ms), cudaEventElapsed = 34.1135368347168 (ms)
[RANK0] W @ 1017.84033203125 (ms) to 1034.21240234375 (ms), cudaEventElapsed = 16.349184036254883 (ms)
[RANK0] B @ 1061.293212890625 (ms) to 1095.2763671875 (ms), cudaEventElapsed = 33.96198272705078 (ms)
[RANK0] W @ 1095.597900390625 (ms) to 1111.489501953125 (ms), cudaEventElapsed = 15.868927955627441 (ms)
[RANK0] B @ 1132.91650390625 (ms) to 1166.916259765625 (ms), cudaEventElapsed = 33.97734451293945 (ms)
[RANK0] W @ 1167.777099609375 (ms) to 1183.89599609375 (ms), cudaEventElapsed = 16.095232009887695 (ms)
[RANK0] B @ 1207.662841796875 (ms) to 1241.409912109375 (ms), cudaEventElapsed = 33.726463317871094 (ms)
[RANK0] 6W @ 1242.19189453125 (ms) to 1356.78466796875 (ms), cudaEventElapsed = 114.56716918945312 (ms)
[RANK0] Iteration 4
[RANK0] F @ 1.042236328125 (ms) to 25.81494140625 (ms), cudaEventElapsed = 24.748031616210938 (ms)
[RANK0] F @ 26.509521484375 (ms) to 52.166015625 (ms), cudaEventElapsed = 25.632768630981445 (ms)
[RANK0] F @ 52.8408203125 (ms) to 80.427001953125 (ms), cudaEventElapsed = 27.56096076965332 (ms)
[RANK0] F @ 81.131103515625 (ms) to 109.134521484375 (ms), cudaEventElapsed = 27.9685115814209 (ms)
[RANK0] F @ 109.84375 (ms) to 138.258056640625 (ms), cudaEventElapsed = 28.38630485534668 (ms)
[RANK0] F @ 138.948974609375 (ms) to 166.900390625 (ms), cudaEventElapsed = 27.92857551574707 (ms)
[RANK0] F @ 167.602783203125 (ms) to 195.5224609375 (ms), cudaEventElapsed = 27.894784927368164 (ms)
[RANK0] B @ 284.462646484375 (ms) to 317.9765625 (ms), cudaEventElapsed = 33.48787307739258 (ms)
[RANK0] F @ 318.22119140625 (ms) to 344.404541015625 (ms), cudaEventElapsed = 26.159103393554688 (ms)
[RANK0] B @ 372.607666015625 (ms) to 406.393310546875 (ms), cudaEventElapsed = 33.76128005981445 (ms)
[RANK0] F @ 406.6171875 (ms) to 433.022216796875 (ms), cudaEventElapsed = 26.37926483154297 (ms)
[RANK0] B @ 454.023193359375 (ms) to 487.798583984375 (ms), cudaEventElapsed = 33.751041412353516 (ms)
[RANK0] F @ 488.035400390625 (ms) to 514.521484375 (ms), cudaEventElapsed = 26.461183547973633 (ms)
[RANK0] B @ 539.095458984375 (ms) to 572.691650390625 (ms), cudaEventElapsed = 33.57081604003906 (ms)
[RANK0] F @ 572.912109375 (ms) to 599.1708984375 (ms), cudaEventElapsed = 26.233856201171875 (ms)
[RANK0] B @ 622.342041015625 (ms) to 656.067626953125 (ms), cudaEventElapsed = 33.702911376953125 (ms)
[RANK0] F @ 656.27783203125 (ms) to 682.487548828125 (ms), cudaEventElapsed = 26.186752319335938 (ms)
[RANK0] B @ 705.963134765625 (ms) to 739.679931640625 (ms), cudaEventElapsed = 33.69472122192383 (ms)
[RANK0] W @ 739.9755859375 (ms) to 755.694091796875 (ms), cudaEventElapsed = 15.69587230682373 (ms)
[RANK0] B @ 791.175537109375 (ms) to 824.576171875 (ms), cudaEventElapsed = 33.377281188964844 (ms)
[RANK0] W @ 824.900390625 (ms) to 840.002685546875 (ms), cudaEventElapsed = 15.080448150634766 (ms)
[RANK0] B @ 904.06884765625 (ms) to 937.330078125 (ms), cudaEventElapsed = 33.23596954345703 (ms)
[RANK0] W @ 937.654541015625 (ms) to 952.7724609375 (ms), cudaEventElapsed = 15.093759536743164 (ms)
[RANK0] B @ 971.839599609375 (ms) to 1006.17333984375 (ms), cudaEventElapsed = 34.314239501953125 (ms)
[RANK0] W @ 1006.467529296875 (ms) to 1022.53173828125 (ms), cudaEventElapsed = 16.044031143188477 (ms)
[RANK0] B @ 1048.373291015625 (ms) to 1082.217041015625 (ms), cudaEventElapsed = 33.82374572753906 (ms)
[RANK0] W @ 1082.512939453125 (ms) to 1098.122314453125 (ms), cudaEventElapsed = 15.589376449584961 (ms)
[RANK0] B @ 1122.41552734375 (ms) to 1156.196533203125 (ms), cudaEventElapsed = 33.760257720947266 (ms)
[RANK0] W @ 1157.156494140625 (ms) to 1173.576171875 (ms), cudaEventElapsed = 16.39628791809082 (ms)
[RANK0] B @ 1196.198486328125 (ms) to 1230.188232421875 (ms), cudaEventElapsed = 33.970176696777344 (ms)
[RANK0] 6W @ 1230.95947265625 (ms) to 1346.2529296875 (ms), cudaEventElapsed = 115.26758575439453 (ms)
[RANK0] Iteration 5
[RANK0] F @ 0.52099609375 (ms) to 26.031005859375 (ms), cudaEventElapsed = 25.48736000061035 (ms)
[RANK0] F @ 26.693115234375 (ms) to 51.618896484375 (ms), cudaEventElapsed = 24.9036808013916 (ms)
[RANK0] F @ 52.291748046875 (ms) to 80.27490234375 (ms), cudaEventElapsed = 27.96031951904297 (ms)
[RANK0] F @ 80.943359375 (ms) to 109.17919921875 (ms), cudaEventElapsed = 28.212223052978516 (ms)
[RANK0] F @ 109.8779296875 (ms) to 137.703857421875 (ms), cudaEventElapsed = 27.803647994995117 (ms)
[RANK0] F @ 138.81298828125 (ms) to 166.36083984375 (ms), cudaEventElapsed = 27.522048950195312 (ms)
[RANK0] F @ 167.047607421875 (ms) to 195.000732421875 (ms), cudaEventElapsed = 27.93062400817871 (ms)
[RANK0] B @ 362.968994140625 (ms) to 396.37744140625 (ms), cudaEventElapsed = 33.38035202026367 (ms)
[RANK0] F @ 396.64501953125 (ms) to 422.83447265625 (ms), cudaEventElapsed = 26.16217613220215 (ms)
[RANK0] B @ 448.740234375 (ms) to 482.626708984375 (ms), cudaEventElapsed = 33.85958480834961 (ms)
[RANK0] F @ 482.8681640625 (ms) to 509.12548828125 (ms), cudaEventElapsed = 26.230783462524414 (ms)
[RANK0] B @ 533.443603515625 (ms) to 567.109130859375 (ms), cudaEventElapsed = 33.642494201660156 (ms)
[RANK0] F @ 567.34765625 (ms) to 593.409423828125 (ms), cudaEventElapsed = 26.035200119018555 (ms)
[RANK0] B @ 618.046875 (ms) to 651.6083984375 (ms), cudaEventElapsed = 33.538047790527344 (ms)
[RANK0] F @ 651.837890625 (ms) to 678.52783203125 (ms), cudaEventElapsed = 26.663936614990234 (ms)
[RANK0] B @ 700.846435546875 (ms) to 734.6181640625 (ms), cudaEventElapsed = 33.746944427490234 (ms)
[RANK0] F @ 734.86767578125 (ms) to 761.872802734375 (ms), cudaEventElapsed = 26.979328155517578 (ms)
[RANK0] B @ 784.163330078125 (ms) to 818.0126953125 (ms), cudaEventElapsed = 33.8155517578125 (ms)
[RANK0] W @ 818.3486328125 (ms) to 834.68017578125 (ms), cudaEventElapsed = 16.305152893066406 (ms)
[RANK0] B @ 867.44677734375 (ms) to 901.048095703125 (ms), cudaEventElapsed = 33.576961517333984 (ms)
[RANK0] W @ 901.386474609375 (ms) to 917.04638671875 (ms), cudaEventElapsed = 15.636480331420898 (ms)
[RANK0] B @ 984.737060546875 (ms) to 1018.074951171875 (ms), cudaEventElapsed = 33.31379318237305 (ms)
[RANK0] W @ 1018.405029296875 (ms) to 1033.764404296875 (ms), cudaEventElapsed = 15.335424423217773 (ms)
[RANK0] B @ 1052.425537109375 (ms) to 1086.910400390625 (ms), cudaEventElapsed = 34.46271896362305 (ms)
[RANK0] W @ 1087.218505859375 (ms) to 1103.13134765625 (ms), cudaEventElapsed = 15.888383865356445 (ms)
[RANK0] B @ 1124.745361328125 (ms) to 1158.693359375 (ms), cudaEventElapsed = 33.926143646240234 (ms)
[RANK0] W @ 1159.022705078125 (ms) to 1175.252685546875 (ms), cudaEventElapsed = 16.20582389831543 (ms)
[RANK0] B @ 1197.576416015625 (ms) to 1231.66162109375 (ms), cudaEventElapsed = 34.06438446044922 (ms)
[RANK0] W @ 1231.9873046875 (ms) to 1248.054443359375 (ms), cudaEventElapsed = 16.045055389404297 (ms)
[RANK0] B @ 1277.1865234375 (ms) to 1310.7392578125 (ms), cudaEventElapsed = 33.53190231323242 (ms)
[RANK0] 6W @ 1312.1083984375 (ms) to 1427.433837890625 (ms), cudaEventElapsed = 115.29727935791016 (ms)
[RANK0] Iteration 6
[RANK0] F @ 0.56689453125 (ms) to 26.183837890625 (ms), cudaEventElapsed = 25.589759826660156 (ms)
[RANK0] F @ 26.86474609375 (ms) to 51.842529296875 (ms), cudaEventElapsed = 24.955904006958008 (ms)
[RANK0] F @ 52.53515625 (ms) to 79.75048828125 (ms), cudaEventElapsed = 27.192319869995117 (ms)
[RANK0] F @ 80.449462890625 (ms) to 108.401123046875 (ms), cudaEventElapsed = 27.92857551574707 (ms)
[RANK0] F @ 109.07421875 (ms) to 136.625732421875 (ms), cudaEventElapsed = 27.5281925201416 (ms)
[RANK0] F @ 137.30078125 (ms) to 165.092041015625 (ms), cudaEventElapsed = 27.76780891418457 (ms)
[RANK0] F @ 165.78125 (ms) to 193.4345703125 (ms), cudaEventElapsed = 27.629568099975586 (ms)
[RANK0] B @ 359.004150390625 (ms) to 392.372802734375 (ms), cudaEventElapsed = 33.342464447021484 (ms)
[RANK0] F @ 392.614501953125 (ms) to 418.780517578125 (ms), cudaEventElapsed = 26.14067268371582 (ms)
[RANK0] B @ 447.61572265625 (ms) to 481.236083984375 (ms), cudaEventElapsed = 33.59846496582031 (ms)
[RANK0] F @ 481.479736328125 (ms) to 507.874267578125 (ms), cudaEventElapsed = 26.3690242767334 (ms)
[RANK0] B @ 529.448486328125 (ms) to 563.421630859375 (ms), cudaEventElapsed = 33.9496955871582 (ms)
[RANK0] F @ 563.65185546875 (ms) to 590.029541015625 (ms), cudaEventElapsed = 26.35366439819336 (ms)
[RANK0] B @ 615.1611328125 (ms) to 648.8134765625 (ms), cudaEventElapsed = 33.62918472290039 (ms)
[RANK0] F @ 649.037353515625 (ms) to 674.854248046875 (ms), cudaEventElapsed = 25.793535232543945 (ms)
[RANK0] B @ 697.4931640625 (ms) to 731.2470703125 (ms), cudaEventElapsed = 33.73158264160156 (ms)
[RANK0] F @ 731.466796875 (ms) to 757.633056640625 (ms), cudaEventElapsed = 26.142719268798828 (ms)
[RANK0] B @ 781.26611328125 (ms) to 814.906494140625 (ms), cudaEventElapsed = 33.61689758300781 (ms)
[RANK0] W @ 815.22998046875 (ms) to 831.094970703125 (ms), cudaEventElapsed = 15.843328475952148 (ms)
[RANK0] B @ 865.17724609375 (ms) to 898.589599609375 (ms), cudaEventElapsed = 33.38751983642578 (ms)
[RANK0] W @ 899.2978515625 (ms) to 914.45849609375 (ms), cudaEventElapsed = 15.125503540039062 (ms)
[RANK0] B @ 977.835205078125 (ms) to 1011.08544921875 (ms), cudaEventElapsed = 33.22470474243164 (ms)
[RANK0] W @ 1011.45556640625 (ms) to 1026.6728515625 (ms), cudaEventElapsed = 15.1910400390625 (ms)
[RANK0] B @ 1044.96630859375 (ms) to 1079.03564453125 (ms), cudaEventElapsed = 34.04595184326172 (ms)
[RANK0] W @ 1079.37158203125 (ms) to 1094.9833984375 (ms), cudaEventElapsed = 15.58732795715332 (ms)
[RANK0] B @ 1119.01220703125 (ms) to 1152.98095703125 (ms), cudaEventElapsed = 33.94559860229492 (ms)
[RANK0] W @ 1153.3056640625 (ms) to 1169.318359375 (ms), cudaEventElapsed = 15.971327781677246 (ms)
[RANK0] B @ 1197.3857421875 (ms) to 1231.060791015625 (ms), cudaEventElapsed = 33.65375900268555 (ms)
[RANK0] W @ 1231.94873046875 (ms) to 1247.498046875 (ms), cudaEventElapsed = 15.524864196777344 (ms)
[RANK0] B @ 1276.8583984375 (ms) to 1310.3798828125 (ms), cudaEventElapsed = 33.501182556152344 (ms)
[RANK0] 6W @ 1311.148193359375 (ms) to 1425.405029296875 (ms), cudaEventElapsed = 114.23129272460938 (ms)
[RANK0] Iteration 7
[RANK0] F @ 1.097900390625 (ms) to 26.4443359375 (ms), cudaEventElapsed = 25.312255859375 (ms)
[RANK0] F @ 27.263916015625 (ms) to 52.903564453125 (ms), cudaEventElapsed = 25.612287521362305 (ms)
[RANK0] F @ 53.727294921875 (ms) to 81.352783203125 (ms), cudaEventElapsed = 27.596799850463867 (ms)
[RANK0] F @ 82.056640625 (ms) to 110.24951171875 (ms), cudaEventElapsed = 28.16921615600586 (ms)
[RANK0] F @ 110.921142578125 (ms) to 138.749267578125 (ms), cudaEventElapsed = 27.79033660888672 (ms)
[RANK0] F @ 139.39990234375 (ms) to 167.1083984375 (ms), cudaEventElapsed = 27.686912536621094 (ms)
[RANK0] F @ 167.803466796875 (ms) to 195.52734375 (ms), cudaEventElapsed = 27.700223922729492 (ms)
[RANK0] B @ 363.09912109375 (ms) to 396.380859375 (ms), cudaEventElapsed = 33.25747299194336 (ms)
[RANK0] F @ 396.619384765625 (ms) to 422.331787109375 (ms), cudaEventElapsed = 25.688064575195312 (ms)
[RANK0] B @ 449.59619140625 (ms) to 483.190673828125 (ms), cudaEventElapsed = 33.57388687133789 (ms)
[RANK0] F @ 483.400390625 (ms) to 509.476806640625 (ms), cudaEventElapsed = 26.053632736206055 (ms)
[RANK0] B @ 533.34912109375 (ms) to 567.095947265625 (ms), cudaEventElapsed = 33.72236633300781 (ms)
[RANK0] F @ 567.3134765625 (ms) to 593.295654296875 (ms), cudaEventElapsed = 25.95840072631836 (ms)
[RANK0] B @ 618.85595703125 (ms) to 652.572265625 (ms), cudaEventElapsed = 33.68960189819336 (ms)
[RANK0] F @ 652.793212890625 (ms) to 679.197509765625 (ms), cudaEventElapsed = 26.381311416625977 (ms)
[RANK0] B @ 703.545166015625 (ms) to 737.06689453125 (ms), cudaEventElapsed = 33.498111724853516 (ms)
[RANK0] F @ 737.286376953125 (ms) to 763.80419921875 (ms), cudaEventElapsed = 26.49395179748535 (ms)
[RANK0] B @ 784.73046875 (ms) to 818.452880859375 (ms), cudaEventElapsed = 33.698814392089844 (ms)
[RANK0] W @ 818.786376953125 (ms) to 834.70068359375 (ms), cudaEventElapsed = 15.889408111572266 (ms)
[RANK0] B @ 869.613525390625 (ms) to 903.160888671875 (ms), cudaEventElapsed = 33.52268981933594 (ms)
[RANK0] W @ 903.525146484375 (ms) to 919.06591796875 (ms), cudaEventElapsed = 15.51360034942627 (ms)
[RANK0] B @ 980.391845703125 (ms) to 1013.69140625 (ms), cudaEventElapsed = 33.27692794799805 (ms)
[RANK0] W @ 1014.03466796875 (ms) to 1029.214111328125 (ms), cudaEventElapsed = 15.156224250793457 (ms)
[RANK0] B @ 1047.2685546875 (ms) to 1081.21044921875 (ms), cudaEventElapsed = 33.91999816894531 (ms)
[RANK0] W @ 1081.529541015625 (ms) to 1097.302001953125 (ms), cudaEventElapsed = 15.745023727416992 (ms)
[RANK0] B @ 1121.14208984375 (ms) to 1155.09716796875 (ms), cudaEventElapsed = 33.9343376159668 (ms)
[RANK0] W @ 1155.4091796875 (ms) to 1171.322265625 (ms), cudaEventElapsed = 15.890432357788086 (ms)
[RANK0] B @ 1200.322021484375 (ms) to 1233.9853515625 (ms), cudaEventElapsed = 33.64352035522461 (ms)
[RANK0] W @ 1235.04833984375 (ms) to 1250.806396484375 (ms), cudaEventElapsed = 15.733759880065918 (ms)
[RANK0] B @ 1278.321044921875 (ms) to 1311.85498046875 (ms), cudaEventElapsed = 33.51347351074219 (ms)
[RANK0] 6W @ 1312.6455078125 (ms) to 1426.36328125 (ms), cudaEventElapsed = 113.69369506835938 (ms)
[RANK0] Iteration 8
[RANK0] F @ 0.5498046875 (ms) to 25.965576171875 (ms), cudaEventElapsed = 25.390079498291016 (ms)
[RANK0] F @ 26.63427734375 (ms) to 52.02099609375 (ms), cudaEventElapsed = 25.365503311157227 (ms)
[RANK0] F @ 52.702392578125 (ms) to 79.77978515625 (ms), cudaEventElapsed = 27.054079055786133 (ms)
[RANK0] F @ 80.447021484375 (ms) to 108.358154296875 (ms), cudaEventElapsed = 27.888639450073242 (ms)
[RANK0] F @ 109.019775390625 (ms) to 136.80908203125 (ms), cudaEventElapsed = 27.76678466796875 (ms)
[RANK0] F @ 137.514892578125 (ms) to 166.0224609375 (ms), cudaEventElapsed = 28.481536865234375 (ms)
[RANK0] F @ 166.713134765625 (ms) to 194.8818359375 (ms), cudaEventElapsed = 28.14566421508789 (ms)
[RANK0] B @ 358.54638671875 (ms) to 391.782470703125 (ms), cudaEventElapsed = 33.21241760253906 (ms)
[RANK0] F @ 392.016845703125 (ms) to 417.46826171875 (ms), cudaEventElapsed = 25.424896240234375 (ms)
[RANK0] B @ 449.90576171875 (ms) to 483.27294921875 (ms), cudaEventElapsed = 33.34553527832031 (ms)
[RANK0] F @ 483.486328125 (ms) to 509.561279296875 (ms), cudaEventElapsed = 26.051584243774414 (ms)
[RANK0] B @ 531.136474609375 (ms) to 564.978515625 (ms), cudaEventElapsed = 33.81862258911133 (ms)
[RANK0] F @ 565.19189453125 (ms) to 591.630859375 (ms), cudaEventElapsed = 26.416128158569336 (ms)
[RANK0] B @ 617.92236328125 (ms) to 651.520263671875 (ms), cudaEventElapsed = 33.574913024902344 (ms)
[RANK0] F @ 651.745849609375 (ms) to 677.260498046875 (ms), cudaEventElapsed = 25.491455078125 (ms)
[RANK0] B @ 699.92626953125 (ms) to 733.612060546875 (ms), cudaEventElapsed = 33.66400146484375 (ms)
[RANK0] F @ 733.814208984375 (ms) to 759.30322265625 (ms), cudaEventElapsed = 25.465856552124023 (ms)
[RANK0] B @ 782.96923828125 (ms) to 816.620849609375 (ms), cudaEventElapsed = 33.63123321533203 (ms)
[RANK0] W @ 816.9404296875 (ms) to 833.134033203125 (ms), cudaEventElapsed = 16.17100715637207 (ms)
[RANK0] B @ 868.632080078125 (ms) to 902.005615234375 (ms), cudaEventElapsed = 33.351680755615234 (ms)
[RANK0] W @ 902.332763671875 (ms) to 917.454833984375 (ms), cudaEventElapsed = 15.09887981414795 (ms)
[RANK0] B @ 979.16064453125 (ms) to 1012.30078125 (ms), cudaEventElapsed = 33.11820983886719 (ms)
[RANK0] W @ 1012.60498046875 (ms) to 1027.753173828125 (ms), cudaEventElapsed = 15.127552032470703 (ms)
[RANK0] B @ 1047.7470703125 (ms) to 1081.28515625 (ms), cudaEventElapsed = 33.51551818847656 (ms)
[RANK0] W @ 1081.60302734375 (ms) to 1097.180419921875 (ms), cudaEventElapsed = 15.554559707641602 (ms)
[RANK0] B @ 1120.560302734375 (ms) to 1154.384521484375 (ms), cudaEventElapsed = 33.80326461791992 (ms)
[RANK0] W @ 1154.708740234375 (ms) to 1170.55029296875 (ms), cudaEventElapsed = 15.81875228881836 (ms)
[RANK0] B @ 1198.943359375 (ms) to 1232.36669921875 (ms), cudaEventElapsed = 33.40288162231445 (ms)
[RANK0] W @ 1233.252685546875 (ms) to 1248.268310546875 (ms), cudaEventElapsed = 14.99238395690918 (ms)
[RANK0] B @ 1277.80224609375 (ms) to 1311.124267578125 (ms), cudaEventElapsed = 33.300479888916016 (ms)
[RANK0] 6W @ 1311.89404296875 (ms) to 1424.81982421875 (ms), cudaEventElapsed = 112.90214538574219 (ms)
[RANK0] Iteration 9
[RANK0] F @ 1.03857421875 (ms) to 25.871337890625 (ms), cudaEventElapsed = 24.801279067993164 (ms)
[RANK0] F @ 26.549560546875 (ms) to 52.282958984375 (ms), cudaEventElapsed = 25.71161651611328 (ms)
[RANK0] F @ 52.962646484375 (ms) to 79.984619140625 (ms), cudaEventElapsed = 26.998783111572266 (ms)
[RANK0] F @ 80.658935546875 (ms) to 109.0146484375 (ms), cudaEventElapsed = 28.33305549621582 (ms)
[RANK0] F @ 109.672607421875 (ms) to 137.879638671875 (ms), cudaEventElapsed = 28.183551788330078 (ms)
[RANK0] F @ 138.545654296875 (ms) to 166.33544921875 (ms), cudaEventElapsed = 27.76678466796875 (ms)
[RANK0] F @ 167.024658203125 (ms) to 194.719482421875 (ms), cudaEventElapsed = 27.669504165649414 (ms)
[RANK0] B @ 358.97705078125 (ms) to 392.262939453125 (ms), cudaEventElapsed = 33.25849533081055 (ms)
[RANK0] F @ 392.520263671875 (ms) to 417.999755859375 (ms), cudaEventElapsed = 25.453567504882812 (ms)
[RANK0] B @ 448.745361328125 (ms) to 482.099365234375 (ms), cudaEventElapsed = 33.331199645996094 (ms)
[RANK0] F @ 482.3251953125 (ms) to 508.363037109375 (ms), cudaEventElapsed = 26.013696670532227 (ms)
[RANK0] B @ 530.320556640625 (ms) to 564.085693359375 (ms), cudaEventElapsed = 33.73875045776367 (ms)
[RANK0] F @ 564.314208984375 (ms) to 590.76416015625 (ms), cudaEventElapsed = 26.425344467163086 (ms)
[RANK0] B @ 615.893798828125 (ms) to 649.68359375 (ms), cudaEventElapsed = 33.76639938354492 (ms)
[RANK0] F @ 649.91259765625 (ms) to 676.163818359375 (ms), cudaEventElapsed = 26.227712631225586 (ms)
[RANK0] B @ 698.973388671875 (ms) to 732.9150390625 (ms), cudaEventElapsed = 33.91795349121094 (ms)
[RANK0] F @ 733.13330078125 (ms) to 758.4482421875 (ms), cudaEventElapsed = 25.290752410888672 (ms)
[RANK0] B @ 782.05322265625 (ms) to 815.813720703125 (ms), cudaEventElapsed = 33.737728118896484 (ms)
[RANK0] W @ 816.13330078125 (ms) to 831.882568359375 (ms), cudaEventElapsed = 15.723520278930664 (ms)
[RANK0] B @ 866.9541015625 (ms) to 900.287109375 (ms), cudaEventElapsed = 33.30662536621094 (ms)
[RANK0] W @ 900.628173828125 (ms) to 916.199951171875 (ms), cudaEventElapsed = 15.547391891479492 (ms)
[RANK0] B @ 975.28173828125 (ms) to 1008.571533203125 (ms), cudaEventElapsed = 33.26668930053711 (ms)
[RANK0] W @ 1008.904296875 (ms) to 1024.310791015625 (ms), cudaEventElapsed = 15.383551597595215 (ms)
[RANK0] B @ 1043.408203125 (ms) to 1077.82470703125 (ms), cudaEventElapsed = 34.39616012573242 (ms)
[RANK0] W @ 1078.134521484375 (ms) to 1094.55712890625 (ms), cudaEventElapsed = 16.39833641052246 (ms)
[RANK0] B @ 1118.180908203125 (ms) to 1152.265380859375 (ms), cudaEventElapsed = 34.06438446044922 (ms)
[RANK0] W @ 1152.582763671875 (ms) to 1168.328857421875 (ms), cudaEventElapsed = 15.721471786499023 (ms)
[RANK0] B @ 1195.9482421875 (ms) to 1229.52783203125 (ms), cudaEventElapsed = 33.558528900146484 (ms)
[RANK0] W @ 1230.42431640625 (ms) to 1246.12255859375 (ms), cudaEventElapsed = 15.674367904663086 (ms)
[RANK0] B @ 1277.2900390625 (ms) to 1310.798095703125 (ms), cudaEventElapsed = 33.486846923828125 (ms)
[RANK0] 6W @ 1311.59375 (ms) to 1426.170654296875 (ms), cudaEventElapsed = 114.55181121826172 (ms)
