[RANK0] Iteration 1
[RANK0] F @ 0.301025390625 (ms) to 25.0703125 (ms), cudaEventElapsed = 24.72755241394043 (ms)
[RANK0] F @ 76.43017578125 (ms) to 102.44482421875 (ms), cudaEventElapsed = 25.959423065185547 (ms)
[RANK0] F @ 102.6611328125 (ms) to 128.1474609375 (ms), cudaEventElapsed = 25.446399688720703 (ms)
[RANK0] F @ 128.34912109375 (ms) to 156.060302734375 (ms), cudaEventElapsed = 27.675647735595703 (ms)
[RANK0] F @ 156.236328125 (ms) to 184.8466796875 (ms), cudaEventElapsed = 28.57164764404297 (ms)
[RANK0] F @ 185.018798828125 (ms) to 221.78125 (ms), cudaEventElapsed = 25.225215911865234 (ms)
[RANK0] F @ 221.95458984375 (ms) to 487.703369140625 (ms), cudaEventElapsed = 265.70855712890625 (ms)
[RANK0] B @ 613.5166015625 (ms) to 645.116455078125 (ms), cudaEventElapsed = 31.5447998046875 (ms)
[RANK0] F @ 645.3720703125 (ms) to 670.929931640625 (ms), cudaEventElapsed = 25.52115249633789 (ms)
[RANK0] B @ 691.587646484375 (ms) to 724.643310546875 (ms), cudaEventElapsed = 33.006080627441406 (ms)
[RANK0] W @ 724.835205078125 (ms) to 739.473388671875 (ms), cudaEventElapsed = 14.606335639953613 (ms)
[RANK0] F @ 739.493408203125 (ms) to 765.749267578125 (ms), cudaEventElapsed = 26.227712631225586 (ms)
[RANK0] B @ 773.281494140625 (ms) to 809.32080078125 (ms), cudaEventElapsed = 35.99913787841797 (ms)
[RANK0] B @ 851.715087890625 (ms) to 883.42578125 (ms), cudaEventElapsed = 31.671680450439453 (ms)
[RANK0] W @ 883.465087890625 (ms) to 897.43505859375 (ms), cudaEventElapsed = 13.944831848144531 (ms)
[RANK0] F @ 897.61962890625 (ms) to 923.248046875 (ms), cudaEventElapsed = 25.595903396606445 (ms)
[RANK0] B @ 955.72509765625 (ms) to 989.0595703125 (ms), cudaEventElapsed = 33.29715347290039 (ms)
[RANK0] B @ 1171.891845703125 (ms) to 1203.58447265625 (ms), cudaEventElapsed = 31.628128051757812 (ms)
[RANK0] W @ 1203.635498046875 (ms) to 1217.30712890625 (ms), cudaEventElapsed = 13.639679908752441 (ms)
[RANK0] F @ 1217.54541015625 (ms) to 1243.54638671875 (ms), cudaEventElapsed = 25.967615127563477 (ms)
[RANK0] B @ 1282.464599609375 (ms) to 1315.680908203125 (ms), cudaEventElapsed = 33.17353439331055 (ms)
[RANK0] B @ 1323.947998046875 (ms) to 1355.8544921875 (ms), cudaEventElapsed = 31.8720645904541 (ms)
[RANK0] W @ 1355.887451171875 (ms) to 1369.85205078125 (ms), cudaEventElapsed = 13.930496215820312 (ms)
[RANK0] F @ 1370.04638671875 (ms) to 1396.16748046875 (ms), cudaEventElapsed = 26.08844757080078 (ms)
[RANK0] W @ 1396.327880859375 (ms) to 1438.518310546875 (ms), cudaEventElapsed = 14.090239524841309 (ms)
[RANK0] W @ 1438.537353515625 (ms) to 1452.7763671875 (ms), cudaEventElapsed = 14.203904151916504 (ms)
[RANK0] W @ 1452.949462890625 (ms) to 1467.839111328125 (ms), cudaEventElapsed = 14.8602876663208 (ms)
[RANK0] W @ 1467.850830078125 (ms) to 1483.620361328125 (ms), cudaEventElapsed = 15.744000434875488 (ms)
[RANK0] B @ 1483.7587890625 (ms) to 1519.501708984375 (ms), cudaEventElapsed = 35.714622497558594 (ms)
[RANK0] W @ 1519.671142578125 (ms) to 1541.275146484375 (ms), cudaEventElapsed = 15.558655738830566 (ms)
[RANK0] B @ 1541.423095703125 (ms) to 1576.066162109375 (ms), cudaEventElapsed = 34.61091232299805 (ms)
[RANK0] W @ 1576.09326171875 (ms) to 1591.204345703125 (ms), cudaEventElapsed = 15.08556842803955 (ms)
[RANK0] B @ 1623.67138671875 (ms) to 1656.382080078125 (ms), cudaEventElapsed = 32.67446517944336 (ms)
[RANK0] W @ 1656.409912109375 (ms) to 1670.261962890625 (ms), cudaEventElapsed = 13.820927619934082 (ms)
[RANK0] B @ 1710.80078125 (ms) to 1742.433349609375 (ms), cudaEventElapsed = 31.59916877746582 (ms)
[RANK0] 1W @ 1742.464111328125 (ms) to 1756.35009765625 (ms), cudaEventElapsed = 13.86086368560791 (ms)
[RANK0] Iteration 2
[RANK0] F @ 2.269287109375 (ms) to 27.3232421875 (ms), cudaEventElapsed = 25.01299285888672 (ms)
[RANK0] F @ 27.572021484375 (ms) to 52.70654296875 (ms), cudaEventElapsed = 25.09619140625 (ms)
[RANK0] F @ 52.911865234375 (ms) to 79.674072265625 (ms), cudaEventElapsed = 26.73049545288086 (ms)
[RANK0] F @ 79.864013671875 (ms) to 108.108642578125 (ms), cudaEventElapsed = 28.209152221679688 (ms)
[RANK0] F @ 108.3232421875 (ms) to 136.421630859375 (ms), cudaEventElapsed = 28.065792083740234 (ms)
[RANK0] F @ 136.62841796875 (ms) to 164.3271484375 (ms), cudaEventElapsed = 27.665407180786133 (ms)
[RANK0] F @ 164.51611328125 (ms) to 192.24365234375 (ms), cudaEventElapsed = 27.696128845214844 (ms)
[RANK0] B @ 265.4296875 (ms) to 297.181396484375 (ms), cudaEventElapsed = 31.70044708251953 (ms)
[RANK0] F @ 297.426513671875 (ms) to 323.030029296875 (ms), cudaEventElapsed = 25.572351455688477 (ms)
[RANK0] B @ 345.4658203125 (ms) to 378.37109375 (ms), cudaEventElapsed = 32.859710693359375 (ms)
[RANK0] W @ 378.592041015625 (ms) to 393.182861328125 (ms), cudaEventElapsed = 14.558208465576172 (ms)
[RANK0] F @ 393.2490234375 (ms) to 419.042724609375 (ms), cudaEventElapsed = 25.756671905517578 (ms)
[RANK0] B @ 426.964599609375 (ms) to 462.773681640625 (ms), cudaEventElapsed = 35.766014099121094 (ms)
[RANK0] B @ 506.291259765625 (ms) to 538.026123046875 (ms), cudaEventElapsed = 31.685056686401367 (ms)
[RANK0] W @ 538.112060546875 (ms) to 552.027099609375 (ms), cudaEventElapsed = 13.882368087768555 (ms)
[RANK0] F @ 552.28125 (ms) to 578.06103515625 (ms), cudaEventElapsed = 25.744384765625 (ms)
[RANK0] B @ 610.02978515625 (ms) to 643.64990234375 (ms), cudaEventElapsed = 33.565086364746094 (ms)
[RANK0] B @ 661.32666015625 (ms) to 693.20068359375 (ms), cudaEventElapsed = 31.83718490600586 (ms)
[RANK0] W @ 693.278564453125 (ms) to 706.8291015625 (ms), cudaEventElapsed = 13.518848419189453 (ms)
[RANK0] F @ 707.06005859375 (ms) to 733.052978515625 (ms), cudaEventElapsed = 25.962495803833008 (ms)
[RANK0] B @ 768.36279296875 (ms) to 801.78955078125 (ms), cudaEventElapsed = 33.385921478271484 (ms)
[RANK0] B @ 809.720947265625 (ms) to 841.758056640625 (ms), cudaEventElapsed = 32.00409698486328 (ms)
[RANK0] W @ 841.823974609375 (ms) to 855.988525390625 (ms), cudaEventElapsed = 14.136320114135742 (ms)
[RANK0] F @ 856.19580078125 (ms) to 882.576904296875 (ms), cudaEventElapsed = 26.3505916595459 (ms)
[RANK0] W @ 882.76611328125 (ms) to 924.563720703125 (ms), cudaEventElapsed = 14.635007858276367 (ms)
[RANK0] W @ 924.62451171875 (ms) to 938.41064453125 (ms), cudaEventElapsed = 13.75334358215332 (ms)
[RANK0] W @ 938.602294921875 (ms) to 953.881103515625 (ms), cudaEventElapsed = 15.249407768249512 (ms)
[RANK0] W @ 953.92578125 (ms) to 969.752685546875 (ms), cudaEventElapsed = 15.796223640441895 (ms)
[RANK0] B @ 969.91162109375 (ms) to 1005.5107421875 (ms), cudaEventElapsed = 35.57145690917969 (ms)
[RANK0] W @ 1005.69091796875 (ms) to 1028.65625 (ms), cudaEventElapsed = 14.768128395080566 (ms)
[RANK0] B @ 1028.81396484375 (ms) to 1062.686279296875 (ms), cudaEventElapsed = 33.843265533447266 (ms)
[RANK0] W @ 1062.7421875 (ms) to 1077.645751953125 (ms), cudaEventElapsed = 14.864383697509766 (ms)
[RANK0] B @ 1112.85693359375 (ms) to 1145.790283203125 (ms), cudaEventElapsed = 32.90131378173828 (ms)
[RANK0] W @ 1145.846435546875 (ms) to 1160.007568359375 (ms), cudaEventElapsed = 14.135295867919922 (ms)
[RANK0] B @ 1200.58837890625 (ms) to 1232.213623046875 (ms), cudaEventElapsed = 31.590911865234375 (ms)
[RANK0] 1W @ 1232.2744140625 (ms) to 1245.86669921875 (ms), cudaEventElapsed = 13.56595230102539 (ms)
[RANK0] Iteration 3
[RANK0] F @ 2.156005859375 (ms) to 27.01318359375 (ms), cudaEventElapsed = 24.8189754486084 (ms)
[RANK0] F @ 27.22021484375 (ms) to 52.239501953125 (ms), cudaEventElapsed = 24.984575271606445 (ms)
[RANK0] F @ 52.4345703125 (ms) to 79.264404296875 (ms), cudaEventElapsed = 26.797056198120117 (ms)
[RANK0] F @ 79.4501953125 (ms) to 107.248046875 (ms), cudaEventElapsed = 27.76473617553711 (ms)
[RANK0] F @ 107.453125 (ms) to 135.40673828125 (ms), cudaEventElapsed = 27.92038345336914 (ms)
[RANK0] F @ 135.6044921875 (ms) to 163.5556640625 (ms), cudaEventElapsed = 27.918336868286133 (ms)
[RANK0] F @ 163.74853515625 (ms) to 191.57470703125 (ms), cudaEventElapsed = 27.795455932617188 (ms)
[RANK0] B @ 265.800048828125 (ms) to 297.46923828125 (ms), cudaEventElapsed = 31.623136520385742 (ms)
[RANK0] F @ 297.7099609375 (ms) to 323.354248046875 (ms), cudaEventElapsed = 25.611263275146484 (ms)
[RANK0] B @ 345.590576171875 (ms) to 378.5966796875 (ms), cudaEventElapsed = 32.961856842041016 (ms)
[RANK0] W @ 378.818115234375 (ms) to 393.557373046875 (ms), cudaEventElapsed = 14.708736419677734 (ms)
[RANK0] F @ 393.612548828125 (ms) to 419.59228515625 (ms), cudaEventElapsed = 25.94816017150879 (ms)
[RANK0] B @ 427.232177734375 (ms) to 463.490478515625 (ms), cudaEventElapsed = 36.21958541870117 (ms)
[RANK0] B @ 506.300537109375 (ms) to 538.0244140625 (ms), cudaEventElapsed = 31.68435287475586 (ms)
[RANK0] W @ 538.094970703125 (ms) to 552.10498046875 (ms), cudaEventElapsed = 13.980671882629395 (ms)
[RANK0] F @ 552.30859375 (ms) to 578.11376953125 (ms), cudaEventElapsed = 25.774080276489258 (ms)
[RANK0] B @ 609.761474609375 (ms) to 643.437744140625 (ms), cudaEventElapsed = 33.63228988647461 (ms)
[RANK0] B @ 661.829833984375 (ms) to 693.724365234375 (ms), cudaEventElapsed = 31.85958480834961 (ms)
[RANK0] W @ 693.798828125 (ms) to 707.464599609375 (ms), cudaEventElapsed = 13.632512092590332 (ms)
[RANK0] F @ 707.692626953125 (ms) to 733.809326171875 (ms), cudaEventElapsed = 26.084352493286133 (ms)
[RANK0] B @ 768.976806640625 (ms) to 802.5869140625 (ms), cudaEventElapsed = 33.57126235961914 (ms)
[RANK0] B @ 810.3349609375 (ms) to 842.4619140625 (ms), cudaEventElapsed = 32.089439392089844 (ms)
[RANK0] W @ 842.528076171875 (ms) to 856.807861328125 (ms), cudaEventElapsed = 14.251008033752441 (ms)
[RANK0] F @ 857.0244140625 (ms) to 883.342529296875 (ms), cudaEventElapsed = 26.28607940673828 (ms)
[RANK0] W @ 883.534912109375 (ms) to 926.10009765625 (ms), cudaEventElapsed = 14.540800094604492 (ms)
[RANK0] W @ 926.1591796875 (ms) to 939.9423828125 (ms), cudaEventElapsed = 13.752320289611816 (ms)
[RANK0] W @ 940.151123046875 (ms) to 955.485595703125 (ms), cudaEventElapsed = 15.302656173706055 (ms)
[RANK0] W @ 955.5302734375 (ms) to 971.5302734375 (ms), cudaEventElapsed = 15.972352027893066 (ms)
[RANK0] B @ 971.69970703125 (ms) to 1007.4443359375 (ms), cudaEventElapsed = 35.71628952026367 (ms)
[RANK0] W @ 1007.626220703125 (ms) to 1028.93310546875 (ms), cudaEventElapsed = 14.708736419677734 (ms)
[RANK0] B @ 1029.09228515625 (ms) to 1063.037841796875 (ms), cudaEventElapsed = 33.91632080078125 (ms)
[RANK0] W @ 1063.09521484375 (ms) to 1078.123291015625 (ms), cudaEventElapsed = 15.00160026550293 (ms)
[RANK0] B @ 1112.391845703125 (ms) to 1145.407958984375 (ms), cudaEventElapsed = 32.97923278808594 (ms)
[RANK0] W @ 1145.46875 (ms) to 1159.714111328125 (ms), cudaEventElapsed = 14.218239784240723 (ms)
[RANK0] B @ 1200.351318359375 (ms) to 1231.992919921875 (ms), cudaEventElapsed = 31.60905647277832 (ms)
[RANK0] 1W @ 1232.05126953125 (ms) to 1245.654541015625 (ms), cudaEventElapsed = 13.576191902160645 (ms)
[RANK0] Iteration 4
[RANK0] F @ 2.117919921875 (ms) to 27.18896484375 (ms), cudaEventElapsed = 25.032543182373047 (ms)
[RANK0] F @ 27.404052734375 (ms) to 52.54833984375 (ms), cudaEventElapsed = 25.10950469970703 (ms)
[RANK0] F @ 52.750244140625 (ms) to 79.49609375 (ms), cudaEventElapsed = 26.711040496826172 (ms)
[RANK0] F @ 79.68408203125 (ms) to 107.841796875 (ms), cudaEventElapsed = 28.12620735168457 (ms)
[RANK0] F @ 108.061279296875 (ms) to 136.1123046875 (ms), cudaEventElapsed = 28.011520385742188 (ms)
[RANK0] F @ 136.31298828125 (ms) to 164.280029296875 (ms), cudaEventElapsed = 27.93471908569336 (ms)
[RANK0] F @ 164.469482421875 (ms) to 192.39404296875 (ms), cudaEventElapsed = 27.891712188720703 (ms)
[RANK0] B @ 268.2548828125 (ms) to 300.76513671875 (ms), cudaEventElapsed = 32.46012878417969 (ms)
[RANK0] F @ 301.006103515625 (ms) to 326.947021484375 (ms), cudaEventElapsed = 25.90924835205078 (ms)
[RANK0] B @ 352.5556640625 (ms) to 385.875732421875 (ms), cudaEventElapsed = 33.2757453918457 (ms)
[RANK0] W @ 386.11572265625 (ms) to 401.920654296875 (ms), cudaEventElapsed = 15.770624160766602 (ms)
[RANK0] F @ 401.977294921875 (ms) to 430.060546875 (ms), cudaEventElapsed = 28.052480697631836 (ms)
[RANK0] B @ 437.94775390625 (ms) to 474.20361328125 (ms), cudaEventElapsed = 36.21782302856445 (ms)
[RANK0] B @ 520.21533203125 (ms) to 553.003662109375 (ms), cudaEventElapsed = 32.74531173706055 (ms)
[RANK0] W @ 553.083984375 (ms) to 567.845703125 (ms), cudaEventElapsed = 14.729215621948242 (ms)
[RANK0] F @ 568.07470703125 (ms) to 594.94384765625 (ms), cudaEventElapsed = 26.839040756225586 (ms)
[RANK0] B @ 632.044677734375 (ms) to 666.3466796875 (ms), cudaEventElapsed = 34.2589111328125 (ms)
[RANK0] B @ 682.9560546875 (ms) to 716.27783203125 (ms), cudaEventElapsed = 33.283329010009766 (ms)
[RANK0] W @ 716.34912109375 (ms) to 731.1669921875 (ms), cudaEventElapsed = 14.783488273620605 (ms)
[RANK0] F @ 731.379150390625 (ms) to 758.03271484375 (ms), cudaEventElapsed = 26.622976303100586 (ms)
[RANK0] B @ 797.81298828125 (ms) to 831.824951171875 (ms), cudaEventElapsed = 33.9727668762207 (ms)
[RANK0] B @ 841.646728515625 (ms) to 875.138916015625 (ms), cudaEventElapsed = 33.45935821533203 (ms)
[RANK0] W @ 875.206298828125 (ms) to 890.25732421875 (ms), cudaEventElapsed = 15.017984390258789 (ms)
[RANK0] F @ 890.465576171875 (ms) to 917.199951171875 (ms), cudaEventElapsed = 26.702848434448242 (ms)
[RANK0] W @ 917.388427734375 (ms) to 970.092529296875 (ms), cudaEventElapsed = 14.195712089538574 (ms)
[RANK0] W @ 970.146728515625 (ms) to 984.961669921875 (ms), cudaEventElapsed = 14.78451156616211 (ms)
[RANK0] W @ 985.162109375 (ms) to 1002.225341796875 (ms), cudaEventElapsed = 17.03321647644043 (ms)
[RANK0] W @ 1002.2705078125 (ms) to 1021.40283203125 (ms), cudaEventElapsed = 19.104768753051758 (ms)
[RANK0] B @ 1021.5673828125 (ms) to 1060.0244140625 (ms), cudaEventElapsed = 38.42816162109375 (ms)
[RANK0] W @ 1060.228271484375 (ms) to 1085.08203125 (ms), cudaEventElapsed = 16.889856338500977 (ms)
[RANK0] B @ 1085.24365234375 (ms) to 1121.013916015625 (ms), cudaEventElapsed = 35.741695404052734 (ms)
[RANK0] W @ 1121.07275390625 (ms) to 1137.374267578125 (ms), cudaEventElapsed = 16.274431228637695 (ms)
[RANK0] B @ 1178.3134765625 (ms) to 1212.3544921875 (ms), cudaEventElapsed = 34.00511932373047 (ms)
[RANK0] W @ 1212.41259765625 (ms) to 1227.87744140625 (ms), cudaEventElapsed = 15.437824249267578 (ms)
[RANK0] B @ 1279.87060546875 (ms) to 1312.5771484375 (ms), cudaEventElapsed = 32.67609786987305 (ms)
[RANK0] 1W @ 1312.634765625 (ms) to 1327.303466796875 (ms), cudaEventElapsed = 14.642175674438477 (ms)
[RANK0] Iteration 5
[RANK0] F @ 2.182373046875 (ms) to 27.1357421875 (ms), cudaEventElapsed = 24.92140769958496 (ms)
[RANK0] F @ 27.33935546875 (ms) to 52.517578125 (ms), cudaEventElapsed = 25.14124870300293 (ms)
[RANK0] F @ 52.717041015625 (ms) to 80.253173828125 (ms), cudaEventElapsed = 27.502592086791992 (ms)
[RANK0] F @ 80.4404296875 (ms) to 108.783203125 (ms), cudaEventElapsed = 28.30745506286621 (ms)
[RANK0] F @ 109.011962890625 (ms) to 137.173095703125 (ms), cudaEventElapsed = 28.123136520385742 (ms)
[RANK0] F @ 137.388671875 (ms) to 165.285400390625 (ms), cudaEventElapsed = 27.863040924072266 (ms)
[RANK0] F @ 165.478271484375 (ms) to 193.30615234375 (ms), cudaEventElapsed = 27.795455932617188 (ms)
[RANK0] B @ 267.70751953125 (ms) to 300.9228515625 (ms), cudaEventElapsed = 33.15900802612305 (ms)
[RANK0] F @ 301.17333984375 (ms) to 327.584716796875 (ms), cudaEventElapsed = 26.37926483154297 (ms)
[RANK0] B @ 351.894287109375 (ms) to 385.616455078125 (ms), cudaEventElapsed = 33.679073333740234 (ms)
[RANK0] W @ 385.842529296875 (ms) to 402.136474609375 (ms), cudaEventElapsed = 16.264192581176758 (ms)
[RANK0] F @ 402.191162109375 (ms) to 430.60302734375 (ms), cudaEventElapsed = 28.381183624267578 (ms)
[RANK0] B @ 436.08544921875 (ms) to 473.413330078125 (ms), cudaEventElapsed = 37.28851318359375 (ms)
[RANK0] B @ 517.47509765625 (ms) to 550.600830078125 (ms), cudaEventElapsed = 33.087520599365234 (ms)
[RANK0] W @ 550.67041015625 (ms) to 565.6279296875 (ms), cudaEventElapsed = 14.929920196533203 (ms)
[RANK0] F @ 565.852783203125 (ms) to 593.191650390625 (ms), cudaEventElapsed = 27.30291175842285 (ms)
[RANK0] B @ 629.30908203125 (ms) to 663.570556640625 (ms), cudaEventElapsed = 34.22073745727539 (ms)
[RANK0] B @ 680.674072265625 (ms) to 713.972412109375 (ms), cudaEventElapsed = 33.26559829711914 (ms)
[RANK0] W @ 714.036376953125 (ms) to 729.5927734375 (ms), cudaEventElapsed = 15.529984474182129 (ms)
[RANK0] F @ 729.816650390625 (ms) to 757.972900390625 (ms), cudaEventElapsed = 28.124160766601562 (ms)
[RANK0] B @ 796.895263671875 (ms) to 830.974853515625 (ms), cudaEventElapsed = 34.04198455810547 (ms)
[RANK0] B @ 840.658935546875 (ms) to 874.11572265625 (ms), cudaEventElapsed = 33.42416000366211 (ms)
[RANK0] W @ 874.177001953125 (ms) to 890.04443359375 (ms), cudaEventElapsed = 15.832063674926758 (ms)
[RANK0] F @ 890.225830078125 (ms) to 918.468505859375 (ms), cudaEventElapsed = 28.212223052978516 (ms)
[RANK0] W @ 918.655517578125 (ms) to 970.46044921875 (ms), cudaEventElapsed = 14.303232192993164 (ms)
[RANK0] W @ 970.51611328125 (ms) to 985.937744140625 (ms), cudaEventElapsed = 15.38764762878418 (ms)
[RANK0] W @ 986.135986328125 (ms) to 1003.394775390625 (ms), cudaEventElapsed = 17.22777557373047 (ms)
[RANK0] W @ 1003.43701171875 (ms) to 1022.530517578125 (ms), cudaEventElapsed = 19.06585693359375 (ms)
[RANK0] B @ 1022.697265625 (ms) to 1062.1416015625 (ms), cudaEventElapsed = 39.41600036621094 (ms)
[RANK0] W @ 1062.332763671875 (ms) to 1085.45849609375 (ms), cudaEventElapsed = 17.351680755615234 (ms)
[RANK0] B @ 1085.623291015625 (ms) to 1121.985107421875 (ms), cudaEventElapsed = 36.33478546142578 (ms)
[RANK0] W @ 1122.040771484375 (ms) to 1139.603271484375 (ms), cudaEventElapsed = 17.533952713012695 (ms)
[RANK0] B @ 1178.64892578125 (ms) to 1212.697998046875 (ms), cudaEventElapsed = 34.017120361328125 (ms)
[RANK0] W @ 1212.753173828125 (ms) to 1228.071533203125 (ms), cudaEventElapsed = 15.293439865112305 (ms)
[RANK0] B @ 1280.134521484375 (ms) to 1313.111572265625 (ms), cudaEventElapsed = 32.94822311401367 (ms)
[RANK0] 1W @ 1313.16455078125 (ms) to 1328.29443359375 (ms), cudaEventElapsed = 15.106047630310059 (ms)
[RANK0] Iteration 6
[RANK0] F @ 2.134033203125 (ms) to 27.21240234375 (ms), cudaEventElapsed = 25.040639877319336 (ms)
[RANK0] F @ 27.425537109375 (ms) to 52.533203125 (ms), cudaEventElapsed = 25.070592880249023 (ms)
[RANK0] F @ 52.743896484375 (ms) to 80.891845703125 (ms), cudaEventElapsed = 28.116992950439453 (ms)
[RANK0] F @ 81.115478515625 (ms) to 109.404296875 (ms), cudaEventElapsed = 28.256256103515625 (ms)
[RANK0] F @ 109.64208984375 (ms) to 137.73095703125 (ms), cudaEventElapsed = 28.049407958984375 (ms)
[RANK0] F @ 138.141845703125 (ms) to 166.2470703125 (ms), cudaEventElapsed = 28.069887161254883 (ms)
[RANK0] F @ 166.4482421875 (ms) to 194.070556640625 (ms), cudaEventElapsed = 27.590656280517578 (ms)
[RANK0] B @ 269.0751953125 (ms) to 302.27734375 (ms), cudaEventElapsed = 33.1578254699707 (ms)
[RANK0] F @ 302.487548828125 (ms) to 328.1904296875 (ms), cudaEventElapsed = 25.673728942871094 (ms)
[RANK0] B @ 354.143310546875 (ms) to 387.673095703125 (ms), cudaEventElapsed = 33.489566802978516 (ms)
[RANK0] W @ 387.879638671875 (ms) to 403.879150390625 (ms), cudaEventElapsed = 15.970303535461426 (ms)
[RANK0] F @ 403.9287109375 (ms) to 432.33935546875 (ms), cudaEventElapsed = 28.37811279296875 (ms)
[RANK0] B @ 439.148681640625 (ms) to 476.29296875 (ms), cudaEventElapsed = 37.106910705566406 (ms)
[RANK0] B @ 520.6884765625 (ms) to 553.748779296875 (ms), cudaEventElapsed = 33.0208625793457 (ms)
[RANK0] W @ 553.8154296875 (ms) to 568.615966796875 (ms), cudaEventElapsed = 14.774271965026855 (ms)
[RANK0] F @ 568.835693359375 (ms) to 597.7451171875 (ms), cudaEventElapsed = 28.877824783325195 (ms)
[RANK0] B @ 632.919677734375 (ms) to 668.05810546875 (ms), cudaEventElapsed = 35.09571075439453 (ms)
[RANK0] B @ 684.18798828125 (ms) to 717.855224609375 (ms), cudaEventElapsed = 33.63286590576172 (ms)
[RANK0] W @ 717.915771484375 (ms) to 734.25830078125 (ms), cudaEventElapsed = 16.307199478149414 (ms)
[RANK0] F @ 734.447021484375 (ms) to 763.58740234375 (ms), cudaEventElapsed = 29.111295700073242 (ms)
[RANK0] B @ 799.81689453125 (ms) to 834.00341796875 (ms), cudaEventElapsed = 34.14860916137695 (ms)
[RANK0] B @ 843.747314453125 (ms) to 877.311279296875 (ms), cudaEventElapsed = 33.531742095947266 (ms)
[RANK0] W @ 877.371826171875 (ms) to 894.010498046875 (ms), cudaEventElapsed = 16.61235237121582 (ms)
[RANK0] F @ 894.20703125 (ms) to 923.68505859375 (ms), cudaEventElapsed = 29.437952041625977 (ms)
[RANK0] W @ 923.872314453125 (ms) to 974.13427734375 (ms), cudaEventElapsed = 14.58892822265625 (ms)
[RANK0] W @ 974.18310546875 (ms) to 988.842529296875 (ms), cudaEventElapsed = 14.631936073303223 (ms)
[RANK0] W @ 989.0458984375 (ms) to 1006.891845703125 (ms), cudaEventElapsed = 17.81350326538086 (ms)
[RANK0] W @ 1006.938232421875 (ms) to 1027.304443359375 (ms), cudaEventElapsed = 20.339712142944336 (ms)
[RANK0] B @ 1027.46923828125 (ms) to 1067.68115234375 (ms), cudaEventElapsed = 40.18387222290039 (ms)
[RANK0] W @ 1067.86279296875 (ms) to 1089.566162109375 (ms), cudaEventElapsed = 17.943552017211914 (ms)
[RANK0] B @ 1089.72802734375 (ms) to 1127.36279296875 (ms), cudaEventElapsed = 37.606143951416016 (ms)
[RANK0] W @ 1127.419921875 (ms) to 1145.080810546875 (ms), cudaEventElapsed = 17.63532829284668 (ms)
[RANK0] B @ 1180.816162109375 (ms) to 1214.981689453125 (ms), cudaEventElapsed = 34.133792877197266 (ms)
[RANK0] W @ 1215.03759765625 (ms) to 1230.536865234375 (ms), cudaEventElapsed = 15.472640037536621 (ms)
[RANK0] B @ 1281.0673828125 (ms) to 1314.154052734375 (ms), cudaEventElapsed = 33.05683135986328 (ms)
[RANK0] 1W @ 1314.221923828125 (ms) to 1329.145263671875 (ms), cudaEventElapsed = 14.897151947021484 (ms)
[RANK0] Iteration 7
[RANK0] F @ 0.3251953125 (ms) to 24.255615234375 (ms), cudaEventElapsed = 23.8940486907959 (ms)
[RANK0] F @ 24.480224609375 (ms) to 48.9072265625 (ms), cudaEventElapsed = 24.389631271362305 (ms)
[RANK0] F @ 49.116455078125 (ms) to 75.259033203125 (ms), cudaEventElapsed = 26.11097526550293 (ms)
[RANK0] F @ 75.453857421875 (ms) to 102.220703125 (ms), cudaEventElapsed = 26.72947120666504 (ms)
[RANK0] F @ 102.4296875 (ms) to 129.384033203125 (ms), cudaEventElapsed = 26.917888641357422 (ms)
[RANK0] F @ 129.5966796875 (ms) to 156.285888671875 (ms), cudaEventElapsed = 26.655744552612305 (ms)
[RANK0] F @ 156.479248046875 (ms) to 182.996826171875 (ms), cudaEventElapsed = 26.485759735107422 (ms)
[RANK0] F @ 183.221435546875 (ms) to 210.2373046875 (ms), cudaEventElapsed = 26.977279663085938 (ms)
[RANK0] F @ 210.445556640625 (ms) to 237.273193359375 (ms), cudaEventElapsed = 26.796031951904297 (ms)
[RANK0] F @ 237.482666015625 (ms) to 264.040771484375 (ms), cudaEventElapsed = 26.51955223083496 (ms)
[RANK0] F @ 264.2392578125 (ms) to 291.212158203125 (ms), cudaEventElapsed = 26.94041633605957 (ms)
[RANK0] F @ 291.41650390625 (ms) to 318.26220703125 (ms), cudaEventElapsed = 26.813440322875977 (ms)
