[RANK2] Iteration 1
[RANK2] F @ 772.72900390625 (ms) to 983.47412109375 (ms), cudaEventElapsed = 210.70643615722656 (ms)
[RANK2] F @ 985.18896484375 (ms) to 1019.262939453125 (ms), cudaEventElapsed = 34.04083251953125 (ms)
[RANK2] F @ 1020.84521484375 (ms) to 1057.798828125 (ms), cudaEventElapsed = 36.92339324951172 (ms)
[RANK2] B @ 1632.86865234375 (ms) to 1698.050537109375 (ms), cudaEventElapsed = 65.14380645751953 (ms)
[RANK2] F @ 1699.614501953125 (ms) to 1731.954833984375 (ms), cudaEventElapsed = 32.308223724365234 (ms)
[RANK2] B @ 1733.814208984375 (ms) to 1777.404052734375 (ms), cudaEventElapsed = 43.55891036987305 (ms)
[RANK2] F @ 1778.895751953125 (ms) to 1812.31005859375 (ms), cudaEventElapsed = 33.3834228515625 (ms)
[RANK2] B @ 1814.08642578125 (ms) to 1857.97021484375 (ms), cudaEventElapsed = 43.8394889831543 (ms)
[RANK2] F @ 1859.37744140625 (ms) to 1892.591552734375 (ms), cudaEventElapsed = 33.185791015625 (ms)
[RANK2] B @ 1894.30029296875 (ms) to 1938.0009765625 (ms), cudaEventElapsed = 43.670528411865234 (ms)
[RANK2] F @ 1939.419677734375 (ms) to 1973.01123046875 (ms), cudaEventElapsed = 33.562625885009766 (ms)
[RANK2] B @ 1974.6865234375 (ms) to 2018.785400390625 (ms), cudaEventElapsed = 44.0709114074707 (ms)
[RANK2] F @ 2020.204833984375 (ms) to 2053.768798828125 (ms), cudaEventElapsed = 33.532928466796875 (ms)
[RANK2] B @ 2055.475830078125 (ms) to 2100.18505859375 (ms), cudaEventElapsed = 44.6822395324707 (ms)
[RANK2] F @ 2101.57373046875 (ms) to 2135.493408203125 (ms), cudaEventElapsed = 33.89235305786133 (ms)
[RANK2] B @ 2137.192138671875 (ms) to 2181.81298828125 (ms), cudaEventElapsed = 44.5931510925293 (ms)
[RANK2] F @ 2183.206298828125 (ms) to 2217.0322265625 (ms), cudaEventElapsed = 33.79404830932617 (ms)
[RANK2] B @ 2218.45556640625 (ms) to 2263.311279296875 (ms), cudaEventElapsed = 44.832767486572266 (ms)
[RANK2] F @ 2264.519287109375 (ms) to 2298.228759765625 (ms), cudaEventElapsed = 33.686527252197266 (ms)
[RANK2] B @ 2299.53759765625 (ms) to 2344.171875 (ms), cudaEventElapsed = 44.6115837097168 (ms)
[RANK2] F @ 2345.397705078125 (ms) to 2378.77587890625 (ms), cudaEventElapsed = 33.35475158691406 (ms)
[RANK2] B @ 2380.058349609375 (ms) to 2423.124267578125 (ms), cudaEventElapsed = 43.04383850097656 (ms)
[RANK2] W @ 2423.840087890625 (ms) to 2444.981689453125 (ms), cudaEventElapsed = 21.1200008392334 (ms)
[RANK2] B @ 2445.741455078125 (ms) to 2487.980712890625 (ms), cudaEventElapsed = 42.217472076416016 (ms)
[RANK2] W @ 2488.99560546875 (ms) to 2509.33203125 (ms), cudaEventElapsed = 20.29465675354004 (ms)
[RANK2] B @ 2510.134521484375 (ms) to 2552.65673828125 (ms), cudaEventElapsed = 42.50009536743164 (ms)
[RANK2] 10W @ 2555.049560546875 (ms) to 2771.013916015625 (ms), cudaEventElapsed = 215.93600463867188 (ms)
[RANK2] Iteration 2
[RANK2] F @ 73.99267578125 (ms) to 106.0419921875 (ms), cudaEventElapsed = 32.01945495605469 (ms)
[RANK2] F @ 107.599365234375 (ms) to 142.102783203125 (ms), cudaEventElapsed = 34.469886779785156 (ms)
[RANK2] F @ 144.8095703125 (ms) to 181.790283203125 (ms), cudaEventElapsed = 36.9541130065918 (ms)
[RANK2] B @ 188.37548828125 (ms) to 233.736328125 (ms), cudaEventElapsed = 45.3304328918457 (ms)
[RANK2] F @ 235.240478515625 (ms) to 270.38134765625 (ms), cudaEventElapsed = 35.111934661865234 (ms)
[RANK2] B @ 272.117919921875 (ms) to 317.54833984375 (ms), cudaEventElapsed = 45.400062561035156 (ms)
[RANK2] F @ 343.904541015625 (ms) to 376.4267578125 (ms), cudaEventElapsed = 32.4925422668457 (ms)
[RANK2] B @ 378.103759765625 (ms) to 422.333251953125 (ms), cudaEventElapsed = 44.195838928222656 (ms)
[RANK2] F @ 427.118896484375 (ms) to 462.65380859375 (ms), cudaEventElapsed = 35.50515365600586 (ms)
[RANK2] B @ 464.37744140625 (ms) to 509.685302734375 (ms), cudaEventElapsed = 45.276161193847656 (ms)
[RANK2] F @ 511.228515625 (ms) to 546.883056640625 (ms), cudaEventElapsed = 35.624961853027344 (ms)
[RANK2] B @ 548.588134765625 (ms) to 594.142822265625 (ms), cudaEventElapsed = 45.52601623535156 (ms)
[RANK2] F @ 595.605224609375 (ms) to 630.844970703125 (ms), cudaEventElapsed = 35.21023941040039 (ms)
[RANK2] B @ 632.73876953125 (ms) to 678.114013671875 (ms), cudaEventElapsed = 45.33657455444336 (ms)
[RANK2] F @ 679.56201171875 (ms) to 714.608642578125 (ms), cudaEventElapsed = 35.01465606689453 (ms)
[RANK2] B @ 716.474853515625 (ms) to 855.646728515625 (ms), cudaEventElapsed = 139.14215087890625 (ms)
[RANK2] F @ 857.640625 (ms) to 890.404541015625 (ms), cudaEventElapsed = 32.73420715332031 (ms)
[RANK2] B @ 892.853271484375 (ms) to 938.3173828125 (ms), cudaEventElapsed = 45.42975997924805 (ms)
[RANK2] F @ 940.5087890625 (ms) to 975.812744140625 (ms), cudaEventElapsed = 35.272705078125 (ms)
[RANK2] B @ 977.433349609375 (ms) to 1022.695068359375 (ms), cudaEventElapsed = 45.230079650878906 (ms)
[RANK2] F @ 1023.95751953125 (ms) to 1059.40283203125 (ms), cudaEventElapsed = 35.42015838623047 (ms)
[RANK2] B @ 1060.727783203125 (ms) to 1105.96728515625 (ms), cudaEventElapsed = 45.21779251098633 (ms)
[RANK2] W @ 1106.698486328125 (ms) to 1130.2080078125 (ms), cudaEventElapsed = 23.48953628540039 (ms)
[RANK2] B @ 1130.962646484375 (ms) to 1177.735595703125 (ms), cudaEventElapsed = 46.74764633178711 (ms)
[RANK2] W @ 1178.478759765625 (ms) to 1202.401123046875 (ms), cudaEventElapsed = 23.89504051208496 (ms)
[RANK2] B @ 1203.161865234375 (ms) to 1250.364990234375 (ms), cudaEventElapsed = 47.18387222290039 (ms)
[RANK2] 10W @ 1252.320556640625 (ms) to 1518.112548828125 (ms), cudaEventElapsed = 265.7648620605469 (ms)
[RANK2] Iteration 3
[RANK2] F @ 81.22314453125 (ms) to 112.919677734375 (ms), cudaEventElapsed = 31.662080764770508 (ms)
[RANK2] F @ 114.464111328125 (ms) to 148.009765625 (ms), cudaEventElapsed = 33.519615173339844 (ms)
[RANK2] F @ 153.8681640625 (ms) to 189.920654296875 (ms), cudaEventElapsed = 36.01408004760742 (ms)
[RANK2] B @ 196.204833984375 (ms) to 240.706298828125 (ms), cudaEventElapsed = 44.47334289550781 (ms)
[RANK2] F @ 242.1591796875 (ms) to 277.497314453125 (ms), cudaEventElapsed = 35.31059265136719 (ms)
[RANK2] B @ 279.214111328125 (ms) to 324.3271484375 (ms), cudaEventElapsed = 45.085697174072266 (ms)
[RANK2] F @ 325.7421875 (ms) to 361.445556640625 (ms), cudaEventElapsed = 35.67718505859375 (ms)
[RANK2] B @ 363.1240234375 (ms) to 408.734375 (ms), cudaEventElapsed = 45.58335876464844 (ms)
[RANK2] F @ 410.307373046875 (ms) to 445.56201171875 (ms), cudaEventElapsed = 35.22252655029297 (ms)
[RANK2] B @ 447.394287109375 (ms) to 493.246337890625 (ms), cudaEventElapsed = 45.811710357666016 (ms)
[RANK2] F @ 494.745361328125 (ms) to 530.275634765625 (ms), cudaEventElapsed = 35.48876953125 (ms)
[RANK2] B @ 531.957275390625 (ms) to 577.354736328125 (ms), cudaEventElapsed = 45.36524963378906 (ms)
[RANK2] F @ 578.7578125 (ms) to 613.892822265625 (ms), cudaEventElapsed = 35.108863830566406 (ms)
[RANK2] B @ 615.78125 (ms) to 660.916015625 (ms), cudaEventElapsed = 45.104129791259766 (ms)
[RANK2] F @ 662.18212890625 (ms) to 697.877197265625 (ms), cudaEventElapsed = 35.67001724243164 (ms)
[RANK2] B @ 699.29443359375 (ms) to 744.44580078125 (ms), cudaEventElapsed = 45.12972640991211 (ms)
[RANK2] F @ 745.747802734375 (ms) to 781.190673828125 (ms), cudaEventElapsed = 35.41606521606445 (ms)
[RANK2] B @ 782.608642578125 (ms) to 828.22314453125 (ms), cudaEventElapsed = 45.591552734375 (ms)
[RANK2] F @ 829.522705078125 (ms) to 865.09326171875 (ms), cudaEventElapsed = 35.542015075683594 (ms)
[RANK2] B @ 866.445556640625 (ms) to 912.1845703125 (ms), cudaEventElapsed = 45.7154541015625 (ms)
[RANK2] F @ 913.481201171875 (ms) to 950.198974609375 (ms), cudaEventElapsed = 36.69504165649414 (ms)
[RANK2] B @ 951.561279296875 (ms) to 1001.843017578125 (ms), cudaEventElapsed = 50.25996780395508 (ms)
[RANK2] W @ 1002.63330078125 (ms) to 1027.561767578125 (ms), cudaEventElapsed = 24.90470314025879 (ms)
[RANK2] B @ 1028.36962890625 (ms) to 1076.130126953125 (ms), cudaEventElapsed = 47.73683166503906 (ms)
[RANK2] W @ 1076.9287109375 (ms) to 1101.59716796875 (ms), cudaEventElapsed = 24.644607543945312 (ms)
[RANK2] B @ 1102.403564453125 (ms) to 1150.129150390625 (ms), cudaEventElapsed = 47.703041076660156 (ms)
[RANK2] 10W @ 1152.18896484375 (ms) to 1420.48193359375 (ms), cudaEventElapsed = 268.263427734375 (ms)
[RANK2] Iteration 4
[RANK2] F @ 70.478515625 (ms) to 102.220703125 (ms), cudaEventElapsed = 31.713279724121094 (ms)
[RANK2] F @ 106.611328125 (ms) to 139.77099609375 (ms), cudaEventElapsed = 33.132545471191406 (ms)
[RANK2] F @ 145.856689453125 (ms) to 181.103759765625 (ms), cudaEventElapsed = 35.21843338012695 (ms)
[RANK2] B @ 183.19384765625 (ms) to 228.357421875 (ms), cudaEventElapsed = 45.13382339477539 (ms)
[RANK2] F @ 229.908203125 (ms) to 264.8154296875 (ms), cudaEventElapsed = 34.87129592895508 (ms)
[RANK2] B @ 266.559326171875 (ms) to 311.822998046875 (ms), cudaEventElapsed = 45.23417663574219 (ms)
[RANK2] F @ 313.268310546875 (ms) to 348.957275390625 (ms), cudaEventElapsed = 35.66080093383789 (ms)
[RANK2] B @ 350.67919921875 (ms) to 395.91455078125 (ms), cudaEventElapsed = 45.20857620239258 (ms)
[RANK2] F @ 397.478759765625 (ms) to 433.100830078125 (ms), cudaEventElapsed = 35.590145111083984 (ms)
[RANK2] B @ 434.939453125 (ms) to 480.7109375 (ms), cudaEventElapsed = 45.73183822631836 (ms)
[RANK2] F @ 482.251953125 (ms) to 518.1162109375 (ms), cudaEventElapsed = 35.83385467529297 (ms)
[RANK2] B @ 519.7900390625 (ms) to 565.634033203125 (ms), cudaEventElapsed = 45.81683349609375 (ms)
[RANK2] F @ 567.068359375 (ms) to 602.428466796875 (ms), cudaEventElapsed = 35.332096099853516 (ms)
[RANK2] B @ 604.1337890625 (ms) to 649.129150390625 (ms), cudaEventElapsed = 44.96793746948242 (ms)
[RANK2] F @ 650.625732421875 (ms) to 685.566162109375 (ms), cudaEventElapsed = 34.90816116333008 (ms)
[RANK2] B @ 687.27978515625 (ms) to 732.33447265625 (ms), cudaEventElapsed = 45.02732849121094 (ms)
[RANK2] F @ 733.776123046875 (ms) to 769.448974609375 (ms), cudaEventElapsed = 35.64543914794922 (ms)
[RANK2] B @ 771.175537109375 (ms) to 816.457275390625 (ms), cudaEventElapsed = 45.251583099365234 (ms)
[RANK2] F @ 817.736328125 (ms) to 853.23095703125 (ms), cudaEventElapsed = 35.47238540649414 (ms)
[RANK2] B @ 854.561279296875 (ms) to 899.74560546875 (ms), cudaEventElapsed = 45.16249465942383 (ms)
[RANK2] F @ 901.003662109375 (ms) to 938.9248046875 (ms), cudaEventElapsed = 37.89926528930664 (ms)
[RANK2] B @ 940.275390625 (ms) to 992.34521484375 (ms), cudaEventElapsed = 52.04889678955078 (ms)
[RANK2] W @ 993.12158203125 (ms) to 1018.385498046875 (ms), cudaEventElapsed = 25.242624282836914 (ms)
[RANK2] B @ 1019.165283203125 (ms) to 1066.28515625 (ms), cudaEventElapsed = 47.098880767822266 (ms)
[RANK2] W @ 1067.055419921875 (ms) to 1091.188720703125 (ms), cudaEventElapsed = 24.111103057861328 (ms)
[RANK2] B @ 1091.976806640625 (ms) to 1139.77392578125 (ms), cudaEventElapsed = 47.77676773071289 (ms)
[RANK2] 10W @ 1141.79443359375 (ms) to 1411.047607421875 (ms), cudaEventElapsed = 269.2249450683594 (ms)
[RANK2] Iteration 5
[RANK2] F @ 74.044189453125 (ms) to 105.994384765625 (ms), cudaEventElapsed = 31.922176361083984 (ms)
[RANK2] F @ 107.7001953125 (ms) to 142.291748046875 (ms), cudaEventElapsed = 34.56614303588867 (ms)
[RANK2] F @ 146.308349609375 (ms) to 182.52783203125 (ms), cudaEventElapsed = 36.192256927490234 (ms)
[RANK2] B @ 267.864990234375 (ms) to 309.193359375 (ms), cudaEventElapsed = 41.29894256591797 (ms)
[RANK2] F @ 310.66455078125 (ms) to 344.521484375 (ms), cudaEventElapsed = 33.82886505126953 (ms)
[RANK2] B @ 346.25634765625 (ms) to 391.721923828125 (ms), cudaEventElapsed = 45.436927795410156 (ms)
[RANK2] F @ 393.142822265625 (ms) to 428.353271484375 (ms), cudaEventElapsed = 35.18156814575195 (ms)
[RANK2] B @ 430.081787109375 (ms) to 475.365478515625 (ms), cudaEventElapsed = 45.255680084228516 (ms)
[RANK2] F @ 476.833740234375 (ms) to 512.448974609375 (ms), cudaEventElapsed = 35.5860481262207 (ms)
[RANK2] B @ 514.17529296875 (ms) to 559.48388671875 (ms), cudaEventElapsed = 45.281280517578125 (ms)
[RANK2] F @ 560.918701171875 (ms) to 596.232177734375 (ms), cudaEventElapsed = 35.28192138671875 (ms)
[RANK2] B @ 597.9970703125 (ms) to 643.5556640625 (ms), cudaEventElapsed = 45.52908706665039 (ms)
[RANK2] F @ 645.03076171875 (ms) to 680.50830078125 (ms), cudaEventElapsed = 35.44780731201172 (ms)
[RANK2] B @ 682.25 (ms) to 727.670654296875 (ms), cudaEventElapsed = 45.3939208984375 (ms)
[RANK2] F @ 729.103515625 (ms) to 764.405517578125 (ms), cudaEventElapsed = 35.269630432128906 (ms)
[RANK2] B @ 766.169189453125 (ms) to 810.9931640625 (ms), cudaEventElapsed = 44.795902252197266 (ms)
[RANK2] F @ 812.26513671875 (ms) to 847.198486328125 (ms), cudaEventElapsed = 34.907135009765625 (ms)
[RANK2] B @ 848.645263671875 (ms) to 893.759765625 (ms), cudaEventElapsed = 45.09183883666992 (ms)
[RANK2] F @ 895.059326171875 (ms) to 930.7685546875 (ms), cudaEventElapsed = 35.68025588989258 (ms)
[RANK2] B @ 932.134765625 (ms) to 977.40869140625 (ms), cudaEventElapsed = 45.249534606933594 (ms)
[RANK2] F @ 978.695068359375 (ms) to 1014.484130859375 (ms), cudaEventElapsed = 35.766273498535156 (ms)
[RANK2] B @ 1015.84619140625 (ms) to 1061.587890625 (ms), cudaEventElapsed = 45.71955108642578 (ms)
[RANK2] W @ 1062.365966796875 (ms) to 1086.458984375 (ms), cudaEventElapsed = 24.06399917602539 (ms)
[RANK2] B @ 1092.641845703125 (ms) to 1138.64404296875 (ms), cudaEventElapsed = 45.97964859008789 (ms)
[RANK2] W @ 1139.441650390625 (ms) to 1167.3837890625 (ms), cudaEventElapsed = 27.917312622070312 (ms)
[RANK2] B @ 1173.054931640625 (ms) to 1219.914306640625 (ms), cudaEventElapsed = 46.83776092529297 (ms)
[RANK2] 10W @ 1222.020751953125 (ms) to 1492.93798828125 (ms), cudaEventElapsed = 270.88690185546875 (ms)
[RANK2] Iteration 6
[RANK2] F @ 70.123291015625 (ms) to 101.6591796875 (ms), cudaEventElapsed = 31.514623641967773 (ms)
[RANK2] F @ 107.825927734375 (ms) to 141.4169921875 (ms), cudaEventElapsed = 33.56876754760742 (ms)
[RANK2] F @ 144.412353515625 (ms) to 180.79052734375 (ms), cudaEventElapsed = 36.35609436035156 (ms)
[RANK2] B @ 264.18115234375 (ms) to 305.5517578125 (ms), cudaEventElapsed = 41.33990478515625 (ms)
[RANK2] F @ 307.004150390625 (ms) to 341.95458984375 (ms), cudaEventElapsed = 34.9224967956543 (ms)
[RANK2] B @ 343.695556640625 (ms) to 390.033447265625 (ms), cudaEventElapsed = 46.31039810180664 (ms)
[RANK2] F @ 391.472900390625 (ms) to 427.33251953125 (ms), cudaEventElapsed = 35.83180618286133 (ms)
[RANK2] B @ 429.034912109375 (ms) to 474.254638671875 (ms), cudaEventElapsed = 45.193214416503906 (ms)
[RANK2] F @ 475.654541015625 (ms) to 510.632080078125 (ms), cudaEventElapsed = 34.95014572143555 (ms)
[RANK2] B @ 512.3369140625 (ms) to 557.768310546875 (ms), cudaEventElapsed = 45.40518569946289 (ms)
[RANK2] F @ 559.204833984375 (ms) to 594.998779296875 (ms), cudaEventElapsed = 35.767295837402344 (ms)
[RANK2] B @ 596.6962890625 (ms) to 641.992431640625 (ms), cudaEventElapsed = 45.26899337768555 (ms)
[RANK2] F @ 643.41748046875 (ms) to 678.959716796875 (ms), cudaEventElapsed = 35.514366149902344 (ms)
[RANK2] B @ 680.41162109375 (ms) to 725.87890625 (ms), cudaEventElapsed = 45.442047119140625 (ms)
[RANK2] F @ 727.1513671875 (ms) to 762.67724609375 (ms), cudaEventElapsed = 35.502079010009766 (ms)
[RANK2] B @ 764.144775390625 (ms) to 809.655029296875 (ms), cudaEventElapsed = 45.48505783081055 (ms)
[RANK2] F @ 810.927734375 (ms) to 846.270263671875 (ms), cudaEventElapsed = 35.318782806396484 (ms)
[RANK2] B @ 847.684326171875 (ms) to 893.066650390625 (ms), cudaEventElapsed = 45.35910415649414 (ms)
[RANK2] F @ 894.3271484375 (ms) to 929.971435546875 (ms), cudaEventElapsed = 35.62188720703125 (ms)
[RANK2] B @ 931.309814453125 (ms) to 976.866455078125 (ms), cudaEventElapsed = 45.53318405151367 (ms)
[RANK2] F @ 978.0986328125 (ms) to 1013.98291015625 (ms), cudaEventElapsed = 35.86252975463867 (ms)
[RANK2] B @ 1015.31103515625 (ms) to 1060.8095703125 (ms), cudaEventElapsed = 45.476863861083984 (ms)
[RANK2] W @ 1061.573486328125 (ms) to 1085.5068359375 (ms), cudaEventElapsed = 23.91142463684082 (ms)
[RANK2] B @ 1093.015380859375 (ms) to 1139.553955078125 (ms), cudaEventElapsed = 46.51929473876953 (ms)
[RANK2] W @ 1140.32958984375 (ms) to 1166.60546875 (ms), cudaEventElapsed = 26.253311157226562 (ms)
[RANK2] B @ 1174.363037109375 (ms) to 1220.469970703125 (ms), cudaEventElapsed = 46.086143493652344 (ms)
[RANK2] 10W @ 1222.481201171875 (ms) to 1492.380126953125 (ms), cudaEventElapsed = 269.87109375 (ms)
[RANK2] Iteration 7
[RANK2] F @ 73.645751953125 (ms) to 105.302734375 (ms), cudaEventElapsed = 31.62931251525879 (ms)
[RANK2] F @ 107.13916015625 (ms) to 141.76416015625 (ms), cudaEventElapsed = 34.5978889465332 (ms)
[RANK2] F @ 145.19287109375 (ms) to 182.0009765625 (ms), cudaEventElapsed = 36.78105545043945 (ms)
[RANK2] B @ 265.9384765625 (ms) to 307.232177734375 (ms), cudaEventElapsed = 41.264129638671875 (ms)
[RANK2] F @ 308.696044921875 (ms) to 343.529541015625 (ms), cudaEventElapsed = 34.80575942993164 (ms)
[RANK2] B @ 345.224609375 (ms) to 391.90625 (ms), cudaEventElapsed = 46.65446472167969 (ms)
[RANK2] F @ 393.33935546875 (ms) to 429.17431640625 (ms), cudaEventElapsed = 35.80825424194336 (ms)
[RANK2] B @ 430.87646484375 (ms) to 476.252197265625 (ms), cudaEventElapsed = 45.34783935546875 (ms)
[RANK2] F @ 477.66650390625 (ms) to 512.706787109375 (ms), cudaEventElapsed = 35.01055908203125 (ms)
[RANK2] B @ 514.440185546875 (ms) to 559.738037109375 (ms), cudaEventElapsed = 45.270015716552734 (ms)
[RANK2] F @ 561.167236328125 (ms) to 596.910888671875 (ms), cudaEventElapsed = 35.71200180053711 (ms)
[RANK2] B @ 598.6474609375 (ms) to 643.8466796875 (ms), cudaEventElapsed = 45.17068862915039 (ms)
[RANK2] F @ 645.2734375 (ms) to 680.750732421875 (ms), cudaEventElapsed = 35.44985580444336 (ms)
[RANK2] B @ 682.44580078125 (ms) to 728.101318359375 (ms), cudaEventElapsed = 45.628414154052734 (ms)
[RANK2] F @ 729.509521484375 (ms) to 765.00048828125 (ms), cudaEventElapsed = 35.46112060546875 (ms)
[RANK2] B @ 766.745849609375 (ms) to 812.22412109375 (ms), cudaEventElapsed = 45.45024108886719 (ms)
[RANK2] F @ 813.767578125 (ms) to 849.04638671875 (ms), cudaEventElapsed = 35.25017547607422 (ms)
[RANK2] B @ 850.762939453125 (ms) to 896.00732421875 (ms), cudaEventElapsed = 45.2147216796875 (ms)
[RANK2] F @ 897.27734375 (ms) to 932.42822265625 (ms), cudaEventElapsed = 35.123199462890625 (ms)
[RANK2] B @ 933.772705078125 (ms) to 979.037841796875 (ms), cudaEventElapsed = 45.240318298339844 (ms)
[RANK2] F @ 980.31787109375 (ms) to 1016.2294921875 (ms), cudaEventElapsed = 35.88915252685547 (ms)
[RANK2] B @ 1017.55712890625 (ms) to 1063.10400390625 (ms), cudaEventElapsed = 45.522945404052734 (ms)
[RANK2] W @ 1063.902587890625 (ms) to 1087.6796875 (ms), cudaEventElapsed = 23.754751205444336 (ms)
[RANK2] B @ 1095.724365234375 (ms) to 1142.065185546875 (ms), cudaEventElapsed = 46.3185920715332 (ms)
[RANK2] W @ 1142.873779296875 (ms) to 1169.022705078125 (ms), cudaEventElapsed = 26.12531280517578 (ms)
[RANK2] B @ 1175.685791015625 (ms) to 1222.080078125 (ms), cudaEventElapsed = 46.37184143066406 (ms)
[RANK2] 10W @ 1224.201416015625 (ms) to 1494.555419921875 (ms), cudaEventElapsed = 270.3247375488281 (ms)
[RANK2] Iteration 8
[RANK2] F @ 72.84033203125 (ms) to 104.500244140625 (ms), cudaEventElapsed = 31.632383346557617 (ms)
[RANK2] F @ 107.02880859375 (ms) to 141.7197265625 (ms), cudaEventElapsed = 34.665470123291016 (ms)
[RANK2] F @ 143.59814453125 (ms) to 180.41845703125 (ms), cudaEventElapsed = 36.798465728759766 (ms)
[RANK2] B @ 264.9423828125 (ms) to 306.160888671875 (ms), cudaEventElapsed = 41.18732833862305 (ms)
[RANK2] F @ 307.640625 (ms) to 342.193359375 (ms), cudaEventElapsed = 34.523136138916016 (ms)
[RANK2] B @ 343.924072265625 (ms) to 389.71044921875 (ms), cudaEventElapsed = 45.75743865966797 (ms)
[RANK2] F @ 391.163818359375 (ms) to 426.985595703125 (ms), cudaEventElapsed = 35.79391860961914 (ms)
[RANK2] B @ 428.706787109375 (ms) to 474.63134765625 (ms), cudaEventElapsed = 45.896705627441406 (ms)
[RANK2] F @ 476.15869140625 (ms) to 511.563232421875 (ms), cudaEventElapsed = 35.381248474121094 (ms)
[RANK2] B @ 513.29736328125 (ms) to 558.432373046875 (ms), cudaEventElapsed = 45.107200622558594 (ms)
[RANK2] F @ 559.850341796875 (ms) to 594.828369140625 (ms), cudaEventElapsed = 34.95014572143555 (ms)
[RANK2] B @ 596.589111328125 (ms) to 641.849365234375 (ms), cudaEventElapsed = 45.23110580444336 (ms)
[RANK2] F @ 643.3193359375 (ms) to 678.939453125 (ms), cudaEventElapsed = 35.59116744995117 (ms)
[RANK2] B @ 680.67236328125 (ms) to 725.998046875 (ms), cudaEventElapsed = 45.297664642333984 (ms)
[RANK2] F @ 727.433837890625 (ms) to 762.87548828125 (ms), cudaEventElapsed = 35.41401672363281 (ms)
[RANK2] B @ 764.611572265625 (ms) to 810.46484375 (ms), cudaEventElapsed = 45.8260498046875 (ms)
[RANK2] F @ 811.909423828125 (ms) to 847.71044921875 (ms), cudaEventElapsed = 35.77241516113281 (ms)
[RANK2] B @ 849.446044921875 (ms) to 895.274658203125 (ms), cudaEventElapsed = 45.79942321777344 (ms)
[RANK2] F @ 896.567626953125 (ms) to 932.189453125 (ms), cudaEventElapsed = 35.59526443481445 (ms)
[RANK2] B @ 933.550537109375 (ms) to 979.0166015625 (ms), cudaEventElapsed = 45.442047119140625 (ms)
[RANK2] F @ 980.2763671875 (ms) to 1015.709228515625 (ms), cudaEventElapsed = 35.40991973876953 (ms)
[RANK2] B @ 1017.047119140625 (ms) to 1062.66259765625 (ms), cudaEventElapsed = 45.591552734375 (ms)
[RANK2] W @ 1063.4921875 (ms) to 1087.37939453125 (ms), cudaEventElapsed = 23.85100746154785 (ms)
[RANK2] B @ 1096.941650390625 (ms) to 1142.70703125 (ms), cudaEventElapsed = 45.74310302734375 (ms)
[RANK2] W @ 1143.5185546875 (ms) to 1169.09912109375 (ms), cudaEventElapsed = 25.55187225341797 (ms)
[RANK2] B @ 1176.210205078125 (ms) to 1222.520751953125 (ms), cudaEventElapsed = 46.289920806884766 (ms)
[RANK2] 10W @ 1224.619140625 (ms) to 1496.314208984375 (ms), cudaEventElapsed = 271.6651611328125 (ms)
[RANK2] Iteration 9
[RANK2] F @ 70.165771484375 (ms) to 101.8466796875 (ms), cudaEventElapsed = 31.653888702392578 (ms)
[RANK2] F @ 106.523193359375 (ms) to 140.87060546875 (ms), cudaEventElapsed = 34.32447814941406 (ms)
[RANK2] F @ 143.936279296875 (ms) to 179.815673828125 (ms), cudaEventElapsed = 35.85228729248047 (ms)
[RANK2] B @ 262.836181640625 (ms) to 304.131591796875 (ms), cudaEventElapsed = 41.26515197753906 (ms)
[RANK2] F @ 305.6005859375 (ms) to 340.35693359375 (ms), cudaEventElapsed = 34.723838806152344 (ms)
[RANK2] B @ 342.074462890625 (ms) to 387.741455078125 (ms), cudaEventElapsed = 45.639678955078125 (ms)
[RANK2] F @ 389.208984375 (ms) to 424.82666015625 (ms), cudaEventElapsed = 35.58707046508789 (ms)
[RANK2] B @ 426.54296875 (ms) to 472.37109375 (ms), cudaEventElapsed = 45.80044937133789 (ms)
[RANK2] F @ 473.802734375 (ms) to 509.47314453125 (ms), cudaEventElapsed = 35.64031982421875 (ms)
[RANK2] B @ 511.2021484375 (ms) to 556.85791015625 (ms), cudaEventElapsed = 45.628414154052734 (ms)
[RANK2] F @ 558.28955078125 (ms) to 593.73291015625 (ms), cudaEventElapsed = 35.41299057006836 (ms)
[RANK2] B @ 595.478759765625 (ms) to 640.969482421875 (ms), cudaEventElapsed = 45.462528228759766 (ms)
[RANK2] F @ 642.43798828125 (ms) to 677.998046875 (ms), cudaEventElapsed = 35.5338249206543 (ms)
[RANK2] B @ 679.703369140625 (ms) to 725.013427734375 (ms), cudaEventElapsed = 45.283329010009766 (ms)
[RANK2] F @ 726.482421875 (ms) to 762.24267578125 (ms), cudaEventElapsed = 35.7283821105957 (ms)
[RANK2] B @ 763.68359375 (ms) to 809.776611328125 (ms), cudaEventElapsed = 46.0687370300293 (ms)
[RANK2] F @ 811.045654296875 (ms) to 846.893798828125 (ms), cudaEventElapsed = 35.82361602783203 (ms)
[RANK2] B @ 848.3251953125 (ms) to 894.2626953125 (ms), cudaEventElapsed = 45.91513442993164 (ms)
[RANK2] F @ 895.4931640625 (ms) to 931.15380859375 (ms), cudaEventElapsed = 35.63929748535156 (ms)
[RANK2] B @ 932.463623046875 (ms) to 978.0400390625 (ms), cudaEventElapsed = 45.5546875 (ms)
[RANK2] F @ 979.296875 (ms) to 1014.735107421875 (ms), cudaEventElapsed = 35.41708755493164 (ms)
[RANK2] B @ 1016.070068359375 (ms) to 1061.26171875 (ms), cudaEventElapsed = 45.16966247558594 (ms)
[RANK2] W @ 1062.020751953125 (ms) to 1085.359619140625 (ms), cudaEventElapsed = 23.318527221679688 (ms)
[RANK2] B @ 1094.639892578125 (ms) to 1141.19970703125 (ms), cudaEventElapsed = 46.536705017089844 (ms)
[RANK2] W @ 1141.9619140625 (ms) to 1167.63134765625 (ms), cudaEventElapsed = 25.648128509521484 (ms)
[RANK2] B @ 1173.783935546875 (ms) to 1220.76025390625 (ms), cudaEventElapsed = 46.95552062988281 (ms)
[RANK2] 10W @ 1222.8232421875 (ms) to 1495.630859375 (ms), cudaEventElapsed = 272.7792663574219 (ms)
