[RANK3] Iteration 1
[RANK3] F @ 260.243896484375 (ms) to 291.195068359375 (ms), cudaEventElapsed = 30.89232063293457 (ms)
[RANK3] B @ 291.401611328125 (ms) to 328.562255859375 (ms), cudaEventElapsed = 37.125118255615234 (ms)
[RANK3] F @ 332.056396484375 (ms) to 363.682373046875 (ms), cudaEventElapsed = 31.591392517089844 (ms)
[RANK3] B @ 363.743896484375 (ms) to 400.859619140625 (ms), cudaEventElapsed = 37.08620834350586 (ms)
[RANK3] F @ 441.675048828125 (ms) to 471.9521484375 (ms), cudaEventElapsed = 30.24140739440918 (ms)
[RANK3] B @ 472.010498046875 (ms) to 509.299072265625 (ms), cudaEventElapsed = 37.25312042236328 (ms)
[RANK3] F @ 598.16552734375 (ms) to 628.69775390625 (ms), cudaEventElapsed = 30.478431701660156 (ms)
[RANK3] B @ 628.770263671875 (ms) to 666.6728515625 (ms), cudaEventElapsed = 37.87161636352539 (ms)
[RANK3] F @ 677.41455078125 (ms) to 708.678955078125 (ms), cudaEventElapsed = 31.2238712310791 (ms)
[RANK3] B @ 708.7470703125 (ms) to 747.6748046875 (ms), cudaEventElapsed = 38.8935661315918 (ms)
[RANK3] F @ 757.474609375 (ms) to 788.730712890625 (ms), cudaEventElapsed = 31.220447540283203 (ms)
[RANK3] B @ 788.79296875 (ms) to 827.418212890625 (ms), cudaEventElapsed = 38.591487884521484 (ms)
[RANK3] F @ 837.196044921875 (ms) to 868.44775390625 (ms), cudaEventElapsed = 31.217727661132812 (ms)
[RANK3] B @ 868.5087890625 (ms) to 907.117919921875 (ms), cudaEventElapsed = 38.579200744628906 (ms)
[RANK3] F @ 1089.222900390625 (ms) to 1119.51708984375 (ms), cudaEventElapsed = 30.2325439453125 (ms)
[RANK3] B @ 1119.71728515625 (ms) to 1157.414306640625 (ms), cudaEventElapsed = 37.66579055786133 (ms)
[RANK3] W @ 1157.57421875 (ms) to 1203.58544921875 (ms), cudaEventElapsed = 16.40243148803711 (ms)
[RANK3] F @ 1203.77197265625 (ms) to 1234.255615234375 (ms), cudaEventElapsed = 30.449024200439453 (ms)
[RANK3] B @ 1234.312744140625 (ms) to 1272.51513671875 (ms), cudaEventElapsed = 38.1736946105957 (ms)
[RANK3] W @ 1272.76416015625 (ms) to 1294.054931640625 (ms), cudaEventElapsed = 20.207616806030273 (ms)
[RANK3] F @ 1332.318115234375 (ms) to 1362.31396484375 (ms), cudaEventElapsed = 29.956192016601562 (ms)
[RANK3] B @ 1362.368408203125 (ms) to 1398.436279296875 (ms), cudaEventElapsed = 36.0366096496582 (ms)
[RANK3] W @ 1398.741455078125 (ms) to 1419.47265625 (ms), cudaEventElapsed = 19.629056930541992 (ms)
[RANK3] F @ 1433.8017578125 (ms) to 1464.298095703125 (ms), cudaEventElapsed = 30.458688735961914 (ms)
[RANK3] B @ 1464.35302734375 (ms) to 1501.5048828125 (ms), cudaEventElapsed = 37.12102508544922 (ms)
[RANK3] W @ 1501.741943359375 (ms) to 1522.62060546875 (ms), cudaEventElapsed = 19.786752700805664 (ms)
[RANK3] F @ 1535.5224609375 (ms) to 1566.12353515625 (ms), cudaEventElapsed = 30.566783905029297 (ms)
[RANK3] B @ 1566.176513671875 (ms) to 1603.541748046875 (ms), cudaEventElapsed = 37.33708953857422 (ms)
[RANK3] 8W @ 1603.700439453125 (ms) to 1766.807373046875 (ms), cudaEventElapsed = 163.0740509033203 (ms)
[RANK3] Iteration 2
[RANK3] F @ 97.876708984375 (ms) to 128.661865234375 (ms), cudaEventElapsed = 30.71174430847168 (ms)
[RANK3] B @ 128.935302734375 (ms) to 172.640625 (ms), cudaEventElapsed = 36.515838623046875 (ms)
[RANK3] F @ 173.066162109375 (ms) to 204.153076171875 (ms), cudaEventElapsed = 31.05059242248535 (ms)
[RANK3] B @ 204.241455078125 (ms) to 242.5830078125 (ms), cudaEventElapsed = 38.30886459350586 (ms)
[RANK3] F @ 244.019287109375 (ms) to 276.267822265625 (ms), cudaEventElapsed = 32.21424102783203 (ms)
[RANK3] B @ 276.37646484375 (ms) to 314.371826171875 (ms), cudaEventElapsed = 37.959678649902344 (ms)
[RANK3] F @ 315.833251953125 (ms) to 347.838623046875 (ms), cudaEventElapsed = 31.971040725708008 (ms)
[RANK3] B @ 347.939208984375 (ms) to 385.850341796875 (ms), cudaEventElapsed = 37.87161636352539 (ms)
[RANK3] F @ 387.36083984375 (ms) to 420.148681640625 (ms), cudaEventElapsed = 32.747615814208984 (ms)
[RANK3] B @ 420.2431640625 (ms) to 458.080322265625 (ms), cudaEventElapsed = 37.80403137207031 (ms)
[RANK3] F @ 459.63720703125 (ms) to 492.158935546875 (ms), cudaEventElapsed = 32.48668670654297 (ms)
[RANK3] B @ 492.2470703125 (ms) to 530.3564453125 (ms), cudaEventElapsed = 38.07846450805664 (ms)
[RANK3] F @ 531.857421875 (ms) to 564.69873046875 (ms), cudaEventElapsed = 32.805057525634766 (ms)
[RANK3] B @ 564.788330078125 (ms) to 603.023193359375 (ms), cudaEventElapsed = 38.203392028808594 (ms)
[RANK3] F @ 603.357421875 (ms) to 635.3720703125 (ms), cudaEventElapsed = 31.982879638671875 (ms)
[RANK3] B @ 635.5966796875 (ms) to 674.9208984375 (ms), cudaEventElapsed = 39.29190444946289 (ms)
[RANK3] W @ 675.15478515625 (ms) to 695.07666015625 (ms), cudaEventElapsed = 19.88198471069336 (ms)
[RANK3] F @ 695.240234375 (ms) to 727.270751953125 (ms), cudaEventElapsed = 32.00035095214844 (ms)
[RANK3] B @ 727.35302734375 (ms) to 765.623291015625 (ms), cudaEventElapsed = 38.240257263183594 (ms)
[RANK3] W @ 765.892333984375 (ms) to 786.889404296875 (ms), cudaEventElapsed = 19.84614372253418 (ms)
[RANK3] F @ 817.77392578125 (ms) to 847.88037109375 (ms), cudaEventElapsed = 30.066463470458984 (ms)
[RANK3] B @ 847.967529296875 (ms) to 884.563720703125 (ms), cudaEventElapsed = 36.566017150878906 (ms)
[RANK3] W @ 884.813720703125 (ms) to 905.758544921875 (ms), cudaEventElapsed = 19.8287353515625 (ms)
[RANK3] F @ 920.050048828125 (ms) to 950.694580078125 (ms), cudaEventElapsed = 30.606815338134766 (ms)
[RANK3] B @ 950.779296875 (ms) to 988.35888671875 (ms), cudaEventElapsed = 37.5470085144043 (ms)
[RANK3] W @ 988.615966796875 (ms) to 1009.984375 (ms), cudaEventElapsed = 20.20966339111328 (ms)
[RANK3] F @ 1025.53271484375 (ms) to 1055.986083984375 (ms), cudaEventElapsed = 30.4169921875 (ms)
[RANK3] B @ 1056.064697265625 (ms) to 1093.59716796875 (ms), cudaEventElapsed = 37.49990463256836 (ms)
[RANK3] 8W @ 1093.841796875 (ms) to 1258.12353515625 (ms), cudaEventElapsed = 164.23936462402344 (ms)
[RANK3] Iteration 3
[RANK3] F @ 97.164306640625 (ms) to 127.611328125 (ms), cudaEventElapsed = 30.405344009399414 (ms)
[RANK3] B @ 127.84423828125 (ms) to 172.413330078125 (ms), cudaEventElapsed = 36.13593673706055 (ms)
[RANK3] F @ 173.06640625 (ms) to 203.98876953125 (ms), cudaEventElapsed = 30.8885440826416 (ms)
[RANK3] B @ 204.070556640625 (ms) to 242.51806640625 (ms), cudaEventElapsed = 38.41740798950195 (ms)
[RANK3] F @ 243.97412109375 (ms) to 276.3857421875 (ms), cudaEventElapsed = 32.37855911254883 (ms)
[RANK3] B @ 276.473388671875 (ms) to 314.6337890625 (ms), cudaEventElapsed = 38.128639221191406 (ms)
[RANK3] F @ 316.07666015625 (ms) to 348.255859375 (ms), cudaEventElapsed = 32.14643096923828 (ms)
[RANK3] B @ 348.348388671875 (ms) to 386.396728515625 (ms), cudaEventElapsed = 38.014976501464844 (ms)
[RANK3] F @ 387.855712890625 (ms) to 420.48291015625 (ms), cudaEventElapsed = 32.59404754638672 (ms)
[RANK3] B @ 420.56787109375 (ms) to 458.427734375 (ms), cudaEventElapsed = 37.82963180541992 (ms)
[RANK3] F @ 459.97216796875 (ms) to 492.48095703125 (ms), cudaEventElapsed = 32.47564697265625 (ms)
[RANK3] B @ 492.56689453125 (ms) to 530.457275390625 (ms), cudaEventElapsed = 37.85932922363281 (ms)
[RANK3] F @ 531.92431640625 (ms) to 564.526611328125 (ms), cudaEventElapsed = 32.568702697753906 (ms)
[RANK3] B @ 564.614501953125 (ms) to 602.908203125 (ms), cudaEventElapsed = 38.26176071166992 (ms)
[RANK3] F @ 603.22021484375 (ms) to 635.160400390625 (ms), cudaEventElapsed = 31.909984588623047 (ms)
[RANK3] B @ 635.3671875 (ms) to 674.7060546875 (ms), cudaEventElapsed = 39.30624008178711 (ms)
[RANK3] W @ 674.92578125 (ms) to 694.727783203125 (ms), cudaEventElapsed = 19.767295837402344 (ms)
[RANK3] F @ 694.892333984375 (ms) to 727.072021484375 (ms), cudaEventElapsed = 32.150142669677734 (ms)
[RANK3] B @ 727.15283203125 (ms) to 765.568603515625 (ms), cudaEventElapsed = 38.38566589355469 (ms)
[RANK3] W @ 765.832275390625 (ms) to 786.846435546875 (ms), cudaEventElapsed = 19.83692741394043 (ms)
[RANK3] F @ 819.409912109375 (ms) to 849.518798828125 (ms), cudaEventElapsed = 30.071456909179688 (ms)
[RANK3] B @ 849.599609375 (ms) to 886.33251953125 (ms), cudaEventElapsed = 36.70220947265625 (ms)
[RANK3] W @ 886.604736328125 (ms) to 907.56787109375 (ms), cudaEventElapsed = 19.84921646118164 (ms)
[RANK3] F @ 921.26708984375 (ms) to 951.97021484375 (ms), cudaEventElapsed = 30.66636848449707 (ms)
[RANK3] B @ 952.0556640625 (ms) to 989.82763671875 (ms), cudaEventElapsed = 37.740543365478516 (ms)
[RANK3] W @ 990.075439453125 (ms) to 1011.412109375 (ms), cudaEventElapsed = 20.213760375976562 (ms)
[RANK3] F @ 1025.1005859375 (ms) to 1055.515380859375 (ms), cudaEventElapsed = 30.371583938598633 (ms)
[RANK3] B @ 1055.59716796875 (ms) to 1093.1103515625 (ms), cudaEventElapsed = 37.4835205078125 (ms)
[RANK3] 8W @ 1093.296630859375 (ms) to 1258.7099609375 (ms), cudaEventElapsed = 165.38009643554688 (ms)
[RANK3] Iteration 4
[RANK3] F @ 97.974365234375 (ms) to 128.572265625 (ms), cudaEventElapsed = 30.54800033569336 (ms)
[RANK3] B @ 128.816162109375 (ms) to 173.69970703125 (ms), cudaEventElapsed = 36.539390563964844 (ms)
[RANK3] F @ 174.102783203125 (ms) to 206.68212890625 (ms), cudaEventElapsed = 32.542625427246094 (ms)
[RANK3] B @ 206.7802734375 (ms) to 245.619140625 (ms), cudaEventElapsed = 38.807552337646484 (ms)
[RANK3] F @ 247.01513671875 (ms) to 280.615234375 (ms), cudaEventElapsed = 33.567840576171875 (ms)
[RANK3] B @ 280.7138671875 (ms) to 319.384765625 (ms), cudaEventElapsed = 38.628353118896484 (ms)
[RANK3] F @ 320.907470703125 (ms) to 354.891845703125 (ms), cudaEventElapsed = 33.949214935302734 (ms)
[RANK3] B @ 354.99267578125 (ms) to 393.737548828125 (ms), cudaEventElapsed = 38.71129608154297 (ms)
[RANK3] F @ 395.16943359375 (ms) to 429.140625 (ms), cudaEventElapsed = 33.93657684326172 (ms)
[RANK3] B @ 429.23291015625 (ms) to 467.6142578125 (ms), cudaEventElapsed = 38.34675216674805 (ms)
[RANK3] F @ 469.18701171875 (ms) to 503.305908203125 (ms), cudaEventElapsed = 34.08486557006836 (ms)
[RANK3] B @ 503.391845703125 (ms) to 542.47802734375 (ms), cudaEventElapsed = 39.05331039428711 (ms)
[RANK3] F @ 544.110107421875 (ms) to 578.729736328125 (ms), cudaEventElapsed = 34.58396911621094 (ms)
[RANK3] B @ 578.826171875 (ms) to 617.351806640625 (ms), cudaEventElapsed = 38.49216079711914 (ms)
[RANK3] F @ 617.663330078125 (ms) to 650.611328125 (ms), cudaEventElapsed = 32.91337585449219 (ms)
[RANK3] B @ 650.8466796875 (ms) to 690.896240234375 (ms), cudaEventElapsed = 40.01689529418945 (ms)
[RANK3] W @ 691.081787109375 (ms) to 719.25927734375 (ms), cudaEventElapsed = 19.117055892944336 (ms)
[RANK3] F @ 719.4208984375 (ms) to 752.481201171875 (ms), cudaEventElapsed = 33.02876663208008 (ms)
[RANK3] B @ 752.5654296875 (ms) to 791.468017578125 (ms), cudaEventElapsed = 38.87104034423828 (ms)
[RANK3] W @ 791.728271484375 (ms) to 814.77001953125 (ms), cudaEventElapsed = 21.83679962158203 (ms)
[RANK3] F @ 855.313720703125 (ms) to 885.414794921875 (ms), cudaEventElapsed = 30.063232421875 (ms)
[RANK3] B @ 885.49755859375 (ms) to 923.223876953125 (ms), cudaEventElapsed = 37.69548797607422 (ms)
[RANK3] W @ 923.474853515625 (ms) to 946.43603515625 (ms), cudaEventElapsed = 21.72211265563965 (ms)
[RANK3] F @ 973.59130859375 (ms) to 1004.617919921875 (ms), cudaEventElapsed = 30.989887237548828 (ms)
[RANK3] B @ 1004.69873046875 (ms) to 1042.903564453125 (ms), cudaEventElapsed = 38.16960144042969 (ms)
[RANK3] W @ 1043.1484375 (ms) to 1065.851318359375 (ms), cudaEventElapsed = 21.49171257019043 (ms)
[RANK3] F @ 1085.2373046875 (ms) to 1116.77880859375 (ms), cudaEventElapsed = 31.504608154296875 (ms)
[RANK3] B @ 1116.858642578125 (ms) to 1154.611328125 (ms), cudaEventElapsed = 37.722110748291016 (ms)
[RANK3] 8W @ 1154.806884765625 (ms) to 1344.63720703125 (ms), cudaEventElapsed = 189.79635620117188 (ms)
[RANK3] Iteration 5
[RANK3] F @ 98.035400390625 (ms) to 128.7255859375 (ms), cudaEventElapsed = 30.64169692993164 (ms)
[RANK3] B @ 128.971923828125 (ms) to 173.173095703125 (ms), cudaEventElapsed = 36.106239318847656 (ms)
[RANK3] F @ 173.97509765625 (ms) to 205.91015625 (ms), cudaEventElapsed = 31.89673614501953 (ms)
[RANK3] B @ 206.005859375 (ms) to 244.70556640625 (ms), cudaEventElapsed = 38.66624069213867 (ms)
[RANK3] F @ 246.15576171875 (ms) to 280.0673828125 (ms), cudaEventElapsed = 33.87776184082031 (ms)
[RANK3] B @ 280.170654296875 (ms) to 319.409912109375 (ms), cudaEventElapsed = 39.204864501953125 (ms)
[RANK3] F @ 320.878662109375 (ms) to 355.120361328125 (ms), cudaEventElapsed = 34.20652770996094 (ms)
[RANK3] B @ 355.215576171875 (ms) to 393.4658203125 (ms), cudaEventElapsed = 38.21772766113281 (ms)
[RANK3] F @ 394.927001953125 (ms) to 428.28076171875 (ms), cudaEventElapsed = 33.32048034667969 (ms)
[RANK3] B @ 428.3896484375 (ms) to 466.780517578125 (ms), cudaEventElapsed = 38.353919982910156 (ms)
[RANK3] F @ 468.335693359375 (ms) to 502.508544921875 (ms), cudaEventElapsed = 34.1385612487793 (ms)
[RANK3] B @ 502.598876953125 (ms) to 541.275390625 (ms), cudaEventElapsed = 38.64371109008789 (ms)
[RANK3] F @ 542.766845703125 (ms) to 577.263671875 (ms), cudaEventElapsed = 34.464576721191406 (ms)
[RANK3] B @ 577.349853515625 (ms) to 616.16552734375 (ms), cudaEventElapsed = 38.78297424316406 (ms)
[RANK3] F @ 616.4775390625 (ms) to 649.6787109375 (ms), cudaEventElapsed = 33.161983489990234 (ms)
[RANK3] B @ 649.885498046875 (ms) to 689.975341796875 (ms), cudaEventElapsed = 40.05887985229492 (ms)
[RANK3] W @ 690.14892578125 (ms) to 717.47802734375 (ms), cudaEventElapsed = 19.138559341430664 (ms)
[RANK3] F @ 717.63720703125 (ms) to 751.656494140625 (ms), cudaEventElapsed = 33.97459030151367 (ms)
[RANK3] B @ 751.73828125 (ms) to 791.2099609375 (ms), cudaEventElapsed = 39.44140625 (ms)
[RANK3] W @ 791.451904296875 (ms) to 814.40673828125 (ms), cudaEventElapsed = 21.86956787109375 (ms)
[RANK3] F @ 854.275634765625 (ms) to 884.282958984375 (ms), cudaEventElapsed = 29.970016479492188 (ms)
[RANK3] B @ 884.36572265625 (ms) to 921.64794921875 (ms), cudaEventElapsed = 37.25209426879883 (ms)
[RANK3] W @ 921.896240234375 (ms) to 945.108642578125 (ms), cudaEventElapsed = 22.001663208007812 (ms)
[RANK3] F @ 971.149658203125 (ms) to 1002.005126953125 (ms), cudaEventElapsed = 30.819583892822266 (ms)
[RANK3] B @ 1002.087890625 (ms) to 1040.218505859375 (ms), cudaEventElapsed = 38.09791946411133 (ms)
[RANK3] W @ 1040.471435546875 (ms) to 1063.22216796875 (ms), cudaEventElapsed = 21.539840698242188 (ms)
[RANK3] F @ 1084.476806640625 (ms) to 1115.7998046875 (ms), cudaEventElapsed = 31.28860855102539 (ms)
[RANK3] B @ 1115.881591796875 (ms) to 1152.974853515625 (ms), cudaEventElapsed = 37.06163024902344 (ms)
[RANK3] 8W @ 1153.15673828125 (ms) to 1343.556884765625 (ms), cudaEventElapsed = 190.3636474609375 (ms)
[RANK3] Iteration 6
[RANK3] F @ 98.548095703125 (ms) to 129.369873046875 (ms), cudaEventElapsed = 30.75279998779297 (ms)
[RANK3] B @ 129.69384765625 (ms) to 173.6611328125 (ms), cudaEventElapsed = 36.79539108276367 (ms)
[RANK3] F @ 174.80322265625 (ms) to 208.03076171875 (ms), cudaEventElapsed = 33.18844985961914 (ms)
[RANK3] B @ 208.125732421875 (ms) to 246.947509765625 (ms), cudaEventElapsed = 38.789119720458984 (ms)
[RANK3] F @ 248.377197265625 (ms) to 281.69091796875 (ms), cudaEventElapsed = 33.2795524597168 (ms)
[RANK3] B @ 281.78955078125 (ms) to 320.487060546875 (ms), cudaEventElapsed = 38.66419219970703 (ms)
[RANK3] F @ 321.901123046875 (ms) to 356.05078125 (ms), cudaEventElapsed = 34.11644744873047 (ms)
[RANK3] B @ 356.15380859375 (ms) to 395.235595703125 (ms), cudaEventElapsed = 39.04716873168945 (ms)
[RANK3] F @ 396.634033203125 (ms) to 431.169189453125 (ms), cudaEventElapsed = 34.50041580200195 (ms)
[RANK3] B @ 431.258056640625 (ms) to 469.62744140625 (ms), cudaEventElapsed = 38.338558197021484 (ms)
[RANK3] F @ 471.354736328125 (ms) to 504.866455078125 (ms), cudaEventElapsed = 33.477439880371094 (ms)
[RANK3] B @ 504.95654296875 (ms) to 543.704345703125 (ms), cudaEventElapsed = 38.71744155883789 (ms)
[RANK3] F @ 545.215576171875 (ms) to 579.519775390625 (ms), cudaEventElapsed = 34.26959991455078 (ms)
[RANK3] B @ 579.607177734375 (ms) to 618.71533203125 (ms), cudaEventElapsed = 39.07583999633789 (ms)
[RANK3] F @ 619.01904296875 (ms) to 652.39794921875 (ms), cudaEventElapsed = 33.34758377075195 (ms)
[RANK3] B @ 652.611083984375 (ms) to 692.332275390625 (ms), cudaEventElapsed = 39.68409729003906 (ms)
[RANK3] W @ 692.510498046875 (ms) to 722.634033203125 (ms), cudaEventElapsed = 20.590591430664062 (ms)
[RANK3] F @ 722.7919921875 (ms) to 755.956298828125 (ms), cudaEventElapsed = 33.13353729248047 (ms)
[RANK3] B @ 756.0361328125 (ms) to 795.52294921875 (ms), cudaEventElapsed = 39.455745697021484 (ms)
[RANK3] W @ 795.77978515625 (ms) to 819.00732421875 (ms), cudaEventElapsed = 22.09177589416504 (ms)
[RANK3] F @ 858.568359375 (ms) to 888.756591796875 (ms), cudaEventElapsed = 30.14944076538086 (ms)
[RANK3] B @ 888.837158203125 (ms) to 926.22412109375 (ms), cudaEventElapsed = 37.356544494628906 (ms)
[RANK3] W @ 926.469970703125 (ms) to 949.42822265625 (ms), cudaEventElapsed = 21.741567611694336 (ms)
[RANK3] F @ 976.263427734375 (ms) to 1007.35595703125 (ms), cudaEventElapsed = 31.047391891479492 (ms)
[RANK3] B @ 1007.43603515625 (ms) to 1045.359375 (ms), cudaEventElapsed = 37.89311981201172 (ms)
[RANK3] W @ 1045.62548828125 (ms) to 1068.509765625 (ms), cudaEventElapsed = 21.6760311126709 (ms)
[RANK3] F @ 1086.98876953125 (ms) to 1118.27001953125 (ms), cudaEventElapsed = 31.24550437927246 (ms)
[RANK3] B @ 1118.349609375 (ms) to 1156.782470703125 (ms), cudaEventElapsed = 38.401023864746094 (ms)
[RANK3] 8W @ 1156.97216796875 (ms) to 1348.978271484375 (ms), cudaEventElapsed = 191.96826171875 (ms)
[RANK3] Iteration 7
[RANK3] F @ 91.497314453125 (ms) to 120.947021484375 (ms), cudaEventElapsed = 29.383071899414062 (ms)
[RANK3] F @ 127.038330078125 (ms) to 157.07666015625 (ms), cudaEventElapsed = 29.996511459350586 (ms)
[RANK3] F @ 165.840576171875 (ms) to 197.153076171875 (ms), cudaEventElapsed = 31.274431228637695 (ms)
[RANK3] F @ 201.732177734375 (ms) to 233.515380859375 (ms), cudaEventElapsed = 31.747743606567383 (ms)
[RANK3] F @ 237.470458984375 (ms) to 269.80078125 (ms), cudaEventElapsed = 32.296607971191406 (ms)
[RANK3] F @ 273.2041015625 (ms) to 306.164306640625 (ms), cudaEventElapsed = 32.926143646240234 (ms)
[RANK3] F @ 308.986083984375 (ms) to 342.31103515625 (ms), cudaEventElapsed = 33.289920806884766 (ms)
[RANK3] F @ 343.8291015625 (ms) to 375.39208984375 (ms), cudaEventElapsed = 31.528160095214844 (ms)
[RANK3] F @ 379.732177734375 (ms) to 411.478515625 (ms), cudaEventElapsed = 31.71129608154297 (ms)
[RANK3] F @ 415.99853515625 (ms) to 447.566650390625 (ms), cudaEventElapsed = 31.53436851501465 (ms)
[RANK3] F @ 452.160400390625 (ms) to 484.89501953125 (ms), cudaEventElapsed = 32.69945526123047 (ms)
[RANK3] F @ 488.413818359375 (ms) to 520.704833984375 (ms), cudaEventElapsed = 32.257022857666016 (ms)
