[RANK1] Iteration 1
[RANK1] F @ 83.9755859375 (ms) to 116.049072265625 (ms), cudaEventElapsed = 32.012542724609375 (ms)
[RANK1] F @ 166.5791015625 (ms) to 198.2216796875 (ms), cudaEventElapsed = 31.592735290527344 (ms)
[RANK1] F @ 198.669677734375 (ms) to 232.3125 (ms), cudaEventElapsed = 33.60300827026367 (ms)
[RANK1] F @ 232.631103515625 (ms) to 512.508544921875 (ms), cudaEventElapsed = 279.838623046875 (ms)
[RANK1] F @ 514.15576171875 (ms) to 550.582275390625 (ms), cudaEventElapsed = 36.38681411743164 (ms)
[RANK1] B @ 564.544189453125 (ms) to 606.17822265625 (ms), cudaEventElapsed = 41.58988952636719 (ms)
[RANK1] F @ 609.4462890625 (ms) to 642.5654296875 (ms), cudaEventElapsed = 33.082271575927734 (ms)
[RANK1] B @ 642.89208984375 (ms) to 686.84912109375 (ms), cudaEventElapsed = 43.92291259765625 (ms)
[RANK1] F @ 688.149658203125 (ms) to 722.3740234375 (ms), cudaEventElapsed = 34.18415832519531 (ms)
[RANK1] B @ 722.69921875 (ms) to 766.71044921875 (ms), cudaEventElapsed = 43.97785568237305 (ms)
[RANK1] F @ 767.053466796875 (ms) to 801.25537109375 (ms), cudaEventElapsed = 34.163265228271484 (ms)
[RANK1] B @ 801.653076171875 (ms) to 845.72705078125 (ms), cudaEventElapsed = 44.03968048095703 (ms)
[RANK1] W @ 845.95361328125 (ms) to 867.6064453125 (ms), cudaEventElapsed = 21.616640090942383 (ms)
[RANK1] F @ 867.739501953125 (ms) to 902.2060546875 (ms), cudaEventElapsed = 34.436126708984375 (ms)
[RANK1] B @ 1059.689453125 (ms) to 1099.645751953125 (ms), cudaEventElapsed = 39.915870666503906 (ms)
[RANK1] B @ 1137.874755859375 (ms) to 1176.88037109375 (ms), cudaEventElapsed = 38.96636962890625 (ms)
[RANK1] W @ 1177.036376953125 (ms) to 1196.201171875 (ms), cudaEventElapsed = 19.135488510131836 (ms)
[RANK1] F @ 1196.446533203125 (ms) to 1230.82080078125 (ms), cudaEventElapsed = 34.344512939453125 (ms)
[RANK1] B @ 1239.28857421875 (ms) to 1283.7392578125 (ms), cudaEventElapsed = 44.41116714477539 (ms)
[RANK1] B @ 1285.09228515625 (ms) to 1326.4482421875 (ms), cudaEventElapsed = 41.32310485839844 (ms)
[RANK1] W @ 1326.583740234375 (ms) to 1346.352294921875 (ms), cudaEventElapsed = 19.733503341674805 (ms)
[RANK1] F @ 1346.58984375 (ms) to 1381.241455078125 (ms), cudaEventElapsed = 34.61929702758789 (ms)
[RANK1] B @ 1381.539794921875 (ms) to 1425.996826171875 (ms), cudaEventElapsed = 44.42416000366211 (ms)
[RANK1] W @ 1426.20751953125 (ms) to 1448.3447265625 (ms), cudaEventElapsed = 21.132287979125977 (ms)
[RANK1] F @ 1448.58349609375 (ms) to 1483.0791015625 (ms), cudaEventElapsed = 34.46275329589844 (ms)
[RANK1] B @ 1483.373291015625 (ms) to 1527.48388671875 (ms), cudaEventElapsed = 44.07904052734375 (ms)
[RANK1] W @ 1527.618408203125 (ms) to 1548.699951171875 (ms), cudaEventElapsed = 21.04627227783203 (ms)
[RANK1] W @ 1548.835205078125 (ms) to 1570.28271484375 (ms), cudaEventElapsed = 21.419008255004883 (ms)
[RANK1] B @ 1584.31298828125 (ms) to 1624.912841796875 (ms), cudaEventElapsed = 40.56470489501953 (ms)
[RANK1] W @ 1625.044921875 (ms) to 1644.47509765625 (ms), cudaEventElapsed = 19.394559860229492 (ms)
[RANK1] W @ 1644.60986328125 (ms) to 1665.6435546875 (ms), cudaEventElapsed = 21.006336212158203 (ms)
[RANK1] B @ 1669.744873046875 (ms) to 1712.13330078125 (ms), cudaEventElapsed = 42.35491180419922 (ms)
[RANK1] 4W @ 1712.265380859375 (ms) to 1796.298583984375 (ms), cudaEventElapsed = 84.00281524658203 (ms)
[RANK1] Iteration 2
[RANK1] F @ 30.50244140625 (ms) to 62.24853515625 (ms), cudaEventElapsed = 31.70969581604004 (ms)
[RANK1] F @ 62.645751953125 (ms) to 96.88623046875 (ms), cudaEventElapsed = 34.20278549194336 (ms)
[RANK1] F @ 97.268310546875 (ms) to 133.624267578125 (ms), cudaEventElapsed = 36.32428741455078 (ms)
[RANK1] F @ 133.9404296875 (ms) to 170.40966796875 (ms), cudaEventElapsed = 36.437217712402344 (ms)
[RANK1] F @ 173.188232421875 (ms) to 209.06103515625 (ms), cudaEventElapsed = 35.839073181152344 (ms)
[RANK1] B @ 226.168701171875 (ms) to 267.7099609375 (ms), cudaEventElapsed = 41.50092697143555 (ms)
[RANK1] F @ 268.06640625 (ms) to 301.618896484375 (ms), cudaEventElapsed = 33.51871871948242 (ms)
[RANK1] B @ 305.1123046875 (ms) to 349.215576171875 (ms), cudaEventElapsed = 44.06595230102539 (ms)
[RANK1] F @ 350.578369140625 (ms) to 384.524658203125 (ms), cudaEventElapsed = 33.90668869018555 (ms)
[RANK1] B @ 385.456298828125 (ms) to 429.69091796875 (ms), cudaEventElapsed = 44.197471618652344 (ms)
[RANK1] F @ 430.0537109375 (ms) to 464.61767578125 (ms), cudaEventElapsed = 34.52703857421875 (ms)
[RANK1] B @ 465.669921875 (ms) to 509.676025390625 (ms), cudaEventElapsed = 43.96694564819336 (ms)
[RANK1] W @ 509.941650390625 (ms) to 531.582275390625 (ms), cudaEventElapsed = 21.495807647705078 (ms)
[RANK1] F @ 531.74169921875 (ms) to 565.60009765625 (ms), cudaEventElapsed = 33.828033447265625 (ms)
[RANK1] B @ 567.12890625 (ms) to 612.981689453125 (ms), cudaEventElapsed = 45.81731033325195 (ms)
[RANK1] B @ 624.87109375 (ms) to 665.607666015625 (ms), cudaEventElapsed = 40.684417724609375 (ms)
[RANK1] W @ 665.80859375 (ms) to 685.716552734375 (ms), cudaEventElapsed = 19.87174415588379 (ms)
[RANK1] F @ 686.0048828125 (ms) to 720.607666015625 (ms), cudaEventElapsed = 34.573089599609375 (ms)
[RANK1] B @ 727.5478515625 (ms) to 772.611083984375 (ms), cudaEventElapsed = 45.019134521484375 (ms)
[RANK1] B @ 774.025390625 (ms) to 815.69384765625 (ms), cudaEventElapsed = 41.63100814819336 (ms)
[RANK1] W @ 815.87744140625 (ms) to 835.9375 (ms), cudaEventElapsed = 20.01817512512207 (ms)
[RANK1] F @ 836.20947265625 (ms) to 870.65673828125 (ms), cudaEventElapsed = 34.41513442993164 (ms)
[RANK1] B @ 871.008056640625 (ms) to 916.220703125 (ms), cudaEventElapsed = 45.17756652832031 (ms)
[RANK1] W @ 916.449462890625 (ms) to 939.080810546875 (ms), cudaEventElapsed = 21.580799102783203 (ms)
[RANK1] F @ 939.349853515625 (ms) to 973.79248046875 (ms), cudaEventElapsed = 34.411006927490234 (ms)
[RANK1] B @ 974.124267578125 (ms) to 1018.211669921875 (ms), cudaEventElapsed = 44.052574157714844 (ms)
[RANK1] W @ 1018.376953125 (ms) to 1039.4951171875 (ms), cudaEventElapsed = 21.081087112426758 (ms)
[RANK1] W @ 1039.664306640625 (ms) to 1061.101318359375 (ms), cudaEventElapsed = 21.407743453979492 (ms)
[RANK1] B @ 1074.211181640625 (ms) to 1115.036376953125 (ms), cudaEventElapsed = 40.78927993774414 (ms)
[RANK1] W @ 1115.195068359375 (ms) to 1134.786376953125 (ms), cudaEventElapsed = 19.559423446655273 (ms)
[RANK1] W @ 1134.954345703125 (ms) to 1155.932861328125 (ms), cudaEventElapsed = 20.951040267944336 (ms)
[RANK1] B @ 1160.05029296875 (ms) to 1202.078125 (ms), cudaEventElapsed = 41.994110107421875 (ms)
[RANK1] 4W @ 1202.243896484375 (ms) to 1285.884033203125 (ms), cudaEventElapsed = 83.60652923583984 (ms)
[RANK1] Iteration 3
[RANK1] F @ 30.498291015625 (ms) to 62.355712890625 (ms), cudaEventElapsed = 31.822431564331055 (ms)
[RANK1] F @ 62.740966796875 (ms) to 97.34765625 (ms), cudaEventElapsed = 34.57334518432617 (ms)
[RANK1] F @ 97.738525390625 (ms) to 134.78466796875 (ms), cudaEventElapsed = 37.009952545166016 (ms)
[RANK1] F @ 135.10400390625 (ms) to 171.567626953125 (ms), cudaEventElapsed = 36.429344177246094 (ms)
[RANK1] F @ 174.005615234375 (ms) to 209.658203125 (ms), cudaEventElapsed = 35.617313385009766 (ms)
[RANK1] B @ 225.52685546875 (ms) to 267.223876953125 (ms), cudaEventElapsed = 41.656288146972656 (ms)
[RANK1] F @ 267.5859375 (ms) to 301.07177734375 (ms), cudaEventElapsed = 33.452064514160156 (ms)
[RANK1] B @ 303.899169921875 (ms) to 348.06396484375 (ms), cudaEventElapsed = 44.11759948730469 (ms)
[RANK1] F @ 349.43994140625 (ms) to 383.6611328125 (ms), cudaEventElapsed = 34.1833610534668 (ms)
[RANK1] B @ 384.023193359375 (ms) to 428.23193359375 (ms), cudaEventElapsed = 44.173248291015625 (ms)
[RANK1] F @ 428.58740234375 (ms) to 463.1162109375 (ms), cudaEventElapsed = 34.48787307739258 (ms)
[RANK1] B @ 463.51611328125 (ms) to 507.651611328125 (ms), cudaEventElapsed = 44.10086441040039 (ms)
[RANK1] W @ 507.904052734375 (ms) to 529.772705078125 (ms), cudaEventElapsed = 21.711872100830078 (ms)
[RANK1] F @ 529.93896484375 (ms) to 563.859130859375 (ms), cudaEventElapsed = 33.88790512084961 (ms)
[RANK1] B @ 565.296875 (ms) to 610.870849609375 (ms), cudaEventElapsed = 45.53958511352539 (ms)
[RANK1] B @ 621.714111328125 (ms) to 662.319091796875 (ms), cudaEventElapsed = 40.562049865722656 (ms)
[RANK1] W @ 662.500732421875 (ms) to 682.1884765625 (ms), cudaEventElapsed = 19.65670394897461 (ms)
[RANK1] F @ 682.4560546875 (ms) to 717.15185546875 (ms), cudaEventElapsed = 34.664608001708984 (ms)
[RANK1] B @ 724.97900390625 (ms) to 769.492919921875 (ms), cudaEventElapsed = 44.47283172607422 (ms)
[RANK1] B @ 771.0595703125 (ms) to 812.37451171875 (ms), cudaEventElapsed = 41.279937744140625 (ms)
[RANK1] W @ 812.54443359375 (ms) to 832.41748046875 (ms), cudaEventElapsed = 19.84000015258789 (ms)
[RANK1] F @ 832.6826171875 (ms) to 866.85205078125 (ms), cudaEventElapsed = 34.1363525390625 (ms)
[RANK1] B @ 867.180908203125 (ms) to 912.32666015625 (ms), cudaEventElapsed = 45.112449645996094 (ms)
[RANK1] W @ 912.551025390625 (ms) to 935.2646484375 (ms), cudaEventElapsed = 21.692415237426758 (ms)
[RANK1] F @ 935.5263671875 (ms) to 970.23828125 (ms), cudaEventElapsed = 34.676414489746094 (ms)
[RANK1] B @ 970.599853515625 (ms) to 1014.949462890625 (ms), cudaEventElapsed = 44.31660842895508 (ms)
[RANK1] W @ 1015.1103515625 (ms) to 1036.5009765625 (ms), cudaEventElapsed = 21.354496002197266 (ms)
[RANK1] W @ 1036.669921875 (ms) to 1058.35791015625 (ms), cudaEventElapsed = 21.659648895263672 (ms)
[RANK1] B @ 1072.93603515625 (ms) to 1113.66650390625 (ms), cudaEventElapsed = 40.695552825927734 (ms)
[RANK1] W @ 1113.828125 (ms) to 1133.21826171875 (ms), cudaEventElapsed = 19.355648040771484 (ms)
[RANK1] W @ 1133.376953125 (ms) to 1154.459228515625 (ms), cudaEventElapsed = 21.05548858642578 (ms)
[RANK1] B @ 1159.21044921875 (ms) to 1201.421142578125 (ms), cudaEventElapsed = 42.17708969116211 (ms)
[RANK1] 4W @ 1201.586669921875 (ms) to 1285.39404296875 (ms), cudaEventElapsed = 83.77446746826172 (ms)
[RANK1] Iteration 4
[RANK1] F @ 30.500244140625 (ms) to 62.3828125 (ms), cudaEventElapsed = 31.84694480895996 (ms)
[RANK1] F @ 62.773681640625 (ms) to 97.2373046875 (ms), cudaEventElapsed = 34.42825698852539 (ms)
[RANK1] F @ 97.640380859375 (ms) to 135.140380859375 (ms), cudaEventElapsed = 37.46684646606445 (ms)
[RANK1] F @ 135.47705078125 (ms) to 171.944091796875 (ms), cudaEventElapsed = 36.42272186279297 (ms)
[RANK1] F @ 174.39892578125 (ms) to 210.227783203125 (ms), cudaEventElapsed = 35.793758392333984 (ms)
[RANK1] B @ 226.4921875 (ms) to 269.088623046875 (ms), cudaEventElapsed = 42.55558395385742 (ms)
[RANK1] F @ 269.47900390625 (ms) to 304.59912109375 (ms), cudaEventElapsed = 35.085601806640625 (ms)
[RANK1] B @ 307.808349609375 (ms) to 352.468994140625 (ms), cudaEventElapsed = 44.62236785888672 (ms)
[RANK1] F @ 353.8671875 (ms) to 389.673828125 (ms), cudaEventElapsed = 35.76588821411133 (ms)
[RANK1] B @ 390.87353515625 (ms) to 435.813232421875 (ms), cudaEventElapsed = 44.90227127075195 (ms)
[RANK1] F @ 436.17236328125 (ms) to 472.42724609375 (ms), cudaEventElapsed = 36.21769714355469 (ms)
[RANK1] B @ 473.639892578125 (ms) to 518.37255859375 (ms), cudaEventElapsed = 44.69500732421875 (ms)
[RANK1] W @ 518.623291015625 (ms) to 542.6328125 (ms), cudaEventElapsed = 23.87353515625 (ms)
[RANK1] F @ 542.7900390625 (ms) to 580.84814453125 (ms), cudaEventElapsed = 38.02684783935547 (ms)
[RANK1] B @ 582.2734375 (ms) to 629.781005859375 (ms), cudaEventElapsed = 47.4719352722168 (ms)
[RANK1] B @ 638.77294921875 (ms) to 682.086181640625 (ms), cudaEventElapsed = 43.2760009765625 (ms)
[RANK1] W @ 682.25732421875 (ms) to 705.88525390625 (ms), cudaEventElapsed = 23.597055435180664 (ms)
[RANK1] F @ 706.15771484375 (ms) to 746.148193359375 (ms), cudaEventElapsed = 39.18182373046875 (ms)
[RANK1] B @ 747.73876953125 (ms) to 794.686767578125 (ms), cudaEventElapsed = 46.914432525634766 (ms)
[RANK1] B @ 795.992431640625 (ms) to 840.26513671875 (ms), cudaEventElapsed = 44.24185562133789 (ms)
[RANK1] W @ 840.412841796875 (ms) to 863.91015625 (ms), cudaEventElapsed = 23.47110366821289 (ms)
[RANK1] F @ 864.154052734375 (ms) to 905.458251953125 (ms), cudaEventElapsed = 41.273311614990234 (ms)
[RANK1] B @ 905.739013671875 (ms) to 954.31591796875 (ms), cudaEventElapsed = 48.54713439941406 (ms)
[RANK1] W @ 954.53466796875 (ms) to 979.830322265625 (ms), cudaEventElapsed = 24.242176055908203 (ms)
[RANK1] F @ 980.087158203125 (ms) to 1019.450927734375 (ms), cudaEventElapsed = 39.33494567871094 (ms)
[RANK1] B @ 1020.0234375 (ms) to 1066.069580078125 (ms), cudaEventElapsed = 46.01548767089844 (ms)
[RANK1] W @ 1066.22802734375 (ms) to 1090.22119140625 (ms), cudaEventElapsed = 23.957504272460938 (ms)
[RANK1] W @ 1090.372802734375 (ms) to 1118.030029296875 (ms), cudaEventElapsed = 27.631616592407227 (ms)
[RANK1] B @ 1129.943359375 (ms) to 1174.934326171875 (ms), cudaEventElapsed = 44.96259307861328 (ms)
[RANK1] W @ 1175.076416015625 (ms) to 1197.429931640625 (ms), cudaEventElapsed = 22.32524871826172 (ms)
[RANK1] W @ 1197.57568359375 (ms) to 1224.52880859375 (ms), cudaEventElapsed = 26.927104949951172 (ms)
[RANK1] B @ 1228.1337890625 (ms) to 1275.109130859375 (ms), cudaEventElapsed = 46.947425842285156 (ms)
[RANK1] 4W @ 1275.258056640625 (ms) to 1379.5849609375 (ms), cudaEventElapsed = 104.29849243164062 (ms)
[RANK1] Iteration 5
[RANK1] F @ 30.57080078125 (ms) to 62.508056640625 (ms), cudaEventElapsed = 31.904224395751953 (ms)
[RANK1] F @ 62.872314453125 (ms) to 97.424072265625 (ms), cudaEventElapsed = 34.52265548706055 (ms)
[RANK1] F @ 97.791748046875 (ms) to 134.808349609375 (ms), cudaEventElapsed = 36.98604965209961 (ms)
[RANK1] F @ 135.09423828125 (ms) to 171.425537109375 (ms), cudaEventElapsed = 36.301185607910156 (ms)
[RANK1] F @ 173.920654296875 (ms) to 209.770263671875 (ms), cudaEventElapsed = 35.81622314453125 (ms)
[RANK1] B @ 225.238525390625 (ms) to 267.78759765625 (ms), cudaEventElapsed = 42.51593780517578 (ms)
[RANK1] F @ 268.12451171875 (ms) to 303.143798828125 (ms), cudaEventElapsed = 34.99030303955078 (ms)
[RANK1] B @ 307.063720703125 (ms) to 351.41650390625 (ms), cudaEventElapsed = 44.31584167480469 (ms)
[RANK1] F @ 352.721435546875 (ms) to 388.4775390625 (ms), cudaEventElapsed = 35.725345611572266 (ms)
[RANK1] B @ 390.056640625 (ms) to 434.686279296875 (ms), cudaEventElapsed = 44.597694396972656 (ms)
[RANK1] F @ 435.021484375 (ms) to 471.109130859375 (ms), cudaEventElapsed = 36.05014419555664 (ms)
[RANK1] B @ 473.2333984375 (ms) to 517.976806640625 (ms), cudaEventElapsed = 44.71129608154297 (ms)
[RANK1] W @ 518.20068359375 (ms) to 541.945068359375 (ms), cudaEventElapsed = 23.619583129882812 (ms)
[RANK1] F @ 542.092041015625 (ms) to 579.92138671875 (ms), cudaEventElapsed = 37.80169677734375 (ms)
[RANK1] B @ 581.3603515625 (ms) to 628.60107421875 (ms), cudaEventElapsed = 47.209598541259766 (ms)
[RANK1] B @ 638.4853515625 (ms) to 681.611328125 (ms), cudaEventElapsed = 43.09542465209961 (ms)
[RANK1] W @ 681.77880859375 (ms) to 705.279296875 (ms), cudaEventElapsed = 23.47315216064453 (ms)
[RANK1] F @ 705.522216796875 (ms) to 744.170654296875 (ms), cudaEventElapsed = 38.62089538574219 (ms)
[RANK1] B @ 748.4580078125 (ms) to 795.3076171875 (ms), cudaEventElapsed = 46.817726135253906 (ms)
[RANK1] B @ 796.710693359375 (ms) to 840.7060546875 (ms), cudaEventElapsed = 43.96575927734375 (ms)
[RANK1] W @ 840.87255859375 (ms) to 864.68701171875 (ms), cudaEventElapsed = 23.782400131225586 (ms)
[RANK1] F @ 864.93896484375 (ms) to 906.7080078125 (ms), cudaEventElapsed = 41.74208068847656 (ms)
[RANK1] B @ 907.00048828125 (ms) to 955.882080078125 (ms), cudaEventElapsed = 48.85340881347656 (ms)
[RANK1] W @ 956.100830078125 (ms) to 981.444091796875 (ms), cudaEventElapsed = 24.31283187866211 (ms)
[RANK1] F @ 981.701904296875 (ms) to 1020.284423828125 (ms), cudaEventElapsed = 38.55449676513672 (ms)
[RANK1] B @ 1022.94482421875 (ms) to 1068.276123046875 (ms), cudaEventElapsed = 45.29948806762695 (ms)
[RANK1] W @ 1068.426025390625 (ms) to 1091.97314453125 (ms), cudaEventElapsed = 23.517183303833008 (ms)
[RANK1] W @ 1092.131591796875 (ms) to 1120.749755859375 (ms), cudaEventElapsed = 28.59212875366211 (ms)
[RANK1] B @ 1133.448486328125 (ms) to 1178.884521484375 (ms), cudaEventElapsed = 45.39548873901367 (ms)
[RANK1] W @ 1179.06201171875 (ms) to 1202.210205078125 (ms), cudaEventElapsed = 23.11577606201172 (ms)
[RANK1] W @ 1202.361572265625 (ms) to 1229.123046875 (ms), cudaEventElapsed = 26.73459243774414 (ms)
[RANK1] B @ 1231.806640625 (ms) to 1278.53662109375 (ms), cudaEventElapsed = 46.70115280151367 (ms)
[RANK1] 4W @ 1278.68603515625 (ms) to 1383.4736328125 (ms), cudaEventElapsed = 104.75929260253906 (ms)
[RANK1] Iteration 6
[RANK1] F @ 30.655517578125 (ms) to 62.86083984375 (ms), cudaEventElapsed = 32.17136001586914 (ms)
[RANK1] F @ 63.237548828125 (ms) to 98.14453125 (ms), cudaEventElapsed = 34.87654495239258 (ms)
[RANK1] F @ 98.53759765625 (ms) to 135.545166015625 (ms), cudaEventElapsed = 36.977088928222656 (ms)
[RANK1] F @ 135.86962890625 (ms) to 172.37353515625 (ms), cudaEventElapsed = 36.4738883972168 (ms)
[RANK1] F @ 174.878173828125 (ms) to 210.95849609375 (ms), cudaEventElapsed = 36.04572677612305 (ms)
[RANK1] B @ 225.850830078125 (ms) to 268.7421875 (ms), cudaEventElapsed = 42.85232162475586 (ms)
[RANK1] F @ 269.10498046875 (ms) to 305.1181640625 (ms), cudaEventElapsed = 35.982208251953125 (ms)
[RANK1] B @ 307.59423828125 (ms) to 352.091796875 (ms), cudaEventElapsed = 44.46041488647461 (ms)
[RANK1] F @ 353.54541015625 (ms) to 389.4619140625 (ms), cudaEventElapsed = 35.88243103027344 (ms)
[RANK1] B @ 391.003662109375 (ms) to 435.872314453125 (ms), cudaEventElapsed = 44.835262298583984 (ms)
[RANK1] F @ 436.223876953125 (ms) to 472.247314453125 (ms), cudaEventElapsed = 35.99407958984375 (ms)
[RANK1] B @ 474.424560546875 (ms) to 520.12255859375 (ms), cudaEventElapsed = 45.6627197265625 (ms)
[RANK1] W @ 520.371826171875 (ms) to 544.884033203125 (ms), cudaEventElapsed = 24.368127822875977 (ms)
[RANK1] F @ 545.0400390625 (ms) to 582.40283203125 (ms), cudaEventElapsed = 37.33500671386719 (ms)
[RANK1] B @ 583.8837890625 (ms) to 630.849609375 (ms), cudaEventElapsed = 46.933982849121094 (ms)
[RANK1] B @ 640.01611328125 (ms) to 683.4208984375 (ms), cudaEventElapsed = 43.3719367980957 (ms)
[RANK1] W @ 683.58056640625 (ms) to 706.64404296875 (ms), cudaEventElapsed = 23.031808853149414 (ms)
[RANK1] F @ 706.892578125 (ms) to 746.1953125 (ms), cudaEventElapsed = 39.27590560913086 (ms)
[RANK1] B @ 751.060546875 (ms) to 797.494384765625 (ms), cudaEventElapsed = 46.40163040161133 (ms)
[RANK1] B @ 798.875732421875 (ms) to 843.086181640625 (ms), cudaEventElapsed = 44.18000030517578 (ms)
[RANK1] W @ 843.23681640625 (ms) to 866.78125 (ms), cudaEventElapsed = 23.517183303833008 (ms)
[RANK1] F @ 867.033203125 (ms) to 909.806396484375 (ms), cudaEventElapsed = 42.74492645263672 (ms)
[RANK1] B @ 910.09912109375 (ms) to 959.234130859375 (ms), cudaEventElapsed = 49.10531234741211 (ms)
[RANK1] W @ 959.44775390625 (ms) to 985.005615234375 (ms), cudaEventElapsed = 24.47871971130371 (ms)
[RANK1] F @ 985.27734375 (ms) to 1023.634521484375 (ms), cudaEventElapsed = 38.329185485839844 (ms)
[RANK1] B @ 1026.497314453125 (ms) to 1071.52685546875 (ms), cudaEventElapsed = 44.9967041015625 (ms)
[RANK1] W @ 1071.689697265625 (ms) to 1094.856689453125 (ms), cudaEventElapsed = 23.13523292541504 (ms)
[RANK1] W @ 1095.005126953125 (ms) to 1124.850830078125 (ms), cudaEventElapsed = 29.8209285736084 (ms)
[RANK1] B @ 1136.606689453125 (ms) to 1181.96875 (ms), cudaEventElapsed = 45.32851028442383 (ms)
[RANK1] W @ 1182.119384765625 (ms) to 1205.591064453125 (ms), cudaEventElapsed = 23.443456649780273 (ms)
[RANK1] W @ 1205.744384765625 (ms) to 1232.317626953125 (ms), cudaEventElapsed = 26.54412841796875 (ms)
[RANK1] B @ 1235.37548828125 (ms) to 1282.8232421875 (ms), cudaEventElapsed = 47.41795349121094 (ms)
[RANK1] 4W @ 1282.979248046875 (ms) to 1387.88720703125 (ms), cudaEventElapsed = 104.87808227539062 (ms)
[RANK1] Iteration 7
[RANK1] F @ 28.706298828125 (ms) to 58.707763671875 (ms), cudaEventElapsed = 29.953760147094727 (ms)
[RANK1] F @ 59.14013671875 (ms) to 90.87060546875 (ms), cudaEventElapsed = 31.696575164794922 (ms)
[RANK1] F @ 91.26611328125 (ms) to 126.557861328125 (ms), cudaEventElapsed = 35.25747299194336 (ms)
[RANK1] F @ 126.87548828125 (ms) to 161.55029296875 (ms), cudaEventElapsed = 34.64275360107422 (ms)
[RANK1] F @ 165.09130859375 (ms) to 198.54248046875 (ms), cudaEventElapsed = 33.40496063232422 (ms)
[RANK1] F @ 198.962158203125 (ms) to 232.732421875 (ms), cudaEventElapsed = 33.731361389160156 (ms)
[RANK1] F @ 233.1123046875 (ms) to 267.857177734375 (ms), cudaEventElapsed = 34.71263885498047 (ms)
[RANK1] F @ 268.16943359375 (ms) to 302.690673828125 (ms), cudaEventElapsed = 34.48828887939453 (ms)
[RANK1] F @ 305.233642578125 (ms) to 339.0654296875 (ms), cudaEventElapsed = 33.78556823730469 (ms)
[RANK1] F @ 342.71142578125 (ms) to 375.987060546875 (ms), cudaEventElapsed = 33.226558685302734 (ms)
[RANK1] F @ 379.540771484375 (ms) to 413.141845703125 (ms), cudaEventElapsed = 33.555904388427734 (ms)
[RANK1] F @ 416.47607421875 (ms) to 450.17041015625 (ms), cudaEventElapsed = 33.657569885253906 (ms)
