[RANK2] Iteration 1
[RANK2] F @ 690.6552734375 (ms) to 844.899658203125 (ms), cudaEventElapsed = 154.21133422851562 (ms)
[RANK2] F @ 846.2724609375 (ms) to 879.492431640625 (ms), cudaEventElapsed = 33.1960334777832 (ms)
[RANK2] F @ 880.899169921875 (ms) to 916.410400390625 (ms), cudaEventElapsed = 35.48774337768555 (ms)
[RANK2] B @ 1468.262451171875 (ms) to 1520.915771484375 (ms), cudaEventElapsed = 52.624385833740234 (ms)
[RANK2] F @ 1522.196044921875 (ms) to 1554.129638671875 (ms), cudaEventElapsed = 31.909887313842773 (ms)
[RANK2] B @ 1555.548828125 (ms) to 1600.074951171875 (ms), cudaEventElapsed = 44.50201416015625 (ms)
[RANK2] F @ 1601.303955078125 (ms) to 1635.029296875 (ms), cudaEventElapsed = 33.697792053222656 (ms)
[RANK2] B @ 1636.58935546875 (ms) to 1680.3232421875 (ms), cudaEventElapsed = 43.71046447753906 (ms)
[RANK2] F @ 1681.564208984375 (ms) to 1714.614990234375 (ms), cudaEventElapsed = 33.02707290649414 (ms)
[RANK2] B @ 1716.06005859375 (ms) to 1760.34521484375 (ms), cudaEventElapsed = 44.25932693481445 (ms)
[RANK2] F @ 1761.784912109375 (ms) to 1794.8671875 (ms), cudaEventElapsed = 33.056766510009766 (ms)
[RANK2] B @ 1796.28955078125 (ms) to 1839.9619140625 (ms), cudaEventElapsed = 43.637760162353516 (ms)
[RANK2] F @ 1841.227783203125 (ms) to 1874.36572265625 (ms), cudaEventElapsed = 33.11308670043945 (ms)
[RANK2] B @ 1875.766845703125 (ms) to 1920.15283203125 (ms), cudaEventElapsed = 44.36070251464844 (ms)
[RANK2] F @ 1921.4306640625 (ms) to 1954.495361328125 (ms), cudaEventElapsed = 33.03936004638672 (ms)
[RANK2] B @ 1955.978515625 (ms) to 2000.253662109375 (ms), cudaEventElapsed = 44.2531852722168 (ms)
[RANK2] F @ 2001.48876953125 (ms) to 2034.768310546875 (ms), cudaEventElapsed = 33.254398345947266 (ms)
[RANK2] B @ 2036.212890625 (ms) to 2080.581787109375 (ms), cudaEventElapsed = 44.34534454345703 (ms)
[RANK2] F @ 2081.810302734375 (ms) to 2115.062744140625 (ms), cudaEventElapsed = 33.22880172729492 (ms)
[RANK2] B @ 2116.43408203125 (ms) to 2160.60302734375 (ms), cudaEventElapsed = 44.14566421508789 (ms)
[RANK2] F @ 2161.830322265625 (ms) to 2195.197509765625 (ms), cudaEventElapsed = 33.34348678588867 (ms)
[RANK2] B @ 2196.528564453125 (ms) to 2240.438232421875 (ms), cudaEventElapsed = 43.88761520385742 (ms)
[RANK2] W @ 2241.165283203125 (ms) to 2262.145751953125 (ms), cudaEventElapsed = 20.960256576538086 (ms)
[RANK2] B @ 2262.919921875 (ms) to 2305.10986328125 (ms), cudaEventElapsed = 42.17036819458008 (ms)
[RANK2] W @ 2306.083984375 (ms) to 2326.30810546875 (ms), cudaEventElapsed = 20.199424743652344 (ms)
[RANK2] B @ 2327.09521484375 (ms) to 2370.086181640625 (ms), cudaEventElapsed = 42.971134185791016 (ms)
[RANK2] 10W @ 2371.634033203125 (ms) to 2585.534912109375 (ms), cudaEventElapsed = 213.87469482421875 (ms)
[RANK2] Iteration 2
[RANK2] F @ 66.46875 (ms) to 98.528076171875 (ms), cudaEventElapsed = 32.02969741821289 (ms)
[RANK2] F @ 103.901123046875 (ms) to 137.15087890625 (ms), cudaEventElapsed = 33.22572708129883 (ms)
[RANK2] F @ 141.73095703125 (ms) to 177.42236328125 (ms), cudaEventElapsed = 35.664894104003906 (ms)
[RANK2] B @ 178.865478515625 (ms) to 224.671630859375 (ms), cudaEventElapsed = 45.78201675415039 (ms)
[RANK2] F @ 225.921142578125 (ms) to 261.216064453125 (ms), cudaEventElapsed = 35.272705078125 (ms)
[RANK2] B @ 262.623779296875 (ms) to 307.7646484375 (ms), cudaEventElapsed = 45.118465423583984 (ms)
[RANK2] F @ 339.22802734375 (ms) to 371.03564453125 (ms), cudaEventElapsed = 31.78495979309082 (ms)
[RANK2] B @ 372.3798828125 (ms) to 416.322021484375 (ms), cudaEventElapsed = 43.92038345336914 (ms)
[RANK2] F @ 420.817626953125 (ms) to 455.849365234375 (ms), cudaEventElapsed = 35.00953674316406 (ms)
[RANK2] B @ 457.23828125 (ms) to 502.81396484375 (ms), cudaEventElapsed = 45.55059051513672 (ms)
[RANK2] F @ 504.205322265625 (ms) to 539.4208984375 (ms), cudaEventElapsed = 35.19180679321289 (ms)
[RANK2] B @ 541.138671875 (ms) to 586.199462890625 (ms), cudaEventElapsed = 45.032447814941406 (ms)
[RANK2] F @ 587.919677734375 (ms) to 622.5361328125 (ms), cudaEventElapsed = 34.59379196166992 (ms)
[RANK2] B @ 623.946533203125 (ms) to 772.354736328125 (ms), cudaEventElapsed = 148.384765625 (ms)
[RANK2] F @ 774.5224609375 (ms) to 807.213134765625 (ms), cudaEventElapsed = 32.65740966796875 (ms)
[RANK2] B @ 808.6435546875 (ms) to 854.15234375 (ms), cudaEventElapsed = 45.48710250854492 (ms)
[RANK2] F @ 856.3427734375 (ms) to 892.120849609375 (ms), cudaEventElapsed = 35.75398254394531 (ms)
[RANK2] B @ 894.494140625 (ms) to 940.41748046875 (ms), cudaEventElapsed = 45.901824951171875 (ms)
[RANK2] F @ 941.6845703125 (ms) to 977.135498046875 (ms), cudaEventElapsed = 35.42835235595703 (ms)
[RANK2] B @ 978.471923828125 (ms) to 1024.236572265625 (ms), cudaEventElapsed = 45.74208068847656 (ms)
[RANK2] F @ 1025.50830078125 (ms) to 1060.7294921875 (ms), cudaEventElapsed = 35.19692611694336 (ms)
[RANK2] B @ 1062.025390625 (ms) to 1107.0791015625 (ms), cudaEventElapsed = 45.019134521484375 (ms)
[RANK2] W @ 1107.84814453125 (ms) to 1130.877197265625 (ms), cudaEventElapsed = 23.007232666015625 (ms)
[RANK2] B @ 1131.653076171875 (ms) to 1178.76123046875 (ms), cudaEventElapsed = 47.08659362792969 (ms)
[RANK2] W @ 1179.54541015625 (ms) to 1204.187744140625 (ms), cudaEventElapsed = 24.617984771728516 (ms)
[RANK2] B @ 1204.961181640625 (ms) to 1251.5576171875 (ms), cudaEventElapsed = 46.57664108276367 (ms)
[RANK2] 10W @ 1253.776123046875 (ms) to 1521.371337890625 (ms), cudaEventElapsed = 267.5671081542969 (ms)
[RANK2] Iteration 3
[RANK2] F @ 65.82080078125 (ms) to 97.44677734375 (ms), cudaEventElapsed = 31.60268783569336 (ms)
[RANK2] F @ 102.3896484375 (ms) to 136.543212890625 (ms), cudaEventElapsed = 34.127872467041016 (ms)
[RANK2] F @ 139.217529296875 (ms) to 174.45751953125 (ms), cudaEventElapsed = 35.21843338012695 (ms)
[RANK2] F @ 175.782470703125 (ms) to 211.62646484375 (ms), cudaEventElapsed = 35.82156753540039 (ms)
[RANK2] F @ 213.03125 (ms) to 248.887451171875 (ms), cudaEventElapsed = 35.82156753540039 (ms)
[RANK2] B @ 295.915771484375 (ms) to 337.470947265625 (ms), cudaEventElapsed = 41.53446578979492 (ms)
[RANK2] F @ 338.69287109375 (ms) to 372.8623046875 (ms), cudaEventElapsed = 34.14527893066406 (ms)
[RANK2] B @ 374.299072265625 (ms) to 419.834228515625 (ms), cudaEventElapsed = 45.506561279296875 (ms)
[RANK2] F @ 421.408203125 (ms) to 457.29296875 (ms), cudaEventElapsed = 35.85433578491211 (ms)
[RANK2] B @ 458.80517578125 (ms) to 504.320556640625 (ms), cudaEventElapsed = 45.4911994934082 (ms)
[RANK2] F @ 505.7509765625 (ms) to 540.953369140625 (ms), cudaEventElapsed = 35.180545806884766 (ms)
[RANK2] B @ 542.211669921875 (ms) to 587.9970703125 (ms), cudaEventElapsed = 45.76358413696289 (ms)
[RANK2] B @ 592.51904296875 (ms) to 636.79443359375 (ms), cudaEventElapsed = 44.254207611083984 (ms)
[RANK2] F @ 638.0947265625 (ms) to 672.9931640625 (ms), cudaEventElapsed = 34.87641525268555 (ms)
[RANK2] B @ 674.244873046875 (ms) to 719.586181640625 (ms), cudaEventElapsed = 45.318145751953125 (ms)
[RANK2] F @ 720.99267578125 (ms) to 756.5947265625 (ms), cudaEventElapsed = 35.580928802490234 (ms)
[RANK2] B @ 757.83984375 (ms) to 803.255126953125 (ms), cudaEventElapsed = 45.3939208984375 (ms)
[RANK2] F @ 804.561767578125 (ms) to 839.968017578125 (ms), cudaEventElapsed = 35.385345458984375 (ms)
[RANK2] B @ 841.220458984375 (ms) to 886.9599609375 (ms), cudaEventElapsed = 45.718528747558594 (ms)
[RANK2] B @ 888.270263671875 (ms) to 933.653076171875 (ms), cudaEventElapsed = 45.36115264892578 (ms)
[RANK2] F @ 934.909912109375 (ms) to 970.72705078125 (ms), cudaEventElapsed = 35.794944763183594 (ms)
[RANK2] B @ 972.083251953125 (ms) to 1017.28857421875 (ms), cudaEventElapsed = 45.18297576904297 (ms)
[RANK2] W @ 1017.97998046875 (ms) to 1041.22216796875 (ms), cudaEventElapsed = 23.219200134277344 (ms)
[RANK2] W @ 1041.429443359375 (ms) to 1067.376220703125 (ms), cudaEventElapsed = 25.92255973815918 (ms)
[RANK2] B @ 1068.173095703125 (ms) to 1116.31640625 (ms), cudaEventElapsed = 48.121856689453125 (ms)
[RANK2] W @ 1117.095458984375 (ms) to 1140.805419921875 (ms), cudaEventElapsed = 23.68716812133789 (ms)
[RANK2] W @ 1140.984619140625 (ms) to 1171.8623046875 (ms), cudaEventElapsed = 30.855167388916016 (ms)
[RANK2] W @ 1172.079833984375 (ms) to 1206.649169921875 (ms), cudaEventElapsed = 34.544639587402344 (ms)
[RANK2] B @ 1220.724609375 (ms) to 1265.514892578125 (ms), cudaEventElapsed = 44.76927947998047 (ms)
[RANK2] 7W @ 1267.273193359375 (ms) to 1452.611083984375 (ms), cudaEventElapsed = 185.3112335205078 (ms)
[RANK2] Iteration 4
[RANK2] F @ 75.36962890625 (ms) to 107.026123046875 (ms), cudaEventElapsed = 31.632383346557617 (ms)
[RANK2] F @ 112.39208984375 (ms) to 144.95263671875 (ms), cudaEventElapsed = 32.53964614868164 (ms)
[RANK2] F @ 151.378173828125 (ms) to 185.634765625 (ms), cudaEventElapsed = 34.23027038574219 (ms)
[RANK2] F @ 186.97998046875 (ms) to 222.361328125 (ms), cudaEventElapsed = 35.357696533203125 (ms)
[RANK2] F @ 223.796875 (ms) to 259.767578125 (ms), cudaEventElapsed = 35.94956970214844 (ms)
[RANK2] B @ 306.802001953125 (ms) to 348.19091796875 (ms), cudaEventElapsed = 41.36550521850586 (ms)
[RANK2] F @ 349.437744140625 (ms) to 383.302001953125 (ms), cudaEventElapsed = 33.84115219116211 (ms)
[RANK2] B @ 384.73388671875 (ms) to 430.5234375 (ms), cudaEventElapsed = 45.76768112182617 (ms)
[RANK2] F @ 431.920654296875 (ms) to 467.2177734375 (ms), cudaEventElapsed = 35.27475357055664 (ms)
[RANK2] B @ 468.5126953125 (ms) to 513.85205078125 (ms), cudaEventElapsed = 45.318145751953125 (ms)
[RANK2] F @ 515.279541015625 (ms) to 550.765869140625 (ms), cudaEventElapsed = 35.46419143676758 (ms)
[RANK2] B @ 552.014404296875 (ms) to 597.268310546875 (ms), cudaEventElapsed = 45.225982666015625 (ms)
[RANK2] B @ 601.443603515625 (ms) to 645.85693359375 (ms), cudaEventElapsed = 44.38937759399414 (ms)
[RANK2] F @ 647.2470703125 (ms) to 682.28076171875 (ms), cudaEventElapsed = 35.00646209716797 (ms)
[RANK2] B @ 683.563720703125 (ms) to 728.79150390625 (ms), cudaEventElapsed = 45.20550537109375 (ms)
[RANK2] F @ 730.193359375 (ms) to 765.17529296875 (ms), cudaEventElapsed = 34.960384368896484 (ms)
[RANK2] B @ 766.423095703125 (ms) to 811.553955078125 (ms), cudaEventElapsed = 45.109249114990234 (ms)
[RANK2] F @ 812.9091796875 (ms) to 848.61181640625 (ms), cudaEventElapsed = 35.67718505859375 (ms)
[RANK2] B @ 849.869140625 (ms) to 895.10888671875 (ms), cudaEventElapsed = 45.2147216796875 (ms)
[RANK2] B @ 896.45361328125 (ms) to 941.654296875 (ms), cudaEventElapsed = 45.17580795288086 (ms)
[RANK2] F @ 942.92578125 (ms) to 979.7197265625 (ms), cudaEventElapsed = 36.772865295410156 (ms)
[RANK2] B @ 981.031494140625 (ms) to 1026.706298828125 (ms), cudaEventElapsed = 45.654014587402344 (ms)
[RANK2] W @ 1027.436767578125 (ms) to 1051.177001953125 (ms), cudaEventElapsed = 23.71686363220215 (ms)
[RANK2] W @ 1051.39697265625 (ms) to 1076.58935546875 (ms), cudaEventElapsed = 25.167871475219727 (ms)
[RANK2] B @ 1077.40966796875 (ms) to 1125.70849609375 (ms), cudaEventElapsed = 48.277503967285156 (ms)
[RANK2] W @ 1126.483154296875 (ms) to 1150.978271484375 (ms), cudaEventElapsed = 24.473600387573242 (ms)
[RANK2] W @ 1151.15625 (ms) to 1180.73095703125 (ms), cudaEventElapsed = 29.5546875 (ms)
[RANK2] W @ 1180.916748046875 (ms) to 1216.0029296875 (ms), cudaEventElapsed = 35.06585693359375 (ms)
[RANK2] B @ 1229.264892578125 (ms) to 1274.65234375 (ms), cudaEventElapsed = 45.36524963378906 (ms)
[RANK2] 7W @ 1276.4208984375 (ms) to 1462.98095703125 (ms), cudaEventElapsed = 186.53286743164062 (ms)
[RANK2] Iteration 5
[RANK2] F @ 67.514892578125 (ms) to 99.1201171875 (ms), cudaEventElapsed = 31.58118438720703 (ms)
[RANK2] F @ 103.86962890625 (ms) to 138.005615234375 (ms), cudaEventElapsed = 34.114559173583984 (ms)
[RANK2] F @ 141.836669921875 (ms) to 178.336181640625 (ms), cudaEventElapsed = 36.47180938720703 (ms)
[RANK2] F @ 179.7021484375 (ms) to 215.762939453125 (ms), cudaEventElapsed = 36.0366096496582 (ms)
[RANK2] F @ 217.200927734375 (ms) to 253.01513671875 (ms), cudaEventElapsed = 35.78879928588867 (ms)
[RANK2] B @ 296.80029296875 (ms) to 338.257080078125 (ms), cudaEventElapsed = 41.43308639526367 (ms)
[RANK2] F @ 339.533203125 (ms) to 374.447509765625 (ms), cudaEventElapsed = 34.88972854614258 (ms)
[RANK2] B @ 375.849853515625 (ms) to 421.7919921875 (ms), cudaEventElapsed = 45.920257568359375 (ms)
[RANK2] F @ 423.207763671875 (ms) to 458.900634765625 (ms), cudaEventElapsed = 35.66899108886719 (ms)
[RANK2] B @ 460.185791015625 (ms) to 505.827392578125 (ms), cudaEventElapsed = 45.61920166015625 (ms)
[RANK2] F @ 507.254150390625 (ms) to 542.79052734375 (ms), cudaEventElapsed = 35.50822448730469 (ms)
[RANK2] B @ 544.0654296875 (ms) to 589.63671875 (ms), cudaEventElapsed = 45.5464973449707 (ms)
[RANK2] B @ 593.651123046875 (ms) to 637.812744140625 (ms), cudaEventElapsed = 44.13747024536133 (ms)
[RANK2] F @ 639.16357421875 (ms) to 674.49072265625 (ms), cudaEventElapsed = 35.30547332763672 (ms)
[RANK2] B @ 675.7509765625 (ms) to 721.14892578125 (ms), cudaEventElapsed = 45.37446212768555 (ms)
[RANK2] F @ 722.537109375 (ms) to 758.123779296875 (ms), cudaEventElapsed = 35.562496185302734 (ms)
[RANK2] B @ 759.3974609375 (ms) to 805.369140625 (ms), cudaEventElapsed = 45.95097732543945 (ms)
[RANK2] F @ 806.7216796875 (ms) to 842.599365234375 (ms), cudaEventElapsed = 35.85331344604492 (ms)
[RANK2] B @ 843.859375 (ms) to 889.87451171875 (ms), cudaEventElapsed = 45.99398422241211 (ms)
[RANK2] B @ 891.212158203125 (ms) to 936.452880859375 (ms), cudaEventElapsed = 45.218814849853516 (ms)
[RANK2] F @ 937.7060546875 (ms) to 973.44873046875 (ms), cudaEventElapsed = 35.721214294433594 (ms)
[RANK2] B @ 974.7666015625 (ms) to 1020.3291015625 (ms), cudaEventElapsed = 45.54137420654297 (ms)
[RANK2] W @ 1021.0107421875 (ms) to 1044.868896484375 (ms), cudaEventElapsed = 23.836671829223633 (ms)
[RANK2] W @ 1045.073974609375 (ms) to 1071.2578125 (ms), cudaEventElapsed = 26.160127639770508 (ms)
[RANK2] B @ 1072.055419921875 (ms) to 1119.433837890625 (ms), cudaEventElapsed = 47.356929779052734 (ms)
[RANK2] W @ 1120.20556640625 (ms) to 1144.466796875 (ms), cudaEventElapsed = 24.240127563476562 (ms)
[RANK2] W @ 1144.67333984375 (ms) to 1175.45361328125 (ms), cudaEventElapsed = 30.757888793945312 (ms)
[RANK2] W @ 1175.65966796875 (ms) to 1208.8037109375 (ms), cudaEventElapsed = 33.1223030090332 (ms)
[RANK2] B @ 1219.9501953125 (ms) to 1265.90185546875 (ms), cudaEventElapsed = 45.93049621582031 (ms)
[RANK2] 7W @ 1267.737060546875 (ms) to 1453.172119140625 (ms), cudaEventElapsed = 185.40850830078125 (ms)
[RANK2] Iteration 6
[RANK2] F @ 65.8212890625 (ms) to 97.337890625 (ms), cudaEventElapsed = 31.493120193481445 (ms)
[RANK2] F @ 102.867919921875 (ms) to 136.499755859375 (ms), cudaEventElapsed = 33.61075210571289 (ms)
[RANK2] F @ 140.335205078125 (ms) to 176.73046875 (ms), cudaEventElapsed = 36.371456146240234 (ms)
[RANK2] F @ 178.075439453125 (ms) to 214.00830078125 (ms), cudaEventElapsed = 35.90758514404297 (ms)
[RANK2] F @ 215.42578125 (ms) to 251.4619140625 (ms), cudaEventElapsed = 36.013057708740234 (ms)
[RANK2] B @ 295.03759765625 (ms) to 336.456787109375 (ms), cudaEventElapsed = 41.395198822021484 (ms)
[RANK2] F @ 337.7060546875 (ms) to 372.015625 (ms), cudaEventElapsed = 34.28556823730469 (ms)
[RANK2] B @ 373.42138671875 (ms) to 418.606689453125 (ms), cudaEventElapsed = 45.16249465942383 (ms)
[RANK2] F @ 419.99267578125 (ms) to 455.29052734375 (ms), cudaEventElapsed = 35.27577590942383 (ms)
[RANK2] B @ 456.553955078125 (ms) to 502.0546875 (ms), cudaEventElapsed = 45.47993469238281 (ms)
[RANK2] F @ 503.46728515625 (ms) to 538.965087890625 (ms), cudaEventElapsed = 35.467262268066406 (ms)
[RANK2] B @ 540.244384765625 (ms) to 585.88916015625 (ms), cudaEventElapsed = 45.62022399902344 (ms)
[RANK2] B @ 590.85693359375 (ms) to 634.903564453125 (ms), cudaEventElapsed = 44.02278518676758 (ms)
[RANK2] F @ 636.24267578125 (ms) to 671.55615234375 (ms), cudaEventElapsed = 35.2911376953125 (ms)
[RANK2] B @ 672.84375 (ms) to 718.016845703125 (ms), cudaEventElapsed = 45.15225601196289 (ms)
[RANK2] F @ 719.412109375 (ms) to 754.862060546875 (ms), cudaEventElapsed = 35.42835235595703 (ms)
[RANK2] B @ 756.136962890625 (ms) to 801.682373046875 (ms), cudaEventElapsed = 45.524993896484375 (ms)
[RANK2] F @ 803.036376953125 (ms) to 838.51513671875 (ms), cudaEventElapsed = 35.45497512817383 (ms)
[RANK2] B @ 839.77734375 (ms) to 885.684814453125 (ms), cudaEventElapsed = 45.8864631652832 (ms)
[RANK2] B @ 887.02587890625 (ms) to 932.595947265625 (ms), cudaEventElapsed = 45.54751968383789 (ms)
[RANK2] F @ 933.88720703125 (ms) to 971.2314453125 (ms), cudaEventElapsed = 37.32275390625 (ms)
[RANK2] B @ 972.574462890625 (ms) to 1018.275146484375 (ms), cudaEventElapsed = 45.6703987121582 (ms)
[RANK2] W @ 1018.948486328125 (ms) to 1042.43896484375 (ms), cudaEventElapsed = 23.46905517578125 (ms)
[RANK2] W @ 1042.641357421875 (ms) to 1068.63720703125 (ms), cudaEventElapsed = 25.972736358642578 (ms)
[RANK2] B @ 1069.444580078125 (ms) to 1117.11279296875 (ms), cudaEventElapsed = 47.63955307006836 (ms)
[RANK2] W @ 1117.8876953125 (ms) to 1142.42822265625 (ms), cudaEventElapsed = 24.51763153076172 (ms)
[RANK2] W @ 1142.64013671875 (ms) to 1174.425048828125 (ms), cudaEventElapsed = 31.763456344604492 (ms)
[RANK2] W @ 1174.62109375 (ms) to 1207.653564453125 (ms), cudaEventElapsed = 33.01068878173828 (ms)
[RANK2] B @ 1216.812744140625 (ms) to 1263.345703125 (ms), cudaEventElapsed = 46.513153076171875 (ms)
[RANK2] 7W @ 1265.197021484375 (ms) to 1450.298828125 (ms), cudaEventElapsed = 185.07469177246094 (ms)
[RANK2] Iteration 7
[RANK2] F @ 68.255615234375 (ms) to 99.82373046875 (ms), cudaEventElapsed = 31.54534339904785 (ms)
[RANK2] F @ 103.49755859375 (ms) to 136.836181640625 (ms), cudaEventElapsed = 33.316864013671875 (ms)
[RANK2] F @ 140.3037109375 (ms) to 176.522216796875 (ms), cudaEventElapsed = 36.19327926635742 (ms)
[RANK2] F @ 177.853759765625 (ms) to 213.91015625 (ms), cudaEventElapsed = 36.03353500366211 (ms)
[RANK2] F @ 215.326904296875 (ms) to 251.4033203125 (ms), cudaEventElapsed = 36.05401611328125 (ms)
[RANK2] B @ 296.887451171875 (ms) to 338.28955078125 (ms), cudaEventElapsed = 41.37984085083008 (ms)
[RANK2] F @ 339.523681640625 (ms) to 373.913330078125 (ms), cudaEventElapsed = 34.36646270751953 (ms)
[RANK2] B @ 375.315673828125 (ms) to 421.375244140625 (ms), cudaEventElapsed = 46.036991119384766 (ms)
[RANK2] F @ 422.802734375 (ms) to 458.3310546875 (ms), cudaEventElapsed = 35.50515365600586 (ms)
[RANK2] B @ 459.6103515625 (ms) to 505.298828125 (ms), cudaEventElapsed = 45.667327880859375 (ms)
[RANK2] F @ 506.714599609375 (ms) to 542.21240234375 (ms), cudaEventElapsed = 35.47340774536133 (ms)
[RANK2] B @ 543.462158203125 (ms) to 588.822998046875 (ms), cudaEventElapsed = 45.33657455444336 (ms)
[RANK2] B @ 592.60205078125 (ms) to 636.75146484375 (ms), cudaEventElapsed = 44.1262092590332 (ms)
[RANK2] F @ 638.09326171875 (ms) to 673.14599609375 (ms), cudaEventElapsed = 35.02899169921875 (ms)
[RANK2] B @ 674.397705078125 (ms) to 719.828369140625 (ms), cudaEventElapsed = 45.409278869628906 (ms)
[RANK2] F @ 721.222412109375 (ms) to 756.66943359375 (ms), cudaEventElapsed = 35.4252815246582 (ms)
[RANK2] B @ 757.9267578125 (ms) to 803.7939453125 (ms), cudaEventElapsed = 45.842430114746094 (ms)
[RANK2] F @ 805.13818359375 (ms) to 840.612060546875 (ms), cudaEventElapsed = 35.44985580444336 (ms)
[RANK2] B @ 841.893310546875 (ms) to 887.202880859375 (ms), cudaEventElapsed = 45.288448333740234 (ms)
[RANK2] B @ 888.5419921875 (ms) to 933.4755859375 (ms), cudaEventElapsed = 44.911617279052734 (ms)
[RANK2] F @ 934.747802734375 (ms) to 972.226318359375 (ms), cudaEventElapsed = 37.4568977355957 (ms)
[RANK2] B @ 973.58544921875 (ms) to 1019.69091796875 (ms), cudaEventElapsed = 46.08204650878906 (ms)
[RANK2] W @ 1020.39892578125 (ms) to 1044.674560546875 (ms), cudaEventElapsed = 24.251392364501953 (ms)
[RANK2] W @ 1044.888916015625 (ms) to 1070.451904296875 (ms), cudaEventElapsed = 25.53856086730957 (ms)
[RANK2] B @ 1071.268798828125 (ms) to 1118.54150390625 (ms), cudaEventElapsed = 47.25145721435547 (ms)
[RANK2] W @ 1119.354248046875 (ms) to 1144.097900390625 (ms), cudaEventElapsed = 24.72038459777832 (ms)
[RANK2] W @ 1144.28759765625 (ms) to 1174.87939453125 (ms), cudaEventElapsed = 30.57049560546875 (ms)
[RANK2] W @ 1175.081787109375 (ms) to 1207.72265625 (ms), cudaEventElapsed = 32.61849594116211 (ms)
[RANK2] B @ 1218.021728515625 (ms) to 1264.165283203125 (ms), cudaEventElapsed = 46.123008728027344 (ms)
[RANK2] 7W @ 1265.98193359375 (ms) to 1451.1015625 (ms), cudaEventElapsed = 185.09312438964844 (ms)
[RANK2] Iteration 8
[RANK2] F @ 69.055419921875 (ms) to 100.685302734375 (ms), cudaEventElapsed = 31.60063934326172 (ms)
[RANK2] F @ 104.30126953125 (ms) to 137.5146484375 (ms), cudaEventElapsed = 33.19091033935547 (ms)
[RANK2] F @ 141.322021484375 (ms) to 177.79150390625 (ms), cudaEventElapsed = 36.44313430786133 (ms)
[RANK2] F @ 179.14599609375 (ms) to 215.24609375 (ms), cudaEventElapsed = 36.07654571533203 (ms)
[RANK2] F @ 216.670654296875 (ms) to 253.521240234375 (ms), cudaEventElapsed = 36.82815933227539 (ms)
[RANK2] B @ 297.809326171875 (ms) to 339.337890625 (ms), cudaEventElapsed = 41.50374221801758 (ms)
[RANK2] F @ 340.614013671875 (ms) to 375.48046875 (ms), cudaEventElapsed = 34.84364700317383 (ms)
[RANK2] B @ 376.90478515625 (ms) to 423.27685546875 (ms), cudaEventElapsed = 46.34931182861328 (ms)
[RANK2] F @ 424.699462890625 (ms) to 460.420166015625 (ms), cudaEventElapsed = 35.6945915222168 (ms)
[RANK2] B @ 461.699951171875 (ms) to 506.937744140625 (ms), cudaEventElapsed = 45.216766357421875 (ms)
[RANK2] F @ 508.355224609375 (ms) to 543.34912109375 (ms), cudaEventElapsed = 34.969600677490234 (ms)
[RANK2] B @ 544.628662109375 (ms) to 590.055419921875 (ms), cudaEventElapsed = 45.40518569946289 (ms)
[RANK2] B @ 593.54296875 (ms) to 638.211181640625 (ms), cudaEventElapsed = 44.6453742980957 (ms)
[RANK2] F @ 639.59814453125 (ms) to 674.899169921875 (ms), cudaEventElapsed = 35.27782440185547 (ms)
[RANK2] B @ 676.1728515625 (ms) to 722.24755859375 (ms), cudaEventElapsed = 46.053375244140625 (ms)
[RANK2] F @ 723.68310546875 (ms) to 759.2431640625 (ms), cudaEventElapsed = 35.53792190551758 (ms)
[RANK2] B @ 760.49462890625 (ms) to 806.32275390625 (ms), cudaEventElapsed = 45.80659103393555 (ms)
[RANK2] F @ 807.69677734375 (ms) to 843.28271484375 (ms), cudaEventElapsed = 35.56147384643555 (ms)
[RANK2] B @ 844.55029296875 (ms) to 890.064208984375 (ms), cudaEventElapsed = 45.492225646972656 (ms)
[RANK2] B @ 891.39697265625 (ms) to 936.343017578125 (ms), cudaEventElapsed = 44.92390441894531 (ms)
[RANK2] F @ 937.617431640625 (ms) to 974.15283203125 (ms), cudaEventElapsed = 36.513790130615234 (ms)
[RANK2] B @ 975.47119140625 (ms) to 1021.186279296875 (ms), cudaEventElapsed = 45.69395065307617 (ms)
[RANK2] W @ 1021.86279296875 (ms) to 1046.009765625 (ms), cudaEventElapsed = 24.12544059753418 (ms)
[RANK2] W @ 1046.218505859375 (ms) to 1071.696044921875 (ms), cudaEventElapsed = 25.452543258666992 (ms)
[RANK2] B @ 1072.5048828125 (ms) to 1120.489013671875 (ms), cudaEventElapsed = 47.963134765625 (ms)
[RANK2] W @ 1121.316162109375 (ms) to 1146.447509765625 (ms), cudaEventElapsed = 25.10848045349121 (ms)
[RANK2] W @ 1146.647216796875 (ms) to 1177.79052734375 (ms), cudaEventElapsed = 31.121408462524414 (ms)
[RANK2] W @ 1177.983154296875 (ms) to 1210.07666015625 (ms), cudaEventElapsed = 32.071678161621094 (ms)
[RANK2] B @ 1226.365234375 (ms) to 1270.669921875 (ms), cudaEventElapsed = 44.28287887573242 (ms)
[RANK2] 7W @ 1272.544921875 (ms) to 1458.92626953125 (ms), cudaEventElapsed = 186.35366821289062 (ms)
[RANK2] Iteration 9
[RANK2] F @ 69.440673828125 (ms) to 101.059326171875 (ms), cudaEventElapsed = 31.59552001953125 (ms)
[RANK2] F @ 104.81103515625 (ms) to 138.45068359375 (ms), cudaEventElapsed = 33.617919921875 (ms)
[RANK2] F @ 140.19873046875 (ms) to 176.743896484375 (ms), cudaEventElapsed = 36.5219841003418 (ms)
[RANK2] F @ 179.012451171875 (ms) to 215.429443359375 (ms), cudaEventElapsed = 36.39295959472656 (ms)
[RANK2] F @ 216.8544921875 (ms) to 253.06201171875 (ms), cudaEventElapsed = 36.183040618896484 (ms)
[RANK2] B @ 298.712646484375 (ms) to 340.1591796875 (ms), cudaEventElapsed = 41.42182540893555 (ms)
[RANK2] F @ 341.430419921875 (ms) to 375.986572265625 (ms), cudaEventElapsed = 34.534400939941406 (ms)
[RANK2] B @ 377.372802734375 (ms) to 423.791259765625 (ms), cudaEventElapsed = 46.39744186401367 (ms)
[RANK2] F @ 425.19287109375 (ms) to 460.9365234375 (ms), cudaEventElapsed = 35.721214294433594 (ms)
[RANK2] B @ 462.1875 (ms) to 507.83447265625 (ms), cudaEventElapsed = 45.625343322753906 (ms)
[RANK2] F @ 509.21533203125 (ms) to 544.804931640625 (ms), cudaEventElapsed = 35.5676155090332 (ms)
[RANK2] B @ 546.053955078125 (ms) to 591.69140625 (ms), cudaEventElapsed = 45.616127014160156 (ms)
[RANK2] B @ 594.58544921875 (ms) to 639.370361328125 (ms), cudaEventElapsed = 44.76313781738281 (ms)
[RANK2] F @ 640.6884765625 (ms) to 675.922119140625 (ms), cudaEventElapsed = 35.21228790283203 (ms)
[RANK2] B @ 677.167236328125 (ms) to 723.34912109375 (ms), cudaEventElapsed = 46.16089630126953 (ms)
[RANK2] F @ 724.745361328125 (ms) to 760.306884765625 (ms), cudaEventElapsed = 35.53792190551758 (ms)
[RANK2] B @ 761.574462890625 (ms) to 807.010009765625 (ms), cudaEventElapsed = 45.41337585449219 (ms)
[RANK2] F @ 808.344970703125 (ms) to 843.83349609375 (ms), cudaEventElapsed = 35.46521759033203 (ms)
[RANK2] B @ 845.09521484375 (ms) to 890.5546875 (ms), cudaEventElapsed = 45.436927795410156 (ms)
[RANK2] B @ 891.894287109375 (ms) to 936.636474609375 (ms), cudaEventElapsed = 44.721153259277344 (ms)
[RANK2] F @ 937.866943359375 (ms) to 975.282470703125 (ms), cudaEventElapsed = 37.39545440673828 (ms)
[RANK2] B @ 976.61279296875 (ms) to 1022.649169921875 (ms), cudaEventElapsed = 46.01446533203125 (ms)
[RANK2] W @ 1023.340576171875 (ms) to 1047.3271484375 (ms), cudaEventElapsed = 23.962623596191406 (ms)
[RANK2] W @ 1047.601318359375 (ms) to 1073.08203125 (ms), cudaEventElapsed = 25.456640243530273 (ms)
[RANK2] B @ 1073.86474609375 (ms) to 1122.116943359375 (ms), cudaEventElapsed = 48.231422424316406 (ms)
[RANK2] W @ 1122.889404296875 (ms) to 1148.134521484375 (ms), cudaEventElapsed = 25.224191665649414 (ms)
[RANK2] W @ 1148.33056640625 (ms) to 1180.78271484375 (ms), cudaEventElapsed = 32.43008041381836 (ms)
[RANK2] W @ 1180.988037109375 (ms) to 1213.455322265625 (ms), cudaEventElapsed = 32.445438385009766 (ms)
[RANK2] B @ 1224.36767578125 (ms) to 1270.40185546875 (ms), cudaEventElapsed = 46.0134391784668 (ms)
[RANK2] 7W @ 1272.222900390625 (ms) to 1457.538330078125 (ms), cudaEventElapsed = 185.28562927246094 (ms)
