[RANK3] Iteration 1
[RANK3] F @ 263.510009765625 (ms) to 294.6044921875 (ms), cudaEventElapsed = 31.02060890197754 (ms)
[RANK3] B @ 294.834228515625 (ms) to 332.2216796875 (ms), cudaEventElapsed = 37.347328186035156 (ms)
[RANK3] F @ 335.742919921875 (ms) to 367.45849609375 (ms), cudaEventElapsed = 31.679616928100586 (ms)
[RANK3] B @ 367.520263671875 (ms) to 405.88671875 (ms), cudaEventElapsed = 38.33241653442383 (ms)
[RANK3] F @ 488.188720703125 (ms) to 518.67529296875 (ms), cudaEventElapsed = 30.447872161865234 (ms)
[RANK3] B @ 518.734130859375 (ms) to 556.484130859375 (ms), cudaEventElapsed = 37.720062255859375 (ms)
[RANK3] F @ 638.190673828125 (ms) to 669.110107421875 (ms), cudaEventElapsed = 30.852127075195312 (ms)
[RANK3] B @ 669.17236328125 (ms) to 705.876953125 (ms), cudaEventElapsed = 36.67148971557617 (ms)
[RANK3] F @ 707.209716796875 (ms) to 739.95458984375 (ms), cudaEventElapsed = 32.70284652709961 (ms)
[RANK3] B @ 740.0205078125 (ms) to 778.460693359375 (ms), cudaEventElapsed = 38.401023864746094 (ms)
[RANK3] F @ 779.77392578125 (ms) to 812.126708984375 (ms), cudaEventElapsed = 32.309696197509766 (ms)
[RANK3] B @ 812.195068359375 (ms) to 850.700927734375 (ms), cudaEventElapsed = 38.46758270263672 (ms)
[RANK3] F @ 851.95263671875 (ms) to 884.682373046875 (ms), cudaEventElapsed = 32.691009521484375 (ms)
[RANK3] B @ 884.74072265625 (ms) to 923.98876953125 (ms), cudaEventElapsed = 39.218177795410156 (ms)
[RANK3] F @ 1092.980224609375 (ms) to 1123.29833984375 (ms), cudaEventElapsed = 30.252256393432617 (ms)
[RANK3] B @ 1123.523681640625 (ms) to 1160.734375 (ms), cudaEventElapsed = 37.16505432128906 (ms)
[RANK3] W @ 1160.899169921875 (ms) to 1209.894287109375 (ms), cudaEventElapsed = 16.61542320251465 (ms)
[RANK3] F @ 1210.079345703125 (ms) to 1241.135498046875 (ms), cudaEventElapsed = 31.018112182617188 (ms)
[RANK3] B @ 1241.1904296875 (ms) to 1279.32666015625 (ms), cudaEventElapsed = 38.108158111572266 (ms)
[RANK3] W @ 1279.57958984375 (ms) to 1300.9345703125 (ms), cudaEventElapsed = 20.487167358398438 (ms)
[RANK3] F @ 1336.667236328125 (ms) to 1366.869140625 (ms), cudaEventElapsed = 30.15679931640625 (ms)
[RANK3] B @ 1366.923828125 (ms) to 1404.33935546875 (ms), cudaEventElapsed = 37.38623809814453 (ms)
[RANK3] W @ 1404.582275390625 (ms) to 1425.5458984375 (ms), cudaEventElapsed = 19.973119735717773 (ms)
[RANK3] F @ 1438.225341796875 (ms) to 1469.06787109375 (ms), cudaEventElapsed = 30.79654312133789 (ms)
[RANK3] B @ 1469.119140625 (ms) to 1506.67529296875 (ms), cudaEventElapsed = 37.529598236083984 (ms)
[RANK3] W @ 1506.91064453125 (ms) to 1527.756591796875 (ms), cudaEventElapsed = 19.883007049560547 (ms)
[RANK3] F @ 1539.576904296875 (ms) to 1570.292724609375 (ms), cudaEventElapsed = 30.674528121948242 (ms)
[RANK3] B @ 1570.34814453125 (ms) to 1607.78125 (ms), cudaEventElapsed = 37.403648376464844 (ms)
[RANK3] 8W @ 1607.946533203125 (ms) to 1771.296630859375 (ms), cudaEventElapsed = 163.31674194335938 (ms)
[RANK3] Iteration 2
[RANK3] F @ 101.3212890625 (ms) to 132.017578125 (ms), cudaEventElapsed = 30.641887664794922 (ms)
[RANK3] B @ 132.28466796875 (ms) to 174.0361328125 (ms), cudaEventElapsed = 35.60960006713867 (ms)
[RANK3] F @ 176.5283203125 (ms) to 207.533203125 (ms), cudaEventElapsed = 30.95622444152832 (ms)
[RANK3] B @ 207.6201171875 (ms) to 245.719482421875 (ms), cudaEventElapsed = 38.06924819946289 (ms)
[RANK3] F @ 247.078857421875 (ms) to 279.5166015625 (ms), cudaEventElapsed = 32.39295959472656 (ms)
[RANK3] B @ 279.654296875 (ms) to 318.35791015625 (ms), cudaEventElapsed = 38.66009521484375 (ms)
[RANK3] F @ 319.784423828125 (ms) to 352.422607421875 (ms), cudaEventElapsed = 32.59395217895508 (ms)
[RANK3] B @ 352.56982421875 (ms) to 390.58544921875 (ms), cudaEventElapsed = 37.967872619628906 (ms)
[RANK3] F @ 392.00244140625 (ms) to 424.43798828125 (ms), cudaEventElapsed = 32.38768005371094 (ms)
[RANK3] B @ 424.559814453125 (ms) to 462.287353515625 (ms), cudaEventElapsed = 37.6893424987793 (ms)
[RANK3] F @ 463.8310546875 (ms) to 496.688232421875 (ms), cudaEventElapsed = 32.82227325439453 (ms)
[RANK3] B @ 496.76806640625 (ms) to 534.7001953125 (ms), cudaEventElapsed = 37.90028762817383 (ms)
[RANK3] F @ 536.052001953125 (ms) to 568.7265625 (ms), cudaEventElapsed = 32.64070510864258 (ms)
[RANK3] B @ 568.82421875 (ms) to 607.2080078125 (ms), cudaEventElapsed = 38.347774505615234 (ms)
[RANK3] F @ 607.55517578125 (ms) to 639.518310546875 (ms), cudaEventElapsed = 31.928287506103516 (ms)
[RANK3] B @ 639.746826171875 (ms) to 679.734375 (ms), cudaEventElapsed = 39.953407287597656 (ms)
[RANK3] W @ 680.01416015625 (ms) to 700.1181640625 (ms), cudaEventElapsed = 19.454975128173828 (ms)
[RANK3] F @ 700.299072265625 (ms) to 732.55908203125 (ms), cudaEventElapsed = 32.2276496887207 (ms)
[RANK3] B @ 732.6328125 (ms) to 771.11865234375 (ms), cudaEventElapsed = 38.456321716308594 (ms)
[RANK3] W @ 771.367919921875 (ms) to 792.858642578125 (ms), cudaEventElapsed = 20.44313621520996 (ms)
[RANK3] F @ 823.990478515625 (ms) to 854.29296875 (ms), cudaEventElapsed = 30.259552001953125 (ms)
[RANK3] B @ 854.3701171875 (ms) to 891.068603515625 (ms), cudaEventElapsed = 36.66841506958008 (ms)
[RANK3] W @ 891.335205078125 (ms) to 912.528564453125 (ms), cudaEventElapsed = 20.09600067138672 (ms)
[RANK3] F @ 925.33935546875 (ms) to 956.232421875 (ms), cudaEventElapsed = 30.851423263549805 (ms)
[RANK3] B @ 956.306396484375 (ms) to 994.292236328125 (ms), cudaEventElapsed = 37.956607818603516 (ms)
[RANK3] W @ 994.538818359375 (ms) to 1015.98681640625 (ms), cudaEventElapsed = 20.347904205322266 (ms)
[RANK3] F @ 1029.34375 (ms) to 1060.270263671875 (ms), cudaEventElapsed = 30.888959884643555 (ms)
[RANK3] B @ 1060.35791015625 (ms) to 1098.3232421875 (ms), cudaEventElapsed = 37.934078216552734 (ms)
[RANK3] 8W @ 1098.518310546875 (ms) to 1262.310791015625 (ms), cudaEventElapsed = 163.75808715820312 (ms)
[RANK3] Iteration 3
[RANK3] F @ 99.013427734375 (ms) to 129.8017578125 (ms), cudaEventElapsed = 30.73151969909668 (ms)
[RANK3] B @ 130.0322265625 (ms) to 174.425048828125 (ms), cudaEventElapsed = 35.578880310058594 (ms)
[RANK3] F @ 176.025146484375 (ms) to 207.504638671875 (ms), cudaEventElapsed = 31.435264587402344 (ms)
[RANK3] B @ 207.592041015625 (ms) to 246.341064453125 (ms), cudaEventElapsed = 38.71641540527344 (ms)
[RANK3] F @ 247.749267578125 (ms) to 280.2763671875 (ms), cudaEventElapsed = 32.486656188964844 (ms)
[RANK3] B @ 280.397216796875 (ms) to 318.7548828125 (ms), cudaEventElapsed = 38.3191032409668 (ms)
[RANK3] F @ 320.22119140625 (ms) to 352.73779296875 (ms), cudaEventElapsed = 32.47747039794922 (ms)
[RANK3] B @ 352.85498046875 (ms) to 390.342529296875 (ms), cudaEventElapsed = 37.44768142700195 (ms)
[RANK3] F @ 391.7939453125 (ms) to 424.33251953125 (ms), cudaEventElapsed = 32.49628829956055 (ms)
[RANK3] B @ 424.434814453125 (ms) to 462.885498046875 (ms), cudaEventElapsed = 38.416385650634766 (ms)
[RANK3] F @ 464.388427734375 (ms) to 497.451904296875 (ms), cudaEventElapsed = 33.019615173339844 (ms)
[RANK3] B @ 497.5888671875 (ms) to 535.95556640625 (ms), cudaEventElapsed = 38.326271057128906 (ms)
[RANK3] F @ 537.4375 (ms) to 570.28515625 (ms), cudaEventElapsed = 32.81612777709961 (ms)
[RANK3] B @ 570.3681640625 (ms) to 608.191650390625 (ms), cudaEventElapsed = 37.791744232177734 (ms)
[RANK3] F @ 608.49951171875 (ms) to 640.5654296875 (ms), cudaEventElapsed = 32.03472137451172 (ms)
[RANK3] B @ 640.78759765625 (ms) to 680.302490234375 (ms), cudaEventElapsed = 39.48031997680664 (ms)
[RANK3] W @ 680.548583984375 (ms) to 700.07177734375 (ms), cudaEventElapsed = 19.486719131469727 (ms)
[RANK3] F @ 700.242919921875 (ms) to 733.046875 (ms), cudaEventElapsed = 32.77238464355469 (ms)
[RANK3] B @ 733.13037109375 (ms) to 771.532470703125 (ms), cudaEventElapsed = 38.370304107666016 (ms)
[RANK3] W @ 771.786865234375 (ms) to 792.824951171875 (ms), cudaEventElapsed = 19.834880828857422 (ms)
[RANK3] F @ 821.70849609375 (ms) to 852.0341796875 (ms), cudaEventElapsed = 30.283615112304688 (ms)
[RANK3] B @ 852.1201171875 (ms) to 888.724365234375 (ms), cudaEventElapsed = 36.5742073059082 (ms)
[RANK3] W @ 888.99609375 (ms) to 910.161865234375 (ms), cudaEventElapsed = 20.06015968322754 (ms)
[RANK3] F @ 923.400390625 (ms) to 954.22998046875 (ms), cudaEventElapsed = 30.78985595703125 (ms)
[RANK3] B @ 954.310791015625 (ms) to 992.5966796875 (ms), cudaEventElapsed = 38.255615234375 (ms)
[RANK3] W @ 992.84130859375 (ms) to 1014.43408203125 (ms), cudaEventElapsed = 20.5086727142334 (ms)
[RANK3] F @ 1028.040771484375 (ms) to 1058.984375 (ms), cudaEventElapsed = 30.898048400878906 (ms)
[RANK3] B @ 1059.062255859375 (ms) to 1097.115966796875 (ms), cudaEventElapsed = 38.02009582519531 (ms)
[RANK3] 8W @ 1097.2998046875 (ms) to 1262.99951171875 (ms), cudaEventElapsed = 165.66476440429688 (ms)
[RANK3] Iteration 4
[RANK3] F @ 99.114990234375 (ms) to 130.038818359375 (ms), cudaEventElapsed = 30.86844825744629 (ms)
[RANK3] B @ 130.2744140625 (ms) to 175.972900390625 (ms), cudaEventElapsed = 36.812801361083984 (ms)
[RANK3] F @ 176.53076171875 (ms) to 209.744140625 (ms), cudaEventElapsed = 33.168033599853516 (ms)
[RANK3] B @ 209.83154296875 (ms) to 248.54443359375 (ms), cudaEventElapsed = 38.68057632446289 (ms)
[RANK3] F @ 249.9345703125 (ms) to 283.52392578125 (ms), cudaEventElapsed = 33.54851150512695 (ms)
[RANK3] B @ 283.645751953125 (ms) to 322.6962890625 (ms), cudaEventElapsed = 39.011329650878906 (ms)
[RANK3] F @ 324.124267578125 (ms) to 358.224365234375 (ms), cudaEventElapsed = 34.057857513427734 (ms)
[RANK3] B @ 358.34423828125 (ms) to 397.22119140625 (ms), cudaEventElapsed = 38.83827209472656 (ms)
[RANK3] F @ 398.656982421875 (ms) to 432.93603515625 (ms), cudaEventElapsed = 34.237953186035156 (ms)
[RANK3] B @ 433.044677734375 (ms) to 471.9111328125 (ms), cudaEventElapsed = 38.830078125 (ms)
[RANK3] F @ 473.344482421875 (ms) to 508.08203125 (ms), cudaEventElapsed = 34.697471618652344 (ms)
[RANK3] B @ 508.209716796875 (ms) to 546.97119140625 (ms), cudaEventElapsed = 38.721534729003906 (ms)
[RANK3] F @ 548.496826171875 (ms) to 582.40576171875 (ms), cudaEventElapsed = 33.87420654296875 (ms)
[RANK3] B @ 582.494384765625 (ms) to 621.4833984375 (ms), cudaEventElapsed = 38.956031799316406 (ms)
[RANK3] F @ 621.824462890625 (ms) to 655.677734375 (ms), cudaEventElapsed = 33.81660842895508 (ms)
[RANK3] B @ 655.914306640625 (ms) to 696.413330078125 (ms), cudaEventElapsed = 40.46745681762695 (ms)
[RANK3] W @ 696.600341796875 (ms) to 721.5341796875 (ms), cudaEventElapsed = 21.121023178100586 (ms)
[RANK3] F @ 721.715087890625 (ms) to 755.959716796875 (ms), cudaEventElapsed = 34.212127685546875 (ms)
[RANK3] B @ 756.0380859375 (ms) to 795.5830078125 (ms), cudaEventElapsed = 39.51615905761719 (ms)
[RANK3] W @ 795.846435546875 (ms) to 819.16552734375 (ms), cudaEventElapsed = 22.1081600189209 (ms)
[RANK3] F @ 855.643310546875 (ms) to 886.11767578125 (ms), cudaEventElapsed = 30.43120002746582 (ms)
[RANK3] B @ 886.20068359375 (ms) to 923.916015625 (ms), cudaEventElapsed = 37.68422317504883 (ms)
[RANK3] W @ 924.18115234375 (ms) to 947.833740234375 (ms), cudaEventElapsed = 22.629375457763672 (ms)
[RANK3] F @ 970.583740234375 (ms) to 1002.306884765625 (ms), cudaEventElapsed = 31.676799774169922 (ms)
[RANK3] B @ 1002.384033203125 (ms) to 1040.1875 (ms), cudaEventElapsed = 37.77433776855469 (ms)
[RANK3] W @ 1040.433349609375 (ms) to 1063.76513671875 (ms), cudaEventElapsed = 22.23206329345703 (ms)
[RANK3] F @ 1084.359619140625 (ms) to 1115.814697265625 (ms), cudaEventElapsed = 31.413471221923828 (ms)
[RANK3] B @ 1115.8955078125 (ms) to 1153.9677734375 (ms), cudaEventElapsed = 38.04364776611328 (ms)
[RANK3] 8W @ 1154.16259765625 (ms) to 1345.498779296875 (ms), cudaEventElapsed = 191.3026580810547 (ms)
[RANK3] Iteration 5
[RANK3] F @ 99.4990234375 (ms) to 130.40380859375 (ms), cudaEventElapsed = 30.844831466674805 (ms)
[RANK3] B @ 130.6474609375 (ms) to 175.70068359375 (ms), cudaEventElapsed = 36.86707305908203 (ms)
[RANK3] F @ 176.265625 (ms) to 209.69580078125 (ms), cudaEventElapsed = 33.38307189941406 (ms)
[RANK3] B @ 209.778564453125 (ms) to 248.41015625 (ms), cudaEventElapsed = 38.60172653198242 (ms)
[RANK3] F @ 249.77783203125 (ms) to 283.1455078125 (ms), cudaEventElapsed = 33.32905578613281 (ms)
[RANK3] B @ 283.266357421875 (ms) to 322.010009765625 (ms), cudaEventElapsed = 38.70207977294922 (ms)
[RANK3] F @ 323.480224609375 (ms) to 357.531982421875 (ms), cudaEventElapsed = 34.01055908203125 (ms)
[RANK3] B @ 357.65283203125 (ms) to 396.642822265625 (ms), cudaEventElapsed = 38.949886322021484 (ms)
[RANK3] F @ 398.0654296875 (ms) to 432.507080078125 (ms), cudaEventElapsed = 34.403167724609375 (ms)
[RANK3] B @ 432.6123046875 (ms) to 471.48681640625 (ms), cudaEventElapsed = 38.8403205871582 (ms)
[RANK3] F @ 472.99365234375 (ms) to 507.84228515625 (ms), cudaEventElapsed = 34.80806350708008 (ms)
[RANK3] B @ 507.9306640625 (ms) to 546.60791015625 (ms), cudaEventElapsed = 38.64575958251953 (ms)
[RANK3] F @ 548.164794921875 (ms) to 582.291015625 (ms), cudaEventElapsed = 34.0912971496582 (ms)
[RANK3] B @ 582.384033203125 (ms) to 621.289794921875 (ms), cudaEventElapsed = 38.87206268310547 (ms)
[RANK3] F @ 621.604736328125 (ms) to 655.46533203125 (ms), cudaEventElapsed = 33.827457427978516 (ms)
[RANK3] B @ 655.69384765625 (ms) to 696.056396484375 (ms), cudaEventElapsed = 40.33126449584961 (ms)
[RANK3] W @ 696.26025390625 (ms) to 721.75439453125 (ms), cudaEventElapsed = 21.29100799560547 (ms)
[RANK3] F @ 721.930908203125 (ms) to 756.215087890625 (ms), cudaEventElapsed = 34.25209426879883 (ms)
[RANK3] B @ 756.289306640625 (ms) to 795.6669921875 (ms), cudaEventElapsed = 39.349246978759766 (ms)
[RANK3] W @ 795.922119140625 (ms) to 819.10693359375 (ms), cudaEventElapsed = 21.934080123901367 (ms)
[RANK3] F @ 856.348388671875 (ms) to 886.67626953125 (ms), cudaEventElapsed = 30.28767967224121 (ms)
[RANK3] B @ 886.75244140625 (ms) to 924.126220703125 (ms), cudaEventElapsed = 37.345279693603516 (ms)
[RANK3] W @ 924.397705078125 (ms) to 947.071533203125 (ms), cudaEventElapsed = 21.47635269165039 (ms)
[RANK3] F @ 975.076171875 (ms) to 1005.721923828125 (ms), cudaEventElapsed = 30.602783203125 (ms)
[RANK3] B @ 1005.806396484375 (ms) to 1043.57177734375 (ms), cudaEventElapsed = 37.73030471801758 (ms)
[RANK3] W @ 1043.929931640625 (ms) to 1066.7412109375 (ms), cudaEventElapsed = 21.596160888671875 (ms)
[RANK3] F @ 1086.9609375 (ms) to 1117.97900390625 (ms), cudaEventElapsed = 30.977920532226562 (ms)
[RANK3] B @ 1118.057861328125 (ms) to 1155.583251953125 (ms), cudaEventElapsed = 37.48863983154297 (ms)
[RANK3] 8W @ 1155.767578125 (ms) to 1344.76708984375 (ms), cudaEventElapsed = 188.95872497558594 (ms)
[RANK3] Iteration 6
[RANK3] F @ 99.622802734375 (ms) to 130.3427734375 (ms), cudaEventElapsed = 30.658655166625977 (ms)
[RANK3] B @ 130.567626953125 (ms) to 176.878173828125 (ms), cudaEventElapsed = 37.23775863647461 (ms)
[RANK3] F @ 177.29052734375 (ms) to 210.537353515625 (ms), cudaEventElapsed = 33.203006744384766 (ms)
[RANK3] B @ 210.619140625 (ms) to 249.822265625 (ms), cudaEventElapsed = 39.163902282714844 (ms)
[RANK3] F @ 251.235107421875 (ms) to 284.92578125 (ms), cudaEventElapsed = 33.64470291137695 (ms)
[RANK3] B @ 285.046630859375 (ms) to 323.274169921875 (ms), cudaEventElapsed = 38.18803024291992 (ms)
[RANK3] F @ 324.68994140625 (ms) to 358.07275390625 (ms), cudaEventElapsed = 33.34358215332031 (ms)
[RANK3] B @ 358.19482421875 (ms) to 396.69140625 (ms), cudaEventElapsed = 38.456321716308594 (ms)
[RANK3] F @ 398.114501953125 (ms) to 432.234375 (ms), cudaEventElapsed = 34.0813102722168 (ms)
[RANK3] B @ 432.33935546875 (ms) to 470.887451171875 (ms), cudaEventElapsed = 38.51366424560547 (ms)
[RANK3] F @ 472.599609375 (ms) to 506.994140625 (ms), cudaEventElapsed = 34.35955047607422 (ms)
[RANK3] B @ 507.076416015625 (ms) to 545.306640625 (ms), cudaEventElapsed = 38.20134353637695 (ms)
[RANK3] F @ 546.862060546875 (ms) to 580.59130859375 (ms), cudaEventElapsed = 33.695743560791016 (ms)
[RANK3] B @ 580.6904296875 (ms) to 619.58203125 (ms), cudaEventElapsed = 38.8587532043457 (ms)
[RANK3] F @ 619.907470703125 (ms) to 653.18115234375 (ms), cudaEventElapsed = 33.24041748046875 (ms)
[RANK3] B @ 653.406982421875 (ms) to 693.1455078125 (ms), cudaEventElapsed = 39.70764923095703 (ms)
[RANK3] W @ 693.335205078125 (ms) to 722.205810546875 (ms), cudaEventElapsed = 19.69049644470215 (ms)
[RANK3] F @ 722.381591796875 (ms) to 755.09228515625 (ms), cudaEventElapsed = 32.67241668701172 (ms)
[RANK3] B @ 755.175048828125 (ms) to 793.837890625 (ms), cudaEventElapsed = 38.63347244262695 (ms)
[RANK3] W @ 794.072509765625 (ms) to 817.02294921875 (ms), cudaEventElapsed = 21.778432846069336 (ms)
[RANK3] F @ 858.588134765625 (ms) to 888.640625 (ms), cudaEventElapsed = 30.006208419799805 (ms)
[RANK3] B @ 888.716552734375 (ms) to 925.906005859375 (ms), cudaEventElapsed = 37.16096115112305 (ms)
[RANK3] W @ 926.16015625 (ms) to 948.537353515625 (ms), cudaEventElapsed = 21.144575119018555 (ms)
[RANK3] F @ 979.2216796875 (ms) to 1010.5029296875 (ms), cudaEventElapsed = 31.239168167114258 (ms)
[RANK3] B @ 1010.577392578125 (ms) to 1048.826904296875 (ms), cudaEventElapsed = 38.22079849243164 (ms)
[RANK3] W @ 1049.07470703125 (ms) to 1071.834716796875 (ms), cudaEventElapsed = 21.48044776916504 (ms)
[RANK3] F @ 1090.463134765625 (ms) to 1121.7626953125 (ms), cudaEventElapsed = 31.261152267456055 (ms)
[RANK3] B @ 1121.838134765625 (ms) to 1159.50732421875 (ms), cudaEventElapsed = 37.64019012451172 (ms)
[RANK3] 8W @ 1159.705078125 (ms) to 1350.402099609375 (ms), cudaEventElapsed = 190.66163635253906 (ms)
[RANK3] Iteration 7
[RANK3] F @ 95.218505859375 (ms) to 124.468505859375 (ms), cudaEventElapsed = 29.18956756591797 (ms)
[RANK3] F @ 128.001708984375 (ms) to 159.290283203125 (ms), cudaEventElapsed = 31.24627113342285 (ms)
[RANK3] F @ 166.820068359375 (ms) to 198.276123046875 (ms), cudaEventElapsed = 31.41391944885254 (ms)
[RANK3] F @ 202.4697265625 (ms) to 233.540771484375 (ms), cudaEventElapsed = 31.031776428222656 (ms)
[RANK3] F @ 237.987548828125 (ms) to 270.194580078125 (ms), cudaEventElapsed = 32.165889739990234 (ms)
[RANK3] F @ 273.3388671875 (ms) to 306.00048828125 (ms), cudaEventElapsed = 32.6231689453125 (ms)
[RANK3] F @ 308.7939453125 (ms) to 342.02001953125 (ms), cudaEventElapsed = 33.1841926574707 (ms)
[RANK3] F @ 343.739990234375 (ms) to 375.2998046875 (ms), cudaEventElapsed = 31.523807525634766 (ms)
[RANK3] F @ 380.090087890625 (ms) to 411.32421875 (ms), cudaEventElapsed = 31.19500732421875 (ms)
[RANK3] F @ 416.025634765625 (ms) to 447.439697265625 (ms), cudaEventElapsed = 31.37785530090332 (ms)
[RANK3] F @ 451.586181640625 (ms) to 483.983154296875 (ms), cudaEventElapsed = 32.361759185791016 (ms)
[RANK3] F @ 488.613037109375 (ms) to 520.5869140625 (ms), cudaEventElapsed = 31.938335418701172 (ms)
