[RANK0] Iteration 1
[RANK0] F @ 0.45849609375 (ms) to 9.683837890625 (ms), cudaEventElapsed = 9.169504165649414 (ms)
[RANK0] F @ 1125.299072265625 (ms) to 1134.74658203125 (ms), cudaEventElapsed = 9.38099193572998 (ms)
[RANK0] F @ 1134.911376953125 (ms) to 1143.255859375 (ms), cudaEventElapsed = 8.316703796386719 (ms)
[RANK0] F @ 1143.39697265625 (ms) to 1151.6201171875 (ms), cudaEventElapsed = 8.195648193359375 (ms)
[RANK0] F @ 1151.755615234375 (ms) to 1165.384521484375 (ms), cudaEventElapsed = 13.602720260620117 (ms)
[RANK0] F @ 1165.50634765625 (ms) to 2201.18798828125 (ms), cudaEventElapsed = 19.0118408203125 (ms)
[RANK0] F @ 2201.354736328125 (ms) to 2217.21142578125 (ms), cudaEventElapsed = 13.395808219909668 (ms)
[RANK0] B @ 3814.14453125 (ms) to 3827.230712890625 (ms), cudaEventElapsed = 13.03331184387207 (ms)
[RANK0] F @ 3827.37744140625 (ms) to 3836.125244140625 (ms), cudaEventElapsed = 8.723679542541504 (ms)
[RANK0] B @ 3836.352783203125 (ms) to 3847.245849609375 (ms), cudaEventElapsed = 10.865440368652344 (ms)
[RANK0] W @ 3847.409423828125 (ms) to 3852.720458984375 (ms), cudaEventElapsed = 5.284480094909668 (ms)
[RANK0] F @ 3852.736083984375 (ms) to 3861.185791015625 (ms), cudaEventElapsed = 8.431872367858887 (ms)
[RANK0] B @ 4017.96630859375 (ms) to 4028.00830078125 (ms), cudaEventElapsed = 9.972928047180176 (ms)
[RANK0] B @ 4204.3662109375 (ms) to 4213.140869140625 (ms), cudaEventElapsed = 8.702239990234375 (ms)
[RANK0] W @ 4213.201416015625 (ms) to 4218.462158203125 (ms), cudaEventElapsed = 5.224192142486572 (ms)
[RANK0] F @ 4218.642333984375 (ms) to 4227.3681640625 (ms), cudaEventElapsed = 8.70406436920166 (ms)
[RANK0] B @ 4527.38671875 (ms) to 4537.364013671875 (ms), cudaEventElapsed = 9.912320137023926 (ms)
[RANK0] B @ 4552.605712890625 (ms) to 4561.288818359375 (ms), cudaEventElapsed = 8.649184226989746 (ms)
[RANK0] W @ 4561.33984375 (ms) to 4566.568603515625 (ms), cudaEventElapsed = 5.204832077026367 (ms)
[RANK0] F @ 4566.75732421875 (ms) to 4575.54638671875 (ms), cudaEventElapsed = 8.763104438781738 (ms)
[RANK0] B @ 4580.182861328125 (ms) to 4589.900146484375 (ms), cudaEventElapsed = 9.690400123596191 (ms)
[RANK0] B @ 4590.00244140625 (ms) to 4598.54296875 (ms), cudaEventElapsed = 8.518624305725098 (ms)
[RANK0] W @ 4598.587158203125 (ms) to 4603.81103515625 (ms), cudaEventElapsed = 5.1985602378845215 (ms)
[RANK0] F @ 4603.946044921875 (ms) to 4612.511474609375 (ms), cudaEventElapsed = 8.54310417175293 (ms)
[RANK0] W @ 4612.63037109375 (ms) to 4620.23291015625 (ms), cudaEventElapsed = 5.0899200439453125 (ms)
[RANK0] W @ 4620.241455078125 (ms) to 4625.394287109375 (ms), cudaEventElapsed = 5.135231971740723 (ms)
[RANK0] W @ 4625.485595703125 (ms) to 4630.749755859375 (ms), cudaEventElapsed = 5.243072032928467 (ms)
[RANK0] W @ 4630.75732421875 (ms) to 4636.00048828125 (ms), cudaEventElapsed = 5.227488040924072 (ms)
[RANK0] B @ 4636.107666015625 (ms) to 4645.258544921875 (ms), cudaEventElapsed = 9.129887580871582 (ms)
[RANK0] W @ 4645.4169921875 (ms) to 4650.786865234375 (ms), cudaEventElapsed = 5.342495918273926 (ms)
[RANK0] B @ 4650.90625 (ms) to 4660.69970703125 (ms), cudaEventElapsed = 9.771295547485352 (ms)
[RANK0] W @ 4660.738037109375 (ms) to 4666.047607421875 (ms), cudaEventElapsed = 5.285088062286377 (ms)
[RANK0] B @ 4666.27490234375 (ms) to 4675.95556640625 (ms), cudaEventElapsed = 9.656767845153809 (ms)
[RANK0] W @ 4675.9931640625 (ms) to 4681.331298828125 (ms), cudaEventElapsed = 5.314911842346191 (ms)
[RANK0] B @ 4686.9951171875 (ms) to 4695.597412109375 (ms), cudaEventElapsed = 8.577695846557617 (ms)
[RANK0] 1W @ 4695.63671875 (ms) to 4700.930908203125 (ms), cudaEventElapsed = 5.268959999084473 (ms)
[RANK0] Iteration 2
[RANK0] F @ 0.9580078125 (ms) to 10.306884765625 (ms), cudaEventElapsed = 9.298368453979492 (ms)
[RANK0] F @ 10.4931640625 (ms) to 18.85791015625 (ms), cudaEventElapsed = 8.336480140686035 (ms)
[RANK0] F @ 19.024658203125 (ms) to 27.260498046875 (ms), cudaEventElapsed = 8.207136154174805 (ms)
[RANK0] F @ 27.4111328125 (ms) to 35.61962890625 (ms), cudaEventElapsed = 8.180383682250977 (ms)
[RANK0] F @ 35.76904296875 (ms) to 43.967529296875 (ms), cudaEventElapsed = 8.171456336975098 (ms)
[RANK0] F @ 44.112060546875 (ms) to 52.40234375 (ms), cudaEventElapsed = 8.263392448425293 (ms)
[RANK0] F @ 52.561767578125 (ms) to 60.767578125 (ms), cudaEventElapsed = 8.176095962524414 (ms)
[RANK0] B @ 74.849365234375 (ms) to 83.6591796875 (ms), cudaEventElapsed = 8.780447959899902 (ms)
[RANK0] F @ 83.802734375 (ms) to 92.16748046875 (ms), cudaEventElapsed = 8.34166431427002 (ms)
[RANK0] B @ 94.47412109375 (ms) to 103.13720703125 (ms), cudaEventElapsed = 8.635104179382324 (ms)
[RANK0] W @ 103.260498046875 (ms) to 108.607177734375 (ms), cudaEventElapsed = 5.326816082000732 (ms)
[RANK0] F @ 108.638916015625 (ms) to 116.946533203125 (ms), cudaEventElapsed = 8.28809642791748 (ms)
[RANK0] B @ 123.8037109375 (ms) to 133.48876953125 (ms), cudaEventElapsed = 9.658464431762695 (ms)
[RANK0] B @ 133.959228515625 (ms) to 142.490234375 (ms), cudaEventElapsed = 8.510335922241211 (ms)
[RANK0] W @ 142.572998046875 (ms) to 147.787841796875 (ms), cudaEventElapsed = 5.171264171600342 (ms)
[RANK0] F @ 147.921142578125 (ms) to 156.17236328125 (ms), cudaEventElapsed = 8.229087829589844 (ms)
[RANK0] B @ 163.26806640625 (ms) to 173.028564453125 (ms), cudaEventElapsed = 9.72713565826416 (ms)
[RANK0] B @ 173.326904296875 (ms) to 181.88427734375 (ms), cudaEventElapsed = 8.524928092956543 (ms)
[RANK0] W @ 181.927734375 (ms) to 187.140380859375 (ms), cudaEventElapsed = 5.194464206695557 (ms)
[RANK0] F @ 187.281982421875 (ms) to 195.64453125 (ms), cudaEventElapsed = 8.339648246765137 (ms)
[RANK0] B @ 200.64599609375 (ms) to 210.323486328125 (ms), cudaEventElapsed = 9.649312019348145 (ms)
[RANK0] B @ 210.440673828125 (ms) to 219.017822265625 (ms), cudaEventElapsed = 8.555968284606934 (ms)
[RANK0] W @ 219.101318359375 (ms) to 224.308349609375 (ms), cudaEventElapsed = 5.17849588394165 (ms)
[RANK0] F @ 224.446533203125 (ms) to 232.826904296875 (ms), cudaEventElapsed = 8.358112335205078 (ms)
[RANK0] W @ 232.9765625 (ms) to 241.03076171875 (ms), cudaEventElapsed = 5.116703987121582 (ms)
[RANK0] W @ 241.0595703125 (ms) to 246.201171875 (ms), cudaEventElapsed = 5.1227521896362305 (ms)
[RANK0] W @ 246.304443359375 (ms) to 251.559326171875 (ms), cudaEventElapsed = 5.235072135925293 (ms)
[RANK0] W @ 251.583251953125 (ms) to 256.8515625 (ms), cudaEventElapsed = 5.252064228057861 (ms)
[RANK0] B @ 256.974365234375 (ms) to 266.325927734375 (ms), cudaEventElapsed = 9.328415870666504 (ms)
[RANK0] W @ 266.532958984375 (ms) to 271.908935546875 (ms), cudaEventElapsed = 5.3481597900390625 (ms)
[RANK0] B @ 272.046875 (ms) to 281.87939453125 (ms), cudaEventElapsed = 9.810208320617676 (ms)
[RANK0] W @ 281.96728515625 (ms) to 287.333251953125 (ms), cudaEventElapsed = 5.327744007110596 (ms)
[RANK0] B @ 287.594970703125 (ms) to 297.420654296875 (ms), cudaEventElapsed = 9.799391746520996 (ms)
[RANK0] W @ 297.49951171875 (ms) to 302.8427734375 (ms), cudaEventElapsed = 5.305984020233154 (ms)
[RANK0] B @ 308.457275390625 (ms) to 317.126953125 (ms), cudaEventElapsed = 8.642399787902832 (ms)
[RANK0] 1W @ 317.208740234375 (ms) to 322.494873046875 (ms), cudaEventElapsed = 5.259712219238281 (ms)
[RANK0] Iteration 3
[RANK0] F @ 0.809326171875 (ms) to 10.2490234375 (ms), cudaEventElapsed = 9.40227222442627 (ms)
[RANK0] F @ 10.4912109375 (ms) to 18.8349609375 (ms), cudaEventElapsed = 8.312864303588867 (ms)
[RANK0] F @ 19.036376953125 (ms) to 27.29248046875 (ms), cudaEventElapsed = 8.229439735412598 (ms)
[RANK0] F @ 27.449951171875 (ms) to 35.6064453125 (ms), cudaEventElapsed = 8.129088401794434 (ms)
[RANK0] F @ 35.761962890625 (ms) to 43.9189453125 (ms), cudaEventElapsed = 8.129631996154785 (ms)
[RANK0] F @ 44.074951171875 (ms) to 52.536376953125 (ms), cudaEventElapsed = 8.43273639678955 (ms)
[RANK0] F @ 52.682861328125 (ms) to 60.921875 (ms), cudaEventElapsed = 8.213312149047852 (ms)
[RANK0] B @ 75.49755859375 (ms) to 84.331298828125 (ms), cudaEventElapsed = 8.805376052856445 (ms)
[RANK0] F @ 84.453369140625 (ms) to 92.8876953125 (ms), cudaEventElapsed = 8.412480354309082 (ms)
[RANK0] B @ 95.145263671875 (ms) to 103.8173828125 (ms), cudaEventElapsed = 8.646783828735352 (ms)
[RANK0] W @ 103.9365234375 (ms) to 109.262939453125 (ms), cudaEventElapsed = 5.3081278800964355 (ms)
[RANK0] F @ 109.29345703125 (ms) to 117.630859375 (ms), cudaEventElapsed = 8.31811237335205 (ms)
[RANK0] B @ 124.230712890625 (ms) to 133.90869140625 (ms), cudaEventElapsed = 9.651488304138184 (ms)
[RANK0] B @ 134.458740234375 (ms) to 143.05224609375 (ms), cudaEventElapsed = 8.574015617370605 (ms)
[RANK0] W @ 143.08544921875 (ms) to 148.246337890625 (ms), cudaEventElapsed = 5.144351959228516 (ms)
[RANK0] F @ 148.353759765625 (ms) to 156.716796875 (ms), cudaEventElapsed = 8.343040466308594 (ms)
[RANK0] B @ 163.030517578125 (ms) to 172.737060546875 (ms), cudaEventElapsed = 9.680671691894531 (ms)
[RANK0] B @ 173.23583984375 (ms) to 181.76123046875 (ms), cudaEventElapsed = 8.50489616394043 (ms)
[RANK0] W @ 181.848388671875 (ms) to 187.098388671875 (ms), cudaEventElapsed = 5.219071865081787 (ms)
[RANK0] F @ 187.253173828125 (ms) to 195.6669921875 (ms), cudaEventElapsed = 8.38918399810791 (ms)
[RANK0] B @ 201.254150390625 (ms) to 210.9443359375 (ms), cudaEventElapsed = 9.659456253051758 (ms)
[RANK0] B @ 211.303466796875 (ms) to 219.86181640625 (ms), cudaEventElapsed = 8.529727935791016 (ms)
[RANK0] W @ 219.90283203125 (ms) to 225.061767578125 (ms), cudaEventElapsed = 5.141759872436523 (ms)
[RANK0] F @ 225.2080078125 (ms) to 233.544921875 (ms), cudaEventElapsed = 8.31657600402832 (ms)
[RANK0] W @ 233.68994140625 (ms) to 242.06787109375 (ms), cudaEventElapsed = 5.125088214874268 (ms)
[RANK0] W @ 242.095458984375 (ms) to 247.237060546875 (ms), cudaEventElapsed = 5.1221442222595215 (ms)
[RANK0] W @ 247.3408203125 (ms) to 252.6142578125 (ms), cudaEventElapsed = 5.253632068634033 (ms)
[RANK0] W @ 252.637939453125 (ms) to 257.8837890625 (ms), cudaEventElapsed = 5.227071762084961 (ms)
[RANK0] B @ 258.00341796875 (ms) to 267.253173828125 (ms), cudaEventElapsed = 9.225503921508789 (ms)
[RANK0] W @ 267.473876953125 (ms) to 272.789306640625 (ms), cudaEventElapsed = 5.286303997039795 (ms)
[RANK0] B @ 272.913330078125 (ms) to 282.5712890625 (ms), cudaEventElapsed = 9.636320114135742 (ms)
[RANK0] W @ 282.6552734375 (ms) to 287.987060546875 (ms), cudaEventElapsed = 5.3015360832214355 (ms)
[RANK0] B @ 288.21337890625 (ms) to 298.15283203125 (ms), cudaEventElapsed = 9.915200233459473 (ms)
[RANK0] W @ 298.232421875 (ms) to 303.615234375 (ms), cudaEventElapsed = 5.355519771575928 (ms)
[RANK0] B @ 309.132568359375 (ms) to 317.728759765625 (ms), cudaEventElapsed = 8.572159767150879 (ms)
[RANK0] 1W @ 317.80517578125 (ms) to 323.11962890625 (ms), cudaEventElapsed = 5.282911777496338 (ms)
[RANK0] Iteration 4
[RANK0] F @ 0.6708984375 (ms) to 9.915283203125 (ms), cudaEventElapsed = 9.207263946533203 (ms)
[RANK0] F @ 10.09033203125 (ms) to 18.360595703125 (ms), cudaEventElapsed = 8.243488311767578 (ms)
[RANK0] F @ 18.51904296875 (ms) to 26.721435546875 (ms), cudaEventElapsed = 8.174528121948242 (ms)
[RANK0] F @ 26.870849609375 (ms) to 35.038818359375 (ms), cudaEventElapsed = 8.142047882080078 (ms)
[RANK0] F @ 35.179931640625 (ms) to 43.3359375 (ms), cudaEventElapsed = 8.12992000579834 (ms)
[RANK0] F @ 43.478759765625 (ms) to 51.7841796875 (ms), cudaEventElapsed = 8.279935836791992 (ms)
[RANK0] F @ 51.927734375 (ms) to 60.159423828125 (ms), cudaEventElapsed = 8.207839965820312 (ms)
[RANK0] B @ 74.012451171875 (ms) to 83.053955078125 (ms), cudaEventElapsed = 9.010720252990723 (ms)
[RANK0] F @ 83.197265625 (ms) to 91.62353515625 (ms), cudaEventElapsed = 8.404352188110352 (ms)
[RANK0] B @ 94.38623046875 (ms) to 103.35888671875 (ms), cudaEventElapsed = 8.939680099487305 (ms)
[RANK0] W @ 103.577392578125 (ms) to 108.998291015625 (ms), cudaEventElapsed = 5.390880107879639 (ms)
[RANK0] F @ 109.032470703125 (ms) to 117.457763671875 (ms), cudaEventElapsed = 8.405471801757812 (ms)
[RANK0] B @ 124.842041015625 (ms) to 134.99560546875 (ms), cudaEventElapsed = 10.123744010925293 (ms)
[RANK0] B @ 135.702880859375 (ms) to 144.742431640625 (ms), cudaEventElapsed = 9.007967948913574 (ms)
[RANK0] W @ 144.82666015625 (ms) to 150.16357421875 (ms), cudaEventElapsed = 5.295904159545898 (ms)
[RANK0] F @ 150.330322265625 (ms) to 158.82275390625 (ms), cudaEventElapsed = 8.468704223632812 (ms)
[RANK0] B @ 164.50634765625 (ms) to 174.684326171875 (ms), cudaEventElapsed = 10.142111778259277 (ms)
[RANK0] B @ 174.917724609375 (ms) to 183.899169921875 (ms), cudaEventElapsed = 8.946911811828613 (ms)
[RANK0] W @ 183.986572265625 (ms) to 189.297607421875 (ms), cudaEventElapsed = 5.281888008117676 (ms)
[RANK0] F @ 189.484619140625 (ms) to 198.022216796875 (ms), cudaEventElapsed = 8.51244831085205 (ms)
[RANK0] B @ 203.507568359375 (ms) to 213.601318359375 (ms), cudaEventElapsed = 10.06281566619873 (ms)
[RANK0] B @ 214.16796875 (ms) to 223.017333984375 (ms), cudaEventElapsed = 8.817888259887695 (ms)
[RANK0] W @ 223.09619140625 (ms) to 228.400634765625 (ms), cudaEventElapsed = 5.277376174926758 (ms)
[RANK0] F @ 228.564697265625 (ms) to 237.017578125 (ms), cudaEventElapsed = 8.4301118850708 (ms)
[RANK0] W @ 237.1611328125 (ms) to 245.975341796875 (ms), cudaEventElapsed = 5.189760208129883 (ms)
[RANK0] W @ 246.002685546875 (ms) to 251.220458984375 (ms), cudaEventElapsed = 5.200416088104248 (ms)
[RANK0] W @ 251.330810546875 (ms) to 256.73486328125 (ms), cudaEventElapsed = 5.383103847503662 (ms)
[RANK0] W @ 256.758544921875 (ms) to 262.156005859375 (ms), cudaEventElapsed = 5.379968166351318 (ms)
[RANK0] B @ 262.27978515625 (ms) to 272.184814453125 (ms), cudaEventElapsed = 9.880672454833984 (ms)
[RANK0] W @ 272.411865234375 (ms) to 277.9326171875 (ms), cudaEventElapsed = 5.471360206604004 (ms)
[RANK0] B @ 278.055419921875 (ms) to 288.504638671875 (ms), cudaEventElapsed = 10.427712440490723 (ms)
[RANK0] W @ 288.587158203125 (ms) to 294.050537109375 (ms), cudaEventElapsed = 5.436192035675049 (ms)
[RANK0] B @ 294.28515625 (ms) to 304.66015625 (ms), cudaEventElapsed = 10.350144386291504 (ms)
[RANK0] W @ 304.740478515625 (ms) to 310.2109375 (ms), cudaEventElapsed = 5.443967819213867 (ms)
[RANK0] B @ 317.77294921875 (ms) to 326.93701171875 (ms), cudaEventElapsed = 9.139904022216797 (ms)
[RANK0] 1W @ 327.010986328125 (ms) to 332.438232421875 (ms), cudaEventElapsed = 5.402080059051514 (ms)
[RANK0] Iteration 5
[RANK0] F @ 0.69677734375 (ms) to 9.955810546875 (ms), cudaEventElapsed = 9.22441577911377 (ms)
[RANK0] F @ 10.137939453125 (ms) to 18.4169921875 (ms), cudaEventElapsed = 8.252351760864258 (ms)
[RANK0] F @ 18.57177734375 (ms) to 26.7099609375 (ms), cudaEventElapsed = 8.110527992248535 (ms)
[RANK0] F @ 26.879638671875 (ms) to 35.031494140625 (ms), cudaEventElapsed = 8.123711585998535 (ms)
[RANK0] F @ 35.177490234375 (ms) to 43.376220703125 (ms), cudaEventElapsed = 8.1725435256958 (ms)
[RANK0] F @ 43.5302734375 (ms) to 51.897705078125 (ms), cudaEventElapsed = 8.341055870056152 (ms)
[RANK0] F @ 52.046630859375 (ms) to 60.263671875 (ms), cudaEventElapsed = 8.190655708312988 (ms)
[RANK0] B @ 75.897705078125 (ms) to 85.11376953125 (ms), cudaEventElapsed = 9.18454360961914 (ms)
[RANK0] F @ 85.251953125 (ms) to 93.755859375 (ms), cudaEventElapsed = 8.480671882629395 (ms)
[RANK0] B @ 97.11865234375 (ms) to 106.21044921875 (ms), cudaEventElapsed = 9.061056137084961 (ms)
[RANK0] W @ 106.337158203125 (ms) to 111.7646484375 (ms), cudaEventElapsed = 5.406816005706787 (ms)
[RANK0] F @ 111.799560546875 (ms) to 120.230224609375 (ms), cudaEventElapsed = 8.409248352050781 (ms)
[RANK0] B @ 129.754150390625 (ms) to 139.884521484375 (ms), cudaEventElapsed = 10.098431587219238 (ms)
[RANK0] B @ 140.5810546875 (ms) to 149.51904296875 (ms), cudaEventElapsed = 8.90441608428955 (ms)
[RANK0] W @ 149.6064453125 (ms) to 154.96630859375 (ms), cudaEventElapsed = 5.3193278312683105 (ms)
[RANK0] F @ 155.1357421875 (ms) to 163.67236328125 (ms), cudaEventElapsed = 8.512736320495605 (ms)
[RANK0] B @ 168.86279296875 (ms) to 179.0068359375 (ms), cudaEventElapsed = 10.114879608154297 (ms)
[RANK0] B @ 179.5537109375 (ms) to 188.607177734375 (ms), cudaEventElapsed = 9.030847549438477 (ms)
[RANK0] W @ 188.68798828125 (ms) to 194.03271484375 (ms), cudaEventElapsed = 5.319039821624756 (ms)
[RANK0] F @ 194.18212890625 (ms) to 202.697998046875 (ms), cudaEventElapsed = 8.493663787841797 (ms)
[RANK0] B @ 208.127685546875 (ms) to 218.369140625 (ms), cudaEventElapsed = 10.21343994140625 (ms)
[RANK0] B @ 218.950439453125 (ms) to 227.926025390625 (ms), cudaEventElapsed = 8.94918441772461 (ms)
[RANK0] W @ 228.01123046875 (ms) to 233.344482421875 (ms), cudaEventElapsed = 5.302271842956543 (ms)
[RANK0] F @ 233.50439453125 (ms) to 242.061279296875 (ms), cudaEventElapsed = 8.533056259155273 (ms)
[RANK0] W @ 242.213134765625 (ms) to 251.12841796875 (ms), cudaEventElapsed = 5.224607944488525 (ms)
[RANK0] W @ 251.160888671875 (ms) to 256.4189453125 (ms), cudaEventElapsed = 5.23740816116333 (ms)
[RANK0] W @ 256.52783203125 (ms) to 261.961669921875 (ms), cudaEventElapsed = 5.413919925689697 (ms)
[RANK0] W @ 261.984619140625 (ms) to 267.384033203125 (ms), cudaEventElapsed = 5.381887912750244 (ms)
[RANK0] B @ 267.50390625 (ms) to 277.457763671875 (ms), cudaEventElapsed = 9.934016227722168 (ms)
[RANK0] W @ 277.66259765625 (ms) to 283.245849609375 (ms), cudaEventElapsed = 5.548255920410156 (ms)
[RANK0] B @ 283.369873046875 (ms) to 293.999755859375 (ms), cudaEventElapsed = 10.6079683303833 (ms)
[RANK0] W @ 294.079345703125 (ms) to 299.572509765625 (ms), cudaEventElapsed = 5.466879844665527 (ms)
[RANK0] B @ 299.78955078125 (ms) to 310.36474609375 (ms), cudaEventElapsed = 10.550687789916992 (ms)
[RANK0] W @ 310.443359375 (ms) to 316.001708984375 (ms), cudaEventElapsed = 5.53001594543457 (ms)
[RANK0] B @ 322.1513671875 (ms) to 331.39697265625 (ms), cudaEventElapsed = 9.219231605529785 (ms)
[RANK0] 1W @ 331.474853515625 (ms) to 336.88037109375 (ms), cudaEventElapsed = 5.3791680335998535 (ms)
[RANK0] Iteration 6
[RANK0] F @ 0.74365234375 (ms) to 10.100830078125 (ms), cudaEventElapsed = 9.322272300720215 (ms)
[RANK0] F @ 10.276611328125 (ms) to 18.68408203125 (ms), cudaEventElapsed = 8.380800247192383 (ms)
[RANK0] F @ 18.83251953125 (ms) to 27.103759765625 (ms), cudaEventElapsed = 8.24448013305664 (ms)
[RANK0] F @ 27.2490234375 (ms) to 35.508544921875 (ms), cudaEventElapsed = 8.23311996459961 (ms)
[RANK0] F @ 35.653076171875 (ms) to 43.84716796875 (ms), cudaEventElapsed = 8.168736457824707 (ms)
[RANK0] F @ 44.12939453125 (ms) to 52.61962890625 (ms), cudaEventElapsed = 8.460415840148926 (ms)
[RANK0] F @ 52.779296875 (ms) to 61.107421875 (ms), cudaEventElapsed = 8.30128002166748 (ms)
[RANK0] B @ 75.85888671875 (ms) to 84.9677734375 (ms), cudaEventElapsed = 9.07692813873291 (ms)
[RANK0] F @ 85.095947265625 (ms) to 93.569580078125 (ms), cudaEventElapsed = 8.450592041015625 (ms)
[RANK0] B @ 96.025390625 (ms) to 105.055908203125 (ms), cudaEventElapsed = 9.00220775604248 (ms)
[RANK0] W @ 105.189453125 (ms) to 110.630859375 (ms), cudaEventElapsed = 5.420896053314209 (ms)
[RANK0] F @ 110.6640625 (ms) to 118.96875 (ms), cudaEventElapsed = 8.285504341125488 (ms)
[RANK0] B @ 126.263671875 (ms) to 136.31689453125 (ms), cudaEventElapsed = 10.025664329528809 (ms)
[RANK0] B @ 137.0966796875 (ms) to 146.023193359375 (ms), cudaEventElapsed = 8.906847953796387 (ms)
[RANK0] W @ 146.062744140625 (ms) to 151.365234375 (ms), cudaEventElapsed = 5.2824320793151855 (ms)
[RANK0] F @ 151.494384765625 (ms) to 159.8330078125 (ms), cudaEventElapsed = 8.31715202331543 (ms)
[RANK0] B @ 166.48681640625 (ms) to 176.5615234375 (ms), cudaEventElapsed = 10.041024208068848 (ms)
[RANK0] B @ 177.087158203125 (ms) to 186.008544921875 (ms), cudaEventElapsed = 8.888128280639648 (ms)
[RANK0] W @ 186.088623046875 (ms) to 191.420654296875 (ms), cudaEventElapsed = 5.3056321144104 (ms)
[RANK0] F @ 191.598876953125 (ms) to 199.979736328125 (ms), cudaEventElapsed = 8.354080200195312 (ms)
[RANK0] B @ 205.422119140625 (ms) to 215.453369140625 (ms), cudaEventElapsed = 9.999872207641602 (ms)
[RANK0] B @ 216.057861328125 (ms) to 224.992919921875 (ms), cudaEventElapsed = 8.903743743896484 (ms)
[RANK0] W @ 225.072265625 (ms) to 230.417724609375 (ms), cudaEventElapsed = 5.3191680908203125 (ms)
[RANK0] F @ 230.580322265625 (ms) to 239.173095703125 (ms), cudaEventElapsed = 8.563776016235352 (ms)
[RANK0] W @ 239.31884765625 (ms) to 247.634765625 (ms), cudaEventElapsed = 5.253824234008789 (ms)
[RANK0] W @ 247.66259765625 (ms) to 252.9306640625 (ms), cudaEventElapsed = 5.250112056732178 (ms)
[RANK0] W @ 253.03515625 (ms) to 258.49072265625 (ms), cudaEventElapsed = 5.435103893280029 (ms)
[RANK0] W @ 258.51513671875 (ms) to 263.94775390625 (ms), cudaEventElapsed = 5.414783954620361 (ms)
[RANK0] B @ 264.0693359375 (ms) to 274.211181640625 (ms), cudaEventElapsed = 10.12070369720459 (ms)
[RANK0] W @ 274.3486328125 (ms) to 280.0537109375 (ms), cudaEventElapsed = 5.685279846191406 (ms)
[RANK0] B @ 280.15380859375 (ms) to 291.365234375 (ms), cudaEventElapsed = 11.19046401977539 (ms)
[RANK0] W @ 291.456298828125 (ms) to 297.077392578125 (ms), cudaEventElapsed = 5.5911359786987305 (ms)
[RANK0] B @ 297.326904296875 (ms) to 308.367919921875 (ms), cudaEventElapsed = 11.015711784362793 (ms)
[RANK0] W @ 308.455322265625 (ms) to 314.093994140625 (ms), cudaEventElapsed = 5.611423969268799 (ms)
[RANK0] B @ 317.709716796875 (ms) to 327.173828125 (ms), cudaEventElapsed = 9.440832138061523 (ms)
[RANK0] 1W @ 327.25244140625 (ms) to 332.759765625 (ms), cudaEventElapsed = 5.48089599609375 (ms)
[RANK0] Iteration 7
[RANK0] F @ 0.67041015625 (ms) to 9.903076171875 (ms), cudaEventElapsed = 9.196864128112793 (ms)
[RANK0] F @ 10.0810546875 (ms) to 18.37744140625 (ms), cudaEventElapsed = 8.269696235656738 (ms)
[RANK0] F @ 18.54736328125 (ms) to 26.814208984375 (ms), cudaEventElapsed = 8.236800193786621 (ms)
[RANK0] F @ 26.992431640625 (ms) to 35.263916015625 (ms), cudaEventElapsed = 8.241727828979492 (ms)
[RANK0] F @ 35.46240234375 (ms) to 43.931396484375 (ms), cudaEventElapsed = 8.439616203308105 (ms)
[RANK0] F @ 44.083251953125 (ms) to 52.416748046875 (ms), cudaEventElapsed = 8.306112289428711 (ms)
[RANK0] F @ 52.5751953125 (ms) to 60.75390625 (ms), cudaEventElapsed = 8.152352333068848 (ms)
[RANK0] B @ 76.8330078125 (ms) to 85.943359375 (ms), cudaEventElapsed = 9.079487800598145 (ms)
[RANK0] F @ 86.087646484375 (ms) to 94.571044921875 (ms), cudaEventElapsed = 8.458271980285645 (ms)
[RANK0] B @ 96.769775390625 (ms) to 105.756103515625 (ms), cudaEventElapsed = 8.9519681930542 (ms)
[RANK0] W @ 105.97509765625 (ms) to 111.444091796875 (ms), cudaEventElapsed = 5.440415859222412 (ms)
[RANK0] F @ 111.479248046875 (ms) to 119.794677734375 (ms), cudaEventElapsed = 8.296159744262695 (ms)
[RANK0] B @ 126.626708984375 (ms) to 136.943115234375 (ms), cudaEventElapsed = 10.286272048950195 (ms)
[RANK0] B @ 137.49267578125 (ms) to 146.605712890625 (ms), cudaEventElapsed = 9.092896461486816 (ms)
[RANK0] W @ 146.64892578125 (ms) to 151.980224609375 (ms), cudaEventElapsed = 5.304895877838135 (ms)
[RANK0] F @ 152.1220703125 (ms) to 160.627197265625 (ms), cudaEventElapsed = 8.480128288269043 (ms)
[RANK0] B @ 167.934814453125 (ms) to 178.29833984375 (ms), cudaEventElapsed = 10.333439826965332 (ms)
[RANK0] B @ 178.685791015625 (ms) to 187.6806640625 (ms), cudaEventElapsed = 8.975040435791016 (ms)
[RANK0] W @ 187.720458984375 (ms) to 193.0595703125 (ms), cudaEventElapsed = 5.321216106414795 (ms)
[RANK0] F @ 193.168701171875 (ms) to 201.576171875 (ms), cudaEventElapsed = 8.387935638427734 (ms)
[RANK0] B @ 209.143310546875 (ms) to 219.448486328125 (ms), cudaEventElapsed = 10.275775909423828 (ms)
[RANK0] B @ 219.98486328125 (ms) to 229.063720703125 (ms), cudaEventElapsed = 9.05401611328125 (ms)
[RANK0] W @ 229.102294921875 (ms) to 234.42431640625 (ms), cudaEventElapsed = 5.302015781402588 (ms)
[RANK0] F @ 234.5361328125 (ms) to 243.001708984375 (ms), cudaEventElapsed = 8.444128036499023 (ms)
[RANK0] W @ 243.135009765625 (ms) to 252.80615234375 (ms), cudaEventElapsed = 5.2551679611206055 (ms)
[RANK0] W @ 252.833984375 (ms) to 258.126953125 (ms), cudaEventElapsed = 5.27459192276001 (ms)
[RANK0] W @ 258.223388671875 (ms) to 263.67724609375 (ms), cudaEventElapsed = 5.43555212020874 (ms)
[RANK0] W @ 263.698486328125 (ms) to 269.18701171875 (ms), cudaEventElapsed = 5.4727678298950195 (ms)
[RANK0] B @ 269.295166015625 (ms) to 279.396728515625 (ms), cudaEventElapsed = 10.08198356628418 (ms)
[RANK0] W @ 279.511474609375 (ms) to 285.0439453125 (ms), cudaEventElapsed = 5.5121917724609375 (ms)
[RANK0] B @ 285.14599609375 (ms) to 295.82763671875 (ms), cudaEventElapsed = 10.660287857055664 (ms)
[RANK0] W @ 295.9130859375 (ms) to 301.463623046875 (ms), cudaEventElapsed = 5.5232319831848145 (ms)
[RANK0] B @ 301.685791015625 (ms) to 312.354736328125 (ms), cudaEventElapsed = 10.634655952453613 (ms)
[RANK0] W @ 312.39208984375 (ms) to 317.91845703125 (ms), cudaEventElapsed = 5.508959770202637 (ms)
[RANK0] B @ 324.0595703125 (ms) to 333.37060546875 (ms), cudaEventElapsed = 9.290335655212402 (ms)
[RANK0] 1W @ 333.4033203125 (ms) to 338.828369140625 (ms), cudaEventElapsed = 5.40883207321167 (ms)
[RANK0] Iteration 8
[RANK0] F @ 0.969482421875 (ms) to 160.821533203125 (ms), cudaEventElapsed = 159.80467224121094 (ms)
[RANK0] F @ 161.05419921875 (ms) to 169.243408203125 (ms), cudaEventElapsed = 8.157343864440918 (ms)
[RANK0] F @ 169.424072265625 (ms) to 177.221923828125 (ms), cudaEventElapsed = 7.768576145172119 (ms)
[RANK0] F @ 177.374755859375 (ms) to 185.116943359375 (ms), cudaEventElapsed = 7.716991901397705 (ms)
[RANK0] F @ 185.2666015625 (ms) to 322.484375 (ms), cudaEventElapsed = 7.938623905181885 (ms)
[RANK0] F @ 322.639892578125 (ms) to 330.60498046875 (ms), cudaEventElapsed = 7.51094388961792 (ms)
[RANK0] F @ 330.755615234375 (ms) to 347.937744140625 (ms), cudaEventElapsed = 7.522208213806152 (ms)
[RANK0] F @ 348.084228515625 (ms) to 481.583984375 (ms), cudaEventElapsed = 8.103360176086426 (ms)
[RANK0] F @ 481.760986328125 (ms) to 489.771484375 (ms), cudaEventElapsed = 7.543168067932129 (ms)
[RANK0] F @ 489.947265625 (ms) to 498.256591796875 (ms), cudaEventElapsed = 7.5294718742370605 (ms)
[RANK0] F @ 498.408935546875 (ms) to 656.14453125 (ms), cudaEventElapsed = 7.977920055389404 (ms)
[RANK0] F @ 656.2919921875 (ms) to 664.848388671875 (ms), cudaEventElapsed = 7.517824172973633 (ms)
