[RANK0] Iteration 1
[RANK0] F @ 3.486328125 (ms) to 677.066162109375 (ms), cudaEventElapsed = 673.5233764648438 (ms)
[RANK0] F @ 677.59375 (ms) to 689.67626953125 (ms), cudaEventElapsed = 12.062591552734375 (ms)
[RANK0] F @ 690.199462890625 (ms) to 702.525390625 (ms), cudaEventElapsed = 12.305343627929688 (ms)
[RANK0] F @ 703.050537109375 (ms) to 715.678955078125 (ms), cudaEventElapsed = 12.60745620727539 (ms)
[RANK0] F @ 716.194580078125 (ms) to 730.021240234375 (ms), cudaEventElapsed = 13.803327560424805 (ms)
[RANK0] F @ 730.534423828125 (ms) to 743.505859375 (ms), cudaEventElapsed = 12.950592041015625 (ms)
[RANK0] F @ 744.008544921875 (ms) to 776.563720703125 (ms), cudaEventElapsed = 32.53571319580078 (ms)
[RANK0] B @ 3101.73291015625 (ms) to 3455.3916015625 (ms), cudaEventElapsed = 353.6120910644531 (ms)
[RANK0] F @ 3455.665771484375 (ms) to 3464.285888671875 (ms), cudaEventElapsed = 8.598336219787598 (ms)
[RANK0] B @ 3465.429931640625 (ms) to 3474.120849609375 (ms), cudaEventElapsed = 8.667455673217773 (ms)
[RANK0] F @ 3474.318115234375 (ms) to 3482.72119140625 (ms), cudaEventElapsed = 8.382240295410156 (ms)
[RANK0] B @ 3483.6865234375 (ms) to 3492.48291015625 (ms), cudaEventElapsed = 8.775520324707031 (ms)
[RANK0] F @ 3492.793212890625 (ms) to 3501.2119140625 (ms), cudaEventElapsed = 8.398015975952148 (ms)
[RANK0] B @ 3530.935791015625 (ms) to 3552.265869140625 (ms), cudaEventElapsed = 21.306976318359375 (ms)
[RANK0] F @ 3552.4931640625 (ms) to 3561.087890625 (ms), cudaEventElapsed = 8.575103759765625 (ms)
[RANK0] B @ 3561.994384765625 (ms) to 3570.73291015625 (ms), cudaEventElapsed = 8.71827220916748 (ms)
[RANK0] F @ 3570.86962890625 (ms) to 3579.165771484375 (ms), cudaEventElapsed = 8.277888298034668 (ms)
[RANK0] B @ 3609.56640625 (ms) to 3618.442138671875 (ms), cudaEventElapsed = 8.851072311401367 (ms)
[RANK0] W @ 3618.73876953125 (ms) to 3624.1708984375 (ms), cudaEventElapsed = 5.414207935333252 (ms)
[RANK0] B @ 3624.764892578125 (ms) to 3633.334228515625 (ms), cudaEventElapsed = 8.54969596862793 (ms)
[RANK0] W @ 3633.65673828125 (ms) to 3638.844970703125 (ms), cudaEventElapsed = 5.170368194580078 (ms)
[RANK0] B @ 3639.454345703125 (ms) to 3648.912841796875 (ms), cudaEventElapsed = 9.43881607055664 (ms)
[RANK0] W @ 3649.2177734375 (ms) to 3654.405517578125 (ms), cudaEventElapsed = 5.169375896453857 (ms)
[RANK0] B @ 3657.019287109375 (ms) to 3665.56103515625 (ms), cudaEventElapsed = 8.522144317626953 (ms)
[RANK0] W @ 3665.89013671875 (ms) to 3671.083984375 (ms), cudaEventElapsed = 5.1757121086120605 (ms)
[RANK0] B @ 3676.153076171875 (ms) to 3684.92041015625 (ms), cudaEventElapsed = 8.747551918029785 (ms)
[RANK0] W @ 3685.231201171875 (ms) to 3690.41162109375 (ms), cudaEventElapsed = 5.160831928253174 (ms)
[RANK0] B @ 3694.57958984375 (ms) to 3703.1357421875 (ms), cudaEventElapsed = 8.536704063415527 (ms)
[RANK0] W @ 3703.888916015625 (ms) to 3709.080322265625 (ms), cudaEventElapsed = 5.17033576965332 (ms)
[RANK0] B @ 3714.644287109375 (ms) to 3723.42919921875 (ms), cudaEventElapsed = 8.764512062072754 (ms)
[RANK0] 6W @ 3724.099853515625 (ms) to 3754.938720703125 (ms), cudaEventElapsed = 30.81865692138672 (ms)
[RANK0] Iteration 2
[RANK0] F @ 1.067138671875 (ms) to 10.58203125 (ms), cudaEventElapsed = 9.486111640930176 (ms)
[RANK0] F @ 11.31591796875 (ms) to 20.221435546875 (ms), cudaEventElapsed = 8.879487991333008 (ms)
[RANK0] F @ 20.90576171875 (ms) to 30.03466796875 (ms), cudaEventElapsed = 9.103039741516113 (ms)
[RANK0] F @ 30.6904296875 (ms) to 39.54248046875 (ms), cudaEventElapsed = 8.827360153198242 (ms)
[RANK0] F @ 40.038818359375 (ms) to 48.336181640625 (ms), cudaEventElapsed = 8.277888298034668 (ms)
[RANK0] F @ 48.81396484375 (ms) to 57.05859375 (ms), cudaEventElapsed = 8.22441577911377 (ms)
[RANK0] F @ 57.55517578125 (ms) to 65.8017578125 (ms), cudaEventElapsed = 8.22646427154541 (ms)
[RANK0] B @ 250.61328125 (ms) to 259.909423828125 (ms), cudaEventElapsed = 9.268608093261719 (ms)
[RANK0] F @ 260.091552734375 (ms) to 268.843017578125 (ms), cudaEventElapsed = 8.729887962341309 (ms)
[RANK0] B @ 271.166748046875 (ms) to 280.287109375 (ms), cudaEventElapsed = 9.099743843078613 (ms)
[RANK0] F @ 280.441650390625 (ms) to 288.888427734375 (ms), cudaEventElapsed = 8.426783561706543 (ms)
[RANK0] B @ 291.79541015625 (ms) to 300.73583984375 (ms), cudaEventElapsed = 8.917951583862305 (ms)
[RANK0] F @ 300.930419921875 (ms) to 309.37060546875 (ms), cudaEventElapsed = 8.418496131896973 (ms)
[RANK0] B @ 376.283935546875 (ms) to 385.52099609375 (ms), cudaEventElapsed = 9.206656455993652 (ms)
[RANK0] F @ 385.771240234375 (ms) to 394.440673828125 (ms), cudaEventElapsed = 8.64684772491455 (ms)
[RANK0] B @ 418.334228515625 (ms) to 427.44873046875 (ms), cudaEventElapsed = 9.09062385559082 (ms)
[RANK0] F @ 427.6669921875 (ms) to 436.34423828125 (ms), cudaEventElapsed = 8.65664005279541 (ms)
[RANK0] B @ 461.912353515625 (ms) to 471.14306640625 (ms), cudaEventElapsed = 9.207712173461914 (ms)
[RANK0] W @ 471.44287109375 (ms) to 476.767822265625 (ms), cudaEventElapsed = 5.306111812591553 (ms)
[RANK0] B @ 495.018310546875 (ms) to 504.337646484375 (ms), cudaEventElapsed = 9.29804801940918 (ms)
[RANK0] W @ 504.683349609375 (ms) to 510.035400390625 (ms), cudaEventElapsed = 5.330944061279297 (ms)
[RANK0] B @ 536.822265625 (ms) to 545.93505859375 (ms), cudaEventElapsed = 9.092639923095703 (ms)
[RANK0] W @ 546.220703125 (ms) to 551.550048828125 (ms), cudaEventElapsed = 5.312640190124512 (ms)
[RANK0] B @ 566.0 (ms) to 575.21875 (ms), cudaEventElapsed = 9.199487686157227 (ms)
[RANK0] W @ 575.541259765625 (ms) to 580.871337890625 (ms), cudaEventElapsed = 5.312575817108154 (ms)
[RANK0] B @ 613.644287109375 (ms) to 622.74169921875 (ms), cudaEventElapsed = 9.074239730834961 (ms)
[RANK0] W @ 623.05908203125 (ms) to 628.402099609375 (ms), cudaEventElapsed = 5.323423862457275 (ms)
[RANK0] B @ 681.87255859375 (ms) to 691.027587890625 (ms), cudaEventElapsed = 9.131199836730957 (ms)
[RANK0] W @ 691.360107421875 (ms) to 696.720458984375 (ms), cudaEventElapsed = 5.340288162231445 (ms)
[RANK0] B @ 716.671142578125 (ms) to 725.578125 (ms), cudaEventElapsed = 8.884448051452637 (ms)
[RANK0] 6W @ 727.24267578125 (ms) to 758.924560546875 (ms), cudaEventElapsed = 31.65795135498047 (ms)
[RANK0] Iteration 3
[RANK0] F @ 0.60400390625 (ms) to 10.19677734375 (ms), cudaEventElapsed = 9.570079803466797 (ms)
[RANK0] F @ 10.741455078125 (ms) to 19.27880859375 (ms), cudaEventElapsed = 8.515104293823242 (ms)
[RANK0] F @ 19.779296875 (ms) to 28.13525390625 (ms), cudaEventElapsed = 8.335712432861328 (ms)
[RANK0] F @ 28.6416015625 (ms) to 37.18408203125 (ms), cudaEventElapsed = 8.522720336914062 (ms)
[RANK0] F @ 37.734130859375 (ms) to 46.609375 (ms), cudaEventElapsed = 8.85484790802002 (ms)
[RANK0] F @ 47.117919921875 (ms) to 55.587890625 (ms), cudaEventElapsed = 8.448415756225586 (ms)
[RANK0] F @ 56.097412109375 (ms) to 64.396484375 (ms), cudaEventElapsed = 8.279775619506836 (ms)
[RANK0] F @ 65.019287109375 (ms) to 73.49560546875 (ms), cudaEventElapsed = 8.44438362121582 (ms)
[RANK0] F @ 74.15869140625 (ms) to 82.776123046875 (ms), cudaEventElapsed = 8.596256256103516 (ms)
[RANK0] F @ 83.283203125 (ms) to 91.562744140625 (ms), cudaEventElapsed = 8.258624076843262 (ms)
[RANK0] F @ 92.072021484375 (ms) to 104.84228515625 (ms), cudaEventElapsed = 12.750720024108887 (ms)
[RANK0] F @ 105.315673828125 (ms) to 144.9365234375 (ms), cudaEventElapsed = 39.600704193115234 (ms)
[RANK0] B @ 238.6376953125 (ms) to 254.426513671875 (ms), cudaEventElapsed = 15.756671905517578 (ms)
[RANK0] W @ 254.802490234375 (ms) to 260.151611328125 (ms), cudaEventElapsed = 5.3282880783081055 (ms)
[RANK0] B @ 278.09375 (ms) to 287.368896484375 (ms), cudaEventElapsed = 9.249152183532715 (ms)
[RANK0] W @ 287.868408203125 (ms) to 293.2802734375 (ms), cudaEventElapsed = 5.3770880699157715 (ms)
[RANK0] B @ 299.3876953125 (ms) to 309.083984375 (ms), cudaEventElapsed = 9.656895637512207 (ms)
[RANK0] W @ 309.3876953125 (ms) to 314.71435546875 (ms), cudaEventElapsed = 5.303520202636719 (ms)
[RANK0] B @ 317.001220703125 (ms) to 326.17041015625 (ms), cudaEventElapsed = 9.148351669311523 (ms)
[RANK0] W @ 326.4248046875 (ms) to 331.777099609375 (ms), cudaEventElapsed = 5.329216003417969 (ms)
[RANK0] B @ 334.786865234375 (ms) to 343.951171875 (ms), cudaEventElapsed = 9.142815589904785 (ms)
[RANK0] W @ 344.326171875 (ms) to 349.6748046875 (ms), cudaEventElapsed = 5.3243842124938965 (ms)
[RANK0] B @ 353.1513671875 (ms) to 362.210205078125 (ms), cudaEventElapsed = 9.028512001037598 (ms)
[RANK0] B @ 364.037353515625 (ms) to 373.036865234375 (ms), cudaEventElapsed = 8.97817611694336 (ms)
[RANK0] W @ 373.322998046875 (ms) to 378.677001953125 (ms), cudaEventElapsed = 5.332799911499023 (ms)
[RANK0] W @ 378.91259765625 (ms) to 384.219970703125 (ms), cudaEventElapsed = 5.2890238761901855 (ms)
[RANK0] B @ 388.382080078125 (ms) to 398.0 (ms), cudaEventElapsed = 9.576319694519043 (ms)
[RANK0] W @ 398.450439453125 (ms) to 403.955322265625 (ms), cudaEventElapsed = 5.476287841796875 (ms)
[RANK0] B @ 405.32177734375 (ms) to 414.715576171875 (ms), cudaEventElapsed = 9.370783805847168 (ms)
[RANK0] W @ 415.2802734375 (ms) to 420.74609375 (ms), cudaEventElapsed = 5.42844820022583 (ms)
[RANK0] B @ 424.53662109375 (ms) to 433.896484375 (ms), cudaEventElapsed = 9.339712142944336 (ms)
[RANK0] W @ 434.294677734375 (ms) to 439.72119140625 (ms), cudaEventElapsed = 5.3919358253479 (ms)
[RANK0] B @ 443.81201171875 (ms) to 453.11669921875 (ms), cudaEventElapsed = 9.283583641052246 (ms)
[RANK0] W @ 454.27392578125 (ms) to 459.6796875 (ms), cudaEventElapsed = 5.380959987640381 (ms)
[RANK0] B @ 492.380859375 (ms) to 501.46826171875 (ms), cudaEventElapsed = 9.058719635009766 (ms)
[RANK0] 1W @ 502.2138671875 (ms) to 507.691162109375 (ms), cudaEventElapsed = 5.457759857177734 (ms)
[RANK0] Iteration 4
[RANK0] F @ 0.730712890625 (ms) to 10.527587890625 (ms), cudaEventElapsed = 9.766624450683594 (ms)
[RANK0] F @ 11.1943359375 (ms) to 20.389404296875 (ms), cudaEventElapsed = 9.166303634643555 (ms)
[RANK0] F @ 21.125244140625 (ms) to 32.145263671875 (ms), cudaEventElapsed = 10.985695838928223 (ms)
[RANK0] F @ 32.973388671875 (ms) to 42.304443359375 (ms), cudaEventElapsed = 9.305407524108887 (ms)
[RANK0] F @ 43.058349609375 (ms) to 52.37890625 (ms), cudaEventElapsed = 9.277664184570312 (ms)
[RANK0] F @ 53.16845703125 (ms) to 62.89990234375 (ms), cudaEventElapsed = 9.705856323242188 (ms)
[RANK0] F @ 63.7666015625 (ms) to 73.46142578125 (ms), cudaEventElapsed = 9.668319702148438 (ms)
[RANK0] F @ 74.40380859375 (ms) to 83.828857421875 (ms), cudaEventElapsed = 9.387455940246582 (ms)
[RANK0] F @ 84.7001953125 (ms) to 93.79248046875 (ms), cudaEventElapsed = 9.063263893127441 (ms)
[RANK0] F @ 94.594482421875 (ms) to 103.974609375 (ms), cudaEventElapsed = 9.349663734436035 (ms)
[RANK0] F @ 104.600341796875 (ms) to 114.926513671875 (ms), cudaEventElapsed = 10.293536186218262 (ms)
[RANK0] F @ 115.63037109375 (ms) to 126.70166015625 (ms), cudaEventElapsed = 11.040543556213379 (ms)
[RANK0] B @ 249.99609375 (ms) to 260.281005859375 (ms), cudaEventElapsed = 10.233216285705566 (ms)
[RANK0] W @ 260.7265625 (ms) to 266.099609375 (ms), cudaEventElapsed = 5.351615905761719 (ms)
[RANK0] B @ 274.8134765625 (ms) to 284.00732421875 (ms), cudaEventElapsed = 9.167424201965332 (ms)
[RANK0] W @ 284.626708984375 (ms) to 289.984375 (ms), cudaEventElapsed = 5.335391998291016 (ms)
[RANK0] B @ 296.7265625 (ms) to 306.07568359375 (ms), cudaEventElapsed = 9.310688018798828 (ms)
[RANK0] W @ 306.4228515625 (ms) to 311.800537109375 (ms), cudaEventElapsed = 5.348800182342529 (ms)
[RANK0] B @ 338.169921875 (ms) to 347.3251953125 (ms), cudaEventElapsed = 9.135199546813965 (ms)
[RANK0] W @ 347.567626953125 (ms) to 352.907470703125 (ms), cudaEventElapsed = 5.319039821624756 (ms)
[RANK0] B @ 356.5625 (ms) to 365.708740234375 (ms), cudaEventElapsed = 9.122207641601562 (ms)
[RANK0] W @ 366.078857421875 (ms) to 371.426025390625 (ms), cudaEventElapsed = 5.327424049377441 (ms)
[RANK0] B @ 374.3935546875 (ms) to 383.70263671875 (ms), cudaEventElapsed = 9.286080360412598 (ms)
[RANK0] W @ 384.04833984375 (ms) to 389.41162109375 (ms), cudaEventElapsed = 5.344607830047607 (ms)
[RANK0] B @ 391.81591796875 (ms) to 401.140625 (ms), cudaEventElapsed = 9.290304183959961 (ms)
[RANK0] W @ 401.505615234375 (ms) to 406.848388671875 (ms), cudaEventElapsed = 5.322815895080566 (ms)
[RANK0] B @ 415.18359375 (ms) to 424.202880859375 (ms), cudaEventElapsed = 8.98902416229248 (ms)
[RANK0] W @ 424.854736328125 (ms) to 430.25 (ms), cudaEventElapsed = 5.365983963012695 (ms)
[RANK0] B @ 433.16943359375 (ms) to 442.1591796875 (ms), cudaEventElapsed = 8.969087600708008 (ms)
[RANK0] W @ 443.465087890625 (ms) to 448.901123046875 (ms), cudaEventElapsed = 5.412191867828369 (ms)
[RANK0] B @ 468.370361328125 (ms) to 477.466064453125 (ms), cudaEventElapsed = 9.075807571411133 (ms)
[RANK0] W @ 477.774658203125 (ms) to 483.10595703125 (ms), cudaEventElapsed = 5.312863826751709 (ms)
[RANK0] B @ 494.154541015625 (ms) to 503.34033203125 (ms), cudaEventElapsed = 9.153087615966797 (ms)
[RANK0] W @ 503.678466796875 (ms) to 509.036865234375 (ms), cudaEventElapsed = 5.325695991516113 (ms)
[RANK0] B @ 511.466552734375 (ms) to 520.445068359375 (ms), cudaEventElapsed = 8.958175659179688 (ms)
[RANK0] 1W @ 520.8193359375 (ms) to 526.245361328125 (ms), cudaEventElapsed = 5.40502405166626 (ms)
[RANK0] Iteration 5
[RANK0] F @ 0.687744140625 (ms) to 11.557861328125 (ms), cudaEventElapsed = 10.84563159942627 (ms)
[RANK0] F @ 12.138916015625 (ms) to 20.76416015625 (ms), cudaEventElapsed = 8.604479789733887 (ms)
[RANK0] F @ 21.33984375 (ms) to 30.74853515625 (ms), cudaEventElapsed = 9.388959884643555 (ms)
[RANK0] F @ 31.46044921875 (ms) to 40.421875 (ms), cudaEventElapsed = 8.933759689331055 (ms)
[RANK0] F @ 41.020263671875 (ms) to 50.143310546875 (ms), cudaEventElapsed = 9.102784156799316 (ms)
[RANK0] F @ 50.665771484375 (ms) to 59.521240234375 (ms), cudaEventElapsed = 8.831007957458496 (ms)
[RANK0] F @ 60.074462890625 (ms) to 68.482666015625 (ms), cudaEventElapsed = 8.37440013885498 (ms)
[RANK0] F @ 69.150634765625 (ms) to 78.624755859375 (ms), cudaEventElapsed = 9.451104164123535 (ms)
[RANK0] F @ 79.166748046875 (ms) to 87.805908203125 (ms), cudaEventElapsed = 8.613504409790039 (ms)
[RANK0] F @ 88.399169921875 (ms) to 97.003662109375 (ms), cudaEventElapsed = 8.58351993560791 (ms)
[RANK0] F @ 97.537109375 (ms) to 106.073974609375 (ms), cudaEventElapsed = 8.516799926757812 (ms)
[RANK0] F @ 106.560302734375 (ms) to 114.855712890625 (ms), cudaEventElapsed = 8.274815559387207 (ms)
[RANK0] B @ 344.807373046875 (ms) to 354.49853515625 (ms), cudaEventElapsed = 9.66483211517334 (ms)
[RANK0] W @ 354.730224609375 (ms) to 360.08740234375 (ms), cudaEventElapsed = 5.335072040557861 (ms)
[RANK0] B @ 361.416748046875 (ms) to 370.45068359375 (ms), cudaEventElapsed = 9.01353645324707 (ms)
[RANK0] W @ 370.712890625 (ms) to 376.054931640625 (ms), cudaEventElapsed = 5.324063777923584 (ms)
[RANK0] B @ 376.799560546875 (ms) to 385.83544921875 (ms), cudaEventElapsed = 9.011455535888672 (ms)
[RANK0] W @ 386.07763671875 (ms) to 391.416259765625 (ms), cudaEventElapsed = 5.318240165710449 (ms)
[RANK0] B @ 395.695556640625 (ms) to 404.920166015625 (ms), cudaEventElapsed = 9.202943801879883 (ms)
[RANK0] W @ 405.150146484375 (ms) to 410.50244140625 (ms), cudaEventElapsed = 5.335936069488525 (ms)
[RANK0] B @ 414.993408203125 (ms) to 424.147705078125 (ms), cudaEventElapsed = 9.13430404663086 (ms)
[RANK0] W @ 424.431396484375 (ms) to 429.775390625 (ms), cudaEventElapsed = 5.324927806854248 (ms)
[RANK0] B @ 433.4228515625 (ms) to 442.387451171875 (ms), cudaEventElapsed = 8.94262409210205 (ms)
[RANK0] W @ 442.739501953125 (ms) to 448.0908203125 (ms), cudaEventElapsed = 5.331520080566406 (ms)
[RANK0] B @ 453.891845703125 (ms) to 463.195556640625 (ms), cudaEventElapsed = 9.278143882751465 (ms)
[RANK0] W @ 463.62353515625 (ms) to 469.024169921875 (ms), cudaEventElapsed = 5.3654398918151855 (ms)
[RANK0] B @ 486.06201171875 (ms) to 495.213623046875 (ms), cudaEventElapsed = 9.130880355834961 (ms)
[RANK0] W @ 495.51806640625 (ms) to 500.90283203125 (ms), cudaEventElapsed = 5.35811185836792 (ms)
[RANK0] B @ 506.060546875 (ms) to 514.98486328125 (ms), cudaEventElapsed = 8.898624420166016 (ms)
[RANK0] W @ 515.310302734375 (ms) to 520.671630859375 (ms), cudaEventElapsed = 5.338335990905762 (ms)
[RANK0] B @ 524.824462890625 (ms) to 534.032958984375 (ms), cudaEventElapsed = 9.189215660095215 (ms)
[RANK0] W @ 534.30322265625 (ms) to 539.658447265625 (ms), cudaEventElapsed = 5.332352161407471 (ms)
[RANK0] B @ 543.3046875 (ms) to 552.44970703125 (ms), cudaEventElapsed = 9.127615928649902 (ms)
[RANK0] W @ 552.66650390625 (ms) to 557.9501953125 (ms), cudaEventElapsed = 5.264287948608398 (ms)
[RANK0] B @ 561.080810546875 (ms) to 570.1318359375 (ms), cudaEventElapsed = 9.029279708862305 (ms)
[RANK0] 1W @ 570.618896484375 (ms) to 576.11083984375 (ms), cudaEventElapsed = 5.467679977416992 (ms)
[RANK0] Iteration 6
[RANK0] F @ 1.47509765625 (ms) to 11.99853515625 (ms), cudaEventElapsed = 10.49068832397461 (ms)
[RANK0] F @ 12.654052734375 (ms) to 21.447509765625 (ms), cudaEventElapsed = 8.76966381072998 (ms)
[RANK0] F @ 22.02783203125 (ms) to 30.671142578125 (ms), cudaEventElapsed = 8.623968124389648 (ms)
[RANK0] F @ 31.266845703125 (ms) to 39.774658203125 (ms), cudaEventElapsed = 8.48265552520752 (ms)
[RANK0] F @ 40.364501953125 (ms) to 48.970947265625 (ms), cudaEventElapsed = 8.584639549255371 (ms)
[RANK0] F @ 49.4423828125 (ms) to 58.728759765625 (ms), cudaEventElapsed = 9.267040252685547 (ms)
[RANK0] F @ 59.455322265625 (ms) to 68.306396484375 (ms), cudaEventElapsed = 8.825119972229004 (ms)
[RANK0] F @ 68.979248046875 (ms) to 77.4736328125 (ms), cudaEventElapsed = 8.472640037536621 (ms)
[RANK0] F @ 78.128173828125 (ms) to 86.8203125 (ms), cudaEventElapsed = 8.656959533691406 (ms)
[RANK0] F @ 87.395751953125 (ms) to 95.962890625 (ms), cudaEventElapsed = 8.533535957336426 (ms)
[RANK0] F @ 96.528076171875 (ms) to 104.81396484375 (ms), cudaEventElapsed = 8.265279769897461 (ms)
[RANK0] F @ 105.3525390625 (ms) to 114.63037109375 (ms), cudaEventElapsed = 9.25436782836914 (ms)
[RANK0] B @ 319.28271484375 (ms) to 329.01708984375 (ms), cudaEventElapsed = 9.702848434448242 (ms)
[RANK0] W @ 329.1962890625 (ms) to 334.51953125 (ms), cudaEventElapsed = 5.3061442375183105 (ms)
[RANK0] B @ 336.494384765625 (ms) to 345.907470703125 (ms), cudaEventElapsed = 9.392895698547363 (ms)
[RANK0] W @ 346.1787109375 (ms) to 351.503173828125 (ms), cudaEventElapsed = 5.307295799255371 (ms)
[RANK0] B @ 354.260009765625 (ms) to 363.741455078125 (ms), cudaEventElapsed = 9.459744453430176 (ms)
[RANK0] W @ 364.017333984375 (ms) to 369.35888671875 (ms), cudaEventElapsed = 5.3137922286987305 (ms)
[RANK0] B @ 371.649169921875 (ms) to 381.187744140625 (ms), cudaEventElapsed = 9.507583618164062 (ms)
[RANK0] W @ 381.381103515625 (ms) to 386.6875 (ms), cudaEventElapsed = 5.2890238761901855 (ms)
[RANK0] B @ 389.938232421875 (ms) to 399.199951171875 (ms), cudaEventElapsed = 9.238783836364746 (ms)
[RANK0] W @ 399.4716796875 (ms) to 404.8173828125 (ms), cudaEventElapsed = 5.326111793518066 (ms)
[RANK0] B @ 408.82421875 (ms) to 418.1298828125 (ms), cudaEventElapsed = 9.277312278747559 (ms)
[RANK0] W @ 418.400390625 (ms) to 423.7490234375 (ms), cudaEventElapsed = 5.32803201675415 (ms)
[RANK0] B @ 426.28857421875 (ms) to 435.667236328125 (ms), cudaEventElapsed = 9.357919692993164 (ms)
[RANK0] W @ 435.925537109375 (ms) to 441.24072265625 (ms), cudaEventElapsed = 5.29699182510376 (ms)
[RANK0] B @ 444.17236328125 (ms) to 453.35693359375 (ms), cudaEventElapsed = 9.163680076599121 (ms)
[RANK0] W @ 453.66845703125 (ms) to 459.017822265625 (ms), cudaEventElapsed = 5.317376136779785 (ms)
[RANK0] B @ 464.457763671875 (ms) to 473.713623046875 (ms), cudaEventElapsed = 9.230400085449219 (ms)
[RANK0] W @ 474.05908203125 (ms) to 479.401123046875 (ms), cudaEventElapsed = 5.313216209411621 (ms)
[RANK0] B @ 480.28564453125 (ms) to 489.28076171875 (ms), cudaEventElapsed = 8.968511581420898 (ms)
[RANK0] W @ 489.577392578125 (ms) to 494.927734375 (ms), cudaEventElapsed = 5.326879978179932 (ms)
[RANK0] B @ 495.639892578125 (ms) to 504.783935546875 (ms), cudaEventElapsed = 9.115488052368164 (ms)
[RANK0] W @ 505.08935546875 (ms) to 510.42578125 (ms), cudaEventElapsed = 5.3179521560668945 (ms)
[RANK0] B @ 511.091552734375 (ms) to 520.280517578125 (ms), cudaEventElapsed = 9.16982364654541 (ms)
[RANK0] 1W @ 521.719970703125 (ms) to 527.3037109375 (ms), cudaEventElapsed = 5.535232067108154 (ms)
[RANK0] Iteration 7
[RANK0] F @ 1.232421875 (ms) to 11.653076171875 (ms), cudaEventElapsed = 10.38764762878418 (ms)
[RANK0] F @ 12.249755859375 (ms) to 20.968994140625 (ms), cudaEventElapsed = 8.700063705444336 (ms)
[RANK0] F @ 21.661865234375 (ms) to 30.153076171875 (ms), cudaEventElapsed = 8.46611213684082 (ms)
[RANK0] F @ 30.740478515625 (ms) to 39.58349609375 (ms), cudaEventElapsed = 8.822112083435059 (ms)
[RANK0] F @ 40.15478515625 (ms) to 48.607666015625 (ms), cudaEventElapsed = 8.432991981506348 (ms)
[RANK0] F @ 49.072265625 (ms) to 57.331787109375 (ms), cudaEventElapsed = 8.238592147827148 (ms)
[RANK0] F @ 57.827880859375 (ms) to 66.0107421875 (ms), cudaEventElapsed = 8.162848472595215 (ms)
[RANK0] F @ 66.544677734375 (ms) to 74.866943359375 (ms), cudaEventElapsed = 8.300959587097168 (ms)
[RANK0] F @ 75.36572265625 (ms) to 83.65185546875 (ms), cudaEventElapsed = 8.265024185180664 (ms)
[RANK0] F @ 84.161865234375 (ms) to 92.542236328125 (ms), cudaEventElapsed = 8.358719825744629 (ms)
[RANK0] F @ 93.0615234375 (ms) to 101.40380859375 (ms), cudaEventElapsed = 8.32089614868164 (ms)
[RANK0] F @ 101.900146484375 (ms) to 110.20751953125 (ms), cudaEventElapsed = 8.288000106811523 (ms)
[RANK0] B @ 318.440673828125 (ms) to 327.8515625 (ms), cudaEventElapsed = 9.385279655456543 (ms)
[RANK0] W @ 328.027587890625 (ms) to 333.332275390625 (ms), cudaEventElapsed = 5.287712097167969 (ms)
[RANK0] B @ 344.51220703125 (ms) to 353.7197265625 (ms), cudaEventElapsed = 9.188480377197266 (ms)
[RANK0] W @ 353.88427734375 (ms) to 359.206787109375 (ms), cudaEventElapsed = 5.305920124053955 (ms)
[RANK0] B @ 361.7509765625 (ms) to 370.90234375 (ms), cudaEventElapsed = 9.131232261657715 (ms)
[RANK0] W @ 371.137939453125 (ms) to 376.4814453125 (ms), cudaEventElapsed = 5.32528018951416 (ms)
[RANK0] B @ 380.407470703125 (ms) to 389.5302734375 (ms), cudaEventElapsed = 9.101728439331055 (ms)
[RANK0] W @ 389.73779296875 (ms) to 395.05859375 (ms), cudaEventElapsed = 5.302464008331299 (ms)
[RANK0] B @ 397.578369140625 (ms) to 406.724853515625 (ms), cudaEventElapsed = 9.126432418823242 (ms)
[RANK0] W @ 406.966796875 (ms) to 412.2841796875 (ms), cudaEventElapsed = 5.299583911895752 (ms)
[RANK0] B @ 416.08251953125 (ms) to 425.223876953125 (ms), cudaEventElapsed = 9.123007774353027 (ms)
[RANK0] W @ 425.440673828125 (ms) to 430.766357421875 (ms), cudaEventElapsed = 5.3087358474731445 (ms)
[RANK0] B @ 432.794921875 (ms) to 441.878173828125 (ms), cudaEventElapsed = 9.062272071838379 (ms)
[RANK0] W @ 442.119873046875 (ms) to 447.430908203125 (ms), cudaEventElapsed = 5.292575836181641 (ms)
[RANK0] B @ 451.8271484375 (ms) to 461.180908203125 (ms), cudaEventElapsed = 9.333503723144531 (ms)
[RANK0] W @ 461.421630859375 (ms) to 466.7529296875 (ms), cudaEventElapsed = 5.312191963195801 (ms)
[RANK0] B @ 469.757080078125 (ms) to 478.95947265625 (ms), cudaEventElapsed = 9.183232307434082 (ms)
[RANK0] W @ 479.201416015625 (ms) to 484.547119140625 (ms), cudaEventElapsed = 5.3285441398620605 (ms)
[RANK0] B @ 488.607421875 (ms) to 497.939453125 (ms), cudaEventElapsed = 9.311871528625488 (ms)
[RANK0] W @ 498.223388671875 (ms) to 503.568603515625 (ms), cudaEventElapsed = 5.327104091644287 (ms)
[RANK0] B @ 515.417236328125 (ms) to 525.0126953125 (ms), cudaEventElapsed = 9.576448440551758 (ms)
[RANK0] W @ 525.24462890625 (ms) to 530.621337890625 (ms), cudaEventElapsed = 5.359360218048096 (ms)
[RANK0] B @ 534.221435546875 (ms) to 543.48974609375 (ms), cudaEventElapsed = 9.249471664428711 (ms)
[RANK0] 1W @ 544.459228515625 (ms) to 549.86572265625 (ms), cudaEventElapsed = 5.387551784515381 (ms)
[RANK0] Iteration 8
[RANK0] F @ 1.293212890625 (ms) to 10.424560546875 (ms), cudaEventElapsed = 9.107551574707031 (ms)
[RANK0] F @ 10.964111328125 (ms) to 19.4033203125 (ms), cudaEventElapsed = 8.418304443359375 (ms)
[RANK0] F @ 19.9130859375 (ms) to 28.158203125 (ms), cudaEventElapsed = 8.226304054260254 (ms)
[RANK0] F @ 28.64697265625 (ms) to 36.843505859375 (ms), cudaEventElapsed = 8.177087783813477 (ms)
[RANK0] F @ 37.345703125 (ms) to 45.59326171875 (ms), cudaEventElapsed = 8.227840423583984 (ms)
[RANK0] F @ 46.0859375 (ms) to 54.377197265625 (ms), cudaEventElapsed = 8.270367622375488 (ms)
[RANK0] F @ 54.882568359375 (ms) to 63.112060546875 (ms), cudaEventElapsed = 8.207967758178711 (ms)
[RANK0] F @ 63.6396484375 (ms) to 71.942626953125 (ms), cudaEventElapsed = 8.282112121582031 (ms)
[RANK0] F @ 72.449951171875 (ms) to 80.735107421875 (ms), cudaEventElapsed = 8.26524829864502 (ms)
[RANK0] F @ 81.233154296875 (ms) to 89.634765625 (ms), cudaEventElapsed = 8.381888389587402 (ms)
[RANK0] F @ 90.1474609375 (ms) to 98.402099609375 (ms), cudaEventElapsed = 8.233983993530273 (ms)
[RANK0] F @ 98.888671875 (ms) to 107.221923828125 (ms), cudaEventElapsed = 8.313023567199707 (ms)
[RANK0] B @ 288.416748046875 (ms) to 297.849365234375 (ms), cudaEventElapsed = 9.408927917480469 (ms)
[RANK0] W @ 298.11181640625 (ms) to 303.42236328125 (ms), cudaEventElapsed = 5.293536186218262 (ms)
[RANK0] B @ 308.268310546875 (ms) to 317.38720703125 (ms), cudaEventElapsed = 9.100543975830078 (ms)
[RANK0] W @ 317.58056640625 (ms) to 322.892333984375 (ms), cudaEventElapsed = 5.295231819152832 (ms)
[RANK0] B @ 328.763916015625 (ms) to 337.991943359375 (ms), cudaEventElapsed = 9.207743644714355 (ms)
[RANK0] W @ 338.23388671875 (ms) to 343.55908203125 (ms), cudaEventElapsed = 5.305535793304443 (ms)
[RANK0] B @ 347.206298828125 (ms) to 356.396728515625 (ms), cudaEventElapsed = 9.169343948364258 (ms)
[RANK0] W @ 356.77392578125 (ms) to 362.111328125 (ms), cudaEventElapsed = 5.31766414642334 (ms)
[RANK0] B @ 364.561279296875 (ms) to 373.489990234375 (ms), cudaEventElapsed = 8.906784057617188 (ms)
[RANK0] W @ 373.84375 (ms) to 379.17578125 (ms), cudaEventElapsed = 5.313055992126465 (ms)
[RANK0] B @ 389.631591796875 (ms) to 399.05517578125 (ms), cudaEventElapsed = 9.403360366821289 (ms)
[RANK0] W @ 399.29931640625 (ms) to 404.646728515625 (ms), cudaEventElapsed = 5.329535961151123 (ms)
[RANK0] B @ 406.4208984375 (ms) to 415.66015625 (ms), cudaEventElapsed = 9.221920013427734 (ms)
[RANK0] W @ 415.968505859375 (ms) to 421.2978515625 (ms), cudaEventElapsed = 5.311039924621582 (ms)
[RANK0] B @ 427.81298828125 (ms) to 437.2255859375 (ms), cudaEventElapsed = 9.391488075256348 (ms)
[RANK0] W @ 437.524658203125 (ms) to 442.89892578125 (ms), cudaEventElapsed = 5.355999946594238 (ms)
[RANK0] B @ 452.8642578125 (ms) to 462.17822265625 (ms), cudaEventElapsed = 9.293951988220215 (ms)
[RANK0] W @ 462.4462890625 (ms) to 467.79443359375 (ms), cudaEventElapsed = 5.3257598876953125 (ms)
[RANK0] B @ 471.067138671875 (ms) to 480.2578125 (ms), cudaEventElapsed = 9.170720100402832 (ms)
[RANK0] W @ 481.11083984375 (ms) to 486.447998046875 (ms), cudaEventElapsed = 5.317920207977295 (ms)
[RANK0] B @ 489.81298828125 (ms) to 499.02880859375 (ms), cudaEventElapsed = 9.197407722473145 (ms)
[RANK0] W @ 499.25732421875 (ms) to 504.5888671875 (ms), cudaEventElapsed = 5.3137922286987305 (ms)
[RANK0] B @ 507.68798828125 (ms) to 516.75048828125 (ms), cudaEventElapsed = 9.040448188781738 (ms)
[RANK0] 1W @ 517.098388671875 (ms) to 522.5087890625 (ms), cudaEventElapsed = 5.391776084899902 (ms)
