[RANK1] Iteration 1
[RANK1] F @ 1217.9482421875 (ms) to 1227.328857421875 (ms), cudaEventElapsed = 9.322175979614258 (ms)
[RANK1] F @ 2364.702880859375 (ms) to 2373.861083984375 (ms), cudaEventElapsed = 9.110527992248535 (ms)
[RANK1] F @ 2410.186279296875 (ms) to 2419.1337890625 (ms), cudaEventElapsed = 8.919136047363281 (ms)
[RANK1] F @ 2419.32666015625 (ms) to 2567.702392578125 (ms), cudaEventElapsed = 148.3495330810547 (ms)
[RANK1] F @ 3473.0322265625 (ms) to 3501.494140625 (ms), cudaEventElapsed = 28.42732810974121 (ms)
[RANK1] B @ 3915.045654296875 (ms) to 3925.077880859375 (ms), cudaEventElapsed = 9.976639747619629 (ms)
[RANK1] F @ 4105.687255859375 (ms) to 4122.814208984375 (ms), cudaEventElapsed = 17.094751358032227 (ms)
[RANK1] B @ 4123.029052734375 (ms) to 4132.584716796875 (ms), cudaEventElapsed = 9.53110408782959 (ms)
[RANK1] F @ 4133.2275390625 (ms) to 4163.9853515625 (ms), cudaEventElapsed = 30.734880447387695 (ms)
[RANK1] B @ 4164.184814453125 (ms) to 4176.478271484375 (ms), cudaEventElapsed = 12.270303726196289 (ms)
[RANK1] F @ 4176.66064453125 (ms) to 4185.69482421875 (ms), cudaEventElapsed = 9.011008262634277 (ms)
[RANK1] B @ 4185.927001953125 (ms) to 4195.4462890625 (ms), cudaEventElapsed = 9.491168022155762 (ms)
[RANK1] W @ 4195.62890625 (ms) to 4201.88330078125 (ms), cudaEventElapsed = 6.22822380065918 (ms)
[RANK1] F @ 4201.97705078125 (ms) to 4210.920166015625 (ms), cudaEventElapsed = 8.922783851623535 (ms)
[RANK1] B @ 4211.5595703125 (ms) to 4221.5556640625 (ms), cudaEventElapsed = 9.966719627380371 (ms)
[RANK1] B @ 4222.12353515625 (ms) to 4231.5263671875 (ms), cudaEventElapsed = 9.374688148498535 (ms)
[RANK1] W @ 4231.59765625 (ms) to 4237.783935546875 (ms), cudaEventElapsed = 6.167744159698486 (ms)
[RANK1] F @ 4237.917724609375 (ms) to 4246.9755859375 (ms), cudaEventElapsed = 9.038080215454102 (ms)
[RANK1] B @ 4253.116943359375 (ms) to 4263.740234375 (ms), cudaEventElapsed = 10.593215942382812 (ms)
[RANK1] B @ 4264.310791015625 (ms) to 4273.7529296875 (ms), cudaEventElapsed = 9.411359786987305 (ms)
[RANK1] W @ 4273.884033203125 (ms) to 4280.114501953125 (ms), cudaEventElapsed = 6.20252799987793 (ms)
[RANK1] F @ 4280.27392578125 (ms) to 4289.324951171875 (ms), cudaEventElapsed = 9.027872085571289 (ms)
[RANK1] B @ 4289.51953125 (ms) to 4298.859130859375 (ms), cudaEventElapsed = 9.310943603515625 (ms)
[RANK1] W @ 4299.036865234375 (ms) to 4305.521240234375 (ms), cudaEventElapsed = 6.1411519050598145 (ms)
[RANK1] F @ 4305.668212890625 (ms) to 4314.707763671875 (ms), cudaEventElapsed = 9.017024040222168 (ms)
[RANK1] B @ 4314.893310546875 (ms) to 4324.37451171875 (ms), cudaEventElapsed = 9.453760147094727 (ms)
[RANK1] W @ 4324.498779296875 (ms) to 4330.76171875 (ms), cudaEventElapsed = 6.235072135925293 (ms)
[RANK1] W @ 4330.838623046875 (ms) to 4337.19580078125 (ms), cudaEventElapsed = 6.33897590637207 (ms)
[RANK1] B @ 4339.192626953125 (ms) to 4348.6875 (ms), cudaEventElapsed = 9.475199699401855 (ms)
[RANK1] W @ 4348.8154296875 (ms) to 4355.1005859375 (ms), cudaEventElapsed = 6.258368015289307 (ms)
[RANK1] W @ 4355.17919921875 (ms) to 4361.52978515625 (ms), cudaEventElapsed = 6.330848217010498 (ms)
[RANK1] B @ 4361.6201171875 (ms) to 4371.146728515625 (ms), cudaEventElapsed = 9.506815910339355 (ms)
[RANK1] 4W @ 4371.281494140625 (ms) to 4396.043701171875 (ms), cudaEventElapsed = 24.735679626464844 (ms)
[RANK1] Iteration 2
[RANK1] F @ 10.80029296875 (ms) to 20.037109375 (ms), cudaEventElapsed = 9.203231811523438 (ms)
[RANK1] F @ 20.297119140625 (ms) to 29.365966796875 (ms), cudaEventElapsed = 9.040384292602539 (ms)
[RANK1] F @ 29.612548828125 (ms) to 38.6572265625 (ms), cudaEventElapsed = 9.015392303466797 (ms)
[RANK1] F @ 38.866943359375 (ms) to 47.868896484375 (ms), cudaEventElapsed = 8.974176406860352 (ms)
[RANK1] F @ 48.518310546875 (ms) to 57.619873046875 (ms), cudaEventElapsed = 9.072640419006348 (ms)
[RANK1] B @ 62.24560546875 (ms) to 71.802490234375 (ms), cudaEventElapsed = 9.527359962463379 (ms)
[RANK1] F @ 72.09912109375 (ms) to 81.287841796875 (ms), cudaEventElapsed = 9.157952308654785 (ms)
[RANK1] B @ 81.495849609375 (ms) to 91.0205078125 (ms), cudaEventElapsed = 9.496383666992188 (ms)
[RANK1] F @ 91.721435546875 (ms) to 100.942138671875 (ms), cudaEventElapsed = 9.190591812133789 (ms)
[RANK1] B @ 101.15087890625 (ms) to 110.67626953125 (ms), cudaEventElapsed = 9.4966402053833 (ms)
[RANK1] F @ 110.970703125 (ms) to 120.152587890625 (ms), cudaEventElapsed = 9.15129566192627 (ms)
[RANK1] B @ 120.42822265625 (ms) to 129.998291015625 (ms), cudaEventElapsed = 9.538528442382812 (ms)
[RANK1] W @ 130.239013671875 (ms) to 136.65673828125 (ms), cudaEventElapsed = 6.388512134552002 (ms)
[RANK1] F @ 136.765380859375 (ms) to 145.85986328125 (ms), cudaEventElapsed = 9.073344230651855 (ms)
[RANK1] B @ 148.93310546875 (ms) to 159.83251953125 (ms), cudaEventElapsed = 10.870623588562012 (ms)
[RANK1] B @ 160.490966796875 (ms) to 170.049072265625 (ms), cudaEventElapsed = 9.529536247253418 (ms)
[RANK1] W @ 170.137939453125 (ms) to 176.4150390625 (ms), cudaEventElapsed = 6.258111953735352 (ms)
[RANK1] F @ 176.56494140625 (ms) to 185.6943359375 (ms), cudaEventElapsed = 9.1080961227417 (ms)
[RANK1] B @ 186.229736328125 (ms) to 196.91650390625 (ms), cudaEventElapsed = 10.659744262695312 (ms)
[RANK1] B @ 197.60107421875 (ms) to 207.131591796875 (ms), cudaEventElapsed = 9.50211238861084 (ms)
[RANK1] W @ 207.219970703125 (ms) to 213.455810546875 (ms), cudaEventElapsed = 6.214591979980469 (ms)
[RANK1] F @ 213.607421875 (ms) to 222.693115234375 (ms), cudaEventElapsed = 9.065055847167969 (ms)
[RANK1] B @ 222.897216796875 (ms) to 232.407470703125 (ms), cudaEventElapsed = 9.481120109558105 (ms)
[RANK1] W @ 232.61083984375 (ms) to 239.22265625 (ms), cudaEventElapsed = 6.159776210784912 (ms)
[RANK1] F @ 239.384521484375 (ms) to 248.549072265625 (ms), cudaEventElapsed = 9.142175674438477 (ms)
[RANK1] B @ 248.75439453125 (ms) to 258.328369140625 (ms), cudaEventElapsed = 9.545984268188477 (ms)
[RANK1] W @ 258.503173828125 (ms) to 264.794921875 (ms), cudaEventElapsed = 6.261695861816406 (ms)
[RANK1] W @ 264.911376953125 (ms) to 271.30517578125 (ms), cudaEventElapsed = 6.372672080993652 (ms)
[RANK1] B @ 273.140625 (ms) to 282.712890625 (ms), cudaEventElapsed = 9.549152374267578 (ms)
[RANK1] W @ 282.885986328125 (ms) to 289.172607421875 (ms), cudaEventElapsed = 6.258048057556152 (ms)
[RANK1] W @ 289.291259765625 (ms) to 295.66259765625 (ms), cudaEventElapsed = 6.3496317863464355 (ms)
[RANK1] B @ 295.7705078125 (ms) to 305.32275390625 (ms), cudaEventElapsed = 9.529472351074219 (ms)
[RANK1] 4W @ 305.496826171875 (ms) to 330.495361328125 (ms), cudaEventElapsed = 24.967103958129883 (ms)
[RANK1] Iteration 3
[RANK1] F @ 10.954833984375 (ms) to 20.28759765625 (ms), cudaEventElapsed = 9.299103736877441 (ms)
[RANK1] F @ 20.534423828125 (ms) to 29.5947265625 (ms), cudaEventElapsed = 9.032735824584961 (ms)
[RANK1] F @ 29.841064453125 (ms) to 38.828125 (ms), cudaEventElapsed = 8.959232330322266 (ms)
[RANK1] F @ 39.040771484375 (ms) to 48.010009765625 (ms), cudaEventElapsed = 8.940959930419922 (ms)
[RANK1] F @ 48.83251953125 (ms) to 57.947509765625 (ms), cudaEventElapsed = 9.084351539611816 (ms)
[RANK1] B @ 62.654296875 (ms) to 72.184326171875 (ms), cudaEventElapsed = 9.49731159210205 (ms)
[RANK1] F @ 72.5078125 (ms) to 81.699462890625 (ms), cudaEventElapsed = 9.159647941589355 (ms)
[RANK1] B @ 81.90966796875 (ms) to 91.33349609375 (ms), cudaEventElapsed = 9.395487785339355 (ms)
[RANK1] F @ 92.039794921875 (ms) to 101.14697265625 (ms), cudaEventElapsed = 9.076416015625 (ms)
[RANK1] B @ 101.357666015625 (ms) to 110.75927734375 (ms), cudaEventElapsed = 9.372544288635254 (ms)
[RANK1] F @ 111.0537109375 (ms) to 120.171142578125 (ms), cudaEventElapsed = 9.087264060974121 (ms)
[RANK1] B @ 120.625 (ms) to 130.08154296875 (ms), cudaEventElapsed = 9.426431655883789 (ms)
[RANK1] W @ 130.301025390625 (ms) to 136.689697265625 (ms), cudaEventElapsed = 6.361504077911377 (ms)
[RANK1] F @ 136.796875 (ms) to 145.858642578125 (ms), cudaEventElapsed = 9.040287971496582 (ms)
[RANK1] B @ 149.263671875 (ms) to 160.151123046875 (ms), cudaEventElapsed = 10.856863975524902 (ms)
[RANK1] B @ 160.77001953125 (ms) to 170.41845703125 (ms), cudaEventElapsed = 9.616448402404785 (ms)
[RANK1] W @ 170.58447265625 (ms) to 176.8369140625 (ms), cudaEventElapsed = 6.224063873291016 (ms)
[RANK1] F @ 177.0107421875 (ms) to 186.15185546875 (ms), cudaEventElapsed = 9.117600440979004 (ms)
[RANK1] B @ 186.705078125 (ms) to 197.553955078125 (ms), cudaEventElapsed = 10.820063591003418 (ms)
[RANK1] B @ 198.395263671875 (ms) to 208.080322265625 (ms), cudaEventElapsed = 9.65494441986084 (ms)
[RANK1] W @ 208.17431640625 (ms) to 214.473876953125 (ms), cudaEventElapsed = 6.280032157897949 (ms)
[RANK1] F @ 214.626708984375 (ms) to 223.81591796875 (ms), cudaEventElapsed = 9.168512344360352 (ms)
[RANK1] B @ 224.020751953125 (ms) to 233.526611328125 (ms), cudaEventElapsed = 9.477984428405762 (ms)
[RANK1] W @ 233.741455078125 (ms) to 240.2890625 (ms), cudaEventElapsed = 6.202367782592773 (ms)
[RANK1] F @ 240.453125 (ms) to 249.595947265625 (ms), cudaEventElapsed = 9.119775772094727 (ms)
[RANK1] B @ 249.798583984375 (ms) to 259.380615234375 (ms), cudaEventElapsed = 9.553855895996094 (ms)
[RANK1] W @ 259.538330078125 (ms) to 265.80908203125 (ms), cudaEventElapsed = 6.243584156036377 (ms)
[RANK1] W @ 265.904052734375 (ms) to 272.30224609375 (ms), cudaEventElapsed = 6.3788161277771 (ms)
[RANK1] B @ 273.124755859375 (ms) to 282.7724609375 (ms), cudaEventElapsed = 9.627455711364746 (ms)
[RANK1] W @ 282.9384765625 (ms) to 289.263916015625 (ms), cudaEventElapsed = 6.298208236694336 (ms)
[RANK1] W @ 289.369140625 (ms) to 295.824462890625 (ms), cudaEventElapsed = 6.4356160163879395 (ms)
[RANK1] B @ 295.92529296875 (ms) to 305.697021484375 (ms), cudaEventElapsed = 9.752351760864258 (ms)
[RANK1] 4W @ 305.865234375 (ms) to 330.88525390625 (ms), cudaEventElapsed = 24.988128662109375 (ms)
[RANK1] Iteration 4
[RANK1] F @ 11.91650390625 (ms) to 21.167236328125 (ms), cudaEventElapsed = 9.217375755310059 (ms)
[RANK1] F @ 22.000244140625 (ms) to 31.104736328125 (ms), cudaEventElapsed = 9.076319694519043 (ms)
[RANK1] F @ 31.347900390625 (ms) to 40.401123046875 (ms), cudaEventElapsed = 9.026304244995117 (ms)
[RANK1] F @ 40.6103515625 (ms) to 49.590087890625 (ms), cudaEventElapsed = 8.951007843017578 (ms)
[RANK1] F @ 50.31640625 (ms) to 59.373779296875 (ms), cudaEventElapsed = 9.029024124145508 (ms)
[RANK1] B @ 64.6591796875 (ms) to 74.83642578125 (ms), cudaEventElapsed = 10.147295951843262 (ms)
[RANK1] F @ 75.147705078125 (ms) to 84.311279296875 (ms), cudaEventElapsed = 9.131584167480469 (ms)
[RANK1] B @ 84.547119140625 (ms) to 94.4384765625 (ms), cudaEventElapsed = 9.861184120178223 (ms)
[RANK1] F @ 95.1533203125 (ms) to 104.4501953125 (ms), cudaEventElapsed = 9.266079902648926 (ms)
[RANK1] B @ 104.661865234375 (ms) to 114.614990234375 (ms), cudaEventElapsed = 9.925984382629395 (ms)
[RANK1] F @ 114.9072265625 (ms) to 124.15966796875 (ms), cudaEventElapsed = 9.2227201461792 (ms)
[RANK1] B @ 124.406005859375 (ms) to 134.341796875 (ms), cudaEventElapsed = 9.907039642333984 (ms)
[RANK1] W @ 134.566162109375 (ms) to 141.092529296875 (ms), cudaEventElapsed = 6.498752117156982 (ms)
[RANK1] F @ 141.20068359375 (ms) to 150.395263671875 (ms), cudaEventElapsed = 9.172896385192871 (ms)
[RANK1] B @ 153.1865234375 (ms) to 164.6416015625 (ms), cudaEventElapsed = 11.426688194274902 (ms)
[RANK1] B @ 165.241455078125 (ms) to 175.292236328125 (ms), cudaEventElapsed = 10.019583702087402 (ms)
[RANK1] W @ 175.4560546875 (ms) to 181.83349609375 (ms), cudaEventElapsed = 6.349023818969727 (ms)
[RANK1] F @ 182.009521484375 (ms) to 191.350341796875 (ms), cudaEventElapsed = 9.317760467529297 (ms)
[RANK1] B @ 191.88671875 (ms) to 203.297119140625 (ms), cudaEventElapsed = 11.382623672485352 (ms)
[RANK1] B @ 203.89599609375 (ms) to 213.9794921875 (ms), cudaEventElapsed = 10.052672386169434 (ms)
[RANK1] W @ 214.14453125 (ms) to 220.548095703125 (ms), cudaEventElapsed = 6.374847888946533 (ms)
[RANK1] F @ 220.72265625 (ms) to 230.081787109375 (ms), cudaEventElapsed = 9.336447715759277 (ms)
[RANK1] B @ 230.285400390625 (ms) to 240.501220703125 (ms), cudaEventElapsed = 10.187199592590332 (ms)
[RANK1] W @ 240.711669921875 (ms) to 247.525390625 (ms), cudaEventElapsed = 6.364319801330566 (ms)
[RANK1] F @ 247.69140625 (ms) to 257.302490234375 (ms), cudaEventElapsed = 9.588255882263184 (ms)
[RANK1] B @ 257.52734375 (ms) to 267.927001953125 (ms), cudaEventElapsed = 10.369952201843262 (ms)
[RANK1] W @ 268.088623046875 (ms) to 274.573486328125 (ms), cudaEventElapsed = 6.456863880157471 (ms)
[RANK1] W @ 274.672607421875 (ms) to 281.275390625 (ms), cudaEventElapsed = 6.584127902984619 (ms)
[RANK1] B @ 282.487548828125 (ms) to 292.767578125 (ms), cudaEventElapsed = 10.260255813598633 (ms)
[RANK1] W @ 292.931884765625 (ms) to 299.421875 (ms), cudaEventElapsed = 6.4618239402771 (ms)
[RANK1] W @ 299.518310546875 (ms) to 306.177490234375 (ms), cudaEventElapsed = 6.639967918395996 (ms)
[RANK1] B @ 306.277587890625 (ms) to 316.935791015625 (ms), cudaEventElapsed = 10.638784408569336 (ms)
[RANK1] 4W @ 317.09619140625 (ms) to 343.490234375 (ms), cudaEventElapsed = 26.359392166137695 (ms)
[RANK1] Iteration 5
[RANK1] F @ 9.744873046875 (ms) to 19.296875 (ms), cudaEventElapsed = 9.518912315368652 (ms)
[RANK1] F @ 19.6591796875 (ms) to 28.888916015625 (ms), cudaEventElapsed = 9.200639724731445 (ms)
[RANK1] F @ 29.133544921875 (ms) to 38.355224609375 (ms), cudaEventElapsed = 9.194527626037598 (ms)
[RANK1] F @ 38.559814453125 (ms) to 47.68408203125 (ms), cudaEventElapsed = 9.09670352935791 (ms)
[RANK1] F @ 48.318603515625 (ms) to 57.5302734375 (ms), cudaEventElapsed = 9.183391571044922 (ms)
[RANK1] B @ 62.978271484375 (ms) to 73.196044921875 (ms), cudaEventElapsed = 10.186752319335938 (ms)
[RANK1] F @ 73.52880859375 (ms) to 82.875732421875 (ms), cudaEventElapsed = 9.31328010559082 (ms)
[RANK1] B @ 83.085205078125 (ms) to 93.07373046875 (ms), cudaEventElapsed = 9.96025562286377 (ms)
[RANK1] F @ 93.653564453125 (ms) to 103.010498046875 (ms), cudaEventElapsed = 9.326656341552734 (ms)
[RANK1] B @ 103.220703125 (ms) to 113.23974609375 (ms), cudaEventElapsed = 9.990655899047852 (ms)
[RANK1] F @ 113.534912109375 (ms) to 122.9013671875 (ms), cudaEventElapsed = 9.333632469177246 (ms)
[RANK1] B @ 123.14599609375 (ms) to 133.18603515625 (ms), cudaEventElapsed = 10.01142406463623 (ms)
[RANK1] W @ 133.399658203125 (ms) to 139.94775390625 (ms), cudaEventElapsed = 6.5194878578186035 (ms)
[RANK1] F @ 140.0546875 (ms) to 149.3154296875 (ms), cudaEventElapsed = 9.239359855651855 (ms)
[RANK1] B @ 152.195556640625 (ms) to 163.4853515625 (ms), cudaEventElapsed = 11.26095962524414 (ms)
[RANK1] B @ 164.093017578125 (ms) to 174.0498046875 (ms), cudaEventElapsed = 9.925888061523438 (ms)
[RANK1] W @ 174.228759765625 (ms) to 180.618896484375 (ms), cudaEventElapsed = 6.3606719970703125 (ms)
[RANK1] F @ 180.795654296875 (ms) to 190.00341796875 (ms), cudaEventElapsed = 9.184576034545898 (ms)
[RANK1] B @ 191.34033203125 (ms) to 202.58544921875 (ms), cudaEventElapsed = 11.21679973602295 (ms)
[RANK1] B @ 203.13232421875 (ms) to 213.140625 (ms), cudaEventElapsed = 9.979392051696777 (ms)
[RANK1] W @ 213.227294921875 (ms) to 219.60107421875 (ms), cudaEventElapsed = 6.354720115661621 (ms)
[RANK1] F @ 219.75732421875 (ms) to 229.06201171875 (ms), cudaEventElapsed = 9.283679962158203 (ms)
[RANK1] B @ 229.265869140625 (ms) to 239.25439453125 (ms), cudaEventElapsed = 9.960415840148926 (ms)
[RANK1] W @ 239.45556640625 (ms) to 246.22216796875 (ms), cudaEventElapsed = 6.312064170837402 (ms)
[RANK1] F @ 246.386474609375 (ms) to 255.703125 (ms), cudaEventElapsed = 9.294431686401367 (ms)
[RANK1] B @ 255.90478515625 (ms) to 265.989013671875 (ms), cudaEventElapsed = 10.055839538574219 (ms)
[RANK1] W @ 266.15283203125 (ms) to 272.588623046875 (ms), cudaEventElapsed = 6.407040119171143 (ms)
[RANK1] W @ 272.68701171875 (ms) to 279.260986328125 (ms), cudaEventElapsed = 6.554431915283203 (ms)
[RANK1] B @ 283.176025390625 (ms) to 293.572509765625 (ms), cudaEventElapsed = 10.376416206359863 (ms)
[RANK1] W @ 293.7353515625 (ms) to 300.26220703125 (ms), cudaEventElapsed = 6.497951984405518 (ms)
[RANK1] W @ 300.359375 (ms) to 306.96142578125 (ms), cudaEventElapsed = 6.581632137298584 (ms)
[RANK1] B @ 307.060302734375 (ms) to 317.294921875 (ms), cudaEventElapsed = 10.214367866516113 (ms)
[RANK1] 4W @ 317.455322265625 (ms) to 343.409423828125 (ms), cudaEventElapsed = 25.917984008789062 (ms)
[RANK1] Iteration 6
[RANK1] F @ 10.997314453125 (ms) to 20.9443359375 (ms), cudaEventElapsed = 9.9136962890625 (ms)
[RANK1] F @ 21.19580078125 (ms) to 31.04052734375 (ms), cudaEventElapsed = 9.8154878616333 (ms)
[RANK1] F @ 31.285888671875 (ms) to 41.125 (ms), cudaEventElapsed = 9.810688018798828 (ms)
[RANK1] F @ 41.333251953125 (ms) to 50.44775390625 (ms), cudaEventElapsed = 9.083840370178223 (ms)
[RANK1] F @ 51.10888671875 (ms) to 60.239013671875 (ms), cudaEventElapsed = 9.1015043258667 (ms)
[RANK1] B @ 65.24560546875 (ms) to 75.174560546875 (ms), cudaEventElapsed = 9.900383949279785 (ms)
[RANK1] F @ 75.47216796875 (ms) to 84.68603515625 (ms), cudaEventElapsed = 9.183263778686523 (ms)
[RANK1] B @ 84.9208984375 (ms) to 94.829345703125 (ms), cudaEventElapsed = 9.874655723571777 (ms)
[RANK1] F @ 95.5234375 (ms) to 104.740234375 (ms), cudaEventElapsed = 9.186079978942871 (ms)
[RANK1] B @ 105.57373046875 (ms) to 115.596435546875 (ms), cudaEventElapsed = 9.986687660217285 (ms)
[RANK1] F @ 115.818359375 (ms) to 125.28369140625 (ms), cudaEventElapsed = 9.44217586517334 (ms)
[RANK1] B @ 125.5625 (ms) to 135.610107421875 (ms), cudaEventElapsed = 10.018560409545898 (ms)
[RANK1] W @ 135.8330078125 (ms) to 142.361572265625 (ms), cudaEventElapsed = 6.501120090484619 (ms)
[RANK1] F @ 142.4697265625 (ms) to 151.87890625 (ms), cudaEventElapsed = 9.388352394104004 (ms)
[RANK1] B @ 155.1220703125 (ms) to 166.711181640625 (ms), cudaEventElapsed = 11.560352325439453 (ms)
[RANK1] B @ 167.27734375 (ms) to 177.282958984375 (ms), cudaEventElapsed = 9.974047660827637 (ms)
[RANK1] W @ 177.458251953125 (ms) to 183.8564453125 (ms), cudaEventElapsed = 6.370272159576416 (ms)
[RANK1] F @ 184.031982421875 (ms) to 193.93310546875 (ms), cudaEventElapsed = 9.879008293151855 (ms)
[RANK1] B @ 194.586669921875 (ms) to 206.57275390625 (ms), cudaEventElapsed = 11.957535743713379 (ms)
[RANK1] B @ 207.166015625 (ms) to 217.790283203125 (ms), cudaEventElapsed = 10.593567848205566 (ms)
[RANK1] W @ 217.953857421875 (ms) to 224.466064453125 (ms), cudaEventElapsed = 6.4839677810668945 (ms)
[RANK1] F @ 224.6630859375 (ms) to 234.4873046875 (ms), cudaEventElapsed = 9.799103736877441 (ms)
[RANK1] B @ 234.69091796875 (ms) to 245.10205078125 (ms), cudaEventElapsed = 10.382975578308105 (ms)
[RANK1] W @ 245.306396484375 (ms) to 252.045166015625 (ms), cudaEventElapsed = 6.381887912750244 (ms)
[RANK1] F @ 252.20947265625 (ms) to 261.834716796875 (ms), cudaEventElapsed = 9.602496147155762 (ms)
[RANK1] B @ 262.0361328125 (ms) to 272.290771484375 (ms), cudaEventElapsed = 10.225407600402832 (ms)
[RANK1] W @ 272.4501953125 (ms) to 278.91796875 (ms), cudaEventElapsed = 6.4385600090026855 (ms)
[RANK1] W @ 279.01611328125 (ms) to 285.607177734375 (ms), cudaEventElapsed = 6.571775913238525 (ms)
[RANK1] B @ 285.706787109375 (ms) to 296.33154296875 (ms), cudaEventElapsed = 10.604512214660645 (ms)
[RANK1] W @ 296.4931640625 (ms) to 303.0830078125 (ms), cudaEventElapsed = 6.553023815155029 (ms)
[RANK1] W @ 303.180908203125 (ms) to 309.9208984375 (ms), cudaEventElapsed = 6.72057580947876 (ms)
[RANK1] B @ 310.018310546875 (ms) to 320.718017578125 (ms), cudaEventElapsed = 10.680319786071777 (ms)
[RANK1] 4W @ 320.877197265625 (ms) to 346.86572265625 (ms), cudaEventElapsed = 25.9520320892334 (ms)
[RANK1] Iteration 7
[RANK1] F @ 11.127685546875 (ms) to 20.5869140625 (ms), cudaEventElapsed = 9.42518424987793 (ms)
[RANK1] F @ 20.829345703125 (ms) to 30.01953125 (ms), cudaEventElapsed = 9.161952018737793 (ms)
[RANK1] F @ 30.263427734375 (ms) to 39.445068359375 (ms), cudaEventElapsed = 9.153087615966797 (ms)
[RANK1] F @ 39.65478515625 (ms) to 48.77734375 (ms), cudaEventElapsed = 9.094719886779785 (ms)
[RANK1] F @ 49.4404296875 (ms) to 58.5634765625 (ms), cudaEventElapsed = 9.094079971313477 (ms)
[RANK1] B @ 64.253662109375 (ms) to 74.30322265625 (ms), cudaEventElapsed = 10.018464088439941 (ms)
[RANK1] F @ 74.602294921875 (ms) to 83.89306640625 (ms), cudaEventElapsed = 9.260128021240234 (ms)
[RANK1] B @ 84.103759765625 (ms) to 94.05322265625 (ms), cudaEventElapsed = 9.921216011047363 (ms)
[RANK1] F @ 94.665283203125 (ms) to 104.083740234375 (ms), cudaEventElapsed = 9.388352394104004 (ms)
[RANK1] B @ 104.2958984375 (ms) to 114.381591796875 (ms), cudaEventElapsed = 10.057151794433594 (ms)
[RANK1] F @ 114.68505859375 (ms) to 124.08349609375 (ms), cudaEventElapsed = 9.368351936340332 (ms)
[RANK1] B @ 124.32470703125 (ms) to 134.359130859375 (ms), cudaEventElapsed = 10.005311965942383 (ms)
[RANK1] W @ 134.5771484375 (ms) to 141.140625 (ms), cudaEventElapsed = 6.534111976623535 (ms)
[RANK1] F @ 141.246826171875 (ms) to 150.548095703125 (ms), cudaEventElapsed = 9.278559684753418 (ms)
[RANK1] B @ 154.7216796875 (ms) to 166.171142578125 (ms), cudaEventElapsed = 11.4203519821167 (ms)
[RANK1] B @ 166.771484375 (ms) to 176.846923828125 (ms), cudaEventElapsed = 10.044639587402344 (ms)
[RANK1] W @ 177.013427734375 (ms) to 183.39892578125 (ms), cudaEventElapsed = 6.3560638427734375 (ms)
[RANK1] F @ 183.57421875 (ms) to 192.860107421875 (ms), cudaEventElapsed = 9.263327598571777 (ms)
[RANK1] B @ 193.454345703125 (ms) to 205.070068359375 (ms), cudaEventElapsed = 11.58739185333252 (ms)
[RANK1] B @ 205.723876953125 (ms) to 216.085693359375 (ms), cudaEventElapsed = 10.33187198638916 (ms)
[RANK1] W @ 216.25146484375 (ms) to 222.717041015625 (ms), cudaEventElapsed = 6.437471866607666 (ms)
[RANK1] F @ 222.893310546875 (ms) to 232.490234375 (ms), cudaEventElapsed = 9.573920249938965 (ms)
[RANK1] B @ 232.6962890625 (ms) to 242.927490234375 (ms), cudaEventElapsed = 10.203583717346191 (ms)
[RANK1] W @ 243.142333984375 (ms) to 249.8369140625 (ms), cudaEventElapsed = 6.3750081062316895 (ms)
[RANK1] F @ 250.001220703125 (ms) to 259.6240234375 (ms), cudaEventElapsed = 9.59990406036377 (ms)
[RANK1] B @ 259.826416015625 (ms) to 270.12158203125 (ms), cudaEventElapsed = 10.267616271972656 (ms)
[RANK1] W @ 270.280517578125 (ms) to 276.753173828125 (ms), cudaEventElapsed = 6.444416046142578 (ms)
[RANK1] W @ 276.852783203125 (ms) to 283.44775390625 (ms), cudaEventElapsed = 6.575712203979492 (ms)
[RANK1] B @ 285.33251953125 (ms) to 295.537841796875 (ms), cudaEventElapsed = 10.184991836547852 (ms)
[RANK1] W @ 295.7060546875 (ms) to 302.14306640625 (ms), cudaEventElapsed = 6.40831995010376 (ms)
[RANK1] W @ 302.23974609375 (ms) to 308.82373046875 (ms), cudaEventElapsed = 6.5647358894348145 (ms)
[RANK1] B @ 309.07568359375 (ms) to 319.3876953125 (ms), cudaEventElapsed = 10.291647911071777 (ms)
[RANK1] 4W @ 319.549072265625 (ms) to 345.753173828125 (ms), cudaEventElapsed = 26.174848556518555 (ms)
[RANK1] Iteration 8
[RANK1] F @ 151.759033203125 (ms) to 305.87841796875 (ms), cudaEventElapsed = 154.08338928222656 (ms)
[RANK1] F @ 306.181396484375 (ms) to 314.5244140625 (ms), cudaEventElapsed = 8.316191673278809 (ms)
[RANK1] F @ 314.790283203125 (ms) to 323.123046875 (ms), cudaEventElapsed = 8.306624412536621 (ms)
[RANK1] F @ 323.32470703125 (ms) to 331.66162109375 (ms), cudaEventElapsed = 8.310912132263184 (ms)
[RANK1] F @ 466.60302734375 (ms) to 474.952880859375 (ms), cudaEventElapsed = 8.3221435546875 (ms)
[RANK1] F @ 475.227783203125 (ms) to 483.569580078125 (ms), cudaEventElapsed = 8.31430435180664 (ms)
[RANK1] F @ 483.83984375 (ms) to 492.195068359375 (ms), cudaEventElapsed = 8.32748794555664 (ms)
[RANK1] F @ 617.310302734375 (ms) to 625.6767578125 (ms), cudaEventElapsed = 8.335840225219727 (ms)
[RANK1] F @ 626.666259765625 (ms) to 635.023193359375 (ms), cudaEventElapsed = 8.32857608795166 (ms)
[RANK1] F @ 635.704345703125 (ms) to 644.06005859375 (ms), cudaEventElapsed = 8.328512191772461 (ms)
[RANK1] F @ 653.227783203125 (ms) to 661.580322265625 (ms), cudaEventElapsed = 8.32528018951416 (ms)
[RANK1] F @ 662.291748046875 (ms) to 670.656005859375 (ms), cudaEventElapsed = 8.33779239654541 (ms)
