[RANK1] Iteration 1
[RANK1] F @ 737.58251953125 (ms) to 985.6279296875 (ms), cudaEventElapsed = 248.01968383789062 (ms)
[RANK1] F @ 986.578125 (ms) to 998.24951171875 (ms), cudaEventElapsed = 11.651488304138184 (ms)
[RANK1] F @ 999.207275390625 (ms) to 1015.577880859375 (ms), cudaEventElapsed = 16.35158348083496 (ms)
[RANK1] F @ 1016.439453125 (ms) to 1032.33349609375 (ms), cudaEventElapsed = 15.875679969787598 (ms)
[RANK1] F @ 1033.169189453125 (ms) to 1054.47314453125 (ms), cudaEventElapsed = 21.2838077545166 (ms)
[RANK1] B @ 2763.344970703125 (ms) to 3037.4326171875 (ms), cudaEventElapsed = 274.0616760253906 (ms)
[RANK1] F @ 3038.420654296875 (ms) to 3047.697998046875 (ms), cudaEventElapsed = 9.254655838012695 (ms)
[RANK1] B @ 3048.7939453125 (ms) to 3060.9248046875 (ms), cudaEventElapsed = 12.100192070007324 (ms)
[RANK1] F @ 3061.86279296875 (ms) to 3070.973876953125 (ms), cudaEventElapsed = 9.088704109191895 (ms)
[RANK1] B @ 3072.026611328125 (ms) to 3082.423583984375 (ms), cudaEventElapsed = 10.374879837036133 (ms)
[RANK1] F @ 3474.38330078125 (ms) to 3484.200927734375 (ms), cudaEventElapsed = 9.790656089782715 (ms)
[RANK1] B @ 3485.2666015625 (ms) to 3497.294921875 (ms), cudaEventElapsed = 12.006367683410645 (ms)
[RANK1] F @ 3498.253173828125 (ms) to 3507.395751953125 (ms), cudaEventElapsed = 9.121600151062012 (ms)
[RANK1] B @ 3508.41455078125 (ms) to 3518.027099609375 (ms), cudaEventElapsed = 9.591456413269043 (ms)
[RANK1] F @ 3518.941650390625 (ms) to 3528.0263671875 (ms), cudaEventElapsed = 9.063712120056152 (ms)
[RANK1] B @ 3566.01416015625 (ms) to 3575.760498046875 (ms), cudaEventElapsed = 9.723487854003906 (ms)
[RANK1] F @ 3576.695556640625 (ms) to 3585.793212890625 (ms), cudaEventElapsed = 9.075967788696289 (ms)
[RANK1] B @ 3586.9375 (ms) to 3596.544677734375 (ms), cudaEventElapsed = 9.584447860717773 (ms)
[RANK1] F @ 3597.44921875 (ms) to 3606.53271484375 (ms), cudaEventElapsed = 9.060192108154297 (ms)
[RANK1] B @ 3607.47802734375 (ms) to 3617.069091796875 (ms), cudaEventElapsed = 9.568511962890625 (ms)
[RANK1] W @ 3617.688232421875 (ms) to 3624.15576171875 (ms), cudaEventElapsed = 6.447423934936523 (ms)
[RANK1] B @ 3641.19140625 (ms) to 3650.65478515625 (ms), cudaEventElapsed = 9.441632270812988 (ms)
[RANK1] W @ 3651.279296875 (ms) to 3657.451171875 (ms), cudaEventElapsed = 6.152160167694092 (ms)
[RANK1] B @ 3660.48779296875 (ms) to 3669.934326171875 (ms), cudaEventElapsed = 9.427935600280762 (ms)
[RANK1] W @ 3670.527587890625 (ms) to 3676.72119140625 (ms), cudaEventElapsed = 6.174911975860596 (ms)
[RANK1] B @ 3678.86474609375 (ms) to 3688.280029296875 (ms), cudaEventElapsed = 9.395744323730469 (ms)
[RANK1] W @ 3689.230712890625 (ms) to 3695.442626953125 (ms), cudaEventElapsed = 6.190176010131836 (ms)
[RANK1] B @ 3698.66455078125 (ms) to 3708.04931640625 (ms), cudaEventElapsed = 9.365311622619629 (ms)
[RANK1] 8W @ 3709.368896484375 (ms) to 3758.289306640625 (ms), cudaEventElapsed = 48.89641571044922 (ms)
[RANK1] Iteration 2
[RANK1] F @ 44.148681640625 (ms) to 53.412841796875 (ms), cudaEventElapsed = 9.242815971374512 (ms)
[RANK1] F @ 54.470458984375 (ms) to 63.69482421875 (ms), cudaEventElapsed = 9.204768180847168 (ms)
[RANK1] F @ 64.61474609375 (ms) to 73.9306640625 (ms), cudaEventElapsed = 9.29702377319336 (ms)
[RANK1] F @ 74.753662109375 (ms) to 83.800048828125 (ms), cudaEventElapsed = 9.020095825195312 (ms)
[RANK1] F @ 84.96630859375 (ms) to 94.480224609375 (ms), cudaEventElapsed = 9.487615585327148 (ms)
[RANK1] B @ 222.770263671875 (ms) to 232.7744140625 (ms), cudaEventElapsed = 9.984383583068848 (ms)
[RANK1] F @ 233.614501953125 (ms) to 242.654052734375 (ms), cudaEventElapsed = 9.021087646484375 (ms)
[RANK1] B @ 243.542724609375 (ms) to 253.2998046875 (ms), cudaEventElapsed = 9.737759590148926 (ms)
[RANK1] F @ 254.14306640625 (ms) to 263.148681640625 (ms), cudaEventElapsed = 8.987327575683594 (ms)
[RANK1] B @ 264.623046875 (ms) to 274.4765625 (ms), cudaEventElapsed = 9.833760261535645 (ms)
[RANK1] F @ 286.217041015625 (ms) to 295.567138671875 (ms), cudaEventElapsed = 9.331007957458496 (ms)
[RANK1] B @ 337.81640625 (ms) to 347.689453125 (ms), cudaEventElapsed = 9.853376388549805 (ms)
[RANK1] F @ 348.514404296875 (ms) to 357.54931640625 (ms), cudaEventElapsed = 9.017056465148926 (ms)
[RANK1] B @ 379.928955078125 (ms) to 389.77783203125 (ms), cudaEventElapsed = 9.829728126525879 (ms)
[RANK1] F @ 390.59765625 (ms) to 399.6044921875 (ms), cudaEventElapsed = 8.98857593536377 (ms)
[RANK1] B @ 423.100830078125 (ms) to 432.873779296875 (ms), cudaEventElapsed = 9.753472328186035 (ms)
[RANK1] F @ 433.72900390625 (ms) to 442.732421875 (ms), cudaEventElapsed = 8.984928131103516 (ms)
[RANK1] B @ 457.388427734375 (ms) to 467.236328125 (ms), cudaEventElapsed = 9.824352264404297 (ms)
[RANK1] F @ 468.068603515625 (ms) to 477.0859375 (ms), cudaEventElapsed = 8.997856140136719 (ms)
[RANK1] B @ 499.0302734375 (ms) to 508.907958984375 (ms), cudaEventElapsed = 9.857215881347656 (ms)
[RANK1] W @ 509.479248046875 (ms) to 515.803955078125 (ms), cudaEventElapsed = 6.306816101074219 (ms)
[RANK1] B @ 536.7880859375 (ms) to 546.66845703125 (ms), cudaEventElapsed = 9.861311912536621 (ms)
[RANK1] W @ 547.264404296875 (ms) to 553.592529296875 (ms), cudaEventElapsed = 6.31056022644043 (ms)
[RANK1] B @ 584.185302734375 (ms) to 593.984130859375 (ms), cudaEventElapsed = 9.7806396484375 (ms)
[RANK1] W @ 594.612060546875 (ms) to 600.957763671875 (ms), cudaEventElapsed = 6.32809591293335 (ms)
[RANK1] B @ 621.288330078125 (ms) to 631.06201171875 (ms), cudaEventElapsed = 9.756128311157227 (ms)
[RANK1] W @ 631.664306640625 (ms) to 638.00830078125 (ms), cudaEventElapsed = 6.3257598876953125 (ms)
[RANK1] B @ 655.91064453125 (ms) to 665.665771484375 (ms), cudaEventElapsed = 9.737055778503418 (ms)
[RANK1] 8W @ 667.16259765625 (ms) to 718.846923828125 (ms), cudaEventElapsed = 51.6644172668457 (ms)
[RANK1] Iteration 3
[RANK1] F @ 33.15576171875 (ms) to 42.29296875 (ms), cudaEventElapsed = 9.115584373474121 (ms)
[RANK1] F @ 43.16455078125 (ms) to 52.199951171875 (ms), cudaEventElapsed = 9.016287803649902 (ms)
[RANK1] F @ 65.748046875 (ms) to 74.8837890625 (ms), cudaEventElapsed = 9.11622428894043 (ms)
[RANK1] F @ 75.732177734375 (ms) to 84.7109375 (ms), cudaEventElapsed = 8.959903717041016 (ms)
[RANK1] F @ 85.542236328125 (ms) to 94.5078125 (ms), cudaEventElapsed = 8.946847915649414 (ms)
[RANK1] F @ 95.33251953125 (ms) to 104.2919921875 (ms), cudaEventElapsed = 8.940671920776367 (ms)
[RANK1] F @ 105.19140625 (ms) to 114.16259765625 (ms), cudaEventElapsed = 8.95251178741455 (ms)
[RANK1] F @ 115.022216796875 (ms) to 124.104248046875 (ms), cudaEventElapsed = 9.062848091125488 (ms)
[RANK1] F @ 124.886474609375 (ms) to 133.964111328125 (ms), cudaEventElapsed = 9.058527946472168 (ms)
[RANK1] F @ 134.72265625 (ms) to 145.035888671875 (ms), cudaEventElapsed = 10.29366397857666 (ms)
[RANK1] F @ 145.809814453125 (ms) to 169.39892578125 (ms), cudaEventElapsed = 23.57049560546875 (ms)
[RANK1] F @ 175.621826171875 (ms) to 188.123779296875 (ms), cudaEventElapsed = 12.482848167419434 (ms)
[RANK1] B @ 196.94189453125 (ms) to 207.552734375 (ms), cudaEventElapsed = 10.590944290161133 (ms)
[RANK1] W @ 208.084228515625 (ms) to 214.411376953125 (ms), cudaEventElapsed = 6.3091840744018555 (ms)
[RANK1] B @ 237.25341796875 (ms) to 247.16845703125 (ms), cudaEventElapsed = 9.895903587341309 (ms)
[RANK1] W @ 247.715576171875 (ms) to 254.07470703125 (ms), cudaEventElapsed = 6.341599941253662 (ms)
[RANK1] B @ 258.74072265625 (ms) to 268.59228515625 (ms), cudaEventElapsed = 9.832096099853516 (ms)
[RANK1] W @ 269.1455078125 (ms) to 275.496337890625 (ms), cudaEventElapsed = 6.334080219268799 (ms)
[RANK1] B @ 276.058837890625 (ms) to 285.85498046875 (ms), cudaEventElapsed = 9.777888298034668 (ms)
[RANK1] W @ 286.805908203125 (ms) to 293.18505859375 (ms), cudaEventElapsed = 6.358816146850586 (ms)
[RANK1] B @ 293.700439453125 (ms) to 303.75146484375 (ms), cudaEventElapsed = 10.033760070800781 (ms)
[RANK1] W @ 304.34375 (ms) to 310.760009765625 (ms), cudaEventElapsed = 6.399104118347168 (ms)
[RANK1] B @ 311.265869140625 (ms) to 321.48486328125 (ms), cudaEventElapsed = 10.200511932373047 (ms)
[RANK1] B @ 322.5634765625 (ms) to 332.89013671875 (ms), cudaEventElapsed = 10.306336402893066 (ms)
[RANK1] W @ 333.435302734375 (ms) to 339.882080078125 (ms), cudaEventElapsed = 6.428383827209473 (ms)
[RANK1] W @ 340.090576171875 (ms) to 346.489013671875 (ms), cudaEventElapsed = 6.381919860839844 (ms)
[RANK1] B @ 346.997314453125 (ms) to 357.174072265625 (ms), cudaEventElapsed = 10.159520149230957 (ms)
[RANK1] W @ 357.775390625 (ms) to 364.1787109375 (ms), cudaEventElapsed = 6.38592004776001 (ms)
[RANK1] B @ 364.692626953125 (ms) to 374.817138671875 (ms), cudaEventElapsed = 10.106559753417969 (ms)
[RANK1] W @ 375.362060546875 (ms) to 381.791748046875 (ms), cudaEventElapsed = 6.411935806274414 (ms)
[RANK1] B @ 383.37158203125 (ms) to 393.84765625 (ms), cudaEventElapsed = 10.457440376281738 (ms)
[RANK1] W @ 394.393798828125 (ms) to 400.873046875 (ms), cudaEventElapsed = 6.461376190185547 (ms)
[RANK1] B @ 402.60595703125 (ms) to 413.012939453125 (ms), cudaEventElapsed = 10.386240005493164 (ms)
[RANK1] W @ 413.583740234375 (ms) to 420.031494140625 (ms), cudaEventElapsed = 6.430111885070801 (ms)
[RANK1] B @ 435.01318359375 (ms) to 445.19091796875 (ms), cudaEventElapsed = 10.158656120300293 (ms)
[RANK1] 1W @ 446.23388671875 (ms) to 452.64892578125 (ms), cudaEventElapsed = 6.395455837249756 (ms)
[RANK1] Iteration 4
[RANK1] F @ 33.44091796875 (ms) to 42.53759765625 (ms), cudaEventElapsed = 9.076800346374512 (ms)
[RANK1] F @ 44.21533203125 (ms) to 53.20263671875 (ms), cudaEventElapsed = 8.968799591064453 (ms)
[RANK1] F @ 55.74365234375 (ms) to 64.9462890625 (ms), cudaEventElapsed = 9.183263778686523 (ms)
[RANK1] F @ 65.76806640625 (ms) to 74.75146484375 (ms), cudaEventElapsed = 8.964415550231934 (ms)
[RANK1] F @ 75.571044921875 (ms) to 84.5517578125 (ms), cudaEventElapsed = 8.962335586547852 (ms)
[RANK1] F @ 85.592529296875 (ms) to 94.604736328125 (ms), cudaEventElapsed = 8.992799758911133 (ms)
[RANK1] F @ 96.147216796875 (ms) to 105.137939453125 (ms), cudaEventElapsed = 8.970687866210938 (ms)
[RANK1] F @ 106.985107421875 (ms) to 115.96435546875 (ms), cudaEventElapsed = 8.96019172668457 (ms)
[RANK1] F @ 117.611572265625 (ms) to 126.64990234375 (ms), cudaEventElapsed = 9.019392013549805 (ms)
[RANK1] F @ 155.15087890625 (ms) to 164.1689453125 (ms), cudaEventElapsed = 8.99772834777832 (ms)
[RANK1] F @ 165.2626953125 (ms) to 174.27685546875 (ms), cudaEventElapsed = 8.9934720993042 (ms)
[RANK1] F @ 177.310791015625 (ms) to 186.312255859375 (ms), cudaEventElapsed = 8.982336044311523 (ms)
[RANK1] B @ 227.107666015625 (ms) to 237.124267578125 (ms), cudaEventElapsed = 9.99728012084961 (ms)
[RANK1] W @ 237.6337890625 (ms) to 243.974853515625 (ms), cudaEventElapsed = 6.324031829833984 (ms)
[RANK1] B @ 252.468017578125 (ms) to 262.267333984375 (ms), cudaEventElapsed = 9.780192375183105 (ms)
[RANK1] W @ 262.759521484375 (ms) to 269.114013671875 (ms), cudaEventElapsed = 6.337408065795898 (ms)
[RANK1] B @ 274.485107421875 (ms) to 284.338623046875 (ms), cudaEventElapsed = 9.834976196289062 (ms)
[RANK1] W @ 284.88720703125 (ms) to 291.25537109375 (ms), cudaEventElapsed = 6.350240230560303 (ms)
[RANK1] B @ 298.156982421875 (ms) to 307.943603515625 (ms), cudaEventElapsed = 9.768128395080566 (ms)
[RANK1] W @ 309.18505859375 (ms) to 315.544921875 (ms), cudaEventElapsed = 6.34006404876709 (ms)
[RANK1] B @ 316.232177734375 (ms) to 326.010986328125 (ms), cudaEventElapsed = 9.760736465454102 (ms)
[RANK1] W @ 326.591064453125 (ms) to 332.972412109375 (ms), cudaEventElapsed = 6.362207889556885 (ms)
[RANK1] B @ 333.802978515625 (ms) to 343.822265625 (ms), cudaEventElapsed = 10.000543594360352 (ms)
[RANK1] W @ 344.37158203125 (ms) to 350.770751953125 (ms), cudaEventElapsed = 6.381120204925537 (ms)
[RANK1] B @ 351.514892578125 (ms) to 361.74462890625 (ms), cudaEventElapsed = 10.211615562438965 (ms)
[RANK1] W @ 362.290283203125 (ms) to 368.6767578125 (ms), cudaEventElapsed = 6.368127822875977 (ms)
[RANK1] B @ 375.21435546875 (ms) to 385.276611328125 (ms), cudaEventElapsed = 10.042655944824219 (ms)
[RANK1] W @ 385.821044921875 (ms) to 392.22509765625 (ms), cudaEventElapsed = 6.385824203491211 (ms)
[RANK1] B @ 393.56103515625 (ms) to 403.57421875 (ms), cudaEventElapsed = 9.99465560913086 (ms)
[RANK1] W @ 404.133056640625 (ms) to 410.514404296875 (ms), cudaEventElapsed = 6.3632001876831055 (ms)
[RANK1] B @ 428.584716796875 (ms) to 438.480712890625 (ms), cudaEventElapsed = 9.8754243850708 (ms)
[RANK1] W @ 439.0322265625 (ms) to 445.39892578125 (ms), cudaEventElapsed = 6.349760055541992 (ms)
[RANK1] B @ 453.609130859375 (ms) to 463.41455078125 (ms), cudaEventElapsed = 9.787263870239258 (ms)
[RANK1] W @ 463.979736328125 (ms) to 470.354248046875 (ms), cudaEventElapsed = 6.357344150543213 (ms)
[RANK1] B @ 471.2216796875 (ms) to 481.001708984375 (ms), cudaEventElapsed = 9.762399673461914 (ms)
[RANK1] 1W @ 482.053955078125 (ms) to 488.472900390625 (ms), cudaEventElapsed = 6.399968147277832 (ms)
[RANK1] Iteration 5
[RANK1] F @ 61.142578125 (ms) to 70.29638671875 (ms), cudaEventElapsed = 9.132255554199219 (ms)
[RANK1] F @ 71.340576171875 (ms) to 80.34521484375 (ms), cudaEventElapsed = 8.985183715820312 (ms)
[RANK1] F @ 81.199462890625 (ms) to 90.4111328125 (ms), cudaEventElapsed = 9.192768096923828 (ms)
[RANK1] F @ 91.314453125 (ms) to 100.31005859375 (ms), cudaEventElapsed = 8.975647926330566 (ms)
[RANK1] F @ 101.155029296875 (ms) to 110.183349609375 (ms), cudaEventElapsed = 9.00915241241455 (ms)
[RANK1] F @ 110.962158203125 (ms) to 119.9794921875 (ms), cudaEventElapsed = 8.999168395996094 (ms)
[RANK1] F @ 120.801513671875 (ms) to 129.863525390625 (ms), cudaEventElapsed = 9.041376113891602 (ms)
[RANK1] F @ 130.649169921875 (ms) to 139.82958984375 (ms), cudaEventElapsed = 9.160991668701172 (ms)
[RANK1] F @ 140.603515625 (ms) to 149.79296875 (ms), cudaEventElapsed = 9.170559883117676 (ms)
[RANK1] F @ 150.57080078125 (ms) to 159.753173828125 (ms), cudaEventElapsed = 9.163616180419922 (ms)
[RANK1] F @ 160.530029296875 (ms) to 169.704833984375 (ms), cudaEventElapsed = 9.155743598937988 (ms)
[RANK1] F @ 170.477294921875 (ms) to 179.704833984375 (ms), cudaEventElapsed = 9.208576202392578 (ms)
[RANK1] B @ 302.673095703125 (ms) to 312.613037109375 (ms), cudaEventElapsed = 9.919839859008789 (ms)
[RANK1] W @ 313.166259765625 (ms) to 319.46826171875 (ms), cudaEventElapsed = 6.284639835357666 (ms)
[RANK1] B @ 319.987060546875 (ms) to 329.82568359375 (ms), cudaEventElapsed = 9.81663990020752 (ms)
[RANK1] W @ 330.427734375 (ms) to 336.769287109375 (ms), cudaEventElapsed = 6.324319839477539 (ms)
[RANK1] B @ 340.39892578125 (ms) to 350.526123046875 (ms), cudaEventElapsed = 10.10752010345459 (ms)
[RANK1] W @ 351.125244140625 (ms) to 357.51708984375 (ms), cudaEventElapsed = 6.374720096588135 (ms)
[RANK1] B @ 361.89794921875 (ms) to 372.248779296875 (ms), cudaEventElapsed = 10.33340835571289 (ms)
[RANK1] W @ 372.828125 (ms) to 379.25830078125 (ms), cudaEventElapsed = 6.413280010223389 (ms)
[RANK1] B @ 380.305419921875 (ms) to 390.66650390625 (ms), cudaEventElapsed = 10.34335994720459 (ms)
[RANK1] W @ 391.746337890625 (ms) to 398.234619140625 (ms), cudaEventElapsed = 6.467967987060547 (ms)
[RANK1] B @ 398.9345703125 (ms) to 409.29638671875 (ms), cudaEventElapsed = 10.344511985778809 (ms)
[RANK1] W @ 409.997314453125 (ms) to 416.439208984375 (ms), cudaEventElapsed = 6.424352169036865 (ms)
[RANK1] B @ 420.363037109375 (ms) to 430.684814453125 (ms), cudaEventElapsed = 10.305279731750488 (ms)
[RANK1] W @ 431.262451171875 (ms) to 437.684326171875 (ms), cudaEventElapsed = 6.405216217041016 (ms)
[RANK1] B @ 438.1904296875 (ms) to 448.427490234375 (ms), cudaEventElapsed = 10.220416069030762 (ms)
[RANK1] W @ 449.037841796875 (ms) to 455.442138671875 (ms), cudaEventElapsed = 6.384160041809082 (ms)
[RANK1] B @ 458.20751953125 (ms) to 468.66552734375 (ms), cudaEventElapsed = 10.438240051269531 (ms)
[RANK1] W @ 469.245849609375 (ms) to 475.706298828125 (ms), cudaEventElapsed = 6.44371223449707 (ms)
[RANK1] B @ 476.2255859375 (ms) to 486.693359375 (ms), cudaEventElapsed = 10.45081615447998 (ms)
[RANK1] W @ 487.260009765625 (ms) to 493.7294921875 (ms), cudaEventElapsed = 6.452000141143799 (ms)
[RANK1] B @ 494.406005859375 (ms) to 504.872802734375 (ms), cudaEventElapsed = 10.449567794799805 (ms)
[RANK1] W @ 505.386962890625 (ms) to 511.861083984375 (ms), cudaEventElapsed = 6.456768035888672 (ms)
[RANK1] B @ 512.36279296875 (ms) to 522.837890625 (ms), cudaEventElapsed = 10.458335876464844 (ms)
[RANK1] 1W @ 523.854736328125 (ms) to 530.394287109375 (ms), cudaEventElapsed = 6.520959854125977 (ms)
[RANK1] Iteration 6
[RANK1] F @ 44.193603515625 (ms) to 53.615234375 (ms), cudaEventElapsed = 9.396767616271973 (ms)
[RANK1] F @ 54.5546875 (ms) to 63.570556640625 (ms), cudaEventElapsed = 8.995552062988281 (ms)
[RANK1] F @ 64.414306640625 (ms) to 73.56298828125 (ms), cudaEventElapsed = 9.130144119262695 (ms)
[RANK1] F @ 74.382568359375 (ms) to 83.360107421875 (ms), cudaEventElapsed = 8.956095695495605 (ms)
[RANK1] F @ 84.52685546875 (ms) to 93.798828125 (ms), cudaEventElapsed = 9.24726390838623 (ms)
[RANK1] F @ 94.987548828125 (ms) to 104.127685546875 (ms), cudaEventElapsed = 9.113408088684082 (ms)
[RANK1] F @ 105.346435546875 (ms) to 114.432373046875 (ms), cudaEventElapsed = 9.063103675842285 (ms)
[RANK1] F @ 115.299560546875 (ms) to 124.333251953125 (ms), cudaEventElapsed = 9.014880180358887 (ms)
[RANK1] F @ 125.26953125 (ms) to 134.301025390625 (ms), cudaEventElapsed = 9.012928009033203 (ms)
[RANK1] F @ 135.05615234375 (ms) to 144.1943359375 (ms), cudaEventElapsed = 9.115936279296875 (ms)
[RANK1] F @ 145.0009765625 (ms) to 154.15478515625 (ms), cudaEventElapsed = 9.133119583129883 (ms)
[RANK1] F @ 154.913330078125 (ms) to 164.044677734375 (ms), cudaEventElapsed = 9.112863540649414 (ms)
[RANK1] B @ 264.2373046875 (ms) to 274.2099609375 (ms), cudaEventElapsed = 9.953824043273926 (ms)
[RANK1] W @ 274.78955078125 (ms) to 281.11181640625 (ms), cudaEventElapsed = 6.305247783660889 (ms)
[RANK1] B @ 281.627685546875 (ms) to 291.371337890625 (ms), cudaEventElapsed = 9.725279808044434 (ms)
[RANK1] W @ 291.9521484375 (ms) to 298.295654296875 (ms), cudaEventElapsed = 6.327167987823486 (ms)
[RANK1] B @ 299.4375 (ms) to 309.239013671875 (ms), cudaEventElapsed = 9.783455848693848 (ms)
[RANK1] W @ 309.791748046875 (ms) to 316.15771484375 (ms), cudaEventElapsed = 6.346208095550537 (ms)
[RANK1] B @ 316.77734375 (ms) to 326.511474609375 (ms), cudaEventElapsed = 9.715968132019043 (ms)
[RANK1] W @ 327.022216796875 (ms) to 333.365234375 (ms), cudaEventElapsed = 6.325503826141357 (ms)
[RANK1] B @ 335.135498046875 (ms) to 345.2783203125 (ms), cudaEventElapsed = 10.125823974609375 (ms)
[RANK1] W @ 346.26953125 (ms) to 352.7197265625 (ms), cudaEventElapsed = 6.432511806488037 (ms)
[RANK1] B @ 353.615478515625 (ms) to 363.783203125 (ms), cudaEventElapsed = 10.150015830993652 (ms)
[RANK1] W @ 364.332763671875 (ms) to 370.748779296875 (ms), cudaEventElapsed = 6.399104118347168 (ms)
[RANK1] B @ 371.4326171875 (ms) to 381.642333984375 (ms), cudaEventElapsed = 10.18876838684082 (ms)
[RANK1] W @ 382.20458984375 (ms) to 388.64501953125 (ms), cudaEventElapsed = 6.423871994018555 (ms)
[RANK1] B @ 389.24755859375 (ms) to 399.605224609375 (ms), cudaEventElapsed = 10.339936256408691 (ms)
[RANK1] W @ 400.176025390625 (ms) to 406.781005859375 (ms), cudaEventElapsed = 6.584256172180176 (ms)
[RANK1] B @ 408.603759765625 (ms) to 419.6435546875 (ms), cudaEventElapsed = 11.008288383483887 (ms)
[RANK1] W @ 420.210205078125 (ms) to 426.6845703125 (ms), cudaEventElapsed = 6.45747184753418 (ms)
[RANK1] B @ 427.28369140625 (ms) to 437.6328125 (ms), cudaEventElapsed = 10.330400466918945 (ms)
[RANK1] W @ 438.19775390625 (ms) to 444.64501953125 (ms), cudaEventElapsed = 6.42790412902832 (ms)
[RANK1] B @ 445.168701171875 (ms) to 455.40966796875 (ms), cudaEventElapsed = 10.218879699707031 (ms)
[RANK1] W @ 456.567626953125 (ms) to 463.122314453125 (ms), cudaEventElapsed = 6.518400192260742 (ms)
[RANK1] B @ 466.264892578125 (ms) to 476.4990234375 (ms), cudaEventElapsed = 10.214624404907227 (ms)
[RANK1] 1W @ 477.807373046875 (ms) to 484.421875 (ms), cudaEventElapsed = 6.575551986694336 (ms)
[RANK1] Iteration 7
[RANK1] F @ 49.203125 (ms) to 58.634765625 (ms), cudaEventElapsed = 9.405856132507324 (ms)
[RANK1] F @ 59.855712890625 (ms) to 68.919921875 (ms), cudaEventElapsed = 9.031167984008789 (ms)
[RANK1] F @ 70.477783203125 (ms) to 81.702880859375 (ms), cudaEventElapsed = 11.184320449829102 (ms)
[RANK1] F @ 83.171875 (ms) to 93.687744140625 (ms), cudaEventElapsed = 10.481792449951172 (ms)
[RANK1] F @ 94.50341796875 (ms) to 103.51806640625 (ms), cudaEventElapsed = 8.98630428314209 (ms)
[RANK1] F @ 104.656005859375 (ms) to 113.83056640625 (ms), cudaEventElapsed = 9.151200294494629 (ms)
[RANK1] F @ 115.30859375 (ms) to 125.769775390625 (ms), cudaEventElapsed = 10.437536239624023 (ms)
[RANK1] F @ 126.659423828125 (ms) to 135.6923828125 (ms), cudaEventElapsed = 9.013824462890625 (ms)
[RANK1] F @ 136.455078125 (ms) to 145.494140625 (ms), cudaEventElapsed = 9.020319938659668 (ms)
[RANK1] F @ 146.301513671875 (ms) to 155.3486328125 (ms), cudaEventElapsed = 9.028736114501953 (ms)
[RANK1] F @ 156.1171875 (ms) to 165.156982421875 (ms), cudaEventElapsed = 9.02086353302002 (ms)
[RANK1] F @ 165.92236328125 (ms) to 174.970947265625 (ms), cudaEventElapsed = 9.025440216064453 (ms)
[RANK1] B @ 266.511474609375 (ms) to 276.525390625 (ms), cudaEventElapsed = 9.99392032623291 (ms)
[RANK1] W @ 277.240478515625 (ms) to 283.5615234375 (ms), cudaEventElapsed = 6.30025577545166 (ms)
[RANK1] B @ 292.745849609375 (ms) to 302.64404296875 (ms), cudaEventElapsed = 9.87987232208252 (ms)
[RANK1] W @ 303.1640625 (ms) to 309.520751953125 (ms), cudaEventElapsed = 6.339903831481934 (ms)
[RANK1] B @ 310.053466796875 (ms) to 319.934326171875 (ms), cudaEventElapsed = 9.858943939208984 (ms)
[RANK1] W @ 321.1650390625 (ms) to 327.646728515625 (ms), cudaEventElapsed = 6.448544025421143 (ms)
[RANK1] B @ 328.297119140625 (ms) to 338.37841796875 (ms), cudaEventElapsed = 10.063936233520508 (ms)
[RANK1] W @ 339.007080078125 (ms) to 345.37548828125 (ms), cudaEventElapsed = 6.350783824920654 (ms)
[RANK1] B @ 345.9140625 (ms) to 356.061279296875 (ms), cudaEventElapsed = 10.12393569946289 (ms)
[RANK1] W @ 358.324462890625 (ms) to 364.9072265625 (ms), cudaEventElapsed = 6.539519786834717 (ms)
[RANK1] B @ 365.793212890625 (ms) to 376.261474609375 (ms), cudaEventElapsed = 10.435040473937988 (ms)
[RANK1] W @ 376.94970703125 (ms) to 383.3896484375 (ms), cudaEventElapsed = 6.4232001304626465 (ms)
[RANK1] B @ 383.892578125 (ms) to 394.064453125 (ms), cudaEventElapsed = 10.148639678955078 (ms)
[RANK1] W @ 395.469482421875 (ms) to 402.059326171875 (ms), cudaEventElapsed = 6.556672096252441 (ms)
[RANK1] B @ 402.7412109375 (ms) to 413.4765625 (ms), cudaEventElapsed = 10.717375755310059 (ms)
[RANK1] W @ 414.1103515625 (ms) to 420.604736328125 (ms), cudaEventElapsed = 6.4767680168151855 (ms)
[RANK1] B @ 421.1337890625 (ms) to 431.5341796875 (ms), cudaEventElapsed = 10.38265609741211 (ms)
[RANK1] W @ 432.169921875 (ms) to 438.64794921875 (ms), cudaEventElapsed = 6.4576640129089355 (ms)
[RANK1] B @ 439.35888671875 (ms) to 449.871337890625 (ms), cudaEventElapsed = 10.474559783935547 (ms)
[RANK1] W @ 451.0947265625 (ms) to 457.7587890625 (ms), cudaEventElapsed = 6.628064155578613 (ms)
[RANK1] B @ 458.44384765625 (ms) to 469.111328125 (ms), cudaEventElapsed = 10.650431632995605 (ms)
[RANK1] W @ 469.663818359375 (ms) to 476.172607421875 (ms), cudaEventElapsed = 6.488351821899414 (ms)
[RANK1] B @ 476.87890625 (ms) to 487.25732421875 (ms), cudaEventElapsed = 10.345664024353027 (ms)
[RANK1] 1W @ 488.65283203125 (ms) to 495.3515625 (ms), cudaEventElapsed = 6.667327880859375 (ms)
[RANK1] Iteration 8
[RANK1] F @ 43.395263671875 (ms) to 52.83447265625 (ms), cudaEventElapsed = 9.41487979888916 (ms)
[RANK1] F @ 53.855224609375 (ms) to 62.8984375 (ms), cudaEventElapsed = 9.024224281311035 (ms)
[RANK1] F @ 63.7392578125 (ms) to 72.880859375 (ms), cudaEventElapsed = 9.122912406921387 (ms)
[RANK1] F @ 73.698486328125 (ms) to 82.677978515625 (ms), cudaEventElapsed = 8.95628833770752 (ms)
[RANK1] F @ 83.560302734375 (ms) to 92.56982421875 (ms), cudaEventElapsed = 8.984479904174805 (ms)
[RANK1] F @ 93.782958984375 (ms) to 103.123779296875 (ms), cudaEventElapsed = 9.313664436340332 (ms)
[RANK1] F @ 104.205322265625 (ms) to 113.439697265625 (ms), cudaEventElapsed = 9.210687637329102 (ms)
[RANK1] F @ 114.32177734375 (ms) to 123.43310546875 (ms), cudaEventElapsed = 9.091967582702637 (ms)
[RANK1] F @ 124.196044921875 (ms) to 133.28466796875 (ms), cudaEventElapsed = 9.070303916931152 (ms)
[RANK1] F @ 134.0712890625 (ms) to 143.199462890625 (ms), cudaEventElapsed = 9.105279922485352 (ms)
[RANK1] F @ 144.01953125 (ms) to 153.12109375 (ms), cudaEventElapsed = 9.082464218139648 (ms)
[RANK1] F @ 153.9599609375 (ms) to 163.062255859375 (ms), cudaEventElapsed = 9.082079887390137 (ms)
[RANK1] B @ 239.25732421875 (ms) to 249.377197265625 (ms), cudaEventElapsed = 10.092479705810547 (ms)
[RANK1] W @ 249.915283203125 (ms) to 256.235107421875 (ms), cudaEventElapsed = 6.30291223526001 (ms)
[RANK1] B @ 260.11328125 (ms) to 269.846923828125 (ms), cudaEventElapsed = 9.71622371673584 (ms)
[RANK1] W @ 270.50390625 (ms) to 276.885009765625 (ms), cudaEventElapsed = 6.362783908843994 (ms)
[RANK1] B @ 281.11669921875 (ms) to 290.882568359375 (ms), cudaEventElapsed = 9.748224258422852 (ms)
[RANK1] W @ 291.4169921875 (ms) to 297.788330078125 (ms), cudaEventElapsed = 6.3545918464660645 (ms)
[RANK1] B @ 298.571533203125 (ms) to 308.492919921875 (ms), cudaEventElapsed = 9.904159545898438 (ms)
[RANK1] W @ 309.019287109375 (ms) to 315.38623046875 (ms), cudaEventElapsed = 6.348576068878174 (ms)
[RANK1] B @ 316.811279296875 (ms) to 326.85546875 (ms), cudaEventElapsed = 10.015968322753906 (ms)
[RANK1] W @ 327.835693359375 (ms) to 334.22265625 (ms), cudaEventElapsed = 6.366144180297852 (ms)
[RANK1] B @ 341.336181640625 (ms) to 351.30517578125 (ms), cudaEventElapsed = 9.95148754119873 (ms)
[RANK1] W @ 351.8466796875 (ms) to 358.21435546875 (ms), cudaEventElapsed = 6.350527763366699 (ms)
[RANK1] B @ 358.95068359375 (ms) to 368.992919921875 (ms), cudaEventElapsed = 10.024640083312988 (ms)
[RANK1] W @ 369.540771484375 (ms) to 375.904541015625 (ms), cudaEventElapsed = 6.347072124481201 (ms)
[RANK1] B @ 385.447509765625 (ms) to 395.43115234375 (ms), cudaEventElapsed = 9.966400146484375 (ms)
[RANK1] W @ 395.9853515625 (ms) to 402.35888671875 (ms), cudaEventElapsed = 6.356607913970947 (ms)
[RANK1] B @ 410.429443359375 (ms) to 420.325927734375 (ms), cudaEventElapsed = 9.878463745117188 (ms)
[RANK1] W @ 420.954345703125 (ms) to 427.3095703125 (ms), cudaEventElapsed = 6.338751792907715 (ms)
[RANK1] B @ 427.99267578125 (ms) to 437.945068359375 (ms), cudaEventElapsed = 9.935104370117188 (ms)
[RANK1] W @ 438.515380859375 (ms) to 444.865234375 (ms), cudaEventElapsed = 6.332032203674316 (ms)
[RANK1] B @ 446.72802734375 (ms) to 456.6630859375 (ms), cudaEventElapsed = 9.916831970214844 (ms)
[RANK1] W @ 457.243408203125 (ms) to 463.631591796875 (ms), cudaEventElapsed = 6.370687961578369 (ms)
[RANK1] B @ 464.64404296875 (ms) to 474.809814453125 (ms), cudaEventElapsed = 10.14799976348877 (ms)
[RANK1] 1W @ 475.9072265625 (ms) to 482.3681640625 (ms), cudaEventElapsed = 6.440512180328369 (ms)
