[RANK2] Iteration 1
[RANK2] F @ 1245.751708984375 (ms) to 1450.3564453125 (ms), cudaEventElapsed = 204.58131408691406 (ms)
[RANK2] F @ 1592.86669921875 (ms) to 1608.7041015625 (ms), cudaEventElapsed = 15.817215919494629 (ms)
[RANK2] F @ 1704.564697265625 (ms) to 1716.05810546875 (ms), cudaEventElapsed = 11.473759651184082 (ms)
[RANK2] B @ 2596.65673828125 (ms) to 2855.002197265625 (ms), cudaEventElapsed = 258.3258972167969 (ms)
[RANK2] F @ 2855.98291015625 (ms) to 2865.049560546875 (ms), cudaEventElapsed = 9.046272277832031 (ms)
[RANK2] B @ 2866.0615234375 (ms) to 2875.533935546875 (ms), cudaEventElapsed = 9.451071739196777 (ms)
[RANK2] F @ 2876.436279296875 (ms) to 2885.437255859375 (ms), cudaEventElapsed = 8.980671882629395 (ms)
[RANK2] B @ 2886.3857421875 (ms) to 2895.883544921875 (ms), cudaEventElapsed = 9.476608276367188 (ms)
[RANK2] F @ 3208.705810546875 (ms) to 3218.0234375 (ms), cudaEventElapsed = 9.290495872497559 (ms)
[RANK2] B @ 3219.22998046875 (ms) to 3228.93505859375 (ms), cudaEventElapsed = 9.681952476501465 (ms)
[RANK2] F @ 3229.904541015625 (ms) to 3239.132080078125 (ms), cudaEventElapsed = 9.202879905700684 (ms)
[RANK2] B @ 3240.32421875 (ms) to 3252.393310546875 (ms), cudaEventElapsed = 12.047039985656738 (ms)
[RANK2] F @ 3521.939697265625 (ms) to 3530.96337890625 (ms), cudaEventElapsed = 9.002464294433594 (ms)
[RANK2] B @ 3531.979248046875 (ms) to 3541.521484375 (ms), cudaEventElapsed = 9.522080421447754 (ms)
[RANK2] F @ 3553.498046875 (ms) to 3562.44921875 (ms), cudaEventElapsed = 8.932415962219238 (ms)
[RANK2] B @ 3563.51025390625 (ms) to 3577.68212890625 (ms), cudaEventElapsed = 14.150943756103516 (ms)
[RANK2] F @ 3592.828857421875 (ms) to 3601.7998046875 (ms), cudaEventElapsed = 8.951007843017578 (ms)
[RANK2] B @ 3602.874267578125 (ms) to 3612.59814453125 (ms), cudaEventElapsed = 9.705216407775879 (ms)
[RANK2] F @ 3625.657958984375 (ms) to 3634.59326171875 (ms), cudaEventElapsed = 8.916704177856445 (ms)
[RANK2] B @ 3635.459716796875 (ms) to 3645.044921875 (ms), cudaEventElapsed = 9.565343856811523 (ms)
[RANK2] F @ 3654.0947265625 (ms) to 3663.090087890625 (ms), cudaEventElapsed = 8.975135803222656 (ms)
[RANK2] B @ 3663.943359375 (ms) to 3673.755615234375 (ms), cudaEventElapsed = 9.792927742004395 (ms)
[RANK2] W @ 3674.46923828125 (ms) to 3680.88623046875 (ms), cudaEventElapsed = 6.397632122039795 (ms)
[RANK2] B @ 3681.435791015625 (ms) to 3690.9658203125 (ms), cudaEventElapsed = 9.510560035705566 (ms)
[RANK2] W @ 3691.565185546875 (ms) to 3697.749267578125 (ms), cudaEventElapsed = 6.165760040283203 (ms)
[RANK2] B @ 3698.256103515625 (ms) to 3707.72900390625 (ms), cudaEventElapsed = 9.454496383666992 (ms)
[RANK2] 10W @ 3709.116943359375 (ms) to 3770.34033203125 (ms), cudaEventElapsed = 61.20492935180664 (ms)
[RANK2] Iteration 2
[RANK2] F @ 108.31201171875 (ms) to 117.324951171875 (ms), cudaEventElapsed = 8.991135597229004 (ms)
[RANK2] F @ 118.33984375 (ms) to 127.3251953125 (ms), cudaEventElapsed = 8.965536117553711 (ms)
[RANK2] F @ 128.90966796875 (ms) to 138.066650390625 (ms), cudaEventElapsed = 9.137280464172363 (ms)
[RANK2] B @ 203.236328125 (ms) to 213.30322265625 (ms), cudaEventElapsed = 10.044351577758789 (ms)
[RANK2] F @ 214.119140625 (ms) to 223.15966796875 (ms), cudaEventElapsed = 9.020959854125977 (ms)
[RANK2] B @ 224.148681640625 (ms) to 233.982421875 (ms), cudaEventElapsed = 9.812383651733398 (ms)
[RANK2] F @ 234.87548828125 (ms) to 243.904052734375 (ms), cudaEventElapsed = 9.008607864379883 (ms)
[RANK2] B @ 244.8759765625 (ms) to 254.69775390625 (ms), cudaEventElapsed = 9.801119804382324 (ms)
[RANK2] F @ 333.6650390625 (ms) to 342.681396484375 (ms), cudaEventElapsed = 8.994720458984375 (ms)
[RANK2] B @ 343.617919921875 (ms) to 353.55615234375 (ms), cudaEventElapsed = 9.917823791503906 (ms)
[RANK2] F @ 354.460693359375 (ms) to 363.467529296875 (ms), cudaEventElapsed = 8.986847877502441 (ms)
[RANK2] B @ 364.39892578125 (ms) to 374.23193359375 (ms), cudaEventElapsed = 9.813568115234375 (ms)
[RANK2] F @ 414.445068359375 (ms) to 423.504638671875 (ms), cudaEventElapsed = 9.038111686706543 (ms)
[RANK2] B @ 430.842041015625 (ms) to 440.668212890625 (ms), cudaEventElapsed = 9.806431770324707 (ms)
[RANK2] F @ 472.611572265625 (ms) to 481.61669921875 (ms), cudaEventElapsed = 8.985664367675781 (ms)
[RANK2] B @ 482.54931640625 (ms) to 492.469970703125 (ms), cudaEventElapsed = 9.900416374206543 (ms)
[RANK2] F @ 493.323486328125 (ms) to 502.35009765625 (ms), cudaEventElapsed = 9.007840156555176 (ms)
[RANK2] B @ 517.49365234375 (ms) to 527.29638671875 (ms), cudaEventElapsed = 9.782367706298828 (ms)
[RANK2] F @ 559.53125 (ms) to 568.549072265625 (ms), cudaEventElapsed = 8.998111724853516 (ms)
[RANK2] B @ 585.033203125 (ms) to 595.0126953125 (ms), cudaEventElapsed = 9.959360122680664 (ms)
[RANK2] F @ 609.518798828125 (ms) to 618.54443359375 (ms), cudaEventElapsed = 9.005696296691895 (ms)
[RANK2] B @ 619.404296875 (ms) to 629.3212890625 (ms), cudaEventElapsed = 9.897088050842285 (ms)
[RANK2] W @ 629.931640625 (ms) to 636.27294921875 (ms), cudaEventElapsed = 6.323967933654785 (ms)
[RANK2] B @ 672.14013671875 (ms) to 681.93896484375 (ms), cudaEventElapsed = 9.77894401550293 (ms)
[RANK2] W @ 682.562744140625 (ms) to 688.916015625 (ms), cudaEventElapsed = 6.335968017578125 (ms)
[RANK2] B @ 722.642578125 (ms) to 732.404296875 (ms), cudaEventElapsed = 9.743136405944824 (ms)
[RANK2] 10W @ 734.08544921875 (ms) to 798.1171875 (ms), cudaEventElapsed = 64.01254272460938 (ms)
[RANK2] Iteration 3
[RANK2] F @ 61.0009765625 (ms) to 70.05810546875 (ms), cudaEventElapsed = 9.036992073059082 (ms)
[RANK2] F @ 71.445556640625 (ms) to 80.455078125 (ms), cudaEventElapsed = 8.99027156829834 (ms)
[RANK2] F @ 81.741943359375 (ms) to 90.8681640625 (ms), cudaEventElapsed = 9.107199668884277 (ms)
[RANK2] F @ 92.931396484375 (ms) to 101.92578125 (ms), cudaEventElapsed = 8.975775718688965 (ms)
[RANK2] F @ 102.778564453125 (ms) to 111.776611328125 (ms), cudaEventElapsed = 8.97539234161377 (ms)
[RANK2] F @ 113.037109375 (ms) to 122.028564453125 (ms), cudaEventElapsed = 8.97209644317627 (ms)
[RANK2] F @ 123.016845703125 (ms) to 132.03857421875 (ms), cudaEventElapsed = 9.001503944396973 (ms)
[RANK2] F @ 133.15576171875 (ms) to 142.185546875 (ms), cudaEventElapsed = 9.01030445098877 (ms)
[RANK2] F @ 144.125 (ms) to 153.830322265625 (ms), cudaEventElapsed = 9.683744430541992 (ms)
[RANK2] F @ 157.65478515625 (ms) to 170.222412109375 (ms), cudaEventElapsed = 12.54918384552002 (ms)
[RANK2] B @ 171.093505859375 (ms) to 181.22412109375 (ms), cudaEventElapsed = 10.112704277038574 (ms)
[RANK2] F @ 182.16943359375 (ms) to 191.322265625 (ms), cudaEventElapsed = 9.134495735168457 (ms)
[RANK2] B @ 192.2177734375 (ms) to 202.173095703125 (ms), cudaEventElapsed = 9.934592247009277 (ms)
[RANK2] F @ 239.5400390625 (ms) to 248.575439453125 (ms), cudaEventElapsed = 9.016192436218262 (ms)
[RANK2] B @ 249.434814453125 (ms) to 259.404052734375 (ms), cudaEventElapsed = 9.949536323547363 (ms)
[RANK2] W @ 259.9365234375 (ms) to 266.228759765625 (ms), cudaEventElapsed = 6.274112224578857 (ms)
[RANK2] B @ 266.792724609375 (ms) to 276.602294921875 (ms), cudaEventElapsed = 9.790592193603516 (ms)
[RANK2] W @ 277.189697265625 (ms) to 283.5224609375 (ms), cudaEventElapsed = 6.314367771148682 (ms)
[RANK2] W @ 283.751220703125 (ms) to 290.08642578125 (ms), cudaEventElapsed = 6.31763219833374 (ms)
[RANK2] B @ 290.59423828125 (ms) to 300.689208984375 (ms), cudaEventElapsed = 10.075936317443848 (ms)
[RANK2] W @ 301.279296875 (ms) to 307.651611328125 (ms), cudaEventElapsed = 6.353216171264648 (ms)
[RANK2] B @ 308.233642578125 (ms) to 318.55517578125 (ms), cudaEventElapsed = 10.302592277526855 (ms)
[RANK2] W @ 319.134033203125 (ms) to 325.533447265625 (ms), cudaEventElapsed = 6.3803839683532715 (ms)
[RANK2] B @ 326.109375 (ms) to 336.407958984375 (ms), cudaEventElapsed = 10.276448249816895 (ms)
[RANK2] W @ 336.976318359375 (ms) to 343.3994140625 (ms), cudaEventElapsed = 6.404191970825195 (ms)
[RANK2] W @ 343.6220703125 (ms) to 349.988037109375 (ms), cudaEventElapsed = 6.348703861236572 (ms)
[RANK2] B @ 350.48486328125 (ms) to 361.291259765625 (ms), cudaEventElapsed = 10.787424087524414 (ms)
[RANK2] W @ 361.85400390625 (ms) to 368.39453125 (ms), cudaEventElapsed = 6.52185583114624 (ms)
[RANK2] B @ 368.954345703125 (ms) to 379.556884765625 (ms), cudaEventElapsed = 10.583999633789062 (ms)
[RANK2] W @ 380.109619140625 (ms) to 386.614013671875 (ms), cudaEventElapsed = 6.486048221588135 (ms)
[RANK2] B @ 387.185546875 (ms) to 397.86181640625 (ms), cudaEventElapsed = 10.658304214477539 (ms)
[RANK2] W @ 398.9345703125 (ms) to 405.45654296875 (ms), cudaEventElapsed = 6.502816200256348 (ms)
[RANK2] B @ 405.97509765625 (ms) to 416.56103515625 (ms), cudaEventElapsed = 10.567328453063965 (ms)
[RANK2] W @ 417.1396484375 (ms) to 423.60400390625 (ms), cudaEventElapsed = 6.44649600982666 (ms)
[RANK2] B @ 424.12548828125 (ms) to 434.69384765625 (ms), cudaEventElapsed = 10.550335884094238 (ms)
[RANK2] 1W @ 435.365966796875 (ms) to 441.876220703125 (ms), cudaEventElapsed = 6.490752220153809 (ms)
[RANK2] Iteration 4
[RANK2] F @ 83.103271484375 (ms) to 92.15283203125 (ms), cudaEventElapsed = 9.029120445251465 (ms)
[RANK2] F @ 93.901611328125 (ms) to 102.910888671875 (ms), cudaEventElapsed = 8.990015983581543 (ms)
[RANK2] F @ 103.946533203125 (ms) to 113.081787109375 (ms), cudaEventElapsed = 9.116127967834473 (ms)
[RANK2] F @ 114.741455078125 (ms) to 123.717041015625 (ms), cudaEventElapsed = 8.956319808959961 (ms)
[RANK2] F @ 124.903076171875 (ms) to 133.890380859375 (ms), cudaEventElapsed = 8.967007637023926 (ms)
[RANK2] F @ 134.884033203125 (ms) to 143.868896484375 (ms), cudaEventElapsed = 8.965632438659668 (ms)
[RANK2] F @ 144.761962890625 (ms) to 153.758056640625 (ms), cudaEventElapsed = 8.969087600708008 (ms)
[RANK2] F @ 154.8173828125 (ms) to 163.8271484375 (ms), cudaEventElapsed = 8.990240097045898 (ms)
[RANK2] F @ 164.648681640625 (ms) to 173.652587890625 (ms), cudaEventElapsed = 8.984512329101562 (ms)
[RANK2] F @ 176.0888671875 (ms) to 185.10498046875 (ms), cudaEventElapsed = 8.994303703308105 (ms)
[RANK2] F @ 185.93798828125 (ms) to 195.13037109375 (ms), cudaEventElapsed = 9.17187213897705 (ms)
[RANK2] F @ 195.98486328125 (ms) to 205.1220703125 (ms), cudaEventElapsed = 9.117952346801758 (ms)
[RANK2] B @ 205.953369140625 (ms) to 217.697998046875 (ms), cudaEventElapsed = 11.724032402038574 (ms)
[RANK2] W @ 218.311279296875 (ms) to 224.6298828125 (ms), cudaEventElapsed = 6.300992012023926 (ms)
[RANK2] B @ 225.13232421875 (ms) to 234.987060546875 (ms), cudaEventElapsed = 9.836480140686035 (ms)
[RANK2] W @ 235.638671875 (ms) to 242.009765625 (ms), cudaEventElapsed = 6.352735996246338 (ms)
[RANK2] B @ 242.533935546875 (ms) to 252.56005859375 (ms), cudaEventElapsed = 10.006464004516602 (ms)
[RANK2] W @ 253.176513671875 (ms) to 259.569580078125 (ms), cudaEventElapsed = 6.375360012054443 (ms)
[RANK2] B @ 260.069580078125 (ms) to 270.045166015625 (ms), cudaEventElapsed = 9.957023620605469 (ms)
[RANK2] W @ 270.673828125 (ms) to 277.064453125 (ms), cudaEventElapsed = 6.372511863708496 (ms)
[RANK2] B @ 277.58349609375 (ms) to 287.544921875 (ms), cudaEventElapsed = 9.941856384277344 (ms)
[RANK2] W @ 288.194091796875 (ms) to 294.56396484375 (ms), cudaEventElapsed = 6.352320194244385 (ms)
[RANK2] B @ 295.07373046875 (ms) to 305.076171875 (ms), cudaEventElapsed = 9.98310375213623 (ms)
[RANK2] W @ 306.19921875 (ms) to 312.583984375 (ms), cudaEventElapsed = 6.3646721839904785 (ms)
[RANK2] B @ 313.154052734375 (ms) to 323.26904296875 (ms), cudaEventElapsed = 10.09449577331543 (ms)
[RANK2] W @ 323.900634765625 (ms) to 330.302978515625 (ms), cudaEventElapsed = 6.384960174560547 (ms)
[RANK2] B @ 330.821533203125 (ms) to 340.949951171875 (ms), cudaEventElapsed = 10.109375953674316 (ms)
[RANK2] W @ 341.607666015625 (ms) to 348.03759765625 (ms), cudaEventElapsed = 6.411488056182861 (ms)
[RANK2] B @ 348.545654296875 (ms) to 358.955322265625 (ms), cudaEventElapsed = 10.391167640686035 (ms)
[RANK2] W @ 359.60693359375 (ms) to 366.089111328125 (ms), cudaEventElapsed = 6.464032173156738 (ms)
[RANK2] B @ 366.6103515625 (ms) to 376.959228515625 (ms), cudaEventElapsed = 10.328512191772461 (ms)
[RANK2] W @ 377.55029296875 (ms) to 384.053466796875 (ms), cudaEventElapsed = 6.485407829284668 (ms)
[RANK2] B @ 384.580078125 (ms) to 395.032958984375 (ms), cudaEventElapsed = 10.433055877685547 (ms)
[RANK2] W @ 395.6103515625 (ms) to 402.129638671875 (ms), cudaEventElapsed = 6.500895977020264 (ms)
[RANK2] B @ 402.64697265625 (ms) to 413.333984375 (ms), cudaEventElapsed = 10.668479919433594 (ms)
[RANK2] 1W @ 413.986328125 (ms) to 420.529052734375 (ms), cudaEventElapsed = 6.524831771850586 (ms)
[RANK2] Iteration 5
[RANK2] F @ 121.68896484375 (ms) to 130.763671875 (ms), cudaEventElapsed = 9.054143905639648 (ms)
[RANK2] F @ 131.836669921875 (ms) to 140.855224609375 (ms), cudaEventElapsed = 8.99824047088623 (ms)
[RANK2] F @ 141.739990234375 (ms) to 151.02490234375 (ms), cudaEventElapsed = 9.265727996826172 (ms)
[RANK2] F @ 152.043212890625 (ms) to 161.078125 (ms), cudaEventElapsed = 9.015775680541992 (ms)
[RANK2] F @ 161.98681640625 (ms) to 171.074951171875 (ms), cudaEventElapsed = 9.069055557250977 (ms)
[RANK2] F @ 171.9326171875 (ms) to 180.966064453125 (ms), cudaEventElapsed = 9.01251220703125 (ms)
[RANK2] F @ 181.83740234375 (ms) to 190.949951171875 (ms), cudaEventElapsed = 9.093152046203613 (ms)
[RANK2] F @ 191.751953125 (ms) to 200.874267578125 (ms), cudaEventElapsed = 9.102784156799316 (ms)
[RANK2] F @ 201.78515625 (ms) to 210.90478515625 (ms), cudaEventElapsed = 9.10041618347168 (ms)
[RANK2] F @ 211.709716796875 (ms) to 220.828369140625 (ms), cudaEventElapsed = 9.09932804107666 (ms)
[RANK2] B @ 233.16796875 (ms) to 243.2138671875 (ms), cudaEventElapsed = 10.0250244140625 (ms)
[RANK2] F @ 244.13037109375 (ms) to 253.41845703125 (ms), cudaEventElapsed = 9.267744064331055 (ms)
[RANK2] B @ 254.305419921875 (ms) to 264.08837890625 (ms), cudaEventElapsed = 9.762944221496582 (ms)
[RANK2] B @ 265.066162109375 (ms) to 274.853759765625 (ms), cudaEventElapsed = 9.767168045043945 (ms)
[RANK2] F @ 275.767822265625 (ms) to 284.8095703125 (ms), cudaEventElapsed = 9.022144317626953 (ms)
[RANK2] B @ 285.65234375 (ms) to 295.435791015625 (ms), cudaEventElapsed = 9.763903617858887 (ms)
[RANK2] W @ 295.980712890625 (ms) to 302.305908203125 (ms), cudaEventElapsed = 6.307072162628174 (ms)
[RANK2] W @ 302.44580078125 (ms) to 308.76953125 (ms), cudaEventElapsed = 6.3081278800964355 (ms)
[RANK2] B @ 309.366455078125 (ms) to 319.668212890625 (ms), cudaEventElapsed = 10.284064292907715 (ms)
[RANK2] W @ 320.228271484375 (ms) to 326.801513671875 (ms), cudaEventElapsed = 6.554975986480713 (ms)
[RANK2] B @ 327.5361328125 (ms) to 338.081787109375 (ms), cudaEventElapsed = 10.527199745178223 (ms)
[RANK2] W @ 338.681640625 (ms) to 345.195068359375 (ms), cudaEventElapsed = 6.494048118591309 (ms)
[RANK2] B @ 345.8212890625 (ms) to 356.307373046875 (ms), cudaEventElapsed = 10.468255996704102 (ms)
[RANK2] W @ 356.885498046875 (ms) to 363.403564453125 (ms), cudaEventElapsed = 6.5 (ms)
[RANK2] W @ 363.54296875 (ms) to 370.00634765625 (ms), cudaEventElapsed = 6.447807788848877 (ms)
[RANK2] B @ 370.573974609375 (ms) to 381.072265625 (ms), cudaEventElapsed = 10.481535911560059 (ms)
[RANK2] W @ 381.65087890625 (ms) to 388.243408203125 (ms), cudaEventElapsed = 6.573887825012207 (ms)
[RANK2] B @ 388.82763671875 (ms) to 399.549072265625 (ms), cudaEventElapsed = 10.703007698059082 (ms)
[RANK2] W @ 400.60205078125 (ms) to 407.215576171875 (ms), cudaEventElapsed = 6.594016075134277 (ms)
[RANK2] B @ 407.785888671875 (ms) to 418.389404296875 (ms), cudaEventElapsed = 10.58454418182373 (ms)
[RANK2] W @ 418.955810546875 (ms) to 425.474853515625 (ms), cudaEventElapsed = 6.5010881423950195 (ms)
[RANK2] W @ 425.6162109375 (ms) to 432.110595703125 (ms), cudaEventElapsed = 6.4791998863220215 (ms)
[RANK2] B @ 432.610595703125 (ms) to 443.09375 (ms), cudaEventElapsed = 10.465632438659668 (ms)
[RANK2] W @ 443.663330078125 (ms) to 450.17919921875 (ms), cudaEventElapsed = 6.498464107513428 (ms)
[RANK2] B @ 450.697998046875 (ms) to 461.216796875 (ms), cudaEventElapsed = 10.50108814239502 (ms)
[RANK2] 1W @ 461.860107421875 (ms) to 468.443115234375 (ms), cudaEventElapsed = 6.565152168273926 (ms)
[RANK2] Iteration 6
[RANK2] F @ 100.747802734375 (ms) to 109.8076171875 (ms), cudaEventElapsed = 9.040800094604492 (ms)
[RANK2] F @ 111.30419921875 (ms) to 120.303955078125 (ms), cudaEventElapsed = 8.980607986450195 (ms)
[RANK2] F @ 121.19140625 (ms) to 130.42626953125 (ms), cudaEventElapsed = 9.215776443481445 (ms)
[RANK2] F @ 131.4970703125 (ms) to 140.512451171875 (ms), cudaEventElapsed = 8.996416091918945 (ms)
[RANK2] F @ 141.41943359375 (ms) to 150.442626953125 (ms), cudaEventElapsed = 9.004128456115723 (ms)
[RANK2] F @ 151.3701171875 (ms) to 160.398681640625 (ms), cudaEventElapsed = 9.009023666381836 (ms)
[RANK2] F @ 161.28076171875 (ms) to 170.31201171875 (ms), cudaEventElapsed = 9.012415885925293 (ms)
[RANK2] F @ 171.421630859375 (ms) to 180.502197265625 (ms), cudaEventElapsed = 9.06009578704834 (ms)
[RANK2] B @ 221.435546875 (ms) to 231.37744140625 (ms), cudaEventElapsed = 9.921664237976074 (ms)
[RANK2] F @ 232.5048828125 (ms) to 241.794189453125 (ms), cudaEventElapsed = 9.02297592163086 (ms)
[RANK2] B @ 242.6865234375 (ms) to 252.53466796875 (ms), cudaEventElapsed = 9.82265567779541 (ms)
[RANK2] B @ 259.983154296875 (ms) to 269.720458984375 (ms), cudaEventElapsed = 9.717280387878418 (ms)
[RANK2] F @ 270.69189453125 (ms) to 279.73095703125 (ms), cudaEventElapsed = 9.013919830322266 (ms)
[RANK2] B @ 280.558837890625 (ms) to 290.320068359375 (ms), cudaEventElapsed = 9.741439819335938 (ms)
[RANK2] F @ 291.27392578125 (ms) to 300.27197265625 (ms), cudaEventElapsed = 8.978431701660156 (ms)
[RANK2] B @ 301.072265625 (ms) to 310.84521484375 (ms), cudaEventElapsed = 9.753664016723633 (ms)
[RANK2] F @ 311.80712890625 (ms) to 320.933349609375 (ms), cudaEventElapsed = 9.106335639953613 (ms)
[RANK2] B @ 321.91259765625 (ms) to 331.767578125 (ms), cudaEventElapsed = 9.834367752075195 (ms)
[RANK2] W @ 332.39697265625 (ms) to 338.73681640625 (ms), cudaEventElapsed = 6.32044792175293 (ms)
[RANK2] B @ 339.24560546875 (ms) to 349.05419921875 (ms), cudaEventElapsed = 9.790207862854004 (ms)
[RANK2] W @ 349.715576171875 (ms) to 356.1103515625 (ms), cudaEventElapsed = 6.376160144805908 (ms)
[RANK2] W @ 356.27197265625 (ms) to 362.63671875 (ms), cudaEventElapsed = 6.347296237945557 (ms)
[RANK2] B @ 363.32763671875 (ms) to 373.56494140625 (ms), cudaEventElapsed = 10.218655586242676 (ms)
[RANK2] W @ 374.2373046875 (ms) to 380.72119140625 (ms), cudaEventElapsed = 6.465280055999756 (ms)
[RANK2] B @ 381.243896484375 (ms) to 391.581298828125 (ms), cudaEventElapsed = 10.318464279174805 (ms)
[RANK2] W @ 392.2509765625 (ms) to 398.73779296875 (ms), cudaEventElapsed = 6.467711925506592 (ms)
[RANK2] B @ 399.254150390625 (ms) to 409.5302734375 (ms), cudaEventElapsed = 10.257087707519531 (ms)
[RANK2] W @ 410.79638671875 (ms) to 417.251708984375 (ms), cudaEventElapsed = 6.434112071990967 (ms)
[RANK2] W @ 417.412109375 (ms) to 423.81640625 (ms), cudaEventElapsed = 6.387616157531738 (ms)
[RANK2] B @ 424.359130859375 (ms) to 434.7216796875 (ms), cudaEventElapsed = 10.344160079956055 (ms)
[RANK2] W @ 435.32763671875 (ms) to 441.912109375 (ms), cudaEventElapsed = 6.56601619720459 (ms)
[RANK2] B @ 442.4580078125 (ms) to 453.081298828125 (ms), cudaEventElapsed = 10.604991912841797 (ms)
[RANK2] 4W @ 453.96142578125 (ms) to 480.02734375 (ms), cudaEventElapsed = 26.047456741333008 (ms)
[RANK2] Iteration 7
[RANK2] F @ 72.16357421875 (ms) to 81.213623046875 (ms), cudaEventElapsed = 9.030752182006836 (ms)
[RANK2] F @ 82.1083984375 (ms) to 91.104736328125 (ms), cudaEventElapsed = 8.975456237792969 (ms)
[RANK2] F @ 91.99072265625 (ms) to 101.166259765625 (ms), cudaEventElapsed = 9.156671524047852 (ms)
[RANK2] F @ 102.165771484375 (ms) to 111.173583984375 (ms), cudaEventElapsed = 8.988863945007324 (ms)
[RANK2] F @ 112.132568359375 (ms) to 121.115234375 (ms), cudaEventElapsed = 8.964256286621094 (ms)
[RANK2] F @ 122.022705078125 (ms) to 131.01123046875 (ms), cudaEventElapsed = 8.969568252563477 (ms)
[RANK2] F @ 131.897216796875 (ms) to 140.9013671875 (ms), cudaEventElapsed = 8.984671592712402 (ms)
[RANK2] F @ 141.947998046875 (ms) to 150.951171875 (ms), cudaEventElapsed = 8.98316764831543 (ms)
[RANK2] F @ 151.843994140625 (ms) to 160.84521484375 (ms), cudaEventElapsed = 8.980928421020508 (ms)
[RANK2] F @ 161.970947265625 (ms) to 171.03466796875 (ms), cudaEventElapsed = 9.043456077575684 (ms)
[RANK2] F @ 172.03466796875 (ms) to 181.11572265625 (ms), cudaEventElapsed = 9.060799598693848 (ms)
[RANK2] F @ 181.99169921875 (ms) to 191.11083984375 (ms), cudaEventElapsed = 9.099776268005371 (ms)
[RANK2] B @ 191.93505859375 (ms) to 202.017578125 (ms), cudaEventElapsed = 10.060576438903809 (ms)
[RANK2] W @ 202.6162109375 (ms) to 208.945556640625 (ms), cudaEventElapsed = 6.311967849731445 (ms)
[RANK2] B @ 209.45849609375 (ms) to 219.397705078125 (ms), cudaEventElapsed = 9.914752006530762 (ms)
[RANK2] W @ 220.01171875 (ms) to 226.367431640625 (ms), cudaEventElapsed = 6.336991786956787 (ms)
[RANK2] B @ 226.897216796875 (ms) to 236.76708984375 (ms), cudaEventElapsed = 9.850784301757812 (ms)
[RANK2] W @ 237.35791015625 (ms) to 243.738525390625 (ms), cudaEventElapsed = 6.362847805023193 (ms)
[RANK2] B @ 244.44873046875 (ms) to 254.39306640625 (ms), cudaEventElapsed = 9.92512035369873 (ms)
[RANK2] W @ 255.0498046875 (ms) to 261.412353515625 (ms), cudaEventElapsed = 6.344064235687256 (ms)
[RANK2] B @ 263.546142578125 (ms) to 273.5087890625 (ms), cudaEventElapsed = 9.943167686462402 (ms)
[RANK2] W @ 274.10986328125 (ms) to 280.56298828125 (ms), cudaEventElapsed = 6.434239864349365 (ms)
[RANK2] B @ 281.319091796875 (ms) to 291.6865234375 (ms), cudaEventElapsed = 10.34870433807373 (ms)
[RANK2] W @ 292.769287109375 (ms) to 299.250732421875 (ms), cudaEventElapsed = 6.46127986907959 (ms)
[RANK2] B @ 299.883544921875 (ms) to 310.210693359375 (ms), cudaEventElapsed = 10.308095932006836 (ms)
[RANK2] W @ 310.787841796875 (ms) to 317.271728515625 (ms), cudaEventElapsed = 6.463168144226074 (ms)
[RANK2] B @ 317.89501953125 (ms) to 328.299560546875 (ms), cudaEventElapsed = 10.385855674743652 (ms)
[RANK2] W @ 328.87939453125 (ms) to 335.345947265625 (ms), cudaEventElapsed = 6.448448181152344 (ms)
[RANK2] B @ 335.952392578125 (ms) to 346.287109375 (ms), cudaEventElapsed = 10.316384315490723 (ms)
[RANK2] W @ 346.857177734375 (ms) to 353.34423828125 (ms), cudaEventElapsed = 6.4687042236328125 (ms)
[RANK2] B @ 353.927978515625 (ms) to 364.259765625 (ms), cudaEventElapsed = 10.313440322875977 (ms)
[RANK2] W @ 364.822021484375 (ms) to 371.27392578125 (ms), cudaEventElapsed = 6.433152198791504 (ms)
[RANK2] B @ 371.7880859375 (ms) to 382.04248046875 (ms), cudaEventElapsed = 10.235424041748047 (ms)
[RANK2] W @ 382.59619140625 (ms) to 389.032470703125 (ms), cudaEventElapsed = 6.419040203094482 (ms)
[RANK2] B @ 389.54931640625 (ms) to 399.728515625 (ms), cudaEventElapsed = 10.16044807434082 (ms)
[RANK2] 1W @ 400.40234375 (ms) to 406.9140625 (ms), cudaEventElapsed = 6.493055820465088 (ms)
[RANK2] Iteration 8
[RANK2] F @ 74.287841796875 (ms) to 83.7265625 (ms), cudaEventElapsed = 9.413472175598145 (ms)
[RANK2] F @ 84.858642578125 (ms) to 94.08544921875 (ms), cudaEventElapsed = 9.203392028808594 (ms)
[RANK2] F @ 95.17626953125 (ms) to 104.76513671875 (ms), cudaEventElapsed = 9.565407752990723 (ms)
[RANK2] F @ 106.048095703125 (ms) to 115.25732421875 (ms), cudaEventElapsed = 9.183808326721191 (ms)
[RANK2] F @ 116.374267578125 (ms) to 125.57958984375 (ms), cudaEventElapsed = 9.180352210998535 (ms)
[RANK2] F @ 126.802734375 (ms) to 136.005126953125 (ms), cudaEventElapsed = 9.177632331848145 (ms)
[RANK2] F @ 137.134521484375 (ms) to 146.25244140625 (ms), cudaEventElapsed = 9.093376159667969 (ms)
[RANK2] F @ 147.652587890625 (ms) to 156.90283203125 (ms), cudaEventElapsed = 9.225343704223633 (ms)
[RANK2] F @ 157.897705078125 (ms) to 167.151123046875 (ms), cudaEventElapsed = 9.220447540283203 (ms)
[RANK2] B @ 199.47265625 (ms) to 209.4658203125 (ms), cudaEventElapsed = 9.969504356384277 (ms)
[RANK2] F @ 210.45166015625 (ms) to 219.75927734375 (ms), cudaEventElapsed = 9.283103942871094 (ms)
[RANK2] B @ 221.04638671875 (ms) to 230.960205078125 (ms), cudaEventElapsed = 9.891072273254395 (ms)
[RANK2] F @ 231.887939453125 (ms) to 241.060302734375 (ms), cudaEventElapsed = 9.150208473205566 (ms)
[RANK2] B @ 242.334716796875 (ms) to 252.148681640625 (ms), cudaEventElapsed = 9.790816307067871 (ms)
[RANK2] F @ 253.07666015625 (ms) to 262.2568359375 (ms), cudaEventElapsed = 9.15766429901123 (ms)
[RANK2] B @ 263.53125 (ms) to 273.3466796875 (ms), cudaEventElapsed = 9.79263973236084 (ms)
[RANK2] W @ 273.952880859375 (ms) to 280.283935546875 (ms), cudaEventElapsed = 6.309855937957764 (ms)
[RANK2] B @ 280.99072265625 (ms) to 290.8076171875 (ms), cudaEventElapsed = 9.787520408630371 (ms)
[RANK2] W @ 291.50048828125 (ms) to 297.876953125 (ms), cudaEventElapsed = 6.356448173522949 (ms)
[RANK2] B @ 298.761962890625 (ms) to 308.818359375 (ms), cudaEventElapsed = 10.034560203552246 (ms)
[RANK2] W @ 309.3974609375 (ms) to 315.789794921875 (ms), cudaEventElapsed = 6.372735977172852 (ms)
[RANK2] B @ 316.331298828125 (ms) to 326.3876953125 (ms), cudaEventElapsed = 10.03769588470459 (ms)
[RANK2] W @ 327.08154296875 (ms) to 333.487548828125 (ms), cudaEventElapsed = 6.3887038230896 (ms)
[RANK2] W @ 333.628173828125 (ms) to 339.96435546875 (ms), cudaEventElapsed = 6.315807819366455 (ms)
[RANK2] B @ 340.8115234375 (ms) to 350.968994140625 (ms), cudaEventElapsed = 10.134495735168457 (ms)
[RANK2] W @ 351.6591796875 (ms) to 358.098876953125 (ms), cudaEventElapsed = 6.418176174163818 (ms)
[RANK2] B @ 358.84326171875 (ms) to 369.25048828125 (ms), cudaEventElapsed = 10.385760307312012 (ms)
[RANK2] W @ 370.52783203125 (ms) to 377.036865234375 (ms), cudaEventElapsed = 6.484127998352051 (ms)
[RANK2] B @ 377.651611328125 (ms) to 388.007080078125 (ms), cudaEventElapsed = 10.335359573364258 (ms)
[RANK2] W @ 388.739013671875 (ms) to 395.193603515625 (ms), cudaEventElapsed = 6.434175968170166 (ms)
[RANK2] W @ 395.343994140625 (ms) to 401.755615234375 (ms), cudaEventElapsed = 6.394464015960693 (ms)
[RANK2] B @ 402.256103515625 (ms) to 412.52685546875 (ms), cudaEventElapsed = 10.253727912902832 (ms)
[RANK2] W @ 413.099365234375 (ms) to 419.62109375 (ms), cudaEventElapsed = 6.50489616394043 (ms)
[RANK2] B @ 420.127197265625 (ms) to 430.678955078125 (ms), cudaEventElapsed = 10.534175872802734 (ms)
[RANK2] 2W @ 431.423828125 (ms) to 444.47265625 (ms), cudaEventElapsed = 13.030816078186035 (ms)
