[RANK2] Iteration 1
[RANK2] F @ 2175.415283203125 (ms) to 2184.846435546875 (ms), cudaEventElapsed = 9.371423721313477 (ms)
[RANK2] F @ 3268.26318359375 (ms) to 3277.741943359375 (ms), cudaEventElapsed = 9.407039642333984 (ms)
[RANK2] F @ 3278.40673828125 (ms) to 3287.41748046875 (ms), cudaEventElapsed = 8.978336334228516 (ms)
[RANK2] B @ 3493.276123046875 (ms) to 3503.156005859375 (ms), cudaEventElapsed = 9.825695991516113 (ms)
[RANK2] F @ 3651.377197265625 (ms) to 3676.088623046875 (ms), cudaEventElapsed = 24.670751571655273 (ms)
[RANK2] B @ 3676.328125 (ms) to 3687.98193359375 (ms), cudaEventElapsed = 11.629535675048828 (ms)
[RANK2] F @ 3804.208984375 (ms) to 3981.340087890625 (ms), cudaEventElapsed = 177.0832977294922 (ms)
[RANK2] B @ 3981.65673828125 (ms) to 3993.449951171875 (ms), cudaEventElapsed = 11.76591968536377 (ms)
[RANK2] F @ 3993.993896484375 (ms) to 4173.62451171875 (ms), cudaEventElapsed = 179.60748291015625 (ms)
[RANK2] B @ 4173.93505859375 (ms) to 4189.149658203125 (ms), cudaEventElapsed = 15.188159942626953 (ms)
[RANK2] F @ 4189.74853515625 (ms) to 4332.394287109375 (ms), cudaEventElapsed = 142.6149444580078 (ms)
[RANK2] B @ 4332.6650390625 (ms) to 4350.459228515625 (ms), cudaEventElapsed = 17.766176223754883 (ms)
[RANK2] F @ 4350.765625 (ms) to 4510.4931640625 (ms), cudaEventElapsed = 159.69692993164062 (ms)
[RANK2] B @ 4510.813720703125 (ms) to 4537.55224609375 (ms), cudaEventElapsed = 26.710304260253906 (ms)
[RANK2] W @ 4537.764404296875 (ms) to 4543.985107421875 (ms), cudaEventElapsed = 6.191648006439209 (ms)
[RANK2] F @ 4544.087158203125 (ms) to 4552.984619140625 (ms), cudaEventElapsed = 8.87769603729248 (ms)
[RANK2] B @ 4553.464599609375 (ms) to 4563.106201171875 (ms), cudaEventElapsed = 9.614239692687988 (ms)
[RANK2] B @ 4563.66015625 (ms) to 4573.331787109375 (ms), cudaEventElapsed = 9.643487930297852 (ms)
[RANK2] W @ 4573.40625 (ms) to 4579.61328125 (ms), cudaEventElapsed = 6.1885762214660645 (ms)
[RANK2] F @ 4579.749755859375 (ms) to 4589.442626953125 (ms), cudaEventElapsed = 9.672287940979004 (ms)
[RANK2] B @ 4589.63671875 (ms) to 4598.994873046875 (ms), cudaEventElapsed = 9.329248428344727 (ms)
[RANK2] W @ 4599.18359375 (ms) to 4605.662841796875 (ms), cudaEventElapsed = 6.138495922088623 (ms)
[RANK2] F @ 4605.81982421875 (ms) to 4614.7138671875 (ms), cudaEventElapsed = 8.871456146240234 (ms)
[RANK2] B @ 4614.9052734375 (ms) to 4624.25341796875 (ms), cudaEventElapsed = 9.32044792175293 (ms)
[RANK2] W @ 4624.4365234375 (ms) to 4630.97802734375 (ms), cudaEventElapsed = 6.206463813781738 (ms)
[RANK2] F @ 4631.141845703125 (ms) to 4640.096435546875 (ms), cudaEventElapsed = 8.93238353729248 (ms)
[RANK2] B @ 4640.29248046875 (ms) to 4649.720947265625 (ms), cudaEventElapsed = 9.401472091674805 (ms)
[RANK2] W @ 4649.846923828125 (ms) to 4656.076904296875 (ms), cudaEventElapsed = 6.202911853790283 (ms)
[RANK2] W @ 4656.158203125 (ms) to 4662.399169921875 (ms), cudaEventElapsed = 6.2221760749816895 (ms)
[RANK2] B @ 4662.4931640625 (ms) to 4672.08935546875 (ms), cudaEventElapsed = 9.57744026184082 (ms)
[RANK2] 6W @ 4672.224365234375 (ms) to 4709.204833984375 (ms), cudaEventElapsed = 36.95270538330078 (ms)
[RANK2] Iteration 2
[RANK2] F @ 17.555908203125 (ms) to 27.223876953125 (ms), cudaEventElapsed = 9.59830379486084 (ms)
[RANK2] F @ 27.47900390625 (ms) to 36.377685546875 (ms), cudaEventElapsed = 8.870623588562012 (ms)
[RANK2] F @ 37.0419921875 (ms) to 46.040283203125 (ms), cudaEventElapsed = 8.969087600708008 (ms)
[RANK2] B @ 48.88671875 (ms) to 59.3564453125 (ms), cudaEventElapsed = 10.439935684204102 (ms)
[RANK2] F @ 59.691650390625 (ms) to 68.73583984375 (ms), cudaEventElapsed = 9.014304161071777 (ms)
[RANK2] B @ 68.958984375 (ms) to 78.3798828125 (ms), cudaEventElapsed = 9.392704010009766 (ms)
[RANK2] F @ 78.96240234375 (ms) to 87.99853515625 (ms), cudaEventElapsed = 9.005472183227539 (ms)
[RANK2] B @ 88.22900390625 (ms) to 98.501708984375 (ms), cudaEventElapsed = 10.243295669555664 (ms)
[RANK2] F @ 99.121826171875 (ms) to 108.0927734375 (ms), cudaEventElapsed = 8.939840316772461 (ms)
[RANK2] B @ 108.31689453125 (ms) to 117.96435546875 (ms), cudaEventElapsed = 9.619039535522461 (ms)
[RANK2] F @ 118.56640625 (ms) to 127.55029296875 (ms), cudaEventElapsed = 8.952896118164062 (ms)
[RANK2] B @ 127.77197265625 (ms) to 137.20556640625 (ms), cudaEventElapsed = 9.405407905578613 (ms)
[RANK2] F @ 137.520263671875 (ms) to 146.529052734375 (ms), cudaEventElapsed = 8.978079795837402 (ms)
[RANK2] B @ 146.786376953125 (ms) to 156.455322265625 (ms), cudaEventElapsed = 9.64038372039795 (ms)
[RANK2] W @ 156.685302734375 (ms) to 163.01806640625 (ms), cudaEventElapsed = 6.30511999130249 (ms)
[RANK2] F @ 163.135009765625 (ms) to 172.083251953125 (ms), cudaEventElapsed = 8.92796802520752 (ms)
[RANK2] B @ 172.60546875 (ms) to 182.99853515625 (ms), cudaEventElapsed = 10.364928245544434 (ms)
[RANK2] B @ 183.599609375 (ms) to 193.179931640625 (ms), cudaEventElapsed = 9.548895835876465 (ms)
[RANK2] W @ 193.35595703125 (ms) to 199.602294921875 (ms), cudaEventElapsed = 6.218751907348633 (ms)
[RANK2] F @ 199.7861328125 (ms) to 208.75146484375 (ms), cudaEventElapsed = 8.942527770996094 (ms)
[RANK2] B @ 208.96826171875 (ms) to 218.44775390625 (ms), cudaEventElapsed = 9.45088005065918 (ms)
[RANK2] W @ 218.668212890625 (ms) to 225.212158203125 (ms), cudaEventElapsed = 6.206208229064941 (ms)
[RANK2] F @ 225.3828125 (ms) to 234.319091796875 (ms), cudaEventElapsed = 8.91312026977539 (ms)
[RANK2] B @ 234.54296875 (ms) to 243.955810546875 (ms), cudaEventElapsed = 9.385024070739746 (ms)
[RANK2] W @ 244.173095703125 (ms) to 250.700439453125 (ms), cudaEventElapsed = 6.182112216949463 (ms)
[RANK2] F @ 250.872314453125 (ms) to 259.819091796875 (ms), cudaEventElapsed = 8.925215721130371 (ms)
[RANK2] B @ 260.03857421875 (ms) to 269.470947265625 (ms), cudaEventElapsed = 9.405920028686523 (ms)
[RANK2] W @ 269.64111328125 (ms) to 275.892822265625 (ms), cudaEventElapsed = 6.223167896270752 (ms)
[RANK2] W @ 275.9951171875 (ms) to 282.236083984375 (ms), cudaEventElapsed = 6.2224321365356445 (ms)
[RANK2] B @ 282.3408203125 (ms) to 291.799560546875 (ms), cudaEventElapsed = 9.439647674560547 (ms)
[RANK2] 6W @ 291.97509765625 (ms) to 329.060302734375 (ms), cudaEventElapsed = 37.05859375 (ms)
[RANK2] Iteration 3
[RANK2] F @ 17.76513671875 (ms) to 27.839599609375 (ms), cudaEventElapsed = 10.0283203125 (ms)
[RANK2] F @ 28.10986328125 (ms) to 37.02734375 (ms), cudaEventElapsed = 8.885184288024902 (ms)
[RANK2] F @ 37.6962890625 (ms) to 46.705078125 (ms), cudaEventElapsed = 8.981247901916504 (ms)
[RANK2] B @ 49.5908203125 (ms) to 59.93310546875 (ms), cudaEventElapsed = 10.31167984008789 (ms)
[RANK2] F @ 60.2958984375 (ms) to 69.350830078125 (ms), cudaEventElapsed = 9.021535873413086 (ms)
[RANK2] B @ 69.606689453125 (ms) to 79.058349609375 (ms), cudaEventElapsed = 9.418623924255371 (ms)
[RANK2] F @ 79.671630859375 (ms) to 88.7080078125 (ms), cudaEventElapsed = 9.006112098693848 (ms)
[RANK2] B @ 88.918701171875 (ms) to 98.297119140625 (ms), cudaEventElapsed = 9.349472045898438 (ms)
[RANK2] F @ 98.939208984375 (ms) to 108.0068359375 (ms), cudaEventElapsed = 9.033568382263184 (ms)
[RANK2] B @ 108.256591796875 (ms) to 117.67919921875 (ms), cudaEventElapsed = 9.393440246582031 (ms)
[RANK2] F @ 118.3115234375 (ms) to 127.36962890625 (ms), cudaEventElapsed = 9.026432037353516 (ms)
[RANK2] B @ 127.588623046875 (ms) to 136.975830078125 (ms), cudaEventElapsed = 9.359423637390137 (ms)
[RANK2] F @ 137.27490234375 (ms) to 146.251953125 (ms), cudaEventElapsed = 8.94700813293457 (ms)
[RANK2] B @ 146.544921875 (ms) to 156.03076171875 (ms), cudaEventElapsed = 9.452735900878906 (ms)
[RANK2] W @ 156.293212890625 (ms) to 162.655029296875 (ms), cudaEventElapsed = 6.33081579208374 (ms)
[RANK2] F @ 162.76904296875 (ms) to 171.69140625 (ms), cudaEventElapsed = 8.902112007141113 (ms)
[RANK2] B @ 172.20947265625 (ms) to 182.895751953125 (ms), cudaEventElapsed = 10.657567977905273 (ms)
[RANK2] B @ 183.485595703125 (ms) to 193.320556640625 (ms), cudaEventElapsed = 9.80412769317627 (ms)
[RANK2] W @ 193.647216796875 (ms) to 199.88916015625 (ms), cudaEventElapsed = 6.211071968078613 (ms)
[RANK2] F @ 200.08251953125 (ms) to 209.0322265625 (ms), cudaEventElapsed = 8.927328109741211 (ms)
[RANK2] B @ 209.2490234375 (ms) to 218.930419921875 (ms), cudaEventElapsed = 9.652640342712402 (ms)
[RANK2] W @ 219.149658203125 (ms) to 225.659912109375 (ms), cudaEventElapsed = 6.191232204437256 (ms)
[RANK2] F @ 225.831298828125 (ms) to 234.794189453125 (ms), cudaEventElapsed = 8.93990421295166 (ms)
[RANK2] B @ 235.007080078125 (ms) to 244.5859375 (ms), cudaEventElapsed = 9.551136016845703 (ms)
[RANK2] W @ 244.8037109375 (ms) to 251.411376953125 (ms), cudaEventElapsed = 6.266655921936035 (ms)
[RANK2] F @ 251.584716796875 (ms) to 260.60595703125 (ms), cudaEventElapsed = 8.998944282531738 (ms)
[RANK2] B @ 260.81884765625 (ms) to 270.326171875 (ms), cudaEventElapsed = 9.479264259338379 (ms)
[RANK2] W @ 270.49365234375 (ms) to 276.75146484375 (ms), cudaEventElapsed = 6.22979211807251 (ms)
[RANK2] W @ 276.8466796875 (ms) to 283.097412109375 (ms), cudaEventElapsed = 6.232128143310547 (ms)
[RANK2] B @ 283.200439453125 (ms) to 292.694580078125 (ms), cudaEventElapsed = 9.47481632232666 (ms)
[RANK2] 6W @ 292.869873046875 (ms) to 329.8662109375 (ms), cudaEventElapsed = 36.9692497253418 (ms)
[RANK2] Iteration 4
[RANK2] F @ 16.6337890625 (ms) to 26.15087890625 (ms), cudaEventElapsed = 9.48300838470459 (ms)
[RANK2] F @ 26.39013671875 (ms) to 35.3095703125 (ms), cudaEventElapsed = 8.892160415649414 (ms)
[RANK2] F @ 35.9677734375 (ms) to 44.9541015625 (ms), cudaEventElapsed = 8.957632064819336 (ms)
[RANK2] B @ 47.450439453125 (ms) to 58.065185546875 (ms), cudaEventElapsed = 10.586976051330566 (ms)
[RANK2] F @ 58.3837890625 (ms) to 67.389404296875 (ms), cudaEventElapsed = 8.9749116897583 (ms)
[RANK2] B @ 67.643310546875 (ms) to 77.608642578125 (ms), cudaEventElapsed = 9.934016227722168 (ms)
[RANK2] F @ 78.231201171875 (ms) to 87.304931640625 (ms), cudaEventElapsed = 9.037247657775879 (ms)
[RANK2] B @ 87.55810546875 (ms) to 97.404052734375 (ms), cudaEventElapsed = 9.815008163452148 (ms)
[RANK2] F @ 98.03369140625 (ms) to 107.06494140625 (ms), cudaEventElapsed = 8.998623847961426 (ms)
[RANK2] B @ 107.2861328125 (ms) to 117.2041015625 (ms), cudaEventElapsed = 9.889727592468262 (ms)
[RANK2] F @ 117.8095703125 (ms) to 126.8310546875 (ms), cudaEventElapsed = 8.991231918334961 (ms)
[RANK2] B @ 127.05419921875 (ms) to 136.845947265625 (ms), cudaEventElapsed = 9.76483154296875 (ms)
[RANK2] F @ 137.166259765625 (ms) to 146.274658203125 (ms), cudaEventElapsed = 9.077887535095215 (ms)
[RANK2] B @ 146.5322265625 (ms) to 156.657958984375 (ms), cudaEventElapsed = 10.097344398498535 (ms)
[RANK2] W @ 156.89013671875 (ms) to 163.306884765625 (ms), cudaEventElapsed = 6.387743949890137 (ms)
[RANK2] F @ 163.424560546875 (ms) to 172.419189453125 (ms), cudaEventElapsed = 8.973024368286133 (ms)
[RANK2] B @ 173.0224609375 (ms) to 183.796875 (ms), cudaEventElapsed = 10.745408058166504 (ms)
[RANK2] B @ 184.392333984375 (ms) to 194.54150390625 (ms), cudaEventElapsed = 10.120479583740234 (ms)
[RANK2] W @ 194.645751953125 (ms) to 200.954833984375 (ms), cudaEventElapsed = 6.289408206939697 (ms)
[RANK2] F @ 201.1064453125 (ms) to 210.23291015625 (ms), cudaEventElapsed = 9.106464385986328 (ms)
[RANK2] B @ 210.447998046875 (ms) to 220.368896484375 (ms), cudaEventElapsed = 9.892928123474121 (ms)
[RANK2] W @ 220.578369140625 (ms) to 227.289306640625 (ms), cudaEventElapsed = 6.365983963012695 (ms)
[RANK2] F @ 227.462890625 (ms) to 236.623779296875 (ms), cudaEventElapsed = 9.138336181640625 (ms)
[RANK2] B @ 236.83642578125 (ms) to 246.951904296875 (ms), cudaEventElapsed = 10.088319778442383 (ms)
[RANK2] W @ 247.171875 (ms) to 253.89794921875 (ms), cudaEventElapsed = 6.418047904968262 (ms)
[RANK2] F @ 254.07275390625 (ms) to 263.336181640625 (ms), cudaEventElapsed = 9.242176055908203 (ms)
[RANK2] B @ 263.551025390625 (ms) to 273.56884765625 (ms), cudaEventElapsed = 9.98857593536377 (ms)
[RANK2] W @ 273.739990234375 (ms) to 280.10595703125 (ms), cudaEventElapsed = 6.337503910064697 (ms)
[RANK2] W @ 280.20947265625 (ms) to 286.6748046875 (ms), cudaEventElapsed = 6.446112155914307 (ms)
[RANK2] B @ 286.779296875 (ms) to 297.23681640625 (ms), cudaEventElapsed = 10.438207626342773 (ms)
[RANK2] 6W @ 297.41015625 (ms) to 335.876953125 (ms), cudaEventElapsed = 38.438209533691406 (ms)
[RANK2] Iteration 5
[RANK2] F @ 16.85986328125 (ms) to 27.61181640625 (ms), cudaEventElapsed = 10.716416358947754 (ms)
[RANK2] F @ 27.849853515625 (ms) to 36.8740234375 (ms), cudaEventElapsed = 8.996800422668457 (ms)
[RANK2] F @ 37.53857421875 (ms) to 46.58056640625 (ms), cudaEventElapsed = 9.014304161071777 (ms)
[RANK2] B @ 49.15234375 (ms) to 59.835205078125 (ms), cudaEventElapsed = 10.653535842895508 (ms)
[RANK2] F @ 60.16650390625 (ms) to 69.2294921875 (ms), cudaEventElapsed = 9.0315523147583 (ms)
[RANK2] B @ 69.450927734375 (ms) to 79.225341796875 (ms), cudaEventElapsed = 9.747679710388184 (ms)
[RANK2] F @ 79.822998046875 (ms) to 88.892333984375 (ms), cudaEventElapsed = 9.040191650390625 (ms)
[RANK2] B @ 89.114990234375 (ms) to 98.915283203125 (ms), cudaEventElapsed = 9.771871566772461 (ms)
[RANK2] F @ 99.52392578125 (ms) to 108.627685546875 (ms), cudaEventElapsed = 9.072832107543945 (ms)
[RANK2] B @ 108.849609375 (ms) to 118.818603515625 (ms), cudaEventElapsed = 9.94099235534668 (ms)
[RANK2] F @ 119.4375 (ms) to 128.7939453125 (ms), cudaEventElapsed = 9.325247764587402 (ms)
[RANK2] B @ 129.015625 (ms) to 139.01953125 (ms), cudaEventElapsed = 9.976127624511719 (ms)
[RANK2] F @ 139.338134765625 (ms) to 148.677001953125 (ms), cudaEventElapsed = 9.309247970581055 (ms)
[RANK2] B @ 148.933349609375 (ms) to 159.34521484375 (ms), cudaEventElapsed = 10.382911682128906 (ms)
[RANK2] W @ 159.5751953125 (ms) to 166.07861328125 (ms), cudaEventElapsed = 6.4740800857543945 (ms)
[RANK2] F @ 166.19140625 (ms) to 175.432861328125 (ms), cudaEventElapsed = 9.22156810760498 (ms)
[RANK2] B @ 175.936279296875 (ms) to 186.85595703125 (ms), cudaEventElapsed = 10.891679763793945 (ms)
[RANK2] B @ 187.4794921875 (ms) to 197.906005859375 (ms), cudaEventElapsed = 10.395615577697754 (ms)
[RANK2] W @ 198.09521484375 (ms) to 204.44384765625 (ms), cudaEventElapsed = 6.31935977935791 (ms)
[RANK2] F @ 204.627685546875 (ms) to 213.788330078125 (ms), cudaEventElapsed = 9.138912200927734 (ms)
[RANK2] B @ 214.00341796875 (ms) to 223.96240234375 (ms), cudaEventElapsed = 9.930624008178711 (ms)
[RANK2] W @ 224.18310546875 (ms) to 230.92724609375 (ms), cudaEventElapsed = 6.422656059265137 (ms)
[RANK2] F @ 231.102294921875 (ms) to 240.69677734375 (ms), cudaEventElapsed = 9.571040153503418 (ms)
[RANK2] B @ 240.911376953125 (ms) to 251.380126953125 (ms), cudaEventElapsed = 10.441856384277344 (ms)
[RANK2] W @ 251.599365234375 (ms) to 258.490478515625 (ms), cudaEventElapsed = 6.5412797927856445 (ms)
[RANK2] F @ 258.6640625 (ms) to 268.2099609375 (ms), cudaEventElapsed = 9.523232460021973 (ms)
[RANK2] B @ 268.426513671875 (ms) to 278.95263671875 (ms), cudaEventElapsed = 10.49772834777832 (ms)
[RANK2] W @ 279.12353515625 (ms) to 285.57177734375 (ms), cudaEventElapsed = 6.420479774475098 (ms)
[RANK2] W @ 285.67333984375 (ms) to 292.13427734375 (ms), cudaEventElapsed = 6.441055774688721 (ms)
[RANK2] B @ 292.244384765625 (ms) to 302.962890625 (ms), cudaEventElapsed = 10.697823524475098 (ms)
[RANK2] 6W @ 303.143798828125 (ms) to 341.792724609375 (ms), cudaEventElapsed = 38.62031936645508 (ms)
[RANK2] Iteration 6
[RANK2] F @ 17.2783203125 (ms) to 27.114013671875 (ms), cudaEventElapsed = 9.79635238647461 (ms)
[RANK2] F @ 27.35302734375 (ms) to 36.402587890625 (ms), cudaEventElapsed = 9.022047996520996 (ms)
[RANK2] F @ 37.085205078125 (ms) to 46.154296875 (ms), cudaEventElapsed = 9.040575981140137 (ms)
[RANK2] B @ 49.1220703125 (ms) to 59.903076171875 (ms), cudaEventElapsed = 10.751839637756348 (ms)
[RANK2] F @ 60.221923828125 (ms) to 69.296875 (ms), cudaEventElapsed = 9.043647766113281 (ms)
[RANK2] B @ 69.52001953125 (ms) to 79.45849609375 (ms), cudaEventElapsed = 9.91107177734375 (ms)
[RANK2] F @ 80.05224609375 (ms) to 89.124755859375 (ms), cudaEventElapsed = 9.04201602935791 (ms)
[RANK2] B @ 89.3486328125 (ms) to 99.408447265625 (ms), cudaEventElapsed = 10.032032012939453 (ms)
[RANK2] F @ 100.017578125 (ms) to 109.14501953125 (ms), cudaEventElapsed = 9.097824096679688 (ms)
[RANK2] B @ 109.900146484375 (ms) to 119.943115234375 (ms), cudaEventElapsed = 10.005727767944336 (ms)
[RANK2] F @ 120.4970703125 (ms) to 129.568603515625 (ms), cudaEventElapsed = 9.047776222229004 (ms)
[RANK2] B @ 129.78857421875 (ms) to 139.889404296875 (ms), cudaEventElapsed = 10.073920249938965 (ms)
[RANK2] F @ 140.18603515625 (ms) to 149.276611328125 (ms), cudaEventElapsed = 9.060447692871094 (ms)
[RANK2] B @ 149.537109375 (ms) to 159.509765625 (ms), cudaEventElapsed = 9.94428825378418 (ms)
[RANK2] W @ 159.74072265625 (ms) to 166.150634765625 (ms), cudaEventElapsed = 6.3809919357299805 (ms)
[RANK2] F @ 166.2626953125 (ms) to 175.233154296875 (ms), cudaEventElapsed = 8.950624465942383 (ms)
[RANK2] B @ 175.771484375 (ms) to 186.82763671875 (ms), cudaEventElapsed = 11.027520179748535 (ms)
[RANK2] B @ 187.44140625 (ms) to 197.45458984375 (ms), cudaEventElapsed = 9.982784271240234 (ms)
[RANK2] W @ 197.552001953125 (ms) to 203.85791015625 (ms), cudaEventElapsed = 6.285632133483887 (ms)
[RANK2] F @ 204.015625 (ms) to 213.08154296875 (ms), cudaEventElapsed = 9.045151710510254 (ms)
[RANK2] B @ 213.32470703125 (ms) to 223.535400390625 (ms), cudaEventElapsed = 10.178720474243164 (ms)
[RANK2] W @ 223.77685546875 (ms) to 230.480712890625 (ms), cudaEventElapsed = 6.369408130645752 (ms)
[RANK2] F @ 230.654541015625 (ms) to 239.977783203125 (ms), cudaEventElapsed = 9.301983833312988 (ms)
[RANK2] B @ 240.19873046875 (ms) to 250.5986328125 (ms), cudaEventElapsed = 10.369952201843262 (ms)
[RANK2] W @ 250.81494140625 (ms) to 257.575927734375 (ms), cudaEventElapsed = 6.423711776733398 (ms)
[RANK2] F @ 257.749267578125 (ms) to 267.157958984375 (ms), cudaEventElapsed = 9.386015892028809 (ms)
[RANK2] B @ 267.37060546875 (ms) to 277.759521484375 (ms), cudaEventElapsed = 10.361632347106934 (ms)
[RANK2] W @ 277.9296875 (ms) to 284.333984375 (ms), cudaEventElapsed = 6.37113618850708 (ms)
[RANK2] W @ 284.43701171875 (ms) to 290.840087890625 (ms), cudaEventElapsed = 6.383743762969971 (ms)
[RANK2] B @ 290.945556640625 (ms) to 301.233154296875 (ms), cudaEventElapsed = 10.269311904907227 (ms)
[RANK2] 6W @ 301.415771484375 (ms) to 340.333740234375 (ms), cudaEventElapsed = 38.888832092285156 (ms)
[RANK2] Iteration 7
[RANK2] F @ 17.350341796875 (ms) to 27.6875 (ms), cudaEventElapsed = 10.300127983093262 (ms)
[RANK2] F @ 27.929931640625 (ms) to 37.674560546875 (ms), cudaEventElapsed = 9.716896057128906 (ms)
[RANK2] F @ 38.3759765625 (ms) to 48.202392578125 (ms), cudaEventElapsed = 9.797856330871582 (ms)
[RANK2] B @ 50.11083984375 (ms) to 60.950927734375 (ms), cudaEventElapsed = 10.810015678405762 (ms)
[RANK2] F @ 61.306640625 (ms) to 70.5458984375 (ms), cudaEventElapsed = 9.207263946533203 (ms)
[RANK2] B @ 70.760986328125 (ms) to 80.880126953125 (ms), cudaEventElapsed = 10.093055725097656 (ms)
[RANK2] F @ 81.59521484375 (ms) to 90.74462890625 (ms), cudaEventElapsed = 9.119744300842285 (ms)
[RANK2] B @ 90.955322265625 (ms) to 100.93115234375 (ms), cudaEventElapsed = 9.948224067687988 (ms)
[RANK2] F @ 101.62109375 (ms) to 110.73876953125 (ms), cudaEventElapsed = 9.08739185333252 (ms)
[RANK2] B @ 110.95263671875 (ms) to 120.984375 (ms), cudaEventElapsed = 10.005824089050293 (ms)
[RANK2] F @ 121.69189453125 (ms) to 130.8076171875 (ms), cudaEventElapsed = 9.085984230041504 (ms)
[RANK2] B @ 131.021728515625 (ms) to 140.99365234375 (ms), cudaEventElapsed = 9.944735527038574 (ms)
[RANK2] F @ 141.296630859375 (ms) to 150.38818359375 (ms), cudaEventElapsed = 9.062784194946289 (ms)
[RANK2] B @ 150.631103515625 (ms) to 160.622802734375 (ms), cudaEventElapsed = 9.963199615478516 (ms)
[RANK2] W @ 160.841064453125 (ms) to 167.24609375 (ms), cudaEventElapsed = 6.378143787384033 (ms)
[RANK2] F @ 167.3525390625 (ms) to 176.59716796875 (ms), cudaEventElapsed = 9.22486400604248 (ms)
[RANK2] B @ 177.1044921875 (ms) to 188.354248046875 (ms), cudaEventElapsed = 11.222944259643555 (ms)
[RANK2] B @ 188.943359375 (ms) to 199.364013671875 (ms), cudaEventElapsed = 10.390751838684082 (ms)
[RANK2] W @ 199.53173828125 (ms) to 205.900146484375 (ms), cudaEventElapsed = 6.340511798858643 (ms)
[RANK2] F @ 206.073974609375 (ms) to 215.34619140625 (ms), cudaEventElapsed = 9.250528335571289 (ms)
[RANK2] B @ 215.55029296875 (ms) to 225.802490234375 (ms), cudaEventElapsed = 10.224800109863281 (ms)
[RANK2] W @ 226.0107421875 (ms) to 232.792236328125 (ms), cudaEventElapsed = 6.461919784545898 (ms)
[RANK2] F @ 232.971435546875 (ms) to 242.460693359375 (ms), cudaEventElapsed = 9.46720027923584 (ms)
[RANK2] B @ 242.6630859375 (ms) to 252.9912109375 (ms), cudaEventElapsed = 10.300800323486328 (ms)
[RANK2] W @ 253.19482421875 (ms) to 260.126953125 (ms), cudaEventElapsed = 6.444416046142578 (ms)
[RANK2] F @ 260.30517578125 (ms) to 269.638916015625 (ms), cudaEventElapsed = 9.31056022644043 (ms)
[RANK2] B @ 269.85009765625 (ms) to 280.241455078125 (ms), cudaEventElapsed = 10.364128112792969 (ms)
[RANK2] W @ 280.40576171875 (ms) to 286.8291015625 (ms), cudaEventElapsed = 6.395936012268066 (ms)
[RANK2] W @ 286.926513671875 (ms) to 293.371337890625 (ms), cudaEventElapsed = 6.426784038543701 (ms)
[RANK2] B @ 293.4765625 (ms) to 304.147705078125 (ms), cudaEventElapsed = 10.651647567749023 (ms)
[RANK2] 6W @ 304.3115234375 (ms) to 342.90673828125 (ms), cudaEventElapsed = 38.56828689575195 (ms)
[RANK2] Iteration 8
[RANK2] F @ 310.606689453125 (ms) to 459.955810546875 (ms), cudaEventElapsed = 149.27999877929688 (ms)
[RANK2] F @ 460.286865234375 (ms) to 468.599853515625 (ms), cudaEventElapsed = 8.281439781188965 (ms)
[RANK2] F @ 469.2578125 (ms) to 477.5654296875 (ms), cudaEventElapsed = 8.27990436553955 (ms)
[RANK2] F @ 477.841796875 (ms) to 486.121337890625 (ms), cudaEventElapsed = 8.253055572509766 (ms)
[RANK2] F @ 634.622314453125 (ms) to 642.992919921875 (ms), cudaEventElapsed = 8.333919525146484 (ms)
[RANK2] F @ 643.4755859375 (ms) to 651.763916015625 (ms), cudaEventElapsed = 8.25926399230957 (ms)
[RANK2] F @ 652.2802734375 (ms) to 660.552734375 (ms), cudaEventElapsed = 8.245471954345703 (ms)
[RANK2] F @ 661.25537109375 (ms) to 669.516357421875 (ms), cudaEventElapsed = 8.23523235321045 (ms)
[RANK2] F @ 670.53369140625 (ms) to 678.879150390625 (ms), cudaEventElapsed = 8.319071769714355 (ms)
[RANK2] F @ 679.69921875 (ms) to 687.978271484375 (ms), cudaEventElapsed = 8.253024101257324 (ms)
[RANK2] F @ 697.5419921875 (ms) to 705.88427734375 (ms), cudaEventElapsed = 8.31430435180664 (ms)
[RANK2] F @ 707.005859375 (ms) to 715.315185546875 (ms), cudaEventElapsed = 8.28268814086914 (ms)
