[RANK3] Iteration 1
[RANK3] F @ 3276.087646484375 (ms) to 3286.485595703125 (ms), cudaEventElapsed = 10.33142375946045 (ms)
[RANK3] B @ 3286.63671875 (ms) to 3296.075439453125 (ms), cudaEventElapsed = 9.413727760314941 (ms)
[RANK3] F @ 3490.853271484375 (ms) to 3504.486328125 (ms), cudaEventElapsed = 13.593888282775879 (ms)
[RANK3] B @ 3504.534423828125 (ms) to 3513.507568359375 (ms), cudaEventElapsed = 8.950048446655273 (ms)
[RANK3] F @ 3652.65771484375 (ms) to 3662.34326171875 (ms), cudaEventElapsed = 9.648415565490723 (ms)
[RANK3] B @ 3662.392578125 (ms) to 3672.585693359375 (ms), cudaEventElapsed = 10.171520233154297 (ms)
[RANK3] F @ 3805.52294921875 (ms) to 3814.796142578125 (ms), cudaEventElapsed = 9.244319915771484 (ms)
[RANK3] B @ 3814.840576171875 (ms) to 3824.85791015625 (ms), cudaEventElapsed = 9.99788761138916 (ms)
[RANK3] F @ 3995.377685546875 (ms) to 4005.1416015625 (ms), cudaEventElapsed = 9.723135948181152 (ms)
[RANK3] B @ 4005.188232421875 (ms) to 4015.344970703125 (ms), cudaEventElapsed = 10.13644790649414 (ms)
[RANK3] F @ 4191.216796875 (ms) to 4201.9345703125 (ms), cudaEventElapsed = 10.649279594421387 (ms)
[RANK3] B @ 4201.984619140625 (ms) to 4212.154541015625 (ms), cudaEventElapsed = 10.149567604064941 (ms)
[RANK3] F @ 4352.255859375 (ms) to 4362.06689453125 (ms), cudaEventElapsed = 9.775712013244629 (ms)
[RANK3] B @ 4362.11474609375 (ms) to 4372.398681640625 (ms), cudaEventElapsed = 10.264512062072754 (ms)
[RANK3] F @ 4512.41455078125 (ms) to 4522.10302734375 (ms), cudaEventElapsed = 9.649727821350098 (ms)
[RANK3] B @ 4522.22265625 (ms) to 4548.894287109375 (ms), cudaEventElapsed = 9.693375587463379 (ms)
[RANK3] W @ 4548.9814453125 (ms) to 4560.22412109375 (ms), cudaEventElapsed = 5.643392086029053 (ms)
[RANK3] F @ 4560.314453125 (ms) to 4569.548583984375 (ms), cudaEventElapsed = 9.214240074157715 (ms)
[RANK3] B @ 4569.5849609375 (ms) to 4578.53271484375 (ms), cudaEventElapsed = 8.928607940673828 (ms)
[RANK3] W @ 4578.66943359375 (ms) to 4586.966552734375 (ms), cudaEventElapsed = 5.753215789794922 (ms)
[RANK3] F @ 4591.051513671875 (ms) to 4600.128662109375 (ms), cudaEventElapsed = 9.057408332824707 (ms)
[RANK3] B @ 4600.16748046875 (ms) to 4608.882568359375 (ms), cudaEventElapsed = 8.693984031677246 (ms)
[RANK3] W @ 4609.071044921875 (ms) to 4615.2119140625 (ms), cudaEventElapsed = 5.717408180236816 (ms)
[RANK3] F @ 4616.45849609375 (ms) to 4625.737548828125 (ms), cudaEventElapsed = 9.258624076843262 (ms)
[RANK3] B @ 4625.777099609375 (ms) to 4634.527099609375 (ms), cudaEventElapsed = 8.73094367980957 (ms)
[RANK3] W @ 4634.664306640625 (ms) to 4640.861572265625 (ms), cudaEventElapsed = 5.765312194824219 (ms)
[RANK3] F @ 4641.705810546875 (ms) to 4650.8798828125 (ms), cudaEventElapsed = 9.153663635253906 (ms)
[RANK3] B @ 4650.91796875 (ms) to 4659.657958984375 (ms), cudaEventElapsed = 8.720959663391113 (ms)
[RANK3] 8W @ 4659.76123046875 (ms) to 4705.27099609375 (ms), cudaEventElapsed = 45.48940658569336 (ms)
[RANK3] Iteration 2
[RANK3] F @ 28.925048828125 (ms) to 38.9912109375 (ms), cudaEventElapsed = 10.021920204162598 (ms)
[RANK3] B @ 39.13720703125 (ms) to 49.270751953125 (ms), cudaEventElapsed = 10.111616134643555 (ms)
[RANK3] F @ 49.442626953125 (ms) to 58.555908203125 (ms), cudaEventElapsed = 9.090720176696777 (ms)
[RANK3] B @ 58.612548828125 (ms) to 67.428955078125 (ms), cudaEventElapsed = 8.796671867370605 (ms)
[RANK3] F @ 68.056884765625 (ms) to 77.2255859375 (ms), cudaEventElapsed = 9.144800186157227 (ms)
[RANK3] B @ 77.2822265625 (ms) to 86.2119140625 (ms), cudaEventElapsed = 8.908736228942871 (ms)
[RANK3] F @ 86.8193359375 (ms) to 95.982177734375 (ms), cudaEventElapsed = 9.13913631439209 (ms)
[RANK3] B @ 96.037353515625 (ms) to 105.02685546875 (ms), cudaEventElapsed = 8.96947193145752 (ms)
[RANK3] F @ 105.63427734375 (ms) to 114.807373046875 (ms), cudaEventElapsed = 9.15062427520752 (ms)
[RANK3] B @ 114.85986328125 (ms) to 123.79248046875 (ms), cudaEventElapsed = 8.91385555267334 (ms)
[RANK3] F @ 124.40234375 (ms) to 133.8955078125 (ms), cudaEventElapsed = 9.469152450561523 (ms)
[RANK3] B @ 133.949951171875 (ms) to 142.929931640625 (ms), cudaEventElapsed = 8.96025562286377 (ms)
[RANK3] F @ 143.608642578125 (ms) to 152.72509765625 (ms), cudaEventElapsed = 9.093536376953125 (ms)
[RANK3] B @ 152.777587890625 (ms) to 161.61181640625 (ms), cudaEventElapsed = 8.814399719238281 (ms)
[RANK3] F @ 161.7919921875 (ms) to 171.006591796875 (ms), cudaEventElapsed = 9.192704200744629 (ms)
[RANK3] B @ 171.134765625 (ms) to 180.410400390625 (ms), cudaEventElapsed = 9.25055980682373 (ms)
[RANK3] W @ 180.5185546875 (ms) to 186.2626953125 (ms), cudaEventElapsed = 5.723231792449951 (ms)
[RANK3] F @ 186.36279296875 (ms) to 195.513427734375 (ms), cudaEventElapsed = 9.131744384765625 (ms)
[RANK3] B @ 195.56396484375 (ms) to 204.492431640625 (ms), cudaEventElapsed = 8.90880012512207 (ms)
[RANK3] W @ 204.6494140625 (ms) to 210.775146484375 (ms), cudaEventElapsed = 5.8039679527282715 (ms)
[RANK3] F @ 210.872802734375 (ms) to 220.0830078125 (ms), cudaEventElapsed = 9.19052791595459 (ms)
[RANK3] B @ 220.13671875 (ms) to 229.131103515625 (ms), cudaEventElapsed = 8.972288131713867 (ms)
[RANK3] W @ 229.34375 (ms) to 235.597900390625 (ms), cudaEventElapsed = 5.8021440505981445 (ms)
[RANK3] F @ 235.959228515625 (ms) to 245.248779296875 (ms), cudaEventElapsed = 9.259167671203613 (ms)
[RANK3] B @ 245.303466796875 (ms) to 254.250244140625 (ms), cudaEventElapsed = 8.927583694458008 (ms)
[RANK3] W @ 254.39892578125 (ms) to 260.647705078125 (ms), cudaEventElapsed = 5.81987190246582 (ms)
[RANK3] F @ 261.44482421875 (ms) to 270.6904296875 (ms), cudaEventElapsed = 9.22265625 (ms)
[RANK3] B @ 270.744140625 (ms) to 279.539794921875 (ms), cudaEventElapsed = 8.776320457458496 (ms)
[RANK3] 8W @ 279.65673828125 (ms) to 325.119384765625 (ms), cudaEventElapsed = 45.44233703613281 (ms)
[RANK3] Iteration 3
[RANK3] F @ 29.583740234375 (ms) to 39.84765625 (ms), cudaEventElapsed = 10.209888458251953 (ms)
[RANK3] B @ 40.005126953125 (ms) to 50.084228515625 (ms), cudaEventElapsed = 10.055071830749512 (ms)
[RANK3] F @ 50.279052734375 (ms) to 59.49755859375 (ms), cudaEventElapsed = 9.194208145141602 (ms)
[RANK3] B @ 59.559326171875 (ms) to 68.5087890625 (ms), cudaEventElapsed = 8.927359580993652 (ms)
[RANK3] F @ 69.147216796875 (ms) to 78.4189453125 (ms), cudaEventElapsed = 9.247679710388184 (ms)
[RANK3] B @ 78.476806640625 (ms) to 87.3916015625 (ms), cudaEventElapsed = 8.893631935119629 (ms)
[RANK3] F @ 88.028076171875 (ms) to 97.275634765625 (ms), cudaEventElapsed = 9.223135948181152 (ms)
[RANK3] B @ 97.331787109375 (ms) to 106.233154296875 (ms), cudaEventElapsed = 8.881183624267578 (ms)
[RANK3] F @ 106.87060546875 (ms) to 116.122314453125 (ms), cudaEventElapsed = 9.227583885192871 (ms)
[RANK3] B @ 116.1787109375 (ms) to 125.094970703125 (ms), cudaEventElapsed = 8.896960258483887 (ms)
[RANK3] F @ 125.768310546875 (ms) to 134.89990234375 (ms), cudaEventElapsed = 9.108927726745605 (ms)
[RANK3] B @ 134.95361328125 (ms) to 143.83740234375 (ms), cudaEventElapsed = 8.863648414611816 (ms)
[RANK3] F @ 144.466064453125 (ms) to 153.626708984375 (ms), cudaEventElapsed = 9.136672019958496 (ms)
[RANK3] B @ 153.679931640625 (ms) to 162.542236328125 (ms), cudaEventElapsed = 8.843071937561035 (ms)
[RANK3] F @ 162.72900390625 (ms) to 172.0 (ms), cudaEventElapsed = 9.24835205078125 (ms)
[RANK3] B @ 172.1318359375 (ms) to 181.083984375 (ms), cudaEventElapsed = 8.929792404174805 (ms)
[RANK3] W @ 181.18017578125 (ms) to 186.900146484375 (ms), cudaEventElapsed = 5.700255870819092 (ms)
[RANK3] F @ 186.998046875 (ms) to 196.286865234375 (ms), cudaEventElapsed = 9.268704414367676 (ms)
[RANK3] B @ 196.340087890625 (ms) to 205.25830078125 (ms), cudaEventElapsed = 8.899200439453125 (ms)
[RANK3] W @ 205.409423828125 (ms) to 211.63330078125 (ms), cudaEventElapsed = 5.756735801696777 (ms)
[RANK3] F @ 211.732421875 (ms) to 220.947509765625 (ms), cudaEventElapsed = 9.190048217773438 (ms)
[RANK3] B @ 221.002685546875 (ms) to 229.7314453125 (ms), cudaEventElapsed = 8.708800315856934 (ms)
[RANK3] W @ 229.88330078125 (ms) to 236.113525390625 (ms), cudaEventElapsed = 5.779168128967285 (ms)
[RANK3] F @ 236.439208984375 (ms) to 245.68310546875 (ms), cudaEventElapsed = 9.223360061645508 (ms)
[RANK3] B @ 245.734375 (ms) to 254.628173828125 (ms), cudaEventElapsed = 8.874688148498535 (ms)
[RANK3] W @ 254.77197265625 (ms) to 260.961669921875 (ms), cudaEventElapsed = 5.7682881355285645 (ms)
[RANK3] F @ 262.24169921875 (ms) to 271.366943359375 (ms), cudaEventElapsed = 9.10422420501709 (ms)
[RANK3] B @ 271.419921875 (ms) to 280.152099609375 (ms), cudaEventElapsed = 8.711935997009277 (ms)
[RANK3] 8W @ 280.28173828125 (ms) to 325.97021484375 (ms), cudaEventElapsed = 45.66592025756836 (ms)
[RANK3] Iteration 4
[RANK3] F @ 27.836181640625 (ms) to 37.3701171875 (ms), cudaEventElapsed = 9.500127792358398 (ms)
[RANK3] B @ 37.5048828125 (ms) to 47.820068359375 (ms), cudaEventElapsed = 10.292863845825195 (ms)
[RANK3] F @ 48.00048828125 (ms) to 57.220947265625 (ms), cudaEventElapsed = 9.198592185974121 (ms)
[RANK3] B @ 57.2763671875 (ms) to 66.381591796875 (ms), cudaEventElapsed = 9.084447860717773 (ms)
[RANK3] F @ 66.984375 (ms) to 76.051513671875 (ms), cudaEventElapsed = 9.0447998046875 (ms)
[RANK3] B @ 76.1025390625 (ms) to 85.34423828125 (ms), cudaEventElapsed = 9.222623825073242 (ms)
[RANK3] F @ 85.951416015625 (ms) to 95.130126953125 (ms), cudaEventElapsed = 9.15552043914795 (ms)
[RANK3] B @ 95.1845703125 (ms) to 104.295166015625 (ms), cudaEventElapsed = 9.090656280517578 (ms)
[RANK3] F @ 104.901123046875 (ms) to 114.172119140625 (ms), cudaEventElapsed = 9.247903823852539 (ms)
[RANK3] B @ 114.22265625 (ms) to 123.531982421875 (ms), cudaEventElapsed = 9.289759635925293 (ms)
[RANK3] F @ 124.156005859375 (ms) to 133.23486328125 (ms), cudaEventElapsed = 9.055487632751465 (ms)
[RANK3] B @ 133.2998046875 (ms) to 142.4228515625 (ms), cudaEventElapsed = 9.09887981414795 (ms)
[RANK3] F @ 143.117431640625 (ms) to 152.328857421875 (ms), cudaEventElapsed = 9.17580795288086 (ms)
[RANK3] B @ 152.383544921875 (ms) to 161.67041015625 (ms), cudaEventElapsed = 9.266528129577637 (ms)
[RANK3] F @ 161.860107421875 (ms) to 171.04638671875 (ms), cudaEventElapsed = 9.15510368347168 (ms)
[RANK3] B @ 171.16943359375 (ms) to 180.870361328125 (ms), cudaEventElapsed = 9.677887916564941 (ms)
[RANK3] W @ 180.967041015625 (ms) to 186.785888671875 (ms), cudaEventElapsed = 5.799071788787842 (ms)
[RANK3] F @ 186.890625 (ms) to 196.199951171875 (ms), cudaEventElapsed = 9.288928031921387 (ms)
[RANK3] B @ 196.253173828125 (ms) to 205.619873046875 (ms), cudaEventElapsed = 9.347135543823242 (ms)
[RANK3] W @ 205.773193359375 (ms) to 212.017578125 (ms), cudaEventElapsed = 5.925504207611084 (ms)
[RANK3] F @ 212.122314453125 (ms) to 221.4892578125 (ms), cudaEventElapsed = 9.346431732177734 (ms)
[RANK3] B @ 221.539306640625 (ms) to 230.806396484375 (ms), cudaEventElapsed = 9.247584342956543 (ms)
[RANK3] W @ 230.95166015625 (ms) to 237.301025390625 (ms), cudaEventElapsed = 5.922912120819092 (ms)
[RANK3] F @ 238.269287109375 (ms) to 247.8193359375 (ms), cudaEventElapsed = 9.5282564163208 (ms)
[RANK3] B @ 247.870849609375 (ms) to 257.26806640625 (ms), cudaEventElapsed = 9.377920150756836 (ms)
[RANK3] W @ 257.41796875 (ms) to 263.76708984375 (ms), cudaEventElapsed = 5.925216197967529 (ms)
[RANK3] F @ 264.96240234375 (ms) to 274.3681640625 (ms), cudaEventElapsed = 9.383999824523926 (ms)
[RANK3] B @ 274.4248046875 (ms) to 283.83056640625 (ms), cudaEventElapsed = 9.384223937988281 (ms)
[RANK3] 8W @ 283.946533203125 (ms) to 330.7451171875 (ms), cudaEventElapsed = 46.775936126708984 (ms)
[RANK3] Iteration 5
[RANK3] F @ 29.2861328125 (ms) to 38.910400390625 (ms), cudaEventElapsed = 9.587424278259277 (ms)
[RANK3] B @ 39.048828125 (ms) to 49.5244140625 (ms), cudaEventElapsed = 10.452960014343262 (ms)
[RANK3] F @ 49.6982421875 (ms) to 58.87353515625 (ms), cudaEventElapsed = 9.1528959274292 (ms)
[RANK3] B @ 58.929931640625 (ms) to 68.06396484375 (ms), cudaEventElapsed = 9.110719680786133 (ms)
[RANK3] F @ 68.68408203125 (ms) to 77.850341796875 (ms), cudaEventElapsed = 9.140128135681152 (ms)
[RANK3] B @ 77.906494140625 (ms) to 87.168701171875 (ms), cudaEventElapsed = 9.240799903869629 (ms)
[RANK3] F @ 87.676513671875 (ms) to 96.890625 (ms), cudaEventElapsed = 9.19001579284668 (ms)
[RANK3] B @ 96.947509765625 (ms) to 106.13525390625 (ms), cudaEventElapsed = 9.164511680603027 (ms)
[RANK3] F @ 106.816162109375 (ms) to 116.2958984375 (ms), cudaEventElapsed = 9.447423934936523 (ms)
[RANK3] B @ 116.353515625 (ms) to 125.864501953125 (ms), cudaEventElapsed = 9.489824295043945 (ms)
[RANK3] F @ 126.4814453125 (ms) to 136.116943359375 (ms), cudaEventElapsed = 9.610336303710938 (ms)
[RANK3] B @ 136.17333984375 (ms) to 145.5126953125 (ms), cudaEventElapsed = 9.318976402282715 (ms)
[RANK3] F @ 146.199951171875 (ms) to 155.45166015625 (ms), cudaEventElapsed = 9.228511810302734 (ms)
[RANK3] B @ 155.506591796875 (ms) to 164.828369140625 (ms), cudaEventElapsed = 9.301983833312988 (ms)
[RANK3] F @ 165.011474609375 (ms) to 174.16015625 (ms), cudaEventElapsed = 9.126144409179688 (ms)
[RANK3] B @ 174.2890625 (ms) to 183.745361328125 (ms), cudaEventElapsed = 9.432352066040039 (ms)
[RANK3] W @ 183.85107421875 (ms) to 189.668212890625 (ms), cudaEventElapsed = 5.7973761558532715 (ms)
[RANK3] F @ 189.773681640625 (ms) to 198.970458984375 (ms), cudaEventElapsed = 9.176287651062012 (ms)
[RANK3] B @ 199.025390625 (ms) to 208.36328125 (ms), cudaEventElapsed = 9.316287994384766 (ms)
[RANK3] W @ 208.51025390625 (ms) to 214.719970703125 (ms), cudaEventElapsed = 5.883423805236816 (ms)
[RANK3] F @ 215.424072265625 (ms) to 224.751220703125 (ms), cudaEventElapsed = 9.305888175964355 (ms)
[RANK3] B @ 224.8046875 (ms) to 234.048095703125 (ms), cudaEventElapsed = 9.223008155822754 (ms)
[RANK3] W @ 234.1943359375 (ms) to 240.55029296875 (ms), cudaEventElapsed = 5.92412805557251 (ms)
[RANK3] F @ 242.330322265625 (ms) to 251.702880859375 (ms), cudaEventElapsed = 9.351584434509277 (ms)
[RANK3] B @ 251.75439453125 (ms) to 261.217041015625 (ms), cudaEventElapsed = 9.442399978637695 (ms)
[RANK3] W @ 261.36376953125 (ms) to 267.729248046875 (ms), cudaEventElapsed = 5.90393590927124 (ms)
[RANK3] F @ 269.833740234375 (ms) to 279.17529296875 (ms), cudaEventElapsed = 9.31993579864502 (ms)
[RANK3] B @ 279.23095703125 (ms) to 288.483642578125 (ms), cudaEventElapsed = 9.23193645477295 (ms)
[RANK3] 8W @ 288.6005859375 (ms) to 335.846923828125 (ms), cudaEventElapsed = 47.222591400146484 (ms)
[RANK3] Iteration 6
[RANK3] F @ 28.773681640625 (ms) to 38.864990234375 (ms), cudaEventElapsed = 10.05247974395752 (ms)
[RANK3] B @ 38.99267578125 (ms) to 49.5 (ms), cudaEventElapsed = 10.48470401763916 (ms)
[RANK3] F @ 49.693115234375 (ms) to 58.953857421875 (ms), cudaEventElapsed = 9.231552124023438 (ms)
[RANK3] B @ 59.029541015625 (ms) to 68.41650390625 (ms), cudaEventElapsed = 9.357983589172363 (ms)
[RANK3] F @ 68.952392578125 (ms) to 78.293701171875 (ms), cudaEventElapsed = 9.317888259887695 (ms)
[RANK3] B @ 78.349365234375 (ms) to 87.66845703125 (ms), cudaEventElapsed = 9.298656463623047 (ms)
[RANK3] F @ 88.177490234375 (ms) to 97.42578125 (ms), cudaEventElapsed = 9.224991798400879 (ms)
[RANK3] B @ 97.48095703125 (ms) to 106.78564453125 (ms), cudaEventElapsed = 9.283231735229492 (ms)
[RANK3] F @ 107.427490234375 (ms) to 116.759521484375 (ms), cudaEventElapsed = 9.303584098815918 (ms)
[RANK3] B @ 116.8154296875 (ms) to 126.15966796875 (ms), cudaEventElapsed = 9.323519706726074 (ms)
[RANK3] F @ 127.258544921875 (ms) to 136.666748046875 (ms), cudaEventElapsed = 9.368608474731445 (ms)
[RANK3] B @ 136.724853515625 (ms) to 145.931884765625 (ms), cudaEventElapsed = 9.18505573272705 (ms)
[RANK3] F @ 146.5498046875 (ms) to 155.77783203125 (ms), cudaEventElapsed = 9.203231811523438 (ms)
[RANK3] B @ 155.83447265625 (ms) to 165.14404296875 (ms), cudaEventElapsed = 9.28883171081543 (ms)
[RANK3] F @ 165.335693359375 (ms) to 174.416015625 (ms), cudaEventElapsed = 9.056672096252441 (ms)
[RANK3] B @ 174.541748046875 (ms) to 184.012939453125 (ms), cudaEventElapsed = 9.446623802185059 (ms)
[RANK3] W @ 184.20556640625 (ms) to 190.072021484375 (ms), cudaEventElapsed = 5.836863994598389 (ms)
[RANK3] F @ 190.188232421875 (ms) to 199.660888671875 (ms), cudaEventElapsed = 9.450719833374023 (ms)
[RANK3] B @ 199.71484375 (ms) to 209.154541015625 (ms), cudaEventElapsed = 9.419679641723633 (ms)
[RANK3] W @ 209.30126953125 (ms) to 215.65087890625 (ms), cudaEventElapsed = 5.895679950714111 (ms)
[RANK3] F @ 215.763427734375 (ms) to 225.313232421875 (ms), cudaEventElapsed = 9.527456283569336 (ms)
[RANK3] B @ 225.36962890625 (ms) to 234.74267578125 (ms), cudaEventElapsed = 9.352352142333984 (ms)
[RANK3] W @ 234.88232421875 (ms) to 241.341552734375 (ms), cudaEventElapsed = 5.998528003692627 (ms)
[RANK3] F @ 241.614501953125 (ms) to 251.270263671875 (ms), cudaEventElapsed = 9.630528450012207 (ms)
[RANK3] B @ 251.3212890625 (ms) to 260.88232421875 (ms), cudaEventElapsed = 9.542655944824219 (ms)
[RANK3] W @ 261.03369140625 (ms) to 267.489990234375 (ms), cudaEventElapsed = 5.967103958129883 (ms)
[RANK3] F @ 268.783447265625 (ms) to 278.258056640625 (ms), cudaEventElapsed = 9.448063850402832 (ms)
[RANK3] B @ 278.3095703125 (ms) to 287.70263671875 (ms), cudaEventElapsed = 9.370976448059082 (ms)
[RANK3] 8W @ 287.876708984375 (ms) to 335.480712890625 (ms), cudaEventElapsed = 47.572574615478516 (ms)
[RANK3] Iteration 7
[RANK3] F @ 29.358154296875 (ms) to 39.5263671875 (ms), cudaEventElapsed = 10.126079559326172 (ms)
[RANK3] B @ 39.67138671875 (ms) to 50.457763671875 (ms), cudaEventElapsed = 10.612095832824707 (ms)
[RANK3] F @ 50.62451171875 (ms) to 59.742431640625 (ms), cudaEventElapsed = 9.096832275390625 (ms)
[RANK3] B @ 59.79638671875 (ms) to 68.965576171875 (ms), cudaEventElapsed = 9.145952224731445 (ms)
[RANK3] F @ 69.639404296875 (ms) to 78.860595703125 (ms), cudaEventElapsed = 9.188672065734863 (ms)
[RANK3] B @ 78.91796875 (ms) to 88.20166015625 (ms), cudaEventElapsed = 9.262975692749023 (ms)
[RANK3] F @ 88.80712890625 (ms) to 97.986572265625 (ms), cudaEventElapsed = 9.155263900756836 (ms)
[RANK3] B @ 98.0419921875 (ms) to 107.31982421875 (ms), cudaEventElapsed = 9.256928443908691 (ms)
[RANK3] F @ 107.93408203125 (ms) to 117.1591796875 (ms), cudaEventElapsed = 9.199935913085938 (ms)
[RANK3] B @ 117.210205078125 (ms) to 126.52978515625 (ms), cudaEventElapsed = 9.30076789855957 (ms)
[RANK3] F @ 127.1455078125 (ms) to 136.672607421875 (ms), cudaEventElapsed = 9.503775596618652 (ms)
[RANK3] B @ 136.728271484375 (ms) to 146.170166015625 (ms), cudaEventElapsed = 9.422176361083984 (ms)
[RANK3] F @ 146.77685546875 (ms) to 156.1533203125 (ms), cudaEventElapsed = 9.352224349975586 (ms)
[RANK3] B @ 156.204833984375 (ms) to 165.65234375 (ms), cudaEventElapsed = 9.428511619567871 (ms)
[RANK3] F @ 165.845458984375 (ms) to 175.191650390625 (ms), cudaEventElapsed = 9.322624206542969 (ms)
[RANK3] B @ 175.324462890625 (ms) to 185.10009765625 (ms), cudaEventElapsed = 9.753279685974121 (ms)
[RANK3] W @ 185.2060546875 (ms) to 191.03955078125 (ms), cudaEventElapsed = 5.813119888305664 (ms)
[RANK3] F @ 191.147216796875 (ms) to 200.587890625 (ms), cudaEventElapsed = 9.411168098449707 (ms)
[RANK3] B @ 200.6435546875 (ms) to 209.957763671875 (ms), cudaEventElapsed = 9.292192459106445 (ms)
[RANK3] W @ 210.11376953125 (ms) to 216.462890625 (ms), cudaEventElapsed = 5.907008171081543 (ms)
[RANK3] F @ 216.99853515625 (ms) to 226.37451171875 (ms), cudaEventElapsed = 9.350496292114258 (ms)
[RANK3] B @ 226.4296875 (ms) to 235.696533203125 (ms), cudaEventElapsed = 9.246047973632812 (ms)
[RANK3] W @ 235.881103515625 (ms) to 242.23974609375 (ms), cudaEventElapsed = 5.92083215713501 (ms)
[RANK3] F @ 244.090087890625 (ms) to 253.705078125 (ms), cudaEventElapsed = 9.589247703552246 (ms)
[RANK3] B @ 253.758544921875 (ms) to 263.474853515625 (ms), cudaEventElapsed = 9.69273567199707 (ms)
[RANK3] W @ 263.625732421875 (ms) to 270.079345703125 (ms), cudaEventElapsed = 5.979104042053223 (ms)
[RANK3] F @ 271.29296875 (ms) to 280.740966796875 (ms), cudaEventElapsed = 9.421567916870117 (ms)
[RANK3] B @ 280.7958984375 (ms) to 290.089599609375 (ms), cudaEventElapsed = 9.272831916809082 (ms)
[RANK3] 8W @ 290.20458984375 (ms) to 337.515625 (ms), cudaEventElapsed = 47.287742614746094 (ms)
[RANK3] Iteration 8
[RANK3] F @ 461.72314453125 (ms) to 635.016845703125 (ms), cudaEventElapsed = 173.22598266601562 (ms)
[RANK3] F @ 635.26416015625 (ms) to 644.003662109375 (ms), cudaEventElapsed = 8.712160110473633 (ms)
[RANK3] F @ 644.21435546875 (ms) to 652.830810546875 (ms), cudaEventElapsed = 8.59062385559082 (ms)
[RANK3] F @ 653.02392578125 (ms) to 661.821044921875 (ms), cudaEventElapsed = 8.769824028015137 (ms)
[RANK3] F @ 662.012939453125 (ms) to 670.717041015625 (ms), cudaEventElapsed = 8.676351547241211 (ms)
[RANK3] F @ 670.912109375 (ms) to 679.746337890625 (ms), cudaEventElapsed = 8.804672241210938 (ms)
[RANK3] F @ 679.944091796875 (ms) to 688.719482421875 (ms), cudaEventElapsed = 8.748064041137695 (ms)
[RANK3] F @ 688.828369140625 (ms) to 697.60107421875 (ms), cudaEventElapsed = 8.749407768249512 (ms)
[RANK3] F @ 698.3017578125 (ms) to 707.147216796875 (ms), cudaEventElapsed = 8.818559646606445 (ms)
[RANK3] F @ 707.779052734375 (ms) to 716.612548828125 (ms), cudaEventElapsed = 8.806655883789062 (ms)
[RANK3] F @ 717.217041015625 (ms) to 726.001708984375 (ms), cudaEventElapsed = 8.75823974609375 (ms)
[RANK3] F @ 726.60693359375 (ms) to 735.458251953125 (ms), cudaEventElapsed = 8.82585620880127 (ms)
