[RANK0] Iteration 1
[RANK0] F @ 0.41943359375 (ms) to 516.000244140625 (ms), cudaEventElapsed = 515.515625 (ms)
[RANK0] F @ 583.613037109375 (ms) to 609.99658203125 (ms), cudaEventElapsed = 26.32499122619629 (ms)
[RANK0] F @ 610.212158203125 (ms) to 636.344970703125 (ms), cudaEventElapsed = 26.08844757080078 (ms)
[RANK0] F @ 636.545166015625 (ms) to 665.0595703125 (ms), cudaEventElapsed = 28.476415634155273 (ms)
[RANK0] F @ 665.25 (ms) to 706.546630859375 (ms), cudaEventElapsed = 28.625919342041016 (ms)
[RANK0] F @ 706.736572265625 (ms) to 791.423583984375 (ms), cudaEventElapsed = 24.797183990478516 (ms)
[RANK0] F @ 791.6142578125 (ms) to 889.783203125 (ms), cudaEventElapsed = 24.755199432373047 (ms)
[RANK0] B @ 1870.322509765625 (ms) to 1944.559814453125 (ms), cudaEventElapsed = 74.1732177734375 (ms)
[RANK0] F @ 1944.876220703125 (ms) to 1970.1162109375 (ms), cudaEventElapsed = 25.197568893432617 (ms)
[RANK0] B @ 1970.4384765625 (ms) to 2004.791748046875 (ms), cudaEventElapsed = 34.31379318237305 (ms)
[RANK0] W @ 2005.016357421875 (ms) to 2020.9697265625 (ms), cudaEventElapsed = 15.90886402130127 (ms)
[RANK0] F @ 2020.994873046875 (ms) to 2046.9560546875 (ms), cudaEventElapsed = 25.92665672302246 (ms)
[RANK0] B @ 2048.452880859375 (ms) to 2085.890380859375 (ms), cudaEventElapsed = 37.394718170166016 (ms)
[RANK0] B @ 2106.9931640625 (ms) to 2139.986083984375 (ms), cudaEventElapsed = 32.95167922973633 (ms)
[RANK0] W @ 2140.02490234375 (ms) to 2154.240478515625 (ms), cudaEventElapsed = 14.181376457214355 (ms)
[RANK0] F @ 2154.428466796875 (ms) to 2180.828369140625 (ms), cudaEventElapsed = 26.366975784301758 (ms)
[RANK0] B @ 2211.5048828125 (ms) to 2245.591796875 (ms), cudaEventElapsed = 34.04195022583008 (ms)
[RANK0] B @ 2253.518798828125 (ms) to 2286.134033203125 (ms), cudaEventElapsed = 32.58015823364258 (ms)
[RANK0] W @ 2286.17138671875 (ms) to 2300.59326171875 (ms), cudaEventElapsed = 14.387200355529785 (ms)
[RANK0] F @ 2300.802734375 (ms) to 2326.718994140625 (ms), cudaEventElapsed = 25.884672164916992 (ms)
[RANK0] B @ 2359.54296875 (ms) to 2393.062255859375 (ms), cudaEventElapsed = 33.48012924194336 (ms)
[RANK0] B @ 2401.677001953125 (ms) to 2433.829833984375 (ms), cudaEventElapsed = 32.120574951171875 (ms)
[RANK0] W @ 2433.863525390625 (ms) to 2448.284423828125 (ms), cudaEventElapsed = 14.392319679260254 (ms)
[RANK0] F @ 2448.47119140625 (ms) to 2475.239990234375 (ms), cudaEventElapsed = 26.73561668395996 (ms)
[RANK0] W @ 2475.40478515625 (ms) to 2517.440673828125 (ms), cudaEventElapsed = 14.510080337524414 (ms)
[RANK0] W @ 2517.458740234375 (ms) to 2531.62158203125 (ms), cudaEventElapsed = 14.128128051757812 (ms)
[RANK0] W @ 2531.8076171875 (ms) to 2547.1640625 (ms), cudaEventElapsed = 15.328255653381348 (ms)
[RANK0] W @ 2547.1767578125 (ms) to 2563.19873046875 (ms), cudaEventElapsed = 15.99897575378418 (ms)
[RANK0] B @ 2563.343994140625 (ms) to 2599.266357421875 (ms), cudaEventElapsed = 35.89548873901367 (ms)
[RANK0] W @ 2599.42041015625 (ms) to 2619.49609375 (ms), cudaEventElapsed = 15.034367561340332 (ms)
[RANK0] B @ 2619.635498046875 (ms) to 2654.055419921875 (ms), cudaEventElapsed = 34.3851203918457 (ms)
[RANK0] W @ 2654.083740234375 (ms) to 2669.560302734375 (ms), cudaEventElapsed = 15.450112342834473 (ms)
[RANK0] B @ 2701.300537109375 (ms) to 2734.340087890625 (ms), cudaEventElapsed = 32.9958381652832 (ms)
[RANK0] W @ 2734.36865234375 (ms) to 2748.6142578125 (ms), cudaEventElapsed = 14.220288276672363 (ms)
[RANK0] B @ 2790.58984375 (ms) to 2822.2958984375 (ms), cudaEventElapsed = 31.671424865722656 (ms)
[RANK0] 1W @ 2822.327392578125 (ms) to 2835.954345703125 (ms), cudaEventElapsed = 13.602815628051758 (ms)
[RANK0] Iteration 2
[RANK0] F @ 2.11279296875 (ms) to 27.39453125 (ms), cudaEventElapsed = 25.225343704223633 (ms)
[RANK0] F @ 27.64404296875 (ms) to 52.89208984375 (ms), cudaEventElapsed = 25.195520401000977 (ms)
[RANK0] F @ 53.096435546875 (ms) to 81.22021484375 (ms), cudaEventElapsed = 28.088319778442383 (ms)
[RANK0] F @ 81.433349609375 (ms) to 109.5341796875 (ms), cudaEventElapsed = 28.063743591308594 (ms)
[RANK0] F @ 109.7666015625 (ms) to 138.0 (ms), cudaEventElapsed = 28.196863174438477 (ms)
[RANK0] F @ 138.215576171875 (ms) to 166.274169921875 (ms), cudaEventElapsed = 28.016639709472656 (ms)
[RANK0] F @ 166.4775390625 (ms) to 194.47216796875 (ms), cudaEventElapsed = 27.95929527282715 (ms)
[RANK0] B @ 271.3046875 (ms) to 303.0458984375 (ms), cudaEventElapsed = 31.686656951904297 (ms)
[RANK0] F @ 303.289306640625 (ms) to 328.43408203125 (ms), cudaEventElapsed = 25.11052894592285 (ms)
[RANK0] B @ 352.089599609375 (ms) to 385.234375 (ms), cudaEventElapsed = 33.09532928466797 (ms)
[RANK0] W @ 385.4599609375 (ms) to 399.9208984375 (ms), cudaEventElapsed = 14.429183959960938 (ms)
[RANK0] F @ 399.98291015625 (ms) to 426.114990234375 (ms), cudaEventElapsed = 26.099712371826172 (ms)
[RANK0] B @ 435.213134765625 (ms) to 471.420654296875 (ms), cudaEventElapsed = 36.16569519042969 (ms)
[RANK0] B @ 514.181396484375 (ms) to 545.99169921875 (ms), cudaEventElapsed = 31.76527976989746 (ms)
[RANK0] W @ 546.0712890625 (ms) to 559.79150390625 (ms), cudaEventElapsed = 13.684736251831055 (ms)
[RANK0] F @ 560.012939453125 (ms) to 586.14501953125 (ms), cudaEventElapsed = 26.100736618041992 (ms)
[RANK0] B @ 617.921142578125 (ms) to 651.674560546875 (ms), cudaEventElapsed = 33.70412826538086 (ms)
[RANK0] B @ 670.65966796875 (ms) to 702.64453125 (ms), cudaEventElapsed = 31.94060707092285 (ms)
[RANK0] W @ 702.7275390625 (ms) to 716.54345703125 (ms), cudaEventElapsed = 13.783040046691895 (ms)
[RANK0] F @ 716.78466796875 (ms) to 743.0380859375 (ms), cudaEventElapsed = 26.218496322631836 (ms)
[RANK0] B @ 778.451416015625 (ms) to 811.8369140625 (ms), cudaEventElapsed = 33.33552169799805 (ms)
[RANK0] B @ 820.03369140625 (ms) to 852.396240234375 (ms), cudaEventElapsed = 32.32547378540039 (ms)
[RANK0] W @ 852.464599609375 (ms) to 866.896240234375 (ms), cudaEventElapsed = 14.401535987854004 (ms)
[RANK0] F @ 867.1220703125 (ms) to 893.67333984375 (ms), cudaEventElapsed = 26.51136016845703 (ms)
[RANK0] W @ 893.878662109375 (ms) to 937.731689453125 (ms), cudaEventElapsed = 14.504960060119629 (ms)
[RANK0] W @ 937.797607421875 (ms) to 951.6806640625 (ms), cudaEventElapsed = 13.845503807067871 (ms)
[RANK0] W @ 951.89013671875 (ms) to 967.39306640625 (ms), cudaEventElapsed = 15.472640037536621 (ms)
[RANK0] W @ 967.44287109375 (ms) to 983.556884765625 (ms), cudaEventElapsed = 16.083967208862305 (ms)
[RANK0] B @ 983.73779296875 (ms) to 1019.445556640625 (ms), cudaEventElapsed = 35.67744064331055 (ms)
[RANK0] W @ 1019.634521484375 (ms) to 1041.13916015625 (ms), cudaEventElapsed = 14.843903541564941 (ms)
[RANK0] B @ 1041.31982421875 (ms) to 1075.577880859375 (ms), cudaEventElapsed = 34.22636795043945 (ms)
[RANK0] W @ 1075.6435546875 (ms) to 1090.974365234375 (ms), cudaEventElapsed = 15.301631927490234 (ms)
[RANK0] B @ 1124.125 (ms) to 1157.087890625 (ms), cudaEventElapsed = 32.91984176635742 (ms)
[RANK0] W @ 1157.16162109375 (ms) to 1171.353515625 (ms), cudaEventElapsed = 14.15884780883789 (ms)
[RANK0] B @ 1211.978515625 (ms) to 1243.635009765625 (ms), cudaEventElapsed = 31.621856689453125 (ms)
[RANK0] 1W @ 1243.707275390625 (ms) to 1257.3779296875 (ms), cudaEventElapsed = 13.642751693725586 (ms)
[RANK0] Iteration 3
[RANK0] F @ 2.157470703125 (ms) to 27.3994140625 (ms), cudaEventElapsed = 25.200864791870117 (ms)
[RANK0] F @ 27.629150390625 (ms) to 52.950927734375 (ms), cudaEventElapsed = 25.281536102294922 (ms)
[RANK0] F @ 53.166748046875 (ms) to 80.560546875 (ms), cudaEventElapsed = 27.35513687133789 (ms)
[RANK0] F @ 80.77294921875 (ms) to 108.90966796875 (ms), cudaEventElapsed = 28.099584579467773 (ms)
[RANK0] F @ 109.135009765625 (ms) to 137.320556640625 (ms), cudaEventElapsed = 28.14771270751953 (ms)
[RANK0] F @ 137.535888671875 (ms) to 165.349365234375 (ms), cudaEventElapsed = 27.77190399169922 (ms)
[RANK0] F @ 165.555419921875 (ms) to 193.526611328125 (ms), cudaEventElapsed = 27.93471908569336 (ms)
[RANK0] B @ 272.77587890625 (ms) to 304.50927734375 (ms), cudaEventElapsed = 31.677343368530273 (ms)
[RANK0] F @ 304.76904296875 (ms) to 330.65576171875 (ms), cudaEventElapsed = 25.842687606811523 (ms)
[RANK0] B @ 353.359375 (ms) to 386.626708984375 (ms), cudaEventElapsed = 33.216224670410156 (ms)
[RANK0] W @ 386.884521484375 (ms) to 401.54052734375 (ms), cudaEventElapsed = 14.619647979736328 (ms)
[RANK0] F @ 401.60009765625 (ms) to 428.02294921875 (ms), cudaEventElapsed = 26.392576217651367 (ms)
[RANK0] B @ 436.392822265625 (ms) to 472.219482421875 (ms), cudaEventElapsed = 35.7817268371582 (ms)
[RANK0] B @ 515.573486328125 (ms) to 547.255859375 (ms), cudaEventElapsed = 31.638431549072266 (ms)
[RANK0] W @ 547.332275390625 (ms) to 561.141357421875 (ms), cudaEventElapsed = 13.773823738098145 (ms)
[RANK0] F @ 561.39208984375 (ms) to 587.967529296875 (ms), cudaEventElapsed = 26.54105567932129 (ms)
[RANK0] B @ 620.23828125 (ms) to 653.78515625 (ms), cudaEventElapsed = 33.50252914428711 (ms)
[RANK0] B @ 670.971923828125 (ms) to 702.5634765625 (ms), cudaEventElapsed = 31.545984268188477 (ms)
[RANK0] W @ 702.640380859375 (ms) to 716.776611328125 (ms), cudaEventElapsed = 14.100480079650879 (ms)
[RANK0] F @ 717.004638671875 (ms) to 743.28466796875 (ms), cudaEventElapsed = 26.249216079711914 (ms)
[RANK0] B @ 780.52783203125 (ms) to 813.9306640625 (ms), cudaEventElapsed = 33.357696533203125 (ms)
[RANK0] B @ 821.885498046875 (ms) to 853.871337890625 (ms), cudaEventElapsed = 31.948928833007812 (ms)
[RANK0] W @ 853.944091796875 (ms) to 868.2646484375 (ms), cudaEventElapsed = 14.28991985321045 (ms)
[RANK0] F @ 868.50634765625 (ms) to 895.29443359375 (ms), cudaEventElapsed = 26.75507164001465 (ms)
[RANK0] W @ 895.5009765625 (ms) to 937.505126953125 (ms), cudaEventElapsed = 14.350336074829102 (ms)
[RANK0] W @ 937.57275390625 (ms) to 951.98095703125 (ms), cudaEventElapsed = 14.370816230773926 (ms)
[RANK0] W @ 952.2060546875 (ms) to 967.3798828125 (ms), cudaEventElapsed = 15.139840126037598 (ms)
[RANK0] W @ 967.42822265625 (ms) to 983.35498046875 (ms), cudaEventElapsed = 15.897600173950195 (ms)
[RANK0] B @ 983.542724609375 (ms) to 1019.3544921875 (ms), cudaEventElapsed = 35.78105545043945 (ms)
[RANK0] W @ 1019.57177734375 (ms) to 1042.607421875 (ms), cudaEventElapsed = 15.392767906188965 (ms)
[RANK0] B @ 1042.79052734375 (ms) to 1077.341064453125 (ms), cudaEventElapsed = 34.514625549316406 (ms)
[RANK0] W @ 1077.41015625 (ms) to 1092.525146484375 (ms), cudaEventElapsed = 15.08454418182373 (ms)
[RANK0] B @ 1126.661865234375 (ms) to 1159.39599609375 (ms), cudaEventElapsed = 32.69580841064453 (ms)
[RANK0] W @ 1159.46484375 (ms) to 1173.37158203125 (ms), cudaEventElapsed = 13.87622356414795 (ms)
[RANK0] B @ 1214.28369140625 (ms) to 1245.85546875 (ms), cudaEventElapsed = 31.534528732299805 (ms)
[RANK0] 1W @ 1245.920166015625 (ms) to 1259.786865234375 (ms), cudaEventElapsed = 13.832192420959473 (ms)
[RANK0] Iteration 4
[RANK0] F @ 2.135009765625 (ms) to 27.364501953125 (ms), cudaEventElapsed = 25.19500732421875 (ms)
[RANK0] F @ 27.58837890625 (ms) to 53.037841796875 (ms), cudaEventElapsed = 25.411584854125977 (ms)
[RANK0] F @ 53.25 (ms) to 81.15380859375 (ms), cudaEventElapsed = 27.867136001586914 (ms)
[RANK0] F @ 81.367431640625 (ms) to 109.580810546875 (ms), cudaEventElapsed = 28.17638397216797 (ms)
[RANK0] F @ 109.800048828125 (ms) to 138.163818359375 (ms), cudaEventElapsed = 28.31769561767578 (ms)
[RANK0] F @ 138.385498046875 (ms) to 166.24365234375 (ms), cudaEventElapsed = 27.821056365966797 (ms)
[RANK0] F @ 166.453857421875 (ms) to 194.43896484375 (ms), cudaEventElapsed = 27.93984031677246 (ms)
[RANK0] B @ 271.011474609375 (ms) to 302.82958984375 (ms), cudaEventElapsed = 31.76633644104004 (ms)
[RANK0] F @ 303.093017578125 (ms) to 328.5166015625 (ms), cudaEventElapsed = 25.387008666992188 (ms)
[RANK0] B @ 351.52734375 (ms) to 384.663818359375 (ms), cudaEventElapsed = 33.08969497680664 (ms)
[RANK0] W @ 384.937255859375 (ms) to 399.37646484375 (ms), cudaEventElapsed = 14.404607772827148 (ms)
[RANK0] F @ 399.4375 (ms) to 425.5146484375 (ms), cudaEventElapsed = 26.042367935180664 (ms)
[RANK0] B @ 433.2919921875 (ms) to 469.328369140625 (ms), cudaEventElapsed = 35.99184036254883 (ms)
[RANK0] B @ 512.6396484375 (ms) to 544.47021484375 (ms), cudaEventElapsed = 31.787519454956055 (ms)
[RANK0] W @ 544.5478515625 (ms) to 558.218017578125 (ms), cudaEventElapsed = 13.635583877563477 (ms)
[RANK0] F @ 558.466064453125 (ms) to 584.62939453125 (ms), cudaEventElapsed = 26.12838363647461 (ms)
[RANK0] B @ 616.6845703125 (ms) to 650.255615234375 (ms), cudaEventElapsed = 33.52399826049805 (ms)
[RANK0] B @ 670.686767578125 (ms) to 702.678955078125 (ms), cudaEventElapsed = 31.954944610595703 (ms)
[RANK0] W @ 702.751953125 (ms) to 716.510986328125 (ms), cudaEventElapsed = 13.729791641235352 (ms)
[RANK0] F @ 716.744384765625 (ms) to 743.13427734375 (ms), cudaEventElapsed = 26.355712890625 (ms)
[RANK0] B @ 779.1845703125 (ms) to 812.51611328125 (ms), cudaEventElapsed = 33.285728454589844 (ms)
[RANK0] B @ 820.7724609375 (ms) to 853.123046875 (ms), cudaEventElapsed = 32.314273834228516 (ms)
[RANK0] W @ 853.194091796875 (ms) to 867.754638671875 (ms), cudaEventElapsed = 14.522368431091309 (ms)
[RANK0] F @ 867.989501953125 (ms) to 894.65673828125 (ms), cudaEventElapsed = 26.631168365478516 (ms)
[RANK0] W @ 894.87353515625 (ms) to 938.2763671875 (ms), cudaEventElapsed = 14.500864028930664 (ms)
[RANK0] W @ 938.3505859375 (ms) to 952.15576171875 (ms), cudaEventElapsed = 13.767680168151855 (ms)
[RANK0] W @ 952.407470703125 (ms) to 967.885986328125 (ms), cudaEventElapsed = 15.443967819213867 (ms)
[RANK0] W @ 967.93896484375 (ms) to 983.993408203125 (ms), cudaEventElapsed = 16.02355194091797 (ms)
[RANK0] B @ 984.170654296875 (ms) to 1019.991943359375 (ms), cudaEventElapsed = 35.79020690917969 (ms)
[RANK0] W @ 1020.213134765625 (ms) to 1041.644287109375 (ms), cudaEventElapsed = 14.831616401672363 (ms)
[RANK0] B @ 1041.8349609375 (ms) to 1075.99853515625 (ms), cudaEventElapsed = 34.13145446777344 (ms)
[RANK0] W @ 1076.066650390625 (ms) to 1091.38818359375 (ms), cudaEventElapsed = 15.29139232635498 (ms)
[RANK0] B @ 1124.986572265625 (ms) to 1158.0078125 (ms), cudaEventElapsed = 32.983585357666016 (ms)
[RANK0] W @ 1158.074951171875 (ms) to 1172.263671875 (ms), cudaEventElapsed = 14.15884780883789 (ms)
[RANK0] B @ 1212.98681640625 (ms) to 1244.739990234375 (ms), cudaEventElapsed = 31.718175888061523 (ms)
[RANK0] 1W @ 1244.80078125 (ms) to 1258.47412109375 (ms), cudaEventElapsed = 13.640704154968262 (ms)
[RANK0] Iteration 5
[RANK0] F @ 2.032958984375 (ms) to 27.3388671875 (ms), cudaEventElapsed = 25.27199935913086 (ms)
[RANK0] F @ 27.55419921875 (ms) to 52.86474609375 (ms), cudaEventElapsed = 25.27129554748535 (ms)
[RANK0] F @ 53.068603515625 (ms) to 80.128173828125 (ms), cudaEventElapsed = 27.022335052490234 (ms)
[RANK0] F @ 80.32080078125 (ms) to 108.24853515625 (ms), cudaEventElapsed = 27.894784927368164 (ms)
[RANK0] F @ 108.470947265625 (ms) to 136.439453125 (ms), cudaEventElapsed = 27.93267250061035 (ms)
[RANK0] F @ 136.635009765625 (ms) to 164.60009765625 (ms), cudaEventElapsed = 27.93164825439453 (ms)
[RANK0] F @ 164.79150390625 (ms) to 192.646484375 (ms), cudaEventElapsed = 27.822080612182617 (ms)
[RANK0] B @ 272.379150390625 (ms) to 305.123291015625 (ms), cudaEventElapsed = 32.69395065307617 (ms)
[RANK0] F @ 305.363525390625 (ms) to 331.591552734375 (ms), cudaEventElapsed = 26.194944381713867 (ms)
[RANK0] B @ 357.70068359375 (ms) to 391.3662109375 (ms), cudaEventElapsed = 33.620574951171875 (ms)
[RANK0] W @ 391.58935546875 (ms) to 407.29150390625 (ms), cudaEventElapsed = 15.672320365905762 (ms)
[RANK0] F @ 407.34619140625 (ms) to 434.558349609375 (ms), cudaEventElapsed = 27.183103561401367 (ms)
[RANK0] B @ 442.520751953125 (ms) to 479.577880859375 (ms), cudaEventElapsed = 37.01615905761719 (ms)
[RANK0] B @ 525.129150390625 (ms) to 557.7021484375 (ms), cudaEventElapsed = 32.531070709228516 (ms)
[RANK0] W @ 557.77294921875 (ms) to 572.387939453125 (ms), cudaEventElapsed = 14.584832191467285 (ms)
[RANK0] F @ 572.604736328125 (ms) to 599.142333984375 (ms), cudaEventElapsed = 26.50726318359375 (ms)
[RANK0] B @ 638.80810546875 (ms) to 673.07373046875 (ms), cudaEventElapsed = 34.2176628112793 (ms)
[RANK0] B @ 689.526123046875 (ms) to 722.2705078125 (ms), cudaEventElapsed = 32.707008361816406 (ms)
[RANK0] W @ 722.34033203125 (ms) to 737.326171875 (ms), cudaEventElapsed = 14.954496383666992 (ms)
[RANK0] F @ 737.55810546875 (ms) to 765.92822265625 (ms), cudaEventElapsed = 28.3371524810791 (ms)
[RANK0] B @ 805.8525390625 (ms) to 839.549560546875 (ms), cudaEventElapsed = 33.655616760253906 (ms)
[RANK0] B @ 850.4814453125 (ms) to 883.411865234375 (ms), cudaEventElapsed = 32.897377014160156 (ms)
[RANK0] W @ 883.481201171875 (ms) to 898.75537109375 (ms), cudaEventElapsed = 15.238143920898438 (ms)
[RANK0] F @ 898.989013671875 (ms) to 927.67919921875 (ms), cudaEventElapsed = 28.656639099121094 (ms)
[RANK0] W @ 927.87060546875 (ms) to 979.319580078125 (ms), cudaEventElapsed = 14.354432106018066 (ms)
[RANK0] W @ 979.376953125 (ms) to 994.618896484375 (ms), cudaEventElapsed = 15.20844841003418 (ms)
[RANK0] W @ 994.83447265625 (ms) to 1011.67138671875 (ms), cudaEventElapsed = 16.80588722229004 (ms)
[RANK0] W @ 1011.71630859375 (ms) to 1029.651123046875 (ms), cudaEventElapsed = 17.907712936401367 (ms)
[RANK0] B @ 1029.81494140625 (ms) to 1067.6962890625 (ms), cudaEventElapsed = 37.8524169921875 (ms)
[RANK0] W @ 1067.88916015625 (ms) to 1094.333984375 (ms), cudaEventElapsed = 15.532032012939453 (ms)
[RANK0] B @ 1094.51220703125 (ms) to 1130.321044921875 (ms), cudaEventElapsed = 35.774879455566406 (ms)
[RANK0] W @ 1130.388916015625 (ms) to 1147.3203125 (ms), cudaEventElapsed = 16.903167724609375 (ms)
[RANK0] B @ 1188.673583984375 (ms) to 1222.6142578125 (ms), cudaEventElapsed = 33.90214538574219 (ms)
[RANK0] W @ 1222.677490234375 (ms) to 1238.10986328125 (ms), cudaEventElapsed = 15.40505599975586 (ms)
[RANK0] B @ 1289.453369140625 (ms) to 1322.02685546875 (ms), cudaEventElapsed = 32.53852844238281 (ms)
[RANK0] 1W @ 1322.0859375 (ms) to 1336.803955078125 (ms), cudaEventElapsed = 14.691328048706055 (ms)
[RANK0] Iteration 6
[RANK0] F @ 2.158447265625 (ms) to 27.336669921875 (ms), cudaEventElapsed = 25.146879196166992 (ms)
[RANK0] F @ 27.549072265625 (ms) to 53.084716796875 (ms), cudaEventElapsed = 25.49964714050293 (ms)
[RANK0] F @ 53.2783203125 (ms) to 80.785400390625 (ms), cudaEventElapsed = 27.472896575927734 (ms)
[RANK0] F @ 80.975830078125 (ms) to 109.2939453125 (ms), cudaEventElapsed = 28.283903121948242 (ms)
[RANK0] F @ 109.50732421875 (ms) to 137.761474609375 (ms), cudaEventElapsed = 28.219392776489258 (ms)
[RANK0] F @ 138.074951171875 (ms) to 166.09619140625 (ms), cudaEventElapsed = 27.984895706176758 (ms)
[RANK0] F @ 166.281005859375 (ms) to 194.21875 (ms), cudaEventElapsed = 27.90399932861328 (ms)
[RANK0] B @ 274.19091796875 (ms) to 307.301025390625 (ms), cudaEventElapsed = 33.049598693847656 (ms)
[RANK0] F @ 307.5234375 (ms) to 333.793212890625 (ms), cudaEventElapsed = 26.235904693603516 (ms)
[RANK0] B @ 359.619384765625 (ms) to 393.38720703125 (ms), cudaEventElapsed = 33.7242546081543 (ms)
[RANK0] W @ 393.60498046875 (ms) to 409.876953125 (ms), cudaEventElapsed = 16.24064064025879 (ms)
[RANK0] F @ 409.932373046875 (ms) to 438.69189453125 (ms), cudaEventElapsed = 28.73139190673828 (ms)
[RANK0] B @ 444.70166015625 (ms) to 481.8310546875 (ms), cudaEventElapsed = 37.0904655456543 (ms)
[RANK0] B @ 526.265625 (ms) to 559.444091796875 (ms), cudaEventElapsed = 33.14009475708008 (ms)
[RANK0] W @ 559.510986328125 (ms) to 574.600341796875 (ms), cudaEventElapsed = 15.063039779663086 (ms)
[RANK0] F @ 574.84619140625 (ms) to 602.54248046875 (ms), cudaEventElapsed = 27.663360595703125 (ms)
[RANK0] B @ 639.0068359375 (ms) to 673.479248046875 (ms), cudaEventElapsed = 34.4279670715332 (ms)
[RANK0] B @ 690.6669921875 (ms) to 723.902587890625 (ms), cudaEventElapsed = 33.19926452636719 (ms)
[RANK0] W @ 723.96923828125 (ms) to 739.89013671875 (ms), cudaEventElapsed = 15.888383865356445 (ms)
[RANK0] F @ 740.0927734375 (ms) to 768.861572265625 (ms), cudaEventElapsed = 28.73753547668457 (ms)
[RANK0] B @ 807.171142578125 (ms) to 841.458984375 (ms), cudaEventElapsed = 34.249855041503906 (ms)
[RANK0] B @ 851.251708984375 (ms) to 885.113037109375 (ms), cudaEventElapsed = 33.82726287841797 (ms)
[RANK0] W @ 885.176513671875 (ms) to 901.633056640625 (ms), cudaEventElapsed = 16.43110466003418 (ms)
[RANK0] F @ 901.858642578125 (ms) to 931.609130859375 (ms), cudaEventElapsed = 29.716480255126953 (ms)
[RANK0] W @ 931.80322265625 (ms) to 983.45458984375 (ms), cudaEventElapsed = 14.414848327636719 (ms)
[RANK0] W @ 983.521484375 (ms) to 999.22216796875 (ms), cudaEventElapsed = 15.662079811096191 (ms)
[RANK0] W @ 999.43896484375 (ms) to 1016.935302734375 (ms), cudaEventElapsed = 17.465343475341797 (ms)
[RANK0] W @ 1016.982177734375 (ms) to 1036.076416015625 (ms), cudaEventElapsed = 19.06585693359375 (ms)
[RANK0] B @ 1036.246826171875 (ms) to 1075.369873046875 (ms), cudaEventElapsed = 39.093441009521484 (ms)
[RANK0] W @ 1075.591064453125 (ms) to 1098.2314453125 (ms), cudaEventElapsed = 16.8407039642334 (ms)
[RANK0] B @ 1098.414306640625 (ms) to 1135.42431640625 (ms), cudaEventElapsed = 36.97884750366211 (ms)
[RANK0] W @ 1135.486572265625 (ms) to 1153.151611328125 (ms), cudaEventElapsed = 17.6363525390625 (ms)
[RANK0] B @ 1191.8232421875 (ms) to 1225.85107421875 (ms), cudaEventElapsed = 33.99097442626953 (ms)
[RANK0] W @ 1225.921630859375 (ms) to 1241.973876953125 (ms), cudaEventElapsed = 16.02457618713379 (ms)
[RANK0] B @ 1291.80615234375 (ms) to 1324.814697265625 (ms), cudaEventElapsed = 32.97158432006836 (ms)
[RANK0] 1W @ 1324.8837890625 (ms) to 1340.26171875 (ms), cudaEventElapsed = 15.345664024353027 (ms)
[RANK0] Iteration 7
[RANK0] F @ 2.093017578125 (ms) to 27.277099609375 (ms), cudaEventElapsed = 25.1463680267334 (ms)
[RANK0] F @ 27.493896484375 (ms) to 52.994873046875 (ms), cudaEventElapsed = 25.463808059692383 (ms)
[RANK0] F @ 53.19921875 (ms) to 80.709716796875 (ms), cudaEventElapsed = 27.479040145874023 (ms)
[RANK0] F @ 80.90966796875 (ms) to 108.707275390625 (ms), cudaEventElapsed = 27.76371192932129 (ms)
[RANK0] F @ 108.931396484375 (ms) to 137.13232421875 (ms), cudaEventElapsed = 28.15999984741211 (ms)
[RANK0] F @ 137.328125 (ms) to 165.36669921875 (ms), cudaEventElapsed = 28.0053768157959 (ms)
[RANK0] F @ 165.55908203125 (ms) to 193.55908203125 (ms), cudaEventElapsed = 27.9685115814209 (ms)
[RANK0] B @ 274.218017578125 (ms) to 307.45751953125 (ms), cudaEventElapsed = 33.18115234375 (ms)
[RANK0] F @ 307.705078125 (ms) to 334.31005859375 (ms), cudaEventElapsed = 26.570751190185547 (ms)
[RANK0] B @ 357.647705078125 (ms) to 391.43359375 (ms), cudaEventElapsed = 33.73884963989258 (ms)
[RANK0] W @ 391.658935546875 (ms) to 407.4638671875 (ms), cudaEventElapsed = 15.773695945739746 (ms)
[RANK0] F @ 407.53076171875 (ms) to 437.077392578125 (ms), cudaEventElapsed = 29.511680603027344 (ms)
[RANK0] B @ 442.9833984375 (ms) to 479.84521484375 (ms), cudaEventElapsed = 36.82227325439453 (ms)
[RANK0] B @ 525.3505859375 (ms) to 558.656494140625 (ms), cudaEventElapsed = 33.26224136352539 (ms)
[RANK0] W @ 558.729736328125 (ms) to 574.205078125 (ms), cudaEventElapsed = 15.447039604187012 (ms)
[RANK0] F @ 574.44091796875 (ms) to 603.05126953125 (ms), cudaEventElapsed = 28.57574462890625 (ms)
[RANK0] B @ 638.033935546875 (ms) to 672.568115234375 (ms), cudaEventElapsed = 34.4890251159668 (ms)
[RANK0] B @ 689.598876953125 (ms) to 723.023681640625 (ms), cudaEventElapsed = 33.387264251708984 (ms)
[RANK0] W @ 723.107177734375 (ms) to 738.60400390625 (ms), cudaEventElapsed = 15.458304405212402 (ms)
[RANK0] F @ 738.828857421875 (ms) to 767.244873046875 (ms), cudaEventElapsed = 28.38425636291504 (ms)
[RANK0] B @ 806.549072265625 (ms) to 840.9228515625 (ms), cudaEventElapsed = 34.31126403808594 (ms)
[RANK0] B @ 850.71240234375 (ms) to 884.588134765625 (ms), cudaEventElapsed = 33.841087341308594 (ms)
[RANK0] W @ 884.658203125 (ms) to 900.8271484375 (ms), cudaEventElapsed = 16.133119583129883 (ms)
[RANK0] F @ 901.03955078125 (ms) to 929.78125 (ms), cudaEventElapsed = 28.709888458251953 (ms)
[RANK0] W @ 929.979248046875 (ms) to 983.4423828125 (ms), cudaEventElapsed = 14.509056091308594 (ms)
[RANK0] W @ 983.504150390625 (ms) to 999.592529296875 (ms), cudaEventElapsed = 16.054271697998047 (ms)
[RANK0] W @ 999.806884765625 (ms) to 1018.378173828125 (ms), cudaEventElapsed = 18.539520263671875 (ms)
[RANK0] W @ 1018.432861328125 (ms) to 1038.991455078125 (ms), cudaEventElapsed = 20.526079177856445 (ms)
[RANK0] B @ 1039.16259765625 (ms) to 1079.52001953125 (ms), cudaEventElapsed = 40.3265266418457 (ms)
[RANK0] W @ 1079.73486328125 (ms) to 1098.705810546875 (ms), cudaEventElapsed = 18.463743209838867 (ms)
[RANK0] B @ 1098.878173828125 (ms) to 1136.762939453125 (ms), cudaEventElapsed = 37.8554573059082 (ms)
[RANK0] W @ 1136.828125 (ms) to 1155.069580078125 (ms), cudaEventElapsed = 18.207744598388672 (ms)
[RANK0] B @ 1189.840087890625 (ms) to 1224.069580078125 (ms), cudaEventElapsed = 34.18937683105469 (ms)
[RANK0] W @ 1224.14501953125 (ms) to 1239.96875 (ms), cudaEventElapsed = 15.789055824279785 (ms)
[RANK0] B @ 1290.66552734375 (ms) to 1323.8935546875 (ms), cudaEventElapsed = 33.19366455078125 (ms)
[RANK0] 1W @ 1323.958984375 (ms) to 1339.3408203125 (ms), cudaEventElapsed = 15.350784301757812 (ms)
[RANK0] Iteration 8
[RANK0] F @ 2.16259765625 (ms) to 27.30517578125 (ms), cudaEventElapsed = 25.10825538635254 (ms)
[RANK0] F @ 27.51953125 (ms) to 53.043212890625 (ms), cudaEventElapsed = 25.48531150817871 (ms)
[RANK0] F @ 53.24365234375 (ms) to 81.337890625 (ms), cudaEventElapsed = 28.060672760009766 (ms)
[RANK0] F @ 81.53564453125 (ms) to 109.927734375 (ms), cudaEventElapsed = 28.35865592956543 (ms)
[RANK0] F @ 110.137939453125 (ms) to 138.415771484375 (ms), cudaEventElapsed = 28.237823486328125 (ms)
[RANK0] F @ 138.6162109375 (ms) to 166.818115234375 (ms), cudaEventElapsed = 28.16204833984375 (ms)
[RANK0] F @ 167.012939453125 (ms) to 195.16357421875 (ms), cudaEventElapsed = 28.105728149414062 (ms)
[RANK0] B @ 272.133544921875 (ms) to 305.366943359375 (ms), cudaEventElapsed = 33.18422317504883 (ms)
[RANK0] F @ 305.60498046875 (ms) to 331.65576171875 (ms), cudaEventElapsed = 26.017791748046875 (ms)
[RANK0] B @ 355.930908203125 (ms) to 389.60546875 (ms), cudaEventElapsed = 33.62838363647461 (ms)
[RANK0] W @ 389.836669921875 (ms) to 405.89599609375 (ms), cudaEventElapsed = 16.02560043334961 (ms)
[RANK0] F @ 405.953125 (ms) to 435.15869140625 (ms), cudaEventElapsed = 29.17580795288086 (ms)
[RANK0] B @ 441.547119140625 (ms) to 478.60986328125 (ms), cudaEventElapsed = 37.02195358276367 (ms)
[RANK0] B @ 523.484375 (ms) to 556.745361328125 (ms), cudaEventElapsed = 33.221248626708984 (ms)
[RANK0] W @ 556.815673828125 (ms) to 572.349365234375 (ms), cudaEventElapsed = 15.49619197845459 (ms)
[RANK0] F @ 572.585205078125 (ms) to 601.947509765625 (ms), cudaEventElapsed = 29.327360153198242 (ms)
[RANK0] B @ 636.393798828125 (ms) to 670.67529296875 (ms), cudaEventElapsed = 34.237342834472656 (ms)
[RANK0] B @ 687.36767578125 (ms) to 720.900146484375 (ms), cudaEventElapsed = 33.49494552612305 (ms)
[RANK0] W @ 720.968505859375 (ms) to 736.942138671875 (ms), cudaEventElapsed = 15.939583778381348 (ms)
[RANK0] F @ 737.173828125 (ms) to 765.71533203125 (ms), cudaEventElapsed = 28.50713539123535 (ms)
[RANK0] B @ 803.19580078125 (ms) to 837.619384765625 (ms), cudaEventElapsed = 34.37897491455078 (ms)
[RANK0] B @ 847.65771484375 (ms) to 881.186279296875 (ms), cudaEventElapsed = 33.495296478271484 (ms)
[RANK0] W @ 881.2626953125 (ms) to 897.322021484375 (ms), cudaEventElapsed = 16.02252769470215 (ms)
[RANK0] F @ 897.54296875 (ms) to 926.17578125 (ms), cudaEventElapsed = 28.601343154907227 (ms)
[RANK0] W @ 926.3720703125 (ms) to 979.20068359375 (ms), cudaEventElapsed = 14.595071792602539 (ms)
[RANK0] W @ 979.260498046875 (ms) to 994.43310546875 (ms), cudaEventElapsed = 15.132672309875488 (ms)
[RANK0] W @ 994.648193359375 (ms) to 1012.16943359375 (ms), cudaEventElapsed = 17.487871170043945 (ms)
[RANK0] W @ 1012.214111328125 (ms) to 1032.712646484375 (ms), cudaEventElapsed = 20.470783233642578 (ms)
[RANK0] B @ 1032.88037109375 (ms) to 1073.27880859375 (ms), cudaEventElapsed = 40.36854553222656 (ms)
[RANK0] W @ 1073.479248046875 (ms) to 1094.573486328125 (ms), cudaEventElapsed = 18.484224319458008 (ms)
[RANK0] B @ 1094.744140625 (ms) to 1132.563720703125 (ms), cudaEventElapsed = 37.78995132446289 (ms)
[RANK0] W @ 1132.627197265625 (ms) to 1150.443603515625 (ms), cudaEventElapsed = 17.787904739379883 (ms)
[RANK0] B @ 1187.705810546875 (ms) to 1222.07177734375 (ms), cudaEventElapsed = 34.32953643798828 (ms)
[RANK0] W @ 1222.136962890625 (ms) to 1238.021728515625 (ms), cudaEventElapsed = 15.853568077087402 (ms)
[RANK0] B @ 1289.435791015625 (ms) to 1322.670166015625 (ms), cudaEventElapsed = 33.198848724365234 (ms)
[RANK0] 1W @ 1322.73291015625 (ms) to 1338.198486328125 (ms), cudaEventElapsed = 15.437824249267578 (ms)
[RANK0] Iteration 9
[RANK0] F @ 2.034912109375 (ms) to 27.23486328125 (ms), cudaEventElapsed = 25.167360305786133 (ms)
[RANK0] F @ 27.460205078125 (ms) to 52.499267578125 (ms), cudaEventElapsed = 25.005056381225586 (ms)
[RANK0] F @ 52.705322265625 (ms) to 80.458984375 (ms), cudaEventElapsed = 27.71353530883789 (ms)
[RANK0] F @ 80.6474609375 (ms) to 108.89111328125 (ms), cudaEventElapsed = 28.209152221679688 (ms)
[RANK0] F @ 109.080322265625 (ms) to 137.238037109375 (ms), cudaEventElapsed = 28.1210880279541 (ms)
[RANK0] F @ 137.496337890625 (ms) to 165.619384765625 (ms), cudaEventElapsed = 28.084224700927734 (ms)
[RANK0] F @ 165.804443359375 (ms) to 193.812255859375 (ms), cudaEventElapsed = 27.976703643798828 (ms)
[RANK0] B @ 588.30810546875 (ms) to 621.719482421875 (ms), cudaEventElapsed = 33.34531021118164 (ms)
[RANK0] F @ 621.998291015625 (ms) to 648.336669921875 (ms), cudaEventElapsed = 26.30348777770996 (ms)
[RANK0] B @ 779.7783203125 (ms) to 813.084228515625 (ms), cudaEventElapsed = 33.25068664550781 (ms)
[RANK0] W @ 813.331298828125 (ms) to 828.95654296875 (ms), cudaEventElapsed = 15.59449577331543 (ms)
[RANK0] F @ 829.01513671875 (ms) to 858.29931640625 (ms), cudaEventElapsed = 29.248512268066406 (ms)
[RANK0] B @ 974.32373046875 (ms) to 1008.384765625 (ms), cudaEventElapsed = 34.00569534301758 (ms)
[RANK0] B @ 1166.5478515625 (ms) to 1199.73828125 (ms), cudaEventElapsed = 33.139041900634766 (ms)
[RANK0] W @ 1199.814208984375 (ms) to 1214.979248046875 (ms), cudaEventElapsed = 15.135744094848633 (ms)
[RANK0] F @ 1215.228515625 (ms) to 1244.974853515625 (ms), cudaEventElapsed = 29.702144622802734 (ms)
[RANK0] B @ 1363.21826171875 (ms) to 1397.28173828125 (ms), cudaEventElapsed = 34.011070251464844 (ms)
[RANK0] B @ 1551.883544921875 (ms) to 1585.059326171875 (ms), cudaEventElapsed = 33.125953674316406 (ms)
[RANK0] W @ 1585.13623046875 (ms) to 1600.370361328125 (ms), cudaEventElapsed = 15.20025634765625 (ms)
[RANK0] F @ 1600.610107421875 (ms) to 1628.422119140625 (ms), cudaEventElapsed = 27.778047561645508 (ms)
[RANK0] B @ 1774.95849609375 (ms) to 1809.104248046875 (ms), cudaEventElapsed = 34.090816497802734 (ms)
[RANK0] B @ 1818.7587890625 (ms) to 1852.54638671875 (ms), cudaEventElapsed = 33.7479362487793 (ms)
[RANK0] W @ 1852.6201171875 (ms) to 1869.063232421875 (ms), cudaEventElapsed = 16.40959930419922 (ms)
[RANK0] F @ 1869.279541015625 (ms) to 1899.5888671875 (ms), cudaEventElapsed = 30.278656005859375 (ms)
[RANK0] W @ 1899.779052734375 (ms) to 2051.87744140625 (ms), cudaEventElapsed = 14.4650239944458 (ms)
[RANK0] W @ 2051.975830078125 (ms) to 2067.019287109375 (ms), cudaEventElapsed = 14.99443244934082 (ms)
[RANK0] W @ 2067.28125 (ms) to 2084.599609375 (ms), cudaEventElapsed = 17.284095764160156 (ms)
[RANK0] W @ 2084.646240234375 (ms) to 2104.960693359375 (ms), cudaEventElapsed = 20.28544044494629 (ms)
[RANK0] B @ 2105.134521484375 (ms) to 2145.986572265625 (ms), cudaEventElapsed = 40.81964874267578 (ms)
[RANK0] W @ 2146.183349609375 (ms) to 2271.400390625 (ms), cudaEventElapsed = 14.635007858276367 (ms)
[RANK0] B @ 2271.629638671875 (ms) to 2306.944580078125 (ms), cudaEventElapsed = 35.27907180786133 (ms)
[RANK0] W @ 2307.0107421875 (ms) to 2324.040771484375 (ms), cudaEventElapsed = 17.00044822692871 (ms)
[RANK0] B @ 2476.53564453125 (ms) to 2510.526123046875 (ms), cudaEventElapsed = 33.94140625 (ms)
[RANK0] W @ 2510.599853515625 (ms) to 2526.107177734375 (ms), cudaEventElapsed = 15.47878360748291 (ms)
[RANK0] B @ 2580.369384765625 (ms) to 2613.4208984375 (ms), cudaEventElapsed = 33.01408004760742 (ms)
[RANK0] 1W @ 2613.485107421875 (ms) to 2628.98193359375 (ms), cudaEventElapsed = 15.468544006347656 (ms)
[RANK0] Iteration 10
[RANK0] F @ 2.03955078125 (ms) to 27.31103515625 (ms), cudaEventElapsed = 25.23593521118164 (ms)
[RANK0] F @ 27.53271484375 (ms) to 53.235595703125 (ms), cudaEventElapsed = 25.664512634277344 (ms)
[RANK0] F @ 53.444580078125 (ms) to 80.96142578125 (ms), cudaEventElapsed = 27.476991653442383 (ms)
[RANK0] F @ 81.166748046875 (ms) to 109.242431640625 (ms), cudaEventElapsed = 28.041215896606445 (ms)
[RANK0] F @ 109.44140625 (ms) to 137.612060546875 (ms), cudaEventElapsed = 28.13849639892578 (ms)
[RANK0] F @ 137.80322265625 (ms) to 165.760009765625 (ms), cudaEventElapsed = 27.92140769958496 (ms)
[RANK0] F @ 165.947021484375 (ms) to 194.192626953125 (ms), cudaEventElapsed = 28.212223052978516 (ms)
[RANK0] B @ 582.772216796875 (ms) to 616.13671875 (ms), cudaEventElapsed = 33.291648864746094 (ms)
[RANK0] F @ 616.4638671875 (ms) to 642.547119140625 (ms), cudaEventElapsed = 26.045440673828125 (ms)
[RANK0] B @ 775.642333984375 (ms) to 809.141845703125 (ms), cudaEventElapsed = 33.43376159667969 (ms)
[RANK0] W @ 809.427490234375 (ms) to 824.8212890625 (ms), cudaEventElapsed = 15.352831840515137 (ms)
[RANK0] F @ 824.87646484375 (ms) to 854.33203125 (ms), cudaEventElapsed = 29.423616409301758 (ms)
[RANK0] B @ 969.4072265625 (ms) to 1003.408447265625 (ms), cudaEventElapsed = 33.93619155883789 (ms)
[RANK0] B @ 1160.52490234375 (ms) to 1193.85546875 (ms), cudaEventElapsed = 33.269439697265625 (ms)
[RANK0] W @ 1193.94189453125 (ms) to 1209.23583984375 (ms), cudaEventElapsed = 15.260671615600586 (ms)
[RANK0] F @ 1209.46923828125 (ms) to 1238.393310546875 (ms), cudaEventElapsed = 28.892160415649414 (ms)
[RANK0] B @ 1357.0048828125 (ms) to 1391.161865234375 (ms), cudaEventElapsed = 34.10518264770508 (ms)
[RANK0] B @ 1544.075927734375 (ms) to 1577.275390625 (ms), cudaEventElapsed = 33.14147186279297 (ms)
[RANK0] W @ 1577.353271484375 (ms) to 1592.590576171875 (ms), cudaEventElapsed = 15.205375671386719 (ms)
[RANK0] F @ 1592.822021484375 (ms) to 1621.12353515625 (ms), cudaEventElapsed = 28.269567489624023 (ms)
[RANK0] B @ 1768.312255859375 (ms) to 1802.405029296875 (ms), cudaEventElapsed = 34.04246520996094 (ms)
[RANK0] B @ 1812.72021484375 (ms) to 1846.629638671875 (ms), cudaEventElapsed = 33.87315368652344 (ms)
[RANK0] W @ 1846.690185546875 (ms) to 1862.791015625 (ms), cudaEventElapsed = 16.067583084106445 (ms)
[RANK0] F @ 1862.99169921875 (ms) to 1892.543212890625 (ms), cudaEventElapsed = 29.519872665405273 (ms)
[RANK0] W @ 1892.735107421875 (ms) to 2045.38720703125 (ms), cudaEventElapsed = 14.443519592285156 (ms)
[RANK0] W @ 2045.460205078125 (ms) to 2060.124267578125 (ms), cudaEventElapsed = 14.622719764709473 (ms)
[RANK0] W @ 2060.32958984375 (ms) to 2077.887939453125 (ms), cudaEventElapsed = 17.525760650634766 (ms)
[RANK0] W @ 2077.932373046875 (ms) to 2098.66259765625 (ms), cudaEventElapsed = 20.702207565307617 (ms)
[RANK0] B @ 2098.837158203125 (ms) to 2139.48681640625 (ms), cudaEventElapsed = 40.619422912597656 (ms)
[RANK0] W @ 2139.67333984375 (ms) to 2264.86669921875 (ms), cudaEventElapsed = 14.702591896057129 (ms)
[RANK0] B @ 2265.0732421875 (ms) to 2300.087890625 (ms), cudaEventElapsed = 34.9791374206543 (ms)
[RANK0] W @ 2300.170166015625 (ms) to 2317.06005859375 (ms), cudaEventElapsed = 16.854015350341797 (ms)
[RANK0] B @ 2469.346435546875 (ms) to 2503.2275390625 (ms), cudaEventElapsed = 33.83670425415039 (ms)
[RANK0] W @ 2503.298583984375 (ms) to 2519.023193359375 (ms), cudaEventElapsed = 15.68563175201416 (ms)
[RANK0] B @ 2572.85546875 (ms) to 2605.92138671875 (ms), cudaEventElapsed = 33.030174255371094 (ms)
[RANK0] 1W @ 2605.9833984375 (ms) to 2621.209228515625 (ms), cudaEventElapsed = 15.194111824035645 (ms)
[RANK0] Iteration 11
[RANK0] F @ 1.99609375 (ms) to 27.285400390625 (ms), cudaEventElapsed = 25.256704330444336 (ms)
[RANK0] F @ 27.49365234375 (ms) to 53.126953125 (ms), cudaEventElapsed = 25.594879150390625 (ms)
[RANK0] F @ 53.32080078125 (ms) to 80.9375 (ms), cudaEventElapsed = 27.58348846435547 (ms)
[RANK0] F @ 81.13623046875 (ms) to 108.999267578125 (ms), cudaEventElapsed = 27.828224182128906 (ms)
[RANK0] F @ 109.19775390625 (ms) to 137.09130859375 (ms), cudaEventElapsed = 27.859968185424805 (ms)
[RANK0] F @ 137.27587890625 (ms) to 164.953125 (ms), cudaEventElapsed = 27.644927978515625 (ms)
[RANK0] F @ 165.13720703125 (ms) to 193.171630859375 (ms), cudaEventElapsed = 28.002304077148438 (ms)
[RANK0] B @ 582.20068359375 (ms) to 615.45751953125 (ms), cudaEventElapsed = 33.19939041137695 (ms)
[RANK0] F @ 615.712646484375 (ms) to 641.631103515625 (ms), cudaEventElapsed = 25.885696411132812 (ms)
[RANK0] B @ 775.560791015625 (ms) to 808.869140625 (ms), cudaEventElapsed = 33.259361267089844 (ms)
[RANK0] W @ 809.1064453125 (ms) to 824.31005859375 (ms), cudaEventElapsed = 15.172608375549316 (ms)
[RANK0] F @ 824.363037109375 (ms) to 853.677001953125 (ms), cudaEventElapsed = 29.287424087524414 (ms)
[RANK0] B @ 968.99267578125 (ms) to 1002.897705078125 (ms), cudaEventElapsed = 33.85603332519531 (ms)
[RANK0] B @ 1160.723388671875 (ms) to 1193.87744140625 (ms), cudaEventElapsed = 33.10892868041992 (ms)
[RANK0] W @ 1193.958251953125 (ms) to 1209.33642578125 (ms), cudaEventElapsed = 15.341567993164062 (ms)
[RANK0] F @ 1209.587158203125 (ms) to 1238.142578125 (ms), cudaEventElapsed = 28.519424438476562 (ms)
[RANK0] B @ 1359.212646484375 (ms) to 1393.3466796875 (ms), cudaEventElapsed = 34.08086395263672 (ms)
[RANK0] B @ 1548.17333984375 (ms) to 1581.36083984375 (ms), cudaEventElapsed = 33.13071823120117 (ms)
[RANK0] W @ 1581.442626953125 (ms) to 1596.7578125 (ms), cudaEventElapsed = 15.28012752532959 (ms)
[RANK0] F @ 1597.004150390625 (ms) to 1625.589599609375 (ms), cudaEventElapsed = 28.5532169342041 (ms)
[RANK0] B @ 1772.602783203125 (ms) to 1806.6328125 (ms), cudaEventElapsed = 33.972320556640625 (ms)
[RANK0] B @ 1816.41650390625 (ms) to 1849.862060546875 (ms), cudaEventElapsed = 33.406494140625 (ms)
[RANK0] W @ 1849.9345703125 (ms) to 1866.2626953125 (ms), cudaEventElapsed = 16.295936584472656 (ms)
[RANK0] F @ 1866.47216796875 (ms) to 1895.896240234375 (ms), cudaEventElapsed = 29.39289665222168 (ms)
[RANK0] W @ 1896.116455078125 (ms) to 2093.2490234375 (ms), cudaEventElapsed = 14.48857593536377 (ms)
[RANK0] W @ 2093.3310546875 (ms) to 2108.747314453125 (ms), cudaEventElapsed = 15.37228775024414 (ms)
[RANK0] W @ 2108.996826171875 (ms) to 2126.952880859375 (ms), cudaEventElapsed = 17.924095153808594 (ms)
[RANK0] W @ 2127.00048828125 (ms) to 2147.899169921875 (ms), cudaEventElapsed = 20.87014389038086 (ms)
[RANK0] B @ 2148.077880859375 (ms) to 2188.7138671875 (ms), cudaEventElapsed = 40.60563278198242 (ms)
[RANK0] W @ 2188.91455078125 (ms) to 2381.253173828125 (ms), cudaEventElapsed = 14.660608291625977 (ms)
[RANK0] B @ 2381.48388671875 (ms) to 2416.926513671875 (ms), cudaEventElapsed = 35.38249588012695 (ms)
[RANK0] W @ 2416.996337890625 (ms) to 2433.9580078125 (ms), cudaEventElapsed = 16.925695419311523 (ms)
[RANK0] B @ 2654.75927734375 (ms) to 2688.77587890625 (ms), cudaEventElapsed = 33.96860885620117 (ms)
[RANK0] W @ 2688.84521484375 (ms) to 2704.056396484375 (ms), cudaEventElapsed = 15.18182373046875 (ms)
[RANK0] B @ 2841.882080078125 (ms) to 2874.9990234375 (ms), cudaEventElapsed = 33.07612609863281 (ms)
[RANK0] 1W @ 2875.066650390625 (ms) to 2890.487060546875 (ms), cudaEventElapsed = 15.391743659973145 (ms)
[RANK0] Iteration 12
[RANK0] F @ 2.12841796875 (ms) to 27.28955078125 (ms), cudaEventElapsed = 25.127391815185547 (ms)
[RANK0] F @ 27.505615234375 (ms) to 53.085693359375 (ms), cudaEventElapsed = 25.54368019104004 (ms)
[RANK0] F @ 53.283935546875 (ms) to 80.943115234375 (ms), cudaEventElapsed = 27.626495361328125 (ms)
[RANK0] F @ 81.14111328125 (ms) to 109.13818359375 (ms), cudaEventElapsed = 27.95929527282715 (ms)
[RANK0] F @ 109.3349609375 (ms) to 137.473876953125 (ms), cudaEventElapsed = 28.105728149414062 (ms)
[RANK0] F @ 137.6650390625 (ms) to 165.72216796875 (ms), cudaEventElapsed = 28.024831771850586 (ms)
[RANK0] F @ 165.9072265625 (ms) to 194.156005859375 (ms), cudaEventElapsed = 28.209152221679688 (ms)
[RANK0] B @ 685.2734375 (ms) to 718.6591796875 (ms), cudaEventElapsed = 33.310943603515625 (ms)
[RANK0] F @ 718.97119140625 (ms) to 745.01953125 (ms), cudaEventElapsed = 26.005504608154297 (ms)
[RANK0] B @ 968.505615234375 (ms) to 1001.810546875 (ms), cudaEventElapsed = 33.24931335449219 (ms)
[RANK0] W @ 1002.084228515625 (ms) to 1017.38232421875 (ms), cudaEventElapsed = 15.26476764678955 (ms)
[RANK0] F @ 1017.444091796875 (ms) to 1045.48291015625 (ms), cudaEventElapsed = 28.004352569580078 (ms)
[RANK0] B @ 1185.213134765625 (ms) to 1219.23974609375 (ms), cudaEventElapsed = 33.977439880371094 (ms)
[RANK0] B @ 1399.102783203125 (ms) to 1432.15234375 (ms), cudaEventElapsed = 33.0049934387207 (ms)
[RANK0] W @ 1432.228271484375 (ms) to 1447.059326171875 (ms), cudaEventElapsed = 14.80294418334961 (ms)
[RANK0] F @ 1447.29150390625 (ms) to 1477.088623046875 (ms), cudaEventElapsed = 29.76255989074707 (ms)
[RANK0] B @ 1617.33349609375 (ms) to 1651.287109375 (ms), cudaEventElapsed = 33.90902328491211 (ms)
[RANK0] B @ 1828.7412109375 (ms) to 1861.7978515625 (ms), cudaEventElapsed = 33.01087951660156 (ms)
[RANK0] W @ 1861.878662109375 (ms) to 1876.970458984375 (ms), cudaEventElapsed = 15.059967994689941 (ms)
[RANK0] F @ 1877.18115234375 (ms) to 1905.2978515625 (ms), cudaEventElapsed = 28.086271286010742 (ms)
[RANK0] B @ 2058.009521484375 (ms) to 2092.026611328125 (ms), cudaEventElapsed = 33.9700813293457 (ms)
[RANK0] B @ 2160.41796875 (ms) to 2193.577392578125 (ms), cudaEventElapsed = 33.116512298583984 (ms)
[RANK0] W @ 2193.645263671875 (ms) to 2208.6591796875 (ms), cudaEventElapsed = 14.98316764831543 (ms)
[RANK0] F @ 2208.881103515625 (ms) to 2238.44873046875 (ms), cudaEventElapsed = 29.53727912902832 (ms)
[RANK0] W @ 2238.642333984375 (ms) to 2478.75048828125 (ms), cudaEventElapsed = 14.446592330932617 (ms)
[RANK0] W @ 2478.85107421875 (ms) to 2494.24267578125 (ms), cudaEventElapsed = 15.341567993164062 (ms)
[RANK0] W @ 2494.47802734375 (ms) to 2512.40625 (ms), cudaEventElapsed = 17.893375396728516 (ms)
[RANK0] W @ 2512.460205078125 (ms) to 2533.108154296875 (ms), cudaEventElapsed = 20.61516761779785 (ms)
[RANK0] B @ 2533.29052734375 (ms) to 2573.9306640625 (ms), cudaEventElapsed = 40.610206604003906 (ms)
[RANK0] W @ 2574.142578125 (ms) to 2766.53564453125 (ms), cudaEventElapsed = 14.647295951843262 (ms)
[RANK0] B @ 2766.73291015625 (ms) to 2801.82421875 (ms), cudaEventElapsed = 35.056129455566406 (ms)
[RANK0] W @ 2801.892578125 (ms) to 2818.763671875 (ms), cudaEventElapsed = 16.83660888671875 (ms)
[RANK0] B @ 3039.47705078125 (ms) to 3073.478515625 (ms), cudaEventElapsed = 33.961185455322266 (ms)
[RANK0] W @ 3073.541748046875 (ms) to 3088.669189453125 (ms), cudaEventElapsed = 15.097855567932129 (ms)
[RANK0] B @ 3226.574462890625 (ms) to 3259.636474609375 (ms), cudaEventElapsed = 33.02143859863281 (ms)
[RANK0] 1W @ 3259.70263671875 (ms) to 3275.0458984375 (ms), cudaEventElapsed = 15.31494426727295 (ms)
[RANK0] Iteration 13
[RANK0] F @ 2.067626953125 (ms) to 27.300048828125 (ms), cudaEventElapsed = 25.19923210144043 (ms)
[RANK0] F @ 27.515380859375 (ms) to 53.01318359375 (ms), cudaEventElapsed = 25.456640243530273 (ms)
[RANK0] F @ 53.2109375 (ms) to 81.47314453125 (ms), cudaEventElapsed = 28.226560592651367 (ms)
[RANK0] F @ 81.672607421875 (ms) to 109.936279296875 (ms), cudaEventElapsed = 28.230655670166016 (ms)
[RANK0] F @ 110.127197265625 (ms) to 138.275146484375 (ms), cudaEventElapsed = 28.113920211791992 (ms)
[RANK0] F @ 138.48095703125 (ms) to 166.493408203125 (ms), cudaEventElapsed = 27.97977638244629 (ms)
[RANK0] F @ 166.680908203125 (ms) to 194.62451171875 (ms), cudaEventElapsed = 27.91116714477539 (ms)
[RANK0] B @ 686.05322265625 (ms) to 719.41064453125 (ms), cudaEventElapsed = 33.290977478027344 (ms)
[RANK0] F @ 719.679931640625 (ms) to 745.842529296875 (ms), cudaEventElapsed = 26.13043212890625 (ms)
[RANK0] B @ 969.722412109375 (ms) to 1003.108154296875 (ms), cudaEventElapsed = 33.32796859741211 (ms)
[RANK0] W @ 1003.38720703125 (ms) to 1018.638916015625 (ms), cudaEventElapsed = 15.219712257385254 (ms)
[RANK0] F @ 1018.691650390625 (ms) to 1046.473876953125 (ms), cudaEventElapsed = 27.75654411315918 (ms)
[RANK0] B @ 1186.35595703125 (ms) to 1220.404541015625 (ms), cudaEventElapsed = 33.99833679199219 (ms)
[RANK0] B @ 1400.86962890625 (ms) to 1434.009765625 (ms), cudaEventElapsed = 33.09328079223633 (ms)
[RANK0] W @ 1434.093505859375 (ms) to 1449.115478515625 (ms), cudaEventElapsed = 14.98316764831543 (ms)
[RANK0] F @ 1449.340576171875 (ms) to 1479.196533203125 (ms), cudaEventElapsed = 29.826047897338867 (ms)
[RANK0] B @ 1618.599853515625 (ms) to 1652.612060546875 (ms), cudaEventElapsed = 33.96303939819336 (ms)
[RANK0] B @ 1829.476318359375 (ms) to 1862.572021484375 (ms), cudaEventElapsed = 33.047454833984375 (ms)
[RANK0] W @ 1862.653076171875 (ms) to 1877.76025390625 (ms), cudaEventElapsed = 15.069184303283691 (ms)
[RANK0] F @ 1877.985107421875 (ms) to 1905.93603515625 (ms), cudaEventElapsed = 27.92038345336914 (ms)
[RANK0] B @ 2058.65576171875 (ms) to 2092.740478515625 (ms), cudaEventElapsed = 34.03046417236328 (ms)
[RANK0] B @ 2161.732666015625 (ms) to 2194.89013671875 (ms), cudaEventElapsed = 33.11190414428711 (ms)
[RANK0] W @ 2194.965087890625 (ms) to 2210.218505859375 (ms), cudaEventElapsed = 15.218688011169434 (ms)
[RANK0] F @ 2210.465087890625 (ms) to 2240.185546875 (ms), cudaEventElapsed = 29.683712005615234 (ms)
[RANK0] W @ 2240.388916015625 (ms) to 2480.34912109375 (ms), cudaEventElapsed = 14.466048240661621 (ms)
[RANK0] W @ 2480.422119140625 (ms) to 2495.7978515625 (ms), cudaEventElapsed = 15.331328392028809 (ms)
[RANK0] W @ 2496.002197265625 (ms) to 2513.7216796875 (ms), cudaEventElapsed = 17.683456420898438 (ms)
[RANK0] W @ 2513.770263671875 (ms) to 2534.5048828125 (ms), cudaEventElapsed = 20.702207565307617 (ms)
[RANK0] B @ 2534.671875 (ms) to 2575.293212890625 (ms), cudaEventElapsed = 40.59142303466797 (ms)
[RANK0] W @ 2575.50537109375 (ms) to 2768.540283203125 (ms), cudaEventElapsed = 14.633983612060547 (ms)
[RANK0] B @ 2768.732421875 (ms) to 2803.597412109375 (ms), cudaEventElapsed = 34.828094482421875 (ms)
[RANK0] W @ 2803.65576171875 (ms) to 2820.259521484375 (ms), cudaEventElapsed = 16.574464797973633 (ms)
[RANK0] B @ 3042.845947265625 (ms) to 3076.879638671875 (ms), cudaEventElapsed = 33.99030303955078 (ms)
[RANK0] W @ 3076.94921875 (ms) to 3092.362548828125 (ms), cudaEventElapsed = 15.385600090026855 (ms)
[RANK0] B @ 3229.62353515625 (ms) to 3262.6650390625 (ms), cudaEventElapsed = 33.00467300415039 (ms)
[RANK0] 1W @ 3262.73388671875 (ms) to 3277.920654296875 (ms), cudaEventElapsed = 15.156224250793457 (ms)
[RANK0] Iteration 14
[RANK0] F @ 2.031005859375 (ms) to 27.137939453125 (ms), cudaEventElapsed = 25.0743350982666 (ms)
[RANK0] F @ 27.36083984375 (ms) to 53.0458984375 (ms), cudaEventElapsed = 25.646080017089844 (ms)
[RANK0] F @ 53.249755859375 (ms) to 80.63916015625 (ms), cudaEventElapsed = 27.3571834564209 (ms)
[RANK0] F @ 80.82861328125 (ms) to 108.70166015625 (ms), cudaEventElapsed = 27.838464736938477 (ms)
[RANK0] F @ 108.89892578125 (ms) to 136.7978515625 (ms), cudaEventElapsed = 27.860992431640625 (ms)
[RANK0] F @ 136.995849609375 (ms) to 164.816162109375 (ms), cudaEventElapsed = 27.785215377807617 (ms)
[RANK0] F @ 165.012451171875 (ms) to 192.99951171875 (ms), cudaEventElapsed = 27.95315170288086 (ms)
[RANK0] B @ 686.02685546875 (ms) to 719.21142578125 (ms), cudaEventElapsed = 33.125343322753906 (ms)
[RANK0] F @ 719.468505859375 (ms) to 745.316650390625 (ms), cudaEventElapsed = 25.810943603515625 (ms)
[RANK0] B @ 968.90087890625 (ms) to 1002.12744140625 (ms), cudaEventElapsed = 33.17750549316406 (ms)
[RANK0] W @ 1002.37548828125 (ms) to 1017.66064453125 (ms), cudaEventElapsed = 15.254528045654297 (ms)
[RANK0] F @ 1017.7158203125 (ms) to 1045.33544921875 (ms), cudaEventElapsed = 27.590656280517578 (ms)
[RANK0] B @ 1185.549072265625 (ms) to 1219.523193359375 (ms), cudaEventElapsed = 33.928321838378906 (ms)
[RANK0] B @ 1399.741943359375 (ms) to 1432.90087890625 (ms), cudaEventElapsed = 33.1091194152832 (ms)
[RANK0] W @ 1432.983154296875 (ms) to 1447.9921875 (ms), cudaEventElapsed = 14.978048324584961 (ms)
[RANK0] F @ 1448.2294921875 (ms) to 1477.94091796875 (ms), cudaEventElapsed = 29.677568435668945 (ms)
[RANK0] B @ 1617.244873046875 (ms) to 1651.2431640625 (ms), cudaEventElapsed = 33.947296142578125 (ms)
[RANK0] B @ 1828.762451171875 (ms) to 1861.919189453125 (ms), cudaEventElapsed = 33.10249710083008 (ms)
[RANK0] W @ 1862.007080078125 (ms) to 1877.10009765625 (ms), cudaEventElapsed = 15.054847717285156 (ms)
[RANK0] F @ 1877.34033203125 (ms) to 1905.50927734375 (ms), cudaEventElapsed = 28.13542366027832 (ms)
[RANK0] B @ 2057.854736328125 (ms) to 2091.83544921875 (ms), cudaEventElapsed = 33.9332160949707 (ms)
[RANK0] B @ 2159.99169921875 (ms) to 2193.14453125 (ms), cudaEventElapsed = 33.11276626586914 (ms)
[RANK0] W @ 2193.21435546875 (ms) to 2208.238525390625 (ms), cudaEventElapsed = 14.99443244934082 (ms)
[RANK0] F @ 2208.447021484375 (ms) to 2238.249755859375 (ms), cudaEventElapsed = 29.77280044555664 (ms)
[RANK0] W @ 2238.4482421875 (ms) to 2477.336669921875 (ms), cudaEventElapsed = 14.448639869689941 (ms)
[RANK0] W @ 2477.427490234375 (ms) to 2492.74560546875 (ms), cudaEventElapsed = 15.268863677978516 (ms)
[RANK0] W @ 2492.983642578125 (ms) to 2510.808837890625 (ms), cudaEventElapsed = 17.794048309326172 (ms)
[RANK0] W @ 2510.857177734375 (ms) to 2531.448486328125 (ms), cudaEventElapsed = 20.561920166015625 (ms)
[RANK0] B @ 2531.626953125 (ms) to 2572.029052734375 (ms), cudaEventElapsed = 40.370975494384766 (ms)
[RANK0] W @ 2572.245849609375 (ms) to 2765.711181640625 (ms), cudaEventElapsed = 14.654463768005371 (ms)
[RANK0] B @ 2765.946044921875 (ms) to 2801.154052734375 (ms), cudaEventElapsed = 35.17168045043945 (ms)
[RANK0] W @ 2801.226318359375 (ms) to 2818.24267578125 (ms), cudaEventElapsed = 16.97996711730957 (ms)
[RANK0] B @ 3038.759521484375 (ms) to 3072.777099609375 (ms), cudaEventElapsed = 33.96441650390625 (ms)
[RANK0] W @ 3072.8544921875 (ms) to 3087.994873046875 (ms), cudaEventElapsed = 15.106047630310059 (ms)
[RANK0] B @ 3226.025390625 (ms) to 3259.1220703125 (ms), cudaEventElapsed = 33.052127838134766 (ms)
[RANK0] 1W @ 3259.197509765625 (ms) to 3274.423583984375 (ms), cudaEventElapsed = 15.193087577819824 (ms)
[RANK0] Iteration 15
[RANK0] F @ 2.06298828125 (ms) to 27.28173828125 (ms), cudaEventElapsed = 25.185152053833008 (ms)
[RANK0] F @ 27.49658203125 (ms) to 52.851318359375 (ms), cudaEventElapsed = 25.31635284423828 (ms)
[RANK0] F @ 53.052978515625 (ms) to 81.126220703125 (ms), cudaEventElapsed = 28.026880264282227 (ms)
[RANK0] F @ 81.32763671875 (ms) to 109.4638671875 (ms), cudaEventElapsed = 28.1026554107666 (ms)
[RANK0] F @ 109.6630859375 (ms) to 137.838623046875 (ms), cudaEventElapsed = 28.13747215270996 (ms)
[RANK0] F @ 138.02978515625 (ms) to 166.138916015625 (ms), cudaEventElapsed = 28.076032638549805 (ms)
[RANK0] F @ 166.33056640625 (ms) to 194.52392578125 (ms), cudaEventElapsed = 28.16102409362793 (ms)
[RANK0] B @ 686.39111328125 (ms) to 719.673095703125 (ms), cudaEventElapsed = 33.22163009643555 (ms)
[RANK0] F @ 719.922607421875 (ms) to 745.92626953125 (ms), cudaEventElapsed = 25.970687866210938 (ms)
[RANK0] B @ 969.7763671875 (ms) to 1003.126220703125 (ms), cudaEventElapsed = 33.29119873046875 (ms)
[RANK0] W @ 1003.427001953125 (ms) to 1018.7001953125 (ms), cudaEventElapsed = 15.233023643493652 (ms)
[RANK0] F @ 1018.758544921875 (ms) to 1046.3515625 (ms), cudaEventElapsed = 27.56403160095215 (ms)
[RANK0] B @ 1186.44482421875 (ms) to 1220.484130859375 (ms), cudaEventElapsed = 33.9870719909668 (ms)
[RANK0] B @ 1401.142822265625 (ms) to 1434.326416015625 (ms), cudaEventElapsed = 33.13177490234375 (ms)
[RANK0] W @ 1434.40380859375 (ms) to 1449.29638671875 (ms), cudaEventElapsed = 14.859264373779297 (ms)
[RANK0] F @ 1449.513916015625 (ms) to 1479.064208984375 (ms), cudaEventElapsed = 29.517824172973633 (ms)
[RANK0] B @ 1619.184326171875 (ms) to 1653.140869140625 (ms), cudaEventElapsed = 33.91507339477539 (ms)
[RANK0] B @ 1830.421875 (ms) to 1863.48291015625 (ms), cudaEventElapsed = 33.01990509033203 (ms)
[RANK0] W @ 1863.557861328125 (ms) to 1878.6298828125 (ms), cudaEventElapsed = 15.038463592529297 (ms)
[RANK0] F @ 1878.844482421875 (ms) to 1906.80810546875 (ms), cudaEventElapsed = 27.933696746826172 (ms)
[RANK0] B @ 2059.49951171875 (ms) to 2093.537353515625 (ms), cudaEventElapsed = 33.99568176269531 (ms)
[RANK0] B @ 2161.88134765625 (ms) to 2194.975830078125 (ms), cudaEventElapsed = 33.05593490600586 (ms)
[RANK0] W @ 2195.0400390625 (ms) to 2210.080322265625 (ms), cudaEventElapsed = 15.002623558044434 (ms)
[RANK0] F @ 2210.288818359375 (ms) to 2239.58056640625 (ms), cudaEventElapsed = 29.258752822875977 (ms)
[RANK0] W @ 2239.76953125 (ms) to 2479.945068359375 (ms), cudaEventElapsed = 14.438400268554688 (ms)
[RANK0] W @ 2480.0068359375 (ms) to 2495.307373046875 (ms), cudaEventElapsed = 15.265791893005371 (ms)
[RANK0] W @ 2495.516845703125 (ms) to 2513.298828125 (ms), cudaEventElapsed = 17.743871688842773 (ms)
[RANK0] W @ 2513.34130859375 (ms) to 2534.023681640625 (ms), cudaEventElapsed = 20.65817642211914 (ms)
[RANK0] B @ 2534.18408203125 (ms) to 2574.761474609375 (ms), cudaEventElapsed = 40.55043029785156 (ms)
[RANK0] W @ 2574.951171875 (ms) to 2768.389404296875 (ms), cudaEventElapsed = 14.652416229248047 (ms)
[RANK0] B @ 2768.587646484375 (ms) to 2803.49853515625 (ms), cudaEventElapsed = 34.88185501098633 (ms)
[RANK0] W @ 2803.556640625 (ms) to 2820.42431640625 (ms), cudaEventElapsed = 16.839679718017578 (ms)
[RANK0] B @ 3041.185791015625 (ms) to 3075.160888671875 (ms), cudaEventElapsed = 33.93379211425781 (ms)
[RANK0] W @ 3075.23779296875 (ms) to 3090.739501953125 (ms), cudaEventElapsed = 15.473664283752441 (ms)
[RANK0] B @ 3227.466064453125 (ms) to 3260.545654296875 (ms), cudaEventElapsed = 33.04188919067383 (ms)
[RANK0] 1W @ 3260.6083984375 (ms) to 3276.0703125 (ms), cudaEventElapsed = 15.435775756835938 (ms)
[RANK0] Iteration 16
[RANK0] F @ 0.33349609375 (ms) to 24.058349609375 (ms), cudaEventElapsed = 23.691871643066406 (ms)
[RANK0] F @ 24.265625 (ms) to 47.817626953125 (ms), cudaEventElapsed = 23.51513671875 (ms)
[RANK0] F @ 48.013916015625 (ms) to 74.608154296875 (ms), cudaEventElapsed = 26.55743980407715 (ms)
[RANK0] F @ 74.793212890625 (ms) to 101.568115234375 (ms), cudaEventElapsed = 26.74073600769043 (ms)
[RANK0] F @ 101.749755859375 (ms) to 128.401123046875 (ms), cudaEventElapsed = 26.617855072021484 (ms)
[RANK0] F @ 128.58837890625 (ms) to 155.414306640625 (ms), cudaEventElapsed = 26.787839889526367 (ms)
[RANK0] F @ 155.594482421875 (ms) to 182.12939453125 (ms), cudaEventElapsed = 26.504192352294922 (ms)
[RANK0] F @ 182.328125 (ms) to 208.498291015625 (ms), cudaEventElapsed = 26.13657569885254 (ms)
[RANK0] F @ 208.708984375 (ms) to 235.637939453125 (ms), cudaEventElapsed = 26.892288208007812 (ms)
[RANK0] F @ 235.834716796875 (ms) to 262.58154296875 (ms), cudaEventElapsed = 26.7007999420166 (ms)
[RANK0] F @ 262.7763671875 (ms) to 289.548583984375 (ms), cudaEventElapsed = 26.74073600769043 (ms)
[RANK0] F @ 289.737548828125 (ms) to 316.830322265625 (ms), cudaEventElapsed = 27.062271118164062 (ms)
