[RANK1] Iteration 1
[RANK1] F @ 612.279541015625 (ms) to 765.29296875 (ms), cudaEventElapsed = 152.94992065429688 (ms)
[RANK1] F @ 832.4677734375 (ms) to 864.269775390625 (ms), cudaEventElapsed = 31.74380874633789 (ms)
[RANK1] F @ 864.690185546875 (ms) to 898.486328125 (ms), cudaEventElapsed = 33.758270263671875 (ms)
[RANK1] F @ 898.79150390625 (ms) to 936.590576171875 (ms), cudaEventElapsed = 37.76224136352539 (ms)
[RANK1] F @ 940.021484375 (ms) to 977.16015625 (ms), cudaEventElapsed = 37.095550537109375 (ms)
[RANK1] B @ 1807.85400390625 (ms) to 1860.513916015625 (ms), cudaEventElapsed = 52.601566314697266 (ms)
[RANK1] F @ 1864.1552734375 (ms) to 1896.83740234375 (ms), cudaEventElapsed = 32.642879486083984 (ms)
[RANK1] B @ 1897.1591796875 (ms) to 1942.49609375 (ms), cudaEventElapsed = 45.29731369018555 (ms)
[RANK1] F @ 1945.569580078125 (ms) to 1980.11474609375 (ms), cudaEventElapsed = 34.500831604003906 (ms)
[RANK1] B @ 1980.425048828125 (ms) to 2024.58251953125 (ms), cudaEventElapsed = 44.12384033203125 (ms)
[RANK1] F @ 2024.90478515625 (ms) to 2059.528564453125 (ms), cudaEventElapsed = 34.591583251953125 (ms)
[RANK1] B @ 2059.897216796875 (ms) to 2104.520263671875 (ms), cudaEventElapsed = 44.58464050292969 (ms)
[RANK1] W @ 2104.74072265625 (ms) to 2126.850341796875 (ms), cudaEventElapsed = 22.07744026184082 (ms)
[RANK1] F @ 2126.99560546875 (ms) to 2160.725830078125 (ms), cudaEventElapsed = 33.6987190246582 (ms)
[RANK1] B @ 2162.18115234375 (ms) to 2207.819091796875 (ms), cudaEventElapsed = 45.60492706298828 (ms)
[RANK1] B @ 2209.1884765625 (ms) to 2251.18798828125 (ms), cudaEventElapsed = 41.96646499633789 (ms)
[RANK1] W @ 2251.330322265625 (ms) to 2271.48974609375 (ms), cudaEventElapsed = 20.114431381225586 (ms)
[RANK1] F @ 2271.73876953125 (ms) to 2306.601318359375 (ms), cudaEventElapsed = 34.834014892578125 (ms)
[RANK1] B @ 2310.65478515625 (ms) to 2355.84423828125 (ms), cudaEventElapsed = 45.15436935424805 (ms)
[RANK1] B @ 2357.251220703125 (ms) to 2399.354248046875 (ms), cudaEventElapsed = 42.05244827270508 (ms)
[RANK1] W @ 2399.485595703125 (ms) to 2419.982177734375 (ms), cudaEventElapsed = 20.46156883239746 (ms)
[RANK1] F @ 2420.2109375 (ms) to 2455.049560546875 (ms), cudaEventElapsed = 34.8105583190918 (ms)
[RANK1] B @ 2455.3154296875 (ms) to 2500.497802734375 (ms), cudaEventElapsed = 45.1475830078125 (ms)
[RANK1] W @ 2500.685791015625 (ms) to 2522.914794921875 (ms), cudaEventElapsed = 21.150720596313477 (ms)
[RANK1] F @ 2523.16162109375 (ms) to 2557.136962890625 (ms), cudaEventElapsed = 33.94700622558594 (ms)
[RANK1] B @ 2557.406982421875 (ms) to 2602.0966796875 (ms), cudaEventElapsed = 44.65907287597656 (ms)
[RANK1] W @ 2602.2236328125 (ms) to 2623.6865234375 (ms), cudaEventElapsed = 21.4333438873291 (ms)
[RANK1] W @ 2623.825439453125 (ms) to 2645.555419921875 (ms), cudaEventElapsed = 21.701631546020508 (ms)
[RANK1] B @ 2657.73388671875 (ms) to 2698.70166015625 (ms), cudaEventElapsed = 40.93756866455078 (ms)
[RANK1] W @ 2698.826416015625 (ms) to 2719.599609375 (ms), cudaEventElapsed = 20.733951568603516 (ms)
[RANK1] W @ 2719.735595703125 (ms) to 2742.61181640625 (ms), cudaEventElapsed = 22.849536895751953 (ms)
[RANK1] B @ 2745.80859375 (ms) to 2788.275634765625 (ms), cudaEventElapsed = 42.438175201416016 (ms)
[RANK1] 4W @ 2788.408203125 (ms) to 2871.920166015625 (ms), cudaEventElapsed = 83.47750091552734 (ms)
[RANK1] Iteration 2
[RANK1] F @ 29.458251953125 (ms) to 61.265869140625 (ms), cudaEventElapsed = 31.758464813232422 (ms)
[RANK1] F @ 61.733154296875 (ms) to 95.922119140625 (ms), cudaEventElapsed = 34.13929748535156 (ms)
[RANK1] F @ 96.350830078125 (ms) to 134.53125 (ms), cudaEventElapsed = 38.14236831665039 (ms)
[RANK1] F @ 134.8759765625 (ms) to 171.760986328125 (ms), cudaEventElapsed = 36.844512939453125 (ms)
[RANK1] F @ 173.3515625 (ms) to 209.705078125 (ms), cudaEventElapsed = 36.30316925048828 (ms)
[RANK1] B @ 226.707763671875 (ms) to 268.650146484375 (ms), cudaEventElapsed = 41.89641571044922 (ms)
[RANK1] F @ 269.034912109375 (ms) to 302.174560546875 (ms), cudaEventElapsed = 33.10572814941406 (ms)
[RANK1] B @ 306.40625 (ms) to 349.567138671875 (ms), cudaEventElapsed = 43.10960006713867 (ms)
[RANK1] F @ 351.018798828125 (ms) to 384.682373046875 (ms), cudaEventElapsed = 33.627681732177734 (ms)
[RANK1] B @ 387.57666015625 (ms) to 431.3935546875 (ms), cudaEventElapsed = 43.76335906982422 (ms)
[RANK1] F @ 431.771484375 (ms) to 465.646484375 (ms), cudaEventElapsed = 33.84463882446289 (ms)
[RANK1] B @ 467.96826171875 (ms) to 511.689697265625 (ms), cudaEventElapsed = 43.65785598754883 (ms)
[RANK1] W @ 511.96435546875 (ms) to 533.369873046875 (ms), cudaEventElapsed = 21.25312042236328 (ms)
[RANK1] F @ 533.537353515625 (ms) to 567.3818359375 (ms), cudaEventElapsed = 33.81238555908203 (ms)
[RANK1] B @ 568.5869140625 (ms) to 614.121826171875 (ms), cudaEventElapsed = 45.49919891357422 (ms)
[RANK1] B @ 627.69189453125 (ms) to 668.296142578125 (ms), cudaEventElapsed = 40.565025329589844 (ms)
[RANK1] W @ 668.4775390625 (ms) to 687.976806640625 (ms), cudaEventElapsed = 19.46931266784668 (ms)
[RANK1] F @ 688.244873046875 (ms) to 722.38916015625 (ms), cudaEventElapsed = 34.11494445800781 (ms)
[RANK1] B @ 730.64208984375 (ms) to 774.6904296875 (ms), cudaEventElapsed = 44.00428771972656 (ms)
[RANK1] B @ 776.03076171875 (ms) to 817.64794921875 (ms), cudaEventElapsed = 41.585182189941406 (ms)
[RANK1] W @ 817.822021484375 (ms) to 837.764892578125 (ms), cudaEventElapsed = 19.907583236694336 (ms)
[RANK1] F @ 838.0380859375 (ms) to 872.850830078125 (ms), cudaEventElapsed = 34.78192138671875 (ms)
[RANK1] B @ 874.0390625 (ms) to 920.767333984375 (ms), cudaEventElapsed = 46.68467330932617 (ms)
[RANK1] W @ 921.01171875 (ms) to 944.09716796875 (ms), cudaEventElapsed = 21.985279083251953 (ms)
[RANK1] F @ 944.3740234375 (ms) to 978.825439453125 (ms), cudaEventElapsed = 34.418174743652344 (ms)
[RANK1] B @ 979.21630859375 (ms) to 1023.859130859375 (ms), cudaEventElapsed = 44.60451126098633 (ms)
[RANK1] W @ 1024.037353515625 (ms) to 1045.323974609375 (ms), cudaEventElapsed = 21.2490234375 (ms)
[RANK1] W @ 1045.489013671875 (ms) to 1067.00048828125 (ms), cudaEventElapsed = 21.46611213684082 (ms)
[RANK1] B @ 1081.103759765625 (ms) to 1121.6962890625 (ms), cudaEventElapsed = 40.56035232543945 (ms)
[RANK1] W @ 1121.856689453125 (ms) to 1141.650390625 (ms), cudaEventElapsed = 19.765247344970703 (ms)
[RANK1] W @ 1141.808349609375 (ms) to 1163.197265625 (ms), cudaEventElapsed = 21.361663818359375 (ms)
[RANK1] B @ 1167.731201171875 (ms) to 1209.66357421875 (ms), cudaEventElapsed = 41.90118408203125 (ms)
[RANK1] 4W @ 1209.830810546875 (ms) to 1293.603759765625 (ms), cudaEventElapsed = 83.73145294189453 (ms)
[RANK1] Iteration 3
[RANK1] F @ 29.44384765625 (ms) to 61.669677734375 (ms), cudaEventElapsed = 32.138431549072266 (ms)
[RANK1] F @ 62.08642578125 (ms) to 96.864013671875 (ms), cudaEventElapsed = 34.742496490478516 (ms)
[RANK1] F @ 97.28125 (ms) to 134.18310546875 (ms), cudaEventElapsed = 36.86262512207031 (ms)
[RANK1] F @ 134.52294921875 (ms) to 171.366455078125 (ms), cudaEventElapsed = 36.75961685180664 (ms)
[RANK1] F @ 172.912841796875 (ms) to 209.500732421875 (ms), cudaEventElapsed = 36.540958404541016 (ms)
[RANK1] B @ 228.514404296875 (ms) to 270.1337890625 (ms), cudaEventElapsed = 41.578304290771484 (ms)
[RANK1] F @ 270.498291015625 (ms) to 303.8349609375 (ms), cudaEventElapsed = 33.30364990234375 (ms)
[RANK1] B @ 307.37060546875 (ms) to 350.801025390625 (ms), cudaEventElapsed = 43.384063720703125 (ms)
[RANK1] F @ 352.2080078125 (ms) to 386.4794921875 (ms), cudaEventElapsed = 34.23759841918945 (ms)
[RANK1] B @ 387.927978515625 (ms) to 432.546142578125 (ms), cudaEventElapsed = 44.5656623840332 (ms)
[RANK1] F @ 432.895751953125 (ms) to 467.45947265625 (ms), cudaEventElapsed = 34.532127380371094 (ms)
[RANK1] B @ 468.421630859375 (ms) to 513.07568359375 (ms), cudaEventElapsed = 44.61939239501953 (ms)
[RANK1] W @ 513.3291015625 (ms) to 535.129638671875 (ms), cudaEventElapsed = 21.6494083404541 (ms)
[RANK1] F @ 535.28759765625 (ms) to 569.1826171875 (ms), cudaEventElapsed = 33.86550521850586 (ms)
[RANK1] B @ 570.4169921875 (ms) to 616.4296875 (ms), cudaEventElapsed = 45.978336334228516 (ms)
[RANK1] B @ 628.196533203125 (ms) to 668.615966796875 (ms), cudaEventElapsed = 40.38243103027344 (ms)
[RANK1] W @ 668.79931640625 (ms) to 688.253662109375 (ms), cudaEventElapsed = 19.421184539794922 (ms)
[RANK1] F @ 688.513427734375 (ms) to 722.9248046875 (ms), cudaEventElapsed = 34.381248474121094 (ms)
[RANK1] B @ 732.220458984375 (ms) to 776.524169921875 (ms), cudaEventElapsed = 44.260833740234375 (ms)
[RANK1] B @ 778.133056640625 (ms) to 819.53564453125 (ms), cudaEventElapsed = 41.369598388671875 (ms)
[RANK1] W @ 819.711181640625 (ms) to 839.77392578125 (ms), cudaEventElapsed = 20.02943992614746 (ms)
[RANK1] F @ 840.03271484375 (ms) to 874.52587890625 (ms), cudaEventElapsed = 34.459617614746094 (ms)
[RANK1] B @ 874.858154296875 (ms) to 920.758056640625 (ms), cudaEventElapsed = 45.86262512207031 (ms)
[RANK1] W @ 920.98828125 (ms) to 943.838134765625 (ms), cudaEventElapsed = 21.776384353637695 (ms)
[RANK1] F @ 944.098876953125 (ms) to 978.5927734375 (ms), cudaEventElapsed = 34.463008880615234 (ms)
[RANK1] B @ 980.762939453125 (ms) to 1024.82958984375 (ms), cudaEventElapsed = 44.012447357177734 (ms)
[RANK1] W @ 1024.996337890625 (ms) to 1045.947265625 (ms), cudaEventElapsed = 20.916223526000977 (ms)
[RANK1] W @ 1046.1103515625 (ms) to 1067.49755859375 (ms), cudaEventElapsed = 21.351423263549805 (ms)
[RANK1] B @ 1083.380615234375 (ms) to 1124.20751953125 (ms), cudaEventElapsed = 40.795616149902344 (ms)
[RANK1] W @ 1124.372802734375 (ms) to 1144.09423828125 (ms), cudaEventElapsed = 19.685375213623047 (ms)
[RANK1] W @ 1144.2666015625 (ms) to 1165.337890625 (ms), cudaEventElapsed = 21.04217529296875 (ms)
[RANK1] B @ 1169.86962890625 (ms) to 1211.951171875 (ms), cudaEventElapsed = 42.050880432128906 (ms)
[RANK1] 4W @ 1212.128173828125 (ms) to 1296.262939453125 (ms), cudaEventElapsed = 84.09497833251953 (ms)
[RANK1] Iteration 4
[RANK1] F @ 29.37841796875 (ms) to 61.3447265625 (ms), cudaEventElapsed = 31.929824829101562 (ms)
[RANK1] F @ 61.76904296875 (ms) to 96.67822265625 (ms), cudaEventElapsed = 34.85548782348633 (ms)
[RANK1] F @ 97.074951171875 (ms) to 134.320556640625 (ms), cudaEventElapsed = 37.18172836303711 (ms)
[RANK1] F @ 134.65869140625 (ms) to 171.56103515625 (ms), cudaEventElapsed = 36.86262512207031 (ms)
[RANK1] F @ 173.05029296875 (ms) to 209.388671875 (ms), cudaEventElapsed = 36.2889289855957 (ms)
[RANK1] B @ 226.56494140625 (ms) to 268.382080078125 (ms), cudaEventElapsed = 41.77356719970703 (ms)
[RANK1] F @ 268.755126953125 (ms) to 302.065673828125 (ms), cudaEventElapsed = 33.27939224243164 (ms)
[RANK1] B @ 305.09326171875 (ms) to 349.021240234375 (ms), cudaEventElapsed = 43.88150405883789 (ms)
[RANK1] F @ 350.41650390625 (ms) to 384.35107421875 (ms), cudaEventElapsed = 33.90073776245117 (ms)
[RANK1] B @ 385.64404296875 (ms) to 429.410400390625 (ms), cudaEventElapsed = 43.732574462890625 (ms)
[RANK1] F @ 429.768798828125 (ms) to 464.02978515625 (ms), cudaEventElapsed = 34.22969436645508 (ms)
[RANK1] B @ 466.369384765625 (ms) to 510.1328125 (ms), cudaEventElapsed = 43.726688385009766 (ms)
[RANK1] W @ 510.384521484375 (ms) to 531.92626953125 (ms), cudaEventElapsed = 21.408767700195312 (ms)
[RANK1] F @ 532.080810546875 (ms) to 565.890869140625 (ms), cudaEventElapsed = 33.78035354614258 (ms)
[RANK1] B @ 567.128173828125 (ms) to 612.90673828125 (ms), cudaEventElapsed = 45.737247467041016 (ms)
[RANK1] B @ 627.589111328125 (ms) to 668.3017578125 (ms), cudaEventElapsed = 40.67718505859375 (ms)
[RANK1] W @ 668.464599609375 (ms) to 688.03369140625 (ms), cudaEventElapsed = 19.534847259521484 (ms)
[RANK1] F @ 688.298828125 (ms) to 723.110595703125 (ms), cudaEventElapsed = 34.78179168701172 (ms)
[RANK1] B @ 730.868896484375 (ms) to 775.420166015625 (ms), cudaEventElapsed = 44.49990463256836 (ms)
[RANK1] B @ 776.797119140625 (ms) to 818.4384765625 (ms), cudaEventElapsed = 41.60918426513672 (ms)
[RANK1] W @ 818.60205078125 (ms) to 838.54296875 (ms), cudaEventElapsed = 19.905536651611328 (ms)
[RANK1] F @ 838.808837890625 (ms) to 873.36181640625 (ms), cudaEventElapsed = 34.5200309753418 (ms)
[RANK1] B @ 874.600341796875 (ms) to 921.3818359375 (ms), cudaEventElapsed = 46.7474250793457 (ms)
[RANK1] W @ 921.627685546875 (ms) to 944.57568359375 (ms), cudaEventElapsed = 21.90438461303711 (ms)
[RANK1] F @ 944.83984375 (ms) to 979.55419921875 (ms), cudaEventElapsed = 34.68511962890625 (ms)
[RANK1] B @ 979.87158203125 (ms) to 1024.373779296875 (ms), cudaEventElapsed = 44.47062301635742 (ms)
[RANK1] W @ 1024.53662109375 (ms) to 1045.8740234375 (ms), cudaEventElapsed = 21.288959503173828 (ms)
[RANK1] W @ 1046.037109375 (ms) to 1067.705078125 (ms), cudaEventElapsed = 21.64019203186035 (ms)
[RANK1] B @ 1081.910400390625 (ms) to 1122.565673828125 (ms), cudaEventElapsed = 40.62451171875 (ms)
[RANK1] W @ 1122.72412109375 (ms) to 1142.50341796875 (ms), cudaEventElapsed = 19.747840881347656 (ms)
[RANK1] W @ 1142.664306640625 (ms) to 1164.08984375 (ms), cudaEventElapsed = 21.391359329223633 (ms)
[RANK1] B @ 1168.551513671875 (ms) to 1210.674560546875 (ms), cudaEventElapsed = 42.092193603515625 (ms)
[RANK1] 4W @ 1210.834228515625 (ms) to 1294.547119140625 (ms), cudaEventElapsed = 83.67922973632812 (ms)
[RANK1] Iteration 5
[RANK1] F @ 29.292236328125 (ms) to 61.187255859375 (ms), cudaEventElapsed = 31.859840393066406 (ms)
[RANK1] F @ 61.576171875 (ms) to 96.304443359375 (ms), cudaEventElapsed = 34.68182373046875 (ms)
[RANK1] F @ 96.73779296875 (ms) to 133.60546875 (ms), cudaEventElapsed = 36.82575988769531 (ms)
[RANK1] F @ 133.9501953125 (ms) to 170.3095703125 (ms), cudaEventElapsed = 36.31651306152344 (ms)
[RANK1] F @ 171.7197265625 (ms) to 208.5576171875 (ms), cudaEventElapsed = 36.781280517578125 (ms)
[RANK1] B @ 227.49169921875 (ms) to 269.75146484375 (ms), cudaEventElapsed = 42.21775817871094 (ms)
[RANK1] F @ 270.104248046875 (ms) to 306.045654296875 (ms), cudaEventElapsed = 35.90940856933594 (ms)
[RANK1] B @ 309.78759765625 (ms) to 355.14794921875 (ms), cudaEventElapsed = 45.3135986328125 (ms)
[RANK1] F @ 356.59814453125 (ms) to 392.508056640625 (ms), cudaEventElapsed = 35.87558364868164 (ms)
[RANK1] B @ 393.695556640625 (ms) to 438.5849609375 (ms), cudaEventElapsed = 44.841854095458984 (ms)
[RANK1] F @ 438.9541015625 (ms) to 475.075439453125 (ms), cudaEventElapsed = 36.08879852294922 (ms)
[RANK1] B @ 477.3896484375 (ms) to 522.537841796875 (ms), cudaEventElapsed = 45.111167907714844 (ms)
[RANK1] W @ 522.8046875 (ms) to 546.763427734375 (ms), cudaEventElapsed = 23.814144134521484 (ms)
[RANK1] F @ 546.91845703125 (ms) to 585.596923828125 (ms), cudaEventElapsed = 38.648414611816406 (ms)
[RANK1] B @ 586.95947265625 (ms) to 635.058837890625 (ms), cudaEventElapsed = 48.06355285644531 (ms)
[RANK1] B @ 644.161865234375 (ms) to 687.107177734375 (ms), cudaEventElapsed = 42.908897399902344 (ms)
[RANK1] W @ 687.291259765625 (ms) to 709.780517578125 (ms), cudaEventElapsed = 22.4532470703125 (ms)
[RANK1] F @ 710.048828125 (ms) to 750.54638671875 (ms), cudaEventElapsed = 40.46684646606445 (ms)
[RANK1] B @ 755.452880859375 (ms) to 802.1005859375 (ms), cudaEventElapsed = 46.59795379638672 (ms)
[RANK1] B @ 803.51611328125 (ms) to 848.06689453125 (ms), cudaEventElapsed = 44.517791748046875 (ms)
[RANK1] W @ 848.2421875 (ms) to 872.052490234375 (ms), cudaEventElapsed = 23.775232315063477 (ms)
[RANK1] F @ 872.325927734375 (ms) to 914.8408203125 (ms), cudaEventElapsed = 42.48252868652344 (ms)
[RANK1] B @ 915.175048828125 (ms) to 962.57373046875 (ms), cudaEventElapsed = 47.356895446777344 (ms)
[RANK1] W @ 962.810302734375 (ms) to 987.5439453125 (ms), cudaEventElapsed = 23.634944915771484 (ms)
[RANK1] F @ 987.819580078125 (ms) to 1026.85205078125 (ms), cudaEventElapsed = 39.0015983581543 (ms)
[RANK1] B @ 1031.298828125 (ms) to 1076.364013671875 (ms), cudaEventElapsed = 45.017982482910156 (ms)
[RANK1] W @ 1076.5341796875 (ms) to 1100.28759765625 (ms), cudaEventElapsed = 23.71891212463379 (ms)
[RANK1] W @ 1100.452392578125 (ms) to 1128.0615234375 (ms), cudaEventElapsed = 27.581439971923828 (ms)
[RANK1] B @ 1141.701416015625 (ms) to 1186.1474609375 (ms), cudaEventElapsed = 44.41526412963867 (ms)
[RANK1] W @ 1186.3134765625 (ms) to 1208.820556640625 (ms), cudaEventElapsed = 22.47270393371582 (ms)
[RANK1] W @ 1208.9765625 (ms) to 1236.239013671875 (ms), cudaEventElapsed = 27.234304428100586 (ms)
[RANK1] B @ 1240.83642578125 (ms) to 1287.08837890625 (ms), cudaEventElapsed = 46.22172927856445 (ms)
[RANK1] 4W @ 1287.259765625 (ms) to 1391.729736328125 (ms), cudaEventElapsed = 104.42342376708984 (ms)
[RANK1] Iteration 6
[RANK1] F @ 29.314208984375 (ms) to 61.52294921875 (ms), cudaEventElapsed = 32.17148971557617 (ms)
[RANK1] F @ 61.932373046875 (ms) to 97.106689453125 (ms), cudaEventElapsed = 35.11510467529297 (ms)
[RANK1] F @ 97.5 (ms) to 134.810791015625 (ms), cudaEventElapsed = 37.25388717651367 (ms)
[RANK1] F @ 135.164794921875 (ms) to 171.817138671875 (ms), cudaEventElapsed = 36.59471893310547 (ms)
[RANK1] F @ 173.395751953125 (ms) to 209.81689453125 (ms), cudaEventElapsed = 36.37839889526367 (ms)
[RANK1] B @ 229.39111328125 (ms) to 271.5576171875 (ms), cudaEventElapsed = 42.12416076660156 (ms)
[RANK1] F @ 271.92822265625 (ms) to 307.36767578125 (ms), cudaEventElapsed = 35.40582275390625 (ms)
[RANK1] B @ 311.593994140625 (ms) to 357.11669921875 (ms), cudaEventElapsed = 45.47596740722656 (ms)
[RANK1] F @ 358.568115234375 (ms) to 394.92236328125 (ms), cudaEventElapsed = 36.32009506225586 (ms)
[RANK1] B @ 395.50927734375 (ms) to 440.7783203125 (ms), cudaEventElapsed = 45.21865463256836 (ms)
[RANK1] F @ 441.14892578125 (ms) to 477.463623046875 (ms), cudaEventElapsed = 36.280574798583984 (ms)
[RANK1] B @ 478.752685546875 (ms) to 523.78564453125 (ms), cudaEventElapsed = 44.987648010253906 (ms)
[RANK1] W @ 524.0478515625 (ms) to 547.993896484375 (ms), cudaEventElapsed = 23.808000564575195 (ms)
[RANK1] F @ 548.156005859375 (ms) to 586.318359375 (ms), cudaEventElapsed = 38.13113784790039 (ms)
[RANK1] B @ 587.664306640625 (ms) to 635.26611328125 (ms), cudaEventElapsed = 47.5524787902832 (ms)
[RANK1] B @ 645.591796875 (ms) to 688.286376953125 (ms), cudaEventElapsed = 42.657249450683594 (ms)
[RANK1] W @ 688.4560546875 (ms) to 710.9501953125 (ms), cudaEventElapsed = 22.45734405517578 (ms)
[RANK1] F @ 711.215576171875 (ms) to 750.98681640625 (ms), cudaEventElapsed = 39.7391357421875 (ms)
[RANK1] B @ 756.90966796875 (ms) to 803.493896484375 (ms), cudaEventElapsed = 46.51811218261719 (ms)
[RANK1] B @ 804.92822265625 (ms) to 848.8720703125 (ms), cudaEventElapsed = 43.91084671020508 (ms)
[RANK1] W @ 849.05810546875 (ms) to 871.946533203125 (ms), cudaEventElapsed = 22.85772705078125 (ms)
[RANK1] F @ 872.224853515625 (ms) to 917.47314453125 (ms), cudaEventElapsed = 45.216800689697266 (ms)
[RANK1] B @ 917.8203125 (ms) to 966.57373046875 (ms), cudaEventElapsed = 48.70979309082031 (ms)
[RANK1] W @ 966.825927734375 (ms) to 991.514404296875 (ms), cudaEventElapsed = 23.562240600585938 (ms)
[RANK1] F @ 991.799560546875 (ms) to 1031.411376953125 (ms), cudaEventElapsed = 39.58041763305664 (ms)
[RANK1] B @ 1031.74267578125 (ms) to 1078.042236328125 (ms), cudaEventElapsed = 46.23699188232422 (ms)
[RANK1] W @ 1078.21484375 (ms) to 1103.62939453125 (ms), cudaEventElapsed = 25.376768112182617 (ms)
[RANK1] W @ 1103.799560546875 (ms) to 1133.183837890625 (ms), cudaEventElapsed = 29.353984832763672 (ms)
[RANK1] B @ 1142.5947265625 (ms) to 1188.451171875 (ms), cudaEventElapsed = 45.82454299926758 (ms)
[RANK1] W @ 1188.622802734375 (ms) to 1211.302734375 (ms), cudaEventElapsed = 22.65190315246582 (ms)
[RANK1] W @ 1211.465576171875 (ms) to 1238.2265625 (ms), cudaEventElapsed = 26.73356819152832 (ms)
[RANK1] B @ 1242.262939453125 (ms) to 1288.80224609375 (ms), cudaEventElapsed = 46.50748825073242 (ms)
[RANK1] 4W @ 1288.96826171875 (ms) to 1394.276123046875 (ms), cudaEventElapsed = 105.27027130126953 (ms)
[RANK1] Iteration 7
[RANK1] F @ 29.273681640625 (ms) to 61.3984375 (ms), cudaEventElapsed = 32.08854293823242 (ms)
[RANK1] F @ 61.798583984375 (ms) to 96.943603515625 (ms), cudaEventElapsed = 35.08095932006836 (ms)
[RANK1] F @ 97.33447265625 (ms) to 134.960693359375 (ms), cudaEventElapsed = 37.567230224609375 (ms)
[RANK1] F @ 135.306884765625 (ms) to 172.314453125 (ms), cudaEventElapsed = 36.96870422363281 (ms)
[RANK1] F @ 173.794677734375 (ms) to 210.22265625 (ms), cudaEventElapsed = 36.384063720703125 (ms)
[RANK1] B @ 227.76953125 (ms) to 270.683837890625 (ms), cudaEventElapsed = 42.875553131103516 (ms)
[RANK1] F @ 271.04296875 (ms) to 306.872802734375 (ms), cudaEventElapsed = 35.79859161376953 (ms)
[RANK1] B @ 310.7314453125 (ms) to 354.921875 (ms), cudaEventElapsed = 44.14371109008789 (ms)
[RANK1] F @ 356.192138671875 (ms) to 392.392578125 (ms), cudaEventElapsed = 36.16726303100586 (ms)
[RANK1] B @ 394.455810546875 (ms) to 439.660888671875 (ms), cudaEventElapsed = 45.16070556640625 (ms)
[RANK1] F @ 440.0166015625 (ms) to 476.710205078125 (ms), cudaEventElapsed = 36.66179275512695 (ms)
[RANK1] B @ 478.357177734375 (ms) to 523.388916015625 (ms), cudaEventElapsed = 44.996734619140625 (ms)
[RANK1] W @ 523.6328125 (ms) to 548.071533203125 (ms), cudaEventElapsed = 24.30668830871582 (ms)
[RANK1] F @ 548.226806640625 (ms) to 586.202880859375 (ms), cudaEventElapsed = 37.946720123291016 (ms)
[RANK1] B @ 587.501708984375 (ms) to 634.837646484375 (ms), cudaEventElapsed = 47.30083084106445 (ms)
[RANK1] B @ 644.98291015625 (ms) to 687.7421875 (ms), cudaEventElapsed = 42.722686767578125 (ms)
[RANK1] W @ 687.908935546875 (ms) to 710.557373046875 (ms), cudaEventElapsed = 22.614015579223633 (ms)
[RANK1] F @ 710.817138671875 (ms) to 750.880859375 (ms), cudaEventElapsed = 40.034271240234375 (ms)
[RANK1] B @ 756.111572265625 (ms) to 803.356201171875 (ms), cudaEventElapsed = 47.200801849365234 (ms)
[RANK1] B @ 804.738525390625 (ms) to 848.855224609375 (ms), cudaEventElapsed = 44.084510803222656 (ms)
[RANK1] W @ 849.010986328125 (ms) to 872.263916015625 (ms), cudaEventElapsed = 23.222272872924805 (ms)
[RANK1] F @ 872.539794921875 (ms) to 917.92724609375 (ms), cudaEventElapsed = 45.35833740234375 (ms)
[RANK1] B @ 918.2578125 (ms) to 967.0380859375 (ms), cudaEventElapsed = 48.740638732910156 (ms)
[RANK1] W @ 967.266845703125 (ms) to 992.0390625 (ms), cudaEventElapsed = 23.68000030517578 (ms)
[RANK1] F @ 992.322998046875 (ms) to 1031.80712890625 (ms), cudaEventElapsed = 39.45382308959961 (ms)
[RANK1] B @ 1032.132568359375 (ms) to 1078.3369140625 (ms), cudaEventElapsed = 46.15990447998047 (ms)
[RANK1] W @ 1078.49853515625 (ms) to 1103.27783203125 (ms), cudaEventElapsed = 24.748031616210938 (ms)
[RANK1] W @ 1103.44189453125 (ms) to 1132.755859375 (ms), cudaEventElapsed = 29.283327102661133 (ms)
[RANK1] B @ 1141.34619140625 (ms) to 1187.946044921875 (ms), cudaEventElapsed = 46.56972885131836 (ms)
[RANK1] W @ 1188.103759765625 (ms) to 1211.1953125 (ms), cudaEventElapsed = 23.05638313293457 (ms)
[RANK1] W @ 1211.353515625 (ms) to 1238.36572265625 (ms), cudaEventElapsed = 26.984447479248047 (ms)
[RANK1] B @ 1241.40576171875 (ms) to 1288.8251953125 (ms), cudaEventElapsed = 47.38832092285156 (ms)
[RANK1] 4W @ 1288.983642578125 (ms) to 1394.7158203125 (ms), cudaEventElapsed = 105.69625854492188 (ms)
[RANK1] Iteration 8
[RANK1] F @ 29.2578125 (ms) to 61.24951171875 (ms), cudaEventElapsed = 31.956544876098633 (ms)
[RANK1] F @ 61.6611328125 (ms) to 96.283203125 (ms), cudaEventElapsed = 34.56816101074219 (ms)
[RANK1] F @ 96.705078125 (ms) to 134.306884765625 (ms), cudaEventElapsed = 37.565185546875 (ms)
[RANK1] F @ 134.657958984375 (ms) to 171.364501953125 (ms), cudaEventElapsed = 36.6572151184082 (ms)
[RANK1] F @ 172.964111328125 (ms) to 209.25341796875 (ms), cudaEventElapsed = 36.251487731933594 (ms)
[RANK1] B @ 227.30859375 (ms) to 270.079345703125 (ms), cudaEventElapsed = 42.72553634643555 (ms)
[RANK1] F @ 270.440185546875 (ms) to 306.231689453125 (ms), cudaEventElapsed = 35.75923156738281 (ms)
[RANK1] B @ 309.086181640625 (ms) to 353.905029296875 (ms), cudaEventElapsed = 44.7685432434082 (ms)
[RANK1] F @ 355.333251953125 (ms) to 391.361572265625 (ms), cudaEventElapsed = 35.990272521972656 (ms)
[RANK1] B @ 392.94091796875 (ms) to 438.18505859375 (ms), cudaEventElapsed = 45.19123077392578 (ms)
[RANK1] F @ 438.556396484375 (ms) to 474.74462890625 (ms), cudaEventElapsed = 36.15532684326172 (ms)
[RANK1] B @ 476.186767578125 (ms) to 521.519775390625 (ms), cudaEventElapsed = 45.28857421875 (ms)
[RANK1] W @ 521.77880859375 (ms) to 546.515869140625 (ms), cudaEventElapsed = 24.588287353515625 (ms)
[RANK1] F @ 546.676025390625 (ms) to 584.5615234375 (ms), cudaEventElapsed = 37.855743408203125 (ms)
[RANK1] B @ 585.92822265625 (ms) to 633.14599609375 (ms), cudaEventElapsed = 47.18153762817383 (ms)
[RANK1] B @ 641.677001953125 (ms) to 685.4580078125 (ms), cudaEventElapsed = 43.743263244628906 (ms)
[RANK1] W @ 685.63134765625 (ms) to 709.230712890625 (ms), cudaEventElapsed = 23.563264846801758 (ms)
[RANK1] F @ 709.500244140625 (ms) to 749.138671875 (ms), cudaEventElapsed = 39.60790252685547 (ms)
[RANK1] B @ 753.541748046875 (ms) to 799.99853515625 (ms), cudaEventElapsed = 46.413856506347656 (ms)
[RANK1] B @ 801.407958984375 (ms) to 845.78857421875 (ms), cudaEventElapsed = 44.346527099609375 (ms)
[RANK1] W @ 845.949462890625 (ms) to 870.18310546875 (ms), cudaEventElapsed = 24.197120666503906 (ms)
[RANK1] F @ 870.44482421875 (ms) to 913.71630859375 (ms), cudaEventElapsed = 43.241886138916016 (ms)
[RANK1] B @ 914.022705078125 (ms) to 962.744140625 (ms), cudaEventElapsed = 48.67939376831055 (ms)
[RANK1] W @ 962.966796875 (ms) to 988.300537109375 (ms), cudaEventElapsed = 24.250368118286133 (ms)
[RANK1] F @ 988.56787109375 (ms) to 1026.69921875 (ms), cudaEventElapsed = 38.1005744934082 (ms)
[RANK1] B @ 1028.7958984375 (ms) to 1074.226806640625 (ms), cudaEventElapsed = 45.38438415527344 (ms)
[RANK1] W @ 1074.400146484375 (ms) to 1097.3916015625 (ms), cudaEventElapsed = 22.953983306884766 (ms)
[RANK1] W @ 1097.557373046875 (ms) to 1128.463134765625 (ms), cudaEventElapsed = 30.877695083618164 (ms)
[RANK1] B @ 1140.075927734375 (ms) to 1185.8056640625 (ms), cudaEventElapsed = 45.69855880737305 (ms)
[RANK1] W @ 1185.963134765625 (ms) to 1209.5556640625 (ms), cudaEventElapsed = 23.564287185668945 (ms)
[RANK1] W @ 1209.719482421875 (ms) to 1236.85888671875 (ms), cudaEventElapsed = 27.11142349243164 (ms)
[RANK1] B @ 1239.779541015625 (ms) to 1287.556396484375 (ms), cudaEventElapsed = 47.74614334106445 (ms)
[RANK1] 4W @ 1287.731201171875 (ms) to 1393.220703125 (ms), cudaEventElapsed = 105.45049285888672 (ms)
[RANK1] Iteration 9
[RANK1] F @ 29.2646484375 (ms) to 61.233642578125 (ms), cudaEventElapsed = 31.931007385253906 (ms)
[RANK1] F @ 61.926025390625 (ms) to 97.2255859375 (ms), cudaEventElapsed = 35.24998474121094 (ms)
[RANK1] F @ 97.691162109375 (ms) to 135.039794921875 (ms), cudaEventElapsed = 37.306175231933594 (ms)
[RANK1] F @ 135.378173828125 (ms) to 172.06884765625 (ms), cudaEventElapsed = 36.657440185546875 (ms)
[RANK1] F @ 173.781494140625 (ms) to 211.1220703125 (ms), cudaEventElapsed = 37.30531311035156 (ms)
[RANK1] B @ 544.890869140625 (ms) to 586.170166015625 (ms), cudaEventElapsed = 41.217567443847656 (ms)
[RANK1] F @ 586.596435546875 (ms) to 621.558837890625 (ms), cudaEventElapsed = 34.92095947265625 (ms)
[RANK1] B @ 736.7138671875 (ms) to 777.713623046875 (ms), cudaEventElapsed = 40.955902099609375 (ms)
[RANK1] F @ 779.195068359375 (ms) to 814.573486328125 (ms), cudaEventElapsed = 35.34291076660156 (ms)
[RANK1] B @ 929.978515625 (ms) to 970.982177734375 (ms), cudaEventElapsed = 40.96211242675781 (ms)
[RANK1] F @ 971.353759765625 (ms) to 1006.24951171875 (ms), cudaEventElapsed = 34.86406326293945 (ms)
[RANK1] B @ 1123.35302734375 (ms) to 1164.53759765625 (ms), cudaEventElapsed = 41.12579345703125 (ms)
[RANK1] W @ 1164.82373046875 (ms) to 1188.070068359375 (ms), cudaEventElapsed = 23.08505630493164 (ms)
[RANK1] F @ 1188.227783203125 (ms) to 1227.244140625 (ms), cudaEventElapsed = 38.986366271972656 (ms)
[RANK1] B @ 1317.904296875 (ms) to 1359.916259765625 (ms), cudaEventElapsed = 41.96867370605469 (ms)
[RANK1] B @ 1508.786376953125 (ms) to 1549.87255859375 (ms), cudaEventElapsed = 41.03203201293945 (ms)
[RANK1] W @ 1550.1015625 (ms) to 1572.13134765625 (ms), cudaEventElapsed = 21.989376068115234 (ms)
[RANK1] F @ 1572.424560546875 (ms) to 1611.69775390625 (ms), cudaEventElapsed = 39.240638732910156 (ms)
[RANK1] B @ 1729.52392578125 (ms) to 1771.6552734375 (ms), cudaEventElapsed = 42.080928802490234 (ms)
[RANK1] B @ 1773.69384765625 (ms) to 1816.818359375 (ms), cudaEventElapsed = 43.08892822265625 (ms)
[RANK1] W @ 1817.003662109375 (ms) to 1840.33349609375 (ms), cudaEventElapsed = 23.29395294189453 (ms)
[RANK1] F @ 1840.61572265625 (ms) to 1880.677490234375 (ms), cudaEventElapsed = 40.0299186706543 (ms)
[RANK1] B @ 1994.2421875 (ms) to 2035.42236328125 (ms), cudaEventElapsed = 41.133888244628906 (ms)
[RANK1] W @ 2035.717529296875 (ms) to 2058.533203125 (ms), cudaEventElapsed = 21.67807960510254 (ms)
[RANK1] F @ 2058.84765625 (ms) to 2099.027587890625 (ms), cudaEventElapsed = 40.14739227294922 (ms)
[RANK1] B @ 2213.587890625 (ms) to 2254.775390625 (ms), cudaEventElapsed = 41.13334274291992 (ms)
[RANK1] W @ 2254.999267578125 (ms) to 2276.73974609375 (ms), cudaEventElapsed = 21.70368003845215 (ms)
[RANK1] W @ 2276.9296875 (ms) to 2304.447998046875 (ms), cudaEventElapsed = 27.489280700683594 (ms)
[RANK1] B @ 2433.41748046875 (ms) to 2474.518798828125 (ms), cudaEventElapsed = 41.06355285644531 (ms)
[RANK1] W @ 2474.71435546875 (ms) to 2496.62744140625 (ms), cudaEventElapsed = 21.87980842590332 (ms)
[RANK1] W @ 2496.796630859375 (ms) to 2524.21826171875 (ms), cudaEventElapsed = 27.392000198364258 (ms)
[RANK1] B @ 2532.79443359375 (ms) to 2578.456787109375 (ms), cudaEventElapsed = 45.629310607910156 (ms)
[RANK1] 4W @ 2578.65087890625 (ms) to 2683.716064453125 (ms), cudaEventElapsed = 105.02758026123047 (ms)
[RANK1] Iteration 10
[RANK1] F @ 29.318115234375 (ms) to 61.710693359375 (ms), cudaEventElapsed = 32.35356903076172 (ms)
[RANK1] F @ 62.135009765625 (ms) to 97.60791015625 (ms), cudaEventElapsed = 35.42153549194336 (ms)
[RANK1] F @ 98.054443359375 (ms) to 135.2109375 (ms), cudaEventElapsed = 37.106143951416016 (ms)
[RANK1] F @ 135.560546875 (ms) to 172.439208984375 (ms), cudaEventElapsed = 36.845375061035156 (ms)
[RANK1] F @ 174.10888671875 (ms) to 211.3876953125 (ms), cudaEventElapsed = 37.240928649902344 (ms)
[RANK1] B @ 539.474365234375 (ms) to 580.61376953125 (ms), cudaEventElapsed = 41.07542419433594 (ms)
[RANK1] F @ 581.0478515625 (ms) to 615.82373046875 (ms), cudaEventElapsed = 34.739871978759766 (ms)
[RANK1] B @ 732.5107421875 (ms) to 773.56494140625 (ms), cudaEventElapsed = 41.002750396728516 (ms)
[RANK1] F @ 775.0732421875 (ms) to 810.0771484375 (ms), cudaEventElapsed = 34.96700668334961 (ms)
[RANK1] B @ 924.90576171875 (ms) to 966.033447265625 (ms), cudaEventElapsed = 41.087135314941406 (ms)
[RANK1] F @ 966.398193359375 (ms) to 1001.636962890625 (ms), cudaEventElapsed = 35.20751953125 (ms)
[RANK1] B @ 1117.47607421875 (ms) to 1158.479736328125 (ms), cudaEventElapsed = 40.94441604614258 (ms)
[RANK1] W @ 1158.76513671875 (ms) to 1181.068115234375 (ms), cudaEventElapsed = 22.153215408325195 (ms)
[RANK1] F @ 1181.23291015625 (ms) to 1220.212646484375 (ms), cudaEventElapsed = 38.94998550415039 (ms)
[RANK1] B @ 1311.529052734375 (ms) to 1353.666259765625 (ms), cudaEventElapsed = 42.09196853637695 (ms)
[RANK1] B @ 1501.03369140625 (ms) to 1542.05126953125 (ms), cudaEventElapsed = 40.96470260620117 (ms)
[RANK1] W @ 1542.271484375 (ms) to 1563.9736328125 (ms), cudaEventElapsed = 21.66374397277832 (ms)
[RANK1] F @ 1564.269775390625 (ms) to 1603.340087890625 (ms), cudaEventElapsed = 39.038143157958984 (ms)
[RANK1] B @ 1722.782470703125 (ms) to 1764.97265625 (ms), cudaEventElapsed = 42.13683319091797 (ms)
[RANK1] B @ 1767.526123046875 (ms) to 1810.84423828125 (ms), cudaEventElapsed = 43.28076934814453 (ms)
[RANK1] W @ 1811.017578125 (ms) to 1834.5908203125 (ms), cudaEventElapsed = 23.53868865966797 (ms)
[RANK1] F @ 1834.8623046875 (ms) to 1875.1494140625 (ms), cudaEventElapsed = 40.257537841796875 (ms)
[RANK1] B @ 1987.98583984375 (ms) to 2029.00634765625 (ms), cudaEventElapsed = 40.94761657714844 (ms)
[RANK1] W @ 2029.29296875 (ms) to 2051.952392578125 (ms), cudaEventElapsed = 21.49888038635254 (ms)
[RANK1] F @ 2052.2548828125 (ms) to 2092.556396484375 (ms), cudaEventElapsed = 40.26976013183594 (ms)
[RANK1] B @ 2206.989990234375 (ms) to 2248.149169921875 (ms), cudaEventElapsed = 41.09587097167969 (ms)
[RANK1] W @ 2248.368896484375 (ms) to 2269.7509765625 (ms), cudaEventElapsed = 21.338111877441406 (ms)
[RANK1] W @ 2269.94677734375 (ms) to 2297.36669921875 (ms), cudaEventElapsed = 27.389951705932617 (ms)
[RANK1] B @ 2426.230224609375 (ms) to 2467.338623046875 (ms), cudaEventElapsed = 41.06796646118164 (ms)
[RANK1] W @ 2467.544677734375 (ms) to 2489.284912109375 (ms), cudaEventElapsed = 21.70675277709961 (ms)
[RANK1] W @ 2489.47802734375 (ms) to 2517.349853515625 (ms), cudaEventElapsed = 27.841535568237305 (ms)
[RANK1] B @ 2524.7587890625 (ms) to 2570.947998046875 (ms), cudaEventElapsed = 46.15545654296875 (ms)
[RANK1] 4W @ 2571.14404296875 (ms) to 2676.6650390625 (ms), cudaEventElapsed = 105.48429107666016 (ms)
[RANK1] Iteration 11
[RANK1] F @ 29.286376953125 (ms) to 61.55029296875 (ms), cudaEventElapsed = 32.221920013427734 (ms)
[RANK1] F @ 62.003173828125 (ms) to 96.538330078125 (ms), cudaEventElapsed = 34.4747200012207 (ms)
[RANK1] F @ 96.965576171875 (ms) to 134.147216796875 (ms), cudaEventElapsed = 37.12694549560547 (ms)
[RANK1] F @ 134.51025390625 (ms) to 171.631103515625 (ms), cudaEventElapsed = 37.08816146850586 (ms)
[RANK1] F @ 173.309326171875 (ms) to 210.6630859375 (ms), cudaEventElapsed = 37.318016052246094 (ms)
[RANK1] B @ 538.78955078125 (ms) to 580.023193359375 (ms), cudaEventElapsed = 41.15999984741211 (ms)
[RANK1] F @ 580.51171875 (ms) to 615.483154296875 (ms), cudaEventElapsed = 34.931488037109375 (ms)
[RANK1] B @ 732.28076171875 (ms) to 773.491943359375 (ms), cudaEventElapsed = 41.12588882446289 (ms)
[RANK1] F @ 774.996337890625 (ms) to 810.345703125 (ms), cudaEventElapsed = 35.311614990234375 (ms)
[RANK1] B @ 924.58935546875 (ms) to 965.642578125 (ms), cudaEventElapsed = 41.00889587402344 (ms)
[RANK1] F @ 966.031982421875 (ms) to 1001.265869140625 (ms), cudaEventElapsed = 35.20003128051758 (ms)
[RANK1] B @ 1117.772705078125 (ms) to 1158.757568359375 (ms), cudaEventElapsed = 40.94054412841797 (ms)
[RANK1] W @ 1159.026611328125 (ms) to 1181.623779296875 (ms), cudaEventElapsed = 22.435840606689453 (ms)
[RANK1] F @ 1181.788330078125 (ms) to 1220.67041015625 (ms), cudaEventElapsed = 38.851871490478516 (ms)
[RANK1] B @ 1313.796142578125 (ms) to 1355.972900390625 (ms), cudaEventElapsed = 42.137184143066406 (ms)
[RANK1] B @ 1505.099365234375 (ms) to 1546.18115234375 (ms), cudaEventElapsed = 41.03750228881836 (ms)
[RANK1] W @ 1546.36181640625 (ms) to 1568.064208984375 (ms), cudaEventElapsed = 21.67193603515625 (ms)
[RANK1] F @ 1568.33935546875 (ms) to 1608.59375 (ms), cudaEventElapsed = 40.22313690185547 (ms)
[RANK1] B @ 1727.146240234375 (ms) to 1769.146240234375 (ms), cudaEventElapsed = 41.95420837402344 (ms)
[RANK1] B @ 1771.163330078125 (ms) to 1814.528076171875 (ms), cudaEventElapsed = 43.33039855957031 (ms)
[RANK1] W @ 1814.697021484375 (ms) to 1839.131103515625 (ms), cudaEventElapsed = 24.401920318603516 (ms)
[RANK1] F @ 1839.406494140625 (ms) to 1878.505615234375 (ms), cudaEventElapsed = 39.06876754760742 (ms)
[RANK1] B @ 2035.850830078125 (ms) to 2076.85302734375 (ms), cudaEventElapsed = 40.963008880615234 (ms)
[RANK1] W @ 2077.096923828125 (ms) to 2099.927490234375 (ms), cudaEventElapsed = 21.728256225585938 (ms)
[RANK1] F @ 2100.202880859375 (ms) to 2139.210205078125 (ms), cudaEventElapsed = 38.977569580078125 (ms)
[RANK1] B @ 2323.648193359375 (ms) to 2364.664794921875 (ms), cudaEventElapsed = 40.97510528564453 (ms)
[RANK1] W @ 2364.85205078125 (ms) to 2386.35791015625 (ms), cudaEventElapsed = 21.47020721435547 (ms)
[RANK1] W @ 2386.522705078125 (ms) to 2413.58154296875 (ms), cudaEventElapsed = 27.029504776000977 (ms)
[RANK1] B @ 2611.78125 (ms) to 2652.787841796875 (ms), cudaEventElapsed = 40.9699821472168 (ms)
[RANK1] W @ 2652.967041015625 (ms) to 2675.119140625 (ms), cudaEventElapsed = 22.116352081298828 (ms)
[RANK1] W @ 2675.287841796875 (ms) to 2703.40869140625 (ms), cudaEventElapsed = 28.091392517089844 (ms)
[RANK1] B @ 2799.038818359375 (ms) to 2839.959716796875 (ms), cudaEventElapsed = 40.88383865356445 (ms)
[RANK1] 4W @ 2840.134765625 (ms) to 2944.974365234375 (ms), cudaEventElapsed = 104.80435180664062 (ms)
[RANK1] Iteration 12
[RANK1] F @ 29.32421875 (ms) to 61.3154296875 (ms), cudaEventElapsed = 31.951936721801758 (ms)
[RANK1] F @ 61.72119140625 (ms) to 96.647216796875 (ms), cudaEventElapsed = 34.87801742553711 (ms)
[RANK1] F @ 97.049072265625 (ms) to 134.8125 (ms), cudaEventElapsed = 37.723873138427734 (ms)
[RANK1] F @ 135.13232421875 (ms) to 172.001953125 (ms), cudaEventElapsed = 36.8359375 (ms)
[RANK1] F @ 173.556396484375 (ms) to 210.919677734375 (ms), cudaEventElapsed = 37.32643127441406 (ms)
[RANK1] B @ 642.174072265625 (ms) to 683.129638671875 (ms), cudaEventElapsed = 40.907615661621094 (ms)
[RANK1] F @ 683.525390625 (ms) to 718.042236328125 (ms), cudaEventElapsed = 34.48400115966797 (ms)
[RANK1] B @ 925.539306640625 (ms) to 966.443603515625 (ms), cudaEventElapsed = 40.86355209350586 (ms)
[RANK1] F @ 967.879638671875 (ms) to 1002.107421875 (ms), cudaEventElapsed = 34.19462585449219 (ms)
[RANK1] B @ 1140.83154296875 (ms) to 1181.880126953125 (ms), cudaEventElapsed = 40.997310638427734 (ms)
[RANK1] F @ 1182.244873046875 (ms) to 1216.9833984375 (ms), cudaEventElapsed = 34.70719909667969 (ms)
[RANK1] B @ 1356.186279296875 (ms) to 1397.136962890625 (ms), cudaEventElapsed = 40.90415954589844 (ms)
[RANK1] W @ 1397.41455078125 (ms) to 1419.783203125 (ms), cudaEventElapsed = 22.226943969726562 (ms)
[RANK1] F @ 1419.94189453125 (ms) to 1459.48876953125 (ms), cudaEventElapsed = 39.51660919189453 (ms)
[RANK1] B @ 1572.081298828125 (ms) to 1614.07177734375 (ms), cudaEventElapsed = 41.95065689086914 (ms)
[RANK1] B @ 1785.8486328125 (ms) to 1826.78173828125 (ms), cudaEventElapsed = 40.88854217529297 (ms)
[RANK1] W @ 1826.97314453125 (ms) to 1848.805419921875 (ms), cudaEventElapsed = 21.798912048339844 (ms)
[RANK1] F @ 1849.07861328125 (ms) to 1888.503662109375 (ms), cudaEventElapsed = 39.394561767578125 (ms)
[RANK1] B @ 2012.693359375 (ms) to 2054.7734375 (ms), cudaEventElapsed = 42.03094482421875 (ms)
[RANK1] B @ 2117.38818359375 (ms) to 2158.478271484375 (ms), cudaEventElapsed = 41.0511360168457 (ms)
[RANK1] W @ 2158.65673828125 (ms) to 2181.4775390625 (ms), cudaEventElapsed = 22.790143966674805 (ms)
[RANK1] F @ 2181.740478515625 (ms) to 2221.8017578125 (ms), cudaEventElapsed = 40.030113220214844 (ms)
[RANK1] B @ 2421.384521484375 (ms) to 2462.36669921875 (ms), cudaEventElapsed = 40.93648147583008 (ms)
[RANK1] W @ 2462.621337890625 (ms) to 2485.317626953125 (ms), cudaEventElapsed = 21.564416885375977 (ms)
[RANK1] F @ 2485.604248046875 (ms) to 2524.423583984375 (ms), cudaEventElapsed = 38.78790283203125 (ms)
[RANK1] B @ 2708.80419921875 (ms) to 2749.943359375 (ms), cudaEventElapsed = 41.083518981933594 (ms)
[RANK1] W @ 2750.15234375 (ms) to 2771.629638671875 (ms), cudaEventElapsed = 21.437440872192383 (ms)
[RANK1] W @ 2771.802978515625 (ms) to 2799.0068359375 (ms), cudaEventElapsed = 27.17286491394043 (ms)
[RANK1] B @ 2996.45458984375 (ms) to 3037.544189453125 (ms), cudaEventElapsed = 41.051265716552734 (ms)
[RANK1] W @ 3037.7236328125 (ms) to 3059.953125 (ms), cudaEventElapsed = 22.194175720214844 (ms)
[RANK1] W @ 3060.121337890625 (ms) to 3088.177734375 (ms), cudaEventElapsed = 28.028928756713867 (ms)
[RANK1] B @ 3183.69140625 (ms) to 3224.684814453125 (ms), cudaEventElapsed = 40.95929718017578 (ms)
[RANK1] 4W @ 3224.857666015625 (ms) to 3330.78125 (ms), cudaEventElapsed = 105.8887710571289 (ms)
[RANK1] Iteration 13
[RANK1] F @ 29.2900390625 (ms) to 61.2822265625 (ms), cudaEventElapsed = 31.953439712524414 (ms)
[RANK1] F @ 61.744384765625 (ms) to 96.260498046875 (ms), cudaEventElapsed = 34.46815872192383 (ms)
[RANK1] F @ 96.66455078125 (ms) to 134.337646484375 (ms), cudaEventElapsed = 37.614017486572266 (ms)
[RANK1] F @ 134.650634765625 (ms) to 171.2216796875 (ms), cudaEventElapsed = 36.5382080078125 (ms)
[RANK1] F @ 172.779052734375 (ms) to 209.189208984375 (ms), cudaEventElapsed = 36.375457763671875 (ms)
[RANK1] B @ 643.045166015625 (ms) to 683.94384765625 (ms), cudaEventElapsed = 40.85091018676758 (ms)
[RANK1] F @ 684.329345703125 (ms) to 718.8056640625 (ms), cudaEventElapsed = 34.44307327270508 (ms)
[RANK1] B @ 926.7138671875 (ms) to 967.66357421875 (ms), cudaEventElapsed = 40.88924789428711 (ms)
[RANK1] F @ 969.10400390625 (ms) to 1003.639892578125 (ms), cudaEventElapsed = 34.501953125 (ms)
[RANK1] B @ 1141.99853515625 (ms) to 1182.99853515625 (ms), cudaEventElapsed = 40.94822311401367 (ms)
[RANK1] F @ 1183.34912109375 (ms) to 1218.229736328125 (ms), cudaEventElapsed = 34.850303649902344 (ms)
[RANK1] B @ 1357.884521484375 (ms) to 1398.87744140625 (ms), cudaEventElapsed = 40.943359375 (ms)
[RANK1] W @ 1399.13720703125 (ms) to 1421.94873046875 (ms), cudaEventElapsed = 22.6693115234375 (ms)
[RANK1] F @ 1422.117431640625 (ms) to 1461.231689453125 (ms), cudaEventElapsed = 39.08406448364258 (ms)
[RANK1] B @ 1573.446533203125 (ms) to 1615.337890625 (ms), cudaEventElapsed = 41.853214263916016 (ms)
[RANK1] B @ 1786.577392578125 (ms) to 1827.512451171875 (ms), cudaEventElapsed = 40.87664031982422 (ms)
[RANK1] W @ 1827.70263671875 (ms) to 1849.917236328125 (ms), cudaEventElapsed = 22.177791595458984 (ms)
[RANK1] F @ 1850.19091796875 (ms) to 1890.19580078125 (ms), cudaEventElapsed = 39.97468948364258 (ms)
[RANK1] B @ 2013.214111328125 (ms) to 2055.312255859375 (ms), cudaEventElapsed = 42.050113677978516 (ms)
[RANK1] B @ 2118.632080078125 (ms) to 2159.77001953125 (ms), cudaEventElapsed = 41.09756851196289 (ms)
[RANK1] W @ 2159.9541015625 (ms) to 2183.087646484375 (ms), cudaEventElapsed = 23.09939193725586 (ms)
[RANK1] F @ 2183.361083984375 (ms) to 2223.3759765625 (ms), cudaEventElapsed = 39.98515319824219 (ms)
[RANK1] B @ 2422.951171875 (ms) to 2463.9501953125 (ms), cudaEventElapsed = 40.9510383605957 (ms)
[RANK1] W @ 2464.20654296875 (ms) to 2486.95166015625 (ms), cudaEventElapsed = 21.618688583374023 (ms)
[RANK1] F @ 2487.232421875 (ms) to 2525.68994140625 (ms), cudaEventElapsed = 38.4277458190918 (ms)
[RANK1] B @ 2711.05615234375 (ms) to 2752.015380859375 (ms), cudaEventElapsed = 40.91872024536133 (ms)
[RANK1] W @ 2752.190185546875 (ms) to 2773.635498046875 (ms), cudaEventElapsed = 21.411840438842773 (ms)
[RANK1] W @ 2773.804931640625 (ms) to 2801.272216796875 (ms), cudaEventElapsed = 27.439104080200195 (ms)
[RANK1] B @ 2999.876708984375 (ms) to 3040.905517578125 (ms), cudaEventElapsed = 40.99555206298828 (ms)
[RANK1] W @ 3041.08154296875 (ms) to 3063.5517578125 (ms), cudaEventElapsed = 22.433792114257812 (ms)
[RANK1] W @ 3063.71142578125 (ms) to 3091.455322265625 (ms), cudaEventElapsed = 27.71660804748535 (ms)
[RANK1] B @ 3186.809326171875 (ms) to 3227.7119140625 (ms), cudaEventElapsed = 40.87055969238281 (ms)
[RANK1] 4W @ 3227.87841796875 (ms) to 3332.7861328125 (ms), cudaEventElapsed = 104.87398529052734 (ms)
[RANK1] Iteration 14
[RANK1] F @ 29.1337890625 (ms) to 61.266357421875 (ms), cudaEventElapsed = 32.09584045410156 (ms)
[RANK1] F @ 61.6923828125 (ms) to 96.808349609375 (ms), cudaEventElapsed = 35.0810546875 (ms)
[RANK1] F @ 97.23974609375 (ms) to 135.03125 (ms), cudaEventElapsed = 37.75507354736328 (ms)
[RANK1] F @ 135.335693359375 (ms) to 172.432373046875 (ms), cudaEventElapsed = 37.064449310302734 (ms)
[RANK1] F @ 174.103271484375 (ms) to 210.8681640625 (ms), cudaEventElapsed = 36.72943878173828 (ms)
[RANK1] B @ 642.89453125 (ms) to 683.92919921875 (ms), cudaEventElapsed = 40.972991943359375 (ms)
[RANK1] F @ 684.35791015625 (ms) to 719.180419921875 (ms), cudaEventElapsed = 34.78790283203125 (ms)
[RANK1] B @ 925.8720703125 (ms) to 966.8857421875 (ms), cudaEventElapsed = 40.954017639160156 (ms)
[RANK1] F @ 968.376708984375 (ms) to 1002.952392578125 (ms), cudaEventElapsed = 34.5425910949707 (ms)
[RANK1] B @ 1141.11669921875 (ms) to 1182.16015625 (ms), cudaEventElapsed = 40.9967041015625 (ms)
[RANK1] F @ 1182.528076171875 (ms) to 1217.26318359375 (ms), cudaEventElapsed = 34.70332717895508 (ms)
[RANK1] B @ 1356.65185546875 (ms) to 1397.72705078125 (ms), cudaEventElapsed = 41.02595138549805 (ms)
[RANK1] W @ 1398.01171875 (ms) to 1421.375244140625 (ms), cudaEventElapsed = 23.212032318115234 (ms)
[RANK1] F @ 1421.53271484375 (ms) to 1460.68505859375 (ms), cudaEventElapsed = 39.12102508544922 (ms)
[RANK1] B @ 1572.025146484375 (ms) to 1613.99755859375 (ms), cudaEventElapsed = 41.932960510253906 (ms)
[RANK1] B @ 1785.8017578125 (ms) to 1826.78857421875 (ms), cudaEventElapsed = 40.945343017578125 (ms)
[RANK1] W @ 1826.9814453125 (ms) to 1848.833251953125 (ms), cudaEventElapsed = 21.818368911743164 (ms)
[RANK1] F @ 1849.10986328125 (ms) to 1888.224853515625 (ms), cudaEventElapsed = 39.08393478393555 (ms)
[RANK1] B @ 2012.630615234375 (ms) to 2054.631103515625 (ms), cudaEventElapsed = 41.953407287597656 (ms)
[RANK1] B @ 2116.937744140625 (ms) to 2158.050048828125 (ms), cudaEventElapsed = 41.069664001464844 (ms)
[RANK1] W @ 2158.232666015625 (ms) to 2181.029541015625 (ms), cudaEventElapsed = 22.760448455810547 (ms)
[RANK1] F @ 2181.30712890625 (ms) to 2220.970947265625 (ms), cudaEventElapsed = 39.63343811035156 (ms)
[RANK1] B @ 2419.991455078125 (ms) to 2460.9501953125 (ms), cudaEventElapsed = 40.90156936645508 (ms)
[RANK1] W @ 2461.200439453125 (ms) to 2484.04248046875 (ms), cudaEventElapsed = 21.724159240722656 (ms)
[RANK1] F @ 2484.31689453125 (ms) to 2523.328369140625 (ms), cudaEventElapsed = 38.98044967651367 (ms)
[RANK1] B @ 2708.012451171875 (ms) to 2749.083740234375 (ms), cudaEventElapsed = 41.030399322509766 (ms)
[RANK1] W @ 2749.2626953125 (ms) to 2771.015625 (ms), cudaEventElapsed = 21.720064163208008 (ms)
[RANK1] W @ 2771.181884765625 (ms) to 2798.580810546875 (ms), cudaEventElapsed = 27.37049674987793 (ms)
[RANK1] B @ 2995.802978515625 (ms) to 3036.765625 (ms), cudaEventElapsed = 40.92784118652344 (ms)
[RANK1] W @ 3036.938720703125 (ms) to 3059.051025390625 (ms), cudaEventElapsed = 22.07948875427246 (ms)
[RANK1] W @ 3059.208984375 (ms) to 3087.315185546875 (ms), cudaEventElapsed = 28.077056884765625 (ms)
[RANK1] B @ 3183.322265625 (ms) to 3224.126220703125 (ms), cudaEventElapsed = 40.7718391418457 (ms)
[RANK1] 4W @ 3224.284912109375 (ms) to 3329.21630859375 (ms), cudaEventElapsed = 104.89446258544922 (ms)
[RANK1] Iteration 15
[RANK1] F @ 29.249755859375 (ms) to 61.26416015625 (ms), cudaEventElapsed = 31.97772789001465 (ms)
[RANK1] F @ 61.673583984375 (ms) to 96.79296875 (ms), cudaEventElapsed = 35.0843505859375 (ms)
[RANK1] F @ 97.197509765625 (ms) to 134.892578125 (ms), cudaEventElapsed = 37.65235137939453 (ms)
[RANK1] F @ 135.194580078125 (ms) to 171.796875 (ms), cudaEventElapsed = 36.570430755615234 (ms)
[RANK1] F @ 173.373291015625 (ms) to 209.775146484375 (ms), cudaEventElapsed = 36.361473083496094 (ms)
[RANK1] B @ 643.340087890625 (ms) to 684.320068359375 (ms), cudaEventElapsed = 40.93299102783203 (ms)
[RANK1] F @ 684.697021484375 (ms) to 719.370849609375 (ms), cudaEventElapsed = 34.641502380371094 (ms)
[RANK1] B @ 926.8291015625 (ms) to 967.728271484375 (ms), cudaEventElapsed = 40.850433349609375 (ms)
[RANK1] F @ 969.140869140625 (ms) to 1003.560791015625 (ms), cudaEventElapsed = 34.387168884277344 (ms)
[RANK1] B @ 1142.041259765625 (ms) to 1183.076171875 (ms), cudaEventElapsed = 40.99216079711914 (ms)
[RANK1] F @ 1183.427734375 (ms) to 1218.1572265625 (ms), cudaEventElapsed = 34.69868850708008 (ms)
[RANK1] B @ 1357.91552734375 (ms) to 1399.103759765625 (ms), cudaEventElapsed = 41.12236785888672 (ms)
[RANK1] W @ 1399.392578125 (ms) to 1422.4833984375 (ms), cudaEventElapsed = 22.934528350830078 (ms)
[RANK1] F @ 1422.65087890625 (ms) to 1462.16796875 (ms), cudaEventElapsed = 39.4870719909668 (ms)
[RANK1] B @ 1573.952880859375 (ms) to 1615.945068359375 (ms), cudaEventElapsed = 41.94633483886719 (ms)
[RANK1] B @ 1787.50341796875 (ms) to 1828.44677734375 (ms), cudaEventElapsed = 40.903358459472656 (ms)
[RANK1] W @ 1828.633544921875 (ms) to 1850.455810546875 (ms), cudaEventElapsed = 21.788671493530273 (ms)
[RANK1] F @ 1850.73291015625 (ms) to 1889.857421875 (ms), cudaEventElapsed = 39.09347152709961 (ms)
[RANK1] B @ 2014.21044921875 (ms) to 2056.239501953125 (ms), cudaEventElapsed = 41.972511291503906 (ms)
[RANK1] B @ 2118.703857421875 (ms) to 2159.887939453125 (ms), cudaEventElapsed = 41.14195251464844 (ms)
[RANK1] W @ 2160.1064453125 (ms) to 2182.94970703125 (ms), cudaEventElapsed = 22.809600830078125 (ms)
[RANK1] F @ 2183.2421875 (ms) to 2222.87890625 (ms), cudaEventElapsed = 39.605342864990234 (ms)
[RANK1] B @ 2422.606689453125 (ms) to 2463.58935546875 (ms), cudaEventElapsed = 40.935935974121094 (ms)
[RANK1] W @ 2463.850830078125 (ms) to 2486.805419921875 (ms), cudaEventElapsed = 21.86444854736328 (ms)
[RANK1] F @ 2487.09130859375 (ms) to 2525.952880859375 (ms), cudaEventElapsed = 38.829856872558594 (ms)
[RANK1] B @ 2710.775390625 (ms) to 2751.8466796875 (ms), cudaEventElapsed = 41.0109748840332 (ms)
[RANK1] W @ 2752.03955078125 (ms) to 2773.465087890625 (ms), cudaEventElapsed = 21.393407821655273 (ms)
[RANK1] W @ 2773.6357421875 (ms) to 2801.054931640625 (ms), cudaEventElapsed = 27.381759643554688 (ms)
[RANK1] B @ 2998.197509765625 (ms) to 3039.21630859375 (ms), cudaEventElapsed = 40.982879638671875 (ms)
[RANK1] W @ 3039.408203125 (ms) to 3062.287109375 (ms), cudaEventElapsed = 22.847488403320312 (ms)
[RANK1] W @ 3062.4609375 (ms) to 3090.7646484375 (ms), cudaEventElapsed = 28.274688720703125 (ms)
[RANK1] B @ 3184.73681640625 (ms) to 3225.5771484375 (ms), cudaEventElapsed = 40.806846618652344 (ms)
[RANK1] 4W @ 3225.7509765625 (ms) to 3330.400634765625 (ms), cudaEventElapsed = 104.61491394042969 (ms)
[RANK1] Iteration 16
[RANK1] F @ 26.033935546875 (ms) to 56.037109375 (ms), cudaEventElapsed = 29.967071533203125 (ms)
[RANK1] F @ 56.511474609375 (ms) to 89.558837890625 (ms), cudaEventElapsed = 33.00454330444336 (ms)
[RANK1] F @ 90.0888671875 (ms) to 124.87060546875 (ms), cudaEventElapsed = 34.74409484863281 (ms)
[RANK1] F @ 125.17529296875 (ms) to 160.1337890625 (ms), cudaEventElapsed = 34.92585754394531 (ms)
[RANK1] F @ 161.67919921875 (ms) to 196.32373046875 (ms), cudaEventElapsed = 34.60976028442383 (ms)
[RANK1] F @ 196.7431640625 (ms) to 232.2744140625 (ms), cudaEventElapsed = 35.49705505371094 (ms)
[RANK1] F @ 232.7060546875 (ms) to 268.134033203125 (ms), cudaEventElapsed = 35.39440155029297 (ms)
[RANK1] F @ 339.689208984375 (ms) to 370.1181640625 (ms), cudaEventElapsed = 30.35628890991211 (ms)
[RANK1] F @ 480.40625 (ms) to 510.4248046875 (ms), cudaEventElapsed = 29.978879928588867 (ms)
[RANK1] F @ 620.5693359375 (ms) to 650.576416015625 (ms), cudaEventElapsed = 29.966175079345703 (ms)
[RANK1] F @ 759.797119140625 (ms) to 789.83984375 (ms), cudaEventElapsed = 30.00217628479004 (ms)
[RANK1] F @ 899.7958984375 (ms) to 929.800537109375 (ms), cudaEventElapsed = 29.96726417541504 (ms)
