[RANK2] Iteration 1
[RANK2] F @ 868.509521484375 (ms) to 1022.585693359375 (ms), cudaEventElapsed = 154.00880432128906 (ms)
[RANK2] F @ 1074.413330078125 (ms) to 1106.176025390625 (ms), cudaEventElapsed = 31.704448699951172 (ms)
[RANK2] F @ 1108.131103515625 (ms) to 1142.0595703125 (ms), cudaEventElapsed = 33.88902282714844 (ms)
[RANK2] B @ 1749.246826171875 (ms) to 1801.478515625 (ms), cudaEventElapsed = 52.17366409301758 (ms)
[RANK2] F @ 1805.77294921875 (ms) to 1838.20703125 (ms), cudaEventElapsed = 32.39894485473633 (ms)
[RANK2] B @ 1838.569580078125 (ms) to 1883.0009765625 (ms), cudaEventElapsed = 44.38742446899414 (ms)
[RANK2] F @ 1884.372314453125 (ms) to 1918.38623046875 (ms), cudaEventElapsed = 33.9804801940918 (ms)
[RANK2] B @ 1918.692626953125 (ms) to 1963.27685546875 (ms), cudaEventElapsed = 44.530113220214844 (ms)
[RANK2] F @ 1964.742919921875 (ms) to 1998.974853515625 (ms), cudaEventElapsed = 34.19619369506836 (ms)
[RANK2] B @ 1999.289794921875 (ms) to 2044.119873046875 (ms), cudaEventElapsed = 44.768096923828125 (ms)
[RANK2] F @ 2045.502197265625 (ms) to 2079.884765625 (ms), cudaEventElapsed = 34.346046447753906 (ms)
[RANK2] B @ 2080.193115234375 (ms) to 2125.0546875 (ms), cudaEventElapsed = 44.78857421875 (ms)
[RANK2] F @ 2125.378173828125 (ms) to 2159.6220703125 (ms), cudaEventElapsed = 34.21187210083008 (ms)
[RANK2] B @ 2159.989013671875 (ms) to 2205.481689453125 (ms), cudaEventElapsed = 45.4568977355957 (ms)
[RANK2] W @ 2205.707763671875 (ms) to 2227.341796875 (ms), cudaEventElapsed = 21.602304458618164 (ms)
[RANK2] F @ 2227.466796875 (ms) to 2261.28662109375 (ms), cudaEventElapsed = 33.791038513183594 (ms)
[RANK2] B @ 2262.693359375 (ms) to 2307.53564453125 (ms), cudaEventElapsed = 44.799774169921875 (ms)
[RANK2] B @ 2308.903564453125 (ms) to 2351.253662109375 (ms), cudaEventElapsed = 42.31795120239258 (ms)
[RANK2] W @ 2351.3896484375 (ms) to 2371.687744140625 (ms), cudaEventElapsed = 20.26598358154297 (ms)
[RANK2] F @ 2371.919677734375 (ms) to 2405.685302734375 (ms), cudaEventElapsed = 33.73664093017578 (ms)
[RANK2] B @ 2405.95458984375 (ms) to 2450.825927734375 (ms), cudaEventElapsed = 44.82089614868164 (ms)
[RANK2] W @ 2451.045166015625 (ms) to 2473.489990234375 (ms), cudaEventElapsed = 21.394432067871094 (ms)
[RANK2] F @ 2473.719970703125 (ms) to 2507.43798828125 (ms), cudaEventElapsed = 33.688865661621094 (ms)
[RANK2] B @ 2507.717529296875 (ms) to 2552.665771484375 (ms), cudaEventElapsed = 44.901023864746094 (ms)
[RANK2] W @ 2552.863525390625 (ms) to 2575.12060546875 (ms), cudaEventElapsed = 21.158912658691406 (ms)
[RANK2] F @ 2575.365478515625 (ms) to 2608.90869140625 (ms), cudaEventElapsed = 33.51408004760742 (ms)
[RANK2] B @ 2609.2119140625 (ms) to 2655.89990234375 (ms), cudaEventElapsed = 46.63011169433594 (ms)
[RANK2] W @ 2656.037109375 (ms) to 2678.818359375 (ms), cudaEventElapsed = 22.751232147216797 (ms)
[RANK2] W @ 2678.947509765625 (ms) to 2700.968994140625 (ms), cudaEventElapsed = 21.985279083251953 (ms)
[RANK2] B @ 2701.094482421875 (ms) to 2744.014404296875 (ms), cudaEventElapsed = 42.89107131958008 (ms)
[RANK2] 6W @ 2744.147216796875 (ms) to 2873.06396484375 (ms), cudaEventElapsed = 128.88575744628906 (ms)
[RANK2] Iteration 2
[RANK2] F @ 63.428466796875 (ms) to 95.781005859375 (ms), cudaEventElapsed = 32.30188751220703 (ms)
[RANK2] F @ 98.63330078125 (ms) to 131.9580078125 (ms), cudaEventElapsed = 33.28134536743164 (ms)
[RANK2] F @ 137.263427734375 (ms) to 173.215087890625 (ms), cudaEventElapsed = 35.91267013549805 (ms)
[RANK2] B @ 179.115966796875 (ms) to 223.41064453125 (ms), cudaEventElapsed = 44.25059127807617 (ms)
[RANK2] F @ 223.858642578125 (ms) to 257.902587890625 (ms), cudaEventElapsed = 34.00806427001953 (ms)
[RANK2] B @ 258.24658203125 (ms) to 303.294921875 (ms), cudaEventElapsed = 45.011390686035156 (ms)
[RANK2] F @ 304.740478515625 (ms) to 339.192138671875 (ms), cudaEventElapsed = 34.41734313964844 (ms)
[RANK2] B @ 339.5302734375 (ms) to 384.2978515625 (ms), cudaEventElapsed = 44.730079650878906 (ms)
[RANK2] F @ 385.756591796875 (ms) to 419.689453125 (ms), cudaEventElapsed = 33.897727966308594 (ms)
[RANK2] B @ 420.0283203125 (ms) to 464.722900390625 (ms), cudaEventElapsed = 44.65964889526367 (ms)
[RANK2] F @ 466.177490234375 (ms) to 499.944580078125 (ms), cudaEventElapsed = 33.73011016845703 (ms)
[RANK2] B @ 500.27197265625 (ms) to 544.87158203125 (ms), cudaEventElapsed = 44.56367874145508 (ms)
[RANK2] F @ 545.25341796875 (ms) to 579.20068359375 (ms), cudaEventElapsed = 33.91408157348633 (ms)
[RANK2] B @ 579.601318359375 (ms) to 624.5693359375 (ms), cudaEventElapsed = 44.93097686767578 (ms)
[RANK2] W @ 624.841064453125 (ms) to 646.416748046875 (ms), cudaEventElapsed = 21.538816452026367 (ms)
[RANK2] F @ 646.589111328125 (ms) to 680.534423828125 (ms), cudaEventElapsed = 33.91388702392578 (ms)
[RANK2] B @ 681.963134765625 (ms) to 726.583740234375 (ms), cudaEventElapsed = 44.583038330078125 (ms)
[RANK2] B @ 728.248291015625 (ms) to 770.64501953125 (ms), cudaEventElapsed = 42.36492919921875 (ms)
[RANK2] W @ 770.831298828125 (ms) to 791.320556640625 (ms), cudaEventElapsed = 20.45439910888672 (ms)
[RANK2] F @ 791.60400390625 (ms) to 825.365234375 (ms), cudaEventElapsed = 33.729793548583984 (ms)
[RANK2] B @ 825.690185546875 (ms) to 870.898193359375 (ms), cudaEventElapsed = 45.171199798583984 (ms)
[RANK2] W @ 871.205810546875 (ms) to 893.816162109375 (ms), cudaEventElapsed = 21.45894432067871 (ms)
[RANK2] F @ 894.111572265625 (ms) to 928.076171875 (ms), cudaEventElapsed = 33.93484878540039 (ms)
[RANK2] B @ 928.398681640625 (ms) to 975.79345703125 (ms), cudaEventElapsed = 47.36092758178711 (ms)
[RANK2] W @ 976.04736328125 (ms) to 998.8974609375 (ms), cudaEventElapsed = 21.70572853088379 (ms)
[RANK2] F @ 999.177490234375 (ms) to 1032.914306640625 (ms), cudaEventElapsed = 33.707454681396484 (ms)
[RANK2] B @ 1033.24853515625 (ms) to 1078.052490234375 (ms), cudaEventElapsed = 44.76710510253906 (ms)
[RANK2] W @ 1078.234375 (ms) to 1099.87158203125 (ms), cudaEventElapsed = 21.600255966186523 (ms)
[RANK2] W @ 1100.044189453125 (ms) to 1121.69091796875 (ms), cudaEventElapsed = 21.617664337158203 (ms)
[RANK2] B @ 1121.843994140625 (ms) to 1164.89111328125 (ms), cudaEventElapsed = 43.016639709472656 (ms)
[RANK2] 6W @ 1165.074462890625 (ms) to 1294.01611328125 (ms), cudaEventElapsed = 128.90521240234375 (ms)
[RANK2] Iteration 3
[RANK2] F @ 63.759521484375 (ms) to 95.96484375 (ms), cudaEventElapsed = 32.158878326416016 (ms)
[RANK2] F @ 99.173095703125 (ms) to 134.054443359375 (ms), cudaEventElapsed = 34.832000732421875 (ms)
[RANK2] F @ 136.938720703125 (ms) to 174.9521484375 (ms), cudaEventElapsed = 37.9747200012207 (ms)
[RANK2] B @ 180.228271484375 (ms) to 225.306884765625 (ms), cudaEventElapsed = 45.03788757324219 (ms)
[RANK2] F @ 225.68310546875 (ms) to 259.303466796875 (ms), cudaEventElapsed = 33.5882568359375 (ms)
[RANK2] B @ 259.654052734375 (ms) to 304.394287109375 (ms), cudaEventElapsed = 44.69798278808594 (ms)
[RANK2] F @ 305.809814453125 (ms) to 339.763427734375 (ms), cudaEventElapsed = 33.920318603515625 (ms)
[RANK2] B @ 340.08935546875 (ms) to 384.958740234375 (ms), cudaEventElapsed = 44.82051086425781 (ms)
[RANK2] F @ 386.4111328125 (ms) to 420.150390625 (ms), cudaEventElapsed = 33.7072639465332 (ms)
[RANK2] B @ 420.496337890625 (ms) to 465.2353515625 (ms), cudaEventElapsed = 44.70188903808594 (ms)
[RANK2] F @ 466.69482421875 (ms) to 500.55615234375 (ms), cudaEventElapsed = 33.827999114990234 (ms)
[RANK2] B @ 500.887451171875 (ms) to 545.6689453125 (ms), cudaEventElapsed = 44.72787094116211 (ms)
[RANK2] F @ 546.019287109375 (ms) to 579.827392578125 (ms), cudaEventElapsed = 33.778846740722656 (ms)
[RANK2] B @ 580.218994140625 (ms) to 625.2333984375 (ms), cudaEventElapsed = 44.97884750366211 (ms)
[RANK2] W @ 625.49267578125 (ms) to 647.217041015625 (ms), cudaEventElapsed = 21.68627166748047 (ms)
[RANK2] F @ 647.387451171875 (ms) to 681.64794921875 (ms), cudaEventElapsed = 34.231422424316406 (ms)
[RANK2] B @ 683.142333984375 (ms) to 728.274169921875 (ms), cudaEventElapsed = 45.087646484375 (ms)
[RANK2] B @ 729.697998046875 (ms) to 772.2568359375 (ms), cudaEventElapsed = 42.526878356933594 (ms)
[RANK2] W @ 772.686767578125 (ms) to 792.9736328125 (ms), cudaEventElapsed = 20.25574493408203 (ms)
[RANK2] F @ 793.244384765625 (ms) to 826.918212890625 (ms), cudaEventElapsed = 33.64527893066406 (ms)
[RANK2] B @ 827.232666015625 (ms) to 871.845947265625 (ms), cudaEventElapsed = 44.575870513916016 (ms)
[RANK2] W @ 872.08056640625 (ms) to 894.5126953125 (ms), cudaEventElapsed = 21.354496002197266 (ms)
[RANK2] F @ 894.790283203125 (ms) to 929.834716796875 (ms), cudaEventElapsed = 35.01558303833008 (ms)
[RANK2] B @ 930.130859375 (ms) to 977.73876953125 (ms), cudaEventElapsed = 47.57539367675781 (ms)
[RANK2] W @ 977.967529296875 (ms) to 1000.88623046875 (ms), cudaEventElapsed = 21.796863555908203 (ms)
[RANK2] F @ 1001.149658203125 (ms) to 1035.24267578125 (ms), cudaEventElapsed = 34.056190490722656 (ms)
[RANK2] B @ 1035.53173828125 (ms) to 1080.522216796875 (ms), cudaEventElapsed = 44.94054412841797 (ms)
[RANK2] W @ 1080.69482421875 (ms) to 1102.372314453125 (ms), cudaEventElapsed = 21.642240524291992 (ms)
[RANK2] W @ 1102.527099609375 (ms) to 1124.145751953125 (ms), cudaEventElapsed = 21.590015411376953 (ms)
[RANK2] B @ 1124.2880859375 (ms) to 1167.075927734375 (ms), cudaEventElapsed = 42.76128005981445 (ms)
[RANK2] 6W @ 1167.240234375 (ms) to 1295.860107421875 (ms), cudaEventElapsed = 128.5877685546875 (ms)
[RANK2] Iteration 4
[RANK2] F @ 63.3779296875 (ms) to 95.69140625 (ms), cudaEventElapsed = 32.27827072143555 (ms)
[RANK2] F @ 98.869873046875 (ms) to 131.898193359375 (ms), cudaEventElapsed = 32.98463821411133 (ms)
[RANK2] F @ 137.0498046875 (ms) to 173.288330078125 (ms), cudaEventElapsed = 36.19475173950195 (ms)
[RANK2] B @ 179.134033203125 (ms) to 223.6845703125 (ms), cudaEventElapsed = 44.51113510131836 (ms)
[RANK2] F @ 224.04541015625 (ms) to 258.01318359375 (ms), cudaEventElapsed = 33.93769454956055 (ms)
[RANK2] B @ 258.336669921875 (ms) to 302.751220703125 (ms), cudaEventElapsed = 44.38003158569336 (ms)
[RANK2] F @ 304.146728515625 (ms) to 338.40673828125 (ms), cudaEventElapsed = 34.228416442871094 (ms)
[RANK2] B @ 338.72802734375 (ms) to 383.287353515625 (ms), cudaEventElapsed = 44.52547073364258 (ms)
[RANK2] F @ 384.682861328125 (ms) to 418.994140625 (ms), cudaEventElapsed = 34.2784309387207 (ms)
[RANK2] B @ 419.332763671875 (ms) to 463.9921875 (ms), cudaEventElapsed = 44.61417770385742 (ms)
[RANK2] F @ 465.454833984375 (ms) to 499.464111328125 (ms), cudaEventElapsed = 33.975711822509766 (ms)
[RANK2] B @ 499.788818359375 (ms) to 545.018798828125 (ms), cudaEventElapsed = 45.19664001464844 (ms)
[RANK2] F @ 545.369873046875 (ms) to 579.536865234375 (ms), cudaEventElapsed = 34.13689422607422 (ms)
[RANK2] B @ 579.9169921875 (ms) to 625.266357421875 (ms), cudaEventElapsed = 45.31449508666992 (ms)
[RANK2] W @ 625.5244140625 (ms) to 646.989013671875 (ms), cudaEventElapsed = 21.429248809814453 (ms)
[RANK2] F @ 647.142578125 (ms) to 681.2919921875 (ms), cudaEventElapsed = 34.12166213989258 (ms)
[RANK2] B @ 682.65380859375 (ms) to 727.465087890625 (ms), cudaEventElapsed = 44.76579284667969 (ms)
[RANK2] B @ 728.82666015625 (ms) to 771.3408203125 (ms), cudaEventElapsed = 42.48390579223633 (ms)
[RANK2] W @ 771.49951171875 (ms) to 792.05322265625 (ms), cudaEventElapsed = 20.525056838989258 (ms)
[RANK2] F @ 792.3115234375 (ms) to 826.505126953125 (ms), cudaEventElapsed = 34.16553497314453 (ms)
[RANK2] B @ 826.799072265625 (ms) to 872.28759765625 (ms), cudaEventElapsed = 45.45471954345703 (ms)
[RANK2] W @ 872.52978515625 (ms) to 895.0126953125 (ms), cudaEventElapsed = 21.405696868896484 (ms)
[RANK2] F @ 895.2900390625 (ms) to 929.41357421875 (ms), cudaEventElapsed = 34.09369659423828 (ms)
[RANK2] B @ 929.708984375 (ms) to 976.8076171875 (ms), cudaEventElapsed = 47.06819152832031 (ms)
[RANK2] W @ 977.03271484375 (ms) to 1000.1005859375 (ms), cudaEventElapsed = 22.000640869140625 (ms)
[RANK2] F @ 1000.349609375 (ms) to 1034.553955078125 (ms), cudaEventElapsed = 34.176063537597656 (ms)
[RANK2] B @ 1034.869140625 (ms) to 1079.682373046875 (ms), cudaEventElapsed = 44.78192138671875 (ms)
[RANK2] W @ 1079.837890625 (ms) to 1101.480224609375 (ms), cudaEventElapsed = 21.613567352294922 (ms)
[RANK2] W @ 1101.6396484375 (ms) to 1123.18701171875 (ms), cudaEventElapsed = 21.517311096191406 (ms)
[RANK2] B @ 1123.33740234375 (ms) to 1166.290283203125 (ms), cudaEventElapsed = 42.92144012451172 (ms)
[RANK2] 6W @ 1166.504150390625 (ms) to 1295.61865234375 (ms), cudaEventElapsed = 129.0751953125 (ms)
[RANK2] Iteration 5
[RANK2] F @ 63.266845703125 (ms) to 95.640625 (ms), cudaEventElapsed = 32.328895568847656 (ms)
[RANK2] F @ 98.744873046875 (ms) to 132.6279296875 (ms), cudaEventElapsed = 33.846622467041016 (ms)
[RANK2] F @ 136.346923828125 (ms) to 173.888671875 (ms), cudaEventElapsed = 37.50841522216797 (ms)
[RANK2] B @ 179.49365234375 (ms) to 224.999755859375 (ms), cudaEventElapsed = 45.46575927734375 (ms)
[RANK2] F @ 225.390625 (ms) to 261.1474609375 (ms), cudaEventElapsed = 35.717342376708984 (ms)
[RANK2] B @ 261.5888671875 (ms) to 307.372314453125 (ms), cudaEventElapsed = 45.74380874633789 (ms)
[RANK2] F @ 308.932861328125 (ms) to 345.14892578125 (ms), cudaEventElapsed = 36.170814514160156 (ms)
[RANK2] B @ 345.60400390625 (ms) to 391.184814453125 (ms), cudaEventElapsed = 45.54070281982422 (ms)
[RANK2] F @ 392.830078125 (ms) to 428.79638671875 (ms), cudaEventElapsed = 35.9238395690918 (ms)
[RANK2] B @ 429.1650390625 (ms) to 474.851318359375 (ms), cudaEventElapsed = 45.646209716796875 (ms)
[RANK2] F @ 476.547119140625 (ms) to 512.445556640625 (ms), cudaEventElapsed = 35.85327911376953 (ms)
[RANK2] B @ 512.833251953125 (ms) to 558.634521484375 (ms), cudaEventElapsed = 45.76371383666992 (ms)
[RANK2] F @ 559.06396484375 (ms) to 595.140869140625 (ms), cudaEventElapsed = 36.03919982910156 (ms)
[RANK2] B @ 595.539306640625 (ms) to 641.77294921875 (ms), cudaEventElapsed = 46.19839859008789 (ms)
[RANK2] W @ 642.05419921875 (ms) to 666.2841796875 (ms), cudaEventElapsed = 24.197120666503906 (ms)
[RANK2] F @ 666.44287109375 (ms) to 704.181396484375 (ms), cudaEventElapsed = 37.70857620239258 (ms)
[RANK2] B @ 705.566162109375 (ms) to 751.8623046875 (ms), cudaEventElapsed = 46.26166534423828 (ms)
[RANK2] B @ 753.333740234375 (ms) to 798.4619140625 (ms), cudaEventElapsed = 45.09427261352539 (ms)
[RANK2] W @ 798.656005859375 (ms) to 822.76220703125 (ms), cudaEventElapsed = 24.06707191467285 (ms)
[RANK2] F @ 823.066650390625 (ms) to 860.690673828125 (ms), cudaEventElapsed = 37.591583251953125 (ms)
[RANK2] B @ 860.9912109375 (ms) to 907.574951171875 (ms), cudaEventElapsed = 46.553951263427734 (ms)
[RANK2] W @ 907.81494140625 (ms) to 937.275146484375 (ms), cudaEventElapsed = 28.371967315673828 (ms)
[RANK2] F @ 937.58349609375 (ms) to 981.542236328125 (ms), cudaEventElapsed = 43.92259216308594 (ms)
[RANK2] B @ 981.841064453125 (ms) to 1028.96728515625 (ms), cudaEventElapsed = 47.09571075439453 (ms)
[RANK2] W @ 1029.20166015625 (ms) to 1054.1533203125 (ms), cudaEventElapsed = 23.85817527770996 (ms)
[RANK2] F @ 1054.4248046875 (ms) to 1092.544677734375 (ms), cudaEventElapsed = 38.089534759521484 (ms)
[RANK2] B @ 1092.86865234375 (ms) to 1139.412841796875 (ms), cudaEventElapsed = 46.51216125488281 (ms)
[RANK2] W @ 1139.577392578125 (ms) to 1164.15576171875 (ms), cudaEventElapsed = 24.548351287841797 (ms)
[RANK2] W @ 1164.313232421875 (ms) to 1190.560302734375 (ms), cudaEventElapsed = 26.216447830200195 (ms)
[RANK2] B @ 1190.71435546875 (ms) to 1238.558349609375 (ms), cudaEventElapsed = 47.81327819824219 (ms)
[RANK2] 6W @ 1238.72705078125 (ms) to 1397.292236328125 (ms), cudaEventElapsed = 158.5285186767578 (ms)
[RANK2] Iteration 6
[RANK2] F @ 63.57373046875 (ms) to 95.81103515625 (ms), cudaEventElapsed = 32.199806213378906 (ms)
[RANK2] F @ 99.225830078125 (ms) to 134.183837890625 (ms), cudaEventElapsed = 34.92051315307617 (ms)
[RANK2] F @ 137.532470703125 (ms) to 175.3193359375 (ms), cudaEventElapsed = 37.7509765625 (ms)
[RANK2] B @ 180.959228515625 (ms) to 226.859619140625 (ms), cudaEventElapsed = 45.86111831665039 (ms)
[RANK2] F @ 227.2392578125 (ms) to 263.240478515625 (ms), cudaEventElapsed = 35.95721435546875 (ms)
[RANK2] B @ 263.57421875 (ms) to 309.20068359375 (ms), cudaEventElapsed = 45.593406677246094 (ms)
[RANK2] F @ 310.615234375 (ms) to 346.429443359375 (ms), cudaEventElapsed = 35.77926254272461 (ms)
[RANK2] B @ 346.773681640625 (ms) to 392.760986328125 (ms), cudaEventElapsed = 45.95439910888672 (ms)
[RANK2] F @ 394.207275390625 (ms) to 430.219970703125 (ms), cudaEventElapsed = 35.97660827636719 (ms)
[RANK2] B @ 430.804931640625 (ms) to 476.34814453125 (ms), cudaEventElapsed = 45.50694274902344 (ms)
[RANK2] F @ 477.881591796875 (ms) to 513.724853515625 (ms), cudaEventElapsed = 35.80460739135742 (ms)
[RANK2] B @ 514.065185546875 (ms) to 559.940185546875 (ms), cudaEventElapsed = 45.82998275756836 (ms)
[RANK2] F @ 560.339599609375 (ms) to 596.26708984375 (ms), cudaEventElapsed = 35.8902702331543 (ms)
[RANK2] B @ 596.663330078125 (ms) to 643.216064453125 (ms), cudaEventElapsed = 46.504478454589844 (ms)
[RANK2] W @ 643.52099609375 (ms) to 668.13818359375 (ms), cudaEventElapsed = 24.580095291137695 (ms)
[RANK2] F @ 668.311767578125 (ms) to 705.737548828125 (ms), cudaEventElapsed = 37.395904541015625 (ms)
[RANK2] B @ 707.20751953125 (ms) to 753.370849609375 (ms), cudaEventElapsed = 46.13065719604492 (ms)
[RANK2] B @ 754.796875 (ms) to 800.1611328125 (ms), cudaEventElapsed = 45.331295013427734 (ms)
[RANK2] W @ 800.34521484375 (ms) to 824.33154296875 (ms), cudaEventElapsed = 23.953407287597656 (ms)
[RANK2] F @ 824.6357421875 (ms) to 862.975341796875 (ms), cudaEventElapsed = 38.30489730834961 (ms)
[RANK2] B @ 863.29052734375 (ms) to 909.889892578125 (ms), cudaEventElapsed = 46.5687370300293 (ms)
[RANK2] W @ 910.12939453125 (ms) to 937.3369140625 (ms), cudaEventElapsed = 26.11916732788086 (ms)
[RANK2] F @ 937.63818359375 (ms) to 981.0107421875 (ms), cudaEventElapsed = 43.338401794433594 (ms)
[RANK2] B @ 981.3134765625 (ms) to 1028.84130859375 (ms), cudaEventElapsed = 47.4989128112793 (ms)
[RANK2] W @ 1029.06884765625 (ms) to 1053.911865234375 (ms), cudaEventElapsed = 23.73529624938965 (ms)
[RANK2] F @ 1054.267333984375 (ms) to 1092.972412109375 (ms), cudaEventElapsed = 38.666622161865234 (ms)
[RANK2] B @ 1093.287841796875 (ms) to 1140.280517578125 (ms), cudaEventElapsed = 46.96041488647461 (ms)
[RANK2] W @ 1140.446044921875 (ms) to 1164.7216796875 (ms), cudaEventElapsed = 24.244224548339844 (ms)
[RANK2] W @ 1164.8779296875 (ms) to 1191.6865234375 (ms), cudaEventElapsed = 26.778623580932617 (ms)
[RANK2] B @ 1191.83935546875 (ms) to 1239.979248046875 (ms), cudaEventElapsed = 48.110496520996094 (ms)
[RANK2] 6W @ 1240.14794921875 (ms) to 1400.081298828125 (ms), cudaEventElapsed = 159.8935089111328 (ms)
[RANK2] Iteration 7
[RANK2] F @ 63.46923828125 (ms) to 95.834716796875 (ms), cudaEventElapsed = 32.32553482055664 (ms)
[RANK2] F @ 99.11572265625 (ms) to 133.8173828125 (ms), cudaEventElapsed = 34.665855407714844 (ms)
[RANK2] F @ 137.666748046875 (ms) to 174.1083984375 (ms), cudaEventElapsed = 36.40675354003906 (ms)
[RANK2] B @ 179.7451171875 (ms) to 225.3115234375 (ms), cudaEventElapsed = 45.523006439208984 (ms)
[RANK2] F @ 225.70654296875 (ms) to 261.922607421875 (ms), cudaEventElapsed = 36.18124771118164 (ms)
[RANK2] B @ 262.256591796875 (ms) to 308.4091796875 (ms), cudaEventElapsed = 46.12035369873047 (ms)
[RANK2] F @ 309.79296875 (ms) to 345.934814453125 (ms), cudaEventElapsed = 36.108062744140625 (ms)
[RANK2] B @ 346.27783203125 (ms) to 392.050537109375 (ms), cudaEventElapsed = 45.740478515625 (ms)
[RANK2] F @ 393.459716796875 (ms) to 429.38037109375 (ms), cudaEventElapsed = 35.88681411743164 (ms)
[RANK2] B @ 429.72314453125 (ms) to 475.994873046875 (ms), cudaEventElapsed = 46.236446380615234 (ms)
[RANK2] F @ 477.5048828125 (ms) to 513.50146484375 (ms), cudaEventElapsed = 35.957759857177734 (ms)
[RANK2] B @ 513.799072265625 (ms) to 559.716796875 (ms), cudaEventElapsed = 45.88380813598633 (ms)
[RANK2] F @ 560.0849609375 (ms) to 596.00439453125 (ms), cudaEventElapsed = 35.88412857055664 (ms)
[RANK2] B @ 596.397705078125 (ms) to 642.686279296875 (ms), cudaEventElapsed = 46.253726959228516 (ms)
[RANK2] W @ 642.942138671875 (ms) to 667.128173828125 (ms), cudaEventElapsed = 24.151039123535156 (ms)
[RANK2] F @ 667.29296875 (ms) to 705.0283203125 (ms), cudaEventElapsed = 37.70275115966797 (ms)
[RANK2] B @ 706.399169921875 (ms) to 752.696044921875 (ms), cudaEventElapsed = 46.26371383666992 (ms)
[RANK2] B @ 754.085205078125 (ms) to 798.959228515625 (ms), cudaEventElapsed = 44.84352111816406 (ms)
[RANK2] W @ 799.122802734375 (ms) to 822.69775390625 (ms), cudaEventElapsed = 23.542783737182617 (ms)
[RANK2] F @ 822.974853515625 (ms) to 861.8564453125 (ms), cudaEventElapsed = 38.85184097290039 (ms)
[RANK2] B @ 862.163818359375 (ms) to 909.15478515625 (ms), cudaEventElapsed = 46.95964813232422 (ms)
[RANK2] W @ 909.3779296875 (ms) to 937.2255859375 (ms), cudaEventElapsed = 26.781696319580078 (ms)
[RANK2] F @ 937.521728515625 (ms) to 980.6474609375 (ms), cudaEventElapsed = 43.09177780151367 (ms)
[RANK2] B @ 980.945556640625 (ms) to 1028.54541015625 (ms), cudaEventElapsed = 47.56911849975586 (ms)
[RANK2] W @ 1028.767822265625 (ms) to 1054.0703125 (ms), cudaEventElapsed = 24.172544479370117 (ms)
[RANK2] F @ 1054.325439453125 (ms) to 1092.267578125 (ms), cudaEventElapsed = 37.91312026977539 (ms)
[RANK2] B @ 1092.56494140625 (ms) to 1139.12548828125 (ms), cudaEventElapsed = 46.52921676635742 (ms)
[RANK2] W @ 1139.2802734375 (ms) to 1163.662353515625 (ms), cudaEventElapsed = 24.351743698120117 (ms)
[RANK2] W @ 1163.81884765625 (ms) to 1190.885498046875 (ms), cudaEventElapsed = 27.035648345947266 (ms)
[RANK2] B @ 1191.0439453125 (ms) to 1239.191162109375 (ms), cudaEventElapsed = 48.11779022216797 (ms)
[RANK2] 6W @ 1239.35400390625 (ms) to 1401.431396484375 (ms), cudaEventElapsed = 162.03570556640625 (ms)
[RANK2] Iteration 8
[RANK2] F @ 63.276611328125 (ms) to 95.699951171875 (ms), cudaEventElapsed = 32.38016128540039 (ms)
[RANK2] F @ 98.71923828125 (ms) to 132.70703125 (ms), cudaEventElapsed = 33.9541130065918 (ms)
[RANK2] F @ 137.02685546875 (ms) to 173.7392578125 (ms), cudaEventElapsed = 36.6769905090332 (ms)
[RANK2] B @ 179.658935546875 (ms) to 224.77001953125 (ms), cudaEventElapsed = 45.069313049316406 (ms)
[RANK2] F @ 225.139892578125 (ms) to 260.74755859375 (ms), cudaEventElapsed = 35.57411193847656 (ms)
[RANK2] B @ 261.075927734375 (ms) to 306.735107421875 (ms), cudaEventElapsed = 45.62838363647461 (ms)
[RANK2] F @ 308.1318359375 (ms) to 344.393798828125 (ms), cudaEventElapsed = 36.224510192871094 (ms)
[RANK2] B @ 344.739990234375 (ms) to 390.485595703125 (ms), cudaEventElapsed = 45.71295928955078 (ms)
[RANK2] F @ 391.880615234375 (ms) to 427.781494140625 (ms), cudaEventElapsed = 35.86617660522461 (ms)
[RANK2] B @ 428.106689453125 (ms) to 473.780029296875 (ms), cudaEventElapsed = 45.64198303222656 (ms)
[RANK2] F @ 475.2177734375 (ms) to 510.932861328125 (ms), cudaEventElapsed = 35.66819381713867 (ms)
[RANK2] B @ 511.241943359375 (ms) to 556.985595703125 (ms), cudaEventElapsed = 45.70912170410156 (ms)
[RANK2] F @ 557.3994140625 (ms) to 593.114013671875 (ms), cudaEventElapsed = 35.67766571044922 (ms)
[RANK2] B @ 593.50390625 (ms) to 639.283203125 (ms), cudaEventElapsed = 45.744991302490234 (ms)
[RANK2] W @ 639.548095703125 (ms) to 663.40087890625 (ms), cudaEventElapsed = 23.816192626953125 (ms)
[RANK2] F @ 663.551513671875 (ms) to 701.86083984375 (ms), cudaEventElapsed = 38.280574798583984 (ms)
[RANK2] B @ 703.221923828125 (ms) to 750.077392578125 (ms), cudaEventElapsed = 46.82438278198242 (ms)
[RANK2] B @ 751.436279296875 (ms) to 796.712890625 (ms), cudaEventElapsed = 45.243072509765625 (ms)
[RANK2] W @ 796.88818359375 (ms) to 820.57080078125 (ms), cudaEventElapsed = 23.649280548095703 (ms)
[RANK2] F @ 820.8525390625 (ms) to 859.857421875 (ms), cudaEventElapsed = 38.97488021850586 (ms)
[RANK2] B @ 860.15185546875 (ms) to 906.74560546875 (ms), cudaEventElapsed = 46.56291198730469 (ms)
[RANK2] W @ 906.9599609375 (ms) to 936.03955078125 (ms), cudaEventElapsed = 27.984895706176758 (ms)
[RANK2] F @ 936.333984375 (ms) to 979.0263671875 (ms), cudaEventElapsed = 42.656768798828125 (ms)
[RANK2] B @ 979.31884765625 (ms) to 1026.447265625 (ms), cudaEventElapsed = 47.09708786010742 (ms)
[RANK2] W @ 1026.68212890625 (ms) to 1052.24755859375 (ms), cudaEventElapsed = 24.414207458496094 (ms)
[RANK2] F @ 1052.515869140625 (ms) to 1090.93896484375 (ms), cudaEventElapsed = 38.38691329956055 (ms)
[RANK2] B @ 1091.23095703125 (ms) to 1137.857666015625 (ms), cudaEventElapsed = 46.5959358215332 (ms)
[RANK2] W @ 1138.01904296875 (ms) to 1162.114990234375 (ms), cudaEventElapsed = 24.06604766845703 (ms)
[RANK2] W @ 1162.2685546875 (ms) to 1189.125732421875 (ms), cudaEventElapsed = 26.827775955200195 (ms)
[RANK2] B @ 1189.27880859375 (ms) to 1237.5419921875 (ms), cudaEventElapsed = 48.225440979003906 (ms)
[RANK2] 6W @ 1237.712646484375 (ms) to 1399.33740234375 (ms), cudaEventElapsed = 161.5872039794922 (ms)
[RANK2] Iteration 9
[RANK2] F @ 63.54248046875 (ms) to 96.06982421875 (ms), cudaEventElapsed = 32.48921585083008 (ms)
[RANK2] F @ 208.9140625 (ms) to 240.568115234375 (ms), cudaEventElapsed = 31.608896255493164 (ms)
[RANK2] F @ 353.68017578125 (ms) to 385.153564453125 (ms), cudaEventElapsed = 31.421375274658203 (ms)
[RANK2] B @ 500.452880859375 (ms) to 541.843994140625 (ms), cudaEventElapsed = 41.327457427978516 (ms)
[RANK2] F @ 542.260986328125 (ms) to 577.849853515625 (ms), cudaEventElapsed = 35.5491828918457 (ms)
[RANK2] B @ 693.4521484375 (ms) to 734.6767578125 (ms), cudaEventElapsed = 41.184574127197266 (ms)
[RANK2] F @ 736.20166015625 (ms) to 771.0029296875 (ms), cudaEventElapsed = 34.762977600097656 (ms)
[RANK2] B @ 886.818359375 (ms) to 927.95556640625 (ms), cudaEventElapsed = 41.102657318115234 (ms)
[RANK2] F @ 929.47119140625 (ms) to 964.323974609375 (ms), cudaEventElapsed = 34.814334869384766 (ms)
[RANK2] B @ 1080.17333984375 (ms) to 1121.321533203125 (ms), cudaEventElapsed = 41.1130256652832 (ms)
[RANK2] F @ 1122.8193359375 (ms) to 1157.67578125 (ms), cudaEventElapsed = 34.81894302368164 (ms)
[RANK2] B @ 1273.43701171875 (ms) to 1314.629150390625 (ms), cudaEventElapsed = 41.15087890625 (ms)
[RANK2] F @ 1315.011962890625 (ms) to 1349.8291015625 (ms), cudaEventElapsed = 34.353248596191406 (ms)
[RANK2] B @ 1465.818359375 (ms) to 1506.81591796875 (ms), cudaEventElapsed = 40.96035385131836 (ms)
[RANK2] W @ 1507.10009765625 (ms) to 1528.72705078125 (ms), cudaEventElapsed = 21.593088150024414 (ms)
[RANK2] F @ 1528.89501953125 (ms) to 1567.370849609375 (ms), cudaEventElapsed = 38.44655990600586 (ms)
[RANK2] B @ 1685.22900390625 (ms) to 1726.351806640625 (ms), cudaEventElapsed = 41.08649444580078 (ms)
[RANK2] B @ 1727.841552734375 (ms) to 1771.759765625 (ms), cudaEventElapsed = 43.88435363769531 (ms)
[RANK2] W @ 1771.939208984375 (ms) to 1796.49169921875 (ms), cudaEventElapsed = 24.521728515625 (ms)
[RANK2] F @ 1796.80126953125 (ms) to 1835.330078125 (ms), cudaEventElapsed = 38.12041473388672 (ms)
[RANK2] B @ 1951.066650390625 (ms) to 1992.278564453125 (ms), cudaEventElapsed = 41.17878341674805 (ms)
[RANK2] W @ 1992.527099609375 (ms) to 2016.018310546875 (ms), cudaEventElapsed = 22.415359497070312 (ms)
[RANK2] F @ 2016.30615234375 (ms) to 2054.455322265625 (ms), cudaEventElapsed = 38.117950439453125 (ms)
[RANK2] B @ 2170.353759765625 (ms) to 2211.619384765625 (ms), cudaEventElapsed = 41.229183197021484 (ms)
[RANK2] W @ 2211.85400390625 (ms) to 2235.416259765625 (ms), cudaEventElapsed = 22.44607925415039 (ms)
[RANK2] F @ 2235.679931640625 (ms) to 2274.063232421875 (ms), cudaEventElapsed = 38.35078430175781 (ms)
[RANK2] B @ 2390.26611328125 (ms) to 2431.5341796875 (ms), cudaEventElapsed = 41.23241424560547 (ms)
[RANK2] W @ 2431.699462890625 (ms) to 2454.310791015625 (ms), cudaEventElapsed = 22.577152252197266 (ms)
[RANK2] W @ 2454.466064453125 (ms) to 2482.0771484375 (ms), cudaEventElapsed = 27.581439971923828 (ms)
[RANK2] B @ 2482.238037109375 (ms) to 2530.961181640625 (ms), cudaEventElapsed = 48.6923828125 (ms)
[RANK2] 6W @ 2531.1181640625 (ms) to 2691.637451171875 (ms), cudaEventElapsed = 160.4874267578125 (ms)
[RANK2] Iteration 10
[RANK2] F @ 63.84326171875 (ms) to 96.074462890625 (ms), cudaEventElapsed = 32.19468688964844 (ms)
[RANK2] F @ 206.764404296875 (ms) to 238.259765625 (ms), cudaEventElapsed = 31.456192016601562 (ms)
[RANK2] F @ 349.268310546875 (ms) to 380.974853515625 (ms), cudaEventElapsed = 31.65331268310547 (ms)
[RANK2] B @ 496.0498046875 (ms) to 537.3955078125 (ms), cudaEventElapsed = 41.28575897216797 (ms)
[RANK2] F @ 537.8017578125 (ms) to 573.263671875 (ms), cudaEventElapsed = 35.424190521240234 (ms)
[RANK2] B @ 689.23193359375 (ms) to 730.524169921875 (ms), cudaEventElapsed = 41.2542724609375 (ms)
[RANK2] F @ 731.98876953125 (ms) to 766.192138671875 (ms), cudaEventElapsed = 34.165279388427734 (ms)
[RANK2] B @ 881.5869140625 (ms) to 922.91845703125 (ms), cudaEventElapsed = 41.297088623046875 (ms)
[RANK2] F @ 924.402587890625 (ms) to 959.09375 (ms), cudaEventElapsed = 34.65523147583008 (ms)
[RANK2] B @ 1074.376220703125 (ms) to 1115.521484375 (ms), cudaEventElapsed = 41.107391357421875 (ms)
[RANK2] F @ 1116.962158203125 (ms) to 1151.610595703125 (ms), cudaEventElapsed = 34.61100769042969 (ms)
[RANK2] B @ 1267.209716796875 (ms) to 1308.304443359375 (ms), cudaEventElapsed = 41.06079864501953 (ms)
[RANK2] F @ 1308.679443359375 (ms) to 1343.047119140625 (ms), cudaEventElapsed = 34.33302307128906 (ms)
[RANK2] B @ 1457.940185546875 (ms) to 1499.086669921875 (ms), cudaEventElapsed = 41.11004638671875 (ms)
[RANK2] W @ 1499.33837890625 (ms) to 1521.5888671875 (ms), cudaEventElapsed = 22.212608337402344 (ms)
[RANK2] F @ 1521.741455078125 (ms) to 1560.38671875 (ms), cudaEventElapsed = 38.61552047729492 (ms)
[RANK2] B @ 1678.271240234375 (ms) to 1719.60888671875 (ms), cudaEventElapsed = 41.299617767333984 (ms)
[RANK2] B @ 1721.001953125 (ms) to 1765.465576171875 (ms), cudaEventElapsed = 44.43289566040039 (ms)
[RANK2] W @ 1765.63720703125 (ms) to 1790.001708984375 (ms), cudaEventElapsed = 24.334335327148438 (ms)
[RANK2] F @ 1790.293212890625 (ms) to 1828.42529296875 (ms), cudaEventElapsed = 38.0975341796875 (ms)
[RANK2] B @ 1944.7744140625 (ms) to 1986.043701171875 (ms), cudaEventElapsed = 41.22828674316406 (ms)
[RANK2] W @ 1986.2890625 (ms) to 2009.476318359375 (ms), cudaEventElapsed = 22.096895217895508 (ms)
[RANK2] F @ 2009.741455078125 (ms) to 2047.621337890625 (ms), cudaEventElapsed = 37.847808837890625 (ms)
[RANK2] B @ 2163.861572265625 (ms) to 2204.983642578125 (ms), cudaEventElapsed = 41.08457565307617 (ms)
[RANK2] W @ 2205.228759765625 (ms) to 2228.498779296875 (ms), cudaEventElapsed = 22.11020851135254 (ms)
[RANK2] F @ 2228.76220703125 (ms) to 2266.7197265625 (ms), cudaEventElapsed = 37.924991607666016 (ms)
[RANK2] B @ 2383.06103515625 (ms) to 2424.30908203125 (ms), cudaEventElapsed = 41.20703887939453 (ms)
[RANK2] W @ 2424.48974609375 (ms) to 2446.789794921875 (ms), cudaEventElapsed = 22.26585578918457 (ms)
[RANK2] W @ 2446.945068359375 (ms) to 2474.10791015625 (ms), cudaEventElapsed = 27.13190460205078 (ms)
[RANK2] B @ 2474.269287109375 (ms) to 2522.90869140625 (ms), cudaEventElapsed = 48.60736083984375 (ms)
[RANK2] 6W @ 2523.0654296875 (ms) to 2683.73876953125 (ms), cudaEventElapsed = 160.63693237304688 (ms)
[RANK2] Iteration 11
[RANK2] F @ 63.678955078125 (ms) to 95.947265625 (ms), cudaEventElapsed = 32.22876739501953 (ms)
[RANK2] F @ 206.035400390625 (ms) to 237.66650390625 (ms), cudaEventElapsed = 31.578527450561523 (ms)
[RANK2] F @ 349.387451171875 (ms) to 381.025634765625 (ms), cudaEventElapsed = 31.590591430664062 (ms)
[RANK2] B @ 495.500732421875 (ms) to 536.729736328125 (ms), cudaEventElapsed = 41.18412780761719 (ms)
[RANK2] F @ 537.11328125 (ms) to 572.6767578125 (ms), cudaEventElapsed = 35.52627182006836 (ms)
[RANK2] B @ 688.746826171875 (ms) to 730.18603515625 (ms), cudaEventElapsed = 41.386207580566406 (ms)
[RANK2] F @ 731.75146484375 (ms) to 766.132568359375 (ms), cudaEventElapsed = 34.34016036987305 (ms)
[RANK2] B @ 881.245849609375 (ms) to 922.55859375 (ms), cudaEventElapsed = 41.270751953125 (ms)
[RANK2] F @ 924.071533203125 (ms) to 958.277587890625 (ms), cudaEventElapsed = 34.16521453857422 (ms)
[RANK2] B @ 1074.5498046875 (ms) to 1115.74560546875 (ms), cudaEventElapsed = 41.15516662597656 (ms)
[RANK2] F @ 1117.267822265625 (ms) to 1152.546142578125 (ms), cudaEventElapsed = 35.240478515625 (ms)
[RANK2] B @ 1269.3603515625 (ms) to 1310.635009765625 (ms), cudaEventElapsed = 41.238975524902344 (ms)
[RANK2] F @ 1311.009033203125 (ms) to 1345.705810546875 (ms), cudaEventElapsed = 34.66294479370117 (ms)
[RANK2] B @ 1461.904052734375 (ms) to 1503.189208984375 (ms), cudaEventElapsed = 41.246337890625 (ms)
[RANK2] W @ 1503.46923828125 (ms) to 1526.01318359375 (ms), cudaEventElapsed = 22.508544921875 (ms)
[RANK2] F @ 1526.177490234375 (ms) to 1564.60498046875 (ms), cudaEventElapsed = 38.386783599853516 (ms)
[RANK2] B @ 1682.8017578125 (ms) to 1724.096923828125 (ms), cudaEventElapsed = 41.25641632080078 (ms)
[RANK2] B @ 1725.5498046875 (ms) to 1769.0009765625 (ms), cudaEventElapsed = 43.42051315307617 (ms)
[RANK2] W @ 1769.42919921875 (ms) to 1792.989501953125 (ms), cudaEventElapsed = 23.5284481048584 (ms)
[RANK2] F @ 1793.266845703125 (ms) to 1832.902587890625 (ms), cudaEventElapsed = 39.606014251708984 (ms)
[RANK2] B @ 1992.768798828125 (ms) to 2033.920654296875 (ms), cudaEventElapsed = 41.10947036743164 (ms)
[RANK2] W @ 2034.186279296875 (ms) to 2057.226806640625 (ms), cudaEventElapsed = 21.921791076660156 (ms)
[RANK2] F @ 2057.505859375 (ms) to 2097.3271484375 (ms), cudaEventElapsed = 39.78220748901367 (ms)
[RANK2] B @ 2280.3369140625 (ms) to 2321.703857421875 (ms), cudaEventElapsed = 41.3175048828125 (ms)
[RANK2] W @ 2321.971923828125 (ms) to 2345.677490234375 (ms), cudaEventElapsed = 22.589439392089844 (ms)
[RANK2] F @ 2345.96923828125 (ms) to 2385.207763671875 (ms), cudaEventElapsed = 39.20943832397461 (ms)
[RANK2] B @ 2568.59619140625 (ms) to 2609.8984375 (ms), cudaEventElapsed = 41.255104064941406 (ms)
[RANK2] W @ 2610.092041015625 (ms) to 2632.138671875 (ms), cudaEventElapsed = 22.013952255249023 (ms)
[RANK2] W @ 2632.311767578125 (ms) to 2659.86669921875 (ms), cudaEventElapsed = 27.52716827392578 (ms)
[RANK2] B @ 2756.06201171875 (ms) to 2797.19775390625 (ms), cudaEventElapsed = 41.10076904296875 (ms)
[RANK2] 6W @ 2797.366943359375 (ms) to 2957.60302734375 (ms), cudaEventElapsed = 160.20172119140625 (ms)
[RANK2] Iteration 12
[RANK2] F @ 63.360107421875 (ms) to 95.716552734375 (ms), cudaEventElapsed = 32.31584167480469 (ms)
[RANK2] F @ 207.141845703125 (ms) to 238.701904296875 (ms), cudaEventElapsed = 31.517311096191406 (ms)
[RANK2] F @ 351.1171875 (ms) to 382.54638671875 (ms), cudaEventElapsed = 31.385887145996094 (ms)
[RANK2] B @ 598.98193359375 (ms) to 640.160400390625 (ms), cudaEventElapsed = 41.135135650634766 (ms)
[RANK2] F @ 640.57080078125 (ms) to 676.521484375 (ms), cudaEventElapsed = 35.9183349609375 (ms)
[RANK2] B @ 882.443359375 (ms) to 923.597412109375 (ms), cudaEventElapsed = 41.109920501708984 (ms)
[RANK2] F @ 925.04248046875 (ms) to 960.46875 (ms), cudaEventElapsed = 35.39379119873047 (ms)
[RANK2] B @ 1097.667724609375 (ms) to 1138.845703125 (ms), cudaEventElapsed = 41.12432098388672 (ms)
[RANK2] F @ 1140.3369140625 (ms) to 1175.738525390625 (ms), cudaEventElapsed = 35.36697769165039 (ms)
[RANK2] B @ 1313.008056640625 (ms) to 1354.2490234375 (ms), cudaEventElapsed = 41.20102310180664 (ms)
[RANK2] F @ 1355.67041015625 (ms) to 1390.52783203125 (ms), cudaEventElapsed = 34.82592010498047 (ms)
[RANK2] B @ 1527.911865234375 (ms) to 1568.99951171875 (ms), cudaEventElapsed = 41.04764938354492 (ms)
[RANK2] F @ 1569.3662109375 (ms) to 1604.343994140625 (ms), cudaEventElapsed = 34.947967529296875 (ms)
[RANK2] B @ 1742.717529296875 (ms) to 1783.91943359375 (ms), cudaEventElapsed = 41.150177001953125 (ms)
[RANK2] W @ 1784.227294921875 (ms) to 1807.173583984375 (ms), cudaEventElapsed = 22.90790367126465 (ms)
[RANK2] F @ 1807.341064453125 (ms) to 1846.5498046875 (ms), cudaEventElapsed = 39.18102264404297 (ms)
[RANK2] B @ 1967.1806640625 (ms) to 2009.46337890625 (ms), cudaEventElapsed = 42.239681243896484 (ms)
[RANK2] B @ 2074.13720703125 (ms) to 2115.4833984375 (ms), cudaEventElapsed = 41.3001594543457 (ms)
[RANK2] W @ 2115.6845703125 (ms) to 2138.052978515625 (ms), cudaEventElapsed = 22.334463119506836 (ms)
[RANK2] F @ 2138.344970703125 (ms) to 2178.737060546875 (ms), cudaEventElapsed = 40.36259078979492 (ms)
[RANK2] B @ 2378.234619140625 (ms) to 2419.3935546875 (ms), cudaEventElapsed = 41.10051345825195 (ms)
[RANK2] W @ 2419.683349609375 (ms) to 2443.2099609375 (ms), cudaEventElapsed = 22.417407989501953 (ms)
[RANK2] F @ 2443.5068359375 (ms) to 2483.283935546875 (ms), cudaEventElapsed = 39.74643325805664 (ms)
[RANK2] B @ 2665.424560546875 (ms) to 2706.787109375 (ms), cudaEventElapsed = 41.313758850097656 (ms)
[RANK2] W @ 2707.052001953125 (ms) to 2730.8671875 (ms), cudaEventElapsed = 22.700031280517578 (ms)
[RANK2] F @ 2731.1474609375 (ms) to 2770.7001953125 (ms), cudaEventElapsed = 39.52265548706055 (ms)
[RANK2] B @ 2953.2861328125 (ms) to 2994.530029296875 (ms), cudaEventElapsed = 41.19804763793945 (ms)
[RANK2] W @ 2994.72412109375 (ms) to 3017.1015625 (ms), cudaEventElapsed = 22.342655181884766 (ms)
[RANK2] W @ 3017.25830078125 (ms) to 3044.6220703125 (ms), cudaEventElapsed = 27.325439453125 (ms)
[RANK2] B @ 3140.69580078125 (ms) to 3181.820556640625 (ms), cudaEventElapsed = 41.0830078125 (ms)
[RANK2] 6W @ 3182.0166015625 (ms) to 3341.816162109375 (ms), cudaEventElapsed = 159.7655029296875 (ms)
[RANK2] Iteration 13
[RANK2] F @ 63.33740234375 (ms) to 95.7568359375 (ms), cudaEventElapsed = 32.38220977783203 (ms)
[RANK2] F @ 206.083984375 (ms) to 237.760009765625 (ms), cudaEventElapsed = 31.632511138916016 (ms)
[RANK2] F @ 351.267333984375 (ms) to 382.949462890625 (ms), cudaEventElapsed = 31.61359977722168 (ms)
[RANK2] B @ 599.794189453125 (ms) to 641.027099609375 (ms), cudaEventElapsed = 41.17279815673828 (ms)
[RANK2] F @ 641.4609375 (ms) to 677.087158203125 (ms), cudaEventElapsed = 35.58979034423828 (ms)
[RANK2] B @ 883.383056640625 (ms) to 924.712646484375 (ms), cudaEventElapsed = 41.26540756225586 (ms)
[RANK2] F @ 926.206298828125 (ms) to 961.82275390625 (ms), cudaEventElapsed = 35.577919006347656 (ms)
[RANK2] B @ 1098.824462890625 (ms) to 1140.0400390625 (ms), cudaEventElapsed = 41.16438293457031 (ms)
[RANK2] F @ 1141.49951171875 (ms) to 1177.101806640625 (ms), cudaEventElapsed = 35.56790542602539 (ms)
[RANK2] B @ 1314.6328125 (ms) to 1355.93359375 (ms), cudaEventElapsed = 41.25859069824219 (ms)
[RANK2] F @ 1357.34521484375 (ms) to 1392.7421875 (ms), cudaEventElapsed = 35.36131286621094 (ms)
[RANK2] B @ 1529.185791015625 (ms) to 1570.309814453125 (ms), cudaEventElapsed = 41.08076858520508 (ms)
[RANK2] F @ 1570.68798828125 (ms) to 1605.725830078125 (ms), cudaEventElapsed = 35.008480072021484 (ms)
[RANK2] B @ 1743.390380859375 (ms) to 1784.65576171875 (ms), cudaEventElapsed = 41.20828628540039 (ms)
[RANK2] W @ 1784.954833984375 (ms) to 1808.07470703125 (ms), cudaEventElapsed = 23.08505630493164 (ms)
[RANK2] F @ 1808.239013671875 (ms) to 1847.435546875 (ms), cudaEventElapsed = 39.16636657714844 (ms)
[RANK2] B @ 1967.69091796875 (ms) to 2010.015869140625 (ms), cudaEventElapsed = 42.27043151855469 (ms)
[RANK2] B @ 2075.383544921875 (ms) to 2116.70751953125 (ms), cudaEventElapsed = 41.27302551269531 (ms)
[RANK2] W @ 2116.92724609375 (ms) to 2139.011474609375 (ms), cudaEventElapsed = 22.047744750976562 (ms)
[RANK2] F @ 2139.2880859375 (ms) to 2179.22900390625 (ms), cudaEventElapsed = 39.91241455078125 (ms)
[RANK2] B @ 2379.519287109375 (ms) to 2420.896484375 (ms), cudaEventElapsed = 41.3078727722168 (ms)
[RANK2] W @ 2421.2275390625 (ms) to 2444.91455078125 (ms), cudaEventElapsed = 22.592512130737305 (ms)
[RANK2] F @ 2445.2490234375 (ms) to 2484.9267578125 (ms), cudaEventElapsed = 39.646209716796875 (ms)
[RANK2] B @ 2667.759033203125 (ms) to 2709.05029296875 (ms), cudaEventElapsed = 41.229759216308594 (ms)
[RANK2] W @ 2709.343017578125 (ms) to 2732.461181640625 (ms), cudaEventElapsed = 21.992448806762695 (ms)
[RANK2] F @ 2732.794677734375 (ms) to 2771.591064453125 (ms), cudaEventElapsed = 38.7665901184082 (ms)
[RANK2] B @ 2956.589599609375 (ms) to 2997.827880859375 (ms), cudaEventElapsed = 41.185630798339844 (ms)
[RANK2] W @ 2998.064697265625 (ms) to 3019.58544921875 (ms), cudaEventElapsed = 21.48044776916504 (ms)
[RANK2] W @ 3019.774658203125 (ms) to 3047.064697265625 (ms), cudaEventElapsed = 27.261951446533203 (ms)
[RANK2] B @ 3143.575927734375 (ms) to 3184.87109375 (ms), cudaEventElapsed = 41.25017547607422 (ms)
[RANK2] 6W @ 3185.146484375 (ms) to 3343.989013671875 (ms), cudaEventElapsed = 158.8019256591797 (ms)
[RANK2] Iteration 14
[RANK2] F @ 63.354248046875 (ms) to 95.811767578125 (ms), cudaEventElapsed = 32.41891098022461 (ms)
[RANK2] F @ 207.150634765625 (ms) to 238.7275390625 (ms), cudaEventElapsed = 31.52284812927246 (ms)
[RANK2] F @ 351.017822265625 (ms) to 382.653076171875 (ms), cudaEventElapsed = 31.57926368713379 (ms)
[RANK2] B @ 599.540771484375 (ms) to 640.835693359375 (ms), cudaEventElapsed = 41.231422424316406 (ms)
[RANK2] F @ 641.254150390625 (ms) to 677.1572265625 (ms), cudaEventElapsed = 35.86899185180664 (ms)
[RANK2] B @ 882.454833984375 (ms) to 923.80859375 (ms), cudaEventElapsed = 41.28927993774414 (ms)
[RANK2] F @ 925.32763671875 (ms) to 961.156982421875 (ms), cudaEventElapsed = 35.792320251464844 (ms)
[RANK2] B @ 1097.70166015625 (ms) to 1139.04345703125 (ms), cudaEventElapsed = 41.280704498291016 (ms)
[RANK2] F @ 1140.562744140625 (ms) to 1176.303955078125 (ms), cudaEventElapsed = 35.70345687866211 (ms)
[RANK2] B @ 1313.261474609375 (ms) to 1354.64208984375 (ms), cudaEventElapsed = 41.32611083984375 (ms)
[RANK2] F @ 1356.11181640625 (ms) to 1391.25048828125 (ms), cudaEventElapsed = 35.10444641113281 (ms)
[RANK2] B @ 1527.605224609375 (ms) to 1568.787109375 (ms), cudaEventElapsed = 41.130943298339844 (ms)
[RANK2] F @ 1569.20263671875 (ms) to 1604.234130859375 (ms), cudaEventElapsed = 34.999263763427734 (ms)
[RANK2] B @ 1742.340576171875 (ms) to 1783.7919921875 (ms), cudaEventElapsed = 41.38787078857422 (ms)
[RANK2] W @ 1784.14208984375 (ms) to 1807.8017578125 (ms), cudaEventElapsed = 23.621631622314453 (ms)
[RANK2] F @ 1807.977294921875 (ms) to 1847.291748046875 (ms), cudaEventElapsed = 39.28460693359375 (ms)
[RANK2] B @ 1966.95703125 (ms) to 2009.425048828125 (ms), cudaEventElapsed = 42.414337158203125 (ms)
[RANK2] B @ 2073.70556640625 (ms) to 2115.041748046875 (ms), cudaEventElapsed = 41.29033660888672 (ms)
[RANK2] W @ 2115.265869140625 (ms) to 2137.183349609375 (ms), cudaEventElapsed = 21.88697624206543 (ms)
[RANK2] F @ 2137.468994140625 (ms) to 2177.7900390625 (ms), cudaEventElapsed = 40.28847885131836 (ms)
[RANK2] B @ 2376.728515625 (ms) to 2418.00146484375 (ms), cudaEventElapsed = 41.212799072265625 (ms)
[RANK2] W @ 2418.295166015625 (ms) to 2441.1640625 (ms), cudaEventElapsed = 21.767168045043945 (ms)
[RANK2] F @ 2441.4833984375 (ms) to 2481.31787109375 (ms), cudaEventElapsed = 39.80374526977539 (ms)
[RANK2] B @ 2664.7060546875 (ms) to 2706.044921875 (ms), cudaEventElapsed = 41.28249740600586 (ms)
[RANK2] W @ 2706.32421875 (ms) to 2729.691162109375 (ms), cudaEventElapsed = 22.28223991394043 (ms)
[RANK2] F @ 2729.986328125 (ms) to 2769.03369140625 (ms), cudaEventElapsed = 39.01753616333008 (ms)
[RANK2] B @ 2952.4892578125 (ms) to 2993.87548828125 (ms), cudaEventElapsed = 41.32419204711914 (ms)
[RANK2] W @ 2994.115234375 (ms) to 3015.962646484375 (ms), cudaEventElapsed = 21.808128356933594 (ms)
[RANK2] W @ 3016.144287109375 (ms) to 3043.043701171875 (ms), cudaEventElapsed = 26.869760513305664 (ms)
[RANK2] B @ 3140.248291015625 (ms) to 3181.40478515625 (ms), cudaEventElapsed = 41.1130256652832 (ms)
[RANK2] 6W @ 3181.629638671875 (ms) to 3340.592529296875 (ms), cudaEventElapsed = 158.9207000732422 (ms)
[RANK2] Iteration 15
[RANK2] F @ 63.321044921875 (ms) to 95.77490234375 (ms), cudaEventElapsed = 32.412288665771484 (ms)
[RANK2] F @ 206.39794921875 (ms) to 238.062255859375 (ms), cudaEventElapsed = 31.61871910095215 (ms)
[RANK2] F @ 351.45458984375 (ms) to 382.988525390625 (ms), cudaEventElapsed = 31.487199783325195 (ms)
[RANK2] B @ 600.062255859375 (ms) to 641.347900390625 (ms), cudaEventElapsed = 41.23164749145508 (ms)
[RANK2] F @ 641.7470703125 (ms) to 677.3662109375 (ms), cudaEventElapsed = 35.5880012512207 (ms)
[RANK2] B @ 883.7001953125 (ms) to 924.861572265625 (ms), cudaEventElapsed = 41.11558532714844 (ms)
[RANK2] F @ 926.317626953125 (ms) to 961.9091796875 (ms), cudaEventElapsed = 35.55315017700195 (ms)
[RANK2] B @ 1098.803466796875 (ms) to 1140.06103515625 (ms), cudaEventElapsed = 41.210079193115234 (ms)
[RANK2] F @ 1141.484130859375 (ms) to 1177.1630859375 (ms), cudaEventElapsed = 35.64656066894531 (ms)
[RANK2] B @ 1314.66357421875 (ms) to 1355.89501953125 (ms), cudaEventElapsed = 41.186912536621094 (ms)
[RANK2] F @ 1357.358642578125 (ms) to 1392.15087890625 (ms), cudaEventElapsed = 34.759647369384766 (ms)
[RANK2] B @ 1529.63623046875 (ms) to 1570.759033203125 (ms), cudaEventElapsed = 41.08377456665039 (ms)
[RANK2] F @ 1571.110107421875 (ms) to 1606.14697265625 (ms), cudaEventElapsed = 35.0049934387207 (ms)
[RANK2] B @ 1744.355224609375 (ms) to 1785.5859375 (ms), cudaEventElapsed = 41.187713623046875 (ms)
[RANK2] W @ 1785.84228515625 (ms) to 1809.3115234375 (ms), cudaEventElapsed = 23.432191848754883 (ms)
[RANK2] F @ 1809.489501953125 (ms) to 1848.6279296875 (ms), cudaEventElapsed = 39.10899353027344 (ms)
[RANK2] B @ 1968.640380859375 (ms) to 2010.97607421875 (ms), cudaEventElapsed = 42.283233642578125 (ms)
[RANK2] B @ 2075.437255859375 (ms) to 2116.782958984375 (ms), cudaEventElapsed = 41.2977294921875 (ms)
[RANK2] W @ 2116.991455078125 (ms) to 2138.736083984375 (ms), cudaEventElapsed = 21.7128963470459 (ms)
[RANK2] F @ 2139.008056640625 (ms) to 2179.222900390625 (ms), cudaEventElapsed = 40.184608459472656 (ms)
[RANK2] B @ 2379.49072265625 (ms) to 2420.62548828125 (ms), cudaEventElapsed = 41.086944580078125 (ms)
[RANK2] W @ 2420.8984375 (ms) to 2443.932861328125 (ms), cudaEventElapsed = 21.964799880981445 (ms)
[RANK2] F @ 2444.21435546875 (ms) to 2483.837158203125 (ms), cudaEventElapsed = 39.59331130981445 (ms)
[RANK2] B @ 2667.44189453125 (ms) to 2708.775390625 (ms), cudaEventElapsed = 41.27190399169922 (ms)
[RANK2] W @ 2709.0712890625 (ms) to 2732.0654296875 (ms), cudaEventElapsed = 21.9105281829834 (ms)
[RANK2] F @ 2732.3603515625 (ms) to 2771.077880859375 (ms), cudaEventElapsed = 38.68803024291992 (ms)
[RANK2] B @ 2955.025634765625 (ms) to 2996.29931640625 (ms), cudaEventElapsed = 41.2229118347168 (ms)
[RANK2] W @ 2996.512939453125 (ms) to 3018.445068359375 (ms), cudaEventElapsed = 21.900287628173828 (ms)
[RANK2] W @ 3018.6240234375 (ms) to 3046.1708984375 (ms), cudaEventElapsed = 27.520000457763672 (ms)
[RANK2] B @ 3141.826904296875 (ms) to 3182.876220703125 (ms), cudaEventElapsed = 41.011966705322266 (ms)
[RANK2] 6W @ 3183.056640625 (ms) to 3343.315673828125 (ms), cudaEventElapsed = 160.22630310058594 (ms)
[RANK2] Iteration 16
[RANK2] F @ 57.990234375 (ms) to 88.58203125 (ms), cudaEventElapsed = 30.555391311645508 (ms)
[RANK2] F @ 198.76318359375 (ms) to 228.554931640625 (ms), cudaEventElapsed = 29.749664306640625 (ms)
[RANK2] F @ 339.00537109375 (ms) to 368.72021484375 (ms), cudaEventElapsed = 29.673599243164062 (ms)
[RANK2] F @ 478.5966796875 (ms) to 508.37646484375 (ms), cudaEventElapsed = 29.736127853393555 (ms)
[RANK2] F @ 618.798828125 (ms) to 648.472412109375 (ms), cudaEventElapsed = 29.635135650634766 (ms)
[RANK2] F @ 758.012939453125 (ms) to 787.750732421875 (ms), cudaEventElapsed = 29.696191787719727 (ms)
[RANK2] F @ 898.052490234375 (ms) to 927.77978515625 (ms), cudaEventElapsed = 29.679935455322266 (ms)
[RANK2] F @ 1038.244873046875 (ms) to 1067.9150390625 (ms), cudaEventElapsed = 29.633983612060547 (ms)
[RANK2] F @ 1178.989013671875 (ms) to 1208.726318359375 (ms), cudaEventElapsed = 29.698720932006836 (ms)
[RANK2] F @ 1319.77978515625 (ms) to 1349.446533203125 (ms), cudaEventElapsed = 29.630176544189453 (ms)
[RANK2] F @ 1460.17138671875 (ms) to 1489.8154296875 (ms), cudaEventElapsed = 29.60406494140625 (ms)
[RANK2] F @ 1600.243896484375 (ms) to 1629.912353515625 (ms), cudaEventElapsed = 29.633087158203125 (ms)
