[RANK3] Iteration 1
[RANK3] F @ 1111.5625 (ms) to 1698.305419921875 (ms), cudaEventElapsed = 586.6595458984375 (ms)
[RANK3] B @ 1698.544921875 (ms) to 1742.84716796875 (ms), cudaEventElapsed = 44.26444625854492 (ms)
[RANK3] F @ 1746.556640625 (ms) to 1777.548828125 (ms), cudaEventElapsed = 30.953216552734375 (ms)
[RANK3] B @ 1777.622802734375 (ms) to 1815.167724609375 (ms), cudaEventElapsed = 37.51116943359375 (ms)
[RANK3] F @ 1816.471435546875 (ms) to 1849.149169921875 (ms), cudaEventElapsed = 32.641441345214844 (ms)
[RANK3] B @ 1849.215576171875 (ms) to 1887.331298828125 (ms), cudaEventElapsed = 38.07948684692383 (ms)
[RANK3] F @ 1888.839111328125 (ms) to 1921.79833984375 (ms), cudaEventElapsed = 32.91676712036133 (ms)
[RANK3] B @ 1921.881103515625 (ms) to 1959.35595703125 (ms), cudaEventElapsed = 37.43027114868164 (ms)
[RANK3] F @ 1964.175537109375 (ms) to 1995.98388671875 (ms), cudaEventElapsed = 31.76736068725586 (ms)
[RANK3] B @ 1996.046875 (ms) to 2033.94189453125 (ms), cudaEventElapsed = 37.86137771606445 (ms)
[RANK3] F @ 2035.298583984375 (ms) to 2068.811767578125 (ms), cudaEventElapsed = 33.47849655151367 (ms)
[RANK3] B @ 2068.87646484375 (ms) to 2107.607421875 (ms), cudaEventElapsed = 38.687744140625 (ms)
[RANK3] F @ 2108.975341796875 (ms) to 2141.905029296875 (ms), cudaEventElapsed = 32.88787078857422 (ms)
[RANK3] B @ 2141.964599609375 (ms) to 2179.829833984375 (ms), cudaEventElapsed = 37.83270263671875 (ms)
[RANK3] F @ 2180.12109375 (ms) to 2211.74853515625 (ms), cudaEventElapsed = 31.594688415527344 (ms)
[RANK3] B @ 2211.955078125 (ms) to 2251.29638671875 (ms), cudaEventElapsed = 39.30931091308594 (ms)
[RANK3] W @ 2251.457763671875 (ms) to 2282.029541015625 (ms), cudaEventElapsed = 17.61177635192871 (ms)
[RANK3] F @ 2282.177001953125 (ms) to 2312.94677734375 (ms), cudaEventElapsed = 30.72972869873047 (ms)
[RANK3] B @ 2313.005615234375 (ms) to 2351.210205078125 (ms), cudaEventElapsed = 38.1736946105957 (ms)
[RANK3] W @ 2351.449951171875 (ms) to 2372.665771484375 (ms), cudaEventElapsed = 20.23321533203125 (ms)
[RANK3] F @ 2408.875732421875 (ms) to 2439.02001953125 (ms), cudaEventElapsed = 30.09609603881836 (ms)
[RANK3] B @ 2439.0810546875 (ms) to 2476.17822265625 (ms), cudaEventElapsed = 37.05958557128906 (ms)
[RANK3] W @ 2476.41064453125 (ms) to 2497.74365234375 (ms), cudaEventElapsed = 20.193279266357422 (ms)
[RANK3] F @ 2510.583740234375 (ms) to 2541.360107421875 (ms), cudaEventElapsed = 30.735071182250977 (ms)
[RANK3] B @ 2541.4208984375 (ms) to 2578.248291015625 (ms), cudaEventElapsed = 36.79743957519531 (ms)
[RANK3] W @ 2578.4765625 (ms) to 2599.740234375 (ms), cudaEventElapsed = 20.159488677978516 (ms)
[RANK3] F @ 2612.02099609375 (ms) to 2643.195556640625 (ms), cudaEventElapsed = 31.139328002929688 (ms)
[RANK3] B @ 2643.25732421875 (ms) to 2680.93505859375 (ms), cudaEventElapsed = 37.64838409423828 (ms)
[RANK3] 8W @ 2681.1025390625 (ms) to 2845.42138671875 (ms), cudaEventElapsed = 164.27622985839844 (ms)
[RANK3] Iteration 2
[RANK3] F @ 99.179443359375 (ms) to 129.848876953125 (ms), cudaEventElapsed = 30.612672805786133 (ms)
[RANK3] B @ 130.096435546875 (ms) to 176.750732421875 (ms), cudaEventElapsed = 36.60287857055664 (ms)
[RANK3] F @ 177.126220703125 (ms) to 208.36865234375 (ms), cudaEventElapsed = 31.208383560180664 (ms)
[RANK3] B @ 208.45263671875 (ms) to 247.340087890625 (ms), cudaEventElapsed = 38.8587532043457 (ms)
[RANK3] F @ 248.69775390625 (ms) to 281.205078125 (ms), cudaEventElapsed = 32.47391891479492 (ms)
[RANK3] B @ 281.30517578125 (ms) to 319.333984375 (ms), cudaEventElapsed = 37.996543884277344 (ms)
[RANK3] F @ 320.708740234375 (ms) to 352.95947265625 (ms), cudaEventElapsed = 32.21798324584961 (ms)
[RANK3] B @ 353.0537109375 (ms) to 391.116455078125 (ms), cudaEventElapsed = 38.0313606262207 (ms)
[RANK3] F @ 392.557373046875 (ms) to 425.306640625 (ms), cudaEventElapsed = 32.716670989990234 (ms)
[RANK3] B @ 425.39013671875 (ms) to 463.278564453125 (ms), cudaEventElapsed = 37.85830307006836 (ms)
[RANK3] F @ 464.740478515625 (ms) to 497.3916015625 (ms), cudaEventElapsed = 32.61772918701172 (ms)
[RANK3] B @ 497.4765625 (ms) to 535.4208984375 (ms), cudaEventElapsed = 37.91360092163086 (ms)
[RANK3] F @ 536.85986328125 (ms) to 569.418212890625 (ms), cudaEventElapsed = 32.52556610107422 (ms)
[RANK3] B @ 569.5009765625 (ms) to 608.141845703125 (ms), cudaEventElapsed = 38.611968994140625 (ms)
[RANK3] F @ 608.46533203125 (ms) to 640.90478515625 (ms), cudaEventElapsed = 32.40883255004883 (ms)
[RANK3] B @ 641.121826171875 (ms) to 680.591064453125 (ms), cudaEventElapsed = 39.439361572265625 (ms)
[RANK3] W @ 680.777587890625 (ms) to 702.75048828125 (ms), cudaEventElapsed = 19.01363182067871 (ms)
[RANK3] F @ 702.90576171875 (ms) to 734.3544921875 (ms), cudaEventElapsed = 31.41993522644043 (ms)
[RANK3] B @ 734.427978515625 (ms) to 772.8544921875 (ms), cudaEventElapsed = 38.39692687988281 (ms)
[RANK3] W @ 773.107666015625 (ms) to 794.39501953125 (ms), cudaEventElapsed = 20.23219108581543 (ms)
[RANK3] F @ 828.58447265625 (ms) to 858.860107421875 (ms), cudaEventElapsed = 30.23798370361328 (ms)
[RANK3] B @ 858.9365234375 (ms) to 896.046630859375 (ms), cudaEventElapsed = 37.08211135864258 (ms)
[RANK3] W @ 896.31689453125 (ms) to 917.836181640625 (ms), cudaEventElapsed = 20.400127410888672 (ms)
[RANK3] F @ 931.265380859375 (ms) to 962.02001953125 (ms), cudaEventElapsed = 30.71686363220215 (ms)
[RANK3] B @ 962.095947265625 (ms) to 999.92724609375 (ms), cudaEventElapsed = 37.80198287963867 (ms)
[RANK3] W @ 1000.16357421875 (ms) to 1021.723388671875 (ms), cudaEventElapsed = 20.478975296020508 (ms)
[RANK3] F @ 1036.06689453125 (ms) to 1066.6611328125 (ms), cudaEventElapsed = 30.559839248657227 (ms)
[RANK3] B @ 1066.736328125 (ms) to 1104.44677734375 (ms), cudaEventElapsed = 37.68115234375 (ms)
[RANK3] 8W @ 1104.637451171875 (ms) to 1268.904541015625 (ms), cudaEventElapsed = 164.23526000976562 (ms)
[RANK3] Iteration 3
[RANK3] F @ 99.312255859375 (ms) to 130.073974609375 (ms), cudaEventElapsed = 30.709407806396484 (ms)
[RANK3] B @ 130.303955078125 (ms) to 175.237060546875 (ms), cudaEventElapsed = 35.343360900878906 (ms)
[RANK3] F @ 178.12841796875 (ms) to 208.5009765625 (ms), cudaEventElapsed = 30.333887100219727 (ms)
[RANK3] B @ 208.586669921875 (ms) to 246.695068359375 (ms), cudaEventElapsed = 38.07948684692383 (ms)
[RANK3] F @ 248.10546875 (ms) to 280.662841796875 (ms), cudaEventElapsed = 32.52492904663086 (ms)
[RANK3] B @ 280.762451171875 (ms) to 319.11865234375 (ms), cudaEventElapsed = 38.32217788696289 (ms)
[RANK3] F @ 320.594970703125 (ms) to 353.4111328125 (ms), cudaEventElapsed = 32.78268814086914 (ms)
[RANK3] B @ 353.50830078125 (ms) to 391.730224609375 (ms), cudaEventElapsed = 38.18803024291992 (ms)
[RANK3] F @ 393.158935546875 (ms) to 425.85986328125 (ms), cudaEventElapsed = 32.669281005859375 (ms)
[RANK3] B @ 425.9453125 (ms) to 464.1142578125 (ms), cudaEventElapsed = 38.137855529785156 (ms)
[RANK3] F @ 465.611083984375 (ms) to 498.51806640625 (ms), cudaEventElapsed = 32.872798919677734 (ms)
[RANK3] B @ 498.6015625 (ms) to 536.248779296875 (ms), cudaEventElapsed = 37.614593505859375 (ms)
[RANK3] F @ 537.712158203125 (ms) to 570.0126953125 (ms), cudaEventElapsed = 32.266273498535156 (ms)
[RANK3] B @ 570.09619140625 (ms) to 608.29345703125 (ms), cudaEventElapsed = 38.16960144042969 (ms)
[RANK3] F @ 608.602783203125 (ms) to 640.962158203125 (ms), cudaEventElapsed = 32.3287353515625 (ms)
[RANK3] B @ 641.177001953125 (ms) to 680.886474609375 (ms), cudaEventElapsed = 39.67897415161133 (ms)
[RANK3] W @ 681.073486328125 (ms) to 704.2607421875 (ms), cudaEventElapsed = 19.42630386352539 (ms)
[RANK3] F @ 704.421142578125 (ms) to 736.784423828125 (ms), cudaEventElapsed = 32.333984375 (ms)
[RANK3] B @ 736.85986328125 (ms) to 775.154296875 (ms), cudaEventElapsed = 38.25971221923828 (ms)
[RANK3] W @ 775.41015625 (ms) to 796.7587890625 (ms), cudaEventElapsed = 20.193279266357422 (ms)
[RANK3] F @ 830.106201171875 (ms) to 860.250732421875 (ms), cudaEventElapsed = 30.105247497558594 (ms)
[RANK3] B @ 860.335205078125 (ms) to 897.207763671875 (ms), cudaEventElapsed = 36.84147262573242 (ms)
[RANK3] W @ 897.483642578125 (ms) to 918.281494140625 (ms), cudaEventElapsed = 19.689472198486328 (ms)
[RANK3] F @ 933.056396484375 (ms) to 963.74951171875 (ms), cudaEventElapsed = 30.65443229675293 (ms)
[RANK3] B @ 963.827392578125 (ms) to 1004.2744140625 (ms), cudaEventElapsed = 40.418304443359375 (ms)
[RANK3] W @ 1004.522705078125 (ms) to 1026.55322265625 (ms), cudaEventElapsed = 20.930559158325195 (ms)
[RANK3] F @ 1038.434326171875 (ms) to 1069.44384765625 (ms), cudaEventElapsed = 30.973247528076172 (ms)
[RANK3] B @ 1069.520751953125 (ms) to 1107.27392578125 (ms), cudaEventElapsed = 37.724159240722656 (ms)
[RANK3] 8W @ 1107.462158203125 (ms) to 1272.028076171875 (ms), cudaEventElapsed = 164.5332489013672 (ms)
[RANK3] Iteration 4
[RANK3] F @ 98.98779296875 (ms) to 129.728759765625 (ms), cudaEventElapsed = 30.69171142578125 (ms)
[RANK3] B @ 129.94873046875 (ms) to 176.803466796875 (ms), cudaEventElapsed = 36.86092758178711 (ms)
[RANK3] F @ 177.1708984375 (ms) to 208.529296875 (ms), cudaEventElapsed = 31.325727462768555 (ms)
[RANK3] B @ 208.611572265625 (ms) to 247.171630859375 (ms), cudaEventElapsed = 38.53004837036133 (ms)
[RANK3] F @ 248.5498046875 (ms) to 281.17919921875 (ms), cudaEventElapsed = 32.59654235839844 (ms)
[RANK3] B @ 281.272216796875 (ms) to 319.58154296875 (ms), cudaEventElapsed = 38.27916717529297 (ms)
[RANK3] F @ 321.017333984375 (ms) to 353.58935546875 (ms), cudaEventElapsed = 32.53968048095703 (ms)
[RANK3] B @ 353.6904296875 (ms) to 392.012939453125 (ms), cudaEventElapsed = 38.29043197631836 (ms)
[RANK3] F @ 393.479248046875 (ms) to 426.38916015625 (ms), cudaEventElapsed = 32.876991271972656 (ms)
[RANK3] B @ 426.46923828125 (ms) to 464.5009765625 (ms), cudaEventElapsed = 38.00166320800781 (ms)
[RANK3] F @ 465.97412109375 (ms) to 498.648681640625 (ms), cudaEventElapsed = 32.64140701293945 (ms)
[RANK3] B @ 498.733642578125 (ms) to 536.88427734375 (ms), cudaEventElapsed = 38.1214714050293 (ms)
[RANK3] F @ 538.362548828125 (ms) to 571.1884765625 (ms), cudaEventElapsed = 32.79417419433594 (ms)
[RANK3] B @ 571.267822265625 (ms) to 609.8837890625 (ms), cudaEventElapsed = 38.5873908996582 (ms)
[RANK3] F @ 610.198486328125 (ms) to 642.534912109375 (ms), cudaEventElapsed = 32.30662536621094 (ms)
[RANK3] B @ 642.74755859375 (ms) to 682.1435546875 (ms), cudaEventElapsed = 39.365631103515625 (ms)
[RANK3] W @ 682.33544921875 (ms) to 703.722900390625 (ms), cudaEventElapsed = 19.257343292236328 (ms)
[RANK3] F @ 703.871337890625 (ms) to 735.36865234375 (ms), cudaEventElapsed = 31.468000411987305 (ms)
[RANK3] B @ 735.443603515625 (ms) to 774.126953125 (ms), cudaEventElapsed = 38.653953552246094 (ms)
[RANK3] W @ 774.38330078125 (ms) to 795.990478515625 (ms), cudaEventElapsed = 20.428800582885742 (ms)
[RANK3] F @ 829.72900390625 (ms) to 860.09228515625 (ms), cudaEventElapsed = 30.32454490661621 (ms)
[RANK3] B @ 860.16943359375 (ms) to 897.275390625 (ms), cudaEventElapsed = 37.07699203491211 (ms)
[RANK3] W @ 897.53857421875 (ms) to 918.96240234375 (ms), cudaEventElapsed = 20.20044708251953 (ms)
[RANK3] F @ 932.592041015625 (ms) to 963.520751953125 (ms), cudaEventElapsed = 30.891807556152344 (ms)
[RANK3] B @ 963.603515625 (ms) to 1001.601318359375 (ms), cudaEventElapsed = 37.96684646606445 (ms)
[RANK3] W @ 1001.866455078125 (ms) to 1023.38623046875 (ms), cudaEventElapsed = 20.342784881591797 (ms)
[RANK3] F @ 1037.78076171875 (ms) to 1068.46875 (ms), cudaEventElapsed = 30.65238380432129 (ms)
[RANK3] B @ 1068.544189453125 (ms) to 1106.3203125 (ms), cudaEventElapsed = 37.747711181640625 (ms)
[RANK3] 8W @ 1106.51123046875 (ms) to 1271.44873046875 (ms), cudaEventElapsed = 164.9039306640625 (ms)
[RANK3] Iteration 5
[RANK3] F @ 99.019287109375 (ms) to 129.760498046875 (ms), cudaEventElapsed = 30.69318389892578 (ms)
[RANK3] B @ 129.979248046875 (ms) to 175.832275390625 (ms), cudaEventElapsed = 36.53734588623047 (ms)
[RANK3] F @ 177.052978515625 (ms) to 210.0537109375 (ms), cudaEventElapsed = 32.96675109863281 (ms)
[RANK3] B @ 210.137939453125 (ms) to 249.00048828125 (ms), cudaEventElapsed = 38.83212661743164 (ms)
[RANK3] F @ 250.431396484375 (ms) to 284.30712890625 (ms), cudaEventElapsed = 33.843360900878906 (ms)
[RANK3] B @ 284.39990234375 (ms) to 323.484130859375 (ms), cudaEventElapsed = 39.05228805541992 (ms)
[RANK3] F @ 324.941650390625 (ms) to 359.0625 (ms), cudaEventElapsed = 34.08835220336914 (ms)
[RANK3] B @ 359.15234375 (ms) to 398.255859375 (ms), cudaEventElapsed = 39.07072067260742 (ms)
[RANK3] F @ 399.743408203125 (ms) to 434.240234375 (ms), cudaEventElapsed = 34.46527862548828 (ms)
[RANK3] B @ 434.317626953125 (ms) to 473.009033203125 (ms), cudaEventElapsed = 38.66214370727539 (ms)
[RANK3] F @ 474.5556640625 (ms) to 508.940185546875 (ms), cudaEventElapsed = 34.35091018676758 (ms)
[RANK3] B @ 509.025634765625 (ms) to 547.696044921875 (ms), cudaEventElapsed = 38.64064025878906 (ms)
[RANK3] F @ 549.189697265625 (ms) to 583.23486328125 (ms), cudaEventElapsed = 34.012447357177734 (ms)
[RANK3] B @ 583.319091796875 (ms) to 622.4345703125 (ms), cudaEventElapsed = 39.08505630493164 (ms)
[RANK3] F @ 622.736328125 (ms) to 656.466552734375 (ms), cudaEventElapsed = 33.69987106323242 (ms)
[RANK3] B @ 656.700927734375 (ms) to 697.4951171875 (ms), cudaEventElapsed = 40.762367248535156 (ms)
[RANK3] W @ 697.69921875 (ms) to 727.947998046875 (ms), cudaEventElapsed = 20.559871673583984 (ms)
[RANK3] F @ 728.110595703125 (ms) to 761.64306640625 (ms), cudaEventElapsed = 33.503456115722656 (ms)
[RANK3] B @ 761.722900390625 (ms) to 800.779541015625 (ms), cudaEventElapsed = 39.02668762207031 (ms)
[RANK3] W @ 801.018798828125 (ms) to 824.190185546875 (ms), cudaEventElapsed = 22.028287887573242 (ms)
[RANK3] F @ 863.91064453125 (ms) to 894.29150390625 (ms), cudaEventElapsed = 30.344127655029297 (ms)
[RANK3] B @ 894.376708984375 (ms) to 931.693359375 (ms), cudaEventElapsed = 37.28691101074219 (ms)
[RANK3] W @ 931.95458984375 (ms) to 954.502685546875 (ms), cudaEventElapsed = 21.316608428955078 (ms)
[RANK3] F @ 984.76171875 (ms) to 1016.471435546875 (ms), cudaEventElapsed = 31.673887252807617 (ms)
[RANK3] B @ 1016.55029296875 (ms) to 1055.057861328125 (ms), cudaEventElapsed = 38.47679901123047 (ms)
[RANK3] W @ 1055.319580078125 (ms) to 1078.5185546875 (ms), cudaEventElapsed = 22.000640869140625 (ms)
[RANK3] F @ 1095.725830078125 (ms) to 1127.802490234375 (ms), cudaEventElapsed = 32.04064178466797 (ms)
[RANK3] B @ 1127.893310546875 (ms) to 1166.2451171875 (ms), cudaEventElapsed = 38.32115173339844 (ms)
[RANK3] 8W @ 1166.43798828125 (ms) to 1358.144287109375 (ms), cudaEventElapsed = 191.67333984375 (ms)
[RANK3] Iteration 6
[RANK3] F @ 99.105712890625 (ms) to 130.067626953125 (ms), cudaEventElapsed = 30.913440704345703 (ms)
[RANK3] B @ 130.300048828125 (ms) to 176.6279296875 (ms), cudaEventElapsed = 36.15846252441406 (ms)
[RANK3] F @ 178.549560546875 (ms) to 210.3671875 (ms), cudaEventElapsed = 31.780895233154297 (ms)
[RANK3] B @ 210.46044921875 (ms) to 249.705078125 (ms), cudaEventElapsed = 39.214080810546875 (ms)
[RANK3] F @ 251.172119140625 (ms) to 285.287841796875 (ms), cudaEventElapsed = 34.08259201049805 (ms)
[RANK3] B @ 285.38525390625 (ms) to 324.508056640625 (ms), cudaEventElapsed = 39.09120178222656 (ms)
[RANK3] F @ 326.01416015625 (ms) to 360.217041015625 (ms), cudaEventElapsed = 34.170143127441406 (ms)
[RANK3] B @ 360.310791015625 (ms) to 399.1708984375 (ms), cudaEventElapsed = 38.830078125 (ms)
[RANK3] F @ 400.644287109375 (ms) to 434.991455078125 (ms), cudaEventElapsed = 34.31564712524414 (ms)
[RANK3] B @ 435.0771484375 (ms) to 473.697021484375 (ms), cudaEventElapsed = 38.5873908996582 (ms)
[RANK3] F @ 475.500244140625 (ms) to 509.552001953125 (ms), cudaEventElapsed = 34.01801681518555 (ms)
[RANK3] B @ 509.64013671875 (ms) to 548.22021484375 (ms), cudaEventElapsed = 38.54848098754883 (ms)
[RANK3] F @ 549.713134765625 (ms) to 584.0947265625 (ms), cudaEventElapsed = 34.34892654418945 (ms)
[RANK3] B @ 584.182373046875 (ms) to 623.672607421875 (ms), cudaEventElapsed = 39.45881652832031 (ms)
[RANK3] F @ 623.9755859375 (ms) to 657.68359375 (ms), cudaEventElapsed = 33.67705535888672 (ms)
[RANK3] B @ 657.900634765625 (ms) to 697.72900390625 (ms), cudaEventElapsed = 39.79673767089844 (ms)
[RANK3] W @ 697.936767578125 (ms) to 728.9638671875 (ms), cudaEventElapsed = 20.06425666809082 (ms)
[RANK3] F @ 729.119140625 (ms) to 762.704345703125 (ms), cudaEventElapsed = 33.55628967285156 (ms)
[RANK3] B @ 762.785888671875 (ms) to 802.801513671875 (ms), cudaEventElapsed = 39.986175537109375 (ms)
[RANK3] W @ 803.05615234375 (ms) to 826.251708984375 (ms), cudaEventElapsed = 22.097919464111328 (ms)
[RANK3] F @ 866.194580078125 (ms) to 896.462890625 (ms), cudaEventElapsed = 30.231456756591797 (ms)
[RANK3] B @ 896.546875 (ms) to 934.087158203125 (ms), cudaEventElapsed = 37.508094787597656 (ms)
[RANK3] W @ 934.353759765625 (ms) to 957.326171875 (ms), cudaEventElapsed = 21.760000228881836 (ms)
[RANK3] F @ 984.235107421875 (ms) to 1015.462158203125 (ms), cudaEventElapsed = 31.18886375427246 (ms)
[RANK3] B @ 1015.545166015625 (ms) to 1053.234619140625 (ms), cudaEventElapsed = 37.65760040283203 (ms)
[RANK3] W @ 1053.49462890625 (ms) to 1076.413330078125 (ms), cudaEventElapsed = 21.751808166503906 (ms)
[RANK3] F @ 1096.188720703125 (ms) to 1127.4462890625 (ms), cudaEventElapsed = 31.218399047851562 (ms)
[RANK3] B @ 1127.526123046875 (ms) to 1165.66357421875 (ms), cudaEventElapsed = 38.10918426513672 (ms)
[RANK3] 8W @ 1165.859375 (ms) to 1359.358154296875 (ms), cudaEventElapsed = 193.4633026123047 (ms)
[RANK3] Iteration 7
[RANK3] F @ 99.188232421875 (ms) to 130.02783203125 (ms), cudaEventElapsed = 30.7903995513916 (ms)
[RANK3] B @ 130.252685546875 (ms) to 177.051513671875 (ms), cudaEventElapsed = 36.43084716796875 (ms)
[RANK3] F @ 177.43505859375 (ms) to 210.36328125 (ms), cudaEventElapsed = 32.89558410644531 (ms)
[RANK3] B @ 210.453369140625 (ms) to 249.416015625 (ms), cudaEventElapsed = 38.9304313659668 (ms)
[RANK3] F @ 250.87841796875 (ms) to 284.902099609375 (ms), cudaEventElapsed = 33.99113464355469 (ms)
[RANK3] B @ 285.0078125 (ms) to 324.335205078125 (ms), cudaEventElapsed = 39.29395294189453 (ms)
[RANK3] F @ 325.864990234375 (ms) to 360.31396484375 (ms), cudaEventElapsed = 34.41542434692383 (ms)
[RANK3] B @ 360.41796875 (ms) to 398.92919921875 (ms), cudaEventElapsed = 38.47679901123047 (ms)
[RANK3] F @ 400.443359375 (ms) to 434.311767578125 (ms), cudaEventElapsed = 33.83590316772461 (ms)
[RANK3] B @ 434.397705078125 (ms) to 473.060791015625 (ms), cudaEventElapsed = 38.630401611328125 (ms)
[RANK3] F @ 474.630615234375 (ms) to 508.922119140625 (ms), cudaEventElapsed = 34.25718307495117 (ms)
[RANK3] B @ 509.016357421875 (ms) to 548.049560546875 (ms), cudaEventElapsed = 39.000064849853516 (ms)
[RANK3] F @ 549.568115234375 (ms) to 584.09619140625 (ms), cudaEventElapsed = 34.49427032470703 (ms)
[RANK3] B @ 584.188720703125 (ms) to 623.462646484375 (ms), cudaEventElapsed = 39.24070358276367 (ms)
[RANK3] F @ 623.790771484375 (ms) to 657.833251953125 (ms), cudaEventElapsed = 34.01219177246094 (ms)
[RANK3] B @ 658.055419921875 (ms) to 698.15283203125 (ms), cudaEventElapsed = 40.065025329589844 (ms)
[RANK3] W @ 698.336181640625 (ms) to 727.670166015625 (ms), cudaEventElapsed = 19.464191436767578 (ms)
[RANK3] F @ 727.83203125 (ms) to 762.31884765625 (ms), cudaEventElapsed = 34.456607818603516 (ms)
[RANK3] B @ 762.40234375 (ms) to 801.598388671875 (ms), cudaEventElapsed = 39.1649284362793 (ms)
[RANK3] W @ 801.862060546875 (ms) to 824.655029296875 (ms), cudaEventElapsed = 21.6125431060791 (ms)
[RANK3] F @ 865.069091796875 (ms) to 895.608154296875 (ms), cudaEventElapsed = 30.497440338134766 (ms)
[RANK3] B @ 895.691650390625 (ms) to 933.49658203125 (ms), cudaEventElapsed = 37.77433776855469 (ms)
[RANK3] W @ 933.758544921875 (ms) to 957.91748046875 (ms), cudaEventElapsed = 22.937599182128906 (ms)
[RANK3] F @ 983.8603515625 (ms) to 1015.636962890625 (ms), cudaEventElapsed = 31.737728118896484 (ms)
[RANK3] B @ 1015.71728515625 (ms) to 1054.130615234375 (ms), cudaEventElapsed = 38.38054275512695 (ms)
[RANK3] W @ 1054.393798828125 (ms) to 1077.56298828125 (ms), cudaEventElapsed = 21.976064682006836 (ms)
[RANK3] F @ 1095.43896484375 (ms) to 1126.957275390625 (ms), cudaEventElapsed = 31.48214340209961 (ms)
[RANK3] B @ 1127.039306640625 (ms) to 1165.73291015625 (ms), cudaEventElapsed = 38.66419219970703 (ms)
[RANK3] 8W @ 1165.923583984375 (ms) to 1360.399658203125 (ms), cudaEventElapsed = 194.44122314453125 (ms)
[RANK3] Iteration 8
[RANK3] F @ 98.99853515625 (ms) to 129.83935546875 (ms), cudaEventElapsed = 30.79462432861328 (ms)
[RANK3] B @ 130.072509765625 (ms) to 177.01318359375 (ms), cudaEventElapsed = 37.0513916015625 (ms)
[RANK3] F @ 177.388427734375 (ms) to 210.3193359375 (ms), cudaEventElapsed = 32.895198822021484 (ms)
[RANK3] B @ 210.4072265625 (ms) to 249.8017578125 (ms), cudaEventElapsed = 39.363582611083984 (ms)
[RANK3] F @ 251.241943359375 (ms) to 285.402587890625 (ms), cudaEventElapsed = 34.127105712890625 (ms)
[RANK3] B @ 285.49951171875 (ms) to 324.42333984375 (ms), cudaEventElapsed = 38.88947296142578 (ms)
[RANK3] F @ 325.92626953125 (ms) to 360.331787109375 (ms), cudaEventElapsed = 34.36969757080078 (ms)
[RANK3] B @ 360.426025390625 (ms) to 399.3486328125 (ms), cudaEventElapsed = 38.88742446899414 (ms)
[RANK3] F @ 400.83544921875 (ms) to 434.9658203125 (ms), cudaEventElapsed = 34.09823989868164 (ms)
[RANK3] B @ 435.054931640625 (ms) to 473.80322265625 (ms), cudaEventElapsed = 38.71744155883789 (ms)
[RANK3] F @ 475.35693359375 (ms) to 509.77783203125 (ms), cudaEventElapsed = 34.38771057128906 (ms)
[RANK3] B @ 509.864501953125 (ms) to 548.825927734375 (ms), cudaEventElapsed = 38.9304313659668 (ms)
[RANK3] F @ 550.329833984375 (ms) to 585.024658203125 (ms), cudaEventElapsed = 34.66128158569336 (ms)
[RANK3] B @ 585.110595703125 (ms) to 623.9287109375 (ms), cudaEventElapsed = 38.787071228027344 (ms)
[RANK3] F @ 624.228271484375 (ms) to 657.900390625 (ms), cudaEventElapsed = 33.63510513305664 (ms)
[RANK3] B @ 658.113525390625 (ms) to 698.463134765625 (ms), cudaEventElapsed = 40.31999969482422 (ms)
[RANK3] W @ 698.64697265625 (ms) to 724.8408203125 (ms), cudaEventElapsed = 19.81337547302246 (ms)
[RANK3] F @ 725.001953125 (ms) to 760.011962890625 (ms), cudaEventElapsed = 34.98031997680664 (ms)
[RANK3] B @ 760.11328125 (ms) to 799.93017578125 (ms), cudaEventElapsed = 39.78239822387695 (ms)
[RANK3] W @ 800.17578125 (ms) to 823.36083984375 (ms), cudaEventElapsed = 21.947391510009766 (ms)
[RANK3] F @ 863.090576171875 (ms) to 893.398193359375 (ms), cudaEventElapsed = 30.269695281982422 (ms)
[RANK3] B @ 893.47802734375 (ms) to 931.196533203125 (ms), cudaEventElapsed = 37.68729782104492 (ms)
[RANK3] W @ 931.46484375 (ms) to 955.178466796875 (ms), cudaEventElapsed = 22.49420738220215 (ms)
[RANK3] F @ 982.228515625 (ms) to 1013.591796875 (ms), cudaEventElapsed = 31.32931137084961 (ms)
[RANK3] B @ 1013.677001953125 (ms) to 1052.18359375 (ms), cudaEventElapsed = 38.47475051879883 (ms)
[RANK3] W @ 1052.43408203125 (ms) to 1075.836181640625 (ms), cudaEventElapsed = 22.2423038482666 (ms)
[RANK3] F @ 1094.090576171875 (ms) to 1126.09912109375 (ms), cudaEventElapsed = 31.972415924072266 (ms)
[RANK3] B @ 1126.181884765625 (ms) to 1164.638916015625 (ms), cudaEventElapsed = 38.423553466796875 (ms)
[RANK3] 8W @ 1164.82958984375 (ms) to 1359.364501953125 (ms), cudaEventElapsed = 194.4965057373047 (ms)
[RANK3] Iteration 9
[RANK3] F @ 211.9970703125 (ms) to 242.9365234375 (ms), cudaEventElapsed = 30.884544372558594 (ms)
[RANK3] B @ 243.16552734375 (ms) to 391.80615234375 (ms), cudaEventElapsed = 35.24198532104492 (ms)
[RANK3] F @ 498.17041015625 (ms) to 528.192626953125 (ms), cudaEventElapsed = 29.983903884887695 (ms)
[RANK3] B @ 528.274169921875 (ms) to 565.17236328125 (ms), cudaEventElapsed = 36.86809539794922 (ms)
[RANK3] F @ 566.579345703125 (ms) to 600.54248046875 (ms), cudaEventElapsed = 33.929664611816406 (ms)
[RANK3] B @ 600.638916015625 (ms) to 640.634033203125 (ms), cudaEventElapsed = 39.96364974975586 (ms)
[RANK3] F @ 697.74755859375 (ms) to 728.349853515625 (ms), cudaEventElapsed = 30.56515121459961 (ms)
[RANK3] B @ 728.436767578125 (ms) to 766.5625 (ms), cudaEventElapsed = 38.09587097167969 (ms)
[RANK3] F @ 891.1708984375 (ms) to 922.119140625 (ms), cudaEventElapsed = 30.898975372314453 (ms)
[RANK3] B @ 922.2080078125 (ms) to 961.053955078125 (ms), cudaEventElapsed = 38.814720153808594 (ms)
[RANK3] F @ 1084.500732421875 (ms) to 1115.238037109375 (ms), cudaEventElapsed = 30.691904067993164 (ms)
[RANK3] B @ 1115.32763671875 (ms) to 1153.536376953125 (ms), cudaEventElapsed = 38.1767692565918 (ms)
[RANK3] F @ 1277.70703125 (ms) to 1308.234619140625 (ms), cudaEventElapsed = 30.48409652709961 (ms)
[RANK3] B @ 1308.320068359375 (ms) to 1346.353759765625 (ms), cudaEventElapsed = 38.002689361572266 (ms)
[RANK3] F @ 1468.82666015625 (ms) to 1498.9033203125 (ms), cudaEventElapsed = 30.032928466796875 (ms)
[RANK3] B @ 1499.126220703125 (ms) to 1537.470947265625 (ms), cudaEventElapsed = 38.30681610107422 (ms)
[RANK3] W @ 1537.635498046875 (ms) to 1704.344970703125 (ms), cudaEventElapsed = 17.40902328491211 (ms)
[RANK3] F @ 1704.558349609375 (ms) to 1735.914306640625 (ms), cudaEventElapsed = 31.32032012939453 (ms)
[RANK3] B @ 1735.999755859375 (ms) to 1775.089111328125 (ms), cudaEventElapsed = 39.05535888671875 (ms)
[RANK3] W @ 1775.387451171875 (ms) to 1799.046875 (ms), cudaEventElapsed = 22.4532470703125 (ms)
[RANK3] F @ 1954.2568359375 (ms) to 1984.48095703125 (ms), cudaEventElapsed = 30.16556739807129 (ms)
[RANK3] B @ 1984.568359375 (ms) to 2022.00146484375 (ms), cudaEventElapsed = 37.4015998840332 (ms)
[RANK3] W @ 2022.2783203125 (ms) to 2045.202880859375 (ms), cudaEventElapsed = 21.746688842773438 (ms)
[RANK3] F @ 2173.389404296875 (ms) to 2203.484130859375 (ms), cudaEventElapsed = 30.05308723449707 (ms)
[RANK3] B @ 2203.56982421875 (ms) to 2241.16552734375 (ms), cudaEventElapsed = 37.5654411315918 (ms)
[RANK3] W @ 2241.421875 (ms) to 2264.584228515625 (ms), cudaEventElapsed = 22.007808685302734 (ms)
[RANK3] F @ 2393.29345703125 (ms) to 2423.641845703125 (ms), cudaEventElapsed = 30.309728622436523 (ms)
[RANK3] B @ 2423.724609375 (ms) to 2461.40234375 (ms), cudaEventElapsed = 37.64633560180664 (ms)
[RANK3] 8W @ 2461.59521484375 (ms) to 2655.711669921875 (ms), cudaEventElapsed = 194.081787109375 (ms)
[RANK3] Iteration 10
[RANK3] F @ 209.876953125 (ms) to 241.05517578125 (ms), cudaEventElapsed = 31.115968704223633 (ms)
[RANK3] B @ 241.291748046875 (ms) to 387.44580078125 (ms), cudaEventElapsed = 35.315711975097656 (ms)
[RANK3] F @ 493.7001953125 (ms) to 523.707275390625 (ms), cudaEventElapsed = 29.962688446044922 (ms)
[RANK3] B @ 523.790283203125 (ms) to 561.6923828125 (ms), cudaEventElapsed = 37.87161636352539 (ms)
[RANK3] F @ 563.113037109375 (ms) to 597.776611328125 (ms), cudaEventElapsed = 34.631038665771484 (ms)
[RANK3] B @ 597.873779296875 (ms) to 637.4951171875 (ms), cudaEventElapsed = 39.58784103393555 (ms)
[RANK3] F @ 693.579833984375 (ms) to 724.18359375 (ms), cudaEventElapsed = 30.562015533447266 (ms)
[RANK3] B @ 724.271240234375 (ms) to 762.693359375 (ms), cudaEventElapsed = 38.391807556152344 (ms)
[RANK3] F @ 885.903564453125 (ms) to 916.5146484375 (ms), cudaEventElapsed = 30.561887741088867 (ms)
[RANK3] B @ 916.601318359375 (ms) to 954.935546875 (ms), cudaEventElapsed = 38.30271911621094 (ms)
[RANK3] F @ 1078.711669921875 (ms) to 1109.33251953125 (ms), cudaEventElapsed = 30.57129669189453 (ms)
[RANK3] B @ 1109.422119140625 (ms) to 1147.449462890625 (ms), cudaEventElapsed = 37.9944953918457 (ms)
[RANK3] F @ 1271.488525390625 (ms) to 1302.08935546875 (ms), cudaEventElapsed = 30.541759490966797 (ms)
[RANK3] B @ 1302.1787109375 (ms) to 1340.741943359375 (ms), cudaEventElapsed = 38.53414535522461 (ms)
[RANK3] F @ 1460.990966796875 (ms) to 1491.093505859375 (ms), cudaEventElapsed = 30.054752349853516 (ms)
[RANK3] B @ 1491.3115234375 (ms) to 1529.8447265625 (ms), cudaEventElapsed = 38.50342559814453 (ms)
[RANK3] W @ 1530.024658203125 (ms) to 1697.463134765625 (ms), cudaEventElapsed = 17.4069766998291 (ms)
[RANK3] F @ 1697.66162109375 (ms) to 1729.33984375 (ms), cudaEventElapsed = 31.643871307373047 (ms)
[RANK3] B @ 1729.421630859375 (ms) to 1768.92431640625 (ms), cudaEventElapsed = 39.472129821777344 (ms)
[RANK3] W @ 1769.2001953125 (ms) to 1793.05224609375 (ms), cudaEventElapsed = 22.68057632446289 (ms)
[RANK3] F @ 1947.794677734375 (ms) to 1977.792724609375 (ms), cudaEventElapsed = 29.959199905395508 (ms)
[RANK3] B @ 1977.872802734375 (ms) to 2014.575439453125 (ms), cudaEventElapsed = 36.67251205444336 (ms)
[RANK3] W @ 2014.8203125 (ms) to 2037.74462890625 (ms), cudaEventElapsed = 21.760000228881836 (ms)
[RANK3] F @ 2166.88916015625 (ms) to 2196.88720703125 (ms), cudaEventElapsed = 29.960416793823242 (ms)
[RANK3] B @ 2196.968505859375 (ms) to 2233.980224609375 (ms), cudaEventElapsed = 36.97663879394531 (ms)
[RANK3] W @ 2234.23681640625 (ms) to 2257.201171875 (ms), cudaEventElapsed = 21.83679962158203 (ms)
[RANK3] F @ 2386.04638671875 (ms) to 2415.977783203125 (ms), cudaEventElapsed = 29.894367218017578 (ms)
[RANK3] B @ 2416.067626953125 (ms) to 2453.184326171875 (ms), cudaEventElapsed = 37.08620834350586 (ms)
[RANK3] 8W @ 2453.37158203125 (ms) to 2648.2412109375 (ms), cudaEventElapsed = 194.8344268798828 (ms)
[RANK3] Iteration 11
[RANK3] F @ 209.14013671875 (ms) to 239.758544921875 (ms), cudaEventElapsed = 30.57151985168457 (ms)
[RANK3] B @ 239.985595703125 (ms) to 387.554443359375 (ms), cudaEventElapsed = 35.31980895996094 (ms)
[RANK3] F @ 493.08935546875 (ms) to 522.9541015625 (ms), cudaEventElapsed = 29.828575134277344 (ms)
[RANK3] B @ 523.036376953125 (ms) to 560.64013671875 (ms), cudaEventElapsed = 37.573631286621094 (ms)
[RANK3] F @ 561.95654296875 (ms) to 596.60498046875 (ms), cudaEventElapsed = 34.61654281616211 (ms)
[RANK3] B @ 596.695556640625 (ms) to 636.257568359375 (ms), cudaEventElapsed = 39.52947235107422 (ms)
[RANK3] F @ 692.988037109375 (ms) to 723.52001953125 (ms), cudaEventElapsed = 30.497600555419922 (ms)
[RANK3] B @ 723.601318359375 (ms) to 762.39453125 (ms), cudaEventElapsed = 38.763519287109375 (ms)
[RANK3] F @ 885.48583984375 (ms) to 915.969970703125 (ms), cudaEventElapsed = 30.441856384277344 (ms)
[RANK3] B @ 916.056640625 (ms) to 953.8408203125 (ms), cudaEventElapsed = 37.751808166503906 (ms)
[RANK3] F @ 1078.786376953125 (ms) to 1109.347900390625 (ms), cudaEventElapsed = 30.506175994873047 (ms)
[RANK3] B @ 1109.4345703125 (ms) to 1147.61865234375 (ms), cudaEventElapsed = 38.15526580810547 (ms)
[RANK3] F @ 1273.66650390625 (ms) to 1304.310546875 (ms), cudaEventElapsed = 30.59916877746582 (ms)
[RANK3] B @ 1304.398193359375 (ms) to 1342.730224609375 (ms), cudaEventElapsed = 38.29452896118164 (ms)
[RANK3] F @ 1464.94921875 (ms) to 1495.0625 (ms), cudaEventElapsed = 30.0631046295166 (ms)
[RANK3] B @ 1495.278076171875 (ms) to 1533.41455078125 (ms), cudaEventElapsed = 38.10611343383789 (ms)
[RANK3] W @ 1533.58544921875 (ms) to 1701.91357421875 (ms), cudaEventElapsed = 17.40595245361328 (ms)
[RANK3] F @ 1702.12353515625 (ms) to 1734.760009765625 (ms), cudaEventElapsed = 32.60067367553711 (ms)
[RANK3] B @ 1734.8486328125 (ms) to 1773.937744140625 (ms), cudaEventElapsed = 39.0563850402832 (ms)
[RANK3] W @ 1774.576904296875 (ms) to 1906.82373046875 (ms), cudaEventElapsed = 17.81350326538086 (ms)
[RANK3] F @ 1995.7861328125 (ms) to 2025.925048828125 (ms), cudaEventElapsed = 30.081951141357422 (ms)
[RANK3] B @ 2026.006103515625 (ms) to 2063.246826171875 (ms), cudaEventElapsed = 37.21113586425781 (ms)
[RANK3] W @ 2063.52685546875 (ms) to 2195.15087890625 (ms), cudaEventElapsed = 17.77356719970703 (ms)
[RANK3] F @ 2283.374755859375 (ms) to 2313.599609375 (ms), cudaEventElapsed = 30.184511184692383 (ms)
[RANK3] B @ 2313.6884765625 (ms) to 2351.143310546875 (ms), cudaEventElapsed = 37.424129486083984 (ms)
[RANK3] W @ 2351.3994140625 (ms) to 2483.358642578125 (ms), cudaEventElapsed = 17.754112243652344 (ms)
[RANK3] F @ 2571.594482421875 (ms) to 2601.72705078125 (ms), cudaEventElapsed = 30.092607498168945 (ms)
[RANK3] B @ 2601.813232421875 (ms) to 2639.4853515625 (ms), cudaEventElapsed = 37.64326477050781 (ms)
[RANK3] 8W @ 2639.68310546875 (ms) to 2940.98779296875 (ms), cudaEventElapsed = 187.24249267578125 (ms)
[RANK3] Iteration 12
[RANK3] F @ 210.268798828125 (ms) to 241.174072265625 (ms), cudaEventElapsed = 30.851167678833008 (ms)
[RANK3] B @ 241.389892578125 (ms) to 389.190673828125 (ms), cudaEventElapsed = 35.15187072753906 (ms)
[RANK3] F @ 596.564453125 (ms) to 626.75634765625 (ms), cudaEventElapsed = 30.137279510498047 (ms)
[RANK3] B @ 626.84765625 (ms) to 664.70068359375 (ms), cudaEventElapsed = 37.817344665527344 (ms)
[RANK3] F @ 780.24951171875 (ms) to 810.71337890625 (ms), cudaEventElapsed = 30.422592163085938 (ms)
[RANK3] B @ 810.8017578125 (ms) to 849.138671875 (ms), cudaEventElapsed = 38.30579376220703 (ms)
[RANK3] F @ 991.177490234375 (ms) to 1021.82861328125 (ms), cudaEventElapsed = 30.606943130493164 (ms)
[RANK3] B @ 1021.92626953125 (ms) to 1059.89208984375 (ms), cudaEventElapsed = 37.934078216552734 (ms)
[RANK3] F @ 1206.0830078125 (ms) to 1236.6396484375 (ms), cudaEventElapsed = 30.515615463256836 (ms)
[RANK3] B @ 1236.725341796875 (ms) to 1275.140380859375 (ms), cudaEventElapsed = 38.384639739990234 (ms)
[RANK3] F @ 1421.1748046875 (ms) to 1451.638427734375 (ms), cudaEventElapsed = 30.418943405151367 (ms)
[RANK3] B @ 1451.75634765625 (ms) to 1490.134033203125 (ms), cudaEventElapsed = 38.338558197021484 (ms)
[RANK3] F @ 1635.590087890625 (ms) to 1666.061279296875 (ms), cudaEventElapsed = 30.427711486816406 (ms)
[RANK3] B @ 1666.14892578125 (ms) to 1704.836181640625 (ms), cudaEventElapsed = 38.653953552246094 (ms)
[RANK3] F @ 1849.79345703125 (ms) to 1879.705078125 (ms), cudaEventElapsed = 29.874080657958984 (ms)
[RANK3] B @ 1879.91845703125 (ms) to 1918.1376953125 (ms), cudaEventElapsed = 38.18803024291992 (ms)
[RANK3] W @ 1918.322998046875 (ms) to 2089.23095703125 (ms), cudaEventElapsed = 17.46329689025879 (ms)
[RANK3] F @ 2089.41357421875 (ms) to 2121.64111328125 (ms), cudaEventElapsed = 32.1923828125 (ms)
[RANK3] B @ 2121.720703125 (ms) to 2160.90283203125 (ms), cudaEventElapsed = 39.15059280395508 (ms)
[RANK3] W @ 2161.175537109375 (ms) to 2293.5400390625 (ms), cudaEventElapsed = 17.740800857543945 (ms)
[RANK3] F @ 2381.3349609375 (ms) to 2411.374267578125 (ms), cudaEventElapsed = 29.998207092285156 (ms)
[RANK3] B @ 2411.457275390625 (ms) to 2448.696533203125 (ms), cudaEventElapsed = 37.20908737182617 (ms)
[RANK3] W @ 2448.968017578125 (ms) to 2580.570556640625 (ms), cudaEventElapsed = 17.770496368408203 (ms)
[RANK3] F @ 2668.462646484375 (ms) to 2698.529052734375 (ms), cudaEventElapsed = 30.03014373779297 (ms)
[RANK3] B @ 2698.60986328125 (ms) to 2735.994873046875 (ms), cudaEventElapsed = 37.356544494628906 (ms)
[RANK3] W @ 2736.2412109375 (ms) to 2868.0234375 (ms), cudaEventElapsed = 17.741823196411133 (ms)
[RANK3] F @ 2956.251953125 (ms) to 2986.150634765625 (ms), cudaEventElapsed = 29.863584518432617 (ms)
[RANK3] B @ 2986.2294921875 (ms) to 3024.0400390625 (ms), cudaEventElapsed = 37.780479431152344 (ms)
[RANK3] 8W @ 3024.2255859375 (ms) to 3324.678466796875 (ms), cudaEventElapsed = 186.37925720214844 (ms)
[RANK3] Iteration 13
[RANK3] F @ 209.234130859375 (ms) to 240.014892578125 (ms), cudaEventElapsed = 30.726911544799805 (ms)
[RANK3] B @ 240.236083984375 (ms) to 389.2197265625 (ms), cudaEventElapsed = 35.11296081542969 (ms)
[RANK3] F @ 597.38720703125 (ms) to 627.417236328125 (ms), cudaEventElapsed = 29.98249626159668 (ms)
[RANK3] B @ 627.495849609375 (ms) to 665.385498046875 (ms), cudaEventElapsed = 37.85523223876953 (ms)
[RANK3] F @ 781.110595703125 (ms) to 811.671630859375 (ms), cudaEventElapsed = 30.515392303466797 (ms)
[RANK3] B @ 811.755859375 (ms) to 850.08203125 (ms), cudaEventElapsed = 38.29452896118164 (ms)
[RANK3] F @ 992.118408203125 (ms) to 1022.864013671875 (ms), cudaEventElapsed = 30.695743560791016 (ms)
[RANK3] B @ 1022.955078125 (ms) to 1060.7099609375 (ms), cudaEventElapsed = 37.72313690185547 (ms)
[RANK3] F @ 1207.07958984375 (ms) to 1237.737060546875 (ms), cudaEventElapsed = 30.60758399963379 (ms)
[RANK3] B @ 1237.828857421875 (ms) to 1276.0849609375 (ms), cudaEventElapsed = 38.221824645996094 (ms)
[RANK3] F @ 1422.41796875 (ms) to 1452.987060546875 (ms), cudaEventElapsed = 30.523391723632812 (ms)
[RANK3] B @ 1453.074951171875 (ms) to 1491.29833984375 (ms), cudaEventElapsed = 38.1921272277832 (ms)
[RANK3] F @ 1637.025634765625 (ms) to 1667.62158203125 (ms), cudaEventElapsed = 30.549184799194336 (ms)
[RANK3] B @ 1667.7099609375 (ms) to 1706.649169921875 (ms), cudaEventElapsed = 38.90687942504883 (ms)
[RANK3] F @ 1850.490478515625 (ms) to 1880.51416015625 (ms), cudaEventElapsed = 29.981056213378906 (ms)
[RANK3] B @ 1880.73193359375 (ms) to 1918.9658203125 (ms), cudaEventElapsed = 38.20441436767578 (ms)
[RANK3] W @ 1919.14892578125 (ms) to 2089.597412109375 (ms), cudaEventElapsed = 17.373184204101562 (ms)
[RANK3] F @ 2089.841064453125 (ms) to 2122.2841796875 (ms), cudaEventElapsed = 32.40611267089844 (ms)
[RANK3] B @ 2122.3671875 (ms) to 2161.133056640625 (ms), cudaEventElapsed = 38.735870361328125 (ms)
[RANK3] W @ 2161.416015625 (ms) to 2293.784423828125 (ms), cudaEventElapsed = 17.756160736083984 (ms)
[RANK3] F @ 2382.55419921875 (ms) to 2412.704833984375 (ms), cudaEventElapsed = 30.09939193725586 (ms)
[RANK3] B @ 2412.787841796875 (ms) to 2449.926025390625 (ms), cudaEventElapsed = 37.106689453125 (ms)
[RANK3] W @ 2450.17431640625 (ms) to 2581.8759765625 (ms), cudaEventElapsed = 17.751039505004883 (ms)
[RANK3] F @ 2670.740478515625 (ms) to 2700.742919921875 (ms), cudaEventElapsed = 29.966976165771484 (ms)
[RANK3] B @ 2700.822265625 (ms) to 2738.056640625 (ms), cudaEventElapsed = 37.20191955566406 (ms)
[RANK3] W @ 2738.321044921875 (ms) to 2870.177734375 (ms), cudaEventElapsed = 17.79199981689453 (ms)
[RANK3] F @ 2959.558837890625 (ms) to 2989.447021484375 (ms), cudaEventElapsed = 29.844640731811523 (ms)
[RANK3] B @ 2989.52685546875 (ms) to 3026.82666015625 (ms), cudaEventElapsed = 37.27052688598633 (ms)
[RANK3] 8W @ 3027.013427734375 (ms) to 3326.596435546875 (ms), cudaEventElapsed = 186.3700408935547 (ms)
[RANK3] Iteration 14
[RANK3] F @ 210.4033203125 (ms) to 241.05322265625 (ms), cudaEventElapsed = 30.603744506835938 (ms)
[RANK3] B @ 241.2666015625 (ms) to 388.962646484375 (ms), cudaEventElapsed = 35.119102478027344 (ms)
[RANK3] F @ 596.271240234375 (ms) to 626.129150390625 (ms), cudaEventElapsed = 29.82147216796875 (ms)
[RANK3] B @ 626.20947265625 (ms) to 663.921875 (ms), cudaEventElapsed = 37.68320083618164 (ms)
[RANK3] F @ 779.49462890625 (ms) to 809.91796875 (ms), cudaEventElapsed = 30.382495880126953 (ms)
[RANK3] B @ 809.9970703125 (ms) to 848.210693359375 (ms), cudaEventElapsed = 38.184959411621094 (ms)
[RANK3] F @ 990.873046875 (ms) to 1021.41748046875 (ms), cudaEventElapsed = 30.505664825439453 (ms)
[RANK3] B @ 1021.5009765625 (ms) to 1059.0654296875 (ms), cudaEventElapsed = 37.535743713378906 (ms)
[RANK3] F @ 1205.679931640625 (ms) to 1236.240234375 (ms), cudaEventElapsed = 30.51523208618164 (ms)
[RANK3] B @ 1236.32275390625 (ms) to 1274.716064453125 (ms), cudaEventElapsed = 38.364158630371094 (ms)
[RANK3] F @ 1421.0107421875 (ms) to 1451.61376953125 (ms), cudaEventElapsed = 30.559871673583984 (ms)
[RANK3] B @ 1451.6982421875 (ms) to 1489.8349609375 (ms), cudaEventElapsed = 38.10918426513672 (ms)
[RANK3] F @ 1635.3076171875 (ms) to 1666.0146484375 (ms), cudaEventElapsed = 30.657312393188477 (ms)
[RANK3] B @ 1666.10400390625 (ms) to 1704.567626953125 (ms), cudaEventElapsed = 38.434814453125 (ms)
[RANK3] F @ 1849.34326171875 (ms) to 1879.40380859375 (ms), cudaEventElapsed = 30.01759910583496 (ms)
[RANK3] B @ 1879.61083984375 (ms) to 1917.49609375 (ms), cudaEventElapsed = 37.85523223876953 (ms)
[RANK3] W @ 1917.6630859375 (ms) to 2088.710693359375 (ms), cudaEventElapsed = 17.44486427307129 (ms)
[RANK3] F @ 2088.90380859375 (ms) to 2120.81494140625 (ms), cudaEventElapsed = 31.877824783325195 (ms)
[RANK3] B @ 2120.89111328125 (ms) to 2159.5703125 (ms), cudaEventElapsed = 38.65087890625 (ms)
[RANK3] W @ 2159.845703125 (ms) to 2292.18896484375 (ms), cudaEventElapsed = 17.78278350830078 (ms)
[RANK3] F @ 2379.729736328125 (ms) to 2409.75732421875 (ms), cudaEventElapsed = 29.992992401123047 (ms)
[RANK3] B @ 2409.8369140625 (ms) to 2447.053955078125 (ms), cudaEventElapsed = 37.186561584472656 (ms)
[RANK3] W @ 2447.385009765625 (ms) to 2579.368896484375 (ms), cudaEventElapsed = 17.707008361816406 (ms)
[RANK3] F @ 2667.761962890625 (ms) to 2697.849853515625 (ms), cudaEventElapsed = 30.041887283325195 (ms)
[RANK3] B @ 2697.928466796875 (ms) to 2735.060791015625 (ms), cudaEventElapsed = 37.101566314697266 (ms)
[RANK3] W @ 2735.314208984375 (ms) to 2867.13330078125 (ms), cudaEventElapsed = 17.762304306030273 (ms)
[RANK3] F @ 2955.491455078125 (ms) to 2985.460205078125 (ms), cudaEventElapsed = 29.9300479888916 (ms)
[RANK3] B @ 2985.54345703125 (ms) to 3023.5078125 (ms), cudaEventElapsed = 37.934078216552734 (ms)
[RANK3] 8W @ 3023.701171875 (ms) to 3323.403076171875 (ms), cudaEventElapsed = 185.6573486328125 (ms)
[RANK3] Iteration 15
[RANK3] F @ 209.503173828125 (ms) to 240.3447265625 (ms), cudaEventElapsed = 30.792543411254883 (ms)
[RANK3] B @ 240.554931640625 (ms) to 389.446533203125 (ms), cudaEventElapsed = 35.10784149169922 (ms)
[RANK3] F @ 597.5380859375 (ms) to 627.542724609375 (ms), cudaEventElapsed = 29.964832305908203 (ms)
[RANK3] B @ 627.62646484375 (ms) to 665.691162109375 (ms), cudaEventElapsed = 38.03647994995117 (ms)
[RANK3] F @ 781.529296875 (ms) to 811.954833984375 (ms), cudaEventElapsed = 30.38688087463379 (ms)
[RANK3] B @ 812.03759765625 (ms) to 850.258544921875 (ms), cudaEventElapsed = 38.1921272277832 (ms)
[RANK3] F @ 992.07177734375 (ms) to 1022.56787109375 (ms), cudaEventElapsed = 30.451488494873047 (ms)
[RANK3] B @ 1022.6591796875 (ms) to 1060.302978515625 (ms), cudaEventElapsed = 37.614593505859375 (ms)
[RANK3] F @ 1206.892822265625 (ms) to 1237.689697265625 (ms), cudaEventElapsed = 30.753376007080078 (ms)
[RANK3] B @ 1237.77099609375 (ms) to 1276.330810546875 (ms), cudaEventElapsed = 38.53004837036133 (ms)
[RANK3] F @ 1423.13818359375 (ms) to 1453.834228515625 (ms), cudaEventElapsed = 30.649503707885742 (ms)
[RANK3] B @ 1453.917724609375 (ms) to 1492.116455078125 (ms), cudaEventElapsed = 38.16447830200195 (ms)
[RANK3] F @ 1637.389404296875 (ms) to 1667.800048828125 (ms), cudaEventElapsed = 30.3687686920166 (ms)
[RANK3] B @ 1667.8818359375 (ms) to 1706.842529296875 (ms), cudaEventElapsed = 38.93145751953125 (ms)
[RANK3] F @ 1851.340576171875 (ms) to 1881.510009765625 (ms), cudaEventElapsed = 30.12895965576172 (ms)
[RANK3] B @ 1881.720947265625 (ms) to 1919.663818359375 (ms), cudaEventElapsed = 37.912574768066406 (ms)
[RANK3] W @ 1919.864013671875 (ms) to 2090.397216796875 (ms), cudaEventElapsed = 17.42438316345215 (ms)
[RANK3] F @ 2090.588623046875 (ms) to 2122.74462890625 (ms), cudaEventElapsed = 32.12531280517578 (ms)
[RANK3] B @ 2122.8193359375 (ms) to 2161.941162109375 (ms), cudaEventElapsed = 39.09324645996094 (ms)
[RANK3] W @ 2162.19970703125 (ms) to 2294.4697265625 (ms), cudaEventElapsed = 17.736703872680664 (ms)
[RANK3] F @ 2382.51806640625 (ms) to 2412.528076171875 (ms), cudaEventElapsed = 29.968320846557617 (ms)
[RANK3] B @ 2412.60595703125 (ms) to 2449.9365234375 (ms), cudaEventElapsed = 37.301246643066406 (ms)
[RANK3] W @ 2450.18310546875 (ms) to 2582.045166015625 (ms), cudaEventElapsed = 17.738752365112305 (ms)
[RANK3] F @ 2670.4130859375 (ms) to 2700.357177734375 (ms), cudaEventElapsed = 29.898719787597656 (ms)
[RANK3] B @ 2700.433349609375 (ms) to 2737.852294921875 (ms), cudaEventElapsed = 37.39033508300781 (ms)
[RANK3] W @ 2738.094970703125 (ms) to 2870.174072265625 (ms), cudaEventElapsed = 17.778688430786133 (ms)
[RANK3] F @ 2957.967529296875 (ms) to 2987.812744140625 (ms), cudaEventElapsed = 29.811296463012695 (ms)
[RANK3] B @ 2987.88818359375 (ms) to 3025.69873046875 (ms), cudaEventElapsed = 37.7815055847168 (ms)
[RANK3] 8W @ 3025.883056640625 (ms) to 3326.165771484375 (ms), cudaEventElapsed = 186.71206665039062 (ms)
[RANK3] Iteration 16
[RANK3] F @ 201.86865234375 (ms) to 231.268310546875 (ms), cudaEventElapsed = 29.343584060668945 (ms)
[RANK3] F @ 342.105224609375 (ms) to 371.351318359375 (ms), cudaEventElapsed = 29.182464599609375 (ms)
[RANK3] F @ 481.7197265625 (ms) to 511.0791015625 (ms), cudaEventElapsed = 29.2891845703125 (ms)
[RANK3] F @ 621.91650390625 (ms) to 651.2509765625 (ms), cudaEventElapsed = 29.26959991455078 (ms)
[RANK3] F @ 760.975830078125 (ms) to 789.97314453125 (ms), cudaEventElapsed = 28.951263427734375 (ms)
[RANK3] F @ 900.93603515625 (ms) to 929.73583984375 (ms), cudaEventElapsed = 28.76313591003418 (ms)
[RANK3] F @ 1041.178466796875 (ms) to 1070.072509765625 (ms), cudaEventElapsed = 28.855775833129883 (ms)
[RANK3] F @ 1180.56982421875 (ms) to 1208.90625 (ms), cudaEventElapsed = 28.298175811767578 (ms)
[RANK3] F @ 1321.4267578125 (ms) to 1349.7587890625 (ms), cudaEventElapsed = 28.294368743896484 (ms)
[RANK3] F @ 1461.835205078125 (ms) to 1490.07373046875 (ms), cudaEventElapsed = 28.203935623168945 (ms)
[RANK3] F @ 1602.036865234375 (ms) to 1630.295654296875 (ms), cudaEventElapsed = 28.22617530822754 (ms)
[RANK3] F @ 1742.095703125 (ms) to 1770.350830078125 (ms), cudaEventElapsed = 28.218719482421875 (ms)
