[RANK1] Iteration 1
[RANK1] F @ 1132.339599609375 (ms) to 1141.99609375 (ms), cudaEventElapsed = 9.592320442199707 (ms)
[RANK1] F @ 2155.815673828125 (ms) to 2165.38134765625 (ms), cudaEventElapsed = 9.498656272888184 (ms)
[RANK1] F @ 2165.6728515625 (ms) to 2174.62939453125 (ms), cudaEventElapsed = 8.929216384887695 (ms)
[RANK1] F @ 2174.8203125 (ms) to 2183.832763671875 (ms), cudaEventElapsed = 8.986847877502441 (ms)
[RANK1] F @ 3304.876708984375 (ms) to 3318.337890625 (ms), cudaEventElapsed = 13.38697624206543 (ms)
[RANK1] B @ 3670.747802734375 (ms) to 3681.5234375 (ms), cudaEventElapsed = 10.71782398223877 (ms)
[RANK1] F @ 3859.970947265625 (ms) to 3869.33447265625 (ms), cudaEventElapsed = 9.308639526367188 (ms)
[RANK1] B @ 3869.556396484375 (ms) to 3879.1728515625 (ms), cudaEventElapsed = 9.592576026916504 (ms)
[RANK1] F @ 3879.69287109375 (ms) to 3888.69384765625 (ms), cudaEventElapsed = 8.977375984191895 (ms)
[RANK1] B @ 3888.892578125 (ms) to 3898.3974609375 (ms), cudaEventElapsed = 9.478272438049316 (ms)
[RANK1] F @ 3898.661865234375 (ms) to 3907.6845703125 (ms), cudaEventElapsed = 8.993280410766602 (ms)
[RANK1] B @ 3907.9169921875 (ms) to 3917.386962890625 (ms), cudaEventElapsed = 9.441984176635742 (ms)
[RANK1] W @ 3917.568115234375 (ms) to 3923.88671875 (ms), cudaEventElapsed = 6.294591903686523 (ms)
[RANK1] F @ 3923.991943359375 (ms) to 3933.02490234375 (ms), cudaEventElapsed = 9.012672424316406 (ms)
[RANK1] B @ 3967.27587890625 (ms) to 3977.868408203125 (ms), cudaEventElapsed = 10.563199996948242 (ms)
[RANK1] B @ 3978.553955078125 (ms) to 3987.914794921875 (ms), cudaEventElapsed = 9.332351684570312 (ms)
[RANK1] W @ 3987.996337890625 (ms) to 3994.1513671875 (ms), cudaEventElapsed = 6.135136127471924 (ms)
[RANK1] F @ 3994.313720703125 (ms) to 4003.368896484375 (ms), cudaEventElapsed = 9.03279972076416 (ms)
[RANK1] B @ 4003.852783203125 (ms) to 4014.369384765625 (ms), cudaEventElapsed = 10.489279747009277 (ms)
[RANK1] B @ 4014.92138671875 (ms) to 4024.5146484375 (ms), cudaEventElapsed = 9.566176414489746 (ms)
[RANK1] W @ 4024.585205078125 (ms) to 4030.806884765625 (ms), cudaEventElapsed = 6.203999996185303 (ms)
[RANK1] F @ 4030.94580078125 (ms) to 4040.069580078125 (ms), cudaEventElapsed = 9.103487968444824 (ms)
[RANK1] B @ 4040.253173828125 (ms) to 4049.75146484375 (ms), cudaEventElapsed = 9.47152042388916 (ms)
[RANK1] W @ 4049.919921875 (ms) to 4056.522705078125 (ms), cudaEventElapsed = 6.14851188659668 (ms)
[RANK1] F @ 4056.673828125 (ms) to 4065.845947265625 (ms), cudaEventElapsed = 9.151071548461914 (ms)
[RANK1] B @ 4066.040771484375 (ms) to 4075.62060546875 (ms), cudaEventElapsed = 9.551775932312012 (ms)
[RANK1] W @ 4075.7412109375 (ms) to 4081.993408203125 (ms), cudaEventElapsed = 6.227871894836426 (ms)
[RANK1] W @ 4082.0771484375 (ms) to 4088.493408203125 (ms), cudaEventElapsed = 6.397215843200684 (ms)
[RANK1] B @ 4089.6669921875 (ms) to 4099.36376953125 (ms), cudaEventElapsed = 9.676095962524414 (ms)
[RANK1] W @ 4099.490478515625 (ms) to 4105.74853515625 (ms), cudaEventElapsed = 6.230303764343262 (ms)
[RANK1] W @ 4105.822998046875 (ms) to 4112.164306640625 (ms), cudaEventElapsed = 6.322559833526611 (ms)
[RANK1] B @ 4112.254150390625 (ms) to 4121.917724609375 (ms), cudaEventElapsed = 9.644415855407715 (ms)
[RANK1] 4W @ 4122.039306640625 (ms) to 4146.8505859375 (ms), cudaEventElapsed = 24.784639358520508 (ms)
[RANK1] Iteration 2
[RANK1] F @ 11.128662109375 (ms) to 20.4521484375 (ms), cudaEventElapsed = 9.288960456848145 (ms)
[RANK1] F @ 20.7158203125 (ms) to 29.83203125 (ms), cudaEventElapsed = 9.084896087646484 (ms)
[RANK1] F @ 30.0791015625 (ms) to 39.20361328125 (ms), cudaEventElapsed = 9.097184181213379 (ms)
[RANK1] F @ 39.42724609375 (ms) to 48.506591796875 (ms), cudaEventElapsed = 9.051456451416016 (ms)
[RANK1] F @ 49.26611328125 (ms) to 58.35107421875 (ms), cudaEventElapsed = 9.056159973144531 (ms)
[RANK1] B @ 63.01171875 (ms) to 72.690673828125 (ms), cudaEventElapsed = 9.650303840637207 (ms)
[RANK1] F @ 72.9833984375 (ms) to 82.278564453125 (ms), cudaEventElapsed = 9.263872146606445 (ms)
[RANK1] B @ 82.49267578125 (ms) to 92.09423828125 (ms), cudaEventElapsed = 9.573823928833008 (ms)
[RANK1] F @ 92.762451171875 (ms) to 101.953369140625 (ms), cudaEventElapsed = 9.161087989807129 (ms)
[RANK1] B @ 102.16845703125 (ms) to 111.634521484375 (ms), cudaEventElapsed = 9.439616203308105 (ms)
[RANK1] F @ 111.92822265625 (ms) to 121.135009765625 (ms), cudaEventElapsed = 9.177696228027344 (ms)
[RANK1] B @ 121.38720703125 (ms) to 130.822509765625 (ms), cudaEventElapsed = 9.406463623046875 (ms)
[RANK1] W @ 131.0341796875 (ms) to 137.3779296875 (ms), cudaEventElapsed = 6.31712007522583 (ms)
[RANK1] F @ 137.48486328125 (ms) to 146.61767578125 (ms), cudaEventElapsed = 9.112031936645508 (ms)
[RANK1] B @ 149.4951171875 (ms) to 160.32470703125 (ms), cudaEventElapsed = 10.800928115844727 (ms)
[RANK1] B @ 161.031005859375 (ms) to 170.493408203125 (ms), cudaEventElapsed = 9.434944152832031 (ms)
[RANK1] W @ 170.5830078125 (ms) to 176.7666015625 (ms), cudaEventElapsed = 6.165056228637695 (ms)
[RANK1] F @ 176.921875 (ms) to 186.0673828125 (ms), cudaEventElapsed = 9.124287605285645 (ms)
[RANK1] B @ 186.635009765625 (ms) to 197.275634765625 (ms), cudaEventElapsed = 10.61251163482666 (ms)
[RANK1] B @ 197.97119140625 (ms) to 207.412109375 (ms), cudaEventElapsed = 9.41312026977539 (ms)
[RANK1] W @ 207.503173828125 (ms) to 213.691650390625 (ms), cudaEventElapsed = 6.161952018737793 (ms)
[RANK1] F @ 213.85205078125 (ms) to 222.96533203125 (ms), cudaEventElapsed = 9.092672348022461 (ms)
[RANK1] B @ 223.1787109375 (ms) to 232.676513671875 (ms), cudaEventElapsed = 9.470463752746582 (ms)
[RANK1] W @ 232.87109375 (ms) to 239.468017578125 (ms), cudaEventElapsed = 6.129983901977539 (ms)
[RANK1] F @ 239.632568359375 (ms) to 248.785400390625 (ms), cudaEventElapsed = 9.130592346191406 (ms)
[RANK1] B @ 248.993896484375 (ms) to 258.513427734375 (ms), cudaEventElapsed = 9.490912437438965 (ms)
[RANK1] W @ 258.6748046875 (ms) to 264.913818359375 (ms), cudaEventElapsed = 6.212031841278076 (ms)
[RANK1] W @ 265.012939453125 (ms) to 271.378173828125 (ms), cudaEventElapsed = 6.346367835998535 (ms)
[RANK1] B @ 273.110107421875 (ms) to 282.69580078125 (ms), cudaEventElapsed = 9.564352035522461 (ms)
[RANK1] W @ 282.852783203125 (ms) to 289.09912109375 (ms), cudaEventElapsed = 6.219903945922852 (ms)
[RANK1] W @ 289.19677734375 (ms) to 295.542236328125 (ms), cudaEventElapsed = 6.326879978179932 (ms)
[RANK1] B @ 295.643798828125 (ms) to 305.27978515625 (ms), cudaEventElapsed = 9.61631965637207 (ms)
[RANK1] 4W @ 305.4423828125 (ms) to 330.31298828125 (ms), cudaEventElapsed = 24.842239379882812 (ms)
[RANK1] Iteration 3
[RANK1] F @ 11.034423828125 (ms) to 20.476318359375 (ms), cudaEventElapsed = 9.407520294189453 (ms)
[RANK1] F @ 20.739501953125 (ms) to 29.852783203125 (ms), cudaEventElapsed = 9.085247993469238 (ms)
[RANK1] F @ 30.1064453125 (ms) to 39.167236328125 (ms), cudaEventElapsed = 9.032896041870117 (ms)
[RANK1] F @ 39.37890625 (ms) to 48.3994140625 (ms), cudaEventElapsed = 8.993120193481445 (ms)
[RANK1] F @ 49.16748046875 (ms) to 58.2216796875 (ms), cudaEventElapsed = 9.025856018066406 (ms)
[RANK1] B @ 63.11474609375 (ms) to 72.847900390625 (ms), cudaEventElapsed = 9.704000473022461 (ms)
[RANK1] F @ 73.1484375 (ms) to 82.439697265625 (ms), cudaEventElapsed = 9.256832122802734 (ms)
[RANK1] B @ 82.658935546875 (ms) to 92.22216796875 (ms), cudaEventElapsed = 9.536704063415527 (ms)
[RANK1] F @ 92.916259765625 (ms) to 102.1240234375 (ms), cudaEventElapsed = 9.178655624389648 (ms)
[RANK1] B @ 102.33642578125 (ms) to 111.832763671875 (ms), cudaEventElapsed = 9.467552185058594 (ms)
[RANK1] F @ 112.13623046875 (ms) to 121.32177734375 (ms), cudaEventElapsed = 9.15503978729248 (ms)
[RANK1] B @ 121.569091796875 (ms) to 131.11083984375 (ms), cudaEventElapsed = 9.513248443603516 (ms)
[RANK1] W @ 131.32275390625 (ms) to 137.734130859375 (ms), cudaEventElapsed = 6.385248184204102 (ms)
[RANK1] F @ 137.84033203125 (ms) to 146.982177734375 (ms), cudaEventElapsed = 9.1211519241333 (ms)
[RANK1] B @ 149.762451171875 (ms) to 160.583740234375 (ms), cudaEventElapsed = 10.793472290039062 (ms)
[RANK1] B @ 161.292236328125 (ms) to 170.77490234375 (ms), cudaEventElapsed = 9.454367637634277 (ms)
[RANK1] W @ 170.8671875 (ms) to 177.069580078125 (ms), cudaEventElapsed = 6.182464122772217 (ms)
[RANK1] F @ 177.225830078125 (ms) to 186.35400390625 (ms), cudaEventElapsed = 9.106623649597168 (ms)
[RANK1] B @ 186.897705078125 (ms) to 197.5751953125 (ms), cudaEventElapsed = 10.649727821350098 (ms)
[RANK1] B @ 199.004150390625 (ms) to 208.42431640625 (ms), cudaEventElapsed = 9.391488075256348 (ms)
[RANK1] W @ 208.521484375 (ms) to 214.724853515625 (ms), cudaEventElapsed = 6.183775901794434 (ms)
[RANK1] F @ 214.880859375 (ms) to 223.95751953125 (ms), cudaEventElapsed = 9.055647850036621 (ms)
[RANK1] B @ 224.1650390625 (ms) to 233.5615234375 (ms), cudaEventElapsed = 9.369024276733398 (ms)
[RANK1] W @ 233.77587890625 (ms) to 240.194580078125 (ms), cudaEventElapsed = 6.103072166442871 (ms)
[RANK1] F @ 240.361328125 (ms) to 249.476318359375 (ms), cudaEventElapsed = 9.093215942382812 (ms)
[RANK1] B @ 249.68701171875 (ms) to 259.08740234375 (ms), cudaEventElapsed = 9.37337589263916 (ms)
[RANK1] W @ 259.255126953125 (ms) to 265.50439453125 (ms), cudaEventElapsed = 6.222271919250488 (ms)
[RANK1] W @ 265.6044921875 (ms) to 271.961181640625 (ms), cudaEventElapsed = 6.338367938995361 (ms)
[RANK1] B @ 273.91943359375 (ms) to 283.423095703125 (ms), cudaEventElapsed = 9.484224319458008 (ms)
[RANK1] W @ 283.6044921875 (ms) to 289.831298828125 (ms), cudaEventElapsed = 6.200160026550293 (ms)
[RANK1] W @ 289.932373046875 (ms) to 296.229736328125 (ms), cudaEventElapsed = 6.278592109680176 (ms)
[RANK1] B @ 296.3310546875 (ms) to 305.883056640625 (ms), cudaEventElapsed = 9.53110408782959 (ms)
[RANK1] 4W @ 306.053466796875 (ms) to 330.7822265625 (ms), cudaEventElapsed = 24.700672149658203 (ms)
[RANK1] Iteration 4
[RANK1] F @ 10.9111328125 (ms) to 20.1240234375 (ms), cudaEventElapsed = 9.17903995513916 (ms)
[RANK1] F @ 20.3857421875 (ms) to 29.447021484375 (ms), cudaEventElapsed = 9.033056259155273 (ms)
[RANK1] F @ 29.697509765625 (ms) to 38.776611328125 (ms), cudaEventElapsed = 9.050975799560547 (ms)
[RANK1] F @ 38.98876953125 (ms) to 48.013671875 (ms), cudaEventElapsed = 8.998144149780273 (ms)
[RANK1] F @ 48.70947265625 (ms) to 57.785888671875 (ms), cudaEventElapsed = 9.048224449157715 (ms)
[RANK1] B @ 63.255859375 (ms) to 73.22119140625 (ms), cudaEventElapsed = 9.93667221069336 (ms)
[RANK1] F @ 73.513427734375 (ms) to 82.765380859375 (ms), cudaEventElapsed = 9.224575996398926 (ms)
[RANK1] B @ 82.974609375 (ms) to 92.88916015625 (ms), cudaEventElapsed = 9.887776374816895 (ms)
[RANK1] F @ 93.600830078125 (ms) to 102.800537109375 (ms), cudaEventElapsed = 9.171008110046387 (ms)
[RANK1] B @ 103.01171875 (ms) to 112.940185546875 (ms), cudaEventElapsed = 9.900128364562988 (ms)
[RANK1] F @ 113.230712890625 (ms) to 122.458251953125 (ms), cudaEventElapsed = 9.198559761047363 (ms)
[RANK1] B @ 122.73779296875 (ms) to 132.691162109375 (ms), cudaEventElapsed = 9.925824165344238 (ms)
[RANK1] W @ 132.904052734375 (ms) to 139.396728515625 (ms), cudaEventElapsed = 6.466527938842773 (ms)
[RANK1] F @ 139.50341796875 (ms) to 148.81982421875 (ms), cudaEventElapsed = 9.296575546264648 (ms)
[RANK1] B @ 152.166259765625 (ms) to 163.57275390625 (ms), cudaEventElapsed = 11.378815650939941 (ms)
[RANK1] B @ 164.26806640625 (ms) to 174.298828125 (ms), cudaEventElapsed = 10.002528190612793 (ms)
[RANK1] W @ 174.39306640625 (ms) to 180.7568359375 (ms), cudaEventElapsed = 6.345056056976318 (ms)
[RANK1] F @ 180.908203125 (ms) to 190.181884765625 (ms), cudaEventElapsed = 9.252256393432617 (ms)
[RANK1] B @ 190.693115234375 (ms) to 201.895263671875 (ms), cudaEventElapsed = 11.173088073730469 (ms)
[RANK1] B @ 202.59033203125 (ms) to 212.751220703125 (ms), cudaEventElapsed = 10.13270378112793 (ms)
[RANK1] W @ 212.8408203125 (ms) to 219.21728515625 (ms), cudaEventElapsed = 6.3572797775268555 (ms)
[RANK1] F @ 219.3720703125 (ms) to 228.723876953125 (ms), cudaEventElapsed = 9.330975532531738 (ms)
[RANK1] B @ 228.93408203125 (ms) to 238.996826171875 (ms), cudaEventElapsed = 10.035200119018555 (ms)
[RANK1] W @ 239.201416015625 (ms) to 245.946044921875 (ms), cudaEventElapsed = 6.279967784881592 (ms)
[RANK1] F @ 246.116943359375 (ms) to 255.535888671875 (ms), cudaEventElapsed = 9.396736145019531 (ms)
[RANK1] B @ 255.74267578125 (ms) to 265.848388671875 (ms), cudaEventElapsed = 10.076671600341797 (ms)
[RANK1] W @ 266.015380859375 (ms) to 272.4169921875 (ms), cudaEventElapsed = 6.373119831085205 (ms)
[RANK1] W @ 272.516845703125 (ms) to 279.09375 (ms), cudaEventElapsed = 6.558752059936523 (ms)
[RANK1] B @ 281.1279296875 (ms) to 291.60009765625 (ms), cudaEventElapsed = 10.452095985412598 (ms)
[RANK1] W @ 291.768310546875 (ms) to 298.268798828125 (ms), cudaEventElapsed = 6.4732160568237305 (ms)
[RANK1] W @ 298.367919921875 (ms) to 304.996826171875 (ms), cudaEventElapsed = 6.609312057495117 (ms)
[RANK1] B @ 305.094970703125 (ms) to 315.484375 (ms), cudaEventElapsed = 10.370368003845215 (ms)
[RANK1] 4W @ 315.64208984375 (ms) to 341.257080078125 (ms), cudaEventElapsed = 25.587072372436523 (ms)
[RANK1] Iteration 5
[RANK1] F @ 10.709228515625 (ms) to 20.488037109375 (ms), cudaEventElapsed = 9.743904113769531 (ms)
[RANK1] F @ 20.74267578125 (ms) to 30.398193359375 (ms), cudaEventElapsed = 9.628767967224121 (ms)
[RANK1] F @ 30.644775390625 (ms) to 40.272705078125 (ms), cudaEventElapsed = 9.600064277648926 (ms)
[RANK1] F @ 40.491455078125 (ms) to 49.80615234375 (ms), cudaEventElapsed = 9.286911964416504 (ms)
[RANK1] F @ 50.563720703125 (ms) to 59.933349609375 (ms), cudaEventElapsed = 9.340415954589844 (ms)
[RANK1] B @ 64.104248046875 (ms) to 74.20068359375 (ms), cudaEventElapsed = 10.06822395324707 (ms)
[RANK1] F @ 74.497314453125 (ms) to 83.758544921875 (ms), cudaEventElapsed = 9.230815887451172 (ms)
[RANK1] B @ 83.970458984375 (ms) to 93.94384765625 (ms), cudaEventElapsed = 9.945311546325684 (ms)
[RANK1] F @ 94.652587890625 (ms) to 103.911865234375 (ms), cudaEventElapsed = 9.22985553741455 (ms)
[RANK1] B @ 104.126953125 (ms) to 114.116943359375 (ms), cudaEventElapsed = 9.961343765258789 (ms)
[RANK1] F @ 114.4091796875 (ms) to 123.673095703125 (ms), cudaEventElapsed = 9.234975814819336 (ms)
[RANK1] B @ 123.918701171875 (ms) to 133.96533203125 (ms), cudaEventElapsed = 10.018048286437988 (ms)
[RANK1] W @ 134.181396484375 (ms) to 140.739013671875 (ms), cudaEventElapsed = 6.530496120452881 (ms)
[RANK1] F @ 140.84521484375 (ms) to 150.199951171875 (ms), cudaEventElapsed = 9.333888053894043 (ms)
[RANK1] B @ 152.49951171875 (ms) to 163.930908203125 (ms), cudaEventElapsed = 11.402848243713379 (ms)
[RANK1] B @ 164.630615234375 (ms) to 174.747802734375 (ms), cudaEventElapsed = 10.087424278259277 (ms)
[RANK1] W @ 174.911376953125 (ms) to 181.32421875 (ms), cudaEventElapsed = 6.385632038116455 (ms)
[RANK1] F @ 181.5009765625 (ms) to 190.98876953125 (ms), cudaEventElapsed = 9.465472221374512 (ms)
[RANK1] B @ 191.5400390625 (ms) to 203.078369140625 (ms), cudaEventElapsed = 11.509183883666992 (ms)
[RANK1] B @ 203.689208984375 (ms) to 214.03125 (ms), cudaEventElapsed = 10.31283187866211 (ms)
[RANK1] W @ 214.133056640625 (ms) to 220.542236328125 (ms), cudaEventElapsed = 6.3887038230896 (ms)
[RANK1] F @ 220.71875 (ms) to 230.25390625 (ms), cudaEventElapsed = 9.511872291564941 (ms)
[RANK1] B @ 230.46044921875 (ms) to 240.845703125 (ms), cudaEventElapsed = 10.35756778717041 (ms)
[RANK1] W @ 241.048828125 (ms) to 247.9326171875 (ms), cudaEventElapsed = 6.374720096588135 (ms)
[RANK1] F @ 248.095703125 (ms) to 257.885986328125 (ms), cudaEventElapsed = 9.766847610473633 (ms)
[RANK1] B @ 258.099609375 (ms) to 268.515380859375 (ms), cudaEventElapsed = 10.38764762878418 (ms)
[RANK1] W @ 268.67822265625 (ms) to 275.1298828125 (ms), cudaEventElapsed = 6.424384117126465 (ms)
[RANK1] W @ 275.232177734375 (ms) to 281.848876953125 (ms), cudaEventElapsed = 6.5978240966796875 (ms)
[RANK1] B @ 282.7578125 (ms) to 293.083740234375 (ms), cudaEventElapsed = 10.307295799255371 (ms)
[RANK1] W @ 293.237548828125 (ms) to 299.67626953125 (ms), cudaEventElapsed = 6.414048194885254 (ms)
[RANK1] W @ 299.775390625 (ms) to 306.49951171875 (ms), cudaEventElapsed = 6.705567836761475 (ms)
[RANK1] B @ 306.599365234375 (ms) to 317.352294921875 (ms), cudaEventElapsed = 10.733695983886719 (ms)
[RANK1] 4W @ 317.517822265625 (ms) to 343.60546875 (ms), cudaEventElapsed = 26.059200286865234 (ms)
[RANK1] Iteration 6
[RANK1] F @ 11.269287109375 (ms) to 20.900634765625 (ms), cudaEventElapsed = 9.598400115966797 (ms)
[RANK1] F @ 21.15576171875 (ms) to 30.68896484375 (ms), cudaEventElapsed = 9.505087852478027 (ms)
[RANK1] F @ 30.942626953125 (ms) to 40.169921875 (ms), cudaEventElapsed = 9.200223922729492 (ms)
[RANK1] F @ 40.383544921875 (ms) to 49.53564453125 (ms), cudaEventElapsed = 9.124095916748047 (ms)
[RANK1] F @ 50.2431640625 (ms) to 59.428466796875 (ms), cudaEventElapsed = 9.157119750976562 (ms)
[RANK1] B @ 64.8525390625 (ms) to 74.91162109375 (ms), cudaEventElapsed = 10.029439926147461 (ms)
[RANK1] F @ 75.210205078125 (ms) to 84.5712890625 (ms), cudaEventElapsed = 9.331583976745605 (ms)
[RANK1] B @ 84.781494140625 (ms) to 94.80908203125 (ms), cudaEventElapsed = 9.999967575073242 (ms)
[RANK1] F @ 95.485107421875 (ms) to 105.181640625 (ms), cudaEventElapsed = 9.668255805969238 (ms)
[RANK1] B @ 105.927978515625 (ms) to 116.510009765625 (ms), cudaEventElapsed = 10.547616004943848 (ms)
[RANK1] F @ 116.736083984375 (ms) to 126.7626953125 (ms), cudaEventElapsed = 10.003040313720703 (ms)
[RANK1] B @ 127.00732421875 (ms) to 137.52294921875 (ms), cudaEventElapsed = 10.487168312072754 (ms)
[RANK1] W @ 137.7353515625 (ms) to 144.426025390625 (ms), cudaEventElapsed = 6.663871765136719 (ms)
[RANK1] F @ 144.53173828125 (ms) to 154.3134765625 (ms), cudaEventElapsed = 9.76159954071045 (ms)
[RANK1] B @ 154.818115234375 (ms) to 166.45947265625 (ms), cudaEventElapsed = 11.612383842468262 (ms)
[RANK1] B @ 167.188232421875 (ms) to 177.546875 (ms), cudaEventElapsed = 10.328991889953613 (ms)
[RANK1] W @ 177.709228515625 (ms) to 184.144775390625 (ms), cudaEventElapsed = 6.409279823303223 (ms)
[RANK1] F @ 184.31884765625 (ms) to 193.872314453125 (ms), cudaEventElapsed = 9.530943870544434 (ms)
[RANK1] B @ 194.381591796875 (ms) to 205.71240234375 (ms), cudaEventElapsed = 11.302816390991211 (ms)
[RANK1] B @ 206.416259765625 (ms) to 216.6005859375 (ms), cudaEventElapsed = 10.156031608581543 (ms)
[RANK1] W @ 216.689453125 (ms) to 223.0771484375 (ms), cudaEventElapsed = 6.37011194229126 (ms)
[RANK1] F @ 223.2392578125 (ms) to 232.720947265625 (ms), cudaEventElapsed = 9.460543632507324 (ms)
[RANK1] B @ 232.928466796875 (ms) to 243.060302734375 (ms), cudaEventElapsed = 10.1048002243042 (ms)
[RANK1] W @ 243.26611328125 (ms) to 250.076904296875 (ms), cudaEventElapsed = 6.360000133514404 (ms)
[RANK1] F @ 250.240478515625 (ms) to 259.9189453125 (ms), cudaEventElapsed = 9.656319618225098 (ms)
[RANK1] B @ 260.121337890625 (ms) to 270.46240234375 (ms), cudaEventElapsed = 10.315296173095703 (ms)
[RANK1] W @ 270.636474609375 (ms) to 277.131591796875 (ms), cudaEventElapsed = 6.466207981109619 (ms)
[RANK1] W @ 277.2314453125 (ms) to 283.83837890625 (ms), cudaEventElapsed = 6.58790397644043 (ms)
[RANK1] B @ 283.939697265625 (ms) to 294.355224609375 (ms), cudaEventElapsed = 10.396896362304688 (ms)
[RANK1] W @ 294.5400390625 (ms) to 301.026611328125 (ms), cudaEventElapsed = 6.459424018859863 (ms)
[RANK1] W @ 301.12548828125 (ms) to 307.733154296875 (ms), cudaEventElapsed = 6.588511943817139 (ms)
[RANK1] B @ 307.8330078125 (ms) to 318.30810546875 (ms), cudaEventElapsed = 10.45622444152832 (ms)
[RANK1] 4W @ 318.4736328125 (ms) to 344.711669921875 (ms), cudaEventElapsed = 26.21059226989746 (ms)
[RANK1] Iteration 7
[RANK1] F @ 10.866455078125 (ms) to 20.32861328125 (ms), cudaEventElapsed = 9.42915153503418 (ms)
[RANK1] F @ 20.580810546875 (ms) to 29.932861328125 (ms), cudaEventElapsed = 9.323648452758789 (ms)
[RANK1] F @ 30.18359375 (ms) to 39.3876953125 (ms), cudaEventElapsed = 9.17580795288086 (ms)
[RANK1] F @ 39.59814453125 (ms) to 48.747314453125 (ms), cudaEventElapsed = 9.12063980102539 (ms)
[RANK1] F @ 49.5107421875 (ms) to 58.6669921875 (ms), cudaEventElapsed = 9.12764835357666 (ms)
[RANK1] B @ 64.106201171875 (ms) to 74.166259765625 (ms), cudaEventElapsed = 10.03222370147705 (ms)
[RANK1] F @ 74.484375 (ms) to 83.7548828125 (ms), cudaEventElapsed = 9.23964786529541 (ms)
[RANK1] B @ 83.992431640625 (ms) to 93.999267578125 (ms), cudaEventElapsed = 9.976639747619629 (ms)
[RANK1] F @ 94.6845703125 (ms) to 103.9892578125 (ms), cudaEventElapsed = 9.274720191955566 (ms)
[RANK1] B @ 104.2001953125 (ms) to 114.219482421875 (ms), cudaEventElapsed = 9.99180793762207 (ms)
[RANK1] F @ 114.509033203125 (ms) to 123.841064453125 (ms), cudaEventElapsed = 9.302816390991211 (ms)
[RANK1] B @ 124.085693359375 (ms) to 134.13427734375 (ms), cudaEventElapsed = 10.020832061767578 (ms)
[RANK1] W @ 134.34912109375 (ms) to 140.912841796875 (ms), cudaEventElapsed = 6.537248134613037 (ms)
[RANK1] F @ 141.01904296875 (ms) to 150.406005859375 (ms), cudaEventElapsed = 9.367039680480957 (ms)
[RANK1] B @ 152.55712890625 (ms) to 164.00341796875 (ms), cudaEventElapsed = 11.41759967803955 (ms)
[RANK1] B @ 164.699951171875 (ms) to 174.9580078125 (ms), cudaEventElapsed = 10.227807998657227 (ms)
[RANK1] W @ 175.1328125 (ms) to 181.520751953125 (ms), cudaEventElapsed = 6.360447883605957 (ms)
[RANK1] F @ 181.694580078125 (ms) to 191.11083984375 (ms), cudaEventElapsed = 9.393888473510742 (ms)
[RANK1] B @ 191.658447265625 (ms) to 203.15771484375 (ms), cudaEventElapsed = 11.471808433532715 (ms)
[RANK1] B @ 203.81640625 (ms) to 214.02392578125 (ms), cudaEventElapsed = 10.178048133850098 (ms)
[RANK1] W @ 214.114013671875 (ms) to 220.503662109375 (ms), cudaEventElapsed = 6.3718719482421875 (ms)
[RANK1] F @ 220.658447265625 (ms) to 230.11962890625 (ms), cudaEventElapsed = 9.43990421295166 (ms)
[RANK1] B @ 230.322998046875 (ms) to 240.61279296875 (ms), cudaEventElapsed = 10.2608642578125 (ms)
[RANK1] W @ 240.81494140625 (ms) to 247.52197265625 (ms), cudaEventElapsed = 6.349599838256836 (ms)
[RANK1] F @ 247.688232421875 (ms) to 257.367431640625 (ms), cudaEventElapsed = 9.656031608581543 (ms)
[RANK1] B @ 257.5732421875 (ms) to 268.066162109375 (ms), cudaEventElapsed = 10.465248107910156 (ms)
[RANK1] W @ 268.220703125 (ms) to 274.675537109375 (ms), cudaEventElapsed = 6.429759979248047 (ms)
[RANK1] W @ 274.779296875 (ms) to 281.3818359375 (ms), cudaEventElapsed = 6.582208156585693 (ms)
[RANK1] B @ 283.2197265625 (ms) to 293.517578125 (ms), cudaEventElapsed = 10.276991844177246 (ms)
[RANK1] W @ 293.66455078125 (ms) to 300.130126953125 (ms), cudaEventElapsed = 6.4424638748168945 (ms)
[RANK1] W @ 300.229248046875 (ms) to 306.84375 (ms), cudaEventElapsed = 6.595359802246094 (ms)
[RANK1] B @ 306.945556640625 (ms) to 317.6435546875 (ms), cudaEventElapsed = 10.679072380065918 (ms)
[RANK1] 4W @ 317.80078125 (ms) to 344.298583984375 (ms), cudaEventElapsed = 26.473215103149414 (ms)
[RANK1] Iteration 8
[RANK1] F @ 162.67919921875 (ms) to 346.162841796875 (ms), cudaEventElapsed = 183.42662048339844 (ms)
[RANK1] F @ 346.6318359375 (ms) to 355.131103515625 (ms), cudaEventElapsed = 8.465536117553711 (ms)
[RANK1] F @ 355.441650390625 (ms) to 363.894287109375 (ms), cudaEventElapsed = 8.423583984375 (ms)
[RANK1] F @ 364.134765625 (ms) to 372.56396484375 (ms), cudaEventElapsed = 8.401087760925293 (ms)
[RANK1] F @ 504.278076171875 (ms) to 512.7001953125 (ms), cudaEventElapsed = 8.3951997756958 (ms)
[RANK1] F @ 512.976318359375 (ms) to 521.361572265625 (ms), cudaEventElapsed = 8.359711647033691 (ms)
[RANK1] F @ 521.621826171875 (ms) to 530.0693359375 (ms), cudaEventElapsed = 8.422719955444336 (ms)
[RANK1] F @ 664.469482421875 (ms) to 672.862060546875 (ms), cudaEventElapsed = 8.367199897766113 (ms)
[RANK1] F @ 674.52734375 (ms) to 682.958740234375 (ms), cudaEventElapsed = 8.406047821044922 (ms)
[RANK1] F @ 683.786865234375 (ms) to 692.162841796875 (ms), cudaEventElapsed = 8.350655555725098 (ms)
[RANK1] F @ 701.594482421875 (ms) to 709.9658203125 (ms), cudaEventElapsed = 8.34556770324707 (ms)
[RANK1] F @ 710.69677734375 (ms) to 719.097412109375 (ms), cudaEventElapsed = 8.376447677612305 (ms)
