[RANK1] Iteration 1
[RANK1] F @ 694.22998046875 (ms) to 936.23876953125 (ms), cudaEventElapsed = 241.9832305908203 (ms)
[RANK1] F @ 937.209716796875 (ms) to 949.056640625 (ms), cudaEventElapsed = 11.826784133911133 (ms)
[RANK1] F @ 950.050048828125 (ms) to 962.30419921875 (ms), cudaEventElapsed = 12.233440399169922 (ms)
[RANK1] F @ 963.194580078125 (ms) to 975.13134765625 (ms), cudaEventElapsed = 11.916352272033691 (ms)
[RANK1] F @ 976.007568359375 (ms) to 988.270751953125 (ms), cudaEventElapsed = 12.24345588684082 (ms)
[RANK1] B @ 2736.6396484375 (ms) to 2990.43798828125 (ms), cudaEventElapsed = 253.7749481201172 (ms)
[RANK1] F @ 2991.43603515625 (ms) to 3000.627685546875 (ms), cudaEventElapsed = 9.169631958007812 (ms)
[RANK1] B @ 3001.57666015625 (ms) to 3011.10693359375 (ms), cudaEventElapsed = 9.510592460632324 (ms)
[RANK1] F @ 3011.973876953125 (ms) to 3021.0419921875 (ms), cudaEventElapsed = 9.0447998046875 (ms)
[RANK1] B @ 3022.00439453125 (ms) to 3031.725830078125 (ms), cudaEventElapsed = 9.701279640197754 (ms)
[RANK1] F @ 3382.037109375 (ms) to 3391.280517578125 (ms), cudaEventElapsed = 9.22316837310791 (ms)
[RANK1] B @ 3392.195556640625 (ms) to 3401.7373046875 (ms), cudaEventElapsed = 9.522015571594238 (ms)
[RANK1] F @ 3403.76318359375 (ms) to 3412.754638671875 (ms), cudaEventElapsed = 8.972288131713867 (ms)
[RANK1] B @ 3413.644287109375 (ms) to 3424.271240234375 (ms), cudaEventElapsed = 10.604031562805176 (ms)
[RANK1] F @ 3425.116455078125 (ms) to 3434.617919921875 (ms), cudaEventElapsed = 9.48316764831543 (ms)
[RANK1] B @ 3448.96142578125 (ms) to 3458.73193359375 (ms), cudaEventElapsed = 9.750144004821777 (ms)
[RANK1] F @ 3481.79541015625 (ms) to 3490.803955078125 (ms), cudaEventElapsed = 8.988672256469727 (ms)
[RANK1] B @ 3491.83447265625 (ms) to 3502.697509765625 (ms), cudaEventElapsed = 10.842720031738281 (ms)
[RANK1] F @ 3509.162353515625 (ms) to 3518.21044921875 (ms), cudaEventElapsed = 9.028575897216797 (ms)
[RANK1] B @ 3519.056884765625 (ms) to 3532.764404296875 (ms), cudaEventElapsed = 13.688863754272461 (ms)
[RANK1] W @ 3533.34130859375 (ms) to 3539.807373046875 (ms), cudaEventElapsed = 6.447999954223633 (ms)
[RANK1] B @ 3540.331787109375 (ms) to 3549.690673828125 (ms), cudaEventElapsed = 9.340288162231445 (ms)
[RANK1] W @ 3550.279052734375 (ms) to 3556.46728515625 (ms), cudaEventElapsed = 6.166975975036621 (ms)
[RANK1] B @ 3557.072265625 (ms) to 3566.453369140625 (ms), cudaEventElapsed = 9.36137580871582 (ms)
[RANK1] W @ 3567.05517578125 (ms) to 3573.21875 (ms), cudaEventElapsed = 6.142975807189941 (ms)
[RANK1] B @ 3573.84375 (ms) to 3583.175048828125 (ms), cudaEventElapsed = 9.311615943908691 (ms)
[RANK1] W @ 3584.005126953125 (ms) to 3590.2080078125 (ms), cudaEventElapsed = 6.180768013000488 (ms)
[RANK1] B @ 3590.811279296875 (ms) to 3600.1181640625 (ms), cudaEventElapsed = 9.287551879882812 (ms)
[RANK1] 8W @ 3601.23779296875 (ms) to 3650.32861328125 (ms), cudaEventElapsed = 49.069950103759766 (ms)
[RANK1] Iteration 2
[RANK1] F @ 44.5224609375 (ms) to 54.056640625 (ms), cudaEventElapsed = 9.51244831085205 (ms)
[RANK1] F @ 55.016357421875 (ms) to 64.370849609375 (ms), cudaEventElapsed = 9.334464073181152 (ms)
[RANK1] F @ 65.263427734375 (ms) to 74.460205078125 (ms), cudaEventElapsed = 9.171551704406738 (ms)
[RANK1] F @ 75.591796875 (ms) to 84.696533203125 (ms), cudaEventElapsed = 9.083295822143555 (ms)
[RANK1] F @ 85.59033203125 (ms) to 94.669677734375 (ms), cudaEventElapsed = 9.059231758117676 (ms)
[RANK1] B @ 223.00927734375 (ms) to 233.142578125 (ms), cudaEventElapsed = 10.11235237121582 (ms)
[RANK1] F @ 233.93115234375 (ms) to 243.01806640625 (ms), cudaEventElapsed = 9.068479537963867 (ms)
[RANK1] B @ 244.44091796875 (ms) to 254.386962890625 (ms), cudaEventElapsed = 9.923135757446289 (ms)
[RANK1] F @ 255.263916015625 (ms) to 264.314697265625 (ms), cudaEventElapsed = 9.030464172363281 (ms)
[RANK1] B @ 265.460205078125 (ms) to 275.394775390625 (ms), cudaEventElapsed = 9.914239883422852 (ms)
[RANK1] F @ 287.165771484375 (ms) to 296.45703125 (ms), cudaEventElapsed = 9.270976066589355 (ms)
[RANK1] B @ 337.580810546875 (ms) to 347.570068359375 (ms), cudaEventElapsed = 9.9683837890625 (ms)
[RANK1] F @ 348.460693359375 (ms) to 357.526611328125 (ms), cudaEventElapsed = 9.04742431640625 (ms)
[RANK1] B @ 380.302978515625 (ms) to 390.24072265625 (ms), cudaEventElapsed = 9.914527893066406 (ms)
[RANK1] F @ 391.0927734375 (ms) to 400.1484375 (ms), cudaEventElapsed = 9.036031723022461 (ms)
[RANK1] B @ 425.495361328125 (ms) to 435.433349609375 (ms), cudaEventElapsed = 9.915936470031738 (ms)
[RANK1] F @ 436.57666015625 (ms) to 445.637451171875 (ms), cudaEventElapsed = 9.039327621459961 (ms)
[RANK1] B @ 469.338623046875 (ms) to 479.200439453125 (ms), cudaEventElapsed = 9.841983795166016 (ms)
[RANK1] F @ 480.096923828125 (ms) to 489.134033203125 (ms), cudaEventElapsed = 9.017888069152832 (ms)
[RANK1] B @ 500.49267578125 (ms) to 510.328125 (ms), cudaEventElapsed = 9.81481647491455 (ms)
[RANK1] W @ 510.93212890625 (ms) to 517.270751953125 (ms), cudaEventElapsed = 6.31987190246582 (ms)
[RANK1] B @ 539.31005859375 (ms) to 549.204345703125 (ms), cudaEventElapsed = 9.874527931213379 (ms)
[RANK1] W @ 549.8310546875 (ms) to 556.201416015625 (ms), cudaEventElapsed = 6.352096080780029 (ms)
[RANK1] B @ 588.728759765625 (ms) to 598.767333984375 (ms), cudaEventElapsed = 10.01750373840332 (ms)
[RANK1] W @ 599.400634765625 (ms) to 605.7646484375 (ms), cudaEventElapsed = 6.346528053283691 (ms)
[RANK1] B @ 622.795654296875 (ms) to 632.68212890625 (ms), cudaEventElapsed = 9.866592407226562 (ms)
[RANK1] W @ 633.306396484375 (ms) to 639.663818359375 (ms), cudaEventElapsed = 6.339360237121582 (ms)
[RANK1] B @ 672.2421875 (ms) to 682.109130859375 (ms), cudaEventElapsed = 9.847647666931152 (ms)
[RANK1] 8W @ 683.74853515625 (ms) to 734.382080078125 (ms), cudaEventElapsed = 50.61328125 (ms)
[RANK1] Iteration 3
[RANK1] F @ 35.695556640625 (ms) to 45.09375 (ms), cudaEventElapsed = 9.375359535217285 (ms)
[RANK1] F @ 46.002685546875 (ms) to 55.08154296875 (ms), cudaEventElapsed = 9.05942440032959 (ms)
[RANK1] F @ 56.13037109375 (ms) to 65.40234375 (ms), cudaEventElapsed = 9.253631591796875 (ms)
[RANK1] F @ 77.742919921875 (ms) to 86.825927734375 (ms), cudaEventElapsed = 9.058688163757324 (ms)
[RANK1] F @ 87.73046875 (ms) to 96.80126953125 (ms), cudaEventElapsed = 9.047103881835938 (ms)
[RANK1] B @ 200.18994140625 (ms) to 210.250732421875 (ms), cudaEventElapsed = 10.041184425354004 (ms)
[RANK1] F @ 211.047607421875 (ms) to 220.0693359375 (ms), cudaEventElapsed = 9.002431869506836 (ms)
[RANK1] B @ 241.6904296875 (ms) to 251.7001953125 (ms), cudaEventElapsed = 9.988927841186523 (ms)
[RANK1] F @ 252.580810546875 (ms) to 261.682861328125 (ms), cudaEventElapsed = 9.082559585571289 (ms)
[RANK1] B @ 262.74365234375 (ms) to 272.686279296875 (ms), cudaEventElapsed = 9.921055793762207 (ms)
[RANK1] F @ 291.632080078125 (ms) to 300.87109375 (ms), cudaEventElapsed = 9.21987247467041 (ms)
[RANK1] B @ 305.338623046875 (ms) to 315.299072265625 (ms), cudaEventElapsed = 9.939807891845703 (ms)
[RANK1] F @ 333.23779296875 (ms) to 342.268310546875 (ms), cudaEventElapsed = 9.010944366455078 (ms)
[RANK1] B @ 344.420654296875 (ms) to 354.349853515625 (ms), cudaEventElapsed = 9.90835189819336 (ms)
[RANK1] F @ 355.21875 (ms) to 364.259521484375 (ms), cudaEventElapsed = 9.01699161529541 (ms)
[RANK1] B @ 407.9248046875 (ms) to 417.749267578125 (ms), cudaEventElapsed = 9.802592277526855 (ms)
[RANK1] F @ 418.64111328125 (ms) to 428.002197265625 (ms), cudaEventElapsed = 9.34115219116211 (ms)
[RANK1] B @ 428.9365234375 (ms) to 438.762939453125 (ms), cudaEventElapsed = 9.802399635314941 (ms)
[RANK1] F @ 439.685791015625 (ms) to 448.763427734375 (ms), cudaEventElapsed = 9.056672096252441 (ms)
[RANK1] B @ 486.6796875 (ms) to 496.603759765625 (ms), cudaEventElapsed = 9.90390396118164 (ms)
[RANK1] W @ 497.20703125 (ms) to 503.5654296875 (ms), cudaEventElapsed = 6.340799808502197 (ms)
[RANK1] B @ 537.562744140625 (ms) to 547.47412109375 (ms), cudaEventElapsed = 9.891519546508789 (ms)
[RANK1] W @ 548.15771484375 (ms) to 554.510498046875 (ms), cudaEventElapsed = 6.333856105804443 (ms)
[RANK1] B @ 558.499267578125 (ms) to 568.311279296875 (ms), cudaEventElapsed = 9.79308795928955 (ms)
[RANK1] W @ 568.970947265625 (ms) to 575.356689453125 (ms), cudaEventElapsed = 6.367040157318115 (ms)
[RANK1] B @ 577.791015625 (ms) to 587.65478515625 (ms), cudaEventElapsed = 9.844351768493652 (ms)
[RANK1] W @ 588.274169921875 (ms) to 594.642333984375 (ms), cudaEventElapsed = 6.3506879806518555 (ms)
[RANK1] B @ 645.612548828125 (ms) to 655.5 (ms), cudaEventElapsed = 9.86780834197998 (ms)
[RANK1] 8W @ 657.215576171875 (ms) to 707.560302734375 (ms), cudaEventElapsed = 50.32444763183594 (ms)
[RANK1] Iteration 4
[RANK1] F @ 24.064208984375 (ms) to 33.60888671875 (ms), cudaEventElapsed = 9.522784233093262 (ms)
[RANK1] F @ 34.509521484375 (ms) to 43.677734375 (ms), cudaEventElapsed = 9.147968292236328 (ms)
[RANK1] F @ 44.623291015625 (ms) to 54.08251953125 (ms), cudaEventElapsed = 9.43769645690918 (ms)
[RANK1] F @ 55.17138671875 (ms) to 64.25 (ms), cudaEventElapsed = 9.057024002075195 (ms)
[RANK1] F @ 65.36083984375 (ms) to 75.43017578125 (ms), cudaEventElapsed = 10.043359756469727 (ms)
[RANK1] B @ 195.54833984375 (ms) to 205.724853515625 (ms), cudaEventElapsed = 10.150688171386719 (ms)
[RANK1] F @ 206.74609375 (ms) to 215.999267578125 (ms), cudaEventElapsed = 9.232159614562988 (ms)
[RANK1] B @ 217.006103515625 (ms) to 226.9462890625 (ms), cudaEventElapsed = 9.919584274291992 (ms)
[RANK1] F @ 227.898193359375 (ms) to 237.03515625 (ms), cudaEventElapsed = 9.115391731262207 (ms)
[RANK1] B @ 238.06591796875 (ms) to 247.99755859375 (ms), cudaEventElapsed = 9.909024238586426 (ms)
[RANK1] F @ 286.197998046875 (ms) to 295.942626953125 (ms), cudaEventElapsed = 9.720576286315918 (ms)
[RANK1] B @ 297.00927734375 (ms) to 307.039306640625 (ms), cudaEventElapsed = 10.007328033447266 (ms)
[RANK1] F @ 324.955078125 (ms) to 334.109619140625 (ms), cudaEventElapsed = 9.132512092590332 (ms)
[RANK1] B @ 335.153076171875 (ms) to 345.02978515625 (ms), cudaEventElapsed = 9.85478401184082 (ms)
[RANK1] F @ 345.982666015625 (ms) to 355.11083984375 (ms), cudaEventElapsed = 9.106368064880371 (ms)
[RANK1] B @ 385.890625 (ms) to 395.7607421875 (ms), cudaEventElapsed = 9.843328475952148 (ms)
[RANK1] F @ 423.614990234375 (ms) to 433.20458984375 (ms), cudaEventElapsed = 9.564959526062012 (ms)
[RANK1] B @ 434.17138671875 (ms) to 444.128662109375 (ms), cudaEventElapsed = 9.935327529907227 (ms)
[RANK1] F @ 462.003173828125 (ms) to 471.0595703125 (ms), cudaEventElapsed = 9.036479949951172 (ms)
[RANK1] B @ 510.193115234375 (ms) to 520.0830078125 (ms), cudaEventElapsed = 9.869919776916504 (ms)
[RANK1] W @ 520.66845703125 (ms) to 527.011474609375 (ms), cudaEventElapsed = 6.324960231781006 (ms)
[RANK1] B @ 547.90185546875 (ms) to 557.70068359375 (ms), cudaEventElapsed = 9.778047561645508 (ms)
[RANK1] W @ 558.314697265625 (ms) to 564.65673828125 (ms), cudaEventElapsed = 6.324448108673096 (ms)
[RANK1] B @ 576.317626953125 (ms) to 586.1982421875 (ms), cudaEventElapsed = 9.86246395111084 (ms)
[RANK1] W @ 586.834716796875 (ms) to 593.207275390625 (ms), cudaEventElapsed = 6.355584144592285 (ms)
[RANK1] B @ 688.473388671875 (ms) to 698.3046875 (ms), cudaEventElapsed = 9.811712265014648 (ms)
[RANK1] W @ 698.94873046875 (ms) to 705.3056640625 (ms), cudaEventElapsed = 6.338943958282471 (ms)
[RANK1] B @ 726.247802734375 (ms) to 736.0439453125 (ms), cudaEventElapsed = 9.776479721069336 (ms)
[RANK1] 8W @ 737.758056640625 (ms) to 788.150634765625 (ms), cudaEventElapsed = 50.37276840209961 (ms)
[RANK1] Iteration 5
[RANK1] F @ 49.892333984375 (ms) to 59.1494140625 (ms), cudaEventElapsed = 9.234911918640137 (ms)
[RANK1] F @ 60.048583984375 (ms) to 69.10400390625 (ms), cudaEventElapsed = 9.035776138305664 (ms)
[RANK1] F @ 69.985107421875 (ms) to 79.315185546875 (ms), cudaEventElapsed = 9.306048393249512 (ms)
[RANK1] F @ 80.21923828125 (ms) to 89.301513671875 (ms), cudaEventElapsed = 9.062399864196777 (ms)
[RANK1] F @ 90.17333984375 (ms) to 99.21826171875 (ms), cudaEventElapsed = 9.02569580078125 (ms)
[RANK1] B @ 258.2705078125 (ms) to 268.251953125 (ms), cudaEventElapsed = 9.962080001831055 (ms)
[RANK1] F @ 269.126220703125 (ms) to 278.184814453125 (ms), cudaEventElapsed = 9.039199829101562 (ms)
[RANK1] B @ 285.552001953125 (ms) to 295.441162109375 (ms), cudaEventElapsed = 9.869312286376953 (ms)
[RANK1] F @ 296.295654296875 (ms) to 305.33056640625 (ms), cudaEventElapsed = 9.016448020935059 (ms)
[RANK1] B @ 306.247314453125 (ms) to 316.013427734375 (ms), cudaEventElapsed = 9.747232437133789 (ms)
[RANK1] F @ 404.219482421875 (ms) to 413.657958984375 (ms), cudaEventElapsed = 9.418815612792969 (ms)
[RANK1] B @ 414.55078125 (ms) to 424.601318359375 (ms), cudaEventElapsed = 10.031359672546387 (ms)
[RANK1] F @ 425.469482421875 (ms) to 434.52978515625 (ms), cudaEventElapsed = 9.04089641571045 (ms)
[RANK1] B @ 435.414794921875 (ms) to 445.18994140625 (ms), cudaEventElapsed = 9.755359649658203 (ms)
[RANK1] F @ 446.06103515625 (ms) to 455.149169921875 (ms), cudaEventElapsed = 9.06924819946289 (ms)
[RANK1] B @ 517.817626953125 (ms) to 527.827880859375 (ms), cudaEventElapsed = 9.989983558654785 (ms)
[RANK1] F @ 533.1923828125 (ms) to 542.529052734375 (ms), cudaEventElapsed = 9.318559646606445 (ms)
[RANK1] B @ 543.37158203125 (ms) to 553.22021484375 (ms), cudaEventElapsed = 9.83027172088623 (ms)
[RANK1] F @ 554.08935546875 (ms) to 563.128173828125 (ms), cudaEventElapsed = 9.020735740661621 (ms)
[RANK1] B @ 597.454345703125 (ms) to 607.33837890625 (ms), cudaEventElapsed = 9.864768028259277 (ms)
[RANK1] W @ 607.924072265625 (ms) to 614.272705078125 (ms), cudaEventElapsed = 6.330560207366943 (ms)
[RANK1] B @ 646.906982421875 (ms) to 656.6923828125 (ms), cudaEventElapsed = 9.766912460327148 (ms)
[RANK1] W @ 657.249267578125 (ms) to 663.608642578125 (ms), cudaEventElapsed = 6.342368125915527 (ms)
[RANK1] B @ 672.70361328125 (ms) to 682.53564453125 (ms), cudaEventElapsed = 9.813535690307617 (ms)
[RANK1] W @ 683.100341796875 (ms) to 689.461669921875 (ms), cudaEventElapsed = 6.343999862670898 (ms)
[RANK1] B @ 750.947998046875 (ms) to 760.7373046875 (ms), cudaEventElapsed = 9.771103858947754 (ms)
[RANK1] W @ 761.347900390625 (ms) to 767.703125 (ms), cudaEventElapsed = 6.337920188903809 (ms)
[RANK1] B @ 777.466064453125 (ms) to 787.231689453125 (ms), cudaEventElapsed = 9.747039794921875 (ms)
[RANK1] 8W @ 788.824951171875 (ms) to 840.275634765625 (ms), cudaEventElapsed = 51.43084716796875 (ms)
[RANK1] Iteration 6
[RANK1] F @ 49.638427734375 (ms) to 59.171630859375 (ms), cudaEventElapsed = 9.506208419799805 (ms)
[RANK1] F @ 60.42724609375 (ms) to 69.651123046875 (ms), cudaEventElapsed = 9.200384140014648 (ms)
[RANK1] F @ 70.588134765625 (ms) to 79.91748046875 (ms), cudaEventElapsed = 9.310079574584961 (ms)
[RANK1] F @ 80.79248046875 (ms) to 89.83837890625 (ms), cudaEventElapsed = 9.027680397033691 (ms)
[RANK1] F @ 90.702880859375 (ms) to 99.8310546875 (ms), cudaEventElapsed = 9.108927726745605 (ms)
[RANK1] B @ 216.79345703125 (ms) to 226.788818359375 (ms), cudaEventElapsed = 9.973152160644531 (ms)
[RANK1] F @ 227.7138671875 (ms) to 236.900146484375 (ms), cudaEventElapsed = 9.165535926818848 (ms)
[RANK1] B @ 238.056396484375 (ms) to 247.951416015625 (ms), cudaEventElapsed = 9.872223854064941 (ms)
[RANK1] F @ 248.909423828125 (ms) to 258.171142578125 (ms), cudaEventElapsed = 9.238495826721191 (ms)
[RANK1] B @ 259.5546875 (ms) to 269.452392578125 (ms), cudaEventElapsed = 9.874560356140137 (ms)
[RANK1] F @ 332.899169921875 (ms) to 342.470458984375 (ms), cudaEventElapsed = 9.548095703125 (ms)
[RANK1] B @ 343.4501953125 (ms) to 353.34619140625 (ms), cudaEventElapsed = 9.87609577178955 (ms)
[RANK1] F @ 354.215087890625 (ms) to 363.25048828125 (ms), cudaEventElapsed = 9.017151832580566 (ms)
[RANK1] B @ 364.1650390625 (ms) to 373.9384765625 (ms), cudaEventElapsed = 9.754528045654297 (ms)
[RANK1] F @ 374.80224609375 (ms) to 383.8427734375 (ms), cudaEventElapsed = 9.019007682800293 (ms)
[RANK1] B @ 443.390625 (ms) to 453.196044921875 (ms), cudaEventElapsed = 9.785696029663086 (ms)
[RANK1] F @ 454.073974609375 (ms) to 463.41162109375 (ms), cudaEventElapsed = 9.318943977355957 (ms)
[RANK1] B @ 464.26025390625 (ms) to 474.10302734375 (ms), cudaEventElapsed = 9.82374382019043 (ms)
[RANK1] F @ 475.00390625 (ms) to 484.053466796875 (ms), cudaEventElapsed = 9.031455993652344 (ms)
[RANK1] B @ 524.75390625 (ms) to 534.594482421875 (ms), cudaEventElapsed = 9.821760177612305 (ms)
[RANK1] W @ 535.168701171875 (ms) to 541.50537109375 (ms), cudaEventElapsed = 6.319295883178711 (ms)
[RANK1] B @ 554.035888671875 (ms) to 563.783935546875 (ms), cudaEventElapsed = 9.73033618927002 (ms)
[RANK1] W @ 564.361083984375 (ms) to 570.732666015625 (ms), cudaEventElapsed = 6.354527950286865 (ms)
[RANK1] B @ 575.06396484375 (ms) to 584.949462890625 (ms), cudaEventElapsed = 9.866880416870117 (ms)
[RANK1] W @ 585.600341796875 (ms) to 591.960693359375 (ms), cudaEventElapsed = 6.343135833740234 (ms)
[RANK1] B @ 646.989013671875 (ms) to 656.80126953125 (ms), cudaEventElapsed = 9.794848442077637 (ms)
[RANK1] W @ 657.4287109375 (ms) to 663.78662109375 (ms), cudaEventElapsed = 6.340415954589844 (ms)
[RANK1] B @ 664.301513671875 (ms) to 674.117431640625 (ms), cudaEventElapsed = 9.798527717590332 (ms)
[RANK1] 8W @ 675.72802734375 (ms) to 726.85986328125 (ms), cudaEventElapsed = 51.113502502441406 (ms)
[RANK1] Iteration 7
[RANK1] F @ 44.7138671875 (ms) to 54.16650390625 (ms), cudaEventElapsed = 9.428031921386719 (ms)
[RANK1] F @ 55.416259765625 (ms) to 64.636474609375 (ms), cudaEventElapsed = 9.197407722473145 (ms)
[RANK1] F @ 65.592529296875 (ms) to 74.8916015625 (ms), cudaEventElapsed = 9.28006362915039 (ms)
[RANK1] F @ 75.72802734375 (ms) to 84.8427734375 (ms), cudaEventElapsed = 9.09609603881836 (ms)
[RANK1] F @ 85.768310546875 (ms) to 94.861572265625 (ms), cudaEventElapsed = 9.073504447937012 (ms)
[RANK1] B @ 245.091064453125 (ms) to 255.12109375 (ms), cudaEventElapsed = 10.005696296691895 (ms)
[RANK1] F @ 256.078369140625 (ms) to 265.317626953125 (ms), cudaEventElapsed = 9.217280387878418 (ms)
[RANK1] B @ 266.47607421875 (ms) to 276.306640625 (ms), cudaEventElapsed = 9.8088960647583 (ms)
[RANK1] F @ 277.231201171875 (ms) to 286.408935546875 (ms), cudaEventElapsed = 9.155488014221191 (ms)
[RANK1] B @ 287.763671875 (ms) to 297.585205078125 (ms), cudaEventElapsed = 9.799200057983398 (ms)
[RANK1] F @ 329.157958984375 (ms) to 338.8662109375 (ms), cudaEventElapsed = 9.685088157653809 (ms)
[RANK1] B @ 343.10498046875 (ms) to 353.092041015625 (ms), cudaEventElapsed = 9.966719627380371 (ms)
[RANK1] F @ 356.552978515625 (ms) to 365.983642578125 (ms), cudaEventElapsed = 9.410367965698242 (ms)
[RANK1] B @ 367.07958984375 (ms) to 376.974365234375 (ms), cudaEventElapsed = 9.875264167785645 (ms)
[RANK1] F @ 377.880126953125 (ms) to 387.005126953125 (ms), cudaEventElapsed = 9.105759620666504 (ms)
[RANK1] B @ 427.8828125 (ms) to 437.856201171875 (ms), cudaEventElapsed = 9.953951835632324 (ms)
[RANK1] F @ 441.71435546875 (ms) to 451.09326171875 (ms), cudaEventElapsed = 9.360575675964355 (ms)
[RANK1] B @ 470.972900390625 (ms) to 480.781494140625 (ms), cudaEventElapsed = 9.789695739746094 (ms)
[RANK1] F @ 481.6513671875 (ms) to 490.6796875 (ms), cudaEventElapsed = 9.010368347167969 (ms)
[RANK1] B @ 511.5224609375 (ms) to 521.330322265625 (ms), cudaEventElapsed = 9.788640022277832 (ms)
[RANK1] W @ 521.927978515625 (ms) to 528.271728515625 (ms), cudaEventElapsed = 6.327199935913086 (ms)
[RANK1] B @ 539.523681640625 (ms) to 549.37060546875 (ms), cudaEventElapsed = 9.828543663024902 (ms)
[RANK1] W @ 549.971923828125 (ms) to 556.336669921875 (ms), cudaEventElapsed = 6.34716796875 (ms)
[RANK1] B @ 580.154541015625 (ms) to 590.01953125 (ms), cudaEventElapsed = 9.848031997680664 (ms)
[RANK1] W @ 590.6552734375 (ms) to 597.0068359375 (ms), cudaEventElapsed = 6.334144115447998 (ms)
[RANK1] B @ 623.781982421875 (ms) to 633.570556640625 (ms), cudaEventElapsed = 9.769311904907227 (ms)
[RANK1] W @ 634.222900390625 (ms) to 640.5986328125 (ms), cudaEventElapsed = 6.358272075653076 (ms)
[RANK1] B @ 681.837158203125 (ms) to 691.6064453125 (ms), cudaEventElapsed = 9.751263618469238 (ms)
[RANK1] 8W @ 693.3544921875 (ms) to 744.5537109375 (ms), cudaEventElapsed = 51.18022537231445 (ms)
[RANK1] Iteration 8
[RANK1] F @ 43.660400390625 (ms) to 53.113037109375 (ms), cudaEventElapsed = 9.426752090454102 (ms)
[RANK1] F @ 54.18310546875 (ms) to 63.362060546875 (ms), cudaEventElapsed = 9.155263900756836 (ms)
[RANK1] F @ 64.512451171875 (ms) to 73.83740234375 (ms), cudaEventElapsed = 9.304991722106934 (ms)
[RANK1] F @ 74.67431640625 (ms) to 83.70751953125 (ms), cudaEventElapsed = 9.015263557434082 (ms)
[RANK1] F @ 84.56640625 (ms) to 93.610107421875 (ms), cudaEventElapsed = 9.02460765838623 (ms)
[RANK1] B @ 244.7802734375 (ms) to 254.812255859375 (ms), cudaEventElapsed = 10.007040023803711 (ms)
[RANK1] F @ 255.82666015625 (ms) to 265.181884765625 (ms), cudaEventElapsed = 9.332159996032715 (ms)
[RANK1] B @ 294.8701171875 (ms) to 304.752197265625 (ms), cudaEventElapsed = 9.858495712280273 (ms)
[RANK1] F @ 305.73876953125 (ms) to 315.06396484375 (ms), cudaEventElapsed = 9.301312446594238 (ms)
[RANK1] B @ 316.510009765625 (ms) to 326.455078125 (ms), cudaEventElapsed = 9.921152114868164 (ms)
[RANK1] F @ 355.483154296875 (ms) to 365.173828125 (ms), cudaEventElapsed = 9.665887832641602 (ms)
[RANK1] B @ 366.2392578125 (ms) to 376.154541015625 (ms), cudaEventElapsed = 9.894847869873047 (ms)
[RANK1] F @ 403.896484375 (ms) to 412.965087890625 (ms), cudaEventElapsed = 9.047648429870605 (ms)
[RANK1] B @ 413.89404296875 (ms) to 423.80517578125 (ms), cudaEventElapsed = 9.892640113830566 (ms)
[RANK1] F @ 434.4521484375 (ms) to 443.52197265625 (ms), cudaEventElapsed = 9.048895835876465 (ms)
[RANK1] B @ 471.4482421875 (ms) to 481.218505859375 (ms), cudaEventElapsed = 9.7510404586792 (ms)
[RANK1] F @ 484.7265625 (ms) to 494.09228515625 (ms), cudaEventElapsed = 9.346912384033203 (ms)
[RANK1] B @ 498.24267578125 (ms) to 508.06787109375 (ms), cudaEventElapsed = 9.805567741394043 (ms)
[RANK1] F @ 531.419677734375 (ms) to 540.49609375 (ms), cudaEventElapsed = 9.056096076965332 (ms)
[RANK1] B @ 550.010009765625 (ms) to 559.96337890625 (ms), cudaEventElapsed = 9.933952331542969 (ms)
[RANK1] W @ 560.58056640625 (ms) to 566.932373046875 (ms), cudaEventElapsed = 6.334112167358398 (ms)
[RANK1] B @ 585.0693359375 (ms) to 595.064453125 (ms), cudaEventElapsed = 9.976544380187988 (ms)
[RANK1] W @ 595.69970703125 (ms) to 602.06494140625 (ms), cudaEventElapsed = 6.348351955413818 (ms)
[RANK1] B @ 621.858154296875 (ms) to 631.80908203125 (ms), cudaEventElapsed = 9.9334716796875 (ms)
[RANK1] W @ 632.413818359375 (ms) to 638.776123046875 (ms), cudaEventElapsed = 6.346848011016846 (ms)
[RANK1] B @ 639.389892578125 (ms) to 649.28515625 (ms), cudaEventElapsed = 9.877535820007324 (ms)
[RANK1] W @ 649.926513671875 (ms) to 656.286376953125 (ms), cudaEventElapsed = 6.342144012451172 (ms)
[RANK1] B @ 684.150146484375 (ms) to 694.067138671875 (ms), cudaEventElapsed = 9.898752212524414 (ms)
[RANK1] 8W @ 695.765625 (ms) to 746.643798828125 (ms), cudaEventElapsed = 50.859039306640625 (ms)
