[RANK2] Iteration 1
[RANK2] F @ 972.35986328125 (ms) to 1201.998046875 (ms), cudaEventElapsed = 229.614013671875 (ms)
[RANK2] F @ 1202.991455078125 (ms) to 1216.847412109375 (ms), cudaEventElapsed = 13.835519790649414 (ms)
[RANK2] F @ 1217.8935546875 (ms) to 1238.09619140625 (ms), cudaEventElapsed = 20.181760787963867 (ms)
[RANK2] B @ 2421.6298828125 (ms) to 2701.997314453125 (ms), cudaEventElapsed = 280.3475341796875 (ms)
[RANK2] F @ 2702.944580078125 (ms) to 2711.96826171875 (ms), cudaEventElapsed = 9.0032958984375 (ms)
[RANK2] B @ 2712.99951171875 (ms) to 2722.629150390625 (ms), cudaEventElapsed = 9.606783866882324 (ms)
[RANK2] F @ 2723.578369140625 (ms) to 2732.553466796875 (ms), cudaEventElapsed = 8.954272270202637 (ms)
[RANK2] B @ 2733.565185546875 (ms) to 2743.96142578125 (ms), cudaEventElapsed = 10.374815940856934 (ms)
[RANK2] F @ 3049.710205078125 (ms) to 3058.76806640625 (ms), cudaEventElapsed = 9.03433609008789 (ms)
[RANK2] B @ 3059.783203125 (ms) to 3069.377197265625 (ms), cudaEventElapsed = 9.574463844299316 (ms)
[RANK2] F @ 3070.28955078125 (ms) to 3079.250732421875 (ms), cudaEventElapsed = 8.94041633605957 (ms)
[RANK2] B @ 3080.24365234375 (ms) to 3089.743408203125 (ms), cudaEventElapsed = 9.478528022766113 (ms)
[RANK2] F @ 3395.707275390625 (ms) to 3404.70849609375 (ms), cudaEventElapsed = 8.979071617126465 (ms)
[RANK2] B @ 3405.740478515625 (ms) to 3415.387939453125 (ms), cudaEventElapsed = 9.625280380249023 (ms)
[RANK2] F @ 3418.200927734375 (ms) to 3427.7626953125 (ms), cudaEventElapsed = 9.540351867675781 (ms)
[RANK2] B @ 3428.87744140625 (ms) to 3438.530517578125 (ms), cudaEventElapsed = 9.628191947937012 (ms)
[RANK2] F @ 3439.64990234375 (ms) to 3448.827880859375 (ms), cudaEventElapsed = 9.151455879211426 (ms)
[RANK2] B @ 3449.995361328125 (ms) to 3459.802734375 (ms), cudaEventElapsed = 9.787103652954102 (ms)
[RANK2] F @ 3496.335205078125 (ms) to 3505.3017578125 (ms), cudaEventElapsed = 8.946432113647461 (ms)
[RANK2] B @ 3506.202880859375 (ms) to 3515.626708984375 (ms), cudaEventElapsed = 9.399423599243164 (ms)
[RANK2] F @ 3521.57373046875 (ms) to 3530.513427734375 (ms), cudaEventElapsed = 8.91919994354248 (ms)
[RANK2] B @ 3531.39013671875 (ms) to 3540.75927734375 (ms), cudaEventElapsed = 9.348416328430176 (ms)
[RANK2] W @ 3541.537353515625 (ms) to 3548.014892578125 (ms), cudaEventElapsed = 6.456255912780762 (ms)
[RANK2] B @ 3548.57177734375 (ms) to 3557.975830078125 (ms), cudaEventElapsed = 9.383999824523926 (ms)
[RANK2] W @ 3558.610107421875 (ms) to 3564.830810546875 (ms), cudaEventElapsed = 6.198751926422119 (ms)
[RANK2] B @ 3565.62890625 (ms) to 3574.94189453125 (ms), cudaEventElapsed = 9.29155158996582 (ms)
[RANK2] 10W @ 3576.537109375 (ms) to 3637.78369140625 (ms), cudaEventElapsed = 61.22691345214844 (ms)
[RANK2] Iteration 2
[RANK2] F @ 74.918212890625 (ms) to 83.955810546875 (ms), cudaEventElapsed = 9.01734447479248 (ms)
[RANK2] F @ 85.1123046875 (ms) to 94.11865234375 (ms), cudaEventElapsed = 8.98588752746582 (ms)
[RANK2] F @ 95.88720703125 (ms) to 105.15234375 (ms), cudaEventElapsed = 9.243488311767578 (ms)
[RANK2] B @ 185.712890625 (ms) to 195.60498046875 (ms), cudaEventElapsed = 9.869536399841309 (ms)
[RANK2] F @ 196.539306640625 (ms) to 205.5146484375 (ms), cudaEventElapsed = 8.954400062561035 (ms)
[RANK2] B @ 206.689453125 (ms) to 216.41455078125 (ms), cudaEventElapsed = 9.703776359558105 (ms)
[RANK2] F @ 217.328857421875 (ms) to 226.297119140625 (ms), cudaEventElapsed = 8.947199821472168 (ms)
[RANK2] B @ 227.33203125 (ms) to 237.067626953125 (ms), cudaEventElapsed = 9.714240074157715 (ms)
[RANK2] F @ 265.685546875 (ms) to 274.830322265625 (ms), cudaEventElapsed = 9.120512008666992 (ms)
[RANK2] B @ 299.64013671875 (ms) to 309.502197265625 (ms), cudaEventElapsed = 9.839200019836426 (ms)
[RANK2] F @ 310.421630859375 (ms) to 319.43505859375 (ms), cudaEventElapsed = 8.99289608001709 (ms)
[RANK2] B @ 320.46923828125 (ms) to 330.308837890625 (ms), cudaEventElapsed = 9.818400382995605 (ms)
[RANK2] F @ 331.214599609375 (ms) to 340.252197265625 (ms), cudaEventElapsed = 9.017824172973633 (ms)
[RANK2] B @ 365.741943359375 (ms) to 375.56298828125 (ms), cudaEventElapsed = 9.798399925231934 (ms)
[RANK2] F @ 400.172119140625 (ms) to 409.23681640625 (ms), cudaEventElapsed = 9.037343978881836 (ms)
[RANK2] B @ 410.279052734375 (ms) to 420.02001953125 (ms), cudaEventElapsed = 9.711520195007324 (ms)
[RANK2] F @ 442.596435546875 (ms) to 451.576904296875 (ms), cudaEventElapsed = 8.955488204956055 (ms)
[RANK2] B @ 452.594482421875 (ms) to 462.41650390625 (ms), cudaEventElapsed = 9.800415992736816 (ms)
[RANK2] F @ 477.162109375 (ms) to 486.150390625 (ms), cudaEventElapsed = 8.96678352355957 (ms)
[RANK2] B @ 492.115478515625 (ms) to 501.869873046875 (ms), cudaEventElapsed = 9.733152389526367 (ms)
[RANK2] F @ 519.95751953125 (ms) to 528.98388671875 (ms), cudaEventElapsed = 9.004256248474121 (ms)
[RANK2] B @ 529.94873046875 (ms) to 539.8095703125 (ms), cudaEventElapsed = 9.839455604553223 (ms)
[RANK2] W @ 540.44287109375 (ms) to 546.774169921875 (ms), cudaEventElapsed = 6.311359882354736 (ms)
[RANK2] B @ 564.3310546875 (ms) to 574.101318359375 (ms), cudaEventElapsed = 9.749055862426758 (ms)
[RANK2] W @ 574.782470703125 (ms) to 581.09130859375 (ms), cudaEventElapsed = 6.289984226226807 (ms)
[RANK2] B @ 613.884033203125 (ms) to 623.619140625 (ms), cudaEventElapsed = 9.715167999267578 (ms)
[RANK2] 10W @ 625.533203125 (ms) to 689.630126953125 (ms), cudaEventElapsed = 64.07606506347656 (ms)
[RANK2] Iteration 3
[RANK2] F @ 63.38525390625 (ms) to 72.788818359375 (ms), cudaEventElapsed = 9.374176025390625 (ms)
[RANK2] F @ 74.011962890625 (ms) to 83.2451171875 (ms), cudaEventElapsed = 9.207391738891602 (ms)
[RANK2] F @ 84.40478515625 (ms) to 94.062744140625 (ms), cudaEventElapsed = 9.633055686950684 (ms)
[RANK2] B @ 142.60009765625 (ms) to 152.556396484375 (ms), cudaEventElapsed = 9.931072235107422 (ms)
[RANK2] F @ 153.537841796875 (ms) to 162.70947265625 (ms), cudaEventElapsed = 9.14902400970459 (ms)
[RANK2] B @ 184.455322265625 (ms) to 194.28564453125 (ms), cudaEventElapsed = 9.8088960647583 (ms)
[RANK2] F @ 195.21630859375 (ms) to 204.17138671875 (ms), cudaEventElapsed = 8.935392379760742 (ms)
[RANK2] B @ 205.1728515625 (ms) to 214.936767578125 (ms), cudaEventElapsed = 9.743200302124023 (ms)
[RANK2] F @ 261.069091796875 (ms) to 270.32763671875 (ms), cudaEventElapsed = 9.237536430358887 (ms)
[RANK2] B @ 271.490966796875 (ms) to 281.38232421875 (ms), cudaEventElapsed = 9.870976448059082 (ms)
[RANK2] F @ 282.34130859375 (ms) to 291.2998046875 (ms), cudaEventElapsed = 8.937760353088379 (ms)
[RANK2] B @ 311.237548828125 (ms) to 320.998779296875 (ms), cudaEventElapsed = 9.74067211151123 (ms)
[RANK2] F @ 321.904296875 (ms) to 330.82373046875 (ms), cudaEventElapsed = 8.899904251098633 (ms)
[RANK2] B @ 374.831787109375 (ms) to 384.522216796875 (ms), cudaEventElapsed = 9.666560173034668 (ms)
[RANK2] F @ 385.444580078125 (ms) to 394.429443359375 (ms), cudaEventElapsed = 8.964799880981445 (ms)
[RANK2] B @ 395.403076171875 (ms) to 405.13916015625 (ms), cudaEventElapsed = 9.715392112731934 (ms)
[RANK2] F @ 406.018798828125 (ms) to 414.944091796875 (ms), cudaEventElapsed = 8.905695915222168 (ms)
[RANK2] B @ 436.1328125 (ms) to 445.9169921875 (ms), cudaEventElapsed = 9.763680458068848 (ms)
[RANK2] F @ 446.84375 (ms) to 455.77685546875 (ms), cudaEventElapsed = 8.91260814666748 (ms)
[RANK2] B @ 487.453857421875 (ms) to 497.14208984375 (ms), cudaEventElapsed = 9.668031692504883 (ms)
[RANK2] F @ 498.03515625 (ms) to 506.947998046875 (ms), cudaEventElapsed = 8.893216133117676 (ms)
[RANK2] B @ 507.851318359375 (ms) to 517.581298828125 (ms), cudaEventElapsed = 9.710399627685547 (ms)
[RANK2] W @ 518.20849609375 (ms) to 524.545654296875 (ms), cudaEventElapsed = 6.3172478675842285 (ms)
[RANK2] B @ 533.851318359375 (ms) to 543.5029296875 (ms), cudaEventElapsed = 9.633248329162598 (ms)
[RANK2] W @ 544.1357421875 (ms) to 550.454345703125 (ms), cudaEventElapsed = 6.298975944519043 (ms)
[RANK2] B @ 602.1962890625 (ms) to 612.208984375 (ms), cudaEventElapsed = 9.992735862731934 (ms)
[RANK2] 10W @ 614.011474609375 (ms) to 677.572021484375 (ms), cudaEventElapsed = 63.54230499267578 (ms)
[RANK2] Iteration 4
[RANK2] F @ 45.07080078125 (ms) to 54.04150390625 (ms), cudaEventElapsed = 8.949312210083008 (ms)
[RANK2] F @ 55.66015625 (ms) to 64.5810546875 (ms), cudaEventElapsed = 8.900799751281738 (ms)
[RANK2] F @ 65.484130859375 (ms) to 74.62255859375 (ms), cudaEventElapsed = 9.112895965576172 (ms)
[RANK2] B @ 136.073486328125 (ms) to 145.920654296875 (ms), cudaEventElapsed = 9.825183868408203 (ms)
[RANK2] F @ 146.8291015625 (ms) to 155.776611328125 (ms), cudaEventElapsed = 8.927680015563965 (ms)
[RANK2] B @ 156.7490234375 (ms) to 166.454345703125 (ms), cudaEventElapsed = 9.683679580688477 (ms)
[RANK2] F @ 167.3642578125 (ms) to 176.326171875 (ms), cudaEventElapsed = 8.941375732421875 (ms)
[RANK2] B @ 177.321044921875 (ms) to 187.00732421875 (ms), cudaEventElapsed = 9.666655540466309 (ms)
[RANK2] F @ 228.955810546875 (ms) to 238.20556640625 (ms), cudaEventElapsed = 9.229951858520508 (ms)
[RANK2] B @ 239.179443359375 (ms) to 248.999755859375 (ms), cudaEventElapsed = 9.800191879272461 (ms)
[RANK2] F @ 250.230224609375 (ms) to 259.19091796875 (ms), cudaEventElapsed = 8.940640449523926 (ms)
[RANK2] B @ 262.656005859375 (ms) to 272.36328125 (ms), cudaEventElapsed = 9.686079978942871 (ms)
[RANK2] F @ 321.57470703125 (ms) to 330.5390625 (ms), cudaEventElapsed = 8.94371223449707 (ms)
[RANK2] B @ 344.125244140625 (ms) to 353.80712890625 (ms), cudaEventElapsed = 9.661215782165527 (ms)
[RANK2] F @ 359.181396484375 (ms) to 368.103515625 (ms), cudaEventElapsed = 8.902303695678711 (ms)
[RANK2] B @ 369.102783203125 (ms) to 378.85107421875 (ms), cudaEventElapsed = 9.723039627075195 (ms)
[RANK2] F @ 380.094970703125 (ms) to 389.056884765625 (ms), cudaEventElapsed = 8.941120147705078 (ms)
[RANK2] B @ 454.1201171875 (ms) to 463.821533203125 (ms), cudaEventElapsed = 9.68012809753418 (ms)
[RANK2] F @ 473.02392578125 (ms) to 481.95947265625 (ms), cudaEventElapsed = 8.915583610534668 (ms)
[RANK2] B @ 492.029541015625 (ms) to 501.70654296875 (ms), cudaEventElapsed = 9.656479835510254 (ms)
[RANK2] F @ 510.046142578125 (ms) to 519.00048828125 (ms), cudaEventElapsed = 8.934623718261719 (ms)
[RANK2] B @ 519.91796875 (ms) to 529.615966796875 (ms), cudaEventElapsed = 9.677887916564941 (ms)
[RANK2] W @ 530.188720703125 (ms) to 536.502685546875 (ms), cudaEventElapsed = 6.29475212097168 (ms)
[RANK2] B @ 624.619140625 (ms) to 634.285400390625 (ms), cudaEventElapsed = 9.646656036376953 (ms)
[RANK2] W @ 634.893310546875 (ms) to 641.206298828125 (ms), cudaEventElapsed = 6.2952961921691895 (ms)
[RANK2] B @ 662.607177734375 (ms) to 672.31787109375 (ms), cudaEventElapsed = 9.690560340881348 (ms)
[RANK2] 10W @ 674.115966796875 (ms) to 737.392822265625 (ms), cudaEventElapsed = 63.2578239440918 (ms)
[RANK2] Iteration 5
[RANK2] F @ 97.291748046875 (ms) to 106.384033203125 (ms), cudaEventElapsed = 9.068063735961914 (ms)
[RANK2] F @ 107.36474609375 (ms) to 116.314697265625 (ms), cudaEventElapsed = 8.929408073425293 (ms)
[RANK2] F @ 117.41357421875 (ms) to 126.696044921875 (ms), cudaEventElapsed = 9.261823654174805 (ms)
[RANK2] B @ 214.199951171875 (ms) to 224.094482421875 (ms), cudaEventElapsed = 9.872703552246094 (ms)
[RANK2] F @ 225.019287109375 (ms) to 234.00146484375 (ms), cudaEventElapsed = 8.96288013458252 (ms)
[RANK2] B @ 235.175048828125 (ms) to 244.89404296875 (ms), cudaEventElapsed = 9.697664260864258 (ms)
[RANK2] F @ 245.803466796875 (ms) to 254.845458984375 (ms), cudaEventElapsed = 9.023200035095215 (ms)
[RANK2] B @ 255.841552734375 (ms) to 265.601318359375 (ms), cudaEventElapsed = 9.739295959472656 (ms)
[RANK2] F @ 312.26904296875 (ms) to 321.634765625 (ms), cudaEventElapsed = 9.344991683959961 (ms)
[RANK2] B @ 342.06591796875 (ms) to 351.870361328125 (ms), cudaEventElapsed = 9.78335952758789 (ms)
[RANK2] F @ 352.76611328125 (ms) to 361.754638671875 (ms), cudaEventElapsed = 8.9684476852417 (ms)
[RANK2] B @ 362.737548828125 (ms) to 372.423583984375 (ms), cudaEventElapsed = 9.666815757751465 (ms)
[RANK2] F @ 454.3193359375 (ms) to 463.2890625 (ms), cudaEventElapsed = 8.94927978515625 (ms)
[RANK2] B @ 464.3212890625 (ms) to 474.111328125 (ms), cudaEventElapsed = 9.769472122192383 (ms)
[RANK2] F @ 475.046142578125 (ms) to 484.011474609375 (ms), cudaEventElapsed = 8.945887565612793 (ms)
[RANK2] B @ 485.050048828125 (ms) to 494.779296875 (ms), cudaEventElapsed = 9.70860767364502 (ms)
[RANK2] F @ 495.71630859375 (ms) to 504.705322265625 (ms), cudaEventElapsed = 8.969120025634766 (ms)
[RANK2] B @ 538.85986328125 (ms) to 548.672119140625 (ms), cudaEventElapsed = 9.790975570678711 (ms)
[RANK2] F @ 579.016357421875 (ms) to 587.983642578125 (ms), cudaEventElapsed = 8.946432113647461 (ms)
[RANK2] B @ 588.896484375 (ms) to 598.5986328125 (ms), cudaEventElapsed = 9.681856155395508 (ms)
[RANK2] F @ 604.739501953125 (ms) to 613.692626953125 (ms), cudaEventElapsed = 8.9334716796875 (ms)
[RANK2] B @ 614.574462890625 (ms) to 624.357421875 (ms), cudaEventElapsed = 9.76313591003418 (ms)
[RANK2] W @ 624.954345703125 (ms) to 631.249267578125 (ms), cudaEventElapsed = 6.276800155639648 (ms)
[RANK2] B @ 692.95068359375 (ms) to 702.674072265625 (ms), cudaEventElapsed = 9.703424453735352 (ms)
[RANK2] W @ 703.275146484375 (ms) to 709.5849609375 (ms), cudaEventElapsed = 6.29260778427124 (ms)
[RANK2] B @ 719.29248046875 (ms) to 728.9306640625 (ms), cudaEventElapsed = 9.620063781738281 (ms)
[RANK2] 10W @ 730.646484375 (ms) to 793.47021484375 (ms), cudaEventElapsed = 62.80473709106445 (ms)
[RANK2] Iteration 6
[RANK2] F @ 82.511474609375 (ms) to 91.47802734375 (ms), cudaEventElapsed = 8.946720123291016 (ms)
[RANK2] F @ 92.9619140625 (ms) to 101.920166015625 (ms), cudaEventElapsed = 8.938207626342773 (ms)
[RANK2] F @ 102.821533203125 (ms) to 112.03662109375 (ms), cudaEventElapsed = 9.195743560791016 (ms)
[RANK2] B @ 179.332763671875 (ms) to 189.157470703125 (ms), cudaEventElapsed = 9.80457592010498 (ms)
[RANK2] F @ 190.054931640625 (ms) to 199.057861328125 (ms), cudaEventElapsed = 8.983360290527344 (ms)
[RANK2] B @ 200.009521484375 (ms) to 209.72998046875 (ms), cudaEventElapsed = 9.699551582336426 (ms)
[RANK2] F @ 210.63330078125 (ms) to 219.57666015625 (ms), cudaEventElapsed = 8.924480438232422 (ms)
[RANK2] B @ 220.53955078125 (ms) to 230.20751953125 (ms), cudaEventElapsed = 9.647744178771973 (ms)
[RANK2] F @ 257.997802734375 (ms) to 267.280029296875 (ms), cudaEventElapsed = 9.261759757995605 (ms)
[RANK2] B @ 284.693603515625 (ms) to 294.491943359375 (ms), cudaEventElapsed = 9.778559684753418 (ms)
[RANK2] F @ 295.36474609375 (ms) to 304.33056640625 (ms), cudaEventElapsed = 8.947775840759277 (ms)
[RANK2] B @ 305.2724609375 (ms) to 314.96435546875 (ms), cudaEventElapsed = 9.67199993133545 (ms)
[RANK2] F @ 379.78125 (ms) to 388.72509765625 (ms), cudaEventElapsed = 8.924032211303711 (ms)
[RANK2] B @ 389.691162109375 (ms) to 399.489501953125 (ms), cudaEventElapsed = 9.77945613861084 (ms)
[RANK2] F @ 400.556640625 (ms) to 409.513916015625 (ms), cudaEventElapsed = 8.937439918518066 (ms)
[RANK2] B @ 410.517578125 (ms) to 420.230224609375 (ms), cudaEventElapsed = 9.692288398742676 (ms)
[RANK2] F @ 421.10986328125 (ms) to 430.015869140625 (ms), cudaEventElapsed = 8.887040138244629 (ms)
[RANK2] B @ 480.900390625 (ms) to 490.65576171875 (ms), cudaEventElapsed = 9.735424041748047 (ms)
[RANK2] F @ 500.275390625 (ms) to 509.234375 (ms), cudaEventElapsed = 8.939264297485352 (ms)
[RANK2] B @ 510.129638671875 (ms) to 519.951416015625 (ms), cudaEventElapsed = 9.802592277526855 (ms)
[RANK2] F @ 520.893798828125 (ms) to 529.838623046875 (ms), cudaEventElapsed = 8.925888061523438 (ms)
[RANK2] B @ 530.747802734375 (ms) to 540.474365234375 (ms), cudaEventElapsed = 9.705439567565918 (ms)
[RANK2] W @ 541.073486328125 (ms) to 547.3828125 (ms), cudaEventElapsed = 6.289663791656494 (ms)
[RANK2] B @ 599.910400390625 (ms) to 609.5947265625 (ms), cudaEventElapsed = 9.665472030639648 (ms)
[RANK2] W @ 610.176513671875 (ms) to 616.490234375 (ms), cudaEventElapsed = 6.296895980834961 (ms)
[RANK2] B @ 617.184814453125 (ms) to 626.914794921875 (ms), cudaEventElapsed = 9.711711883544922 (ms)
[RANK2] 10W @ 628.6650390625 (ms) to 691.68310546875 (ms), cudaEventElapsed = 62.997310638427734 (ms)
[RANK2] Iteration 7
[RANK2] F @ 86.292236328125 (ms) to 95.524658203125 (ms), cudaEventElapsed = 9.207103729248047 (ms)
[RANK2] F @ 96.7158203125 (ms) to 105.9033203125 (ms), cudaEventElapsed = 9.162303924560547 (ms)
[RANK2] F @ 107.004150390625 (ms) to 116.499267578125 (ms), cudaEventElapsed = 9.470208168029785 (ms)
[RANK2] B @ 196.993896484375 (ms) to 206.85595703125 (ms), cudaEventElapsed = 9.83897590637207 (ms)
[RANK2] F @ 207.837646484375 (ms) to 217.02880859375 (ms), cudaEventElapsed = 9.168959617614746 (ms)
[RANK2] B @ 218.260498046875 (ms) to 228.01904296875 (ms), cudaEventElapsed = 9.733792304992676 (ms)
[RANK2] F @ 228.993896484375 (ms) to 238.1591796875 (ms), cudaEventElapsed = 9.142592430114746 (ms)
[RANK2] B @ 239.39013671875 (ms) to 249.134765625 (ms), cudaEventElapsed = 9.721376419067383 (ms)
[RANK2] F @ 296.56787109375 (ms) to 306.112548828125 (ms), cudaEventElapsed = 9.521759986877441 (ms)
[RANK2] B @ 307.14453125 (ms) to 316.965576171875 (ms), cudaEventElapsed = 9.801247596740723 (ms)
[RANK2] F @ 317.8701171875 (ms) to 326.830078125 (ms), cudaEventElapsed = 8.941023826599121 (ms)
[RANK2] B @ 327.809326171875 (ms) to 337.50830078125 (ms), cudaEventElapsed = 9.670016288757324 (ms)
[RANK2] F @ 358.001953125 (ms) to 366.957275390625 (ms), cudaEventElapsed = 8.934399604797363 (ms)
[RANK2] B @ 392.42724609375 (ms) to 402.203369140625 (ms), cudaEventElapsed = 9.756671905517578 (ms)
[RANK2] F @ 403.070556640625 (ms) to 412.0380859375 (ms), cudaEventElapsed = 8.947199821472168 (ms)
[RANK2] B @ 413.044189453125 (ms) to 422.828857421875 (ms), cudaEventElapsed = 9.76534366607666 (ms)
[RANK2] F @ 423.668701171875 (ms) to 432.5869140625 (ms), cudaEventElapsed = 8.899871826171875 (ms)
[RANK2] B @ 452.8662109375 (ms) to 462.61767578125 (ms), cudaEventElapsed = 9.732319831848145 (ms)
[RANK2] F @ 492.644287109375 (ms) to 501.560546875 (ms), cudaEventElapsed = 8.896991729736328 (ms)
[RANK2] B @ 502.53369140625 (ms) to 512.323974609375 (ms), cudaEventElapsed = 9.770943641662598 (ms)
[RANK2] F @ 532.51904296875 (ms) to 541.89697265625 (ms), cudaEventElapsed = 9.348447799682617 (ms)
[RANK2] B @ 542.773193359375 (ms) to 552.545654296875 (ms), cudaEventElapsed = 9.754591941833496 (ms)
[RANK2] W @ 553.088134765625 (ms) to 559.40234375 (ms), cudaEventElapsed = 6.297567844390869 (ms)
[RANK2] B @ 585.66015625 (ms) to 595.424560546875 (ms), cudaEventElapsed = 9.747039794921875 (ms)
[RANK2] W @ 596.028564453125 (ms) to 602.347412109375 (ms), cudaEventElapsed = 6.301695823669434 (ms)
[RANK2] B @ 627.327880859375 (ms) to 637.07763671875 (ms), cudaEventElapsed = 9.73193645477295 (ms)
[RANK2] 10W @ 638.731689453125 (ms) to 702.549072265625 (ms), cudaEventElapsed = 63.8001594543457 (ms)
[RANK2] Iteration 8
[RANK2] F @ 92.1025390625 (ms) to 101.06103515625 (ms), cudaEventElapsed = 8.93779182434082 (ms)
[RANK2] F @ 102.357666015625 (ms) to 111.249267578125 (ms), cudaEventElapsed = 8.872480392456055 (ms)
[RANK2] F @ 112.885498046875 (ms) to 121.9716796875 (ms), cudaEventElapsed = 9.068384170532227 (ms)
[RANK2] B @ 191.489501953125 (ms) to 201.302734375 (ms), cudaEventElapsed = 9.793536186218262 (ms)
[RANK2] F @ 202.192626953125 (ms) to 211.16943359375 (ms), cudaEventElapsed = 8.956831932067871 (ms)
[RANK2] B @ 239.0693359375 (ms) to 248.861328125 (ms), cudaEventElapsed = 9.77228832244873 (ms)
[RANK2] F @ 249.69873046875 (ms) to 258.619384765625 (ms), cudaEventElapsed = 8.903200149536133 (ms)
[RANK2] B @ 259.580322265625 (ms) to 269.3525390625 (ms), cudaEventElapsed = 9.754400253295898 (ms)
[RANK2] F @ 303.9111328125 (ms) to 313.122314453125 (ms), cudaEventElapsed = 9.190879821777344 (ms)
[RANK2] B @ 314.08251953125 (ms) to 323.857177734375 (ms), cudaEventElapsed = 9.75545597076416 (ms)
[RANK2] F @ 342.646484375 (ms) to 351.593505859375 (ms), cudaEventElapsed = 8.927231788635254 (ms)
[RANK2] B @ 352.558349609375 (ms) to 362.3251953125 (ms), cudaEventElapsed = 9.746879577636719 (ms)
[RANK2] F @ 392.690185546875 (ms) to 401.60546875 (ms), cudaEventElapsed = 8.897215843200684 (ms)
[RANK2] B @ 427.235595703125 (ms) to 437.009521484375 (ms), cudaEventElapsed = 9.755167961120605 (ms)
[RANK2] F @ 440.68603515625 (ms) to 449.623291015625 (ms), cudaEventElapsed = 8.918335914611816 (ms)
[RANK2] B @ 453.64111328125 (ms) to 463.409912109375 (ms), cudaEventElapsed = 9.749055862426758 (ms)
[RANK2] F @ 471.12744140625 (ms) to 480.04541015625 (ms), cudaEventElapsed = 8.89897632598877 (ms)
[RANK2] B @ 506.037353515625 (ms) to 515.79833984375 (ms), cudaEventElapsed = 9.74124813079834 (ms)
[RANK2] F @ 521.7392578125 (ms) to 530.648193359375 (ms), cudaEventElapsed = 8.88976001739502 (ms)
[RANK2] B @ 541.632568359375 (ms) to 551.3916015625 (ms), cudaEventElapsed = 9.739999771118164 (ms)
[RANK2] F @ 567.7939453125 (ms) to 576.7421875 (ms), cudaEventElapsed = 8.928128242492676 (ms)
[RANK2] B @ 577.62841796875 (ms) to 587.408935546875 (ms), cudaEventElapsed = 9.761088371276855 (ms)
[RANK2] W @ 587.999267578125 (ms) to 594.33154296875 (ms), cudaEventElapsed = 6.313759803771973 (ms)
[RANK2] B @ 598.0625 (ms) to 607.8193359375 (ms), cudaEventElapsed = 9.73788833618164 (ms)
[RANK2] W @ 608.390625 (ms) to 614.707763671875 (ms), cudaEventElapsed = 6.299168109893799 (ms)
[RANK2] B @ 645.428955078125 (ms) to 655.23583984375 (ms), cudaEventElapsed = 9.787712097167969 (ms)
[RANK2] 10W @ 656.942138671875 (ms) to 719.86767578125 (ms), cudaEventElapsed = 62.9062385559082 (ms)
