[RANK0] Iteration 1
[RANK0] F @ 2.521240234375 (ms) to 514.798095703125 (ms), cudaEventElapsed = 512.2150268554688 (ms)
[RANK0] F @ 515.565673828125 (ms) to 541.107421875 (ms), cudaEventElapsed = 25.51398468017578 (ms)
[RANK0] F @ 541.77197265625 (ms) to 568.56298828125 (ms), cudaEventElapsed = 26.76633644104004 (ms)
[RANK0] F @ 569.23681640625 (ms) to 597.39404296875 (ms), cudaEventElapsed = 28.13337516784668 (ms)
[RANK0] F @ 598.869384765625 (ms) to 626.899658203125 (ms), cudaEventElapsed = 28.002304077148438 (ms)
[RANK0] F @ 627.539794921875 (ms) to 655.1748046875 (ms), cudaEventElapsed = 27.612159729003906 (ms)
[RANK0] F @ 655.837646484375 (ms) to 683.787109375 (ms), cudaEventElapsed = 27.926528930664062 (ms)
[RANK0] B @ 1654.510986328125 (ms) to 1742.7548828125 (ms), cudaEventElapsed = 88.2165756225586 (ms)
[RANK0] F @ 1743.028076171875 (ms) to 1767.83984375 (ms), cudaEventElapsed = 24.788991928100586 (ms)
[RANK0] B @ 1769.166259765625 (ms) to 1803.092041015625 (ms), cudaEventElapsed = 33.90156936645508 (ms)
[RANK0] F @ 1803.486083984375 (ms) to 1828.96630859375 (ms), cudaEventElapsed = 25.453567504882812 (ms)
[RANK0] B @ 1830.292236328125 (ms) to 1864.615234375 (ms), cudaEventElapsed = 34.2927360534668 (ms)
[RANK0] F @ 1864.82763671875 (ms) to 1890.42822265625 (ms), cudaEventElapsed = 25.575424194335938 (ms)
[RANK0] B @ 1891.79248046875 (ms) to 1927.651611328125 (ms), cudaEventElapsed = 35.83283233642578 (ms)
[RANK0] F @ 1927.8427734375 (ms) to 1954.15234375 (ms), cudaEventElapsed = 26.28607940673828 (ms)
[RANK0] B @ 1972.271240234375 (ms) to 2007.5205078125 (ms), cudaEventElapsed = 35.2174072265625 (ms)
[RANK0] F @ 2007.748291015625 (ms) to 2032.75732421875 (ms), cudaEventElapsed = 24.982528686523438 (ms)
[RANK0] B @ 2052.546142578125 (ms) to 2085.44482421875 (ms), cudaEventElapsed = 32.87654495239258 (ms)
[RANK0] W @ 2085.72607421875 (ms) to 2099.812744140625 (ms), cudaEventElapsed = 14.063615798950195 (ms)
[RANK0] B @ 2129.6689453125 (ms) to 2161.408935546875 (ms), cudaEventElapsed = 31.718399047851562 (ms)
[RANK0] W @ 2161.9453125 (ms) to 2175.594482421875 (ms), cudaEventElapsed = 13.626367568969727 (ms)
[RANK0] B @ 2210.8193359375 (ms) to 2242.4873046875 (ms), cudaEventElapsed = 31.64672088623047 (ms)
[RANK0] W @ 2242.771484375 (ms) to 2256.300537109375 (ms), cudaEventElapsed = 13.506560325622559 (ms)
[RANK0] B @ 2275.522705078125 (ms) to 2307.522216796875 (ms), cudaEventElapsed = 31.979520797729492 (ms)
[RANK0] W @ 2307.800537109375 (ms) to 2321.520751953125 (ms), cudaEventElapsed = 13.698047637939453 (ms)
[RANK0] B @ 2345.865966796875 (ms) to 2377.72900390625 (ms), cudaEventElapsed = 31.84332847595215 (ms)
[RANK0] W @ 2378.010986328125 (ms) to 2391.91943359375 (ms), cudaEventElapsed = 13.88646411895752 (ms)
[RANK0] B @ 2410.320068359375 (ms) to 2442.677978515625 (ms), cudaEventElapsed = 32.337921142578125 (ms)
[RANK0] W @ 2442.95751953125 (ms) to 2456.8310546875 (ms), cudaEventElapsed = 13.851648330688477 (ms)
[RANK0] B @ 2475.495361328125 (ms) to 2507.41943359375 (ms), cudaEventElapsed = 31.904767990112305 (ms)
[RANK0] 6W @ 2508.4873046875 (ms) to 2599.96484375 (ms), cudaEventElapsed = 91.44422149658203 (ms)
[RANK0] Iteration 2
[RANK0] F @ 0.85009765625 (ms) to 26.53662109375 (ms), cudaEventElapsed = 25.652223587036133 (ms)
[RANK0] F @ 27.37255859375 (ms) to 52.516357421875 (ms), cudaEventElapsed = 25.11359977722168 (ms)
[RANK0] F @ 53.17431640625 (ms) to 80.176513671875 (ms), cudaEventElapsed = 26.97420883178711 (ms)
[RANK0] F @ 81.011962890625 (ms) to 108.941650390625 (ms), cudaEventElapsed = 27.892736434936523 (ms)
[RANK0] F @ 109.66357421875 (ms) to 137.855712890625 (ms), cudaEventElapsed = 28.16307258605957 (ms)
[RANK0] F @ 138.566650390625 (ms) to 166.4658203125 (ms), cudaEventElapsed = 27.875328063964844 (ms)
[RANK0] F @ 167.1728515625 (ms) to 194.611083984375 (ms), cudaEventElapsed = 27.411455154418945 (ms)
[RANK0] B @ 386.442138671875 (ms) to 419.654052734375 (ms), cudaEventElapsed = 33.18067169189453 (ms)
[RANK0] F @ 419.902099609375 (ms) to 446.029541015625 (ms), cudaEventElapsed = 26.102783203125 (ms)
[RANK0] B @ 472.115478515625 (ms) to 639.44921875 (ms), cudaEventElapsed = 167.30828857421875 (ms)
[RANK0] F @ 639.806640625 (ms) to 665.528564453125 (ms), cudaEventElapsed = 25.69830322265625 (ms)
[RANK0] B @ 667.0400390625 (ms) to 702.474365234375 (ms), cudaEventElapsed = 35.41401672363281 (ms)
[RANK0] F @ 702.68798828125 (ms) to 730.563720703125 (ms), cudaEventElapsed = 27.852800369262695 (ms)
[RANK0] B @ 732.614990234375 (ms) to 770.072265625 (ms), cudaEventElapsed = 37.43231964111328 (ms)
[RANK0] F @ 770.292236328125 (ms) to 797.898193359375 (ms), cudaEventElapsed = 27.58348846435547 (ms)
[RANK0] B @ 799.19287109375 (ms) to 835.22607421875 (ms), cudaEventElapsed = 36.01203155517578 (ms)
[RANK0] F @ 835.4345703125 (ms) to 862.94189453125 (ms), cudaEventElapsed = 27.484159469604492 (ms)
[RANK0] B @ 864.255615234375 (ms) to 899.989501953125 (ms), cudaEventElapsed = 35.70995330810547 (ms)
[RANK0] W @ 900.3154296875 (ms) to 917.4814453125 (ms), cudaEventElapsed = 17.142784118652344 (ms)
[RANK0] B @ 921.268310546875 (ms) to 957.80517578125 (ms), cudaEventElapsed = 36.51276779174805 (ms)
[RANK0] W @ 958.109130859375 (ms) to 975.141845703125 (ms), cudaEventElapsed = 17.00966453552246 (ms)
[RANK0] B @ 1005.259765625 (ms) to 1038.7626953125 (ms), cudaEventElapsed = 33.479679107666016 (ms)
[RANK0] W @ 1039.082275390625 (ms) to 1054.52197265625 (ms), cudaEventElapsed = 15.417344093322754 (ms)
[RANK0] B @ 1082.61279296875 (ms) to 1116.172607421875 (ms), cudaEventElapsed = 33.538047790527344 (ms)
[RANK0] W @ 1116.490234375 (ms) to 1132.1015625 (ms), cudaEventElapsed = 15.583231925964355 (ms)
[RANK0] B @ 1167.89599609375 (ms) to 1201.26025390625 (ms), cudaEventElapsed = 33.34143829345703 (ms)
[RANK0] W @ 1201.583251953125 (ms) to 1217.212158203125 (ms), cudaEventElapsed = 15.606783866882324 (ms)
[RANK0] B @ 1241.144287109375 (ms) to 1274.996826171875 (ms), cudaEventElapsed = 33.83091354370117 (ms)
[RANK0] W @ 1275.77587890625 (ms) to 1291.70068359375 (ms), cudaEventElapsed = 15.90067195892334 (ms)
[RANK0] B @ 1314.57421875 (ms) to 1348.239501953125 (ms), cudaEventElapsed = 33.6445426940918 (ms)
[RANK0] 6W @ 1349.006591796875 (ms) to 1461.9033203125 (ms), cudaEventElapsed = 112.87245178222656 (ms)
[RANK0] Iteration 3
[RANK0] F @ 0.50341796875 (ms) to 25.78369140625 (ms), cudaEventElapsed = 25.255935668945312 (ms)
[RANK0] F @ 26.428466796875 (ms) to 51.31640625 (ms), cudaEventElapsed = 24.8668155670166 (ms)
[RANK0] F @ 51.954833984375 (ms) to 78.935546875 (ms), cudaEventElapsed = 26.95884895324707 (ms)
[RANK0] F @ 79.591796875 (ms) to 107.814453125 (ms), cudaEventElapsed = 28.200960159301758 (ms)
[RANK0] F @ 108.486328125 (ms) to 136.348876953125 (ms), cudaEventElapsed = 27.839487075805664 (ms)
[RANK0] F @ 137.03515625 (ms) to 164.959228515625 (ms), cudaEventElapsed = 27.901952743530273 (ms)
[RANK0] F @ 165.635009765625 (ms) to 193.576171875 (ms), cudaEventElapsed = 27.917312622070312 (ms)
[RANK0] F @ 194.27734375 (ms) to 221.990966796875 (ms), cudaEventElapsed = 27.6889591217041 (ms)
[RANK0] F @ 222.63720703125 (ms) to 250.19384765625 (ms), cudaEventElapsed = 27.53331184387207 (ms)
[RANK0] F @ 250.867919921875 (ms) to 278.192626953125 (ms), cudaEventElapsed = 27.30188751220703 (ms)
[RANK0] F @ 278.8876953125 (ms) to 306.995849609375 (ms), cudaEventElapsed = 28.084224700927734 (ms)
[RANK0] F @ 307.684326171875 (ms) to 335.4921875 (ms), cudaEventElapsed = 27.78214454650879 (ms)
[RANK0] B @ 336.933349609375 (ms) to 373.49365234375 (ms), cudaEventElapsed = 36.53734588623047 (ms)
[RANK0] W @ 373.732666015625 (ms) to 391.126953125 (ms), cudaEventElapsed = 17.368064880371094 (ms)
[RANK0] B @ 414.3310546875 (ms) to 448.641845703125 (ms), cudaEventElapsed = 34.286590576171875 (ms)
[RANK0] W @ 448.970703125 (ms) to 464.822509765625 (ms), cudaEventElapsed = 15.828991889953613 (ms)
[RANK0] B @ 497.93896484375 (ms) to 531.380615234375 (ms), cudaEventElapsed = 33.41926574707031 (ms)
[RANK0] W @ 531.608154296875 (ms) to 546.673583984375 (ms), cudaEventElapsed = 15.042559623718262 (ms)
[RANK0] B @ 581.562255859375 (ms) to 614.8115234375 (ms), cudaEventElapsed = 33.22572708129883 (ms)
[RANK0] W @ 615.03564453125 (ms) to 630.6513671875 (ms), cudaEventElapsed = 15.59347152709961 (ms)
[RANK0] B @ 631.47705078125 (ms) to 668.026123046875 (ms), cudaEventElapsed = 36.52812957763672 (ms)
[RANK0] W @ 668.35791015625 (ms) to 686.1650390625 (ms), cudaEventElapsed = 17.78278350830078 (ms)
[RANK0] B @ 710.775634765625 (ms) to 744.68359375 (ms), cudaEventElapsed = 33.88723373413086 (ms)
[RANK0] W @ 744.898193359375 (ms) to 760.777587890625 (ms), cudaEventElapsed = 15.856639862060547 (ms)
[RANK0] B @ 794.220458984375 (ms) to 827.728515625 (ms), cudaEventElapsed = 33.48582458496094 (ms)
[RANK0] W @ 828.385009765625 (ms) to 843.850341796875 (ms), cudaEventElapsed = 15.441920280456543 (ms)
[RANK0] B @ 943.758544921875 (ms) to 976.81591796875 (ms), cudaEventElapsed = 33.03526306152344 (ms)
[RANK0] W @ 977.052490234375 (ms) to 992.19580078125 (ms), cudaEventElapsed = 15.121408462524414 (ms)
[RANK0] B @ 993.11279296875 (ms) to 1029.869873046875 (ms), cudaEventElapsed = 36.72371292114258 (ms)
[RANK0] W @ 1030.10400390625 (ms) to 1047.944580078125 (ms), cudaEventElapsed = 17.81862449645996 (ms)
[RANK0] B @ 1062.63720703125 (ms) to 1097.558349609375 (ms), cudaEventElapsed = 34.90099334716797 (ms)
[RANK0] W @ 1097.785400390625 (ms) to 1114.0517578125 (ms), cudaEventElapsed = 16.244735717773438 (ms)
[RANK0] B @ 1165.85400390625 (ms) to 1198.978515625 (ms), cudaEventElapsed = 33.1038703918457 (ms)
[RANK0] W @ 1199.205078125 (ms) to 1214.202392578125 (ms), cudaEventElapsed = 14.97599983215332 (ms)
[RANK0] B @ 1266.68310546875 (ms) to 1299.7734375 (ms), cudaEventElapsed = 33.0700798034668 (ms)
[RANK0] 1W @ 1300.09716796875 (ms) to 1315.153076171875 (ms), cudaEventElapsed = 15.033344268798828 (ms)
[RANK0] Iteration 4
[RANK0] F @ 0.947021484375 (ms) to 25.897216796875 (ms), cudaEventElapsed = 24.9169921875 (ms)
[RANK0] F @ 26.568359375 (ms) to 51.384765625 (ms), cudaEventElapsed = 24.793088912963867 (ms)
[RANK0] F @ 52.0576171875 (ms) to 80.3974609375 (ms), cudaEventElapsed = 28.31667137145996 (ms)
[RANK0] F @ 81.0634765625 (ms) to 108.94873046875 (ms), cudaEventElapsed = 27.860992431640625 (ms)
[RANK0] F @ 109.693603515625 (ms) to 137.724609375 (ms), cudaEventElapsed = 28.006399154663086 (ms)
[RANK0] F @ 138.41748046875 (ms) to 165.8388671875 (ms), cudaEventElapsed = 27.398143768310547 (ms)
[RANK0] F @ 166.53515625 (ms) to 194.43115234375 (ms), cudaEventElapsed = 27.871231079101562 (ms)
[RANK0] F @ 195.146728515625 (ms) to 223.24462890625 (ms), cudaEventElapsed = 28.073984146118164 (ms)
[RANK0] F @ 223.949951171875 (ms) to 251.76953125 (ms), cudaEventElapsed = 27.795455932617188 (ms)
[RANK0] F @ 252.479248046875 (ms) to 280.51220703125 (ms), cudaEventElapsed = 28.003328323364258 (ms)
[RANK0] F @ 281.281005859375 (ms) to 309.671875 (ms), cudaEventElapsed = 28.36684799194336 (ms)
[RANK0] F @ 310.34375 (ms) to 338.2314453125 (ms), cudaEventElapsed = 27.862016677856445 (ms)
[RANK0] B @ 339.707275390625 (ms) to 376.03564453125 (ms), cudaEventElapsed = 36.30489730834961 (ms)
[RANK0] W @ 376.271484375 (ms) to 393.352294921875 (ms), cudaEventElapsed = 17.054719924926758 (ms)
[RANK0] B @ 403.510009765625 (ms) to 439.10791015625 (ms), cudaEventElapsed = 35.571712493896484 (ms)
[RANK0] W @ 439.439697265625 (ms) to 456.364990234375 (ms), cudaEventElapsed = 16.894975662231445 (ms)
[RANK0] B @ 486.715576171875 (ms) to 520.425048828125 (ms), cudaEventElapsed = 33.686527252197266 (ms)
[RANK0] W @ 520.638671875 (ms) to 536.375732421875 (ms), cudaEventElapsed = 15.714303970336914 (ms)
[RANK0] B @ 571.1298828125 (ms) to 604.603271484375 (ms), cudaEventElapsed = 33.452030181884766 (ms)
[RANK0] W @ 604.8134765625 (ms) to 620.239990234375 (ms), cudaEventElapsed = 15.40505599975586 (ms)
[RANK0] B @ 621.086669921875 (ms) to 656.8349609375 (ms), cudaEventElapsed = 35.727359771728516 (ms)
[RANK0] W @ 657.13623046875 (ms) to 674.824951171875 (ms), cudaEventElapsed = 17.663999557495117 (ms)
[RANK0] B @ 701.0634765625 (ms) to 734.939697265625 (ms), cudaEventElapsed = 33.85548782348633 (ms)
[RANK0] W @ 735.153076171875 (ms) to 750.583251953125 (ms), cudaEventElapsed = 15.408127784729004 (ms)
[RANK0] B @ 785.18798828125 (ms) to 818.68603515625 (ms), cudaEventElapsed = 33.475582122802734 (ms)
[RANK0] W @ 818.91845703125 (ms) to 834.658203125 (ms), cudaEventElapsed = 15.715328216552734 (ms)
[RANK0] B @ 934.428955078125 (ms) to 967.5908203125 (ms), cudaEventElapsed = 33.13868713378906 (ms)
[RANK0] W @ 967.81689453125 (ms) to 982.89453125 (ms), cudaEventElapsed = 15.052800178527832 (ms)
[RANK0] B @ 983.859375 (ms) to 1019.828369140625 (ms), cudaEventElapsed = 35.948543548583984 (ms)
[RANK0] W @ 1020.071044921875 (ms) to 1037.88818359375 (ms), cudaEventElapsed = 17.79302406311035 (ms)
[RANK0] B @ 1051.88330078125 (ms) to 1086.806640625 (ms), cudaEventElapsed = 34.89894485473633 (ms)
[RANK0] W @ 1087.001953125 (ms) to 1103.033203125 (ms), cudaEventElapsed = 16.01024055480957 (ms)
[RANK0] B @ 1153.977294921875 (ms) to 1187.128662109375 (ms), cudaEventElapsed = 33.130496978759766 (ms)
[RANK0] W @ 1187.344970703125 (ms) to 1202.439697265625 (ms), cudaEventElapsed = 15.072256088256836 (ms)
[RANK0] B @ 1254.74658203125 (ms) to 1287.8251953125 (ms), cudaEventElapsed = 33.058815002441406 (ms)
[RANK0] 1W @ 1288.13037109375 (ms) to 1303.421142578125 (ms), cudaEventElapsed = 15.268863677978516 (ms)
[RANK0] Iteration 5
[RANK0] F @ 0.9638671875 (ms) to 25.699462890625 (ms), cudaEventElapsed = 24.71014404296875 (ms)
[RANK0] F @ 26.347412109375 (ms) to 51.29248046875 (ms), cudaEventElapsed = 24.92313575744629 (ms)
[RANK0] F @ 51.945068359375 (ms) to 79.832763671875 (ms), cudaEventElapsed = 27.864063262939453 (ms)
[RANK0] F @ 80.49365234375 (ms) to 108.26025390625 (ms), cudaEventElapsed = 27.74323272705078 (ms)
[RANK0] F @ 108.909912109375 (ms) to 136.74169921875 (ms), cudaEventElapsed = 27.807743072509766 (ms)
[RANK0] F @ 137.39306640625 (ms) to 165.23779296875 (ms), cudaEventElapsed = 27.823104858398438 (ms)
[RANK0] F @ 165.882080078125 (ms) to 193.498046875 (ms), cudaEventElapsed = 27.593727111816406 (ms)
[RANK0] F @ 194.1669921875 (ms) to 222.1162109375 (ms), cudaEventElapsed = 27.92755126953125 (ms)
[RANK0] F @ 222.7822265625 (ms) to 250.591064453125 (ms), cudaEventElapsed = 27.785215377807617 (ms)
[RANK0] F @ 251.266357421875 (ms) to 279.159912109375 (ms), cudaEventElapsed = 27.871231079101562 (ms)
[RANK0] F @ 279.82470703125 (ms) to 307.6572265625 (ms), cudaEventElapsed = 27.809791564941406 (ms)
[RANK0] F @ 308.345458984375 (ms) to 336.0390625 (ms), cudaEventElapsed = 27.670528411865234 (ms)
[RANK0] B @ 526.78173828125 (ms) to 560.093017578125 (ms), cudaEventElapsed = 33.2861442565918 (ms)
[RANK0] W @ 560.326416015625 (ms) to 575.475341796875 (ms), cudaEventElapsed = 15.125503540039062 (ms)
[RANK0] B @ 644.353515625 (ms) to 677.483642578125 (ms), cudaEventElapsed = 33.105918884277344 (ms)
[RANK0] W @ 677.807861328125 (ms) to 692.62744140625 (ms), cudaEventElapsed = 14.796799659729004 (ms)
[RANK0] B @ 726.352294921875 (ms) to 759.88330078125 (ms), cudaEventElapsed = 33.50835037231445 (ms)
[RANK0] W @ 760.10302734375 (ms) to 776.0703125 (ms), cudaEventElapsed = 15.943679809570312 (ms)
[RANK0] B @ 809.274658203125 (ms) to 842.83154296875 (ms), cudaEventElapsed = 33.53395080566406 (ms)
[RANK0] W @ 843.048828125 (ms) to 858.631103515625 (ms), cudaEventElapsed = 15.559679985046387 (ms)
[RANK0] B @ 859.4638671875 (ms) to 895.73046875 (ms), cudaEventElapsed = 36.24448013305664 (ms)
[RANK0] W @ 896.515380859375 (ms) to 914.338134765625 (ms), cudaEventElapsed = 17.787904739379883 (ms)
[RANK0] B @ 937.831787109375 (ms) to 971.75927734375 (ms), cudaEventElapsed = 33.90668869018555 (ms)
[RANK0] W @ 971.962890625 (ms) to 988.04248046875 (ms), cudaEventElapsed = 16.049152374267578 (ms)
[RANK0] B @ 1019.828857421875 (ms) to 1053.203125 (ms), cudaEventElapsed = 33.35270309448242 (ms)
[RANK0] W @ 1053.423095703125 (ms) to 1069.107666015625 (ms), cudaEventElapsed = 15.662079811096191 (ms)
[RANK0] B @ 1130.098876953125 (ms) to 1163.319091796875 (ms), cudaEventElapsed = 33.20012664794922 (ms)
[RANK0] W @ 1163.530029296875 (ms) to 1178.83251953125 (ms), cudaEventElapsed = 15.279104232788086 (ms)
[RANK0] B @ 1179.756103515625 (ms) to 1215.927734375 (ms), cudaEventElapsed = 36.150272369384766 (ms)
[RANK0] W @ 1216.13330078125 (ms) to 1233.928466796875 (ms), cudaEventElapsed = 17.772544860839844 (ms)
[RANK0] B @ 1251.634033203125 (ms) to 1286.344970703125 (ms), cudaEventElapsed = 34.69004821777344 (ms)
[RANK0] W @ 1286.5498046875 (ms) to 1302.490966796875 (ms), cudaEventElapsed = 15.920127868652344 (ms)
[RANK0] B @ 1352.032958984375 (ms) to 1385.162109375 (ms), cudaEventElapsed = 33.110015869140625 (ms)
[RANK0] W @ 1385.353271484375 (ms) to 1400.684814453125 (ms), cudaEventElapsed = 15.310848236083984 (ms)
[RANK0] B @ 1454.8828125 (ms) to 1487.98291015625 (ms), cudaEventElapsed = 33.07929611206055 (ms)
[RANK0] 1W @ 1488.296142578125 (ms) to 1503.368408203125 (ms), cudaEventElapsed = 15.050751686096191 (ms)
[RANK0] Iteration 6
[RANK0] F @ 0.468505859375 (ms) to 25.803955078125 (ms), cudaEventElapsed = 25.31123161315918 (ms)
[RANK0] F @ 26.465576171875 (ms) to 51.67578125 (ms), cudaEventElapsed = 25.188352584838867 (ms)
[RANK0] F @ 52.342529296875 (ms) to 78.874755859375 (ms), cudaEventElapsed = 26.50931167602539 (ms)
[RANK0] F @ 79.522705078125 (ms) to 107.294677734375 (ms), cudaEventElapsed = 27.74937629699707 (ms)
[RANK0] F @ 107.9501953125 (ms) to 135.74267578125 (ms), cudaEventElapsed = 27.769855499267578 (ms)
[RANK0] F @ 136.40380859375 (ms) to 164.188232421875 (ms), cudaEventElapsed = 27.760639190673828 (ms)
[RANK0] F @ 164.83740234375 (ms) to 192.36328125 (ms), cudaEventElapsed = 27.503616333007812 (ms)
[RANK0] F @ 193.02197265625 (ms) to 220.693115234375 (ms), cudaEventElapsed = 27.649023056030273 (ms)
[RANK0] F @ 221.35107421875 (ms) to 249.095703125 (ms), cudaEventElapsed = 27.72172737121582 (ms)
[RANK0] F @ 249.776123046875 (ms) to 277.362060546875 (ms), cudaEventElapsed = 27.56403160095215 (ms)
[RANK0] F @ 278.042236328125 (ms) to 305.960205078125 (ms), cudaEventElapsed = 27.892736434936523 (ms)
[RANK0] F @ 306.674072265625 (ms) to 334.607177734375 (ms), cudaEventElapsed = 27.906047821044922 (ms)
[RANK0] B @ 523.7470703125 (ms) to 556.9365234375 (ms), cudaEventElapsed = 33.16428756713867 (ms)
[RANK0] W @ 557.173583984375 (ms) to 572.292236328125 (ms), cudaEventElapsed = 15.097855567932129 (ms)
[RANK0] B @ 641.46484375 (ms) to 674.62158203125 (ms), cudaEventElapsed = 33.12742233276367 (ms)
[RANK0] W @ 674.931884765625 (ms) to 690.0400390625 (ms), cudaEventElapsed = 15.08454418182373 (ms)
[RANK0] B @ 723.3427734375 (ms) to 756.68505859375 (ms), cudaEventElapsed = 33.321983337402344 (ms)
[RANK0] W @ 756.906005859375 (ms) to 772.54736328125 (ms), cudaEventElapsed = 15.619071960449219 (ms)
[RANK0] B @ 806.143798828125 (ms) to 839.541259765625 (ms), cudaEventElapsed = 33.37625503540039 (ms)
[RANK0] W @ 839.738525390625 (ms) to 855.04248046875 (ms), cudaEventElapsed = 15.28217601776123 (ms)
[RANK0] B @ 855.896240234375 (ms) to 892.471923828125 (ms), cudaEventElapsed = 36.550655364990234 (ms)
[RANK0] W @ 893.329345703125 (ms) to 910.925048828125 (ms), cudaEventElapsed = 17.569791793823242 (ms)
[RANK0] B @ 935.491455078125 (ms) to 969.507568359375 (ms), cudaEventElapsed = 33.99168014526367 (ms)
[RANK0] W @ 969.752685546875 (ms) to 985.61865234375 (ms), cudaEventElapsed = 15.841279983520508 (ms)
[RANK0] B @ 1020.673828125 (ms) to 1054.117431640625 (ms), cudaEventElapsed = 33.4202880859375 (ms)
[RANK0] W @ 1054.347900390625 (ms) to 1069.815185546875 (ms), cudaEventElapsed = 15.443967819213867 (ms)
[RANK0] B @ 1161.93701171875 (ms) to 1195.12158203125 (ms), cudaEventElapsed = 33.16223907470703 (ms)
[RANK0] W @ 1195.3447265625 (ms) to 1210.64306640625 (ms), cudaEventElapsed = 15.276032447814941 (ms)
[RANK0] B @ 1211.579345703125 (ms) to 1247.865234375 (ms), cudaEventElapsed = 36.26598358154297 (ms)
[RANK0] W @ 1248.079833984375 (ms) to 1266.089111328125 (ms), cudaEventElapsed = 17.98860740661621 (ms)
[RANK0] B @ 1278.551025390625 (ms) to 1313.6982421875 (ms), cudaEventElapsed = 35.127296447753906 (ms)
[RANK0] W @ 1313.904541015625 (ms) to 1330.1318359375 (ms), cudaEventElapsed = 16.20684814453125 (ms)
[RANK0] B @ 1380.064697265625 (ms) to 1413.239501953125 (ms), cudaEventElapsed = 33.14380645751953 (ms)
[RANK0] W @ 1413.4326171875 (ms) to 1428.617431640625 (ms), cudaEventElapsed = 15.159296035766602 (ms)
[RANK0] B @ 1480.279296875 (ms) to 1513.377685546875 (ms), cudaEventElapsed = 33.07827377319336 (ms)
[RANK0] 1W @ 1513.692138671875 (ms) to 1528.943359375 (ms), cudaEventElapsed = 15.228927612304688 (ms)
[RANK0] Iteration 7
[RANK0] F @ 0.481201171875 (ms) to 26.720703125 (ms), cudaEventElapsed = 26.215423583984375 (ms)
[RANK0] F @ 27.556640625 (ms) to 54.548828125 (ms), cudaEventElapsed = 26.96294403076172 (ms)
[RANK0] F @ 55.201171875 (ms) to 82.32763671875 (ms), cudaEventElapsed = 27.10425567626953 (ms)
[RANK0] F @ 82.976806640625 (ms) to 110.917236328125 (ms), cudaEventElapsed = 27.918336868286133 (ms)
[RANK0] F @ 111.57275390625 (ms) to 139.554443359375 (ms), cudaEventElapsed = 27.95929527282715 (ms)
[RANK0] F @ 140.20703125 (ms) to 168.08984375 (ms), cudaEventElapsed = 27.859968185424805 (ms)
[RANK0] F @ 168.7451171875 (ms) to 196.528564453125 (ms), cudaEventElapsed = 27.76166343688965 (ms)
[RANK0] F @ 197.17578125 (ms) to 224.603759765625 (ms), cudaEventElapsed = 27.405311584472656 (ms)
[RANK0] F @ 225.26806640625 (ms) to 252.913330078125 (ms), cudaEventElapsed = 27.619327545166016 (ms)
[RANK0] F @ 253.626708984375 (ms) to 281.29150390625 (ms), cudaEventElapsed = 27.641855239868164 (ms)
[RANK0] F @ 281.974609375 (ms) to 309.8876953125 (ms), cudaEventElapsed = 27.888639450073242 (ms)
[RANK0] F @ 310.592041015625 (ms) to 338.299560546875 (ms), cudaEventElapsed = 27.684864044189453 (ms)
[RANK0] B @ 523.2783203125 (ms) to 556.56494140625 (ms), cudaEventElapsed = 33.261566162109375 (ms)
[RANK0] W @ 556.814697265625 (ms) to 571.917724609375 (ms), cudaEventElapsed = 15.077376365661621 (ms)
[RANK0] B @ 643.741455078125 (ms) to 676.963623046875 (ms), cudaEventElapsed = 33.19398498535156 (ms)
[RANK0] W @ 677.30322265625 (ms) to 692.359375 (ms), cudaEventElapsed = 15.031295776367188 (ms)
[RANK0] B @ 726.6416015625 (ms) to 760.0888671875 (ms), cudaEventElapsed = 33.42335891723633 (ms)
[RANK0] W @ 760.296875 (ms) to 775.745849609375 (ms), cudaEventElapsed = 15.426560401916504 (ms)
[RANK0] B @ 808.376220703125 (ms) to 841.814208984375 (ms), cudaEventElapsed = 33.41516876220703 (ms)
[RANK0] W @ 842.04052734375 (ms) to 857.775146484375 (ms), cudaEventElapsed = 15.71123218536377 (ms)
[RANK0] B @ 858.64794921875 (ms) to 894.942138671875 (ms), cudaEventElapsed = 36.27110290527344 (ms)
[RANK0] W @ 895.7783203125 (ms) to 913.384033203125 (ms), cudaEventElapsed = 17.579008102416992 (ms)
[RANK0] B @ 936.494140625 (ms) to 970.481689453125 (ms), cudaEventElapsed = 33.96607971191406 (ms)
[RANK0] W @ 970.719482421875 (ms) to 986.911376953125 (ms), cudaEventElapsed = 16.169984817504883 (ms)
[RANK0] B @ 1019.7001953125 (ms) to 1053.255126953125 (ms), cudaEventElapsed = 33.534976959228516 (ms)
[RANK0] W @ 1053.468994140625 (ms) to 1068.93017578125 (ms), cudaEventElapsed = 15.438847541809082 (ms)
[RANK0] B @ 1163.18798828125 (ms) to 1196.3134765625 (ms), cudaEventElapsed = 33.105918884277344 (ms)
[RANK0] W @ 1196.53466796875 (ms) to 1211.622802734375 (ms), cudaEventElapsed = 15.060992240905762 (ms)
[RANK0] B @ 1212.563720703125 (ms) to 1247.978515625 (ms), cudaEventElapsed = 35.394561767578125 (ms)
[RANK0] W @ 1248.190673828125 (ms) to 1265.631591796875 (ms), cudaEventElapsed = 17.41926383972168 (ms)
[RANK0] B @ 1279.8876953125 (ms) to 1314.78173828125 (ms), cudaEventElapsed = 34.87027359008789 (ms)
[RANK0] W @ 1314.987060546875 (ms) to 1331.362060546875 (ms), cudaEventElapsed = 16.35327911376953 (ms)
[RANK0] B @ 1382.169189453125 (ms) to 1415.314453125 (ms), cudaEventElapsed = 33.1253776550293 (ms)
[RANK0] W @ 1415.523193359375 (ms) to 1430.864501953125 (ms), cudaEventElapsed = 15.319040298461914 (ms)
[RANK0] B @ 1483.1826171875 (ms) to 1516.279296875 (ms), cudaEventElapsed = 33.077247619628906 (ms)
[RANK0] 1W @ 1516.594482421875 (ms) to 1531.83056640625 (ms), cudaEventElapsed = 15.214591979980469 (ms)
[RANK0] Iteration 8
[RANK0] F @ 1.065185546875 (ms) to 26.067138671875 (ms), cudaEventElapsed = 24.976383209228516 (ms)
[RANK0] F @ 26.734375 (ms) to 52.919189453125 (ms), cudaEventElapsed = 26.16320037841797 (ms)
[RANK0] F @ 53.58935546875 (ms) to 80.94921875 (ms), cudaEventElapsed = 27.33465576171875 (ms)
[RANK0] F @ 81.61181640625 (ms) to 109.315185546875 (ms), cudaEventElapsed = 27.680767059326172 (ms)
[RANK0] F @ 109.984375 (ms) to 137.803955078125 (ms), cudaEventElapsed = 27.797504425048828 (ms)
[RANK0] F @ 138.474853515625 (ms) to 166.03125 (ms), cudaEventElapsed = 27.53331184387207 (ms)
[RANK0] F @ 166.67578125 (ms) to 194.60595703125 (ms), cudaEventElapsed = 27.891712188720703 (ms)
[RANK0] F @ 195.2587890625 (ms) to 223.092529296875 (ms), cudaEventElapsed = 27.811840057373047 (ms)
[RANK0] F @ 223.7548828125 (ms) to 251.611083984375 (ms), cudaEventElapsed = 27.831296920776367 (ms)
[RANK0] F @ 252.3017578125 (ms) to 280.159912109375 (ms), cudaEventElapsed = 27.835391998291016 (ms)
[RANK0] F @ 280.83984375 (ms) to 308.40283203125 (ms), cudaEventElapsed = 27.53843116760254 (ms)
[RANK0] F @ 309.096923828125 (ms) to 337.07373046875 (ms), cudaEventElapsed = 27.95315170288086 (ms)
[RANK0] B @ 522.8447265625 (ms) to 556.09765625 (ms), cudaEventElapsed = 33.22880172729492 (ms)
[RANK0] W @ 556.3232421875 (ms) to 571.566162109375 (ms), cudaEventElapsed = 15.220735549926758 (ms)
[RANK0] B @ 643.23193359375 (ms) to 676.436279296875 (ms), cudaEventElapsed = 33.179649353027344 (ms)
[RANK0] W @ 676.75927734375 (ms) to 691.51904296875 (ms), cudaEventElapsed = 14.736384391784668 (ms)
[RANK0] B @ 726.6328125 (ms) to 759.8740234375 (ms), cudaEventElapsed = 33.21958541870117 (ms)
[RANK0] W @ 760.082763671875 (ms) to 775.333740234375 (ms), cudaEventElapsed = 15.229951858520508 (ms)
[RANK0] B @ 809.935302734375 (ms) to 843.151611328125 (ms), cudaEventElapsed = 33.1960334777832 (ms)
[RANK0] W @ 843.352294921875 (ms) to 858.849365234375 (ms), cudaEventElapsed = 15.475711822509766 (ms)
[RANK0] B @ 859.697021484375 (ms) to 896.013427734375 (ms), cudaEventElapsed = 36.29568099975586 (ms)
[RANK0] W @ 896.31298828125 (ms) to 914.32275390625 (ms), cudaEventElapsed = 17.98758316040039 (ms)
[RANK0] B @ 939.150390625 (ms) to 973.141357421875 (ms), cudaEventElapsed = 33.96915054321289 (ms)
[RANK0] W @ 973.9150390625 (ms) to 989.944091796875 (ms), cudaEventElapsed = 16.00511932373047 (ms)
[RANK0] B @ 1020.33642578125 (ms) to 1053.866943359375 (ms), cudaEventElapsed = 33.509376525878906 (ms)
[RANK0] W @ 1054.074462890625 (ms) to 1069.730224609375 (ms), cudaEventElapsed = 15.634431838989258 (ms)
[RANK0] B @ 1164.749267578125 (ms) to 1197.791748046875 (ms), cudaEventElapsed = 33.01785659790039 (ms)
[RANK0] W @ 1197.988525390625 (ms) to 1213.180419921875 (ms), cudaEventElapsed = 15.169535636901855 (ms)
[RANK0] B @ 1214.094970703125 (ms) to 1249.7734375 (ms), cudaEventElapsed = 35.6577262878418 (ms)
[RANK0] W @ 1249.970947265625 (ms) to 1267.5888671875 (ms), cudaEventElapsed = 17.596416473388672 (ms)
[RANK0] B @ 1280.732666015625 (ms) to 1315.712158203125 (ms), cudaEventElapsed = 34.958335876464844 (ms)
[RANK0] W @ 1315.909423828125 (ms) to 1332.35205078125 (ms), cudaEventElapsed = 16.42188835144043 (ms)
[RANK0] B @ 1383.283447265625 (ms) to 1416.431396484375 (ms), cudaEventElapsed = 33.12947082519531 (ms)
[RANK0] W @ 1416.628173828125 (ms) to 1432.14013671875 (ms), cudaEventElapsed = 15.48799991607666 (ms)
[RANK0] B @ 1483.52294921875 (ms) to 1516.72509765625 (ms), cudaEventElapsed = 33.181697845458984 (ms)
[RANK0] 1W @ 1517.039306640625 (ms) to 1532.584228515625 (ms), cudaEventElapsed = 15.522815704345703 (ms)
[RANK0] Iteration 9
[RANK0] F @ 0.4970703125 (ms) to 26.2041015625 (ms), cudaEventElapsed = 25.68396759033203 (ms)
[RANK0] F @ 26.85498046875 (ms) to 53.431640625 (ms), cudaEventElapsed = 26.55232048034668 (ms)
[RANK0] F @ 54.647705078125 (ms) to 82.214599609375 (ms), cudaEventElapsed = 27.54047966003418 (ms)
[RANK0] F @ 82.873046875 (ms) to 110.60107421875 (ms), cudaEventElapsed = 27.704320907592773 (ms)
[RANK0] F @ 111.25634765625 (ms) to 139.257568359375 (ms), cudaEventElapsed = 27.97056007385254 (ms)
[RANK0] F @ 139.9248046875 (ms) to 167.472412109375 (ms), cudaEventElapsed = 27.52511978149414 (ms)
[RANK0] F @ 168.11865234375 (ms) to 195.96728515625 (ms), cudaEventElapsed = 27.827199935913086 (ms)
[RANK0] F @ 196.62451171875 (ms) to 224.352783203125 (ms), cudaEventElapsed = 27.704320907592773 (ms)
[RANK0] F @ 225.0126953125 (ms) to 252.810546875 (ms), cudaEventElapsed = 27.77292823791504 (ms)
[RANK0] F @ 253.512939453125 (ms) to 281.1015625 (ms), cudaEventElapsed = 27.55788803100586 (ms)
[RANK0] F @ 281.771484375 (ms) to 309.10107421875 (ms), cudaEventElapsed = 27.304960250854492 (ms)
[RANK0] F @ 309.812744140625 (ms) to 337.779052734375 (ms), cudaEventElapsed = 27.94291114807129 (ms)
[RANK0] B @ 523.226806640625 (ms) to 556.50146484375 (ms), cudaEventElapsed = 33.2492790222168 (ms)
[RANK0] W @ 556.74658203125 (ms) to 571.7900390625 (ms), cudaEventElapsed = 15.020031929016113 (ms)
[RANK0] B @ 644.335205078125 (ms) to 677.465087890625 (ms), cudaEventElapsed = 33.104896545410156 (ms)
[RANK0] W @ 677.76171875 (ms) to 693.02099609375 (ms), cudaEventElapsed = 15.235072135925293 (ms)
[RANK0] B @ 727.11669921875 (ms) to 760.447509765625 (ms), cudaEventElapsed = 33.307647705078125 (ms)
[RANK0] W @ 760.654052734375 (ms) to 775.947021484375 (ms), cudaEventElapsed = 15.270912170410156 (ms)
[RANK0] B @ 809.892822265625 (ms) to 843.172607421875 (ms), cudaEventElapsed = 33.26054382324219 (ms)
[RANK0] W @ 843.375244140625 (ms) to 858.77880859375 (ms), cudaEventElapsed = 15.382528305053711 (ms)
[RANK0] B @ 859.62060546875 (ms) to 895.722900390625 (ms), cudaEventElapsed = 36.0816650390625 (ms)
[RANK0] W @ 896.02294921875 (ms) to 913.809814453125 (ms), cudaEventElapsed = 17.764352798461914 (ms)
[RANK0] B @ 938.15185546875 (ms) to 971.979248046875 (ms), cudaEventElapsed = 33.80633544921875 (ms)
[RANK0] W @ 972.760986328125 (ms) to 988.394287109375 (ms), cudaEventElapsed = 15.609855651855469 (ms)
[RANK0] B @ 1021.054931640625 (ms) to 1054.590087890625 (ms), cudaEventElapsed = 33.51347351074219 (ms)
[RANK0] W @ 1054.811767578125 (ms) to 1070.7392578125 (ms), cudaEventElapsed = 15.904767990112305 (ms)
[RANK0] B @ 1170.852783203125 (ms) to 1203.931396484375 (ms), cudaEventElapsed = 33.05472183227539 (ms)
[RANK0] W @ 1204.1728515625 (ms) to 1219.37255859375 (ms), cudaEventElapsed = 15.175680160522461 (ms)
[RANK0] B @ 1220.3955078125 (ms) to 1256.5361328125 (ms), cudaEventElapsed = 36.11955261230469 (ms)
[RANK0] W @ 1256.76806640625 (ms) to 1274.5595703125 (ms), cudaEventElapsed = 17.767423629760742 (ms)
[RANK0] B @ 1287.920166015625 (ms) to 1322.8623046875 (ms), cudaEventElapsed = 34.9194221496582 (ms)
[RANK0] W @ 1323.0888671875 (ms) to 1339.114990234375 (ms), cudaEventElapsed = 16.00307273864746 (ms)
[RANK0] B @ 1388.596435546875 (ms) to 1421.777099609375 (ms), cudaEventElapsed = 33.1591682434082 (ms)
[RANK0] W @ 1422.0224609375 (ms) to 1437.06005859375 (ms), cudaEventElapsed = 15.010815620422363 (ms)
[RANK0] B @ 1487.976318359375 (ms) to 1521.0400390625 (ms), cudaEventElapsed = 33.04243087768555 (ms)
[RANK0] 1W @ 1521.3876953125 (ms) to 1536.447265625 (ms), cudaEventElapsed = 15.037440299987793 (ms)
