[RANK1] Iteration 1
[RANK1] F @ 527.19921875 (ms) to 722.810302734375 (ms), cudaEventElapsed = 195.55123901367188 (ms)
[RANK1] F @ 724.238525390625 (ms) to 757.413330078125 (ms), cudaEventElapsed = 33.14995193481445 (ms)
[RANK1] F @ 758.69384765625 (ms) to 795.509521484375 (ms), cudaEventElapsed = 36.792320251464844 (ms)
[RANK1] F @ 796.885986328125 (ms) to 833.0634765625 (ms), cudaEventElapsed = 36.15436935424805 (ms)
[RANK1] F @ 834.35009765625 (ms) to 870.031005859375 (ms), cudaEventElapsed = 35.65875244140625 (ms)
[RANK1] B @ 1587.518310546875 (ms) to 1640.349365234375 (ms), cudaEventElapsed = 52.80255889892578 (ms)
[RANK1] F @ 1641.6298828125 (ms) to 1674.36474609375 (ms), cudaEventElapsed = 32.7116813659668 (ms)
[RANK1] B @ 1675.908935546875 (ms) to 1720.78857421875 (ms), cudaEventElapsed = 44.856319427490234 (ms)
[RANK1] F @ 1722.037353515625 (ms) to 1755.628662109375 (ms), cudaEventElapsed = 33.56876754760742 (ms)
[RANK1] B @ 1757.05322265625 (ms) to 1801.392578125 (ms), cudaEventElapsed = 44.31462478637695 (ms)
[RANK1] F @ 1802.826416015625 (ms) to 1836.456787109375 (ms), cudaEventElapsed = 33.60255813598633 (ms)
[RANK1] B @ 1837.892333984375 (ms) to 1882.573486328125 (ms), cudaEventElapsed = 44.656639099121094 (ms)
[RANK1] F @ 1883.818359375 (ms) to 1917.451904296875 (ms), cudaEventElapsed = 33.60768127441406 (ms)
[RANK1] B @ 1919.0400390625 (ms) to 1963.421875 (ms), cudaEventElapsed = 44.35558319091797 (ms)
[RANK1] F @ 1964.8759765625 (ms) to 1998.251708984375 (ms), cudaEventElapsed = 33.34758377075195 (ms)
[RANK1] B @ 1999.915283203125 (ms) to 2044.18408203125 (ms), cudaEventElapsed = 44.2347526550293 (ms)
[RANK1] F @ 2045.673828125 (ms) to 2079.324462890625 (ms), cudaEventElapsed = 33.62201690673828 (ms)
[RANK1] B @ 2080.900146484375 (ms) to 2125.327392578125 (ms), cudaEventElapsed = 44.39756774902344 (ms)
[RANK1] F @ 2126.711669921875 (ms) to 2160.483642578125 (ms), cudaEventElapsed = 33.743873596191406 (ms)
[RANK1] B @ 2162.072998046875 (ms) to 2206.42724609375 (ms), cudaEventElapsed = 44.32486343383789 (ms)
[RANK1] W @ 2207.419677734375 (ms) to 2228.404052734375 (ms), cudaEventElapsed = 20.948991775512695 (ms)
[RANK1] B @ 2229.216796875 (ms) to 2271.15625 (ms), cudaEventElapsed = 41.90719985961914 (ms)
[RANK1] W @ 2271.9013671875 (ms) to 2292.1025390625 (ms), cudaEventElapsed = 20.179967880249023 (ms)
[RANK1] B @ 2300.28125 (ms) to 2341.562744140625 (ms), cudaEventElapsed = 41.260032653808594 (ms)
[RANK1] W @ 2342.34619140625 (ms) to 2362.36376953125 (ms), cudaEventElapsed = 19.9946231842041 (ms)
[RANK1] B @ 2364.10791015625 (ms) to 2406.020263671875 (ms), cudaEventElapsed = 41.891841888427734 (ms)
[RANK1] W @ 2406.74365234375 (ms) to 2426.9365234375 (ms), cudaEventElapsed = 20.171775817871094 (ms)
[RANK1] B @ 2429.203125 (ms) to 2471.25146484375 (ms), cudaEventElapsed = 42.010623931884766 (ms)
[RANK1] 8W @ 2473.294921875 (ms) to 2644.458984375 (ms), cudaEventElapsed = 171.13497924804688 (ms)
[RANK1] Iteration 2
[RANK1] F @ 34.021240234375 (ms) to 66.07666015625 (ms), cudaEventElapsed = 32.02560043334961 (ms)
[RANK1] F @ 67.7099609375 (ms) to 101.55712890625 (ms), cudaEventElapsed = 33.81657409667969 (ms)
[RANK1] F @ 103.13818359375 (ms) to 139.651123046875 (ms), cudaEventElapsed = 36.48102569580078 (ms)
[RANK1] F @ 141.296875 (ms) to 177.983154296875 (ms), cudaEventElapsed = 36.65305709838867 (ms)
[RANK1] F @ 179.7041015625 (ms) to 335.246826171875 (ms), cudaEventElapsed = 155.5087432861328 (ms)
[RANK1] B @ 337.067626953125 (ms) to 380.568359375 (ms), cudaEventElapsed = 43.461631774902344 (ms)
[RANK1] F @ 382.641845703125 (ms) to 418.858642578125 (ms), cudaEventElapsed = 36.18918228149414 (ms)
[RANK1] B @ 420.791259765625 (ms) to 467.415283203125 (ms), cudaEventElapsed = 46.59507369995117 (ms)
[RANK1] F @ 468.89501953125 (ms) to 504.206298828125 (ms), cudaEventElapsed = 35.28294372558594 (ms)
[RANK1] B @ 505.933349609375 (ms) to 551.5048828125 (ms), cudaEventElapsed = 45.54240036010742 (ms)
[RANK1] F @ 553.11376953125 (ms) to 588.27734375 (ms), cudaEventElapsed = 35.132415771484375 (ms)
[RANK1] B @ 589.924072265625 (ms) to 635.1455078125 (ms), cudaEventElapsed = 45.19424057006836 (ms)
[RANK1] F @ 673.288818359375 (ms) to 705.1162109375 (ms), cudaEventElapsed = 31.79724884033203 (ms)
[RANK1] B @ 706.791015625 (ms) to 750.56201171875 (ms), cudaEventElapsed = 43.74220657348633 (ms)
[RANK1] F @ 751.997314453125 (ms) to 787.17626953125 (ms), cudaEventElapsed = 35.15187072753906 (ms)
[RANK1] B @ 788.892333984375 (ms) to 833.763916015625 (ms), cudaEventElapsed = 44.8430061340332 (ms)
[RANK1] F @ 835.160888671875 (ms) to 870.133056640625 (ms), cudaEventElapsed = 34.944000244140625 (ms)
[RANK1] B @ 871.708740234375 (ms) to 917.024658203125 (ms), cudaEventElapsed = 45.28742218017578 (ms)
[RANK1] F @ 918.453369140625 (ms) to 954.304443359375 (ms), cudaEventElapsed = 35.82361602783203 (ms)
[RANK1] B @ 955.6123046875 (ms) to 1000.89013671875 (ms), cudaEventElapsed = 45.255680084228516 (ms)
[RANK1] W @ 1001.642578125 (ms) to 1025.164794921875 (ms), cudaEventElapsed = 23.50079917907715 (ms)
[RANK1] B @ 1033.370849609375 (ms) to 1078.384765625 (ms), cudaEventElapsed = 44.99251174926758 (ms)
[RANK1] W @ 1079.12109375 (ms) to 1102.052490234375 (ms), cudaEventElapsed = 22.90892791748047 (ms)
[RANK1] B @ 1118.03173828125 (ms) to 1163.61669921875 (ms), cudaEventElapsed = 45.56288146972656 (ms)
[RANK1] W @ 1164.361083984375 (ms) to 1187.963134765625 (ms), cudaEventElapsed = 23.576576232910156 (ms)
[RANK1] B @ 1189.787353515625 (ms) to 1237.0693359375 (ms), cudaEventElapsed = 47.26067352294922 (ms)
[RANK1] W @ 1237.818115234375 (ms) to 1262.07666015625 (ms), cudaEventElapsed = 24.231935501098633 (ms)
[RANK1] B @ 1262.838134765625 (ms) to 1310.374267578125 (ms), cudaEventElapsed = 47.514625549316406 (ms)
[RANK1] 8W @ 1312.20361328125 (ms) to 1526.480712890625 (ms), cudaEventElapsed = 214.2494659423828 (ms)
[RANK1] Iteration 3
[RANK1] F @ 33.3154296875 (ms) to 72.8896484375 (ms), cudaEventElapsed = 39.54380798339844 (ms)
[RANK1] F @ 74.427490234375 (ms) to 107.984130859375 (ms), cudaEventElapsed = 33.5206413269043 (ms)
[RANK1] F @ 109.678466796875 (ms) to 146.0205078125 (ms), cudaEventElapsed = 36.31411361694336 (ms)
[RANK1] F @ 147.6064453125 (ms) to 183.865478515625 (ms), cudaEventElapsed = 36.227073669433594 (ms)
[RANK1] F @ 185.21337890625 (ms) to 221.18310546875 (ms), cudaEventElapsed = 35.9444465637207 (ms)
[RANK1] B @ 246.63916015625 (ms) to 288.565185546875 (ms), cudaEventElapsed = 41.90105438232422 (ms)
[RANK1] F @ 290.01904296875 (ms) to 324.350830078125 (ms), cudaEventElapsed = 34.30195236206055 (ms)
[RANK1] F @ 325.89306640625 (ms) to 362.40771484375 (ms), cudaEventElapsed = 36.483070373535156 (ms)
[RANK1] B @ 363.677978515625 (ms) to 409.797119140625 (ms), cudaEventElapsed = 46.0871696472168 (ms)
[RANK1] F @ 411.1650390625 (ms) to 446.691162109375 (ms), cudaEventElapsed = 35.502079010009766 (ms)
[RANK1] B @ 447.943359375 (ms) to 493.646240234375 (ms), cudaEventElapsed = 45.680641174316406 (ms)
[RANK1] F @ 494.998779296875 (ms) to 530.49609375 (ms), cudaEventElapsed = 35.108863830566406 (ms)
[RANK1] B @ 531.77392578125 (ms) to 577.16650390625 (ms), cudaEventElapsed = 45.36832046508789 (ms)
[RANK1] B @ 578.41748046875 (ms) to 623.064453125 (ms), cudaEventElapsed = 44.625919342041016 (ms)
[RANK1] F @ 624.388427734375 (ms) to 659.803955078125 (ms), cudaEventElapsed = 35.39353561401367 (ms)
[RANK1] B @ 661.036376953125 (ms) to 706.44873046875 (ms), cudaEventElapsed = 45.38675308227539 (ms)
[RANK1] F @ 707.736572265625 (ms) to 742.914306640625 (ms), cudaEventElapsed = 35.154945373535156 (ms)
[RANK1] B @ 744.13525390625 (ms) to 789.929931640625 (ms), cudaEventElapsed = 45.770751953125 (ms)
[RANK1] F @ 791.1591796875 (ms) to 826.534912109375 (ms), cudaEventElapsed = 35.355648040771484 (ms)
[RANK1] W @ 827.279541015625 (ms) to 851.991943359375 (ms), cudaEventElapsed = 24.689664840698242 (ms)
[RANK1] B @ 852.881591796875 (ms) to 939.405029296875 (ms), cudaEventElapsed = 86.50137329101562 (ms)
[RANK1] B @ 941.318359375 (ms) to 984.408935546875 (ms), cudaEventElapsed = 43.063297271728516 (ms)
[RANK1] W @ 985.221435546875 (ms) to 1008.1650390625 (ms), cudaEventElapsed = 22.916095733642578 (ms)
[RANK1] B @ 1009.93212890625 (ms) to 1058.3408203125 (ms), cudaEventElapsed = 48.38399887084961 (ms)
[RANK1] W @ 1059.0693359375 (ms) to 1083.28564453125 (ms), cudaEventElapsed = 24.195072174072266 (ms)
[RANK1] W @ 1083.560791015625 (ms) to 1111.074462890625 (ms), cudaEventElapsed = 27.490304946899414 (ms)
[RANK1] B @ 1111.83251953125 (ms) to 1161.65283203125 (ms), cudaEventElapsed = 49.79916763305664 (ms)
[RANK1] W @ 1162.34619140625 (ms) to 1187.253662109375 (ms), cudaEventElapsed = 24.886272430419922 (ms)
[RANK1] W @ 1187.52783203125 (ms) to 1214.029541015625 (ms), cudaEventElapsed = 26.479616165161133 (ms)
[RANK1] B @ 1214.809814453125 (ms) to 1262.470947265625 (ms), cudaEventElapsed = 47.64057540893555 (ms)
[RANK1] 6W @ 1264.209228515625 (ms) to 1424.45947265625 (ms), cudaEventElapsed = 160.22425842285156 (ms)
[RANK1] Iteration 4
[RANK1] F @ 31.88330078125 (ms) to 63.580322265625 (ms), cudaEventElapsed = 31.674367904663086 (ms)
[RANK1] F @ 64.871826171875 (ms) to 98.93359375 (ms), cudaEventElapsed = 34.03673553466797 (ms)
[RANK1] F @ 100.340576171875 (ms) to 136.90771484375 (ms), cudaEventElapsed = 36.543487548828125 (ms)
[RANK1] F @ 138.453369140625 (ms) to 175.138671875 (ms), cudaEventElapsed = 36.65510559082031 (ms)
[RANK1] F @ 176.732177734375 (ms) to 212.8134765625 (ms), cudaEventElapsed = 36.05196762084961 (ms)
[RANK1] B @ 234.748046875 (ms) to 277.0888671875 (ms), cudaEventElapsed = 42.31167984008789 (ms)
[RANK1] F @ 278.497802734375 (ms) to 313.43310546875 (ms), cudaEventElapsed = 34.907135009765625 (ms)
[RANK1] F @ 315.011962890625 (ms) to 351.671142578125 (ms), cudaEventElapsed = 36.62745666503906 (ms)
[RANK1] B @ 352.938720703125 (ms) to 398.527099609375 (ms), cudaEventElapsed = 45.56288146972656 (ms)
[RANK1] F @ 399.90087890625 (ms) to 435.392333984375 (ms), cudaEventElapsed = 35.467262268066406 (ms)
[RANK1] B @ 436.590087890625 (ms) to 482.3701171875 (ms), cudaEventElapsed = 45.74924850463867 (ms)
[RANK1] F @ 483.948486328125 (ms) to 519.877685546875 (ms), cudaEventElapsed = 35.90348815917969 (ms)
[RANK1] B @ 521.18798828125 (ms) to 566.77001953125 (ms), cudaEventElapsed = 45.55571365356445 (ms)
[RANK1] B @ 568.20361328125 (ms) to 612.940673828125 (ms), cudaEventElapsed = 44.71091079711914 (ms)
[RANK1] F @ 614.510498046875 (ms) to 649.953857421875 (ms), cudaEventElapsed = 35.4150390625 (ms)
[RANK1] B @ 651.340576171875 (ms) to 696.7314453125 (ms), cudaEventElapsed = 45.36422348022461 (ms)
[RANK1] F @ 698.283935546875 (ms) to 733.8603515625 (ms), cudaEventElapsed = 35.550209045410156 (ms)
[RANK1] B @ 735.2734375 (ms) to 780.858154296875 (ms), cudaEventElapsed = 45.55775833129883 (ms)
[RANK1] F @ 782.2470703125 (ms) to 817.552001953125 (ms), cudaEventElapsed = 35.27782440185547 (ms)
[RANK1] W @ 818.29150390625 (ms) to 842.98046875 (ms), cudaEventElapsed = 24.66815948486328 (ms)
[RANK1] B @ 843.828369140625 (ms) to 929.477783203125 (ms), cudaEventElapsed = 85.6279067993164 (ms)
[RANK1] B @ 931.40966796875 (ms) to 974.673828125 (ms), cudaEventElapsed = 43.2435188293457 (ms)
[RANK1] W @ 975.430908203125 (ms) to 997.669677734375 (ms), cudaEventElapsed = 22.213632583618164 (ms)
[RANK1] B @ 998.9853515625 (ms) to 1047.58056640625 (ms), cudaEventElapsed = 48.570369720458984 (ms)
[RANK1] W @ 1048.27734375 (ms) to 1072.72021484375 (ms), cudaEventElapsed = 24.419328689575195 (ms)
[RANK1] W @ 1072.9892578125 (ms) to 1099.05810546875 (ms), cudaEventElapsed = 26.047487258911133 (ms)
[RANK1] B @ 1099.81884765625 (ms) to 1149.805908203125 (ms), cudaEventElapsed = 49.967105865478516 (ms)
[RANK1] W @ 1150.487060546875 (ms) to 1175.183349609375 (ms), cudaEventElapsed = 24.67532730102539 (ms)
[RANK1] W @ 1175.460693359375 (ms) to 1201.81005859375 (ms), cudaEventElapsed = 26.32806396484375 (ms)
[RANK1] B @ 1202.585205078125 (ms) to 1250.504150390625 (ms), cudaEventElapsed = 47.8996467590332 (ms)
[RANK1] 6W @ 1252.26318359375 (ms) to 1409.69921875 (ms), cudaEventElapsed = 157.41030883789062 (ms)
[RANK1] Iteration 5
[RANK1] F @ 153.40625 (ms) to 184.7861328125 (ms), cudaEventElapsed = 31.352832794189453 (ms)
[RANK1] F @ 186.30859375 (ms) to 220.158203125 (ms), cudaEventElapsed = 33.82169723510742 (ms)
[RANK1] F @ 221.807373046875 (ms) to 258.980224609375 (ms), cudaEventElapsed = 37.14457702636719 (ms)
[RANK1] F @ 260.527587890625 (ms) to 296.73486328125 (ms), cudaEventElapsed = 36.17689514160156 (ms)
[RANK1] F @ 298.061279296875 (ms) to 333.853515625 (ms), cudaEventElapsed = 35.77036666870117 (ms)
[RANK1] B @ 357.375 (ms) to 399.426513671875 (ms), cudaEventElapsed = 42.02803039550781 (ms)
[RANK1] F @ 400.66162109375 (ms) to 435.121337890625 (ms), cudaEventElapsed = 34.43609619140625 (ms)
[RANK1] F @ 436.468994140625 (ms) to 472.343994140625 (ms), cudaEventElapsed = 35.85023880004883 (ms)
[RANK1] B @ 473.64599609375 (ms) to 518.94091796875 (ms), cudaEventElapsed = 45.27308654785156 (ms)
[RANK1] F @ 520.2900390625 (ms) to 555.211181640625 (ms), cudaEventElapsed = 34.897918701171875 (ms)
[RANK1] B @ 556.579345703125 (ms) to 601.724365234375 (ms), cudaEventElapsed = 45.118465423583984 (ms)
[RANK1] F @ 603.23828125 (ms) to 638.079345703125 (ms), cudaEventElapsed = 34.80985641479492 (ms)
[RANK1] B @ 639.58642578125 (ms) to 684.547607421875 (ms), cudaEventElapsed = 44.9351692199707 (ms)
[RANK1] B @ 685.9365234375 (ms) to 730.520263671875 (ms), cudaEventElapsed = 44.55628967285156 (ms)
[RANK1] F @ 732.049560546875 (ms) to 766.781005859375 (ms), cudaEventElapsed = 34.704383850097656 (ms)
[RANK1] B @ 768.13720703125 (ms) to 813.133544921875 (ms), cudaEventElapsed = 44.96895980834961 (ms)
[RANK1] F @ 814.3916015625 (ms) to 849.17236328125 (ms), cudaEventElapsed = 34.760704040527344 (ms)
[RANK1] B @ 850.3955078125 (ms) to 895.58935546875 (ms), cudaEventElapsed = 45.17068862915039 (ms)
[RANK1] F @ 896.816162109375 (ms) to 932.244873046875 (ms), cudaEventElapsed = 35.40582275390625 (ms)
[RANK1] W @ 932.979248046875 (ms) to 956.717529296875 (ms), cudaEventElapsed = 23.71379280090332 (ms)
[RANK1] B @ 957.594482421875 (ms) to 1005.10888671875 (ms), cudaEventElapsed = 47.492095947265625 (ms)
[RANK1] B @ 1006.34130859375 (ms) to 1054.393798828125 (ms), cudaEventElapsed = 48.03071975708008 (ms)
[RANK1] W @ 1055.1572265625 (ms) to 1079.29443359375 (ms), cudaEventElapsed = 24.11520004272461 (ms)
[RANK1] B @ 1080.074462890625 (ms) to 1127.329345703125 (ms), cudaEventElapsed = 47.234046936035156 (ms)
[RANK1] W @ 1128.04443359375 (ms) to 1152.233642578125 (ms), cudaEventElapsed = 24.163328170776367 (ms)
[RANK1] W @ 1152.503173828125 (ms) to 1178.496337890625 (ms), cudaEventElapsed = 25.968639373779297 (ms)
[RANK1] B @ 1179.4560546875 (ms) to 1227.937255859375 (ms), cudaEventElapsed = 48.46080017089844 (ms)
[RANK1] W @ 1228.611572265625 (ms) to 1254.33203125 (ms), cudaEventElapsed = 25.69830322265625 (ms)
[RANK1] W @ 1254.6064453125 (ms) to 1281.682373046875 (ms), cudaEventElapsed = 27.054079055786133 (ms)
[RANK1] B @ 1282.447265625 (ms) to 1330.65478515625 (ms), cudaEventElapsed = 48.18636703491211 (ms)
[RANK1] 6W @ 1332.365478515625 (ms) to 1492.39208984375 (ms), cudaEventElapsed = 160.0 (ms)
[RANK1] Iteration 6
[RANK1] F @ 151.91796875 (ms) to 183.194580078125 (ms), cudaEventElapsed = 31.250431060791016 (ms)
[RANK1] F @ 184.69189453125 (ms) to 218.5224609375 (ms), cudaEventElapsed = 33.80428695678711 (ms)
[RANK1] F @ 220.17919921875 (ms) to 255.836181640625 (ms), cudaEventElapsed = 35.62905502319336 (ms)
[RANK1] F @ 257.373291015625 (ms) to 293.16796875 (ms), cudaEventElapsed = 35.755008697509766 (ms)
[RANK1] F @ 294.524658203125 (ms) to 330.236328125 (ms), cudaEventElapsed = 35.6864013671875 (ms)
[RANK1] B @ 355.771484375 (ms) to 397.61279296875 (ms), cudaEventElapsed = 41.81196975708008 (ms)
[RANK1] F @ 399.03955078125 (ms) to 432.706298828125 (ms), cudaEventElapsed = 33.64044952392578 (ms)
[RANK1] F @ 434.2685546875 (ms) to 469.949951171875 (ms), cudaEventElapsed = 35.64851379394531 (ms)
[RANK1] B @ 471.229248046875 (ms) to 516.39208984375 (ms), cudaEventElapsed = 45.12972640991211 (ms)
[RANK1] F @ 517.94921875 (ms) to 552.777587890625 (ms), cudaEventElapsed = 34.8037109375 (ms)
[RANK1] B @ 554.023681640625 (ms) to 599.032958984375 (ms), cudaEventElapsed = 44.98739242553711 (ms)
[RANK1] F @ 600.347412109375 (ms) to 635.41015625 (ms), cudaEventElapsed = 35.04127883911133 (ms)
[RANK1] B @ 636.715087890625 (ms) to 681.738037109375 (ms), cudaEventElapsed = 45.00070571899414 (ms)
[RANK1] B @ 683.1845703125 (ms) to 727.60791015625 (ms), cudaEventElapsed = 44.3955192565918 (ms)
[RANK1] F @ 729.16455078125 (ms) to 764.224609375 (ms), cudaEventElapsed = 35.03411102294922 (ms)
[RANK1] B @ 765.598388671875 (ms) to 811.026123046875 (ms), cudaEventElapsed = 45.4021110534668 (ms)
[RANK1] F @ 812.323974609375 (ms) to 847.29345703125 (ms), cudaEventElapsed = 34.94707107543945 (ms)
[RANK1] B @ 848.5380859375 (ms) to 893.94775390625 (ms), cudaEventElapsed = 45.38777542114258 (ms)
[RANK1] F @ 895.169189453125 (ms) to 930.214599609375 (ms), cudaEventElapsed = 35.02387237548828 (ms)
[RANK1] W @ 930.965087890625 (ms) to 955.0966796875 (ms), cudaEventElapsed = 24.10905647277832 (ms)
[RANK1] B @ 955.974365234375 (ms) to 1037.40087890625 (ms), cudaEventElapsed = 81.4039077758789 (ms)
[RANK1] B @ 1039.32421875 (ms) to 1082.234619140625 (ms), cudaEventElapsed = 42.8851203918457 (ms)
[RANK1] W @ 1082.9951171875 (ms) to 1104.989013671875 (ms), cudaEventElapsed = 21.971967697143555 (ms)
[RANK1] B @ 1105.8603515625 (ms) to 1154.229248046875 (ms), cudaEventElapsed = 48.34918212890625 (ms)
[RANK1] W @ 1154.923583984375 (ms) to 1179.13818359375 (ms), cudaEventElapsed = 24.191999435424805 (ms)
[RANK1] W @ 1179.449951171875 (ms) to 1205.166015625 (ms), cudaEventElapsed = 25.69215965270996 (ms)
[RANK1] B @ 1205.986083984375 (ms) to 1255.937255859375 (ms), cudaEventElapsed = 49.9312629699707 (ms)
[RANK1] W @ 1256.62646484375 (ms) to 1281.412109375 (ms), cudaEventElapsed = 24.762367248535156 (ms)
[RANK1] W @ 1281.72509765625 (ms) to 1307.7412109375 (ms), cudaEventElapsed = 25.992191314697266 (ms)
[RANK1] B @ 1308.52197265625 (ms) to 1355.99658203125 (ms), cudaEventElapsed = 47.453182220458984 (ms)
[RANK1] 6W @ 1357.81787109375 (ms) to 1517.36474609375 (ms), cudaEventElapsed = 159.51974487304688 (ms)
[RANK1] Iteration 7
[RANK1] F @ 152.856689453125 (ms) to 184.23095703125 (ms), cudaEventElapsed = 31.3384952545166 (ms)
[RANK1] F @ 185.534912109375 (ms) to 218.998291015625 (ms), cudaEventElapsed = 33.44179153442383 (ms)
[RANK1] F @ 220.3974609375 (ms) to 256.17724609375 (ms), cudaEventElapsed = 35.75398254394531 (ms)
[RANK1] F @ 257.48095703125 (ms) to 293.4169921875 (ms), cudaEventElapsed = 35.90963363647461 (ms)
[RANK1] F @ 295.036865234375 (ms) to 331.26220703125 (ms), cudaEventElapsed = 36.201473236083984 (ms)
[RANK1] B @ 357.1796875 (ms) to 398.723388671875 (ms), cudaEventElapsed = 41.51398468017578 (ms)
[RANK1] F @ 400.165283203125 (ms) to 433.991943359375 (ms), cudaEventElapsed = 33.79916763305664 (ms)
[RANK1] F @ 435.572265625 (ms) to 471.612548828125 (ms), cudaEventElapsed = 36.00998306274414 (ms)
[RANK1] B @ 472.8701171875 (ms) to 518.445556640625 (ms), cudaEventElapsed = 45.55366516113281 (ms)
[RANK1] F @ 520.80224609375 (ms) to 555.6123046875 (ms), cudaEventElapsed = 34.781185150146484 (ms)
[RANK1] B @ 557.003173828125 (ms) to 601.66357421875 (ms), cudaEventElapsed = 44.633087158203125 (ms)
[RANK1] F @ 602.992431640625 (ms) to 637.63720703125 (ms), cudaEventElapsed = 34.62246322631836 (ms)
[RANK1] B @ 638.922119140625 (ms) to 683.940673828125 (ms), cudaEventElapsed = 44.99763107299805 (ms)
[RANK1] B @ 685.178955078125 (ms) to 729.244384765625 (ms), cudaEventElapsed = 44.044288635253906 (ms)
[RANK1] F @ 730.57373046875 (ms) to 765.413330078125 (ms), cudaEventElapsed = 34.81702423095703 (ms)
[RANK1] B @ 766.619384765625 (ms) to 812.072265625 (ms), cudaEventElapsed = 45.427711486816406 (ms)
[RANK1] F @ 813.60888671875 (ms) to 848.66259765625 (ms), cudaEventElapsed = 35.02592086791992 (ms)
[RANK1] B @ 850.048828125 (ms) to 895.318603515625 (ms), cudaEventElapsed = 45.23827362060547 (ms)
[RANK1] F @ 896.603271484375 (ms) to 931.635009765625 (ms), cudaEventElapsed = 35.00748825073242 (ms)
[RANK1] W @ 932.39453125 (ms) to 956.56982421875 (ms), cudaEventElapsed = 24.15001678466797 (ms)
[RANK1] B @ 957.4599609375 (ms) to 1038.739501953125 (ms), cudaEventElapsed = 81.2574691772461 (ms)
[RANK1] B @ 1040.450439453125 (ms) to 1083.402099609375 (ms), cudaEventElapsed = 42.92607879638672 (ms)
[RANK1] W @ 1084.156982421875 (ms) to 1105.846923828125 (ms), cudaEventElapsed = 21.66681671142578 (ms)
[RANK1] B @ 1106.982421875 (ms) to 1155.599365234375 (ms), cudaEventElapsed = 48.59392166137695 (ms)
[RANK1] W @ 1156.27587890625 (ms) to 1180.985595703125 (ms), cudaEventElapsed = 24.68454360961914 (ms)
[RANK1] W @ 1181.30322265625 (ms) to 1206.9892578125 (ms), cudaEventElapsed = 25.658367156982422 (ms)
[RANK1] B @ 1207.8017578125 (ms) to 1258.049072265625 (ms), cudaEventElapsed = 50.22515106201172 (ms)
[RANK1] W @ 1258.7333984375 (ms) to 1284.04833984375 (ms), cudaEventElapsed = 25.292800903320312 (ms)
[RANK1] W @ 1284.36083984375 (ms) to 1310.213134765625 (ms), cudaEventElapsed = 25.828351974487305 (ms)
[RANK1] B @ 1311.0 (ms) to 1358.877197265625 (ms), cudaEventElapsed = 47.854591369628906 (ms)
[RANK1] 6W @ 1360.64404296875 (ms) to 1520.587646484375 (ms), cudaEventElapsed = 159.91500854492188 (ms)
[RANK1] Iteration 8
[RANK1] F @ 155.174560546875 (ms) to 186.644775390625 (ms), cudaEventElapsed = 31.440895080566406 (ms)
[RANK1] F @ 188.194580078125 (ms) to 221.401123046875 (ms), cudaEventElapsed = 33.17657470703125 (ms)
[RANK1] F @ 223.09423828125 (ms) to 258.693603515625 (ms), cudaEventElapsed = 35.571712493896484 (ms)
[RANK1] F @ 260.326416015625 (ms) to 296.093017578125 (ms), cudaEventElapsed = 35.738624572753906 (ms)
[RANK1] F @ 297.858642578125 (ms) to 334.0595703125 (ms), cudaEventElapsed = 36.175872802734375 (ms)
[RANK1] B @ 356.678955078125 (ms) to 398.44775390625 (ms), cudaEventElapsed = 41.73311996459961 (ms)
[RANK1] F @ 399.887451171875 (ms) to 434.231689453125 (ms), cudaEventElapsed = 34.31321716308594 (ms)
[RANK1] F @ 435.847412109375 (ms) to 471.83642578125 (ms), cudaEventElapsed = 35.959808349609375 (ms)
[RANK1] B @ 473.284912109375 (ms) to 518.69970703125 (ms), cudaEventElapsed = 45.38265609741211 (ms)
[RANK1] F @ 520.280029296875 (ms) to 555.462890625 (ms), cudaEventElapsed = 35.1539192199707 (ms)
[RANK1] B @ 556.878173828125 (ms) to 602.31494140625 (ms), cudaEventElapsed = 45.40825653076172 (ms)
[RANK1] F @ 603.909912109375 (ms) to 639.230712890625 (ms), cudaEventElapsed = 34.81190490722656 (ms)
[RANK1] B @ 640.554443359375 (ms) to 685.5517578125 (ms), cudaEventElapsed = 44.97407913208008 (ms)
[RANK1] B @ 686.7880859375 (ms) to 730.947021484375 (ms), cudaEventElapsed = 44.13644790649414 (ms)
[RANK1] F @ 732.251953125 (ms) to 767.07177734375 (ms), cudaEventElapsed = 34.79654312133789 (ms)
[RANK1] B @ 768.310791015625 (ms) to 813.09130859375 (ms), cudaEventElapsed = 44.75801467895508 (ms)
[RANK1] F @ 814.43115234375 (ms) to 849.488037109375 (ms), cudaEventElapsed = 35.03411102294922 (ms)
[RANK1] B @ 850.73974609375 (ms) to 896.009033203125 (ms), cudaEventElapsed = 45.246463775634766 (ms)
[RANK1] F @ 897.24658203125 (ms) to 932.47216796875 (ms), cudaEventElapsed = 35.204097747802734 (ms)
[RANK1] W @ 933.2119140625 (ms) to 957.5068359375 (ms), cudaEventElapsed = 24.26982307434082 (ms)
[RANK1] B @ 958.433837890625 (ms) to 1040.290771484375 (ms), cudaEventElapsed = 81.833984375 (ms)
[RANK1] B @ 1042.23291015625 (ms) to 1085.086181640625 (ms), cudaEventElapsed = 42.833919525146484 (ms)
[RANK1] W @ 1085.82080078125 (ms) to 1107.69482421875 (ms), cudaEventElapsed = 21.85318374633789 (ms)
[RANK1] B @ 1108.780517578125 (ms) to 1156.489013671875 (ms), cudaEventElapsed = 47.687679290771484 (ms)
[RANK1] W @ 1157.152587890625 (ms) to 1181.7158203125 (ms), cudaEventElapsed = 24.542207717895508 (ms)
[RANK1] W @ 1181.986572265625 (ms) to 1208.13818359375 (ms), cudaEventElapsed = 26.12940788269043 (ms)
[RANK1] B @ 1208.899658203125 (ms) to 1259.1640625 (ms), cudaEventElapsed = 50.24358367919922 (ms)
[RANK1] W @ 1259.84912109375 (ms) to 1284.805419921875 (ms), cudaEventElapsed = 24.9303035736084 (ms)
[RANK1] W @ 1285.1474609375 (ms) to 1310.588623046875 (ms), cudaEventElapsed = 25.415679931640625 (ms)
[RANK1] B @ 1311.37548828125 (ms) to 1359.224365234375 (ms), cudaEventElapsed = 47.8289909362793 (ms)
[RANK1] 6W @ 1361.043212890625 (ms) to 1519.8681640625 (ms), cudaEventElapsed = 158.7947540283203 (ms)
[RANK1] Iteration 9
[RANK1] F @ 152.44970703125 (ms) to 183.8759765625 (ms), cudaEventElapsed = 31.4019832611084 (ms)
[RANK1] F @ 185.162109375 (ms) to 218.687255859375 (ms), cudaEventElapsed = 33.5022087097168 (ms)
[RANK1] F @ 220.059814453125 (ms) to 256.57373046875 (ms), cudaEventElapsed = 36.492286682128906 (ms)
[RANK1] F @ 257.86669921875 (ms) to 294.037353515625 (ms), cudaEventElapsed = 36.146175384521484 (ms)
[RANK1] F @ 295.393310546875 (ms) to 331.6943359375 (ms), cudaEventElapsed = 36.27724838256836 (ms)
[RANK1] B @ 356.89404296875 (ms) to 398.578857421875 (ms), cudaEventElapsed = 41.661441802978516 (ms)
[RANK1] F @ 399.85791015625 (ms) to 434.764892578125 (ms), cudaEventElapsed = 34.883583068847656 (ms)
[RANK1] F @ 436.344970703125 (ms) to 472.72265625 (ms), cudaEventElapsed = 36.34688186645508 (ms)
[RANK1] B @ 473.982421875 (ms) to 519.41015625 (ms), cudaEventElapsed = 45.40620803833008 (ms)
[RANK1] F @ 520.761962890625 (ms) to 555.843994140625 (ms), cudaEventElapsed = 35.05868911743164 (ms)
[RANK1] B @ 557.06787109375 (ms) to 602.443359375 (ms), cudaEventElapsed = 45.35295867919922 (ms)
[RANK1] F @ 603.779296875 (ms) to 639.13330078125 (ms), cudaEventElapsed = 34.95935821533203 (ms)
[RANK1] B @ 640.442626953125 (ms) to 685.2470703125 (ms), cudaEventElapsed = 44.77849578857422 (ms)
[RANK1] B @ 686.498291015625 (ms) to 730.742919921875 (ms), cudaEventElapsed = 44.21836853027344 (ms)
[RANK1] F @ 732.0830078125 (ms) to 767.264892578125 (ms), cudaEventElapsed = 35.1569938659668 (ms)
[RANK1] B @ 768.48193359375 (ms) to 813.437255859375 (ms), cudaEventElapsed = 44.93312072753906 (ms)
[RANK1] F @ 814.748046875 (ms) to 849.908935546875 (ms), cudaEventElapsed = 35.137535095214844 (ms)
[RANK1] B @ 851.18359375 (ms) to 896.77001953125 (ms), cudaEventElapsed = 45.56492614746094 (ms)
[RANK1] F @ 898.008544921875 (ms) to 933.24169921875 (ms), cudaEventElapsed = 35.21023941040039 (ms)
[RANK1] W @ 933.994873046875 (ms) to 958.78857421875 (ms), cudaEventElapsed = 24.770559310913086 (ms)
[RANK1] B @ 959.6787109375 (ms) to 1045.59814453125 (ms), cudaEventElapsed = 85.8941421508789 (ms)
[RANK1] B @ 1047.779541015625 (ms) to 1090.77978515625 (ms), cudaEventElapsed = 42.97625732421875 (ms)
[RANK1] W @ 1091.545166015625 (ms) to 1113.2705078125 (ms), cudaEventElapsed = 21.70368003845215 (ms)
[RANK1] B @ 1114.290771484375 (ms) to 1163.14501953125 (ms), cudaEventElapsed = 48.83251190185547 (ms)
[RANK1] W @ 1163.856689453125 (ms) to 1187.98583984375 (ms), cudaEventElapsed = 24.10598373413086 (ms)
[RANK1] W @ 1188.28076171875 (ms) to 1213.636474609375 (ms), cudaEventElapsed = 25.33171272277832 (ms)
[RANK1] B @ 1214.415283203125 (ms) to 1264.193359375 (ms), cudaEventElapsed = 49.75718307495117 (ms)
[RANK1] W @ 1264.881103515625 (ms) to 1289.24365234375 (ms), cudaEventElapsed = 24.342527389526367 (ms)
[RANK1] W @ 1289.52197265625 (ms) to 1315.19384765625 (ms), cudaEventElapsed = 25.649152755737305 (ms)
[RANK1] B @ 1315.94921875 (ms) to 1363.64990234375 (ms), cudaEventElapsed = 47.67948913574219 (ms)
[RANK1] 6W @ 1365.406494140625 (ms) to 1524.104736328125 (ms), cudaEventElapsed = 158.671875 (ms)
