[RANK1] Iteration 1
[RANK1] F @ 83.114013671875 (ms) to 115.156982421875 (ms), cudaEventElapsed = 31.98863983154297 (ms)
[RANK1] F @ 167.255859375 (ms) to 198.75048828125 (ms), cudaEventElapsed = 31.442432403564453 (ms)
[RANK1] F @ 199.246337890625 (ms) to 233.6513671875 (ms), cudaEventElapsed = 34.360801696777344 (ms)
[RANK1] F @ 233.96826171875 (ms) to 514.911865234375 (ms), cudaEventElapsed = 280.8912048339844 (ms)
[RANK1] F @ 516.682861328125 (ms) to 555.108642578125 (ms), cudaEventElapsed = 38.37392044067383 (ms)
[RANK1] B @ 567.739013671875 (ms) to 609.536865234375 (ms), cudaEventElapsed = 41.75529479980469 (ms)
[RANK1] F @ 612.77099609375 (ms) to 645.522705078125 (ms), cudaEventElapsed = 32.71712112426758 (ms)
[RANK1] B @ 645.86279296875 (ms) to 689.976318359375 (ms), cudaEventElapsed = 44.08073425292969 (ms)
[RANK1] F @ 691.265869140625 (ms) to 725.623291015625 (ms), cudaEventElapsed = 34.322017669677734 (ms)
[RANK1] B @ 726.2275390625 (ms) to 770.406494140625 (ms), cudaEventElapsed = 44.13951873779297 (ms)
[RANK1] F @ 770.785888671875 (ms) to 805.24951171875 (ms), cudaEventElapsed = 34.42639923095703 (ms)
[RANK1] B @ 806.465087890625 (ms) to 850.725830078125 (ms), cudaEventElapsed = 44.2130241394043 (ms)
[RANK1] W @ 851.00439453125 (ms) to 872.6025390625 (ms), cudaEventElapsed = 21.565439224243164 (ms)
[RANK1] F @ 872.73388671875 (ms) to 907.091796875 (ms), cudaEventElapsed = 34.33001708984375 (ms)
[RANK1] B @ 1061.9189453125 (ms) to 1101.90087890625 (ms), cudaEventElapsed = 39.910945892333984 (ms)
[RANK1] B @ 1140.381103515625 (ms) to 1179.359130859375 (ms), cudaEventElapsed = 38.93414306640625 (ms)
[RANK1] W @ 1179.5244140625 (ms) to 1198.580810546875 (ms), cudaEventElapsed = 19.019775390625 (ms)
[RANK1] F @ 1198.829833984375 (ms) to 1233.353759765625 (ms), cudaEventElapsed = 34.49135971069336 (ms)
[RANK1] B @ 1244.034912109375 (ms) to 1287.775146484375 (ms), cudaEventElapsed = 43.69878387451172 (ms)
[RANK1] B @ 1289.053955078125 (ms) to 1330.102294921875 (ms), cudaEventElapsed = 41.0153923034668 (ms)
[RANK1] W @ 1330.262939453125 (ms) to 1350.150634765625 (ms), cudaEventElapsed = 19.85536003112793 (ms)
[RANK1] F @ 1350.404296875 (ms) to 1383.533935546875 (ms), cudaEventElapsed = 33.100929260253906 (ms)
[RANK1] B @ 1386.38134765625 (ms) to 1430.043212890625 (ms), cudaEventElapsed = 43.622657775878906 (ms)
[RANK1] W @ 1430.276123046875 (ms) to 1452.1904296875 (ms), cudaEventElapsed = 20.792320251464844 (ms)
[RANK1] F @ 1452.467041015625 (ms) to 1486.69873046875 (ms), cudaEventElapsed = 34.20252990722656 (ms)
[RANK1] B @ 1487.8935546875 (ms) to 1532.012939453125 (ms), cudaEventElapsed = 44.08176040649414 (ms)
[RANK1] W @ 1532.16357421875 (ms) to 1553.32568359375 (ms), cudaEventElapsed = 21.130239486694336 (ms)
[RANK1] W @ 1553.461669921875 (ms) to 1574.903076171875 (ms), cudaEventElapsed = 21.413888931274414 (ms)
[RANK1] B @ 1589.4619140625 (ms) to 1630.470458984375 (ms), cudaEventElapsed = 40.97420883178711 (ms)
[RANK1] W @ 1630.61865234375 (ms) to 1650.23779296875 (ms), cudaEventElapsed = 19.585023880004883 (ms)
[RANK1] W @ 1650.38623046875 (ms) to 1671.509521484375 (ms), cudaEventElapsed = 21.09337615966797 (ms)
[RANK1] B @ 1675.335693359375 (ms) to 1717.199462890625 (ms), cudaEventElapsed = 41.83158493041992 (ms)
[RANK1] 4W @ 1717.34716796875 (ms) to 1801.187255859375 (ms), cudaEventElapsed = 83.80620574951172 (ms)
[RANK1] Iteration 2
[RANK1] F @ 30.67333984375 (ms) to 62.677490234375 (ms), cudaEventElapsed = 31.965824127197266 (ms)
[RANK1] F @ 63.115478515625 (ms) to 97.2958984375 (ms), cudaEventElapsed = 34.13673782348633 (ms)
[RANK1] F @ 97.707275390625 (ms) to 134.266357421875 (ms), cudaEventElapsed = 36.51628875732422 (ms)
[RANK1] F @ 134.578125 (ms) to 171.09228515625 (ms), cudaEventElapsed = 36.460670471191406 (ms)
[RANK1] F @ 173.215087890625 (ms) to 210.302490234375 (ms), cudaEventElapsed = 37.0544319152832 (ms)
[RANK1] B @ 225.50732421875 (ms) to 267.542724609375 (ms), cudaEventElapsed = 41.996063232421875 (ms)
[RANK1] F @ 267.898681640625 (ms) to 301.37451171875 (ms), cudaEventElapsed = 33.44358444213867 (ms)
[RANK1] B @ 304.109130859375 (ms) to 347.52490234375 (ms), cudaEventElapsed = 43.37071990966797 (ms)
[RANK1] F @ 348.8310546875 (ms) to 382.930908203125 (ms), cudaEventElapsed = 34.067264556884766 (ms)
[RANK1] B @ 384.293701171875 (ms) to 428.29345703125 (ms), cudaEventElapsed = 43.9595832824707 (ms)
[RANK1] F @ 428.6396484375 (ms) to 463.008544921875 (ms), cudaEventElapsed = 34.33951950073242 (ms)
[RANK1] B @ 464.462158203125 (ms) to 508.686279296875 (ms), cudaEventElapsed = 44.16777420043945 (ms)
[RANK1] W @ 508.919921875 (ms) to 530.521728515625 (ms), cudaEventElapsed = 21.46201515197754 (ms)
[RANK1] F @ 530.67236328125 (ms) to 564.601318359375 (ms), cudaEventElapsed = 33.90038299560547 (ms)
[RANK1] B @ 565.796875 (ms) to 611.806640625 (ms), cudaEventElapsed = 45.97625732421875 (ms)
[RANK1] B @ 624.57666015625 (ms) to 665.0224609375 (ms), cudaEventElapsed = 40.410945892333984 (ms)
[RANK1] W @ 665.196044921875 (ms) to 684.584228515625 (ms), cudaEventElapsed = 19.353599548339844 (ms)
[RANK1] F @ 684.837158203125 (ms) to 719.17529296875 (ms), cudaEventElapsed = 34.309471130371094 (ms)
[RANK1] B @ 727.078369140625 (ms) to 771.51220703125 (ms), cudaEventElapsed = 44.38336181640625 (ms)
[RANK1] B @ 772.765869140625 (ms) to 814.341552734375 (ms), cudaEventElapsed = 41.54342269897461 (ms)
[RANK1] W @ 814.50634765625 (ms) to 834.6884765625 (ms), cudaEventElapsed = 20.148223876953125 (ms)
[RANK1] F @ 834.937744140625 (ms) to 869.56640625 (ms), cudaEventElapsed = 34.59872055053711 (ms)
[RANK1] B @ 870.13818359375 (ms) to 915.916259765625 (ms), cudaEventElapsed = 45.71654510498047 (ms)
[RANK1] W @ 916.166748046875 (ms) to 938.962890625 (ms), cudaEventElapsed = 21.820415496826172 (ms)
[RANK1] F @ 939.237060546875 (ms) to 973.920654296875 (ms), cudaEventElapsed = 34.65216064453125 (ms)
[RANK1] B @ 974.348388671875 (ms) to 1018.41259765625 (ms), cudaEventElapsed = 44.028865814208984 (ms)
[RANK1] W @ 1018.574462890625 (ms) to 1039.748779296875 (ms), cudaEventElapsed = 21.138431549072266 (ms)
[RANK1] W @ 1039.9091796875 (ms) to 1061.469482421875 (ms), cudaEventElapsed = 21.531648635864258 (ms)
[RANK1] B @ 1076.6328125 (ms) to 1117.521484375 (ms), cudaEventElapsed = 40.85753631591797 (ms)
[RANK1] W @ 1117.68212890625 (ms) to 1137.56298828125 (ms), cudaEventElapsed = 19.85228729248047 (ms)
[RANK1] W @ 1137.71826171875 (ms) to 1159.137451171875 (ms), cudaEventElapsed = 21.393407821655273 (ms)
[RANK1] B @ 1162.70361328125 (ms) to 1204.662353515625 (ms), cudaEventElapsed = 41.92915344238281 (ms)
[RANK1] 4W @ 1204.821533203125 (ms) to 1288.626953125 (ms), cudaEventElapsed = 83.77446746826172 (ms)
[RANK1] Iteration 3
[RANK1] F @ 30.33251953125 (ms) to 62.315673828125 (ms), cudaEventElapsed = 31.940959930419922 (ms)
[RANK1] F @ 62.728271484375 (ms) to 97.181640625 (ms), cudaEventElapsed = 34.407169342041016 (ms)
[RANK1] F @ 97.582275390625 (ms) to 134.1640625 (ms), cudaEventElapsed = 36.52163314819336 (ms)
[RANK1] F @ 134.505615234375 (ms) to 170.973876953125 (ms), cudaEventElapsed = 36.4290885925293 (ms)
[RANK1] F @ 172.743896484375 (ms) to 209.177001953125 (ms), cudaEventElapsed = 36.398494720458984 (ms)
[RANK1] B @ 226.026611328125 (ms) to 267.9169921875 (ms), cudaEventElapsed = 41.85065460205078 (ms)
[RANK1] F @ 268.265869140625 (ms) to 301.775146484375 (ms), cudaEventElapsed = 33.47926330566406 (ms)
[RANK1] B @ 305.28271484375 (ms) to 349.6396484375 (ms), cudaEventElapsed = 44.312896728515625 (ms)
[RANK1] F @ 350.96337890625 (ms) to 385.229736328125 (ms), cudaEventElapsed = 34.231327056884766 (ms)
[RANK1] B @ 385.884033203125 (ms) to 430.103271484375 (ms), cudaEventElapsed = 44.17977523803711 (ms)
[RANK1] F @ 430.459228515625 (ms) to 464.76708984375 (ms), cudaEventElapsed = 34.26787185668945 (ms)
[RANK1] B @ 465.81982421875 (ms) to 510.05224609375 (ms), cudaEventElapsed = 44.19795227050781 (ms)
[RANK1] W @ 510.302001953125 (ms) to 532.1884765625 (ms), cudaEventElapsed = 21.738496780395508 (ms)
[RANK1] F @ 532.3388671875 (ms) to 566.068115234375 (ms), cudaEventElapsed = 33.6992301940918 (ms)
[RANK1] B @ 567.23046875 (ms) to 613.264404296875 (ms), cudaEventElapsed = 45.99980926513672 (ms)
[RANK1] B @ 626.44775390625 (ms) to 667.0087890625 (ms), cudaEventElapsed = 40.51980972290039 (ms)
[RANK1] W @ 667.18359375 (ms) to 687.12548828125 (ms), cudaEventElapsed = 19.908607482910156 (ms)
[RANK1] F @ 687.382568359375 (ms) to 722.231201171875 (ms), cudaEventElapsed = 34.820735931396484 (ms)
[RANK1] B @ 729.663330078125 (ms) to 774.503173828125 (ms), cudaEventElapsed = 44.79619216918945 (ms)
[RANK1] B @ 775.979736328125 (ms) to 817.527587890625 (ms), cudaEventElapsed = 41.51728057861328 (ms)
[RANK1] W @ 817.6875 (ms) to 837.8193359375 (ms), cudaEventElapsed = 20.100095748901367 (ms)
[RANK1] F @ 838.069091796875 (ms) to 872.44140625 (ms), cudaEventElapsed = 34.34463882446289 (ms)
[RANK1] B @ 872.747802734375 (ms) to 918.47265625 (ms), cudaEventElapsed = 45.684478759765625 (ms)
[RANK1] W @ 918.6962890625 (ms) to 941.64404296875 (ms), cudaEventElapsed = 21.960704803466797 (ms)
[RANK1] F @ 941.89599609375 (ms) to 976.69580078125 (ms), cudaEventElapsed = 34.77151870727539 (ms)
[RANK1] B @ 977.00927734375 (ms) to 1021.28173828125 (ms), cudaEventElapsed = 44.220703125 (ms)
[RANK1] W @ 1021.446533203125 (ms) to 1042.705078125 (ms), cudaEventElapsed = 21.222400665283203 (ms)
[RANK1] W @ 1042.865234375 (ms) to 1064.546630859375 (ms), cudaEventElapsed = 21.65452766418457 (ms)
[RANK1] B @ 1078.677490234375 (ms) to 1119.177001953125 (ms), cudaEventElapsed = 40.469505310058594 (ms)
[RANK1] W @ 1119.334716796875 (ms) to 1138.7490234375 (ms), cudaEventElapsed = 19.382272720336914 (ms)
[RANK1] W @ 1138.9013671875 (ms) to 1160.093994140625 (ms), cudaEventElapsed = 21.166080474853516 (ms)
[RANK1] B @ 1164.627685546875 (ms) to 1207.27734375 (ms), cudaEventElapsed = 42.62150573730469 (ms)
[RANK1] 4W @ 1207.43359375 (ms) to 1292.330810546875 (ms), cudaEventElapsed = 84.86195373535156 (ms)
[RANK1] Iteration 4
[RANK1] F @ 30.46826171875 (ms) to 62.504638671875 (ms), cudaEventElapsed = 32.002784729003906 (ms)
[RANK1] F @ 62.87109375 (ms) to 97.404296875 (ms), cudaEventElapsed = 34.48524856567383 (ms)
[RANK1] F @ 97.795654296875 (ms) to 134.924072265625 (ms), cudaEventElapsed = 37.07664108276367 (ms)
[RANK1] F @ 135.256591796875 (ms) to 172.005615234375 (ms), cudaEventElapsed = 36.698974609375 (ms)
[RANK1] F @ 173.23828125 (ms) to 209.60205078125 (ms), cudaEventElapsed = 36.32428741455078 (ms)
[RANK1] B @ 227.2001953125 (ms) to 270.114013671875 (ms), cudaEventElapsed = 42.869728088378906 (ms)
[RANK1] F @ 270.486328125 (ms) to 306.262939453125 (ms), cudaEventElapsed = 35.74473571777344 (ms)
[RANK1] B @ 308.54736328125 (ms) to 353.28271484375 (ms), cudaEventElapsed = 44.69673538208008 (ms)
[RANK1] F @ 354.558837890625 (ms) to 390.52880859375 (ms), cudaEventElapsed = 35.93859100341797 (ms)
[RANK1] B @ 390.913330078125 (ms) to 436.5009765625 (ms), cudaEventElapsed = 45.547935485839844 (ms)
[RANK1] F @ 436.8359375 (ms) to 473.03271484375 (ms), cudaEventElapsed = 36.16640090942383 (ms)
[RANK1] B @ 474.040771484375 (ms) to 519.5234375 (ms), cudaEventElapsed = 45.449249267578125 (ms)
[RANK1] W @ 519.76220703125 (ms) to 544.726318359375 (ms), cudaEventElapsed = 24.827903747558594 (ms)
[RANK1] F @ 544.880859375 (ms) to 582.8037109375 (ms), cudaEventElapsed = 37.89449691772461 (ms)
[RANK1] B @ 583.964599609375 (ms) to 631.432373046875 (ms), cudaEventElapsed = 47.43523025512695 (ms)
[RANK1] B @ 639.01904296875 (ms) to 683.328125 (ms), cudaEventElapsed = 44.273441314697266 (ms)
[RANK1] W @ 683.49755859375 (ms) to 706.912109375 (ms), cudaEventElapsed = 23.383039474487305 (ms)
[RANK1] F @ 707.17333984375 (ms) to 746.4794921875 (ms), cudaEventElapsed = 39.27753448486328 (ms)
[RANK1] B @ 749.466064453125 (ms) to 796.28271484375 (ms), cudaEventElapsed = 46.773983001708984 (ms)
[RANK1] B @ 797.5732421875 (ms) to 842.0986328125 (ms), cudaEventElapsed = 44.49292755126953 (ms)
[RANK1] W @ 842.27392578125 (ms) to 866.529052734375 (ms), cudaEventElapsed = 24.220672607421875 (ms)
[RANK1] F @ 866.7978515625 (ms) to 909.2490234375 (ms), cudaEventElapsed = 42.42259216308594 (ms)
[RANK1] B @ 909.563232421875 (ms) to 958.623291015625 (ms), cudaEventElapsed = 49.01347351074219 (ms)
[RANK1] W @ 958.852783203125 (ms) to 984.2529296875 (ms), cudaEventElapsed = 24.383487701416016 (ms)
[RANK1] F @ 984.516357421875 (ms) to 1022.994873046875 (ms), cudaEventElapsed = 38.449920654296875 (ms)
[RANK1] B @ 1025.379638671875 (ms) to 1070.953125 (ms), cudaEventElapsed = 45.52761459350586 (ms)
[RANK1] W @ 1071.121337890625 (ms) to 1094.584716796875 (ms), cudaEventElapsed = 23.433216094970703 (ms)
[RANK1] W @ 1094.747314453125 (ms) to 1123.491943359375 (ms), cudaEventElapsed = 28.717056274414062 (ms)
[RANK1] B @ 1134.788818359375 (ms) to 1179.951416015625 (ms), cudaEventElapsed = 45.131614685058594 (ms)
[RANK1] W @ 1180.119140625 (ms) to 1203.754150390625 (ms), cudaEventElapsed = 23.606271743774414 (ms)
[RANK1] W @ 1203.912353515625 (ms) to 1230.642578125 (ms), cudaEventElapsed = 26.701824188232422 (ms)
[RANK1] B @ 1233.63232421875 (ms) to 1280.899169921875 (ms), cudaEventElapsed = 47.233760833740234 (ms)
[RANK1] 4W @ 1281.082275390625 (ms) to 1385.5048828125 (ms), cudaEventElapsed = 104.38861083984375 (ms)
[RANK1] Iteration 5
[RANK1] F @ 30.451416015625 (ms) to 62.60009765625 (ms), cudaEventElapsed = 32.112640380859375 (ms)
[RANK1] F @ 63.009765625 (ms) to 98.00439453125 (ms), cudaEventElapsed = 34.94998550415039 (ms)
[RANK1] F @ 98.408935546875 (ms) to 135.326416015625 (ms), cudaEventElapsed = 36.87635040283203 (ms)
[RANK1] F @ 135.6591796875 (ms) to 172.10009765625 (ms), cudaEventElapsed = 36.40220642089844 (ms)
[RANK1] F @ 173.47314453125 (ms) to 209.78125 (ms), cudaEventElapsed = 36.269344329833984 (ms)
[RANK1] B @ 227.41796875 (ms) to 269.6513671875 (ms), cudaEventElapsed = 42.193153381347656 (ms)
[RANK1] F @ 270.028076171875 (ms) to 305.456298828125 (ms), cudaEventElapsed = 35.397342681884766 (ms)
[RANK1] B @ 308.975341796875 (ms) to 354.313232421875 (ms), cudaEventElapsed = 45.29353713989258 (ms)
[RANK1] F @ 355.687255859375 (ms) to 391.79150390625 (ms), cudaEventElapsed = 36.068511962890625 (ms)
[RANK1] B @ 392.146240234375 (ms) to 437.181884765625 (ms), cudaEventElapsed = 45.00428771972656 (ms)
[RANK1] F @ 437.545654296875 (ms) to 473.827392578125 (ms), cudaEventElapsed = 36.25075149536133 (ms)
[RANK1] B @ 474.730224609375 (ms) to 520.12255859375 (ms), cudaEventElapsed = 45.332576751708984 (ms)
[RANK1] W @ 520.38330078125 (ms) to 544.472412109375 (ms), cudaEventElapsed = 23.930879592895508 (ms)
[RANK1] F @ 544.629638671875 (ms) to 583.0595703125 (ms), cudaEventElapsed = 38.400672912597656 (ms)
[RANK1] B @ 584.516845703125 (ms) to 632.2529296875 (ms), cudaEventElapsed = 47.70127868652344 (ms)
[RANK1] B @ 639.589111328125 (ms) to 683.069091796875 (ms), cudaEventElapsed = 43.43360137939453 (ms)
[RANK1] W @ 683.246826171875 (ms) to 706.019287109375 (ms), cudaEventElapsed = 22.742015838623047 (ms)
[RANK1] F @ 706.2783203125 (ms) to 745.830810546875 (ms), cudaEventElapsed = 39.523006439208984 (ms)
[RANK1] B @ 750.070556640625 (ms) to 797.19970703125 (ms), cudaEventElapsed = 47.09027099609375 (ms)
[RANK1] B @ 798.576171875 (ms) to 842.8779296875 (ms), cudaEventElapsed = 44.26774215698242 (ms)
[RANK1] W @ 843.056884765625 (ms) to 865.962158203125 (ms), cudaEventElapsed = 22.87104034423828 (ms)
[RANK1] F @ 866.226318359375 (ms) to 909.486083984375 (ms), cudaEventElapsed = 43.229984283447266 (ms)
[RANK1] B @ 909.820556640625 (ms) to 958.8486328125 (ms), cudaEventElapsed = 48.996192932128906 (ms)
[RANK1] W @ 959.077880859375 (ms) to 984.31005859375 (ms), cudaEventElapsed = 24.223743438720703 (ms)
[RANK1] F @ 984.56787109375 (ms) to 1023.682861328125 (ms), cudaEventElapsed = 39.08687973022461 (ms)
[RANK1] B @ 1027.308837890625 (ms) to 1073.21533203125 (ms), cudaEventElapsed = 45.86150360107422 (ms)
[RANK1] W @ 1073.3798828125 (ms) to 1097.863037109375 (ms), cudaEventElapsed = 24.450048446655273 (ms)
[RANK1] W @ 1098.024658203125 (ms) to 1127.190185546875 (ms), cudaEventElapsed = 29.137920379638672 (ms)
[RANK1] B @ 1137.301025390625 (ms) to 1183.134521484375 (ms), cudaEventElapsed = 45.8037109375 (ms)
[RANK1] W @ 1183.28466796875 (ms) to 1205.946044921875 (ms), cudaEventElapsed = 22.633472442626953 (ms)
[RANK1] W @ 1206.09228515625 (ms) to 1232.875732421875 (ms), cudaEventElapsed = 26.75712013244629 (ms)
[RANK1] B @ 1235.8916015625 (ms) to 1283.2880859375 (ms), cudaEventElapsed = 47.36537551879883 (ms)
[RANK1] 4W @ 1283.441650390625 (ms) to 1388.543212890625 (ms), cudaEventElapsed = 105.06854248046875 (ms)
[RANK1] Iteration 6
[RANK1] F @ 30.50830078125 (ms) to 62.56591796875 (ms), cudaEventElapsed = 32.021888732910156 (ms)
[RANK1] F @ 62.984619140625 (ms) to 98.059326171875 (ms), cudaEventElapsed = 35.01219177246094 (ms)
[RANK1] F @ 98.43701171875 (ms) to 135.351806640625 (ms), cudaEventElapsed = 36.850624084472656 (ms)
[RANK1] F @ 135.6650390625 (ms) to 172.25927734375 (ms), cudaEventElapsed = 36.53615951538086 (ms)
[RANK1] F @ 173.511474609375 (ms) to 209.906982421875 (ms), cudaEventElapsed = 36.35801696777344 (ms)
[RANK1] B @ 227.130126953125 (ms) to 269.978515625 (ms), cudaEventElapsed = 42.8078727722168 (ms)
[RANK1] F @ 270.3486328125 (ms) to 306.35791015625 (ms), cudaEventElapsed = 35.97209548950195 (ms)
[RANK1] B @ 309.430908203125 (ms) to 354.195068359375 (ms), cudaEventElapsed = 44.725345611572266 (ms)
[RANK1] F @ 355.496337890625 (ms) to 391.487060546875 (ms), cudaEventElapsed = 35.95711898803711 (ms)
[RANK1] B @ 392.23046875 (ms) to 437.544189453125 (ms), cudaEventElapsed = 45.27107238769531 (ms)
[RANK1] F @ 437.89453125 (ms) to 474.4814453125 (ms), cudaEventElapsed = 36.55606460571289 (ms)
[RANK1] B @ 475.000732421875 (ms) to 520.26025390625 (ms), cudaEventElapsed = 45.21638488769531 (ms)
[RANK1] W @ 520.49951171875 (ms) to 544.9990234375 (ms), cudaEventElapsed = 24.371200561523438 (ms)
[RANK1] F @ 545.1591796875 (ms) to 583.318115234375 (ms), cudaEventElapsed = 38.13030242919922 (ms)
[RANK1] B @ 584.633544921875 (ms) to 632.234130859375 (ms), cudaEventElapsed = 47.56700897216797 (ms)
[RANK1] B @ 639.660888671875 (ms) to 683.11767578125 (ms), cudaEventElapsed = 43.42387390136719 (ms)
[RANK1] W @ 683.285400390625 (ms) to 706.653076171875 (ms), cudaEventElapsed = 23.335935592651367 (ms)
[RANK1] F @ 706.922119140625 (ms) to 746.319580078125 (ms), cudaEventElapsed = 39.367584228515625 (ms)
[RANK1] B @ 750.825927734375 (ms) to 797.399169921875 (ms), cudaEventElapsed = 46.53411102294922 (ms)
[RANK1] B @ 798.705322265625 (ms) to 843.00341796875 (ms), cudaEventElapsed = 44.26323318481445 (ms)
[RANK1] W @ 843.165771484375 (ms) to 866.607421875 (ms), cudaEventElapsed = 23.411712646484375 (ms)
[RANK1] F @ 866.87109375 (ms) to 908.4208984375 (ms), cudaEventElapsed = 41.522464752197266 (ms)
[RANK1] B @ 908.74365234375 (ms) to 957.08349609375 (ms), cudaEventElapsed = 48.299583435058594 (ms)
[RANK1] W @ 957.320556640625 (ms) to 982.588623046875 (ms), cudaEventElapsed = 24.24627113342285 (ms)
[RANK1] F @ 982.85302734375 (ms) to 1022.165771484375 (ms), cudaEventElapsed = 39.28464126586914 (ms)
[RANK1] B @ 1025.041259765625 (ms) to 1070.909912109375 (ms), cudaEventElapsed = 45.81382369995117 (ms)
[RANK1] W @ 1071.09130859375 (ms) to 1094.8359375 (ms), cudaEventElapsed = 23.7076473236084 (ms)
[RANK1] W @ 1094.9931640625 (ms) to 1123.0869140625 (ms), cudaEventElapsed = 28.066816329956055 (ms)
[RANK1] B @ 1134.769775390625 (ms) to 1179.78369140625 (ms), cudaEventElapsed = 44.98371124267578 (ms)
[RANK1] W @ 1179.933837890625 (ms) to 1202.783447265625 (ms), cudaEventElapsed = 22.810623168945312 (ms)
[RANK1] W @ 1202.932861328125 (ms) to 1230.54345703125 (ms), cudaEventElapsed = 27.58451271057129 (ms)
[RANK1] B @ 1233.858154296875 (ms) to 1280.77001953125 (ms), cudaEventElapsed = 46.883201599121094 (ms)
[RANK1] 4W @ 1280.925537109375 (ms) to 1386.4189453125 (ms), cudaEventElapsed = 105.45970916748047 (ms)
[RANK1] Iteration 7
[RANK1] F @ 28.862060546875 (ms) to 58.831298828125 (ms), cudaEventElapsed = 29.93324851989746 (ms)
[RANK1] F @ 59.22900390625 (ms) to 91.572265625 (ms), cudaEventElapsed = 32.31216049194336 (ms)
[RANK1] F @ 91.966064453125 (ms) to 127.436279296875 (ms), cudaEventElapsed = 35.434078216552734 (ms)
[RANK1] F @ 127.75537109375 (ms) to 162.6015625 (ms), cudaEventElapsed = 34.81372833251953 (ms)
[RANK1] F @ 164.98779296875 (ms) to 199.15625 (ms), cudaEventElapsed = 34.1354866027832 (ms)
[RANK1] F @ 199.552001953125 (ms) to 233.946044921875 (ms), cudaEventElapsed = 34.362335205078125 (ms)
[RANK1] F @ 234.3095703125 (ms) to 269.1669921875 (ms), cudaEventElapsed = 34.8265266418457 (ms)
[RANK1] F @ 269.467041015625 (ms) to 303.96826171875 (ms), cudaEventElapsed = 34.47024154663086 (ms)
[RANK1] F @ 305.884521484375 (ms) to 339.9306640625 (ms), cudaEventElapsed = 34.01273727416992 (ms)
[RANK1] F @ 342.8544921875 (ms) to 376.3701171875 (ms), cudaEventElapsed = 33.483585357666016 (ms)
[RANK1] F @ 379.3671875 (ms) to 413.346435546875 (ms), cudaEventElapsed = 33.94633483886719 (ms)
[RANK1] F @ 415.630126953125 (ms) to 450.156005859375 (ms), cudaEventElapsed = 34.493919372558594 (ms)
