[RANK2] Iteration 1
[RANK2] F @ 738.947998046875 (ms) to 903.4169921875 (ms), cudaEventElapsed = 164.43801879882812 (ms)
[RANK2] F @ 905.118408203125 (ms) to 938.727783203125 (ms), cudaEventElapsed = 33.57798385620117 (ms)
[RANK2] F @ 940.30517578125 (ms) to 976.91455078125 (ms), cudaEventElapsed = 36.580352783203125 (ms)
[RANK2] B @ 1509.457763671875 (ms) to 1574.627685546875 (ms), cudaEventElapsed = 65.1335678100586 (ms)
[RANK2] F @ 1576.128662109375 (ms) to 1608.71044921875 (ms), cudaEventElapsed = 32.553985595703125 (ms)
[RANK2] B @ 1610.55517578125 (ms) to 1654.14501953125 (ms), cudaEventElapsed = 43.56198501586914 (ms)
[RANK2] F @ 1655.526611328125 (ms) to 1688.930419921875 (ms), cudaEventElapsed = 33.37625503540039 (ms)
[RANK2] B @ 1690.61376953125 (ms) to 1734.37255859375 (ms), cudaEventElapsed = 43.72889709472656 (ms)
[RANK2] F @ 1735.783447265625 (ms) to 1769.098388671875 (ms), cudaEventElapsed = 33.2861442565918 (ms)
[RANK2] B @ 1770.761962890625 (ms) to 1814.3740234375 (ms), cudaEventElapsed = 43.584510803222656 (ms)
[RANK2] F @ 1815.76513671875 (ms) to 1849.056640625 (ms), cudaEventElapsed = 33.26259231567383 (ms)
[RANK2] B @ 1850.6875 (ms) to 1894.197998046875 (ms), cudaEventElapsed = 43.48108673095703 (ms)
[RANK2] F @ 1895.5732421875 (ms) to 1928.89453125 (ms), cudaEventElapsed = 33.294334411621094 (ms)
[RANK2] B @ 1930.574462890625 (ms) to 1974.390380859375 (ms), cudaEventElapsed = 43.78726577758789 (ms)
[RANK2] F @ 1975.80908203125 (ms) to 2009.53759765625 (ms), cudaEventElapsed = 33.700862884521484 (ms)
[RANK2] B @ 2011.35888671875 (ms) to 2055.10302734375 (ms), cudaEventElapsed = 43.71353530883789 (ms)
[RANK2] F @ 2056.313720703125 (ms) to 2089.545654296875 (ms), cudaEventElapsed = 33.21036911010742 (ms)
[RANK2] B @ 2090.93017578125 (ms) to 2134.87451171875 (ms), cudaEventElapsed = 43.921409606933594 (ms)
[RANK2] F @ 2136.06005859375 (ms) to 2169.658203125 (ms), cudaEventElapsed = 33.57593536376953 (ms)
[RANK2] B @ 2170.9560546875 (ms) to 2214.96240234375 (ms), cudaEventElapsed = 43.98387145996094 (ms)
[RANK2] F @ 2216.1572265625 (ms) to 2249.899169921875 (ms), cudaEventElapsed = 33.707008361816406 (ms)
[RANK2] B @ 2251.1904296875 (ms) to 2295.023193359375 (ms), cudaEventElapsed = 43.81081771850586 (ms)
[RANK2] W @ 2295.724365234375 (ms) to 2316.71728515625 (ms), cudaEventElapsed = 20.971519470214844 (ms)
[RANK2] B @ 2317.474853515625 (ms) to 2359.800048828125 (ms), cudaEventElapsed = 42.30553436279297 (ms)
[RANK2] W @ 2360.535888671875 (ms) to 2381.171630859375 (ms), cudaEventElapsed = 20.61414337158203 (ms)
[RANK2] B @ 2381.93359375 (ms) to 2424.9990234375 (ms), cudaEventElapsed = 43.0458869934082 (ms)
[RANK2] 10W @ 2427.17333984375 (ms) to 2642.07958984375 (ms), cudaEventElapsed = 214.8802490234375 (ms)
[RANK2] Iteration 2
[RANK2] F @ 74.4267578125 (ms) to 106.6376953125 (ms), cudaEventElapsed = 32.18022537231445 (ms)
[RANK2] F @ 108.19091796875 (ms) to 142.21044921875 (ms), cudaEventElapsed = 33.98758316040039 (ms)
[RANK2] F @ 145.801513671875 (ms) to 182.259765625 (ms), cudaEventElapsed = 36.42777633666992 (ms)
[RANK2] B @ 186.998291015625 (ms) to 231.99365234375 (ms), cudaEventElapsed = 44.96588897705078 (ms)
[RANK2] F @ 233.430419921875 (ms) to 268.125732421875 (ms), cudaEventElapsed = 34.66649627685547 (ms)
[RANK2] B @ 269.831787109375 (ms) to 314.939697265625 (ms), cudaEventElapsed = 45.079551696777344 (ms)
[RANK2] F @ 343.545654296875 (ms) to 375.469482421875 (ms), cudaEventElapsed = 31.895551681518555 (ms)
[RANK2] B @ 377.123046875 (ms) to 421.25439453125 (ms), cudaEventElapsed = 44.09958267211914 (ms)
[RANK2] F @ 428.169189453125 (ms) to 462.707275390625 (ms), cudaEventElapsed = 34.5088005065918 (ms)
[RANK2] B @ 464.415771484375 (ms) to 509.529296875 (ms), cudaEventElapsed = 45.085697174072266 (ms)
[RANK2] F @ 510.989501953125 (ms) to 546.172607421875 (ms), cudaEventElapsed = 35.155967712402344 (ms)
[RANK2] B @ 547.85595703125 (ms) to 593.230712890625 (ms), cudaEventElapsed = 45.34579086303711 (ms)
[RANK2] F @ 594.705322265625 (ms) to 630.3173828125 (ms), cudaEventElapsed = 35.58399963378906 (ms)
[RANK2] B @ 632.01904296875 (ms) to 776.846435546875 (ms), cudaEventElapsed = 144.79872131347656 (ms)
[RANK2] F @ 778.900634765625 (ms) to 811.709716796875 (ms), cudaEventElapsed = 32.7823371887207 (ms)
[RANK2] B @ 814.010009765625 (ms) to 859.681884765625 (ms), cudaEventElapsed = 45.643775939941406 (ms)
[RANK2] F @ 861.73291015625 (ms) to 897.765869140625 (ms), cudaEventElapsed = 36.003841400146484 (ms)
[RANK2] B @ 899.694091796875 (ms) to 945.8173828125 (ms), cudaEventElapsed = 46.08921432495117 (ms)
[RANK2] F @ 947.0751953125 (ms) to 982.458984375 (ms), cudaEventElapsed = 35.355648040771484 (ms)
[RANK2] B @ 983.836181640625 (ms) to 1029.260986328125 (ms), cudaEventElapsed = 45.40108871459961 (ms)
[RANK2] F @ 1030.522216796875 (ms) to 1065.754150390625 (ms), cudaEventElapsed = 35.2092170715332 (ms)
[RANK2] B @ 1067.11083984375 (ms) to 1112.49462890625 (ms), cudaEventElapsed = 45.36012649536133 (ms)
[RANK2] W @ 1113.2666015625 (ms) to 1136.33984375 (ms), cudaEventElapsed = 23.052288055419922 (ms)
[RANK2] B @ 1137.13671875 (ms) to 1184.100830078125 (ms), cudaEventElapsed = 46.943233489990234 (ms)
[RANK2] W @ 1184.908935546875 (ms) to 1209.460693359375 (ms), cudaEventElapsed = 24.52787208557129 (ms)
[RANK2] B @ 1210.249755859375 (ms) to 1256.794921875 (ms), cudaEventElapsed = 46.524417877197266 (ms)
[RANK2] 10W @ 1259.14453125 (ms) to 1526.80322265625 (ms), cudaEventElapsed = 267.6285400390625 (ms)
[RANK2] Iteration 3
[RANK2] F @ 79.006103515625 (ms) to 110.86474609375 (ms), cudaEventElapsed = 31.82899284362793 (ms)
[RANK2] F @ 113.919677734375 (ms) to 147.661865234375 (ms), cudaEventElapsed = 32.82124710083008 (ms)
[RANK2] F @ 153.646484375 (ms) to 188.119873046875 (ms), cudaEventElapsed = 34.44326400756836 (ms)
[RANK2] B @ 192.057373046875 (ms) to 238.353271484375 (ms), cudaEventElapsed = 46.271488189697266 (ms)
[RANK2] F @ 239.99365234375 (ms) to 275.103759765625 (ms), cudaEventElapsed = 35.079166412353516 (ms)
[RANK2] B @ 276.679931640625 (ms) to 322.10205078125 (ms), cudaEventElapsed = 45.37958526611328 (ms)
[RANK2] F @ 323.795654296875 (ms) to 359.089599609375 (ms), cudaEventElapsed = 35.26451110839844 (ms)
[RANK2] B @ 360.541015625 (ms) to 406.583251953125 (ms), cudaEventElapsed = 46.01241683959961 (ms)
[RANK2] F @ 408.333251953125 (ms) to 443.794921875 (ms), cudaEventElapsed = 35.4334716796875 (ms)
[RANK2] B @ 445.365966796875 (ms) to 490.81787109375 (ms), cudaEventElapsed = 45.42259216308594 (ms)
[RANK2] B @ 492.4453125 (ms) to 537.201171875 (ms), cudaEventElapsed = 44.72627258300781 (ms)
[RANK2] F @ 538.866943359375 (ms) to 574.4287109375 (ms), cudaEventElapsed = 35.5338249206543 (ms)
[RANK2] B @ 575.876953125 (ms) to 621.175537109375 (ms), cudaEventElapsed = 45.270015716552734 (ms)
[RANK2] F @ 622.9228515625 (ms) to 658.47314453125 (ms), cudaEventElapsed = 35.520511627197266 (ms)
[RANK2] B @ 659.921142578125 (ms) to 705.907958984375 (ms), cudaEventElapsed = 45.9601936340332 (ms)
[RANK2] F @ 707.52197265625 (ms) to 743.1083984375 (ms), cudaEventElapsed = 35.55839920043945 (ms)
[RANK2] F @ 744.76220703125 (ms) to 781.148193359375 (ms), cudaEventElapsed = 36.355072021484375 (ms)
[RANK2] B @ 782.567626953125 (ms) to 828.294921875 (ms), cudaEventElapsed = 45.704193115234375 (ms)
[RANK2] B @ 829.563720703125 (ms) to 874.144775390625 (ms), cudaEventElapsed = 44.55936050415039 (ms)
[RANK2] F @ 875.46484375 (ms) to 910.375 (ms), cudaEventElapsed = 34.88768005371094 (ms)
[RANK2] B @ 911.63330078125 (ms) to 960.0966796875 (ms), cudaEventElapsed = 48.44134521484375 (ms)
[RANK2] F @ 961.42333984375 (ms) to 1000.751953125 (ms), cudaEventElapsed = 39.3072624206543 (ms)
[RANK2] B @ 1002.011962890625 (ms) to 1048.511962890625 (ms), cudaEventElapsed = 46.478336334228516 (ms)
[RANK2] W @ 1049.219482421875 (ms) to 1073.82861328125 (ms), cudaEventElapsed = 24.587263107299805 (ms)
[RANK2] W @ 1074.137939453125 (ms) to 1100.56591796875 (ms), cudaEventElapsed = 26.404863357543945 (ms)
[RANK2] B @ 1102.859375 (ms) to 1151.203857421875 (ms), cudaEventElapsed = 48.323585510253906 (ms)
[RANK2] 10W @ 1153.26171875 (ms) to 1421.113037109375 (ms), cudaEventElapsed = 267.8190002441406 (ms)
[RANK2] Iteration 4
[RANK2] F @ 69.664794921875 (ms) to 101.4169921875 (ms), cudaEventElapsed = 31.720447540283203 (ms)
[RANK2] F @ 104.943359375 (ms) to 138.273193359375 (ms), cudaEventElapsed = 33.302528381347656 (ms)
[RANK2] F @ 144.34814453125 (ms) to 179.746337890625 (ms), cudaEventElapsed = 35.366912841796875 (ms)
[RANK2] B @ 181.998779296875 (ms) to 227.328125 (ms), cudaEventElapsed = 45.290496826171875 (ms)
[RANK2] F @ 228.958740234375 (ms) to 264.04248046875 (ms), cudaEventElapsed = 35.05459213256836 (ms)
[RANK2] B @ 265.6552734375 (ms) to 310.774658203125 (ms), cudaEventElapsed = 45.08979034423828 (ms)
[RANK2] F @ 312.48779296875 (ms) to 348.141845703125 (ms), cudaEventElapsed = 35.6229133605957 (ms)
[RANK2] B @ 349.612548828125 (ms) to 394.899169921875 (ms), cudaEventElapsed = 45.2567024230957 (ms)
[RANK2] F @ 396.68798828125 (ms) to 432.464599609375 (ms), cudaEventElapsed = 35.7468147277832 (ms)
[RANK2] B @ 434.091064453125 (ms) to 479.83544921875 (ms), cudaEventElapsed = 45.71443176269531 (ms)
[RANK2] B @ 481.67578125 (ms) to 526.711669921875 (ms), cudaEventElapsed = 44.99763107299805 (ms)
[RANK2] F @ 528.344970703125 (ms) to 563.4501953125 (ms), cudaEventElapsed = 35.07609558105469 (ms)
[RANK2] B @ 565.00390625 (ms) to 610.212646484375 (ms), cudaEventElapsed = 45.18195343017578 (ms)
[RANK2] F @ 611.652099609375 (ms) to 647.147216796875 (ms), cudaEventElapsed = 35.46828842163086 (ms)
[RANK2] B @ 648.764404296875 (ms) to 694.137939453125 (ms), cudaEventElapsed = 45.3488655090332 (ms)
[RANK2] F @ 695.525390625 (ms) to 731.126953125 (ms), cudaEventElapsed = 35.57785415649414 (ms)
[RANK2] F @ 732.43994140625 (ms) to 768.7724609375 (ms), cudaEventElapsed = 36.31001663208008 (ms)
[RANK2] B @ 770.191162109375 (ms) to 815.6533203125 (ms), cudaEventElapsed = 45.439998626708984 (ms)
[RANK2] B @ 821.6806640625 (ms) to 865.805908203125 (ms), cudaEventElapsed = 44.102657318115234 (ms)
[RANK2] F @ 867.103759765625 (ms) to 901.831298828125 (ms), cudaEventElapsed = 34.705406188964844 (ms)
[RANK2] B @ 903.08447265625 (ms) to 950.94189453125 (ms), cudaEventElapsed = 47.834110260009766 (ms)
[RANK2] F @ 952.284423828125 (ms) to 991.26904296875 (ms), cudaEventElapsed = 38.959102630615234 (ms)
[RANK2] B @ 994.677490234375 (ms) to 1040.94921875 (ms), cudaEventElapsed = 46.2479362487793 (ms)
[RANK2] W @ 1041.66650390625 (ms) to 1065.95458984375 (ms), cudaEventElapsed = 24.265727996826172 (ms)
[RANK2] W @ 1066.27880859375 (ms) to 1093.091796875 (ms), cudaEventElapsed = 26.789888381958008 (ms)
[RANK2] B @ 1097.97900390625 (ms) to 1146.37060546875 (ms), cudaEventElapsed = 48.370689392089844 (ms)
[RANK2] 10W @ 1148.478515625 (ms) to 1417.084228515625 (ms), cudaEventElapsed = 268.5603942871094 (ms)
[RANK2] Iteration 5
[RANK2] F @ 191.677734375 (ms) to 223.536376953125 (ms), cudaEventElapsed = 31.823871612548828 (ms)
[RANK2] F @ 226.744140625 (ms) to 260.307861328125 (ms), cudaEventElapsed = 33.52985763549805 (ms)
[RANK2] F @ 266.42578125 (ms) to 302.190185546875 (ms), cudaEventElapsed = 35.734527587890625 (ms)
[RANK2] B @ 304.191162109375 (ms) to 349.596923828125 (ms), cudaEventElapsed = 45.37651062011719 (ms)
[RANK2] F @ 351.218505859375 (ms) to 386.492431640625 (ms), cudaEventElapsed = 35.24403381347656 (ms)
[RANK2] B @ 388.134765625 (ms) to 433.597900390625 (ms), cudaEventElapsed = 45.434879302978516 (ms)
[RANK2] F @ 435.351806640625 (ms) to 471.0400390625 (ms), cudaEventElapsed = 35.65875244140625 (ms)
[RANK2] B @ 472.53076171875 (ms) to 517.565673828125 (ms), cudaEventElapsed = 45.002750396728516 (ms)
[RANK2] F @ 519.398681640625 (ms) to 554.891357421875 (ms), cudaEventElapsed = 35.44473648071289 (ms)
[RANK2] B @ 556.519775390625 (ms) to 601.998046875 (ms), cudaEventElapsed = 45.446144104003906 (ms)
[RANK2] B @ 603.62451171875 (ms) to 648.78662109375 (ms), cudaEventElapsed = 45.1328010559082 (ms)
[RANK2] F @ 650.421875 (ms) to 685.6171875 (ms), cudaEventElapsed = 35.167232513427734 (ms)
[RANK2] B @ 687.177001953125 (ms) to 732.853515625 (ms), cudaEventElapsed = 45.64275360107422 (ms)
[RANK2] F @ 734.61767578125 (ms) to 770.18115234375 (ms), cudaEventElapsed = 35.53587341308594 (ms)
[RANK2] B @ 771.65771484375 (ms) to 816.787109375 (ms), cudaEventElapsed = 45.10105514526367 (ms)
[RANK2] F @ 818.39501953125 (ms) to 854.138916015625 (ms), cudaEventElapsed = 35.716094970703125 (ms)
[RANK2] F @ 855.71728515625 (ms) to 891.9169921875 (ms), cudaEventElapsed = 36.170753479003906 (ms)
[RANK2] B @ 893.6513671875 (ms) to 939.263916015625 (ms), cudaEventElapsed = 45.58335876464844 (ms)
[RANK2] B @ 941.52587890625 (ms) to 986.2138671875 (ms), cudaEventElapsed = 44.65766525268555 (ms)
[RANK2] F @ 987.575439453125 (ms) to 1022.662353515625 (ms), cudaEventElapsed = 35.06073760986328 (ms)
[RANK2] B @ 1023.92822265625 (ms) to 1071.117431640625 (ms), cudaEventElapsed = 47.16748809814453 (ms)
[RANK2] F @ 1072.482666015625 (ms) to 1110.17822265625 (ms), cudaEventElapsed = 37.67398452758789 (ms)
[RANK2] B @ 1114.999755859375 (ms) to 1160.18701171875 (ms), cudaEventElapsed = 45.16454315185547 (ms)
[RANK2] W @ 1160.90673828125 (ms) to 1184.509765625 (ms), cudaEventElapsed = 23.579647064208984 (ms)
[RANK2] W @ 1184.841796875 (ms) to 1211.604248046875 (ms), cudaEventElapsed = 26.73868751525879 (ms)
[RANK2] B @ 1216.5556640625 (ms) to 1264.005615234375 (ms), cudaEventElapsed = 47.42758560180664 (ms)
[RANK2] 10W @ 1266.045654296875 (ms) to 1535.655517578125 (ms), cudaEventElapsed = 269.5833740234375 (ms)
[RANK2] Iteration 6
[RANK2] F @ 189.253662109375 (ms) to 220.869140625 (ms), cudaEventElapsed = 31.58732795715332 (ms)
[RANK2] F @ 224.893798828125 (ms) to 258.89404296875 (ms), cudaEventElapsed = 33.97324752807617 (ms)
[RANK2] F @ 261.956298828125 (ms) to 297.988037109375 (ms), cudaEventElapsed = 35.9997444152832 (ms)
[RANK2] B @ 302.248779296875 (ms) to 347.554931640625 (ms), cudaEventElapsed = 45.28230285644531 (ms)
[RANK2] F @ 348.933349609375 (ms) to 384.318603515625 (ms), cudaEventElapsed = 35.359745025634766 (ms)
[RANK2] B @ 385.945068359375 (ms) to 431.429443359375 (ms), cudaEventElapsed = 45.456382751464844 (ms)
[RANK2] F @ 433.154296875 (ms) to 468.476806640625 (ms), cudaEventElapsed = 35.29420852661133 (ms)
[RANK2] B @ 469.913330078125 (ms) to 514.95654296875 (ms), cudaEventElapsed = 45.01504135131836 (ms)
[RANK2] F @ 516.658447265625 (ms) to 551.650390625 (ms), cudaEventElapsed = 34.96345520019531 (ms)
[RANK2] B @ 553.237548828125 (ms) to 598.447021484375 (ms), cudaEventElapsed = 45.18195343017578 (ms)
[RANK2] B @ 600.06591796875 (ms) to 644.9833984375 (ms), cudaEventElapsed = 44.888065338134766 (ms)
[RANK2] F @ 646.60302734375 (ms) to 682.208984375 (ms), cudaEventElapsed = 35.57785415649414 (ms)
[RANK2] B @ 683.7939453125 (ms) to 729.779052734375 (ms), cudaEventElapsed = 45.95199966430664 (ms)
[RANK2] F @ 731.21044921875 (ms) to 766.699462890625 (ms), cudaEventElapsed = 35.46214294433594 (ms)
[RANK2] B @ 769.08203125 (ms) to 814.20263671875 (ms), cudaEventElapsed = 45.092864990234375 (ms)
[RANK2] F @ 815.552734375 (ms) to 850.59619140625 (ms), cudaEventElapsed = 35.02080154418945 (ms)
[RANK2] F @ 851.947998046875 (ms) to 888.151611328125 (ms), cudaEventElapsed = 36.180992126464844 (ms)
[RANK2] B @ 889.594482421875 (ms) to 935.18896484375 (ms), cudaEventElapsed = 45.56800079345703 (ms)
[RANK2] B @ 941.335205078125 (ms) to 985.217529296875 (ms), cudaEventElapsed = 43.84870529174805 (ms)
[RANK2] F @ 986.5546875 (ms) to 1021.9404296875 (ms), cudaEventElapsed = 35.364864349365234 (ms)
[RANK2] B @ 1023.182373046875 (ms) to 1074.476318359375 (ms), cudaEventElapsed = 51.27167892456055 (ms)
[RANK2] F @ 1075.845458984375 (ms) to 1114.649169921875 (ms), cudaEventElapsed = 38.781951904296875 (ms)
[RANK2] B @ 1115.908447265625 (ms) to 1161.567626953125 (ms), cudaEventElapsed = 45.637630462646484 (ms)
[RANK2] W @ 1162.275634765625 (ms) to 1185.654541015625 (ms), cudaEventElapsed = 23.356416702270508 (ms)
[RANK2] W @ 1185.95068359375 (ms) to 1211.84521484375 (ms), cudaEventElapsed = 25.87238311767578 (ms)
[RANK2] B @ 1216.23583984375 (ms) to 1262.37939453125 (ms), cudaEventElapsed = 46.12198257446289 (ms)
[RANK2] 10W @ 1264.491455078125 (ms) to 1533.353515625 (ms), cudaEventElapsed = 268.82867431640625 (ms)
[RANK2] Iteration 7
[RANK2] F @ 192.057373046875 (ms) to 223.8251953125 (ms), cudaEventElapsed = 31.735807418823242 (ms)
[RANK2] F @ 226.186279296875 (ms) to 260.84228515625 (ms), cudaEventElapsed = 34.62758255004883 (ms)
[RANK2] F @ 262.453125 (ms) to 298.3203125 (ms), cudaEventElapsed = 35.84000015258789 (ms)
[RANK2] B @ 305.286376953125 (ms) to 349.593017578125 (ms), cudaEventElapsed = 44.276737213134766 (ms)
[RANK2] F @ 351.165771484375 (ms) to 386.046875 (ms), cudaEventElapsed = 34.85286331176758 (ms)
[RANK2] B @ 387.656005859375 (ms) to 433.198486328125 (ms), cudaEventElapsed = 45.513729095458984 (ms)
[RANK2] F @ 435.07666015625 (ms) to 470.4755859375 (ms), cudaEventElapsed = 35.37510299682617 (ms)
[RANK2] B @ 471.940185546875 (ms) to 518.067138671875 (ms), cudaEventElapsed = 46.09843063354492 (ms)
[RANK2] F @ 519.825439453125 (ms) to 556.0810546875 (ms), cudaEventElapsed = 36.22604751586914 (ms)
[RANK2] B @ 557.842529296875 (ms) to 603.092041015625 (ms), cudaEventElapsed = 45.2147216796875 (ms)
[RANK2] B @ 604.73046875 (ms) to 649.85009765625 (ms), cudaEventElapsed = 45.090816497802734 (ms)
[RANK2] F @ 651.43798828125 (ms) to 686.640869140625 (ms), cudaEventElapsed = 35.174400329589844 (ms)
[RANK2] B @ 688.070068359375 (ms) to 734.1513671875 (ms), cudaEventElapsed = 46.05440139770508 (ms)
[RANK2] F @ 735.886962890625 (ms) to 771.567138671875 (ms), cudaEventElapsed = 35.65158462524414 (ms)
[RANK2] B @ 773.03466796875 (ms) to 818.61279296875 (ms), cudaEventElapsed = 45.55059051513672 (ms)
[RANK2] F @ 820.3642578125 (ms) to 855.6767578125 (ms), cudaEventElapsed = 35.28192138671875 (ms)
[RANK2] F @ 856.982177734375 (ms) to 893.132080078125 (ms), cudaEventElapsed = 36.124671936035156 (ms)
[RANK2] B @ 894.876220703125 (ms) to 940.591796875 (ms), cudaEventElapsed = 45.68678283691406 (ms)
[RANK2] B @ 946.449951171875 (ms) to 990.188720703125 (ms), cudaEventElapsed = 43.71763229370117 (ms)
[RANK2] F @ 991.4951171875 (ms) to 1026.68994140625 (ms), cudaEventElapsed = 35.174400329589844 (ms)
[RANK2] B @ 1027.91943359375 (ms) to 1076.896240234375 (ms), cudaEventElapsed = 48.956417083740234 (ms)
[RANK2] F @ 1078.224853515625 (ms) to 1116.082763671875 (ms), cudaEventElapsed = 37.835777282714844 (ms)
[RANK2] B @ 1117.9638671875 (ms) to 1163.4091796875 (ms), cudaEventElapsed = 45.42464065551758 (ms)
[RANK2] W @ 1164.083984375 (ms) to 1187.633544921875 (ms), cudaEventElapsed = 23.52947235107422 (ms)
[RANK2] W @ 1187.908203125 (ms) to 1214.78662109375 (ms), cudaEventElapsed = 26.857471466064453 (ms)
[RANK2] B @ 1219.042236328125 (ms) to 1266.0166015625 (ms), cudaEventElapsed = 46.95347213745117 (ms)
[RANK2] 10W @ 1268.033447265625 (ms) to 1536.94970703125 (ms), cudaEventElapsed = 268.8880615234375 (ms)
[RANK2] Iteration 8
[RANK2] F @ 192.776123046875 (ms) to 224.539306640625 (ms), cudaEventElapsed = 31.733760833740234 (ms)
[RANK2] F @ 229.42822265625 (ms) to 263.383544921875 (ms), cudaEventElapsed = 33.926143646240234 (ms)
[RANK2] F @ 266.32275390625 (ms) to 301.85400390625 (ms), cudaEventElapsed = 35.49593734741211 (ms)
[RANK2] B @ 304.20458984375 (ms) to 349.277099609375 (ms), cudaEventElapsed = 45.042686462402344 (ms)
[RANK2] F @ 350.93115234375 (ms) to 386.2353515625 (ms), cudaEventElapsed = 35.27065658569336 (ms)
[RANK2] B @ 387.921142578125 (ms) to 433.474365234375 (ms), cudaEventElapsed = 45.524993896484375 (ms)
[RANK2] F @ 435.1689453125 (ms) to 470.741455078125 (ms), cudaEventElapsed = 35.544063568115234 (ms)
[RANK2] B @ 472.152587890625 (ms) to 517.96044921875 (ms), cudaEventElapsed = 45.77791976928711 (ms)
[RANK2] F @ 519.70849609375 (ms) to 555.306884765625 (ms), cudaEventElapsed = 35.569664001464844 (ms)
[RANK2] B @ 556.875732421875 (ms) to 602.2802734375 (ms), cudaEventElapsed = 45.37753677368164 (ms)
[RANK2] B @ 603.845947265625 (ms) to 648.601806640625 (ms), cudaEventElapsed = 44.72627258300781 (ms)
[RANK2] F @ 650.251953125 (ms) to 685.757568359375 (ms), cudaEventElapsed = 35.47238540649414 (ms)
[RANK2] B @ 687.171142578125 (ms) to 732.850341796875 (ms), cudaEventElapsed = 45.650943756103516 (ms)
[RANK2] F @ 734.531494140625 (ms) to 770.00244140625 (ms), cudaEventElapsed = 35.44371032714844 (ms)
[RANK2] B @ 773.1484375 (ms) to 818.528076171875 (ms), cudaEventElapsed = 45.35295867919922 (ms)
[RANK2] F @ 820.164794921875 (ms) to 855.39990234375 (ms), cudaEventElapsed = 35.20819091796875 (ms)
[RANK2] F @ 856.94091796875 (ms) to 892.7822265625 (ms), cudaEventElapsed = 35.81439971923828 (ms)
[RANK2] B @ 894.5751953125 (ms) to 940.3359375 (ms), cudaEventElapsed = 45.73081588745117 (ms)
[RANK2] B @ 941.64208984375 (ms) to 986.58447265625 (ms), cudaEventElapsed = 44.909568786621094 (ms)
[RANK2] F @ 987.896240234375 (ms) to 1023.658203125 (ms), cudaEventElapsed = 35.741695404052734 (ms)
[RANK2] B @ 1024.8779296875 (ms) to 1073.78076171875 (ms), cudaEventElapsed = 48.88166427612305 (ms)
[RANK2] F @ 1075.095703125 (ms) to 1114.586669921875 (ms), cudaEventElapsed = 39.4700813293457 (ms)
[RANK2] B @ 1118.34814453125 (ms) to 1163.9970703125 (ms), cudaEventElapsed = 45.62739181518555 (ms)
[RANK2] W @ 1164.667236328125 (ms) to 1187.72802734375 (ms), cudaEventElapsed = 23.038976669311523 (ms)
[RANK2] W @ 1188.002685546875 (ms) to 1214.36328125 (ms), cudaEventElapsed = 26.33932876586914 (ms)
[RANK2] B @ 1219.535400390625 (ms) to 1266.71044921875 (ms), cudaEventElapsed = 47.1541748046875 (ms)
[RANK2] 10W @ 1268.717529296875 (ms) to 1537.560546875 (ms), cudaEventElapsed = 268.8112487792969 (ms)
[RANK2] Iteration 9
[RANK2] F @ 192.467041015625 (ms) to 224.30810546875 (ms), cudaEventElapsed = 31.80953598022461 (ms)
[RANK2] F @ 227.220458984375 (ms) to 260.34619140625 (ms), cudaEventElapsed = 33.09772872924805 (ms)
[RANK2] F @ 264.999755859375 (ms) to 300.7275390625 (ms), cudaEventElapsed = 35.6945915222168 (ms)
[RANK2] B @ 304.6357421875 (ms) to 349.4560546875 (ms), cudaEventElapsed = 44.788734436035156 (ms)
[RANK2] F @ 351.1005859375 (ms) to 386.4287109375 (ms), cudaEventElapsed = 35.29830551147461 (ms)
[RANK2] B @ 388.048583984375 (ms) to 433.484130859375 (ms), cudaEventElapsed = 45.407230377197266 (ms)
[RANK2] F @ 435.250732421875 (ms) to 471.737060546875 (ms), cudaEventElapsed = 36.45747375488281 (ms)
[RANK2] B @ 473.182861328125 (ms) to 518.99267578125 (ms), cudaEventElapsed = 45.77996826171875 (ms)
[RANK2] F @ 520.73779296875 (ms) to 556.272705078125 (ms), cudaEventElapsed = 35.507198333740234 (ms)
[RANK2] B @ 557.885498046875 (ms) to 603.269775390625 (ms), cudaEventElapsed = 45.35193634033203 (ms)
[RANK2] B @ 604.97705078125 (ms) to 649.793212890625 (ms), cudaEventElapsed = 44.78668975830078 (ms)
[RANK2] F @ 651.486328125 (ms) to 687.296875 (ms), cudaEventElapsed = 35.775489807128906 (ms)
[RANK2] B @ 688.786865234375 (ms) to 734.70556640625 (ms), cudaEventElapsed = 45.885440826416016 (ms)
[RANK2] F @ 736.420166015625 (ms) to 772.174560546875 (ms), cudaEventElapsed = 35.72633743286133 (ms)
[RANK2] B @ 773.635498046875 (ms) to 819.546142578125 (ms), cudaEventElapsed = 45.881343841552734 (ms)
[RANK2] F @ 821.1904296875 (ms) to 856.591552734375 (ms), cudaEventElapsed = 35.38022232055664 (ms)
[RANK2] F @ 857.89794921875 (ms) to 893.689453125 (ms), cudaEventElapsed = 35.76831817626953 (ms)
[RANK2] B @ 895.11083984375 (ms) to 941.4111328125 (ms), cudaEventElapsed = 46.27763366699219 (ms)
[RANK2] B @ 944.172607421875 (ms) to 988.903564453125 (ms), cudaEventElapsed = 44.7088623046875 (ms)
[RANK2] F @ 990.191650390625 (ms) to 1025.4287109375 (ms), cudaEventElapsed = 35.21331024169922 (ms)
[RANK2] B @ 1026.68017578125 (ms) to 1075.276123046875 (ms), cudaEventElapsed = 48.57344055175781 (ms)
[RANK2] F @ 1076.612060546875 (ms) to 1115.677734375 (ms), cudaEventElapsed = 39.04512023925781 (ms)
[RANK2] B @ 1120.660888671875 (ms) to 1165.797119140625 (ms), cudaEventElapsed = 45.1143684387207 (ms)
[RANK2] W @ 1166.47998046875 (ms) to 1189.224853515625 (ms), cudaEventElapsed = 22.72153663635254 (ms)
[RANK2] W @ 1189.55029296875 (ms) to 1216.36767578125 (ms), cudaEventElapsed = 26.793983459472656 (ms)
[RANK2] B @ 1223.0380859375 (ms) to 1270.11767578125 (ms), cudaEventElapsed = 47.0568962097168 (ms)
[RANK2] 10W @ 1272.10498046875 (ms) to 1540.2744140625 (ms), cudaEventElapsed = 268.13543701171875 (ms)
