[RANK2] Iteration 1
[RANK2] F @ 173.716552734375 (ms) to 205.905517578125 (ms), cudaEventElapsed = 32.119998931884766 (ms)
[RANK2] F @ 256.69482421875 (ms) to 288.5576171875 (ms), cudaEventElapsed = 31.80953598022461 (ms)
[RANK2] F @ 290.54345703125 (ms) to 325.019287109375 (ms), cudaEventElapsed = 34.42969512939453 (ms)
[RANK2] B @ 519.73388671875 (ms) to 559.790771484375 (ms), cudaEventElapsed = 39.988800048828125 (ms)
[RANK2] F @ 564.561279296875 (ms) to 596.913818359375 (ms), cudaEventElapsed = 32.19705581665039 (ms)
[RANK2] B @ 597.234375 (ms) to 642.158447265625 (ms), cudaEventElapsed = 44.88502502441406 (ms)
[RANK2] F @ 643.915283203125 (ms) to 677.91015625 (ms), cudaEventElapsed = 33.94617462158203 (ms)
[RANK2] B @ 678.267333984375 (ms) to 722.71337890625 (ms), cudaEventElapsed = 44.41462326049805 (ms)
[RANK2] F @ 724.5830078125 (ms) to 758.15771484375 (ms), cudaEventElapsed = 33.537025451660156 (ms)
[RANK2] B @ 758.48876953125 (ms) to 802.93359375 (ms), cudaEventElapsed = 44.40940856933594 (ms)
[RANK2] F @ 804.8642578125 (ms) to 1015.827880859375 (ms), cudaEventElapsed = 210.92568969726562 (ms)
[RANK2] B @ 1016.193359375 (ms) to 1057.120361328125 (ms), cudaEventElapsed = 40.890689849853516 (ms)
[RANK2] F @ 1057.47705078125 (ms) to 1091.415771484375 (ms), cudaEventElapsed = 33.905120849609375 (ms)
[RANK2] B @ 1091.793212890625 (ms) to 1137.453857421875 (ms), cudaEventElapsed = 45.62799835205078 (ms)
[RANK2] W @ 1137.701416015625 (ms) to 1159.388427734375 (ms), cudaEventElapsed = 21.65350341796875 (ms)
[RANK2] F @ 1159.52734375 (ms) to 1193.788818359375 (ms), cudaEventElapsed = 34.23231887817383 (ms)
[RANK2] B @ 1195.118408203125 (ms) to 1239.943359375 (ms), cudaEventElapsed = 44.78960037231445 (ms)
[RANK2] B @ 1241.385986328125 (ms) to 1283.6806640625 (ms), cudaEventElapsed = 42.26252746582031 (ms)
[RANK2] W @ 1283.83740234375 (ms) to 1304.14599609375 (ms), cudaEventElapsed = 20.27827262878418 (ms)
[RANK2] F @ 1304.385009765625 (ms) to 1338.044189453125 (ms), cudaEventElapsed = 33.6300163269043 (ms)
[RANK2] B @ 1338.32421875 (ms) to 1383.293212890625 (ms), cudaEventElapsed = 44.93766403198242 (ms)
[RANK2] W @ 1383.486572265625 (ms) to 1405.965576171875 (ms), cudaEventElapsed = 21.403648376464844 (ms)
[RANK2] F @ 1406.20361328125 (ms) to 1439.6591796875 (ms), cudaEventElapsed = 33.4268798828125 (ms)
[RANK2] B @ 1439.93017578125 (ms) to 1484.7421875 (ms), cudaEventElapsed = 44.76591873168945 (ms)
[RANK2] W @ 1484.95458984375 (ms) to 1507.393798828125 (ms), cudaEventElapsed = 21.362688064575195 (ms)
[RANK2] F @ 1507.638916015625 (ms) to 1541.345947265625 (ms), cudaEventElapsed = 33.679969787597656 (ms)
[RANK2] B @ 1541.6201171875 (ms) to 1586.42626953125 (ms), cudaEventElapsed = 44.769535064697266 (ms)
[RANK2] W @ 1586.586181640625 (ms) to 1608.072998046875 (ms), cudaEventElapsed = 21.452800750732422 (ms)
[RANK2] W @ 1608.22021484375 (ms) to 1629.499755859375 (ms), cudaEventElapsed = 21.25209617614746 (ms)
[RANK2] B @ 1629.637939453125 (ms) to 1672.373046875 (ms), cudaEventElapsed = 42.70755386352539 (ms)
[RANK2] 6W @ 1672.513916015625 (ms) to 1800.153564453125 (ms), cudaEventElapsed = 127.60678100585938 (ms)
[RANK2] Iteration 2
[RANK2] F @ 65.14892578125 (ms) to 97.4404296875 (ms), cudaEventElapsed = 32.251102447509766 (ms)
[RANK2] F @ 99.9208984375 (ms) to 132.9775390625 (ms), cudaEventElapsed = 33.01990509033203 (ms)
[RANK2] F @ 136.552490234375 (ms) to 172.899169921875 (ms), cudaEventElapsed = 36.31260681152344 (ms)
[RANK2] B @ 177.884521484375 (ms) to 222.41015625 (ms), cudaEventElapsed = 44.48944091796875 (ms)
[RANK2] F @ 222.76806640625 (ms) to 256.59619140625 (ms), cudaEventElapsed = 33.79692840576172 (ms)
[RANK2] B @ 256.919921875 (ms) to 301.249755859375 (ms), cudaEventElapsed = 44.29817581176758 (ms)
[RANK2] F @ 302.7099609375 (ms) to 336.7705078125 (ms), cudaEventElapsed = 34.02268981933594 (ms)
[RANK2] B @ 337.08984375 (ms) to 381.37646484375 (ms), cudaEventElapsed = 44.25651168823242 (ms)
[RANK2] F @ 382.783935546875 (ms) to 416.726806640625 (ms), cudaEventElapsed = 33.91136169433594 (ms)
[RANK2] B @ 417.04638671875 (ms) to 461.6123046875 (ms), cudaEventElapsed = 44.536128997802734 (ms)
[RANK2] F @ 463.670654296875 (ms) to 497.71533203125 (ms), cudaEventElapsed = 34.0107536315918 (ms)
[RANK2] B @ 498.037841796875 (ms) to 542.6474609375 (ms), cudaEventElapsed = 44.57984161376953 (ms)
[RANK2] F @ 542.9873046875 (ms) to 576.8837890625 (ms), cudaEventElapsed = 33.8671989440918 (ms)
[RANK2] B @ 577.253173828125 (ms) to 621.80859375 (ms), cudaEventElapsed = 44.52521514892578 (ms)
[RANK2] W @ 622.04638671875 (ms) to 643.54638671875 (ms), cudaEventElapsed = 21.46713638305664 (ms)
[RANK2] F @ 643.68701171875 (ms) to 677.669189453125 (ms), cudaEventElapsed = 33.95420837402344 (ms)
[RANK2] B @ 678.939208984375 (ms) to 723.310546875 (ms), cudaEventElapsed = 44.34044647216797 (ms)
[RANK2] B @ 724.6298828125 (ms) to 766.942138671875 (ms), cudaEventElapsed = 42.28291320800781 (ms)
[RANK2] W @ 767.0927734375 (ms) to 787.255126953125 (ms), cudaEventElapsed = 20.134912490844727 (ms)
[RANK2] F @ 787.505859375 (ms) to 821.423095703125 (ms), cudaEventElapsed = 33.88896179199219 (ms)
[RANK2] B @ 821.71337890625 (ms) to 867.27978515625 (ms), cudaEventElapsed = 45.53692626953125 (ms)
[RANK2] W @ 867.499267578125 (ms) to 890.115478515625 (ms), cudaEventElapsed = 21.554176330566406 (ms)
[RANK2] F @ 890.3857421875 (ms) to 924.245361328125 (ms), cudaEventElapsed = 33.83168029785156 (ms)
[RANK2] B @ 924.546630859375 (ms) to 971.384033203125 (ms), cudaEventElapsed = 46.80316925048828 (ms)
[RANK2] W @ 971.60302734375 (ms) to 994.683837890625 (ms), cudaEventElapsed = 21.956607818603516 (ms)
[RANK2] F @ 994.930908203125 (ms) to 1028.6650390625 (ms), cudaEventElapsed = 33.70649719238281 (ms)
[RANK2] B @ 1028.965576171875 (ms) to 1073.71728515625 (ms), cudaEventElapsed = 44.721473693847656 (ms)
[RANK2] W @ 1073.880615234375 (ms) to 1095.390380859375 (ms), cudaEventElapsed = 21.47737693786621 (ms)
[RANK2] W @ 1095.576171875 (ms) to 1116.896240234375 (ms), cudaEventElapsed = 21.288959503173828 (ms)
[RANK2] B @ 1117.074462890625 (ms) to 1159.86328125 (ms), cudaEventElapsed = 42.75833511352539 (ms)
[RANK2] 6W @ 1160.067138671875 (ms) to 1287.669921875 (ms), cudaEventElapsed = 127.5699234008789 (ms)
[RANK2] Iteration 3
[RANK2] F @ 64.8486328125 (ms) to 97.07568359375 (ms), cudaEventElapsed = 32.1879997253418 (ms)
[RANK2] F @ 99.774169921875 (ms) to 133.935791015625 (ms), cudaEventElapsed = 34.12527847290039 (ms)
[RANK2] F @ 136.4052734375 (ms) to 172.847412109375 (ms), cudaEventElapsed = 36.399776458740234 (ms)
[RANK2] B @ 178.27099609375 (ms) to 222.9248046875 (ms), cudaEventElapsed = 44.60905456542969 (ms)
[RANK2] F @ 223.383544921875 (ms) to 257.254638671875 (ms), cudaEventElapsed = 33.837791442871094 (ms)
[RANK2] B @ 257.635009765625 (ms) to 302.41796875 (ms), cudaEventElapsed = 44.750911712646484 (ms)
[RANK2] F @ 303.9228515625 (ms) to 337.87548828125 (ms), cudaEventElapsed = 33.9202880859375 (ms)
[RANK2] B @ 338.2265625 (ms) to 382.944580078125 (ms), cudaEventElapsed = 44.68678283691406 (ms)
[RANK2] F @ 384.413818359375 (ms) to 418.0908203125 (ms), cudaEventElapsed = 33.63983917236328 (ms)
[RANK2] B @ 418.3994140625 (ms) to 462.97998046875 (ms), cudaEventElapsed = 44.53968048095703 (ms)
[RANK2] F @ 464.865966796875 (ms) to 498.81298828125 (ms), cudaEventElapsed = 33.909793853759766 (ms)
[RANK2] B @ 499.153564453125 (ms) to 544.112060546875 (ms), cudaEventElapsed = 44.92723083496094 (ms)
[RANK2] F @ 544.48046875 (ms) to 578.3916015625 (ms), cudaEventElapsed = 33.88115310668945 (ms)
[RANK2] B @ 578.7705078125 (ms) to 623.7646484375 (ms), cudaEventElapsed = 44.96284866333008 (ms)
[RANK2] W @ 624.009765625 (ms) to 645.421630859375 (ms), cudaEventElapsed = 21.374975204467773 (ms)
[RANK2] F @ 645.564697265625 (ms) to 679.72509765625 (ms), cudaEventElapsed = 34.132545471191406 (ms)
[RANK2] B @ 680.96533203125 (ms) to 725.88623046875 (ms), cudaEventElapsed = 44.88934326171875 (ms)
[RANK2] B @ 727.267822265625 (ms) to 769.7109375 (ms), cudaEventElapsed = 42.412288665771484 (ms)
[RANK2] W @ 770.1181640625 (ms) to 790.484375 (ms), cudaEventElapsed = 20.317184448242188 (ms)
[RANK2] F @ 790.737060546875 (ms) to 824.149169921875 (ms), cudaEventElapsed = 33.38470458984375 (ms)
[RANK2] B @ 824.45703125 (ms) to 869.105224609375 (ms), cudaEventElapsed = 44.61699295043945 (ms)
[RANK2] W @ 869.331298828125 (ms) to 891.667236328125 (ms), cudaEventElapsed = 21.288959503173828 (ms)
[RANK2] F @ 891.92333984375 (ms) to 925.967041015625 (ms), cudaEventElapsed = 34.01270294189453 (ms)
[RANK2] B @ 926.24755859375 (ms) to 973.736083984375 (ms), cudaEventElapsed = 47.45657730102539 (ms)
[RANK2] W @ 973.95751953125 (ms) to 996.73974609375 (ms), cudaEventElapsed = 21.725183486938477 (ms)
[RANK2] F @ 997.00244140625 (ms) to 1030.799072265625 (ms), cudaEventElapsed = 33.76764678955078 (ms)
[RANK2] B @ 1031.113037109375 (ms) to 1075.95849609375 (ms), cudaEventElapsed = 44.81100845336914 (ms)
[RANK2] W @ 1076.138916015625 (ms) to 1097.6279296875 (ms), cudaEventElapsed = 21.45587158203125 (ms)
[RANK2] W @ 1097.794677734375 (ms) to 1119.118408203125 (ms), cudaEventElapsed = 21.296127319335938 (ms)
[RANK2] B @ 1119.261474609375 (ms) to 1162.052001953125 (ms), cudaEventElapsed = 42.762718200683594 (ms)
[RANK2] 6W @ 1162.21435546875 (ms) to 1290.468994140625 (ms), cudaEventElapsed = 128.21913146972656 (ms)
[RANK2] Iteration 4
[RANK2] F @ 64.848876953125 (ms) to 97.052490234375 (ms), cudaEventElapsed = 32.16579055786133 (ms)
[RANK2] F @ 100.05517578125 (ms) to 133.50537109375 (ms), cudaEventElapsed = 33.413665771484375 (ms)
[RANK2] F @ 137.185302734375 (ms) to 174.28759765625 (ms), cudaEventElapsed = 37.06694412231445 (ms)
[RANK2] B @ 178.917236328125 (ms) to 224.338623046875 (ms), cudaEventElapsed = 45.387168884277344 (ms)
[RANK2] F @ 224.681640625 (ms) to 259.8857421875 (ms), cudaEventElapsed = 35.173439025878906 (ms)
[RANK2] B @ 260.199951171875 (ms) to 305.780517578125 (ms), cudaEventElapsed = 45.54819107055664 (ms)
[RANK2] F @ 307.15185546875 (ms) to 342.524169921875 (ms), cudaEventElapsed = 35.336673736572266 (ms)
[RANK2] B @ 342.841552734375 (ms) to 388.07373046875 (ms), cudaEventElapsed = 45.20172882080078 (ms)
[RANK2] F @ 389.535888671875 (ms) to 425.377197265625 (ms), cudaEventElapsed = 35.809471130371094 (ms)
[RANK2] B @ 425.693359375 (ms) to 471.185791015625 (ms), cudaEventElapsed = 45.46246337890625 (ms)
[RANK2] F @ 472.89453125 (ms) to 508.593994140625 (ms), cudaEventElapsed = 35.66592025756836 (ms)
[RANK2] B @ 508.905517578125 (ms) to 554.28564453125 (ms), cudaEventElapsed = 45.346656799316406 (ms)
[RANK2] F @ 554.6240234375 (ms) to 590.053466796875 (ms), cudaEventElapsed = 35.40041732788086 (ms)
[RANK2] B @ 590.423583984375 (ms) to 636.157470703125 (ms), cudaEventElapsed = 45.70070266723633 (ms)
[RANK2] W @ 636.39892578125 (ms) to 660.7001953125 (ms), cudaEventElapsed = 24.27187156677246 (ms)
[RANK2] F @ 660.84912109375 (ms) to 698.2978515625 (ms), cudaEventElapsed = 37.41980743408203 (ms)
[RANK2] B @ 699.597412109375 (ms) to 745.5322265625 (ms), cudaEventElapsed = 45.902591705322266 (ms)
[RANK2] B @ 746.900390625 (ms) to 791.3115234375 (ms), cudaEventElapsed = 44.38108825683594 (ms)
[RANK2] W @ 791.4638671875 (ms) to 814.550537109375 (ms), cudaEventElapsed = 23.05843162536621 (ms)
[RANK2] F @ 814.813232421875 (ms) to 852.916015625 (ms), cudaEventElapsed = 38.07411193847656 (ms)
[RANK2] B @ 853.222900390625 (ms) to 899.67724609375 (ms), cudaEventElapsed = 46.42428970336914 (ms)
[RANK2] W @ 899.897216796875 (ms) to 927.05419921875 (ms), cudaEventElapsed = 26.10483169555664 (ms)
[RANK2] F @ 927.33056640625 (ms) to 974.179931640625 (ms), cudaEventElapsed = 46.818782806396484 (ms)
[RANK2] B @ 974.479736328125 (ms) to 1022.315185546875 (ms), cudaEventElapsed = 47.80614471435547 (ms)
[RANK2] W @ 1022.539794921875 (ms) to 1047.351318359375 (ms), cudaEventElapsed = 23.6625919342041 (ms)
[RANK2] F @ 1047.616455078125 (ms) to 1085.16748046875 (ms), cudaEventElapsed = 37.52150344848633 (ms)
[RANK2] B @ 1085.455810546875 (ms) to 1131.888916015625 (ms), cudaEventElapsed = 46.402400970458984 (ms)
[RANK2] W @ 1132.049560546875 (ms) to 1155.80615234375 (ms), cudaEventElapsed = 23.7260799407959 (ms)
[RANK2] W @ 1155.970458984375 (ms) to 1182.496826171875 (ms), cudaEventElapsed = 26.497024536132812 (ms)
[RANK2] B @ 1182.641845703125 (ms) to 1230.802001953125 (ms), cudaEventElapsed = 48.131038665771484 (ms)
[RANK2] 6W @ 1230.96240234375 (ms) to 1389.123046875 (ms), cudaEventElapsed = 158.1301727294922 (ms)
[RANK2] Iteration 5
[RANK2] F @ 65.065185546875 (ms) to 97.328369140625 (ms), cudaEventElapsed = 32.22438430786133 (ms)
[RANK2] F @ 100.5302734375 (ms) to 133.255615234375 (ms), cudaEventElapsed = 32.691070556640625 (ms)
[RANK2] F @ 137.549072265625 (ms) to 173.893798828125 (ms), cudaEventElapsed = 36.31081771850586 (ms)
[RANK2] B @ 179.0068359375 (ms) to 224.359619140625 (ms), cudaEventElapsed = 45.31564712524414 (ms)
[RANK2] F @ 224.73681640625 (ms) to 260.3212890625 (ms), cudaEventElapsed = 35.553375244140625 (ms)
[RANK2] B @ 260.66015625 (ms) to 305.986083984375 (ms), cudaEventElapsed = 45.29568099975586 (ms)
[RANK2] F @ 307.3984375 (ms) to 343.26123046875 (ms), cudaEventElapsed = 35.830047607421875 (ms)
[RANK2] B @ 343.587890625 (ms) to 389.012451171875 (ms), cudaEventElapsed = 45.3917121887207 (ms)
[RANK2] F @ 390.47705078125 (ms) to 426.357421875 (ms), cudaEventElapsed = 35.84758377075195 (ms)
[RANK2] B @ 426.691162109375 (ms) to 472.483642578125 (ms), cudaEventElapsed = 45.76095962524414 (ms)
[RANK2] F @ 474.224365234375 (ms) to 509.780029296875 (ms), cudaEventElapsed = 35.52140808105469 (ms)
[RANK2] B @ 510.14990234375 (ms) to 555.68994140625 (ms), cudaEventElapsed = 45.5076789855957 (ms)
[RANK2] F @ 556.065185546875 (ms) to 591.581298828125 (ms), cudaEventElapsed = 35.485023498535156 (ms)
[RANK2] B @ 591.988037109375 (ms) to 637.5244140625 (ms), cudaEventElapsed = 45.50454330444336 (ms)
[RANK2] W @ 637.78955078125 (ms) to 661.45654296875 (ms), cudaEventElapsed = 23.629823684692383 (ms)
[RANK2] F @ 661.607666015625 (ms) to 699.384765625 (ms), cudaEventElapsed = 37.74844741821289 (ms)
[RANK2] B @ 700.702392578125 (ms) to 746.90966796875 (ms), cudaEventElapsed = 46.174625396728516 (ms)
[RANK2] B @ 748.36279296875 (ms) to 793.28955078125 (ms), cudaEventElapsed = 44.89574432373047 (ms)
[RANK2] W @ 793.451171875 (ms) to 817.531982421875 (ms), cudaEventElapsed = 24.052736282348633 (ms)
[RANK2] F @ 817.80419921875 (ms) to 855.4140625 (ms), cudaEventElapsed = 37.5813102722168 (ms)
[RANK2] B @ 855.7158203125 (ms) to 902.037841796875 (ms), cudaEventElapsed = 46.29094314575195 (ms)
[RANK2] W @ 902.260986328125 (ms) to 929.62841796875 (ms), cudaEventElapsed = 26.224639892578125 (ms)
[RANK2] F @ 929.94384765625 (ms) to 977.33203125 (ms), cudaEventElapsed = 47.35683059692383 (ms)
[RANK2] B @ 977.642822265625 (ms) to 1025.404296875 (ms), cudaEventElapsed = 47.731422424316406 (ms)
[RANK2] W @ 1025.63916015625 (ms) to 1050.7490234375 (ms), cudaEventElapsed = 23.971839904785156 (ms)
[RANK2] F @ 1051.034423828125 (ms) to 1088.77294921875 (ms), cudaEventElapsed = 37.70924758911133 (ms)
[RANK2] B @ 1089.090087890625 (ms) to 1135.440673828125 (ms), cudaEventElapsed = 46.3205451965332 (ms)
[RANK2] W @ 1135.607421875 (ms) to 1159.620849609375 (ms), cudaEventElapsed = 23.971839904785156 (ms)
[RANK2] W @ 1159.783447265625 (ms) to 1185.505859375 (ms), cudaEventElapsed = 25.6942081451416 (ms)
[RANK2] B @ 1185.66845703125 (ms) to 1234.012451171875 (ms), cudaEventElapsed = 48.31439971923828 (ms)
[RANK2] 6W @ 1234.197265625 (ms) to 1391.345947265625 (ms), cudaEventElapsed = 157.11129760742188 (ms)
[RANK2] Iteration 6
[RANK2] F @ 65.36328125 (ms) to 97.532470703125 (ms), cudaEventElapsed = 32.12819290161133 (ms)
[RANK2] F @ 100.0498046875 (ms) to 134.390625 (ms), cudaEventElapsed = 34.30598449707031 (ms)
[RANK2] F @ 137.159423828125 (ms) to 174.796142578125 (ms), cudaEventElapsed = 37.60230255126953 (ms)
[RANK2] B @ 178.74267578125 (ms) to 225.2021484375 (ms), cudaEventElapsed = 46.40947341918945 (ms)
[RANK2] F @ 225.575439453125 (ms) to 261.330078125 (ms), cudaEventElapsed = 35.723777770996094 (ms)
[RANK2] B @ 261.6630859375 (ms) to 307.544189453125 (ms), cudaEventElapsed = 45.84988784790039 (ms)
[RANK2] F @ 308.893798828125 (ms) to 344.652587890625 (ms), cudaEventElapsed = 35.72537612915039 (ms)
[RANK2] B @ 344.974365234375 (ms) to 390.12451171875 (ms), cudaEventElapsed = 45.117889404296875 (ms)
[RANK2] F @ 391.47265625 (ms) to 427.0048828125 (ms), cudaEventElapsed = 35.499454498291016 (ms)
[RANK2] B @ 427.560546875 (ms) to 472.924072265625 (ms), cudaEventElapsed = 45.33103942871094 (ms)
[RANK2] F @ 474.451904296875 (ms) to 509.923095703125 (ms), cudaEventElapsed = 35.43689727783203 (ms)
[RANK2] B @ 510.25439453125 (ms) to 555.75341796875 (ms), cudaEventElapsed = 45.46828842163086 (ms)
[RANK2] F @ 556.13330078125 (ms) to 591.91015625 (ms), cudaEventElapsed = 35.74662399291992 (ms)
[RANK2] B @ 592.297119140625 (ms) to 637.806396484375 (ms), cudaEventElapsed = 45.4766731262207 (ms)
[RANK2] W @ 638.077392578125 (ms) to 661.876953125 (ms), cudaEventElapsed = 23.761920928955078 (ms)
[RANK2] F @ 662.038330078125 (ms) to 700.01220703125 (ms), cudaEventElapsed = 37.942081451416016 (ms)
[RANK2] B @ 701.35498046875 (ms) to 747.8193359375 (ms), cudaEventElapsed = 46.43289566040039 (ms)
[RANK2] B @ 749.227783203125 (ms) to 794.27001953125 (ms), cudaEventElapsed = 45.01023864746094 (ms)
[RANK2] W @ 794.446044921875 (ms) to 817.8349609375 (ms), cudaEventElapsed = 23.357440948486328 (ms)
[RANK2] F @ 818.130859375 (ms) to 856.72265625 (ms), cudaEventElapsed = 38.5615348815918 (ms)
[RANK2] B @ 857.047119140625 (ms) to 903.863525390625 (ms), cudaEventElapsed = 46.78598403930664 (ms)
[RANK2] W @ 904.109619140625 (ms) to 932.265869140625 (ms), cudaEventElapsed = 27.090944290161133 (ms)
[RANK2] F @ 932.550537109375 (ms) to 975.56201171875 (ms), cudaEventElapsed = 42.98198318481445 (ms)
[RANK2] B @ 975.894775390625 (ms) to 1023.129638671875 (ms), cudaEventElapsed = 47.20316696166992 (ms)
[RANK2] W @ 1023.3759765625 (ms) to 1048.637939453125 (ms), cudaEventElapsed = 24.200191497802734 (ms)
[RANK2] F @ 1048.92236328125 (ms) to 1086.255126953125 (ms), cudaEventElapsed = 37.30323028564453 (ms)
[RANK2] B @ 1086.560546875 (ms) to 1132.95458984375 (ms), cudaEventElapsed = 46.36259078979492 (ms)
[RANK2] W @ 1133.11962890625 (ms) to 1157.025390625 (ms), cudaEventElapsed = 23.87353515625 (ms)
[RANK2] W @ 1157.18505859375 (ms) to 1183.83349609375 (ms), cudaEventElapsed = 26.615808486938477 (ms)
[RANK2] B @ 1183.975341796875 (ms) to 1232.070556640625 (ms), cudaEventElapsed = 48.06796646118164 (ms)
[RANK2] 6W @ 1232.228759765625 (ms) to 1392.05615234375 (ms), cudaEventElapsed = 159.7972412109375 (ms)
[RANK2] Iteration 7
[RANK2] F @ 61.525634765625 (ms) to 91.93798828125 (ms), cudaEventElapsed = 30.362943649291992 (ms)
[RANK2] F @ 93.575927734375 (ms) to 126.19189453125 (ms), cudaEventElapsed = 32.57737731933594 (ms)
[RANK2] F @ 129.284912109375 (ms) to 164.268310546875 (ms), cudaEventElapsed = 34.94745635986328 (ms)
[RANK2] F @ 164.695556640625 (ms) to 199.889404296875 (ms), cudaEventElapsed = 35.145790100097656 (ms)
[RANK2] F @ 201.03076171875 (ms) to 236.402587890625 (ms), cudaEventElapsed = 35.33958435058594 (ms)
[RANK2] F @ 236.81396484375 (ms) to 272.108642578125 (ms), cudaEventElapsed = 35.262367248535156 (ms)
[RANK2] F @ 272.50048828125 (ms) to 307.8173828125 (ms), cudaEventElapsed = 35.28499221801758 (ms)
[RANK2] F @ 308.1513671875 (ms) to 342.777587890625 (ms), cudaEventElapsed = 34.59452819824219 (ms)
[RANK2] F @ 344.23583984375 (ms) to 379.214111328125 (ms), cudaEventElapsed = 34.94393539428711 (ms)
[RANK2] F @ 380.66796875 (ms) to 415.556640625 (ms), cudaEventElapsed = 34.85356903076172 (ms)
[RANK2] F @ 416.989990234375 (ms) to 451.84765625 (ms), cudaEventElapsed = 34.82217788696289 (ms)
[RANK2] F @ 453.2939453125 (ms) to 488.003173828125 (ms), cudaEventElapsed = 34.67494583129883 (ms)
