[RANK3] Iteration 1
[RANK3] F @ 916.934814453125 (ms) to 1454.656005859375 (ms), cudaEventElapsed = 537.6583862304688 (ms)
[RANK3] B @ 1455.829345703125 (ms) to 1500.728271484375 (ms), cudaEventElapsed = 44.86860656738281 (ms)
[RANK3] F @ 1502.007080078125 (ms) to 1532.8984375 (ms), cudaEventElapsed = 30.869504928588867 (ms)
[RANK3] B @ 1533.18359375 (ms) to 1570.841064453125 (ms), cudaEventElapsed = 37.63302230834961 (ms)
[RANK3] F @ 1572.161865234375 (ms) to 1603.74072265625 (ms), cudaEventElapsed = 31.557632446289062 (ms)
[RANK3] B @ 1604.012451171875 (ms) to 1642.232177734375 (ms), cudaEventElapsed = 38.196224212646484 (ms)
[RANK3] F @ 1643.4794921875 (ms) to 1675.977294921875 (ms), cudaEventElapsed = 32.47411346435547 (ms)
[RANK3] B @ 1676.40771484375 (ms) to 1715.87939453125 (ms), cudaEventElapsed = 39.44345474243164 (ms)
[RANK3] F @ 1717.16357421875 (ms) to 1749.558349609375 (ms), cudaEventElapsed = 32.36966323852539 (ms)
[RANK3] B @ 1749.89013671875 (ms) to 1787.942626953125 (ms), cudaEventElapsed = 38.026241302490234 (ms)
[RANK3] F @ 1789.2109375 (ms) to 1821.090087890625 (ms), cudaEventElapsed = 31.856639862060547 (ms)
[RANK3] B @ 1821.38232421875 (ms) to 1859.427978515625 (ms), cudaEventElapsed = 38.0211181640625 (ms)
[RANK3] F @ 1860.690185546875 (ms) to 1892.84423828125 (ms), cudaEventElapsed = 32.13209533691406 (ms)
[RANK3] B @ 1893.140869140625 (ms) to 1930.8232421875 (ms), cudaEventElapsed = 37.65760040283203 (ms)
[RANK3] F @ 1935.1015625 (ms) to 1966.800048828125 (ms), cudaEventElapsed = 31.672319412231445 (ms)
[RANK3] B @ 1967.087890625 (ms) to 2005.463134765625 (ms), cudaEventElapsed = 38.351871490478516 (ms)
[RANK3] F @ 2013.9091796875 (ms) to 2044.73828125 (ms), cudaEventElapsed = 30.80601692199707 (ms)
[RANK3] B @ 2045.111083984375 (ms) to 2082.639404296875 (ms), cudaEventElapsed = 37.50502395629883 (ms)
[RANK3] F @ 2094.84521484375 (ms) to 2125.853271484375 (ms), cudaEventElapsed = 30.98521614074707 (ms)
[RANK3] B @ 2126.1240234375 (ms) to 2163.463623046875 (ms), cudaEventElapsed = 37.31660842895508 (ms)
[RANK3] F @ 2173.8486328125 (ms) to 2204.295654296875 (ms), cudaEventElapsed = 30.42508888244629 (ms)
[RANK3] B @ 2204.49072265625 (ms) to 2241.556640625 (ms), cudaEventElapsed = 37.0432014465332 (ms)
[RANK3] F @ 2254.1767578125 (ms) to 2284.914794921875 (ms), cudaEventElapsed = 30.715904235839844 (ms)
[RANK3] B @ 2285.109619140625 (ms) to 2322.201171875 (ms), cudaEventElapsed = 37.06880187988281 (ms)
[RANK3] 12W @ 2324.180908203125 (ms) to 2568.507568359375 (ms), cudaEventElapsed = 244.29568481445312 (ms)
[RANK3] Iteration 2
[RANK3] F @ 111.06005859375 (ms) to 141.35302734375 (ms), cudaEventElapsed = 30.264320373535156 (ms)
[RANK3] B @ 141.694091796875 (ms) to 178.9228515625 (ms), cudaEventElapsed = 37.200897216796875 (ms)
[RANK3] F @ 180.322021484375 (ms) to 213.958740234375 (ms), cudaEventElapsed = 33.61177444458008 (ms)
[RANK3] B @ 214.28759765625 (ms) to 252.581298828125 (ms), cudaEventElapsed = 38.26790237426758 (ms)
[RANK3] F @ 253.851806640625 (ms) to 286.628662109375 (ms), cudaEventElapsed = 32.75059127807617 (ms)
[RANK3] B @ 286.94970703125 (ms) to 325.706787109375 (ms), cudaEventElapsed = 38.73177719116211 (ms)
[RANK3] F @ 326.98681640625 (ms) to 360.41162109375 (ms), cudaEventElapsed = 33.39980697631836 (ms)
[RANK3] B @ 360.72509765625 (ms) to 399.866943359375 (ms), cudaEventElapsed = 39.11372756958008 (ms)
[RANK3] F @ 401.196044921875 (ms) to 435.238525390625 (ms), cudaEventElapsed = 34.01932907104492 (ms)
[RANK3] B @ 435.52978515625 (ms) to 474.056640625 (ms), cudaEventElapsed = 38.50342559814453 (ms)
[RANK3] F @ 475.36962890625 (ms) to 508.84033203125 (ms), cudaEventElapsed = 33.43974304199219 (ms)
[RANK3] B @ 509.11767578125 (ms) to 547.962646484375 (ms), cudaEventElapsed = 38.816768646240234 (ms)
[RANK3] F @ 551.95654296875 (ms) to 584.458740234375 (ms), cudaEventElapsed = 32.478206634521484 (ms)
[RANK3] B @ 584.7431640625 (ms) to 623.156494140625 (ms), cudaEventElapsed = 38.3897590637207 (ms)
[RANK3] F @ 636.084228515625 (ms) to 667.16064453125 (ms), cudaEventElapsed = 31.053823471069336 (ms)
[RANK3] B @ 667.465576171875 (ms) to 705.583740234375 (ms), cudaEventElapsed = 38.09382247924805 (ms)
[RANK3] F @ 815.8544921875 (ms) to 845.861083984375 (ms), cudaEventElapsed = 29.98374366760254 (ms)
[RANK3] B @ 846.159912109375 (ms) to 882.904296875 (ms), cudaEventElapsed = 36.720638275146484 (ms)
[RANK3] F @ 901.93505859375 (ms) to 932.771484375 (ms), cudaEventElapsed = 30.814207077026367 (ms)
[RANK3] B @ 933.056884765625 (ms) to 970.532958984375 (ms), cudaEventElapsed = 37.45280075073242 (ms)
[RANK3] F @ 986.55615234375 (ms) to 1017.74755859375 (ms), cudaEventElapsed = 31.16646385192871 (ms)
[RANK3] B @ 1017.94580078125 (ms) to 1055.971435546875 (ms), cudaEventElapsed = 38.002689361572266 (ms)
[RANK3] F @ 1069.906005859375 (ms) to 1101.388916015625 (ms), cudaEventElapsed = 31.461376190185547 (ms)
[RANK3] B @ 1101.596435546875 (ms) to 1139.561279296875 (ms), cudaEventElapsed = 37.9422721862793 (ms)
[RANK3] 12W @ 1141.319091796875 (ms) to 1429.390869140625 (ms), cudaEventElapsed = 287.7624206542969 (ms)
[RANK3] Iteration 3
[RANK3] F @ 116.95263671875 (ms) to 146.871337890625 (ms), cudaEventElapsed = 29.895679473876953 (ms)
[RANK3] B @ 147.25732421875 (ms) to 184.301025390625 (ms), cudaEventElapsed = 37.019649505615234 (ms)
[RANK3] F @ 185.6015625 (ms) to 219.15185546875 (ms), cudaEventElapsed = 33.528831481933594 (ms)
[RANK3] B @ 219.376708984375 (ms) to 258.246337890625 (ms), cudaEventElapsed = 38.844417572021484 (ms)
[RANK3] F @ 259.64404296875 (ms) to 293.37060546875 (ms), cudaEventElapsed = 33.70188903808594 (ms)
[RANK3] B @ 293.61474609375 (ms) to 332.322509765625 (ms), cudaEventElapsed = 38.68262481689453 (ms)
[RANK3] F @ 333.674560546875 (ms) to 366.78759765625 (ms), cudaEventElapsed = 33.087486267089844 (ms)
[RANK3] B @ 367.03125 (ms) to 405.54296875 (ms), cudaEventElapsed = 38.48601531982422 (ms)
[RANK3] F @ 406.885009765625 (ms) to 440.359619140625 (ms), cudaEventElapsed = 33.44998550415039 (ms)
[RANK3] B @ 440.5771484375 (ms) to 479.843017578125 (ms), cudaEventElapsed = 39.24070358276367 (ms)
[RANK3] F @ 481.099609375 (ms) to 515.123291015625 (ms), cudaEventElapsed = 34.00191879272461 (ms)
[RANK3] B @ 515.33056640625 (ms) to 553.8369140625 (ms), cudaEventElapsed = 38.48294448852539 (ms)
[RANK3] W @ 554.6083984375 (ms) to 577.868896484375 (ms), cudaEventElapsed = 21.06982421875 (ms)
[RANK3] F @ 578.757568359375 (ms) to 612.63671875 (ms), cudaEventElapsed = 33.856510162353516 (ms)
[RANK3] B @ 612.837646484375 (ms) to 651.607421875 (ms), cudaEventElapsed = 38.74816131591797 (ms)
[RANK3] W @ 652.3779296875 (ms) to 673.674560546875 (ms), cudaEventElapsed = 21.27462387084961 (ms)
[RANK3] F @ 674.46728515625 (ms) to 708.384521484375 (ms), cudaEventElapsed = 33.896446228027344 (ms)
[RANK3] B @ 708.669189453125 (ms) to 747.52880859375 (ms), cudaEventElapsed = 38.837249755859375 (ms)
[RANK3] F @ 748.859619140625 (ms) to 782.30517578125 (ms), cudaEventElapsed = 33.42335891723633 (ms)
[RANK3] B @ 782.491943359375 (ms) to 821.614013671875 (ms), cudaEventElapsed = 39.10041427612305 (ms)
[RANK3] F @ 823.296630859375 (ms) to 857.010498046875 (ms), cudaEventElapsed = 33.69267272949219 (ms)
[RANK3] B @ 857.191650390625 (ms) to 895.8076171875 (ms), cudaEventElapsed = 38.59251022338867 (ms)
[RANK3] W @ 896.5380859375 (ms) to 917.427490234375 (ms), cudaEventElapsed = 20.86809539794922 (ms)
[RANK3] F @ 918.1962890625 (ms) to 953.99951171875 (ms), cudaEventElapsed = 35.77753448486328 (ms)
[RANK3] B @ 954.20263671875 (ms) to 995.979248046875 (ms), cudaEventElapsed = 41.75462341308594 (ms)
[RANK3] W @ 996.740478515625 (ms) to 1020.7822265625 (ms), cudaEventElapsed = 24.018943786621094 (ms)
[RANK3] F @ 1021.5546875 (ms) to 1058.6279296875 (ms), cudaEventElapsed = 37.05344009399414 (ms)
[RANK3] B @ 1058.82470703125 (ms) to 1098.77490234375 (ms), cudaEventElapsed = 39.92780685424805 (ms)
[RANK3] 8W @ 1100.831787109375 (ms) to 1297.14501953125 (ms), cudaEventElapsed = 196.2854461669922 (ms)
[RANK3] Iteration 4
[RANK3] F @ 105.687744140625 (ms) to 135.8115234375 (ms), cudaEventElapsed = 30.098432540893555 (ms)
[RANK3] B @ 136.2177734375 (ms) to 174.09716796875 (ms), cudaEventElapsed = 37.85318374633789 (ms)
[RANK3] F @ 175.457275390625 (ms) to 209.34423828125 (ms), cudaEventElapsed = 33.85958480834961 (ms)
[RANK3] B @ 209.59326171875 (ms) to 248.216064453125 (ms), cudaEventElapsed = 38.59455871582031 (ms)
[RANK3] F @ 249.671142578125 (ms) to 282.6484375 (ms), cudaEventElapsed = 32.94105529785156 (ms)
[RANK3] B @ 282.91748046875 (ms) to 321.747802734375 (ms), cudaEventElapsed = 38.800384521484375 (ms)
[RANK3] F @ 323.15576171875 (ms) to 356.726806640625 (ms), cudaEventElapsed = 33.547264099121094 (ms)
[RANK3] B @ 356.970458984375 (ms) to 396.38818359375 (ms), cudaEventElapsed = 39.39020919799805 (ms)
[RANK3] F @ 397.769287109375 (ms) to 431.61181640625 (ms), cudaEventElapsed = 33.81862258911133 (ms)
[RANK3] B @ 431.843017578125 (ms) to 470.3857421875 (ms), cudaEventElapsed = 38.51878356933594 (ms)
[RANK3] F @ 471.652099609375 (ms) to 504.730224609375 (ms), cudaEventElapsed = 33.05574417114258 (ms)
[RANK3] B @ 504.94580078125 (ms) to 543.587158203125 (ms), cudaEventElapsed = 38.61811065673828 (ms)
[RANK3] W @ 544.35693359375 (ms) to 565.90234375 (ms), cudaEventElapsed = 21.521408081054688 (ms)
[RANK3] F @ 570.144287109375 (ms) to 603.862548828125 (ms), cudaEventElapsed = 33.69676971435547 (ms)
[RANK3] B @ 604.066162109375 (ms) to 642.861083984375 (ms), cudaEventElapsed = 38.77171325683594 (ms)
[RANK3] W @ 643.6416015625 (ms) to 665.405517578125 (ms), cudaEventElapsed = 21.738496780395508 (ms)
[RANK3] F @ 666.222900390625 (ms) to 701.19677734375 (ms), cudaEventElapsed = 34.95219039916992 (ms)
[RANK3] B @ 701.5 (ms) to 740.802001953125 (ms), cudaEventElapsed = 39.27859115600586 (ms)
[RANK3] F @ 742.14990234375 (ms) to 775.8037109375 (ms), cudaEventElapsed = 33.62815856933594 (ms)
[RANK3] B @ 776.017822265625 (ms) to 815.250732421875 (ms), cudaEventElapsed = 39.209983825683594 (ms)
[RANK3] F @ 816.984619140625 (ms) to 850.658203125 (ms), cudaEventElapsed = 33.65273666381836 (ms)
[RANK3] B @ 850.84912109375 (ms) to 889.2294921875 (ms), cudaEventElapsed = 38.356990814208984 (ms)
[RANK3] W @ 889.965576171875 (ms) to 910.89453125 (ms), cudaEventElapsed = 20.907007217407227 (ms)
[RANK3] F @ 911.681640625 (ms) to 946.409912109375 (ms), cudaEventElapsed = 34.7064323425293 (ms)
[RANK3] B @ 946.6220703125 (ms) to 990.528076171875 (ms), cudaEventElapsed = 43.88351821899414 (ms)
[RANK3] W @ 991.304443359375 (ms) to 1015.5849609375 (ms), cudaEventElapsed = 24.248319625854492 (ms)
[RANK3] F @ 1016.406982421875 (ms) to 1052.947509765625 (ms), cudaEventElapsed = 36.51891326904297 (ms)
[RANK3] B @ 1053.160888671875 (ms) to 1092.8037109375 (ms), cudaEventElapsed = 39.61958312988281 (ms)
[RANK3] 8W @ 1094.617919921875 (ms) to 1289.10107421875 (ms), cudaEventElapsed = 194.45350646972656 (ms)
[RANK3] Iteration 5
[RANK3] F @ 228.064453125 (ms) to 258.128662109375 (ms), cudaEventElapsed = 30.041088104248047 (ms)
[RANK3] B @ 258.52685546875 (ms) to 296.27001953125 (ms), cudaEventElapsed = 37.72108840942383 (ms)
[RANK3] F @ 297.564208984375 (ms) to 331.363525390625 (ms), cudaEventElapsed = 33.77766418457031 (ms)
[RANK3] B @ 331.5966796875 (ms) to 370.36328125 (ms), cudaEventElapsed = 38.74201583862305 (ms)
[RANK3] F @ 371.752685546875 (ms) to 404.98095703125 (ms), cudaEventElapsed = 33.2042236328125 (ms)
[RANK3] B @ 405.194091796875 (ms) to 443.783203125 (ms), cudaEventElapsed = 38.565887451171875 (ms)
[RANK3] F @ 445.114013671875 (ms) to 478.2880859375 (ms), cudaEventElapsed = 33.15097427368164 (ms)
[RANK3] B @ 478.5068359375 (ms) to 517.9609375 (ms), cudaEventElapsed = 39.42911911010742 (ms)
[RANK3] F @ 519.274169921875 (ms) to 552.77734375 (ms), cudaEventElapsed = 33.481727600097656 (ms)
[RANK3] B @ 552.980712890625 (ms) to 591.4091796875 (ms), cudaEventElapsed = 38.401023864746094 (ms)
[RANK3] F @ 592.66064453125 (ms) to 625.595458984375 (ms), cudaEventElapsed = 32.91340637207031 (ms)
[RANK3] B @ 625.791015625 (ms) to 664.663818359375 (ms), cudaEventElapsed = 38.85055923461914 (ms)
[RANK3] W @ 665.440185546875 (ms) to 687.8701171875 (ms), cudaEventElapsed = 21.564416885375977 (ms)
[RANK3] F @ 690.592529296875 (ms) to 724.348388671875 (ms), cudaEventElapsed = 33.7336311340332 (ms)
[RANK3] B @ 724.55615234375 (ms) to 763.29736328125 (ms), cudaEventElapsed = 38.71846389770508 (ms)
[RANK3] W @ 764.051025390625 (ms) to 786.056884765625 (ms), cudaEventElapsed = 21.543935775756836 (ms)
[RANK3] F @ 786.854736328125 (ms) to 821.529052734375 (ms), cudaEventElapsed = 34.65216064453125 (ms)
[RANK3] B @ 821.81396484375 (ms) to 861.14501953125 (ms), cudaEventElapsed = 39.30624008178711 (ms)
[RANK3] F @ 862.49609375 (ms) to 896.14404296875 (ms), cudaEventElapsed = 33.62611389160156 (ms)
[RANK3] B @ 896.3359375 (ms) to 935.122314453125 (ms), cudaEventElapsed = 38.765567779541016 (ms)
[RANK3] F @ 936.431884765625 (ms) to 970.3173828125 (ms), cudaEventElapsed = 33.86470413208008 (ms)
[RANK3] B @ 970.511474609375 (ms) to 1009.1015625 (ms), cudaEventElapsed = 38.567935943603516 (ms)
[RANK3] W @ 1009.840087890625 (ms) to 1031.2568359375 (ms), cudaEventElapsed = 21.393407821655273 (ms)
[RANK3] F @ 1032.091064453125 (ms) to 1066.649169921875 (ms), cudaEventElapsed = 34.537471771240234 (ms)
[RANK3] B @ 1066.844482421875 (ms) to 1110.1162109375 (ms), cudaEventElapsed = 43.249664306640625 (ms)
[RANK3] W @ 1110.84912109375 (ms) to 1135.9228515625 (ms), cudaEventElapsed = 25.053184509277344 (ms)
[RANK3] F @ 1136.717041015625 (ms) to 1173.0068359375 (ms), cudaEventElapsed = 36.2690544128418 (ms)
[RANK3] B @ 1173.21337890625 (ms) to 1212.528564453125 (ms), cudaEventElapsed = 39.29190444946289 (ms)
[RANK3] 8W @ 1214.419189453125 (ms) to 1407.50048828125 (ms), cudaEventElapsed = 193.0557403564453 (ms)
[RANK3] Iteration 6
[RANK3] F @ 226.99658203125 (ms) to 257.1787109375 (ms), cudaEventElapsed = 30.15577507019043 (ms)
[RANK3] B @ 257.584228515625 (ms) to 294.01904296875 (ms), cudaEventElapsed = 36.410369873046875 (ms)
[RANK3] F @ 295.33837890625 (ms) to 328.403564453125 (ms), cudaEventElapsed = 33.040382385253906 (ms)
[RANK3] B @ 328.65087890625 (ms) to 367.55078125 (ms), cudaEventElapsed = 38.87411117553711 (ms)
[RANK3] F @ 368.90283203125 (ms) to 402.6044921875 (ms), cudaEventElapsed = 33.67833709716797 (ms)
[RANK3] B @ 402.82421875 (ms) to 442.08056640625 (ms), cudaEventElapsed = 39.232513427734375 (ms)
[RANK3] F @ 443.410400390625 (ms) to 477.01171875 (ms), cudaEventElapsed = 33.57900619506836 (ms)
[RANK3] B @ 477.224365234375 (ms) to 515.70947265625 (ms), cudaEventElapsed = 38.46144104003906 (ms)
[RANK3] F @ 517.029052734375 (ms) to 549.929443359375 (ms), cudaEventElapsed = 32.879615783691406 (ms)
[RANK3] B @ 550.141845703125 (ms) to 589.0224609375 (ms), cudaEventElapsed = 38.85670471191406 (ms)
[RANK3] F @ 590.29833984375 (ms) to 624.059326171875 (ms), cudaEventElapsed = 33.73875045776367 (ms)
[RANK3] B @ 624.252685546875 (ms) to 663.39111328125 (ms), cudaEventElapsed = 39.11475372314453 (ms)
[RANK3] W @ 664.182861328125 (ms) to 685.552734375 (ms), cudaEventElapsed = 21.344255447387695 (ms)
[RANK3] F @ 688.203125 (ms) to 723.25439453125 (ms), cudaEventElapsed = 35.02899169921875 (ms)
[RANK3] B @ 723.462646484375 (ms) to 762.7919921875 (ms), cudaEventElapsed = 39.30214309692383 (ms)
[RANK3] W @ 763.5830078125 (ms) to 784.88916015625 (ms), cudaEventElapsed = 21.28384017944336 (ms)
[RANK3] F @ 785.693359375 (ms) to 821.3076171875 (ms), cudaEventElapsed = 35.59321594238281 (ms)
[RANK3] B @ 821.614013671875 (ms) to 861.26171875 (ms), cudaEventElapsed = 39.622657775878906 (ms)
[RANK3] F @ 862.65283203125 (ms) to 896.32568359375 (ms), cudaEventElapsed = 33.64966583251953 (ms)
[RANK3] B @ 896.556884765625 (ms) to 934.866455078125 (ms), cudaEventElapsed = 38.28224182128906 (ms)
[RANK3] F @ 936.727783203125 (ms) to 969.50146484375 (ms), cudaEventElapsed = 32.75059127807617 (ms)
[RANK3] B @ 969.71044921875 (ms) to 1008.5595703125 (ms), cudaEventElapsed = 38.82700729370117 (ms)
[RANK3] W @ 1009.325927734375 (ms) to 1031.003662109375 (ms), cudaEventElapsed = 21.65247917175293 (ms)
[RANK3] F @ 1031.8876953125 (ms) to 1067.093017578125 (ms), cudaEventElapsed = 35.18259048461914 (ms)
[RANK3] B @ 1067.307373046875 (ms) to 1110.020263671875 (ms), cudaEventElapsed = 42.689537048339844 (ms)
[RANK3] W @ 1110.81103515625 (ms) to 1135.760009765625 (ms), cudaEventElapsed = 24.92518424987793 (ms)
[RANK3] F @ 1136.584716796875 (ms) to 1172.481201171875 (ms), cudaEventElapsed = 35.8737907409668 (ms)
[RANK3] B @ 1172.6904296875 (ms) to 1212.0302734375 (ms), cudaEventElapsed = 39.3175048828125 (ms)
[RANK3] 8W @ 1214.4970703125 (ms) to 1409.08251953125 (ms), cudaEventElapsed = 194.55282592773438 (ms)
[RANK3] Iteration 7
[RANK3] F @ 229.584228515625 (ms) to 259.768310546875 (ms), cudaEventElapsed = 30.15679931640625 (ms)
[RANK3] B @ 260.174072265625 (ms) to 297.390625 (ms), cudaEventElapsed = 37.19270324707031 (ms)
[RANK3] F @ 298.6953125 (ms) to 332.578369140625 (ms), cudaEventElapsed = 33.85958480834961 (ms)
[RANK3] B @ 332.79541015625 (ms) to 371.561279296875 (ms), cudaEventElapsed = 38.74201583862305 (ms)
[RANK3] F @ 372.94091796875 (ms) to 406.21044921875 (ms), cudaEventElapsed = 33.24620819091797 (ms)
[RANK3] B @ 406.43701171875 (ms) to 445.348388671875 (ms), cudaEventElapsed = 38.88844680786133 (ms)
[RANK3] F @ 446.686767578125 (ms) to 480.481689453125 (ms), cudaEventElapsed = 33.77356719970703 (ms)
[RANK3] B @ 480.7080078125 (ms) to 519.538818359375 (ms), cudaEventElapsed = 38.802433013916016 (ms)
[RANK3] F @ 520.88818359375 (ms) to 554.071044921875 (ms), cudaEventElapsed = 33.15302276611328 (ms)
[RANK3] B @ 554.281005859375 (ms) to 593.051025390625 (ms), cudaEventElapsed = 38.74611282348633 (ms)
[RANK3] F @ 594.308837890625 (ms) to 628.341064453125 (ms), cudaEventElapsed = 34.01113510131836 (ms)
[RANK3] B @ 628.5625 (ms) to 667.80712890625 (ms), cudaEventElapsed = 39.221248626708984 (ms)
[RANK3] W @ 668.62353515625 (ms) to 689.951171875 (ms), cudaEventElapsed = 21.30124855041504 (ms)
[RANK3] F @ 690.89111328125 (ms) to 726.559326171875 (ms), cudaEventElapsed = 35.64441680908203 (ms)
[RANK3] B @ 726.78271484375 (ms) to 766.33984375 (ms), cudaEventElapsed = 39.5335693359375 (ms)
[RANK3] W @ 767.15869140625 (ms) to 788.60595703125 (ms), cudaEventElapsed = 21.421056747436523 (ms)
[RANK3] F @ 789.45654296875 (ms) to 825.392822265625 (ms), cudaEventElapsed = 35.91270446777344 (ms)
[RANK3] B @ 825.706298828125 (ms) to 865.277587890625 (ms), cudaEventElapsed = 39.546878814697266 (ms)
[RANK3] F @ 866.6455078125 (ms) to 900.428466796875 (ms), cudaEventElapsed = 33.76128005981445 (ms)
[RANK3] B @ 900.638671875 (ms) to 939.385009765625 (ms), cudaEventElapsed = 38.72256088256836 (ms)
[RANK3] F @ 941.154541015625 (ms) to 974.318115234375 (ms), cudaEventElapsed = 33.141761779785156 (ms)
[RANK3] B @ 974.517822265625 (ms) to 1013.24169921875 (ms), cudaEventElapsed = 38.70105743408203 (ms)
[RANK3] W @ 1014.004150390625 (ms) to 1035.604736328125 (ms), cudaEventElapsed = 21.575679779052734 (ms)
[RANK3] F @ 1036.455322265625 (ms) to 1071.61279296875 (ms), cudaEventElapsed = 35.1354866027832 (ms)
[RANK3] B @ 1071.816650390625 (ms) to 1113.7802734375 (ms), cudaEventElapsed = 41.94099044799805 (ms)
[RANK3] W @ 1114.545654296875 (ms) to 1138.59228515625 (ms), cudaEventElapsed = 24.023040771484375 (ms)
[RANK3] F @ 1139.4228515625 (ms) to 1175.235595703125 (ms), cudaEventElapsed = 35.79084777832031 (ms)
[RANK3] B @ 1175.448974609375 (ms) to 1215.004150390625 (ms), cudaEventElapsed = 39.53254318237305 (ms)
[RANK3] 8W @ 1217.10302734375 (ms) to 1411.189697265625 (ms), cudaEventElapsed = 194.05722045898438 (ms)
[RANK3] Iteration 8
[RANK3] F @ 228.847900390625 (ms) to 259.13525390625 (ms), cudaEventElapsed = 30.259199142456055 (ms)
[RANK3] B @ 259.573974609375 (ms) to 296.57861328125 (ms), cudaEventElapsed = 36.977664947509766 (ms)
[RANK3] F @ 297.903564453125 (ms) to 331.59228515625 (ms), cudaEventElapsed = 33.6629753112793 (ms)
[RANK3] B @ 331.85693359375 (ms) to 371.50341796875 (ms), cudaEventElapsed = 39.618560791015625 (ms)
[RANK3] F @ 372.88720703125 (ms) to 406.95361328125 (ms), cudaEventElapsed = 34.04288101196289 (ms)
[RANK3] B @ 407.178466796875 (ms) to 445.908203125 (ms), cudaEventElapsed = 38.70515060424805 (ms)
[RANK3] F @ 447.261962890625 (ms) to 480.333984375 (ms), cudaEventElapsed = 33.047550201416016 (ms)
[RANK3] B @ 480.5625 (ms) to 519.42626953125 (ms), cudaEventElapsed = 38.83929443359375 (ms)
[RANK3] F @ 520.778564453125 (ms) to 554.137939453125 (ms), cudaEventElapsed = 33.337345123291016 (ms)
[RANK3] B @ 554.3466796875 (ms) to 593.227783203125 (ms), cudaEventElapsed = 38.85670471191406 (ms)
[RANK3] F @ 594.466552734375 (ms) to 628.10986328125 (ms), cudaEventElapsed = 33.62099075317383 (ms)
[RANK3] B @ 628.31298828125 (ms) to 666.9453125 (ms), cudaEventElapsed = 38.60889434814453 (ms)
[RANK3] W @ 667.716064453125 (ms) to 688.8193359375 (ms), cudaEventElapsed = 21.081087112426758 (ms)
[RANK3] F @ 689.8837890625 (ms) to 725.654296875 (ms), cudaEventElapsed = 35.748863220214844 (ms)
[RANK3] B @ 725.867431640625 (ms) to 765.019775390625 (ms), cudaEventElapsed = 39.126014709472656 (ms)
[RANK3] W @ 765.78759765625 (ms) to 786.669677734375 (ms), cudaEventElapsed = 20.85785675048828 (ms)
[RANK3] F @ 787.429443359375 (ms) to 822.153564453125 (ms), cudaEventElapsed = 34.702335357666016 (ms)
[RANK3] B @ 822.467529296875 (ms) to 861.834716796875 (ms), cudaEventElapsed = 39.34105682373047 (ms)
[RANK3] F @ 863.177734375 (ms) to 896.498779296875 (ms), cudaEventElapsed = 33.29945755004883 (ms)
[RANK3] B @ 896.708740234375 (ms) to 935.456787109375 (ms), cudaEventElapsed = 38.724609375 (ms)
[RANK3] F @ 937.28515625 (ms) to 970.931884765625 (ms), cudaEventElapsed = 33.62303924560547 (ms)
[RANK3] B @ 971.135986328125 (ms) to 1010.437255859375 (ms), cudaEventElapsed = 39.27859115600586 (ms)
[RANK3] W @ 1011.17919921875 (ms) to 1032.494873046875 (ms), cudaEventElapsed = 21.29203224182129 (ms)
[RANK3] F @ 1033.326416015625 (ms) to 1069.2041015625 (ms), cudaEventElapsed = 35.8553581237793 (ms)
[RANK3] B @ 1069.40869140625 (ms) to 1113.276611328125 (ms), cudaEventElapsed = 43.84563064575195 (ms)
[RANK3] W @ 1114.034912109375 (ms) to 1139.0517578125 (ms), cudaEventElapsed = 24.993791580200195 (ms)
[RANK3] F @ 1139.873779296875 (ms) to 1176.090087890625 (ms), cudaEventElapsed = 36.19532775878906 (ms)
[RANK3] B @ 1176.302734375 (ms) to 1215.531494140625 (ms), cudaEventElapsed = 39.20588684082031 (ms)
[RANK3] 8W @ 1217.405517578125 (ms) to 1412.81005859375 (ms), cudaEventElapsed = 195.378173828125 (ms)
[RANK3] Iteration 9
[RANK3] F @ 228.946533203125 (ms) to 259.21875 (ms), cudaEventElapsed = 30.245887756347656 (ms)
[RANK3] B @ 259.637451171875 (ms) to 296.465087890625 (ms), cudaEventElapsed = 36.80460739135742 (ms)
[RANK3] F @ 297.77294921875 (ms) to 331.433837890625 (ms), cudaEventElapsed = 33.63737487792969 (ms)
[RANK3] B @ 331.677734375 (ms) to 371.343994140625 (ms), cudaEventElapsed = 39.64108657836914 (ms)
[RANK3] F @ 372.700927734375 (ms) to 406.3046875 (ms), cudaEventElapsed = 33.58310317993164 (ms)
[RANK3] B @ 406.525390625 (ms) to 445.000244140625 (ms), cudaEventElapsed = 38.45119857788086 (ms)
[RANK3] F @ 446.369873046875 (ms) to 479.3134765625 (ms), cudaEventElapsed = 32.921600341796875 (ms)
[RANK3] B @ 479.52294921875 (ms) to 518.341796875 (ms), cudaEventElapsed = 38.795265197753906 (ms)
[RANK3] F @ 519.662841796875 (ms) to 553.146240234375 (ms), cudaEventElapsed = 33.46022415161133 (ms)
[RANK3] B @ 553.353759765625 (ms) to 592.509033203125 (ms), cudaEventElapsed = 39.13113784790039 (ms)
[RANK3] F @ 593.75439453125 (ms) to 627.819580078125 (ms), cudaEventElapsed = 34.04390335083008 (ms)
[RANK3] B @ 628.01220703125 (ms) to 666.51220703125 (ms), cudaEventElapsed = 38.47679901123047 (ms)
[RANK3] W @ 667.294921875 (ms) to 688.183349609375 (ms), cudaEventElapsed = 20.86502456665039 (ms)
[RANK3] F @ 692.988525390625 (ms) to 727.71044921875 (ms), cudaEventElapsed = 34.700286865234375 (ms)
[RANK3] B @ 727.918212890625 (ms) to 766.712646484375 (ms), cudaEventElapsed = 38.772735595703125 (ms)
[RANK3] W @ 767.52001953125 (ms) to 788.396240234375 (ms), cudaEventElapsed = 20.850688934326172 (ms)
[RANK3] F @ 789.2060546875 (ms) to 824.39208984375 (ms), cudaEventElapsed = 35.164161682128906 (ms)
[RANK3] B @ 824.6943359375 (ms) to 864.390380859375 (ms), cudaEventElapsed = 39.669761657714844 (ms)
[RANK3] F @ 865.754150390625 (ms) to 899.094482421875 (ms), cudaEventElapsed = 33.314815521240234 (ms)
[RANK3] B @ 899.31640625 (ms) to 938.134033203125 (ms), cudaEventElapsed = 38.79423904418945 (ms)
[RANK3] F @ 939.923095703125 (ms) to 973.33642578125 (ms), cudaEventElapsed = 33.39059066772461 (ms)
[RANK3] B @ 973.53857421875 (ms) to 1012.821044921875 (ms), cudaEventElapsed = 39.26015853881836 (ms)
[RANK3] W @ 1013.561767578125 (ms) to 1034.919921875 (ms), cudaEventElapsed = 21.334016799926758 (ms)
[RANK3] F @ 1035.761474609375 (ms) to 1071.70458984375 (ms), cudaEventElapsed = 35.920894622802734 (ms)
[RANK3] B @ 1071.91357421875 (ms) to 1116.479248046875 (ms), cudaEventElapsed = 44.54297637939453 (ms)
[RANK3] W @ 1117.2548828125 (ms) to 1142.28564453125 (ms), cudaEventElapsed = 25.008127212524414 (ms)
[RANK3] F @ 1143.081298828125 (ms) to 1179.249267578125 (ms), cudaEventElapsed = 36.146175384521484 (ms)
[RANK3] B @ 1179.46435546875 (ms) to 1218.95654296875 (ms), cudaEventElapsed = 39.46700668334961 (ms)
[RANK3] 8W @ 1221.486083984375 (ms) to 1415.609130859375 (ms), cudaEventElapsed = 194.0828094482422 (ms)
