[RANK3] Iteration 1
[RANK3] F @ 264.56396484375 (ms) to 295.339111328125 (ms), cudaEventElapsed = 30.717952728271484 (ms)
[RANK3] B @ 295.566162109375 (ms) to 332.37939453125 (ms), cudaEventElapsed = 36.777984619140625 (ms)
[RANK3] F @ 335.52490234375 (ms) to 366.486572265625 (ms), cudaEventElapsed = 30.91913604736328 (ms)
[RANK3] B @ 366.5498046875 (ms) to 404.389892578125 (ms), cudaEventElapsed = 37.80915069580078 (ms)
[RANK3] F @ 525.756591796875 (ms) to 555.937255859375 (ms), cudaEventElapsed = 30.14409637451172 (ms)
[RANK3] B @ 556.001220703125 (ms) to 593.140625 (ms), cudaEventElapsed = 37.10464096069336 (ms)
[RANK3] F @ 641.298828125 (ms) to 672.125244140625 (ms), cudaEventElapsed = 30.772287368774414 (ms)
[RANK3] B @ 672.187744140625 (ms) to 708.853759765625 (ms), cudaEventElapsed = 36.63257598876953 (ms)
[RANK3] F @ 710.135986328125 (ms) to 742.552734375 (ms), cudaEventElapsed = 32.37830352783203 (ms)
[RANK3] B @ 742.626708984375 (ms) to 781.015625 (ms), cudaEventElapsed = 38.351871490478516 (ms)
[RANK3] F @ 782.40966796875 (ms) to 815.170654296875 (ms), cudaEventElapsed = 32.725791931152344 (ms)
[RANK3] B @ 815.23828125 (ms) to 853.6552734375 (ms), cudaEventElapsed = 38.381568908691406 (ms)
[RANK3] F @ 1019.57666015625 (ms) to 1050.190673828125 (ms), cudaEventElapsed = 30.558048248291016 (ms)
[RANK3] B @ 1050.255615234375 (ms) to 1087.654052734375 (ms), cudaEventElapsed = 37.363712310791016 (ms)
[RANK3] F @ 1093.8486328125 (ms) to 1124.47216796875 (ms), cudaEventElapsed = 30.584991455078125 (ms)
[RANK3] B @ 1124.6904296875 (ms) to 1163.714599609375 (ms), cudaEventElapsed = 38.990848541259766 (ms)
[RANK3] W @ 1163.892578125 (ms) to 1212.552001953125 (ms), cudaEventElapsed = 16.41164779663086 (ms)
[RANK3] F @ 1212.736572265625 (ms) to 1242.91552734375 (ms), cudaEventElapsed = 30.144512176513672 (ms)
[RANK3] B @ 1242.97119140625 (ms) to 1280.9052734375 (ms), cudaEventElapsed = 37.903358459472656 (ms)
[RANK3] W @ 1281.152587890625 (ms) to 1302.221923828125 (ms), cudaEventElapsed = 20.04991912841797 (ms)
[RANK3] F @ 1340.41259765625 (ms) to 1370.4970703125 (ms), cudaEventElapsed = 30.043455123901367 (ms)
[RANK3] B @ 1370.55615234375 (ms) to 1407.40673828125 (ms), cudaEventElapsed = 36.819969177246094 (ms)
[RANK3] W @ 1407.686279296875 (ms) to 1428.891357421875 (ms), cudaEventElapsed = 20.124671936035156 (ms)
[RANK3] F @ 1441.95703125 (ms) to 1472.66455078125 (ms), cudaEventElapsed = 30.670656204223633 (ms)
[RANK3] B @ 1472.72265625 (ms) to 1509.979736328125 (ms), cudaEventElapsed = 37.22035217285156 (ms)
[RANK3] W @ 1510.219970703125 (ms) to 1531.23486328125 (ms), cudaEventElapsed = 19.957759857177734 (ms)
[RANK3] F @ 1543.62451171875 (ms) to 1574.172607421875 (ms), cudaEventElapsed = 30.512319564819336 (ms)
[RANK3] B @ 1574.2265625 (ms) to 1610.90185546875 (ms), cudaEventElapsed = 36.64588928222656 (ms)
[RANK3] 8W @ 1611.067138671875 (ms) to 1773.018798828125 (ms), cudaEventElapsed = 161.9199981689453 (ms)
[RANK3] Iteration 2
[RANK3] F @ 99.986083984375 (ms) to 130.5146484375 (ms), cudaEventElapsed = 30.474464416503906 (ms)
[RANK3] B @ 130.7734375 (ms) to 174.71533203125 (ms), cudaEventElapsed = 36.0898551940918 (ms)
[RANK3] F @ 175.217529296875 (ms) to 206.34326171875 (ms), cudaEventElapsed = 31.090208053588867 (ms)
[RANK3] B @ 206.436767578125 (ms) to 244.757080078125 (ms), cudaEventElapsed = 38.28736114501953 (ms)
[RANK3] F @ 246.1318359375 (ms) to 278.6005859375 (ms), cudaEventElapsed = 32.43174362182617 (ms)
[RANK3] B @ 278.70751953125 (ms) to 316.785400390625 (ms), cudaEventElapsed = 38.04159927368164 (ms)
[RANK3] F @ 318.21435546875 (ms) to 350.548095703125 (ms), cudaEventElapsed = 32.294593811035156 (ms)
[RANK3] B @ 350.658203125 (ms) to 388.494873046875 (ms), cudaEventElapsed = 37.79993438720703 (ms)
[RANK3] F @ 389.972900390625 (ms) to 422.755859375 (ms), cudaEventElapsed = 32.746273040771484 (ms)
[RANK3] B @ 422.86865234375 (ms) to 460.49462890625 (ms), cudaEventElapsed = 37.591041564941406 (ms)
[RANK3] F @ 462.10400390625 (ms) to 494.4619140625 (ms), cudaEventElapsed = 32.322303771972656 (ms)
[RANK3] B @ 494.553466796875 (ms) to 532.464599609375 (ms), cudaEventElapsed = 37.8787841796875 (ms)
[RANK3] F @ 534.028564453125 (ms) to 566.8095703125 (ms), cudaEventElapsed = 32.742496490478516 (ms)
[RANK3] B @ 566.920166015625 (ms) to 605.388916015625 (ms), cudaEventElapsed = 38.432769775390625 (ms)
[RANK3] F @ 605.756591796875 (ms) to 638.06494140625 (ms), cudaEventElapsed = 32.27414321899414 (ms)
[RANK3] B @ 638.32275390625 (ms) to 677.607666015625 (ms), cudaEventElapsed = 39.25094223022461 (ms)
[RANK3] W @ 677.84912109375 (ms) to 699.169189453125 (ms), cudaEventElapsed = 19.172351837158203 (ms)
[RANK3] F @ 699.347412109375 (ms) to 730.632568359375 (ms), cudaEventElapsed = 31.253023147583008 (ms)
[RANK3] B @ 730.71240234375 (ms) to 769.010009765625 (ms), cudaEventElapsed = 38.26892852783203 (ms)
[RANK3] W @ 769.276611328125 (ms) to 790.2421875 (ms), cudaEventElapsed = 19.84511947631836 (ms)
[RANK3] F @ 823.78857421875 (ms) to 854.130859375 (ms), cudaEventElapsed = 30.29724884033203 (ms)
[RANK3] B @ 854.221923828125 (ms) to 890.711669921875 (ms), cudaEventElapsed = 36.45849609375 (ms)
[RANK3] W @ 890.987060546875 (ms) to 911.720703125 (ms), cudaEventElapsed = 19.63417625427246 (ms)
[RANK3] F @ 926.603759765625 (ms) to 957.11083984375 (ms), cudaEventElapsed = 30.46553611755371 (ms)
[RANK3] B @ 957.193603515625 (ms) to 994.9638671875 (ms), cudaEventElapsed = 37.73952102661133 (ms)
[RANK3] W @ 995.22119140625 (ms) to 1016.862548828125 (ms), cudaEventElapsed = 20.552703857421875 (ms)
[RANK3] F @ 1030.981201171875 (ms) to 1061.639404296875 (ms), cudaEventElapsed = 30.622943878173828 (ms)
[RANK3] B @ 1061.723388671875 (ms) to 1098.517333984375 (ms), cudaEventElapsed = 36.76262283325195 (ms)
[RANK3] 8W @ 1098.705078125 (ms) to 1261.427001953125 (ms), cudaEventElapsed = 162.6808319091797 (ms)
[RANK3] Iteration 3
[RANK3] F @ 99.519287109375 (ms) to 130.126953125 (ms), cudaEventElapsed = 30.55619239807129 (ms)
[RANK3] B @ 130.359130859375 (ms) to 174.675537109375 (ms), cudaEventElapsed = 35.28294372558594 (ms)
[RANK3] F @ 175.84619140625 (ms) to 206.221435546875 (ms), cudaEventElapsed = 30.336383819580078 (ms)
[RANK3] B @ 206.308349609375 (ms) to 244.210205078125 (ms), cudaEventElapsed = 37.87059020996094 (ms)
[RANK3] F @ 245.572998046875 (ms) to 277.9052734375 (ms), cudaEventElapsed = 32.29439926147461 (ms)
[RANK3] B @ 278.01611328125 (ms) to 315.669921875 (ms), cudaEventElapsed = 37.61151885986328 (ms)
[RANK3] F @ 317.0439453125 (ms) to 348.987060546875 (ms), cudaEventElapsed = 31.906047821044922 (ms)
[RANK3] B @ 349.085205078125 (ms) to 386.9326171875 (ms), cudaEventElapsed = 37.8152961730957 (ms)
[RANK3] F @ 388.4775390625 (ms) to 421.3876953125 (ms), cudaEventElapsed = 32.87443161010742 (ms)
[RANK3] B @ 421.474365234375 (ms) to 459.61767578125 (ms), cudaEventElapsed = 38.11225509643555 (ms)
[RANK3] F @ 461.147705078125 (ms) to 494.000732421875 (ms), cudaEventElapsed = 32.816959381103516 (ms)
[RANK3] B @ 494.094970703125 (ms) to 532.139404296875 (ms), cudaEventElapsed = 38.011905670166016 (ms)
[RANK3] F @ 533.64111328125 (ms) to 565.9501953125 (ms), cudaEventElapsed = 32.27385711669922 (ms)
[RANK3] B @ 566.058349609375 (ms) to 604.001953125 (ms), cudaEventElapsed = 37.90848159790039 (ms)
[RANK3] F @ 604.32568359375 (ms) to 636.52685546875 (ms), cudaEventElapsed = 32.16960144042969 (ms)
[RANK3] B @ 636.762451171875 (ms) to 675.550537109375 (ms), cudaEventElapsed = 38.756351470947266 (ms)
[RANK3] W @ 675.736083984375 (ms) to 700.275146484375 (ms), cudaEventElapsed = 18.23232078552246 (ms)
[RANK3] F @ 700.440673828125 (ms) to 732.054443359375 (ms), cudaEventElapsed = 31.577856063842773 (ms)
[RANK3] B @ 732.134521484375 (ms) to 770.33251953125 (ms), cudaEventElapsed = 38.168575286865234 (ms)
[RANK3] W @ 770.579833984375 (ms) to 792.033447265625 (ms), cudaEventElapsed = 20.329471588134766 (ms)
[RANK3] F @ 826.557373046875 (ms) to 856.56396484375 (ms), cudaEventElapsed = 29.967552185058594 (ms)
[RANK3] B @ 856.65380859375 (ms) to 892.744384765625 (ms), cudaEventElapsed = 36.06016159057617 (ms)
[RANK3] W @ 893.0078125 (ms) to 913.718017578125 (ms), cudaEventElapsed = 19.64748764038086 (ms)
[RANK3] F @ 928.2841796875 (ms) to 958.653564453125 (ms), cudaEventElapsed = 30.333696365356445 (ms)
[RANK3] B @ 958.7314453125 (ms) to 996.477294921875 (ms), cudaEventElapsed = 37.71596908569336 (ms)
[RANK3] W @ 996.72119140625 (ms) to 1017.808349609375 (ms), cudaEventElapsed = 20.01100730895996 (ms)
[RANK3] F @ 1033.12841796875 (ms) to 1063.8251953125 (ms), cudaEventElapsed = 30.661983489990234 (ms)
[RANK3] B @ 1063.905029296875 (ms) to 1101.0849609375 (ms), cudaEventElapsed = 37.149696350097656 (ms)
[RANK3] 8W @ 1101.265869140625 (ms) to 1264.539306640625 (ms), cudaEventElapsed = 163.23992919921875 (ms)
[RANK3] Iteration 4
[RANK3] F @ 99.47607421875 (ms) to 130.01806640625 (ms), cudaEventElapsed = 30.497055053710938 (ms)
[RANK3] B @ 130.238525390625 (ms) to 176.203369140625 (ms), cudaEventElapsed = 36.918270111083984 (ms)
[RANK3] F @ 176.5537109375 (ms) to 209.4462890625 (ms), cudaEventElapsed = 32.85968017578125 (ms)
[RANK3] B @ 209.533447265625 (ms) to 248.0234375 (ms), cudaEventElapsed = 38.45836639404297 (ms)
[RANK3] F @ 249.361572265625 (ms) to 282.86181640625 (ms), cudaEventElapsed = 33.4653434753418 (ms)
[RANK3] B @ 282.95166015625 (ms) to 321.852294921875 (ms), cudaEventElapsed = 38.866943359375 (ms)
[RANK3] F @ 323.27099609375 (ms) to 357.15673828125 (ms), cudaEventElapsed = 33.84761428833008 (ms)
[RANK3] B @ 357.25634765625 (ms) to 395.566650390625 (ms), cudaEventElapsed = 38.27507019042969 (ms)
[RANK3] F @ 396.955322265625 (ms) to 430.99267578125 (ms), cudaEventElapsed = 33.99990463256836 (ms)
[RANK3] B @ 431.078125 (ms) to 469.663818359375 (ms), cudaEventElapsed = 38.554622650146484 (ms)
[RANK3] F @ 471.185302734375 (ms) to 505.89697265625 (ms), cudaEventElapsed = 34.67910385131836 (ms)
[RANK3] B @ 505.984130859375 (ms) to 544.412841796875 (ms), cudaEventElapsed = 38.39692687988281 (ms)
[RANK3] F @ 545.89501953125 (ms) to 579.660888671875 (ms), cudaEventElapsed = 33.731231689453125 (ms)
[RANK3] B @ 579.77099609375 (ms) to 618.758544921875 (ms), cudaEventElapsed = 38.95296096801758 (ms)
[RANK3] F @ 619.05029296875 (ms) to 652.576416015625 (ms), cudaEventElapsed = 33.49430465698242 (ms)
[RANK3] B @ 652.82177734375 (ms) to 693.10986328125 (ms), cudaEventElapsed = 40.255489349365234 (ms)
[RANK3] W @ 693.285400390625 (ms) to 721.400146484375 (ms), cudaEventElapsed = 20.772863388061523 (ms)
[RANK3] F @ 721.56103515625 (ms) to 754.96142578125 (ms), cudaEventElapsed = 33.36604690551758 (ms)
[RANK3] B @ 755.051513671875 (ms) to 794.172119140625 (ms), cudaEventElapsed = 39.08095932006836 (ms)
[RANK3] W @ 794.4130859375 (ms) to 817.269287109375 (ms), cudaEventElapsed = 21.715967178344727 (ms)
[RANK3] F @ 855.27001953125 (ms) to 885.492919921875 (ms), cudaEventElapsed = 30.186336517333984 (ms)
[RANK3] B @ 885.572998046875 (ms) to 922.86669921875 (ms), cudaEventElapsed = 37.26335906982422 (ms)
[RANK3] W @ 923.109375 (ms) to 946.07763671875 (ms), cudaEventElapsed = 21.744640350341797 (ms)
[RANK3] F @ 976.52734375 (ms) to 1006.90673828125 (ms), cudaEventElapsed = 30.328447341918945 (ms)
[RANK3] B @ 1006.994873046875 (ms) to 1043.998291015625 (ms), cudaEventElapsed = 36.971519470214844 (ms)
[RANK3] W @ 1044.236328125 (ms) to 1066.9365234375 (ms), cudaEventElapsed = 21.48454475402832 (ms)
[RANK3] F @ 1087.5361328125 (ms) to 1118.565673828125 (ms), cudaEventElapsed = 30.99247932434082 (ms)
[RANK3] B @ 1118.64892578125 (ms) to 1156.5849609375 (ms), cudaEventElapsed = 37.89926528930664 (ms)
[RANK3] 8W @ 1156.789306640625 (ms) to 1346.665771484375 (ms), cudaEventElapsed = 189.8403778076172 (ms)
[RANK3] Iteration 5
[RANK3] F @ 99.791748046875 (ms) to 130.52490234375 (ms), cudaEventElapsed = 30.672128677368164 (ms)
[RANK3] B @ 130.782470703125 (ms) to 176.264892578125 (ms), cudaEventElapsed = 36.5742073059082 (ms)
[RANK3] F @ 176.75634765625 (ms) to 209.296875 (ms), cudaEventElapsed = 32.49875259399414 (ms)
[RANK3] B @ 209.39892578125 (ms) to 248.372314453125 (ms), cudaEventElapsed = 38.93964767456055 (ms)
[RANK3] F @ 249.849609375 (ms) to 283.602294921875 (ms), cudaEventElapsed = 33.714622497558594 (ms)
[RANK3] B @ 283.71337890625 (ms) to 321.923583984375 (ms), cudaEventElapsed = 38.174720764160156 (ms)
[RANK3] F @ 323.355224609375 (ms) to 357.048828125 (ms), cudaEventElapsed = 33.65536117553711 (ms)
[RANK3] B @ 357.154296875 (ms) to 395.85009765625 (ms), cudaEventElapsed = 38.66009521484375 (ms)
[RANK3] F @ 397.27001953125 (ms) to 431.35205078125 (ms), cudaEventElapsed = 34.047359466552734 (ms)
[RANK3] B @ 431.452880859375 (ms) to 469.874267578125 (ms), cudaEventElapsed = 38.386688232421875 (ms)
[RANK3] F @ 471.46484375 (ms) to 505.55615234375 (ms), cudaEventElapsed = 34.05705642700195 (ms)
[RANK3] B @ 505.6416015625 (ms) to 544.351318359375 (ms), cudaEventElapsed = 38.67750549316406 (ms)
[RANK3] F @ 545.910400390625 (ms) to 580.541015625 (ms), cudaEventElapsed = 34.595008850097656 (ms)
[RANK3] B @ 580.63916015625 (ms) to 619.222900390625 (ms), cudaEventElapsed = 38.54848098754883 (ms)
[RANK3] F @ 619.53662109375 (ms) to 652.5791015625 (ms), cudaEventElapsed = 33.0120964050293 (ms)
[RANK3] B @ 652.797119140625 (ms) to 692.551025390625 (ms), cudaEventElapsed = 39.72198486328125 (ms)
[RANK3] W @ 692.736572265625 (ms) to 721.026123046875 (ms), cudaEventElapsed = 19.25632095336914 (ms)
[RANK3] F @ 721.18505859375 (ms) to 754.069580078125 (ms), cudaEventElapsed = 32.853153228759766 (ms)
[RANK3] B @ 754.1494140625 (ms) to 793.1904296875 (ms), cudaEventElapsed = 39.01030349731445 (ms)
[RANK3] W @ 793.458251953125 (ms) to 816.650390625 (ms), cudaEventElapsed = 22.097919464111328 (ms)
[RANK3] F @ 857.81396484375 (ms) to 887.945556640625 (ms), cudaEventElapsed = 30.091583251953125 (ms)
[RANK3] B @ 888.025390625 (ms) to 925.651611328125 (ms), cudaEventElapsed = 37.596160888671875 (ms)
[RANK3] W @ 925.905029296875 (ms) to 948.59716796875 (ms), cudaEventElapsed = 21.46713638305664 (ms)
[RANK3] F @ 979.74755859375 (ms) to 1010.8046875 (ms), cudaEventElapsed = 31.019968032836914 (ms)
[RANK3] B @ 1010.8876953125 (ms) to 1048.424560546875 (ms), cudaEventElapsed = 37.506046295166016 (ms)
[RANK3] W @ 1048.675537109375 (ms) to 1071.553955078125 (ms), cudaEventElapsed = 21.66067123413086 (ms)
[RANK3] F @ 1091.1162109375 (ms) to 1122.788330078125 (ms), cudaEventElapsed = 31.628192901611328 (ms)
[RANK3] B @ 1122.869140625 (ms) to 1160.087158203125 (ms), cudaEventElapsed = 37.187583923339844 (ms)
[RANK3] 8W @ 1160.276123046875 (ms) to 1350.0087890625 (ms), cudaEventElapsed = 189.6837158203125 (ms)
[RANK3] Iteration 6
[RANK3] F @ 100.0078125 (ms) to 130.986083984375 (ms), cudaEventElapsed = 30.914688110351562 (ms)
[RANK3] B @ 131.240234375 (ms) to 175.698974609375 (ms), cudaEventElapsed = 36.387840270996094 (ms)
[RANK3] F @ 177.1494140625 (ms) to 210.666259765625 (ms), cudaEventElapsed = 33.476287841796875 (ms)
[RANK3] B @ 210.7587890625 (ms) to 249.677978515625 (ms), cudaEventElapsed = 38.88742446899414 (ms)
[RANK3] F @ 251.077392578125 (ms) to 284.63525390625 (ms), cudaEventElapsed = 33.52076721191406 (ms)
[RANK3] B @ 284.744384765625 (ms) to 323.3154296875 (ms), cudaEventElapsed = 38.5351676940918 (ms)
[RANK3] F @ 324.7919921875 (ms) to 358.829345703125 (ms), cudaEventElapsed = 34.00012969970703 (ms)
[RANK3] B @ 358.93408203125 (ms) to 398.01123046875 (ms), cudaEventElapsed = 39.04102325439453 (ms)
[RANK3] F @ 399.45654296875 (ms) to 433.94873046875 (ms), cudaEventElapsed = 34.45462417602539 (ms)
[RANK3] B @ 434.036376953125 (ms) to 472.263916015625 (ms), cudaEventElapsed = 38.194175720214844 (ms)
[RANK3] F @ 473.911376953125 (ms) to 507.4833984375 (ms), cudaEventElapsed = 33.53724670410156 (ms)
[RANK3] B @ 507.57177734375 (ms) to 546.07470703125 (ms), cudaEventElapsed = 38.46963119506836 (ms)
[RANK3] F @ 547.623046875 (ms) to 581.765869140625 (ms), cudaEventElapsed = 34.10755157470703 (ms)
[RANK3] B @ 581.85888671875 (ms) to 620.647216796875 (ms), cudaEventElapsed = 38.756351470947266 (ms)
[RANK3] F @ 620.950927734375 (ms) to 654.370849609375 (ms), cudaEventElapsed = 33.38982391357422 (ms)
[RANK3] B @ 654.599853515625 (ms) to 694.253173828125 (ms), cudaEventElapsed = 39.611392974853516 (ms)
[RANK3] W @ 694.444091796875 (ms) to 722.5078125 (ms), cudaEventElapsed = 20.140031814575195 (ms)
[RANK3] F @ 722.681884765625 (ms) to 756.455078125 (ms), cudaEventElapsed = 33.742401123046875 (ms)
[RANK3] B @ 756.535400390625 (ms) to 795.861083984375 (ms), cudaEventElapsed = 39.29600143432617 (ms)
[RANK3] W @ 796.09814453125 (ms) to 819.10205078125 (ms), cudaEventElapsed = 21.83679962158203 (ms)
[RANK3] F @ 859.142333984375 (ms) to 889.491943359375 (ms), cudaEventElapsed = 30.310239791870117 (ms)
[RANK3] B @ 889.574951171875 (ms) to 927.015625 (ms), cudaEventElapsed = 37.409793853759766 (ms)
[RANK3] W @ 927.282470703125 (ms) to 950.256591796875 (ms), cudaEventElapsed = 21.745664596557617 (ms)
[RANK3] F @ 977.989013671875 (ms) to 1009.02294921875 (ms), cudaEventElapsed = 30.98431968688965 (ms)
[RANK3] B @ 1009.10791015625 (ms) to 1047.120361328125 (ms), cudaEventElapsed = 37.98118209838867 (ms)
[RANK3] W @ 1047.38623046875 (ms) to 1070.349365234375 (ms), cudaEventElapsed = 21.751808166503906 (ms)
[RANK3] F @ 1088.593994140625 (ms) to 1119.782958984375 (ms), cudaEventElapsed = 31.147232055664062 (ms)
[RANK3] B @ 1119.8681640625 (ms) to 1158.405517578125 (ms), cudaEventElapsed = 38.50444793701172 (ms)
[RANK3] 8W @ 1158.598388671875 (ms) to 1350.256103515625 (ms), cudaEventElapsed = 191.6108856201172 (ms)
[RANK3] Iteration 7
[RANK3] F @ 94.45068359375 (ms) to 123.914306640625 (ms), cudaEventElapsed = 29.41200065612793 (ms)
[RANK3] F @ 128.698974609375 (ms) to 158.05029296875 (ms), cudaEventElapsed = 29.31337547302246 (ms)
[RANK3] F @ 166.6435546875 (ms) to 197.695556640625 (ms), cudaEventElapsed = 31.01692771911621 (ms)
[RANK3] F @ 202.15966796875 (ms) to 234.449462890625 (ms), cudaEventElapsed = 32.246463775634766 (ms)
[RANK3] F @ 238.657958984375 (ms) to 271.47412109375 (ms), cudaEventElapsed = 32.78160095214844 (ms)
[RANK3] F @ 274.375244140625 (ms) to 307.62841796875 (ms), cudaEventElapsed = 33.21596908569336 (ms)
[RANK3] F @ 310.103515625 (ms) to 342.200927734375 (ms), cudaEventElapsed = 32.064510345458984 (ms)
[RANK3] F @ 345.04638671875 (ms) to 376.416015625 (ms), cudaEventElapsed = 31.33772850036621 (ms)
[RANK3] F @ 381.44482421875 (ms) to 412.97607421875 (ms), cudaEventElapsed = 31.498655319213867 (ms)
[RANK3] F @ 417.782958984375 (ms) to 450.2265625 (ms), cudaEventElapsed = 32.412864685058594 (ms)
[RANK3] F @ 454.0244140625 (ms) to 486.1298828125 (ms), cudaEventElapsed = 32.07334518432617 (ms)
[RANK3] F @ 490.2392578125 (ms) to 521.43701171875 (ms), cudaEventElapsed = 31.166048049926758 (ms)
