[RANK0] Iteration 1
[RANK0] F @ 0.3984375 (ms) to 510.277587890625 (ms), cudaEventElapsed = 509.8196105957031 (ms)
[RANK0] F @ 572.517822265625 (ms) to 598.653564453125 (ms), cudaEventElapsed = 26.07923126220703 (ms)
[RANK0] F @ 598.863037109375 (ms) to 624.72265625 (ms), cudaEventElapsed = 25.824256896972656 (ms)
[RANK0] F @ 624.898193359375 (ms) to 653.146240234375 (ms), cudaEventElapsed = 28.213247299194336 (ms)
[RANK0] F @ 653.3212890625 (ms) to 692.212646484375 (ms), cudaEventElapsed = 26.57792091369629 (ms)
[RANK0] F @ 692.372314453125 (ms) to 781.193115234375 (ms), cudaEventElapsed = 24.673280715942383 (ms)
[RANK0] F @ 781.35986328125 (ms) to 873.008056640625 (ms), cudaEventElapsed = 24.600576400756836 (ms)
[RANK0] B @ 1808.97998046875 (ms) to 1898.0810546875 (ms), cudaEventElapsed = 89.03884887695312 (ms)
[RANK0] F @ 1898.380615234375 (ms) to 1923.63916015625 (ms), cudaEventElapsed = 25.221120834350586 (ms)
[RANK0] B @ 1923.96337890625 (ms) to 1957.250244140625 (ms), cudaEventElapsed = 33.25164794921875 (ms)
[RANK0] W @ 1957.478515625 (ms) to 1973.025146484375 (ms), cudaEventElapsed = 15.511551856994629 (ms)
[RANK0] F @ 1973.048828125 (ms) to 1999.252197265625 (ms), cudaEventElapsed = 26.174463272094727 (ms)
[RANK0] B @ 2000.719970703125 (ms) to 2037.366455078125 (ms), cudaEventElapsed = 36.61091232299805 (ms)
[RANK0] B @ 2056.947021484375 (ms) to 2089.6201171875 (ms), cudaEventElapsed = 32.63663864135742 (ms)
[RANK0] W @ 2089.655517578125 (ms) to 2103.680419921875 (ms), cudaEventElapsed = 13.998080253601074 (ms)
[RANK0] F @ 2103.891357421875 (ms) to 2129.997314453125 (ms), cudaEventElapsed = 26.072063446044922 (ms)
[RANK0] B @ 2160.57763671875 (ms) to 2194.31396484375 (ms), cudaEventElapsed = 33.694976806640625 (ms)
[RANK0] B @ 2202.794677734375 (ms) to 2235.178955078125 (ms), cudaEventElapsed = 32.345985412597656 (ms)
[RANK0] W @ 2235.21044921875 (ms) to 2249.625 (ms), cudaEventElapsed = 14.387200355529785 (ms)
[RANK0] F @ 2249.8251953125 (ms) to 2276.529052734375 (ms), cudaEventElapsed = 26.670080184936523 (ms)
[RANK0] B @ 2305.946044921875 (ms) to 2339.61865234375 (ms), cudaEventElapsed = 33.633216857910156 (ms)
[RANK0] B @ 2348.137939453125 (ms) to 2380.32275390625 (ms), cudaEventElapsed = 32.1495361328125 (ms)
[RANK0] W @ 2380.353759765625 (ms) to 2394.656494140625 (ms), cudaEventElapsed = 14.27660846710205 (ms)
[RANK0] F @ 2394.829345703125 (ms) to 2421.533203125 (ms), cudaEventElapsed = 26.674175262451172 (ms)
[RANK0] W @ 2421.703857421875 (ms) to 2462.032958984375 (ms), cudaEventElapsed = 14.623744010925293 (ms)
[RANK0] W @ 2462.052001953125 (ms) to 2476.10986328125 (ms), cudaEventElapsed = 14.020607948303223 (ms)
[RANK0] W @ 2476.331787109375 (ms) to 2491.8076171875 (ms), cudaEventElapsed = 15.440896034240723 (ms)
[RANK0] W @ 2491.818115234375 (ms) to 2507.789794921875 (ms), cudaEventElapsed = 15.949824333190918 (ms)
[RANK0] B @ 2507.93994140625 (ms) to 2543.48583984375 (ms), cudaEventElapsed = 35.51801681518555 (ms)
[RANK0] W @ 2543.642578125 (ms) to 2563.9560546875 (ms), cudaEventElapsed = 14.77939224243164 (ms)
[RANK0] B @ 2564.093017578125 (ms) to 2598.098876953125 (ms), cudaEventElapsed = 33.9793586730957 (ms)
[RANK0] W @ 2598.1240234375 (ms) to 2613.148193359375 (ms), cudaEventElapsed = 14.997504234313965 (ms)
[RANK0] B @ 2640.46826171875 (ms) to 2673.45703125 (ms), cudaEventElapsed = 32.95391845703125 (ms)
[RANK0] W @ 2673.489013671875 (ms) to 2687.921630859375 (ms), cudaEventElapsed = 14.397439956665039 (ms)
[RANK0] B @ 2730.812255859375 (ms) to 2762.79052734375 (ms), cudaEventElapsed = 31.9418888092041 (ms)
[RANK0] 1W @ 2762.821044921875 (ms) to 2776.52099609375 (ms), cudaEventElapsed = 13.676544189453125 (ms)
[RANK0] Iteration 2
[RANK0] F @ 2.11474609375 (ms) to 27.437255859375 (ms), cudaEventElapsed = 25.267744064331055 (ms)
[RANK0] F @ 27.677734375 (ms) to 52.427978515625 (ms), cudaEventElapsed = 24.71526336669922 (ms)
[RANK0] F @ 52.62548828125 (ms) to 79.602783203125 (ms), cudaEventElapsed = 26.93939208984375 (ms)
[RANK0] F @ 79.803466796875 (ms) to 107.906005859375 (ms), cudaEventElapsed = 28.064767837524414 (ms)
[RANK0] F @ 108.12060546875 (ms) to 136.106201171875 (ms), cudaEventElapsed = 27.94598388671875 (ms)
[RANK0] F @ 136.296630859375 (ms) to 164.144775390625 (ms), cudaEventElapsed = 27.804672241210938 (ms)
[RANK0] F @ 164.33544921875 (ms) to 192.13525390625 (ms), cudaEventElapsed = 27.76678466796875 (ms)
[RANK0] B @ 268.56787109375 (ms) to 300.43212890625 (ms), cudaEventElapsed = 31.817663192749023 (ms)
[RANK0] F @ 300.656005859375 (ms) to 326.136474609375 (ms), cudaEventElapsed = 25.449472427368164 (ms)
[RANK0] B @ 350.215087890625 (ms) to 382.931396484375 (ms), cudaEventElapsed = 32.67420959472656 (ms)
[RANK0] W @ 383.15576171875 (ms) to 397.717041015625 (ms), cudaEventElapsed = 14.530559539794922 (ms)
[RANK0] F @ 397.776611328125 (ms) to 424.09375 (ms), cudaEventElapsed = 26.288127899169922 (ms)
[RANK0] B @ 432.251220703125 (ms) to 467.807373046875 (ms), cudaEventElapsed = 35.51753616333008 (ms)
[RANK0] B @ 511.106201171875 (ms) to 542.863037109375 (ms), cudaEventElapsed = 31.717567443847656 (ms)
[RANK0] W @ 542.93017578125 (ms) to 556.642333984375 (ms), cudaEventElapsed = 13.684736251831055 (ms)
[RANK0] F @ 556.84375 (ms) to 583.275390625 (ms), cudaEventElapsed = 26.402816772460938 (ms)
[RANK0] B @ 615.7666015625 (ms) to 649.207763671875 (ms), cudaEventElapsed = 33.40131378173828 (ms)
[RANK0] B @ 665.995361328125 (ms) to 697.826416015625 (ms), cudaEventElapsed = 31.79840087890625 (ms)
[RANK0] W @ 697.888671875 (ms) to 711.903076171875 (ms), cudaEventElapsed = 13.98579216003418 (ms)
[RANK0] F @ 712.12060546875 (ms) to 738.1787109375 (ms), cudaEventElapsed = 26.024959564208984 (ms)
[RANK0] B @ 774.03125 (ms) to 807.56201171875 (ms), cudaEventElapsed = 33.489505767822266 (ms)
[RANK0] B @ 815.23095703125 (ms) to 847.287841796875 (ms), cudaEventElapsed = 32.02239990234375 (ms)
[RANK0] W @ 847.351806640625 (ms) to 861.384521484375 (ms), cudaEventElapsed = 14.006272315979004 (ms)
[RANK0] F @ 861.578125 (ms) to 887.767333984375 (ms), cudaEventElapsed = 26.161151885986328 (ms)
[RANK0] W @ 887.951416015625 (ms) to 930.735595703125 (ms), cudaEventElapsed = 13.98681640625 (ms)
[RANK0] W @ 930.789794921875 (ms) to 944.94775390625 (ms), cudaEventElapsed = 14.127103805541992 (ms)
[RANK0] W @ 945.13818359375 (ms) to 960.08984375 (ms), cudaEventElapsed = 14.923775672912598 (ms)
[RANK0] W @ 960.1318359375 (ms) to 976.060791015625 (ms), cudaEventElapsed = 15.90272045135498 (ms)
[RANK0] B @ 976.213623046875 (ms) to 1012.020751953125 (ms), cudaEventElapsed = 35.7790412902832 (ms)
[RANK0] W @ 1012.195556640625 (ms) to 1035.881591796875 (ms), cudaEventElapsed = 15.553536415100098 (ms)
[RANK0] B @ 1036.048095703125 (ms) to 1070.412841796875 (ms), cudaEventElapsed = 34.336639404296875 (ms)
[RANK0] W @ 1070.467529296875 (ms) to 1085.411865234375 (ms), cudaEventElapsed = 14.918656349182129 (ms)
[RANK0] B @ 1120.389404296875 (ms) to 1153.04248046875 (ms), cudaEventElapsed = 32.62019348144531 (ms)
[RANK0] W @ 1153.099365234375 (ms) to 1167.3046875 (ms), cudaEventElapsed = 14.179327964782715 (ms)
[RANK0] B @ 1207.964599609375 (ms) to 1239.59326171875 (ms), cudaEventElapsed = 31.593408584594727 (ms)
[RANK0] 1W @ 1239.6513671875 (ms) to 1253.7470703125 (ms), cudaEventElapsed = 14.0697603225708 (ms)
[RANK0] Iteration 3
[RANK0] F @ 2.176025390625 (ms) to 27.217529296875 (ms), cudaEventElapsed = 25.001855850219727 (ms)
[RANK0] F @ 27.438720703125 (ms) to 52.47509765625 (ms), cudaEventElapsed = 24.996864318847656 (ms)
[RANK0] F @ 52.66943359375 (ms) to 80.00146484375 (ms), cudaEventElapsed = 27.297792434692383 (ms)
[RANK0] F @ 80.19921875 (ms) to 108.025390625 (ms), cudaEventElapsed = 27.794431686401367 (ms)
[RANK0] F @ 108.22998046875 (ms) to 135.999267578125 (ms), cudaEventElapsed = 27.736064910888672 (ms)
[RANK0] F @ 136.203369140625 (ms) to 164.16064453125 (ms), cudaEventElapsed = 27.92140769958496 (ms)
[RANK0] F @ 164.34814453125 (ms) to 192.20556640625 (ms), cudaEventElapsed = 27.826175689697266 (ms)
[RANK0] B @ 267.117919921875 (ms) to 298.9736328125 (ms), cudaEventElapsed = 31.802879333496094 (ms)
[RANK0] F @ 299.185546875 (ms) to 325.14990234375 (ms), cudaEventElapsed = 25.93484878540039 (ms)
[RANK0] B @ 348.240478515625 (ms) to 381.2353515625 (ms), cudaEventElapsed = 32.954017639160156 (ms)
[RANK0] W @ 381.451904296875 (ms) to 396.17333984375 (ms), cudaEventElapsed = 14.692352294921875 (ms)
[RANK0] F @ 396.225341796875 (ms) to 422.6865234375 (ms), cudaEventElapsed = 26.431488037109375 (ms)
[RANK0] B @ 430.3291015625 (ms) to 466.02001953125 (ms), cudaEventElapsed = 35.65244674682617 (ms)
[RANK0] B @ 509.577392578125 (ms) to 541.32861328125 (ms), cudaEventElapsed = 31.7159366607666 (ms)
[RANK0] W @ 541.394287109375 (ms) to 555.152587890625 (ms), cudaEventElapsed = 13.722623825073242 (ms)
[RANK0] F @ 555.345947265625 (ms) to 581.86083984375 (ms), cudaEventElapsed = 26.486783981323242 (ms)
[RANK0] B @ 614.415771484375 (ms) to 647.93310546875 (ms), cudaEventElapsed = 33.47359848022461 (ms)
[RANK0] B @ 664.96337890625 (ms) to 696.80712890625 (ms), cudaEventElapsed = 31.812320709228516 (ms)
[RANK0] W @ 696.87109375 (ms) to 711.020263671875 (ms), cudaEventElapsed = 14.121983528137207 (ms)
[RANK0] F @ 711.22119140625 (ms) to 737.73974609375 (ms), cudaEventElapsed = 26.489856719970703 (ms)
[RANK0] B @ 773.959228515625 (ms) to 807.20654296875 (ms), cudaEventElapsed = 33.21104049682617 (ms)
[RANK0] B @ 815.247802734375 (ms) to 847.4326171875 (ms), cudaEventElapsed = 32.1525764465332 (ms)
[RANK0] W @ 847.493408203125 (ms) to 861.482666015625 (ms), cudaEventElapsed = 13.96121597290039 (ms)
[RANK0] F @ 861.68798828125 (ms) to 887.69482421875 (ms), cudaEventElapsed = 25.975807189941406 (ms)
[RANK0] W @ 887.881591796875 (ms) to 930.6103515625 (ms), cudaEventElapsed = 14.245887756347656 (ms)
[RANK0] W @ 930.66796875 (ms) to 944.940185546875 (ms), cudaEventElapsed = 14.241791725158691 (ms)
[RANK0] W @ 945.151123046875 (ms) to 960.287353515625 (ms), cudaEventElapsed = 15.106047630310059 (ms)
[RANK0] W @ 960.33056640625 (ms) to 976.31396484375 (ms), cudaEventElapsed = 15.958016395568848 (ms)
[RANK0] B @ 976.4736328125 (ms) to 1012.2724609375 (ms), cudaEventElapsed = 35.772159576416016 (ms)
[RANK0] W @ 1012.475341796875 (ms) to 1036.842529296875 (ms), cudaEventElapsed = 15.507455825805664 (ms)
[RANK0] B @ 1037.010009765625 (ms) to 1071.14990234375 (ms), cudaEventElapsed = 34.112159729003906 (ms)
[RANK0] W @ 1071.208251953125 (ms) to 1086.361083984375 (ms), cudaEventElapsed = 15.126527786254883 (ms)
[RANK0] B @ 1121.656982421875 (ms) to 1154.44384765625 (ms), cudaEventElapsed = 32.75251388549805 (ms)
[RANK0] W @ 1154.507568359375 (ms) to 1168.74267578125 (ms), cudaEventElapsed = 14.208000183105469 (ms)
[RANK0] B @ 1209.824951171875 (ms) to 1241.785400390625 (ms), cudaEventElapsed = 31.928224563598633 (ms)
[RANK0] 1W @ 1241.841796875 (ms) to 1255.68701171875 (ms), cudaEventElapsed = 13.811712265014648 (ms)
[RANK0] Iteration 4
[RANK0] F @ 2.13330078125 (ms) to 27.3076171875 (ms), cudaEventElapsed = 25.14192008972168 (ms)
[RANK0] F @ 27.5146484375 (ms) to 53.05029296875 (ms), cudaEventElapsed = 25.50067138671875 (ms)
[RANK0] F @ 53.240966796875 (ms) to 80.777587890625 (ms), cudaEventElapsed = 27.504640579223633 (ms)
[RANK0] F @ 80.970703125 (ms) to 109.092529296875 (ms), cudaEventElapsed = 28.088319778442383 (ms)
[RANK0] F @ 109.30615234375 (ms) to 137.457275390625 (ms), cudaEventElapsed = 28.112895965576172 (ms)
[RANK0] F @ 137.658447265625 (ms) to 165.586669921875 (ms), cudaEventElapsed = 27.896831512451172 (ms)
[RANK0] F @ 165.7783203125 (ms) to 193.721923828125 (ms), cudaEventElapsed = 27.91116714477539 (ms)
[RANK0] B @ 269.886962890625 (ms) to 301.579345703125 (ms), cudaEventElapsed = 31.645984649658203 (ms)
[RANK0] F @ 301.799560546875 (ms) to 327.35595703125 (ms), cudaEventElapsed = 25.52627182006836 (ms)
[RANK0] B @ 350.372802734375 (ms) to 383.35498046875 (ms), cudaEventElapsed = 32.94348907470703 (ms)
[RANK0] W @ 383.581298828125 (ms) to 398.25732421875 (ms), cudaEventElapsed = 14.643199920654297 (ms)
[RANK0] F @ 398.31298828125 (ms) to 423.96728515625 (ms), cudaEventElapsed = 25.625600814819336 (ms)
[RANK0] B @ 432.711181640625 (ms) to 468.80615234375 (ms), cudaEventElapsed = 36.05811309814453 (ms)
[RANK0] B @ 511.82958984375 (ms) to 543.470703125 (ms), cudaEventElapsed = 31.604415893554688 (ms)
[RANK0] W @ 543.5380859375 (ms) to 557.489990234375 (ms), cudaEventElapsed = 13.918208122253418 (ms)
[RANK0] F @ 557.718505859375 (ms) to 583.557861328125 (ms), cudaEventElapsed = 25.806848526000977 (ms)
[RANK0] B @ 615.90673828125 (ms) to 649.41015625 (ms), cudaEventElapsed = 33.462432861328125 (ms)
[RANK0] B @ 669.109130859375 (ms) to 700.9169921875 (ms), cudaEventElapsed = 31.77452850341797 (ms)
[RANK0] W @ 700.985107421875 (ms) to 714.75927734375 (ms), cudaEventElapsed = 13.741056442260742 (ms)
[RANK0] F @ 714.99169921875 (ms) to 741.040771484375 (ms), cudaEventElapsed = 26.017791748046875 (ms)
[RANK0] B @ 777.798828125 (ms) to 811.131591796875 (ms), cudaEventElapsed = 33.29600143432617 (ms)
[RANK0] B @ 819.317626953125 (ms) to 851.492919921875 (ms), cudaEventElapsed = 32.14227294921875 (ms)
[RANK0] W @ 851.559326171875 (ms) to 866.103271484375 (ms), cudaEventElapsed = 14.515199661254883 (ms)
[RANK0] F @ 866.3076171875 (ms) to 892.948486328125 (ms), cudaEventElapsed = 26.611711502075195 (ms)
[RANK0] W @ 893.146728515625 (ms) to 935.30419921875 (ms), cudaEventElapsed = 14.49062442779541 (ms)
[RANK0] W @ 935.363037109375 (ms) to 949.574951171875 (ms), cudaEventElapsed = 14.181376457214355 (ms)
[RANK0] W @ 949.78564453125 (ms) to 964.823974609375 (ms), cudaEventElapsed = 15.006719589233398 (ms)
[RANK0] W @ 964.866455078125 (ms) to 980.85498046875 (ms), cudaEventElapsed = 15.963135719299316 (ms)
[RANK0] B @ 981.01220703125 (ms) to 1016.8505859375 (ms), cudaEventElapsed = 35.80335998535156 (ms)
[RANK0] W @ 1017.047607421875 (ms) to 1038.955810546875 (ms), cudaEventElapsed = 14.929920196533203 (ms)
[RANK0] B @ 1039.12451171875 (ms) to 1073.492919921875 (ms), cudaEventElapsed = 34.34009552001953 (ms)
[RANK0] W @ 1073.54931640625 (ms) to 1088.75244140625 (ms), cudaEventElapsed = 15.17465591430664 (ms)
[RANK0] B @ 1122.13623046875 (ms) to 1154.875732421875 (ms), cudaEventElapsed = 32.70751953125 (ms)
[RANK0] W @ 1154.9326171875 (ms) to 1169.0048828125 (ms), cudaEventElapsed = 14.045184135437012 (ms)
[RANK0] B @ 1209.580078125 (ms) to 1241.18994140625 (ms), cudaEventElapsed = 31.578752517700195 (ms)
[RANK0] 1W @ 1241.2431640625 (ms) to 1254.88671875 (ms), cudaEventElapsed = 13.617152214050293 (ms)
[RANK0] Iteration 5
[RANK0] F @ 2.12744140625 (ms) to 27.263427734375 (ms), cudaEventElapsed = 25.1046085357666 (ms)
[RANK0] F @ 27.4765625 (ms) to 52.367919921875 (ms), cudaEventElapsed = 24.855552673339844 (ms)
[RANK0] F @ 52.560791015625 (ms) to 79.515625 (ms), cudaEventElapsed = 26.91379165649414 (ms)
[RANK0] F @ 79.713623046875 (ms) to 107.741455078125 (ms), cudaEventElapsed = 27.995136260986328 (ms)
[RANK0] F @ 107.943603515625 (ms) to 135.95263671875 (ms), cudaEventElapsed = 27.96441650390625 (ms)
[RANK0] F @ 136.14501953125 (ms) to 164.073486328125 (ms), cudaEventElapsed = 27.89580726623535 (ms)
[RANK0] F @ 164.275390625 (ms) to 192.189453125 (ms), cudaEventElapsed = 27.880447387695312 (ms)
[RANK0] B @ 269.2822265625 (ms) to 302.053955078125 (ms), cudaEventElapsed = 32.726558685302734 (ms)
[RANK0] F @ 302.28125 (ms) to 328.30078125 (ms), cudaEventElapsed = 25.987071990966797 (ms)
[RANK0] B @ 354.668701171875 (ms) to 388.0947265625 (ms), cudaEventElapsed = 33.387489318847656 (ms)
[RANK0] W @ 388.3212890625 (ms) to 403.821044921875 (ms), cudaEventElapsed = 15.467519760131836 (ms)
[RANK0] F @ 403.873291015625 (ms) to 430.90625 (ms), cudaEventElapsed = 27.004928588867188 (ms)
[RANK0] B @ 438.85302734375 (ms) to 476.0078125 (ms), cudaEventElapsed = 37.10713577270508 (ms)
[RANK0] B @ 520.665283203125 (ms) to 553.2294921875 (ms), cudaEventElapsed = 32.52694320678711 (ms)
[RANK0] W @ 553.295166015625 (ms) to 568.0048828125 (ms), cudaEventElapsed = 14.683135986328125 (ms)
[RANK0] F @ 568.221435546875 (ms) to 594.857421875 (ms), cudaEventElapsed = 26.603519439697266 (ms)
[RANK0] B @ 632.85302734375 (ms) to 667.066162109375 (ms), cudaEventElapsed = 34.17427062988281 (ms)
[RANK0] B @ 684.027099609375 (ms) to 716.798583984375 (ms), cudaEventElapsed = 32.739166259765625 (ms)
[RANK0] W @ 716.865966796875 (ms) to 731.862548828125 (ms), cudaEventElapsed = 14.962688446044922 (ms)
[RANK0] F @ 732.09326171875 (ms) to 760.163330078125 (ms), cudaEventElapsed = 28.037120819091797 (ms)
[RANK0] B @ 800.09228515625 (ms) to 833.8154296875 (ms), cudaEventElapsed = 33.687774658203125 (ms)
[RANK0] B @ 843.95361328125 (ms) to 877.066650390625 (ms), cudaEventElapsed = 33.079776763916016 (ms)
[RANK0] W @ 877.125 (ms) to 892.397705078125 (ms), cudaEventElapsed = 15.246335983276367 (ms)
[RANK0] F @ 892.58544921875 (ms) to 920.532958984375 (ms), cudaEventElapsed = 27.91935920715332 (ms)
[RANK0] W @ 920.720458984375 (ms) to 972.034423828125 (ms), cudaEventElapsed = 14.327808380126953 (ms)
[RANK0] W @ 972.08447265625 (ms) to 987.754638671875 (ms), cudaEventElapsed = 15.640576362609863 (ms)
[RANK0] W @ 987.951171875 (ms) to 1005.21533203125 (ms), cudaEventElapsed = 17.22675132751465 (ms)
[RANK0] W @ 1005.25830078125 (ms) to 1023.523193359375 (ms), cudaEventElapsed = 18.23744010925293 (ms)
[RANK0] B @ 1023.693115234375 (ms) to 1061.734130859375 (ms), cudaEventElapsed = 38.01264190673828 (ms)
[RANK0] W @ 1061.9384765625 (ms) to 1089.297607421875 (ms), cudaEventElapsed = 15.268863677978516 (ms)
[RANK0] B @ 1089.44970703125 (ms) to 1125.014892578125 (ms), cudaEventElapsed = 35.53740692138672 (ms)
[RANK0] W @ 1125.07080078125 (ms) to 1142.031005859375 (ms), cudaEventElapsed = 16.930816650390625 (ms)
[RANK0] B @ 1184.6591796875 (ms) to 1218.54248046875 (ms), cudaEventElapsed = 33.848480224609375 (ms)
[RANK0] W @ 1218.599365234375 (ms) to 1233.792724609375 (ms), cudaEventElapsed = 15.167488098144531 (ms)
[RANK0] B @ 1285.516357421875 (ms) to 1318.079345703125 (ms), cudaEventElapsed = 32.527488708496094 (ms)
[RANK0] 1W @ 1318.133544921875 (ms) to 1332.82373046875 (ms), cudaEventElapsed = 14.664704322814941 (ms)
[RANK0] Iteration 6
[RANK0] F @ 2.090087890625 (ms) to 27.221923828125 (ms), cudaEventElapsed = 25.099903106689453 (ms)
[RANK0] F @ 27.443115234375 (ms) to 53.030029296875 (ms), cudaEventElapsed = 25.548799514770508 (ms)
[RANK0] F @ 53.24951171875 (ms) to 80.555419921875 (ms), cudaEventElapsed = 27.265024185180664 (ms)
[RANK0] F @ 80.762451171875 (ms) to 108.81884765625 (ms), cudaEventElapsed = 28.021760940551758 (ms)
[RANK0] F @ 109.03369140625 (ms) to 137.1259765625 (ms), cudaEventElapsed = 28.051456451416016 (ms)
[RANK0] F @ 137.45166015625 (ms) to 165.23828125 (ms), cudaEventElapsed = 27.75347137451172 (ms)
[RANK0] F @ 165.444580078125 (ms) to 193.738525390625 (ms), cudaEventElapsed = 28.260351181030273 (ms)
[RANK0] B @ 272.060546875 (ms) to 305.114990234375 (ms), cudaEventElapsed = 33.002559661865234 (ms)
[RANK0] F @ 305.392578125 (ms) to 331.757080078125 (ms), cudaEventElapsed = 26.33011245727539 (ms)
[RANK0] B @ 355.674072265625 (ms) to 389.5146484375 (ms), cudaEventElapsed = 33.79286575317383 (ms)
[RANK0] W @ 389.74072265625 (ms) to 406.2841796875 (ms), cudaEventElapsed = 16.513023376464844 (ms)
[RANK0] F @ 406.3369140625 (ms) to 435.434814453125 (ms), cudaEventElapsed = 29.069311141967773 (ms)
[RANK0] B @ 441.503173828125 (ms) to 478.46337890625 (ms), cudaEventElapsed = 36.921409606933594 (ms)
[RANK0] B @ 523.53759765625 (ms) to 556.678466796875 (ms), cudaEventElapsed = 33.098304748535156 (ms)
[RANK0] W @ 556.753173828125 (ms) to 571.72802734375 (ms), cudaEventElapsed = 14.944255828857422 (ms)
[RANK0] F @ 571.93603515625 (ms) to 599.502197265625 (ms), cudaEventElapsed = 27.53740882873535 (ms)
[RANK0] B @ 636.365478515625 (ms) to 670.6435546875 (ms), cudaEventElapsed = 34.23855972290039 (ms)
[RANK0] B @ 687.103515625 (ms) to 720.39306640625 (ms), cudaEventElapsed = 33.25596618652344 (ms)
[RANK0] W @ 720.456787109375 (ms) to 736.1611328125 (ms), cudaEventElapsed = 15.670271873474121 (ms)
[RANK0] F @ 736.356689453125 (ms) to 764.44677734375 (ms), cudaEventElapsed = 28.060672760009766 (ms)
[RANK0] B @ 803.746337890625 (ms) to 837.81689453125 (ms), cudaEventElapsed = 34.03385543823242 (ms)
[RANK0] B @ 847.742919921875 (ms) to 881.58642578125 (ms), cudaEventElapsed = 33.81123352050781 (ms)
[RANK0] W @ 881.649658203125 (ms) to 897.78369140625 (ms), cudaEventElapsed = 16.102399826049805 (ms)
[RANK0] F @ 897.989990234375 (ms) to 927.03369140625 (ms), cudaEventElapsed = 29.0119686126709 (ms)
[RANK0] W @ 927.223876953125 (ms) to 976.57763671875 (ms), cudaEventElapsed = 14.406656265258789 (ms)
[RANK0] W @ 976.626953125 (ms) to 992.318359375 (ms), cudaEventElapsed = 15.662079811096191 (ms)
[RANK0] W @ 992.5234375 (ms) to 1010.3193359375 (ms), cudaEventElapsed = 17.761280059814453 (ms)
[RANK0] W @ 1010.361328125 (ms) to 1030.000244140625 (ms), cudaEventElapsed = 19.612672805786133 (ms)
[RANK0] B @ 1030.158203125 (ms) to 1069.54638671875 (ms), cudaEventElapsed = 39.35935974121094 (ms)
[RANK0] W @ 1069.735595703125 (ms) to 1093.43994140625 (ms), cudaEventElapsed = 16.878591537475586 (ms)
[RANK0] B @ 1093.59765625 (ms) to 1130.06494140625 (ms), cudaEventElapsed = 36.42697525024414 (ms)
[RANK0] W @ 1130.11962890625 (ms) to 1148.04345703125 (ms), cudaEventElapsed = 17.897472381591797 (ms)
[RANK0] B @ 1188.159912109375 (ms) to 1222.110107421875 (ms), cudaEventElapsed = 33.918495178222656 (ms)
[RANK0] W @ 1222.16796875 (ms) to 1237.771728515625 (ms), cudaEventElapsed = 15.57811164855957 (ms)
[RANK0] B @ 1288.48193359375 (ms) to 1321.498046875 (ms), cudaEventElapsed = 32.986270904541016 (ms)
[RANK0] 1W @ 1321.554931640625 (ms) to 1336.816162109375 (ms), cudaEventElapsed = 15.235072135925293 (ms)
[RANK0] Iteration 7
[RANK0] F @ 2.10546875 (ms) to 27.2158203125 (ms), cudaEventElapsed = 25.070783615112305 (ms)
[RANK0] F @ 27.419921875 (ms) to 52.69677734375 (ms), cudaEventElapsed = 25.237503051757812 (ms)
[RANK0] F @ 52.8896484375 (ms) to 80.614013671875 (ms), cudaEventElapsed = 27.692031860351562 (ms)
[RANK0] F @ 80.8056640625 (ms) to 108.711669921875 (ms), cudaEventElapsed = 27.872255325317383 (ms)
[RANK0] F @ 108.9150390625 (ms) to 136.9892578125 (ms), cudaEventElapsed = 28.041215896606445 (ms)
[RANK0] F @ 137.181884765625 (ms) to 165.200927734375 (ms), cudaEventElapsed = 27.9869441986084 (ms)
[RANK0] F @ 165.395263671875 (ms) to 193.382080078125 (ms), cudaEventElapsed = 27.95315170288086 (ms)
[RANK0] B @ 270.8310546875 (ms) to 304.058837890625 (ms), cudaEventElapsed = 33.18479919433594 (ms)
[RANK0] F @ 304.282958984375 (ms) to 330.154296875 (ms), cudaEventElapsed = 25.839616775512695 (ms)
[RANK0] B @ 355.218994140625 (ms) to 388.6904296875 (ms), cudaEventElapsed = 33.426944732666016 (ms)
[RANK0] W @ 388.909912109375 (ms) to 405.132568359375 (ms), cudaEventElapsed = 16.19148826599121 (ms)
[RANK0] F @ 405.187744140625 (ms) to 434.775634765625 (ms), cudaEventElapsed = 29.55366325378418 (ms)
[RANK0] B @ 440.005615234375 (ms) to 477.400146484375 (ms), cudaEventElapsed = 37.35782241821289 (ms)
[RANK0] B @ 521.71728515625 (ms) to 554.9111328125 (ms), cudaEventElapsed = 33.155582427978516 (ms)
[RANK0] W @ 554.980712890625 (ms) to 570.25146484375 (ms), cudaEventElapsed = 15.242239952087402 (ms)
[RANK0] F @ 570.46875 (ms) to 599.9736328125 (ms), cudaEventElapsed = 29.471744537353516 (ms)
[RANK0] B @ 634.867919921875 (ms) to 668.9912109375 (ms), cudaEventElapsed = 34.08505630493164 (ms)
[RANK0] B @ 686.072021484375 (ms) to 719.496337890625 (ms), cudaEventElapsed = 33.389888763427734 (ms)
[RANK0] W @ 719.562255859375 (ms) to 735.40234375 (ms), cudaEventElapsed = 15.806464195251465 (ms)
[RANK0] F @ 735.627685546875 (ms) to 764.2255859375 (ms), cudaEventElapsed = 28.56550407409668 (ms)
[RANK0] B @ 801.443115234375 (ms) to 835.73291015625 (ms), cudaEventElapsed = 34.25177764892578 (ms)
[RANK0] B @ 845.634765625 (ms) to 879.37451171875 (ms), cudaEventElapsed = 33.70710372924805 (ms)
[RANK0] W @ 879.43896484375 (ms) to 895.764404296875 (ms), cudaEventElapsed = 16.296960830688477 (ms)
[RANK0] F @ 895.957275390625 (ms) to 924.58154296875 (ms), cudaEventElapsed = 28.595199584960938 (ms)
[RANK0] W @ 924.78466796875 (ms) to 977.1416015625 (ms), cudaEventElapsed = 14.574591636657715 (ms)
[RANK0] W @ 977.200439453125 (ms) to 992.176025390625 (ms), cudaEventElapsed = 14.942208290100098 (ms)
[RANK0] W @ 992.382568359375 (ms) to 1010.475830078125 (ms), cudaEventElapsed = 18.062335968017578 (ms)
[RANK0] W @ 1010.521728515625 (ms) to 1031.273681640625 (ms), cudaEventElapsed = 20.724735260009766 (ms)
[RANK0] B @ 1031.43701171875 (ms) to 1071.834716796875 (ms), cudaEventElapsed = 40.36822509765625 (ms)
[RANK0] W @ 1072.0205078125 (ms) to 1092.36767578125 (ms), cudaEventElapsed = 18.545663833618164 (ms)
[RANK0] B @ 1092.538818359375 (ms) to 1130.7001953125 (ms), cudaEventElapsed = 38.12771224975586 (ms)
[RANK0] W @ 1130.761474609375 (ms) to 1148.79931640625 (ms), cudaEventElapsed = 18.010112762451172 (ms)
[RANK0] B @ 1185.172607421875 (ms) to 1219.52099609375 (ms), cudaEventElapsed = 34.314273834228516 (ms)
[RANK0] W @ 1219.580322265625 (ms) to 1235.635498046875 (ms), cudaEventElapsed = 16.029695510864258 (ms)
[RANK0] B @ 1286.396240234375 (ms) to 1319.65576171875 (ms), cudaEventElapsed = 33.228511810302734 (ms)
[RANK0] 1W @ 1319.715576171875 (ms) to 1335.320068359375 (ms), cudaEventElapsed = 15.570943832397461 (ms)
[RANK0] Iteration 8
[RANK0] F @ 2.128173828125 (ms) to 27.326416015625 (ms), cudaEventElapsed = 25.159744262695312 (ms)
[RANK0] F @ 27.53466796875 (ms) to 52.85693359375 (ms), cudaEventElapsed = 25.283584594726562 (ms)
[RANK0] F @ 53.053466796875 (ms) to 80.79736328125 (ms), cudaEventElapsed = 27.709440231323242 (ms)
[RANK0] F @ 80.995361328125 (ms) to 109.577392578125 (ms), cudaEventElapsed = 28.54911994934082 (ms)
[RANK0] F @ 109.787353515625 (ms) to 137.8974609375 (ms), cudaEventElapsed = 28.067840576171875 (ms)
[RANK0] F @ 138.109375 (ms) to 166.1318359375 (ms), cudaEventElapsed = 27.983871459960938 (ms)
[RANK0] F @ 166.334228515625 (ms) to 194.279052734375 (ms), cudaEventElapsed = 27.91116714477539 (ms)
[RANK0] B @ 269.656005859375 (ms) to 302.965087890625 (ms), cudaEventElapsed = 33.26015853881836 (ms)
[RANK0] F @ 303.18505859375 (ms) to 329.61767578125 (ms), cudaEventElapsed = 26.401792526245117 (ms)
[RANK0] B @ 354.767822265625 (ms) to 388.4580078125 (ms), cudaEventElapsed = 33.64704132080078 (ms)
[RANK0] W @ 388.69189453125 (ms) to 404.7578125 (ms), cudaEventElapsed = 16.03276824951172 (ms)
[RANK0] F @ 404.817138671875 (ms) to 433.19482421875 (ms), cudaEventElapsed = 28.34022331237793 (ms)
[RANK0] B @ 439.173828125 (ms) to 476.608642578125 (ms), cudaEventElapsed = 37.396575927734375 (ms)
[RANK0] B @ 520.844970703125 (ms) to 553.98046875 (ms), cudaEventElapsed = 33.09449768066406 (ms)
[RANK0] W @ 554.055419921875 (ms) to 569.411865234375 (ms), cudaEventElapsed = 15.325183868408203 (ms)
[RANK0] F @ 569.622314453125 (ms) to 598.15673828125 (ms), cudaEventElapsed = 28.505088806152344 (ms)
[RANK0] B @ 633.710205078125 (ms) to 668.027587890625 (ms), cudaEventElapsed = 34.2720947265625 (ms)
[RANK0] B @ 684.57958984375 (ms) to 717.8359375 (ms), cudaEventElapsed = 33.22073745727539 (ms)
[RANK0] W @ 717.907470703125 (ms) to 733.65380859375 (ms), cudaEventElapsed = 15.71123218536377 (ms)
[RANK0] F @ 733.877197265625 (ms) to 763.76416015625 (ms), cudaEventElapsed = 29.856767654418945 (ms)
[RANK0] B @ 801.752197265625 (ms) to 835.884033203125 (ms), cudaEventElapsed = 34.0945930480957 (ms)
[RANK0] B @ 845.7314453125 (ms) to 879.607666015625 (ms), cudaEventElapsed = 33.8427848815918 (ms)
[RANK0] W @ 879.676513671875 (ms) to 895.586181640625 (ms), cudaEventElapsed = 15.881216049194336 (ms)
[RANK0] F @ 895.812255859375 (ms) to 925.763671875 (ms), cudaEventElapsed = 29.912063598632812 (ms)
[RANK0] W @ 925.964111328125 (ms) to 976.965576171875 (ms), cudaEventElapsed = 14.583807945251465 (ms)
[RANK0] W @ 977.018798828125 (ms) to 992.416748046875 (ms), cudaEventElapsed = 15.367168426513672 (ms)
[RANK0] W @ 992.6376953125 (ms) to 1010.92236328125 (ms), cudaEventElapsed = 18.25279998779297 (ms)
[RANK0] W @ 1010.96826171875 (ms) to 1031.4296875 (ms), cudaEventElapsed = 20.43289566040039 (ms)
[RANK0] B @ 1031.593017578125 (ms) to 1071.685546875 (ms), cudaEventElapsed = 40.06355285644531 (ms)
[RANK0] W @ 1071.89599609375 (ms) to 1094.7998046875 (ms), cudaEventElapsed = 17.738752365112305 (ms)
[RANK0] B @ 1094.96875 (ms) to 1132.8056640625 (ms), cudaEventElapsed = 37.8073616027832 (ms)
[RANK0] W @ 1132.86865234375 (ms) to 1150.58349609375 (ms), cudaEventElapsed = 17.688575744628906 (ms)
[RANK0] B @ 1187.6259765625 (ms) to 1221.92626953125 (ms), cudaEventElapsed = 34.26777648925781 (ms)
[RANK0] W @ 1221.984130859375 (ms) to 1237.920654296875 (ms), cudaEventElapsed = 15.90988826751709 (ms)
[RANK0] B @ 1288.353271484375 (ms) to 1321.588134765625 (ms), cudaEventElapsed = 33.20431900024414 (ms)
[RANK0] 1W @ 1321.642333984375 (ms) to 1337.0625 (ms), cudaEventElapsed = 15.39072036743164 (ms)
[RANK0] Iteration 9
[RANK0] F @ 2.19140625 (ms) to 27.35498046875 (ms), cudaEventElapsed = 25.12486457824707 (ms)
[RANK0] F @ 27.57568359375 (ms) to 53.0263671875 (ms), cudaEventElapsed = 25.412607192993164 (ms)
[RANK0] F @ 53.221923828125 (ms) to 80.404052734375 (ms), cudaEventElapsed = 27.14726448059082 (ms)
[RANK0] F @ 80.60302734375 (ms) to 109.0205078125 (ms), cudaEventElapsed = 28.38630485534668 (ms)
[RANK0] F @ 109.21533203125 (ms) to 137.467041015625 (ms), cudaEventElapsed = 28.219392776489258 (ms)
[RANK0] F @ 137.662353515625 (ms) to 165.755126953125 (ms), cudaEventElapsed = 28.061695098876953 (ms)
[RANK0] F @ 165.96728515625 (ms) to 194.083251953125 (ms), cudaEventElapsed = 28.082176208496094 (ms)
[RANK0] B @ 393.059326171875 (ms) to 426.29931640625 (ms), cudaEventElapsed = 33.1921272277832 (ms)
[RANK0] F @ 426.542236328125 (ms) to 452.890869140625 (ms), cudaEventElapsed = 26.31372833251953 (ms)
[RANK0] B @ 521.6650390625 (ms) to 554.786376953125 (ms), cudaEventElapsed = 33.07984161376953 (ms)
[RANK0] W @ 554.997314453125 (ms) to 570.19677734375 (ms), cudaEventElapsed = 15.169535636901855 (ms)
[RANK0] F @ 570.254150390625 (ms) to 597.82470703125 (ms), cudaEventElapsed = 27.53740882873535 (ms)
[RANK0] B @ 651.510986328125 (ms) to 685.550537109375 (ms), cudaEventElapsed = 33.99958419799805 (ms)
[RANK0] B @ 778.505126953125 (ms) to 811.55419921875 (ms), cudaEventElapsed = 33.0010871887207 (ms)
[RANK0] W @ 811.617431640625 (ms) to 826.96826171875 (ms), cudaEventElapsed = 15.319040298461914 (ms)
[RANK0] F @ 827.19775390625 (ms) to 855.6015625 (ms), cudaEventElapsed = 28.36787223815918 (ms)
[RANK0] B @ 911.9619140625 (ms) to 945.97607421875 (ms), cudaEventElapsed = 33.97644805908203 (ms)
[RANK0] B @ 1034.909912109375 (ms) to 1068.095458984375 (ms), cudaEventElapsed = 33.13475036621094 (ms)
[RANK0] W @ 1068.158447265625 (ms) to 1083.36279296875 (ms), cudaEventElapsed = 15.177727699279785 (ms)
[RANK0] F @ 1083.57568359375 (ms) to 1112.839599609375 (ms), cudaEventElapsed = 29.232128143310547 (ms)
[RANK0] B @ 1194.431396484375 (ms) to 1228.45751953125 (ms), cudaEventElapsed = 33.980831146240234 (ms)
[RANK0] B @ 1238.5751953125 (ms) to 1271.953857421875 (ms), cudaEventElapsed = 33.34348678588867 (ms)
[RANK0] W @ 1272.01220703125 (ms) to 1288.02392578125 (ms), cudaEventElapsed = 15.984640121459961 (ms)
[RANK0] F @ 1288.206787109375 (ms) to 1316.85009765625 (ms), cudaEventElapsed = 28.613632202148438 (ms)
[RANK0] W @ 1317.05029296875 (ms) to 1405.081298828125 (ms), cudaEventElapsed = 14.461952209472656 (ms)
[RANK0] W @ 1405.1337890625 (ms) to 1419.750244140625 (ms), cudaEventElapsed = 14.584832191467285 (ms)
[RANK0] W @ 1419.928466796875 (ms) to 1438.016357421875 (ms), cudaEventElapsed = 18.060287475585938 (ms)
[RANK0] W @ 1438.05810546875 (ms) to 1458.947265625 (ms), cudaEventElapsed = 20.86297607421875 (ms)
[RANK0] B @ 1459.102294921875 (ms) to 1499.50390625 (ms), cudaEventElapsed = 40.37257766723633 (ms)
[RANK0] W @ 1499.685791015625 (ms) to 1561.08740234375 (ms), cudaEventElapsed = 14.729215621948242 (ms)
[RANK0] B @ 1561.248046875 (ms) to 1596.528076171875 (ms), cudaEventElapsed = 35.25084686279297 (ms)
[RANK0] W @ 1596.584716796875 (ms) to 1613.75146484375 (ms), cudaEventElapsed = 17.139711380004883 (ms)
[RANK0] B @ 1700.075439453125 (ms) to 1734.077392578125 (ms), cudaEventElapsed = 33.962974548339844 (ms)
[RANK0] W @ 1734.1376953125 (ms) to 1749.64990234375 (ms), cudaEventElapsed = 15.485952377319336 (ms)
[RANK0] B @ 1803.844970703125 (ms) to 1836.9921875 (ms), cudaEventElapsed = 33.10291290283203 (ms)
[RANK0] 1W @ 1837.051025390625 (ms) to 1852.490478515625 (ms), cudaEventElapsed = 15.412223815917969 (ms)
[RANK0] Iteration 10
[RANK0] F @ 2.04638671875 (ms) to 27.17626953125 (ms), cudaEventElapsed = 25.09667205810547 (ms)
[RANK0] F @ 27.39794921875 (ms) to 52.6484375 (ms), cudaEventElapsed = 25.212928771972656 (ms)
[RANK0] F @ 52.859619140625 (ms) to 80.919189453125 (ms), cudaEventElapsed = 28.021760940551758 (ms)
[RANK0] F @ 81.1337890625 (ms) to 109.451171875 (ms), cudaEventElapsed = 28.284927368164062 (ms)
[RANK0] F @ 109.64453125 (ms) to 137.7666015625 (ms), cudaEventElapsed = 28.090368270874023 (ms)
[RANK0] F @ 137.961669921875 (ms) to 166.01123046875 (ms), cudaEventElapsed = 28.017663955688477 (ms)
[RANK0] F @ 166.209228515625 (ms) to 193.98876953125 (ms), cudaEventElapsed = 27.74118423461914 (ms)
[RANK0] B @ 390.427001953125 (ms) to 423.70166015625 (ms), cudaEventElapsed = 33.22025680541992 (ms)
[RANK0] F @ 423.944580078125 (ms) to 449.7890625 (ms), cudaEventElapsed = 25.810943603515625 (ms)
[RANK0] B @ 518.52685546875 (ms) to 551.69677734375 (ms), cudaEventElapsed = 33.12870407104492 (ms)
[RANK0] W @ 551.935302734375 (ms) to 567.543701171875 (ms), cudaEventElapsed = 15.571968078613281 (ms)
[RANK0] F @ 567.604248046875 (ms) to 596.966796875 (ms), cudaEventElapsed = 29.33452796936035 (ms)
[RANK0] B @ 646.81005859375 (ms) to 680.984375 (ms), cudaEventElapsed = 34.13430404663086 (ms)
[RANK0] B @ 773.384765625 (ms) to 806.60546875 (ms), cudaEventElapsed = 33.166656494140625 (ms)
[RANK0] W @ 806.6826171875 (ms) to 821.6357421875 (ms), cudaEventElapsed = 14.918656349182129 (ms)
[RANK0] F @ 821.915283203125 (ms) to 849.654541015625 (ms), cudaEventElapsed = 27.702272415161133 (ms)
[RANK0] B @ 906.171875 (ms) to 940.344970703125 (ms), cudaEventElapsed = 34.12246322631836 (ms)
[RANK0] B @ 1028.973876953125 (ms) to 1062.159423828125 (ms), cudaEventElapsed = 33.14012908935547 (ms)
[RANK0] W @ 1062.2333984375 (ms) to 1077.592041015625 (ms), cudaEventElapsed = 15.329279899597168 (ms)
[RANK0] F @ 1077.8193359375 (ms) to 1106.33203125 (ms), cudaEventElapsed = 28.479488372802734 (ms)
[RANK0] B @ 1187.255615234375 (ms) to 1221.3505859375 (ms), cudaEventElapsed = 34.048126220703125 (ms)
[RANK0] B @ 1231.60595703125 (ms) to 1264.994140625 (ms), cudaEventElapsed = 33.35609436035156 (ms)
[RANK0] W @ 1265.052490234375 (ms) to 1280.72021484375 (ms), cudaEventElapsed = 15.643648147583008 (ms)
[RANK0] F @ 1280.9404296875 (ms) to 1309.264892578125 (ms), cudaEventElapsed = 28.292095184326172 (ms)
[RANK0] W @ 1309.476806640625 (ms) to 1398.464599609375 (ms), cudaEventElapsed = 14.466048240661621 (ms)
[RANK0] W @ 1398.5263671875 (ms) to 1413.31591796875 (ms), cudaEventElapsed = 14.756863594055176 (ms)
[RANK0] W @ 1413.531005859375 (ms) to 1431.338134765625 (ms), cudaEventElapsed = 17.77459144592285 (ms)
[RANK0] W @ 1431.381103515625 (ms) to 1452.244384765625 (ms), cudaEventElapsed = 20.83737564086914 (ms)
[RANK0] B @ 1452.404541015625 (ms) to 1493.004638671875 (ms), cudaEventElapsed = 40.57196807861328 (ms)
[RANK0] W @ 1493.211181640625 (ms) to 1553.72119140625 (ms), cudaEventElapsed = 14.718976020812988 (ms)
[RANK0] B @ 1553.893310546875 (ms) to 1588.89599609375 (ms), cudaEventElapsed = 34.97359848022461 (ms)
[RANK0] W @ 1588.9501953125 (ms) to 1606.1904296875 (ms), cudaEventElapsed = 17.21139144897461 (ms)
[RANK0] B @ 1692.41650390625 (ms) to 1726.431640625 (ms), cudaEventElapsed = 33.972991943359375 (ms)
[RANK0] W @ 1726.4951171875 (ms) to 1741.75146484375 (ms), cudaEventElapsed = 15.230976104736328 (ms)
[RANK0] B @ 1795.978271484375 (ms) to 1829.14501953125 (ms), cudaEventElapsed = 33.12201690673828 (ms)
[RANK0] 1W @ 1829.2099609375 (ms) to 1844.693115234375 (ms), cudaEventElapsed = 15.457280158996582 (ms)
[RANK0] Iteration 11
[RANK0] F @ 2.1005859375 (ms) to 27.462158203125 (ms), cudaEventElapsed = 25.32316780090332 (ms)
[RANK0] F @ 27.6787109375 (ms) to 53.33984375 (ms), cudaEventElapsed = 25.628671646118164 (ms)
[RANK0] F @ 53.5322265625 (ms) to 81.6123046875 (ms), cudaEventElapsed = 28.046335220336914 (ms)
[RANK0] F @ 81.8056640625 (ms) to 110.026611328125 (ms), cudaEventElapsed = 28.189695358276367 (ms)
[RANK0] F @ 110.213623046875 (ms) to 138.281982421875 (ms), cudaEventElapsed = 28.034048080444336 (ms)
[RANK0] F @ 138.467529296875 (ms) to 166.50634765625 (ms), cudaEventElapsed = 28.0053768157959 (ms)
[RANK0] F @ 166.724609375 (ms) to 194.715087890625 (ms), cudaEventElapsed = 27.95827293395996 (ms)
[RANK0] B @ 390.715576171875 (ms) to 424.075927734375 (ms), cudaEventElapsed = 33.295135498046875 (ms)
[RANK0] F @ 424.353271484375 (ms) to 450.106201171875 (ms), cudaEventElapsed = 25.71468734741211 (ms)
[RANK0] B @ 518.409423828125 (ms) to 551.627685546875 (ms), cudaEventElapsed = 33.1673583984375 (ms)
[RANK0] W @ 551.8623046875 (ms) to 567.5068359375 (ms), cudaEventElapsed = 15.613951683044434 (ms)
[RANK0] F @ 567.578369140625 (ms) to 596.9013671875 (ms), cudaEventElapsed = 29.291519165039062 (ms)
[RANK0] B @ 645.3330078125 (ms) to 679.537109375 (ms), cudaEventElapsed = 34.163230895996094 (ms)
[RANK0] B @ 772.309814453125 (ms) to 805.570068359375 (ms), cudaEventElapsed = 33.203487396240234 (ms)
[RANK0] W @ 805.65185546875 (ms) to 820.538330078125 (ms), cudaEventElapsed = 14.852095603942871 (ms)
[RANK0] F @ 820.821044921875 (ms) to 848.374267578125 (ms), cudaEventElapsed = 27.520000457763672 (ms)
[RANK0] B @ 904.882568359375 (ms) to 939.01904296875 (ms), cudaEventElapsed = 34.086753845214844 (ms)
[RANK0] B @ 1026.843017578125 (ms) to 1060.119873046875 (ms), cudaEventElapsed = 33.2196159362793 (ms)
[RANK0] W @ 1060.19921875 (ms) to 1075.457275390625 (ms), cudaEventElapsed = 15.225855827331543 (ms)
[RANK0] F @ 1075.689453125 (ms) to 1104.61767578125 (ms), cudaEventElapsed = 28.895231246948242 (ms)
[RANK0] B @ 1185.29248046875 (ms) to 1219.4833984375 (ms), cudaEventElapsed = 34.13471984863281 (ms)
[RANK0] B @ 1229.117919921875 (ms) to 1262.61474609375 (ms), cudaEventElapsed = 33.462432861328125 (ms)
[RANK0] W @ 1262.68603515625 (ms) to 1278.6982421875 (ms), cudaEventElapsed = 15.986687660217285 (ms)
[RANK0] F @ 1278.908447265625 (ms) to 1307.528564453125 (ms), cudaEventElapsed = 28.59110450744629 (ms)
[RANK0] W @ 1307.755615234375 (ms) to 1396.49560546875 (ms), cudaEventElapsed = 14.486528396606445 (ms)
[RANK0] W @ 1396.55224609375 (ms) to 1411.197265625 (ms), cudaEventElapsed = 14.615551948547363 (ms)
[RANK0] W @ 1411.3837890625 (ms) to 1429.4248046875 (ms), cudaEventElapsed = 18.01215934753418 (ms)
[RANK0] W @ 1429.468017578125 (ms) to 1450.14794921875 (ms), cudaEventElapsed = 20.65407943725586 (ms)
[RANK0] B @ 1450.313232421875 (ms) to 1491.0546875 (ms), cudaEventElapsed = 40.71295928955078 (ms)
[RANK0] W @ 1491.2685546875 (ms) to 1565.20849609375 (ms), cudaEventElapsed = 14.636032104492188 (ms)
[RANK0] B @ 1565.395751953125 (ms) to 1601.214599609375 (ms), cudaEventElapsed = 35.78694534301758 (ms)
[RANK0] W @ 1601.278564453125 (ms) to 1618.58056640625 (ms), cudaEventElapsed = 17.274879455566406 (ms)
[RANK0] B @ 1718.12158203125 (ms) to 1752.1064453125 (ms), cudaEventElapsed = 33.93171310424805 (ms)
[RANK0] W @ 1752.190673828125 (ms) to 1767.69580078125 (ms), cudaEventElapsed = 15.474687576293945 (ms)
[RANK0] B @ 1841.095947265625 (ms) to 1874.251220703125 (ms), cudaEventElapsed = 33.11161422729492 (ms)
[RANK0] 1W @ 1874.314697265625 (ms) to 1889.20361328125 (ms), cudaEventElapsed = 14.864383697509766 (ms)
[RANK0] Iteration 12
[RANK0] F @ 2.132568359375 (ms) to 27.323974609375 (ms), cudaEventElapsed = 25.15123176574707 (ms)
[RANK0] F @ 27.54052734375 (ms) to 52.872802734375 (ms), cudaEventElapsed = 25.292800903320312 (ms)
[RANK0] F @ 53.076904296875 (ms) to 80.16748046875 (ms), cudaEventElapsed = 27.057151794433594 (ms)
[RANK0] F @ 80.35986328125 (ms) to 108.972412109375 (ms), cudaEventElapsed = 28.5798397064209 (ms)
[RANK0] F @ 109.170166015625 (ms) to 137.58056640625 (ms), cudaEventElapsed = 28.37811279296875 (ms)
[RANK0] F @ 137.77099609375 (ms) to 165.98779296875 (ms), cudaEventElapsed = 28.183551788330078 (ms)
[RANK0] F @ 166.211669921875 (ms) to 194.44384765625 (ms), cudaEventElapsed = 28.199935913085938 (ms)
[RANK0] B @ 430.99951171875 (ms) to 464.3125 (ms), cudaEventElapsed = 33.244544982910156 (ms)
[RANK0] F @ 464.591064453125 (ms) to 491.28271484375 (ms), cudaEventElapsed = 26.656768798828125 (ms)
[RANK0] B @ 589.796875 (ms) to 622.94189453125 (ms), cudaEventElapsed = 33.09596633911133 (ms)
[RANK0] W @ 623.16845703125 (ms) to 638.3955078125 (ms), cudaEventElapsed = 15.19206428527832 (ms)
[RANK0] F @ 638.451904296875 (ms) to 667.3017578125 (ms), cudaEventElapsed = 28.822528839111328 (ms)
[RANK0] B @ 718.978515625 (ms) to 753.1708984375 (ms), cudaEventElapsed = 34.13788986206055 (ms)
[RANK0] B @ 846.509765625 (ms) to 879.558349609375 (ms), cudaEventElapsed = 33.004737854003906 (ms)
[RANK0] W @ 879.624267578125 (ms) to 894.841064453125 (ms), cudaEventElapsed = 15.187968254089355 (ms)
[RANK0] F @ 895.05859375 (ms) to 923.546875 (ms), cudaEventElapsed = 28.455936431884766 (ms)
[RANK0] B @ 978.3408203125 (ms) to 1012.43017578125 (ms), cudaEventElapsed = 34.04521560668945 (ms)
[RANK0] B @ 1101.19189453125 (ms) to 1134.3447265625 (ms), cudaEventElapsed = 33.104736328125 (ms)
[RANK0] W @ 1134.416015625 (ms) to 1149.46875 (ms), cudaEventElapsed = 15.021056175231934 (ms)
[RANK0] F @ 1149.693359375 (ms) to 1177.70458984375 (ms), cudaEventElapsed = 27.98182487487793 (ms)
[RANK0] B @ 1260.76318359375 (ms) to 1294.80078125 (ms), cudaEventElapsed = 33.990753173828125 (ms)
[RANK0] B @ 1304.836669921875 (ms) to 1338.45068359375 (ms), cudaEventElapsed = 33.58073425292969 (ms)
[RANK0] W @ 1338.51416015625 (ms) to 1354.997802734375 (ms), cudaEventElapsed = 16.452608108520508 (ms)
[RANK0] F @ 1355.208251953125 (ms) to 1384.401123046875 (ms), cudaEventElapsed = 29.16352081298828 (ms)
[RANK0] W @ 1384.587646484375 (ms) to 1496.5224609375 (ms), cudaEventElapsed = 14.433279991149902 (ms)
[RANK0] W @ 1496.58544921875 (ms) to 1512.0869140625 (ms), cudaEventElapsed = 15.468544006347656 (ms)
[RANK0] W @ 1512.29296875 (ms) to 1530.16845703125 (ms), cudaEventElapsed = 17.846271514892578 (ms)
[RANK0] W @ 1530.214111328125 (ms) to 1550.716796875 (ms), cudaEventElapsed = 20.4769287109375 (ms)
[RANK0] B @ 1550.87939453125 (ms) to 1591.1455078125 (ms), cudaEventElapsed = 40.2367057800293 (ms)
[RANK0] W @ 1591.364990234375 (ms) to 1665.699462890625 (ms), cudaEventElapsed = 14.674943923950195 (ms)
[RANK0] B @ 1665.890380859375 (ms) to 1700.834716796875 (ms), cudaEventElapsed = 34.91241455078125 (ms)
[RANK0] W @ 1700.8994140625 (ms) to 1718.10693359375 (ms), cudaEventElapsed = 17.18169593811035 (ms)
[RANK0] B @ 1819.933837890625 (ms) to 1854.02490234375 (ms), cudaEventElapsed = 34.03776168823242 (ms)
[RANK0] W @ 1854.105712890625 (ms) to 1869.5732421875 (ms), cudaEventElapsed = 15.439871788024902 (ms)
[RANK0] B @ 1941.76416015625 (ms) to 1975.002685546875 (ms), cudaEventElapsed = 33.195518493652344 (ms)
[RANK0] 1W @ 1975.0693359375 (ms) to 1990.252685546875 (ms), cudaEventElapsed = 15.159296035766602 (ms)
[RANK0] Iteration 13
[RANK0] F @ 2.071533203125 (ms) to 27.325439453125 (ms), cudaEventElapsed = 25.213504791259766 (ms)
[RANK0] F @ 27.587646484375 (ms) to 53.1708984375 (ms), cudaEventElapsed = 25.5467529296875 (ms)
[RANK0] F @ 53.3701171875 (ms) to 81.20703125 (ms), cudaEventElapsed = 27.804672241210938 (ms)
[RANK0] F @ 81.405517578125 (ms) to 109.353515625 (ms), cudaEventElapsed = 27.916288375854492 (ms)
[RANK0] F @ 109.548095703125 (ms) to 137.61279296875 (ms), cudaEventElapsed = 28.030975341796875 (ms)
[RANK0] F @ 137.81640625 (ms) to 165.81689453125 (ms), cudaEventElapsed = 27.966463088989258 (ms)
[RANK0] F @ 166.040771484375 (ms) to 194.213623046875 (ms), cudaEventElapsed = 28.13747215270996 (ms)
[RANK0] B @ 436.836669921875 (ms) to 470.10302734375 (ms), cudaEventElapsed = 33.197086334228516 (ms)
[RANK0] F @ 470.385498046875 (ms) to 497.23583984375 (ms), cudaEventElapsed = 26.814464569091797 (ms)
[RANK0] B @ 596.069580078125 (ms) to 629.181884765625 (ms), cudaEventElapsed = 33.0596809387207 (ms)
[RANK0] W @ 629.441162109375 (ms) to 644.892578125 (ms), cudaEventElapsed = 15.419391632080078 (ms)
[RANK0] F @ 644.95654296875 (ms) to 673.986328125 (ms), cudaEventElapsed = 29.001728057861328 (ms)
[RANK0] B @ 725.04443359375 (ms) to 759.2822265625 (ms), cudaEventElapsed = 34.18755340576172 (ms)
[RANK0] B @ 851.466064453125 (ms) to 884.695068359375 (ms), cudaEventElapsed = 33.1736946105957 (ms)
[RANK0] W @ 884.78271484375 (ms) to 899.69384765625 (ms), cudaEventElapsed = 14.879743576049805 (ms)
[RANK0] F @ 899.958251953125 (ms) to 927.57763671875 (ms), cudaEventElapsed = 27.586559295654297 (ms)
[RANK0] B @ 984.02734375 (ms) to 1018.2158203125 (ms), cudaEventElapsed = 34.13657760620117 (ms)
[RANK0] B @ 1106.457763671875 (ms) to 1139.73681640625 (ms), cudaEventElapsed = 33.22671890258789 (ms)
[RANK0] W @ 1139.813720703125 (ms) to 1155.09619140625 (ms), cudaEventElapsed = 15.251456260681152 (ms)
[RANK0] F @ 1155.3193359375 (ms) to 1183.946533203125 (ms), cudaEventElapsed = 28.594175338745117 (ms)
[RANK0] B @ 1265.4296875 (ms) to 1299.514892578125 (ms), cudaEventElapsed = 34.03462219238281 (ms)
[RANK0] B @ 1309.650634765625 (ms) to 1343.072265625 (ms), cudaEventElapsed = 33.388736724853516 (ms)
[RANK0] W @ 1343.134033203125 (ms) to 1358.802734375 (ms), cudaEventElapsed = 15.639552116394043 (ms)
[RANK0] F @ 1359.0283203125 (ms) to 1387.381591796875 (ms), cudaEventElapsed = 28.321792602539062 (ms)
[RANK0] W @ 1387.570556640625 (ms) to 1502.37255859375 (ms), cudaEventElapsed = 14.416895866394043 (ms)
[RANK0] W @ 1502.438720703125 (ms) to 1517.97314453125 (ms), cudaEventElapsed = 15.500288009643555 (ms)
[RANK0] W @ 1518.181640625 (ms) to 1535.96923828125 (ms), cudaEventElapsed = 17.758207321166992 (ms)
[RANK0] W @ 1536.014892578125 (ms) to 1556.598388671875 (ms), cudaEventElapsed = 20.556800842285156 (ms)
[RANK0] B @ 1556.77197265625 (ms) to 1597.264404296875 (ms), cudaEventElapsed = 40.460960388183594 (ms)
[RANK0] W @ 1597.5234375 (ms) to 1669.75634765625 (ms), cudaEventElapsed = 14.663680076599121 (ms)
[RANK0] B @ 1669.935302734375 (ms) to 1704.998291015625 (ms), cudaEventElapsed = 35.03411102294922 (ms)
[RANK0] W @ 1705.05517578125 (ms) to 1721.82373046875 (ms), cudaEventElapsed = 16.743423461914062 (ms)
[RANK0] B @ 1822.548583984375 (ms) to 1856.524658203125 (ms), cudaEventElapsed = 33.93539047241211 (ms)
[RANK0] W @ 1856.586669921875 (ms) to 1872.00146484375 (ms), cudaEventElapsed = 15.386624336242676 (ms)
[RANK0] B @ 1945.963134765625 (ms) to 1979.1279296875 (ms), cudaEventElapsed = 33.129886627197266 (ms)
[RANK0] 1W @ 1979.186279296875 (ms) to 1994.526611328125 (ms), cudaEventElapsed = 15.315967559814453 (ms)
[RANK0] Iteration 14
[RANK0] F @ 2.133056640625 (ms) to 27.267578125 (ms), cudaEventElapsed = 25.096479415893555 (ms)
[RANK0] F @ 27.50146484375 (ms) to 52.6298828125 (ms), cudaEventElapsed = 25.09209632873535 (ms)
[RANK0] F @ 52.823974609375 (ms) to 80.506103515625 (ms), cudaEventElapsed = 27.649023056030273 (ms)
[RANK0] F @ 80.695556640625 (ms) to 109.02099609375 (ms), cudaEventElapsed = 28.295167922973633 (ms)
[RANK0] F @ 109.208984375 (ms) to 137.17529296875 (ms), cudaEventElapsed = 27.93471908569336 (ms)
[RANK0] F @ 137.373779296875 (ms) to 165.192138671875 (ms), cudaEventElapsed = 27.785215377807617 (ms)
[RANK0] F @ 165.409912109375 (ms) to 193.247314453125 (ms), cudaEventElapsed = 27.805696487426758 (ms)
[RANK0] B @ 429.9541015625 (ms) to 463.253662109375 (ms), cudaEventElapsed = 33.246368408203125 (ms)
[RANK0] F @ 463.503173828125 (ms) to 489.73486328125 (ms), cudaEventElapsed = 26.201087951660156 (ms)
[RANK0] B @ 590.226806640625 (ms) to 623.4921875 (ms), cudaEventElapsed = 33.218048095703125 (ms)
[RANK0] W @ 623.735595703125 (ms) to 639.131591796875 (ms), cudaEventElapsed = 15.361023902893066 (ms)
[RANK0] F @ 639.18896484375 (ms) to 668.214599609375 (ms), cudaEventElapsed = 28.997631072998047 (ms)
[RANK0] B @ 720.6787109375 (ms) to 754.693115234375 (ms), cudaEventElapsed = 33.97545623779297 (ms)
[RANK0] B @ 846.390869140625 (ms) to 879.46484375 (ms), cudaEventElapsed = 33.03260803222656 (ms)
[RANK0] W @ 879.528564453125 (ms) to 894.34912109375 (ms), cudaEventElapsed = 14.792703628540039 (ms)
[RANK0] F @ 894.561279296875 (ms) to 924.5810546875 (ms), cudaEventElapsed = 29.98784065246582 (ms)
[RANK0] B @ 977.974853515625 (ms) to 1012.07861328125 (ms), cudaEventElapsed = 34.06361770629883 (ms)
[RANK0] B @ 1101.341064453125 (ms) to 1134.352294921875 (ms), cudaEventElapsed = 32.97260665893555 (ms)
[RANK0] W @ 1134.413330078125 (ms) to 1149.594482421875 (ms), cudaEventElapsed = 15.153152465820312 (ms)
[RANK0] F @ 1149.7880859375 (ms) to 1178.092529296875 (ms), cudaEventElapsed = 28.273664474487305 (ms)
[RANK0] B @ 1260.381591796875 (ms) to 1294.2509765625 (ms), cudaEventElapsed = 33.83046340942383 (ms)
[RANK0] B @ 1304.049072265625 (ms) to 1337.828125 (ms), cudaEventElapsed = 33.748992919921875 (ms)
[RANK0] W @ 1337.881591796875 (ms) to 1353.978271484375 (ms), cudaEventElapsed = 16.067583084106445 (ms)
[RANK0] F @ 1354.1767578125 (ms) to 1383.648193359375 (ms), cudaEventElapsed = 29.438976287841797 (ms)
[RANK0] W @ 1383.830078125 (ms) to 1495.945068359375 (ms), cudaEventElapsed = 14.432255744934082 (ms)
[RANK0] W @ 1495.99609375 (ms) to 1510.699951171875 (ms), cudaEventElapsed = 14.673919677734375 (ms)
[RANK0] W @ 1510.878662109375 (ms) to 1528.4150390625 (ms), cudaEventElapsed = 17.506303787231445 (ms)
[RANK0] W @ 1528.459716796875 (ms) to 1548.954833984375 (ms), cudaEventElapsed = 20.46873664855957 (ms)
[RANK0] B @ 1549.113037109375 (ms) to 1589.672607421875 (ms), cudaEventElapsed = 40.53171157836914 (ms)
[RANK0] W @ 1589.883544921875 (ms) to 1664.139404296875 (ms), cudaEventElapsed = 14.6810884475708 (ms)
[RANK0] B @ 1664.297119140625 (ms) to 1699.08642578125 (ms), cudaEventElapsed = 34.74275207519531 (ms)
[RANK0] W @ 1699.1435546875 (ms) to 1716.173095703125 (ms), cudaEventElapsed = 17.00351905822754 (ms)
[RANK0] B @ 1816.869873046875 (ms) to 1850.770751953125 (ms), cudaEventElapsed = 33.86502456665039 (ms)
[RANK0] W @ 1850.82958984375 (ms) to 1865.984619140625 (ms), cudaEventElapsed = 15.130623817443848 (ms)
[RANK0] B @ 1940.4296875 (ms) to 1973.42578125 (ms), cudaEventElapsed = 32.964927673339844 (ms)
[RANK0] 1W @ 1973.479248046875 (ms) to 1988.96826171875 (ms), cudaEventElapsed = 15.465472221374512 (ms)
[RANK0] Iteration 15
[RANK0] F @ 1.814208984375 (ms) to 26.8115234375 (ms), cudaEventElapsed = 24.965471267700195 (ms)
[RANK0] F @ 27.01123046875 (ms) to 52.616943359375 (ms), cudaEventElapsed = 25.56928062438965 (ms)
[RANK0] F @ 52.810546875 (ms) to 80.19189453125 (ms), cudaEventElapsed = 27.34899139404297 (ms)
[RANK0] F @ 80.381103515625 (ms) to 108.226806640625 (ms), cudaEventElapsed = 27.812864303588867 (ms)
[RANK0] F @ 108.41162109375 (ms) to 136.2607421875 (ms), cudaEventElapsed = 27.815935134887695 (ms)
[RANK0] F @ 136.445068359375 (ms) to 164.1806640625 (ms), cudaEventElapsed = 27.701248168945312 (ms)
[RANK0] F @ 164.377197265625 (ms) to 192.443115234375 (ms), cudaEventElapsed = 28.035072326660156 (ms)
[RANK0] B @ 435.08056640625 (ms) to 468.179931640625 (ms), cudaEventElapsed = 33.053504943847656 (ms)
[RANK0] F @ 468.3994140625 (ms) to 494.81298828125 (ms), cudaEventElapsed = 26.383359909057617 (ms)
[RANK0] B @ 594.330322265625 (ms) to 627.42431640625 (ms), cudaEventElapsed = 33.05152130126953 (ms)
[RANK0] W @ 627.63671875 (ms) to 643.140380859375 (ms), cudaEventElapsed = 15.474687576293945 (ms)
[RANK0] F @ 643.19189453125 (ms) to 671.97607421875 (ms), cudaEventElapsed = 28.75801658630371 (ms)
[RANK0] B @ 722.856201171875 (ms) to 757.007080078125 (ms), cudaEventElapsed = 34.10812759399414 (ms)
[RANK0] B @ 850.171142578125 (ms) to 883.3251953125 (ms), cudaEventElapsed = 33.11334228515625 (ms)
[RANK0] W @ 883.3916015625 (ms) to 898.58056640625 (ms), cudaEventElapsed = 15.164416313171387 (ms)
[RANK0] F @ 898.809326171875 (ms) to 927.129150390625 (ms), cudaEventElapsed = 28.288000106811523 (ms)
[RANK0] B @ 982.376220703125 (ms) to 1016.458984375 (ms), cudaEventElapsed = 34.043006896972656 (ms)
[RANK0] B @ 1105.34765625 (ms) to 1138.43701171875 (ms), cudaEventElapsed = 33.05039978027344 (ms)
[RANK0] W @ 1138.5 (ms) to 1153.702392578125 (ms), cudaEventElapsed = 15.17363166809082 (ms)
[RANK0] F @ 1153.90380859375 (ms) to 1181.904541015625 (ms), cudaEventElapsed = 27.97056007385254 (ms)
[RANK0] B @ 1265.272216796875 (ms) to 1299.288330078125 (ms), cudaEventElapsed = 33.97443389892578 (ms)
[RANK0] B @ 1309.427490234375 (ms) to 1343.166015625 (ms), cudaEventElapsed = 33.70819091796875 (ms)
[RANK0] W @ 1343.22412109375 (ms) to 1359.232421875 (ms), cudaEventElapsed = 15.98361587524414 (ms)
[RANK0] F @ 1359.43701171875 (ms) to 1387.91796875 (ms), cudaEventElapsed = 28.448768615722656 (ms)
[RANK0] W @ 1388.116943359375 (ms) to 1501.66015625 (ms), cudaEventElapsed = 14.461952209472656 (ms)
[RANK0] W @ 1501.724853515625 (ms) to 1517.26904296875 (ms), cudaEventElapsed = 15.511551856994629 (ms)
[RANK0] W @ 1517.46728515625 (ms) to 1535.46484375 (ms), cudaEventElapsed = 17.969152450561523 (ms)
[RANK0] W @ 1535.5107421875 (ms) to 1556.226318359375 (ms), cudaEventElapsed = 20.68992042541504 (ms)
[RANK0] B @ 1556.39013671875 (ms) to 1596.7353515625 (ms), cudaEventElapsed = 40.3177604675293 (ms)
[RANK0] W @ 1596.93408203125 (ms) to 1669.605712890625 (ms), cudaEventElapsed = 14.69644832611084 (ms)
[RANK0] B @ 1669.768310546875 (ms) to 1704.81591796875 (ms), cudaEventElapsed = 35.01862335205078 (ms)
[RANK0] W @ 1704.87255859375 (ms) to 1722.162841796875 (ms), cudaEventElapsed = 17.26464080810547 (ms)
[RANK0] B @ 1822.166748046875 (ms) to 1856.114990234375 (ms), cudaEventElapsed = 33.910369873046875 (ms)
[RANK0] W @ 1856.175048828125 (ms) to 1871.735107421875 (ms), cudaEventElapsed = 15.529984474182129 (ms)
[RANK0] B @ 1944.47119140625 (ms) to 1977.593017578125 (ms), cudaEventElapsed = 33.0898551940918 (ms)
[RANK0] 1W @ 1977.64697265625 (ms) to 1993.090087890625 (ms), cudaEventElapsed = 15.419391632080078 (ms)
[RANK0] Iteration 16
[RANK0] F @ 0.34130859375 (ms) to 24.148681640625 (ms), cudaEventElapsed = 23.773311614990234 (ms)
[RANK0] F @ 24.352294921875 (ms) to 47.93701171875 (ms), cudaEventElapsed = 23.547903060913086 (ms)
[RANK0] F @ 48.126953125 (ms) to 74.154296875 (ms), cudaEventElapsed = 25.990144729614258 (ms)
[RANK0] F @ 74.341064453125 (ms) to 101.76416015625 (ms), cudaEventElapsed = 27.390975952148438 (ms)
[RANK0] F @ 101.944091796875 (ms) to 128.867919921875 (ms), cudaEventElapsed = 26.890239715576172 (ms)
[RANK0] F @ 129.053466796875 (ms) to 155.769287109375 (ms), cudaEventElapsed = 26.684415817260742 (ms)
[RANK0] F @ 155.970947265625 (ms) to 182.81640625 (ms), cudaEventElapsed = 26.813440322875977 (ms)
[RANK0] F @ 183.02587890625 (ms) to 209.431640625 (ms), cudaEventElapsed = 26.37004852294922 (ms)
[RANK0] F @ 209.64013671875 (ms) to 236.06884765625 (ms), cudaEventElapsed = 26.392576217651367 (ms)
[RANK0] F @ 236.277099609375 (ms) to 262.919189453125 (ms), cudaEventElapsed = 26.604543685913086 (ms)
[RANK0] F @ 263.109130859375 (ms) to 289.861572265625 (ms), cudaEventElapsed = 26.7192325592041 (ms)
[RANK0] F @ 290.0751953125 (ms) to 316.709228515625 (ms), cudaEventElapsed = 26.602495193481445 (ms)
