[RANK1] Iteration 1
[RANK1] F @ 601.018798828125 (ms) to 755.031494140625 (ms), cudaEventElapsed = 153.94741821289062 (ms)
[RANK1] F @ 816.078125 (ms) to 847.813232421875 (ms), cudaEventElapsed = 31.66681671142578 (ms)
[RANK1] F @ 848.23828125 (ms) to 882.2568359375 (ms), cudaEventElapsed = 33.983585357666016 (ms)
[RANK1] F @ 882.5595703125 (ms) to 921.693603515625 (ms), cudaEventElapsed = 39.10108947753906 (ms)
[RANK1] F @ 923.550048828125 (ms) to 961.48583984375 (ms), cudaEventElapsed = 37.89955139160156 (ms)
[RANK1] B @ 1745.25244140625 (ms) to 1798.727294921875 (ms), cudaEventElapsed = 53.426368713378906 (ms)
[RANK1] F @ 1802.7626953125 (ms) to 1835.95068359375 (ms), cudaEventElapsed = 33.144351959228516 (ms)
[RANK1] B @ 1836.263916015625 (ms) to 1880.82763671875 (ms), cudaEventElapsed = 44.53142547607422 (ms)
[RANK1] F @ 1898.81201171875 (ms) to 1931.9521484375 (ms), cudaEventElapsed = 33.101375579833984 (ms)
[RANK1] B @ 1932.264892578125 (ms) to 1975.56494140625 (ms), cudaEventElapsed = 43.26780700683594 (ms)
[RANK1] F @ 1975.893310546875 (ms) to 2009.947265625 (ms), cudaEventElapsed = 34.01551818847656 (ms)
[RANK1] B @ 2010.316650390625 (ms) to 2055.041259765625 (ms), cudaEventElapsed = 44.69193649291992 (ms)
[RANK1] W @ 2055.26171875 (ms) to 2077.015625 (ms), cudaEventElapsed = 21.710847854614258 (ms)
[RANK1] F @ 2077.152587890625 (ms) to 2110.71240234375 (ms), cudaEventElapsed = 33.52995300292969 (ms)
[RANK1] B @ 2112.0888671875 (ms) to 2157.2998046875 (ms), cudaEventElapsed = 45.177696228027344 (ms)
[RANK1] B @ 2158.635009765625 (ms) to 2200.939697265625 (ms), cudaEventElapsed = 42.268768310546875 (ms)
[RANK1] W @ 2201.073486328125 (ms) to 2221.455078125 (ms), cudaEventElapsed = 20.344831466674805 (ms)
[RANK1] F @ 2221.707763671875 (ms) to 2255.990234375 (ms), cudaEventElapsed = 34.25331115722656 (ms)
[RANK1] B @ 2257.371337890625 (ms) to 2302.6826171875 (ms), cudaEventElapsed = 45.279361724853516 (ms)
[RANK1] B @ 2304.03125 (ms) to 2346.289306640625 (ms), cudaEventElapsed = 42.217247009277344 (ms)
[RANK1] W @ 2346.419677734375 (ms) to 2366.83251953125 (ms), cudaEventElapsed = 20.378623962402344 (ms)
[RANK1] F @ 2367.063232421875 (ms) to 2401.34423828125 (ms), cudaEventElapsed = 34.24470520019531 (ms)
[RANK1] B @ 2401.617431640625 (ms) to 2445.540283203125 (ms), cudaEventElapsed = 43.89369583129883 (ms)
[RANK1] W @ 2445.729736328125 (ms) to 2468.083251953125 (ms), cudaEventElapsed = 21.30841636657715 (ms)
[RANK1] F @ 2468.322509765625 (ms) to 2502.4228515625 (ms), cudaEventElapsed = 34.07049560546875 (ms)
[RANK1] B @ 2502.718017578125 (ms) to 2547.339599609375 (ms), cudaEventElapsed = 44.59116744995117 (ms)
[RANK1] W @ 2547.46728515625 (ms) to 2568.804443359375 (ms), cudaEventElapsed = 21.306367874145508 (ms)
[RANK1] W @ 2568.943115234375 (ms) to 2590.390869140625 (ms), cudaEventElapsed = 21.420032501220703 (ms)
[RANK1] B @ 2597.43603515625 (ms) to 2638.5830078125 (ms), cudaEventElapsed = 41.10617446899414 (ms)
[RANK1] W @ 2638.706298828125 (ms) to 2658.9599609375 (ms), cudaEventElapsed = 20.22604751586914 (ms)
[RANK1] W @ 2659.10205078125 (ms) to 2681.598388671875 (ms), cudaEventElapsed = 22.46758460998535 (ms)
[RANK1] B @ 2686.27587890625 (ms) to 2728.92578125 (ms), cudaEventElapsed = 42.621376037597656 (ms)
[RANK1] 4W @ 2729.057861328125 (ms) to 2814.087890625 (ms), cudaEventElapsed = 84.9991683959961 (ms)
[RANK1] Iteration 2
[RANK1] F @ 31.00048828125 (ms) to 62.82763671875 (ms), cudaEventElapsed = 31.781536102294922 (ms)
[RANK1] F @ 63.2578125 (ms) to 97.8701171875 (ms), cudaEventElapsed = 34.57766342163086 (ms)
[RANK1] F @ 98.260986328125 (ms) to 135.137939453125 (ms), cudaEventElapsed = 36.84531021118164 (ms)
[RANK1] F @ 135.466796875 (ms) to 171.829345703125 (ms), cudaEventElapsed = 36.33065414428711 (ms)
[RANK1] F @ 175.44189453125 (ms) to 210.7802734375 (ms), cudaEventElapsed = 35.297569274902344 (ms)
[RANK1] B @ 224.81982421875 (ms) to 266.516357421875 (ms), cudaEventElapsed = 41.65631866455078 (ms)
[RANK1] F @ 266.8671875 (ms) to 300.949951171875 (ms), cudaEventElapsed = 34.046241760253906 (ms)
[RANK1] B @ 303.58203125 (ms) to 348.192138671875 (ms), cudaEventElapsed = 44.57632064819336 (ms)
[RANK1] F @ 349.612060546875 (ms) to 384.199462890625 (ms), cudaEventElapsed = 34.54377746582031 (ms)
[RANK1] B @ 384.545166015625 (ms) to 429.02001953125 (ms), cudaEventElapsed = 44.4444465637207 (ms)
[RANK1] F @ 429.37109375 (ms) to 464.204345703125 (ms), cudaEventElapsed = 34.80303955078125 (ms)
[RANK1] B @ 464.599609375 (ms) to 509.147216796875 (ms), cudaEventElapsed = 44.51686477661133 (ms)
[RANK1] W @ 509.390625 (ms) to 531.326416015625 (ms), cudaEventElapsed = 21.781503677368164 (ms)
[RANK1] F @ 531.480224609375 (ms) to 565.3291015625 (ms), cudaEventElapsed = 33.81894302368164 (ms)
[RANK1] B @ 566.619384765625 (ms) to 612.447509765625 (ms), cudaEventElapsed = 45.7960319519043 (ms)
[RANK1] B @ 623.601318359375 (ms) to 664.09423828125 (ms), cudaEventElapsed = 40.45487976074219 (ms)
[RANK1] W @ 664.26611328125 (ms) to 683.6328125 (ms), cudaEventElapsed = 19.336191177368164 (ms)
[RANK1] F @ 683.90283203125 (ms) to 718.2587890625 (ms), cudaEventElapsed = 34.32729721069336 (ms)
[RANK1] B @ 725.838623046875 (ms) to 770.407958984375 (ms), cudaEventElapsed = 44.53532791137695 (ms)
[RANK1] B @ 771.829833984375 (ms) to 813.315673828125 (ms), cudaEventElapsed = 41.45280075073242 (ms)
[RANK1] W @ 813.477783203125 (ms) to 833.573974609375 (ms), cudaEventElapsed = 20.06015968322754 (ms)
[RANK1] F @ 833.843505859375 (ms) to 868.187744140625 (ms), cudaEventElapsed = 34.31296157836914 (ms)
[RANK1] B @ 868.4912109375 (ms) to 914.887451171875 (ms), cudaEventElapsed = 46.36531066894531 (ms)
[RANK1] W @ 915.110595703125 (ms) to 938.365234375 (ms), cudaEventElapsed = 22.155263900756836 (ms)
[RANK1] F @ 938.635498046875 (ms) to 973.10888671875 (ms), cudaEventElapsed = 34.44377517700195 (ms)
[RANK1] B @ 974.633056640625 (ms) to 1018.47509765625 (ms), cudaEventElapsed = 43.80847930908203 (ms)
[RANK1] W @ 1018.6318359375 (ms) to 1039.605224609375 (ms), cudaEventElapsed = 20.940799713134766 (ms)
[RANK1] W @ 1039.77587890625 (ms) to 1061.324951171875 (ms), cudaEventElapsed = 21.520383834838867 (ms)
[RANK1] B @ 1077.806396484375 (ms) to 1118.50390625 (ms), cudaEventElapsed = 40.66729736328125 (ms)
[RANK1] W @ 1118.651611328125 (ms) to 1138.080078125 (ms), cudaEventElapsed = 19.4017276763916 (ms)
[RANK1] W @ 1138.237548828125 (ms) to 1159.329345703125 (ms), cudaEventElapsed = 21.06470489501953 (ms)
[RANK1] B @ 1163.738525390625 (ms) to 1206.111572265625 (ms), cudaEventElapsed = 42.345054626464844 (ms)
[RANK1] 4W @ 1206.26904296875 (ms) to 1290.496826171875 (ms), cudaEventElapsed = 84.19737243652344 (ms)
[RANK1] Iteration 3
[RANK1] F @ 29.782470703125 (ms) to 61.621337890625 (ms), cudaEventElapsed = 31.758848190307617 (ms)
[RANK1] F @ 62.02783203125 (ms) to 96.473876953125 (ms), cudaEventElapsed = 34.41446304321289 (ms)
[RANK1] F @ 96.87060546875 (ms) to 133.635009765625 (ms), cudaEventElapsed = 36.73392105102539 (ms)
[RANK1] F @ 133.943359375 (ms) to 170.385009765625 (ms), cudaEventElapsed = 36.411136627197266 (ms)
[RANK1] F @ 172.20166015625 (ms) to 207.95849609375 (ms), cudaEventElapsed = 35.72390365600586 (ms)
[RANK1] B @ 223.241455078125 (ms) to 264.994140625 (ms), cudaEventElapsed = 41.713504791259766 (ms)
[RANK1] F @ 265.358642578125 (ms) to 299.131591796875 (ms), cudaEventElapsed = 33.73971176147461 (ms)
[RANK1] B @ 302.130859375 (ms) to 346.221923828125 (ms), cudaEventElapsed = 44.05564880371094 (ms)
[RANK1] F @ 347.6240234375 (ms) to 381.9169921875 (ms), cudaEventElapsed = 34.24940872192383 (ms)
[RANK1] B @ 382.53662109375 (ms) to 427.0576171875 (ms), cudaEventElapsed = 44.4890251159668 (ms)
[RANK1] F @ 427.411376953125 (ms) to 462.3203125 (ms), cudaEventElapsed = 34.876895904541016 (ms)
[RANK1] B @ 463.190673828125 (ms) to 507.62109375 (ms), cudaEventElapsed = 44.3969612121582 (ms)
[RANK1] W @ 507.87060546875 (ms) to 529.854736328125 (ms), cudaEventElapsed = 21.796863555908203 (ms)
[RANK1] F @ 530.011962890625 (ms) to 563.863525390625 (ms), cudaEventElapsed = 33.821983337402344 (ms)
[RANK1] B @ 565.31103515625 (ms) to 611.087158203125 (ms), cudaEventElapsed = 45.74435043334961 (ms)
[RANK1] B @ 622.671875 (ms) to 663.067626953125 (ms), cudaEventElapsed = 40.3573112487793 (ms)
[RANK1] W @ 663.23779296875 (ms) to 682.605712890625 (ms), cudaEventElapsed = 19.334144592285156 (ms)
[RANK1] F @ 682.87744140625 (ms) to 717.368408203125 (ms), cudaEventElapsed = 34.46236801147461 (ms)
[RANK1] B @ 725.935302734375 (ms) to 770.426025390625 (ms), cudaEventElapsed = 44.45635223388672 (ms)
[RANK1] B @ 772.0869140625 (ms) to 813.375244140625 (ms), cudaEventElapsed = 41.25222396850586 (ms)
[RANK1] W @ 813.54248046875 (ms) to 833.5390625 (ms), cudaEventElapsed = 19.961856842041016 (ms)
[RANK1] F @ 833.81201171875 (ms) to 868.256591796875 (ms), cudaEventElapsed = 34.41462326049805 (ms)
[RANK1] B @ 869.273681640625 (ms) to 914.436767578125 (ms), cudaEventElapsed = 45.130977630615234 (ms)
[RANK1] W @ 914.66015625 (ms) to 937.26025390625 (ms), cudaEventElapsed = 21.47737693786621 (ms)
[RANK1] F @ 937.528564453125 (ms) to 971.738525390625 (ms), cudaEventElapsed = 34.18073654174805 (ms)
[RANK1] B @ 976.552978515625 (ms) to 1019.450439453125 (ms), cudaEventElapsed = 42.863712310791016 (ms)
[RANK1] W @ 1019.615234375 (ms) to 1040.017333984375 (ms), cudaEventElapsed = 20.366336822509766 (ms)
[RANK1] W @ 1040.189697265625 (ms) to 1061.721923828125 (ms), cudaEventElapsed = 21.505023956298828 (ms)
[RANK1] B @ 1079.41357421875 (ms) to 1119.7265625 (ms), cudaEventElapsed = 40.278175354003906 (ms)
[RANK1] W @ 1119.87353515625 (ms) to 1139.28125 (ms), cudaEventElapsed = 19.380224227905273 (ms)
[RANK1] W @ 1139.43798828125 (ms) to 1160.796142578125 (ms), cudaEventElapsed = 21.330944061279297 (ms)
[RANK1] B @ 1165.458251953125 (ms) to 1207.923828125 (ms), cudaEventElapsed = 42.436256408691406 (ms)
[RANK1] 4W @ 1208.086181640625 (ms) to 1292.1318359375 (ms), cudaEventElapsed = 84.01305389404297 (ms)
[RANK1] Iteration 4
[RANK1] F @ 29.822998046875 (ms) to 61.800537109375 (ms), cudaEventElapsed = 31.941024780273438 (ms)
[RANK1] F @ 62.181640625 (ms) to 96.55029296875 (ms), cudaEventElapsed = 34.336830139160156 (ms)
[RANK1] F @ 96.94140625 (ms) to 134.13134765625 (ms), cudaEventElapsed = 37.158912658691406 (ms)
[RANK1] F @ 134.4580078125 (ms) to 171.109375 (ms), cudaEventElapsed = 36.62025451660156 (ms)
[RANK1] F @ 172.960205078125 (ms) to 209.06982421875 (ms), cudaEventElapsed = 36.07622528076172 (ms)
[RANK1] B @ 225.595703125 (ms) to 267.802978515625 (ms), cudaEventElapsed = 42.16873550415039 (ms)
[RANK1] F @ 268.156494140625 (ms) to 301.35302734375 (ms), cudaEventElapsed = 33.15843200683594 (ms)
[RANK1] B @ 305.011962890625 (ms) to 348.32666015625 (ms), cudaEventElapsed = 43.280479431152344 (ms)
[RANK1] F @ 349.779052734375 (ms) to 383.73974609375 (ms), cudaEventElapsed = 33.9268798828125 (ms)
[RANK1] B @ 385.69482421875 (ms) to 429.402099609375 (ms), cudaEventElapsed = 43.67379379272461 (ms)
[RANK1] F @ 429.7548828125 (ms) to 464.111572265625 (ms), cudaEventElapsed = 34.32313537597656 (ms)
[RANK1] B @ 466.16162109375 (ms) to 509.883056640625 (ms), cudaEventElapsed = 43.68620681762695 (ms)
[RANK1] W @ 510.111083984375 (ms) to 531.66650390625 (ms), cudaEventElapsed = 21.396480560302734 (ms)
[RANK1] F @ 531.819580078125 (ms) to 565.740234375 (ms), cudaEventElapsed = 33.89152145385742 (ms)
[RANK1] B @ 567.090087890625 (ms) to 612.563720703125 (ms), cudaEventElapsed = 45.44182586669922 (ms)
[RANK1] B @ 626.587158203125 (ms) to 667.206298828125 (ms), cudaEventElapsed = 40.581024169921875 (ms)
[RANK1] W @ 667.382568359375 (ms) to 686.931640625 (ms), cudaEventElapsed = 19.517440795898438 (ms)
[RANK1] F @ 687.19775390625 (ms) to 721.606689453125 (ms), cudaEventElapsed = 34.3807373046875 (ms)
[RANK1] B @ 730.19091796875 (ms) to 774.455322265625 (ms), cudaEventElapsed = 44.231361389160156 (ms)
[RANK1] B @ 775.851318359375 (ms) to 817.435546875 (ms), cudaEventElapsed = 41.54819107055664 (ms)
[RANK1] W @ 817.593505859375 (ms) to 837.8271484375 (ms), cudaEventElapsed = 20.20044708251953 (ms)
[RANK1] F @ 838.078857421875 (ms) to 872.8115234375 (ms), cudaEventElapsed = 34.703678131103516 (ms)
[RANK1] B @ 873.099853515625 (ms) to 918.914794921875 (ms), cudaEventElapsed = 45.785888671875 (ms)
[RANK1] W @ 919.125732421875 (ms) to 942.179931640625 (ms), cudaEventElapsed = 22.008832931518555 (ms)
[RANK1] F @ 942.448486328125 (ms) to 977.218994140625 (ms), cudaEventElapsed = 34.74105453491211 (ms)
[RANK1] B @ 977.514892578125 (ms) to 1022.13232421875 (ms), cudaEventElapsed = 44.58790588378906 (ms)
[RANK1] W @ 1022.282958984375 (ms) to 1043.7255859375 (ms), cudaEventElapsed = 21.410816192626953 (ms)
[RANK1] W @ 1043.8876953125 (ms) to 1065.552001953125 (ms), cudaEventElapsed = 21.63609504699707 (ms)
[RANK1] B @ 1079.718017578125 (ms) to 1120.21923828125 (ms), cudaEventElapsed = 40.472511291503906 (ms)
[RANK1] W @ 1120.371826171875 (ms) to 1139.895751953125 (ms), cudaEventElapsed = 19.489791870117188 (ms)
[RANK1] W @ 1140.051513671875 (ms) to 1161.2685546875 (ms), cudaEventElapsed = 21.190656661987305 (ms)
[RANK1] B @ 1165.917236328125 (ms) to 1207.701904296875 (ms), cudaEventElapsed = 41.75724792480469 (ms)
[RANK1] 4W @ 1207.86474609375 (ms) to 1291.505126953125 (ms), cudaEventElapsed = 83.6095962524414 (ms)
[RANK1] Iteration 5
[RANK1] F @ 29.754150390625 (ms) to 61.539306640625 (ms), cudaEventElapsed = 31.75174331665039 (ms)
[RANK1] F @ 61.90966796875 (ms) to 96.6669921875 (ms), cudaEventElapsed = 34.72758483886719 (ms)
[RANK1] F @ 97.031005859375 (ms) to 133.87646484375 (ms), cudaEventElapsed = 36.8155517578125 (ms)
[RANK1] F @ 134.173095703125 (ms) to 170.83349609375 (ms), cudaEventElapsed = 36.629600524902344 (ms)
[RANK1] F @ 172.53662109375 (ms) to 208.335205078125 (ms), cudaEventElapsed = 35.76486587524414 (ms)
[RANK1] B @ 224.959228515625 (ms) to 267.215087890625 (ms), cudaEventElapsed = 42.217342376708984 (ms)
[RANK1] F @ 267.586181640625 (ms) to 303.55078125 (ms), cudaEventElapsed = 35.92454528808594 (ms)
[RANK1] B @ 307.175537109375 (ms) to 352.6513671875 (ms), cudaEventElapsed = 45.44166564941406 (ms)
[RANK1] F @ 354.05615234375 (ms) to 390.126220703125 (ms), cudaEventElapsed = 36.029441833496094 (ms)
[RANK1] B @ 390.51123046875 (ms) to 435.584228515625 (ms), cudaEventElapsed = 45.03462219238281 (ms)
[RANK1] F @ 435.931884765625 (ms) to 472.20166015625 (ms), cudaEventElapsed = 36.23788833618164 (ms)
[RANK1] B @ 473.706298828125 (ms) to 518.717041015625 (ms), cudaEventElapsed = 44.97555160522461 (ms)
[RANK1] W @ 518.94384765625 (ms) to 542.7431640625 (ms), cudaEventElapsed = 23.640064239501953 (ms)
[RANK1] F @ 542.90625 (ms) to 580.82080078125 (ms), cudaEventElapsed = 37.88393783569336 (ms)
[RANK1] B @ 582.193359375 (ms) to 629.51318359375 (ms), cudaEventElapsed = 47.28860855102539 (ms)
[RANK1] B @ 639.481689453125 (ms) to 682.148681640625 (ms), cudaEventElapsed = 42.6255989074707 (ms)
[RANK1] W @ 682.319580078125 (ms) to 704.828125 (ms), cudaEventElapsed = 22.47577667236328 (ms)
[RANK1] F @ 705.09130859375 (ms) to 745.11474609375 (ms), cudaEventElapsed = 39.996158599853516 (ms)
[RANK1] B @ 749.780517578125 (ms) to 796.682861328125 (ms), cudaEventElapsed = 46.86912155151367 (ms)
[RANK1] B @ 798.080322265625 (ms) to 842.081298828125 (ms), cudaEventElapsed = 43.96144104003906 (ms)
[RANK1] W @ 842.2431640625 (ms) to 865.22216796875 (ms), cudaEventElapsed = 22.94476890563965 (ms)
[RANK1] F @ 865.50244140625 (ms) to 907.62890625 (ms), cudaEventElapsed = 42.0972785949707 (ms)
[RANK1] B @ 907.92236328125 (ms) to 955.838134765625 (ms), cudaEventElapsed = 47.88518524169922 (ms)
[RANK1] W @ 956.048828125 (ms) to 980.51123046875 (ms), cudaEventElapsed = 23.412736892700195 (ms)
[RANK1] F @ 980.7783203125 (ms) to 1019.7109375 (ms), cudaEventElapsed = 38.903297424316406 (ms)
[RANK1] B @ 1027.127197265625 (ms) to 1072.1279296875 (ms), cudaEventElapsed = 44.96908950805664 (ms)
[RANK1] W @ 1072.2900390625 (ms) to 1096.0537109375 (ms), cudaEventElapsed = 23.73017692565918 (ms)
[RANK1] W @ 1096.215576171875 (ms) to 1124.145751953125 (ms), cudaEventElapsed = 27.901952743530273 (ms)
[RANK1] B @ 1138.854248046875 (ms) to 1182.742431640625 (ms), cudaEventElapsed = 43.8590087890625 (ms)
[RANK1] W @ 1182.887451171875 (ms) to 1205.215087890625 (ms), cudaEventElapsed = 22.29862403869629 (ms)
[RANK1] W @ 1205.373779296875 (ms) to 1232.6572265625 (ms), cudaEventElapsed = 27.255807876586914 (ms)
[RANK1] B @ 1237.970458984375 (ms) to 1283.669189453125 (ms), cudaEventElapsed = 45.6690559387207 (ms)
[RANK1] 4W @ 1283.81591796875 (ms) to 1388.017578125 (ms), cudaEventElapsed = 104.17254638671875 (ms)
[RANK1] Iteration 6
[RANK1] F @ 29.741943359375 (ms) to 61.990234375 (ms), cudaEventElapsed = 32.21343994140625 (ms)
[RANK1] F @ 62.372314453125 (ms) to 97.624267578125 (ms), cudaEventElapsed = 35.221439361572266 (ms)
[RANK1] F @ 97.996337890625 (ms) to 135.22314453125 (ms), cudaEventElapsed = 37.19715118408203 (ms)
[RANK1] F @ 135.51416015625 (ms) to 172.387451171875 (ms), cudaEventElapsed = 36.84204864501953 (ms)
[RANK1] F @ 174.0400390625 (ms) to 210.339111328125 (ms), cudaEventElapsed = 36.2658576965332 (ms)
[RANK1] B @ 227.3134765625 (ms) to 269.740234375 (ms), cudaEventElapsed = 42.38991928100586 (ms)
[RANK1] F @ 270.09765625 (ms) to 305.74951171875 (ms), cudaEventElapsed = 35.61328125 (ms)
[RANK1] B @ 308.990966796875 (ms) to 353.62451171875 (ms), cudaEventElapsed = 44.60051345825195 (ms)
[RANK1] F @ 355.037841796875 (ms) to 390.858642578125 (ms), cudaEventElapsed = 35.778175354003906 (ms)
[RANK1] B @ 392.44287109375 (ms) to 438.176513671875 (ms), cudaEventElapsed = 45.699710845947266 (ms)
[RANK1] F @ 438.53759765625 (ms) to 475.103515625 (ms), cudaEventElapsed = 36.5280647277832 (ms)
[RANK1] B @ 476.059814453125 (ms) to 521.57373046875 (ms), cudaEventElapsed = 45.480384826660156 (ms)
[RANK1] W @ 521.8134765625 (ms) to 546.201904296875 (ms), cudaEventElapsed = 24.207359313964844 (ms)
[RANK1] F @ 546.364013671875 (ms) to 584.22705078125 (ms), cudaEventElapsed = 37.83369445800781 (ms)
[RANK1] B @ 585.696044921875 (ms) to 632.924560546875 (ms), cudaEventElapsed = 47.195743560791016 (ms)
[RANK1] B @ 642.324462890625 (ms) to 685.197021484375 (ms), cudaEventElapsed = 42.83340835571289 (ms)
[RANK1] W @ 685.371826171875 (ms) to 707.81494140625 (ms), cudaEventElapsed = 22.409215927124023 (ms)
[RANK1] F @ 708.087158203125 (ms) to 747.82861328125 (ms), cudaEventElapsed = 39.711936950683594 (ms)
[RANK1] B @ 753.4111328125 (ms) to 800.43017578125 (ms), cudaEventElapsed = 46.98476791381836 (ms)
[RANK1] B @ 801.857666015625 (ms) to 845.87158203125 (ms), cudaEventElapsed = 43.97539138793945 (ms)
[RANK1] W @ 846.04736328125 (ms) to 868.727783203125 (ms), cudaEventElapsed = 22.647808074951172 (ms)
[RANK1] F @ 868.990234375 (ms) to 911.484619140625 (ms), cudaEventElapsed = 42.46588897705078 (ms)
[RANK1] B @ 911.78564453125 (ms) to 960.24462890625 (ms), cudaEventElapsed = 48.428768157958984 (ms)
[RANK1] W @ 960.4658203125 (ms) to 985.55615234375 (ms), cudaEventElapsed = 23.963647842407227 (ms)
[RANK1] F @ 985.83837890625 (ms) to 1024.462158203125 (ms), cudaEventElapsed = 38.59187316894531 (ms)
[RANK1] B @ 1029.8701171875 (ms) to 1074.664794921875 (ms), cudaEventElapsed = 44.75948715209961 (ms)
[RANK1] W @ 1074.833740234375 (ms) to 1099.116943359375 (ms), cudaEventElapsed = 24.252416610717773 (ms)
[RANK1] W @ 1099.291015625 (ms) to 1129.7880859375 (ms), cudaEventElapsed = 30.468095779418945 (ms)
[RANK1] B @ 1139.9013671875 (ms) to 1186.252197265625 (ms), cudaEventElapsed = 46.31990432739258 (ms)
[RANK1] W @ 1186.407958984375 (ms) to 1209.420166015625 (ms), cudaEventElapsed = 22.983680725097656 (ms)
[RANK1] W @ 1209.5810546875 (ms) to 1236.822998046875 (ms), cudaEventElapsed = 27.214847564697266 (ms)
[RANK1] B @ 1239.57373046875 (ms) to 1286.606689453125 (ms), cudaEventElapsed = 47.003326416015625 (ms)
[RANK1] 4W @ 1286.767333984375 (ms) to 1391.723876953125 (ms), cudaEventElapsed = 104.92620849609375 (ms)
[RANK1] Iteration 7
[RANK1] F @ 29.759033203125 (ms) to 61.811279296875 (ms), cudaEventElapsed = 32.01638412475586 (ms)
[RANK1] F @ 62.21728515625 (ms) to 97.134765625 (ms), cudaEventElapsed = 34.88636779785156 (ms)
[RANK1] F @ 97.518798828125 (ms) to 134.740478515625 (ms), cudaEventElapsed = 37.19139099121094 (ms)
[RANK1] F @ 135.05078125 (ms) to 171.639404296875 (ms), cudaEventElapsed = 36.55839920043945 (ms)
[RANK1] F @ 173.53271484375 (ms) to 209.28515625 (ms), cudaEventElapsed = 35.71686553955078 (ms)
[RANK1] B @ 226.247314453125 (ms) to 268.765625 (ms), cudaEventElapsed = 42.478431701660156 (ms)
[RANK1] F @ 269.158935546875 (ms) to 304.344482421875 (ms), cudaEventElapsed = 35.14118576049805 (ms)
[RANK1] B @ 308.63037109375 (ms) to 353.20068359375 (ms), cudaEventElapsed = 44.536033630371094 (ms)
[RANK1] F @ 354.58349609375 (ms) to 390.821044921875 (ms), cudaEventElapsed = 36.1995849609375 (ms)
[RANK1] B @ 391.87451171875 (ms) to 436.692138671875 (ms), cudaEventElapsed = 44.78326416015625 (ms)
[RANK1] F @ 437.0380859375 (ms) to 473.1484375 (ms), cudaEventElapsed = 36.08019256591797 (ms)
[RANK1] B @ 474.708251953125 (ms) to 519.73095703125 (ms), cudaEventElapsed = 44.986942291259766 (ms)
[RANK1] W @ 519.984619140625 (ms) to 544.1904296875 (ms), cudaEventElapsed = 24.022016525268555 (ms)
[RANK1] F @ 544.350830078125 (ms) to 582.5224609375 (ms), cudaEventElapsed = 38.14195251464844 (ms)
[RANK1] B @ 583.971435546875 (ms) to 631.446533203125 (ms), cudaEventElapsed = 47.4436149597168 (ms)
[RANK1] B @ 640.64990234375 (ms) to 684.173583984375 (ms), cudaEventElapsed = 43.484031677246094 (ms)
[RANK1] W @ 684.346435546875 (ms) to 707.870361328125 (ms), cudaEventElapsed = 23.48953628540039 (ms)
[RANK1] F @ 708.14697265625 (ms) to 747.381591796875 (ms), cudaEventElapsed = 39.20518493652344 (ms)
[RANK1] B @ 751.997314453125 (ms) to 798.060546875 (ms), cudaEventElapsed = 46.02524948120117 (ms)
[RANK1] B @ 799.45068359375 (ms) to 843.75439453125 (ms), cudaEventElapsed = 44.2625617980957 (ms)
[RANK1] W @ 843.91357421875 (ms) to 868.55322265625 (ms), cudaEventElapsed = 24.609792709350586 (ms)
[RANK1] F @ 868.81689453125 (ms) to 911.82373046875 (ms), cudaEventElapsed = 42.97849655151367 (ms)
[RANK1] B @ 912.126220703125 (ms) to 960.690185546875 (ms), cudaEventElapsed = 48.533790588378906 (ms)
[RANK1] W @ 960.90185546875 (ms) to 986.328125 (ms), cudaEventElapsed = 24.350719451904297 (ms)
[RANK1] F @ 986.601318359375 (ms) to 1025.036376953125 (ms), cudaEventElapsed = 38.403358459472656 (ms)
[RANK1] B @ 1026.54541015625 (ms) to 1071.96484375 (ms), cudaEventElapsed = 45.38880157470703 (ms)
[RANK1] W @ 1072.129150390625 (ms) to 1095.351318359375 (ms), cudaEventElapsed = 23.185407638549805 (ms)
[RANK1] W @ 1095.515625 (ms) to 1125.33203125 (ms), cudaEventElapsed = 29.7891845703125 (ms)
[RANK1] B @ 1137.32958984375 (ms) to 1183.203369140625 (ms), cudaEventElapsed = 45.844608306884766 (ms)
[RANK1] W @ 1183.3505859375 (ms) to 1207.236572265625 (ms), cudaEventElapsed = 23.85817527770996 (ms)
[RANK1] W @ 1207.391845703125 (ms) to 1234.532470703125 (ms), cudaEventElapsed = 27.11244773864746 (ms)
[RANK1] B @ 1236.858642578125 (ms) to 1284.53076171875 (ms), cudaEventElapsed = 47.64201736450195 (ms)
[RANK1] 4W @ 1284.687744140625 (ms) to 1389.916748046875 (ms), cudaEventElapsed = 105.19654083251953 (ms)
[RANK1] Iteration 8
[RANK1] F @ 29.85009765625 (ms) to 61.8916015625 (ms), cudaEventElapsed = 31.99990463256836 (ms)
[RANK1] F @ 62.279296875 (ms) to 97.10791015625 (ms), cudaEventElapsed = 34.79731369018555 (ms)
[RANK1] F @ 97.49072265625 (ms) to 134.369384765625 (ms), cudaEventElapsed = 36.84921646118164 (ms)
[RANK1] F @ 134.662353515625 (ms) to 171.10693359375 (ms), cudaEventElapsed = 36.41414260864258 (ms)
[RANK1] F @ 172.94189453125 (ms) to 208.970458984375 (ms), cudaEventElapsed = 35.99446487426758 (ms)
[RANK1] B @ 225.261962890625 (ms) to 267.615478515625 (ms), cudaEventElapsed = 42.31391906738281 (ms)
[RANK1] F @ 267.964111328125 (ms) to 303.6328125 (ms), cudaEventElapsed = 35.63488006591797 (ms)
[RANK1] B @ 307.53759765625 (ms) to 352.781982421875 (ms), cudaEventElapsed = 45.21123123168945 (ms)
[RANK1] F @ 354.156005859375 (ms) to 390.166259765625 (ms), cudaEventElapsed = 35.973793029785156 (ms)
[RANK1] B @ 390.77099609375 (ms) to 435.742431640625 (ms), cudaEventElapsed = 44.94028854370117 (ms)
[RANK1] F @ 436.086669921875 (ms) to 472.482177734375 (ms), cudaEventElapsed = 36.35980987548828 (ms)
[RANK1] B @ 473.893798828125 (ms) to 518.884033203125 (ms), cudaEventElapsed = 44.9554557800293 (ms)
[RANK1] W @ 519.107177734375 (ms) to 542.7724609375 (ms), cudaEventElapsed = 23.48441505432129 (ms)
[RANK1] F @ 542.924560546875 (ms) to 581.068603515625 (ms), cudaEventElapsed = 38.114463806152344 (ms)
[RANK1] B @ 582.464599609375 (ms) to 630.25390625 (ms), cudaEventElapsed = 47.75708770751953 (ms)
[RANK1] B @ 639.991455078125 (ms) to 682.6826171875 (ms), cudaEventElapsed = 42.654624938964844 (ms)
[RANK1] W @ 682.845947265625 (ms) to 705.155029296875 (ms), cudaEventElapsed = 22.27609634399414 (ms)
[RANK1] F @ 705.41650390625 (ms) to 746.10302734375 (ms), cudaEventElapsed = 40.65740966796875 (ms)
[RANK1] B @ 751.52197265625 (ms) to 798.4228515625 (ms), cudaEventElapsed = 46.86742401123047 (ms)
[RANK1] B @ 799.7734375 (ms) to 843.85791015625 (ms), cudaEventElapsed = 44.031776428222656 (ms)
[RANK1] W @ 844.0146484375 (ms) to 867.010498046875 (ms), cudaEventElapsed = 22.968320846557617 (ms)
[RANK1] F @ 867.29052734375 (ms) to 911.4423828125 (ms), cudaEventElapsed = 44.123104095458984 (ms)
[RANK1] B @ 911.73876953125 (ms) to 960.4970703125 (ms), cudaEventElapsed = 48.72809600830078 (ms)
[RANK1] W @ 960.709228515625 (ms) to 985.391845703125 (ms), cudaEventElapsed = 23.645183563232422 (ms)
[RANK1] F @ 985.651611328125 (ms) to 1025.115966796875 (ms), cudaEventElapsed = 39.43574523925781 (ms)
[RANK1] B @ 1029.907470703125 (ms) to 1075.207275390625 (ms), cudaEventElapsed = 45.26643371582031 (ms)
[RANK1] W @ 1075.361572265625 (ms) to 1099.4697265625 (ms), cudaEventElapsed = 24.07935905456543 (ms)
[RANK1] W @ 1099.634521484375 (ms) to 1128.200927734375 (ms), cudaEventElapsed = 28.53785514831543 (ms)
[RANK1] B @ 1140.83984375 (ms) to 1185.71337890625 (ms), cudaEventElapsed = 44.842430114746094 (ms)
[RANK1] W @ 1185.864501953125 (ms) to 1208.528564453125 (ms), cudaEventElapsed = 22.634496688842773 (ms)
[RANK1] W @ 1208.684326171875 (ms) to 1236.068115234375 (ms), cudaEventElapsed = 27.35513687133789 (ms)
[RANK1] B @ 1240.024658203125 (ms) to 1286.487548828125 (ms), cudaEventElapsed = 46.433536529541016 (ms)
[RANK1] 4W @ 1286.6396484375 (ms) to 1392.424072265625 (ms), cudaEventElapsed = 105.75564575195312 (ms)
[RANK1] Iteration 9
[RANK1] F @ 29.824462890625 (ms) to 61.831787109375 (ms), cudaEventElapsed = 31.9597110748291 (ms)
[RANK1] F @ 62.47998046875 (ms) to 97.137939453125 (ms), cudaEventElapsed = 34.625633239746094 (ms)
[RANK1] F @ 97.537841796875 (ms) to 134.942626953125 (ms), cudaEventElapsed = 37.37295913696289 (ms)
[RANK1] F @ 135.284912109375 (ms) to 171.7763671875 (ms), cudaEventElapsed = 36.45920181274414 (ms)
[RANK1] F @ 173.731201171875 (ms) to 210.08740234375 (ms), cudaEventElapsed = 36.32252883911133 (ms)
[RANK1] B @ 349.966796875 (ms) to 391.01806640625 (ms), cudaEventElapsed = 41.011390686035156 (ms)
[RANK1] F @ 391.388427734375 (ms) to 427.113525390625 (ms), cudaEventElapsed = 35.689537048339844 (ms)
[RANK1] B @ 478.587158203125 (ms) to 519.6396484375 (ms), cudaEventElapsed = 41.018272399902344 (ms)
[RANK1] F @ 521.030517578125 (ms) to 555.52685546875 (ms), cudaEventElapsed = 34.46108627319336 (ms)
[RANK1] B @ 607.0576171875 (ms) to 648.19091796875 (ms), cudaEventElapsed = 41.0992317199707 (ms)
[RANK1] F @ 648.544677734375 (ms) to 683.842041015625 (ms), cudaEventElapsed = 35.2674560546875 (ms)
[RANK1] B @ 735.440185546875 (ms) to 776.572998046875 (ms), cudaEventElapsed = 41.09628677368164 (ms)
[RANK1] W @ 776.804443359375 (ms) to 799.72265625 (ms), cudaEventElapsed = 22.73075294494629 (ms)
[RANK1] F @ 799.884033203125 (ms) to 839.0390625 (ms), cudaEventElapsed = 39.12627029418945 (ms)
[RANK1] B @ 865.492431640625 (ms) to 908.627197265625 (ms), cudaEventElapsed = 43.102272033691406 (ms)
[RANK1] B @ 991.896240234375 (ms) to 1032.981201171875 (ms), cudaEventElapsed = 41.046241760253906 (ms)
[RANK1] W @ 1033.1572265625 (ms) to 1056.068359375 (ms), cudaEventElapsed = 22.88128089904785 (ms)
[RANK1] F @ 1056.3359375 (ms) to 1096.0224609375 (ms), cudaEventElapsed = 39.65715026855469 (ms)
[RANK1] B @ 1148.852294921875 (ms) to 1191.099609375 (ms), cudaEventElapsed = 42.212703704833984 (ms)
[RANK1] B @ 1192.668701171875 (ms) to 1236.65283203125 (ms), cudaEventElapsed = 43.94268798828125 (ms)
[RANK1] W @ 1236.84912109375 (ms) to 1261.052490234375 (ms), cudaEventElapsed = 24.173568725585938 (ms)
[RANK1] F @ 1261.3125 (ms) to 1300.562744140625 (ms), cudaEventElapsed = 39.22163009643555 (ms)
[RANK1] B @ 1347.77490234375 (ms) to 1388.739990234375 (ms), cudaEventElapsed = 40.927711486816406 (ms)
[RANK1] W @ 1388.974609375 (ms) to 1411.654296875 (ms), cudaEventElapsed = 21.560319900512695 (ms)
[RANK1] F @ 1411.948486328125 (ms) to 1451.514892578125 (ms), cudaEventElapsed = 39.535423278808594 (ms)
[RANK1] B @ 1503.408447265625 (ms) to 1544.48779296875 (ms), cudaEventElapsed = 41.04489517211914 (ms)
[RANK1] W @ 1544.649658203125 (ms) to 1566.42431640625 (ms), cudaEventElapsed = 21.744640350341797 (ms)
[RANK1] W @ 1566.592529296875 (ms) to 1594.006103515625 (ms), cudaEventElapsed = 27.38483238220215 (ms)
[RANK1] B @ 1657.168212890625 (ms) to 1698.142822265625 (ms), cudaEventElapsed = 40.94371032714844 (ms)
[RANK1] W @ 1698.296875 (ms) to 1720.546630859375 (ms), cudaEventElapsed = 22.221824645996094 (ms)
[RANK1] W @ 1720.70556640625 (ms) to 1747.947021484375 (ms), cudaEventElapsed = 27.214847564697266 (ms)
[RANK1] B @ 1755.39453125 (ms) to 1801.971435546875 (ms), cudaEventElapsed = 46.5483512878418 (ms)
[RANK1] 4W @ 1802.125 (ms) to 1907.324462890625 (ms), cudaEventElapsed = 105.169921875 (ms)
[RANK1] Iteration 10
[RANK1] F @ 29.713134765625 (ms) to 61.660400390625 (ms), cudaEventElapsed = 31.911231994628906 (ms)
[RANK1] F @ 62.041748046875 (ms) to 97.34423828125 (ms), cudaEventElapsed = 35.27119827270508 (ms)
[RANK1] F @ 97.735595703125 (ms) to 134.991943359375 (ms), cudaEventElapsed = 37.224609375 (ms)
[RANK1] F @ 135.323486328125 (ms) to 172.06298828125 (ms), cudaEventElapsed = 36.708160400390625 (ms)
[RANK1] F @ 173.969970703125 (ms) to 209.969970703125 (ms), cudaEventElapsed = 35.966529846191406 (ms)
[RANK1] B @ 347.1796875 (ms) to 388.309814453125 (ms), cudaEventElapsed = 41.0775032043457 (ms)
[RANK1] F @ 388.705810546875 (ms) to 423.76318359375 (ms), cudaEventElapsed = 35.0269775390625 (ms)
[RANK1] B @ 475.32470703125 (ms) to 516.513671875 (ms), cudaEventElapsed = 41.154624938964844 (ms)
[RANK1] F @ 517.900634765625 (ms) to 553.580322265625 (ms), cudaEventElapsed = 35.64457702636719 (ms)
[RANK1] B @ 602.140869140625 (ms) to 643.405517578125 (ms), cudaEventElapsed = 41.22854232788086 (ms)
[RANK1] F @ 643.77294921875 (ms) to 679.64697265625 (ms), cudaEventElapsed = 35.83456039428711 (ms)
[RANK1] B @ 730.220947265625 (ms) to 771.349853515625 (ms), cudaEventElapsed = 41.09097671508789 (ms)
[RANK1] W @ 771.59130859375 (ms) to 794.197265625 (ms), cudaEventElapsed = 22.422527313232422 (ms)
[RANK1] F @ 794.35498046875 (ms) to 833.945068359375 (ms), cudaEventElapsed = 39.56070327758789 (ms)
[RANK1] B @ 859.7958984375 (ms) to 902.761962890625 (ms), cudaEventElapsed = 42.93030548095703 (ms)
[RANK1] B @ 986.04150390625 (ms) to 1027.009521484375 (ms), cudaEventElapsed = 40.92665481567383 (ms)
[RANK1] W @ 1027.19287109375 (ms) to 1049.286376953125 (ms), cudaEventElapsed = 22.05388832092285 (ms)
[RANK1] F @ 1049.546630859375 (ms) to 1088.97802734375 (ms), cudaEventElapsed = 39.402496337890625 (ms)
[RANK1] B @ 1141.58837890625 (ms) to 1183.79150390625 (ms), cudaEventElapsed = 42.170047760009766 (ms)
[RANK1] B @ 1186.0732421875 (ms) to 1229.733154296875 (ms), cudaEventElapsed = 43.620670318603516 (ms)
[RANK1] W @ 1229.905029296875 (ms) to 1253.8154296875 (ms), cudaEventElapsed = 23.87353515625 (ms)
[RANK1] F @ 1254.081298828125 (ms) to 1293.18505859375 (ms), cudaEventElapsed = 39.067935943603516 (ms)
[RANK1] B @ 1341.1201171875 (ms) to 1382.071044921875 (ms), cudaEventElapsed = 40.91689682006836 (ms)
[RANK1] W @ 1382.30224609375 (ms) to 1405.013671875 (ms), cudaEventElapsed = 21.67193603515625 (ms)
[RANK1] F @ 1405.300048828125 (ms) to 1444.857177734375 (ms), cudaEventElapsed = 39.525089263916016 (ms)
[RANK1] B @ 1495.99462890625 (ms) to 1537.08935546875 (ms), cudaEventElapsed = 41.06105422973633 (ms)
[RANK1] W @ 1537.2529296875 (ms) to 1558.744384765625 (ms), cudaEventElapsed = 21.45689582824707 (ms)
[RANK1] W @ 1558.9072265625 (ms) to 1586.208251953125 (ms), cudaEventElapsed = 27.270143508911133 (ms)
[RANK1] B @ 1649.48095703125 (ms) to 1690.46044921875 (ms), cudaEventElapsed = 40.94883346557617 (ms)
[RANK1] W @ 1690.60986328125 (ms) to 1712.69091796875 (ms), cudaEventElapsed = 22.05388832092285 (ms)
[RANK1] W @ 1712.846435546875 (ms) to 1739.935546875 (ms), cudaEventElapsed = 27.063295364379883 (ms)
[RANK1] B @ 1747.61376953125 (ms) to 1794.10986328125 (ms), cudaEventElapsed = 46.46739196777344 (ms)
[RANK1] 4W @ 1794.26025390625 (ms) to 1899.00341796875 (ms), cudaEventElapsed = 104.71424102783203 (ms)
[RANK1] Iteration 11
[RANK1] F @ 29.93310546875 (ms) to 61.93994140625 (ms), cudaEventElapsed = 31.97260856628418 (ms)
[RANK1] F @ 62.313232421875 (ms) to 97.615234375 (ms), cudaEventElapsed = 35.270816802978516 (ms)
[RANK1] F @ 97.995361328125 (ms) to 135.15185546875 (ms), cudaEventElapsed = 37.12575912475586 (ms)
[RANK1] F @ 135.4482421875 (ms) to 171.900146484375 (ms), cudaEventElapsed = 36.41939163208008 (ms)
[RANK1] F @ 173.693115234375 (ms) to 209.6796875 (ms), cudaEventElapsed = 35.95334243774414 (ms)
[RANK1] B @ 347.607666015625 (ms) to 388.6416015625 (ms), cudaEventElapsed = 40.995487213134766 (ms)
[RANK1] F @ 389.0107421875 (ms) to 423.87060546875 (ms), cudaEventElapsed = 34.825504302978516 (ms)
[RANK1] B @ 475.29150390625 (ms) to 516.361328125 (ms), cudaEventElapsed = 41.03718566894531 (ms)
[RANK1] F @ 517.74169921875 (ms) to 552.95556640625 (ms), cudaEventElapsed = 35.17795181274414 (ms)
[RANK1] B @ 600.84130859375 (ms) to 641.971435546875 (ms), cudaEventElapsed = 41.09539031982422 (ms)
[RANK1] F @ 642.33056640625 (ms) to 677.947265625 (ms), cudaEventElapsed = 35.58380889892578 (ms)
[RANK1] B @ 729.269775390625 (ms) to 770.296875 (ms), cudaEventElapsed = 40.99273681640625 (ms)
[RANK1] W @ 770.530517578125 (ms) to 792.994140625 (ms), cudaEventElapsed = 22.295551300048828 (ms)
[RANK1] F @ 793.14990234375 (ms) to 832.64208984375 (ms), cudaEventElapsed = 39.45347213745117 (ms)
[RANK1] B @ 858.37939453125 (ms) to 901.44775390625 (ms), cudaEventElapsed = 43.034912109375 (ms)
[RANK1] B @ 983.79638671875 (ms) to 1024.85009765625 (ms), cudaEventElapsed = 41.011199951171875 (ms)
[RANK1] W @ 1025.02880859375 (ms) to 1047.6298828125 (ms), cudaEventElapsed = 22.571008682250977 (ms)
[RANK1] F @ 1047.904541015625 (ms) to 1087.613525390625 (ms), cudaEventElapsed = 39.68022537231445 (ms)
[RANK1] B @ 1139.364990234375 (ms) to 1181.4892578125 (ms), cudaEventElapsed = 42.087520599365234 (ms)
[RANK1] B @ 1183.257080078125 (ms) to 1227.19580078125 (ms), cudaEventElapsed = 43.901153564453125 (ms)
[RANK1] W @ 1227.372802734375 (ms) to 1252.002685546875 (ms), cudaEventElapsed = 24.600576400756836 (ms)
[RANK1] F @ 1252.263916015625 (ms) to 1291.76708984375 (ms), cudaEventElapsed = 39.474239349365234 (ms)
[RANK1] B @ 1339.01806640625 (ms) to 1380.066162109375 (ms), cudaEventElapsed = 41.01385498046875 (ms)
[RANK1] W @ 1380.3017578125 (ms) to 1403.095947265625 (ms), cudaEventElapsed = 21.66886329650879 (ms)
[RANK1] F @ 1403.371337890625 (ms) to 1442.778076171875 (ms), cudaEventElapsed = 39.37692642211914 (ms)
[RANK1] B @ 1507.6044921875 (ms) to 1548.6533203125 (ms), cudaEventElapsed = 41.0153923034668 (ms)
[RANK1] W @ 1548.816650390625 (ms) to 1571.0263671875 (ms), cudaEventElapsed = 22.174720764160156 (ms)
[RANK1] W @ 1571.19140625 (ms) to 1598.594970703125 (ms), cudaEventElapsed = 27.3756160736084 (ms)
[RANK1] B @ 1675.177734375 (ms) to 1716.14990234375 (ms), cudaEventElapsed = 40.93974304199219 (ms)
[RANK1] W @ 1716.29931640625 (ms) to 1737.76708984375 (ms), cudaEventElapsed = 21.43948745727539 (ms)
[RANK1] W @ 1737.932861328125 (ms) to 1765.525390625 (ms), cudaEventElapsed = 27.56608009338379 (ms)
[RANK1] B @ 1797.310302734375 (ms) to 1839.162109375 (ms), cudaEventElapsed = 41.82316970825195 (ms)
[RANK1] 4W @ 1839.310791015625 (ms) to 1945.07763671875 (ms), cudaEventElapsed = 105.73312377929688 (ms)
[RANK1] Iteration 12
[RANK1] F @ 29.831298828125 (ms) to 61.87744140625 (ms), cudaEventElapsed = 32.01136016845703 (ms)
[RANK1] F @ 62.25146484375 (ms) to 96.854248046875 (ms), cudaEventElapsed = 34.5700798034668 (ms)
[RANK1] F @ 97.2470703125 (ms) to 134.4853515625 (ms), cudaEventElapsed = 37.20771026611328 (ms)
[RANK1] F @ 134.792724609375 (ms) to 171.463623046875 (ms), cudaEventElapsed = 36.63987350463867 (ms)
[RANK1] F @ 173.31787109375 (ms) to 209.8115234375 (ms), cudaEventElapsed = 36.45510482788086 (ms)
[RANK1] B @ 387.8642578125 (ms) to 428.8857421875 (ms), cudaEventElapsed = 40.97590255737305 (ms)
[RANK1] F @ 429.2734375 (ms) to 464.672607421875 (ms), cudaEventElapsed = 35.359615325927734 (ms)
[RANK1] B @ 546.782958984375 (ms) to 587.75537109375 (ms), cudaEventElapsed = 40.93251037597656 (ms)
[RANK1] F @ 589.1953125 (ms) to 624.76611328125 (ms), cudaEventElapsed = 35.52947235107422 (ms)
[RANK1] B @ 674.326171875 (ms) to 715.646728515625 (ms), cudaEventElapsed = 41.27801513671875 (ms)
[RANK1] F @ 716.009033203125 (ms) to 751.568115234375 (ms), cudaEventElapsed = 35.52547073364258 (ms)
[RANK1] B @ 803.286865234375 (ms) to 844.55029296875 (ms), cudaEventElapsed = 41.2250862121582 (ms)
[RANK1] W @ 844.79736328125 (ms) to 867.106201171875 (ms), cudaEventElapsed = 22.125568389892578 (ms)
[RANK1] F @ 867.264404296875 (ms) to 906.597412109375 (ms), cudaEventElapsed = 39.30281448364258 (ms)
[RANK1] B @ 931.9365234375 (ms) to 974.935791015625 (ms), cudaEventElapsed = 42.96518325805664 (ms)
[RANK1] B @ 1058.227294921875 (ms) to 1099.2080078125 (ms), cudaEventElapsed = 40.9378547668457 (ms)
[RANK1] W @ 1099.400634765625 (ms) to 1121.494873046875 (ms), cudaEventElapsed = 22.064128875732422 (ms)
[RANK1] F @ 1121.761474609375 (ms) to 1160.984130859375 (ms), cudaEventElapsed = 39.19184112548828 (ms)
[RANK1] B @ 1215.001708984375 (ms) to 1257.290771484375 (ms), cudaEventElapsed = 42.25321578979492 (ms)
[RANK1] B @ 1260.13671875 (ms) to 1302.942626953125 (ms), cudaEventElapsed = 42.76678466796875 (ms)
[RANK1] W @ 1303.129150390625 (ms) to 1326.515380859375 (ms), cudaEventElapsed = 23.353343963623047 (ms)
[RANK1] F @ 1326.785400390625 (ms) to 1366.603271484375 (ms), cudaEventElapsed = 39.78876876831055 (ms)
[RANK1] B @ 1439.29345703125 (ms) to 1480.17138671875 (ms), cudaEventElapsed = 40.84297561645508 (ms)
[RANK1] W @ 1480.4072265625 (ms) to 1502.877197265625 (ms), cudaEventElapsed = 21.373952865600586 (ms)
[RANK1] F @ 1503.16455078125 (ms) to 1541.984375 (ms), cudaEventElapsed = 38.789920806884766 (ms)
[RANK1] B @ 1608.233642578125 (ms) to 1649.149169921875 (ms), cudaEventElapsed = 40.88179016113281 (ms)
[RANK1] W @ 1649.30908203125 (ms) to 1670.56982421875 (ms), cudaEventElapsed = 21.22547149658203 (ms)
[RANK1] W @ 1670.734130859375 (ms) to 1698.51611328125 (ms), cudaEventElapsed = 27.75347137451172 (ms)
[RANK1] B @ 1776.960205078125 (ms) to 1817.936279296875 (ms), cudaEventElapsed = 40.94460678100586 (ms)
[RANK1] W @ 1818.095458984375 (ms) to 1840.345703125 (ms), cudaEventElapsed = 22.221824645996094 (ms)
[RANK1] W @ 1840.5068359375 (ms) to 1868.3583984375 (ms), cudaEventElapsed = 27.824127197265625 (ms)
[RANK1] B @ 1898.046875 (ms) to 1939.818603515625 (ms), cudaEventElapsed = 41.742591857910156 (ms)
[RANK1] 4W @ 1939.9736328125 (ms) to 2044.080078125 (ms), cudaEventElapsed = 104.0732192993164 (ms)
[RANK1] Iteration 13
[RANK1] F @ 29.91455078125 (ms) to 61.926025390625 (ms), cudaEventElapsed = 31.975584030151367 (ms)
[RANK1] F @ 62.328857421875 (ms) to 97.212158203125 (ms), cudaEventElapsed = 34.85295867919922 (ms)
[RANK1] F @ 97.58837890625 (ms) to 134.6572265625 (ms), cudaEventElapsed = 37.03865432739258 (ms)
[RANK1] F @ 134.97607421875 (ms) to 171.623291015625 (ms), cudaEventElapsed = 36.61644744873047 (ms)
[RANK1] F @ 173.534912109375 (ms) to 209.40576171875 (ms), cudaEventElapsed = 35.837249755859375 (ms)
[RANK1] B @ 393.557861328125 (ms) to 434.698486328125 (ms), cudaEventElapsed = 41.09366226196289 (ms)
[RANK1] F @ 435.093505859375 (ms) to 470.9052734375 (ms), cudaEventElapsed = 35.77836990356445 (ms)
[RANK1] B @ 553.01220703125 (ms) to 594.025634765625 (ms), cudaEventElapsed = 40.978431701660156 (ms)
[RANK1] F @ 595.40576171875 (ms) to 630.640625 (ms), cudaEventElapsed = 35.19878387451172 (ms)
[RANK1] B @ 680.434814453125 (ms) to 721.60986328125 (ms), cudaEventElapsed = 41.140480041503906 (ms)
[RANK1] F @ 721.959228515625 (ms) to 757.48095703125 (ms), cudaEventElapsed = 35.484832763671875 (ms)
[RANK1] B @ 808.4267578125 (ms) to 849.436767578125 (ms), cudaEventElapsed = 40.9749755859375 (ms)
[RANK1] W @ 849.666748046875 (ms) to 872.229248046875 (ms), cudaEventElapsed = 22.387712478637695 (ms)
[RANK1] F @ 872.385498046875 (ms) to 911.57421875 (ms), cudaEventElapsed = 39.15964889526367 (ms)
[RANK1] B @ 937.77197265625 (ms) to 980.634521484375 (ms), cudaEventElapsed = 42.829280853271484 (ms)
[RANK1] B @ 1063.50732421875 (ms) to 1104.484375 (ms), cudaEventElapsed = 40.93596649169922 (ms)
[RANK1] W @ 1104.65966796875 (ms) to 1126.756103515625 (ms), cudaEventElapsed = 22.06617546081543 (ms)
[RANK1] F @ 1127.019287109375 (ms) to 1166.088623046875 (ms), cudaEventElapsed = 39.04083251953125 (ms)
[RANK1] B @ 1219.77685546875 (ms) to 1261.990478515625 (ms), cudaEventElapsed = 42.17852783203125 (ms)
[RANK1] B @ 1264.371826171875 (ms) to 1307.739990234375 (ms), cudaEventElapsed = 43.33235168457031 (ms)
[RANK1] W @ 1307.90185546875 (ms) to 1332.14501953125 (ms), cudaEventElapsed = 24.214527130126953 (ms)
[RANK1] F @ 1332.40576171875 (ms) to 1371.888916015625 (ms), cudaEventElapsed = 39.4541130065918 (ms)
[RANK1] B @ 1445.07470703125 (ms) to 1486.032470703125 (ms), cudaEventElapsed = 40.92425537109375 (ms)
[RANK1] W @ 1486.2529296875 (ms) to 1509.12744140625 (ms), cudaEventElapsed = 21.822463989257812 (ms)
[RANK1] F @ 1509.386962890625 (ms) to 1548.36279296875 (ms), cudaEventElapsed = 38.947200775146484 (ms)
[RANK1] B @ 1611.935546875 (ms) to 1653.185791015625 (ms), cudaEventElapsed = 41.21638488769531 (ms)
[RANK1] W @ 1653.337890625 (ms) to 1675.08935546875 (ms), cudaEventElapsed = 21.72211265563965 (ms)
[RANK1] W @ 1675.2607421875 (ms) to 1702.455810546875 (ms), cudaEventElapsed = 27.166719436645508 (ms)
[RANK1] B @ 1779.647216796875 (ms) to 1820.613525390625 (ms), cudaEventElapsed = 40.93686294555664 (ms)
[RANK1] W @ 1820.7705078125 (ms) to 1842.930419921875 (ms), cudaEventElapsed = 22.131711959838867 (ms)
[RANK1] W @ 1843.09326171875 (ms) to 1871.14599609375 (ms), cudaEventElapsed = 28.025856018066406 (ms)
[RANK1] B @ 1902.24658203125 (ms) to 1944.074951171875 (ms), cudaEventElapsed = 41.80054473876953 (ms)
[RANK1] 4W @ 1944.2353515625 (ms) to 2049.807373046875 (ms), cudaEventElapsed = 105.5436782836914 (ms)
[RANK1] Iteration 14
[RANK1] F @ 29.7568359375 (ms) to 61.735595703125 (ms), cudaEventElapsed = 31.943071365356445 (ms)
[RANK1] F @ 62.11767578125 (ms) to 97.2255859375 (ms), cudaEventElapsed = 35.076351165771484 (ms)
[RANK1] F @ 97.61083984375 (ms) to 134.5751953125 (ms), cudaEventElapsed = 36.934783935546875 (ms)
[RANK1] F @ 134.894287109375 (ms) to 171.296630859375 (ms), cudaEventElapsed = 36.37139129638672 (ms)
[RANK1] F @ 173.18798828125 (ms) to 209.183837890625 (ms), cudaEventElapsed = 35.9617919921875 (ms)
[RANK1] B @ 386.79345703125 (ms) to 427.88720703125 (ms), cudaEventElapsed = 41.050113677978516 (ms)
[RANK1] F @ 428.26953125 (ms) to 463.787353515625 (ms), cudaEventElapsed = 35.48009490966797 (ms)
[RANK1] B @ 547.1650390625 (ms) to 588.226806640625 (ms), cudaEventElapsed = 41.013633728027344 (ms)
[RANK1] F @ 589.598876953125 (ms) to 625.33935546875 (ms), cudaEventElapsed = 35.70377731323242 (ms)
[RANK1] B @ 676.093994140625 (ms) to 717.313720703125 (ms), cudaEventElapsed = 41.184288024902344 (ms)
[RANK1] F @ 717.680908203125 (ms) to 753.060546875 (ms), cudaEventElapsed = 35.347713470458984 (ms)
[RANK1] B @ 803.28173828125 (ms) to 844.4248046875 (ms), cudaEventElapsed = 41.10380935668945 (ms)
[RANK1] W @ 844.6767578125 (ms) to 867.4453125 (ms), cudaEventElapsed = 22.569984436035156 (ms)
[RANK1] F @ 867.60986328125 (ms) to 906.88720703125 (ms), cudaEventElapsed = 39.247520446777344 (ms)
[RANK1] B @ 931.5185546875 (ms) to 974.6005859375 (ms), cudaEventElapsed = 43.046688079833984 (ms)
[RANK1] B @ 1058.38671875 (ms) to 1099.384521484375 (ms), cudaEventElapsed = 40.9562873840332 (ms)
[RANK1] W @ 1099.570556640625 (ms) to 1120.885009765625 (ms), cudaEventElapsed = 21.28179168701172 (ms)
[RANK1] F @ 1121.15869140625 (ms) to 1160.947998046875 (ms), cudaEventElapsed = 39.75948715209961 (ms)
[RANK1] B @ 1214.783203125 (ms) to 1257.004150390625 (ms), cudaEventElapsed = 42.18476867675781 (ms)
[RANK1] B @ 1259.53076171875 (ms) to 1302.1982421875 (ms), cudaEventElapsed = 42.62761688232422 (ms)
[RANK1] W @ 1302.375244140625 (ms) to 1325.493896484375 (ms), cudaEventElapsed = 23.08710479736328 (ms)
[RANK1] F @ 1325.769775390625 (ms) to 1366.142822265625 (ms), cudaEventElapsed = 40.34457778930664 (ms)
[RANK1] B @ 1438.626220703125 (ms) to 1479.610107421875 (ms), cudaEventElapsed = 40.94297790527344 (ms)
[RANK1] W @ 1479.852294921875 (ms) to 1502.587158203125 (ms), cudaEventElapsed = 21.63916778564453 (ms)
[RANK1] F @ 1502.877685546875 (ms) to 1542.984619140625 (ms), cudaEventElapsed = 40.07628631591797 (ms)
[RANK1] B @ 1606.4453125 (ms) to 1647.540771484375 (ms), cudaEventElapsed = 41.058048248291016 (ms)
[RANK1] W @ 1647.717041015625 (ms) to 1670.599609375 (ms), cudaEventElapsed = 22.846464157104492 (ms)
[RANK1] W @ 1670.77783203125 (ms) to 1698.753173828125 (ms), cudaEventElapsed = 27.94700813293457 (ms)
[RANK1] B @ 1774.018798828125 (ms) to 1814.93896484375 (ms), cudaEventElapsed = 40.88739013671875 (ms)
[RANK1] W @ 1815.104248046875 (ms) to 1837.11572265625 (ms), cudaEventElapsed = 21.982208251953125 (ms)
[RANK1] W @ 1837.28759765625 (ms) to 1864.657470703125 (ms), cudaEventElapsed = 27.34284782409668 (ms)
[RANK1] B @ 1896.38037109375 (ms) to 1938.526611328125 (ms), cudaEventElapsed = 42.1165771484375 (ms)
[RANK1] 4W @ 1938.692626953125 (ms) to 2043.6591796875 (ms), cudaEventElapsed = 104.93132781982422 (ms)
[RANK1] Iteration 15
[RANK1] F @ 29.37158203125 (ms) to 61.43017578125 (ms), cudaEventElapsed = 32.01705551147461 (ms)
[RANK1] F @ 61.820556640625 (ms) to 96.7978515625 (ms), cudaEventElapsed = 34.946014404296875 (ms)
[RANK1] F @ 97.18115234375 (ms) to 134.715087890625 (ms), cudaEventElapsed = 37.50419235229492 (ms)
[RANK1] F @ 135.0302734375 (ms) to 171.866943359375 (ms), cudaEventElapsed = 36.80499267578125 (ms)
[RANK1] F @ 173.738525390625 (ms) to 210.25341796875 (ms), cudaEventElapsed = 36.47990417480469 (ms)
[RANK1] B @ 391.9951171875 (ms) to 433.009765625 (ms), cudaEventElapsed = 40.972190856933594 (ms)
[RANK1] F @ 433.374267578125 (ms) to 468.506103515625 (ms), cudaEventElapsed = 35.070655822753906 (ms)
[RANK1] B @ 551.311767578125 (ms) to 592.30419921875 (ms), cudaEventElapsed = 40.956031799316406 (ms)
[RANK1] F @ 593.72216796875 (ms) to 629.06982421875 (ms), cudaEventElapsed = 35.31196975708008 (ms)
[RANK1] B @ 678.27685546875 (ms) to 719.50732421875 (ms), cudaEventElapsed = 41.19606399536133 (ms)
[RANK1] F @ 719.877685546875 (ms) to 755.81591796875 (ms), cudaEventElapsed = 35.88771057128906 (ms)
[RANK1] B @ 807.07080078125 (ms) to 848.19189453125 (ms), cudaEventElapsed = 41.08272171020508 (ms)
[RANK1] W @ 848.43701171875 (ms) to 870.979736328125 (ms), cudaEventElapsed = 22.364160537719727 (ms)
[RANK1] F @ 871.13623046875 (ms) to 909.974365234375 (ms), cudaEventElapsed = 38.81024169921875 (ms)
[RANK1] B @ 936.047119140625 (ms) to 979.0439453125 (ms), cudaEventElapsed = 42.96140670776367 (ms)
[RANK1] B @ 1062.510986328125 (ms) to 1103.405517578125 (ms), cudaEventElapsed = 40.8553581237793 (ms)
[RANK1] W @ 1103.581787109375 (ms) to 1125.397216796875 (ms), cudaEventElapsed = 21.782527923583984 (ms)
[RANK1] F @ 1125.663330078125 (ms) to 1165.343994140625 (ms), cudaEventElapsed = 39.651710510253906 (ms)
[RANK1] B @ 1219.563720703125 (ms) to 1261.951904296875 (ms), cudaEventElapsed = 42.35395050048828 (ms)
[RANK1] B @ 1264.411865234375 (ms) to 1307.517578125 (ms), cudaEventElapsed = 43.0720329284668 (ms)
[RANK1] W @ 1307.683349609375 (ms) to 1331.03759765625 (ms), cudaEventElapsed = 23.32467269897461 (ms)
[RANK1] F @ 1331.302734375 (ms) to 1371.39208984375 (ms), cudaEventElapsed = 40.0599365234375 (ms)
[RANK1] B @ 1444.361083984375 (ms) to 1485.279296875 (ms), cudaEventElapsed = 40.88550567626953 (ms)
[RANK1] W @ 1485.502197265625 (ms) to 1508.439697265625 (ms), cudaEventElapsed = 21.829631805419922 (ms)
[RANK1] F @ 1508.703857421875 (ms) to 1547.71728515625 (ms), cudaEventElapsed = 38.98342514038086 (ms)
[RANK1] B @ 1612.039794921875 (ms) to 1653.047607421875 (ms), cudaEventElapsed = 40.974239349365234 (ms)
[RANK1] W @ 1653.20751953125 (ms) to 1674.60107421875 (ms), cudaEventElapsed = 21.358591079711914 (ms)
[RANK1] W @ 1674.767822265625 (ms) to 1702.559814453125 (ms), cudaEventElapsed = 27.76473617553711 (ms)
[RANK1] B @ 1779.08447265625 (ms) to 1820.19580078125 (ms), cudaEventElapsed = 41.08063888549805 (ms)
[RANK1] W @ 1820.35546875 (ms) to 1843.271728515625 (ms), cudaEventElapsed = 22.88742446899414 (ms)
[RANK1] W @ 1843.43896484375 (ms) to 1871.06005859375 (ms), cudaEventElapsed = 27.593727111816406 (ms)
[RANK1] B @ 1900.485107421875 (ms) to 1942.601318359375 (ms), cudaEventElapsed = 42.08601760864258 (ms)
[RANK1] 4W @ 1942.752685546875 (ms) to 2048.109375 (ms), cudaEventElapsed = 105.32044982910156 (ms)
[RANK1] Iteration 16
[RANK1] F @ 26.64306640625 (ms) to 56.735107421875 (ms), cudaEventElapsed = 30.0581111907959 (ms)
[RANK1] F @ 57.12548828125 (ms) to 89.7861328125 (ms), cudaEventElapsed = 32.62985610961914 (ms)
[RANK1] F @ 90.159912109375 (ms) to 125.45361328125 (ms), cudaEventElapsed = 35.26348876953125 (ms)
[RANK1] F @ 125.73583984375 (ms) to 161.023193359375 (ms), cudaEventElapsed = 35.257503509521484 (ms)
[RANK1] F @ 162.84619140625 (ms) to 197.88623046875 (ms), cudaEventElapsed = 35.00707244873047 (ms)
[RANK1] F @ 198.275390625 (ms) to 232.906982421875 (ms), cudaEventElapsed = 34.60063934326172 (ms)
[RANK1] F @ 233.30224609375 (ms) to 267.896484375 (ms), cudaEventElapsed = 34.561344146728516 (ms)
[RANK1] F @ 268.214111328125 (ms) to 303.349853515625 (ms), cudaEventElapsed = 35.1038703918457 (ms)
[RANK1] F @ 305.370849609375 (ms) to 340.91015625 (ms), cudaEventElapsed = 35.505374908447266 (ms)
[RANK1] F @ 368.286376953125 (ms) to 398.8154296875 (ms), cudaEventElapsed = 30.493568420410156 (ms)
[RANK1] F @ 443.963623046875 (ms) to 474.138427734375 (ms), cudaEventElapsed = 30.13814353942871 (ms)
[RANK1] F @ 520.009521484375 (ms) to 550.276611328125 (ms), cudaEventElapsed = 30.234111785888672 (ms)
