[RANK3] Iteration 1
[RANK3] F @ 1093.52197265625 (ms) to 1636.297607421875 (ms), cudaEventElapsed = 542.6961059570312 (ms)
[RANK3] B @ 1636.546630859375 (ms) to 1680.9013671875 (ms), cudaEventElapsed = 44.307456970214844 (ms)
[RANK3] F @ 1684.505859375 (ms) to 1715.224365234375 (ms), cudaEventElapsed = 30.67673683166504 (ms)
[RANK3] B @ 1715.294921875 (ms) to 1750.947021484375 (ms), cudaEventElapsed = 35.61881637573242 (ms)
[RANK3] F @ 1752.125732421875 (ms) to 1785.1640625 (ms), cudaEventElapsed = 32.99542236328125 (ms)
[RANK3] B @ 1785.23193359375 (ms) to 1823.757568359375 (ms), cudaEventElapsed = 38.48806381225586 (ms)
[RANK3] F @ 1825.29296875 (ms) to 1858.2939453125 (ms), cudaEventElapsed = 32.95248031616211 (ms)
[RANK3] B @ 1858.368408203125 (ms) to 1896.877197265625 (ms), cudaEventElapsed = 38.46860885620117 (ms)
[RANK3] F @ 1902.438720703125 (ms) to 1934.945068359375 (ms), cudaEventElapsed = 32.455360412597656 (ms)
[RANK3] B @ 1935.015625 (ms) to 1973.120849609375 (ms), cudaEventElapsed = 38.07231903076172 (ms)
[RANK3] F @ 1974.514404296875 (ms) to 2008.0029296875 (ms), cudaEventElapsed = 33.452545166015625 (ms)
[RANK3] B @ 2008.07275390625 (ms) to 2045.815673828125 (ms), cudaEventElapsed = 37.705726623535156 (ms)
[RANK3] F @ 2047.164794921875 (ms) to 2079.14794921875 (ms), cudaEventElapsed = 31.94655990600586 (ms)
[RANK3] B @ 2079.2197265625 (ms) to 2117.584228515625 (ms), cudaEventElapsed = 38.32729721069336 (ms)
[RANK3] F @ 2117.887451171875 (ms) to 2150.236328125 (ms), cudaEventElapsed = 32.315616607666016 (ms)
[RANK3] B @ 2150.423095703125 (ms) to 2189.997802734375 (ms), cudaEventElapsed = 39.53459167480469 (ms)
[RANK3] W @ 2190.159912109375 (ms) to 2218.6884765625 (ms), cudaEventElapsed = 18.977792739868164 (ms)
[RANK3] F @ 2218.85498046875 (ms) to 2250.560302734375 (ms), cudaEventElapsed = 31.667808532714844 (ms)
[RANK3] B @ 2250.6171875 (ms) to 2289.21142578125 (ms), cudaEventElapsed = 38.55769729614258 (ms)
[RANK3] W @ 2289.4423828125 (ms) to 2310.808349609375 (ms), cudaEventElapsed = 20.291584014892578 (ms)
[RANK3] F @ 2344.276123046875 (ms) to 2374.420654296875 (ms), cudaEventElapsed = 30.105087280273438 (ms)
[RANK3] B @ 2374.477294921875 (ms) to 2411.080078125 (ms), cudaEventElapsed = 36.5742073059082 (ms)
[RANK3] W @ 2411.32421875 (ms) to 2431.886474609375 (ms), cudaEventElapsed = 19.486719131469727 (ms)
[RANK3] F @ 2447.280517578125 (ms) to 2477.8828125 (ms), cudaEventElapsed = 30.566303253173828 (ms)
[RANK3] B @ 2477.940185546875 (ms) to 2515.448974609375 (ms), cudaEventElapsed = 37.47840118408203 (ms)
[RANK3] W @ 2515.692138671875 (ms) to 2536.882568359375 (ms), cudaEventElapsed = 20.084735870361328 (ms)
[RANK3] F @ 2549.349853515625 (ms) to 2580.132080078125 (ms), cudaEventElapsed = 30.745216369628906 (ms)
[RANK3] B @ 2580.191162109375 (ms) to 2617.843994140625 (ms), cudaEventElapsed = 37.62278366088867 (ms)
[RANK3] 8W @ 2617.998779296875 (ms) to 2782.673828125 (ms), cudaEventElapsed = 164.6366729736328 (ms)
[RANK3] Iteration 2
[RANK3] F @ 100.74072265625 (ms) to 131.333984375 (ms), cudaEventElapsed = 30.538976669311523 (ms)
[RANK3] B @ 131.5751953125 (ms) to 175.901611328125 (ms), cudaEventElapsed = 36.85068893432617 (ms)
[RANK3] F @ 176.27197265625 (ms) to 207.75830078125 (ms), cudaEventElapsed = 31.443008422851562 (ms)
[RANK3] B @ 207.8427734375 (ms) to 245.81103515625 (ms), cudaEventElapsed = 37.93305587768555 (ms)
[RANK3] F @ 247.136962890625 (ms) to 278.90966796875 (ms), cudaEventElapsed = 31.735776901245117 (ms)
[RANK3] B @ 279.005126953125 (ms) to 317.020751953125 (ms), cudaEventElapsed = 37.982208251953125 (ms)
[RANK3] F @ 318.422607421875 (ms) to 350.986572265625 (ms), cudaEventElapsed = 32.52320098876953 (ms)
[RANK3] B @ 351.108154296875 (ms) to 389.120361328125 (ms), cudaEventElapsed = 37.965824127197266 (ms)
[RANK3] F @ 390.540771484375 (ms) to 423.10986328125 (ms), cudaEventElapsed = 32.532798767089844 (ms)
[RANK3] B @ 423.1943359375 (ms) to 461.242431640625 (ms), cudaEventElapsed = 38.017024993896484 (ms)
[RANK3] F @ 462.655517578125 (ms) to 495.34375 (ms), cudaEventElapsed = 32.65456008911133 (ms)
[RANK3] B @ 495.425048828125 (ms) to 533.47021484375 (ms), cudaEventElapsed = 38.01599884033203 (ms)
[RANK3] F @ 534.85693359375 (ms) to 567.644287109375 (ms), cudaEventElapsed = 32.749664306640625 (ms)
[RANK3] B @ 567.736572265625 (ms) to 605.52197265625 (ms), cudaEventElapsed = 37.743614196777344 (ms)
[RANK3] F @ 605.83203125 (ms) to 637.750244140625 (ms), cudaEventElapsed = 31.886144638061523 (ms)
[RANK3] B @ 637.9814453125 (ms) to 677.25341796875 (ms), cudaEventElapsed = 39.241729736328125 (ms)
[RANK3] W @ 677.43017578125 (ms) to 698.367431640625 (ms), cudaEventElapsed = 19.42937660217285 (ms)
[RANK3] F @ 698.520751953125 (ms) to 730.9111328125 (ms), cudaEventElapsed = 32.358848571777344 (ms)
[RANK3] B @ 731.005859375 (ms) to 769.206787109375 (ms), cudaEventElapsed = 38.16755294799805 (ms)
[RANK3] W @ 769.448486328125 (ms) to 790.212646484375 (ms), cudaEventElapsed = 19.65056037902832 (ms)
[RANK3] F @ 823.342041015625 (ms) to 853.40185546875 (ms), cudaEventElapsed = 30.021055221557617 (ms)
[RANK3] B @ 853.483154296875 (ms) to 890.823486328125 (ms), cudaEventElapsed = 37.30944061279297 (ms)
[RANK3] W @ 891.0654296875 (ms) to 912.13623046875 (ms), cudaEventElapsed = 19.970048904418945 (ms)
[RANK3] F @ 926.340576171875 (ms) to 956.962646484375 (ms), cudaEventElapsed = 30.587200164794922 (ms)
[RANK3] B @ 957.044921875 (ms) to 995.400634765625 (ms), cudaEventElapsed = 38.32524871826172 (ms)
[RANK3] W @ 995.649658203125 (ms) to 1017.07861328125 (ms), cudaEventElapsed = 20.27110481262207 (ms)
[RANK3] F @ 1032.384765625 (ms) to 1063.23681640625 (ms), cudaEventElapsed = 30.81692886352539 (ms)
[RANK3] B @ 1063.313720703125 (ms) to 1101.142578125 (ms), cudaEventElapsed = 37.798912048339844 (ms)
[RANK3] 8W @ 1101.322021484375 (ms) to 1266.16552734375 (ms), cudaEventElapsed = 164.80972290039062 (ms)
[RANK3] Iteration 3
[RANK3] F @ 98.9755859375 (ms) to 129.51318359375 (ms), cudaEventElapsed = 30.491424560546875 (ms)
[RANK3] B @ 129.72216796875 (ms) to 174.5810546875 (ms), cudaEventElapsed = 36.83635330200195 (ms)
[RANK3] F @ 174.936279296875 (ms) to 206.578857421875 (ms), cudaEventElapsed = 31.608095169067383 (ms)
[RANK3] B @ 206.66455078125 (ms) to 244.571044921875 (ms), cudaEventElapsed = 37.87571334838867 (ms)
[RANK3] F @ 245.923828125 (ms) to 277.622802734375 (ms), cudaEventElapsed = 31.66364860534668 (ms)
[RANK3] B @ 277.71923828125 (ms) to 315.958984375 (ms), cudaEventElapsed = 38.20646286010742 (ms)
[RANK3] F @ 317.337158203125 (ms) to 350.111083984375 (ms), cudaEventElapsed = 32.73807907104492 (ms)
[RANK3] B @ 350.199462890625 (ms) to 388.512939453125 (ms), cudaEventElapsed = 38.28019332885742 (ms)
[RANK3] F @ 389.89990234375 (ms) to 422.888671875 (ms), cudaEventElapsed = 32.954078674316406 (ms)
[RANK3] B @ 422.972900390625 (ms) to 461.001708984375 (ms), cudaEventElapsed = 37.998592376708984 (ms)
[RANK3] F @ 462.44677734375 (ms) to 495.158447265625 (ms), cudaEventElapsed = 32.67747116088867 (ms)
[RANK3] B @ 495.243408203125 (ms) to 533.4091796875 (ms), cudaEventElapsed = 38.13478469848633 (ms)
[RANK3] F @ 534.810546875 (ms) to 567.837646484375 (ms), cudaEventElapsed = 32.991615295410156 (ms)
[RANK3] B @ 567.9287109375 (ms) to 605.69873046875 (ms), cudaEventElapsed = 37.73747253417969 (ms)
[RANK3] F @ 605.99951171875 (ms) to 637.784423828125 (ms), cudaEventElapsed = 31.75177574157715 (ms)
[RANK3] B @ 637.99951171875 (ms) to 677.659423828125 (ms), cudaEventElapsed = 39.62879943847656 (ms)
[RANK3] W @ 677.839111328125 (ms) to 698.409912109375 (ms), cudaEventElapsed = 19.790847778320312 (ms)
[RANK3] F @ 698.562744140625 (ms) to 730.976806640625 (ms), cudaEventElapsed = 32.3831672668457 (ms)
[RANK3] B @ 731.054443359375 (ms) to 769.800048828125 (ms), cudaEventElapsed = 38.71539306640625 (ms)
[RANK3] W @ 770.049072265625 (ms) to 791.339599609375 (ms), cudaEventElapsed = 20.24345588684082 (ms)
[RANK3] F @ 823.8798828125 (ms) to 853.921630859375 (ms), cudaEventElapsed = 29.999967575073242 (ms)
[RANK3] B @ 853.998779296875 (ms) to 890.9833984375 (ms), cudaEventElapsed = 36.95616149902344 (ms)
[RANK3] W @ 891.224853515625 (ms) to 912.004638671875 (ms), cudaEventElapsed = 19.671039581298828 (ms)
[RANK3] F @ 927.28759765625 (ms) to 957.94091796875 (ms), cudaEventElapsed = 30.61724853515625 (ms)
[RANK3] B @ 958.0185546875 (ms) to 996.726806640625 (ms), cudaEventElapsed = 38.67545700073242 (ms)
[RANK3] W @ 997.046630859375 (ms) to 1018.81640625 (ms), cudaEventElapsed = 20.63667106628418 (ms)
[RANK3] F @ 1034.180908203125 (ms) to 1064.6923828125 (ms), cudaEventElapsed = 30.476608276367188 (ms)
[RANK3] B @ 1064.7685546875 (ms) to 1102.184814453125 (ms), cudaEventElapsed = 37.387264251708984 (ms)
[RANK3] 8W @ 1102.370361328125 (ms) to 1266.67578125 (ms), cudaEventElapsed = 164.26905822753906 (ms)
[RANK3] Iteration 4
[RANK3] F @ 98.73583984375 (ms) to 129.409423828125 (ms), cudaEventElapsed = 30.623455047607422 (ms)
[RANK3] B @ 129.62890625 (ms) to 173.9462890625 (ms), cudaEventElapsed = 35.72224044799805 (ms)
[RANK3] F @ 176.249755859375 (ms) to 206.767822265625 (ms), cudaEventElapsed = 30.481184005737305 (ms)
[RANK3] B @ 206.853759765625 (ms) to 244.74609375 (ms), cudaEventElapsed = 37.8603515625 (ms)
[RANK3] F @ 246.1171875 (ms) to 278.732666015625 (ms), cudaEventElapsed = 32.5799674987793 (ms)
[RANK3] B @ 278.8349609375 (ms) to 316.5517578125 (ms), cudaEventElapsed = 37.68217468261719 (ms)
[RANK3] F @ 317.971923828125 (ms) to 349.848388671875 (ms), cudaEventElapsed = 31.839712142944336 (ms)
[RANK3] B @ 349.942138671875 (ms) to 388.017333984375 (ms), cudaEventElapsed = 38.042625427246094 (ms)
[RANK3] F @ 389.4619140625 (ms) to 422.52587890625 (ms), cudaEventElapsed = 33.027679443359375 (ms)
[RANK3] B @ 422.612548828125 (ms) to 461.134521484375 (ms), cudaEventElapsed = 38.49113464355469 (ms)
[RANK3] F @ 462.668212890625 (ms) to 495.787841796875 (ms), cudaEventElapsed = 33.08291244506836 (ms)
[RANK3] B @ 495.8720703125 (ms) to 534.024658203125 (ms), cudaEventElapsed = 38.12249755859375 (ms)
[RANK3] F @ 535.51513671875 (ms) to 567.8857421875 (ms), cudaEventElapsed = 32.33852767944336 (ms)
[RANK3] B @ 567.98388671875 (ms) to 606.067626953125 (ms), cudaEventElapsed = 38.05081558227539 (ms)
[RANK3] F @ 606.374755859375 (ms) to 638.455810546875 (ms), cudaEventElapsed = 32.048095703125 (ms)
[RANK3] B @ 638.692626953125 (ms) to 677.47265625 (ms), cudaEventElapsed = 38.745086669921875 (ms)
[RANK3] W @ 677.69189453125 (ms) to 701.223876953125 (ms), cudaEventElapsed = 18.501632690429688 (ms)
[RANK3] F @ 701.390869140625 (ms) to 733.353759765625 (ms), cudaEventElapsed = 31.932512283325195 (ms)
[RANK3] B @ 733.4306640625 (ms) to 771.924560546875 (ms), cudaEventElapsed = 38.46451187133789 (ms)
[RANK3] W @ 772.175048828125 (ms) to 793.880859375 (ms), cudaEventElapsed = 20.568063735961914 (ms)
[RANK3] F @ 827.0537109375 (ms) to 857.190185546875 (ms), cudaEventElapsed = 30.097280502319336 (ms)
[RANK3] B @ 857.273193359375 (ms) to 894.069580078125 (ms), cudaEventElapsed = 36.76569747924805 (ms)
[RANK3] W @ 894.3203125 (ms) to 915.592529296875 (ms), cudaEventElapsed = 20.167680740356445 (ms)
[RANK3] F @ 929.2177734375 (ms) to 959.86767578125 (ms), cudaEventElapsed = 30.613855361938477 (ms)
[RANK3] B @ 959.9501953125 (ms) to 998.580078125 (ms), cudaEventElapsed = 38.59968185424805 (ms)
[RANK3] W @ 998.83544921875 (ms) to 1020.46337890625 (ms), cudaEventElapsed = 20.544511795043945 (ms)
[RANK3] F @ 1034.433349609375 (ms) to 1065.234375 (ms), cudaEventElapsed = 30.765056610107422 (ms)
[RANK3] B @ 1065.312255859375 (ms) to 1102.85595703125 (ms), cudaEventElapsed = 37.51424026489258 (ms)
[RANK3] 8W @ 1103.042236328125 (ms) to 1267.348388671875 (ms), cudaEventElapsed = 164.2731475830078 (ms)
[RANK3] Iteration 5
[RANK3] F @ 98.585205078125 (ms) to 129.197265625 (ms), cudaEventElapsed = 30.567424774169922 (ms)
[RANK3] B @ 129.418701171875 (ms) to 174.870849609375 (ms), cudaEventElapsed = 36.88447952270508 (ms)
[RANK3] F @ 175.348876953125 (ms) to 208.61083984375 (ms), cudaEventElapsed = 33.22911834716797 (ms)
[RANK3] B @ 208.6943359375 (ms) to 247.3193359375 (ms), cudaEventElapsed = 38.593536376953125 (ms)
[RANK3] F @ 248.68359375 (ms) to 281.93310546875 (ms), cudaEventElapsed = 33.214111328125 (ms)
[RANK3] B @ 282.02685546875 (ms) to 320.67626953125 (ms), cudaEventElapsed = 38.61606216430664 (ms)
[RANK3] F @ 322.137451171875 (ms) to 356.1748046875 (ms), cudaEventElapsed = 34.00092697143555 (ms)
[RANK3] B @ 356.278564453125 (ms) to 394.972900390625 (ms), cudaEventElapsed = 38.65804672241211 (ms)
[RANK3] F @ 396.389892578125 (ms) to 430.7802734375 (ms), cudaEventElapsed = 34.35500717163086 (ms)
[RANK3] B @ 430.8681640625 (ms) to 469.4580078125 (ms), cudaEventElapsed = 38.55974578857422 (ms)
[RANK3] F @ 470.95263671875 (ms) to 505.131103515625 (ms), cudaEventElapsed = 34.147361755371094 (ms)
[RANK3] B @ 505.21484375 (ms) to 543.837890625 (ms), cudaEventElapsed = 38.591487884521484 (ms)
[RANK3] F @ 545.322509765625 (ms) to 579.31591796875 (ms), cudaEventElapsed = 33.96108627319336 (ms)
[RANK3] B @ 579.409423828125 (ms) to 618.43017578125 (ms), cudaEventElapsed = 38.988800048828125 (ms)
[RANK3] F @ 618.7509765625 (ms) to 652.400390625 (ms), cudaEventElapsed = 33.619232177734375 (ms)
[RANK3] B @ 652.614990234375 (ms) to 693.2861328125 (ms), cudaEventElapsed = 40.64051055908203 (ms)
[RANK3] W @ 693.472412109375 (ms) to 722.28125 (ms), cudaEventElapsed = 21.05241584777832 (ms)
[RANK3] F @ 722.45556640625 (ms) to 755.9365234375 (ms), cudaEventElapsed = 33.45110321044922 (ms)
[RANK3] B @ 756.013671875 (ms) to 795.3642578125 (ms), cudaEventElapsed = 39.32160186767578 (ms)
[RANK3] W @ 795.609375 (ms) to 818.666015625 (ms), cudaEventElapsed = 21.89619255065918 (ms)
[RANK3] F @ 856.986328125 (ms) to 887.2060546875 (ms), cudaEventElapsed = 30.184831619262695 (ms)
[RANK3] B @ 887.282470703125 (ms) to 924.540283203125 (ms), cudaEventElapsed = 37.22956848144531 (ms)
[RANK3] W @ 924.7939453125 (ms) to 947.992919921875 (ms), cudaEventElapsed = 22.020095825195312 (ms)
[RANK3] F @ 978.92041015625 (ms) to 1009.639892578125 (ms), cudaEventElapsed = 30.68409538269043 (ms)
[RANK3] B @ 1009.71435546875 (ms) to 1046.837890625 (ms), cudaEventElapsed = 37.094398498535156 (ms)
[RANK3] W @ 1047.073974609375 (ms) to 1069.521484375 (ms), cudaEventElapsed = 21.23468780517578 (ms)
[RANK3] F @ 1091.669677734375 (ms) to 1123.24169921875 (ms), cudaEventElapsed = 31.536256790161133 (ms)
[RANK3] B @ 1123.314697265625 (ms) to 1161.746337890625 (ms), cudaEventElapsed = 38.403072357177734 (ms)
[RANK3] 8W @ 1161.92724609375 (ms) to 1353.4921875 (ms), cudaEventElapsed = 191.52383422851562 (ms)
[RANK3] Iteration 6
[RANK3] F @ 99.294921875 (ms) to 130.260986328125 (ms), cudaEventElapsed = 30.910783767700195 (ms)
[RANK3] B @ 130.48388671875 (ms) to 175.656982421875 (ms), cudaEventElapsed = 36.313087463378906 (ms)
[RANK3] F @ 177.42333984375 (ms) to 209.802001953125 (ms), cudaEventElapsed = 32.34092712402344 (ms)
[RANK3] B @ 209.8876953125 (ms) to 248.761962890625 (ms), cudaEventElapsed = 38.84339141845703 (ms)
[RANK3] F @ 250.10302734375 (ms) to 283.925048828125 (ms), cudaEventElapsed = 33.78633499145508 (ms)
[RANK3] B @ 284.02490234375 (ms) to 322.98974609375 (ms), cudaEventElapsed = 38.9304313659668 (ms)
[RANK3] F @ 324.4345703125 (ms) to 358.763916015625 (ms), cudaEventElapsed = 34.28883361816406 (ms)
[RANK3] B @ 358.862060546875 (ms) to 397.819091796875 (ms), cudaEventElapsed = 38.92326354980469 (ms)
[RANK3] F @ 399.259521484375 (ms) to 433.88916015625 (ms), cudaEventElapsed = 34.590240478515625 (ms)
[RANK3] B @ 433.9697265625 (ms) to 472.616455078125 (ms), cudaEventElapsed = 38.61606216430664 (ms)
[RANK3] F @ 474.246337890625 (ms) to 508.369140625 (ms), cudaEventElapsed = 34.087135314941406 (ms)
[RANK3] B @ 508.451171875 (ms) to 547.14501953125 (ms), cudaEventElapsed = 38.66419219970703 (ms)
[RANK3] F @ 548.6123046875 (ms) to 582.831787109375 (ms), cudaEventElapsed = 34.18627166748047 (ms)
[RANK3] B @ 582.920166015625 (ms) to 621.9267578125 (ms), cudaEventElapsed = 38.975486755371094 (ms)
[RANK3] F @ 622.217529296875 (ms) to 655.85400390625 (ms), cudaEventElapsed = 33.60483169555664 (ms)
[RANK3] B @ 656.06201171875 (ms) to 695.629150390625 (ms), cudaEventElapsed = 39.53561782836914 (ms)
[RANK3] W @ 695.797607421875 (ms) to 724.873046875 (ms), cudaEventElapsed = 20.124671936035156 (ms)
[RANK3] F @ 725.028076171875 (ms) to 758.836181640625 (ms), cudaEventElapsed = 33.778175354003906 (ms)
[RANK3] B @ 758.914794921875 (ms) to 798.261962890625 (ms), cudaEventElapsed = 39.3175048828125 (ms)
[RANK3] W @ 798.503173828125 (ms) to 821.65283203125 (ms), cudaEventElapsed = 22.045696258544922 (ms)
[RANK3] F @ 860.832763671875 (ms) to 891.219970703125 (ms), cudaEventElapsed = 30.348447799682617 (ms)
[RANK3] B @ 891.30322265625 (ms) to 929.04638671875 (ms), cudaEventElapsed = 37.70982360839844 (ms)
[RANK3] W @ 929.313232421875 (ms) to 953.150390625 (ms), cudaEventElapsed = 22.642688751220703 (ms)
[RANK3] F @ 981.389892578125 (ms) to 1012.290771484375 (ms), cudaEventElapsed = 30.866527557373047 (ms)
[RANK3] B @ 1012.369873046875 (ms) to 1050.14501953125 (ms), cudaEventElapsed = 37.745662689208984 (ms)
[RANK3] W @ 1050.383056640625 (ms) to 1073.298583984375 (ms), cudaEventElapsed = 21.735424041748047 (ms)
[RANK3] F @ 1093.094482421875 (ms) to 1124.179443359375 (ms), cudaEventElapsed = 31.04956817626953 (ms)
[RANK3] B @ 1124.25927734375 (ms) to 1162.138427734375 (ms), cudaEventElapsed = 37.84908676147461 (ms)
[RANK3] 8W @ 1162.318115234375 (ms) to 1355.634765625 (ms), cudaEventElapsed = 193.28204345703125 (ms)
[RANK3] Iteration 7
[RANK3] F @ 99.080322265625 (ms) to 129.6376953125 (ms), cudaEventElapsed = 30.5164794921875 (ms)
[RANK3] B @ 129.844482421875 (ms) to 176.178955078125 (ms), cudaEventElapsed = 37.338111877441406 (ms)
[RANK3] F @ 176.518798828125 (ms) to 209.3837890625 (ms), cudaEventElapsed = 32.828670501708984 (ms)
[RANK3] B @ 209.46630859375 (ms) to 248.56298828125 (ms), cudaEventElapsed = 39.06662368774414 (ms)
[RANK3] F @ 249.915771484375 (ms) to 283.88134765625 (ms), cudaEventElapsed = 33.929569244384766 (ms)
[RANK3] B @ 283.97216796875 (ms) to 322.64794921875 (ms), cudaEventElapsed = 38.64371109008789 (ms)
[RANK3] F @ 324.02587890625 (ms) to 358.032958984375 (ms), cudaEventElapsed = 33.97030258178711 (ms)
[RANK3] B @ 358.126708984375 (ms) to 397.0107421875 (ms), cudaEventElapsed = 38.85260772705078 (ms)
[RANK3] F @ 398.4462890625 (ms) to 432.71728515625 (ms), cudaEventElapsed = 34.23455810546875 (ms)
[RANK3] B @ 432.80078125 (ms) to 471.1943359375 (ms), cudaEventElapsed = 38.36006546020508 (ms)
[RANK3] F @ 472.726806640625 (ms) to 507.0068359375 (ms), cudaEventElapsed = 34.24476623535156 (ms)
[RANK3] B @ 507.105224609375 (ms) to 546.185546875 (ms), cudaEventElapsed = 39.04716873168945 (ms)
[RANK3] F @ 547.677490234375 (ms) to 582.208251953125 (ms), cudaEventElapsed = 34.49622344970703 (ms)
[RANK3] B @ 582.301513671875 (ms) to 620.940673828125 (ms), cudaEventElapsed = 38.606849670410156 (ms)
[RANK3] F @ 621.240478515625 (ms) to 654.413818359375 (ms), cudaEventElapsed = 33.142303466796875 (ms)
[RANK3] B @ 654.633544921875 (ms) to 695.088134765625 (ms), cudaEventElapsed = 40.422401428222656 (ms)
[RANK3] W @ 695.27734375 (ms) to 722.64306640625 (ms), cudaEventElapsed = 19.679231643676758 (ms)
[RANK3] F @ 722.805419921875 (ms) to 756.23486328125 (ms), cudaEventElapsed = 33.39875030517578 (ms)
[RANK3] B @ 756.31787109375 (ms) to 795.868896484375 (ms), cudaEventElapsed = 39.51923370361328 (ms)
[RANK3] W @ 796.11279296875 (ms) to 819.5576171875 (ms), cudaEventElapsed = 22.26995277404785 (ms)
[RANK3] F @ 859.073486328125 (ms) to 889.204345703125 (ms), cudaEventElapsed = 30.08438491821289 (ms)
[RANK3] B @ 889.285888671875 (ms) to 927.150146484375 (ms), cudaEventElapsed = 37.835777282714844 (ms)
[RANK3] W @ 927.4091796875 (ms) to 950.667724609375 (ms), cudaEventElapsed = 22.06208038330078 (ms)
[RANK3] F @ 978.8466796875 (ms) to 1010.421875 (ms), cudaEventElapsed = 31.53785514831543 (ms)
[RANK3] B @ 1010.501708984375 (ms) to 1048.494140625 (ms), cudaEventElapsed = 37.96275329589844 (ms)
[RANK3] W @ 1048.740234375 (ms) to 1071.66162109375 (ms), cudaEventElapsed = 21.709823608398438 (ms)
[RANK3] F @ 1090.539306640625 (ms) to 1122.521240234375 (ms), cudaEventElapsed = 31.94767951965332 (ms)
[RANK3] B @ 1122.606201171875 (ms) to 1160.14599609375 (ms), cudaEventElapsed = 37.50912094116211 (ms)
[RANK3] 8W @ 1160.332275390625 (ms) to 1354.103515625 (ms), cudaEventElapsed = 193.73568725585938 (ms)
[RANK3] Iteration 8
[RANK3] F @ 98.895751953125 (ms) to 129.657958984375 (ms), cudaEventElapsed = 30.71014404296875 (ms)
[RANK3] B @ 129.88330078125 (ms) to 175.499755859375 (ms), cudaEventElapsed = 37.08415985107422 (ms)
[RANK3] F @ 175.87890625 (ms) to 209.1298828125 (ms), cudaEventElapsed = 33.21625518798828 (ms)
[RANK3] B @ 209.217529296875 (ms) to 247.941162109375 (ms), cudaEventElapsed = 38.69388961791992 (ms)
[RANK3] F @ 249.31787109375 (ms) to 282.878662109375 (ms), cudaEventElapsed = 33.52537536621094 (ms)
[RANK3] B @ 282.9775390625 (ms) to 321.64892578125 (ms), cudaEventElapsed = 38.637569427490234 (ms)
[RANK3] F @ 323.061767578125 (ms) to 357.091552734375 (ms), cudaEventElapsed = 33.992225646972656 (ms)
[RANK3] B @ 357.19384765625 (ms) to 395.934814453125 (ms), cudaEventElapsed = 38.70719909667969 (ms)
[RANK3] F @ 397.368896484375 (ms) to 431.99853515625 (ms), cudaEventElapsed = 34.592063903808594 (ms)
[RANK3] B @ 432.0869140625 (ms) to 470.803466796875 (ms), cudaEventElapsed = 38.68262481689453 (ms)
[RANK3] F @ 472.457763671875 (ms) to 506.79736328125 (ms), cudaEventElapsed = 34.303009033203125 (ms)
[RANK3] B @ 506.881591796875 (ms) to 545.566162109375 (ms), cudaEventElapsed = 38.65190505981445 (ms)
[RANK3] F @ 547.080322265625 (ms) to 581.12158203125 (ms), cudaEventElapsed = 34.008575439453125 (ms)
[RANK3] B @ 581.213623046875 (ms) to 619.828125 (ms), cudaEventElapsed = 38.58329772949219 (ms)
[RANK3] F @ 620.125732421875 (ms) to 653.572021484375 (ms), cudaEventElapsed = 33.404319763183594 (ms)
[RANK3] B @ 653.808837890625 (ms) to 694.2216796875 (ms), cudaEventElapsed = 40.38041687011719 (ms)
[RANK3] W @ 694.41845703125 (ms) to 723.4541015625 (ms), cudaEventElapsed = 20.86195182800293 (ms)
[RANK3] F @ 723.6240234375 (ms) to 757.055419921875 (ms), cudaEventElapsed = 33.40070343017578 (ms)
[RANK3] B @ 757.134765625 (ms) to 796.63330078125 (ms), cudaEventElapsed = 39.46803283691406 (ms)
[RANK3] W @ 796.890380859375 (ms) to 820.217529296875 (ms), cudaEventElapsed = 22.166528701782227 (ms)
[RANK3] F @ 859.85546875 (ms) to 890.21142578125 (ms), cudaEventElapsed = 30.31679916381836 (ms)
[RANK3] B @ 890.300048828125 (ms) to 927.338134765625 (ms), cudaEventElapsed = 37.008384704589844 (ms)
[RANK3] W @ 927.60986328125 (ms) to 950.8310546875 (ms), cudaEventElapsed = 21.969919204711914 (ms)
[RANK3] F @ 981.81689453125 (ms) to 1012.879150390625 (ms), cudaEventElapsed = 31.02467155456543 (ms)
[RANK3] B @ 1012.95849609375 (ms) to 1051.01708984375 (ms), cudaEventElapsed = 38.028289794921875 (ms)
[RANK3] W @ 1051.26708984375 (ms) to 1074.068603515625 (ms), cudaEventElapsed = 21.604352951049805 (ms)
[RANK3] F @ 1093.77685546875 (ms) to 1125.58642578125 (ms), cudaEventElapsed = 31.77292823791504 (ms)
[RANK3] B @ 1125.665283203125 (ms) to 1164.27490234375 (ms), cudaEventElapsed = 38.57817459106445 (ms)
[RANK3] 8W @ 1164.45947265625 (ms) to 1358.6416015625 (ms), cudaEventElapsed = 194.14938354492188 (ms)
[RANK3] Iteration 9
[RANK3] F @ 146.78759765625 (ms) to 177.433837890625 (ms), cudaEventElapsed = 30.599807739257812 (ms)
[RANK3] B @ 177.64453125 (ms) to 261.848876953125 (ms), cudaEventElapsed = 35.30854415893555 (ms)
[RANK3] F @ 304.7197265625 (ms) to 334.88671875 (ms), cudaEventElapsed = 30.12995147705078 (ms)
[RANK3] B @ 334.970947265625 (ms) to 372.07177734375 (ms), cudaEventElapsed = 37.07084655761719 (ms)
[RANK3] F @ 373.395751953125 (ms) to 407.620849609375 (ms), cudaEventElapsed = 34.18889617919922 (ms)
[RANK3] B @ 407.708740234375 (ms) to 447.40087890625 (ms), cudaEventElapsed = 39.65849685668945 (ms)
[RANK3] F @ 448.86767578125 (ms) to 483.059326171875 (ms), cudaEventElapsed = 34.1596794128418 (ms)
[RANK3] B @ 483.149658203125 (ms) to 523.018310546875 (ms), cudaEventElapsed = 39.836673736572266 (ms)
[RANK3] F @ 566.5322265625 (ms) to 596.989990234375 (ms), cudaEventElapsed = 30.420095443725586 (ms)
[RANK3] B @ 597.075439453125 (ms) to 636.131103515625 (ms), cudaEventElapsed = 39.02259063720703 (ms)
[RANK3] F @ 695.0048828125 (ms) to 725.577880859375 (ms), cudaEventElapsed = 30.53264045715332 (ms)
[RANK3] B @ 725.664794921875 (ms) to 763.55322265625 (ms), cudaEventElapsed = 37.85625457763672 (ms)
[RANK3] F @ 824.08544921875 (ms) to 854.479248046875 (ms), cudaEventElapsed = 30.356576919555664 (ms)
[RANK3] B @ 854.564697265625 (ms) to 892.20703125 (ms), cudaEventElapsed = 37.61151885986328 (ms)
[RANK3] F @ 950.303466796875 (ms) to 980.134521484375 (ms), cudaEventElapsed = 29.791519165039062 (ms)
[RANK3] B @ 980.385986328125 (ms) to 1018.74365234375 (ms), cudaEventElapsed = 38.30681610107422 (ms)
[RANK3] W @ 1018.92529296875 (ms) to 1122.436767578125 (ms), cudaEventElapsed = 17.43462371826172 (ms)
[RANK3] F @ 1122.606689453125 (ms) to 1153.947021484375 (ms), cudaEventElapsed = 31.30860710144043 (ms)
[RANK3] B @ 1154.02783203125 (ms) to 1192.752685546875 (ms), cudaEventElapsed = 38.69491195678711 (ms)
[RANK3] W @ 1192.999755859375 (ms) to 1215.775146484375 (ms), cudaEventElapsed = 21.619712829589844 (ms)
[RANK3] F @ 1306.197265625 (ms) to 1336.11376953125 (ms), cudaEventElapsed = 29.877216339111328 (ms)
[RANK3] B @ 1336.1962890625 (ms) to 1373.515380859375 (ms), cudaEventElapsed = 37.28895950317383 (ms)
[RANK3] W @ 1373.753662109375 (ms) to 1396.422119140625 (ms), cudaEventElapsed = 21.539840698242188 (ms)
[RANK3] F @ 1461.961181640625 (ms) to 1491.8955078125 (ms), cudaEventElapsed = 29.899295806884766 (ms)
[RANK3] B @ 1491.9716796875 (ms) to 1529.072998046875 (ms), cudaEventElapsed = 37.07084655761719 (ms)
[RANK3] W @ 1529.323486328125 (ms) to 1552.122802734375 (ms), cudaEventElapsed = 21.732351303100586 (ms)
[RANK3] F @ 1615.640625 (ms) to 1645.7294921875 (ms), cudaEventElapsed = 30.039264678955078 (ms)
[RANK3] B @ 1645.82763671875 (ms) to 1682.974609375 (ms), cudaEventElapsed = 37.1148796081543 (ms)
[RANK3] 8W @ 1683.153076171875 (ms) to 1877.57421875 (ms), cudaEventElapsed = 194.38490295410156 (ms)
[RANK3] Iteration 10
[RANK3] F @ 144.783447265625 (ms) to 175.810302734375 (ms), cudaEventElapsed = 30.960800170898438 (ms)
[RANK3] B @ 176.033935546875 (ms) to 259.364013671875 (ms), cudaEventElapsed = 35.42118453979492 (ms)
[RANK3] F @ 302.19482421875 (ms) to 332.571044921875 (ms), cudaEventElapsed = 30.333663940429688 (ms)
[RANK3] B @ 332.644775390625 (ms) to 370.1796875 (ms), cudaEventElapsed = 37.506046295166016 (ms)
[RANK3] F @ 371.526123046875 (ms) to 406.11083984375 (ms), cudaEventElapsed = 34.53180694580078 (ms)
[RANK3] B @ 406.1982421875 (ms) to 445.334228515625 (ms), cudaEventElapsed = 39.09939193725586 (ms)
[RANK3] F @ 446.8330078125 (ms) to 480.669921875 (ms), cudaEventElapsed = 33.80390548706055 (ms)
[RANK3] B @ 480.7548828125 (ms) to 520.725830078125 (ms), cudaEventElapsed = 39.934974670410156 (ms)
[RANK3] F @ 561.837890625 (ms) to 592.409912109375 (ms), cudaEventElapsed = 30.53116798400879 (ms)
[RANK3] B @ 592.498291015625 (ms) to 631.160400390625 (ms), cudaEventElapsed = 38.630401611328125 (ms)
[RANK3] F @ 689.986572265625 (ms) to 720.839111328125 (ms), cudaEventElapsed = 30.799936294555664 (ms)
[RANK3] B @ 720.932861328125 (ms) to 759.154541015625 (ms), cudaEventElapsed = 38.18598556518555 (ms)
[RANK3] F @ 818.274169921875 (ms) to 848.893798828125 (ms), cudaEventElapsed = 30.565919876098633 (ms)
[RANK3] B @ 848.984619140625 (ms) to 887.600830078125 (ms), cudaEventElapsed = 38.58329772949219 (ms)
[RANK3] F @ 944.5537109375 (ms) to 974.8037109375 (ms), cudaEventElapsed = 30.194368362426758 (ms)
[RANK3] B @ 975.0087890625 (ms) to 1013.442138671875 (ms), cudaEventElapsed = 38.40204620361328 (ms)
[RANK3] W @ 1013.62109375 (ms) to 1115.043212890625 (ms), cudaEventElapsed = 17.521663665771484 (ms)
[RANK3] F @ 1115.239990234375 (ms) to 1147.023681640625 (ms), cudaEventElapsed = 31.74947166442871 (ms)
[RANK3] B @ 1147.103271484375 (ms) to 1186.87939453125 (ms), cudaEventElapsed = 39.74553680419922 (ms)
[RANK3] W @ 1187.14599609375 (ms) to 1210.780029296875 (ms), cudaEventElapsed = 22.4215030670166 (ms)
[RANK3] F @ 1299.627197265625 (ms) to 1329.773193359375 (ms), cudaEventElapsed = 30.102783203125 (ms)
[RANK3] B @ 1329.85498046875 (ms) to 1367.677490234375 (ms), cudaEventElapsed = 37.79072189331055 (ms)
[RANK3] W @ 1367.945556640625 (ms) to 1391.031982421875 (ms), cudaEventElapsed = 21.961727142333984 (ms)
[RANK3] F @ 1454.625 (ms) to 1484.758056640625 (ms), cudaEventElapsed = 30.092639923095703 (ms)
[RANK3] B @ 1484.835205078125 (ms) to 1521.603515625 (ms), cudaEventElapsed = 36.739070892333984 (ms)
[RANK3] W @ 1521.865234375 (ms) to 1544.67919921875 (ms), cudaEventElapsed = 21.739519119262695 (ms)
[RANK3] F @ 1608.03173828125 (ms) to 1638.207275390625 (ms), cudaEventElapsed = 30.137887954711914 (ms)
[RANK3] B @ 1638.2890625 (ms) to 1675.6455078125 (ms), cudaEventElapsed = 37.326847076416016 (ms)
[RANK3] 8W @ 1675.835205078125 (ms) to 1870.784423828125 (ms), cudaEventElapsed = 194.9102020263672 (ms)
[RANK3] Iteration 11
[RANK3] F @ 145.2802734375 (ms) to 176.302734375 (ms), cudaEventElapsed = 30.960832595825195 (ms)
[RANK3] B @ 176.531494140625 (ms) to 259.902099609375 (ms), cudaEventElapsed = 35.359745025634766 (ms)
[RANK3] F @ 302.71435546875 (ms) to 332.981689453125 (ms), cudaEventElapsed = 30.218496322631836 (ms)
[RANK3] B @ 333.06689453125 (ms) to 370.52490234375 (ms), cudaEventElapsed = 37.42924880981445 (ms)
[RANK3] F @ 371.95947265625 (ms) to 406.671142578125 (ms), cudaEventElapsed = 34.675777435302734 (ms)
[RANK3] B @ 406.76611328125 (ms) to 446.22509765625 (ms), cudaEventElapsed = 39.42707061767578 (ms)
[RANK3] F @ 447.80322265625 (ms) to 482.4013671875 (ms), cudaEventElapsed = 34.562049865722656 (ms)
[RANK3] B @ 482.498779296875 (ms) to 522.1103515625 (ms), cudaEventElapsed = 39.579647064208984 (ms)
[RANK3] F @ 560.761474609375 (ms) to 591.412353515625 (ms), cudaEventElapsed = 30.611072540283203 (ms)
[RANK3] B @ 591.496826171875 (ms) to 629.82275390625 (ms), cudaEventElapsed = 38.29657745361328 (ms)
[RANK3] F @ 689.153564453125 (ms) to 720.078369140625 (ms), cudaEventElapsed = 30.874719619750977 (ms)
[RANK3] B @ 720.163818359375 (ms) to 758.871826171875 (ms), cudaEventElapsed = 38.67750549316406 (ms)
[RANK3] F @ 816.97998046875 (ms) to 847.813720703125 (ms), cudaEventElapsed = 30.784255981445312 (ms)
[RANK3] B @ 847.91064453125 (ms) to 886.356689453125 (ms), cudaEventElapsed = 38.40614318847656 (ms)
[RANK3] F @ 942.583740234375 (ms) to 972.79248046875 (ms), cudaEventElapsed = 30.156864166259766 (ms)
[RANK3] B @ 973.0078125 (ms) to 1011.5947265625 (ms), cudaEventElapsed = 38.554622650146484 (ms)
[RANK3] W @ 1011.77392578125 (ms) to 1112.873291015625 (ms), cudaEventElapsed = 17.460224151611328 (ms)
[RANK3] F @ 1113.17919921875 (ms) to 1145.056884765625 (ms), cudaEventElapsed = 31.832447052001953 (ms)
[RANK3] B @ 1145.14453125 (ms) to 1184.127197265625 (ms), cudaEventElapsed = 38.951934814453125 (ms)
[RANK3] W @ 1184.768798828125 (ms) to 1254.005859375 (ms), cudaEventElapsed = 17.871871948242188 (ms)
[RANK3] F @ 1297.609619140625 (ms) to 1327.767822265625 (ms), cudaEventElapsed = 30.118816375732422 (ms)
[RANK3] B @ 1327.848876953125 (ms) to 1365.681884765625 (ms), cudaEventElapsed = 37.80403137207031 (ms)
[RANK3] W @ 1365.945068359375 (ms) to 1435.696044921875 (ms), cudaEventElapsed = 17.81043243408203 (ms)
[RANK3] F @ 1466.272705078125 (ms) to 1496.700439453125 (ms), cudaEventElapsed = 30.388416290283203 (ms)
[RANK3] B @ 1496.780029296875 (ms) to 1534.412841796875 (ms), cudaEventElapsed = 37.603328704833984 (ms)
[RANK3] W @ 1534.67578125 (ms) to 1603.265869140625 (ms), cudaEventElapsed = 17.795072555541992 (ms)
[RANK3] F @ 1633.9658203125 (ms) to 1664.288330078125 (ms), cudaEventElapsed = 30.28278350830078 (ms)
[RANK3] B @ 1664.364501953125 (ms) to 1701.340087890625 (ms), cudaEventElapsed = 36.94489669799805 (ms)
[RANK3] 8W @ 1701.551025390625 (ms) to 1938.194580078125 (ms), cudaEventElapsed = 186.6455078125 (ms)
[RANK3] Iteration 12
[RANK3] F @ 144.206298828125 (ms) to 175.079345703125 (ms), cudaEventElapsed = 30.81020736694336 (ms)
[RANK3] B @ 175.310791015625 (ms) to 259.08251953125 (ms), cudaEventElapsed = 35.29420852661133 (ms)
[RANK3] F @ 342.91845703125 (ms) to 373.2119140625 (ms), cudaEventElapsed = 30.245023727416992 (ms)
[RANK3] B @ 373.29443359375 (ms) to 410.214111328125 (ms), cudaEventElapsed = 36.890625 (ms)
[RANK3] F @ 461.19970703125 (ms) to 491.89697265625 (ms), cudaEventElapsed = 30.654687881469727 (ms)
[RANK3] B @ 491.984619140625 (ms) to 529.667724609375 (ms), cudaEventElapsed = 37.65350341796875 (ms)
[RANK3] F @ 580.29833984375 (ms) to 610.912841796875 (ms), cudaEventElapsed = 30.575456619262695 (ms)
[RANK3] B @ 610.99755859375 (ms) to 648.715087890625 (ms), cudaEventElapsed = 37.68729782104492 (ms)
[RANK3] F @ 698.841796875 (ms) to 729.43310546875 (ms), cudaEventElapsed = 30.55036735534668 (ms)
[RANK3] B @ 729.5205078125 (ms) to 767.5908203125 (ms), cudaEventElapsed = 38.04057693481445 (ms)
[RANK3] F @ 818.191650390625 (ms) to 848.887939453125 (ms), cudaEventElapsed = 30.65577507019043 (ms)
[RANK3] B @ 848.97314453125 (ms) to 887.462890625 (ms), cudaEventElapsed = 38.45939254760742 (ms)
[RANK3] F @ 939.261474609375 (ms) to 970.048828125 (ms), cudaEventElapsed = 30.743967056274414 (ms)
[RANK3] B @ 970.131103515625 (ms) to 1008.813720703125 (ms), cudaEventElapsed = 38.65292739868164 (ms)
[RANK3] F @ 1064.189697265625 (ms) to 1094.352294921875 (ms), cudaEventElapsed = 30.118335723876953 (ms)
[RANK3] B @ 1094.5556640625 (ms) to 1132.418212890625 (ms), cudaEventElapsed = 37.83065414428711 (ms)
[RANK3] W @ 1132.616943359375 (ms) to 1229.90673828125 (ms), cudaEventElapsed = 17.342464447021484 (ms)
[RANK3] F @ 1230.121337890625 (ms) to 1261.654052734375 (ms), cudaEventElapsed = 31.497215270996094 (ms)
[RANK3] B @ 1261.736572265625 (ms) to 1301.407958984375 (ms), cudaEventElapsed = 39.642112731933594 (ms)
[RANK3] W @ 1301.6875 (ms) to 1370.029296875 (ms), cudaEventElapsed = 17.759231567382812 (ms)
[RANK3] F @ 1397.9716796875 (ms) to 1428.439208984375 (ms), cudaEventElapsed = 30.432287216186523 (ms)
[RANK3] B @ 1428.516845703125 (ms) to 1466.44287109375 (ms), cudaEventElapsed = 37.897216796875 (ms)
[RANK3] W @ 1466.702392578125 (ms) to 1535.56640625 (ms), cudaEventElapsed = 17.80531120300293 (ms)
[RANK3] F @ 1566.7646484375 (ms) to 1596.97509765625 (ms), cudaEventElapsed = 30.172672271728516 (ms)
[RANK3] B @ 1597.056640625 (ms) to 1635.039306640625 (ms), cudaEventElapsed = 37.952510833740234 (ms)
[RANK3] W @ 1635.296142578125 (ms) to 1704.862060546875 (ms), cudaEventElapsed = 17.81862449645996 (ms)
[RANK3] F @ 1735.593505859375 (ms) to 1765.8916015625 (ms), cudaEventElapsed = 30.259584426879883 (ms)
[RANK3] B @ 1765.96875 (ms) to 1803.16259765625 (ms), cudaEventElapsed = 37.16505432128906 (ms)
[RANK3] 8W @ 1803.363037109375 (ms) to 2038.546142578125 (ms), cudaEventElapsed = 186.0352020263672 (ms)
[RANK3] Iteration 13
[RANK3] F @ 146.533935546875 (ms) to 177.62890625 (ms), cudaEventElapsed = 31.034719467163086 (ms)
[RANK3] B @ 177.870849609375 (ms) to 263.510986328125 (ms), cudaEventElapsed = 35.43142318725586 (ms)
[RANK3] F @ 348.7392578125 (ms) to 379.104736328125 (ms), cudaEventElapsed = 30.305696487426758 (ms)
[RANK3] B @ 379.191650390625 (ms) to 416.644287109375 (ms), cudaEventElapsed = 37.422080993652344 (ms)
[RANK3] F @ 467.22705078125 (ms) to 498.122314453125 (ms), cudaEventElapsed = 30.84864044189453 (ms)
[RANK3] B @ 498.208984375 (ms) to 536.110595703125 (ms), cudaEventElapsed = 37.87059020996094 (ms)
[RANK3] F @ 586.77587890625 (ms) to 617.53955078125 (ms), cudaEventElapsed = 30.722944259643555 (ms)
[RANK3] B @ 617.645263671875 (ms) to 655.76953125 (ms), cudaEventElapsed = 38.08972930908203 (ms)
[RANK3] F @ 706.677490234375 (ms) to 737.662353515625 (ms), cudaEventElapsed = 30.93734359741211 (ms)
[RANK3] B @ 737.7646484375 (ms) to 776.216064453125 (ms), cudaEventElapsed = 38.41843032836914 (ms)
[RANK3] F @ 826.8798828125 (ms) to 857.763671875 (ms), cudaEventElapsed = 30.841312408447266 (ms)
[RANK3] B @ 857.87255859375 (ms) to 896.46630859375 (ms), cudaEventElapsed = 38.560768127441406 (ms)
[RANK3] F @ 947.2783203125 (ms) to 978.26171875 (ms), cudaEventElapsed = 30.93494415283203 (ms)
[RANK3] B @ 978.346923828125 (ms) to 1017.078125 (ms), cudaEventElapsed = 38.70207977294922 (ms)
[RANK3] F @ 1070.2548828125 (ms) to 1100.64794921875 (ms), cudaEventElapsed = 30.350400924682617 (ms)
[RANK3] B @ 1100.867919921875 (ms) to 1139.364013671875 (ms), cudaEventElapsed = 38.46451187133789 (ms)
[RANK3] W @ 1139.546630859375 (ms) to 1234.463623046875 (ms), cudaEventElapsed = 17.389568328857422 (ms)
[RANK3] F @ 1234.669921875 (ms) to 1266.126708984375 (ms), cudaEventElapsed = 31.42243194580078 (ms)
[RANK3] B @ 1266.21240234375 (ms) to 1306.002197265625 (ms), cudaEventElapsed = 39.7578239440918 (ms)
[RANK3] W @ 1306.287841796875 (ms) to 1376.112060546875 (ms), cudaEventElapsed = 17.786880493164062 (ms)
[RANK3] F @ 1403.990234375 (ms) to 1434.197021484375 (ms), cudaEventElapsed = 30.168415069580078 (ms)
[RANK3] B @ 1434.2783203125 (ms) to 1471.85498046875 (ms), cudaEventElapsed = 37.5470085144043 (ms)
[RANK3] W @ 1472.11083984375 (ms) to 1539.965576171875 (ms), cudaEventElapsed = 17.766399383544922 (ms)
[RANK3] F @ 1570.712646484375 (ms) to 1601.047119140625 (ms), cudaEventElapsed = 30.296384811401367 (ms)
[RANK3] B @ 1601.125244140625 (ms) to 1638.816650390625 (ms), cudaEventElapsed = 37.6627197265625 (ms)
[RANK3] W @ 1639.0732421875 (ms) to 1707.775634765625 (ms), cudaEventElapsed = 17.77356719970703 (ms)
[RANK3] F @ 1738.416015625 (ms) to 1768.542236328125 (ms), cudaEventElapsed = 30.09110450744629 (ms)
[RANK3] B @ 1768.62451171875 (ms) to 1806.7158203125 (ms), cudaEventElapsed = 38.06105422973633 (ms)
[RANK3] 8W @ 1806.913818359375 (ms) to 2043.371337890625 (ms), cudaEventElapsed = 186.61375427246094 (ms)
[RANK3] Iteration 14
[RANK3] F @ 144.290283203125 (ms) to 174.976806640625 (ms), cudaEventElapsed = 30.63750457763672 (ms)
[RANK3] B @ 175.19384765625 (ms) to 258.956787109375 (ms), cudaEventElapsed = 35.39353561401367 (ms)
[RANK3] F @ 342.040771484375 (ms) to 372.181396484375 (ms), cudaEventElapsed = 30.100671768188477 (ms)
[RANK3] B @ 372.263916015625 (ms) to 409.58544921875 (ms), cudaEventElapsed = 37.292030334472656 (ms)
[RANK3] F @ 461.415283203125 (ms) to 491.96875 (ms), cudaEventElapsed = 30.512832641601562 (ms)
[RANK3] B @ 492.048828125 (ms) to 529.869140625 (ms), cudaEventElapsed = 37.791744232177734 (ms)
[RANK3] F @ 581.5556640625 (ms) to 612.122314453125 (ms), cudaEventElapsed = 30.527103424072266 (ms)
[RANK3] B @ 612.21630859375 (ms) to 650.30810546875 (ms), cudaEventElapsed = 38.06105422973633 (ms)
[RANK3] F @ 701.903564453125 (ms) to 732.451416015625 (ms), cudaEventElapsed = 30.510751724243164 (ms)
[RANK3] B @ 732.53955078125 (ms) to 770.763427734375 (ms), cudaEventElapsed = 38.194175720214844 (ms)
[RANK3] F @ 822.886962890625 (ms) to 853.420166015625 (ms), cudaEventElapsed = 30.492704391479492 (ms)
[RANK3] B @ 853.5009765625 (ms) to 892.049072265625 (ms), cudaEventElapsed = 38.51980972290039 (ms)
[RANK3] F @ 943.23291015625 (ms) to 973.739501953125 (ms), cudaEventElapsed = 30.46988868713379 (ms)
[RANK3] B @ 973.821044921875 (ms) to 1012.895263671875 (ms), cudaEventElapsed = 39.04512023925781 (ms)
[RANK3] F @ 1066.04248046875 (ms) to 1096.178466796875 (ms), cudaEventElapsed = 30.101696014404297 (ms)
[RANK3] B @ 1096.376220703125 (ms) to 1135.033203125 (ms), cudaEventElapsed = 38.62732696533203 (ms)
[RANK3] W @ 1135.213623046875 (ms) to 1229.43603515625 (ms), cudaEventElapsed = 17.41516876220703 (ms)
[RANK3] F @ 1229.59375 (ms) to 1261.064208984375 (ms), cudaEventElapsed = 31.437376022338867 (ms)
[RANK3] B @ 1261.1416015625 (ms) to 1300.25048828125 (ms), cudaEventElapsed = 39.07891082763672 (ms)
[RANK3] W @ 1300.5146484375 (ms) to 1369.13330078125 (ms), cudaEventElapsed = 17.79814338684082 (ms)
[RANK3] F @ 1397.3994140625 (ms) to 1427.699462890625 (ms), cudaEventElapsed = 30.267488479614258 (ms)
[RANK3] B @ 1427.7744140625 (ms) to 1465.230712890625 (ms), cudaEventElapsed = 37.42822265625 (ms)
[RANK3] W @ 1465.47412109375 (ms) to 1533.774658203125 (ms), cudaEventElapsed = 17.81043243408203 (ms)
[RANK3] F @ 1564.965576171875 (ms) to 1595.071533203125 (ms), cudaEventElapsed = 30.0699520111084 (ms)
[RANK3] B @ 1595.144287109375 (ms) to 1633.37255859375 (ms), cudaEventElapsed = 38.19929504394531 (ms)
[RANK3] W @ 1633.61279296875 (ms) to 1702.30810546875 (ms), cudaEventElapsed = 17.8022403717041 (ms)
[RANK3] F @ 1732.66162109375 (ms) to 1762.853271484375 (ms), cudaEventElapsed = 30.15705680847168 (ms)
[RANK3] B @ 1762.9287109375 (ms) to 1800.818603515625 (ms), cudaEventElapsed = 37.8603515625 (ms)
[RANK3] 8W @ 1801.000244140625 (ms) to 2037.559814453125 (ms), cudaEventElapsed = 186.78988647460938 (ms)
[RANK3] Iteration 15
[RANK3] F @ 145.33056640625 (ms) to 176.116943359375 (ms), cudaEventElapsed = 30.739776611328125 (ms)
[RANK3] B @ 176.323486328125 (ms) to 262.10595703125 (ms), cudaEventElapsed = 35.62188720703125 (ms)
[RANK3] F @ 347.107421875 (ms) to 377.2607421875 (ms), cudaEventElapsed = 30.116640090942383 (ms)
[RANK3] B @ 377.339599609375 (ms) to 414.739013671875 (ms), cudaEventElapsed = 37.37190246582031 (ms)
[RANK3] F @ 465.347412109375 (ms) to 496.144287109375 (ms), cudaEventElapsed = 30.75766372680664 (ms)
[RANK3] B @ 496.220947265625 (ms) to 534.034423828125 (ms), cudaEventElapsed = 37.784576416015625 (ms)
[RANK3] F @ 584.8427734375 (ms) to 615.5390625 (ms), cudaEventElapsed = 30.65897560119629 (ms)
[RANK3] B @ 615.622802734375 (ms) to 653.3720703125 (ms), cudaEventElapsed = 37.72108840942383 (ms)
[RANK3] F @ 703.994140625 (ms) to 734.7705078125 (ms), cudaEventElapsed = 30.732799530029297 (ms)
[RANK3] B @ 734.864990234375 (ms) to 772.9599609375 (ms), cudaEventElapsed = 38.05900955200195 (ms)
[RANK3] F @ 823.461669921875 (ms) to 854.238037109375 (ms), cudaEventElapsed = 30.7390079498291 (ms)
[RANK3] B @ 854.319091796875 (ms) to 892.66455078125 (ms), cudaEventElapsed = 38.317054748535156 (ms)
[RANK3] F @ 943.500732421875 (ms) to 974.26416015625 (ms), cudaEventElapsed = 30.724960327148438 (ms)
[RANK3] B @ 974.345947265625 (ms) to 1012.80859375 (ms), cudaEventElapsed = 38.432769775390625 (ms)
[RANK3] F @ 1068.311767578125 (ms) to 1098.578125 (ms), cudaEventElapsed = 30.230464935302734 (ms)
[RANK3] B @ 1098.773193359375 (ms) to 1136.93017578125 (ms), cudaEventElapsed = 38.12761688232422 (ms)
[RANK3] W @ 1137.117919921875 (ms) to 1234.298583984375 (ms), cudaEventElapsed = 17.503231048583984 (ms)
[RANK3] F @ 1234.487060546875 (ms) to 1265.6005859375 (ms), cudaEventElapsed = 31.08083152770996 (ms)
[RANK3] B @ 1265.677734375 (ms) to 1305.562255859375 (ms), cudaEventElapsed = 39.85612869262695 (ms)
[RANK3] W @ 1305.814697265625 (ms) to 1375.1298828125 (ms), cudaEventElapsed = 17.901567459106445 (ms)
[RANK3] F @ 1403.0439453125 (ms) to 1433.31201171875 (ms), cudaEventElapsed = 30.232608795166016 (ms)
[RANK3] B @ 1433.392822265625 (ms) to 1471.08447265625 (ms), cudaEventElapsed = 37.66169738769531 (ms)
[RANK3] W @ 1471.33740234375 (ms) to 1540.07421875 (ms), cudaEventElapsed = 17.893375396728516 (ms)
[RANK3] F @ 1570.64404296875 (ms) to 1600.90966796875 (ms), cudaEventElapsed = 30.228031158447266 (ms)
[RANK3] B @ 1600.993408203125 (ms) to 1637.99853515625 (ms), cudaEventElapsed = 36.975616455078125 (ms)
[RANK3] W @ 1638.254150390625 (ms) to 1706.821044921875 (ms), cudaEventElapsed = 17.927167892456055 (ms)
[RANK3] F @ 1737.9375 (ms) to 1768.147216796875 (ms), cudaEventElapsed = 30.17024040222168 (ms)
[RANK3] B @ 1768.220703125 (ms) to 1805.757080078125 (ms), cudaEventElapsed = 37.508094787597656 (ms)
[RANK3] 8W @ 1805.9462890625 (ms) to 2041.34423828125 (ms), cudaEventElapsed = 185.98194885253906 (ms)
[RANK3] Iteration 16
[RANK3] F @ 136.80224609375 (ms) to 166.277587890625 (ms), cudaEventElapsed = 29.42723274230957 (ms)
[RANK3] F @ 213.49755859375 (ms) to 242.720703125 (ms), cudaEventElapsed = 29.180639266967773 (ms)
[RANK3] F @ 290.510986328125 (ms) to 319.927734375 (ms), cudaEventElapsed = 29.377695083618164 (ms)
[RANK3] F @ 367.869384765625 (ms) to 397.60791015625 (ms), cudaEventElapsed = 29.668672561645508 (ms)
[RANK3] F @ 443.48681640625 (ms) to 473.098876953125 (ms), cudaEventElapsed = 29.547935485839844 (ms)
[RANK3] F @ 520.0048828125 (ms) to 549.477294921875 (ms), cudaEventElapsed = 29.40073585510254 (ms)
[RANK3] F @ 596.19775390625 (ms) to 625.91650390625 (ms), cudaEventElapsed = 29.658239364624023 (ms)
[RANK3] F @ 673.15966796875 (ms) to 701.839599609375 (ms), cudaEventElapsed = 28.638751983642578 (ms)
[RANK3] F @ 751.56103515625 (ms) to 780.310791015625 (ms), cudaEventElapsed = 28.709375381469727 (ms)
[RANK3] F @ 830.329833984375 (ms) to 858.924072265625 (ms), cudaEventElapsed = 28.559520721435547 (ms)
[RANK3] F @ 908.95361328125 (ms) to 937.63037109375 (ms), cudaEventElapsed = 28.641023635864258 (ms)
[RANK3] F @ 987.41357421875 (ms) to 1015.921630859375 (ms), cudaEventElapsed = 28.47488021850586 (ms)
