[RANK0] Iteration 1
[RANK0] F @ 1.26611328125 (ms) to 587.96484375 (ms), cudaEventElapsed = 586.6500854492188 (ms)
[RANK0] F @ 1651.9365234375 (ms) to 1664.144287109375 (ms), cudaEventElapsed = 12.14851188659668 (ms)
[RANK0] F @ 1664.282958984375 (ms) to 1678.49755859375 (ms), cudaEventElapsed = 14.190336227416992 (ms)
[RANK0] F @ 1678.613037109375 (ms) to 1689.774169921875 (ms), cudaEventElapsed = 11.136639595031738 (ms)
[RANK0] F @ 1689.881103515625 (ms) to 2016.68212890625 (ms), cudaEventElapsed = 30.786048889160156 (ms)
[RANK0] F @ 2016.78955078125 (ms) to 3104.712158203125 (ms), cudaEventElapsed = 11.249759674072266 (ms)
[RANK0] F @ 3104.82177734375 (ms) to 3160.9814453125 (ms), cudaEventElapsed = 43.11920166015625 (ms)
[RANK0] B @ 6430.19287109375 (ms) to 6714.348876953125 (ms), cudaEventElapsed = 284.10052490234375 (ms)
[RANK0] F @ 6714.578857421875 (ms) to 6726.444580078125 (ms), cudaEventElapsed = 11.833312034606934 (ms)
[RANK0] B @ 6726.656982421875 (ms) to 6735.50537109375 (ms), cudaEventElapsed = 8.823103904724121 (ms)
[RANK0] W @ 6735.603271484375 (ms) to 6742.84619140625 (ms), cudaEventElapsed = 7.223936080932617 (ms)
[RANK0] F @ 6742.8642578125 (ms) to 6751.26025390625 (ms), cudaEventElapsed = 8.376031875610352 (ms)
[RANK0] B @ 6756.924560546875 (ms) to 6766.653076171875 (ms), cudaEventElapsed = 9.702400207519531 (ms)
[RANK0] B @ 6766.8505859375 (ms) to 6775.42578125 (ms), cudaEventElapsed = 8.558143615722656 (ms)
[RANK0] W @ 6775.443115234375 (ms) to 6780.61962890625 (ms), cudaEventElapsed = 5.161471843719482 (ms)
[RANK0] F @ 6780.707275390625 (ms) to 6788.99560546875 (ms), cudaEventElapsed = 8.269344329833984 (ms)
[RANK0] B @ 6795.19677734375 (ms) to 6804.915771484375 (ms), cudaEventElapsed = 9.69375991821289 (ms)
[RANK0] B @ 6805.197265625 (ms) to 6813.75048828125 (ms), cudaEventElapsed = 8.53337574005127 (ms)
[RANK0] W @ 6813.786865234375 (ms) to 6818.99169921875 (ms), cudaEventElapsed = 5.180480003356934 (ms)
[RANK0] F @ 6819.10302734375 (ms) to 6827.4130859375 (ms), cudaEventElapsed = 8.289024353027344 (ms)
[RANK0] B @ 6831.949951171875 (ms) to 6841.812255859375 (ms), cudaEventElapsed = 9.837599754333496 (ms)
[RANK0] B @ 6841.899658203125 (ms) to 6850.404541015625 (ms), cudaEventElapsed = 8.485568046569824 (ms)
[RANK0] W @ 6850.44091796875 (ms) to 6855.649658203125 (ms), cudaEventElapsed = 5.185056209564209 (ms)
[RANK0] F @ 6855.763671875 (ms) to 6863.99169921875 (ms), cudaEventElapsed = 8.205056190490723 (ms)
[RANK0] W @ 6864.0966796875 (ms) to 6872.143798828125 (ms), cudaEventElapsed = 5.101696014404297 (ms)
[RANK0] W @ 6872.15234375 (ms) to 6877.276123046875 (ms), cudaEventElapsed = 5.107359886169434 (ms)
[RANK0] W @ 6877.3505859375 (ms) to 6882.60791015625 (ms), cudaEventElapsed = 5.241024017333984 (ms)
[RANK0] W @ 6882.614501953125 (ms) to 6887.85009765625 (ms), cudaEventElapsed = 5.221216201782227 (ms)
[RANK0] B @ 6887.93701171875 (ms) to 6897.203369140625 (ms), cudaEventElapsed = 9.25004768371582 (ms)
[RANK0] W @ 6897.292724609375 (ms) to 6902.614990234375 (ms), cudaEventElapsed = 5.306079864501953 (ms)
[RANK0] B @ 6902.689697265625 (ms) to 6912.446533203125 (ms), cudaEventElapsed = 9.741024017333984 (ms)
[RANK0] W @ 6912.4609375 (ms) to 6917.712890625 (ms), cudaEventElapsed = 5.23744010925293 (ms)
[RANK0] B @ 6917.853759765625 (ms) to 6927.74853515625 (ms), cudaEventElapsed = 9.874496459960938 (ms)
[RANK0] W @ 6927.782958984375 (ms) to 6933.126708984375 (ms), cudaEventElapsed = 5.319104194641113 (ms)
[RANK0] B @ 6937.986083984375 (ms) to 6946.5361328125 (ms), cudaEventElapsed = 8.529439926147461 (ms)
[RANK0] 1W @ 6946.57177734375 (ms) to 6951.8642578125 (ms), cudaEventElapsed = 5.267136096954346 (ms)
[RANK0] Iteration 2
[RANK0] F @ 0.372802734375 (ms) to 9.94921875 (ms), cudaEventElapsed = 9.513407707214355 (ms)
[RANK0] F @ 10.11962890625 (ms) to 18.221923828125 (ms), cudaEventElapsed = 8.076831817626953 (ms)
[RANK0] F @ 18.363525390625 (ms) to 26.63916015625 (ms), cudaEventElapsed = 8.25062370300293 (ms)
[RANK0] F @ 26.776611328125 (ms) to 34.91357421875 (ms), cudaEventElapsed = 8.1112642288208 (ms)
[RANK0] F @ 35.051025390625 (ms) to 43.279541015625 (ms), cudaEventElapsed = 8.203392028808594 (ms)
[RANK0] F @ 43.412109375 (ms) to 51.686279296875 (ms), cudaEventElapsed = 8.249983787536621 (ms)
[RANK0] F @ 51.8212890625 (ms) to 60.05712890625 (ms), cudaEventElapsed = 8.210944175720215 (ms)
[RANK0] B @ 73.8388671875 (ms) to 82.864013671875 (ms), cudaEventElapsed = 8.998080253601074 (ms)
[RANK0] F @ 82.975830078125 (ms) to 91.44580078125 (ms), cudaEventElapsed = 8.45036792755127 (ms)
[RANK0] B @ 93.065673828125 (ms) to 101.864501953125 (ms), cudaEventElapsed = 8.77337646484375 (ms)
[RANK0] W @ 101.98486328125 (ms) to 107.34765625 (ms), cudaEventElapsed = 5.3442559242248535 (ms)
[RANK0] F @ 107.376953125 (ms) to 115.625244140625 (ms), cudaEventElapsed = 8.229248046875 (ms)
[RANK0] B @ 121.759033203125 (ms) to 131.395263671875 (ms), cudaEventElapsed = 9.609760284423828 (ms)
[RANK0] B @ 131.57666015625 (ms) to 140.091552734375 (ms), cudaEventElapsed = 8.492735862731934 (ms)
[RANK0] W @ 140.16357421875 (ms) to 145.35693359375 (ms), cudaEventElapsed = 5.167232036590576 (ms)
[RANK0] F @ 145.4853515625 (ms) to 153.751953125 (ms), cudaEventElapsed = 8.245856285095215 (ms)
[RANK0] B @ 161.126708984375 (ms) to 170.793701171875 (ms), cudaEventElapsed = 9.639871597290039 (ms)
[RANK0] B @ 170.894775390625 (ms) to 179.416748046875 (ms), cudaEventElapsed = 8.50432014465332 (ms)
[RANK0] W @ 179.443115234375 (ms) to 184.58935546875 (ms), cudaEventElapsed = 5.131008148193359 (ms)
[RANK0] F @ 184.692138671875 (ms) to 192.88037109375 (ms), cudaEventElapsed = 8.169024467468262 (ms)
[RANK0] B @ 198.395263671875 (ms) to 208.021240234375 (ms), cudaEventElapsed = 9.59887981414795 (ms)
[RANK0] B @ 208.3291015625 (ms) to 216.822509765625 (ms), cudaEventElapsed = 8.475744247436523 (ms)
[RANK0] W @ 216.846923828125 (ms) to 222.046630859375 (ms), cudaEventElapsed = 5.177760124206543 (ms)
[RANK0] F @ 222.142822265625 (ms) to 230.41259765625 (ms), cudaEventElapsed = 8.251168251037598 (ms)
[RANK0] W @ 230.54541015625 (ms) to 239.078369140625 (ms), cudaEventElapsed = 5.142784118652344 (ms)
[RANK0] W @ 239.103759765625 (ms) to 244.249755859375 (ms), cudaEventElapsed = 5.129568099975586 (ms)
[RANK0] W @ 244.33544921875 (ms) to 249.575927734375 (ms), cudaEventElapsed = 5.223199844360352 (ms)
[RANK0] W @ 249.595458984375 (ms) to 254.857177734375 (ms), cudaEventElapsed = 5.24675178527832 (ms)
[RANK0] B @ 254.948486328125 (ms) to 264.228515625 (ms), cudaEventElapsed = 9.263296127319336 (ms)
[RANK0] W @ 264.328857421875 (ms) to 269.605224609375 (ms), cudaEventElapsed = 5.260447978973389 (ms)
[RANK0] B @ 269.690185546875 (ms) to 279.6083984375 (ms), cudaEventElapsed = 9.899456024169922 (ms)
[RANK0] W @ 279.6796875 (ms) to 284.957275390625 (ms), cudaEventElapsed = 5.250720024108887 (ms)
[RANK0] B @ 285.15087890625 (ms) to 295.029541015625 (ms), cudaEventElapsed = 9.855584144592285 (ms)
[RANK0] W @ 295.099609375 (ms) to 300.43701171875 (ms), cudaEventElapsed = 5.306240081787109 (ms)
[RANK0] B @ 306.329833984375 (ms) to 315.1298828125 (ms), cudaEventElapsed = 8.778752326965332 (ms)
[RANK0] 1W @ 315.200927734375 (ms) to 320.461181640625 (ms), cudaEventElapsed = 5.227583885192871 (ms)
[RANK0] Iteration 3
[RANK0] F @ 1.409912109375 (ms) to 10.32666015625 (ms), cudaEventElapsed = 8.882847785949707 (ms)
[RANK0] F @ 10.46044921875 (ms) to 18.5732421875 (ms), cudaEventElapsed = 8.08790397644043 (ms)
[RANK0] F @ 18.704345703125 (ms) to 26.819091796875 (ms), cudaEventElapsed = 8.09011173248291 (ms)
[RANK0] F @ 26.953125 (ms) to 35.01416015625 (ms), cudaEventElapsed = 8.035008430480957 (ms)
[RANK0] F @ 35.1484375 (ms) to 43.316162109375 (ms), cudaEventElapsed = 8.14192008972168 (ms)
[RANK0] F @ 43.44775390625 (ms) to 51.753173828125 (ms), cudaEventElapsed = 8.281344413757324 (ms)
[RANK0] F @ 51.889404296875 (ms) to 60.130126953125 (ms), cudaEventElapsed = 8.216192245483398 (ms)
[RANK0] B @ 73.355712890625 (ms) to 82.03857421875 (ms), cudaEventElapsed = 8.657119750976562 (ms)
[RANK0] F @ 82.15966796875 (ms) to 90.486083984375 (ms), cudaEventElapsed = 8.306400299072266 (ms)
[RANK0] B @ 92.80322265625 (ms) to 101.388671875 (ms), cudaEventElapsed = 8.561216354370117 (ms)
[RANK0] W @ 101.491943359375 (ms) to 106.78515625 (ms), cudaEventElapsed = 5.275360107421875 (ms)
[RANK0] F @ 106.81396484375 (ms) to 115.09765625 (ms), cudaEventElapsed = 8.264384269714355 (ms)
[RANK0] B @ 121.88818359375 (ms) to 131.52734375 (ms), cudaEventElapsed = 9.613663673400879 (ms)
[RANK0] B @ 132.044921875 (ms) to 140.822509765625 (ms), cudaEventElapsed = 8.759231567382812 (ms)
[RANK0] W @ 140.849853515625 (ms) to 146.03125 (ms), cudaEventElapsed = 5.162015914916992 (ms)
[RANK0] F @ 146.1298828125 (ms) to 154.23876953125 (ms), cudaEventElapsed = 8.090592384338379 (ms)
[RANK0] B @ 161.6376953125 (ms) to 171.392333984375 (ms), cudaEventElapsed = 9.72815990447998 (ms)
[RANK0] B @ 171.493896484375 (ms) to 179.99853515625 (ms), cudaEventElapsed = 8.482239723205566 (ms)
[RANK0] W @ 180.0712890625 (ms) to 185.265625 (ms), cudaEventElapsed = 5.16707181930542 (ms)
[RANK0] F @ 185.39892578125 (ms) to 193.681396484375 (ms), cudaEventElapsed = 8.261343955993652 (ms)
[RANK0] B @ 198.99853515625 (ms) to 208.857421875 (ms), cudaEventElapsed = 9.832736015319824 (ms)
[RANK0] B @ 208.960205078125 (ms) to 217.45654296875 (ms), cudaEventElapsed = 8.476192474365234 (ms)
[RANK0] W @ 217.52734375 (ms) to 222.768798828125 (ms), cudaEventElapsed = 5.208032131195068 (ms)
[RANK0] F @ 222.89013671875 (ms) to 231.083740234375 (ms), cudaEventElapsed = 8.172479629516602 (ms)
[RANK0] W @ 231.2158203125 (ms) to 239.321044921875 (ms), cudaEventElapsed = 5.099264144897461 (ms)
[RANK0] W @ 239.347412109375 (ms) to 244.4775390625 (ms), cudaEventElapsed = 5.113664150238037 (ms)
[RANK0] W @ 244.569580078125 (ms) to 249.835693359375 (ms), cudaEventElapsed = 5.246687889099121 (ms)
[RANK0] W @ 249.85693359375 (ms) to 255.09521484375 (ms), cudaEventElapsed = 5.223135948181152 (ms)
[RANK0] B @ 255.18701171875 (ms) to 264.423828125 (ms), cudaEventElapsed = 9.220735549926758 (ms)
[RANK0] W @ 264.523193359375 (ms) to 269.8115234375 (ms), cudaEventElapsed = 5.2715840339660645 (ms)
[RANK0] B @ 269.89599609375 (ms) to 279.7666015625 (ms), cudaEventElapsed = 9.854751586914062 (ms)
[RANK0] W @ 279.792724609375 (ms) to 285.0400390625 (ms), cudaEventElapsed = 5.22438383102417 (ms)
[RANK0] B @ 285.572998046875 (ms) to 295.46044921875 (ms), cudaEventElapsed = 9.86729621887207 (ms)
[RANK0] W @ 295.529052734375 (ms) to 300.861328125 (ms), cudaEventElapsed = 5.307744026184082 (ms)
[RANK0] B @ 308.44482421875 (ms) to 317.246337890625 (ms), cudaEventElapsed = 8.77894401550293 (ms)
[RANK0] 1W @ 317.31689453125 (ms) to 322.562744140625 (ms), cudaEventElapsed = 5.219071865081787 (ms)
[RANK0] Iteration 4
[RANK0] F @ 1.42236328125 (ms) to 10.297607421875 (ms), cudaEventElapsed = 8.840959548950195 (ms)
[RANK0] F @ 10.43359375 (ms) to 18.57470703125 (ms), cudaEventElapsed = 8.110079765319824 (ms)
[RANK0] F @ 18.709228515625 (ms) to 26.877685546875 (ms), cudaEventElapsed = 8.142815589904785 (ms)
[RANK0] F @ 27.010986328125 (ms) to 35.2412109375 (ms), cudaEventElapsed = 8.205632209777832 (ms)
[RANK0] F @ 35.37353515625 (ms) to 43.5732421875 (ms), cudaEventElapsed = 8.174816131591797 (ms)
[RANK0] F @ 43.705322265625 (ms) to 51.932861328125 (ms), cudaEventElapsed = 8.203295707702637 (ms)
[RANK0] F @ 52.06640625 (ms) to 60.208251953125 (ms), cudaEventElapsed = 8.117024421691895 (ms)
[RANK0] B @ 72.937255859375 (ms) to 81.60595703125 (ms), cudaEventElapsed = 8.643391609191895 (ms)
[RANK0] F @ 81.700927734375 (ms) to 89.9599609375 (ms), cudaEventElapsed = 8.239487648010254 (ms)
[RANK0] B @ 92.26220703125 (ms) to 100.849853515625 (ms), cudaEventElapsed = 8.56220817565918 (ms)
[RANK0] W @ 100.9580078125 (ms) to 106.282958984375 (ms), cudaEventElapsed = 5.306560039520264 (ms)
[RANK0] F @ 106.309814453125 (ms) to 114.546875 (ms), cudaEventElapsed = 8.219103813171387 (ms)
[RANK0] B @ 121.13037109375 (ms) to 130.776611328125 (ms), cudaEventElapsed = 9.619071960449219 (ms)
[RANK0] B @ 131.10888671875 (ms) to 139.61376953125 (ms), cudaEventElapsed = 8.486783981323242 (ms)
[RANK0] W @ 139.64013671875 (ms) to 144.78271484375 (ms), cudaEventElapsed = 5.1268157958984375 (ms)
[RANK0] F @ 144.87646484375 (ms) to 153.063232421875 (ms), cudaEventElapsed = 8.167391777038574 (ms)
[RANK0] B @ 161.079833984375 (ms) to 170.85595703125 (ms), cudaEventElapsed = 9.74944019317627 (ms)
[RANK0] B @ 170.953857421875 (ms) to 179.48193359375 (ms), cudaEventElapsed = 8.510784149169922 (ms)
[RANK0] W @ 179.508056640625 (ms) to 184.702880859375 (ms), cudaEventElapsed = 5.17087984085083 (ms)
[RANK0] F @ 184.798583984375 (ms) to 192.98291015625 (ms), cudaEventElapsed = 8.165887832641602 (ms)
[RANK0] B @ 198.325927734375 (ms) to 208.127197265625 (ms), cudaEventElapsed = 9.776032447814941 (ms)
[RANK0] B @ 208.224365234375 (ms) to 216.72314453125 (ms), cudaEventElapsed = 8.47878360748291 (ms)
[RANK0] W @ 216.796630859375 (ms) to 222.00537109375 (ms), cudaEventElapsed = 5.173312187194824 (ms)
[RANK0] F @ 222.129150390625 (ms) to 230.453369140625 (ms), cudaEventElapsed = 8.302080154418945 (ms)
[RANK0] W @ 230.583251953125 (ms) to 238.796142578125 (ms), cudaEventElapsed = 5.127488136291504 (ms)
[RANK0] W @ 238.822509765625 (ms) to 243.978759765625 (ms), cudaEventElapsed = 5.138944149017334 (ms)
[RANK0] W @ 244.07080078125 (ms) to 249.34423828125 (ms), cudaEventElapsed = 5.25600004196167 (ms)
[RANK0] W @ 249.36376953125 (ms) to 254.619873046875 (ms), cudaEventElapsed = 5.242080211639404 (ms)
[RANK0] B @ 254.712646484375 (ms) to 263.874267578125 (ms), cudaEventElapsed = 9.144736289978027 (ms)
[RANK0] W @ 263.97705078125 (ms) to 269.289306640625 (ms), cudaEventElapsed = 5.296031951904297 (ms)
[RANK0] B @ 269.374267578125 (ms) to 279.342529296875 (ms), cudaEventElapsed = 9.9518404006958 (ms)
[RANK0] W @ 279.369140625 (ms) to 284.65625 (ms), cudaEventElapsed = 5.271520137786865 (ms)
[RANK0] B @ 284.799560546875 (ms) to 294.483642578125 (ms), cudaEventElapsed = 9.66431999206543 (ms)
[RANK0] W @ 294.55419921875 (ms) to 299.865234375 (ms), cudaEventElapsed = 5.284832000732422 (ms)
[RANK0] B @ 307.689453125 (ms) to 316.461181640625 (ms), cudaEventElapsed = 8.746272087097168 (ms)
[RANK0] 1W @ 316.52978515625 (ms) to 321.7822265625 (ms), cudaEventElapsed = 5.226848125457764 (ms)
[RANK0] Iteration 5
[RANK0] F @ 1.457275390625 (ms) to 10.3515625 (ms), cudaEventElapsed = 8.85961627960205 (ms)
[RANK0] F @ 10.4853515625 (ms) to 18.581787109375 (ms), cudaEventElapsed = 8.071616172790527 (ms)
[RANK0] F @ 18.713623046875 (ms) to 26.870361328125 (ms), cudaEventElapsed = 8.132096290588379 (ms)
[RANK0] F @ 27.002197265625 (ms) to 35.09033203125 (ms), cudaEventElapsed = 8.064831733703613 (ms)
[RANK0] F @ 35.22216796875 (ms) to 43.39990234375 (ms), cudaEventElapsed = 8.153120040893555 (ms)
[RANK0] F @ 43.536865234375 (ms) to 51.77099609375 (ms), cudaEventElapsed = 8.20684814453125 (ms)
[RANK0] F @ 51.90771484375 (ms) to 60.071044921875 (ms), cudaEventElapsed = 8.136927604675293 (ms)
[RANK0] B @ 74.068115234375 (ms) to 82.98974609375 (ms), cudaEventElapsed = 8.896320343017578 (ms)
[RANK0] F @ 83.089599609375 (ms) to 91.361572265625 (ms), cudaEventElapsed = 8.252863883972168 (ms)
[RANK0] B @ 93.98583984375 (ms) to 102.785400390625 (ms), cudaEventElapsed = 8.773152351379395 (ms)
[RANK0] W @ 102.896484375 (ms) to 108.255859375 (ms), cudaEventElapsed = 5.341279983520508 (ms)
[RANK0] F @ 108.28271484375 (ms) to 116.547119140625 (ms), cudaEventElapsed = 8.246496200561523 (ms)
[RANK0] B @ 123.481201171875 (ms) to 133.344970703125 (ms), cudaEventElapsed = 9.838239669799805 (ms)
[RANK0] B @ 134.20361328125 (ms) to 143.199951171875 (ms), cudaEventElapsed = 8.975008010864258 (ms)
[RANK0] W @ 143.271484375 (ms) to 148.53759765625 (ms), cudaEventElapsed = 5.239840030670166 (ms)
[RANK0] F @ 148.666015625 (ms) to 156.925048828125 (ms), cudaEventElapsed = 8.237312316894531 (ms)
[RANK0] B @ 165.625732421875 (ms) to 175.57568359375 (ms), cudaEventElapsed = 9.923456192016602 (ms)
[RANK0] B @ 176.27978515625 (ms) to 185.049560546875 (ms), cudaEventElapsed = 8.751487731933594 (ms)
[RANK0] W @ 185.077392578125 (ms) to 190.3115234375 (ms), cudaEventElapsed = 5.218175888061523 (ms)
[RANK0] F @ 190.4130859375 (ms) to 198.6220703125 (ms), cudaEventElapsed = 8.18995189666748 (ms)
[RANK0] B @ 204.947021484375 (ms) to 215.031005859375 (ms), cudaEventElapsed = 10.058496475219727 (ms)
[RANK0] B @ 215.69677734375 (ms) to 224.46435546875 (ms), cudaEventElapsed = 8.746784210205078 (ms)
[RANK0] W @ 224.537109375 (ms) to 229.78466796875 (ms), cudaEventElapsed = 5.219168186187744 (ms)
[RANK0] F @ 229.906494140625 (ms) to 238.28125 (ms), cudaEventElapsed = 8.353311538696289 (ms)
[RANK0] W @ 238.40625 (ms) to 247.706298828125 (ms), cudaEventElapsed = 5.190336227416992 (ms)
[RANK0] W @ 247.731689453125 (ms) to 252.935302734375 (ms), cudaEventElapsed = 5.186975955963135 (ms)
[RANK0] W @ 253.023681640625 (ms) to 258.33935546875 (ms), cudaEventElapsed = 5.298687934875488 (ms)
[RANK0] W @ 258.357421875 (ms) to 263.7001953125 (ms), cudaEventElapsed = 5.327936172485352 (ms)
[RANK0] B @ 263.791015625 (ms) to 273.524169921875 (ms), cudaEventElapsed = 9.716383934020996 (ms)
[RANK0] W @ 273.62744140625 (ms) to 279.025146484375 (ms), cudaEventElapsed = 5.380127906799316 (ms)
[RANK0] B @ 279.108642578125 (ms) to 289.31982421875 (ms), cudaEventElapsed = 10.193183898925781 (ms)
[RANK0] W @ 289.39208984375 (ms) to 294.856689453125 (ms), cudaEventElapsed = 5.438144207000732 (ms)
[RANK0] B @ 295.058349609375 (ms) to 305.298828125 (ms), cudaEventElapsed = 10.216416358947754 (ms)
[RANK0] W @ 305.369873046875 (ms) to 310.791015625 (ms), cudaEventElapsed = 5.394400119781494 (ms)
[RANK0] B @ 318.87841796875 (ms) to 327.912841796875 (ms), cudaEventElapsed = 9.011839866638184 (ms)
[RANK0] 1W @ 327.987548828125 (ms) to 333.339111328125 (ms), cudaEventElapsed = 5.322976112365723 (ms)
[RANK0] Iteration 6
[RANK0] F @ 1.434326171875 (ms) to 10.3623046875 (ms), cudaEventElapsed = 8.893312454223633 (ms)
[RANK0] F @ 10.499267578125 (ms) to 18.58544921875 (ms), cudaEventElapsed = 8.061023712158203 (ms)
[RANK0] F @ 18.71875 (ms) to 26.86279296875 (ms), cudaEventElapsed = 8.119903564453125 (ms)
[RANK0] F @ 26.997802734375 (ms) to 35.181884765625 (ms), cudaEventElapsed = 8.157919883728027 (ms)
[RANK0] F @ 35.317626953125 (ms) to 43.424072265625 (ms), cudaEventElapsed = 8.080608367919922 (ms)
[RANK0] F @ 43.663330078125 (ms) to 52.065185546875 (ms), cudaEventElapsed = 8.372735977172852 (ms)
[RANK0] F @ 52.200439453125 (ms) to 60.38427734375 (ms), cudaEventElapsed = 8.159872055053711 (ms)
[RANK0] B @ 76.376220703125 (ms) to 85.44140625 (ms), cudaEventElapsed = 9.038751602172852 (ms)
[RANK0] F @ 85.55029296875 (ms) to 94.00927734375 (ms), cudaEventElapsed = 8.438943862915039 (ms)
[RANK0] B @ 96.269287109375 (ms) to 105.220703125 (ms), cudaEventElapsed = 8.924544334411621 (ms)
[RANK0] W @ 105.32373046875 (ms) to 110.6962890625 (ms), cudaEventElapsed = 5.3545918464660645 (ms)
[RANK0] F @ 110.722900390625 (ms) to 118.965087890625 (ms), cudaEventElapsed = 8.225088119506836 (ms)
[RANK0] B @ 126.342041015625 (ms) to 136.310791015625 (ms), cudaEventElapsed = 9.943327903747559 (ms)
[RANK0] B @ 137.144287109375 (ms) to 146.05419921875 (ms), cudaEventElapsed = 8.888511657714844 (ms)
[RANK0] W @ 146.0810546875 (ms) to 151.360595703125 (ms), cudaEventElapsed = 5.257823944091797 (ms)
[RANK0] F @ 151.458740234375 (ms) to 159.7158203125 (ms), cudaEventElapsed = 8.238431930541992 (ms)
[RANK0] B @ 169.147216796875 (ms) to 179.257080078125 (ms), cudaEventElapsed = 10.084959983825684 (ms)
[RANK0] B @ 179.935791015625 (ms) to 188.8125 (ms), cudaEventElapsed = 8.859647750854492 (ms)
[RANK0] W @ 188.83984375 (ms) to 194.076904296875 (ms), cudaEventElapsed = 5.220032215118408 (ms)
[RANK0] F @ 194.173095703125 (ms) to 202.5185546875 (ms), cudaEventElapsed = 8.326784133911133 (ms)
[RANK0] B @ 208.890625 (ms) to 218.95556640625 (ms), cudaEventElapsed = 10.040224075317383 (ms)
[RANK0] B @ 219.468505859375 (ms) to 228.355712890625 (ms), cudaEventElapsed = 8.866623878479004 (ms)
[RANK0] W @ 228.429443359375 (ms) to 233.73388671875 (ms), cudaEventElapsed = 5.26800012588501 (ms)
[RANK0] F @ 233.869140625 (ms) to 242.154296875 (ms), cudaEventElapsed = 8.263296127319336 (ms)
[RANK0] W @ 242.281005859375 (ms) to 251.294921875 (ms), cudaEventElapsed = 5.230912208557129 (ms)
[RANK0] W @ 251.320556640625 (ms) to 256.57080078125 (ms), cudaEventElapsed = 5.233439922332764 (ms)
[RANK0] W @ 256.659912109375 (ms) to 262.04931640625 (ms), cudaEventElapsed = 5.371327877044678 (ms)
[RANK0] W @ 262.067626953125 (ms) to 267.501953125 (ms), cudaEventElapsed = 5.419360160827637 (ms)
[RANK0] B @ 267.598388671875 (ms) to 277.719970703125 (ms), cudaEventElapsed = 10.097696304321289 (ms)
[RANK0] W @ 277.81982421875 (ms) to 283.341796875 (ms), cudaEventElapsed = 5.505792140960693 (ms)
[RANK0] B @ 283.427490234375 (ms) to 294.0361328125 (ms), cudaEventElapsed = 10.590080261230469 (ms)
[RANK0] W @ 294.107177734375 (ms) to 299.65087890625 (ms), cudaEventElapsed = 5.51632022857666 (ms)
[RANK0] B @ 299.85986328125 (ms) to 310.685546875 (ms), cudaEventElapsed = 10.801088333129883 (ms)
[RANK0] W @ 310.756591796875 (ms) to 316.2734375 (ms), cudaEventElapsed = 5.490560054779053 (ms)
[RANK0] B @ 323.841064453125 (ms) to 333.190185546875 (ms), cudaEventElapsed = 9.324000358581543 (ms)
[RANK0] 1W @ 333.259521484375 (ms) to 338.626220703125 (ms), cudaEventElapsed = 5.341343879699707 (ms)
[RANK0] Iteration 7
[RANK0] F @ 1.201171875 (ms) to 10.482421875 (ms), cudaEventElapsed = 9.245471954345703 (ms)
[RANK0] F @ 10.629638671875 (ms) to 18.7880859375 (ms), cudaEventElapsed = 8.132863998413086 (ms)
[RANK0] F @ 18.92578125 (ms) to 27.0380859375 (ms), cudaEventElapsed = 8.085920333862305 (ms)
[RANK0] F @ 27.171142578125 (ms) to 35.3828125 (ms), cudaEventElapsed = 8.187583923339844 (ms)
[RANK0] F @ 35.514404296875 (ms) to 43.72705078125 (ms), cudaEventElapsed = 8.18825626373291 (ms)
[RANK0] F @ 43.859619140625 (ms) to 52.0927734375 (ms), cudaEventElapsed = 8.208736419677734 (ms)
[RANK0] F @ 52.230712890625 (ms) to 60.4287109375 (ms), cudaEventElapsed = 8.172287940979004 (ms)
[RANK0] B @ 75.022705078125 (ms) to 84.194091796875 (ms), cudaEventElapsed = 9.14419174194336 (ms)
[RANK0] F @ 84.296142578125 (ms) to 92.587890625 (ms), cudaEventElapsed = 8.271136283874512 (ms)
[RANK0] B @ 95.010986328125 (ms) to 104.1513671875 (ms), cudaEventElapsed = 9.114912033081055 (ms)
[RANK0] W @ 104.257080078125 (ms) to 109.650634765625 (ms), cudaEventElapsed = 5.37283182144165 (ms)
[RANK0] F @ 109.68017578125 (ms) to 117.934326171875 (ms), cudaEventElapsed = 8.2359037399292 (ms)
[RANK0] B @ 124.76806640625 (ms) to 134.9501953125 (ms), cudaEventElapsed = 10.15503978729248 (ms)
[RANK0] B @ 135.512451171875 (ms) to 144.62353515625 (ms), cudaEventElapsed = 9.090496063232422 (ms)
[RANK0] W @ 144.696044921875 (ms) to 150.003173828125 (ms), cudaEventElapsed = 5.272895812988281 (ms)
[RANK0] F @ 150.134765625 (ms) to 158.447998046875 (ms), cudaEventElapsed = 8.291872024536133 (ms)
[RANK0] B @ 166.93310546875 (ms) to 177.125732421875 (ms), cudaEventElapsed = 10.165823936462402 (ms)
[RANK0] B @ 177.461181640625 (ms) to 186.28955078125 (ms), cudaEventElapsed = 8.81174373626709 (ms)
[RANK0] W @ 186.31640625 (ms) to 191.56494140625 (ms), cudaEventElapsed = 5.23356819152832 (ms)
[RANK0] F @ 191.662841796875 (ms) to 200.033203125 (ms), cudaEventElapsed = 8.351296424865723 (ms)
[RANK0] B @ 206.23583984375 (ms) to 216.32568359375 (ms), cudaEventElapsed = 10.063936233520508 (ms)
[RANK0] B @ 216.885009765625 (ms) to 225.758544921875 (ms), cudaEventElapsed = 8.853504180908203 (ms)
[RANK0] W @ 225.8291015625 (ms) to 231.146484375 (ms), cudaEventElapsed = 5.281504154205322 (ms)
[RANK0] F @ 231.274658203125 (ms) to 239.522705078125 (ms), cudaEventElapsed = 8.226079940795898 (ms)
[RANK0] W @ 239.6484375 (ms) to 248.9033203125 (ms), cudaEventElapsed = 5.1915202140808105 (ms)
[RANK0] W @ 248.9287109375 (ms) to 254.159912109375 (ms), cudaEventElapsed = 5.214367866516113 (ms)
[RANK0] W @ 254.25537109375 (ms) to 259.605224609375 (ms), cudaEventElapsed = 5.3321919441223145 (ms)
[RANK0] W @ 259.624755859375 (ms) to 264.974365234375 (ms), cudaEventElapsed = 5.334815979003906 (ms)
[RANK0] B @ 265.07177734375 (ms) to 275.402587890625 (ms), cudaEventElapsed = 10.313695907592773 (ms)
[RANK0] W @ 275.505615234375 (ms) to 281.115966796875 (ms), cudaEventElapsed = 5.591328144073486 (ms)
[RANK0] B @ 281.20849609375 (ms) to 292.017333984375 (ms), cudaEventElapsed = 10.792896270751953 (ms)
[RANK0] W @ 292.04541015625 (ms) to 297.56591796875 (ms), cudaEventElapsed = 5.5049920082092285 (ms)
[RANK0] B @ 297.722900390625 (ms) to 308.674072265625 (ms), cudaEventElapsed = 10.931167602539062 (ms)
[RANK0] W @ 308.7451171875 (ms) to 314.302978515625 (ms), cudaEventElapsed = 5.529407978057861 (ms)
[RANK0] B @ 321.623779296875 (ms) to 331.108642578125 (ms), cudaEventElapsed = 9.462112426757812 (ms)
[RANK0] 1W @ 331.179443359375 (ms) to 336.54443359375 (ms), cudaEventElapsed = 5.337920188903809 (ms)
[RANK0] Iteration 8
[RANK0] F @ 1.26904296875 (ms) to 10.3134765625 (ms), cudaEventElapsed = 9.009920120239258 (ms)
[RANK0] F @ 10.453857421875 (ms) to 18.60546875 (ms), cudaEventElapsed = 8.126655578613281 (ms)
[RANK0] F @ 18.73828125 (ms) to 26.92333984375 (ms), cudaEventElapsed = 8.159903526306152 (ms)
[RANK0] F @ 27.05615234375 (ms) to 35.13134765625 (ms), cudaEventElapsed = 8.049759864807129 (ms)
[RANK0] F @ 35.262451171875 (ms) to 43.4599609375 (ms), cudaEventElapsed = 8.172575950622559 (ms)
[RANK0] F @ 43.591552734375 (ms) to 51.840087890625 (ms), cudaEventElapsed = 8.225503921508789 (ms)
[RANK0] F @ 51.976318359375 (ms) to 60.271240234375 (ms), cudaEventElapsed = 8.269120216369629 (ms)
[RANK0] B @ 75.170654296875 (ms) to 84.368408203125 (ms), cudaEventElapsed = 9.171135902404785 (ms)
[RANK0] F @ 84.468017578125 (ms) to 92.74169921875 (ms), cudaEventElapsed = 8.252767562866211 (ms)
[RANK0] B @ 94.99951171875 (ms) to 104.106689453125 (ms), cudaEventElapsed = 9.080256462097168 (ms)
[RANK0] W @ 104.216796875 (ms) to 109.6044921875 (ms), cudaEventElapsed = 5.3691840171813965 (ms)
[RANK0] F @ 109.632080078125 (ms) to 117.859375 (ms), cudaEventElapsed = 8.209759712219238 (ms)
[RANK0] B @ 124.79638671875 (ms) to 135.029541015625 (ms), cudaEventElapsed = 10.206815719604492 (ms)
[RANK0] B @ 136.120849609375 (ms) to 145.213134765625 (ms), cudaEventElapsed = 9.07203197479248 (ms)
[RANK0] W @ 145.285888671875 (ms) to 150.58349609375 (ms), cudaEventElapsed = 5.2682881355285645 (ms)
[RANK0] F @ 150.705078125 (ms) to 158.935302734375 (ms), cudaEventElapsed = 8.209152221679688 (ms)
[RANK0] B @ 168.448486328125 (ms) to 178.764404296875 (ms), cudaEventElapsed = 10.29043197631836 (ms)
[RANK0] B @ 179.4716796875 (ms) to 188.612060546875 (ms), cudaEventElapsed = 9.120672225952148 (ms)
[RANK0] W @ 188.686279296875 (ms) to 193.984130859375 (ms), cudaEventElapsed = 5.2682881355285645 (ms)
[RANK0] F @ 194.108642578125 (ms) to 202.4189453125 (ms), cudaEventElapsed = 8.287615776062012 (ms)
[RANK0] B @ 208.435302734375 (ms) to 218.690673828125 (ms), cudaEventElapsed = 10.229408264160156 (ms)
[RANK0] B @ 219.125244140625 (ms) to 228.24560546875 (ms), cudaEventElapsed = 9.099712371826172 (ms)
[RANK0] W @ 228.3193359375 (ms) to 233.612060546875 (ms), cudaEventElapsed = 5.266335964202881 (ms)
[RANK0] F @ 233.73583984375 (ms) to 242.167724609375 (ms), cudaEventElapsed = 8.410400390625 (ms)
[RANK0] W @ 242.29541015625 (ms) to 251.072509765625 (ms), cudaEventElapsed = 5.231776237487793 (ms)
[RANK0] W @ 251.09765625 (ms) to 256.35888671875 (ms), cudaEventElapsed = 5.241504192352295 (ms)
[RANK0] W @ 256.44580078125 (ms) to 261.856689453125 (ms), cudaEventElapsed = 5.3921918869018555 (ms)
[RANK0] W @ 261.877197265625 (ms) to 267.2666015625 (ms), cudaEventElapsed = 5.374368190765381 (ms)
[RANK0] B @ 267.357666015625 (ms) to 277.35400390625 (ms), cudaEventElapsed = 9.979519844055176 (ms)
[RANK0] W @ 277.4580078125 (ms) to 282.85546875 (ms), cudaEventElapsed = 5.380320072174072 (ms)
[RANK0] B @ 282.94140625 (ms) to 293.50146484375 (ms), cudaEventElapsed = 10.536831855773926 (ms)
[RANK0] W @ 293.572021484375 (ms) to 299.112060546875 (ms), cudaEventElapsed = 5.512767791748047 (ms)
[RANK0] B @ 299.304931640625 (ms) to 310.1015625 (ms), cudaEventElapsed = 10.774432182312012 (ms)
[RANK0] W @ 310.169921875 (ms) to 315.70947265625 (ms), cudaEventElapsed = 5.51091194152832 (ms)
[RANK0] B @ 322.563232421875 (ms) to 331.9130859375 (ms), cudaEventElapsed = 9.327520370483398 (ms)
[RANK0] 1W @ 331.9833984375 (ms) to 337.383544921875 (ms), cudaEventElapsed = 5.37337589263916 (ms)
[RANK0] Iteration 9
[RANK0] F @ 1.515869140625 (ms) to 10.457763671875 (ms), cudaEventElapsed = 8.908639907836914 (ms)
[RANK0] F @ 10.59521484375 (ms) to 18.762939453125 (ms), cudaEventElapsed = 8.143168449401855 (ms)
[RANK0] F @ 18.89453125 (ms) to 27.046875 (ms), cudaEventElapsed = 8.127488136291504 (ms)
[RANK0] F @ 27.1767578125 (ms) to 35.28515625 (ms), cudaEventElapsed = 8.083135604858398 (ms)
[RANK0] F @ 35.41455078125 (ms) to 43.66015625 (ms), cudaEventElapsed = 8.220704078674316 (ms)
[RANK0] F @ 43.7890625 (ms) to 115.2392578125 (ms), cudaEventElapsed = 8.129728317260742 (ms)
[RANK0] F @ 115.364501953125 (ms) to 220.052978515625 (ms), cudaEventElapsed = 7.9014081954956055 (ms)
[RANK0] B @ 395.195556640625 (ms) to 404.26318359375 (ms), cudaEventElapsed = 9.039839744567871 (ms)
[RANK0] F @ 404.365966796875 (ms) to 412.937255859375 (ms), cudaEventElapsed = 8.551008224487305 (ms)
[RANK0] B @ 527.91552734375 (ms) to 536.917724609375 (ms), cudaEventElapsed = 8.972640037536621 (ms)
[RANK0] W @ 537.03125 (ms) to 542.4013671875 (ms), cudaEventElapsed = 5.352896213531494 (ms)
[RANK0] F @ 542.427978515625 (ms) to 550.63720703125 (ms), cudaEventElapsed = 8.19155216217041 (ms)
[RANK0] B @ 634.154052734375 (ms) to 644.364501953125 (ms), cudaEventElapsed = 10.180191993713379 (ms)
[RANK0] B @ 722.289306640625 (ms) to 731.4189453125 (ms), cudaEventElapsed = 9.10092830657959 (ms)
[RANK0] W @ 731.499267578125 (ms) to 736.7763671875 (ms), cudaEventElapsed = 5.2508158683776855 (ms)
[RANK0] F @ 736.910400390625 (ms) to 745.585693359375 (ms), cudaEventElapsed = 8.65334415435791 (ms)
[RANK0] B @ 825.47021484375 (ms) to 835.693115234375 (ms), cudaEventElapsed = 10.193183898925781 (ms)
[RANK0] B @ 867.84326171875 (ms) to 876.96044921875 (ms), cudaEventElapsed = 9.09705638885498 (ms)
[RANK0] W @ 876.9931640625 (ms) to 882.2802734375 (ms), cudaEventElapsed = 5.263967990875244 (ms)
[RANK0] F @ 882.387939453125 (ms) to 890.750732421875 (ms), cudaEventElapsed = 8.342304229736328 (ms)
[RANK0] B @ 1008.2958984375 (ms) to 1018.429443359375 (ms), cudaEventElapsed = 10.098688125610352 (ms)
[RANK0] B @ 1050.776123046875 (ms) to 1059.648193359375 (ms), cudaEventElapsed = 8.847840309143066 (ms)
[RANK0] W @ 1059.72314453125 (ms) to 1065.02294921875 (ms), cudaEventElapsed = 5.272672176361084 (ms)
[RANK0] F @ 1065.151123046875 (ms) to 1073.8115234375 (ms), cudaEventElapsed = 8.63811206817627 (ms)
[RANK0] W @ 1073.93896484375 (ms) to 1194.095458984375 (ms), cudaEventElapsed = 5.207136154174805 (ms)
[RANK0] W @ 1194.12939453125 (ms) to 1199.385498046875 (ms), cudaEventElapsed = 5.2363200187683105 (ms)
[RANK0] W @ 1199.488525390625 (ms) to 1204.839599609375 (ms), cudaEventElapsed = 5.3336639404296875 (ms)
[RANK0] W @ 1204.860107421875 (ms) to 1210.212890625 (ms), cudaEventElapsed = 5.337215900421143 (ms)
[RANK0] B @ 1210.3125 (ms) to 1220.407470703125 (ms), cudaEventElapsed = 10.078047752380371 (ms)
[RANK0] W @ 1220.518310546875 (ms) to 1327.592529296875 (ms), cudaEventElapsed = 5.3130879402160645 (ms)
[RANK0] B @ 1327.683349609375 (ms) to 1337.755126953125 (ms), cudaEventElapsed = 10.049247741699219 (ms)
[RANK0] W @ 1337.82958984375 (ms) to 1343.243408203125 (ms), cudaEventElapsed = 5.386879920959473 (ms)
[RANK0] B @ 1412.426513671875 (ms) to 1422.503662109375 (ms), cudaEventElapsed = 10.051615715026855 (ms)
[RANK0] W @ 1422.57763671875 (ms) to 1427.980224609375 (ms), cudaEventElapsed = 5.375840187072754 (ms)
[RANK0] B @ 1480.61181640625 (ms) to 1489.507080078125 (ms), cudaEventElapsed = 8.868191719055176 (ms)
[RANK0] 1W @ 1489.58447265625 (ms) to 1494.932861328125 (ms), cudaEventElapsed = 5.322144031524658 (ms)
[RANK0] Iteration 10
[RANK0] F @ 0.94580078125 (ms) to 10.17529296875 (ms), cudaEventElapsed = 9.196191787719727 (ms)
[RANK0] F @ 10.311767578125 (ms) to 18.423095703125 (ms), cudaEventElapsed = 8.086560249328613 (ms)
[RANK0] F @ 18.557373046875 (ms) to 26.650634765625 (ms), cudaEventElapsed = 8.068191528320312 (ms)
[RANK0] F @ 26.783447265625 (ms) to 34.880126953125 (ms), cudaEventElapsed = 8.071552276611328 (ms)
[RANK0] F @ 35.0126953125 (ms) to 43.16357421875 (ms), cudaEventElapsed = 8.127103805541992 (ms)
[RANK0] F @ 43.29248046875 (ms) to 83.251708984375 (ms), cudaEventElapsed = 8.402688026428223 (ms)
[RANK0] F @ 83.390869140625 (ms) to 187.764892578125 (ms), cudaEventElapsed = 8.007583618164062 (ms)
[RANK0] B @ 363.131103515625 (ms) to 372.610595703125 (ms), cudaEventElapsed = 9.424127578735352 (ms)
[RANK0] F @ 372.783203125 (ms) to 381.652587890625 (ms), cudaEventElapsed = 8.848928451538086 (ms)
[RANK0] B @ 495.20458984375 (ms) to 504.5390625 (ms), cudaEventElapsed = 9.292960166931152 (ms)
[RANK0] W @ 504.6962890625 (ms) to 510.071044921875 (ms), cudaEventElapsed = 5.35532808303833 (ms)
[RANK0] F @ 510.10205078125 (ms) to 518.642822265625 (ms), cudaEventElapsed = 8.520159721374512 (ms)
[RANK0] B @ 601.678466796875 (ms) to 612.10400390625 (ms), cudaEventElapsed = 10.378047943115234 (ms)
[RANK0] B @ 689.593994140625 (ms) to 698.848876953125 (ms), cudaEventElapsed = 9.22060775756836 (ms)
[RANK0] W @ 698.9267578125 (ms) to 704.224853515625 (ms), cudaEventElapsed = 5.271520137786865 (ms)
[RANK0] F @ 704.37646484375 (ms) to 713.1708984375 (ms), cudaEventElapsed = 8.770879745483398 (ms)
[RANK0] B @ 792.856201171875 (ms) to 803.275390625 (ms), cudaEventElapsed = 10.38479995727539 (ms)
[RANK0] B @ 835.123291015625 (ms) to 844.40478515625 (ms), cudaEventElapsed = 9.254560470581055 (ms)
[RANK0] W @ 844.48291015625 (ms) to 849.777587890625 (ms), cudaEventElapsed = 5.256864070892334 (ms)
[RANK0] F @ 849.920654296875 (ms) to 858.46875 (ms), cudaEventElapsed = 8.522560119628906 (ms)
[RANK0] B @ 975.630615234375 (ms) to 986.0126953125 (ms), cudaEventElapsed = 10.336223602294922 (ms)
[RANK0] B @ 1017.93115234375 (ms) to 1027.115234375 (ms), cudaEventElapsed = 9.159711837768555 (ms)
[RANK0] W @ 1027.148193359375 (ms) to 1032.439453125 (ms), cudaEventElapsed = 5.264832019805908 (ms)
[RANK0] F @ 1032.546630859375 (ms) to 1041.180908203125 (ms), cudaEventElapsed = 8.614527702331543 (ms)
[RANK0] W @ 1041.3134765625 (ms) to 1161.608154296875 (ms), cudaEventElapsed = 5.18671989440918 (ms)
[RANK0] W @ 1161.660400390625 (ms) to 1166.918212890625 (ms), cudaEventElapsed = 5.230144023895264 (ms)
[RANK0] W @ 1167.04052734375 (ms) to 1172.3798828125 (ms), cudaEventElapsed = 5.320511817932129 (ms)
[RANK0] W @ 1172.404052734375 (ms) to 1177.768310546875 (ms), cudaEventElapsed = 5.347104072570801 (ms)
[RANK0] B @ 1177.8984375 (ms) to 1188.360107421875 (ms), cudaEventElapsed = 10.44377613067627 (ms)
[RANK0] W @ 1188.46826171875 (ms) to 1294.946044921875 (ms), cudaEventElapsed = 5.311391830444336 (ms)
[RANK0] B @ 1295.0888671875 (ms) to 1305.404296875 (ms), cudaEventElapsed = 10.289119720458984 (ms)
[RANK0] W @ 1305.48046875 (ms) to 1310.887451171875 (ms), cudaEventElapsed = 5.378496170043945 (ms)
[RANK0] B @ 1380.053466796875 (ms) to 1390.2978515625 (ms), cudaEventElapsed = 10.218496322631836 (ms)
[RANK0] W @ 1390.369873046875 (ms) to 1395.796142578125 (ms), cudaEventElapsed = 5.393280029296875 (ms)
[RANK0] B @ 1446.36767578125 (ms) to 1455.49609375 (ms), cudaEventElapsed = 9.105695724487305 (ms)
[RANK0] 1W @ 1455.5654296875 (ms) to 1460.920654296875 (ms), cudaEventElapsed = 5.330592155456543 (ms)
[RANK0] Iteration 11
[RANK0] F @ 0.826904296875 (ms) to 10.177001953125 (ms), cudaEventElapsed = 9.316415786743164 (ms)
[RANK0] F @ 10.325927734375 (ms) to 18.697998046875 (ms), cudaEventElapsed = 8.345439910888672 (ms)
[RANK0] F @ 18.834716796875 (ms) to 26.905517578125 (ms), cudaEventElapsed = 8.046208381652832 (ms)
[RANK0] F @ 27.038818359375 (ms) to 35.197509765625 (ms), cudaEventElapsed = 8.134943962097168 (ms)
[RANK0] F @ 35.33056640625 (ms) to 43.45751953125 (ms), cudaEventElapsed = 8.102911949157715 (ms)
[RANK0] F @ 43.58544921875 (ms) to 82.96630859375 (ms), cudaEventElapsed = 7.977791786193848 (ms)
[RANK0] F @ 83.094482421875 (ms) to 187.9140625 (ms), cudaEventElapsed = 7.924448013305664 (ms)
[RANK0] B @ 363.237060546875 (ms) to 372.367431640625 (ms), cudaEventElapsed = 9.100831985473633 (ms)
[RANK0] F @ 372.485595703125 (ms) to 380.78955078125 (ms), cudaEventElapsed = 8.28105640411377 (ms)
[RANK0] B @ 495.559326171875 (ms) to 504.6787109375 (ms), cudaEventElapsed = 9.089088439941406 (ms)
[RANK0] W @ 504.80419921875 (ms) to 510.180908203125 (ms), cudaEventElapsed = 5.357664108276367 (ms)
[RANK0] F @ 510.2158203125 (ms) to 518.4462890625 (ms), cudaEventElapsed = 8.212672233581543 (ms)
[RANK0] B @ 635.024169921875 (ms) to 645.1953125 (ms), cudaEventElapsed = 10.136608123779297 (ms)
[RANK0] B @ 689.925537109375 (ms) to 698.97900390625 (ms), cudaEventElapsed = 9.03222370147705 (ms)
[RANK0] W @ 699.049560546875 (ms) to 704.337646484375 (ms), cudaEventElapsed = 5.261695861816406 (ms)
[RANK0] F @ 704.4638671875 (ms) to 712.75048828125 (ms), cudaEventElapsed = 8.265279769897461 (ms)
[RANK0] B @ 834.776611328125 (ms) to 844.9443359375 (ms), cudaEventElapsed = 10.141632080078125 (ms)
[RANK0] B @ 867.412841796875 (ms) to 876.50439453125 (ms), cudaEventElapsed = 9.070560455322266 (ms)
[RANK0] W @ 876.57666015625 (ms) to 881.85693359375 (ms), cudaEventElapsed = 5.2506561279296875 (ms)
[RANK0] F @ 881.9833984375 (ms) to 890.381103515625 (ms), cudaEventElapsed = 8.374848365783691 (ms)
[RANK0] B @ 1030.9892578125 (ms) to 1041.1474609375 (ms), cudaEventElapsed = 10.13145637512207 (ms)
[RANK0] B @ 1076.588134765625 (ms) to 1085.709716796875 (ms), cudaEventElapsed = 9.100543975830078 (ms)
[RANK0] W @ 1085.782470703125 (ms) to 1091.101806640625 (ms), cudaEventElapsed = 5.281631946563721 (ms)
[RANK0] F @ 1091.22216796875 (ms) to 1099.481689453125 (ms), cudaEventElapsed = 8.237919807434082 (ms)
[RANK0] W @ 1099.612060546875 (ms) to 1219.495361328125 (ms), cudaEventElapsed = 5.212192058563232 (ms)
[RANK0] W @ 1219.525390625 (ms) to 1224.762451171875 (ms), cudaEventElapsed = 5.217055797576904 (ms)
[RANK0] W @ 1224.854248046875 (ms) to 1230.189453125 (ms), cudaEventElapsed = 5.316895961761475 (ms)
[RANK0] W @ 1230.21240234375 (ms) to 1235.5615234375 (ms), cudaEventElapsed = 5.333183765411377 (ms)
[RANK0] B @ 1235.654052734375 (ms) to 1245.81103515625 (ms), cudaEventElapsed = 10.139679908752441 (ms)
[RANK0] W @ 1245.91796875 (ms) to 1310.02783203125 (ms), cudaEventElapsed = 5.324960231781006 (ms)
[RANK0] B @ 1310.1181640625 (ms) to 1320.30810546875 (ms), cudaEventElapsed = 10.17347240447998 (ms)
[RANK0] W @ 1320.337646484375 (ms) to 1325.701416015625 (ms), cudaEventElapsed = 5.348415851593018 (ms)
[RANK0] B @ 1395.880615234375 (ms) to 1406.042236328125 (ms), cudaEventElapsed = 10.13974380493164 (ms)
[RANK0] W @ 1406.113525390625 (ms) to 1411.517578125 (ms), cudaEventElapsed = 5.378592014312744 (ms)
[RANK0] B @ 1463.93896484375 (ms) to 1473.01171875 (ms), cudaEventElapsed = 9.050271987915039 (ms)
[RANK0] 1W @ 1473.080810546875 (ms) to 1478.418701171875 (ms), cudaEventElapsed = 5.312320232391357 (ms)
[RANK0] Iteration 12
[RANK0] F @ 1.334716796875 (ms) to 10.24609375 (ms), cudaEventElapsed = 8.876511573791504 (ms)
[RANK0] F @ 10.388427734375 (ms) to 60.71630859375 (ms), cudaEventElapsed = 7.899231910705566 (ms)
[RANK0] F @ 60.854248046875 (ms) to 111.104736328125 (ms), cudaEventElapsed = 7.85532808303833 (ms)
[RANK0] F @ 111.245361328125 (ms) to 161.095947265625 (ms), cudaEventElapsed = 7.895423889160156 (ms)
[RANK0] F @ 161.237060546875 (ms) to 211.080810546875 (ms), cudaEventElapsed = 7.889567852020264 (ms)
[RANK0] F @ 211.2216796875 (ms) to 261.078369140625 (ms), cudaEventElapsed = 7.901631832122803 (ms)
[RANK0] F @ 261.21875 (ms) to 311.0361328125 (ms), cudaEventElapsed = 7.862016201019287 (ms)
[RANK0] B @ 454.40380859375 (ms) to 463.53759765625 (ms), cudaEventElapsed = 9.102144241333008 (ms)
[RANK0] F @ 463.63818359375 (ms) to 472.122314453125 (ms), cudaEventElapsed = 8.46348762512207 (ms)
[RANK0] B @ 632.78955078125 (ms) to 641.77978515625 (ms), cudaEventElapsed = 8.962400436401367 (ms)
[RANK0] W @ 641.89892578125 (ms) to 647.286376953125 (ms), cudaEventElapsed = 5.369887828826904 (ms)
[RANK0] F @ 647.313720703125 (ms) to 655.635498046875 (ms), cudaEventElapsed = 8.30339241027832 (ms)
[RANK0] B @ 731.426513671875 (ms) to 741.580322265625 (ms), cudaEventElapsed = 10.126688003540039 (ms)
[RANK0] B @ 779.635498046875 (ms) to 788.700927734375 (ms), cudaEventElapsed = 9.044992446899414 (ms)
[RANK0] W @ 788.775634765625 (ms) to 794.07421875 (ms), cudaEventElapsed = 5.262784004211426 (ms)
[RANK0] F @ 794.197021484375 (ms) to 802.562255859375 (ms), cudaEventElapsed = 8.343008041381836 (ms)
[RANK0] B @ 919.49560546875 (ms) to 929.640380859375 (ms), cudaEventElapsed = 10.118720054626465 (ms)
[RANK0] B @ 965.158203125 (ms) to 974.2314453125 (ms), cudaEventElapsed = 9.053119659423828 (ms)
[RANK0] W @ 974.304931640625 (ms) to 979.59521484375 (ms), cudaEventElapsed = 5.264287948608398 (ms)
[RANK0] F @ 979.72314453125 (ms) to 987.856201171875 (ms), cudaEventElapsed = 8.111712455749512 (ms)
[RANK0] B @ 1105.12158203125 (ms) to 1115.265380859375 (ms), cudaEventElapsed = 10.116671562194824 (ms)
[RANK0] B @ 1150.722900390625 (ms) to 1159.79736328125 (ms), cudaEventElapsed = 9.051072120666504 (ms)
[RANK0] W @ 1159.869384765625 (ms) to 1165.160400390625 (ms), cudaEventElapsed = 5.265408039093018 (ms)
[RANK0] F @ 1165.28857421875 (ms) to 1173.634033203125 (ms), cudaEventElapsed = 8.323840141296387 (ms)
[RANK0] W @ 1173.762451171875 (ms) to 1294.147216796875 (ms), cudaEventElapsed = 5.197760105133057 (ms)
[RANK0] W @ 1294.175048828125 (ms) to 1299.3916015625 (ms), cudaEventElapsed = 5.1985602378845215 (ms)
[RANK0] W @ 1299.481201171875 (ms) to 1304.840087890625 (ms), cudaEventElapsed = 5.339104175567627 (ms)
[RANK0] W @ 1304.86083984375 (ms) to 1310.1943359375 (ms), cudaEventElapsed = 5.318431854248047 (ms)
[RANK0] B @ 1310.2890625 (ms) to 1320.60791015625 (ms), cudaEventElapsed = 10.301759719848633 (ms)
[RANK0] W @ 1320.720947265625 (ms) to 1384.906982421875 (ms), cudaEventElapsed = 5.305312156677246 (ms)
[RANK0] B @ 1384.99658203125 (ms) to 1395.1953125 (ms), cudaEventElapsed = 10.180159568786621 (ms)
[RANK0] W @ 1395.267578125 (ms) to 1400.690185546875 (ms), cudaEventElapsed = 5.3909759521484375 (ms)
[RANK0] B @ 1470.7216796875 (ms) to 1480.881591796875 (ms), cudaEventElapsed = 10.135456085205078 (ms)
[RANK0] W @ 1480.951904296875 (ms) to 1486.3623046875 (ms), cudaEventElapsed = 5.383232116699219 (ms)
[RANK0] B @ 1539.9951171875 (ms) to 1549.090576171875 (ms), cudaEventElapsed = 9.071776390075684 (ms)
[RANK0] 1W @ 1549.161865234375 (ms) to 1554.4931640625 (ms), cudaEventElapsed = 5.304992198944092 (ms)
[RANK0] Iteration 13
[RANK0] F @ 1.3271484375 (ms) to 10.235107421875 (ms), cudaEventElapsed = 8.873567581176758 (ms)
[RANK0] F @ 10.37548828125 (ms) to 60.56689453125 (ms), cudaEventElapsed = 7.886623859405518 (ms)
[RANK0] F @ 60.703125 (ms) to 110.875732421875 (ms), cudaEventElapsed = 7.858687877655029 (ms)
[RANK0] F @ 111.01123046875 (ms) to 160.8681640625 (ms), cudaEventElapsed = 7.9009599685668945 (ms)
[RANK0] F @ 161.00146484375 (ms) to 210.811767578125 (ms), cudaEventElapsed = 7.853856086730957 (ms)
[RANK0] F @ 210.946044921875 (ms) to 260.80517578125 (ms), cudaEventElapsed = 7.903456211090088 (ms)
[RANK0] F @ 260.93994140625 (ms) to 310.73046875 (ms), cudaEventElapsed = 7.83516788482666 (ms)
[RANK0] B @ 452.2861328125 (ms) to 461.353515625 (ms), cudaEventElapsed = 9.041312217712402 (ms)
[RANK0] F @ 461.45458984375 (ms) to 469.806640625 (ms), cudaEventElapsed = 8.333215713500977 (ms)
[RANK0] B @ 630.1552734375 (ms) to 639.28662109375 (ms), cudaEventElapsed = 9.10268783569336 (ms)
[RANK0] W @ 639.395751953125 (ms) to 644.774658203125 (ms), cudaEventElapsed = 5.361216068267822 (ms)
[RANK0] F @ 644.80029296875 (ms) to 653.02001953125 (ms), cudaEventElapsed = 8.202207565307617 (ms)
[RANK0] B @ 728.850830078125 (ms) to 738.874755859375 (ms), cudaEventElapsed = 9.996512413024902 (ms)
[RANK0] B @ 776.95458984375 (ms) to 786.0458984375 (ms), cudaEventElapsed = 9.071359634399414 (ms)
[RANK0] W @ 786.119873046875 (ms) to 791.393798828125 (ms), cudaEventElapsed = 5.243199825286865 (ms)
[RANK0] F @ 791.525390625 (ms) to 799.7939453125 (ms), cudaEventElapsed = 8.245951652526855 (ms)
[RANK0] B @ 916.99560546875 (ms) to 927.1005859375 (ms), cudaEventElapsed = 10.076416015625 (ms)
[RANK0] B @ 962.603515625 (ms) to 971.715576171875 (ms), cudaEventElapsed = 9.093536376953125 (ms)
[RANK0] W @ 971.7421875 (ms) to 977.000732421875 (ms), cudaEventElapsed = 5.242303848266602 (ms)
[RANK0] F @ 977.101318359375 (ms) to 985.3173828125 (ms), cudaEventElapsed = 8.1976318359375 (ms)
[RANK0] B @ 1102.384521484375 (ms) to 1112.417724609375 (ms), cudaEventElapsed = 10.001184463500977 (ms)
[RANK0] B @ 1148.177734375 (ms) to 1157.22412109375 (ms), cudaEventElapsed = 9.026847839355469 (ms)
[RANK0] W @ 1157.296142578125 (ms) to 1162.593505859375 (ms), cudaEventElapsed = 5.271327972412109 (ms)
[RANK0] F @ 1162.728271484375 (ms) to 1171.0615234375 (ms), cudaEventElapsed = 8.310848236083984 (ms)
[RANK0] W @ 1171.19384765625 (ms) to 1291.23828125 (ms), cudaEventElapsed = 5.195712089538574 (ms)
[RANK0] W @ 1291.265625 (ms) to 1296.4892578125 (ms), cudaEventElapsed = 5.205887794494629 (ms)
[RANK0] W @ 1296.58544921875 (ms) to 1301.91015625 (ms), cudaEventElapsed = 5.305247783660889 (ms)
[RANK0] W @ 1301.93212890625 (ms) to 1307.261474609375 (ms), cudaEventElapsed = 5.314239978790283 (ms)
[RANK0] B @ 1307.353759765625 (ms) to 1317.631591796875 (ms), cudaEventElapsed = 10.26204776763916 (ms)
[RANK0] W @ 1317.73193359375 (ms) to 1381.788818359375 (ms), cudaEventElapsed = 5.3127360343933105 (ms)
[RANK0] B @ 1381.875732421875 (ms) to 1391.911865234375 (ms), cudaEventElapsed = 10.016544342041016 (ms)
[RANK0] W @ 1391.98388671875 (ms) to 1397.396728515625 (ms), cudaEventElapsed = 5.3856000900268555 (ms)
[RANK0] B @ 1468.260009765625 (ms) to 1478.417724609375 (ms), cudaEventElapsed = 10.134655952453613 (ms)
[RANK0] W @ 1478.487548828125 (ms) to 1483.898193359375 (ms), cudaEventElapsed = 5.386015892028809 (ms)
[RANK0] B @ 1541.24951171875 (ms) to 1550.30224609375 (ms), cudaEventElapsed = 9.031231880187988 (ms)
[RANK0] 1W @ 1550.372802734375 (ms) to 1555.71435546875 (ms), cudaEventElapsed = 5.315231800079346 (ms)
[RANK0] Iteration 14
[RANK0] F @ 1.347412109375 (ms) to 10.195068359375 (ms), cudaEventElapsed = 8.81328010559082 (ms)
[RANK0] F @ 10.335693359375 (ms) to 60.5185546875 (ms), cudaEventElapsed = 7.875391960144043 (ms)
[RANK0] F @ 60.6611328125 (ms) to 110.824462890625 (ms), cudaEventElapsed = 7.887423992156982 (ms)
[RANK0] F @ 110.963623046875 (ms) to 160.8857421875 (ms), cudaEventElapsed = 7.887968063354492 (ms)
[RANK0] F @ 161.023193359375 (ms) to 210.826416015625 (ms), cudaEventElapsed = 7.84716796875 (ms)
[RANK0] F @ 210.963623046875 (ms) to 260.83349609375 (ms), cudaEventElapsed = 7.914175987243652 (ms)
[RANK0] F @ 260.97265625 (ms) to 310.7958984375 (ms), cudaEventElapsed = 7.867616176605225 (ms)
[RANK0] B @ 454.160400390625 (ms) to 463.1240234375 (ms), cudaEventElapsed = 8.935168266296387 (ms)
[RANK0] F @ 463.2265625 (ms) to 471.634521484375 (ms), cudaEventElapsed = 8.387935638427734 (ms)
[RANK0] B @ 631.638427734375 (ms) to 640.6279296875 (ms), cudaEventElapsed = 8.960288047790527 (ms)
[RANK0] W @ 640.744140625 (ms) to 646.130615234375 (ms), cudaEventElapsed = 5.368288040161133 (ms)
[RANK0] F @ 646.156982421875 (ms) to 654.446044921875 (ms), cudaEventElapsed = 8.271615982055664 (ms)
[RANK0] B @ 718.279296875 (ms) to 728.416015625 (ms), cudaEventElapsed = 10.110207557678223 (ms)
[RANK0] B @ 751.9267578125 (ms) to 760.865478515625 (ms), cudaEventElapsed = 8.917823791503906 (ms)
[RANK0] W @ 760.937744140625 (ms) to 766.21728515625 (ms), cudaEventElapsed = 5.2527360916137695 (ms)
[RANK0] F @ 766.337158203125 (ms) to 774.65966796875 (ms), cudaEventElapsed = 8.301535606384277 (ms)
[RANK0] B @ 880.4130859375 (ms) to 890.482177734375 (ms), cudaEventElapsed = 10.04252815246582 (ms)
[RANK0] B @ 914.01953125 (ms) to 922.968505859375 (ms), cudaEventElapsed = 8.931424140930176 (ms)
[RANK0] W @ 922.993896484375 (ms) to 928.2490234375 (ms), cudaEventElapsed = 5.236256122589111 (ms)
[RANK0] F @ 928.35205078125 (ms) to 936.6953125 (ms), cudaEventElapsed = 8.324352264404297 (ms)
[RANK0] B @ 1056.19970703125 (ms) to 1066.21826171875 (ms), cudaEventElapsed = 9.990912437438965 (ms)
[RANK0] B @ 1089.80078125 (ms) to 1098.85986328125 (ms), cudaEventElapsed = 9.041279792785645 (ms)
[RANK0] W @ 1098.88623046875 (ms) to 1104.15185546875 (ms), cudaEventElapsed = 5.250783920288086 (ms)
[RANK0] F @ 1104.254150390625 (ms) to 1112.5439453125 (ms), cudaEventElapsed = 8.270879745483398 (ms)
[RANK0] W @ 1112.673095703125 (ms) to 1216.963134765625 (ms), cudaEventElapsed = 5.184576034545898 (ms)
[RANK0] W @ 1216.9912109375 (ms) to 1222.20361328125 (ms), cudaEventElapsed = 5.195104122161865 (ms)
[RANK0] W @ 1222.291748046875 (ms) to 1227.638427734375 (ms), cudaEventElapsed = 5.32755184173584 (ms)
[RANK0] W @ 1227.659423828125 (ms) to 1233.003173828125 (ms), cudaEventElapsed = 5.328192234039307 (ms)
[RANK0] B @ 1233.09423828125 (ms) to 1243.14111328125 (ms), cudaEventElapsed = 10.029439926147461 (ms)
[RANK0] W @ 1243.247314453125 (ms) to 1291.424072265625 (ms), cudaEventElapsed = 5.312416076660156 (ms)
[RANK0] B @ 1291.512451171875 (ms) to 1301.696044921875 (ms), cudaEventElapsed = 10.165727615356445 (ms)
[RANK0] W @ 1301.767333984375 (ms) to 1307.17138671875 (ms), cudaEventElapsed = 5.3785600662231445 (ms)
[RANK0] B @ 1367.384521484375 (ms) to 1377.44091796875 (ms), cudaEventElapsed = 10.030240058898926 (ms)
[RANK0] W @ 1377.51611328125 (ms) to 1382.932373046875 (ms), cudaEventElapsed = 5.388095855712891 (ms)
[RANK0] B @ 1432.763671875 (ms) to 1441.761962890625 (ms), cudaEventElapsed = 8.974623680114746 (ms)
[RANK0] 1W @ 1441.83203125 (ms) to 1447.163818359375 (ms), cudaEventElapsed = 5.300640106201172 (ms)
[RANK0] Iteration 15
[RANK0] F @ 1.360595703125 (ms) to 10.23876953125 (ms), cudaEventElapsed = 8.844032287597656 (ms)
[RANK0] F @ 10.385498046875 (ms) to 60.74560546875 (ms), cudaEventElapsed = 8.053279876708984 (ms)
[RANK0] F @ 60.892333984375 (ms) to 111.058349609375 (ms), cudaEventElapsed = 7.888864040374756 (ms)
[RANK0] F @ 111.205322265625 (ms) to 161.14404296875 (ms), cudaEventElapsed = 7.981152057647705 (ms)
[RANK0] F @ 161.281494140625 (ms) to 211.240234375 (ms), cudaEventElapsed = 8.002880096435547 (ms)
[RANK0] F @ 211.400146484375 (ms) to 261.41015625 (ms), cudaEventElapsed = 8.06003189086914 (ms)
[RANK0] F @ 261.568603515625 (ms) to 311.512451171875 (ms), cudaEventElapsed = 7.995584011077881 (ms)
[RANK0] B @ 417.9033203125 (ms) to 426.938232421875 (ms), cudaEventElapsed = 9.00380802154541 (ms)
[RANK0] F @ 427.045654296875 (ms) to 435.73876953125 (ms), cudaEventElapsed = 8.672320365905762 (ms)
[RANK0] B @ 585.66845703125 (ms) to 594.798583984375 (ms), cudaEventElapsed = 9.10102367401123 (ms)
[RANK0] W @ 594.91650390625 (ms) to 600.296875 (ms), cudaEventElapsed = 5.361311912536621 (ms)
[RANK0] F @ 600.32958984375 (ms) to 608.8828125 (ms), cudaEventElapsed = 8.532511711120605 (ms)
[RANK0] B @ 672.93310546875 (ms) to 682.969482421875 (ms), cudaEventElapsed = 10.009119987487793 (ms)
[RANK0] B @ 717.322509765625 (ms) to 726.190185546875 (ms), cudaEventElapsed = 8.848352432250977 (ms)
[RANK0] W @ 726.220947265625 (ms) to 731.4775390625 (ms), cudaEventElapsed = 5.238687992095947 (ms)
[RANK0] F @ 731.59619140625 (ms) to 740.094482421875 (ms), cudaEventElapsed = 8.475744247436523 (ms)
[RANK0] B @ 848.4599609375 (ms) to 858.481201171875 (ms), cudaEventElapsed = 9.991840362548828 (ms)
[RANK0] B @ 882.0400390625 (ms) to 890.853515625 (ms), cudaEventElapsed = 8.794272422790527 (ms)
[RANK0] W @ 890.927490234375 (ms) to 896.20458984375 (ms), cudaEventElapsed = 5.253280162811279 (ms)
[RANK0] F @ 896.333984375 (ms) to 904.673583984375 (ms), cudaEventElapsed = 8.318431854248047 (ms)
[RANK0] B @ 1023.924560546875 (ms) to 1033.857177734375 (ms), cudaEventElapsed = 9.902560234069824 (ms)
[RANK0] B @ 1057.544677734375 (ms) to 1066.3427734375 (ms), cudaEventElapsed = 8.778719902038574 (ms)
[RANK0] W @ 1066.36962890625 (ms) to 1071.61865234375 (ms), cudaEventElapsed = 5.2342400550842285 (ms)
[RANK0] F @ 1071.71923828125 (ms) to 1080.06640625 (ms), cudaEventElapsed = 8.320223808288574 (ms)
[RANK0] W @ 1080.201416015625 (ms) to 1184.378662109375 (ms), cudaEventElapsed = 5.192287921905518 (ms)
[RANK0] W @ 1184.40625 (ms) to 1189.619140625 (ms), cudaEventElapsed = 5.193471908569336 (ms)
[RANK0] W @ 1189.707763671875 (ms) to 1195.034912109375 (ms), cudaEventElapsed = 5.309279918670654 (ms)
[RANK0] W @ 1195.052734375 (ms) to 1200.396240234375 (ms), cudaEventElapsed = 5.328415870666504 (ms)
[RANK0] B @ 1200.49072265625 (ms) to 1210.632080078125 (ms), cudaEventElapsed = 10.125408172607422 (ms)
[RANK0] W @ 1210.731201171875 (ms) to 1258.945556640625 (ms), cudaEventElapsed = 5.306848049163818 (ms)
[RANK0] B @ 1259.03173828125 (ms) to 1269.219970703125 (ms), cudaEventElapsed = 10.168959617614746 (ms)
[RANK0] W @ 1269.291259765625 (ms) to 1274.7158203125 (ms), cudaEventElapsed = 5.395936012268066 (ms)
[RANK0] B @ 1334.94287109375 (ms) to 1344.998779296875 (ms), cudaEventElapsed = 10.03104019165039 (ms)
[RANK0] W @ 1345.07177734375 (ms) to 1350.482666015625 (ms), cudaEventElapsed = 5.381951808929443 (ms)
[RANK0] B @ 1401.140869140625 (ms) to 1410.202880859375 (ms), cudaEventElapsed = 9.038816452026367 (ms)
[RANK0] 1W @ 1410.27392578125 (ms) to 1415.58935546875 (ms), cudaEventElapsed = 5.28988790512085 (ms)
[RANK0] Iteration 16
[RANK0] F @ 0.574462890625 (ms) to 150.69677734375 (ms), cudaEventElapsed = 150.0882568359375 (ms)
[RANK0] F @ 150.84716796875 (ms) to 200.236572265625 (ms), cudaEventElapsed = 7.441664218902588 (ms)
[RANK0] F @ 200.377197265625 (ms) to 249.724609375 (ms), cudaEventElapsed = 7.3942718505859375 (ms)
[RANK0] F @ 249.861083984375 (ms) to 299.14306640625 (ms), cudaEventElapsed = 7.327455997467041 (ms)
[RANK0] F @ 299.283935546875 (ms) to 408.140380859375 (ms), cudaEventElapsed = 7.4503679275512695 (ms)
[RANK0] F @ 408.274169921875 (ms) to 457.7431640625 (ms), cudaEventElapsed = 7.511775970458984 (ms)
[RANK0] F @ 457.874267578125 (ms) to 507.3505859375 (ms), cudaEventElapsed = 7.519423961639404 (ms)
[RANK0] F @ 507.494873046875 (ms) to 622.77490234375 (ms), cudaEventElapsed = 7.47983980178833 (ms)
[RANK0] F @ 622.918212890625 (ms) to 672.358642578125 (ms), cudaEventElapsed = 7.493824005126953 (ms)
[RANK0] F @ 672.51171875 (ms) to 721.828857421875 (ms), cudaEventElapsed = 7.37775993347168 (ms)
[RANK0] F @ 721.97021484375 (ms) to 851.546875 (ms), cudaEventElapsed = 7.395391941070557 (ms)
[RANK0] F @ 851.6962890625 (ms) to 900.99853515625 (ms), cudaEventElapsed = 7.358528137207031 (ms)
