[RANK3] Iteration 1
[RANK3] F @ 4423.554443359375 (ms) to 5229.158935546875 (ms), cudaEventElapsed = 805.530517578125 (ms)
[RANK3] B @ 5229.345458984375 (ms) to 5518.511474609375 (ms), cudaEventElapsed = 289.1364440917969 (ms)
[RANK3] F @ 5656.478271484375 (ms) to 5668.724853515625 (ms), cudaEventElapsed = 12.196864128112793 (ms)
[RANK3] B @ 5668.77685546875 (ms) to 5677.8017578125 (ms), cudaEventElapsed = 9.002880096435547 (ms)
[RANK3] F @ 6095.27099609375 (ms) to 6105.53271484375 (ms), cudaEventElapsed = 10.2008638381958 (ms)
[RANK3] B @ 6105.582763671875 (ms) to 6114.646484375 (ms), cudaEventElapsed = 9.042240142822266 (ms)
[RANK3] F @ 6523.6904296875 (ms) to 6539.561767578125 (ms), cudaEventElapsed = 15.828543663024902 (ms)
[RANK3] B @ 6539.604248046875 (ms) to 6550.310546875 (ms), cudaEventElapsed = 10.684896469116211 (ms)
[RANK3] F @ 6954.8984375 (ms) to 6965.113037109375 (ms), cudaEventElapsed = 10.166015625 (ms)
[RANK3] B @ 6965.15673828125 (ms) to 6974.942626953125 (ms), cudaEventElapsed = 9.763903617858887 (ms)
[RANK3] F @ 6975.57958984375 (ms) to 6985.18505859375 (ms), cudaEventElapsed = 9.580191612243652 (ms)
[RANK3] B @ 6985.229736328125 (ms) to 6994.174072265625 (ms), cudaEventElapsed = 8.924351692199707 (ms)
[RANK3] F @ 7002.974853515625 (ms) to 7012.25146484375 (ms), cudaEventElapsed = 9.251935958862305 (ms)
[RANK3] B @ 7012.2998046875 (ms) to 7021.277099609375 (ms), cudaEventElapsed = 8.954527854919434 (ms)
[RANK3] F @ 7021.448486328125 (ms) to 7030.807373046875 (ms), cudaEventElapsed = 9.335904121398926 (ms)
[RANK3] B @ 7030.931640625 (ms) to 7040.8408203125 (ms), cudaEventElapsed = 9.8853120803833 (ms)
[RANK3] W @ 7040.929931640625 (ms) to 7047.064697265625 (ms), cudaEventElapsed = 6.113952159881592 (ms)
[RANK3] F @ 7047.17529296875 (ms) to 7056.4990234375 (ms), cudaEventElapsed = 9.30128002166748 (ms)
[RANK3] B @ 7056.54638671875 (ms) to 7065.531494140625 (ms), cudaEventElapsed = 8.96406364440918 (ms)
[RANK3] W @ 7065.670166015625 (ms) to 7072.11865234375 (ms), cudaEventElapsed = 5.74348783493042 (ms)
[RANK3] F @ 7075.658447265625 (ms) to 7084.93017578125 (ms), cudaEventElapsed = 9.2510404586792 (ms)
[RANK3] B @ 7084.97607421875 (ms) to 7093.94482421875 (ms), cudaEventElapsed = 8.949248313903809 (ms)
[RANK3] W @ 7094.08447265625 (ms) to 7100.29345703125 (ms), cudaEventElapsed = 5.757567882537842 (ms)
[RANK3] F @ 7100.951904296875 (ms) to 7110.340087890625 (ms), cudaEventElapsed = 9.367136001586914 (ms)
[RANK3] B @ 7110.38720703125 (ms) to 7119.385498046875 (ms), cudaEventElapsed = 8.978976249694824 (ms)
[RANK3] W @ 7119.5205078125 (ms) to 7125.74169921875 (ms), cudaEventElapsed = 5.767360210418701 (ms)
[RANK3] F @ 7126.621337890625 (ms) to 7136.056640625 (ms), cudaEventElapsed = 9.415360450744629 (ms)
[RANK3] B @ 7136.102294921875 (ms) to 7145.01953125 (ms), cudaEventElapsed = 8.896896362304688 (ms)
[RANK3] 8W @ 7145.12939453125 (ms) to 7190.88427734375 (ms), cudaEventElapsed = 45.73276901245117 (ms)
[RANK3] Iteration 2
[RANK3] F @ 29.43603515625 (ms) to 39.368408203125 (ms), cudaEventElapsed = 9.885984420776367 (ms)
[RANK3] B @ 39.531982421875 (ms) to 49.576416015625 (ms), cudaEventElapsed = 10.019231796264648 (ms)
[RANK3] F @ 49.781005859375 (ms) to 59.265625 (ms), cudaEventElapsed = 9.45907211303711 (ms)
[RANK3] B @ 59.32568359375 (ms) to 68.09228515625 (ms), cudaEventElapsed = 8.74403190612793 (ms)
[RANK3] F @ 68.713134765625 (ms) to 77.983642578125 (ms), cudaEventElapsed = 9.245216369628906 (ms)
[RANK3] B @ 78.044189453125 (ms) to 86.7587890625 (ms), cudaEventElapsed = 8.69279956817627 (ms)
[RANK3] F @ 87.41845703125 (ms) to 96.701171875 (ms), cudaEventElapsed = 9.257439613342285 (ms)
[RANK3] B @ 96.765625 (ms) to 105.52587890625 (ms), cudaEventElapsed = 8.737824440002441 (ms)
[RANK3] F @ 106.1611328125 (ms) to 115.38720703125 (ms), cudaEventElapsed = 9.200511932373047 (ms)
[RANK3] B @ 115.44873046875 (ms) to 124.3525390625 (ms), cudaEventElapsed = 8.8820161819458 (ms)
[RANK3] F @ 124.983154296875 (ms) to 134.37646484375 (ms), cudaEventElapsed = 9.36950397491455 (ms)
[RANK3] B @ 134.43701171875 (ms) to 143.400634765625 (ms), cudaEventElapsed = 8.941568374633789 (ms)
[RANK3] F @ 144.0986328125 (ms) to 153.3095703125 (ms), cudaEventElapsed = 9.186495780944824 (ms)
[RANK3] B @ 153.368896484375 (ms) to 162.3037109375 (ms), cudaEventElapsed = 8.91107177734375 (ms)
[RANK3] F @ 162.59033203125 (ms) to 171.900390625 (ms), cudaEventElapsed = 9.274720191955566 (ms)
[RANK3] B @ 172.041748046875 (ms) to 180.96240234375 (ms), cudaEventElapsed = 8.896608352661133 (ms)
[RANK3] W @ 181.07177734375 (ms) to 186.81396484375 (ms), cudaEventElapsed = 5.721312046051025 (ms)
[RANK3] F @ 186.92138671875 (ms) to 196.254638671875 (ms), cudaEventElapsed = 9.311903953552246 (ms)
[RANK3] B @ 196.314208984375 (ms) to 205.242919921875 (ms), cudaEventElapsed = 8.90668773651123 (ms)
[RANK3] W @ 205.403076171875 (ms) to 211.5771484375 (ms), cudaEventElapsed = 5.715392112731934 (ms)
[RANK3] F @ 211.684814453125 (ms) to 220.97509765625 (ms), cudaEventElapsed = 9.268223762512207 (ms)
[RANK3] B @ 221.03515625 (ms) to 229.97802734375 (ms), cudaEventElapsed = 8.921440124511719 (ms)
[RANK3] W @ 230.138671875 (ms) to 236.31640625 (ms), cudaEventElapsed = 5.750112056732178 (ms)
[RANK3] F @ 236.431640625 (ms) to 245.77392578125 (ms), cudaEventElapsed = 9.314784049987793 (ms)
[RANK3] B @ 245.832275390625 (ms) to 254.79736328125 (ms), cudaEventElapsed = 8.943552017211914 (ms)
[RANK3] W @ 254.962646484375 (ms) to 261.273193359375 (ms), cudaEventElapsed = 5.790016174316406 (ms)
[RANK3] F @ 261.380859375 (ms) to 270.800537109375 (ms), cudaEventElapsed = 9.394463539123535 (ms)
[RANK3] B @ 270.8564453125 (ms) to 279.876220703125 (ms), cudaEventElapsed = 8.998815536499023 (ms)
[RANK3] 8W @ 280.001953125 (ms) to 325.549072265625 (ms), cudaEventElapsed = 45.51932907104492 (ms)
[RANK3] Iteration 3
[RANK3] F @ 28.78955078125 (ms) to 38.37646484375 (ms), cudaEventElapsed = 9.550111770629883 (ms)
[RANK3] B @ 38.5244140625 (ms) to 48.674072265625 (ms), cudaEventElapsed = 10.124735832214355 (ms)
[RANK3] F @ 48.855712890625 (ms) to 58.16357421875 (ms), cudaEventElapsed = 9.283167839050293 (ms)
[RANK3] B @ 58.223388671875 (ms) to 67.139404296875 (ms), cudaEventElapsed = 8.894623756408691 (ms)
[RANK3] F @ 67.7666015625 (ms) to 77.0322265625 (ms), cudaEventElapsed = 9.240639686584473 (ms)
[RANK3] B @ 77.0927734375 (ms) to 86.069091796875 (ms), cudaEventElapsed = 8.954527854919434 (ms)
[RANK3] F @ 86.73779296875 (ms) to 96.061767578125 (ms), cudaEventElapsed = 9.298656463623047 (ms)
[RANK3] B @ 96.1220703125 (ms) to 105.049072265625 (ms), cudaEventElapsed = 8.904800415039062 (ms)
[RANK3] F @ 105.728515625 (ms) to 114.968017578125 (ms), cudaEventElapsed = 9.215359687805176 (ms)
[RANK3] B @ 115.024658203125 (ms) to 123.9521484375 (ms), cudaEventElapsed = 8.9071683883667 (ms)
[RANK3] F @ 124.5703125 (ms) to 133.897216796875 (ms), cudaEventElapsed = 9.303135871887207 (ms)
[RANK3] B @ 133.9541015625 (ms) to 142.911376953125 (ms), cudaEventElapsed = 8.936479568481445 (ms)
[RANK3] F @ 143.542724609375 (ms) to 152.830078125 (ms), cudaEventElapsed = 9.261887550354004 (ms)
[RANK3] B @ 152.885986328125 (ms) to 161.8447265625 (ms), cudaEventElapsed = 8.93667221069336 (ms)
[RANK3] F @ 162.0400390625 (ms) to 171.396484375 (ms), cudaEventElapsed = 9.33187198638916 (ms)
[RANK3] B @ 171.534912109375 (ms) to 180.487548828125 (ms), cudaEventElapsed = 8.928000450134277 (ms)
[RANK3] W @ 180.59521484375 (ms) to 186.333984375 (ms), cudaEventElapsed = 5.717184066772461 (ms)
[RANK3] F @ 186.439208984375 (ms) to 195.822509765625 (ms), cudaEventElapsed = 9.361632347106934 (ms)
[RANK3] B @ 195.879150390625 (ms) to 204.890869140625 (ms), cudaEventElapsed = 8.99078369140625 (ms)
[RANK3] W @ 205.052001953125 (ms) to 211.21435546875 (ms), cudaEventElapsed = 5.739039897918701 (ms)
[RANK3] F @ 211.322509765625 (ms) to 220.7294921875 (ms), cudaEventElapsed = 9.380895614624023 (ms)
[RANK3] B @ 220.78466796875 (ms) to 229.607421875 (ms), cudaEventElapsed = 8.801600456237793 (ms)
[RANK3] W @ 229.766357421875 (ms) to 235.9599609375 (ms), cudaEventElapsed = 5.740479946136475 (ms)
[RANK3] F @ 236.066650390625 (ms) to 245.437744140625 (ms), cudaEventElapsed = 9.349823951721191 (ms)
[RANK3] B @ 245.49658203125 (ms) to 254.230712890625 (ms), cudaEventElapsed = 8.712384223937988 (ms)
[RANK3] W @ 254.390869140625 (ms) to 260.5947265625 (ms), cudaEventElapsed = 5.774496078491211 (ms)
[RANK3] F @ 261.0791015625 (ms) to 270.474609375 (ms), cudaEventElapsed = 9.371583938598633 (ms)
[RANK3] B @ 270.532470703125 (ms) to 279.21728515625 (ms), cudaEventElapsed = 8.663583755493164 (ms)
[RANK3] 8W @ 279.35205078125 (ms) to 325.139892578125 (ms), cudaEventElapsed = 45.76451110839844 (ms)
[RANK3] Iteration 4
[RANK3] F @ 28.82958984375 (ms) to 38.431396484375 (ms), cudaEventElapsed = 9.564672470092773 (ms)
[RANK3] B @ 38.58544921875 (ms) to 48.623046875 (ms), cudaEventElapsed = 10.013376235961914 (ms)
[RANK3] F @ 48.827880859375 (ms) to 58.328857421875 (ms), cudaEventElapsed = 9.467264175415039 (ms)
[RANK3] B @ 58.38818359375 (ms) to 67.1259765625 (ms), cudaEventElapsed = 8.715392112731934 (ms)
[RANK3] F @ 67.787109375 (ms) to 77.06298828125 (ms), cudaEventElapsed = 9.25062370300293 (ms)
[RANK3] B @ 77.122314453125 (ms) to 85.89111328125 (ms), cudaEventElapsed = 8.747520446777344 (ms)
[RANK3] F @ 86.53759765625 (ms) to 95.88330078125 (ms), cudaEventElapsed = 9.320320129394531 (ms)
[RANK3] B @ 95.950439453125 (ms) to 104.93798828125 (ms), cudaEventElapsed = 8.963935852050781 (ms)
[RANK3] F @ 105.613037109375 (ms) to 114.84423828125 (ms), cudaEventElapsed = 9.206496238708496 (ms)
[RANK3] B @ 114.91064453125 (ms) to 123.874755859375 (ms), cudaEventElapsed = 8.940832138061523 (ms)
[RANK3] F @ 124.5419921875 (ms) to 133.92529296875 (ms), cudaEventElapsed = 9.35865592956543 (ms)
[RANK3] B @ 133.985595703125 (ms) to 142.819580078125 (ms), cudaEventElapsed = 8.812640190124512 (ms)
[RANK3] F @ 143.447021484375 (ms) to 152.727783203125 (ms), cudaEventElapsed = 9.256319999694824 (ms)
[RANK3] B @ 152.78564453125 (ms) to 161.484130859375 (ms), cudaEventElapsed = 8.676992416381836 (ms)
[RANK3] F @ 161.672607421875 (ms) to 170.90087890625 (ms), cudaEventElapsed = 9.204319953918457 (ms)
[RANK3] B @ 171.040283203125 (ms) to 179.97265625 (ms), cudaEventElapsed = 8.908448219299316 (ms)
[RANK3] W @ 180.090576171875 (ms) to 185.8544921875 (ms), cudaEventElapsed = 5.7415361404418945 (ms)
[RANK3] F @ 185.95458984375 (ms) to 195.190185546875 (ms), cudaEventElapsed = 9.214112281799316 (ms)
[RANK3] B @ 195.256103515625 (ms) to 203.978271484375 (ms), cudaEventElapsed = 8.699551582336426 (ms)
[RANK3] W @ 204.156494140625 (ms) to 210.340576171875 (ms), cudaEventElapsed = 5.74073600769043 (ms)
[RANK3] F @ 210.4423828125 (ms) to 219.815185546875 (ms), cudaEventElapsed = 9.348832130432129 (ms)
[RANK3] B @ 219.871337890625 (ms) to 228.85693359375 (ms), cudaEventElapsed = 8.965279579162598 (ms)
[RANK3] W @ 229.019287109375 (ms) to 235.17626953125 (ms), cudaEventElapsed = 5.734335899353027 (ms)
[RANK3] F @ 235.282470703125 (ms) to 244.656494140625 (ms), cudaEventElapsed = 9.351776123046875 (ms)
[RANK3] B @ 244.711669921875 (ms) to 253.709716796875 (ms), cudaEventElapsed = 8.976703643798828 (ms)
[RANK3] W @ 253.869873046875 (ms) to 260.06689453125 (ms), cudaEventElapsed = 5.78710412979126 (ms)
[RANK3] F @ 260.210693359375 (ms) to 269.58349609375 (ms), cudaEventElapsed = 9.351872444152832 (ms)
[RANK3] B @ 269.638427734375 (ms) to 278.6015625 (ms), cudaEventElapsed = 8.942432403564453 (ms)
[RANK3] 8W @ 278.734130859375 (ms) to 324.221923828125 (ms), cudaEventElapsed = 45.4640007019043 (ms)
[RANK3] Iteration 5
[RANK3] F @ 28.395751953125 (ms) to 38.01904296875 (ms), cudaEventElapsed = 9.585824012756348 (ms)
[RANK3] B @ 38.173095703125 (ms) to 48.535888671875 (ms), cudaEventElapsed = 10.338784217834473 (ms)
[RANK3] F @ 48.715576171875 (ms) to 58.1064453125 (ms), cudaEventElapsed = 9.368255615234375 (ms)
[RANK3] B @ 58.16552734375 (ms) to 67.2587890625 (ms), cudaEventElapsed = 9.072383880615234 (ms)
[RANK3] F @ 67.896240234375 (ms) to 77.2373046875 (ms), cudaEventElapsed = 9.316448211669922 (ms)
[RANK3] B @ 77.296630859375 (ms) to 86.383544921875 (ms), cudaEventElapsed = 9.064576148986816 (ms)
[RANK3] F @ 87.013427734375 (ms) to 96.370849609375 (ms), cudaEventElapsed = 9.333184242248535 (ms)
[RANK3] B @ 96.430908203125 (ms) to 105.51416015625 (ms), cudaEventElapsed = 9.06163215637207 (ms)
[RANK3] F @ 106.1455078125 (ms) to 115.5029296875 (ms), cudaEventElapsed = 9.33296012878418 (ms)
[RANK3] B @ 115.5654296875 (ms) to 124.878662109375 (ms), cudaEventElapsed = 9.291040420532227 (ms)
[RANK3] F @ 125.532958984375 (ms) to 134.993896484375 (ms), cudaEventElapsed = 9.435903549194336 (ms)
[RANK3] B @ 135.052978515625 (ms) to 144.370849609375 (ms), cudaEventElapsed = 9.296192169189453 (ms)
[RANK3] F @ 145.002685546875 (ms) to 154.4130859375 (ms), cudaEventElapsed = 9.384415626525879 (ms)
[RANK3] B @ 154.474853515625 (ms) to 163.78173828125 (ms), cudaEventElapsed = 9.285280227661133 (ms)
[RANK3] F @ 163.98291015625 (ms) to 173.36474609375 (ms), cudaEventElapsed = 9.357760429382324 (ms)
[RANK3] B @ 173.502685546875 (ms) to 182.96435546875 (ms), cudaEventElapsed = 9.437536239624023 (ms)
[RANK3] W @ 183.070068359375 (ms) to 188.899658203125 (ms), cudaEventElapsed = 5.808063983917236 (ms)
[RANK3] F @ 189.00439453125 (ms) to 198.376220703125 (ms), cudaEventElapsed = 9.350336074829102 (ms)
[RANK3] B @ 198.435546875 (ms) to 207.790283203125 (ms), cudaEventElapsed = 9.33356761932373 (ms)
[RANK3] W @ 207.948974609375 (ms) to 214.28125 (ms), cudaEventElapsed = 5.892640113830566 (ms)
[RANK3] F @ 214.38720703125 (ms) to 223.9521484375 (ms), cudaEventElapsed = 9.543487548828125 (ms)
[RANK3] B @ 224.010009765625 (ms) to 233.527587890625 (ms), cudaEventElapsed = 9.496383666992188 (ms)
[RANK3] W @ 233.685302734375 (ms) to 240.065185546875 (ms), cudaEventElapsed = 5.958335876464844 (ms)
[RANK3] F @ 240.1669921875 (ms) to 249.61865234375 (ms), cudaEventElapsed = 9.43017578125 (ms)
[RANK3] B @ 249.6767578125 (ms) to 259.138427734375 (ms), cudaEventElapsed = 9.440640449523926 (ms)
[RANK3] W @ 259.310302734375 (ms) to 265.708251953125 (ms), cudaEventElapsed = 5.9212799072265625 (ms)
[RANK3] F @ 267.051513671875 (ms) to 276.607177734375 (ms), cudaEventElapsed = 9.533856391906738 (ms)
[RANK3] B @ 276.666259765625 (ms) to 286.071533203125 (ms), cudaEventElapsed = 9.384575843811035 (ms)
[RANK3] 8W @ 286.20068359375 (ms) to 332.856689453125 (ms), cudaEventElapsed = 46.63283157348633 (ms)
[RANK3] Iteration 6
[RANK3] F @ 29.4951171875 (ms) to 39.18505859375 (ms), cudaEventElapsed = 9.652128219604492 (ms)
[RANK3] B @ 39.3466796875 (ms) to 49.895263671875 (ms), cudaEventElapsed = 10.520575523376465 (ms)
[RANK3] F @ 50.067626953125 (ms) to 59.4072265625 (ms), cudaEventElapsed = 9.316767692565918 (ms)
[RANK3] B @ 59.467529296875 (ms) to 68.794189453125 (ms), cudaEventElapsed = 9.30457592010498 (ms)
[RANK3] F @ 69.418212890625 (ms) to 78.789794921875 (ms), cudaEventElapsed = 9.346688270568848 (ms)
[RANK3] B @ 78.857421875 (ms) to 88.17626953125 (ms), cudaEventElapsed = 9.296031951904297 (ms)
[RANK3] F @ 88.832275390625 (ms) to 98.183837890625 (ms), cudaEventElapsed = 9.326848030090332 (ms)
[RANK3] B @ 98.24365234375 (ms) to 107.60498046875 (ms), cudaEventElapsed = 9.34000015258789 (ms)
[RANK3] F @ 108.28125 (ms) to 117.566650390625 (ms), cudaEventElapsed = 9.262304306030273 (ms)
[RANK3] B @ 117.626708984375 (ms) to 126.94384765625 (ms), cudaEventElapsed = 9.295455932617188 (ms)
[RANK3] F @ 127.72314453125 (ms) to 137.23828125 (ms), cudaEventElapsed = 9.48755168914795 (ms)
[RANK3] B @ 137.297607421875 (ms) to 146.6201171875 (ms), cudaEventElapsed = 9.30134391784668 (ms)
[RANK3] F @ 147.2470703125 (ms) to 156.560302734375 (ms), cudaEventElapsed = 9.287808418273926 (ms)
[RANK3] B @ 156.62744140625 (ms) to 165.994140625 (ms), cudaEventElapsed = 9.343584060668945 (ms)
[RANK3] F @ 166.18896484375 (ms) to 175.602294921875 (ms), cudaEventElapsed = 9.388928413391113 (ms)
[RANK3] B @ 175.739013671875 (ms) to 185.3994140625 (ms), cudaEventElapsed = 9.636159896850586 (ms)
[RANK3] W @ 185.506591796875 (ms) to 191.336181640625 (ms), cudaEventElapsed = 5.806784152984619 (ms)
[RANK3] F @ 191.445068359375 (ms) to 200.91259765625 (ms), cudaEventElapsed = 9.44489574432373 (ms)
[RANK3] B @ 200.97119140625 (ms) to 210.235595703125 (ms), cudaEventElapsed = 9.243231773376465 (ms)
[RANK3] W @ 210.3935546875 (ms) to 216.766357421875 (ms), cudaEventElapsed = 5.90831995010376 (ms)
[RANK3] F @ 216.874267578125 (ms) to 226.358642578125 (ms), cudaEventElapsed = 9.463583946228027 (ms)
[RANK3] B @ 226.41845703125 (ms) to 236.14208984375 (ms), cudaEventElapsed = 9.701375961303711 (ms)
[RANK3] W @ 236.309814453125 (ms) to 242.74462890625 (ms), cudaEventElapsed = 5.987391948699951 (ms)
[RANK3] F @ 243.4716796875 (ms) to 253.22216796875 (ms), cudaEventElapsed = 9.728575706481934 (ms)
[RANK3] B @ 253.28125 (ms) to 262.92822265625 (ms), cudaEventElapsed = 9.62502384185791 (ms)
[RANK3] W @ 263.087890625 (ms) to 269.543212890625 (ms), cudaEventElapsed = 6.017183780670166 (ms)
[RANK3] F @ 270.832763671875 (ms) to 280.589111328125 (ms), cudaEventElapsed = 9.734175682067871 (ms)
[RANK3] B @ 280.643798828125 (ms) to 290.337890625 (ms), cudaEventElapsed = 9.67296028137207 (ms)
[RANK3] 8W @ 290.474853515625 (ms) to 338.3642578125 (ms), cudaEventElapsed = 47.8645133972168 (ms)
[RANK3] Iteration 7
[RANK3] F @ 30.036376953125 (ms) to 39.681884765625 (ms), cudaEventElapsed = 9.607904434204102 (ms)
[RANK3] B @ 39.82421875 (ms) to 50.331787109375 (ms), cudaEventElapsed = 10.117088317871094 (ms)
[RANK3] F @ 50.501220703125 (ms) to 59.876220703125 (ms), cudaEventElapsed = 9.352288246154785 (ms)
[RANK3] B @ 59.935302734375 (ms) to 69.037353515625 (ms), cudaEventElapsed = 9.080672264099121 (ms)
[RANK3] F @ 69.694091796875 (ms) to 78.94677734375 (ms), cudaEventElapsed = 9.229984283447266 (ms)
[RANK3] B @ 79.013427734375 (ms) to 88.13427734375 (ms), cudaEventElapsed = 9.098015785217285 (ms)
[RANK3] F @ 88.81005859375 (ms) to 98.316162109375 (ms), cudaEventElapsed = 9.480863571166992 (ms)
[RANK3] B @ 98.376220703125 (ms) to 107.56396484375 (ms), cudaEventElapsed = 9.166336059570312 (ms)
[RANK3] F @ 108.184814453125 (ms) to 117.585693359375 (ms), cudaEventElapsed = 9.376607894897461 (ms)
[RANK3] B @ 117.64501953125 (ms) to 126.779541015625 (ms), cudaEventElapsed = 9.113183975219727 (ms)
[RANK3] F @ 127.39990234375 (ms) to 136.99560546875 (ms), cudaEventElapsed = 9.57043170928955 (ms)
[RANK3] B @ 137.05517578125 (ms) to 146.419189453125 (ms), cudaEventElapsed = 9.341856002807617 (ms)
[RANK3] F @ 147.0400390625 (ms) to 156.458251953125 (ms), cudaEventElapsed = 9.39350414276123 (ms)
[RANK3] B @ 156.51953125 (ms) to 165.88916015625 (ms), cudaEventElapsed = 9.348544120788574 (ms)
[RANK3] F @ 166.079833984375 (ms) to 175.4462890625 (ms), cudaEventElapsed = 9.342944145202637 (ms)
[RANK3] B @ 175.58642578125 (ms) to 185.24169921875 (ms), cudaEventElapsed = 9.631232261657715 (ms)
[RANK3] W @ 185.343994140625 (ms) to 191.188720703125 (ms), cudaEventElapsed = 5.823999881744385 (ms)
[RANK3] F @ 191.29736328125 (ms) to 201.045654296875 (ms), cudaEventElapsed = 9.721088409423828 (ms)
[RANK3] B @ 201.1044921875 (ms) to 210.74853515625 (ms), cudaEventElapsed = 9.622528076171875 (ms)
[RANK3] W @ 210.92138671875 (ms) to 217.280029296875 (ms), cudaEventElapsed = 5.935455799102783 (ms)
[RANK3] F @ 217.381591796875 (ms) to 226.8818359375 (ms), cudaEventElapsed = 9.478816032409668 (ms)
[RANK3] B @ 226.939208984375 (ms) to 236.45703125 (ms), cudaEventElapsed = 9.496447563171387 (ms)
[RANK3] W @ 236.62109375 (ms) to 243.06201171875 (ms), cudaEventElapsed = 5.969567775726318 (ms)
[RANK3] F @ 243.94189453125 (ms) to 253.561767578125 (ms), cudaEventElapsed = 9.594528198242188 (ms)
[RANK3] B @ 253.6259765625 (ms) to 263.2021484375 (ms), cudaEventElapsed = 9.553888320922852 (ms)
[RANK3] W @ 263.385498046875 (ms) to 269.751953125 (ms), cudaEventElapsed = 5.932703971862793 (ms)
[RANK3] F @ 271.396240234375 (ms) to 280.931884765625 (ms), cudaEventElapsed = 9.51523208618164 (ms)
[RANK3] B @ 280.98828125 (ms) to 290.45849609375 (ms), cudaEventElapsed = 9.449151992797852 (ms)
[RANK3] 8W @ 290.587158203125 (ms) to 338.172607421875 (ms), cudaEventElapsed = 47.56166458129883 (ms)
[RANK3] Iteration 8
[RANK3] F @ 30.0283203125 (ms) to 39.713134765625 (ms), cudaEventElapsed = 9.647775650024414 (ms)
[RANK3] B @ 39.87060546875 (ms) to 50.87158203125 (ms), cudaEventElapsed = 10.071968078613281 (ms)
[RANK3] F @ 51.058837890625 (ms) to 60.44677734375 (ms), cudaEventElapsed = 9.363231658935547 (ms)
[RANK3] B @ 60.507080078125 (ms) to 69.641357421875 (ms), cudaEventElapsed = 9.111040115356445 (ms)
[RANK3] F @ 70.278564453125 (ms) to 79.59375 (ms), cudaEventElapsed = 9.290975570678711 (ms)
[RANK3] B @ 79.654296875 (ms) to 88.950927734375 (ms), cudaEventElapsed = 9.27513599395752 (ms)
[RANK3] F @ 89.581298828125 (ms) to 99.155029296875 (ms), cudaEventElapsed = 9.548383712768555 (ms)
[RANK3] B @ 99.22119140625 (ms) to 108.77685546875 (ms), cudaEventElapsed = 9.531935691833496 (ms)
[RANK3] F @ 109.409912109375 (ms) to 118.828369140625 (ms), cudaEventElapsed = 9.393407821655273 (ms)
[RANK3] B @ 118.8857421875 (ms) to 128.33544921875 (ms), cudaEventElapsed = 9.429120063781738 (ms)
[RANK3] F @ 128.99560546875 (ms) to 138.520263671875 (ms), cudaEventElapsed = 9.500384330749512 (ms)
[RANK3] B @ 138.580078125 (ms) to 148.04541015625 (ms), cudaEventElapsed = 9.444352149963379 (ms)
[RANK3] F @ 148.6689453125 (ms) to 158.00830078125 (ms), cudaEventElapsed = 9.31503963470459 (ms)
[RANK3] B @ 158.067626953125 (ms) to 167.43359375 (ms), cudaEventElapsed = 9.344223976135254 (ms)
[RANK3] F @ 167.646240234375 (ms) to 177.02734375 (ms), cudaEventElapsed = 9.354528427124023 (ms)
[RANK3] B @ 177.163330078125 (ms) to 186.95947265625 (ms), cudaEventElapsed = 9.771807670593262 (ms)
[RANK3] W @ 187.071533203125 (ms) to 192.9228515625 (ms), cudaEventElapsed = 5.828991889953613 (ms)
[RANK3] F @ 193.02490234375 (ms) to 202.53759765625 (ms), cudaEventElapsed = 9.491488456726074 (ms)
[RANK3] B @ 202.59619140625 (ms) to 211.885009765625 (ms), cudaEventElapsed = 9.267711639404297 (ms)
[RANK3] W @ 212.0498046875 (ms) to 218.455322265625 (ms), cudaEventElapsed = 5.935647964477539 (ms)
[RANK3] F @ 219.19970703125 (ms) to 229.229248046875 (ms), cudaEventElapsed = 10.00716781616211 (ms)
[RANK3] B @ 229.286865234375 (ms) to 239.2109375 (ms), cudaEventElapsed = 9.903136253356934 (ms)
[RANK3] W @ 239.366455078125 (ms) to 245.82958984375 (ms), cudaEventElapsed = 6.02566385269165 (ms)
[RANK3] F @ 246.168701171875 (ms) to 256.043212890625 (ms), cudaEventElapsed = 9.850432395935059 (ms)
[RANK3] B @ 256.101318359375 (ms) to 265.778564453125 (ms), cudaEventElapsed = 9.655584335327148 (ms)
[RANK3] W @ 265.93115234375 (ms) to 272.39306640625 (ms), cudaEventElapsed = 6.004415988922119 (ms)
[RANK3] F @ 273.0556640625 (ms) to 282.859375 (ms), cudaEventElapsed = 9.777983665466309 (ms)
[RANK3] B @ 282.923583984375 (ms) to 292.51611328125 (ms), cudaEventElapsed = 9.570143699645996 (ms)
[RANK3] 8W @ 292.65673828125 (ms) to 340.375732421875 (ms), cudaEventElapsed = 47.6879997253418 (ms)
[RANK3] Iteration 9
[RANK3] F @ 171.53125 (ms) to 181.549072265625 (ms), cudaEventElapsed = 9.958975791931152 (ms)
[RANK3] B @ 181.703369140625 (ms) to 233.911865234375 (ms), cudaEventElapsed = 10.058143615722656 (ms)
[RANK3] F @ 270.3740234375 (ms) to 280.019287109375 (ms), cudaEventElapsed = 9.57487964630127 (ms)
[RANK3] B @ 280.079833984375 (ms) to 289.532958984375 (ms), cudaEventElapsed = 9.432160377502441 (ms)
[RANK3] F @ 310.3564453125 (ms) to 319.637451171875 (ms), cudaEventElapsed = 9.256735801696777 (ms)
[RANK3] B @ 319.71435546875 (ms) to 330.346923828125 (ms), cudaEventElapsed = 10.61030387878418 (ms)
[RANK3] F @ 385.55029296875 (ms) to 395.049560546875 (ms), cudaEventElapsed = 9.471391677856445 (ms)
[RANK3] B @ 395.1162109375 (ms) to 405.67529296875 (ms), cudaEventElapsed = 10.537343978881836 (ms)
[RANK3] F @ 466.53759765625 (ms) to 476.031982421875 (ms), cudaEventElapsed = 9.467231750488281 (ms)
[RANK3] B @ 476.098388671875 (ms) to 486.724365234375 (ms), cudaEventElapsed = 10.604191780090332 (ms)
[RANK3] F @ 555.781982421875 (ms) to 565.568359375 (ms), cudaEventElapsed = 9.75766372680664 (ms)
[RANK3] B @ 565.6298828125 (ms) to 576.203369140625 (ms), cudaEventElapsed = 10.553600311279297 (ms)
[RANK3] F @ 636.451416015625 (ms) to 646.401123046875 (ms), cudaEventElapsed = 9.898688316345215 (ms)
[RANK3] B @ 646.466552734375 (ms) to 657.06201171875 (ms), cudaEventElapsed = 10.574015617370605 (ms)
[RANK3] F @ 682.85302734375 (ms) to 692.47998046875 (ms), cudaEventElapsed = 9.599167823791504 (ms)
[RANK3] B @ 692.614501953125 (ms) to 731.8076171875 (ms), cudaEventElapsed = 10.052703857421875 (ms)
[RANK3] W @ 731.93017578125 (ms) to 780.13134765625 (ms), cudaEventElapsed = 5.764416217803955 (ms)
[RANK3] F @ 780.30126953125 (ms) to 789.8515625 (ms), cudaEventElapsed = 9.512127876281738 (ms)
[RANK3] B @ 789.909912109375 (ms) to 799.290771484375 (ms), cudaEventElapsed = 9.360575675964355 (ms)
[RANK3] W @ 799.449462890625 (ms) to 877.101806640625 (ms), cudaEventElapsed = 5.890336036682129 (ms)
[RANK3] F @ 917.521240234375 (ms) to 927.20654296875 (ms), cudaEventElapsed = 9.644351959228516 (ms)
[RANK3] B @ 927.2666015625 (ms) to 936.654541015625 (ms), cudaEventElapsed = 9.365887641906738 (ms)
[RANK3] W @ 936.844482421875 (ms) to 958.44970703125 (ms), cudaEventElapsed = 5.879615783691406 (ms)
[RANK3] F @ 1035.926025390625 (ms) to 1045.339599609375 (ms), cudaEventElapsed = 9.379136085510254 (ms)
[RANK3] B @ 1045.399169921875 (ms) to 1054.743408203125 (ms), cudaEventElapsed = 9.322112083435059 (ms)
[RANK3] W @ 1054.910400390625 (ms) to 1076.90283203125 (ms), cudaEventElapsed = 5.902463912963867 (ms)
[RANK3] F @ 1154.33642578125 (ms) to 1163.922607421875 (ms), cudaEventElapsed = 9.553343772888184 (ms)
[RANK3] B @ 1163.97998046875 (ms) to 1173.17236328125 (ms), cudaEventElapsed = 9.170880317687988 (ms)
[RANK3] 8W @ 1173.327880859375 (ms) to 1220.080322265625 (ms), cudaEventElapsed = 46.723201751708984 (ms)
[RANK3] Iteration 10
[RANK3] F @ 110.3466796875 (ms) to 120.18994140625 (ms), cudaEventElapsed = 9.803808212280273 (ms)
[RANK3] B @ 120.333740234375 (ms) to 215.365478515625 (ms), cudaEventElapsed = 10.082559585571289 (ms)
[RANK3] F @ 251.790771484375 (ms) to 261.451904296875 (ms), cudaEventElapsed = 9.632800102233887 (ms)
[RANK3] B @ 261.512451171875 (ms) to 270.8798828125 (ms), cudaEventElapsed = 9.345824241638184 (ms)
[RANK3] F @ 291.383544921875 (ms) to 300.74072265625 (ms), cudaEventElapsed = 9.33187198638916 (ms)
[RANK3] B @ 300.805908203125 (ms) to 311.398681640625 (ms), cudaEventElapsed = 10.570560455322266 (ms)
[RANK3] F @ 366.432861328125 (ms) to 375.878173828125 (ms), cudaEventElapsed = 9.416383743286133 (ms)
[RANK3] B @ 375.940673828125 (ms) to 386.510498046875 (ms), cudaEventElapsed = 10.549311637878418 (ms)
[RANK3] F @ 447.568359375 (ms) to 456.865478515625 (ms), cudaEventElapsed = 9.270624160766602 (ms)
[RANK3] B @ 456.9306640625 (ms) to 467.5380859375 (ms), cudaEventElapsed = 10.585408210754395 (ms)
[RANK3] F @ 536.961669921875 (ms) to 546.689697265625 (ms), cudaEventElapsed = 9.701408386230469 (ms)
[RANK3] B @ 546.75146484375 (ms) to 557.358154296875 (ms), cudaEventElapsed = 10.58579158782959 (ms)
[RANK3] F @ 617.644775390625 (ms) to 626.99365234375 (ms), cudaEventElapsed = 9.323488235473633 (ms)
[RANK3] B @ 627.05859375 (ms) to 637.6142578125 (ms), cudaEventElapsed = 10.533696174621582 (ms)
[RANK3] F @ 663.99462890625 (ms) to 673.4658203125 (ms), cudaEventElapsed = 9.446111679077148 (ms)
[RANK3] B @ 673.6015625 (ms) to 713.1328125 (ms), cudaEventElapsed = 10.047103881835938 (ms)
[RANK3] W @ 713.247314453125 (ms) to 761.28466796875 (ms), cudaEventElapsed = 5.735199928283691 (ms)
[RANK3] F @ 761.401611328125 (ms) to 770.725830078125 (ms), cudaEventElapsed = 9.298432350158691 (ms)
[RANK3] B @ 770.78271484375 (ms) to 779.94970703125 (ms), cudaEventElapsed = 9.145343780517578 (ms)
[RANK3] W @ 780.11083984375 (ms) to 858.407470703125 (ms), cudaEventElapsed = 5.8778557777404785 (ms)
[RANK3] F @ 898.72900390625 (ms) to 908.295654296875 (ms), cudaEventElapsed = 9.535807609558105 (ms)
[RANK3] B @ 908.350830078125 (ms) to 917.65478515625 (ms), cudaEventElapsed = 9.283136367797852 (ms)
[RANK3] W @ 917.8125 (ms) to 939.529541015625 (ms), cudaEventElapsed = 5.871200084686279 (ms)
[RANK3] F @ 1017.13037109375 (ms) to 1026.46923828125 (ms), cudaEventElapsed = 9.310400009155273 (ms)
[RANK3] B @ 1026.525634765625 (ms) to 1035.867919921875 (ms), cudaEventElapsed = 9.32265567779541 (ms)
[RANK3] W @ 1036.037841796875 (ms) to 1058.200927734375 (ms), cudaEventElapsed = 5.892223834991455 (ms)
[RANK3] F @ 1135.951904296875 (ms) to 1145.45166015625 (ms), cudaEventElapsed = 9.474495887756348 (ms)
[RANK3] B @ 1145.505859375 (ms) to 1154.841552734375 (ms), cudaEventElapsed = 9.315360069274902 (ms)
[RANK3] 8W @ 1154.976806640625 (ms) to 1202.12744140625 (ms), cudaEventElapsed = 47.127296447753906 (ms)
[RANK3] Iteration 11
[RANK3] F @ 111.899658203125 (ms) to 121.567626953125 (ms), cudaEventElapsed = 9.628064155578613 (ms)
[RANK3] B @ 121.713134765625 (ms) to 216.877685546875 (ms), cudaEventElapsed = 10.090239524841309 (ms)
[RANK3] F @ 253.3720703125 (ms) to 262.887939453125 (ms), cudaEventElapsed = 9.487839698791504 (ms)
[RANK3] B @ 262.9453125 (ms) to 272.259521484375 (ms), cudaEventElapsed = 9.293503761291504 (ms)
[RANK3] F @ 292.9833984375 (ms) to 302.646728515625 (ms), cudaEventElapsed = 9.638208389282227 (ms)
[RANK3] B @ 302.712890625 (ms) to 313.325439453125 (ms), cudaEventElapsed = 10.590751647949219 (ms)
[RANK3] F @ 367.872314453125 (ms) to 377.41455078125 (ms), cudaEventElapsed = 9.513855934143066 (ms)
[RANK3] B @ 377.478759765625 (ms) to 388.03564453125 (ms), cudaEventElapsed = 10.53593635559082 (ms)
[RANK3] F @ 448.900634765625 (ms) to 458.100830078125 (ms), cudaEventElapsed = 9.173055648803711 (ms)
[RANK3] B @ 458.16650390625 (ms) to 468.710693359375 (ms), cudaEventElapsed = 10.519007682800293 (ms)
[RANK3] F @ 538.332275390625 (ms) to 547.980224609375 (ms), cudaEventElapsed = 9.61190414428711 (ms)
[RANK3] B @ 548.050537109375 (ms) to 558.6005859375 (ms), cudaEventElapsed = 10.52780818939209 (ms)
[RANK3] F @ 619.0419921875 (ms) to 628.38427734375 (ms), cudaEventElapsed = 9.314496040344238 (ms)
[RANK3] B @ 628.4482421875 (ms) to 639.02978515625 (ms), cudaEventElapsed = 10.561311721801758 (ms)
[RANK3] F @ 665.451904296875 (ms) to 674.926513671875 (ms), cudaEventElapsed = 9.45030403137207 (ms)
[RANK3] B @ 675.065673828125 (ms) to 714.410888671875 (ms), cudaEventElapsed = 10.018848419189453 (ms)
[RANK3] W @ 714.52392578125 (ms) to 762.71240234375 (ms), cudaEventElapsed = 5.741695880889893 (ms)
[RANK3] F @ 762.826416015625 (ms) to 772.21630859375 (ms), cudaEventElapsed = 9.365376472473145 (ms)
[RANK3] B @ 772.28173828125 (ms) to 781.615966796875 (ms), cudaEventElapsed = 9.310848236083984 (ms)
[RANK3] W @ 819.34716796875 (ms) to 877.643310546875 (ms), cudaEventElapsed = 5.9036478996276855 (ms)
[RANK3] F @ 909.89501953125 (ms) to 919.283935546875 (ms), cudaEventElapsed = 9.35580825805664 (ms)
[RANK3] B @ 919.34375 (ms) to 928.660400390625 (ms), cudaEventElapsed = 9.295904159545898 (ms)
[RANK3] W @ 928.839599609375 (ms) to 976.6103515625 (ms), cudaEventElapsed = 5.871200084686279 (ms)
[RANK3] F @ 1030.5927734375 (ms) to 1039.815673828125 (ms), cudaEventElapsed = 9.194560050964355 (ms)
[RANK3] B @ 1039.873046875 (ms) to 1049.191650390625 (ms), cudaEventElapsed = 9.296863555908203 (ms)
[RANK3] W @ 1049.37060546875 (ms) to 1084.55517578125 (ms), cudaEventElapsed = 5.881087779998779 (ms)
[RANK3] F @ 1136.135498046875 (ms) to 1145.630859375 (ms), cudaEventElapsed = 9.46662425994873 (ms)
[RANK3] B @ 1145.691162109375 (ms) to 1154.958984375 (ms), cudaEventElapsed = 9.245984077453613 (ms)
[RANK3] 8W @ 1155.10205078125 (ms) to 1230.3505859375 (ms), cudaEventElapsed = 46.28966522216797 (ms)
[RANK3] Iteration 12
[RANK3] F @ 140.02392578125 (ms) to 149.95703125 (ms), cudaEventElapsed = 9.89087963104248 (ms)
[RANK3] B @ 150.099853515625 (ms) to 208.847412109375 (ms), cudaEventElapsed = 10.084383964538574 (ms)
[RANK3] F @ 266.481201171875 (ms) to 275.79736328125 (ms), cudaEventElapsed = 9.287967681884766 (ms)
[RANK3] B @ 275.854736328125 (ms) to 285.1650390625 (ms), cudaEventElapsed = 9.288960456848145 (ms)
[RANK3] F @ 314.84521484375 (ms) to 324.189453125 (ms), cudaEventElapsed = 9.319168090820312 (ms)
[RANK3] B @ 324.254638671875 (ms) to 334.805908203125 (ms), cudaEventElapsed = 10.529248237609863 (ms)
[RANK3] F @ 376.07080078125 (ms) to 385.5556640625 (ms), cudaEventElapsed = 9.459936141967773 (ms)
[RANK3] B @ 385.619140625 (ms) to 396.166259765625 (ms), cudaEventElapsed = 10.526623725891113 (ms)
[RANK3] F @ 445.996337890625 (ms) to 455.521728515625 (ms), cudaEventElapsed = 9.482144355773926 (ms)
[RANK3] B @ 455.586181640625 (ms) to 466.132568359375 (ms), cudaEventElapsed = 10.524736404418945 (ms)
[RANK3] F @ 516.961181640625 (ms) to 526.405517578125 (ms), cudaEventElapsed = 9.420479774475098 (ms)
[RANK3] B @ 526.467529296875 (ms) to 537.01318359375 (ms), cudaEventElapsed = 10.524031639099121 (ms)
[RANK3] F @ 586.435791015625 (ms) to 595.812255859375 (ms), cudaEventElapsed = 9.350048065185547 (ms)
[RANK3] B @ 595.87744140625 (ms) to 606.41796875 (ms), cudaEventElapsed = 10.520256042480469 (ms)
[RANK3] F @ 653.857421875 (ms) to 663.23974609375 (ms), cudaEventElapsed = 9.35644817352295 (ms)
[RANK3] B @ 663.39453125 (ms) to 673.981689453125 (ms), cudaEventElapsed = 10.560192108154297 (ms)
[RANK3] W @ 674.096923828125 (ms) to 735.19775390625 (ms), cudaEventElapsed = 5.739424228668213 (ms)
[RANK3] F @ 735.3134765625 (ms) to 744.770263671875 (ms), cudaEventElapsed = 9.432576179504395 (ms)
[RANK3] B @ 744.826904296875 (ms) to 754.167236328125 (ms), cudaEventElapsed = 9.319104194641113 (ms)
[RANK3] W @ 754.321533203125 (ms) to 805.435791015625 (ms), cudaEventElapsed = 5.8864641189575195 (ms)
[RANK3] F @ 837.69970703125 (ms) to 847.244140625 (ms), cudaEventElapsed = 9.520352363586426 (ms)
[RANK3] B @ 847.30078125 (ms) to 856.586669921875 (ms), cudaEventElapsed = 9.26534366607666 (ms)
[RANK3] W @ 856.752197265625 (ms) to 903.974609375 (ms), cudaEventElapsed = 5.871840000152588 (ms)
[RANK3] F @ 958.1357421875 (ms) to 967.681884765625 (ms), cudaEventElapsed = 9.518815994262695 (ms)
[RANK3] B @ 967.740234375 (ms) to 976.99365234375 (ms), cudaEventElapsed = 9.231871604919434 (ms)
[RANK3] W @ 977.172119140625 (ms) to 1012.374755859375 (ms), cudaEventElapsed = 5.885536193847656 (ms)
[RANK3] F @ 1063.641845703125 (ms) to 1073.1689453125 (ms), cudaEventElapsed = 9.497695922851562 (ms)
[RANK3] B @ 1073.22509765625 (ms) to 1082.550537109375 (ms), cudaEventElapsed = 9.304032325744629 (ms)
[RANK3] 8W @ 1082.68408203125 (ms) to 1158.17578125 (ms), cudaEventElapsed = 46.53254318237305 (ms)
[RANK3] Iteration 13
[RANK3] F @ 140.54931640625 (ms) to 150.525390625 (ms), cudaEventElapsed = 9.933055877685547 (ms)
[RANK3] B @ 150.66259765625 (ms) to 208.455322265625 (ms), cudaEventElapsed = 10.052543640136719 (ms)
[RANK3] F @ 266.036865234375 (ms) to 275.6982421875 (ms), cudaEventElapsed = 9.612607955932617 (ms)
[RANK3] B @ 275.756591796875 (ms) to 285.0751953125 (ms), cudaEventElapsed = 9.297504425048828 (ms)
[RANK3] F @ 314.75390625 (ms) to 324.20947265625 (ms), cudaEventElapsed = 9.42950439453125 (ms)
[RANK3] B @ 324.27490234375 (ms) to 334.822509765625 (ms), cudaEventElapsed = 10.525792121887207 (ms)
[RANK3] F @ 375.91796875 (ms) to 385.398193359375 (ms), cudaEventElapsed = 9.4552001953125 (ms)
[RANK3] B @ 385.46875 (ms) to 396.074462890625 (ms), cudaEventElapsed = 10.582847595214844 (ms)
[RANK3] F @ 445.73046875 (ms) to 455.11572265625 (ms), cudaEventElapsed = 9.359999656677246 (ms)
[RANK3] B @ 455.181884765625 (ms) to 465.726806640625 (ms), cudaEventElapsed = 10.52342414855957 (ms)
[RANK3] F @ 516.679443359375 (ms) to 526.460205078125 (ms), cudaEventElapsed = 9.75494384765625 (ms)
[RANK3] B @ 526.522705078125 (ms) to 537.053955078125 (ms), cudaEventElapsed = 10.510592460632324 (ms)
[RANK3] F @ 586.185302734375 (ms) to 595.53369140625 (ms), cudaEventElapsed = 9.31935977935791 (ms)
[RANK3] B @ 595.598876953125 (ms) to 606.137451171875 (ms), cudaEventElapsed = 10.517600059509277 (ms)
[RANK3] F @ 653.52685546875 (ms) to 662.979248046875 (ms), cudaEventElapsed = 9.427231788635254 (ms)
[RANK3] B @ 663.110107421875 (ms) to 673.614501953125 (ms), cudaEventElapsed = 10.482111930847168 (ms)
[RANK3] W @ 673.71875 (ms) to 734.788818359375 (ms), cudaEventElapsed = 5.735392093658447 (ms)
[RANK3] F @ 734.9072265625 (ms) to 744.307373046875 (ms), cudaEventElapsed = 9.372832298278809 (ms)
[RANK3] B @ 744.363037109375 (ms) to 753.682373046875 (ms), cudaEventElapsed = 9.299327850341797 (ms)
[RANK3] W @ 753.857666015625 (ms) to 805.173828125 (ms), cudaEventElapsed = 5.884960174560547 (ms)
[RANK3] F @ 837.42529296875 (ms) to 846.855712890625 (ms), cudaEventElapsed = 9.400863647460938 (ms)
[RANK3] B @ 846.9208984375 (ms) to 856.202880859375 (ms), cudaEventElapsed = 9.258943557739258 (ms)
[RANK3] W @ 856.37255859375 (ms) to 903.558349609375 (ms), cudaEventElapsed = 5.880640029907227 (ms)
[RANK3] F @ 957.521240234375 (ms) to 966.950439453125 (ms), cudaEventElapsed = 9.402527809143066 (ms)
[RANK3] B @ 967.005615234375 (ms) to 976.27587890625 (ms), cudaEventElapsed = 9.249983787536621 (ms)
[RANK3] W @ 976.45556640625 (ms) to 1011.644287109375 (ms), cudaEventElapsed = 5.89686393737793 (ms)
[RANK3] F @ 1062.89501953125 (ms) to 1072.414794921875 (ms), cudaEventElapsed = 9.495807647705078 (ms)
[RANK3] B @ 1072.4697265625 (ms) to 1081.76953125 (ms), cudaEventElapsed = 9.280287742614746 (ms)
[RANK3] 8W @ 1081.896728515625 (ms) to 1156.876953125 (ms), cudaEventElapsed = 46.0186882019043 (ms)
[RANK3] Iteration 14
[RANK3] F @ 139.7373046875 (ms) to 149.399169921875 (ms), cudaEventElapsed = 9.617088317871094 (ms)
[RANK3] B @ 149.543701171875 (ms) to 208.832763671875 (ms), cudaEventElapsed = 10.064352035522461 (ms)
[RANK3] F @ 266.1865234375 (ms) to 275.6982421875 (ms), cudaEventElapsed = 9.469632148742676 (ms)
[RANK3] B @ 275.75439453125 (ms) to 285.14794921875 (ms), cudaEventElapsed = 9.372447967529297 (ms)
[RANK3] F @ 314.804443359375 (ms) to 324.144775390625 (ms), cudaEventElapsed = 9.315744400024414 (ms)
[RANK3] B @ 324.21044921875 (ms) to 334.764892578125 (ms), cudaEventElapsed = 10.532159805297852 (ms)
[RANK3] F @ 375.95849609375 (ms) to 385.435302734375 (ms), cudaEventElapsed = 9.450495719909668 (ms)
[RANK3] B @ 385.500244140625 (ms) to 395.96875 (ms), cudaEventElapsed = 10.447487831115723 (ms)
[RANK3] F @ 445.744384765625 (ms) to 455.164794921875 (ms), cudaEventElapsed = 9.39305591583252 (ms)
[RANK3] B @ 455.230224609375 (ms) to 465.7822265625 (ms), cudaEventElapsed = 10.530176162719727 (ms)
[RANK3] F @ 525.83203125 (ms) to 535.44580078125 (ms), cudaEventElapsed = 9.587936401367188 (ms)
[RANK3] B @ 535.510009765625 (ms) to 546.080078125 (ms), cudaEventElapsed = 10.549344062805176 (ms)
[RANK3] F @ 605.192626953125 (ms) to 614.518310546875 (ms), cudaEventElapsed = 9.298527717590332 (ms)
[RANK3] B @ 614.57958984375 (ms) to 625.133056640625 (ms), cudaEventElapsed = 10.531807899475098 (ms)
[RANK3] F @ 681.5361328125 (ms) to 691.026123046875 (ms), cudaEventElapsed = 9.462464332580566 (ms)
[RANK3] B @ 691.15576171875 (ms) to 701.703125 (ms), cudaEventElapsed = 10.524224281311035 (ms)
[RANK3] W @ 701.807373046875 (ms) to 772.642333984375 (ms), cudaEventElapsed = 5.732192039489746 (ms)
[RANK3] F @ 772.747802734375 (ms) to 782.0341796875 (ms), cudaEventElapsed = 9.265376091003418 (ms)
[RANK3] B @ 782.08984375 (ms) to 791.3408203125 (ms), cudaEventElapsed = 9.230239868164062 (ms)
[RANK3] W @ 791.50439453125 (ms) to 828.9091796875 (ms), cudaEventElapsed = 5.891392230987549 (ms)
[RANK3] F @ 870.03369140625 (ms) to 879.513427734375 (ms), cudaEventElapsed = 9.4486083984375 (ms)
[RANK3] B @ 879.569091796875 (ms) to 888.83349609375 (ms), cudaEventElapsed = 9.244095802307129 (ms)
[RANK3] W @ 888.994384765625 (ms) to 924.436279296875 (ms), cudaEventElapsed = 5.875328063964844 (ms)
[RANK3] F @ 990.303955078125 (ms) to 999.50537109375 (ms), cudaEventElapsed = 9.178688049316406 (ms)
[RANK3] B @ 999.56298828125 (ms) to 1008.905029296875 (ms), cudaEventElapsed = 9.321375846862793 (ms)
[RANK3] W @ 1009.058837890625 (ms) to 1044.23681640625 (ms), cudaEventElapsed = 5.879968166351318 (ms)
[RANK3] F @ 1097.870361328125 (ms) to 1107.3525390625 (ms), cudaEventElapsed = 9.452223777770996 (ms)
[RANK3] B @ 1107.407470703125 (ms) to 1116.763671875 (ms), cudaEventElapsed = 9.329376220703125 (ms)
[RANK3] 8W @ 1116.89208984375 (ms) to 1192.49853515625 (ms), cudaEventElapsed = 46.64457702636719 (ms)
[RANK3] Iteration 15
[RANK3] F @ 152.3212890625 (ms) to 161.959228515625 (ms), cudaEventElapsed = 9.595744132995605 (ms)
[RANK3] B @ 162.104736328125 (ms) to 224.0751953125 (ms), cudaEventElapsed = 10.05247974395752 (ms)
[RANK3] F @ 290.6865234375 (ms) to 300.224609375 (ms), cudaEventElapsed = 9.506591796875 (ms)
[RANK3] B @ 300.281982421875 (ms) to 309.5595703125 (ms), cudaEventElapsed = 9.256287574768066 (ms)
[RANK3] F @ 339.207275390625 (ms) to 348.595947265625 (ms), cudaEventElapsed = 9.362272262573242 (ms)
[RANK3] B @ 348.658203125 (ms) to 359.21142578125 (ms), cudaEventElapsed = 10.532575607299805 (ms)
[RANK3] F @ 409.89697265625 (ms) to 419.392822265625 (ms), cudaEventElapsed = 9.47043228149414 (ms)
[RANK3] B @ 419.455322265625 (ms) to 429.9580078125 (ms), cudaEventElapsed = 10.481344223022461 (ms)
[RANK3] F @ 489.310546875 (ms) to 498.67333984375 (ms), cudaEventElapsed = 9.336064338684082 (ms)
[RANK3] B @ 498.73876953125 (ms) to 509.2509765625 (ms), cudaEventElapsed = 10.490431785583496 (ms)
[RANK3] F @ 568.688232421875 (ms) to 578.14892578125 (ms), cudaEventElapsed = 9.43331241607666 (ms)
[RANK3] B @ 578.213134765625 (ms) to 588.72607421875 (ms), cudaEventElapsed = 10.493375778198242 (ms)
[RANK3] F @ 647.780517578125 (ms) to 656.89990234375 (ms), cudaEventElapsed = 9.093215942382812 (ms)
[RANK3] B @ 656.961669921875 (ms) to 667.480712890625 (ms), cudaEventElapsed = 10.495519638061523 (ms)
[RANK3] F @ 724.064453125 (ms) to 733.486572265625 (ms), cudaEventElapsed = 9.385120391845703 (ms)
[RANK3] B @ 733.621337890625 (ms) to 744.1435546875 (ms), cudaEventElapsed = 10.498271942138672 (ms)
[RANK3] W @ 744.25244140625 (ms) to 814.984130859375 (ms), cudaEventElapsed = 5.747551918029785 (ms)
[RANK3] F @ 815.093994140625 (ms) to 824.301513671875 (ms), cudaEventElapsed = 9.185503959655762 (ms)
[RANK3] B @ 824.358154296875 (ms) to 833.64111328125 (ms), cudaEventElapsed = 9.259903907775879 (ms)
[RANK3] W @ 833.87646484375 (ms) to 871.0908203125 (ms), cudaEventElapsed = 5.895135879516602 (ms)
[RANK3] F @ 912.288330078125 (ms) to 921.6953125 (ms), cudaEventElapsed = 9.37606430053711 (ms)
[RANK3] B @ 921.75146484375 (ms) to 931.017333984375 (ms), cudaEventElapsed = 9.245599746704102 (ms)
[RANK3] W @ 931.1748046875 (ms) to 966.542236328125 (ms), cudaEventElapsed = 5.872640132904053 (ms)
[RANK3] F @ 1032.50244140625 (ms) to 1041.89501953125 (ms), cudaEventElapsed = 9.367072105407715 (ms)
[RANK3] B @ 1041.953125 (ms) to 1051.26318359375 (ms), cudaEventElapsed = 9.28809642791748 (ms)
[RANK3] W @ 1051.423828125 (ms) to 1086.615966796875 (ms), cudaEventElapsed = 5.8936638832092285 (ms)
[RANK3] F @ 1140.136474609375 (ms) to 1149.585205078125 (ms), cudaEventElapsed = 9.418975830078125 (ms)
[RANK3] B @ 1149.640869140625 (ms) to 1158.926513671875 (ms), cudaEventElapsed = 9.265631675720215 (ms)
[RANK3] 8W @ 1159.05322265625 (ms) to 1234.048095703125 (ms), cudaEventElapsed = 46.03081512451172 (ms)
[RANK3] Iteration 16
[RANK3] F @ 531.635009765625 (ms) to 691.778076171875 (ms), cudaEventElapsed = 160.07772827148438 (ms)
[RANK3] F @ 692.015625 (ms) to 700.665283203125 (ms), cudaEventElapsed = 8.622207641601562 (ms)
[RANK3] F @ 700.8662109375 (ms) to 709.611328125 (ms), cudaEventElapsed = 8.717951774597168 (ms)
[RANK3] F @ 730.970947265625 (ms) to 739.69580078125 (ms), cudaEventElapsed = 8.698271751403809 (ms)
[RANK3] F @ 777.33984375 (ms) to 785.999755859375 (ms), cudaEventElapsed = 8.631360054016113 (ms)
[RANK3] F @ 823.731689453125 (ms) to 832.552734375 (ms), cudaEventElapsed = 8.791711807250977 (ms)
[RANK3] F @ 870.08544921875 (ms) to 878.734375 (ms), cudaEventElapsed = 8.62012767791748 (ms)
[RANK3] F @ 916.44287109375 (ms) to 925.206298828125 (ms), cudaEventElapsed = 8.737119674682617 (ms)
[RANK3] F @ 963.23828125 (ms) to 971.94775390625 (ms), cudaEventElapsed = 8.679776191711426 (ms)
[RANK3] F @ 1010.001708984375 (ms) to 1018.601318359375 (ms), cudaEventElapsed = 8.571616172790527 (ms)
[RANK3] F @ 1056.759765625 (ms) to 1065.173828125 (ms), cudaEventElapsed = 8.387455940246582 (ms)
[RANK3] F @ 1103.464111328125 (ms) to 1112.18603515625 (ms), cudaEventElapsed = 8.695072174072266 (ms)
