0.2574041123052948;0_1,1_2,2_3;0.026995199324998345,0.022526756772164404,0.035942232020174096
0.46574770686904504;0_1,1_2,2_3;0.032047995718916616,0.04393708086434868,0.02792628867938141
0.8123846442980966;0_1,1_2,2_3;0.02749820638295843,0.04393708086434868,0.02792628867938141
1.2098912264700599;0_1,1_2,2_3;0.02361064021919792,0.04393708086434868,0.03785134751585444
1.6041114280160602;0_1,1_2,2_3;0.02361064021919792,0.018137421119802453,0.03785134751585444
1.8350604277593485;0_1,1_2,2_3;0.012106769527481112,0.018137421119802453,0.031581933546213005
2.1935233185579404;0_1,1_2,2_3;0.012106769527481112,0.019191228140854857,0.029527888848050042
2.577896527143396;0_1,1_2,2_3;0.022876458556426733,0.04075521215591007,0.029959365389473257
2.8332323838654885;0_1,1_2,2_3;0.022876458556426733,0.03447697838501534,0.04200564941557317
3.076343861508161;0_1,1_2,2_3;0.02307825463568954,0.02938334688677719,0.02204650967778432
3.36753747531069;0_1,1_2,2_3;0.014954406569158038,0.04060541518143267,0.028029880509381183
3.6820224522004374;0_1,1_2,2_3;0.03604386718367827,0.0549934768957455,0.028029880509381183
4.015868812674299;0_1,1_2,2_3;0.045522050770682214,0.01817803317526361,0.037163259557681044
4.233357675604192;0_1,1_2,2_3;0.01796440989162967,0.03782932901073615,0.01298289791651899
4.48039440655459;0_1,1_2,2_3;0.01796440989162967,0.02890257981938313,0.019808184231346823
4.754712444697092;0_1,1_2,2_3;0.03144973037048881,0.016067642708643484,0.019808184231346823
5.043420147225772;0_1,1_2,2_3;0.026259286564579706,0.03902138910487891,0.041736139681006396
5.38597294683926;0_1,1_2,2_3;0.026259286564579706,0.01512843811227787,0.037151997022817955
5.742936423528191;0_1,1_2,2_3;0.026259286564579706,0.01512843811227787,0.03782018603163232
6.140304785091394;0_1,1_2,2_3;0.04223297870513907,0.03800980369671687,0.02519068850003667
6.383591760860799;0_1,1_2,2_3;0.04223297870513907,0.03226039623650842,0.02519068850003667
6.775070336075369;0_1,1_2,2_3;0.017979486090788525,0.02554489023823391,0.041523162796876824
7.00028549077538;0_1,1_2,2_3;0.045487090829615814,0.02554489023823391,0.04642698006017956
7.300215284136785;0_1,1_2,2_3;0.045487090829615814,0.02554489023823391,0.035897126493156385
7.512710092330762;0_1,1_2,2_3;0.007883308047006928,0.009728820019860926,0.02855187869227148
7.831679029022587;0_1,1_2,2_3;0.025495923735536344,0.04134192701004564,0.023772367562628224
8.069035975806313;0_1,1_2,2_3;0.025495923735536344,0.011495746081396238,0.028581768811946545
8.44988575645569;0_1,1_2,2_3;0.025495923735536344,0.02746438371009623,0.028581768811946545
8.695953365410915;0_1,1_2,2_3;0.044354372812131615,0.0235893949107953,0.04726909615832836
8.981889877733424;0_1,1_2,2_3;0.044354372812131615,0.03834130824038885,0.04726909615832836
9.275552529209216;0_1,1_2,2_3;0.042468270029166366,0.02359941645958243,0.04471642518510773
9.57430532906747;0_1,1_2,2_3;0.02686311225911107,0.037933526458993734,0.0573458567427695
9.974213843927435;0_1,1_2,2_3;0.02686311225911107,0.04602856076632661,0.0573458567427695
10.192902169019654;0_1,1_2,2_3;0.01875810324710165,0.04602856076632661,0.038894160359455955
10.540310128169013;0_1,1_2,2_3;0.03315907542774076,0.04602856076632661,0.038894160359455955
10.9390653436155;0_1,1_2,2_3;0.03315907542774076,0.035848398111701124,0.038894160359455955
11.154062134937444;0_1,1_2,2_3;0.027300249795669147,0.035848398111701124,0.038894160359455955
11.539359518621367;0_1,1_2,2_3;0.027300249795669147,0.025860755089550026,0.038894160359455955
11.821818024808442;0_1,1_2,2_3;0.05305864515614253,0.03207528352908507,0.038894160359455955
12.118167222967191;0_1,1_2,2_3;0.04008693233304369,0.03207528352908507,0.038894160359455955
12.41697373439524;0_1,1_2,2_3;0.04008693233304369,0.038902856582979005,0.03993488736265781
12.673047061717584;0_1,1_2,2_3;0.04008693233304369,0.03485341071466257,0.022327135727800002
13.066253647809575;0_1,1_2,2_3;0.029556373397225617,0.04042224341639694,0.03956292876329852
13.343531267710295;0_1,1_2,2_3;0.029556373397225617,0.04042224341639694,0.019593222156233395
13.645284766196692;0_1,1_2,2_3;0.03216359551705935,0.04042224341639694,0.037191773821010084
13.986817826265257;0_1,1_2,2_3;0.020202636769918157,0.04042224341639694,0.021181561287912137
14.302411268372268;0_1,1_2,2_3;0.033397322404954286,0.021311980586525222,0.04058095986836896
14.650235123532838;0_1,1_2,2_3;0.033397322404954286,0.021311980586525222,0.0290439398884903
14.923260245337131;0_1,1_2,2_3;0.03699544563668921,0.030670324852288124,0.03859016702238737
15.218087097425322;0_1,1_2,2_3;0.034104648008524995,0.019219128941669408,0.02788030829447202
15.566857224524139;0_1,1_2,2_3;0.041710282160121355,0.03566893967291932,0.030908033112949256
15.919250755295673;0_1,1_2,2_3;0.02768367621465056,0.03566893967291932,0.030908033112949256
16.216106228602406;0_1,1_2,2_3;0.03648784070629578,0.02390004170152983,0.030908033112949256
16.421951335039324;0_1,1_2,2_3;0.021623119177407574,0.026115653812386338,0.031299168964664184
16.757859422089403;0_1,1_2,2_3;0.033914509433566144,0.029064759283575187,0.02662999418118869
17.01982491747444;0_1,1_2,2_3;0.02359380300273079,0.029064759283575187,0.02006262561635679
17.295562984328747;0_1,1_2,2_3;0.03323894890667886,0.03028264878522273,0.040453788221204
17.68562120760644;0_1,1_2,2_3;0.02805479716314474,0.03028264878522273,0.043856128032446894
17.97882881278148;0_1,1_2,2_3;0.03685506995415542,0.030517848470891056,0.02813524350435665
18.33483130612925;0_1,1_2,2_3;0.02171074836570944,0.029801725932176986,0.02813524350435665
