[RANK0] Iteration 1
[RANK0] F @ 0.4052734375 (ms) to 510.109375 (ms), cudaEventElapsed = 509.6426696777344 (ms)
[RANK0] F @ 574.244140625 (ms) to 600.6298828125 (ms), cudaEventElapsed = 26.3239688873291 (ms)
[RANK0] F @ 600.850830078125 (ms) to 626.610595703125 (ms), cudaEventElapsed = 25.70649528503418 (ms)
[RANK0] F @ 626.80224609375 (ms) to 654.9619140625 (ms), cudaEventElapsed = 28.12006378173828 (ms)
[RANK0] F @ 655.142578125 (ms) to 695.037353515625 (ms), cudaEventElapsed = 27.32748794555664 (ms)
[RANK0] F @ 695.225830078125 (ms) to 782.91357421875 (ms), cudaEventElapsed = 24.878080368041992 (ms)
[RANK0] F @ 783.099853515625 (ms) to 873.011962890625 (ms), cudaEventElapsed = 24.673280715942383 (ms)
[RANK0] B @ 1802.73779296875 (ms) to 1891.697021484375 (ms), cudaEventElapsed = 88.89778900146484 (ms)
[RANK0] F @ 1892.01513671875 (ms) to 1917.24560546875 (ms), cudaEventElapsed = 25.186304092407227 (ms)
[RANK0] B @ 1917.555908203125 (ms) to 1951.46728515625 (ms), cudaEventElapsed = 33.874080657958984 (ms)
[RANK0] W @ 1951.696533203125 (ms) to 1967.6513671875 (ms), cudaEventElapsed = 15.920127868652344 (ms)
[RANK0] F @ 1967.6767578125 (ms) to 1994.024169921875 (ms), cudaEventElapsed = 26.31679916381836 (ms)
[RANK0] B @ 1995.430419921875 (ms) to 2031.942138671875 (ms), cudaEventElapsed = 36.47305679321289 (ms)
[RANK0] B @ 2052.5439453125 (ms) to 2085.253662109375 (ms), cudaEventElapsed = 32.66511917114258 (ms)
[RANK0] W @ 2085.292724609375 (ms) to 2099.5830078125 (ms), cudaEventElapsed = 14.261247634887695 (ms)
[RANK0] F @ 2099.78515625 (ms) to 2126.373779296875 (ms), cudaEventElapsed = 26.556415557861328 (ms)
[RANK0] B @ 2157.191162109375 (ms) to 2190.96484375 (ms), cudaEventElapsed = 33.72911834716797 (ms)
[RANK0] B @ 2199.449951171875 (ms) to 2231.63720703125 (ms), cudaEventElapsed = 32.14390563964844 (ms)
[RANK0] W @ 2231.68115234375 (ms) to 2245.908447265625 (ms), cudaEventElapsed = 14.187520027160645 (ms)
[RANK0] F @ 2246.111572265625 (ms) to 2271.920166015625 (ms), cudaEventElapsed = 25.777151107788086 (ms)
[RANK0] B @ 2303.021484375 (ms) to 2336.810791015625 (ms), cudaEventElapsed = 33.74940872192383 (ms)
[RANK0] B @ 2345.751220703125 (ms) to 2378.328125 (ms), cudaEventElapsed = 32.54073715209961 (ms)
[RANK0] W @ 2378.361083984375 (ms) to 2392.6845703125 (ms), cudaEventElapsed = 14.295040130615234 (ms)
[RANK0] F @ 2392.850830078125 (ms) to 2418.575439453125 (ms), cudaEventElapsed = 25.686016082763672 (ms)
[RANK0] W @ 2418.739013671875 (ms) to 2459.054443359375 (ms), cudaEventElapsed = 14.523391723632812 (ms)
[RANK0] W @ 2459.0751953125 (ms) to 2473.294677734375 (ms), cudaEventElapsed = 14.18239974975586 (ms)
[RANK0] W @ 2473.4873046875 (ms) to 2488.7158203125 (ms), cudaEventElapsed = 15.194111824035645 (ms)
[RANK0] W @ 2488.72705078125 (ms) to 2504.65185546875 (ms), cudaEventElapsed = 15.89964771270752 (ms)
[RANK0] B @ 2504.8056640625 (ms) to 2540.58251953125 (ms), cudaEventElapsed = 35.747806549072266 (ms)
[RANK0] W @ 2540.7666015625 (ms) to 2562.407470703125 (ms), cudaEventElapsed = 15.646719932556152 (ms)
[RANK0] B @ 2562.54833984375 (ms) to 2596.974853515625 (ms), cudaEventElapsed = 34.39708709716797 (ms)
[RANK0] W @ 2597.0126953125 (ms) to 2612.198486328125 (ms), cudaEventElapsed = 15.156224250793457 (ms)
[RANK0] B @ 2635.52587890625 (ms) to 2668.7998046875 (ms), cudaEventElapsed = 33.23926544189453 (ms)
[RANK0] W @ 2668.82763671875 (ms) to 2683.003173828125 (ms), cudaEventElapsed = 14.145536422729492 (ms)
[RANK0] B @ 2723.56298828125 (ms) to 2755.228515625 (ms), cudaEventElapsed = 31.630943298339844 (ms)
[RANK0] 1W @ 2755.26123046875 (ms) to 2768.935791015625 (ms), cudaEventElapsed = 13.645824432373047 (ms)
[RANK0] Iteration 2
[RANK0] F @ 2.13818359375 (ms) to 27.36279296875 (ms), cudaEventElapsed = 25.171072006225586 (ms)
[RANK0] F @ 27.598876953125 (ms) to 52.621826171875 (ms), cudaEventElapsed = 24.983552932739258 (ms)
[RANK0] F @ 52.83251953125 (ms) to 80.8330078125 (ms), cudaEventElapsed = 27.96953582763672 (ms)
[RANK0] F @ 81.027587890625 (ms) to 109.13916015625 (ms), cudaEventElapsed = 28.063743591308594 (ms)
[RANK0] F @ 109.361328125 (ms) to 137.54736328125 (ms), cudaEventElapsed = 28.14361572265625 (ms)
[RANK0] F @ 137.759033203125 (ms) to 165.418701171875 (ms), cudaEventElapsed = 27.623424530029297 (ms)
[RANK0] F @ 165.6083984375 (ms) to 193.189697265625 (ms), cudaEventElapsed = 27.54867172241211 (ms)
[RANK0] B @ 269.206298828125 (ms) to 301.053955078125 (ms), cudaEventElapsed = 31.796607971191406 (ms)
[RANK0] F @ 301.316162109375 (ms) to 326.52880859375 (ms), cudaEventElapsed = 25.179136276245117 (ms)
[RANK0] B @ 349.085205078125 (ms) to 382.412353515625 (ms), cudaEventElapsed = 33.27967834472656 (ms)
[RANK0] W @ 382.696533203125 (ms) to 397.296142578125 (ms), cudaEventElapsed = 14.564352035522461 (ms)
[RANK0] F @ 397.370849609375 (ms) to 423.747802734375 (ms), cudaEventElapsed = 26.34239959716797 (ms)
[RANK0] B @ 432.873779296875 (ms) to 468.357177734375 (ms), cudaEventElapsed = 35.44121551513672 (ms)
[RANK0] B @ 510.395751953125 (ms) to 542.31591796875 (ms), cudaEventElapsed = 31.870847702026367 (ms)
[RANK0] W @ 542.399169921875 (ms) to 555.97265625 (ms), cudaEventElapsed = 13.544447898864746 (ms)
[RANK0] F @ 556.232421875 (ms) to 582.527099609375 (ms), cudaEventElapsed = 26.259456634521484 (ms)
[RANK0] B @ 614.28857421875 (ms) to 647.889404296875 (ms), cudaEventElapsed = 33.54857635498047 (ms)
[RANK0] B @ 666.347900390625 (ms) to 698.531494140625 (ms), cudaEventElapsed = 32.14553451538086 (ms)
[RANK0] W @ 698.614501953125 (ms) to 712.579345703125 (ms), cudaEventElapsed = 13.935615539550781 (ms)
[RANK0] F @ 712.81494140625 (ms) to 739.322509765625 (ms), cudaEventElapsed = 26.476543426513672 (ms)
[RANK0] B @ 774.385009765625 (ms) to 807.74853515625 (ms), cudaEventElapsed = 33.31654357910156 (ms)
[RANK0] B @ 816.169921875 (ms) to 848.5654296875 (ms), cudaEventElapsed = 32.361568450927734 (ms)
[RANK0] W @ 848.638671875 (ms) to 862.858154296875 (ms), cudaEventElapsed = 14.19161605834961 (ms)
[RANK0] F @ 863.10302734375 (ms) to 888.993408203125 (ms), cudaEventElapsed = 25.858047485351562 (ms)
[RANK0] W @ 889.199951171875 (ms) to 931.936279296875 (ms), cudaEventElapsed = 14.350336074829102 (ms)
[RANK0] W @ 932.009033203125 (ms) to 945.803466796875 (ms), cudaEventElapsed = 13.760512351989746 (ms)
[RANK0] W @ 946.076416015625 (ms) to 960.99853515625 (ms), cudaEventElapsed = 14.88486385345459 (ms)
[RANK0] W @ 961.054931640625 (ms) to 976.756103515625 (ms), cudaEventElapsed = 15.672320365905762 (ms)
[RANK0] B @ 976.94482421875 (ms) to 1012.760986328125 (ms), cudaEventElapsed = 35.785823822021484 (ms)
[RANK0] W @ 1012.99609375 (ms) to 1038.134765625 (ms), cudaEventElapsed = 15.059967994689941 (ms)
[RANK0] B @ 1038.323486328125 (ms) to 1072.26220703125 (ms), cudaEventElapsed = 33.907169342041016 (ms)
[RANK0] W @ 1072.326171875 (ms) to 1087.3544921875 (ms), cudaEventElapsed = 15.00057601928711 (ms)
[RANK0] B @ 1121.664306640625 (ms) to 1154.704833984375 (ms), cudaEventElapsed = 33.001502990722656 (ms)
[RANK0] W @ 1154.77099609375 (ms) to 1169.01904296875 (ms), cudaEventElapsed = 14.221311569213867 (ms)
[RANK0] B @ 1208.909912109375 (ms) to 1240.8681640625 (ms), cudaEventElapsed = 31.925472259521484 (ms)
[RANK0] 1W @ 1240.93505859375 (ms) to 1254.7158203125 (ms), cudaEventElapsed = 13.75436782836914 (ms)
[RANK0] Iteration 3
[RANK0] F @ 2.221435546875 (ms) to 27.396484375 (ms), cudaEventElapsed = 25.136608123779297 (ms)
[RANK0] F @ 27.617919921875 (ms) to 53.114501953125 (ms), cudaEventElapsed = 25.462783813476562 (ms)
[RANK0] F @ 53.331298828125 (ms) to 80.93798828125 (ms), cudaEventElapsed = 27.572223663330078 (ms)
[RANK0] F @ 81.1318359375 (ms) to 108.819580078125 (ms), cudaEventElapsed = 27.655168533325195 (ms)
[RANK0] F @ 109.03173828125 (ms) to 137.142822265625 (ms), cudaEventElapsed = 28.073984146118164 (ms)
[RANK0] F @ 137.3603515625 (ms) to 165.076416015625 (ms), cudaEventElapsed = 27.680767059326172 (ms)
[RANK0] F @ 165.26904296875 (ms) to 193.23583984375 (ms), cudaEventElapsed = 27.925504684448242 (ms)
[RANK0] B @ 268.9501953125 (ms) to 300.78564453125 (ms), cudaEventElapsed = 31.780479431152344 (ms)
[RANK0] F @ 301.02490234375 (ms) to 326.361083984375 (ms), cudaEventElapsed = 25.29689598083496 (ms)
[RANK0] B @ 349.20263671875 (ms) to 382.1611328125 (ms), cudaEventElapsed = 32.91177749633789 (ms)
[RANK0] W @ 382.42529296875 (ms) to 396.922607421875 (ms), cudaEventElapsed = 14.462976455688477 (ms)
[RANK0] F @ 396.982666015625 (ms) to 423.1318359375 (ms), cudaEventElapsed = 26.11712074279785 (ms)
[RANK0] B @ 430.701416015625 (ms) to 466.955810546875 (ms), cudaEventElapsed = 36.21148681640625 (ms)
[RANK0] B @ 509.99560546875 (ms) to 541.89697265625 (ms), cudaEventElapsed = 31.856096267700195 (ms)
[RANK0] W @ 541.985107421875 (ms) to 555.597412109375 (ms), cudaEventElapsed = 13.58233642578125 (ms)
[RANK0] F @ 555.855712890625 (ms) to 581.91845703125 (ms), cudaEventElapsed = 26.028032302856445 (ms)
[RANK0] B @ 613.353271484375 (ms) to 646.7958984375 (ms), cudaEventElapsed = 33.395870208740234 (ms)
[RANK0] B @ 666.238037109375 (ms) to 698.370849609375 (ms), cudaEventElapsed = 32.08745574951172 (ms)
[RANK0] W @ 698.449951171875 (ms) to 712.406005859375 (ms), cudaEventElapsed = 13.924351692199707 (ms)
[RANK0] F @ 712.6474609375 (ms) to 739.0517578125 (ms), cudaEventElapsed = 26.37107276916504 (ms)
[RANK0] B @ 774.681640625 (ms) to 807.95068359375 (ms), cudaEventElapsed = 33.22771072387695 (ms)
[RANK0] B @ 816.07568359375 (ms) to 848.4814453125 (ms), cudaEventElapsed = 32.37055969238281 (ms)
[RANK0] W @ 848.55712890625 (ms) to 862.896484375 (ms), cudaEventElapsed = 14.311424255371094 (ms)
[RANK0] F @ 863.117919921875 (ms) to 888.927734375 (ms), cudaEventElapsed = 25.7761287689209 (ms)
[RANK0] W @ 889.119873046875 (ms) to 934.758056640625 (ms), cudaEventElapsed = 14.302207946777344 (ms)
[RANK0] W @ 934.826904296875 (ms) to 948.38232421875 (ms), cudaEventElapsed = 13.523967742919922 (ms)
[RANK0] W @ 948.606689453125 (ms) to 963.970947265625 (ms), cudaEventElapsed = 15.331328392028809 (ms)
[RANK0] W @ 964.015625 (ms) to 979.981689453125 (ms), cudaEventElapsed = 15.940608024597168 (ms)
[RANK0] B @ 980.149658203125 (ms) to 1015.953369140625 (ms), cudaEventElapsed = 35.774879455566406 (ms)
[RANK0] W @ 1016.1494140625 (ms) to 1038.3056640625 (ms), cudaEventElapsed = 14.87769603729248 (ms)
[RANK0] B @ 1038.476806640625 (ms) to 1072.380859375 (ms), cudaEventElapsed = 33.87664031982422 (ms)
[RANK0] W @ 1072.435546875 (ms) to 1087.508056640625 (ms), cudaEventElapsed = 15.047679901123047 (ms)
[RANK0] B @ 1122.15966796875 (ms) to 1155.29931640625 (ms), cudaEventElapsed = 33.08972930908203 (ms)
[RANK0] W @ 1155.369140625 (ms) to 1169.745849609375 (ms), cudaEventElapsed = 14.347264289855957 (ms)
[RANK0] B @ 1208.008544921875 (ms) to 1239.83837890625 (ms), cudaEventElapsed = 31.795391082763672 (ms)
[RANK0] 1W @ 1239.897216796875 (ms) to 1253.617919921875 (ms), cudaEventElapsed = 13.696000099182129 (ms)
[RANK0] Iteration 4
[RANK0] F @ 2.18408203125 (ms) to 27.36376953125 (ms), cudaEventElapsed = 25.146400451660156 (ms)
[RANK0] F @ 27.571044921875 (ms) to 53.02880859375 (ms), cudaEventElapsed = 25.420799255371094 (ms)
[RANK0] F @ 53.226318359375 (ms) to 80.695068359375 (ms), cudaEventElapsed = 27.437055587768555 (ms)
[RANK0] F @ 80.889892578125 (ms) to 108.877197265625 (ms), cudaEventElapsed = 27.94495964050293 (ms)
[RANK0] F @ 109.0908203125 (ms) to 137.245849609375 (ms), cudaEventElapsed = 28.11903953552246 (ms)
[RANK0] F @ 137.462890625 (ms) to 165.56689453125 (ms), cudaEventElapsed = 28.066816329956055 (ms)
[RANK0] F @ 165.751953125 (ms) to 193.916748046875 (ms), cudaEventElapsed = 28.131328582763672 (ms)
[RANK0] B @ 269.018798828125 (ms) to 300.72900390625 (ms), cudaEventElapsed = 31.66320037841797 (ms)
[RANK0] F @ 300.974365234375 (ms) to 326.553955078125 (ms), cudaEventElapsed = 25.54572868347168 (ms)
[RANK0] B @ 349.877685546875 (ms) to 382.669677734375 (ms), cudaEventElapsed = 32.74576187133789 (ms)
[RANK0] W @ 382.87744140625 (ms) to 397.516845703125 (ms), cudaEventElapsed = 14.599167823791504 (ms)
[RANK0] F @ 397.5712890625 (ms) to 423.598388671875 (ms), cudaEventElapsed = 25.999359130859375 (ms)
[RANK0] B @ 432.3388671875 (ms) to 468.0390625 (ms), cudaEventElapsed = 35.66118240356445 (ms)
[RANK0] B @ 510.67041015625 (ms) to 542.371337890625 (ms), cudaEventElapsed = 31.66192054748535 (ms)
[RANK0] W @ 542.443115234375 (ms) to 556.52587890625 (ms), cudaEventElapsed = 14.056447982788086 (ms)
[RANK0] F @ 556.74462890625 (ms) to 582.576171875 (ms), cudaEventElapsed = 25.799680709838867 (ms)
[RANK0] B @ 615.306396484375 (ms) to 649.00146484375 (ms), cudaEventElapsed = 33.63801574707031 (ms)
[RANK0] B @ 666.262939453125 (ms) to 698.181396484375 (ms), cudaEventElapsed = 31.88198471069336 (ms)
[RANK0] W @ 698.26025390625 (ms) to 712.11865234375 (ms), cudaEventElapsed = 13.828096389770508 (ms)
[RANK0] F @ 712.3427734375 (ms) to 738.44189453125 (ms), cudaEventElapsed = 26.068992614746094 (ms)
[RANK0] B @ 775.295166015625 (ms) to 808.8662109375 (ms), cudaEventElapsed = 33.5266227722168 (ms)
[RANK0] B @ 816.951904296875 (ms) to 849.20556640625 (ms), cudaEventElapsed = 32.22038269042969 (ms)
[RANK0] W @ 849.2734375 (ms) to 863.61181640625 (ms), cudaEventElapsed = 14.307328224182129 (ms)
[RANK0] F @ 863.81787109375 (ms) to 890.517578125 (ms), cudaEventElapsed = 26.670080184936523 (ms)
[RANK0] W @ 890.714111328125 (ms) to 933.08056640625 (ms), cudaEventElapsed = 14.534655570983887 (ms)
[RANK0] W @ 933.139892578125 (ms) to 947.359130859375 (ms), cudaEventElapsed = 14.187520027160645 (ms)
[RANK0] W @ 947.554931640625 (ms) to 962.587158203125 (ms), cudaEventElapsed = 15.003647804260254 (ms)
[RANK0] W @ 962.630126953125 (ms) to 978.5341796875 (ms), cudaEventElapsed = 15.879167556762695 (ms)
[RANK0] B @ 978.68310546875 (ms) to 1014.548828125 (ms), cudaEventElapsed = 35.83929443359375 (ms)
[RANK0] W @ 1014.7275390625 (ms) to 1037.06201171875 (ms), cudaEventElapsed = 14.88486385345459 (ms)
[RANK0] B @ 1037.226318359375 (ms) to 1071.60888671875 (ms), cudaEventElapsed = 34.3540153503418 (ms)
[RANK0] W @ 1071.663330078125 (ms) to 1086.90478515625 (ms), cudaEventElapsed = 15.213567733764648 (ms)
[RANK0] B @ 1122.916748046875 (ms) to 1155.59765625 (ms), cudaEventElapsed = 32.6473274230957 (ms)
[RANK0] W @ 1155.65478515625 (ms) to 1169.557373046875 (ms), cudaEventElapsed = 13.87929630279541 (ms)
[RANK0] B @ 1210.836181640625 (ms) to 1242.41943359375 (ms), cudaEventElapsed = 31.552928924560547 (ms)
[RANK0] 1W @ 1242.474853515625 (ms) to 1256.642333984375 (ms), cudaEventElapsed = 14.143487930297852 (ms)
[RANK0] Iteration 5
[RANK0] F @ 2.125732421875 (ms) to 27.299560546875 (ms), cudaEventElapsed = 25.140352249145508 (ms)
[RANK0] F @ 27.50048828125 (ms) to 52.548828125 (ms), cudaEventElapsed = 25.009151458740234 (ms)
[RANK0] F @ 52.7431640625 (ms) to 80.572998046875 (ms), cudaEventElapsed = 27.793407440185547 (ms)
[RANK0] F @ 80.759765625 (ms) to 108.7578125 (ms), cudaEventElapsed = 27.96339225769043 (ms)
[RANK0] F @ 108.973876953125 (ms) to 137.079345703125 (ms), cudaEventElapsed = 28.071935653686523 (ms)
[RANK0] F @ 137.26953125 (ms) to 165.279541015625 (ms), cudaEventElapsed = 27.975679397583008 (ms)
[RANK0] F @ 165.46142578125 (ms) to 193.356689453125 (ms), cudaEventElapsed = 27.864063262939453 (ms)
[RANK0] B @ 270.43310546875 (ms) to 303.372802734375 (ms), cudaEventElapsed = 32.896095275878906 (ms)
[RANK0] F @ 303.578857421875 (ms) to 329.37451171875 (ms), cudaEventElapsed = 25.765888214111328 (ms)
[RANK0] B @ 354.034912109375 (ms) to 387.6298828125 (ms), cudaEventElapsed = 33.553985595703125 (ms)
[RANK0] W @ 387.84912109375 (ms) to 403.04931640625 (ms), cudaEventElapsed = 15.168512344360352 (ms)
[RANK0] F @ 403.100341796875 (ms) to 429.849853515625 (ms), cudaEventElapsed = 26.72332763671875 (ms)
[RANK0] B @ 438.8671875 (ms) to 475.819580078125 (ms), cudaEventElapsed = 36.914241790771484 (ms)
[RANK0] B @ 520.6845703125 (ms) to 553.220703125 (ms), cudaEventElapsed = 32.496543884277344 (ms)
[RANK0] W @ 553.299072265625 (ms) to 567.833740234375 (ms), cudaEventElapsed = 14.499839782714844 (ms)
[RANK0] F @ 568.074951171875 (ms) to 594.695068359375 (ms), cudaEventElapsed = 26.5850887298584 (ms)
[RANK0] B @ 634.122802734375 (ms) to 668.45703125 (ms), cudaEventElapsed = 34.27017593383789 (ms)
[RANK0] B @ 684.9267578125 (ms) to 717.77783203125 (ms), cudaEventElapsed = 32.8072624206543 (ms)
[RANK0] W @ 717.85546875 (ms) to 733.00146484375 (ms), cudaEventElapsed = 15.118335723876953 (ms)
[RANK0] F @ 733.22607421875 (ms) to 761.89111328125 (ms), cudaEventElapsed = 28.635135650634766 (ms)
[RANK0] B @ 800.3916015625 (ms) to 834.115966796875 (ms), cudaEventElapsed = 33.685665130615234 (ms)
[RANK0] B @ 844.798583984375 (ms) to 877.66259765625 (ms), cudaEventElapsed = 32.82291030883789 (ms)
[RANK0] W @ 877.725830078125 (ms) to 892.8564453125 (ms), cudaEventElapsed = 15.101951599121094 (ms)
[RANK0] F @ 893.07421875 (ms) to 921.433349609375 (ms), cudaEventElapsed = 28.32691192626953 (ms)
[RANK0] W @ 921.619384765625 (ms) to 975.054443359375 (ms), cudaEventElapsed = 14.328831672668457 (ms)
[RANK0] W @ 975.108642578125 (ms) to 989.72705078125 (ms), cudaEventElapsed = 14.58790397644043 (ms)
[RANK0] W @ 989.951171875 (ms) to 1006.571044921875 (ms), cudaEventElapsed = 16.589824676513672 (ms)
[RANK0] W @ 1006.613037109375 (ms) to 1024.558837890625 (ms), cudaEventElapsed = 17.921024322509766 (ms)
[RANK0] B @ 1024.72509765625 (ms) to 1062.61767578125 (ms), cudaEventElapsed = 37.86431884765625 (ms)
[RANK0] W @ 1062.82470703125 (ms) to 1090.080322265625 (ms), cudaEventElapsed = 15.547391891479492 (ms)
[RANK0] B @ 1090.249755859375 (ms) to 1126.240966796875 (ms), cudaEventElapsed = 35.961280822753906 (ms)
[RANK0] W @ 1126.307861328125 (ms) to 1143.218994140625 (ms), cudaEventElapsed = 16.881664276123047 (ms)
[RANK0] B @ 1185.27587890625 (ms) to 1219.3466796875 (ms), cudaEventElapsed = 34.03337478637695 (ms)
[RANK0] W @ 1219.407470703125 (ms) to 1234.958740234375 (ms), cudaEventElapsed = 15.522815704345703 (ms)
[RANK0] B @ 1287.634033203125 (ms) to 1320.371826171875 (ms), cudaEventElapsed = 32.70832061767578 (ms)
[RANK0] 1W @ 1320.425537109375 (ms) to 1335.270263671875 (ms), cudaEventElapsed = 14.819328308105469 (ms)
[RANK0] Iteration 6
[RANK0] F @ 2.03564453125 (ms) to 27.15185546875 (ms), cudaEventElapsed = 25.084287643432617 (ms)
[RANK0] F @ 27.359130859375 (ms) to 52.850341796875 (ms), cudaEventElapsed = 25.453567504882812 (ms)
[RANK0] F @ 53.049072265625 (ms) to 80.335205078125 (ms), cudaEventElapsed = 27.253759384155273 (ms)
[RANK0] F @ 80.523681640625 (ms) to 108.4482421875 (ms), cudaEventElapsed = 27.891712188720703 (ms)
[RANK0] F @ 108.67626953125 (ms) to 136.691162109375 (ms), cudaEventElapsed = 27.97875213623047 (ms)
[RANK0] F @ 137.004150390625 (ms) to 164.939697265625 (ms), cudaEventElapsed = 27.900928497314453 (ms)
[RANK0] F @ 165.1259765625 (ms) to 193.349609375 (ms), cudaEventElapsed = 28.190719604492188 (ms)
[RANK0] B @ 273.034912109375 (ms) to 306.105712890625 (ms), cudaEventElapsed = 33.02092742919922 (ms)
[RANK0] F @ 306.322509765625 (ms) to 332.669921875 (ms), cudaEventElapsed = 26.31475257873535 (ms)
[RANK0] B @ 357.073974609375 (ms) to 390.870849609375 (ms), cudaEventElapsed = 33.754974365234375 (ms)
[RANK0] W @ 391.088623046875 (ms) to 407.48486328125 (ms), cudaEventElapsed = 16.3635196685791 (ms)
[RANK0] F @ 407.538330078125 (ms) to 436.1416015625 (ms), cudaEventElapsed = 28.57676887512207 (ms)
[RANK0] B @ 441.099853515625 (ms) to 478.45947265625 (ms), cudaEventElapsed = 37.32294464111328 (ms)
[RANK0] B @ 523.304931640625 (ms) to 556.53662109375 (ms), cudaEventElapsed = 33.19190216064453 (ms)
[RANK0] W @ 556.610595703125 (ms) to 571.604736328125 (ms), cudaEventElapsed = 14.96780776977539 (ms)
[RANK0] F @ 571.833251953125 (ms) to 599.18212890625 (ms), cudaEventElapsed = 27.315200805664062 (ms)
[RANK0] B @ 635.872802734375 (ms) to 670.260009765625 (ms), cudaEventElapsed = 34.34553527832031 (ms)
[RANK0] B @ 686.55322265625 (ms) to 719.955078125 (ms), cudaEventElapsed = 33.364192962646484 (ms)
[RANK0] W @ 720.022705078125 (ms) to 735.542236328125 (ms), cudaEventElapsed = 15.494144439697266 (ms)
[RANK0] F @ 735.77587890625 (ms) to 764.008544921875 (ms), cudaEventElapsed = 28.198911666870117 (ms)
[RANK0] B @ 802.77783203125 (ms) to 836.960205078125 (ms), cudaEventElapsed = 34.14476776123047 (ms)
[RANK0] B @ 846.637451171875 (ms) to 880.390625 (ms), cudaEventElapsed = 33.72256088256836 (ms)
[RANK0] W @ 880.451416015625 (ms) to 896.50439453125 (ms), cudaEventElapsed = 16.02764892578125 (ms)
[RANK0] F @ 896.70947265625 (ms) to 925.30029296875 (ms), cudaEventElapsed = 28.56243133544922 (ms)
[RANK0] W @ 925.489013671875 (ms) to 975.0283203125 (ms), cudaEventElapsed = 14.403583526611328 (ms)
[RANK0] W @ 975.078369140625 (ms) to 990.562255859375 (ms), cudaEventElapsed = 15.450112342834473 (ms)
[RANK0] W @ 990.782470703125 (ms) to 1008.48583984375 (ms), cudaEventElapsed = 17.671167373657227 (ms)
[RANK0] W @ 1008.52880859375 (ms) to 1028.182373046875 (ms), cudaEventElapsed = 19.629056930541992 (ms)
[RANK0] B @ 1028.350341796875 (ms) to 1067.978515625 (ms), cudaEventElapsed = 39.59929656982422 (ms)
[RANK0] W @ 1068.188720703125 (ms) to 1094.315673828125 (ms), cudaEventElapsed = 16.339967727661133 (ms)
[RANK0] B @ 1094.482421875 (ms) to 1130.843994140625 (ms), cudaEventElapsed = 36.33241653442383 (ms)
[RANK0] W @ 1130.90283203125 (ms) to 1148.284912109375 (ms), cudaEventElapsed = 17.355775833129883 (ms)
[RANK0] B @ 1187.955078125 (ms) to 1221.931884765625 (ms), cudaEventElapsed = 33.9422721862793 (ms)
[RANK0] W @ 1222.001953125 (ms) to 1237.47705078125 (ms), cudaEventElapsed = 15.446016311645508 (ms)
[RANK0] B @ 1289.1748046875 (ms) to 1322.579833984375 (ms), cudaEventElapsed = 33.339969635009766 (ms)
[RANK0] 1W @ 1322.703125 (ms) to 1338.24267578125 (ms), cudaEventElapsed = 15.501312255859375 (ms)
[RANK0] Iteration 7
[RANK0] F @ 2.108154296875 (ms) to 27.419189453125 (ms), cudaEventElapsed = 25.275392532348633 (ms)
[RANK0] F @ 27.635986328125 (ms) to 53.209228515625 (ms), cudaEventElapsed = 25.53856086730957 (ms)
[RANK0] F @ 53.41064453125 (ms) to 80.9033203125 (ms), cudaEventElapsed = 27.461631774902344 (ms)
[RANK0] F @ 81.1083984375 (ms) to 108.9375 (ms), cudaEventElapsed = 27.796480178833008 (ms)
[RANK0] F @ 109.16455078125 (ms) to 137.401611328125 (ms), cudaEventElapsed = 28.197887420654297 (ms)
[RANK0] F @ 137.6171875 (ms) to 165.514892578125 (ms), cudaEventElapsed = 27.859968185424805 (ms)
[RANK0] F @ 165.70556640625 (ms) to 193.6298828125 (ms), cudaEventElapsed = 27.891712188720703 (ms)
[RANK0] B @ 270.571044921875 (ms) to 303.8876953125 (ms), cudaEventElapsed = 33.26643371582031 (ms)
[RANK0] F @ 304.125244140625 (ms) to 330.203125 (ms), cudaEventElapsed = 26.044416427612305 (ms)
[RANK0] B @ 354.094970703125 (ms) to 387.590576171875 (ms), cudaEventElapsed = 33.453857421875 (ms)
[RANK0] W @ 387.81103515625 (ms) to 404.03564453125 (ms), cudaEventElapsed = 16.185344696044922 (ms)
[RANK0] F @ 404.090576171875 (ms) to 433.33349609375 (ms), cudaEventElapsed = 29.213695526123047 (ms)
[RANK0] B @ 439.36474609375 (ms) to 476.419677734375 (ms), cudaEventElapsed = 37.01395034790039 (ms)
[RANK0] B @ 521.56103515625 (ms) to 554.78076171875 (ms), cudaEventElapsed = 33.18163299560547 (ms)
[RANK0] W @ 554.85400390625 (ms) to 570.402587890625 (ms), cudaEventElapsed = 15.516672134399414 (ms)
[RANK0] F @ 570.6044921875 (ms) to 600.04443359375 (ms), cudaEventElapsed = 29.40825653076172 (ms)
[RANK0] B @ 633.782958984375 (ms) to 667.98974609375 (ms), cudaEventElapsed = 34.16524887084961 (ms)
[RANK0] B @ 684.38720703125 (ms) to 717.875 (ms), cudaEventElapsed = 33.45568084716797 (ms)
[RANK0] W @ 717.93603515625 (ms) to 733.902099609375 (ms), cudaEventElapsed = 15.937536239624023 (ms)
[RANK0] F @ 734.10546875 (ms) to 762.8134765625 (ms), cudaEventElapsed = 28.677120208740234 (ms)
[RANK0] B @ 800.22998046875 (ms) to 834.52099609375 (ms), cudaEventElapsed = 34.25551986694336 (ms)
[RANK0] B @ 844.7529296875 (ms) to 878.42822265625 (ms), cudaEventElapsed = 33.643646240234375 (ms)
[RANK0] W @ 878.487548828125 (ms) to 894.73779296875 (ms), cudaEventElapsed = 16.22323226928711 (ms)
[RANK0] F @ 894.920166015625 (ms) to 923.385009765625 (ms), cudaEventElapsed = 28.436479568481445 (ms)
[RANK0] W @ 923.56787109375 (ms) to 976.5771484375 (ms), cudaEventElapsed = 14.630911827087402 (ms)
[RANK0] W @ 976.63232421875 (ms) to 991.6923828125 (ms), cudaEventElapsed = 15.028223991394043 (ms)
[RANK0] W @ 991.897216796875 (ms) to 1009.8017578125 (ms), cudaEventElapsed = 17.870847702026367 (ms)
[RANK0] W @ 1009.852294921875 (ms) to 1030.333251953125 (ms), cudaEventElapsed = 20.45439910888672 (ms)
[RANK0] B @ 1030.49072265625 (ms) to 1070.62158203125 (ms), cudaEventElapsed = 40.102272033691406 (ms)
[RANK0] W @ 1070.824951171875 (ms) to 1091.871826171875 (ms), cudaEventElapsed = 18.534400939941406 (ms)
[RANK0] B @ 1092.0419921875 (ms) to 1129.8955078125 (ms), cudaEventElapsed = 37.824798583984375 (ms)
[RANK0] W @ 1129.951171875 (ms) to 1147.770751953125 (ms), cudaEventElapsed = 17.79199981689453 (ms)
[RANK0] B @ 1182.4296875 (ms) to 1216.75634765625 (ms), cudaEventElapsed = 34.295135498046875 (ms)
[RANK0] W @ 1216.81396484375 (ms) to 1232.618408203125 (ms), cudaEventElapsed = 15.779840469360352 (ms)
[RANK0] B @ 1284.18798828125 (ms) to 1317.3544921875 (ms), cudaEventElapsed = 33.137569427490234 (ms)
[RANK0] 1W @ 1317.407470703125 (ms) to 1332.80224609375 (ms), cudaEventElapsed = 15.366144180297852 (ms)
[RANK0] Iteration 8
[RANK0] F @ 2.056640625 (ms) to 27.31494140625 (ms), cudaEventElapsed = 25.215423583984375 (ms)
[RANK0] F @ 27.524169921875 (ms) to 52.81396484375 (ms), cudaEventElapsed = 25.251840591430664 (ms)
[RANK0] F @ 53.013427734375 (ms) to 80.679931640625 (ms), cudaEventElapsed = 27.631616592407227 (ms)
[RANK0] F @ 80.875244140625 (ms) to 109.36376953125 (ms), cudaEventElapsed = 28.450815200805664 (ms)
[RANK0] F @ 109.57666015625 (ms) to 137.7236328125 (ms), cudaEventElapsed = 28.11084747314453 (ms)
[RANK0] F @ 137.927001953125 (ms) to 165.751220703125 (ms), cudaEventElapsed = 27.793407440185547 (ms)
[RANK0] F @ 165.94384765625 (ms) to 193.678955078125 (ms), cudaEventElapsed = 27.703296661376953 (ms)
[RANK0] B @ 271.111328125 (ms) to 304.45849609375 (ms), cudaEventElapsed = 33.30099105834961 (ms)
[RANK0] F @ 304.67724609375 (ms) to 330.944580078125 (ms), cudaEventElapsed = 26.235904693603516 (ms)
[RANK0] B @ 356.207275390625 (ms) to 389.88623046875 (ms), cudaEventElapsed = 33.639041900634766 (ms)
[RANK0] W @ 390.099365234375 (ms) to 406.078125 (ms), cudaEventElapsed = 15.949824333190918 (ms)
[RANK0] F @ 406.128173828125 (ms) to 434.29248046875 (ms), cudaEventElapsed = 28.13542366027832 (ms)
[RANK0] B @ 440.6640625 (ms) to 478.25439453125 (ms), cudaEventElapsed = 37.548641204833984 (ms)
[RANK0] B @ 523.230712890625 (ms) to 556.46875 (ms), cudaEventElapsed = 33.1952018737793 (ms)
[RANK0] W @ 556.54296875 (ms) to 572.0380859375 (ms), cudaEventElapsed = 15.466496467590332 (ms)
[RANK0] F @ 572.271728515625 (ms) to 601.248046875 (ms), cudaEventElapsed = 28.943359375 (ms)
[RANK0] B @ 636.380859375 (ms) to 670.74951171875 (ms), cudaEventElapsed = 34.32838439941406 (ms)
[RANK0] B @ 687.10888671875 (ms) to 720.406982421875 (ms), cudaEventElapsed = 33.26483154296875 (ms)
[RANK0] W @ 720.473388671875 (ms) to 735.76708984375 (ms), cudaEventElapsed = 15.26476764678955 (ms)
[RANK0] F @ 735.991455078125 (ms) to 765.410400390625 (ms), cudaEventElapsed = 29.386751174926758 (ms)
[RANK0] B @ 803.55224609375 (ms) to 837.686767578125 (ms), cudaEventElapsed = 34.09695816040039 (ms)
[RANK0] B @ 847.942138671875 (ms) to 881.578125 (ms), cudaEventElapsed = 33.60358428955078 (ms)
[RANK0] W @ 881.643798828125 (ms) to 897.580078125 (ms), cudaEventElapsed = 15.90169620513916 (ms)
[RANK0] F @ 897.775634765625 (ms) to 927.353515625 (ms), cudaEventElapsed = 29.54854393005371 (ms)
[RANK0] W @ 927.541259765625 (ms) to 978.90966796875 (ms), cudaEventElapsed = 14.627840042114258 (ms)
[RANK0] W @ 978.9677734375 (ms) to 993.9736328125 (ms), cudaEventElapsed = 14.971903800964355 (ms)
[RANK0] W @ 994.1884765625 (ms) to 1012.16015625 (ms), cudaEventElapsed = 17.940479278564453 (ms)
[RANK0] W @ 1012.20361328125 (ms) to 1032.767578125 (ms), cudaEventElapsed = 20.536319732666016 (ms)
[RANK0] B @ 1032.94140625 (ms) to 1073.498291015625 (ms), cudaEventElapsed = 40.526912689208984 (ms)
[RANK0] W @ 1073.712890625 (ms) to 1093.82177734375 (ms), cudaEventElapsed = 18.326528549194336 (ms)
[RANK0] B @ 1093.992919921875 (ms) to 1132.264892578125 (ms), cudaEventElapsed = 38.242942810058594 (ms)
[RANK0] W @ 1132.323486328125 (ms) to 1150.1357421875 (ms), cudaEventElapsed = 17.784832000732422 (ms)
[RANK0] B @ 1183.06640625 (ms) to 1217.259765625 (ms), cudaEventElapsed = 34.160736083984375 (ms)
[RANK0] W @ 1217.31982421875 (ms) to 1233.24609375 (ms), cudaEventElapsed = 15.89964771270752 (ms)
[RANK0] B @ 1283.3232421875 (ms) to 1316.492431640625 (ms), cudaEventElapsed = 33.137760162353516 (ms)
[RANK0] 1W @ 1316.551025390625 (ms) to 1332.1240234375 (ms), cudaEventElapsed = 15.546367645263672 (ms)
[RANK0] Iteration 9
[RANK0] F @ 2.091064453125 (ms) to 27.236083984375 (ms), cudaEventElapsed = 25.112831115722656 (ms)
[RANK0] F @ 27.4443359375 (ms) to 52.76025390625 (ms), cudaEventElapsed = 25.2805118560791 (ms)
[RANK0] F @ 52.959716796875 (ms) to 80.985107421875 (ms), cudaEventElapsed = 27.993087768554688 (ms)
[RANK0] F @ 81.177001953125 (ms) to 109.30810546875 (ms), cudaEventElapsed = 28.095487594604492 (ms)
[RANK0] F @ 109.493408203125 (ms) to 137.716796875 (ms), cudaEventElapsed = 28.189695358276367 (ms)
[RANK0] F @ 137.909912109375 (ms) to 165.946533203125 (ms), cudaEventElapsed = 28.004352569580078 (ms)
[RANK0] F @ 166.130615234375 (ms) to 194.159912109375 (ms), cudaEventElapsed = 27.99616050720215 (ms)
[RANK0] B @ 459.1005859375 (ms) to 492.345947265625 (ms), cudaEventElapsed = 33.194366455078125 (ms)
[RANK0] F @ 492.595947265625 (ms) to 519.08447265625 (ms), cudaEventElapsed = 26.455039978027344 (ms)
[RANK0] B @ 608.27490234375 (ms) to 641.518310546875 (ms), cudaEventElapsed = 33.184993743896484 (ms)
[RANK0] W @ 641.741943359375 (ms) to 657.318603515625 (ms), cudaEventElapsed = 15.547391891479492 (ms)
[RANK0] F @ 657.37060546875 (ms) to 685.5205078125 (ms), cudaEventElapsed = 28.1210880279541 (ms)
[RANK0] B @ 759.18115234375 (ms) to 793.21875 (ms), cudaEventElapsed = 33.997535705566406 (ms)
[RANK0] B @ 906.522216796875 (ms) to 939.691162109375 (ms), cudaEventElapsed = 33.126014709472656 (ms)
[RANK0] W @ 939.760009765625 (ms) to 954.90576171875 (ms), cudaEventElapsed = 15.113216400146484 (ms)
[RANK0] F @ 955.108154296875 (ms) to 984.235107421875 (ms), cudaEventElapsed = 29.087743759155273 (ms)
[RANK0] B @ 1059.82958984375 (ms) to 1093.747802734375 (ms), cudaEventElapsed = 33.87596893310547 (ms)
[RANK0] B @ 1204.611083984375 (ms) to 1238.06201171875 (ms), cudaEventElapsed = 33.38684844970703 (ms)
[RANK0] W @ 1238.145751953125 (ms) to 1253.228515625 (ms), cudaEventElapsed = 15.049728393554688 (ms)
[RANK0] F @ 1253.4677734375 (ms) to 1283.066650390625 (ms), cudaEventElapsed = 29.56492805480957 (ms)
[RANK0] B @ 1384.706787109375 (ms) to 1418.864501953125 (ms), cudaEventElapsed = 34.10515213012695 (ms)
[RANK0] B @ 1428.10791015625 (ms) to 1461.7216796875 (ms), cudaEventElapsed = 33.57875061035156 (ms)
[RANK0] W @ 1461.7861328125 (ms) to 1478.210205078125 (ms), cudaEventElapsed = 16.39731216430664 (ms)
[RANK0] F @ 1478.408935546875 (ms) to 1507.239501953125 (ms), cudaEventElapsed = 28.78771209716797 (ms)
[RANK0] W @ 1507.433837890625 (ms) to 1618.07421875 (ms), cudaEventElapsed = 14.432255744934082 (ms)
[RANK0] W @ 1618.144775390625 (ms) to 1632.984619140625 (ms), cudaEventElapsed = 14.80294418334961 (ms)
[RANK0] W @ 1633.211181640625 (ms) to 1651.01953125 (ms), cudaEventElapsed = 17.775615692138672 (ms)
[RANK0] W @ 1651.063720703125 (ms) to 1671.9921875 (ms), cudaEventElapsed = 20.901887893676758 (ms)
[RANK0] B @ 1672.15673828125 (ms) to 1712.486328125 (ms), cudaEventElapsed = 40.300384521484375 (ms)
[RANK0] W @ 1712.709228515625 (ms) to 1795.364013671875 (ms), cudaEventElapsed = 14.642175674438477 (ms)
[RANK0] B @ 1795.54248046875 (ms) to 1830.296142578125 (ms), cudaEventElapsed = 34.724063873291016 (ms)
[RANK0] W @ 1830.354736328125 (ms) to 1847.2822265625 (ms), cudaEventElapsed = 16.901119232177734 (ms)
[RANK0] B @ 1956.056884765625 (ms) to 1989.945556640625 (ms), cudaEventElapsed = 33.84614562988281 (ms)
[RANK0] W @ 1990.00830078125 (ms) to 2005.302001953125 (ms), cudaEventElapsed = 15.267840385437012 (ms)
[RANK0] B @ 2058.465576171875 (ms) to 2091.49462890625 (ms), cudaEventElapsed = 32.99718475341797 (ms)
[RANK0] 1W @ 2091.5556640625 (ms) to 2106.874267578125 (ms), cudaEventElapsed = 15.29139232635498 (ms)
[RANK0] Iteration 10
[RANK0] F @ 2.1455078125 (ms) to 27.30908203125 (ms), cudaEventElapsed = 25.131296157836914 (ms)
[RANK0] F @ 27.520751953125 (ms) to 53.31201171875 (ms), cudaEventElapsed = 25.754623413085938 (ms)
[RANK0] F @ 53.51025390625 (ms) to 81.236083984375 (ms), cudaEventElapsed = 27.693056106567383 (ms)
[RANK0] F @ 81.440185546875 (ms) to 109.568359375 (ms), cudaEventElapsed = 28.089344024658203 (ms)
[RANK0] F @ 109.955810546875 (ms) to 138.393798828125 (ms), cudaEventElapsed = 28.387327194213867 (ms)
[RANK0] F @ 138.75 (ms) to 166.80908203125 (ms), cudaEventElapsed = 28.016639709472656 (ms)
[RANK0] F @ 167.046142578125 (ms) to 195.209228515625 (ms), cudaEventElapsed = 28.12928009033203 (ms)
[RANK0] B @ 456.9921875 (ms) to 490.298828125 (ms), cudaEventElapsed = 33.25203323364258 (ms)
[RANK0] F @ 490.55908203125 (ms) to 516.853759765625 (ms), cudaEventElapsed = 26.253311157226562 (ms)
[RANK0] B @ 605.786865234375 (ms) to 639.081787109375 (ms), cudaEventElapsed = 33.240478515625 (ms)
[RANK0] W @ 639.32275390625 (ms) to 654.949462890625 (ms), cudaEventElapsed = 15.589376449584961 (ms)
[RANK0] F @ 655.004150390625 (ms) to 683.45263671875 (ms), cudaEventElapsed = 28.417024612426758 (ms)
[RANK0] B @ 756.478271484375 (ms) to 790.436279296875 (ms), cudaEventElapsed = 33.91814422607422 (ms)
[RANK0] B @ 904.148681640625 (ms) to 937.327880859375 (ms), cudaEventElapsed = 33.1393928527832 (ms)
[RANK0] W @ 937.3935546875 (ms) to 952.523193359375 (ms), cudaEventElapsed = 15.10092830657959 (ms)
[RANK0] F @ 952.7275390625 (ms) to 981.396728515625 (ms), cudaEventElapsed = 28.639232635498047 (ms)
[RANK0] B @ 1057.34521484375 (ms) to 1091.4833984375 (ms), cudaEventElapsed = 34.07686233520508 (ms)
[RANK0] B @ 1201.59765625 (ms) to 1234.816162109375 (ms), cudaEventElapsed = 33.170143127441406 (ms)
[RANK0] W @ 1234.89013671875 (ms) to 1250.09228515625 (ms), cudaEventElapsed = 15.168512344360352 (ms)
[RANK0] F @ 1250.30712890625 (ms) to 1279.929931640625 (ms), cudaEventElapsed = 29.591552734375 (ms)
[RANK0] B @ 1382.0205078125 (ms) to 1416.280517578125 (ms), cudaEventElapsed = 34.195167541503906 (ms)
[RANK0] B @ 1425.604736328125 (ms) to 1459.46484375 (ms), cudaEventElapsed = 33.80275344848633 (ms)
[RANK0] W @ 1459.561767578125 (ms) to 1475.76123046875 (ms), cudaEventElapsed = 16.158720016479492 (ms)
[RANK0] F @ 1476.037841796875 (ms) to 1505.009765625 (ms), cudaEventElapsed = 28.93824005126953 (ms)
[RANK0] W @ 1505.20703125 (ms) to 1615.14306640625 (ms), cudaEventElapsed = 14.462976455688477 (ms)
[RANK0] W @ 1615.228759765625 (ms) to 1630.1044921875 (ms), cudaEventElapsed = 14.839808464050293 (ms)
[RANK0] W @ 1630.328857421875 (ms) to 1648.157958984375 (ms), cudaEventElapsed = 17.79916763305664 (ms)
[RANK0] W @ 1648.20166015625 (ms) to 1669.735107421875 (ms), cudaEventElapsed = 21.505023956298828 (ms)
[RANK0] B @ 1669.90478515625 (ms) to 1710.5849609375 (ms), cudaEventElapsed = 40.6486701965332 (ms)
[RANK0] W @ 1710.81982421875 (ms) to 1791.056396484375 (ms), cudaEventElapsed = 14.67801570892334 (ms)
[RANK0] B @ 1791.24609375 (ms) to 1826.2216796875 (ms), cudaEventElapsed = 34.94607925415039 (ms)
[RANK0] W @ 1826.27734375 (ms) to 1843.558837890625 (ms), cudaEventElapsed = 17.25644874572754 (ms)
[RANK0] B @ 1951.389892578125 (ms) to 1985.409912109375 (ms), cudaEventElapsed = 33.97315216064453 (ms)
[RANK0] W @ 1985.475341796875 (ms) to 2001.2421875 (ms), cudaEventElapsed = 15.733759880065918 (ms)
[RANK0] B @ 2053.986328125 (ms) to 2087.116455078125 (ms), cudaEventElapsed = 33.09516906738281 (ms)
[RANK0] 1W @ 2087.177978515625 (ms) to 2102.635986328125 (ms), cudaEventElapsed = 15.425536155700684 (ms)
[RANK0] Iteration 11
[RANK0] F @ 2.0771484375 (ms) to 27.427490234375 (ms), cudaEventElapsed = 25.31715202331543 (ms)
[RANK0] F @ 27.638671875 (ms) to 53.0087890625 (ms), cudaEventElapsed = 25.3306884765625 (ms)
[RANK0] F @ 53.208984375 (ms) to 81.34375 (ms), cudaEventElapsed = 28.1026554107666 (ms)
[RANK0] F @ 81.5458984375 (ms) to 109.6689453125 (ms), cudaEventElapsed = 28.087295532226562 (ms)
[RANK0] F @ 109.857666015625 (ms) to 137.99609375 (ms), cudaEventElapsed = 28.095487594604492 (ms)
[RANK0] F @ 138.180419921875 (ms) to 166.250732421875 (ms), cudaEventElapsed = 28.036096572875977 (ms)
[RANK0] F @ 166.4658203125 (ms) to 194.687744140625 (ms), cudaEventElapsed = 28.189695358276367 (ms)
[RANK0] B @ 452.7177734375 (ms) to 486.030029296875 (ms), cudaEventElapsed = 33.25980758666992 (ms)
[RANK0] F @ 486.265869140625 (ms) to 512.58154296875 (ms), cudaEventElapsed = 26.274816513061523 (ms)
[RANK0] B @ 601.77001953125 (ms) to 635.018798828125 (ms), cudaEventElapsed = 33.20659255981445 (ms)
[RANK0] W @ 635.221435546875 (ms) to 650.609375 (ms), cudaEventElapsed = 15.357952117919922 (ms)
[RANK0] F @ 650.65966796875 (ms) to 679.88330078125 (ms), cudaEventElapsed = 29.196287155151367 (ms)
[RANK0] B @ 751.6767578125 (ms) to 785.73486328125 (ms), cudaEventElapsed = 34.019264221191406 (ms)
[RANK0] B @ 900.802001953125 (ms) to 934.04345703125 (ms), cudaEventElapsed = 33.187232971191406 (ms)
[RANK0] W @ 934.129150390625 (ms) to 949.050537109375 (ms), cudaEventElapsed = 14.88691234588623 (ms)
[RANK0] F @ 949.364501953125 (ms) to 979.5712890625 (ms), cudaEventElapsed = 30.15987205505371 (ms)
[RANK0] B @ 1052.774658203125 (ms) to 1086.9716796875 (ms), cudaEventElapsed = 34.14451217651367 (ms)
[RANK0] B @ 1197.888427734375 (ms) to 1230.99658203125 (ms), cudaEventElapsed = 33.05708694458008 (ms)
[RANK0] W @ 1231.070068359375 (ms) to 1246.056884765625 (ms), cudaEventElapsed = 14.958592414855957 (ms)
[RANK0] F @ 1246.290283203125 (ms) to 1275.648681640625 (ms), cudaEventElapsed = 29.328384399414062 (ms)
[RANK0] B @ 1377.87255859375 (ms) to 1411.8427734375 (ms), cudaEventElapsed = 33.922367095947266 (ms)
[RANK0] B @ 1422.571044921875 (ms) to 1456.1689453125 (ms), cudaEventElapsed = 33.56355285644531 (ms)
[RANK0] W @ 1456.229736328125 (ms) to 1472.725830078125 (ms), cudaEventElapsed = 16.471040725708008 (ms)
[RANK0] F @ 1472.93310546875 (ms) to 1502.748046875 (ms), cudaEventElapsed = 29.78508758544922 (ms)
[RANK0] W @ 1502.94384765625 (ms) to 1621.1015625 (ms), cudaEventElapsed = 14.47935962677002 (ms)
[RANK0] W @ 1621.1728515625 (ms) to 1636.59814453125 (ms), cudaEventElapsed = 15.392767906188965 (ms)
[RANK0] W @ 1636.80712890625 (ms) to 1654.616455078125 (ms), cudaEventElapsed = 17.772544860839844 (ms)
[RANK0] W @ 1654.660888671875 (ms) to 1675.36181640625 (ms), cudaEventElapsed = 20.67353630065918 (ms)
[RANK0] B @ 1675.53857421875 (ms) to 1716.168701171875 (ms), cudaEventElapsed = 40.600032806396484 (ms)
[RANK0] W @ 1716.38818359375 (ms) to 1826.6865234375 (ms), cudaEventElapsed = 14.643199920654297 (ms)
[RANK0] B @ 1826.906982421875 (ms) to 1862.5556640625 (ms), cudaEventElapsed = 35.61299133300781 (ms)
[RANK0] W @ 1862.61767578125 (ms) to 1879.845703125 (ms), cudaEventElapsed = 17.20217514038086 (ms)
[RANK0] B @ 2019.352294921875 (ms) to 2053.425537109375 (ms), cudaEventElapsed = 34.027008056640625 (ms)
[RANK0] W @ 2053.49267578125 (ms) to 2068.55615234375 (ms), cudaEventElapsed = 15.038463592529297 (ms)
[RANK0] B @ 2160.86328125 (ms) to 2194.049560546875 (ms), cudaEventElapsed = 33.15097427368164 (ms)
[RANK0] 1W @ 2194.109130859375 (ms) to 2209.093017578125 (ms), cudaEventElapsed = 14.959615707397461 (ms)
[RANK0] Iteration 12
[RANK0] F @ 2.128173828125 (ms) to 27.11865234375 (ms), cudaEventElapsed = 24.956735610961914 (ms)
[RANK0] F @ 27.33251953125 (ms) to 52.792724609375 (ms), cudaEventElapsed = 25.420799255371094 (ms)
[RANK0] F @ 53.002685546875 (ms) to 80.2333984375 (ms), cudaEventElapsed = 27.197439193725586 (ms)
[RANK0] F @ 80.42578125 (ms) to 108.736572265625 (ms), cudaEventElapsed = 28.279808044433594 (ms)
[RANK0] F @ 108.922119140625 (ms) to 137.195556640625 (ms), cudaEventElapsed = 28.240896224975586 (ms)
[RANK0] F @ 137.385498046875 (ms) to 165.49755859375 (ms), cudaEventElapsed = 28.080127716064453 (ms)
[RANK0] F @ 165.697998046875 (ms) to 193.825439453125 (ms), cudaEventElapsed = 28.094463348388672 (ms)
[RANK0] B @ 515.03466796875 (ms) to 548.431640625 (ms), cudaEventElapsed = 33.337921142578125 (ms)
[RANK0] F @ 548.702880859375 (ms) to 574.950927734375 (ms), cudaEventElapsed = 26.211328506469727 (ms)
[RANK0] B @ 715.595703125 (ms) to 749.179931640625 (ms), cudaEventElapsed = 33.509727478027344 (ms)
[RANK0] W @ 749.57373046875 (ms) to 765.153076171875 (ms), cudaEventElapsed = 15.536128044128418 (ms)
[RANK0] F @ 765.249755859375 (ms) to 794.114990234375 (ms), cudaEventElapsed = 28.830720901489258 (ms)
[RANK0] B @ 866.05908203125 (ms) to 900.10693359375 (ms), cudaEventElapsed = 34.00175857543945 (ms)
[RANK0] B @ 1014.352294921875 (ms) to 1047.49462890625 (ms), cudaEventElapsed = 33.10051345825195 (ms)
[RANK0] W @ 1047.564208984375 (ms) to 1062.654052734375 (ms), cudaEventElapsed = 15.062015533447266 (ms)
[RANK0] F @ 1062.85693359375 (ms) to 1092.23828125 (ms), cudaEventElapsed = 29.35091209411621 (ms)
[RANK0] B @ 1167.994873046875 (ms) to 1201.921875 (ms), cudaEventElapsed = 33.88336181640625 (ms)
[RANK0] B @ 1313.12158203125 (ms) to 1346.2548828125 (ms), cudaEventElapsed = 33.095008850097656 (ms)
[RANK0] W @ 1346.3154296875 (ms) to 1361.342529296875 (ms), cudaEventElapsed = 14.997504234313965 (ms)
[RANK0] F @ 1361.547607421875 (ms) to 1391.03271484375 (ms), cudaEventElapsed = 29.452287673950195 (ms)
[RANK0] B @ 1494.93994140625 (ms) to 1528.942626953125 (ms), cudaEventElapsed = 33.95948791503906 (ms)
[RANK0] B @ 1556.002197265625 (ms) to 1589.237060546875 (ms), cudaEventElapsed = 33.200382232666016 (ms)
[RANK0] W @ 1589.2958984375 (ms) to 1604.6298828125 (ms), cudaEventElapsed = 15.30777645111084 (ms)
[RANK0] F @ 1604.811767578125 (ms) to 1633.76708984375 (ms), cudaEventElapsed = 28.92697525024414 (ms)
[RANK0] W @ 1633.962158203125 (ms) to 1792.14306640625 (ms), cudaEventElapsed = 14.433279991149902 (ms)
[RANK0] W @ 1792.220458984375 (ms) to 1807.71923828125 (ms), cudaEventElapsed = 15.462400436401367 (ms)
[RANK0] W @ 1807.949951171875 (ms) to 1825.952880859375 (ms), cudaEventElapsed = 17.968128204345703 (ms)
[RANK0] W @ 1825.996337890625 (ms) to 1846.710693359375 (ms), cudaEventElapsed = 20.6878719329834 (ms)
[RANK0] B @ 1846.874755859375 (ms) to 1887.373779296875 (ms), cudaEventElapsed = 40.470367431640625 (ms)
[RANK0] W @ 1887.566162109375 (ms) to 1997.7412109375 (ms), cudaEventElapsed = 14.699520111083984 (ms)
[RANK0] B @ 1997.953857421875 (ms) to 2033.673583984375 (ms), cudaEventElapsed = 35.68755340576172 (ms)
[RANK0] W @ 2033.7392578125 (ms) to 2051.069091796875 (ms), cudaEventElapsed = 17.299455642700195 (ms)
[RANK0] B @ 2189.93994140625 (ms) to 2223.9111328125 (ms), cudaEventElapsed = 33.929473876953125 (ms)
[RANK0] W @ 2223.97265625 (ms) to 2239.015869140625 (ms), cudaEventElapsed = 15.017984390258789 (ms)
[RANK0] B @ 2331.6962890625 (ms) to 2364.81201171875 (ms), cudaEventElapsed = 33.084129333496094 (ms)
[RANK0] 1W @ 2364.8681640625 (ms) to 2379.927734375 (ms), cudaEventElapsed = 15.034367561340332 (ms)
[RANK0] Iteration 13
[RANK0] F @ 1.831298828125 (ms) to 27.03271484375 (ms), cudaEventElapsed = 25.169279098510742 (ms)
[RANK0] F @ 27.245849609375 (ms) to 52.6064453125 (ms), cudaEventElapsed = 25.32659149169922 (ms)
[RANK0] F @ 52.81494140625 (ms) to 80.09130859375 (ms), cudaEventElapsed = 27.240447998046875 (ms)
[RANK0] F @ 80.289306640625 (ms) to 108.578369140625 (ms), cudaEventElapsed = 28.257280349731445 (ms)
[RANK0] F @ 108.77978515625 (ms) to 136.963623046875 (ms), cudaEventElapsed = 28.14668846130371 (ms)
[RANK0] F @ 137.1640625 (ms) to 165.307861328125 (ms), cudaEventElapsed = 28.104703903198242 (ms)
[RANK0] F @ 165.502685546875 (ms) to 193.729248046875 (ms), cudaEventElapsed = 28.19481658935547 (ms)
[RANK0] B @ 515.235595703125 (ms) to 548.712646484375 (ms), cudaEventElapsed = 33.401248931884766 (ms)
[RANK0] F @ 548.983642578125 (ms) to 575.21728515625 (ms), cudaEventElapsed = 26.200063705444336 (ms)
[RANK0] B @ 715.626220703125 (ms) to 748.906494140625 (ms), cudaEventElapsed = 33.22687911987305 (ms)
[RANK0] W @ 749.149169921875 (ms) to 764.427734375 (ms), cudaEventElapsed = 15.247360229492188 (ms)
[RANK0] F @ 764.478271484375 (ms) to 792.77392578125 (ms), cudaEventElapsed = 28.268543243408203 (ms)
[RANK0] B @ 868.64453125 (ms) to 902.673095703125 (ms), cudaEventElapsed = 33.98099136352539 (ms)
[RANK0] B @ 1016.48291015625 (ms) to 1049.7080078125 (ms), cudaEventElapsed = 33.17744064331055 (ms)
[RANK0] W @ 1049.78515625 (ms) to 1064.972900390625 (ms), cudaEventElapsed = 15.162367820739746 (ms)
[RANK0] F @ 1065.213623046875 (ms) to 1093.724365234375 (ms), cudaEventElapsed = 28.469247817993164 (ms)
[RANK0] B @ 1169.689453125 (ms) to 1203.70458984375 (ms), cudaEventElapsed = 33.971134185791016 (ms)
[RANK0] B @ 1314.41943359375 (ms) to 1347.7265625 (ms), cudaEventElapsed = 33.26047897338867 (ms)
[RANK0] W @ 1347.794921875 (ms) to 1362.792236328125 (ms), cudaEventElapsed = 14.96678352355957 (ms)
[RANK0] F @ 1363.001220703125 (ms) to 1392.48583984375 (ms), cudaEventElapsed = 29.454336166381836 (ms)
[RANK0] B @ 1495.9326171875 (ms) to 1530.033935546875 (ms), cudaEventElapsed = 34.054527282714844 (ms)
[RANK0] B @ 1557.00927734375 (ms) to 1590.339111328125 (ms), cudaEventElapsed = 33.29587173461914 (ms)
[RANK0] W @ 1590.40380859375 (ms) to 1606.050537109375 (ms), cudaEventElapsed = 15.619071960449219 (ms)
[RANK0] F @ 1606.26025390625 (ms) to 1634.881103515625 (ms), cudaEventElapsed = 28.59212875366211 (ms)
[RANK0] W @ 1635.07275390625 (ms) to 1794.19970703125 (ms), cudaEventElapsed = 14.433279991149902 (ms)
[RANK0] W @ 1794.265869140625 (ms) to 1809.728759765625 (ms), cudaEventElapsed = 15.430656433105469 (ms)
[RANK0] W @ 1809.9345703125 (ms) to 1827.62744140625 (ms), cudaEventElapsed = 17.662975311279297 (ms)
[RANK0] W @ 1827.668701171875 (ms) to 1848.044677734375 (ms), cudaEventElapsed = 20.349952697753906 (ms)
[RANK0] B @ 1848.218017578125 (ms) to 1888.436767578125 (ms), cudaEventElapsed = 40.189697265625 (ms)
[RANK0] W @ 1888.62646484375 (ms) to 2000.690673828125 (ms), cudaEventElapsed = 14.658559799194336 (ms)
[RANK0] B @ 2000.87060546875 (ms) to 2035.959716796875 (ms), cudaEventElapsed = 35.05894470214844 (ms)
[RANK0] W @ 2036.013916015625 (ms) to 2053.071533203125 (ms), cudaEventElapsed = 17.03116798400879 (ms)
[RANK0] B @ 2191.1015625 (ms) to 2225.1640625 (ms), cudaEventElapsed = 34.02137756347656 (ms)
[RANK0] W @ 2225.226806640625 (ms) to 2240.6484375 (ms), cudaEventElapsed = 15.39583969116211 (ms)
[RANK0] B @ 2336.24609375 (ms) to 2369.5869140625 (ms), cudaEventElapsed = 33.29564666748047 (ms)
[RANK0] 1W @ 2369.6591796875 (ms) to 2385.0732421875 (ms), cudaEventElapsed = 15.384575843811035 (ms)
[RANK0] Iteration 14
[RANK0] F @ 2.021728515625 (ms) to 27.383544921875 (ms), cudaEventElapsed = 25.320959091186523 (ms)
[RANK0] F @ 27.611572265625 (ms) to 52.95068359375 (ms), cudaEventElapsed = 25.30201530456543 (ms)
[RANK0] F @ 53.1689453125 (ms) to 80.78662109375 (ms), cudaEventElapsed = 27.58246421813965 (ms)
[RANK0] F @ 80.97900390625 (ms) to 109.246337890625 (ms), cudaEventElapsed = 28.236799240112305 (ms)
[RANK0] F @ 109.442138671875 (ms) to 137.4033203125 (ms), cudaEventElapsed = 27.92857551574707 (ms)
[RANK0] F @ 137.5927734375 (ms) to 165.67333984375 (ms), cudaEventElapsed = 28.045312881469727 (ms)
[RANK0] F @ 165.875732421875 (ms) to 193.950927734375 (ms), cudaEventElapsed = 28.042240142822266 (ms)
[RANK0] B @ 512.227294921875 (ms) to 545.663330078125 (ms), cudaEventElapsed = 33.373409271240234 (ms)
[RANK0] F @ 545.91064453125 (ms) to 572.178466796875 (ms), cudaEventElapsed = 26.234880447387695 (ms)
[RANK0] B @ 711.532958984375 (ms) to 744.88818359375 (ms), cudaEventElapsed = 33.29663848876953 (ms)
[RANK0] W @ 745.1533203125 (ms) to 760.56787109375 (ms), cudaEventElapsed = 15.383551597595215 (ms)
[RANK0] F @ 760.61962890625 (ms) to 789.550048828125 (ms), cudaEventElapsed = 28.904447555541992 (ms)
[RANK0] B @ 864.6181640625 (ms) to 898.57177734375 (ms), cudaEventElapsed = 33.9095344543457 (ms)
[RANK0] B @ 1012.448974609375 (ms) to 1045.65234375 (ms), cudaEventElapsed = 33.16118240356445 (ms)
[RANK0] W @ 1045.71630859375 (ms) to 1060.918701171875 (ms), cudaEventElapsed = 15.176704406738281 (ms)
[RANK0] F @ 1061.14404296875 (ms) to 1090.549072265625 (ms), cudaEventElapsed = 29.37139129638672 (ms)
[RANK0] B @ 1166.274658203125 (ms) to 1200.20556640625 (ms), cudaEventElapsed = 33.8902702331543 (ms)
[RANK0] B @ 1311.259521484375 (ms) to 1344.430419921875 (ms), cudaEventElapsed = 33.132320404052734 (ms)
[RANK0] W @ 1344.490966796875 (ms) to 1359.6005859375 (ms), cudaEventElapsed = 15.08351993560791 (ms)
[RANK0] F @ 1359.795654296875 (ms) to 1388.998779296875 (ms), cudaEventElapsed = 29.17068862915039 (ms)
[RANK0] B @ 1492.017822265625 (ms) to 1526.06494140625 (ms), cudaEventElapsed = 34.00627136230469 (ms)
[RANK0] B @ 1553.177734375 (ms) to 1586.388916015625 (ms), cudaEventElapsed = 33.179039001464844 (ms)
[RANK0] W @ 1586.447021484375 (ms) to 1601.79833984375 (ms), cudaEventElapsed = 15.326208114624023 (ms)
[RANK0] F @ 1601.99462890625 (ms) to 1630.79150390625 (ms), cudaEventElapsed = 28.76313591003418 (ms)
[RANK0] W @ 1630.9775390625 (ms) to 1789.096435546875 (ms), cudaEventElapsed = 14.475263595581055 (ms)
[RANK0] W @ 1789.158203125 (ms) to 1804.588623046875 (ms), cudaEventElapsed = 15.39891242980957 (ms)
[RANK0] W @ 1804.781494140625 (ms) to 1822.634033203125 (ms), cudaEventElapsed = 17.82374382019043 (ms)
[RANK0] W @ 1822.676025390625 (ms) to 1843.550537109375 (ms), cudaEventElapsed = 20.84966468811035 (ms)
[RANK0] B @ 1843.716552734375 (ms) to 1884.370849609375 (ms), cudaEventElapsed = 40.62579345703125 (ms)
[RANK0] W @ 1884.56640625 (ms) to 1995.263916015625 (ms), cudaEventElapsed = 14.639103889465332 (ms)
[RANK0] B @ 1995.576904296875 (ms) to 2031.218994140625 (ms), cudaEventElapsed = 35.59183883666992 (ms)
[RANK0] W @ 2031.372802734375 (ms) to 2048.294677734375 (ms), cudaEventElapsed = 16.871423721313477 (ms)
[RANK0] B @ 2186.350830078125 (ms) to 2220.46337890625 (ms), cudaEventElapsed = 34.05817413330078 (ms)
[RANK0] W @ 2220.533447265625 (ms) to 2235.5205078125 (ms), cudaEventElapsed = 14.962688446044922 (ms)
[RANK0] B @ 2330.32861328125 (ms) to 2363.50927734375 (ms), cudaEventElapsed = 33.13481521606445 (ms)
[RANK0] 1W @ 2363.566650390625 (ms) to 2378.676513671875 (ms), cudaEventElapsed = 15.08556842803955 (ms)
[RANK0] Iteration 15
[RANK0] F @ 2.054443359375 (ms) to 27.23974609375 (ms), cudaEventElapsed = 25.152320861816406 (ms)
[RANK0] F @ 27.45263671875 (ms) to 52.810791015625 (ms), cudaEventElapsed = 25.32147216796875 (ms)
[RANK0] F @ 53.010009765625 (ms) to 80.276123046875 (ms), cudaEventElapsed = 27.234304428100586 (ms)
[RANK0] F @ 80.470458984375 (ms) to 108.576171875 (ms), cudaEventElapsed = 28.072959899902344 (ms)
[RANK0] F @ 108.760986328125 (ms) to 136.7958984375 (ms), cudaEventElapsed = 28.001279830932617 (ms)
[RANK0] F @ 136.9833984375 (ms) to 164.883056640625 (ms), cudaEventElapsed = 27.865087509155273 (ms)
[RANK0] F @ 165.084716796875 (ms) to 193.156005859375 (ms), cudaEventElapsed = 28.038143157958984 (ms)
[RANK0] B @ 514.75634765625 (ms) to 548.110107421875 (ms), cudaEventElapsed = 33.299198150634766 (ms)
[RANK0] F @ 548.366943359375 (ms) to 574.750732421875 (ms), cudaEventElapsed = 26.349567413330078 (ms)
[RANK0] B @ 712.798095703125 (ms) to 746.0869140625 (ms), cudaEventElapsed = 33.23324966430664 (ms)
[RANK0] W @ 746.3447265625 (ms) to 761.904296875 (ms), cudaEventElapsed = 15.523839950561523 (ms)
[RANK0] F @ 761.956298828125 (ms) to 791.188232421875 (ms), cudaEventElapsed = 29.20243263244629 (ms)
[RANK0] B @ 864.51123046875 (ms) to 898.524169921875 (ms), cudaEventElapsed = 33.967777252197266 (ms)
[RANK0] B @ 1012.91455078125 (ms) to 1046.10009765625 (ms), cudaEventElapsed = 33.141536712646484 (ms)
[RANK0] W @ 1046.16796875 (ms) to 1061.282958984375 (ms), cudaEventElapsed = 15.081472396850586 (ms)
[RANK0] F @ 1061.50244140625 (ms) to 1090.921630859375 (ms), cudaEventElapsed = 29.386751174926758 (ms)
[RANK0] B @ 1164.876708984375 (ms) to 1198.860595703125 (ms), cudaEventElapsed = 33.94140625 (ms)
[RANK0] B @ 1309.7890625 (ms) to 1342.81396484375 (ms), cudaEventElapsed = 32.98454284667969 (ms)
[RANK0] W @ 1342.8779296875 (ms) to 1357.69970703125 (ms), cudaEventElapsed = 14.792703628540039 (ms)
[RANK0] F @ 1357.896484375 (ms) to 1387.411865234375 (ms), cudaEventElapsed = 29.485055923461914 (ms)
[RANK0] B @ 1491.385009765625 (ms) to 1525.376953125 (ms), cudaEventElapsed = 33.94761657714844 (ms)
[RANK0] B @ 1552.163818359375 (ms) to 1585.40771484375 (ms), cudaEventElapsed = 33.21036911010742 (ms)
[RANK0] W @ 1585.4716796875 (ms) to 1600.759033203125 (ms), cudaEventElapsed = 15.251456260681152 (ms)
[RANK0] F @ 1600.96923828125 (ms) to 1630.4365234375 (ms), cudaEventElapsed = 29.437952041625977 (ms)
[RANK0] W @ 1630.659423828125 (ms) to 1786.783203125 (ms), cudaEventElapsed = 14.460927963256836 (ms)
[RANK0] W @ 1786.90283203125 (ms) to 1801.654052734375 (ms), cudaEventElapsed = 14.698495864868164 (ms)
[RANK0] W @ 1801.9462890625 (ms) to 1819.783935546875 (ms), cudaEventElapsed = 17.80019187927246 (ms)
[RANK0] W @ 1819.830322265625 (ms) to 1840.47119140625 (ms), cudaEventElapsed = 20.611072540283203 (ms)
[RANK0] B @ 1840.660888671875 (ms) to 1881.4365234375 (ms), cudaEventElapsed = 40.747520446777344 (ms)
[RANK0] W @ 1881.630859375 (ms) to 1993.28271484375 (ms), cudaEventElapsed = 14.641152381896973 (ms)
[RANK0] B @ 1993.5009765625 (ms) to 2028.97509765625 (ms), cudaEventElapsed = 35.44230270385742 (ms)
[RANK0] W @ 2029.032958984375 (ms) to 2046.461181640625 (ms), cudaEventElapsed = 17.40083122253418 (ms)
[RANK0] B @ 2183.804931640625 (ms) to 2217.78662109375 (ms), cudaEventElapsed = 33.932735443115234 (ms)
[RANK0] W @ 2217.864013671875 (ms) to 2233.4853515625 (ms), cudaEventElapsed = 15.59552001953125 (ms)
[RANK0] B @ 2326.9931640625 (ms) to 2360.081298828125 (ms), cudaEventElapsed = 33.051361083984375 (ms)
[RANK0] 1W @ 2360.1416015625 (ms) to 2375.3291015625 (ms), cudaEventElapsed = 15.162367820739746 (ms)
[RANK0] Iteration 16
[RANK0] F @ 0.23388671875 (ms) to 24.024169921875 (ms), cudaEventElapsed = 23.758399963378906 (ms)
[RANK0] F @ 24.232421875 (ms) to 48.175537109375 (ms), cudaEventElapsed = 23.90630340576172 (ms)
[RANK0] F @ 48.371826171875 (ms) to 74.305419921875 (ms), cudaEventElapsed = 25.902080535888672 (ms)
[RANK0] F @ 74.4931640625 (ms) to 101.1689453125 (ms), cudaEventElapsed = 26.644479751586914 (ms)
[RANK0] F @ 101.350341796875 (ms) to 128.11083984375 (ms), cudaEventElapsed = 26.72844886779785 (ms)
[RANK0] F @ 128.292236328125 (ms) to 155.005615234375 (ms), cudaEventElapsed = 26.678272247314453 (ms)
[RANK0] F @ 155.196044921875 (ms) to 181.86083984375 (ms), cudaEventElapsed = 26.632192611694336 (ms)
[RANK0] F @ 182.093994140625 (ms) to 208.808349609375 (ms), cudaEventElapsed = 26.6823673248291 (ms)
[RANK0] F @ 209.010498046875 (ms) to 235.6123046875 (ms), cudaEventElapsed = 26.55846405029297 (ms)
[RANK0] F @ 235.8076171875 (ms) to 262.628173828125 (ms), cudaEventElapsed = 26.787839889526367 (ms)
[RANK0] F @ 262.82666015625 (ms) to 289.96044921875 (ms), cudaEventElapsed = 27.100160598754883 (ms)
[RANK0] F @ 290.158203125 (ms) to 317.390380859375 (ms), cudaEventElapsed = 27.199487686157227 (ms)
