[RANK2] Iteration 1
[RANK2] F @ 851.73779296875 (ms) to 1003.56689453125 (ms), cudaEventElapsed = 151.76856994628906 (ms)
[RANK2] F @ 1054.687744140625 (ms) to 1086.431396484375 (ms), cudaEventElapsed = 31.689695358276367 (ms)
[RANK2] F @ 1088.301025390625 (ms) to 1122.071533203125 (ms), cudaEventElapsed = 33.71731185913086 (ms)
[RANK2] B @ 1681.583251953125 (ms) to 1734.328125 (ms), cudaEventElapsed = 52.688961029052734 (ms)
[RANK2] F @ 1738.38916015625 (ms) to 1771.09619140625 (ms), cudaEventElapsed = 32.66902542114258 (ms)
[RANK2] B @ 1771.441650390625 (ms) to 1816.233642578125 (ms), cudaEventElapsed = 44.7479362487793 (ms)
[RANK2] F @ 1817.475830078125 (ms) to 1851.81591796875 (ms), cudaEventElapsed = 34.30495834350586 (ms)
[RANK2] B @ 1852.123779296875 (ms) to 1897.035888671875 (ms), cudaEventElapsed = 44.86537551879883 (ms)
[RANK2] F @ 1898.510498046875 (ms) to 1933.067626953125 (ms), cudaEventElapsed = 34.521793365478516 (ms)
[RANK2] B @ 1933.383544921875 (ms) to 1977.857421875 (ms), cudaEventElapsed = 44.43900680541992 (ms)
[RANK2] F @ 1979.37451171875 (ms) to 2013.565673828125 (ms), cudaEventElapsed = 34.1519660949707 (ms)
[RANK2] B @ 2013.888671875 (ms) to 2058.683349609375 (ms), cudaEventElapsed = 44.73545455932617 (ms)
[RANK2] F @ 2059.046142578125 (ms) to 2093.2900390625 (ms), cudaEventElapsed = 34.20713424682617 (ms)
[RANK2] B @ 2093.685302734375 (ms) to 2138.619140625 (ms), cudaEventElapsed = 44.899166107177734 (ms)
[RANK2] W @ 2138.867919921875 (ms) to 2160.304443359375 (ms), cudaEventElapsed = 21.401599884033203 (ms)
[RANK2] F @ 2160.44140625 (ms) to 2194.22314453125 (ms), cudaEventElapsed = 33.75388717651367 (ms)
[RANK2] B @ 2195.57177734375 (ms) to 2240.26025390625 (ms), cudaEventElapsed = 44.63747024536133 (ms)
[RANK2] B @ 2241.59130859375 (ms) to 2284.175048828125 (ms), cudaEventElapsed = 42.55344009399414 (ms)
[RANK2] W @ 2284.3193359375 (ms) to 2304.48291015625 (ms), cudaEventElapsed = 20.130815505981445 (ms)
[RANK2] F @ 2304.7236328125 (ms) to 2337.882568359375 (ms), cudaEventElapsed = 33.13024139404297 (ms)
[RANK2] B @ 2338.1640625 (ms) to 2382.7587890625 (ms), cudaEventElapsed = 44.56047821044922 (ms)
[RANK2] W @ 2382.955810546875 (ms) to 2405.35302734375 (ms), cudaEventElapsed = 21.377023696899414 (ms)
[RANK2] F @ 2405.588623046875 (ms) to 2438.99560546875 (ms), cudaEventElapsed = 33.37855911254883 (ms)
[RANK2] B @ 2439.274169921875 (ms) to 2483.779296875 (ms), cudaEventElapsed = 44.473663330078125 (ms)
[RANK2] W @ 2484.000732421875 (ms) to 2506.41064453125 (ms), cudaEventElapsed = 21.332992553710938 (ms)
[RANK2] F @ 2506.65087890625 (ms) to 2540.3505859375 (ms), cudaEventElapsed = 33.6627197265625 (ms)
[RANK2] B @ 2540.6376953125 (ms) to 2587.59130859375 (ms), cudaEventElapsed = 46.916385650634766 (ms)
[RANK2] W @ 2587.726318359375 (ms) to 2610.5478515625 (ms), cudaEventElapsed = 22.791168212890625 (ms)
[RANK2] W @ 2610.672607421875 (ms) to 2632.628173828125 (ms), cudaEventElapsed = 21.9289608001709 (ms)
[RANK2] B @ 2632.7470703125 (ms) to 2675.6953125 (ms), cudaEventElapsed = 42.92195129394531 (ms)
[RANK2] 6W @ 2675.822509765625 (ms) to 2804.309326171875 (ms), cudaEventElapsed = 128.45260620117188 (ms)
[RANK2] Iteration 2
[RANK2] F @ 63.53466796875 (ms) to 95.8056640625 (ms), cudaEventElapsed = 32.22230529785156 (ms)
[RANK2] F @ 97.964599609375 (ms) to 131.645751953125 (ms), cudaEventElapsed = 33.640384674072266 (ms)
[RANK2] F @ 135.4697265625 (ms) to 172.552001953125 (ms), cudaEventElapsed = 37.048736572265625 (ms)
[RANK2] B @ 176.1884765625 (ms) to 220.990966796875 (ms), cudaEventElapsed = 44.76211166381836 (ms)
[RANK2] F @ 221.357177734375 (ms) to 255.301513671875 (ms), cudaEventElapsed = 33.9117431640625 (ms)
[RANK2] B @ 255.626953125 (ms) to 300.219482421875 (ms), cudaEventElapsed = 44.55235290527344 (ms)
[RANK2] F @ 301.567626953125 (ms) to 335.905517578125 (ms), cudaEventElapsed = 34.3054084777832 (ms)
[RANK2] B @ 336.24609375 (ms) to 380.492919921875 (ms), cudaEventElapsed = 44.206207275390625 (ms)
[RANK2] F @ 381.826171875 (ms) to 415.818359375 (ms), cudaEventElapsed = 33.960960388183594 (ms)
[RANK2] B @ 416.120849609375 (ms) to 460.356689453125 (ms), cudaEventElapsed = 44.2020149230957 (ms)
[RANK2] F @ 461.81396484375 (ms) to 495.625244140625 (ms), cudaEventElapsed = 33.77833557128906 (ms)
[RANK2] B @ 495.95263671875 (ms) to 540.17236328125 (ms), cudaEventElapsed = 44.1833610534668 (ms)
[RANK2] F @ 540.5205078125 (ms) to 574.41162109375 (ms), cudaEventElapsed = 33.86211013793945 (ms)
[RANK2] B @ 574.822265625 (ms) to 619.818115234375 (ms), cudaEventElapsed = 44.96249771118164 (ms)
[RANK2] W @ 620.147705078125 (ms) to 641.55615234375 (ms), cudaEventElapsed = 21.361663818359375 (ms)
[RANK2] F @ 641.737548828125 (ms) to 675.691162109375 (ms), cudaEventElapsed = 33.92451095581055 (ms)
[RANK2] B @ 677.037109375 (ms) to 721.5517578125 (ms), cudaEventElapsed = 44.476192474365234 (ms)
[RANK2] B @ 723.19873046875 (ms) to 765.596435546875 (ms), cudaEventElapsed = 42.35347366333008 (ms)
[RANK2] W @ 765.780029296875 (ms) to 786.1865234375 (ms), cudaEventElapsed = 20.363264083862305 (ms)
[RANK2] F @ 786.482177734375 (ms) to 820.27685546875 (ms), cudaEventElapsed = 33.7652473449707 (ms)
[RANK2] B @ 820.59375 (ms) to 865.70654296875 (ms), cudaEventElapsed = 45.078495025634766 (ms)
[RANK2] W @ 865.977294921875 (ms) to 888.819580078125 (ms), cudaEventElapsed = 21.539840698242188 (ms)
[RANK2] F @ 889.103759765625 (ms) to 923.79248046875 (ms), cudaEventElapsed = 34.658912658691406 (ms)
[RANK2] B @ 924.091796875 (ms) to 973.473388671875 (ms), cudaEventElapsed = 49.34531021118164 (ms)
[RANK2] W @ 973.75439453125 (ms) to 997.0712890625 (ms), cudaEventElapsed = 21.971967697143555 (ms)
[RANK2] F @ 997.37548828125 (ms) to 1030.9169921875 (ms), cudaEventElapsed = 33.5109748840332 (ms)
[RANK2] B @ 1031.228759765625 (ms) to 1075.741943359375 (ms), cudaEventElapsed = 44.482688903808594 (ms)
[RANK2] W @ 1075.91796875 (ms) to 1097.318359375 (ms), cudaEventElapsed = 21.351423263549805 (ms)
[RANK2] W @ 1097.490478515625 (ms) to 1118.775634765625 (ms), cudaEventElapsed = 21.25619125366211 (ms)
[RANK2] B @ 1118.915283203125 (ms) to 1161.555908203125 (ms), cudaEventElapsed = 42.61395263671875 (ms)
[RANK2] 6W @ 1161.724853515625 (ms) to 1290.73046875 (ms), cudaEventElapsed = 128.9687042236328 (ms)
[RANK2] Iteration 3
[RANK2] F @ 64.12646484375 (ms) to 96.37109375 (ms), cudaEventElapsed = 32.199710845947266 (ms)
[RANK2] F @ 99.037841796875 (ms) to 133.193359375 (ms), cudaEventElapsed = 34.119422912597656 (ms)
[RANK2] F @ 136.294189453125 (ms) to 172.858642578125 (ms), cudaEventElapsed = 36.52732849121094 (ms)
[RANK2] B @ 176.48583984375 (ms) to 221.068115234375 (ms), cudaEventElapsed = 44.54560089111328 (ms)
[RANK2] F @ 221.430419921875 (ms) to 255.446044921875 (ms), cudaEventElapsed = 33.9846076965332 (ms)
[RANK2] B @ 255.7744140625 (ms) to 300.25390625 (ms), cudaEventElapsed = 44.449214935302734 (ms)
[RANK2] F @ 301.576904296875 (ms) to 335.737060546875 (ms), cudaEventElapsed = 34.12739181518555 (ms)
[RANK2] B @ 336.06201171875 (ms) to 380.60791015625 (ms), cudaEventElapsed = 44.51398468017578 (ms)
[RANK2] F @ 381.914794921875 (ms) to 416.251220703125 (ms), cudaEventElapsed = 34.3034553527832 (ms)
[RANK2] B @ 416.57861328125 (ms) to 461.11767578125 (ms), cudaEventElapsed = 44.507232666015625 (ms)
[RANK2] F @ 462.499755859375 (ms) to 496.3154296875 (ms), cudaEventElapsed = 33.78291320800781 (ms)
[RANK2] B @ 496.62841796875 (ms) to 541.11865234375 (ms), cudaEventElapsed = 44.45881652832031 (ms)
[RANK2] F @ 541.4697265625 (ms) to 575.3935546875 (ms), cudaEventElapsed = 33.893089294433594 (ms)
[RANK2] B @ 575.798583984375 (ms) to 620.31005859375 (ms), cudaEventElapsed = 44.47999954223633 (ms)
[RANK2] W @ 620.56494140625 (ms) to 642.227783203125 (ms), cudaEventElapsed = 21.62892723083496 (ms)
[RANK2] F @ 642.391357421875 (ms) to 676.578125 (ms), cudaEventElapsed = 34.15593719482422 (ms)
[RANK2] B @ 677.9716796875 (ms) to 722.78076171875 (ms), cudaEventElapsed = 44.77782440185547 (ms)
[RANK2] B @ 724.133056640625 (ms) to 766.6181640625 (ms), cudaEventElapsed = 42.451454162597656 (ms)
[RANK2] W @ 767.074462890625 (ms) to 787.736083984375 (ms), cudaEventElapsed = 20.62233543395996 (ms)
[RANK2] F @ 788.027587890625 (ms) to 822.13525390625 (ms), cudaEventElapsed = 34.077728271484375 (ms)
[RANK2] B @ 822.445068359375 (ms) to 868.243896484375 (ms), cudaEventElapsed = 45.76649475097656 (ms)
[RANK2] W @ 868.47607421875 (ms) to 891.0546875 (ms), cudaEventElapsed = 21.582847595214844 (ms)
[RANK2] F @ 891.31884765625 (ms) to 925.483642578125 (ms), cudaEventElapsed = 34.135807037353516 (ms)
[RANK2] B @ 925.793701171875 (ms) to 973.0185546875 (ms), cudaEventElapsed = 47.193599700927734 (ms)
[RANK2] W @ 973.252685546875 (ms) to 996.046875 (ms), cudaEventElapsed = 21.774335861206055 (ms)
[RANK2] F @ 996.305908203125 (ms) to 1029.893798828125 (ms), cudaEventElapsed = 33.55833435058594 (ms)
[RANK2] B @ 1030.205078125 (ms) to 1074.86572265625 (ms), cudaEventElapsed = 44.63091278076172 (ms)
[RANK2] W @ 1075.025390625 (ms) to 1096.44287109375 (ms), cudaEventElapsed = 21.384191513061523 (ms)
[RANK2] W @ 1096.609619140625 (ms) to 1117.892822265625 (ms), cudaEventElapsed = 21.2541446685791 (ms)
[RANK2] B @ 1118.034423828125 (ms) to 1160.975341796875 (ms), cudaEventElapsed = 42.9117431640625 (ms)
[RANK2] 6W @ 1161.1376953125 (ms) to 1290.2958984375 (ms), cudaEventElapsed = 129.12435913085938 (ms)
[RANK2] Iteration 4
[RANK2] F @ 63.80078125 (ms) to 95.85009765625 (ms), cudaEventElapsed = 32.012001037597656 (ms)
[RANK2] F @ 98.513916015625 (ms) to 132.5458984375 (ms), cudaEventElapsed = 33.997886657714844 (ms)
[RANK2] F @ 135.43896484375 (ms) to 172.837646484375 (ms), cudaEventElapsed = 37.36012649536133 (ms)
[RANK2] B @ 176.404052734375 (ms) to 221.792236328125 (ms), cudaEventElapsed = 45.35327911376953 (ms)
[RANK2] F @ 222.145751953125 (ms) to 256.1015625 (ms), cudaEventElapsed = 33.923519134521484 (ms)
[RANK2] B @ 256.423095703125 (ms) to 301.01611328125 (ms), cudaEventElapsed = 44.561119079589844 (ms)
[RANK2] F @ 302.344482421875 (ms) to 336.2783203125 (ms), cudaEventElapsed = 33.900447845458984 (ms)
[RANK2] B @ 336.60693359375 (ms) to 381.194580078125 (ms), cudaEventElapsed = 44.55625534057617 (ms)
[RANK2] F @ 382.548828125 (ms) to 416.194580078125 (ms), cudaEventElapsed = 33.61180877685547 (ms)
[RANK2] B @ 416.529052734375 (ms) to 461.118896484375 (ms), cudaEventElapsed = 44.55801773071289 (ms)
[RANK2] F @ 462.586669921875 (ms) to 496.08642578125 (ms), cudaEventElapsed = 33.46566390991211 (ms)
[RANK2] B @ 496.415283203125 (ms) to 541.279052734375 (ms), cudaEventElapsed = 44.83110427856445 (ms)
[RANK2] F @ 541.633056640625 (ms) to 575.522216796875 (ms), cudaEventElapsed = 33.85862350463867 (ms)
[RANK2] B @ 575.911376953125 (ms) to 620.6455078125 (ms), cudaEventElapsed = 44.70182418823242 (ms)
[RANK2] W @ 620.909423828125 (ms) to 642.526123046875 (ms), cudaEventElapsed = 21.577728271484375 (ms)
[RANK2] F @ 642.681640625 (ms) to 676.838623046875 (ms), cudaEventElapsed = 34.12752151489258 (ms)
[RANK2] B @ 678.2060546875 (ms) to 722.935302734375 (ms), cudaEventElapsed = 44.6976318359375 (ms)
[RANK2] B @ 724.201904296875 (ms) to 766.46142578125 (ms), cudaEventElapsed = 42.22848129272461 (ms)
[RANK2] W @ 766.632080078125 (ms) to 786.865234375 (ms), cudaEventElapsed = 20.20044708251953 (ms)
[RANK2] F @ 787.12353515625 (ms) to 820.4892578125 (ms), cudaEventElapsed = 33.3370246887207 (ms)
[RANK2] B @ 820.804443359375 (ms) to 865.9248046875 (ms), cudaEventElapsed = 45.08915328979492 (ms)
[RANK2] W @ 866.150146484375 (ms) to 888.548583984375 (ms), cudaEventElapsed = 21.401599884033203 (ms)
[RANK2] F @ 888.810791015625 (ms) to 923.846435546875 (ms), cudaEventElapsed = 35.00601577758789 (ms)
[RANK2] B @ 924.146240234375 (ms) to 973.157958984375 (ms), cudaEventElapsed = 48.98169708251953 (ms)
[RANK2] W @ 973.381591796875 (ms) to 996.813720703125 (ms), cudaEventElapsed = 22.433792114257812 (ms)
[RANK2] F @ 997.08837890625 (ms) to 1031.534423828125 (ms), cudaEventElapsed = 34.415584564208984 (ms)
[RANK2] B @ 1031.833984375 (ms) to 1076.904541015625 (ms), cudaEventElapsed = 45.0379524230957 (ms)
[RANK2] W @ 1077.102294921875 (ms) to 1098.628173828125 (ms), cudaEventElapsed = 21.48761558532715 (ms)
[RANK2] W @ 1098.792724609375 (ms) to 1120.34814453125 (ms), cudaEventElapsed = 21.523456573486328 (ms)
[RANK2] B @ 1120.5048828125 (ms) to 1163.313232421875 (ms), cudaEventElapsed = 42.7806396484375 (ms)
[RANK2] 6W @ 1163.4833984375 (ms) to 1292.0263671875 (ms), cudaEventElapsed = 128.50892639160156 (ms)
[RANK2] Iteration 5
[RANK2] F @ 63.91259765625 (ms) to 96.197509765625 (ms), cudaEventElapsed = 32.2468147277832 (ms)
[RANK2] F @ 98.653076171875 (ms) to 131.969970703125 (ms), cudaEventElapsed = 33.28192138671875 (ms)
[RANK2] F @ 136.552490234375 (ms) to 172.789306640625 (ms), cudaEventElapsed = 36.20278549194336 (ms)
[RANK2] B @ 176.348388671875 (ms) to 221.910888671875 (ms), cudaEventElapsed = 45.52671813964844 (ms)
[RANK2] F @ 222.270751953125 (ms) to 258.337890625 (ms), cudaEventElapsed = 36.034976959228516 (ms)
[RANK2] B @ 258.659912109375 (ms) to 304.23291015625 (ms), cudaEventElapsed = 45.539710998535156 (ms)
[RANK2] F @ 305.610107421875 (ms) to 341.66162109375 (ms), cudaEventElapsed = 36.01878356933594 (ms)
[RANK2] B @ 341.994873046875 (ms) to 387.392578125 (ms), cudaEventElapsed = 45.365726470947266 (ms)
[RANK2] F @ 388.733642578125 (ms) to 424.1748046875 (ms), cudaEventElapsed = 35.40950393676758 (ms)
[RANK2] B @ 424.501953125 (ms) to 470.00732421875 (ms), cudaEventElapsed = 45.47200012207031 (ms)
[RANK2] F @ 471.518798828125 (ms) to 507.080810546875 (ms), cudaEventElapsed = 35.52592086791992 (ms)
[RANK2] B @ 507.422607421875 (ms) to 553.003662109375 (ms), cudaEventElapsed = 45.53968048095703 (ms)
[RANK2] F @ 553.408447265625 (ms) to 589.3486328125 (ms), cudaEventElapsed = 35.907169342041016 (ms)
[RANK2] B @ 589.750732421875 (ms) to 636.16455078125 (ms), cudaEventElapsed = 46.379966735839844 (ms)
[RANK2] W @ 636.441650390625 (ms) to 660.671142578125 (ms), cudaEventElapsed = 24.191999435424805 (ms)
[RANK2] F @ 660.831298828125 (ms) to 698.408447265625 (ms), cudaEventElapsed = 37.5458869934082 (ms)
[RANK2] B @ 699.814208984375 (ms) to 746.002197265625 (ms), cudaEventElapsed = 46.155487060546875 (ms)
[RANK2] B @ 747.380859375 (ms) to 792.45703125 (ms), cudaEventElapsed = 45.04288101196289 (ms)
[RANK2] W @ 792.636962890625 (ms) to 816.7578125 (ms), cudaEventElapsed = 24.08755111694336 (ms)
[RANK2] F @ 817.059326171875 (ms) to 854.769775390625 (ms), cudaEventElapsed = 37.68022537231445 (ms)
[RANK2] B @ 855.087646484375 (ms) to 901.55419921875 (ms), cudaEventElapsed = 46.43635177612305 (ms)
[RANK2] W @ 901.782958984375 (ms) to 928.349365234375 (ms), cudaEventElapsed = 25.54368019104004 (ms)
[RANK2] F @ 928.664306640625 (ms) to 976.381591796875 (ms), cudaEventElapsed = 47.68668746948242 (ms)
[RANK2] B @ 976.715576171875 (ms) to 1024.697265625 (ms), cudaEventElapsed = 47.94953536987305 (ms)
[RANK2] W @ 1024.956787109375 (ms) to 1050.20263671875 (ms), cudaEventElapsed = 24.236032485961914 (ms)
[RANK2] F @ 1050.525634765625 (ms) to 1088.770263671875 (ms), cudaEventElapsed = 38.21200180053711 (ms)
[RANK2] B @ 1089.076171875 (ms) to 1135.53125 (ms), cudaEventElapsed = 46.42329788208008 (ms)
[RANK2] W @ 1135.73095703125 (ms) to 1159.899658203125 (ms), cudaEventElapsed = 24.129535675048828 (ms)
[RANK2] W @ 1160.07470703125 (ms) to 1186.10498046875 (ms), cudaEventElapsed = 26.000383377075195 (ms)
[RANK2] B @ 1186.27978515625 (ms) to 1235.22705078125 (ms), cudaEventElapsed = 48.91740798950195 (ms)
[RANK2] 6W @ 1235.41162109375 (ms) to 1394.81103515625 (ms), cudaEventElapsed = 159.36204528808594 (ms)
[RANK2] Iteration 6
[RANK2] F @ 64.234375 (ms) to 96.445556640625 (ms), cudaEventElapsed = 32.16963195800781 (ms)
[RANK2] F @ 99.17626953125 (ms) to 133.492919921875 (ms), cudaEventElapsed = 34.278560638427734 (ms)
[RANK2] F @ 136.41015625 (ms) to 173.89404296875 (ms), cudaEventElapsed = 37.448097229003906 (ms)
[RANK2] B @ 177.70703125 (ms) to 224.171875 (ms), cudaEventElapsed = 46.426815032958984 (ms)
[RANK2] F @ 224.568603515625 (ms) to 260.5859375 (ms), cudaEventElapsed = 35.97411346435547 (ms)
[RANK2] B @ 260.93212890625 (ms) to 306.288818359375 (ms), cudaEventElapsed = 45.31526565551758 (ms)
[RANK2] F @ 307.6005859375 (ms) to 343.572509765625 (ms), cudaEventElapsed = 35.939422607421875 (ms)
[RANK2] B @ 343.9111328125 (ms) to 389.566162109375 (ms), cudaEventElapsed = 45.62345504760742 (ms)
[RANK2] F @ 390.978515625 (ms) to 426.721435546875 (ms), cudaEventElapsed = 35.71049499511719 (ms)
[RANK2] B @ 427.290771484375 (ms) to 473.219970703125 (ms), cudaEventElapsed = 45.89641571044922 (ms)
[RANK2] F @ 474.580078125 (ms) to 510.50048828125 (ms), cudaEventElapsed = 35.884864807128906 (ms)
[RANK2] B @ 510.831787109375 (ms) to 556.693115234375 (ms), cudaEventElapsed = 45.82902526855469 (ms)
[RANK2] F @ 557.0595703125 (ms) to 592.5166015625 (ms), cudaEventElapsed = 35.42559814453125 (ms)
[RANK2] B @ 592.920166015625 (ms) to 638.463134765625 (ms), cudaEventElapsed = 45.4969596862793 (ms)
[RANK2] W @ 638.7392578125 (ms) to 662.887939453125 (ms), cudaEventElapsed = 24.11622428894043 (ms)
[RANK2] F @ 663.05615234375 (ms) to 700.86865234375 (ms), cudaEventElapsed = 37.78211212158203 (ms)
[RANK2] B @ 702.2724609375 (ms) to 748.4140625 (ms), cudaEventElapsed = 46.108863830566406 (ms)
[RANK2] B @ 749.726806640625 (ms) to 794.1181640625 (ms), cudaEventElapsed = 44.35945510864258 (ms)
[RANK2] W @ 794.2861328125 (ms) to 817.61474609375 (ms), cudaEventElapsed = 23.29804801940918 (ms)
[RANK2] F @ 817.89697265625 (ms) to 856.201904296875 (ms), cudaEventElapsed = 38.274112701416016 (ms)
[RANK2] B @ 856.519287109375 (ms) to 903.35498046875 (ms), cudaEventElapsed = 46.80204772949219 (ms)
[RANK2] W @ 903.58984375 (ms) to 932.02587890625 (ms), cudaEventElapsed = 27.412479400634766 (ms)
[RANK2] F @ 932.332275390625 (ms) to 979.38232421875 (ms), cudaEventElapsed = 47.017921447753906 (ms)
[RANK2] B @ 979.69775390625 (ms) to 1027.726318359375 (ms), cudaEventElapsed = 47.99728012084961 (ms)
[RANK2] W @ 1027.961669921875 (ms) to 1052.4326171875 (ms), cudaEventElapsed = 23.433216094970703 (ms)
[RANK2] F @ 1052.71142578125 (ms) to 1091.207275390625 (ms), cudaEventElapsed = 38.46579360961914 (ms)
[RANK2] B @ 1091.5068359375 (ms) to 1138.524169921875 (ms), cudaEventElapsed = 46.986751556396484 (ms)
[RANK2] W @ 1138.68212890625 (ms) to 1163.259765625 (ms), cudaEventElapsed = 24.54732894897461 (ms)
[RANK2] W @ 1163.42138671875 (ms) to 1189.7724609375 (ms), cudaEventElapsed = 26.32192039489746 (ms)
[RANK2] B @ 1189.915283203125 (ms) to 1237.89794921875 (ms), cudaEventElapsed = 47.95417785644531 (ms)
[RANK2] 6W @ 1238.059326171875 (ms) to 1397.137451171875 (ms), cudaEventElapsed = 159.0364227294922 (ms)
[RANK2] Iteration 7
[RANK2] F @ 63.552001953125 (ms) to 95.951416015625 (ms), cudaEventElapsed = 32.35833740234375 (ms)
[RANK2] F @ 98.33740234375 (ms) to 133.209716796875 (ms), cudaEventElapsed = 34.838558197021484 (ms)
[RANK2] F @ 135.65478515625 (ms) to 172.85205078125 (ms), cudaEventElapsed = 37.160606384277344 (ms)
[RANK2] B @ 176.505615234375 (ms) to 222.03662109375 (ms), cudaEventElapsed = 45.493473052978516 (ms)
[RANK2] F @ 222.4052734375 (ms) to 258.36474609375 (ms), cudaEventElapsed = 35.925537109375 (ms)
[RANK2] B @ 258.681396484375 (ms) to 304.25390625 (ms), cudaEventElapsed = 45.540958404541016 (ms)
[RANK2] F @ 305.554931640625 (ms) to 341.56201171875 (ms), cudaEventElapsed = 35.97507095336914 (ms)
[RANK2] B @ 341.88720703125 (ms) to 387.53076171875 (ms), cudaEventElapsed = 45.61276626586914 (ms)
[RANK2] F @ 388.854736328125 (ms) to 424.51708984375 (ms), cudaEventElapsed = 35.630367279052734 (ms)
[RANK2] B @ 424.834716796875 (ms) to 470.694580078125 (ms), cudaEventElapsed = 45.82793426513672 (ms)
[RANK2] F @ 472.19677734375 (ms) to 507.77392578125 (ms), cudaEventElapsed = 35.54111862182617 (ms)
[RANK2] B @ 508.091552734375 (ms) to 553.66552734375 (ms), cudaEventElapsed = 45.541439056396484 (ms)
[RANK2] F @ 554.02392578125 (ms) to 589.611083984375 (ms), cudaEventElapsed = 35.556190490722656 (ms)
[RANK2] B @ 589.98779296875 (ms) to 635.779052734375 (ms), cudaEventElapsed = 45.7589111328125 (ms)
[RANK2] W @ 636.032958984375 (ms) to 659.715576171875 (ms), cudaEventElapsed = 23.647232055664062 (ms)
[RANK2] F @ 659.86474609375 (ms) to 698.03564453125 (ms), cudaEventElapsed = 38.141727447509766 (ms)
[RANK2] B @ 699.38623046875 (ms) to 745.869140625 (ms), cudaEventElapsed = 46.449440002441406 (ms)
[RANK2] B @ 747.190673828125 (ms) to 792.074462890625 (ms), cudaEventElapsed = 44.85273742675781 (ms)
[RANK2] W @ 792.235595703125 (ms) to 815.973388671875 (ms), cudaEventElapsed = 23.69843292236328 (ms)
[RANK2] F @ 816.23974609375 (ms) to 854.464599609375 (ms), cudaEventElapsed = 38.18502426147461 (ms)
[RANK2] B @ 854.7783203125 (ms) to 901.314697265625 (ms), cudaEventElapsed = 46.5049934387207 (ms)
[RANK2] W @ 901.541015625 (ms) to 928.881103515625 (ms), cudaEventElapsed = 26.355712890625 (ms)
[RANK2] F @ 929.164794921875 (ms) to 972.74853515625 (ms), cudaEventElapsed = 43.55379104614258 (ms)
[RANK2] B @ 973.052734375 (ms) to 1020.703857421875 (ms), cudaEventElapsed = 47.62028884887695 (ms)
[RANK2] W @ 1020.9228515625 (ms) to 1046.360107421875 (ms), cudaEventElapsed = 24.437759399414062 (ms)
[RANK2] F @ 1046.635498046875 (ms) to 1084.785400390625 (ms), cudaEventElapsed = 38.120033264160156 (ms)
[RANK2] B @ 1085.0869140625 (ms) to 1131.77197265625 (ms), cudaEventElapsed = 46.650367736816406 (ms)
[RANK2] W @ 1131.933349609375 (ms) to 1156.1103515625 (ms), cudaEventElapsed = 24.146944046020508 (ms)
[RANK2] W @ 1156.27978515625 (ms) to 1183.037109375 (ms), cudaEventElapsed = 26.72640037536621 (ms)
[RANK2] B @ 1183.182861328125 (ms) to 1231.887939453125 (ms), cudaEventElapsed = 48.675262451171875 (ms)
[RANK2] 6W @ 1232.0595703125 (ms) to 1393.501708984375 (ms), cudaEventElapsed = 161.40185546875 (ms)
[RANK2] Iteration 8
[RANK2] F @ 63.279296875 (ms) to 95.6396484375 (ms), cudaEventElapsed = 32.31942367553711 (ms)
[RANK2] F @ 98.055419921875 (ms) to 132.136474609375 (ms), cudaEventElapsed = 34.02934265136719 (ms)
[RANK2] F @ 135.28857421875 (ms) to 172.98876953125 (ms), cudaEventElapsed = 37.664127349853516 (ms)
[RANK2] B @ 176.64501953125 (ms) to 222.83203125 (ms), cudaEventElapsed = 46.149696350097656 (ms)
[RANK2] F @ 223.25830078125 (ms) to 258.92822265625 (ms), cudaEventElapsed = 35.63600158691406 (ms)
[RANK2] B @ 259.291015625 (ms) to 305.30029296875 (ms), cudaEventElapsed = 45.97644805908203 (ms)
[RANK2] F @ 306.696533203125 (ms) to 342.90673828125 (ms), cudaEventElapsed = 36.17744064331055 (ms)
[RANK2] B @ 343.27490234375 (ms) to 389.0185546875 (ms), cudaEventElapsed = 45.71116638183594 (ms)
[RANK2] F @ 390.378173828125 (ms) to 426.466552734375 (ms), cudaEventElapsed = 36.05459213256836 (ms)
[RANK2] B @ 426.809326171875 (ms) to 472.951416015625 (ms), cudaEventElapsed = 46.11075210571289 (ms)
[RANK2] F @ 474.33544921875 (ms) to 510.26025390625 (ms), cudaEventElapsed = 35.890689849853516 (ms)
[RANK2] B @ 510.59228515625 (ms) to 556.3642578125 (ms), cudaEventElapsed = 45.73971176147461 (ms)
[RANK2] F @ 556.733154296875 (ms) to 592.56298828125 (ms), cudaEventElapsed = 35.79830551147461 (ms)
[RANK2] B @ 592.962646484375 (ms) to 638.8994140625 (ms), cudaEventElapsed = 45.90332794189453 (ms)
[RANK2] W @ 639.179931640625 (ms) to 663.5654296875 (ms), cudaEventElapsed = 24.350719451904297 (ms)
[RANK2] F @ 663.730224609375 (ms) to 701.46533203125 (ms), cudaEventElapsed = 37.70451354980469 (ms)
[RANK2] B @ 702.826904296875 (ms) to 749.43115234375 (ms), cudaEventElapsed = 46.569313049316406 (ms)
[RANK2] B @ 750.862548828125 (ms) to 795.779052734375 (ms), cudaEventElapsed = 44.882686614990234 (ms)
[RANK2] W @ 795.966552734375 (ms) to 819.834716796875 (ms), cudaEventElapsed = 23.833599090576172 (ms)
[RANK2] F @ 820.142333984375 (ms) to 857.5703125 (ms), cudaEventElapsed = 37.391265869140625 (ms)
[RANK2] B @ 857.881103515625 (ms) to 904.052001953125 (ms), cudaEventElapsed = 46.139102935791016 (ms)
[RANK2] W @ 904.293212890625 (ms) to 929.398193359375 (ms), cudaEventElapsed = 24.08448028564453 (ms)
[RANK2] F @ 929.69091796875 (ms) to 975.5029296875 (ms), cudaEventElapsed = 45.780094146728516 (ms)
[RANK2] B @ 975.824462890625 (ms) to 1023.3408203125 (ms), cudaEventElapsed = 47.479679107666016 (ms)
[RANK2] W @ 1023.572509765625 (ms) to 1047.717529296875 (ms), cudaEventElapsed = 23.10860824584961 (ms)
[RANK2] F @ 1048.0107421875 (ms) to 1085.678955078125 (ms), cudaEventElapsed = 37.63740921020508 (ms)
[RANK2] B @ 1085.981689453125 (ms) to 1132.375732421875 (ms), cudaEventElapsed = 46.36272048950195 (ms)
[RANK2] W @ 1132.5419921875 (ms) to 1156.471923828125 (ms), cudaEventElapsed = 23.89811134338379 (ms)
[RANK2] W @ 1156.641845703125 (ms) to 1183.14697265625 (ms), cudaEventElapsed = 26.472448348999023 (ms)
[RANK2] B @ 1183.29736328125 (ms) to 1231.543212890625 (ms), cudaEventElapsed = 48.21596908569336 (ms)
[RANK2] 6W @ 1231.70947265625 (ms) to 1389.6005859375 (ms), cudaEventElapsed = 157.85369873046875 (ms)
[RANK2] Iteration 9
[RANK2] F @ 63.794677734375 (ms) to 95.928466796875 (ms), cudaEventElapsed = 32.094783782958984 (ms)
[RANK2] F @ 165.96484375 (ms) to 197.392822265625 (ms), cudaEventElapsed = 31.383487701416016 (ms)
[RANK2] F @ 266.949462890625 (ms) to 298.41796875 (ms), cudaEventElapsed = 31.422752380371094 (ms)
[RANK2] B @ 371.46337890625 (ms) to 412.5478515625 (ms), cudaEventElapsed = 41.042144775390625 (ms)
[RANK2] F @ 412.927734375 (ms) to 447.72119140625 (ms), cudaEventElapsed = 34.76128005981445 (ms)
[RANK2] B @ 520.700927734375 (ms) to 561.80908203125 (ms), cudaEventElapsed = 41.070526123046875 (ms)
[RANK2] F @ 563.219482421875 (ms) to 597.578369140625 (ms), cudaEventElapsed = 34.32585525512695 (ms)
[RANK2] B @ 670.34423828125 (ms) to 711.428955078125 (ms), cudaEventElapsed = 41.04787063598633 (ms)
[RANK2] F @ 712.817138671875 (ms) to 746.293212890625 (ms), cudaEventElapsed = 33.44188690185547 (ms)
[RANK2] B @ 818.859130859375 (ms) to 860.001953125 (ms), cudaEventElapsed = 41.104225158691406 (ms)
[RANK2] F @ 861.416259765625 (ms) to 896.02734375 (ms), cudaEventElapsed = 34.57689666748047 (ms)
[RANK2] B @ 968.707275390625 (ms) to 1009.89404296875 (ms), cudaEventElapsed = 41.149600982666016 (ms)
[RANK2] F @ 1010.31396484375 (ms) to 1044.3271484375 (ms), cudaEventElapsed = 33.98198318481445 (ms)
[RANK2] B @ 1116.95361328125 (ms) to 1158.2060546875 (ms), cudaEventElapsed = 41.21104049682617 (ms)
[RANK2] W @ 1158.498291015625 (ms) to 1180.080322265625 (ms), cudaEventElapsed = 21.543935775756836 (ms)
[RANK2] F @ 1180.25390625 (ms) to 1218.076171875 (ms), cudaEventElapsed = 37.793312072753906 (ms)
[RANK2] B @ 1293.557373046875 (ms) to 1334.583251953125 (ms), cudaEventElapsed = 40.991455078125 (ms)
[RANK2] B @ 1335.90380859375 (ms) to 1379.381103515625 (ms), cudaEventElapsed = 43.444576263427734 (ms)
[RANK2] W @ 1379.57568359375 (ms) to 1403.026611328125 (ms), cudaEventElapsed = 23.413759231567383 (ms)
[RANK2] F @ 1403.339111328125 (ms) to 1441.966796875 (ms), cudaEventElapsed = 38.59801483154297 (ms)
[RANK2] B @ 1515.918701171875 (ms) to 1557.224365234375 (ms), cudaEventElapsed = 41.269569396972656 (ms)
[RANK2] W @ 1557.469970703125 (ms) to 1579.818359375 (ms), cudaEventElapsed = 21.312511444091797 (ms)
[RANK2] F @ 1580.11572265625 (ms) to 1618.246337890625 (ms), cudaEventElapsed = 38.09968185424805 (ms)
[RANK2] B @ 1693.323974609375 (ms) to 1734.350830078125 (ms), cudaEventElapsed = 40.9917106628418 (ms)
[RANK2] W @ 1734.57861328125 (ms) to 1757.0283203125 (ms), cudaEventElapsed = 21.427200317382812 (ms)
[RANK2] F @ 1757.306884765625 (ms) to 1795.08642578125 (ms), cudaEventElapsed = 37.74486541748047 (ms)
[RANK2] B @ 1868.5732421875 (ms) to 1909.74658203125 (ms), cudaEventElapsed = 41.13667297363281 (ms)
[RANK2] W @ 1909.91455078125 (ms) to 1932.193359375 (ms), cudaEventElapsed = 22.244352340698242 (ms)
[RANK2] W @ 1932.355712890625 (ms) to 1958.779296875 (ms), cudaEventElapsed = 26.395647048950195 (ms)
[RANK2] B @ 1958.927001953125 (ms) to 2007.126708984375 (ms), cudaEventElapsed = 48.17184066772461 (ms)
[RANK2] 6W @ 2007.290283203125 (ms) to 2165.781982421875 (ms), cudaEventElapsed = 158.4517059326172 (ms)
[RANK2] Iteration 10
[RANK2] F @ 63.39453125 (ms) to 95.461669921875 (ms), cudaEventElapsed = 32.03254318237305 (ms)
[RANK2] F @ 163.978759765625 (ms) to 195.400146484375 (ms), cudaEventElapsed = 31.38287925720215 (ms)
[RANK2] F @ 266.171875 (ms) to 297.520751953125 (ms), cudaEventElapsed = 31.306528091430664 (ms)
[RANK2] B @ 369.363525390625 (ms) to 410.406982421875 (ms), cudaEventElapsed = 41.00649642944336 (ms)
[RANK2] F @ 410.7568359375 (ms) to 445.565673828125 (ms), cudaEventElapsed = 34.77065658569336 (ms)
[RANK2] B @ 518.15380859375 (ms) to 559.24169921875 (ms), cudaEventElapsed = 41.04915237426758 (ms)
[RANK2] F @ 560.714111328125 (ms) to 595.015869140625 (ms), cudaEventElapsed = 34.26496124267578 (ms)
[RANK2] B @ 667.681640625 (ms) to 708.825927734375 (ms), cudaEventElapsed = 41.10969543457031 (ms)
[RANK2] F @ 710.163818359375 (ms) to 743.831787109375 (ms), cudaEventElapsed = 33.635135650634766 (ms)
[RANK2] B @ 816.525146484375 (ms) to 857.71630859375 (ms), cudaEventElapsed = 41.154014587402344 (ms)
[RANK2] F @ 859.096923828125 (ms) to 893.489990234375 (ms), cudaEventElapsed = 34.35923385620117 (ms)
[RANK2] B @ 966.1171875 (ms) to 1007.265869140625 (ms), cudaEventElapsed = 41.11289596557617 (ms)
[RANK2] F @ 1007.630859375 (ms) to 1041.383544921875 (ms), cudaEventElapsed = 33.72313690185547 (ms)
[RANK2] B @ 1114.213623046875 (ms) to 1155.406494140625 (ms), cudaEventElapsed = 41.15715026855469 (ms)
[RANK2] W @ 1155.66650390625 (ms) to 1177.359130859375 (ms), cudaEventElapsed = 21.65862464904785 (ms)
[RANK2] F @ 1177.511962890625 (ms) to 1215.347900390625 (ms), cudaEventElapsed = 37.80809783935547 (ms)
[RANK2] B @ 1290.933837890625 (ms) to 1331.918212890625 (ms), cudaEventElapsed = 40.95075225830078 (ms)
[RANK2] B @ 1333.22412109375 (ms) to 1376.810791015625 (ms), cudaEventElapsed = 43.55622482299805 (ms)
[RANK2] W @ 1376.98193359375 (ms) to 1400.595947265625 (ms), cudaEventElapsed = 23.584768295288086 (ms)
[RANK2] F @ 1400.869384765625 (ms) to 1439.41943359375 (ms), cudaEventElapsed = 38.521278381347656 (ms)
[RANK2] B @ 1513.0673828125 (ms) to 1554.291015625 (ms), cudaEventElapsed = 41.189056396484375 (ms)
[RANK2] W @ 1554.52001953125 (ms) to 1576.65087890625 (ms), cudaEventElapsed = 21.140480041503906 (ms)
[RANK2] F @ 1576.9306640625 (ms) to 1614.647705078125 (ms), cudaEventElapsed = 37.688255310058594 (ms)
[RANK2] B @ 1689.0498046875 (ms) to 1730.10009765625 (ms), cudaEventElapsed = 41.01881790161133 (ms)
[RANK2] W @ 1730.318359375 (ms) to 1753.185791015625 (ms), cudaEventElapsed = 21.83475112915039 (ms)
[RANK2] F @ 1753.442138671875 (ms) to 1790.860595703125 (ms), cudaEventElapsed = 37.38905715942383 (ms)
[RANK2] B @ 1863.864990234375 (ms) to 1905.010009765625 (ms), cudaEventElapsed = 41.102848052978516 (ms)
[RANK2] W @ 1905.167236328125 (ms) to 1927.68603515625 (ms), cudaEventElapsed = 22.4901123046875 (ms)
[RANK2] W @ 1927.8447265625 (ms) to 1954.579833984375 (ms), cudaEventElapsed = 26.69977569580078 (ms)
[RANK2] B @ 1954.7236328125 (ms) to 2002.66259765625 (ms), cudaEventElapsed = 47.912288665771484 (ms)
[RANK2] 6W @ 2002.82421875 (ms) to 2160.75439453125 (ms), cudaEventElapsed = 157.89773559570312 (ms)
[RANK2] Iteration 11
[RANK2] F @ 63.640625 (ms) to 95.75244140625 (ms), cudaEventElapsed = 32.07427215576172 (ms)
[RANK2] F @ 162.96630859375 (ms) to 194.401611328125 (ms), cudaEventElapsed = 31.39411163330078 (ms)
[RANK2] F @ 262.61279296875 (ms) to 294.05419921875 (ms), cudaEventElapsed = 31.395519256591797 (ms)
[RANK2] B @ 364.561767578125 (ms) to 405.874755859375 (ms), cudaEventElapsed = 41.252960205078125 (ms)
[RANK2] F @ 406.283203125 (ms) to 441.436767578125 (ms), cudaEventElapsed = 35.116031646728516 (ms)
[RANK2] B @ 513.943115234375 (ms) to 555.130126953125 (ms), cudaEventElapsed = 41.14912033081055 (ms)
[RANK2] F @ 556.567138671875 (ms) to 590.4140625 (ms), cudaEventElapsed = 33.812255859375 (ms)
[RANK2] B @ 662.788330078125 (ms) to 703.864013671875 (ms), cudaEventElapsed = 41.03968048095703 (ms)
[RANK2] F @ 705.26220703125 (ms) to 739.720458984375 (ms), cudaEventElapsed = 34.42396926879883 (ms)
[RANK2] B @ 813.03955078125 (ms) to 854.094482421875 (ms), cudaEventElapsed = 41.018463134765625 (ms)
[RANK2] F @ 855.4921875 (ms) to 888.93896484375 (ms), cudaEventElapsed = 33.412479400634766 (ms)
[RANK2] B @ 961.053955078125 (ms) to 1002.141845703125 (ms), cudaEventElapsed = 41.05100631713867 (ms)
[RANK2] F @ 1002.5146484375 (ms) to 1037.021240234375 (ms), cudaEventElapsed = 34.4758415222168 (ms)
[RANK2] B @ 1110.387451171875 (ms) to 1151.48486328125 (ms), cudaEventElapsed = 41.05900955200195 (ms)
[RANK2] W @ 1151.75732421875 (ms) to 1173.943115234375 (ms), cudaEventElapsed = 22.151168823242188 (ms)
[RANK2] F @ 1174.099609375 (ms) to 1211.5244140625 (ms), cudaEventElapsed = 37.39593505859375 (ms)
[RANK2] B @ 1286.1015625 (ms) to 1327.365966796875 (ms), cudaEventElapsed = 41.22995376586914 (ms)
[RANK2] B @ 1328.762451171875 (ms) to 1372.718505859375 (ms), cudaEventElapsed = 43.92473602294922 (ms)
[RANK2] W @ 1373.15478515625 (ms) to 1397.00390625 (ms), cudaEventElapsed = 23.816192626953125 (ms)
[RANK2] F @ 1397.27392578125 (ms) to 1435.893310546875 (ms), cudaEventElapsed = 38.590816497802734 (ms)
[RANK2] B @ 1519.161376953125 (ms) to 1560.233154296875 (ms), cudaEventElapsed = 41.034942626953125 (ms)
[RANK2] W @ 1560.48095703125 (ms) to 1583.16064453125 (ms), cudaEventElapsed = 21.63711929321289 (ms)
[RANK2] F @ 1583.444580078125 (ms) to 1623.115478515625 (ms), cudaEventElapsed = 39.64054489135742 (ms)
[RANK2] B @ 1724.345458984375 (ms) to 1765.49169921875 (ms), cudaEventElapsed = 41.105918884277344 (ms)
[RANK2] W @ 1765.736572265625 (ms) to 1789.09912109375 (ms), cudaEventElapsed = 22.29248046875 (ms)
[RANK2] F @ 1789.383056640625 (ms) to 1828.21435546875 (ms), cudaEventElapsed = 38.8007698059082 (ms)
[RANK2] B @ 1931.631103515625 (ms) to 1972.698486328125 (ms), cudaEventElapsed = 41.0300178527832 (ms)
[RANK2] W @ 1972.874267578125 (ms) to 1994.71240234375 (ms), cudaEventElapsed = 21.806079864501953 (ms)
[RANK2] W @ 1994.871337890625 (ms) to 2021.87890625 (ms), cudaEventElapsed = 26.979328155517578 (ms)
[RANK2] B @ 2073.05078125 (ms) to 2114.1513671875 (ms), cudaEventElapsed = 41.06911849975586 (ms)
[RANK2] 6W @ 2114.318603515625 (ms) to 2272.304931640625 (ms), cudaEventElapsed = 157.94790649414062 (ms)
[RANK2] Iteration 12
[RANK2] F @ 63.137939453125 (ms) to 95.12744140625 (ms), cudaEventElapsed = 31.953887939453125 (ms)
[RANK2] F @ 163.302978515625 (ms) to 194.52099609375 (ms), cudaEventElapsed = 31.179168701171875 (ms)
[RANK2] F @ 263.647705078125 (ms) to 294.946044921875 (ms), cudaEventElapsed = 31.259647369384766 (ms)
[RANK2] B @ 427.077392578125 (ms) to 468.1376953125 (ms), cudaEventElapsed = 41.02150344848633 (ms)
[RANK2] F @ 468.489990234375 (ms) to 503.472900390625 (ms), cudaEventElapsed = 34.9529914855957 (ms)
[RANK2] B @ 626.6083984375 (ms) to 667.58935546875 (ms), cudaEventElapsed = 40.94403076171875 (ms)
[RANK2] F @ 669.029541015625 (ms) to 703.7626953125 (ms), cudaEventElapsed = 34.700992584228516 (ms)
[RANK2] B @ 777.0048828125 (ms) to 818.1298828125 (ms), cudaEventElapsed = 41.08755111694336 (ms)
[RANK2] F @ 819.472412109375 (ms) to 854.514892578125 (ms), cudaEventElapsed = 35.009246826171875 (ms)
[RANK2] B @ 926.701171875 (ms) to 967.832763671875 (ms), cudaEventElapsed = 41.09235382080078 (ms)
[RANK2] F @ 969.153564453125 (ms) to 1004.24609375 (ms), cudaEventElapsed = 35.05961608886719 (ms)
[RANK2] B @ 1076.643798828125 (ms) to 1117.79833984375 (ms), cudaEventElapsed = 41.121280670166016 (ms)
[RANK2] F @ 1118.14111328125 (ms) to 1153.65869140625 (ms), cudaEventElapsed = 35.48640060424805 (ms)
[RANK2] B @ 1225.708251953125 (ms) to 1266.790283203125 (ms), cudaEventElapsed = 41.0423698425293 (ms)
[RANK2] W @ 1267.031982421875 (ms) to 1289.5400390625 (ms), cudaEventElapsed = 22.47577667236328 (ms)
[RANK2] F @ 1289.68994140625 (ms) to 1327.50634765625 (ms), cudaEventElapsed = 37.78883361816406 (ms)
[RANK2] B @ 1402.845458984375 (ms) to 1444.85888671875 (ms), cudaEventElapsed = 41.97980880737305 (ms)
[RANK2] B @ 1467.984375 (ms) to 1509.3427734375 (ms), cudaEventElapsed = 41.32316970825195 (ms)
[RANK2] W @ 1509.514892578125 (ms) to 1531.6748046875 (ms), cudaEventElapsed = 22.125568389892578 (ms)
[RANK2] F @ 1531.94384765625 (ms) to 1571.329345703125 (ms), cudaEventElapsed = 39.356449127197266 (ms)
[RANK2] B @ 1690.1123046875 (ms) to 1731.26611328125 (ms), cudaEventElapsed = 41.09199905395508 (ms)
[RANK2] W @ 1731.55859375 (ms) to 1754.10986328125 (ms), cudaEventElapsed = 21.541887283325195 (ms)
[RANK2] F @ 1754.4248046875 (ms) to 1793.999267578125 (ms), cudaEventElapsed = 39.54390335083008 (ms)
[RANK2] B @ 1895.506103515625 (ms) to 1936.616943359375 (ms), cudaEventElapsed = 41.07196807861328 (ms)
[RANK2] W @ 1936.86474609375 (ms) to 1960.6064453125 (ms), cudaEventElapsed = 22.69286346435547 (ms)
[RANK2] F @ 1960.887451171875 (ms) to 1999.38916015625 (ms), cudaEventElapsed = 38.472129821777344 (ms)
[RANK2] B @ 2102.5654296875 (ms) to 2143.4736328125 (ms), cudaEventElapsed = 40.872928619384766 (ms)
[RANK2] W @ 2143.6455078125 (ms) to 2165.5537109375 (ms), cudaEventElapsed = 21.87673568725586 (ms)
[RANK2] W @ 2165.711669921875 (ms) to 2192.606201171875 (ms), cudaEventElapsed = 26.858495712280273 (ms)
[RANK2] B @ 2243.97021484375 (ms) to 2285.078857421875 (ms), cudaEventElapsed = 41.0766716003418 (ms)
[RANK2] 6W @ 2285.248291015625 (ms) to 2443.1435546875 (ms), cudaEventElapsed = 157.8629150390625 (ms)
[RANK2] Iteration 13
[RANK2] F @ 63.107421875 (ms) to 95.123291015625 (ms), cudaEventElapsed = 31.979455947875977 (ms)
[RANK2] F @ 163.037109375 (ms) to 194.4443359375 (ms), cudaEventElapsed = 31.352767944335938 (ms)
[RANK2] F @ 263.926513671875 (ms) to 295.266357421875 (ms), cudaEventElapsed = 31.295455932617188 (ms)
[RANK2] B @ 427.166015625 (ms) to 468.292236328125 (ms), cudaEventElapsed = 41.078975677490234 (ms)
[RANK2] F @ 468.684326171875 (ms) to 504.084228515625 (ms), cudaEventElapsed = 35.367008209228516 (ms)
[RANK2] B @ 627.8798828125 (ms) to 668.996337890625 (ms), cudaEventElapsed = 41.060768127441406 (ms)
[RANK2] F @ 670.44775390625 (ms) to 705.844482421875 (ms), cudaEventElapsed = 35.36115264892578 (ms)
[RANK2] B @ 779.723876953125 (ms) to 820.794921875 (ms), cudaEventElapsed = 41.02998352050781 (ms)
[RANK2] F @ 822.240478515625 (ms) to 856.497314453125 (ms), cudaEventElapsed = 34.22012710571289 (ms)
[RANK2] B @ 928.729248046875 (ms) to 969.737548828125 (ms), cudaEventElapsed = 40.97068786621094 (ms)
[RANK2] F @ 971.110595703125 (ms) to 1005.9638671875 (ms), cudaEventElapsed = 34.819488525390625 (ms)
[RANK2] B @ 1078.18310546875 (ms) to 1119.30078125 (ms), cudaEventElapsed = 41.07468795776367 (ms)
[RANK2] F @ 1119.69775390625 (ms) to 1154.22998046875 (ms), cudaEventElapsed = 34.50038528442383 (ms)
[RANK2] B @ 1226.4345703125 (ms) to 1267.580810546875 (ms), cudaEventElapsed = 41.095455169677734 (ms)
[RANK2] W @ 1267.868896484375 (ms) to 1289.7333984375 (ms), cudaEventElapsed = 21.831680297851562 (ms)
[RANK2] F @ 1289.902099609375 (ms) to 1327.76416015625 (ms), cudaEventElapsed = 37.8322868347168 (ms)
[RANK2] B @ 1403.77392578125 (ms) to 1445.93408203125 (ms), cudaEventElapsed = 42.12566375732422 (ms)
[RANK2] B @ 1469.025634765625 (ms) to 1510.524169921875 (ms), cudaEventElapsed = 41.45948791503906 (ms)
[RANK2] W @ 1510.718505859375 (ms) to 1532.638916015625 (ms), cudaEventElapsed = 21.88902473449707 (ms)
[RANK2] F @ 1532.89697265625 (ms) to 1572.1474609375 (ms), cudaEventElapsed = 39.212158203125 (ms)
[RANK2] B @ 1692.479736328125 (ms) to 1733.37158203125 (ms), cudaEventElapsed = 40.85580825805664 (ms)
[RANK2] W @ 1733.62841796875 (ms) to 1756.23828125 (ms), cudaEventElapsed = 21.547008514404297 (ms)
[RANK2] F @ 1756.519775390625 (ms) to 1795.51318359375 (ms), cudaEventElapsed = 38.96527862548828 (ms)
[RANK2] B @ 1898.83203125 (ms) to 1939.814697265625 (ms), cudaEventElapsed = 40.946495056152344 (ms)
[RANK2] W @ 1940.06787109375 (ms) to 1962.80615234375 (ms), cudaEventElapsed = 21.692415237426758 (ms)
[RANK2] F @ 1963.095458984375 (ms) to 2001.346923828125 (ms), cudaEventElapsed = 38.22127914428711 (ms)
[RANK2] B @ 2103.85546875 (ms) to 2144.80859375 (ms), cudaEventElapsed = 40.91689682006836 (ms)
[RANK2] W @ 2144.9873046875 (ms) to 2166.96435546875 (ms), cudaEventElapsed = 21.938175201416016 (ms)
[RANK2] W @ 2167.12646484375 (ms) to 2193.5595703125 (ms), cudaEventElapsed = 26.403839111328125 (ms)
[RANK2] B @ 2246.748046875 (ms) to 2287.9521484375 (ms), cudaEventElapsed = 41.173152923583984 (ms)
[RANK2] 6W @ 2288.118408203125 (ms) to 2444.928955078125 (ms), cudaEventElapsed = 156.77337646484375 (ms)
[RANK2] Iteration 14
[RANK2] F @ 63.32421875 (ms) to 95.479248046875 (ms), cudaEventElapsed = 32.1162223815918 (ms)
[RANK2] F @ 162.27197265625 (ms) to 193.630859375 (ms), cudaEventElapsed = 31.317440032958984 (ms)
[RANK2] F @ 262.46630859375 (ms) to 293.83984375 (ms), cudaEventElapsed = 31.332992553710938 (ms)
[RANK2] B @ 424.5263671875 (ms) to 465.567138671875 (ms), cudaEventElapsed = 41.002174377441406 (ms)
[RANK2] F @ 465.917236328125 (ms) to 500.725830078125 (ms), cudaEventElapsed = 34.77772903442383 (ms)
[RANK2] B @ 624.0283203125 (ms) to 665.090087890625 (ms), cudaEventElapsed = 41.02556610107422 (ms)
[RANK2] F @ 666.421875 (ms) to 701.389892578125 (ms), cudaEventElapsed = 34.935585021972656 (ms)
[RANK2] B @ 775.772705078125 (ms) to 816.813232421875 (ms), cudaEventElapsed = 41.00396728515625 (ms)
[RANK2] F @ 818.137451171875 (ms) to 852.686767578125 (ms), cudaEventElapsed = 34.51763153076172 (ms)
[RANK2] B @ 924.880126953125 (ms) to 965.93408203125 (ms), cudaEventElapsed = 41.016414642333984 (ms)
[RANK2] F @ 967.224853515625 (ms) to 1002.4091796875 (ms), cudaEventElapsed = 35.15225601196289 (ms)
[RANK2] B @ 1075.1201171875 (ms) to 1116.181884765625 (ms), cudaEventElapsed = 41.02492904663086 (ms)
[RANK2] F @ 1116.54345703125 (ms) to 1151.320068359375 (ms), cudaEventElapsed = 34.746368408203125 (ms)
[RANK2] B @ 1223.98974609375 (ms) to 1265.047607421875 (ms), cudaEventElapsed = 41.02473449707031 (ms)
[RANK2] W @ 1265.27587890625 (ms) to 1287.175537109375 (ms), cudaEventElapsed = 21.86854362487793 (ms)
[RANK2] F @ 1287.322998046875 (ms) to 1324.923095703125 (ms), cudaEventElapsed = 37.56947326660156 (ms)
[RANK2] B @ 1400.14208984375 (ms) to 1442.2490234375 (ms), cudaEventElapsed = 42.07049560546875 (ms)
[RANK2] B @ 1465.29248046875 (ms) to 1506.659423828125 (ms), cudaEventElapsed = 41.33039855957031 (ms)
[RANK2] W @ 1506.84130859375 (ms) to 1528.475341796875 (ms), cudaEventElapsed = 21.599231719970703 (ms)
[RANK2] F @ 1528.7412109375 (ms) to 1567.98291015625 (ms), cudaEventElapsed = 39.21247863769531 (ms)
[RANK2] B @ 1687.413818359375 (ms) to 1728.430908203125 (ms), cudaEventElapsed = 40.9686393737793 (ms)
[RANK2] W @ 1728.748046875 (ms) to 1752.12158203125 (ms), cudaEventElapsed = 22.234111785888672 (ms)
[RANK2] F @ 1752.433349609375 (ms) to 1791.92333984375 (ms), cudaEventElapsed = 39.4601936340332 (ms)
[RANK2] B @ 1892.839111328125 (ms) to 1933.983642578125 (ms), cudaEventElapsed = 41.10838317871094 (ms)
[RANK2] W @ 1934.23046875 (ms) to 1957.951416015625 (ms), cudaEventElapsed = 22.7194881439209 (ms)
[RANK2] F @ 1958.237060546875 (ms) to 1996.6875 (ms), cudaEventElapsed = 38.421630859375 (ms)
[RANK2] B @ 2099.125732421875 (ms) to 2140.059326171875 (ms), cudaEventElapsed = 40.89446258544922 (ms)
[RANK2] W @ 2140.244140625 (ms) to 2162.0791015625 (ms), cudaEventElapsed = 21.801984786987305 (ms)
[RANK2] W @ 2162.23876953125 (ms) to 2189.008056640625 (ms), cudaEventElapsed = 26.74176025390625 (ms)
[RANK2] B @ 2242.67431640625 (ms) to 2283.862548828125 (ms), cudaEventElapsed = 41.154720306396484 (ms)
[RANK2] 6W @ 2284.032958984375 (ms) to 2440.650390625 (ms), cudaEventElapsed = 156.5849609375 (ms)
[RANK2] Iteration 15
[RANK2] F @ 63.136474609375 (ms) to 95.350341796875 (ms), cudaEventElapsed = 32.16495895385742 (ms)
[RANK2] F @ 163.276611328125 (ms) to 194.662841796875 (ms), cudaEventElapsed = 31.346176147460938 (ms)
[RANK2] F @ 264.076171875 (ms) to 295.4921875 (ms), cudaEventElapsed = 31.36899185180664 (ms)
[RANK2] B @ 426.9365234375 (ms) to 468.086181640625 (ms), cudaEventElapsed = 41.108543395996094 (ms)
[RANK2] F @ 468.4677734375 (ms) to 503.96240234375 (ms), cudaEventElapsed = 35.46352005004883 (ms)
[RANK2] B @ 625.24169921875 (ms) to 666.270263671875 (ms), cudaEventElapsed = 40.99126434326172 (ms)
[RANK2] F @ 667.591552734375 (ms) to 702.029541015625 (ms), cudaEventElapsed = 34.40425491333008 (ms)
[RANK2] B @ 775.38525390625 (ms) to 816.554931640625 (ms), cudaEventElapsed = 41.13017654418945 (ms)
[RANK2] F @ 817.884765625 (ms) to 853.33984375 (ms), cudaEventElapsed = 35.421630859375 (ms)
[RANK2] B @ 925.181884765625 (ms) to 966.3125 (ms), cudaEventElapsed = 41.094017028808594 (ms)
[RANK2] F @ 967.660400390625 (ms) to 1002.07421875 (ms), cudaEventElapsed = 34.38070297241211 (ms)
[RANK2] B @ 1073.66259765625 (ms) to 1114.6298828125 (ms), cudaEventElapsed = 40.93065643310547 (ms)
[RANK2] F @ 1114.978271484375 (ms) to 1150.00830078125 (ms), cudaEventElapsed = 34.99135971069336 (ms)
[RANK2] B @ 1222.493896484375 (ms) to 1263.43359375 (ms), cudaEventElapsed = 40.901214599609375 (ms)
[RANK2] W @ 1263.6884765625 (ms) to 1285.70703125 (ms), cudaEventElapsed = 21.983232498168945 (ms)
[RANK2] F @ 1285.861572265625 (ms) to 1323.66845703125 (ms), cudaEventElapsed = 37.776832580566406 (ms)
[RANK2] B @ 1398.97705078125 (ms) to 1441.16015625 (ms), cudaEventElapsed = 42.148128509521484 (ms)
[RANK2] B @ 1463.828857421875 (ms) to 1505.267578125 (ms), cudaEventElapsed = 41.40147018432617 (ms)
[RANK2] W @ 1505.450439453125 (ms) to 1527.72705078125 (ms), cudaEventElapsed = 22.2423038482666 (ms)
[RANK2] F @ 1527.99658203125 (ms) to 1567.57421875 (ms), cudaEventElapsed = 39.54889678955078 (ms)
[RANK2] B @ 1684.78662109375 (ms) to 1725.846435546875 (ms), cudaEventElapsed = 41.01929473876953 (ms)
[RANK2] W @ 1726.107177734375 (ms) to 1748.174560546875 (ms), cudaEventElapsed = 20.990976333618164 (ms)
[RANK2] F @ 1748.4560546875 (ms) to 1787.070068359375 (ms), cudaEventElapsed = 38.58009719848633 (ms)
[RANK2] B @ 1891.368896484375 (ms) to 1932.3544921875 (ms), cudaEventElapsed = 40.94646453857422 (ms)
[RANK2] W @ 1932.615234375 (ms) to 1955.223876953125 (ms), cudaEventElapsed = 21.574655532836914 (ms)
[RANK2] F @ 1955.50439453125 (ms) to 1994.49267578125 (ms), cudaEventElapsed = 38.95779037475586 (ms)
[RANK2] B @ 2096.547607421875 (ms) to 2137.62353515625 (ms), cudaEventElapsed = 41.03184127807617 (ms)
[RANK2] W @ 2137.79833984375 (ms) to 2160.19091796875 (ms), cudaEventElapsed = 22.356992721557617 (ms)
[RANK2] W @ 2160.345703125 (ms) to 2187.523193359375 (ms), cudaEventElapsed = 27.14726448059082 (ms)
[RANK2] B @ 2239.66796875 (ms) to 2280.84765625 (ms), cudaEventElapsed = 41.13884735107422 (ms)
[RANK2] 6W @ 2281.040771484375 (ms) to 2438.029052734375 (ms), cudaEventElapsed = 156.95872497558594 (ms)
[RANK2] Iteration 16
[RANK2] F @ 57.9990234375 (ms) to 88.171875 (ms), cudaEventElapsed = 30.135072708129883 (ms)
[RANK2] F @ 157.18212890625 (ms) to 186.704345703125 (ms), cudaEventElapsed = 29.48054313659668 (ms)
[RANK2] F @ 254.24853515625 (ms) to 283.78564453125 (ms), cudaEventElapsed = 29.490047454833984 (ms)
[RANK2] F @ 350.60546875 (ms) to 380.228759765625 (ms), cudaEventElapsed = 29.57491111755371 (ms)
[RANK2] F @ 447.308837890625 (ms) to 476.790283203125 (ms), cudaEventElapsed = 29.43951988220215 (ms)
[RANK2] F @ 544.103271484375 (ms) to 573.506591796875 (ms), cudaEventElapsed = 29.356416702270508 (ms)
[RANK2] F @ 641.55224609375 (ms) to 670.923583984375 (ms), cudaEventElapsed = 29.33443260192871 (ms)
[RANK2] F @ 739.086669921875 (ms) to 768.488037109375 (ms), cudaEventElapsed = 29.364896774291992 (ms)
[RANK2] F @ 838.96728515625 (ms) to 868.406494140625 (ms), cudaEventElapsed = 29.401792526245117 (ms)
[RANK2] F @ 938.01611328125 (ms) to 967.4677734375 (ms), cudaEventElapsed = 29.412736892700195 (ms)
[RANK2] F @ 1037.22216796875 (ms) to 1066.6826171875 (ms), cudaEventElapsed = 29.424287796020508 (ms)
[RANK2] F @ 1136.337890625 (ms) to 1165.801513671875 (ms), cudaEventElapsed = 29.42732810974121 (ms)
