[RANK2] Iteration 1
[RANK2] F @ 1008.86767578125 (ms) to 1281.8779296875 (ms), cudaEventElapsed = 272.9779052734375 (ms)
[RANK2] F @ 1283.202392578125 (ms) to 1316.026611328125 (ms), cudaEventElapsed = 32.79872131347656 (ms)
[RANK2] F @ 1317.461669921875 (ms) to 1351.649658203125 (ms), cudaEventElapsed = 34.16371154785156 (ms)
[RANK2] B @ 2094.130615234375 (ms) to 2166.8603515625 (ms), cudaEventElapsed = 72.70297241210938 (ms)
[RANK2] F @ 2168.177978515625 (ms) to 2199.82080078125 (ms), cudaEventElapsed = 31.62009620666504 (ms)
[RANK2] B @ 2201.198486328125 (ms) to 2245.3994140625 (ms), cudaEventElapsed = 44.177406311035156 (ms)
[RANK2] F @ 2246.638916015625 (ms) to 2279.66015625 (ms), cudaEventElapsed = 33.00044631958008 (ms)
[RANK2] B @ 2281.155029296875 (ms) to 2324.908935546875 (ms), cudaEventElapsed = 43.72991943359375 (ms)
[RANK2] F @ 2326.18408203125 (ms) to 2359.118408203125 (ms), cudaEventElapsed = 32.91340637207031 (ms)
[RANK2] B @ 2360.53564453125 (ms) to 2404.316650390625 (ms), cudaEventElapsed = 43.75244903564453 (ms)
[RANK2] F @ 2405.792236328125 (ms) to 2438.810546875 (ms), cudaEventElapsed = 32.99635314941406 (ms)
[RANK2] B @ 2440.194580078125 (ms) to 2484.345458984375 (ms), cudaEventElapsed = 44.12518310546875 (ms)
[RANK2] F @ 2485.619384765625 (ms) to 2518.685302734375 (ms), cudaEventElapsed = 33.04140853881836 (ms)
[RANK2] B @ 2520.078125 (ms) to 2564.2021484375 (ms), cudaEventElapsed = 44.100608825683594 (ms)
[RANK2] F @ 2565.4775390625 (ms) to 2598.42138671875 (ms), cudaEventElapsed = 32.921600341796875 (ms)
[RANK2] B @ 2599.848388671875 (ms) to 2643.74658203125 (ms), cudaEventElapsed = 43.86713409423828 (ms)
[RANK2] F @ 2645.004150390625 (ms) to 2678.17724609375 (ms), cudaEventElapsed = 33.14995193481445 (ms)
[RANK2] B @ 2679.577880859375 (ms) to 2723.824462890625 (ms), cudaEventElapsed = 44.22041702270508 (ms)
[RANK2] F @ 2725.064453125 (ms) to 2758.093017578125 (ms), cudaEventElapsed = 33.00556945800781 (ms)
[RANK2] B @ 2759.389404296875 (ms) to 2803.64599609375 (ms), cudaEventElapsed = 44.233726501464844 (ms)
[RANK2] F @ 2804.870361328125 (ms) to 2837.91552734375 (ms), cudaEventElapsed = 33.02399826049805 (ms)
[RANK2] B @ 2839.206787109375 (ms) to 2883.544677734375 (ms), cudaEventElapsed = 44.316673278808594 (ms)
[RANK2] W @ 2884.271484375 (ms) to 2905.175537109375 (ms), cudaEventElapsed = 20.88243293762207 (ms)
[RANK2] B @ 2905.955810546875 (ms) to 2947.85009765625 (ms), cudaEventElapsed = 41.873409271240234 (ms)
[RANK2] W @ 2948.862548828125 (ms) to 2968.88427734375 (ms), cudaEventElapsed = 19.996671676635742 (ms)
[RANK2] B @ 2969.657470703125 (ms) to 3012.2490234375 (ms), cudaEventElapsed = 42.57177734375 (ms)
[RANK2] 10W @ 3013.781005859375 (ms) to 3227.353515625 (ms), cudaEventElapsed = 213.54701232910156 (ms)
[RANK2] Iteration 2
[RANK2] F @ 67.416259765625 (ms) to 99.163818359375 (ms), cudaEventElapsed = 31.724544525146484 (ms)
[RANK2] F @ 102.1337890625 (ms) to 136.492431640625 (ms), cudaEventElapsed = 34.336769104003906 (ms)
[RANK2] F @ 140.86962890625 (ms) to 175.913818359375 (ms), cudaEventElapsed = 35.01772689819336 (ms)
[RANK2] B @ 177.918701171875 (ms) to 222.480224609375 (ms), cudaEventElapsed = 44.53580856323242 (ms)
[RANK2] F @ 223.882080078125 (ms) to 258.99755859375 (ms), cudaEventElapsed = 35.08736038208008 (ms)
[RANK2] B @ 260.4248046875 (ms) to 305.9345703125 (ms), cudaEventElapsed = 45.488128662109375 (ms)
[RANK2] F @ 307.16162109375 (ms) to 342.4482421875 (ms), cudaEventElapsed = 35.26451110839844 (ms)
[RANK2] B @ 343.820068359375 (ms) to 389.54541015625 (ms), cudaEventElapsed = 45.702144622802734 (ms)
[RANK2] F @ 432.663818359375 (ms) to 464.17724609375 (ms), cudaEventElapsed = 31.492095947265625 (ms)
[RANK2] B @ 465.556640625 (ms) to 509.585693359375 (ms), cudaEventElapsed = 44.005374908447266 (ms)
[RANK2] F @ 513.635498046875 (ms) to 548.6328125 (ms), cudaEventElapsed = 34.9747200012207 (ms)
[RANK2] B @ 550.01220703125 (ms) to 595.00830078125 (ms), cudaEventElapsed = 44.9699821472168 (ms)
[RANK2] F @ 596.40185546875 (ms) to 631.177978515625 (ms), cudaEventElapsed = 34.75455856323242 (ms)
[RANK2] B @ 632.57568359375 (ms) to 775.881103515625 (ms), cudaEventElapsed = 143.283203125 (ms)
[RANK2] F @ 777.8759765625 (ms) to 810.572509765625 (ms), cudaEventElapsed = 32.67379379272461 (ms)
[RANK2] B @ 811.961669921875 (ms) to 857.1328125 (ms), cudaEventElapsed = 45.14918518066406 (ms)
[RANK2] F @ 858.633056640625 (ms) to 894.4892578125 (ms), cudaEventElapsed = 35.83283233642578 (ms)
[RANK2] B @ 896.805419921875 (ms) to 942.156494140625 (ms), cudaEventElapsed = 45.3304328918457 (ms)
[RANK2] F @ 943.370849609375 (ms) to 978.597412109375 (ms), cudaEventElapsed = 35.204097747802734 (ms)
[RANK2] B @ 979.929443359375 (ms) to 1025.528076171875 (ms), cudaEventElapsed = 45.57516860961914 (ms)
[RANK2] F @ 1026.7880859375 (ms) to 1061.9951171875 (ms), cudaEventElapsed = 35.183616638183594 (ms)
[RANK2] B @ 1063.32373046875 (ms) to 1109.021728515625 (ms), cudaEventElapsed = 45.66835021972656 (ms)
[RANK2] W @ 1109.776611328125 (ms) to 1133.51025390625 (ms), cudaEventElapsed = 23.71072006225586 (ms)
[RANK2] B @ 1134.31005859375 (ms) to 1180.244384765625 (ms), cudaEventElapsed = 45.91411209106445 (ms)
[RANK2] W @ 1181.014892578125 (ms) to 1204.79736328125 (ms), cudaEventElapsed = 23.760896682739258 (ms)
[RANK2] B @ 1205.56298828125 (ms) to 1252.506103515625 (ms), cudaEventElapsed = 46.922752380371094 (ms)
[RANK2] 10W @ 1254.638671875 (ms) to 1517.1728515625 (ms), cudaEventElapsed = 262.50750732421875 (ms)
[RANK2] Iteration 3
[RANK2] F @ 127.599365234375 (ms) to 158.977294921875 (ms), cudaEventElapsed = 31.35487937927246 (ms)
[RANK2] F @ 160.4501953125 (ms) to 194.53662109375 (ms), cudaEventElapsed = 34.06438446044922 (ms)
[RANK2] F @ 200.368408203125 (ms) to 236.735107421875 (ms), cudaEventElapsed = 36.340736389160156 (ms)
[RANK2] B @ 238.1142578125 (ms) to 283.473876953125 (ms), cudaEventElapsed = 45.33657455444336 (ms)
[RANK2] F @ 284.842529296875 (ms) to 319.923583984375 (ms), cudaEventElapsed = 35.056640625 (ms)
[RANK2] B @ 321.284423828125 (ms) to 366.54052734375 (ms), cudaEventElapsed = 45.23417663574219 (ms)
[RANK2] F @ 367.91943359375 (ms) to 403.033203125 (ms), cudaEventElapsed = 35.08940887451172 (ms)
[RANK2] B @ 404.296142578125 (ms) to 449.531982421875 (ms), cudaEventElapsed = 45.21369552612305 (ms)
[RANK2] F @ 450.94580078125 (ms) to 485.9541015625 (ms), cudaEventElapsed = 34.98495864868164 (ms)
[RANK2] B @ 487.2763671875 (ms) to 532.345947265625 (ms), cudaEventElapsed = 45.046783447265625 (ms)
[RANK2] B @ 533.67333984375 (ms) to 577.853515625 (ms), cudaEventElapsed = 44.15999984741211 (ms)
[RANK2] F @ 579.19091796875 (ms) to 614.511962890625 (ms), cudaEventElapsed = 35.29830551147461 (ms)
[RANK2] B @ 615.7529296875 (ms) to 661.3740234375 (ms), cudaEventElapsed = 45.5997428894043 (ms)
[RANK2] F @ 662.79296875 (ms) to 698.122802734375 (ms), cudaEventElapsed = 35.30854415893555 (ms)
[RANK2] B @ 701.278076171875 (ms) to 746.62353515625 (ms), cudaEventElapsed = 45.31916809082031 (ms)
[RANK2] F @ 748.00537109375 (ms) to 783.15234375 (ms), cudaEventElapsed = 35.12627029418945 (ms)
[RANK2] B @ 798.425048828125 (ms) to 840.619384765625 (ms), cudaEventElapsed = 42.17241668701172 (ms)
[RANK2] F @ 841.888427734375 (ms) to 876.22705078125 (ms), cudaEventElapsed = 34.31731033325195 (ms)
[RANK2] F @ 877.541748046875 (ms) to 913.521484375 (ms), cudaEventElapsed = 35.95673751831055 (ms)
[RANK2] B @ 914.843017578125 (ms) to 960.3564453125 (ms), cudaEventElapsed = 45.492225646972656 (ms)
[RANK2] B @ 971.68798828125 (ms) to 1015.46923828125 (ms), cudaEventElapsed = 43.757568359375 (ms)
[RANK2] F @ 1016.796875 (ms) to 1052.865478515625 (ms), cudaEventElapsed = 36.0447998046875 (ms)
[RANK2] B @ 1054.107421875 (ms) to 1099.522705078125 (ms), cudaEventElapsed = 45.39494323730469 (ms)
[RANK2] W @ 1100.18408203125 (ms) to 1123.566162109375 (ms), cudaEventElapsed = 23.361536026000977 (ms)
[RANK2] W @ 1123.858642578125 (ms) to 1150.23828125 (ms), cudaEventElapsed = 26.355712890625 (ms)
[RANK2] B @ 1152.82861328125 (ms) to 1200.08740234375 (ms), cudaEventElapsed = 47.239166259765625 (ms)
[RANK2] 10W @ 1202.242431640625 (ms) to 1470.9267578125 (ms), cudaEventElapsed = 268.6556091308594 (ms)
[RANK2] Iteration 4
[RANK2] F @ 126.697021484375 (ms) to 158.181884765625 (ms), cudaEventElapsed = 31.464448928833008 (ms)
[RANK2] F @ 159.80859375 (ms) to 192.80615234375 (ms), cudaEventElapsed = 32.97587203979492 (ms)
[RANK2] F @ 200.2392578125 (ms) to 234.428955078125 (ms), cudaEventElapsed = 34.164737701416016 (ms)
[RANK2] B @ 236.74462890625 (ms) to 281.551025390625 (ms), cudaEventElapsed = 44.779518127441406 (ms)
[RANK2] F @ 282.904541015625 (ms) to 317.732666015625 (ms), cudaEventElapsed = 34.80473709106445 (ms)
[RANK2] B @ 319.07861328125 (ms) to 363.983154296875 (ms), cudaEventElapsed = 44.883968353271484 (ms)
[RANK2] F @ 365.397705078125 (ms) to 400.761474609375 (ms), cudaEventElapsed = 35.339263916015625 (ms)
[RANK2] B @ 402.036376953125 (ms) to 447.164794921875 (ms), cudaEventElapsed = 45.10617446899414 (ms)
[RANK2] F @ 448.564453125 (ms) to 483.966796875 (ms), cudaEventElapsed = 35.371009826660156 (ms)
[RANK2] B @ 485.311767578125 (ms) to 530.5810546875 (ms), cudaEventElapsed = 45.24544143676758 (ms)
[RANK2] B @ 531.948486328125 (ms) to 576.7099609375 (ms), cudaEventElapsed = 44.739585876464844 (ms)
[RANK2] F @ 578.06201171875 (ms) to 612.998291015625 (ms), cudaEventElapsed = 34.909183502197266 (ms)
[RANK2] B @ 614.310302734375 (ms) to 659.53173828125 (ms), cudaEventElapsed = 45.193214416503906 (ms)
[RANK2] F @ 661.35986328125 (ms) to 696.02978515625 (ms), cudaEventElapsed = 34.64089584350586 (ms)
[RANK2] B @ 705.029541015625 (ms) to 748.384033203125 (ms), cudaEventElapsed = 43.32339096069336 (ms)
[RANK2] F @ 749.97314453125 (ms) to 783.89306640625 (ms), cudaEventElapsed = 33.895423889160156 (ms)
[RANK2] B @ 802.13671875 (ms) to 844.90576171875 (ms), cudaEventElapsed = 42.74380874633789 (ms)
[RANK2] F @ 846.295166015625 (ms) to 881.028076171875 (ms), cudaEventElapsed = 34.709503173828125 (ms)
[RANK2] F @ 882.3935546875 (ms) to 917.7705078125 (ms), cudaEventElapsed = 35.34950256347656 (ms)
[RANK2] B @ 919.17529296875 (ms) to 964.256591796875 (ms), cudaEventElapsed = 45.058048248291016 (ms)
[RANK2] B @ 976.89453125 (ms) to 1019.9287109375 (ms), cudaEventElapsed = 43.007999420166016 (ms)
[RANK2] F @ 1021.329345703125 (ms) to 1056.6474609375 (ms), cudaEventElapsed = 35.29011154174805 (ms)
[RANK2] B @ 1057.9794921875 (ms) to 1104.122802734375 (ms), cudaEventElapsed = 46.11891174316406 (ms)
[RANK2] W @ 1104.880126953125 (ms) to 1128.4072265625 (ms), cudaEventElapsed = 23.50284767150879 (ms)
[RANK2] W @ 1128.744140625 (ms) to 1155.35498046875 (ms), cudaEventElapsed = 26.584064483642578 (ms)
[RANK2] B @ 1156.207275390625 (ms) to 1204.33203125 (ms), cudaEventElapsed = 48.10240173339844 (ms)
[RANK2] 10W @ 1206.572998046875 (ms) to 1473.64501953125 (ms), cudaEventElapsed = 267.0376892089844 (ms)
[RANK2] Iteration 5
[RANK2] F @ 129.114990234375 (ms) to 160.606201171875 (ms), cudaEventElapsed = 31.465471267700195 (ms)
[RANK2] F @ 163.06201171875 (ms) to 197.292236328125 (ms), cudaEventElapsed = 34.20159912109375 (ms)
[RANK2] F @ 201.4150390625 (ms) to 236.605224609375 (ms), cudaEventElapsed = 35.16313552856445 (ms)
[RANK2] B @ 239.20361328125 (ms) to 283.9267578125 (ms), cudaEventElapsed = 44.69862365722656 (ms)
[RANK2] F @ 285.29345703125 (ms) to 320.2744140625 (ms), cudaEventElapsed = 34.958335876464844 (ms)
[RANK2] B @ 321.62255859375 (ms) to 366.87255859375 (ms), cudaEventElapsed = 45.228031158447266 (ms)
[RANK2] F @ 368.292724609375 (ms) to 403.350341796875 (ms), cudaEventElapsed = 35.02694320678711 (ms)
[RANK2] B @ 404.605712890625 (ms) to 449.806884765625 (ms), cudaEventElapsed = 45.17990493774414 (ms)
[RANK2] F @ 451.243408203125 (ms) to 486.6083984375 (ms), cudaEventElapsed = 35.34028625488281 (ms)
[RANK2] B @ 487.94482421875 (ms) to 533.250732421875 (ms), cudaEventElapsed = 45.283329010009766 (ms)
[RANK2] B @ 534.615234375 (ms) to 578.886962890625 (ms), cudaEventElapsed = 44.247039794921875 (ms)
[RANK2] F @ 580.25048828125 (ms) to 614.8056640625 (ms), cudaEventElapsed = 34.530303955078125 (ms)
[RANK2] B @ 616.075439453125 (ms) to 660.921630859375 (ms), cudaEventElapsed = 44.823551177978516 (ms)
[RANK2] F @ 662.39208984375 (ms) to 697.645263671875 (ms), cudaEventElapsed = 35.23072052001953 (ms)
[RANK2] B @ 704.927490234375 (ms) to 748.82177734375 (ms), cudaEventElapsed = 43.865089416503906 (ms)
[RANK2] F @ 750.20654296875 (ms) to 785.234375 (ms), cudaEventElapsed = 35.00646209716797 (ms)
[RANK2] B @ 802.203125 (ms) to 844.54931640625 (ms), cudaEventElapsed = 42.32499313354492 (ms)
[RANK2] F @ 845.84326171875 (ms) to 880.528564453125 (ms), cudaEventElapsed = 34.66444778442383 (ms)
[RANK2] F @ 881.838623046875 (ms) to 917.445556640625 (ms), cudaEventElapsed = 35.58195114135742 (ms)
[RANK2] B @ 918.777099609375 (ms) to 964.186279296875 (ms), cudaEventElapsed = 45.38777542114258 (ms)
[RANK2] B @ 974.756591796875 (ms) to 1019.509765625 (ms), cudaEventElapsed = 44.73139190673828 (ms)
[RANK2] F @ 1020.822509765625 (ms) to 1056.2412109375 (ms), cudaEventElapsed = 35.39558410644531 (ms)
[RANK2] B @ 1057.495361328125 (ms) to 1103.0126953125 (ms), cudaEventElapsed = 45.49631881713867 (ms)
[RANK2] W @ 1103.7001953125 (ms) to 1127.5712890625 (ms), cudaEventElapsed = 23.85100746154785 (ms)
[RANK2] W @ 1127.875 (ms) to 1155.318603515625 (ms), cudaEventElapsed = 27.414527893066406 (ms)
[RANK2] B @ 1156.124267578125 (ms) to 1204.564208984375 (ms), cudaEventElapsed = 48.41984176635742 (ms)
[RANK2] 10W @ 1206.722900390625 (ms) to 1474.685302734375 (ms), cudaEventElapsed = 267.931640625 (ms)
[RANK2] Iteration 6
[RANK2] F @ 128.682861328125 (ms) to 160.2685546875 (ms), cudaEventElapsed = 31.56172752380371 (ms)
[RANK2] F @ 164.0908203125 (ms) to 197.13720703125 (ms), cudaEventElapsed = 33.0250244140625 (ms)
[RANK2] F @ 201.623291015625 (ms) to 237.091796875 (ms), cudaEventElapsed = 35.44166564941406 (ms)
[RANK2] B @ 238.93310546875 (ms) to 284.044677734375 (ms), cudaEventElapsed = 45.087745666503906 (ms)
[RANK2] F @ 285.3837890625 (ms) to 320.281005859375 (ms), cudaEventElapsed = 34.874366760253906 (ms)
[RANK2] B @ 321.623779296875 (ms) to 366.82373046875 (ms), cudaEventElapsed = 45.17887878417969 (ms)
[RANK2] F @ 368.2509765625 (ms) to 403.768310546875 (ms), cudaEventElapsed = 35.49184036254883 (ms)
[RANK2] B @ 405.265625 (ms) to 450.0078125 (ms), cudaEventElapsed = 44.71603012084961 (ms)
[RANK2] F @ 451.430908203125 (ms) to 486.593994140625 (ms), cudaEventElapsed = 35.14060974121094 (ms)
[RANK2] B @ 487.93798828125 (ms) to 533.44775390625 (ms), cudaEventElapsed = 45.486080169677734 (ms)
[RANK2] B @ 534.785888671875 (ms) to 579.723388671875 (ms), cudaEventElapsed = 44.91468811035156 (ms)
[RANK2] F @ 581.040283203125 (ms) to 616.25048828125 (ms), cudaEventElapsed = 35.187713623046875 (ms)
[RANK2] B @ 617.49365234375 (ms) to 662.663818359375 (ms), cudaEventElapsed = 45.14918518066406 (ms)
[RANK2] F @ 664.097900390625 (ms) to 698.8935546875 (ms), cudaEventElapsed = 34.77094268798828 (ms)
[RANK2] B @ 706.4208984375 (ms) to 750.033447265625 (ms), cudaEventElapsed = 43.591678619384766 (ms)
[RANK2] F @ 751.396484375 (ms) to 786.392578125 (ms), cudaEventElapsed = 34.973697662353516 (ms)
[RANK2] B @ 804.622314453125 (ms) to 847.35107421875 (ms), cudaEventElapsed = 42.70694351196289 (ms)
[RANK2] F @ 848.6337890625 (ms) to 883.552490234375 (ms), cudaEventElapsed = 34.89689636230469 (ms)
[RANK2] F @ 884.885986328125 (ms) to 920.432373046875 (ms), cudaEventElapsed = 35.522560119628906 (ms)
[RANK2] B @ 921.767333984375 (ms) to 966.848388671875 (ms), cudaEventElapsed = 45.05702209472656 (ms)
[RANK2] B @ 977.484375 (ms) to 1021.911376953125 (ms), cudaEventElapsed = 44.40371322631836 (ms)
[RANK2] F @ 1023.246826171875 (ms) to 1058.15771484375 (ms), cudaEventElapsed = 34.88768005371094 (ms)
[RANK2] B @ 1059.4267578125 (ms) to 1105.25634765625 (ms), cudaEventElapsed = 45.80863952636719 (ms)
[RANK2] W @ 1105.9580078125 (ms) to 1129.600830078125 (ms), cudaEventElapsed = 23.620607376098633 (ms)
[RANK2] W @ 1129.91796875 (ms) to 1156.677734375 (ms), cudaEventElapsed = 26.73664093017578 (ms)
[RANK2] B @ 1157.499755859375 (ms) to 1206.0205078125 (ms), cudaEventElapsed = 48.500736236572266 (ms)
[RANK2] 10W @ 1208.18408203125 (ms) to 1477.2109375 (ms), cudaEventElapsed = 268.99456787109375 (ms)
[RANK2] Iteration 7
[RANK2] F @ 128.833740234375 (ms) to 160.429443359375 (ms), cudaEventElapsed = 31.57196807861328 (ms)
[RANK2] F @ 164.140869140625 (ms) to 196.984619140625 (ms), cudaEventElapsed = 32.82227325439453 (ms)
[RANK2] F @ 202.288330078125 (ms) to 237.367919921875 (ms), cudaEventElapsed = 35.05459213256836 (ms)
[RANK2] B @ 239.3818359375 (ms) to 284.527099609375 (ms), cudaEventElapsed = 45.12358474731445 (ms)
[RANK2] F @ 285.83203125 (ms) to 320.833251953125 (ms), cudaEventElapsed = 34.978816986083984 (ms)
[RANK2] B @ 322.16748046875 (ms) to 367.26025390625 (ms), cudaEventElapsed = 45.07136154174805 (ms)
[RANK2] F @ 368.630859375 (ms) to 403.681640625 (ms), cudaEventElapsed = 35.02796936035156 (ms)
[RANK2] B @ 404.928466796875 (ms) to 450.01708984375 (ms), cudaEventElapsed = 45.06828689575195 (ms)
[RANK2] F @ 451.42236328125 (ms) to 486.88330078125 (ms), cudaEventElapsed = 35.43961715698242 (ms)
[RANK2] B @ 488.1689453125 (ms) to 533.341552734375 (ms), cudaEventElapsed = 45.14918518066406 (ms)
[RANK2] B @ 534.720458984375 (ms) to 579.38671875 (ms), cudaEventElapsed = 44.6453742980957 (ms)
[RANK2] F @ 580.703369140625 (ms) to 615.77001953125 (ms), cudaEventElapsed = 35.04435348510742 (ms)
[RANK2] B @ 617.041748046875 (ms) to 662.427734375 (ms), cudaEventElapsed = 45.36422348022461 (ms)
[RANK2] F @ 663.83056640625 (ms) to 699.141357421875 (ms), cudaEventElapsed = 35.288063049316406 (ms)
[RANK2] B @ 707.749267578125 (ms) to 751.033935546875 (ms), cudaEventElapsed = 43.262977600097656 (ms)
[RANK2] F @ 752.3935546875 (ms) to 787.33935546875 (ms), cudaEventElapsed = 34.92454528808594 (ms)
[RANK2] B @ 806.12939453125 (ms) to 848.991943359375 (ms), cudaEventElapsed = 42.84211349487305 (ms)
[RANK2] F @ 850.297607421875 (ms) to 885.156005859375 (ms), cudaEventElapsed = 34.83750534057617 (ms)
[RANK2] F @ 886.503662109375 (ms) to 922.4482421875 (ms), cudaEventElapsed = 35.92192077636719 (ms)
[RANK2] B @ 923.78564453125 (ms) to 968.9130859375 (ms), cudaEventElapsed = 45.10617446899414 (ms)
[RANK2] B @ 979.125 (ms) to 1024.269775390625 (ms), cudaEventElapsed = 45.12358474731445 (ms)
[RANK2] F @ 1025.5712890625 (ms) to 1061.035888671875 (ms), cudaEventElapsed = 35.44268798828125 (ms)
[RANK2] B @ 1062.29248046875 (ms) to 1107.869140625 (ms), cudaEventElapsed = 45.55571365356445 (ms)
[RANK2] W @ 1108.535888671875 (ms) to 1131.784423828125 (ms), cudaEventElapsed = 23.227392196655273 (ms)
[RANK2] W @ 1132.092529296875 (ms) to 1158.12451171875 (ms), cudaEventElapsed = 26.006528854370117 (ms)
[RANK2] B @ 1158.946044921875 (ms) to 1207.102294921875 (ms), cudaEventElapsed = 48.136192321777344 (ms)
[RANK2] 10W @ 1209.245361328125 (ms) to 1475.296142578125 (ms), cudaEventElapsed = 266.0188293457031 (ms)
[RANK2] Iteration 8
[RANK2] F @ 126.83837890625 (ms) to 158.253662109375 (ms), cudaEventElapsed = 31.39276885986328 (ms)
[RANK2] F @ 162.274169921875 (ms) to 196.047607421875 (ms), cudaEventElapsed = 33.751041412353516 (ms)
[RANK2] F @ 199.4560546875 (ms) to 236.02294921875 (ms), cudaEventElapsed = 36.54246520996094 (ms)
[RANK2] B @ 237.41650390625 (ms) to 283.134521484375 (ms), cudaEventElapsed = 45.69599914550781 (ms)
[RANK2] F @ 284.49755859375 (ms) to 319.859375 (ms), cudaEventElapsed = 35.337215423583984 (ms)
[RANK2] B @ 321.206298828125 (ms) to 366.549560546875 (ms), cudaEventElapsed = 45.3201904296875 (ms)
[RANK2] F @ 367.942626953125 (ms) to 402.86767578125 (ms), cudaEventElapsed = 34.90099334716797 (ms)
[RANK2] B @ 404.126708984375 (ms) to 449.4619140625 (ms), cudaEventElapsed = 45.31302261352539 (ms)
[RANK2] F @ 450.91796875 (ms) to 486.055419921875 (ms), cudaEventElapsed = 35.111934661865234 (ms)
[RANK2] B @ 487.388427734375 (ms) to 532.5771484375 (ms), cudaEventElapsed = 45.16454315185547 (ms)
[RANK2] B @ 534.0361328125 (ms) to 578.968017578125 (ms), cudaEventElapsed = 44.91263961791992 (ms)
[RANK2] F @ 580.322509765625 (ms) to 615.354248046875 (ms), cudaEventElapsed = 35.00851058959961 (ms)
[RANK2] B @ 616.603759765625 (ms) to 661.999755859375 (ms), cudaEventElapsed = 45.37446212768555 (ms)
[RANK2] F @ 663.4326171875 (ms) to 698.799072265625 (ms), cudaEventElapsed = 35.34233474731445 (ms)
[RANK2] B @ 705.37841796875 (ms) to 749.575927734375 (ms), cudaEventElapsed = 44.17023849487305 (ms)
[RANK2] F @ 750.953125 (ms) to 785.2236328125 (ms), cudaEventElapsed = 34.25075149536133 (ms)
[RANK2] B @ 801.83935546875 (ms) to 844.3369140625 (ms), cudaEventElapsed = 42.47654342651367 (ms)
[RANK2] F @ 845.6318359375 (ms) to 879.733642578125 (ms), cudaEventElapsed = 34.079742431640625 (ms)
[RANK2] F @ 881.072998046875 (ms) to 917.4423828125 (ms), cudaEventElapsed = 36.34688186645508 (ms)
[RANK2] B @ 918.78955078125 (ms) to 964.854736328125 (ms), cudaEventElapsed = 46.036991119384766 (ms)
[RANK2] B @ 973.776611328125 (ms) to 1018.513916015625 (ms), cudaEventElapsed = 44.71500778198242 (ms)
[RANK2] F @ 1019.8212890625 (ms) to 1055.80419921875 (ms), cudaEventElapsed = 35.95878219604492 (ms)
[RANK2] B @ 1057.055908203125 (ms) to 1102.99169921875 (ms), cudaEventElapsed = 45.91411209106445 (ms)
[RANK2] W @ 1103.67919921875 (ms) to 1127.8447265625 (ms), cudaEventElapsed = 24.144895553588867 (ms)
[RANK2] W @ 1128.127685546875 (ms) to 1154.037841796875 (ms), cudaEventElapsed = 25.886720657348633 (ms)
[RANK2] B @ 1154.866943359375 (ms) to 1203.245361328125 (ms), cudaEventElapsed = 48.35942459106445 (ms)
[RANK2] 10W @ 1205.39697265625 (ms) to 1475.199462890625 (ms), cudaEventElapsed = 269.7727966308594 (ms)
[RANK2] Iteration 9
[RANK2] F @ 129.29296875 (ms) to 160.909912109375 (ms), cudaEventElapsed = 31.59244728088379 (ms)
[RANK2] F @ 164.704345703125 (ms) to 197.78662109375 (ms), cudaEventElapsed = 33.05984115600586 (ms)
[RANK2] F @ 201.7900390625 (ms) to 237.369873046875 (ms), cudaEventElapsed = 35.55430221557617 (ms)
[RANK2] B @ 240.40966796875 (ms) to 285.719970703125 (ms), cudaEventElapsed = 45.285377502441406 (ms)
[RANK2] F @ 287.06298828125 (ms) to 322.172607421875 (ms), cudaEventElapsed = 35.086334228515625 (ms)
[RANK2] B @ 323.530517578125 (ms) to 368.699462890625 (ms), cudaEventElapsed = 45.14713668823242 (ms)
[RANK2] F @ 370.075439453125 (ms) to 405.315185546875 (ms), cudaEventElapsed = 35.21535873413086 (ms)
[RANK2] B @ 406.638427734375 (ms) to 451.922607421875 (ms), cudaEventElapsed = 45.257728576660156 (ms)
[RANK2] F @ 453.36767578125 (ms) to 488.884765625 (ms), cudaEventElapsed = 35.49593734741211 (ms)
[RANK2] B @ 490.216064453125 (ms) to 535.93505859375 (ms), cudaEventElapsed = 45.69599914550781 (ms)
[RANK2] B @ 537.319580078125 (ms) to 581.846435546875 (ms), cudaEventElapsed = 44.50611114501953 (ms)
[RANK2] F @ 583.181884765625 (ms) to 617.995849609375 (ms), cudaEventElapsed = 34.788352966308594 (ms)
[RANK2] B @ 619.265869140625 (ms) to 664.622802734375 (ms), cudaEventElapsed = 45.33555221557617 (ms)
[RANK2] F @ 666.051025390625 (ms) to 701.043701171875 (ms), cudaEventElapsed = 34.96857452392578 (ms)
[RANK2] B @ 709.468017578125 (ms) to 752.90380859375 (ms), cudaEventElapsed = 43.414527893066406 (ms)
[RANK2] F @ 754.289794921875 (ms) to 789.515869140625 (ms), cudaEventElapsed = 35.20307159423828 (ms)
[RANK2] B @ 807.586181640625 (ms) to 850.24365234375 (ms), cudaEventElapsed = 42.634239196777344 (ms)
[RANK2] F @ 851.572509765625 (ms) to 886.123291015625 (ms), cudaEventElapsed = 34.528255462646484 (ms)
[RANK2] F @ 887.455810546875 (ms) to 923.365478515625 (ms), cudaEventElapsed = 35.88505554199219 (ms)
[RANK2] B @ 924.70849609375 (ms) to 970.314453125 (ms), cudaEventElapsed = 45.58028793334961 (ms)
[RANK2] B @ 980.259521484375 (ms) to 1025.917724609375 (ms), cudaEventElapsed = 45.637630462646484 (ms)
[RANK2] F @ 1027.23779296875 (ms) to 1062.59619140625 (ms), cudaEventElapsed = 35.3361930847168 (ms)
[RANK2] B @ 1063.831787109375 (ms) to 1109.323974609375 (ms), cudaEventElapsed = 45.471744537353516 (ms)
[RANK2] W @ 1110.01025390625 (ms) to 1133.762939453125 (ms), cudaEventElapsed = 23.731199264526367 (ms)
[RANK2] W @ 1134.07080078125 (ms) to 1161.513916015625 (ms), cudaEventElapsed = 27.418624877929688 (ms)
[RANK2] B @ 1162.31103515625 (ms) to 1210.85888671875 (ms), cudaEventElapsed = 48.52735900878906 (ms)
[RANK2] 10W @ 1213.03564453125 (ms) to 1481.66748046875 (ms), cudaEventElapsed = 268.6054382324219 (ms)
