[RANK2] Iteration 1
[RANK2] F @ 172.188720703125 (ms) to 204.04248046875 (ms), cudaEventElapsed = 31.791168212890625 (ms)
[RANK2] F @ 259.07958984375 (ms) to 290.59423828125 (ms), cudaEventElapsed = 31.45008087158203 (ms)
[RANK2] F @ 292.17333984375 (ms) to 326.370849609375 (ms), cudaEventElapsed = 34.15039825439453 (ms)
[RANK2] B @ 512.674560546875 (ms) to 552.71826171875 (ms), cudaEventElapsed = 39.99625778198242 (ms)
[RANK2] F @ 557.06005859375 (ms) to 589.033935546875 (ms), cudaEventElapsed = 31.806079864501953 (ms)
[RANK2] B @ 589.354248046875 (ms) to 632.740478515625 (ms), cudaEventElapsed = 43.35590362548828 (ms)
[RANK2] F @ 634.06201171875 (ms) to 667.23779296875 (ms), cudaEventElapsed = 33.133792877197266 (ms)
[RANK2] B @ 667.5263671875 (ms) to 711.302001953125 (ms), cudaEventElapsed = 43.74419021606445 (ms)
[RANK2] F @ 712.683837890625 (ms) to 745.98193359375 (ms), cudaEventElapsed = 33.26201629638672 (ms)
[RANK2] B @ 746.283935546875 (ms) to 790.20458984375 (ms), cudaEventElapsed = 43.886688232421875 (ms)
[RANK2] F @ 791.587158203125 (ms) to 824.765869140625 (ms), cudaEventElapsed = 33.14316940307617 (ms)
[RANK2] B @ 825.0576171875 (ms) to 1048.15283203125 (ms), cudaEventElapsed = 223.06405639648438 (ms)
[RANK2] F @ 1048.505615234375 (ms) to 1081.814453125 (ms), cudaEventElapsed = 33.27356719970703 (ms)
[RANK2] B @ 1082.19482421875 (ms) to 1127.61376953125 (ms), cudaEventElapsed = 45.38166427612305 (ms)
[RANK2] W @ 1127.841552734375 (ms) to 1149.16162109375 (ms), cudaEventElapsed = 21.28179168701172 (ms)
[RANK2] F @ 1149.3017578125 (ms) to 1182.845703125 (ms), cudaEventElapsed = 33.51561737060547 (ms)
[RANK2] B @ 1184.22705078125 (ms) to 1228.62841796875 (ms), cudaEventElapsed = 44.37043380737305 (ms)
[RANK2] B @ 1229.931884765625 (ms) to 1272.0458984375 (ms), cudaEventElapsed = 42.08220672607422 (ms)
[RANK2] W @ 1272.20263671875 (ms) to 1292.177001953125 (ms), cudaEventElapsed = 19.934207916259766 (ms)
[RANK2] F @ 1292.4189453125 (ms) to 1325.607666015625 (ms), cudaEventElapsed = 33.15974426269531 (ms)
[RANK2] B @ 1325.88037109375 (ms) to 1370.657470703125 (ms), cudaEventElapsed = 44.74777603149414 (ms)
[RANK2] W @ 1370.85205078125 (ms) to 1393.006591796875 (ms), cudaEventElapsed = 21.182464599609375 (ms)
[RANK2] F @ 1393.26416015625 (ms) to 1426.29150390625 (ms), cudaEventElapsed = 32.99763107299805 (ms)
[RANK2] B @ 1426.5654296875 (ms) to 1470.67138671875 (ms), cudaEventElapsed = 44.07673645019531 (ms)
[RANK2] W @ 1470.868408203125 (ms) to 1492.886962890625 (ms), cudaEventElapsed = 20.958208084106445 (ms)
[RANK2] F @ 1493.1396484375 (ms) to 1526.280029296875 (ms), cudaEventElapsed = 33.11062240600586 (ms)
[RANK2] B @ 1526.55517578125 (ms) to 1570.640869140625 (ms), cudaEventElapsed = 44.05625534057617 (ms)
[RANK2] W @ 1570.763427734375 (ms) to 1591.753173828125 (ms), cudaEventElapsed = 20.961280822753906 (ms)
[RANK2] W @ 1591.8857421875 (ms) to 1612.746337890625 (ms), cudaEventElapsed = 20.833280563354492 (ms)
[RANK2] B @ 1612.86083984375 (ms) to 1655.079833984375 (ms), cudaEventElapsed = 42.19305419921875 (ms)
[RANK2] 6W @ 1655.215087890625 (ms) to 1781.48046875 (ms), cudaEventElapsed = 126.23257446289062 (ms)
[RANK2] Iteration 2
[RANK2] F @ 63.753662109375 (ms) to 95.716796875 (ms), cudaEventElapsed = 31.91254425048828 (ms)
[RANK2] F @ 97.9228515625 (ms) to 131.50341796875 (ms), cudaEventElapsed = 33.541568756103516 (ms)
[RANK2] F @ 134.29931640625 (ms) to 170.0126953125 (ms), cudaEventElapsed = 35.67379379272461 (ms)
[RANK2] B @ 174.679443359375 (ms) to 218.734375 (ms), cudaEventElapsed = 44.01216125488281 (ms)
[RANK2] F @ 219.1181640625 (ms) to 252.60791015625 (ms), cudaEventElapsed = 33.455169677734375 (ms)
[RANK2] B @ 252.95751953125 (ms) to 297.08447265625 (ms), cudaEventElapsed = 44.09596633911133 (ms)
[RANK2] F @ 298.51611328125 (ms) to 332.27783203125 (ms), cudaEventElapsed = 33.72550582885742 (ms)
[RANK2] B @ 332.631591796875 (ms) to 376.78564453125 (ms), cudaEventElapsed = 44.125057220458984 (ms)
[RANK2] F @ 378.154541015625 (ms) to 411.624267578125 (ms), cudaEventElapsed = 33.43507385253906 (ms)
[RANK2] B @ 411.9462890625 (ms) to 455.89794921875 (ms), cudaEventElapsed = 43.92262268066406 (ms)
[RANK2] F @ 457.377197265625 (ms) to 490.74169921875 (ms), cudaEventElapsed = 33.328895568847656 (ms)
[RANK2] B @ 491.063232421875 (ms) to 534.846923828125 (ms), cudaEventElapsed = 43.75251388549805 (ms)
[RANK2] F @ 535.188720703125 (ms) to 568.44140625 (ms), cudaEventElapsed = 33.21750259399414 (ms)
[RANK2] B @ 568.82763671875 (ms) to 613.037109375 (ms), cudaEventElapsed = 44.17216110229492 (ms)
[RANK2] W @ 613.287841796875 (ms) to 634.634765625 (ms), cudaEventElapsed = 21.315584182739258 (ms)
[RANK2] F @ 634.787109375 (ms) to 668.2060546875 (ms), cudaEventElapsed = 33.39059066772461 (ms)
[RANK2] B @ 669.578857421875 (ms) to 713.498779296875 (ms), cudaEventElapsed = 43.8884162902832 (ms)
[RANK2] B @ 714.8505859375 (ms) to 756.908935546875 (ms), cudaEventElapsed = 42.02275085449219 (ms)
[RANK2] W @ 757.1025390625 (ms) to 777.17919921875 (ms), cudaEventElapsed = 20.04275131225586 (ms)
[RANK2] F @ 777.5009765625 (ms) to 811.18603515625 (ms), cudaEventElapsed = 33.65446472167969 (ms)
[RANK2] B @ 811.493408203125 (ms) to 855.662841796875 (ms), cudaEventElapsed = 44.13868713378906 (ms)
[RANK2] W @ 855.890869140625 (ms) to 877.798828125 (ms), cudaEventElapsed = 20.82815933227539 (ms)
[RANK2] F @ 878.095703125 (ms) to 911.790283203125 (ms), cudaEventElapsed = 33.66233444213867 (ms)
[RANK2] B @ 912.096435546875 (ms) to 959.19775390625 (ms), cudaEventElapsed = 47.07139205932617 (ms)
[RANK2] W @ 959.4248046875 (ms) to 982.59326171875 (ms), cudaEventElapsed = 22.08255958557129 (ms)
[RANK2] F @ 982.884521484375 (ms) to 1016.783447265625 (ms), cudaEventElapsed = 33.86918258666992 (ms)
[RANK2] B @ 1017.085693359375 (ms) to 1061.502685546875 (ms), cudaEventElapsed = 44.38703918457031 (ms)
[RANK2] W @ 1061.6640625 (ms) to 1082.806640625 (ms), cudaEventElapsed = 21.113855361938477 (ms)
[RANK2] W @ 1082.96728515625 (ms) to 1104.0283203125 (ms), cudaEventElapsed = 21.031936645507812 (ms)
[RANK2] B @ 1104.16845703125 (ms) to 1146.474853515625 (ms), cudaEventElapsed = 42.27974319458008 (ms)
[RANK2] 6W @ 1146.632080078125 (ms) to 1272.70849609375 (ms), cudaEventElapsed = 126.04621124267578 (ms)
[RANK2] Iteration 3
[RANK2] F @ 63.5390625 (ms) to 95.655029296875 (ms), cudaEventElapsed = 32.06438446044922 (ms)
[RANK2] F @ 98.242919921875 (ms) to 131.5205078125 (ms), cudaEventElapsed = 33.23984146118164 (ms)
[RANK2] F @ 134.78466796875 (ms) to 171.672119140625 (ms), cudaEventElapsed = 36.84854507446289 (ms)
[RANK2] B @ 175.316162109375 (ms) to 220.1083984375 (ms), cudaEventElapsed = 44.75254440307617 (ms)
[RANK2] F @ 220.47705078125 (ms) to 253.90869140625 (ms), cudaEventElapsed = 33.39801788330078 (ms)
[RANK2] B @ 254.230712890625 (ms) to 298.091064453125 (ms), cudaEventElapsed = 43.8296012878418 (ms)
[RANK2] F @ 299.438232421875 (ms) to 333.1142578125 (ms), cudaEventElapsed = 33.64118576049805 (ms)
[RANK2] B @ 333.4599609375 (ms) to 377.895263671875 (ms), cudaEventElapsed = 44.405216217041016 (ms)
[RANK2] F @ 379.243408203125 (ms) to 412.659912109375 (ms), cudaEventElapsed = 33.3807373046875 (ms)
[RANK2] B @ 412.97802734375 (ms) to 456.898193359375 (ms), cudaEventElapsed = 43.889217376708984 (ms)
[RANK2] F @ 458.35498046875 (ms) to 491.608154296875 (ms), cudaEventElapsed = 33.217376708984375 (ms)
[RANK2] B @ 491.93994140625 (ms) to 536.39306640625 (ms), cudaEventElapsed = 44.42265701293945 (ms)
[RANK2] F @ 536.776123046875 (ms) to 570.25048828125 (ms), cudaEventElapsed = 33.441471099853516 (ms)
[RANK2] B @ 570.677001953125 (ms) to 615.13671875 (ms), cudaEventElapsed = 44.421470642089844 (ms)
[RANK2] W @ 615.400146484375 (ms) to 636.701416015625 (ms), cudaEventElapsed = 21.26848030090332 (ms)
[RANK2] F @ 636.858154296875 (ms) to 670.1923828125 (ms), cudaEventElapsed = 33.30601501464844 (ms)
[RANK2] B @ 671.65283203125 (ms) to 716.1416015625 (ms), cudaEventElapsed = 44.45564651489258 (ms)
[RANK2] B @ 717.502685546875 (ms) to 759.7109375 (ms), cudaEventElapsed = 42.170047760009766 (ms)
[RANK2] W @ 760.1337890625 (ms) to 780.103759765625 (ms), cudaEventElapsed = 19.938304901123047 (ms)
[RANK2] F @ 780.39208984375 (ms) to 813.566162109375 (ms), cudaEventElapsed = 33.145023345947266 (ms)
[RANK2] B @ 813.881103515625 (ms) to 858.59033203125 (ms), cudaEventElapsed = 44.68022537231445 (ms)
[RANK2] W @ 858.818115234375 (ms) to 880.96484375 (ms), cudaEventElapsed = 21.130239486694336 (ms)
[RANK2] F @ 881.2431640625 (ms) to 914.525390625 (ms), cudaEventElapsed = 33.25244903564453 (ms)
[RANK2] B @ 914.83447265625 (ms) to 961.07275390625 (ms), cudaEventElapsed = 46.20880126953125 (ms)
[RANK2] W @ 961.29345703125 (ms) to 984.314697265625 (ms), cudaEventElapsed = 21.966848373413086 (ms)
[RANK2] F @ 984.600830078125 (ms) to 1018.3359375 (ms), cudaEventElapsed = 33.70460891723633 (ms)
[RANK2] B @ 1018.670654296875 (ms) to 1063.041015625 (ms), cudaEventElapsed = 44.33932876586914 (ms)
[RANK2] W @ 1063.2001953125 (ms) to 1084.22802734375 (ms), cudaEventElapsed = 20.995071411132812 (ms)
[RANK2] W @ 1084.390380859375 (ms) to 1105.5712890625 (ms), cudaEventElapsed = 21.152767181396484 (ms)
[RANK2] B @ 1105.714111328125 (ms) to 1148.516357421875 (ms), cudaEventElapsed = 42.774654388427734 (ms)
[RANK2] 6W @ 1148.68505859375 (ms) to 1275.44140625 (ms), cudaEventElapsed = 126.72306823730469 (ms)
[RANK2] Iteration 4
[RANK2] F @ 63.845458984375 (ms) to 95.865234375 (ms), cudaEventElapsed = 31.9803524017334 (ms)
[RANK2] F @ 98.5556640625 (ms) to 132.688720703125 (ms), cudaEventElapsed = 34.096736907958984 (ms)
[RANK2] F @ 134.96337890625 (ms) to 172.111572265625 (ms), cudaEventElapsed = 37.10883331298828 (ms)
[RANK2] B @ 177.04443359375 (ms) to 222.875732421875 (ms), cudaEventElapsed = 45.79216003417969 (ms)
[RANK2] F @ 223.31591796875 (ms) to 258.7265625 (ms), cudaEventElapsed = 35.37206268310547 (ms)
[RANK2] B @ 259.074951171875 (ms) to 304.293701171875 (ms), cudaEventElapsed = 45.18016052246094 (ms)
[RANK2] F @ 305.6357421875 (ms) to 340.95654296875 (ms), cudaEventElapsed = 35.286014556884766 (ms)
[RANK2] B @ 341.298828125 (ms) to 386.450439453125 (ms), cudaEventElapsed = 45.12140655517578 (ms)
[RANK2] F @ 387.825927734375 (ms) to 422.894775390625 (ms), cudaEventElapsed = 35.0346565246582 (ms)
[RANK2] B @ 423.232421875 (ms) to 468.352783203125 (ms), cudaEventElapsed = 45.08979034423828 (ms)
[RANK2] F @ 469.831787109375 (ms) to 504.76318359375 (ms), cudaEventElapsed = 34.89267349243164 (ms)
[RANK2] B @ 505.096923828125 (ms) to 550.3671875 (ms), cudaEventElapsed = 45.24086380004883 (ms)
[RANK2] F @ 550.724365234375 (ms) to 586.037353515625 (ms), cudaEventElapsed = 35.278785705566406 (ms)
[RANK2] B @ 586.435546875 (ms) to 631.621826171875 (ms), cudaEventElapsed = 45.14720153808594 (ms)
[RANK2] W @ 631.879150390625 (ms) to 654.926025390625 (ms), cudaEventElapsed = 23.015424728393555 (ms)
[RANK2] F @ 655.085693359375 (ms) to 692.49462890625 (ms), cudaEventElapsed = 37.373374938964844 (ms)
[RANK2] B @ 693.94189453125 (ms) to 739.99462890625 (ms), cudaEventElapsed = 46.02342224121094 (ms)
[RANK2] B @ 741.3056640625 (ms) to 785.864013671875 (ms), cudaEventElapsed = 44.52598571777344 (ms)
[RANK2] W @ 786.03955078125 (ms) to 809.383544921875 (ms), cudaEventElapsed = 23.311359405517578 (ms)
[RANK2] F @ 809.654052734375 (ms) to 846.740234375 (ms), cudaEventElapsed = 37.05830383300781 (ms)
[RANK2] B @ 847.052734375 (ms) to 893.46435546875 (ms), cudaEventElapsed = 46.38185501098633 (ms)
[RANK2] W @ 893.6845703125 (ms) to 921.449462890625 (ms), cudaEventElapsed = 26.72537612915039 (ms)
[RANK2] F @ 921.75146484375 (ms) to 967.866455078125 (ms), cudaEventElapsed = 46.08390426635742 (ms)
[RANK2] B @ 968.179443359375 (ms) to 1015.8994140625 (ms), cudaEventElapsed = 47.688350677490234 (ms)
[RANK2] W @ 1016.134521484375 (ms) to 1040.830322265625 (ms), cudaEventElapsed = 23.672832489013672 (ms)
[RANK2] F @ 1041.126220703125 (ms) to 1078.497314453125 (ms), cudaEventElapsed = 37.33987045288086 (ms)
[RANK2] B @ 1078.804443359375 (ms) to 1125.07421875 (ms), cudaEventElapsed = 46.241024017333984 (ms)
[RANK2] W @ 1125.2333984375 (ms) to 1149.096923828125 (ms), cudaEventElapsed = 23.829504013061523 (ms)
[RANK2] W @ 1149.256591796875 (ms) to 1174.422119140625 (ms), cudaEventElapsed = 25.13715171813965 (ms)
[RANK2] B @ 1174.5576171875 (ms) to 1222.22412109375 (ms), cudaEventElapsed = 47.64003372192383 (ms)
[RANK2] 6W @ 1222.378662109375 (ms) to 1378.242431640625 (ms), cudaEventElapsed = 155.83334350585938 (ms)
[RANK2] Iteration 5
[RANK2] F @ 63.69775390625 (ms) to 95.841552734375 (ms), cudaEventElapsed = 32.10243225097656 (ms)
[RANK2] F @ 98.42578125 (ms) to 131.52880859375 (ms), cudaEventElapsed = 33.06476974487305 (ms)
[RANK2] F @ 135.306640625 (ms) to 171.014892578125 (ms), cudaEventElapsed = 35.672607421875 (ms)
[RANK2] B @ 175.99853515625 (ms) to 220.7041015625 (ms), cudaEventElapsed = 44.6646728515625 (ms)
[RANK2] F @ 221.09228515625 (ms) to 256.512939453125 (ms), cudaEventElapsed = 35.384063720703125 (ms)
[RANK2] B @ 256.845458984375 (ms) to 301.988525390625 (ms), cudaEventElapsed = 45.11315155029297 (ms)
[RANK2] F @ 303.305419921875 (ms) to 338.886962890625 (ms), cudaEventElapsed = 35.54646301269531 (ms)
[RANK2] B @ 339.21142578125 (ms) to 384.28173828125 (ms), cudaEventElapsed = 45.03955078125 (ms)
[RANK2] F @ 385.671875 (ms) to 421.00927734375 (ms), cudaEventElapsed = 35.30255889892578 (ms)
[RANK2] B @ 421.33349609375 (ms) to 466.79931640625 (ms), cudaEventElapsed = 45.42396926879883 (ms)
[RANK2] F @ 468.16064453125 (ms) to 503.5537109375 (ms), cudaEventElapsed = 35.35830307006836 (ms)
[RANK2] B @ 503.89306640625 (ms) to 549.365478515625 (ms), cudaEventElapsed = 45.44063949584961 (ms)
[RANK2] F @ 549.75390625 (ms) to 585.135498046875 (ms), cudaEventElapsed = 35.348384857177734 (ms)
[RANK2] B @ 585.55224609375 (ms) to 631.058349609375 (ms), cudaEventElapsed = 45.46713638305664 (ms)
[RANK2] W @ 631.334716796875 (ms) to 654.936279296875 (ms), cudaEventElapsed = 23.562240600585938 (ms)
[RANK2] F @ 655.098388671875 (ms) to 692.209716796875 (ms), cudaEventElapsed = 37.082176208496094 (ms)
[RANK2] B @ 693.627197265625 (ms) to 739.195068359375 (ms), cudaEventElapsed = 45.532894134521484 (ms)
[RANK2] B @ 740.52294921875 (ms) to 784.95556640625 (ms), cudaEventElapsed = 44.399166107177734 (ms)
[RANK2] W @ 785.12841796875 (ms) to 808.426025390625 (ms), cudaEventElapsed = 23.26323127746582 (ms)
[RANK2] F @ 808.70263671875 (ms) to 846.3857421875 (ms), cudaEventElapsed = 37.65507125854492 (ms)
[RANK2] B @ 846.693115234375 (ms) to 892.7060546875 (ms), cudaEventElapsed = 45.98044967651367 (ms)
[RANK2] W @ 892.92041015625 (ms) to 918.35986328125 (ms), cudaEventElapsed = 24.394752502441406 (ms)
[RANK2] F @ 918.66455078125 (ms) to 965.78564453125 (ms), cudaEventElapsed = 47.08950424194336 (ms)
[RANK2] B @ 966.09423828125 (ms) to 1014.484130859375 (ms), cudaEventElapsed = 48.359519958496094 (ms)
[RANK2] W @ 1014.71826171875 (ms) to 1039.229248046875 (ms), cudaEventElapsed = 23.49875259399414 (ms)
[RANK2] F @ 1039.5166015625 (ms) to 1078.25390625 (ms), cudaEventElapsed = 38.70710372924805 (ms)
[RANK2] B @ 1078.5458984375 (ms) to 1125.146728515625 (ms), cudaEventElapsed = 46.5722541809082 (ms)
[RANK2] W @ 1125.296875 (ms) to 1149.220458984375 (ms), cudaEventElapsed = 23.89401626586914 (ms)
[RANK2] W @ 1149.381591796875 (ms) to 1175.096923828125 (ms), cudaEventElapsed = 25.686016082763672 (ms)
[RANK2] B @ 1175.239990234375 (ms) to 1222.7724609375 (ms), cudaEventElapsed = 47.505855560302734 (ms)
[RANK2] 6W @ 1222.92626953125 (ms) to 1379.806884765625 (ms), cudaEventElapsed = 156.8522186279297 (ms)
[RANK2] Iteration 6
[RANK2] F @ 64.10107421875 (ms) to 96.2509765625 (ms), cudaEventElapsed = 32.11280059814453 (ms)
[RANK2] F @ 99.028564453125 (ms) to 131.887451171875 (ms), cudaEventElapsed = 32.822784423828125 (ms)
[RANK2] F @ 135.947265625 (ms) to 172.12255859375 (ms), cudaEventElapsed = 36.13670349121094 (ms)
[RANK2] B @ 176.348876953125 (ms) to 221.5810546875 (ms), cudaEventElapsed = 45.191070556640625 (ms)
[RANK2] F @ 221.955322265625 (ms) to 257.81787109375 (ms), cudaEventElapsed = 35.82777786254883 (ms)
[RANK2] B @ 258.14111328125 (ms) to 303.539794921875 (ms), cudaEventElapsed = 45.36800003051758 (ms)
[RANK2] F @ 304.976806640625 (ms) to 340.87451171875 (ms), cudaEventElapsed = 35.8616943359375 (ms)
[RANK2] B @ 341.198486328125 (ms) to 386.881103515625 (ms), cudaEventElapsed = 45.65212631225586 (ms)
[RANK2] F @ 388.284912109375 (ms) to 423.802490234375 (ms), cudaEventElapsed = 35.480224609375 (ms)
[RANK2] B @ 424.353515625 (ms) to 469.5380859375 (ms), cudaEventElapsed = 45.15340805053711 (ms)
[RANK2] F @ 471.12060546875 (ms) to 506.288818359375 (ms), cudaEventElapsed = 35.121246337890625 (ms)
[RANK2] B @ 506.62939453125 (ms) to 552.13525390625 (ms), cudaEventElapsed = 45.473793029785156 (ms)
[RANK2] F @ 552.524658203125 (ms) to 587.97314453125 (ms), cudaEventElapsed = 35.40480041503906 (ms)
[RANK2] B @ 588.379150390625 (ms) to 634.283203125 (ms), cudaEventElapsed = 45.868385314941406 (ms)
[RANK2] W @ 634.5703125 (ms) to 658.3349609375 (ms), cudaEventElapsed = 23.72915267944336 (ms)
[RANK2] F @ 658.495361328125 (ms) to 695.850341796875 (ms), cudaEventElapsed = 37.32592010498047 (ms)
[RANK2] B @ 697.248291015625 (ms) to 743.10693359375 (ms), cudaEventElapsed = 45.82361602783203 (ms)
[RANK2] B @ 744.6494140625 (ms) to 789.431396484375 (ms), cudaEventElapsed = 44.740577697753906 (ms)
[RANK2] W @ 789.64013671875 (ms) to 813.175537109375 (ms), cudaEventElapsed = 23.50079917907715 (ms)
[RANK2] F @ 813.48388671875 (ms) to 850.9267578125 (ms), cudaEventElapsed = 37.412353515625 (ms)
[RANK2] B @ 851.239990234375 (ms) to 897.26513671875 (ms), cudaEventElapsed = 45.994590759277344 (ms)
[RANK2] W @ 897.50439453125 (ms) to 922.39990234375 (ms), cudaEventElapsed = 23.86534309387207 (ms)
[RANK2] F @ 922.72265625 (ms) to 968.85009765625 (ms), cudaEventElapsed = 46.086944580078125 (ms)
[RANK2] B @ 969.179931640625 (ms) to 1017.432373046875 (ms), cudaEventElapsed = 48.221248626708984 (ms)
[RANK2] W @ 1017.672607421875 (ms) to 1042.106201171875 (ms), cudaEventElapsed = 23.417856216430664 (ms)
[RANK2] F @ 1042.412353515625 (ms) to 1080.561767578125 (ms), cudaEventElapsed = 38.11747360229492 (ms)
[RANK2] B @ 1080.8671875 (ms) to 1127.370849609375 (ms), cudaEventElapsed = 46.47372817993164 (ms)
[RANK2] W @ 1127.543212890625 (ms) to 1151.21337890625 (ms), cudaEventElapsed = 23.635967254638672 (ms)
[RANK2] W @ 1151.381591796875 (ms) to 1177.31005859375 (ms), cudaEventElapsed = 25.90003204345703 (ms)
[RANK2] B @ 1177.457275390625 (ms) to 1225.127685546875 (ms), cudaEventElapsed = 47.64262390136719 (ms)
[RANK2] 6W @ 1225.292236328125 (ms) to 1382.363037109375 (ms), cudaEventElapsed = 157.04165649414062 (ms)
[RANK2] Iteration 7
[RANK2] F @ 59.408935546875 (ms) to 89.6328125 (ms), cudaEventElapsed = 30.185728073120117 (ms)
[RANK2] F @ 92.16748046875 (ms) to 124.85888671875 (ms), cudaEventElapsed = 32.652767181396484 (ms)
[RANK2] F @ 127.0986328125 (ms) to 162.419677734375 (ms), cudaEventElapsed = 35.282718658447266 (ms)
[RANK2] F @ 162.84765625 (ms) to 197.962890625 (ms), cudaEventElapsed = 35.07929611206055 (ms)
[RANK2] F @ 198.58935546875 (ms) to 233.739013671875 (ms), cudaEventElapsed = 35.114688873291016 (ms)
[RANK2] F @ 234.138916015625 (ms) to 269.26025390625 (ms), cudaEventElapsed = 35.08649444580078 (ms)
[RANK2] F @ 269.686767578125 (ms) to 304.626220703125 (ms), cudaEventElapsed = 34.9031982421875 (ms)
[RANK2] F @ 304.964599609375 (ms) to 339.02392578125 (ms), cudaEventElapsed = 34.02617645263672 (ms)
[RANK2] F @ 340.803955078125 (ms) to 375.00244140625 (ms), cudaEventElapsed = 34.16019058227539 (ms)
[RANK2] F @ 376.73779296875 (ms) to 410.952392578125 (ms), cudaEventElapsed = 34.17407989501953 (ms)
[RANK2] F @ 412.58447265625 (ms) to 446.84716796875 (ms), cudaEventElapsed = 34.223968505859375 (ms)
[RANK2] F @ 448.522216796875 (ms) to 482.283203125 (ms), cudaEventElapsed = 33.725406646728516 (ms)
