[RANK3] Iteration 1
[RANK3] F @ 1305.771728515625 (ms) to 2020.2177734375 (ms), cudaEventElapsed = 714.3997192382812 (ms)
[RANK3] B @ 2020.6474609375 (ms) to 2085.3486328125 (ms), cudaEventElapsed = 64.67481231689453 (ms)
[RANK3] F @ 2086.6240234375 (ms) to 2116.723388671875 (ms), cudaEventElapsed = 30.077951431274414 (ms)
[RANK3] B @ 2117.0166015625 (ms) to 2154.38427734375 (ms), cudaEventElapsed = 37.34425735473633 (ms)
[RANK3] F @ 2155.690185546875 (ms) to 2187.57177734375 (ms), cudaEventElapsed = 31.860736846923828 (ms)
[RANK3] B @ 2187.83740234375 (ms) to 2225.99169921875 (ms), cudaEventElapsed = 38.13273620605469 (ms)
[RANK3] F @ 2227.2197265625 (ms) to 2259.165771484375 (ms), cudaEventElapsed = 31.920127868652344 (ms)
[RANK3] B @ 2259.44091796875 (ms) to 2297.357666015625 (ms), cudaEventElapsed = 37.89209747314453 (ms)
[RANK3] F @ 2298.619140625 (ms) to 2330.41455078125 (ms), cudaEventElapsed = 31.773696899414062 (ms)
[RANK3] B @ 2330.689453125 (ms) to 2368.9873046875 (ms), cudaEventElapsed = 38.2740478515625 (ms)
[RANK3] F @ 2370.304443359375 (ms) to 2402.64404296875 (ms), cudaEventElapsed = 32.308223724365234 (ms)
[RANK3] B @ 2402.93310546875 (ms) to 2440.59375 (ms), cudaEventElapsed = 37.63404846191406 (ms)
[RANK3] F @ 2443.091552734375 (ms) to 2475.305419921875 (ms), cudaEventElapsed = 32.19148635864258 (ms)
[RANK3] B @ 2475.593994140625 (ms) to 2512.766357421875 (ms), cudaEventElapsed = 37.1486701965332 (ms)
[RANK3] F @ 2524.5166015625 (ms) to 2554.9306640625 (ms), cudaEventElapsed = 30.39232063293457 (ms)
[RANK3] B @ 2555.203369140625 (ms) to 2592.481201171875 (ms), cudaEventElapsed = 37.25516891479492 (ms)
[RANK3] F @ 2604.328369140625 (ms) to 2634.685302734375 (ms), cudaEventElapsed = 30.333951950073242 (ms)
[RANK3] B @ 2634.975341796875 (ms) to 2672.180908203125 (ms), cudaEventElapsed = 37.18348693847656 (ms)
[RANK3] F @ 2682.386474609375 (ms) to 2712.762451171875 (ms), cudaEventElapsed = 30.35443115234375 (ms)
[RANK3] B @ 2713.060546875 (ms) to 2750.033203125 (ms), cudaEventElapsed = 36.950016021728516 (ms)
[RANK3] F @ 2762.255859375 (ms) to 2792.6298828125 (ms), cudaEventElapsed = 30.351360321044922 (ms)
[RANK3] B @ 2792.834228515625 (ms) to 2829.529296875 (ms), cudaEventElapsed = 36.67046356201172 (ms)
[RANK3] F @ 2843.805908203125 (ms) to 2874.141357421875 (ms), cudaEventElapsed = 30.314495086669922 (ms)
[RANK3] B @ 2874.34375 (ms) to 2911.498779296875 (ms), cudaEventElapsed = 37.131263732910156 (ms)
[RANK3] 12W @ 2913.41650390625 (ms) to 3157.975341796875 (ms), cudaEventElapsed = 244.52915954589844 (ms)
[RANK3] Iteration 2
[RANK3] F @ 103.791015625 (ms) to 133.84228515625 (ms), cudaEventElapsed = 30.026752471923828 (ms)
[RANK3] B @ 134.15234375 (ms) to 171.90234375 (ms), cudaEventElapsed = 37.7262077331543 (ms)
[RANK3] F @ 173.193115234375 (ms) to 206.959716796875 (ms), cudaEventElapsed = 33.743873596191406 (ms)
[RANK3] B @ 207.23876953125 (ms) to 245.942138671875 (ms), cudaEventElapsed = 38.68057632446289 (ms)
[RANK3] F @ 247.207763671875 (ms) to 280.589111328125 (ms), cudaEventElapsed = 33.360897064208984 (ms)
[RANK3] B @ 280.872802734375 (ms) to 319.626220703125 (ms), cudaEventElapsed = 38.730751037597656 (ms)
[RANK3] F @ 320.85400390625 (ms) to 354.23681640625 (ms), cudaEventElapsed = 33.36191940307617 (ms)
[RANK3] B @ 354.521240234375 (ms) to 393.4970703125 (ms), cudaEventElapsed = 38.95296096801758 (ms)
[RANK3] F @ 394.75341796875 (ms) to 428.3466796875 (ms), cudaEventElapsed = 33.57081604003906 (ms)
[RANK3] B @ 428.642333984375 (ms) to 466.84326171875 (ms), cudaEventElapsed = 38.1767692565918 (ms)
[RANK3] F @ 470.266845703125 (ms) to 502.971923828125 (ms), cudaEventElapsed = 32.681983947753906 (ms)
[RANK3] B @ 503.251220703125 (ms) to 541.89892578125 (ms), cudaEventElapsed = 38.62220764160156 (ms)
[RANK3] F @ 552.68212890625 (ms) to 584.4140625 (ms), cudaEventElapsed = 31.708160400390625 (ms)
[RANK3] B @ 584.714599609375 (ms) to 622.958251953125 (ms), cudaEventElapsed = 38.21977615356445 (ms)
[RANK3] F @ 637.071533203125 (ms) to 668.39990234375 (ms), cudaEventElapsed = 31.306751251220703 (ms)
[RANK3] B @ 668.687744140625 (ms) to 706.0205078125 (ms), cudaEventElapsed = 37.310462951660156 (ms)
[RANK3] F @ 816.547607421875 (ms) to 846.560302734375 (ms), cudaEventElapsed = 29.98579216003418 (ms)
[RANK3] B @ 846.88134765625 (ms) to 883.7548828125 (ms), cudaEventElapsed = 36.84249496459961 (ms)
[RANK3] F @ 898.556884765625 (ms) to 929.671875 (ms), cudaEventElapsed = 31.090688705444336 (ms)
[RANK3] B @ 929.98046875 (ms) to 966.955322265625 (ms), cudaEventElapsed = 36.9510383605957 (ms)
[RANK3] F @ 982.687744140625 (ms) to 1013.889892578125 (ms), cudaEventElapsed = 31.17977523803711 (ms)
[RANK3] B @ 1014.096435546875 (ms) to 1052.47412109375 (ms), cudaEventElapsed = 38.354942321777344 (ms)
[RANK3] F @ 1067.942138671875 (ms) to 1098.88671875 (ms), cudaEventElapsed = 30.922752380371094 (ms)
[RANK3] B @ 1099.0966796875 (ms) to 1136.9921875 (ms), cudaEventElapsed = 37.87161636352539 (ms)
[RANK3] 12W @ 1138.761474609375 (ms) to 1425.676513671875 (ms), cudaEventElapsed = 286.59405517578125 (ms)
[RANK3] Iteration 3
[RANK3] F @ 163.430908203125 (ms) to 193.409423828125 (ms), cudaEventElapsed = 29.95302391052246 (ms)
[RANK3] B @ 193.71923828125 (ms) to 230.7275390625 (ms), cudaEventElapsed = 36.98380661010742 (ms)
[RANK3] F @ 232.121337890625 (ms) to 265.833984375 (ms), cudaEventElapsed = 33.68960189819336 (ms)
[RANK3] B @ 266.06005859375 (ms) to 304.74462890625 (ms), cudaEventElapsed = 38.65292739868164 (ms)
[RANK3] F @ 306.146240234375 (ms) to 339.66650390625 (ms), cudaEventElapsed = 33.49708938598633 (ms)
[RANK3] B @ 339.8779296875 (ms) to 378.728759765625 (ms), cudaEventElapsed = 38.82700729370117 (ms)
[RANK3] F @ 380.048583984375 (ms) to 413.30859375 (ms), cudaEventElapsed = 33.23699188232422 (ms)
[RANK3] B @ 413.51806640625 (ms) to 451.97998046875 (ms), cudaEventElapsed = 38.43686294555664 (ms)
[RANK3] F @ 453.212646484375 (ms) to 486.359375 (ms), cudaEventElapsed = 33.126399993896484 (ms)
[RANK3] B @ 486.661865234375 (ms) to 525.3916015625 (ms), cudaEventElapsed = 38.70515060424805 (ms)
[RANK3] F @ 526.720947265625 (ms) to 560.464599609375 (ms), cudaEventElapsed = 33.719295501708984 (ms)
[RANK3] B @ 560.676513671875 (ms) to 599.12158203125 (ms), cudaEventElapsed = 38.421504974365234 (ms)
[RANK3] W @ 599.9140625 (ms) to 621.181396484375 (ms), cudaEventElapsed = 21.24492835998535 (ms)
[RANK3] F @ 621.989501953125 (ms) to 656.00732421875 (ms), cudaEventElapsed = 33.99679946899414 (ms)
[RANK3] B @ 656.216064453125 (ms) to 695.23291015625 (ms), cudaEventElapsed = 38.993919372558594 (ms)
[RANK3] W @ 695.996337890625 (ms) to 717.777099609375 (ms), cudaEventElapsed = 21.758975982666016 (ms)
[RANK3] F @ 718.55029296875 (ms) to 753.159423828125 (ms), cudaEventElapsed = 34.58867263793945 (ms)
[RANK3] B @ 753.356689453125 (ms) to 792.5439453125 (ms), cudaEventElapsed = 39.1649284362793 (ms)
[RANK3] W @ 793.304931640625 (ms) to 814.678466796875 (ms), cudaEventElapsed = 21.350400924682617 (ms)
[RANK3] F @ 815.462158203125 (ms) to 850.931884765625 (ms), cudaEventElapsed = 35.44985580444336 (ms)
[RANK3] B @ 851.2099609375 (ms) to 890.73779296875 (ms), cudaEventElapsed = 39.50284957885742 (ms)
[RANK3] F @ 893.097412109375 (ms) to 926.669189453125 (ms), cudaEventElapsed = 33.53907012939453 (ms)
[RANK3] B @ 927.003662109375 (ms) to 966.131591796875 (ms), cudaEventElapsed = 39.09324645996094 (ms)
[RANK3] F @ 967.653076171875 (ms) to 1001.83544921875 (ms), cudaEventElapsed = 34.15244674682617 (ms)
[RANK3] B @ 1002.138916015625 (ms) to 1043.681884765625 (ms), cudaEventElapsed = 41.51500701904297 (ms)
[RANK3] W @ 1044.463134765625 (ms) to 1069.514404296875 (ms), cudaEventElapsed = 25.028608322143555 (ms)
[RANK3] F @ 1070.31884765625 (ms) to 1107.141845703125 (ms), cudaEventElapsed = 36.801536560058594 (ms)
[RANK3] B @ 1107.353271484375 (ms) to 1147.147705078125 (ms), cudaEventElapsed = 39.772159576416016 (ms)
[RANK3] 8W @ 1149.017333984375 (ms) to 1344.142822265625 (ms), cudaEventElapsed = 195.0945281982422 (ms)
[RANK3] Iteration 4
[RANK3] F @ 163.8251953125 (ms) to 193.915771484375 (ms), cudaEventElapsed = 30.065664291381836 (ms)
[RANK3] B @ 194.252685546875 (ms) to 230.62451171875 (ms), cudaEventElapsed = 36.34483337402344 (ms)
[RANK3] F @ 232.04296875 (ms) to 264.85693359375 (ms), cudaEventElapsed = 32.79052734375 (ms)
[RANK3] B @ 265.10400390625 (ms) to 304.220947265625 (ms), cudaEventElapsed = 39.09120178222656 (ms)
[RANK3] F @ 305.61669921875 (ms) to 339.33544921875 (ms), cudaEventElapsed = 33.69676971435547 (ms)
[RANK3] B @ 339.551513671875 (ms) to 378.680419921875 (ms), cudaEventElapsed = 39.10553741455078 (ms)
[RANK3] F @ 380.02392578125 (ms) to 413.721435546875 (ms), cudaEventElapsed = 33.675262451171875 (ms)
[RANK3] B @ 413.947021484375 (ms) to 452.343017578125 (ms), cudaEventElapsed = 38.372352600097656 (ms)
[RANK3] F @ 453.6103515625 (ms) to 486.41552734375 (ms), cudaEventElapsed = 32.78028869628906 (ms)
[RANK3] B @ 486.726318359375 (ms) to 525.42138671875 (ms), cudaEventElapsed = 38.67136001586914 (ms)
[RANK3] F @ 526.73046875 (ms) to 560.690673828125 (ms), cudaEventElapsed = 33.93843078613281 (ms)
[RANK3] B @ 560.8916015625 (ms) to 599.859375 (ms), cudaEventElapsed = 38.94579315185547 (ms)
[RANK3] W @ 600.62109375 (ms) to 622.0576171875 (ms), cudaEventElapsed = 21.413888931274414 (ms)
[RANK3] F @ 622.828125 (ms) to 658.033935546875 (ms), cudaEventElapsed = 35.185665130615234 (ms)
[RANK3] B @ 658.2333984375 (ms) to 697.72900390625 (ms), cudaEventElapsed = 39.47315216064453 (ms)
[RANK3] W @ 698.495849609375 (ms) to 719.83935546875 (ms), cudaEventElapsed = 21.321727752685547 (ms)
[RANK3] F @ 720.62109375 (ms) to 756.32568359375 (ms), cudaEventElapsed = 35.68435287475586 (ms)
[RANK3] B @ 756.521728515625 (ms) to 796.094482421875 (ms), cudaEventElapsed = 39.55097579956055 (ms)
[RANK3] W @ 796.849365234375 (ms) to 818.20703125 (ms), cudaEventElapsed = 21.336063385009766 (ms)
[RANK3] F @ 818.9716796875 (ms) to 854.681884765625 (ms), cudaEventElapsed = 35.68844985961914 (ms)
[RANK3] B @ 854.960693359375 (ms) to 894.32373046875 (ms), cudaEventElapsed = 39.34105682373047 (ms)
[RANK3] F @ 896.123046875 (ms) to 929.602294921875 (ms), cudaEventElapsed = 33.4571533203125 (ms)
[RANK3] B @ 929.80224609375 (ms) to 968.313720703125 (ms), cudaEventElapsed = 38.48908615112305 (ms)
[RANK3] F @ 969.5458984375 (ms) to 1002.59423828125 (ms), cudaEventElapsed = 33.02604675292969 (ms)
[RANK3] B @ 1002.782958984375 (ms) to 1044.493408203125 (ms), cudaEventElapsed = 41.6890869140625 (ms)
[RANK3] W @ 1045.230224609375 (ms) to 1070.362548828125 (ms), cudaEventElapsed = 25.11257553100586 (ms)
[RANK3] F @ 1071.12744140625 (ms) to 1107.053466796875 (ms), cudaEventElapsed = 35.90553665161133 (ms)
[RANK3] B @ 1107.254638671875 (ms) to 1146.80419921875 (ms), cudaEventElapsed = 39.52742385864258 (ms)
[RANK3] 8W @ 1148.57568359375 (ms) to 1342.77783203125 (ms), cudaEventElapsed = 194.17701721191406 (ms)
[RANK3] Iteration 5
[RANK3] F @ 165.048095703125 (ms) to 195.123046875 (ms), cudaEventElapsed = 30.051328659057617 (ms)
[RANK3] B @ 195.429443359375 (ms) to 232.83447265625 (ms), cudaEventElapsed = 37.3831672668457 (ms)
[RANK3] F @ 234.198486328125 (ms) to 267.78759765625 (ms), cudaEventElapsed = 33.567745208740234 (ms)
[RANK3] B @ 268.012451171875 (ms) to 306.63525390625 (ms), cudaEventElapsed = 38.59968185424805 (ms)
[RANK3] F @ 307.9755859375 (ms) to 341.086669921875 (ms), cudaEventElapsed = 33.089534759521484 (ms)
[RANK3] B @ 341.294189453125 (ms) to 379.934814453125 (ms), cudaEventElapsed = 38.617088317871094 (ms)
[RANK3] F @ 381.275390625 (ms) to 414.722412109375 (ms), cudaEventElapsed = 33.42643356323242 (ms)
[RANK3] B @ 414.949462890625 (ms) to 454.0419921875 (ms), cudaEventElapsed = 39.06867218017578 (ms)
[RANK3] F @ 455.321044921875 (ms) to 489.1962890625 (ms), cudaEventElapsed = 33.85343933105469 (ms)
[RANK3] B @ 489.49560546875 (ms) to 528.0810546875 (ms), cudaEventElapsed = 38.563838958740234 (ms)
[RANK3] F @ 529.33935546875 (ms) to 562.588134765625 (ms), cudaEventElapsed = 33.22675323486328 (ms)
[RANK3] B @ 562.804443359375 (ms) to 601.5966796875 (ms), cudaEventElapsed = 38.7696647644043 (ms)
[RANK3] W @ 602.367431640625 (ms) to 623.9189453125 (ms), cudaEventElapsed = 21.529600143432617 (ms)
[RANK3] F @ 624.696044921875 (ms) to 659.16064453125 (ms), cudaEventElapsed = 34.44428634643555 (ms)
[RANK3] B @ 659.36328125 (ms) to 698.43603515625 (ms), cudaEventElapsed = 39.05023956298828 (ms)
[RANK3] W @ 699.214111328125 (ms) to 720.382568359375 (ms), cudaEventElapsed = 21.146623611450195 (ms)
[RANK3] F @ 721.14892578125 (ms) to 756.43896484375 (ms), cudaEventElapsed = 35.269630432128906 (ms)
[RANK3] B @ 756.64990234375 (ms) to 796.305419921875 (ms), cudaEventElapsed = 39.63391876220703 (ms)
[RANK3] W @ 797.0986328125 (ms) to 818.43798828125 (ms), cudaEventElapsed = 21.3176326751709 (ms)
[RANK3] F @ 819.22998046875 (ms) to 854.79248046875 (ms), cudaEventElapsed = 35.540992736816406 (ms)
[RANK3] B @ 855.085693359375 (ms) to 894.631591796875 (ms), cudaEventElapsed = 39.52230453491211 (ms)
[RANK3] F @ 895.968505859375 (ms) to 930.2177734375 (ms), cudaEventElapsed = 34.22822570800781 (ms)
[RANK3] B @ 930.4130859375 (ms) to 968.795166015625 (ms), cudaEventElapsed = 38.359039306640625 (ms)
[RANK3] F @ 970.032958984375 (ms) to 1003.1572265625 (ms), cudaEventElapsed = 33.1038703918457 (ms)
[RANK3] B @ 1003.371337890625 (ms) to 1046.8134765625 (ms), cudaEventElapsed = 43.419647216796875 (ms)
[RANK3] W @ 1047.5849609375 (ms) to 1072.9912109375 (ms), cudaEventElapsed = 25.384960174560547 (ms)
[RANK3] F @ 1073.762939453125 (ms) to 1110.453125 (ms), cudaEventElapsed = 36.66944122314453 (ms)
[RANK3] B @ 1110.656494140625 (ms) to 1150.176025390625 (ms), cudaEventElapsed = 39.49772644042969 (ms)
[RANK3] 8W @ 1152.0068359375 (ms) to 1343.428466796875 (ms), cudaEventElapsed = 191.3948211669922 (ms)
[RANK3] Iteration 6
[RANK3] F @ 165.698486328125 (ms) to 195.87890625 (ms), cudaEventElapsed = 30.153728485107422 (ms)
[RANK3] B @ 196.207275390625 (ms) to 232.9150390625 (ms), cudaEventElapsed = 36.68377685546875 (ms)
[RANK3] F @ 234.31591796875 (ms) to 267.556396484375 (ms), cudaEventElapsed = 33.21651077270508 (ms)
[RANK3] B @ 267.78564453125 (ms) to 306.58056640625 (ms), cudaEventElapsed = 38.77171325683594 (ms)
[RANK3] F @ 307.957275390625 (ms) to 341.520751953125 (ms), cudaEventElapsed = 33.540096282958984 (ms)
[RANK3] B @ 341.740234375 (ms) to 380.939697265625 (ms), cudaEventElapsed = 39.175167083740234 (ms)
[RANK3] F @ 382.282470703125 (ms) to 416.031494140625 (ms), cudaEventElapsed = 33.72748947143555 (ms)
[RANK3] B @ 416.252685546875 (ms) to 454.518310546875 (ms), cudaEventElapsed = 38.2371826171875 (ms)
[RANK3] F @ 455.793701171875 (ms) to 488.88916015625 (ms), cudaEventElapsed = 33.07212829589844 (ms)
[RANK3] B @ 489.181396484375 (ms) to 527.935791015625 (ms), cudaEventElapsed = 38.73177719116211 (ms)
[RANK3] F @ 529.234375 (ms) to 563.051513671875 (ms), cudaEventElapsed = 33.78483200073242 (ms)
[RANK3] B @ 563.259765625 (ms) to 602.29248046875 (ms), cudaEventElapsed = 39.01030349731445 (ms)
[RANK3] W @ 603.06640625 (ms) to 624.370361328125 (ms), cudaEventElapsed = 21.28281593322754 (ms)
[RANK3] F @ 625.18017578125 (ms) to 660.4775390625 (ms), cudaEventElapsed = 35.276798248291016 (ms)
[RANK3] B @ 660.6875 (ms) to 700.184814453125 (ms), cudaEventElapsed = 39.47417449951172 (ms)
[RANK3] W @ 700.9716796875 (ms) to 722.32373046875 (ms), cudaEventElapsed = 21.329919815063477 (ms)
[RANK3] F @ 723.110107421875 (ms) to 758.916015625 (ms), cudaEventElapsed = 35.78470230102539 (ms)
[RANK3] B @ 759.117431640625 (ms) to 798.712890625 (ms), cudaEventElapsed = 39.572479248046875 (ms)
[RANK3] W @ 799.480224609375 (ms) to 820.856201171875 (ms), cudaEventElapsed = 21.355520248413086 (ms)
[RANK3] F @ 821.6328125 (ms) to 857.519775390625 (ms), cudaEventElapsed = 35.86662292480469 (ms)
[RANK3] B @ 857.8125 (ms) to 897.228515625 (ms), cudaEventElapsed = 39.39430236816406 (ms)
[RANK3] F @ 899.079345703125 (ms) to 932.5517578125 (ms), cudaEventElapsed = 33.45100784301758 (ms)
[RANK3] B @ 932.7490234375 (ms) to 971.512939453125 (ms), cudaEventElapsed = 38.74201583862305 (ms)
[RANK3] F @ 972.766357421875 (ms) to 1006.103515625 (ms), cudaEventElapsed = 33.31584167480469 (ms)
[RANK3] B @ 1006.31494140625 (ms) to 1047.834716796875 (ms), cudaEventElapsed = 41.49760055541992 (ms)
[RANK3] W @ 1048.604736328125 (ms) to 1073.440185546875 (ms), cudaEventElapsed = 24.814592361450195 (ms)
[RANK3] F @ 1074.23388671875 (ms) to 1110.007568359375 (ms), cudaEventElapsed = 35.75193786621094 (ms)
[RANK3] B @ 1110.214111328125 (ms) to 1149.65283203125 (ms), cudaEventElapsed = 39.40556716918945 (ms)
[RANK3] 8W @ 1151.493896484375 (ms) to 1344.708251953125 (ms), cudaEventElapsed = 193.18885803222656 (ms)
[RANK3] Iteration 7
[RANK3] F @ 165.663818359375 (ms) to 195.682861328125 (ms), cudaEventElapsed = 29.99500846862793 (ms)
[RANK3] B @ 195.996826171875 (ms) to 233.14794921875 (ms), cudaEventElapsed = 37.12819290161133 (ms)
[RANK3] F @ 234.532470703125 (ms) to 267.974365234375 (ms), cudaEventElapsed = 33.41926574707031 (ms)
[RANK3] B @ 268.192138671875 (ms) to 306.845703125 (ms), cudaEventElapsed = 38.62937545776367 (ms)
[RANK3] F @ 308.22021484375 (ms) to 341.4423828125 (ms), cudaEventElapsed = 33.20115280151367 (ms)
[RANK3] B @ 341.64794921875 (ms) to 380.556884765625 (ms), cudaEventElapsed = 38.88639831542969 (ms)
[RANK3] F @ 381.923095703125 (ms) to 415.743896484375 (ms), cudaEventElapsed = 33.800193786621094 (ms)
[RANK3] B @ 415.967041015625 (ms) to 454.612060546875 (ms), cudaEventElapsed = 38.621185302734375 (ms)
[RANK3] F @ 455.893310546875 (ms) to 489.14794921875 (ms), cudaEventElapsed = 33.23289489746094 (ms)
[RANK3] B @ 489.449462890625 (ms) to 528.229736328125 (ms), cudaEventElapsed = 38.75737762451172 (ms)
[RANK3] F @ 529.500732421875 (ms) to 563.571533203125 (ms), cudaEventElapsed = 34.050048828125 (ms)
[RANK3] B @ 563.779052734375 (ms) to 603.237060546875 (ms), cudaEventElapsed = 39.435264587402344 (ms)
[RANK3] W @ 604.0146484375 (ms) to 625.649169921875 (ms), cudaEventElapsed = 21.6125431060791 (ms)
[RANK3] F @ 626.44580078125 (ms) to 661.923828125 (ms), cudaEventElapsed = 35.45600128173828 (ms)
[RANK3] B @ 662.133544921875 (ms) to 701.50732421875 (ms), cudaEventElapsed = 39.349246978759766 (ms)
[RANK3] W @ 702.3056640625 (ms) to 723.701171875 (ms), cudaEventElapsed = 21.371904373168945 (ms)
[RANK3] F @ 724.49072265625 (ms) to 760.486328125 (ms), cudaEventElapsed = 35.976192474365234 (ms)
[RANK3] B @ 760.689697265625 (ms) to 800.2880859375 (ms), cudaEventElapsed = 39.57555389404297 (ms)
[RANK3] W @ 801.05712890625 (ms) to 822.52197265625 (ms), cudaEventElapsed = 21.44256019592285 (ms)
[RANK3] F @ 823.303955078125 (ms) to 859.3779296875 (ms), cudaEventElapsed = 36.05299377441406 (ms)
[RANK3] B @ 859.669677734375 (ms) to 898.8349609375 (ms), cudaEventElapsed = 39.142398834228516 (ms)
[RANK3] F @ 900.712890625 (ms) to 934.068359375 (ms), cudaEventElapsed = 33.33427047729492 (ms)
[RANK3] B @ 934.27099609375 (ms) to 973.21142578125 (ms), cudaEventElapsed = 38.91814422607422 (ms)
[RANK3] F @ 974.455810546875 (ms) to 1008.042724609375 (ms), cudaEventElapsed = 33.565696716308594 (ms)
[RANK3] B @ 1008.24560546875 (ms) to 1050.17578125 (ms), cudaEventElapsed = 41.90822219848633 (ms)
[RANK3] W @ 1050.9306640625 (ms) to 1075.367431640625 (ms), cudaEventElapsed = 24.415231704711914 (ms)
[RANK3] F @ 1076.134033203125 (ms) to 1111.8681640625 (ms), cudaEventElapsed = 35.7130241394043 (ms)
[RANK3] B @ 1112.06689453125 (ms) to 1151.52197265625 (ms), cudaEventElapsed = 39.4332160949707 (ms)
[RANK3] 8W @ 1153.3603515625 (ms) to 1346.183837890625 (ms), cudaEventElapsed = 192.79769897460938 (ms)
[RANK3] Iteration 8
[RANK3] F @ 163.693603515625 (ms) to 193.955810546875 (ms), cudaEventElapsed = 30.235647201538086 (ms)
[RANK3] B @ 194.291259765625 (ms) to 231.403564453125 (ms), cudaEventElapsed = 37.08620834350586 (ms)
[RANK3] F @ 232.8271484375 (ms) to 266.474853515625 (ms), cudaEventElapsed = 33.62303924560547 (ms)
[RANK3] B @ 266.714599609375 (ms) to 306.00390625 (ms), cudaEventElapsed = 39.26425552368164 (ms)
[RANK3] F @ 307.38671875 (ms) to 341.5 (ms), cudaEventElapsed = 34.081790924072266 (ms)
[RANK3] B @ 341.716552734375 (ms) to 380.322265625 (ms), cudaEventElapsed = 38.582271575927734 (ms)
[RANK3] F @ 381.636962890625 (ms) to 414.81494140625 (ms), cudaEventElapsed = 33.156097412109375 (ms)
[RANK3] B @ 415.041015625 (ms) to 453.8505859375 (ms), cudaEventElapsed = 38.784000396728516 (ms)
[RANK3] F @ 455.142822265625 (ms) to 488.716064453125 (ms), cudaEventElapsed = 33.55033493041992 (ms)
[RANK3] B @ 489.01904296875 (ms) to 528.125244140625 (ms), cudaEventElapsed = 39.0830078125 (ms)
[RANK3] F @ 529.474365234375 (ms) to 563.702392578125 (ms), cudaEventElapsed = 34.20774459838867 (ms)
[RANK3] B @ 563.906982421875 (ms) to 602.099609375 (ms), cudaEventElapsed = 38.16960144042969 (ms)
[RANK3] W @ 602.87255859375 (ms) to 623.685302734375 (ms), cudaEventElapsed = 20.790271759033203 (ms)
[RANK3] F @ 624.501708984375 (ms) to 659.314697265625 (ms), cudaEventElapsed = 34.79244613647461 (ms)
[RANK3] B @ 659.520263671875 (ms) to 698.96533203125 (ms), cudaEventElapsed = 39.422977447509766 (ms)
[RANK3] W @ 699.7548828125 (ms) to 721.29443359375 (ms), cudaEventElapsed = 21.519359588623047 (ms)
[RANK3] F @ 722.09521484375 (ms) to 756.547607421875 (ms), cudaEventElapsed = 34.43097686767578 (ms)
[RANK3] B @ 756.758544921875 (ms) to 795.916259765625 (ms), cudaEventElapsed = 39.135231018066406 (ms)
[RANK3] W @ 796.71728515625 (ms) to 818.446533203125 (ms), cudaEventElapsed = 21.70675277709961 (ms)
[RANK3] F @ 819.253662109375 (ms) to 853.7734375 (ms), cudaEventElapsed = 34.49958419799805 (ms)
[RANK3] B @ 854.074462890625 (ms) to 892.943359375 (ms), cudaEventElapsed = 38.84748840332031 (ms)
[RANK3] F @ 894.839599609375 (ms) to 928.3408203125 (ms), cudaEventElapsed = 33.47865676879883 (ms)
[RANK3] B @ 928.547119140625 (ms) to 967.86474609375 (ms), cudaEventElapsed = 39.29497528076172 (ms)
[RANK3] F @ 969.11376953125 (ms) to 1003.044677734375 (ms), cudaEventElapsed = 33.91078567504883 (ms)
[RANK3] B @ 1003.24267578125 (ms) to 1043.873779296875 (ms), cudaEventElapsed = 40.608768463134766 (ms)
[RANK3] W @ 1044.644775390625 (ms) to 1068.816162109375 (ms), cudaEventElapsed = 24.147968292236328 (ms)
[RANK3] F @ 1069.608154296875 (ms) to 1107.0810546875 (ms), cudaEventElapsed = 37.45177459716797 (ms)
[RANK3] B @ 1107.285888671875 (ms) to 1147.455322265625 (ms), cudaEventElapsed = 40.146942138671875 (ms)
[RANK3] 8W @ 1149.296875 (ms) to 1345.915283203125 (ms), cudaEventElapsed = 196.5875244140625 (ms)
[RANK3] Iteration 9
[RANK3] F @ 166.55078125 (ms) to 196.759765625 (ms), cudaEventElapsed = 30.18239974975586 (ms)
[RANK3] B @ 197.0859375 (ms) to 234.143798828125 (ms), cudaEventElapsed = 37.03091049194336 (ms)
[RANK3] F @ 235.54736328125 (ms) to 268.90380859375 (ms), cudaEventElapsed = 33.335296630859375 (ms)
[RANK3] B @ 269.122314453125 (ms) to 307.78759765625 (ms), cudaEventElapsed = 38.64166259765625 (ms)
[RANK3] F @ 309.182373046875 (ms) to 342.68310546875 (ms), cudaEventElapsed = 33.47865676879883 (ms)
[RANK3] B @ 342.88818359375 (ms) to 382.007080078125 (ms), cudaEventElapsed = 39.09529495239258 (ms)
[RANK3] F @ 383.35546875 (ms) to 417.248779296875 (ms), cudaEventElapsed = 33.872894287109375 (ms)
[RANK3] B @ 417.474365234375 (ms) to 456.32373046875 (ms), cudaEventElapsed = 38.81983947753906 (ms)
[RANK3] F @ 457.5947265625 (ms) to 490.804931640625 (ms), cudaEventElapsed = 33.18783950805664 (ms)
[RANK3] B @ 491.111572265625 (ms) to 530.28369140625 (ms), cudaEventElapsed = 39.14854431152344 (ms)
[RANK3] F @ 531.595458984375 (ms) to 565.725341796875 (ms), cudaEventElapsed = 34.10636901855469 (ms)
[RANK3] B @ 565.9287109375 (ms) to 605.034423828125 (ms), cudaEventElapsed = 39.0830078125 (ms)
[RANK3] W @ 605.822509765625 (ms) to 627.200439453125 (ms), cudaEventElapsed = 21.355520248413086 (ms)
[RANK3] F @ 628.011474609375 (ms) to 663.47998046875 (ms), cudaEventElapsed = 35.44780731201172 (ms)
[RANK3] B @ 663.681640625 (ms) to 703.322998046875 (ms), cudaEventElapsed = 39.618560791015625 (ms)
[RANK3] W @ 704.092529296875 (ms) to 725.441162109375 (ms), cudaEventElapsed = 21.326847076416016 (ms)
[RANK3] F @ 726.22412109375 (ms) to 761.87744140625 (ms), cudaEventElapsed = 35.63315200805664 (ms)
[RANK3] B @ 762.07958984375 (ms) to 801.68505859375 (ms), cudaEventElapsed = 39.581695556640625 (ms)
[RANK3] W @ 802.498291015625 (ms) to 824.092529296875 (ms), cudaEventElapsed = 21.570560455322266 (ms)
[RANK3] F @ 824.91943359375 (ms) to 860.719482421875 (ms), cudaEventElapsed = 35.778560638427734 (ms)
[RANK3] B @ 861.00341796875 (ms) to 900.65966796875 (ms), cudaEventElapsed = 39.63391876220703 (ms)
[RANK3] F @ 902.5556640625 (ms) to 936.026123046875 (ms), cudaEventElapsed = 33.44895935058594 (ms)
[RANK3] B @ 936.233642578125 (ms) to 974.79443359375 (ms), cudaEventElapsed = 38.538238525390625 (ms)
[RANK3] F @ 976.058349609375 (ms) to 1009.1298828125 (ms), cudaEventElapsed = 33.049598693847656 (ms)
[RANK3] B @ 1009.348876953125 (ms) to 1052.02978515625 (ms), cudaEventElapsed = 42.65779113769531 (ms)
[RANK3] W @ 1052.811767578125 (ms) to 1078.16796875 (ms), cudaEventElapsed = 25.332735061645508 (ms)
[RANK3] F @ 1078.974853515625 (ms) to 1114.803955078125 (ms), cudaEventElapsed = 35.80928039550781 (ms)
[RANK3] B @ 1115.01123046875 (ms) to 1154.52294921875 (ms), cudaEventElapsed = 39.48851013183594 (ms)
[RANK3] 8W @ 1156.381103515625 (ms) to 1348.614013671875 (ms), cudaEventElapsed = 192.20684814453125 (ms)
