[RANK0] Iteration 1
[RANK0] F @ 2.693359375 (ms) to 523.313232421875 (ms), cudaEventElapsed = 520.5299072265625 (ms)
[RANK0] F @ 524.078369140625 (ms) to 550.080810546875 (ms), cudaEventElapsed = 25.9737606048584 (ms)
[RANK0] F @ 550.752197265625 (ms) to 577.73291015625 (ms), cudaEventElapsed = 26.95577621459961 (ms)
[RANK0] F @ 578.388427734375 (ms) to 605.900634765625 (ms), cudaEventElapsed = 27.488256454467773 (ms)
[RANK0] F @ 607.36328125 (ms) to 635.29736328125 (ms), cudaEventElapsed = 27.906047821044922 (ms)
[RANK0] F @ 635.951416015625 (ms) to 663.2783203125 (ms), cudaEventElapsed = 27.30291175842285 (ms)
[RANK0] F @ 663.94384765625 (ms) to 692.096923828125 (ms), cudaEventElapsed = 28.12928009033203 (ms)
[RANK0] B @ 1742.188720703125 (ms) to 1831.103759765625 (ms), cudaEventElapsed = 88.88934326171875 (ms)
[RANK0] F @ 1831.373046875 (ms) to 1856.452880859375 (ms), cudaEventElapsed = 25.053184509277344 (ms)
[RANK0] B @ 1857.864501953125 (ms) to 1890.987548828125 (ms), cudaEventElapsed = 33.09977722167969 (ms)
[RANK0] F @ 1891.376953125 (ms) to 1917.0712890625 (ms), cudaEventElapsed = 25.669631958007812 (ms)
[RANK0] B @ 1918.373779296875 (ms) to 1952.81396484375 (ms), cudaEventElapsed = 34.41049575805664 (ms)
[RANK0] F @ 1953.038330078125 (ms) to 1979.019287109375 (ms), cudaEventElapsed = 25.9553279876709 (ms)
[RANK0] B @ 1980.3447265625 (ms) to 2015.9599609375 (ms), cudaEventElapsed = 35.59321594238281 (ms)
[RANK0] F @ 2016.1806640625 (ms) to 2042.460693359375 (ms), cudaEventElapsed = 26.255359649658203 (ms)
[RANK0] B @ 2056.9892578125 (ms) to 2090.90771484375 (ms), cudaEventElapsed = 33.89440155029297 (ms)
[RANK0] F @ 2091.124267578125 (ms) to 2116.370849609375 (ms), cudaEventElapsed = 25.221120834350586 (ms)
[RANK0] B @ 2137.331298828125 (ms) to 2170.19775390625 (ms), cudaEventElapsed = 32.83967971801758 (ms)
[RANK0] W @ 2170.532470703125 (ms) to 2184.761474609375 (ms), cudaEventElapsed = 14.202879905700684 (ms)
[RANK0] B @ 2214.643310546875 (ms) to 2246.5537109375 (ms), cudaEventElapsed = 31.887359619140625 (ms)
[RANK0] W @ 2247.13232421875 (ms) to 2260.703369140625 (ms), cudaEventElapsed = 13.544447898864746 (ms)
[RANK0] B @ 2293.6142578125 (ms) to 2325.52685546875 (ms), cudaEventElapsed = 31.885311126708984 (ms)
[RANK0] W @ 2325.8349609375 (ms) to 2339.638671875 (ms), cudaEventElapsed = 13.77177619934082 (ms)
[RANK0] B @ 2357.668701171875 (ms) to 2390.410888671875 (ms), cudaEventElapsed = 32.718849182128906 (ms)
[RANK0] W @ 2390.7099609375 (ms) to 2404.75048828125 (ms), cudaEventElapsed = 14.017536163330078 (ms)
[RANK0] B @ 2425.82666015625 (ms) to 2457.89794921875 (ms), cudaEventElapsed = 32.050174713134766 (ms)
[RANK0] W @ 2458.1962890625 (ms) to 2471.82177734375 (ms), cudaEventElapsed = 13.602815628051758 (ms)
[RANK0] B @ 2490.60107421875 (ms) to 2522.462890625 (ms), cudaEventElapsed = 31.841279983520508 (ms)
[RANK0] W @ 2522.767822265625 (ms) to 2536.762939453125 (ms), cudaEventElapsed = 13.973504066467285 (ms)
[RANK0] B @ 2554.70849609375 (ms) to 2587.008056640625 (ms), cudaEventElapsed = 32.278526306152344 (ms)
[RANK0] 6W @ 2588.130126953125 (ms) to 2680.506591796875 (ms), cudaEventElapsed = 92.34534454345703 (ms)
[RANK0] Iteration 2
[RANK0] F @ 0.801025390625 (ms) to 26.453857421875 (ms), cudaEventElapsed = 25.622528076171875 (ms)
[RANK0] F @ 27.168701171875 (ms) to 52.33447265625 (ms), cudaEventElapsed = 25.14124870300293 (ms)
[RANK0] F @ 53.039306640625 (ms) to 80.61279296875 (ms), cudaEventElapsed = 27.54867172241211 (ms)
[RANK0] F @ 81.302001953125 (ms) to 109.2705078125 (ms), cudaEventElapsed = 27.94291114807129 (ms)
[RANK0] F @ 109.981201171875 (ms) to 138.109130859375 (ms), cudaEventElapsed = 28.095487594604492 (ms)
[RANK0] F @ 138.79833984375 (ms) to 166.41650390625 (ms), cudaEventElapsed = 27.593727111816406 (ms)
[RANK0] F @ 167.118408203125 (ms) to 194.578125 (ms), cudaEventElapsed = 27.435007095336914 (ms)
[RANK0] B @ 386.195068359375 (ms) to 419.409912109375 (ms), cudaEventElapsed = 33.18988800048828 (ms)
[RANK0] F @ 419.6318359375 (ms) to 445.542236328125 (ms), cudaEventElapsed = 25.887744903564453 (ms)
[RANK0] B @ 468.461181640625 (ms) to 638.829833984375 (ms), cudaEventElapsed = 170.3434295654297 (ms)
[RANK0] F @ 639.181884765625 (ms) to 664.88037109375 (ms), cudaEventElapsed = 25.67475128173828 (ms)
[RANK0] B @ 666.42626953125 (ms) to 701.76611328125 (ms), cudaEventElapsed = 35.3177604675293 (ms)
[RANK0] F @ 701.980224609375 (ms) to 729.21826171875 (ms), cudaEventElapsed = 27.209728240966797 (ms)
[RANK0] B @ 730.94384765625 (ms) to 767.859375 (ms), cudaEventElapsed = 36.890625 (ms)
[RANK0] F @ 768.0986328125 (ms) to 795.757568359375 (ms), cudaEventElapsed = 27.635711669921875 (ms)
[RANK0] B @ 797.05712890625 (ms) to 833.142578125 (ms), cudaEventElapsed = 36.06220626831055 (ms)
[RANK0] F @ 833.341552734375 (ms) to 860.99853515625 (ms), cudaEventElapsed = 27.627519607543945 (ms)
[RANK0] B @ 862.319580078125 (ms) to 898.035400390625 (ms), cudaEventElapsed = 35.6945915222168 (ms)
[RANK0] W @ 898.350830078125 (ms) to 915.704833984375 (ms), cudaEventElapsed = 17.329151153564453 (ms)
[RANK0] B @ 919.364013671875 (ms) to 956.101806640625 (ms), cudaEventElapsed = 36.715518951416016 (ms)
[RANK0] W @ 956.40234375 (ms) to 973.626708984375 (ms), cudaEventElapsed = 17.201152801513672 (ms)
[RANK0] B @ 1002.69384765625 (ms) to 1036.33837890625 (ms), cudaEventElapsed = 33.62099075317383 (ms)
[RANK0] W @ 1036.6787109375 (ms) to 1052.126953125 (ms), cudaEventElapsed = 15.423487663269043 (ms)
[RANK0] B @ 1076.168701171875 (ms) to 1110.13232421875 (ms), cudaEventElapsed = 33.941505432128906 (ms)
[RANK0] W @ 1110.468017578125 (ms) to 1126.640869140625 (ms), cudaEventElapsed = 16.148479461669922 (ms)
[RANK0] B @ 1158.636474609375 (ms) to 1192.0576171875 (ms), cudaEventElapsed = 33.39980697631836 (ms)
[RANK0] W @ 1192.364990234375 (ms) to 1207.962890625 (ms), cudaEventElapsed = 15.575039863586426 (ms)
[RANK0] B @ 1234.67138671875 (ms) to 1268.348388671875 (ms), cudaEventElapsed = 33.65683364868164 (ms)
[RANK0] W @ 1269.154296875 (ms) to 1284.8671875 (ms), cudaEventElapsed = 15.688703536987305 (ms)
[RANK0] B @ 1304.845947265625 (ms) to 1338.989990234375 (ms), cudaEventElapsed = 34.12275314331055 (ms)
[RANK0] 6W @ 1339.744873046875 (ms) to 1454.39892578125 (ms), cudaEventElapsed = 114.62860870361328 (ms)
[RANK0] Iteration 3
[RANK0] F @ 0.489013671875 (ms) to 25.77099609375 (ms), cudaEventElapsed = 25.256959915161133 (ms)
[RANK0] F @ 26.416259765625 (ms) to 51.827880859375 (ms), cudaEventElapsed = 25.388032913208008 (ms)
[RANK0] F @ 52.490234375 (ms) to 80.373779296875 (ms), cudaEventElapsed = 27.860992431640625 (ms)
[RANK0] F @ 81.04296875 (ms) to 108.7001953125 (ms), cudaEventElapsed = 27.633663177490234 (ms)
[RANK0] F @ 109.39697265625 (ms) to 137.4931640625 (ms), cudaEventElapsed = 28.071935653686523 (ms)
[RANK0] F @ 138.16552734375 (ms) to 165.860107421875 (ms), cudaEventElapsed = 27.670528411865234 (ms)
[RANK0] F @ 166.567138671875 (ms) to 194.375 (ms), cudaEventElapsed = 27.78316879272461 (ms)
[RANK0] F @ 195.097900390625 (ms) to 222.89892578125 (ms), cudaEventElapsed = 27.77292823791504 (ms)
[RANK0] B @ 320.641845703125 (ms) to 353.890625 (ms), cudaEventElapsed = 33.22163009643555 (ms)
[RANK0] F @ 354.149658203125 (ms) to 380.041259765625 (ms), cudaEventElapsed = 25.865215301513672 (ms)
[RANK0] F @ 380.711181640625 (ms) to 407.345703125 (ms), cudaEventElapsed = 26.611711502075195 (ms)
[RANK0] F @ 408.132080078125 (ms) to 436.692626953125 (ms), cudaEventElapsed = 28.536832809448242 (ms)
[RANK0] B @ 441.52197265625 (ms) to 477.4013671875 (ms), cudaEventElapsed = 35.8553581237793 (ms)
[RANK0] F @ 477.63720703125 (ms) to 505.0302734375 (ms), cudaEventElapsed = 27.365375518798828 (ms)
[RANK0] W @ 505.7197265625 (ms) to 522.954833984375 (ms), cudaEventElapsed = 17.20832061767578 (ms)
[RANK0] W @ 523.31640625 (ms) to 541.448974609375 (ms), cudaEventElapsed = 18.105344772338867 (ms)
[RANK0] B @ 542.285400390625 (ms) to 579.859130859375 (ms), cudaEventElapsed = 37.55110549926758 (ms)
[RANK0] W @ 580.0869140625 (ms) to 598.088134765625 (ms), cudaEventElapsed = 17.976320266723633 (ms)
[RANK0] B @ 639.153564453125 (ms) to 672.510009765625 (ms), cudaEventElapsed = 33.330177307128906 (ms)
[RANK0] W @ 672.838134765625 (ms) to 687.99658203125 (ms), cudaEventElapsed = 15.128576278686523 (ms)
[RANK0] B @ 688.91162109375 (ms) to 726.062744140625 (ms), cudaEventElapsed = 37.127166748046875 (ms)
[RANK0] W @ 726.342041015625 (ms) to 744.396728515625 (ms), cudaEventElapsed = 18.02649688720703 (ms)
[RANK0] B @ 765.686767578125 (ms) to 800.32958984375 (ms), cudaEventElapsed = 34.6163215637207 (ms)
[RANK0] W @ 800.596923828125 (ms) to 816.604736328125 (ms), cudaEventElapsed = 15.980544090270996 (ms)
[RANK0] B @ 848.63427734375 (ms) to 882.072021484375 (ms), cudaEventElapsed = 33.41312026977539 (ms)
[RANK0] W @ 882.403076171875 (ms) to 897.4375 (ms), cudaEventElapsed = 15.003647804260254 (ms)
[RANK0] B @ 898.36376953125 (ms) to 933.726806640625 (ms), cudaEventElapsed = 35.339263916015625 (ms)
[RANK0] W @ 933.98828125 (ms) to 951.68310546875 (ms), cudaEventElapsed = 17.66912078857422 (ms)
[RANK0] B @ 967.647705078125 (ms) to 1002.34423828125 (ms), cudaEventElapsed = 34.67366409301758 (ms)
[RANK0] W @ 1003.036865234375 (ms) to 1018.66552734375 (ms), cudaEventElapsed = 15.60371208190918 (ms)
[RANK0] B @ 1096.753662109375 (ms) to 1129.885009765625 (ms), cudaEventElapsed = 33.107967376708984 (ms)
[RANK0] W @ 1130.144287109375 (ms) to 1144.96337890625 (ms), cudaEventElapsed = 14.79475212097168 (ms)
[RANK0] B @ 1198.429931640625 (ms) to 1231.569091796875 (ms), cudaEventElapsed = 33.115135192871094 (ms)
[RANK0] W @ 1231.794921875 (ms) to 1246.779052734375 (ms), cudaEventElapsed = 14.960639953613281 (ms)
[RANK0] B @ 1268.994873046875 (ms) to 1302.85107421875 (ms), cudaEventElapsed = 33.83193588256836 (ms)
[RANK0] 1W @ 1303.197021484375 (ms) to 1318.940673828125 (ms), cudaEventElapsed = 15.720447540283203 (ms)
[RANK0] Iteration 4
[RANK0] F @ 1.012939453125 (ms) to 25.87158203125 (ms), cudaEventElapsed = 24.829952239990234 (ms)
[RANK0] F @ 26.55908203125 (ms) to 52.016357421875 (ms), cudaEventElapsed = 25.433088302612305 (ms)
[RANK0] F @ 52.701416015625 (ms) to 80.357177734375 (ms), cudaEventElapsed = 27.632640838623047 (ms)
[RANK0] F @ 81.051513671875 (ms) to 108.74951171875 (ms), cudaEventElapsed = 27.674623489379883 (ms)
[RANK0] F @ 109.421630859375 (ms) to 137.579345703125 (ms), cudaEventElapsed = 28.1343994140625 (ms)
[RANK0] F @ 138.3076171875 (ms) to 166.45166015625 (ms), cudaEventElapsed = 28.12006378173828 (ms)
[RANK0] F @ 167.1708984375 (ms) to 195.222900390625 (ms), cudaEventElapsed = 28.027904510498047 (ms)
[RANK0] F @ 195.94873046875 (ms) to 223.8330078125 (ms), cudaEventElapsed = 27.859968185424805 (ms)
[RANK0] B @ 331.4443359375 (ms) to 364.677490234375 (ms), cudaEventElapsed = 33.20832061767578 (ms)
[RANK0] F @ 364.912841796875 (ms) to 390.25830078125 (ms), cudaEventElapsed = 25.31839942932129 (ms)
[RANK0] F @ 390.9482421875 (ms) to 418.360107421875 (ms), cudaEventElapsed = 27.38483238220215 (ms)
[RANK0] F @ 419.168212890625 (ms) to 447.00244140625 (ms), cudaEventElapsed = 27.809791564941406 (ms)
[RANK0] B @ 450.880126953125 (ms) to 487.289306640625 (ms), cudaEventElapsed = 36.378623962402344 (ms)
[RANK0] F @ 487.55810546875 (ms) to 515.83642578125 (ms), cudaEventElapsed = 28.249088287353516 (ms)
[RANK0] W @ 516.546630859375 (ms) to 533.83056640625 (ms), cudaEventElapsed = 17.260543823242188 (ms)
[RANK0] W @ 534.149169921875 (ms) to 552.81787109375 (ms), cudaEventElapsed = 18.64396858215332 (ms)
[RANK0] B @ 553.659423828125 (ms) to 592.298095703125 (ms), cudaEventElapsed = 38.61606216430664 (ms)
[RANK0] W @ 592.51123046875 (ms) to 610.813720703125 (ms), cudaEventElapsed = 18.278400421142578 (ms)
[RANK0] B @ 652.943603515625 (ms) to 686.279296875 (ms), cudaEventElapsed = 33.30867385864258 (ms)
[RANK0] W @ 686.609619140625 (ms) to 701.986083984375 (ms), cudaEventElapsed = 15.348735809326172 (ms)
[RANK0] B @ 702.895263671875 (ms) to 739.3857421875 (ms), cudaEventElapsed = 36.46976089477539 (ms)
[RANK0] W @ 739.608642578125 (ms) to 757.528076171875 (ms), cudaEventElapsed = 17.896448135375977 (ms)
[RANK0] B @ 780.202392578125 (ms) to 814.345703125 (ms), cudaEventElapsed = 34.12275314331055 (ms)
[RANK0] W @ 814.5654296875 (ms) to 830.54443359375 (ms), cudaEventElapsed = 15.955967903137207 (ms)
[RANK0] B @ 864.0595703125 (ms) to 897.648681640625 (ms), cudaEventElapsed = 33.567745208740234 (ms)
[RANK0] W @ 897.947509765625 (ms) to 913.67236328125 (ms), cudaEventElapsed = 15.699968338012695 (ms)
[RANK0] B @ 914.53173828125 (ms) to 950.7822265625 (ms), cudaEventElapsed = 36.23014450073242 (ms)
[RANK0] W @ 951.009765625 (ms) to 968.579345703125 (ms), cudaEventElapsed = 17.545215606689453 (ms)
[RANK0] B @ 983.30126953125 (ms) to 1018.49658203125 (ms), cudaEventElapsed = 35.1723518371582 (ms)
[RANK0] W @ 1019.199951171875 (ms) to 1035.72802734375 (ms), cudaEventElapsed = 16.502784729003906 (ms)
[RANK0] B @ 1111.58447265625 (ms) to 1144.72216796875 (ms), cudaEventElapsed = 33.11616134643555 (ms)
[RANK0] W @ 1144.95166015625 (ms) to 1159.917236328125 (ms), cudaEventElapsed = 14.943231582641602 (ms)
[RANK0] B @ 1213.098388671875 (ms) to 1246.223388671875 (ms), cudaEventElapsed = 33.098751068115234 (ms)
[RANK0] W @ 1246.466552734375 (ms) to 1261.95361328125 (ms), cudaEventElapsed = 15.462400436401367 (ms)
[RANK0] B @ 1284.389404296875 (ms) to 1318.475830078125 (ms), cudaEventElapsed = 34.06233596801758 (ms)
[RANK0] 1W @ 1318.778564453125 (ms) to 1334.9775390625 (ms), cudaEventElapsed = 16.177152633666992 (ms)
[RANK0] Iteration 5
[RANK0] F @ 0.776123046875 (ms) to 26.247802734375 (ms), cudaEventElapsed = 25.447423934936523 (ms)
[RANK0] F @ 27.070068359375 (ms) to 52.615966796875 (ms), cudaEventElapsed = 25.51705551147461 (ms)
[RANK0] F @ 53.28564453125 (ms) to 80.508056640625 (ms), cudaEventElapsed = 27.198463439941406 (ms)
[RANK0] F @ 81.195068359375 (ms) to 109.721435546875 (ms), cudaEventElapsed = 28.502016067504883 (ms)
[RANK0] F @ 110.41796875 (ms) to 138.38232421875 (ms), cudaEventElapsed = 27.94086456298828 (ms)
[RANK0] F @ 139.070068359375 (ms) to 167.132568359375 (ms), cudaEventElapsed = 28.040191650390625 (ms)
[RANK0] F @ 167.8134765625 (ms) to 195.379150390625 (ms), cudaEventElapsed = 27.53740882873535 (ms)
[RANK0] F @ 196.10693359375 (ms) to 223.9482421875 (ms), cudaEventElapsed = 27.807743072509766 (ms)
[RANK0] B @ 330.033203125 (ms) to 363.292236328125 (ms), cudaEventElapsed = 33.23392105102539 (ms)
[RANK0] F @ 363.529541015625 (ms) to 389.661865234375 (ms), cudaEventElapsed = 26.10688018798828 (ms)
[RANK0] F @ 390.3388671875 (ms) to 416.884521484375 (ms), cudaEventElapsed = 26.52364730834961 (ms)
[RANK0] F @ 417.648193359375 (ms) to 445.986328125 (ms), cudaEventElapsed = 28.313600540161133 (ms)
[RANK0] B @ 450.181396484375 (ms) to 486.304443359375 (ms), cudaEventElapsed = 36.10111999511719 (ms)
[RANK0] F @ 486.517333984375 (ms) to 513.592529296875 (ms), cudaEventElapsed = 27.046911239624023 (ms)
[RANK0] W @ 514.271240234375 (ms) to 531.6337890625 (ms), cudaEventElapsed = 17.339391708374023 (ms)
[RANK0] W @ 531.933837890625 (ms) to 550.547119140625 (ms), cudaEventElapsed = 18.581504821777344 (ms)
[RANK0] B @ 551.341064453125 (ms) to 589.1669921875 (ms), cudaEventElapsed = 37.805057525634766 (ms)
[RANK0] W @ 589.383056640625 (ms) to 607.40283203125 (ms), cudaEventElapsed = 17.99679946899414 (ms)
[RANK0] B @ 645.896240234375 (ms) to 679.1923828125 (ms), cudaEventElapsed = 33.270782470703125 (ms)
[RANK0] W @ 679.5146484375 (ms) to 694.828857421875 (ms), cudaEventElapsed = 15.29139232635498 (ms)
[RANK0] B @ 695.692138671875 (ms) to 732.534912109375 (ms), cudaEventElapsed = 36.822017669677734 (ms)
[RANK0] W @ 732.761962890625 (ms) to 750.33642578125 (ms), cudaEventElapsed = 17.551359176635742 (ms)
[RANK0] B @ 775.747314453125 (ms) to 809.653564453125 (ms), cudaEventElapsed = 33.88518524169922 (ms)
[RANK0] W @ 809.864013671875 (ms) to 825.6669921875 (ms), cudaEventElapsed = 15.779840469360352 (ms)
[RANK0] B @ 858.60986328125 (ms) to 891.987060546875 (ms), cudaEventElapsed = 33.35475158691406 (ms)
[RANK0] W @ 892.29150390625 (ms) to 907.271484375 (ms), cudaEventElapsed = 14.957568168640137 (ms)
[RANK0] B @ 908.08740234375 (ms) to 943.255126953125 (ms), cudaEventElapsed = 35.143680572509766 (ms)
[RANK0] W @ 943.490966796875 (ms) to 960.491455078125 (ms), cudaEventElapsed = 16.9748477935791 (ms)
[RANK0] B @ 982.697998046875 (ms) to 1016.638671875 (ms), cudaEventElapsed = 33.9159049987793 (ms)
[RANK0] W @ 1017.371826171875 (ms) to 1033.558837890625 (ms), cudaEventElapsed = 16.159744262695312 (ms)
[RANK0] B @ 1110.34619140625 (ms) to 1143.484619140625 (ms), cudaEventElapsed = 33.117183685302734 (ms)
[RANK0] W @ 1143.71533203125 (ms) to 1158.827392578125 (ms), cudaEventElapsed = 15.09068775177002 (ms)
[RANK0] B @ 1213.37451171875 (ms) to 1246.68408203125 (ms), cudaEventElapsed = 33.28819274902344 (ms)
[RANK0] W @ 1246.897216796875 (ms) to 1262.350830078125 (ms), cudaEventElapsed = 15.432703971862793 (ms)
[RANK0] B @ 1286.105712890625 (ms) to 1319.88232421875 (ms), cudaEventElapsed = 33.754112243652344 (ms)
[RANK0] 1W @ 1320.2060546875 (ms) to 1335.55419921875 (ms), cudaEventElapsed = 15.324159622192383 (ms)
[RANK0] Iteration 6
[RANK0] F @ 0.957275390625 (ms) to 25.875 (ms), cudaEventElapsed = 24.88115119934082 (ms)
[RANK0] F @ 26.54833984375 (ms) to 52.157470703125 (ms), cudaEventElapsed = 25.583616256713867 (ms)
[RANK0] F @ 52.851318359375 (ms) to 80.15869140625 (ms), cudaEventElapsed = 27.28447914123535 (ms)
[RANK0] F @ 80.8359375 (ms) to 108.99560546875 (ms), cudaEventElapsed = 28.13644790649414 (ms)
[RANK0] F @ 109.66845703125 (ms) to 137.413818359375 (ms), cudaEventElapsed = 27.72172737121582 (ms)
[RANK0] F @ 138.112060546875 (ms) to 166.26708984375 (ms), cudaEventElapsed = 28.131328582763672 (ms)
[RANK0] F @ 166.945068359375 (ms) to 194.687744140625 (ms), cudaEventElapsed = 27.718656539916992 (ms)
[RANK0] F @ 195.37158203125 (ms) to 222.80859375 (ms), cudaEventElapsed = 27.413503646850586 (ms)
[RANK0] B @ 332.189208984375 (ms) to 365.493896484375 (ms), cudaEventElapsed = 33.277950286865234 (ms)
[RANK0] F @ 365.733642578125 (ms) to 391.46240234375 (ms), cudaEventElapsed = 25.70240020751953 (ms)
[RANK0] F @ 392.142333984375 (ms) to 419.142333984375 (ms), cudaEventElapsed = 26.977279663085938 (ms)
[RANK0] F @ 419.8935546875 (ms) to 447.73876953125 (ms), cudaEventElapsed = 27.822080612182617 (ms)
[RANK0] B @ 453.486572265625 (ms) to 489.20361328125 (ms), cudaEventElapsed = 35.692543029785156 (ms)
[RANK0] F @ 489.4033203125 (ms) to 516.911865234375 (ms), cudaEventElapsed = 27.485183715820312 (ms)
[RANK0] W @ 517.598876953125 (ms) to 534.91943359375 (ms), cudaEventElapsed = 17.296384811401367 (ms)
[RANK0] W @ 535.24462890625 (ms) to 553.799072265625 (ms), cudaEventElapsed = 18.529279708862305 (ms)
[RANK0] B @ 554.624267578125 (ms) to 592.498291015625 (ms), cudaEventElapsed = 37.85011291503906 (ms)
[RANK0] W @ 592.7451171875 (ms) to 610.85107421875 (ms), cudaEventElapsed = 18.0817928314209 (ms)
[RANK0] B @ 655.56201171875 (ms) to 688.960693359375 (ms), cudaEventElapsed = 33.372161865234375 (ms)
[RANK0] W @ 689.31884765625 (ms) to 704.627685546875 (ms), cudaEventElapsed = 15.28115177154541 (ms)
[RANK0] B @ 705.533935546875 (ms) to 742.442626953125 (ms), cudaEventElapsed = 36.887550354003906 (ms)
[RANK0] W @ 742.684814453125 (ms) to 760.6943359375 (ms), cudaEventElapsed = 17.984512329101562 (ms)
[RANK0] B @ 789.222412109375 (ms) to 823.043212890625 (ms), cudaEventElapsed = 33.79404830932617 (ms)
[RANK0] W @ 823.283935546875 (ms) to 839.045654296875 (ms), cudaEventElapsed = 15.737855911254883 (ms)
[RANK0] B @ 872.8916015625 (ms) to 906.421875 (ms), cudaEventElapsed = 33.50630569458008 (ms)
[RANK0] W @ 906.758056640625 (ms) to 922.054931640625 (ms), cudaEventElapsed = 15.275008201599121 (ms)
[RANK0] B @ 922.91259765625 (ms) to 960.162109375 (ms), cudaEventElapsed = 37.226497650146484 (ms)
[RANK0] W @ 960.39404296875 (ms) to 978.43896484375 (ms), cudaEventElapsed = 18.01932716369629 (ms)
[RANK0] B @ 991.209716796875 (ms) to 1026.94091796875 (ms), cudaEventElapsed = 35.70995330810547 (ms)
[RANK0] W @ 1027.675048828125 (ms) to 1044.463623046875 (ms), cudaEventElapsed = 16.763904571533203 (ms)
[RANK0] B @ 1117.880615234375 (ms) to 1150.9990234375 (ms), cudaEventElapsed = 33.096702575683594 (ms)
[RANK0] W @ 1151.2265625 (ms) to 1166.479736328125 (ms), cudaEventElapsed = 15.227904319763184 (ms)
[RANK0] B @ 1219.400634765625 (ms) to 1252.5009765625 (ms), cudaEventElapsed = 33.077247619628906 (ms)
[RANK0] W @ 1252.711181640625 (ms) to 1267.976318359375 (ms), cudaEventElapsed = 15.243264198303223 (ms)
[RANK0] B @ 1291.73681640625 (ms) to 1325.288330078125 (ms), cudaEventElapsed = 33.53190231323242 (ms)
[RANK0] 1W @ 1325.60791015625 (ms) to 1341.081787109375 (ms), cudaEventElapsed = 15.451135635375977 (ms)
[RANK0] Iteration 7
[RANK0] F @ 0.906005859375 (ms) to 26.14306640625 (ms), cudaEventElapsed = 25.204736709594727 (ms)
[RANK0] F @ 26.82958984375 (ms) to 52.06103515625 (ms), cudaEventElapsed = 25.209856033325195 (ms)
[RANK0] F @ 52.7724609375 (ms) to 79.349853515625 (ms), cudaEventElapsed = 26.554367065429688 (ms)
[RANK0] F @ 80.027587890625 (ms) to 108.26904296875 (ms), cudaEventElapsed = 28.219392776489258 (ms)
[RANK0] F @ 108.931884765625 (ms) to 136.673583984375 (ms), cudaEventElapsed = 27.718656539916992 (ms)
[RANK0] F @ 137.37841796875 (ms) to 165.478271484375 (ms), cudaEventElapsed = 28.077056884765625 (ms)
[RANK0] F @ 166.187744140625 (ms) to 193.853515625 (ms), cudaEventElapsed = 27.639808654785156 (ms)
[RANK0] F @ 194.5673828125 (ms) to 222.513671875 (ms), cudaEventElapsed = 27.92243194580078 (ms)
[RANK0] B @ 332.996826171875 (ms) to 366.39208984375 (ms), cudaEventElapsed = 33.368064880371094 (ms)
[RANK0] F @ 366.6845703125 (ms) to 392.58251953125 (ms), cudaEventElapsed = 25.869312286376953 (ms)
[RANK0] F @ 393.27685546875 (ms) to 420.273681640625 (ms), cudaEventElapsed = 26.97420883178711 (ms)
[RANK0] F @ 421.077880859375 (ms) to 449.656005859375 (ms), cudaEventElapsed = 28.5532169342041 (ms)
[RANK0] B @ 452.11669921875 (ms) to 488.376220703125 (ms), cudaEventElapsed = 36.23731231689453 (ms)
[RANK0] F @ 488.597900390625 (ms) to 515.727294921875 (ms), cudaEventElapsed = 27.10527992248535 (ms)
[RANK0] W @ 516.419189453125 (ms) to 533.6845703125 (ms), cudaEventElapsed = 17.2410888671875 (ms)
[RANK0] W @ 534.0009765625 (ms) to 552.671142578125 (ms), cudaEventElapsed = 18.646015167236328 (ms)
[RANK0] B @ 553.479248046875 (ms) to 591.656982421875 (ms), cudaEventElapsed = 38.157310485839844 (ms)
[RANK0] W @ 591.871826171875 (ms) to 609.78955078125 (ms), cudaEventElapsed = 17.894399642944336 (ms)
[RANK0] B @ 650.306640625 (ms) to 683.682373046875 (ms), cudaEventElapsed = 33.353729248046875 (ms)
[RANK0] W @ 683.9921875 (ms) to 699.4560546875 (ms), cudaEventElapsed = 15.440896034240723 (ms)
[RANK0] B @ 700.3154296875 (ms) to 737.486328125 (ms), cudaEventElapsed = 37.149696350097656 (ms)
[RANK0] W @ 737.715087890625 (ms) to 755.728515625 (ms), cudaEventElapsed = 17.99065589904785 (ms)
[RANK0] B @ 780.248046875 (ms) to 814.130615234375 (ms), cudaEventElapsed = 33.85958480834961 (ms)
[RANK0] W @ 814.347900390625 (ms) to 829.91796875 (ms), cudaEventElapsed = 15.547391891479492 (ms)
[RANK0] B @ 863.188720703125 (ms) to 896.49462890625 (ms), cudaEventElapsed = 33.2861442565918 (ms)
[RANK0] W @ 896.78076171875 (ms) to 912.324951171875 (ms), cudaEventElapsed = 15.5217924118042 (ms)
[RANK0] B @ 913.1396484375 (ms) to 949.876708984375 (ms), cudaEventElapsed = 36.71654510498047 (ms)
[RANK0] W @ 950.625732421875 (ms) to 968.51123046875 (ms), cudaEventElapsed = 17.85856056213379 (ms)
[RANK0] B @ 983.60791015625 (ms) to 1018.32861328125 (ms), cudaEventElapsed = 34.69926452636719 (ms)
[RANK0] W @ 1018.52978515625 (ms) to 1034.9541015625 (ms), cudaEventElapsed = 16.39731216430664 (ms)
[RANK0] B @ 1110.3984375 (ms) to 1143.50537109375 (ms), cudaEventElapsed = 33.084415435791016 (ms)
[RANK0] W @ 1143.740966796875 (ms) to 1158.624755859375 (ms), cudaEventElapsed = 14.861311912536621 (ms)
[RANK0] B @ 1213.59228515625 (ms) to 1246.745361328125 (ms), cudaEventElapsed = 33.133567810058594 (ms)
[RANK0] W @ 1246.9462890625 (ms) to 1262.222900390625 (ms), cudaEventElapsed = 15.254528045654297 (ms)
[RANK0] B @ 1286.739990234375 (ms) to 1320.382080078125 (ms), cudaEventElapsed = 33.62201690673828 (ms)
[RANK0] 1W @ 1320.70166015625 (ms) to 1336.34228515625 (ms), cudaEventElapsed = 15.619071960449219 (ms)
[RANK0] Iteration 8
[RANK0] F @ 0.528076171875 (ms) to 25.712890625 (ms), cudaEventElapsed = 25.161727905273438 (ms)
[RANK0] F @ 26.385009765625 (ms) to 51.8056640625 (ms), cudaEventElapsed = 25.399295806884766 (ms)
[RANK0] F @ 52.48095703125 (ms) to 79.685791015625 (ms), cudaEventElapsed = 27.183103561401367 (ms)
[RANK0] F @ 80.353271484375 (ms) to 108.58056640625 (ms), cudaEventElapsed = 28.205055236816406 (ms)
[RANK0] F @ 109.257568359375 (ms) to 137.207763671875 (ms), cudaEventElapsed = 27.92755126953125 (ms)
[RANK0] F @ 137.89599609375 (ms) to 165.58154296875 (ms), cudaEventElapsed = 27.663360595703125 (ms)
[RANK0] F @ 166.281982421875 (ms) to 194.499755859375 (ms), cudaEventElapsed = 28.19379234313965 (ms)
[RANK0] F @ 195.170654296875 (ms) to 222.9443359375 (ms), cudaEventElapsed = 27.75040054321289 (ms)
[RANK0] B @ 332.187255859375 (ms) to 365.39794921875 (ms), cudaEventElapsed = 33.185791015625 (ms)
[RANK0] F @ 365.6201171875 (ms) to 391.387939453125 (ms), cudaEventElapsed = 25.745407104492188 (ms)
[RANK0] F @ 392.052978515625 (ms) to 419.01318359375 (ms), cudaEventElapsed = 26.93836784362793 (ms)
[RANK0] F @ 419.773193359375 (ms) to 448.39208984375 (ms), cudaEventElapsed = 28.595199584960938 (ms)
[RANK0] B @ 452.66162109375 (ms) to 488.764404296875 (ms), cudaEventElapsed = 36.07961654663086 (ms)
[RANK0] F @ 488.968505859375 (ms) to 515.980224609375 (ms), cudaEventElapsed = 26.988544464111328 (ms)
[RANK0] W @ 516.6630859375 (ms) to 533.809326171875 (ms), cudaEventElapsed = 17.124351501464844 (ms)
[RANK0] W @ 534.110595703125 (ms) to 552.391845703125 (ms), cudaEventElapsed = 18.257919311523438 (ms)
[RANK0] B @ 553.170166015625 (ms) to 590.929931640625 (ms), cudaEventElapsed = 37.73747253417969 (ms)
[RANK0] W @ 591.116455078125 (ms) to 609.316650390625 (ms), cudaEventElapsed = 18.17804718017578 (ms)
[RANK0] B @ 668.316162109375 (ms) to 701.390625 (ms), cudaEventElapsed = 33.049598693847656 (ms)
[RANK0] W @ 701.694091796875 (ms) to 717.01220703125 (ms), cudaEventElapsed = 15.294464111328125 (ms)
[RANK0] B @ 717.856201171875 (ms) to 754.091552734375 (ms), cudaEventElapsed = 36.21376037597656 (ms)
[RANK0] W @ 754.31884765625 (ms) to 772.130126953125 (ms), cudaEventElapsed = 17.78892707824707 (ms)
[RANK0] B @ 797.620361328125 (ms) to 831.60986328125 (ms), cudaEventElapsed = 33.970176696777344 (ms)
[RANK0] W @ 831.82275390625 (ms) to 847.9560546875 (ms), cudaEventElapsed = 16.109567642211914 (ms)
[RANK0] B @ 880.160400390625 (ms) to 913.66650390625 (ms), cudaEventElapsed = 33.481727600097656 (ms)
[RANK0] W @ 913.9560546875 (ms) to 929.50341796875 (ms), cudaEventElapsed = 15.523839950561523 (ms)
[RANK0] B @ 930.31298828125 (ms) to 966.427978515625 (ms), cudaEventElapsed = 36.094974517822266 (ms)
[RANK0] W @ 967.211669921875 (ms) to 984.849853515625 (ms), cudaEventElapsed = 17.60358428955078 (ms)
[RANK0] B @ 997.80419921875 (ms) to 1032.8759765625 (ms), cudaEventElapsed = 35.05254364013672 (ms)
[RANK0] W @ 1033.080810546875 (ms) to 1049.66259765625 (ms), cudaEventElapsed = 16.558080673217773 (ms)
[RANK0] B @ 1124.966064453125 (ms) to 1158.125 (ms), cudaEventElapsed = 33.13459014892578 (ms)
[RANK0] W @ 1158.374755859375 (ms) to 1173.38818359375 (ms), cudaEventElapsed = 14.988287925720215 (ms)
[RANK0] B @ 1225.682373046875 (ms) to 1258.923095703125 (ms), cudaEventElapsed = 33.21958541870117 (ms)
[RANK0] W @ 1259.150390625 (ms) to 1274.498291015625 (ms), cudaEventElapsed = 15.326208114624023 (ms)
[RANK0] B @ 1298.0224609375 (ms) to 1331.91064453125 (ms), cudaEventElapsed = 33.86265563964844 (ms)
[RANK0] 1W @ 1332.253662109375 (ms) to 1348.504150390625 (ms), cudaEventElapsed = 16.228351593017578 (ms)
[RANK0] Iteration 9
[RANK0] F @ 0.491943359375 (ms) to 25.70263671875 (ms), cudaEventElapsed = 25.186304092407227 (ms)
[RANK0] F @ 26.366943359375 (ms) to 51.629150390625 (ms), cudaEventElapsed = 25.239551544189453 (ms)
[RANK0] F @ 52.29638671875 (ms) to 79.495361328125 (ms), cudaEventElapsed = 27.176959991455078 (ms)
[RANK0] F @ 80.1689453125 (ms) to 108.441650390625 (ms), cudaEventElapsed = 28.250112533569336 (ms)
[RANK0] F @ 109.11767578125 (ms) to 137.160888671875 (ms), cudaEventElapsed = 28.020736694335938 (ms)
[RANK0] F @ 137.847412109375 (ms) to 165.99609375 (ms), cudaEventElapsed = 28.12518310546875 (ms)
[RANK0] F @ 166.692138671875 (ms) to 194.2578125 (ms), cudaEventElapsed = 27.54252815246582 (ms)
[RANK0] F @ 194.937255859375 (ms) to 222.642333984375 (ms), cudaEventElapsed = 27.681791305541992 (ms)
[RANK0] B @ 330.76708984375 (ms) to 364.10400390625 (ms), cudaEventElapsed = 33.311744689941406 (ms)
[RANK0] F @ 364.338623046875 (ms) to 389.94775390625 (ms), cudaEventElapsed = 25.584640502929688 (ms)
[RANK0] F @ 390.63427734375 (ms) to 416.772705078125 (ms), cudaEventElapsed = 26.11507225036621 (ms)
[RANK0] F @ 417.537841796875 (ms) to 445.97900390625 (ms), cudaEventElapsed = 28.416000366210938 (ms)
[RANK0] B @ 451.3994140625 (ms) to 486.871826171875 (ms), cudaEventElapsed = 35.44883346557617 (ms)
[RANK0] F @ 487.085205078125 (ms) to 513.745361328125 (ms), cudaEventElapsed = 26.636287689208984 (ms)
[RANK0] W @ 514.451416015625 (ms) to 531.427734375 (ms), cudaEventElapsed = 16.952320098876953 (ms)
[RANK0] W @ 531.7568359375 (ms) to 549.93310546875 (ms), cudaEventElapsed = 18.151424407958984 (ms)
[RANK0] B @ 550.79150390625 (ms) to 588.568359375 (ms), cudaEventElapsed = 37.752830505371094 (ms)
[RANK0] W @ 588.791259765625 (ms) to 606.80322265625 (ms), cudaEventElapsed = 17.984512329101562 (ms)
[RANK0] B @ 648.58740234375 (ms) to 682.140869140625 (ms), cudaEventElapsed = 33.525760650634766 (ms)
[RANK0] W @ 682.511474609375 (ms) to 697.89013671875 (ms), cudaEventElapsed = 15.349760055541992 (ms)
[RANK0] B @ 698.8310546875 (ms) to 736.179931640625 (ms), cudaEventElapsed = 37.32377624511719 (ms)
[RANK0] W @ 736.466552734375 (ms) to 754.5546875 (ms), cudaEventElapsed = 18.059263229370117 (ms)
[RANK0] B @ 776.066650390625 (ms) to 810.427490234375 (ms), cudaEventElapsed = 34.337791442871094 (ms)
[RANK0] W @ 810.656494140625 (ms) to 826.38427734375 (ms), cudaEventElapsed = 15.70406436920166 (ms)
[RANK0] B @ 859.356689453125 (ms) to 892.79638671875 (ms), cudaEventElapsed = 33.41926574707031 (ms)
[RANK0] W @ 893.099609375 (ms) to 908.496337890625 (ms), cudaEventElapsed = 15.373311996459961 (ms)
[RANK0] B @ 909.328369140625 (ms) to 945.565185546875 (ms), cudaEventElapsed = 36.203521728515625 (ms)
[RANK0] W @ 946.350341796875 (ms) to 964.49951171875 (ms), cudaEventElapsed = 18.124799728393555 (ms)
[RANK0] B @ 981.670654296875 (ms) to 1016.299560546875 (ms), cudaEventElapsed = 34.60812759399414 (ms)
[RANK0] W @ 1016.521484375 (ms) to 1032.88623046875 (ms), cudaEventElapsed = 16.343040466308594 (ms)
[RANK0] B @ 1109.218017578125 (ms) to 1142.381103515625 (ms), cudaEventElapsed = 33.1407356262207 (ms)
[RANK0] W @ 1142.60302734375 (ms) to 1157.617431640625 (ms), cudaEventElapsed = 14.990336418151855 (ms)
[RANK0] B @ 1212.004638671875 (ms) to 1245.2626953125 (ms), cudaEventElapsed = 33.23494338989258 (ms)
[RANK0] W @ 1245.4833984375 (ms) to 1260.860595703125 (ms), cudaEventElapsed = 15.355903625488281 (ms)
[RANK0] B @ 1285.33056640625 (ms) to 1319.122802734375 (ms), cudaEventElapsed = 33.7704963684082 (ms)
[RANK0] 1W @ 1319.448974609375 (ms) to 1335.252685546875 (ms), cudaEventElapsed = 15.781888008117676 (ms)
