[RANK1] Iteration 1
[RANK1] F @ 540.91455078125 (ms) to 755.86328125 (ms), cudaEventElapsed = 214.8976593017578 (ms)
[RANK1] F @ 757.58447265625 (ms) to 789.089599609375 (ms), cudaEventElapsed = 31.471616744995117 (ms)
[RANK1] F @ 790.677001953125 (ms) to 824.9697265625 (ms), cudaEventElapsed = 34.260990142822266 (ms)
[RANK1] F @ 826.70068359375 (ms) to 862.02099609375 (ms), cudaEventElapsed = 35.288063049316406 (ms)
[RANK1] F @ 863.6376953125 (ms) to 899.65283203125 (ms), cudaEventElapsed = 35.98233413696289 (ms)
[RANK1] B @ 1662.059326171875 (ms) to 1727.202392578125 (ms), cudaEventElapsed = 65.11309051513672 (ms)
[RANK1] F @ 1728.657470703125 (ms) to 1760.90625 (ms), cudaEventElapsed = 32.22118377685547 (ms)
[RANK1] B @ 1762.765625 (ms) to 1806.8173828125 (ms), cudaEventElapsed = 44.01356887817383 (ms)
[RANK1] F @ 1808.205078125 (ms) to 1841.528564453125 (ms), cudaEventElapsed = 33.294334411621094 (ms)
[RANK1] B @ 1843.19140625 (ms) to 1887.474853515625 (ms), cudaEventElapsed = 44.25523376464844 (ms)
[RANK1] F @ 1889.142578125 (ms) to 1922.53125 (ms), cudaEventElapsed = 33.35475158691406 (ms)
[RANK1] B @ 1924.1904296875 (ms) to 1968.479248046875 (ms), cudaEventElapsed = 44.25932693481445 (ms)
[RANK1] F @ 1969.87939453125 (ms) to 2003.1298828125 (ms), cudaEventElapsed = 33.21958541870117 (ms)
[RANK1] B @ 2005.066162109375 (ms) to 2049.1689453125 (ms), cudaEventElapsed = 44.071937561035156 (ms)
[RANK1] F @ 2050.58740234375 (ms) to 2083.658447265625 (ms), cudaEventElapsed = 33.04243087768555 (ms)
[RANK1] B @ 2085.333251953125 (ms) to 2129.52197265625 (ms), cudaEventElapsed = 44.15590286254883 (ms)
[RANK1] F @ 2130.79296875 (ms) to 2163.781005859375 (ms), cudaEventElapsed = 32.963584899902344 (ms)
[RANK1] B @ 2165.088134765625 (ms) to 2209.048583984375 (ms), cudaEventElapsed = 43.93779373168945 (ms)
[RANK1] F @ 2210.27587890625 (ms) to 2243.318359375 (ms), cudaEventElapsed = 33.02092742919922 (ms)
[RANK1] B @ 2244.65234375 (ms) to 2289.001220703125 (ms), cudaEventElapsed = 44.325889587402344 (ms)
[RANK1] W @ 2289.7236328125 (ms) to 2310.57861328125 (ms), cudaEventElapsed = 20.832256317138672 (ms)
[RANK1] B @ 2311.37158203125 (ms) to 2353.26513671875 (ms), cudaEventElapsed = 41.87238311767578 (ms)
[RANK1] W @ 2354.003173828125 (ms) to 2373.930908203125 (ms), cudaEventElapsed = 19.905536651611328 (ms)
[RANK1] B @ 2379.273193359375 (ms) to 2419.950927734375 (ms), cudaEventElapsed = 40.65689468383789 (ms)
[RANK1] W @ 2420.747314453125 (ms) to 2440.232421875 (ms), cudaEventElapsed = 19.46214485168457 (ms)
[RANK1] B @ 2444.493408203125 (ms) to 2486.316650390625 (ms), cudaEventElapsed = 41.80275344848633 (ms)
[RANK1] W @ 2487.07177734375 (ms) to 2507.05126953125 (ms), cudaEventElapsed = 19.952640533447266 (ms)
[RANK1] B @ 2507.99951171875 (ms) to 2549.778564453125 (ms), cudaEventElapsed = 41.75872039794922 (ms)
[RANK1] 8W @ 2551.79833984375 (ms) to 2722.47216796875 (ms), cudaEventElapsed = 170.64755249023438 (ms)
[RANK1] Iteration 2
[RANK1] F @ 35.495849609375 (ms) to 67.294189453125 (ms), cudaEventElapsed = 31.76857566833496 (ms)
[RANK1] F @ 68.853515625 (ms) to 103.119384765625 (ms), cudaEventElapsed = 34.23641586303711 (ms)
[RANK1] F @ 104.708984375 (ms) to 140.611572265625 (ms), cudaEventElapsed = 35.87071990966797 (ms)
[RANK1] F @ 142.188720703125 (ms) to 178.239990234375 (ms), cudaEventElapsed = 36.020225524902344 (ms)
[RANK1] F @ 179.874267578125 (ms) to 335.29833984375 (ms), cudaEventElapsed = 155.39404296875 (ms)
[RANK1] B @ 337.058349609375 (ms) to 380.02685546875 (ms), cudaEventElapsed = 42.94041442871094 (ms)
[RANK1] F @ 381.58642578125 (ms) to 416.02392578125 (ms), cudaEventElapsed = 34.408447265625 (ms)
[RANK1] B @ 418.670166015625 (ms) to 464.201416015625 (ms), cudaEventElapsed = 45.50758361816406 (ms)
[RANK1] F @ 465.626953125 (ms) to 500.4111328125 (ms), cudaEventElapsed = 34.75455856323242 (ms)
[RANK1] B @ 502.0703125 (ms) to 546.864990234375 (ms), cudaEventElapsed = 44.76620864868164 (ms)
[RANK1] F @ 548.29638671875 (ms) to 583.717041015625 (ms), cudaEventElapsed = 35.383296966552734 (ms)
[RANK1] B @ 585.385009765625 (ms) to 630.491455078125 (ms), cudaEventElapsed = 45.078529357910156 (ms)
[RANK1] F @ 671.0986328125 (ms) to 702.703369140625 (ms), cudaEventElapsed = 31.57606315612793 (ms)
[RANK1] B @ 704.376708984375 (ms) to 747.858642578125 (ms), cudaEventElapsed = 43.45344161987305 (ms)
[RANK1] F @ 749.289306640625 (ms) to 784.974365234375 (ms), cudaEventElapsed = 35.65670394897461 (ms)
[RANK1] B @ 786.657470703125 (ms) to 831.450927734375 (ms), cudaEventElapsed = 44.76518249511719 (ms)
[RANK1] F @ 832.935302734375 (ms) to 868.135009765625 (ms), cudaEventElapsed = 35.165184020996094 (ms)
[RANK1] B @ 869.703369140625 (ms) to 915.009033203125 (ms), cudaEventElapsed = 45.277183532714844 (ms)
[RANK1] F @ 916.43359375 (ms) to 951.710693359375 (ms), cudaEventElapsed = 35.24710464477539 (ms)
[RANK1] B @ 953.037353515625 (ms) to 998.386962890625 (ms), cudaEventElapsed = 45.32735824584961 (ms)
[RANK1] W @ 999.134765625 (ms) to 1022.76806640625 (ms), cudaEventElapsed = 23.611391067504883 (ms)
[RANK1] B @ 1026.822998046875 (ms) to 1071.75341796875 (ms), cudaEventElapsed = 44.909568786621094 (ms)
[RANK1] W @ 1072.525146484375 (ms) to 1095.5517578125 (ms), cudaEventElapsed = 23.003135681152344 (ms)
[RANK1] B @ 1108.16650390625 (ms) to 1152.521240234375 (ms), cudaEventElapsed = 44.33100891113281 (ms)
[RANK1] W @ 1153.273681640625 (ms) to 1175.806640625 (ms), cudaEventElapsed = 22.511615753173828 (ms)
[RANK1] B @ 1183.0556640625 (ms) to 1228.7197265625 (ms), cudaEventElapsed = 45.641727447509766 (ms)
[RANK1] W @ 1229.486572265625 (ms) to 1252.418701171875 (ms), cudaEventElapsed = 22.91097640991211 (ms)
[RANK1] B @ 1253.197509765625 (ms) to 1300.580810546875 (ms), cudaEventElapsed = 47.36307144165039 (ms)
[RANK1] 8W @ 1302.46875 (ms) to 1515.484619140625 (ms), cudaEventElapsed = 212.98789978027344 (ms)
[RANK1] Iteration 3
[RANK1] F @ 33.63427734375 (ms) to 65.13623046875 (ms), cudaEventElapsed = 31.474687576293945 (ms)
[RANK1] F @ 66.810791015625 (ms) to 100.81640625 (ms), cudaEventElapsed = 33.98348617553711 (ms)
[RANK1] F @ 102.373779296875 (ms) to 137.8134765625 (ms), cudaEventElapsed = 35.41196823120117 (ms)
[RANK1] F @ 139.539306640625 (ms) to 175.50048828125 (ms), cudaEventElapsed = 35.93318557739258 (ms)
[RANK1] F @ 177.072509765625 (ms) to 213.1630859375 (ms), cudaEventElapsed = 36.06118392944336 (ms)
[RANK1] F @ 214.728271484375 (ms) to 250.4873046875 (ms), cudaEventElapsed = 35.730430603027344 (ms)
[RANK1] B @ 274.58642578125 (ms) to 316.31884765625 (ms), cudaEventElapsed = 41.70342254638672 (ms)
[RANK1] F @ 317.72216796875 (ms) to 351.812255859375 (ms), cudaEventElapsed = 34.06233596801758 (ms)
[RANK1] F @ 353.640625 (ms) to 389.841552734375 (ms), cudaEventElapsed = 36.168704986572266 (ms)
[RANK1] B @ 391.166259765625 (ms) to 437.069091796875 (ms), cudaEventElapsed = 45.87724685668945 (ms)
[RANK1] F @ 438.636474609375 (ms) to 474.16455078125 (ms), cudaEventElapsed = 35.49900817871094 (ms)
[RANK1] B @ 475.4921875 (ms) to 520.6640625 (ms), cudaEventElapsed = 45.134849548339844 (ms)
[RANK1] F @ 522.313232421875 (ms) to 557.077880859375 (ms), cudaEventElapsed = 34.73408126831055 (ms)
[RANK1] B @ 558.4345703125 (ms) to 632.896240234375 (ms), cudaEventElapsed = 74.43865966796875 (ms)
[RANK1] B @ 634.902099609375 (ms) to 677.88671875 (ms), cudaEventElapsed = 42.96192169189453 (ms)
[RANK1] F @ 679.417724609375 (ms) to 714.3193359375 (ms), cudaEventElapsed = 34.87846374511719 (ms)
[RANK1] B @ 715.560302734375 (ms) to 761.24365234375 (ms), cudaEventElapsed = 45.65913772583008 (ms)
[RANK1] F @ 762.6201171875 (ms) to 797.434326171875 (ms), cudaEventElapsed = 34.78425598144531 (ms)
[RANK1] B @ 798.79296875 (ms) to 843.71923828125 (ms), cudaEventElapsed = 44.90342330932617 (ms)
[RANK1] B @ 844.954833984375 (ms) to 889.486083984375 (ms), cudaEventElapsed = 44.50815963745117 (ms)
[RANK1] W @ 890.938720703125 (ms) to 914.9921875 (ms), cudaEventElapsed = 24.024063110351562 (ms)
[RANK1] B @ 915.79345703125 (ms) to 963.202392578125 (ms), cudaEventElapsed = 47.38560104370117 (ms)
[RANK1] W @ 963.89404296875 (ms) to 987.999755859375 (ms), cudaEventElapsed = 24.08140754699707 (ms)
[RANK1] W @ 988.188720703125 (ms) to 1014.786376953125 (ms), cudaEventElapsed = 26.571775436401367 (ms)
[RANK1] W @ 1015.078369140625 (ms) to 1042.018310546875 (ms), cudaEventElapsed = 26.91379165649414 (ms)
[RANK1] B @ 1042.81201171875 (ms) to 1090.4990234375 (ms), cudaEventElapsed = 47.666175842285156 (ms)
[RANK1] W @ 1091.2216796875 (ms) to 1115.555908203125 (ms), cudaEventElapsed = 24.31283187866211 (ms)
[RANK1] W @ 1115.860107421875 (ms) to 1142.322265625 (ms), cudaEventElapsed = 26.436607360839844 (ms)
[RANK1] B @ 1143.112060546875 (ms) to 1192.3681640625 (ms), cudaEventElapsed = 49.23289489746094 (ms)
[RANK1] W @ 1193.149169921875 (ms) to 1217.76220703125 (ms), cudaEventElapsed = 24.587263107299805 (ms)
[RANK1] B @ 1218.572265625 (ms) to 1264.71630859375 (ms), cudaEventElapsed = 46.123008728027344 (ms)
[RANK1] 5W @ 1266.501708984375 (ms) to 1398.91650390625 (ms), cudaEventElapsed = 132.37452697753906 (ms)
[RANK1] Iteration 4
[RANK1] F @ 34.0859375 (ms) to 74.5908203125 (ms), cudaEventElapsed = 40.4766731262207 (ms)
[RANK1] F @ 76.143310546875 (ms) to 109.859619140625 (ms), cudaEventElapsed = 33.688575744628906 (ms)
[RANK1] F @ 111.423828125 (ms) to 147.832275390625 (ms), cudaEventElapsed = 36.37964630126953 (ms)
[RANK1] F @ 149.521240234375 (ms) to 186.089111328125 (ms), cudaEventElapsed = 36.538368225097656 (ms)
[RANK1] F @ 187.827392578125 (ms) to 223.837890625 (ms), cudaEventElapsed = 35.98233413696289 (ms)
[RANK1] F @ 225.4169921875 (ms) to 261.255126953125 (ms), cudaEventElapsed = 35.80825424194336 (ms)
[RANK1] B @ 284.345703125 (ms) to 326.496826171875 (ms), cudaEventElapsed = 42.12223815917969 (ms)
[RANK1] F @ 328.0625 (ms) to 362.2734375 (ms), cudaEventElapsed = 34.17804718017578 (ms)
[RANK1] F @ 363.95458984375 (ms) to 399.26513671875 (ms), cudaEventElapsed = 35.2808952331543 (ms)
[RANK1] B @ 400.93408203125 (ms) to 446.14306640625 (ms), cudaEventElapsed = 45.17478561401367 (ms)
[RANK1] F @ 448.93701171875 (ms) to 484.52099609375 (ms), cudaEventElapsed = 35.555328369140625 (ms)
[RANK1] B @ 486.03857421875 (ms) to 531.571044921875 (ms), cudaEventElapsed = 45.50553512573242 (ms)
[RANK1] F @ 533.2626953125 (ms) to 568.53857421875 (ms), cudaEventElapsed = 35.24403381347656 (ms)
[RANK1] B @ 569.85595703125 (ms) to 646.66064453125 (ms), cudaEventElapsed = 76.78157043457031 (ms)
[RANK1] B @ 648.41650390625 (ms) to 691.359619140625 (ms), cudaEventElapsed = 42.91584014892578 (ms)
[RANK1] F @ 692.930419921875 (ms) to 728.502685546875 (ms), cudaEventElapsed = 35.544063568115234 (ms)
[RANK1] B @ 729.892822265625 (ms) to 775.806396484375 (ms), cudaEventElapsed = 45.8864631652832 (ms)
[RANK1] F @ 777.35302734375 (ms) to 812.6962890625 (ms), cudaEventElapsed = 35.31468963623047 (ms)
[RANK1] B @ 814.41552734375 (ms) to 859.711181640625 (ms), cudaEventElapsed = 45.266944885253906 (ms)
[RANK1] B @ 860.9453125 (ms) to 905.677978515625 (ms), cudaEventElapsed = 44.71091079711914 (ms)
[RANK1] W @ 906.775146484375 (ms) to 930.7548828125 (ms), cudaEventElapsed = 23.95238494873047 (ms)
[RANK1] B @ 931.531494140625 (ms) to 978.9970703125 (ms), cudaEventElapsed = 47.4439697265625 (ms)
[RANK1] W @ 979.6904296875 (ms) to 1003.809326171875 (ms), cudaEventElapsed = 24.09574317932129 (ms)
[RANK1] W @ 1004.008544921875 (ms) to 1029.711669921875 (ms), cudaEventElapsed = 25.677824020385742 (ms)
[RANK1] W @ 1030.013916015625 (ms) to 1057.22412109375 (ms), cudaEventElapsed = 27.186176300048828 (ms)
[RANK1] B @ 1057.98583984375 (ms) to 1105.396240234375 (ms), cudaEventElapsed = 47.38969421386719 (ms)
[RANK1] W @ 1106.102294921875 (ms) to 1130.197998046875 (ms), cudaEventElapsed = 24.07321548461914 (ms)
[RANK1] W @ 1130.469482421875 (ms) to 1157.52783203125 (ms), cudaEventElapsed = 27.035648345947266 (ms)
[RANK1] B @ 1158.299072265625 (ms) to 1207.17724609375 (ms), cudaEventElapsed = 48.85606384277344 (ms)
[RANK1] W @ 1207.958740234375 (ms) to 1232.251220703125 (ms), cudaEventElapsed = 24.26982307434082 (ms)
[RANK1] B @ 1233.007568359375 (ms) to 1280.169189453125 (ms), cudaEventElapsed = 47.140865325927734 (ms)
[RANK1] 5W @ 1281.889892578125 (ms) to 1412.7119140625 (ms), cudaEventElapsed = 130.79449462890625 (ms)
[RANK1] Iteration 5
[RANK1] F @ 33.99365234375 (ms) to 73.808349609375 (ms), cudaEventElapsed = 39.78547286987305 (ms)
[RANK1] F @ 75.3427734375 (ms) to 109.482177734375 (ms), cudaEventElapsed = 34.1104621887207 (ms)
[RANK1] F @ 111.0439453125 (ms) to 147.012451171875 (ms), cudaEventElapsed = 35.939327239990234 (ms)
[RANK1] F @ 148.704833984375 (ms) to 184.1455078125 (ms), cudaEventElapsed = 35.41196823120117 (ms)
[RANK1] F @ 185.693603515625 (ms) to 221.131103515625 (ms), cudaEventElapsed = 35.40787124633789 (ms)
[RANK1] F @ 222.701416015625 (ms) to 258.39501953125 (ms), cudaEventElapsed = 35.664894104003906 (ms)
[RANK1] B @ 283.840087890625 (ms) to 325.38330078125 (ms), cudaEventElapsed = 41.51398468017578 (ms)
[RANK1] F @ 326.803466796875 (ms) to 360.6083984375 (ms), cudaEventElapsed = 33.77561569213867 (ms)
[RANK1] F @ 362.29736328125 (ms) to 398.280517578125 (ms), cudaEventElapsed = 35.95366287231445 (ms)
[RANK1] B @ 399.83544921875 (ms) to 445.5 (ms), cudaEventElapsed = 45.637630462646484 (ms)
[RANK1] F @ 447.225341796875 (ms) to 482.90625 (ms), cudaEventElapsed = 35.65363311767578 (ms)
[RANK1] B @ 484.464111328125 (ms) to 529.4912109375 (ms), cudaEventElapsed = 44.99967956542969 (ms)
[RANK1] F @ 531.08349609375 (ms) to 565.716552734375 (ms), cudaEventElapsed = 34.60710525512695 (ms)
[RANK1] B @ 567.0400390625 (ms) to 641.156005859375 (ms), cudaEventElapsed = 74.09254455566406 (ms)
[RANK1] B @ 642.787109375 (ms) to 687.19287109375 (ms), cudaEventElapsed = 44.37913513183594 (ms)
[RANK1] F @ 689.37841796875 (ms) to 724.58544921875 (ms), cudaEventElapsed = 35.180545806884766 (ms)
[RANK1] B @ 725.989013671875 (ms) to 771.127685546875 (ms), cudaEventElapsed = 45.111297607421875 (ms)
[RANK1] F @ 772.669677734375 (ms) to 807.69970703125 (ms), cudaEventElapsed = 35.00236892700195 (ms)
[RANK1] B @ 809.46484375 (ms) to 854.258056640625 (ms), cudaEventElapsed = 44.76620864868164 (ms)
[RANK1] B @ 855.50830078125 (ms) to 900.25830078125 (ms), cudaEventElapsed = 44.72832107543945 (ms)
[RANK1] W @ 901.70849609375 (ms) to 928.75537109375 (ms), cudaEventElapsed = 27.018239974975586 (ms)
[RANK1] B @ 929.54638671875 (ms) to 978.337890625 (ms), cudaEventElapsed = 48.77107238769531 (ms)
[RANK1] W @ 979.023193359375 (ms) to 1003.142822265625 (ms), cudaEventElapsed = 24.09881591796875 (ms)
[RANK1] W @ 1003.3466796875 (ms) to 1029.657958984375 (ms), cudaEventElapsed = 26.28607940673828 (ms)
[RANK1] W @ 1029.980224609375 (ms) to 1056.9033203125 (ms), cudaEventElapsed = 26.899456024169922 (ms)
[RANK1] B @ 1057.686767578125 (ms) to 1105.936279296875 (ms), cudaEventElapsed = 48.22835159301758 (ms)
[RANK1] W @ 1106.619140625 (ms) to 1130.742919921875 (ms), cudaEventElapsed = 24.10188865661621 (ms)
[RANK1] W @ 1131.0263671875 (ms) to 1157.9404296875 (ms), cudaEventElapsed = 26.892288208007812 (ms)
[RANK1] B @ 1158.712646484375 (ms) to 1208.693603515625 (ms), cudaEventElapsed = 49.95993423461914 (ms)
[RANK1] W @ 1209.48876953125 (ms) to 1233.7802734375 (ms), cudaEventElapsed = 24.268800735473633 (ms)
[RANK1] B @ 1234.544189453125 (ms) to 1281.79736328125 (ms), cudaEventElapsed = 47.231998443603516 (ms)
[RANK1] 5W @ 1283.5341796875 (ms) to 1415.655029296875 (ms), cudaEventElapsed = 132.09190368652344 (ms)
[RANK1] Iteration 6
[RANK1] F @ 32.6708984375 (ms) to 72.636474609375 (ms), cudaEventElapsed = 39.934974670410156 (ms)
[RANK1] F @ 74.215576171875 (ms) to 107.7041015625 (ms), cudaEventElapsed = 33.45920181274414 (ms)
[RANK1] F @ 109.276611328125 (ms) to 145.39501953125 (ms), cudaEventElapsed = 36.08883285522461 (ms)
[RANK1] F @ 147.0908203125 (ms) to 183.601806640625 (ms), cudaEventElapsed = 36.48204803466797 (ms)
[RANK1] F @ 185.154296875 (ms) to 221.478271484375 (ms), cudaEventElapsed = 36.292606353759766 (ms)
[RANK1] F @ 223.09912109375 (ms) to 259.149658203125 (ms), cudaEventElapsed = 36.0181770324707 (ms)
[RANK1] B @ 286.01953125 (ms) to 327.807373046875 (ms), cudaEventElapsed = 41.75462341308594 (ms)
[RANK1] F @ 329.439453125 (ms) to 363.513916015625 (ms), cudaEventElapsed = 34.02956771850586 (ms)
[RANK1] F @ 365.201904296875 (ms) to 401.5302734375 (ms), cudaEventElapsed = 36.299774169921875 (ms)
[RANK1] B @ 403.100341796875 (ms) to 448.938720703125 (ms), cudaEventElapsed = 45.80659103393555 (ms)
[RANK1] F @ 450.776611328125 (ms) to 486.493896484375 (ms), cudaEventElapsed = 35.67820739746094 (ms)
[RANK1] B @ 488.031982421875 (ms) to 533.04736328125 (ms), cudaEventElapsed = 44.98739242553711 (ms)
[RANK1] F @ 534.606689453125 (ms) to 569.5732421875 (ms), cudaEventElapsed = 34.9378547668457 (ms)
[RANK1] B @ 571.136962890625 (ms) to 651.125 (ms), cudaEventElapsed = 79.95085144042969 (ms)
[RANK1] B @ 653.339599609375 (ms) to 700.58203125 (ms), cudaEventElapsed = 47.215614318847656 (ms)
[RANK1] F @ 703.07080078125 (ms) to 738.238037109375 (ms), cudaEventElapsed = 35.141632080078125 (ms)
[RANK1] B @ 739.499267578125 (ms) to 784.80859375 (ms), cudaEventElapsed = 45.286399841308594 (ms)
[RANK1] F @ 786.20068359375 (ms) to 821.486328125 (ms), cudaEventElapsed = 35.25120162963867 (ms)
[RANK1] B @ 822.814453125 (ms) to 868.434814453125 (ms), cudaEventElapsed = 45.597694396972656 (ms)
[RANK1] B @ 869.66015625 (ms) to 914.786865234375 (ms), cudaEventElapsed = 45.104129791259766 (ms)
[RANK1] W @ 915.929931640625 (ms) to 938.99462890625 (ms), cudaEventElapsed = 23.037952423095703 (ms)
[RANK1] B @ 939.781005859375 (ms) to 986.879150390625 (ms), cudaEventElapsed = 47.07020950317383 (ms)
[RANK1] W @ 987.55810546875 (ms) to 1011.9873046875 (ms), cudaEventElapsed = 24.408063888549805 (ms)
[RANK1] W @ 1012.180908203125 (ms) to 1037.985595703125 (ms), cudaEventElapsed = 25.779199600219727 (ms)
[RANK1] W @ 1038.312744140625 (ms) to 1065.202880859375 (ms), cudaEventElapsed = 26.864639282226562 (ms)
[RANK1] B @ 1065.973388671875 (ms) to 1113.45849609375 (ms), cudaEventElapsed = 47.464447021484375 (ms)
[RANK1] W @ 1114.180419921875 (ms) to 1137.814208984375 (ms), cudaEventElapsed = 23.608320236206055 (ms)
[RANK1] W @ 1138.111572265625 (ms) to 1165.2568359375 (ms), cudaEventElapsed = 27.12166404724121 (ms)
[RANK1] B @ 1166.012451171875 (ms) to 1215.16015625 (ms), cudaEventElapsed = 49.124351501464844 (ms)
[RANK1] W @ 1215.96728515625 (ms) to 1239.6982421875 (ms), cudaEventElapsed = 23.7076473236084 (ms)
[RANK1] B @ 1240.463623046875 (ms) to 1287.4599609375 (ms), cudaEventElapsed = 46.97395324707031 (ms)
[RANK1] 5W @ 1289.089599609375 (ms) to 1420.844970703125 (ms), cudaEventElapsed = 131.72837829589844 (ms)
[RANK1] Iteration 7
[RANK1] F @ 34.607177734375 (ms) to 71.943115234375 (ms), cudaEventElapsed = 37.30739212036133 (ms)
[RANK1] F @ 73.5166015625 (ms) to 107.027587890625 (ms), cudaEventElapsed = 33.48275375366211 (ms)
[RANK1] F @ 108.614990234375 (ms) to 144.579345703125 (ms), cudaEventElapsed = 35.93523025512695 (ms)
[RANK1] F @ 146.282958984375 (ms) to 182.3857421875 (ms), cudaEventElapsed = 36.07347106933594 (ms)
[RANK1] F @ 184.034912109375 (ms) to 220.1123046875 (ms), cudaEventElapsed = 36.05401611328125 (ms)
[RANK1] F @ 221.7041015625 (ms) to 257.759765625 (ms), cudaEventElapsed = 36.02739334106445 (ms)
[RANK1] B @ 285.3037109375 (ms) to 326.8330078125 (ms), cudaEventElapsed = 41.50067138671875 (ms)
[RANK1] F @ 328.231689453125 (ms) to 362.062744140625 (ms), cudaEventElapsed = 33.80428695678711 (ms)
[RANK1] F @ 363.758544921875 (ms) to 400.070556640625 (ms), cudaEventElapsed = 36.28339385986328 (ms)
[RANK1] B @ 401.650634765625 (ms) to 447.272705078125 (ms), cudaEventElapsed = 45.59360122680664 (ms)
[RANK1] F @ 449.004638671875 (ms) to 484.65966796875 (ms), cudaEventElapsed = 35.62598419189453 (ms)
[RANK1] B @ 486.20068359375 (ms) to 531.0947265625 (ms), cudaEventElapsed = 44.8614387512207 (ms)
[RANK1] F @ 532.746826171875 (ms) to 567.491455078125 (ms), cudaEventElapsed = 34.714622497558594 (ms)
[RANK1] B @ 569.1611328125 (ms) to 645.83642578125 (ms), cudaEventElapsed = 76.6402587890625 (ms)
[RANK1] B @ 647.953125 (ms) to 691.2001953125 (ms), cudaEventElapsed = 43.224063873291016 (ms)
[RANK1] F @ 693.412841796875 (ms) to 728.889892578125 (ms), cudaEventElapsed = 35.44780731201172 (ms)
[RANK1] B @ 730.1328125 (ms) to 775.780517578125 (ms), cudaEventElapsed = 45.625343322753906 (ms)
[RANK1] F @ 777.102294921875 (ms) to 812.444091796875 (ms), cudaEventElapsed = 35.318782806396484 (ms)
[RANK1] B @ 813.748046875 (ms) to 858.868408203125 (ms), cudaEventElapsed = 45.09695816040039 (ms)
[RANK1] B @ 860.071044921875 (ms) to 905.207763671875 (ms), cudaEventElapsed = 45.11539077758789 (ms)
[RANK1] W @ 906.637451171875 (ms) to 931.73388671875 (ms), cudaEventElapsed = 25.069568634033203 (ms)
[RANK1] B @ 932.527099609375 (ms) to 979.32666015625 (ms), cudaEventElapsed = 46.77836990356445 (ms)
[RANK1] W @ 980.0205078125 (ms) to 1003.92724609375 (ms), cudaEventElapsed = 23.88377571105957 (ms)
[RANK1] W @ 1004.1103515625 (ms) to 1030.10693359375 (ms), cudaEventElapsed = 25.971712112426758 (ms)
[RANK1] W @ 1030.43701171875 (ms) to 1057.279296875 (ms), cudaEventElapsed = 26.816511154174805 (ms)
[RANK1] B @ 1058.05908203125 (ms) to 1106.02001953125 (ms), cudaEventElapsed = 47.938560485839844 (ms)
[RANK1] W @ 1106.705810546875 (ms) to 1130.982177734375 (ms), cudaEventElapsed = 24.247295379638672 (ms)
[RANK1] W @ 1131.267578125 (ms) to 1157.881103515625 (ms), cudaEventElapsed = 26.591232299804688 (ms)
[RANK1] B @ 1158.650634765625 (ms) to 1208.828857421875 (ms), cudaEventElapsed = 50.158592224121094 (ms)
[RANK1] W @ 1209.62158203125 (ms) to 1234.346923828125 (ms), cudaEventElapsed = 24.70400047302246 (ms)
[RANK1] B @ 1235.12060546875 (ms) to 1282.517822265625 (ms), cudaEventElapsed = 47.37740707397461 (ms)
[RANK1] 5W @ 1284.14111328125 (ms) to 1415.81494140625 (ms), cudaEventElapsed = 131.64749145507812 (ms)
[RANK1] Iteration 8
[RANK1] F @ 33.501220703125 (ms) to 71.348388671875 (ms), cudaEventElapsed = 37.81836700439453 (ms)
[RANK1] F @ 72.887939453125 (ms) to 106.38720703125 (ms), cudaEventElapsed = 33.470462799072266 (ms)
[RANK1] F @ 107.95458984375 (ms) to 144.58544921875 (ms), cudaEventElapsed = 36.60185623168945 (ms)
[RANK1] F @ 146.28515625 (ms) to 182.642333984375 (ms), cudaEventElapsed = 36.329471588134766 (ms)
[RANK1] F @ 184.204345703125 (ms) to 220.298828125 (ms), cudaEventElapsed = 36.06528091430664 (ms)
[RANK1] F @ 221.835205078125 (ms) to 257.8984375 (ms), cudaEventElapsed = 36.03456115722656 (ms)
[RANK1] B @ 285.9912109375 (ms) to 327.79638671875 (ms), cudaEventElapsed = 41.78022384643555 (ms)
[RANK1] F @ 329.069580078125 (ms) to 363.657958984375 (ms), cudaEventElapsed = 34.563072204589844 (ms)
[RANK1] F @ 365.043701171875 (ms) to 401.296142578125 (ms), cudaEventElapsed = 36.22911834716797 (ms)
[RANK1] B @ 402.619140625 (ms) to 448.2958984375 (ms), cudaEventElapsed = 45.6519660949707 (ms)
[RANK1] F @ 449.759033203125 (ms) to 485.496337890625 (ms), cudaEventElapsed = 35.7130241394043 (ms)
[RANK1] B @ 486.8115234375 (ms) to 532.68408203125 (ms), cudaEventElapsed = 45.848575592041016 (ms)
[RANK1] F @ 534.23388671875 (ms) to 569.622802734375 (ms), cudaEventElapsed = 35.36383819580078 (ms)
[RANK1] B @ 570.977783203125 (ms) to 663.894775390625 (ms), cudaEventElapsed = 92.89523315429688 (ms)
[RANK1] B @ 665.799072265625 (ms) to 709.040283203125 (ms), cudaEventElapsed = 43.21894454956055 (ms)
[RANK1] F @ 711.45263671875 (ms) to 746.0849609375 (ms), cudaEventElapsed = 34.59584045410156 (ms)
[RANK1] B @ 747.58203125 (ms) to 793.281494140625 (ms), cudaEventElapsed = 45.676544189453125 (ms)
[RANK1] F @ 794.615478515625 (ms) to 829.578857421875 (ms), cudaEventElapsed = 34.939903259277344 (ms)
[RANK1] B @ 830.901611328125 (ms) to 875.861083984375 (ms), cudaEventElapsed = 44.93824005126953 (ms)
[RANK1] B @ 877.093994140625 (ms) to 921.559326171875 (ms), cudaEventElapsed = 44.444671630859375 (ms)
[RANK1] W @ 922.67626953125 (ms) to 945.95751953125 (ms), cudaEventElapsed = 23.254016876220703 (ms)
[RANK1] B @ 946.742919921875 (ms) to 993.52490234375 (ms), cudaEventElapsed = 46.76095962524414 (ms)
[RANK1] W @ 994.21630859375 (ms) to 1018.041015625 (ms), cudaEventElapsed = 23.802879333496094 (ms)
[RANK1] W @ 1018.239013671875 (ms) to 1044.477294921875 (ms), cudaEventElapsed = 26.216447830200195 (ms)
[RANK1] W @ 1044.750244140625 (ms) to 1072.05908203125 (ms), cudaEventElapsed = 27.285503387451172 (ms)
[RANK1] B @ 1072.81787109375 (ms) to 1120.4521484375 (ms), cudaEventElapsed = 47.61088180541992 (ms)
[RANK1] W @ 1121.17578125 (ms) to 1145.039794921875 (ms), cudaEventElapsed = 23.840768814086914 (ms)
[RANK1] W @ 1145.31787109375 (ms) to 1172.25 (ms), cudaEventElapsed = 26.90559959411621 (ms)
[RANK1] B @ 1173.012939453125 (ms) to 1220.677978515625 (ms), cudaEventElapsed = 47.643646240234375 (ms)
[RANK1] W @ 1221.485595703125 (ms) to 1245.71240234375 (ms), cudaEventElapsed = 24.202239990234375 (ms)
[RANK1] B @ 1246.507568359375 (ms) to 1293.72705078125 (ms), cudaEventElapsed = 47.1992301940918 (ms)
[RANK1] 5W @ 1295.38720703125 (ms) to 1426.92138671875 (ms), cudaEventElapsed = 131.5082244873047 (ms)
[RANK1] Iteration 9
[RANK1] F @ 32.6455078125 (ms) to 72.470458984375 (ms), cudaEventElapsed = 39.795711517333984 (ms)
[RANK1] F @ 74.045166015625 (ms) to 108.19677734375 (ms), cudaEventElapsed = 34.120704650878906 (ms)
[RANK1] F @ 111.074951171875 (ms) to 146.845947265625 (ms), cudaEventElapsed = 35.736576080322266 (ms)
[RANK1] F @ 148.6533203125 (ms) to 184.38427734375 (ms), cudaEventElapsed = 35.69868850708008 (ms)
[RANK1] F @ 185.994873046875 (ms) to 222.123779296875 (ms), cudaEventElapsed = 36.09907150268555 (ms)
[RANK1] F @ 224.59033203125 (ms) to 260.395751953125 (ms), cudaEventElapsed = 35.776512145996094 (ms)
[RANK1] B @ 284.11474609375 (ms) to 326.142822265625 (ms), cudaEventElapsed = 41.99833679199219 (ms)
[RANK1] F @ 327.626220703125 (ms) to 361.609130859375 (ms), cudaEventElapsed = 33.95481491088867 (ms)
[RANK1] F @ 363.315185546875 (ms) to 399.332763671875 (ms), cudaEventElapsed = 35.98847961425781 (ms)
[RANK1] B @ 400.897216796875 (ms) to 446.805419921875 (ms), cudaEventElapsed = 45.879295349121094 (ms)
[RANK1] F @ 448.532958984375 (ms) to 484.090576171875 (ms), cudaEventElapsed = 35.52870559692383 (ms)
[RANK1] B @ 485.6533203125 (ms) to 530.636474609375 (ms), cudaEventElapsed = 44.95462417602539 (ms)
[RANK1] F @ 532.1943359375 (ms) to 567.069580078125 (ms), cudaEventElapsed = 34.84672164916992 (ms)
[RANK1] B @ 568.636962890625 (ms) to 643.225341796875 (ms), cudaEventElapsed = 74.56050872802734 (ms)
[RANK1] B @ 644.72265625 (ms) to 688.065673828125 (ms), cudaEventElapsed = 43.31622314453125 (ms)
[RANK1] F @ 690.27587890625 (ms) to 725.027099609375 (ms), cudaEventElapsed = 34.723838806152344 (ms)
[RANK1] B @ 726.470947265625 (ms) to 771.37255859375 (ms), cudaEventElapsed = 44.86860656738281 (ms)
[RANK1] F @ 772.94384765625 (ms) to 808.346923828125 (ms), cudaEventElapsed = 35.372032165527344 (ms)
[RANK1] B @ 809.700927734375 (ms) to 854.95263671875 (ms), cudaEventElapsed = 45.22905731201172 (ms)
[RANK1] B @ 856.18212890625 (ms) to 901.17822265625 (ms), cudaEventElapsed = 44.97510528564453 (ms)
[RANK1] W @ 902.611572265625 (ms) to 928.982666015625 (ms), cudaEventElapsed = 26.34342384338379 (ms)
[RANK1] B @ 929.772705078125 (ms) to 977.307861328125 (ms), cudaEventElapsed = 47.514625549316406 (ms)
[RANK1] W @ 977.988037109375 (ms) to 1001.8173828125 (ms), cudaEventElapsed = 23.806976318359375 (ms)
[RANK1] W @ 1001.99609375 (ms) to 1028.089111328125 (ms), cudaEventElapsed = 26.0710391998291 (ms)
[RANK1] W @ 1028.353515625 (ms) to 1055.314208984375 (ms), cudaEventElapsed = 26.93939208984375 (ms)
[RANK1] B @ 1056.07177734375 (ms) to 1104.5859375 (ms), cudaEventElapsed = 48.493568420410156 (ms)
[RANK1] W @ 1105.284912109375 (ms) to 1130.014892578125 (ms), cudaEventElapsed = 24.70604705810547 (ms)
[RANK1] W @ 1130.307373046875 (ms) to 1156.7431640625 (ms), cudaEventElapsed = 26.411008834838867 (ms)
[RANK1] B @ 1157.512939453125 (ms) to 1207.775634765625 (ms), cudaEventElapsed = 50.24153518676758 (ms)
[RANK1] W @ 1208.55322265625 (ms) to 1233.136474609375 (ms), cudaEventElapsed = 24.559616088867188 (ms)
[RANK1] B @ 1233.9140625 (ms) to 1280.998779296875 (ms), cudaEventElapsed = 47.06304168701172 (ms)
[RANK1] 5W @ 1282.62841796875 (ms) to 1415.2919921875 (ms), cudaEventElapsed = 132.63462829589844 (ms)
