[RANK2] Iteration 1
[RANK2] F @ 771.26904296875 (ms) to 981.838623046875 (ms), cudaEventElapsed = 210.52313232421875 (ms)
[RANK2] F @ 983.55224609375 (ms) to 1016.98193359375 (ms), cudaEventElapsed = 33.39775848388672 (ms)
[RANK2] F @ 1018.54296875 (ms) to 1053.866455078125 (ms), cudaEventElapsed = 35.29420852661133 (ms)
[RANK2] B @ 1584.062744140625 (ms) to 1649.88427734375 (ms), cudaEventElapsed = 65.78380584716797 (ms)
[RANK2] F @ 1651.42822265625 (ms) to 1683.852783203125 (ms), cudaEventElapsed = 32.395263671875 (ms)
[RANK2] B @ 1685.709228515625 (ms) to 1730.094970703125 (ms), cudaEventElapsed = 44.33612823486328 (ms)
[RANK2] F @ 1731.565185546875 (ms) to 1764.68115234375 (ms), cudaEventElapsed = 33.03014373779297 (ms)
[RANK2] B @ 1768.09375 (ms) to 1811.485595703125 (ms), cudaEventElapsed = 43.3623046875 (ms)
[RANK2] F @ 1812.927734375 (ms) to 1845.73193359375 (ms), cudaEventElapsed = 32.77619171142578 (ms)
[RANK2] B @ 1847.41845703125 (ms) to 1891.83544921875 (ms), cudaEventElapsed = 44.3873291015625 (ms)
[RANK2] F @ 1893.25830078125 (ms) to 1926.47021484375 (ms), cudaEventElapsed = 32.97382354736328 (ms)
[RANK2] B @ 1928.197509765625 (ms) to 1972.044921875 (ms), cudaEventElapsed = 43.81593704223633 (ms)
[RANK2] F @ 1973.459228515625 (ms) to 2006.400146484375 (ms), cudaEventElapsed = 32.91340637207031 (ms)
[RANK2] B @ 2008.121337890625 (ms) to 2052.130859375 (ms), cudaEventElapsed = 43.979774475097656 (ms)
[RANK2] F @ 2053.52587890625 (ms) to 2086.47265625 (ms), cudaEventElapsed = 32.92057418823242 (ms)
[RANK2] B @ 2088.167724609375 (ms) to 2132.2861328125 (ms), cudaEventElapsed = 44.09036636352539 (ms)
[RANK2] F @ 2133.693359375 (ms) to 2166.71142578125 (ms), cudaEventElapsed = 32.9881591796875 (ms)
[RANK2] B @ 2168.1513671875 (ms) to 2212.602294921875 (ms), cudaEventElapsed = 44.42931365966797 (ms)
[RANK2] F @ 2213.8193359375 (ms) to 2247.123291015625 (ms), cudaEventElapsed = 33.27692794799805 (ms)
[RANK2] B @ 2248.63330078125 (ms) to 2293.020263671875 (ms), cudaEventElapsed = 44.36377716064453 (ms)
[RANK2] F @ 2294.24169921875 (ms) to 2327.7099609375 (ms), cudaEventElapsed = 33.44179153442383 (ms)
[RANK2] B @ 2329.156005859375 (ms) to 2373.536376953125 (ms), cudaEventElapsed = 44.35763168334961 (ms)
[RANK2] W @ 2374.2744140625 (ms) to 2395.162841796875 (ms), cudaEventElapsed = 20.86604881286621 (ms)
[RANK2] B @ 2395.94140625 (ms) to 2437.7333984375 (ms), cudaEventElapsed = 41.768959045410156 (ms)
[RANK2] W @ 2438.4736328125 (ms) to 2458.3447265625 (ms), cudaEventElapsed = 19.84716796875 (ms)
[RANK2] B @ 2459.170654296875 (ms) to 2501.489013671875 (ms), cudaEventElapsed = 42.29529571533203 (ms)
[RANK2] 10W @ 2503.9150390625 (ms) to 2717.034423828125 (ms), cudaEventElapsed = 213.0892791748047 (ms)
[RANK2] Iteration 2
[RANK2] F @ 74.808837890625 (ms) to 106.60791015625 (ms), cudaEventElapsed = 31.771648406982422 (ms)
[RANK2] F @ 109.271728515625 (ms) to 142.702392578125 (ms), cudaEventElapsed = 33.40390396118164 (ms)
[RANK2] F @ 149.302490234375 (ms) to 183.9677734375 (ms), cudaEventElapsed = 34.63475036621094 (ms)
[RANK2] B @ 186.156005859375 (ms) to 231.04736328125 (ms), cudaEventElapsed = 44.862464904785156 (ms)
[RANK2] F @ 232.441650390625 (ms) to 267.643310546875 (ms), cudaEventElapsed = 35.174400329589844 (ms)
[RANK2] B @ 269.3388671875 (ms) to 314.605712890625 (ms), cudaEventElapsed = 45.23827362060547 (ms)
[RANK2] F @ 343.4287109375 (ms) to 375.1884765625 (ms), cudaEventElapsed = 31.735807418823242 (ms)
[RANK2] B @ 376.548828125 (ms) to 420.609375 (ms), cudaEventElapsed = 44.035072326660156 (ms)
[RANK2] F @ 423.729736328125 (ms) to 458.592041015625 (ms), cudaEventElapsed = 34.83340835571289 (ms)
[RANK2] B @ 460.291748046875 (ms) to 505.152099609375 (ms), cudaEventElapsed = 44.828670501708984 (ms)
[RANK2] F @ 508.1552734375 (ms) to 542.477294921875 (ms), cudaEventElapsed = 34.293758392333984 (ms)
[RANK2] B @ 544.152099609375 (ms) to 588.984130859375 (ms), cudaEventElapsed = 44.79897689819336 (ms)
[RANK2] F @ 590.3056640625 (ms) to 625.486328125 (ms), cudaEventElapsed = 35.154945373535156 (ms)
[RANK2] B @ 626.9189453125 (ms) to 770.2578125 (ms), cudaEventElapsed = 143.31494140625 (ms)
[RANK2] F @ 771.90869140625 (ms) to 804.5205078125 (ms), cudaEventElapsed = 32.58367919921875 (ms)
[RANK2] B @ 807.063720703125 (ms) to 851.7578125 (ms), cudaEventElapsed = 44.665855407714844 (ms)
[RANK2] F @ 853.76220703125 (ms) to 889.9443359375 (ms), cudaEventElapsed = 36.15436935424805 (ms)
[RANK2] B @ 891.875244140625 (ms) to 937.39306640625 (ms), cudaEventElapsed = 45.493247985839844 (ms)
[RANK2] F @ 938.671142578125 (ms) to 973.97021484375 (ms), cudaEventElapsed = 35.27475357055664 (ms)
[RANK2] B @ 975.324462890625 (ms) to 1020.713623046875 (ms), cudaEventElapsed = 45.36524963378906 (ms)
[RANK2] F @ 1021.97119140625 (ms) to 1057.23828125 (ms), cudaEventElapsed = 35.24198532104492 (ms)
[RANK2] B @ 1058.627685546875 (ms) to 1103.879150390625 (ms), cudaEventElapsed = 45.22496032714844 (ms)
[RANK2] W @ 1104.7490234375 (ms) to 1127.9521484375 (ms), cudaEventElapsed = 23.175167083740234 (ms)
[RANK2] B @ 1128.8134765625 (ms) to 1175.622314453125 (ms), cudaEventElapsed = 46.78553771972656 (ms)
[RANK2] W @ 1176.452880859375 (ms) to 1200.75390625 (ms), cudaEventElapsed = 24.2739200592041 (ms)
[RANK2] B @ 1201.595703125 (ms) to 1248.160888671875 (ms), cudaEventElapsed = 46.5428466796875 (ms)
[RANK2] 10W @ 1250.48388671875 (ms) to 1515.8193359375 (ms), cudaEventElapsed = 265.302001953125 (ms)
[RANK2] Iteration 3
[RANK2] F @ 73.38232421875 (ms) to 104.965087890625 (ms), cudaEventElapsed = 31.55353546142578 (ms)
[RANK2] F @ 108.647216796875 (ms) to 142.510498046875 (ms), cudaEventElapsed = 33.83500671386719 (ms)
[RANK2] F @ 148.764404296875 (ms) to 183.374267578125 (ms), cudaEventElapsed = 34.58252716064453 (ms)
[RANK2] F @ 185.0615234375 (ms) to 220.387939453125 (ms), cudaEventElapsed = 35.297279357910156 (ms)
[RANK2] B @ 221.9658203125 (ms) to 267.09130859375 (ms), cudaEventElapsed = 45.092864990234375 (ms)
[RANK2] F @ 268.723876953125 (ms) to 304.09228515625 (ms), cudaEventElapsed = 35.327999114990234 (ms)
[RANK2] B @ 305.751708984375 (ms) to 351.302978515625 (ms), cudaEventElapsed = 45.520896911621094 (ms)
[RANK2] F @ 353.35546875 (ms) to 388.650146484375 (ms), cudaEventElapsed = 35.26655960083008 (ms)
[RANK2] B @ 390.23583984375 (ms) to 435.603759765625 (ms), cudaEventElapsed = 45.33964920043945 (ms)
[RANK2] F @ 437.23095703125 (ms) to 472.694091796875 (ms), cudaEventElapsed = 35.43654251098633 (ms)
[RANK2] B @ 474.378173828125 (ms) to 519.577880859375 (ms), cudaEventElapsed = 45.17375946044922 (ms)
[RANK2] B @ 521.015869140625 (ms) to 565.409423828125 (ms), cudaEventElapsed = 44.36684799194336 (ms)
[RANK2] F @ 566.68896484375 (ms) to 601.827880859375 (ms), cudaEventElapsed = 35.116031646728516 (ms)
[RANK2] B @ 603.153076171875 (ms) to 647.9873046875 (ms), cudaEventElapsed = 44.812286376953125 (ms)
[RANK2] F @ 649.326904296875 (ms) to 684.677978515625 (ms), cudaEventElapsed = 35.327999114990234 (ms)
[RANK2] B @ 686.011962890625 (ms) to 731.500732421875 (ms), cudaEventElapsed = 45.46355056762695 (ms)
[RANK2] B @ 732.871337890625 (ms) to 777.5009765625 (ms), cudaEventElapsed = 44.60236740112305 (ms)
[RANK2] F @ 779.11279296875 (ms) to 813.884521484375 (ms), cudaEventElapsed = 34.742271423339844 (ms)
[RANK2] B @ 815.482666015625 (ms) to 860.623046875 (ms), cudaEventElapsed = 45.10617446899414 (ms)
[RANK2] F @ 861.846923828125 (ms) to 896.6123046875 (ms), cudaEventElapsed = 34.7432975769043 (ms)
[RANK2] F @ 897.929931640625 (ms) to 936.541748046875 (ms), cudaEventElapsed = 38.589439392089844 (ms)
[RANK2] B @ 937.811279296875 (ms) to 987.9443359375 (ms), cudaEventElapsed = 50.1104621887207 (ms)
[RANK2] W @ 988.711669921875 (ms) to 1013.7998046875 (ms), cudaEventElapsed = 25.065471649169922 (ms)
[RANK2] W @ 1014.0029296875 (ms) to 1040.6484375 (ms), cudaEventElapsed = 26.620927810668945 (ms)
[RANK2] B @ 1041.48095703125 (ms) to 1089.4443359375 (ms), cudaEventElapsed = 47.940608978271484 (ms)
[RANK2] W @ 1090.23291015625 (ms) to 1114.300537109375 (ms), cudaEventElapsed = 24.045568466186523 (ms)
[RANK2] B @ 1115.1064453125 (ms) to 1161.7021484375 (ms), cudaEventElapsed = 46.57561492919922 (ms)
[RANK2] 9W @ 1163.639892578125 (ms) to 1399.506103515625 (ms), cudaEventElapsed = 235.83847045898438 (ms)
[RANK2] Iteration 4
[RANK2] F @ 80.886962890625 (ms) to 112.420654296875 (ms), cudaEventElapsed = 31.505407333374023 (ms)
[RANK2] F @ 118.118408203125 (ms) to 151.1171875 (ms), cudaEventElapsed = 32.97075271606445 (ms)
[RANK2] F @ 155.782958984375 (ms) to 191.458740234375 (ms), cudaEventElapsed = 35.64851379394531 (ms)
[RANK2] F @ 193.1513671875 (ms) to 228.989013671875 (ms), cudaEventElapsed = 35.80723190307617 (ms)
[RANK2] B @ 230.625732421875 (ms) to 276.72119140625 (ms), cudaEventElapsed = 46.064640045166016 (ms)
[RANK2] F @ 278.44970703125 (ms) to 313.832275390625 (ms), cudaEventElapsed = 35.353599548339844 (ms)
[RANK2] B @ 315.548828125 (ms) to 360.749755859375 (ms), cudaEventElapsed = 45.17375946044922 (ms)
[RANK2] F @ 364.107421875 (ms) to 398.6337890625 (ms), cudaEventElapsed = 34.49651336669922 (ms)
[RANK2] B @ 401.249755859375 (ms) to 446.076904296875 (ms), cudaEventElapsed = 44.79897689819336 (ms)
[RANK2] F @ 447.674560546875 (ms) to 483.068359375 (ms), cudaEventElapsed = 35.34540939331055 (ms)
[RANK2] B @ 484.6357421875 (ms) to 533.757080078125 (ms), cudaEventElapsed = 49.093631744384766 (ms)
[RANK2] B @ 535.47509765625 (ms) to 579.86474609375 (ms), cudaEventElapsed = 44.36172866821289 (ms)
[RANK2] F @ 581.462158203125 (ms) to 616.426513671875 (ms), cudaEventElapsed = 34.936832427978516 (ms)
[RANK2] B @ 617.98193359375 (ms) to 663.1689453125 (ms), cudaEventElapsed = 45.159423828125 (ms)
[RANK2] F @ 664.7197265625 (ms) to 699.41552734375 (ms), cudaEventElapsed = 34.66854476928711 (ms)
[RANK2] B @ 700.95263671875 (ms) to 746.28466796875 (ms), cudaEventElapsed = 45.301761627197266 (ms)
[RANK2] B @ 748.0458984375 (ms) to 792.77392578125 (ms), cudaEventElapsed = 44.68940734863281 (ms)
[RANK2] F @ 794.48828125 (ms) to 829.362548828125 (ms), cudaEventElapsed = 34.83238220214844 (ms)
[RANK2] B @ 830.604248046875 (ms) to 876.150390625 (ms), cudaEventElapsed = 45.524993896484375 (ms)
[RANK2] F @ 877.380859375 (ms) to 912.736328125 (ms), cudaEventElapsed = 35.334144592285156 (ms)
[RANK2] F @ 914.064697265625 (ms) to 953.685302734375 (ms), cudaEventElapsed = 39.590911865234375 (ms)
[RANK2] B @ 954.947021484375 (ms) to 1004.252685546875 (ms), cudaEventElapsed = 49.28307342529297 (ms)
[RANK2] W @ 1005.01025390625 (ms) to 1029.01123046875 (ms), cudaEventElapsed = 23.977983474731445 (ms)
[RANK2] W @ 1029.252685546875 (ms) to 1055.192626953125 (ms), cudaEventElapsed = 25.91539192199707 (ms)
[RANK2] B @ 1055.9755859375 (ms) to 1103.425537109375 (ms), cudaEventElapsed = 47.42451095581055 (ms)
[RANK2] W @ 1104.473876953125 (ms) to 1127.936279296875 (ms), cudaEventElapsed = 23.430143356323242 (ms)
[RANK2] B @ 1128.76416015625 (ms) to 1175.64208984375 (ms), cudaEventElapsed = 46.857215881347656 (ms)
[RANK2] 9W @ 1177.818603515625 (ms) to 1419.21728515625 (ms), cudaEventElapsed = 241.3690948486328 (ms)
[RANK2] Iteration 5
[RANK2] F @ 79.10693359375 (ms) to 111.035400390625 (ms), cudaEventElapsed = 31.575040817260742 (ms)
[RANK2] F @ 116.22705078125 (ms) to 149.356201171875 (ms), cudaEventElapsed = 33.09977722167969 (ms)
[RANK2] F @ 154.522216796875 (ms) to 189.3642578125 (ms), cudaEventElapsed = 34.8139533996582 (ms)
[RANK2] F @ 191.060791015625 (ms) to 226.801513671875 (ms), cudaEventElapsed = 35.7130241394043 (ms)
[RANK2] B @ 232.258056640625 (ms) to 276.380126953125 (ms), cudaEventElapsed = 44.093441009521484 (ms)
[RANK2] F @ 278.064453125 (ms) to 313.09375 (ms), cudaEventElapsed = 35.00032043457031 (ms)
[RANK2] B @ 314.784423828125 (ms) to 359.975341796875 (ms), cudaEventElapsed = 45.16352081298828 (ms)
[RANK2] F @ 363.46435546875 (ms) to 398.289306640625 (ms), cudaEventElapsed = 34.799617767333984 (ms)
[RANK2] B @ 400.48828125 (ms) to 445.795166015625 (ms), cudaEventElapsed = 45.277183532714844 (ms)
[RANK2] F @ 447.201416015625 (ms) to 482.313720703125 (ms), cudaEventElapsed = 35.08736038208008 (ms)
[RANK2] B @ 483.727783203125 (ms) to 528.907470703125 (ms), cudaEventElapsed = 45.15020751953125 (ms)
[RANK2] B @ 530.637451171875 (ms) to 575.201171875 (ms), cudaEventElapsed = 44.53580856323242 (ms)
[RANK2] F @ 576.628662109375 (ms) to 611.870849609375 (ms), cudaEventElapsed = 35.21228790283203 (ms)
[RANK2] B @ 613.229248046875 (ms) to 657.886962890625 (ms), cudaEventElapsed = 44.63411331176758 (ms)
[RANK2] F @ 659.258544921875 (ms) to 694.5908203125 (ms), cudaEventElapsed = 35.30547332763672 (ms)
[RANK2] B @ 695.958251953125 (ms) to 741.24365234375 (ms), cudaEventElapsed = 45.260799407958984 (ms)
[RANK2] B @ 751.54248046875 (ms) to 794.51025390625 (ms), cudaEventElapsed = 42.94348907470703 (ms)
[RANK2] F @ 795.859130859375 (ms) to 830.960205078125 (ms), cudaEventElapsed = 35.07609558105469 (ms)
[RANK2] B @ 832.256591796875 (ms) to 877.322998046875 (ms), cudaEventElapsed = 45.042686462402344 (ms)
[RANK2] F @ 878.605224609375 (ms) to 913.980712890625 (ms), cudaEventElapsed = 35.3515510559082 (ms)
[RANK2] F @ 915.318115234375 (ms) to 952.30908203125 (ms), cudaEventElapsed = 36.968448638916016 (ms)
[RANK2] B @ 971.044677734375 (ms) to 1015.13134765625 (ms), cudaEventElapsed = 44.060672760009766 (ms)
[RANK2] W @ 1015.892822265625 (ms) to 1038.225830078125 (ms), cudaEventElapsed = 22.310911178588867 (ms)
[RANK2] W @ 1038.449462890625 (ms) to 1065.792724609375 (ms), cudaEventElapsed = 27.31929588317871 (ms)
[RANK2] B @ 1077.049560546875 (ms) to 1122.435546875 (ms), cudaEventElapsed = 45.36320114135742 (ms)
[RANK2] W @ 1123.226318359375 (ms) to 1146.85205078125 (ms), cudaEventElapsed = 23.600128173828125 (ms)
[RANK2] B @ 1152.323974609375 (ms) to 1197.45166015625 (ms), cudaEventElapsed = 45.10617446899414 (ms)
[RANK2] 9W @ 1199.524658203125 (ms) to 1439.55517578125 (ms), cudaEventElapsed = 239.9989776611328 (ms)
[RANK2] Iteration 6
[RANK2] F @ 80.5732421875 (ms) to 112.300537109375 (ms), cudaEventElapsed = 31.696895599365234 (ms)
[RANK2] F @ 115.874755859375 (ms) to 148.63916015625 (ms), cudaEventElapsed = 32.73420715332031 (ms)
[RANK2] F @ 153.620361328125 (ms) to 188.890380859375 (ms), cudaEventElapsed = 35.23993682861328 (ms)
[RANK2] F @ 191.680419921875 (ms) to 227.107421875 (ms), cudaEventElapsed = 35.39865493774414 (ms)
[RANK2] B @ 235.36572265625 (ms) to 279.1689453125 (ms), cudaEventElapsed = 43.772926330566406 (ms)
[RANK2] F @ 280.790771484375 (ms) to 315.986572265625 (ms), cudaEventElapsed = 35.16825485229492 (ms)
[RANK2] B @ 317.699462890625 (ms) to 362.918701171875 (ms), cudaEventElapsed = 45.193214416503906 (ms)
[RANK2] F @ 365.013916015625 (ms) to 400.085693359375 (ms), cudaEventElapsed = 35.04332733154297 (ms)
[RANK2] B @ 401.646728515625 (ms) to 447.32763671875 (ms), cudaEventElapsed = 45.652992248535156 (ms)
[RANK2] F @ 449.012451171875 (ms) to 484.337646484375 (ms), cudaEventElapsed = 35.293182373046875 (ms)
[RANK2] B @ 485.920166015625 (ms) to 531.2939453125 (ms), cudaEventElapsed = 45.34476852416992 (ms)
[RANK2] B @ 533.037841796875 (ms) to 577.4736328125 (ms), cudaEventElapsed = 44.40883255004883 (ms)
[RANK2] F @ 578.902099609375 (ms) to 614.366455078125 (ms), cudaEventElapsed = 35.43756866455078 (ms)
[RANK2] B @ 615.943115234375 (ms) to 661.339111328125 (ms), cudaEventElapsed = 45.36934280395508 (ms)
[RANK2] F @ 662.908447265625 (ms) to 698.624267578125 (ms), cudaEventElapsed = 35.68537521362305 (ms)
[RANK2] B @ 700.0029296875 (ms) to 745.4404296875 (ms), cudaEventElapsed = 45.41030502319336 (ms)
[RANK2] B @ 751.094482421875 (ms) to 794.99951171875 (ms), cudaEventElapsed = 43.881473541259766 (ms)
[RANK2] F @ 796.34814453125 (ms) to 830.684814453125 (ms), cudaEventElapsed = 34.31321716308594 (ms)
[RANK2] B @ 831.970947265625 (ms) to 876.966552734375 (ms), cudaEventElapsed = 44.97203063964844 (ms)
[RANK2] F @ 878.25048828125 (ms) to 913.556396484375 (ms), cudaEventElapsed = 35.28294372558594 (ms)
[RANK2] F @ 914.899658203125 (ms) to 953.157958984375 (ms), cudaEventElapsed = 38.23513412475586 (ms)
[RANK2] B @ 972.81201171875 (ms) to 1016.524658203125 (ms), cudaEventElapsed = 43.688961029052734 (ms)
[RANK2] W @ 1017.314453125 (ms) to 1039.590087890625 (ms), cudaEventElapsed = 22.25152015686035 (ms)
[RANK2] W @ 1039.8525390625 (ms) to 1065.510986328125 (ms), cudaEventElapsed = 25.634815216064453 (ms)
[RANK2] B @ 1079.193359375 (ms) to 1123.851318359375 (ms), cudaEventElapsed = 44.635135650634766 (ms)
[RANK2] W @ 1124.62939453125 (ms) to 1147.382568359375 (ms), cudaEventElapsed = 22.726655960083008 (ms)
[RANK2] B @ 1154.64599609375 (ms) to 1199.820068359375 (ms), cudaEventElapsed = 45.15225601196289 (ms)
[RANK2] 9W @ 1201.816650390625 (ms) to 1440.25048828125 (ms), cudaEventElapsed = 238.40562438964844 (ms)
[RANK2] Iteration 7
[RANK2] F @ 78.2255859375 (ms) to 109.88525390625 (ms), cudaEventElapsed = 31.62726402282715 (ms)
[RANK2] F @ 116.39111328125 (ms) to 149.333740234375 (ms), cudaEventElapsed = 32.91340637207031 (ms)
[RANK2] F @ 151.885498046875 (ms) to 187.293701171875 (ms), cudaEventElapsed = 35.378177642822266 (ms)
[RANK2] F @ 190.180908203125 (ms) to 225.9521484375 (ms), cudaEventElapsed = 35.736576080322266 (ms)
[RANK2] B @ 232.825927734375 (ms) to 276.8173828125 (ms), cudaEventElapsed = 43.95622253417969 (ms)
[RANK2] F @ 278.41845703125 (ms) to 313.2490234375 (ms), cudaEventElapsed = 34.80268859863281 (ms)
[RANK2] B @ 314.706787109375 (ms) to 359.71044921875 (ms), cudaEventElapsed = 44.97817611694336 (ms)
[RANK2] F @ 361.856201171875 (ms) to 397.038818359375 (ms), cudaEventElapsed = 35.150848388671875 (ms)
[RANK2] B @ 398.66650390625 (ms) to 444.17578125 (ms), cudaEventElapsed = 45.478912353515625 (ms)
[RANK2] F @ 445.84423828125 (ms) to 481.3955078125 (ms), cudaEventElapsed = 35.52153778076172 (ms)
[RANK2] B @ 483.005859375 (ms) to 528.873291015625 (ms), cudaEventElapsed = 45.839359283447266 (ms)
[RANK2] B @ 530.767822265625 (ms) to 575.327880859375 (ms), cudaEventElapsed = 44.51942443847656 (ms)
[RANK2] F @ 576.85595703125 (ms) to 612.05859375 (ms), cudaEventElapsed = 35.1723518371582 (ms)
[RANK2] B @ 613.652099609375 (ms) to 658.449462890625 (ms), cudaEventElapsed = 44.77132797241211 (ms)
[RANK2] F @ 659.99462890625 (ms) to 695.262939453125 (ms), cudaEventElapsed = 35.23891067504883 (ms)
[RANK2] B @ 696.857421875 (ms) to 742.1162109375 (ms), cudaEventElapsed = 45.23110580444336 (ms)
[RANK2] B @ 749.141357421875 (ms) to 792.711181640625 (ms), cudaEventElapsed = 43.54252624511719 (ms)
[RANK2] F @ 794.372314453125 (ms) to 828.904296875 (ms), cudaEventElapsed = 34.50163269042969 (ms)
[RANK2] B @ 830.155029296875 (ms) to 875.33984375 (ms), cudaEventElapsed = 45.16249465942383 (ms)
[RANK2] F @ 876.5859375 (ms) to 912.100341796875 (ms), cudaEventElapsed = 35.492862701416016 (ms)
[RANK2] F @ 913.4072265625 (ms) to 950.7158203125 (ms), cudaEventElapsed = 37.28691101074219 (ms)
[RANK2] B @ 970.234130859375 (ms) to 1013.648681640625 (ms), cudaEventElapsed = 43.39302444458008 (ms)
[RANK2] W @ 1014.3798828125 (ms) to 1036.68212890625 (ms), cudaEventElapsed = 22.28019142150879 (ms)
[RANK2] W @ 1036.89404296875 (ms) to 1063.31640625 (ms), cudaEventElapsed = 26.399744033813477 (ms)
[RANK2] B @ 1075.961181640625 (ms) to 1121.34033203125 (ms), cudaEventElapsed = 45.35808181762695 (ms)
[RANK2] W @ 1122.127197265625 (ms) to 1145.456787109375 (ms), cudaEventElapsed = 23.30624008178711 (ms)
[RANK2] B @ 1151.57275390625 (ms) to 1196.938720703125 (ms), cudaEventElapsed = 45.34579086303711 (ms)
[RANK2] 9W @ 1199.103271484375 (ms) to 1438.35009765625 (ms), cudaEventElapsed = 239.2156219482422 (ms)
[RANK2] Iteration 8
[RANK2] F @ 79.967529296875 (ms) to 111.685791015625 (ms), cudaEventElapsed = 31.684608459472656 (ms)
[RANK2] F @ 114.570556640625 (ms) to 148.244384765625 (ms), cudaEventElapsed = 33.64352035522461 (ms)
[RANK2] F @ 152.270751953125 (ms) to 188.05078125 (ms), cudaEventElapsed = 35.75193786621094 (ms)
[RANK2] F @ 189.765380859375 (ms) to 225.770263671875 (ms), cudaEventElapsed = 35.978240966796875 (ms)
[RANK2] B @ 233.966064453125 (ms) to 278.22119140625 (ms), cudaEventElapsed = 44.22758483886719 (ms)
[RANK2] F @ 279.792236328125 (ms) to 314.246337890625 (ms), cudaEventElapsed = 34.4268798828125 (ms)
[RANK2] B @ 315.953125 (ms) to 361.023681640625 (ms), cudaEventElapsed = 45.0437126159668 (ms)
[RANK2] F @ 363.116455078125 (ms) to 398.390380859375 (ms), cudaEventElapsed = 35.24505615234375 (ms)
[RANK2] B @ 399.759521484375 (ms) to 444.756591796875 (ms), cudaEventElapsed = 44.9699821472168 (ms)
[RANK2] F @ 446.385986328125 (ms) to 481.528564453125 (ms), cudaEventElapsed = 35.11500930786133 (ms)
[RANK2] B @ 483.093505859375 (ms) to 528.475341796875 (ms), cudaEventElapsed = 45.35295867919922 (ms)
[RANK2] B @ 530.22314453125 (ms) to 575.28173828125 (ms), cudaEventElapsed = 45.032447814941406 (ms)
[RANK2] F @ 576.690673828125 (ms) to 611.60595703125 (ms), cudaEventElapsed = 34.88460922241211 (ms)
[RANK2] B @ 613.1806640625 (ms) to 658.42236328125 (ms), cudaEventElapsed = 45.2147216796875 (ms)
[RANK2] F @ 659.948486328125 (ms) to 695.1845703125 (ms), cudaEventElapsed = 35.2092170715332 (ms)
[RANK2] B @ 696.7412109375 (ms) to 742.096435546875 (ms), cudaEventElapsed = 45.32735824584961 (ms)
[RANK2] B @ 748.28759765625 (ms) to 792.5732421875 (ms), cudaEventElapsed = 44.258304595947266 (ms)
[RANK2] F @ 794.092529296875 (ms) to 828.623779296875 (ms), cudaEventElapsed = 34.504703521728516 (ms)
[RANK2] B @ 830.056640625 (ms) to 875.289306640625 (ms), cudaEventElapsed = 45.20345687866211 (ms)
[RANK2] F @ 876.578369140625 (ms) to 911.785888671875 (ms), cudaEventElapsed = 35.18259048461914 (ms)
[RANK2] F @ 913.119873046875 (ms) to 951.908447265625 (ms), cudaEventElapsed = 38.7665901184082 (ms)
[RANK2] B @ 965.897216796875 (ms) to 1011.018798828125 (ms), cudaEventElapsed = 45.09695816040039 (ms)
[RANK2] W @ 1011.7958984375 (ms) to 1035.134521484375 (ms), cudaEventElapsed = 23.31545639038086 (ms)
[RANK2] W @ 1035.33056640625 (ms) to 1061.157958984375 (ms), cudaEventElapsed = 25.803775787353516 (ms)
[RANK2] B @ 1074.952880859375 (ms) to 1119.780029296875 (ms), cudaEventElapsed = 44.801025390625 (ms)
[RANK2] W @ 1120.587646484375 (ms) to 1143.42578125 (ms), cudaEventElapsed = 22.815744400024414 (ms)
[RANK2] B @ 1150.873046875 (ms) to 1197.477783203125 (ms), cudaEventElapsed = 46.58278274536133 (ms)
[RANK2] 9W @ 1199.470947265625 (ms) to 1437.1884765625 (ms), cudaEventElapsed = 237.6826934814453 (ms)
[RANK2] Iteration 9
[RANK2] F @ 80.22216796875 (ms) to 111.911865234375 (ms), cudaEventElapsed = 31.659008026123047 (ms)
[RANK2] F @ 114.8662109375 (ms) to 148.856689453125 (ms), cudaEventElapsed = 33.963008880615234 (ms)
[RANK2] F @ 155.219970703125 (ms) to 190.2763671875 (ms), cudaEventElapsed = 35.02592086791992 (ms)
[RANK2] F @ 192.02099609375 (ms) to 227.051025390625 (ms), cudaEventElapsed = 34.99929428100586 (ms)
[RANK2] B @ 232.50537109375 (ms) to 276.51904296875 (ms), cudaEventElapsed = 43.98387145996094 (ms)
[RANK2] F @ 278.142578125 (ms) to 313.614990234375 (ms), cudaEventElapsed = 35.44166564941406 (ms)
[RANK2] B @ 315.379150390625 (ms) to 361.136474609375 (ms), cudaEventElapsed = 45.72876739501953 (ms)
[RANK2] F @ 363.3095703125 (ms) to 398.78759765625 (ms), cudaEventElapsed = 35.44473648071289 (ms)
[RANK2] B @ 400.465087890625 (ms) to 446.077880859375 (ms), cudaEventElapsed = 45.58438491821289 (ms)
[RANK2] F @ 447.661865234375 (ms) to 483.006103515625 (ms), cudaEventElapsed = 35.316734313964844 (ms)
[RANK2] B @ 484.59619140625 (ms) to 529.626953125 (ms), cudaEventElapsed = 45.00070571899414 (ms)
[RANK2] B @ 531.411376953125 (ms) to 575.66552734375 (ms), cudaEventElapsed = 44.22246551513672 (ms)
[RANK2] F @ 577.203369140625 (ms) to 612.525390625 (ms), cudaEventElapsed = 35.29216003417969 (ms)
[RANK2] B @ 614.11279296875 (ms) to 659.421875 (ms), cudaEventElapsed = 45.28025436401367 (ms)
[RANK2] F @ 660.99755859375 (ms) to 696.24365234375 (ms), cudaEventElapsed = 35.21843338012695 (ms)
[RANK2] B @ 697.820556640625 (ms) to 743.73779296875 (ms), cudaEventElapsed = 45.887489318847656 (ms)
[RANK2] B @ 751.87841796875 (ms) to 795.132568359375 (ms), cudaEventElapsed = 43.226112365722656 (ms)
[RANK2] F @ 796.468994140625 (ms) to 831.372314453125 (ms), cudaEventElapsed = 34.87846374511719 (ms)
[RANK2] B @ 832.647216796875 (ms) to 877.7333984375 (ms), cudaEventElapsed = 45.0621452331543 (ms)
[RANK2] F @ 878.994384765625 (ms) to 914.498046875 (ms), cudaEventElapsed = 35.48160171508789 (ms)
[RANK2] F @ 915.833740234375 (ms) to 955.184814453125 (ms), cudaEventElapsed = 39.32876968383789 (ms)
[RANK2] B @ 970.68115234375 (ms) to 1014.508544921875 (ms), cudaEventElapsed = 43.80467224121094 (ms)
[RANK2] W @ 1015.25927734375 (ms) to 1037.28857421875 (ms), cudaEventElapsed = 22.005760192871094 (ms)
[RANK2] W @ 1037.548583984375 (ms) to 1064.160888671875 (ms), cudaEventElapsed = 26.589183807373047 (ms)
[RANK2] B @ 1077.638671875 (ms) to 1122.502197265625 (ms), cudaEventElapsed = 44.84096145629883 (ms)
[RANK2] W @ 1123.273681640625 (ms) to 1146.671630859375 (ms), cudaEventElapsed = 23.376895904541016 (ms)
[RANK2] B @ 1153.74658203125 (ms) to 1198.491943359375 (ms), cudaEventElapsed = 44.723201751708984 (ms)
[RANK2] 9W @ 1200.43798828125 (ms) to 1441.248779296875 (ms), cudaEventElapsed = 240.7761993408203 (ms)
