[RANK0] Iteration 1
[RANK0] F @ 0.402587890625 (ms) to 567.692626953125 (ms), cudaEventElapsed = 567.2274169921875 (ms)
[RANK0] F @ 635.32373046875 (ms) to 661.432861328125 (ms), cudaEventElapsed = 26.051584243774414 (ms)
[RANK0] F @ 661.643310546875 (ms) to 686.6220703125 (ms), cudaEventElapsed = 24.937471389770508 (ms)
[RANK0] F @ 686.802001953125 (ms) to 715.479248046875 (ms), cudaEventElapsed = 28.639232635498047 (ms)
[RANK0] F @ 715.659423828125 (ms) to 756.2548828125 (ms), cudaEventElapsed = 28.098560333251953 (ms)
[RANK0] F @ 756.418701171875 (ms) to 842.668212890625 (ms), cudaEventElapsed = 24.628223419189453 (ms)
[RANK0] F @ 842.836669921875 (ms) to 934.2568359375 (ms), cudaEventElapsed = 24.620031356811523 (ms)
[RANK0] B @ 1865.166015625 (ms) to 1955.653564453125 (ms), cudaEventElapsed = 90.42342376708984 (ms)
[RANK0] F @ 1956.013671875 (ms) to 1981.76611328125 (ms), cudaEventElapsed = 25.70751953125 (ms)
[RANK0] B @ 1982.09130859375 (ms) to 2015.83544921875 (ms), cudaEventElapsed = 33.70377731323242 (ms)
[RANK0] W @ 2016.046142578125 (ms) to 2032.061279296875 (ms), cudaEventElapsed = 15.98259162902832 (ms)
[RANK0] F @ 2032.0869140625 (ms) to 2058.490966796875 (ms), cudaEventElapsed = 26.373119354248047 (ms)
[RANK0] B @ 2059.863037109375 (ms) to 2096.667724609375 (ms), cudaEventElapsed = 36.768672943115234 (ms)
[RANK0] B @ 2115.86083984375 (ms) to 2148.34326171875 (ms), cudaEventElapsed = 32.43708801269531 (ms)
[RANK0] W @ 2148.378173828125 (ms) to 2162.60986328125 (ms), cudaEventElapsed = 14.204928398132324 (ms)
[RANK0] F @ 2162.78857421875 (ms) to 2188.337158203125 (ms), cudaEventElapsed = 25.51705551147461 (ms)
[RANK0] B @ 2219.997802734375 (ms) to 2253.338134765625 (ms), cudaEventElapsed = 33.292320251464844 (ms)
[RANK0] B @ 2262.312744140625 (ms) to 2294.5224609375 (ms), cudaEventElapsed = 32.16896057128906 (ms)
[RANK0] W @ 2294.5546875 (ms) to 2308.97216796875 (ms), cudaEventElapsed = 14.392319679260254 (ms)
[RANK0] F @ 2309.146484375 (ms) to 2335.638427734375 (ms), cudaEventElapsed = 26.459135055541992 (ms)
[RANK0] B @ 2365.845947265625 (ms) to 2399.56591796875 (ms), cudaEventElapsed = 33.67548751831055 (ms)
[RANK0] B @ 2407.8857421875 (ms) to 2439.943115234375 (ms), cudaEventElapsed = 32.019134521484375 (ms)
[RANK0] W @ 2439.97607421875 (ms) to 2454.047607421875 (ms), cudaEventElapsed = 14.045184135437012 (ms)
[RANK0] F @ 2454.2333984375 (ms) to 2480.425048828125 (ms), cudaEventElapsed = 26.159103393554688 (ms)
[RANK0] W @ 2480.59033203125 (ms) to 2520.562255859375 (ms), cudaEventElapsed = 14.443519592285156 (ms)
[RANK0] W @ 2520.584716796875 (ms) to 2534.99462890625 (ms), cudaEventElapsed = 14.368767738342285 (ms)
[RANK0] W @ 2535.17724609375 (ms) to 2550.310791015625 (ms), cudaEventElapsed = 15.09990406036377 (ms)
[RANK0] W @ 2550.3212890625 (ms) to 2566.25537109375 (ms), cudaEventElapsed = 15.90988826751709 (ms)
[RANK0] B @ 2566.397705078125 (ms) to 2602.05517578125 (ms), cudaEventElapsed = 35.62886428833008 (ms)
[RANK0] W @ 2602.2275390625 (ms) to 2621.67431640625 (ms), cudaEventElapsed = 15.225855827331543 (ms)
[RANK0] B @ 2621.817138671875 (ms) to 2656.44091796875 (ms), cudaEventElapsed = 34.59423828125 (ms)
[RANK0] W @ 2656.4658203125 (ms) to 2671.80078125 (ms), cudaEventElapsed = 15.310848236083984 (ms)
[RANK0] B @ 2695.61962890625 (ms) to 2728.479248046875 (ms), cudaEventElapsed = 32.824222564697266 (ms)
[RANK0] W @ 2728.50341796875 (ms) to 2742.840087890625 (ms), cudaEventElapsed = 14.30835247039795 (ms)
[RANK0] B @ 2784.010986328125 (ms) to 2815.9228515625 (ms), cudaEventElapsed = 31.87727928161621 (ms)
[RANK0] 1W @ 2815.953369140625 (ms) to 2829.789306640625 (ms), cudaEventElapsed = 13.799424171447754 (ms)
[RANK0] Iteration 2
[RANK0] F @ 2.13916015625 (ms) to 27.36962890625 (ms), cudaEventElapsed = 25.179231643676758 (ms)
[RANK0] F @ 27.617431640625 (ms) to 53.13671875 (ms), cudaEventElapsed = 25.480192184448242 (ms)
[RANK0] F @ 53.34228515625 (ms) to 80.8779296875 (ms), cudaEventElapsed = 27.495424270629883 (ms)
[RANK0] F @ 81.0751953125 (ms) to 109.490234375 (ms), cudaEventElapsed = 28.381183624267578 (ms)
[RANK0] F @ 109.697265625 (ms) to 137.531982421875 (ms), cudaEventElapsed = 27.796480178833008 (ms)
[RANK0] F @ 137.737060546875 (ms) to 165.7978515625 (ms), cudaEventElapsed = 28.018688201904297 (ms)
[RANK0] F @ 165.9951171875 (ms) to 193.82666015625 (ms), cudaEventElapsed = 27.797504425048828 (ms)
[RANK0] B @ 268.795166015625 (ms) to 300.62109375 (ms), cudaEventElapsed = 31.764575958251953 (ms)
[RANK0] F @ 300.882568359375 (ms) to 326.6171875 (ms), cudaEventElapsed = 25.69932746887207 (ms)
[RANK0] B @ 350.44384765625 (ms) to 383.41552734375 (ms), cudaEventElapsed = 32.92047882080078 (ms)
[RANK0] W @ 383.646240234375 (ms) to 398.1533203125 (ms), cudaEventElapsed = 14.475263595581055 (ms)
[RANK0] F @ 398.213623046875 (ms) to 424.379638671875 (ms), cudaEventElapsed = 26.13555145263672 (ms)
[RANK0] B @ 431.5927734375 (ms) to 466.8759765625 (ms), cudaEventElapsed = 35.24153518676758 (ms)
[RANK0] B @ 510.096923828125 (ms) to 541.73193359375 (ms), cudaEventElapsed = 31.59014320373535 (ms)
[RANK0] W @ 541.808837890625 (ms) to 555.3857421875 (ms), cudaEventElapsed = 13.54751968383789 (ms)
[RANK0] F @ 555.607421875 (ms) to 582.26025390625 (ms), cudaEventElapsed = 26.621952056884766 (ms)
[RANK0] B @ 614.75 (ms) to 648.353271484375 (ms), cudaEventElapsed = 33.556575775146484 (ms)
[RANK0] B @ 664.59326171875 (ms) to 696.2099609375 (ms), cudaEventElapsed = 31.579744338989258 (ms)
[RANK0] W @ 696.28125 (ms) to 710.401611328125 (ms), cudaEventElapsed = 14.091263771057129 (ms)
[RANK0] F @ 710.641357421875 (ms) to 736.765625 (ms), cudaEventElapsed = 26.0894718170166 (ms)
[RANK0] B @ 772.802978515625 (ms) to 806.1962890625 (ms), cudaEventElapsed = 33.34358215332031 (ms)
[RANK0] B @ 814.39794921875 (ms) to 846.465576171875 (ms), cudaEventElapsed = 32.0299186706543 (ms)
[RANK0] W @ 846.531982421875 (ms) to 860.770263671875 (ms), cudaEventElapsed = 14.208000183105469 (ms)
[RANK0] F @ 860.97802734375 (ms) to 887.70068359375 (ms), cudaEventElapsed = 26.69158363342285 (ms)
[RANK0] W @ 887.898193359375 (ms) to 930.563232421875 (ms), cudaEventElapsed = 14.319616317749023 (ms)
[RANK0] W @ 930.625732421875 (ms) to 944.865234375 (ms), cudaEventElapsed = 14.204928398132324 (ms)
[RANK0] W @ 945.0927734375 (ms) to 960.018798828125 (ms), cudaEventElapsed = 14.891008377075195 (ms)
[RANK0] W @ 960.06640625 (ms) to 976.003173828125 (ms), cudaEventElapsed = 15.90783977508545 (ms)
[RANK0] B @ 976.1611328125 (ms) to 1011.971923828125 (ms), cudaEventElapsed = 35.781150817871094 (ms)
[RANK0] W @ 1012.167724609375 (ms) to 1033.82666015625 (ms), cudaEventElapsed = 15.132672309875488 (ms)
[RANK0] B @ 1033.999755859375 (ms) to 1068.513916015625 (ms), cudaEventElapsed = 34.4859504699707 (ms)
[RANK0] W @ 1068.5732421875 (ms) to 1083.750244140625 (ms), cudaEventElapsed = 15.145983695983887 (ms)
[RANK0] B @ 1119.16259765625 (ms) to 1151.725830078125 (ms), cudaEventElapsed = 32.52703857421875 (ms)
[RANK0] W @ 1151.7890625 (ms) to 1165.56689453125 (ms), cudaEventElapsed = 13.750271797180176 (ms)
[RANK0] B @ 1206.5595703125 (ms) to 1238.113525390625 (ms), cudaEventElapsed = 31.521791458129883 (ms)
[RANK0] 1W @ 1238.177490234375 (ms) to 1252.23486328125 (ms), cudaEventElapsed = 14.030847549438477 (ms)
[RANK0] Iteration 3
[RANK0] F @ 2.187255859375 (ms) to 27.343017578125 (ms), cudaEventElapsed = 25.113344192504883 (ms)
[RANK0] F @ 27.568115234375 (ms) to 53.238525390625 (ms), cudaEventElapsed = 25.633792877197266 (ms)
[RANK0] F @ 53.45947265625 (ms) to 81.0234375 (ms), cudaEventElapsed = 27.52716827392578 (ms)
[RANK0] F @ 81.22021484375 (ms) to 109.62890625 (ms), cudaEventElapsed = 28.37606430053711 (ms)
[RANK0] F @ 109.841796875 (ms) to 137.629150390625 (ms), cudaEventElapsed = 27.74937629699707 (ms)
[RANK0] F @ 137.843017578125 (ms) to 166.16015625 (ms), cudaEventElapsed = 28.276735305786133 (ms)
[RANK0] F @ 166.36865234375 (ms) to 194.260498046875 (ms), cudaEventElapsed = 27.856895446777344 (ms)
[RANK0] B @ 268.124267578125 (ms) to 299.892578125 (ms), cudaEventElapsed = 31.71686363220215 (ms)
[RANK0] F @ 300.126708984375 (ms) to 326.0361328125 (ms), cudaEventElapsed = 25.869312286376953 (ms)
[RANK0] B @ 349.708251953125 (ms) to 382.609375 (ms), cudaEventElapsed = 32.85660934448242 (ms)
[RANK0] W @ 382.82373046875 (ms) to 397.318115234375 (ms), cudaEventElapsed = 14.4650239944458 (ms)
[RANK0] F @ 397.377685546875 (ms) to 423.53857421875 (ms), cudaEventElapsed = 26.13145637512207 (ms)
[RANK0] B @ 431.042724609375 (ms) to 466.3564453125 (ms), cudaEventElapsed = 35.272640228271484 (ms)
[RANK0] B @ 510.655517578125 (ms) to 542.336669921875 (ms), cudaEventElapsed = 31.63814353942871 (ms)
[RANK0] W @ 542.427978515625 (ms) to 556.353759765625 (ms), cudaEventElapsed = 13.893631935119629 (ms)
[RANK0] F @ 556.587158203125 (ms) to 583.27587890625 (ms), cudaEventElapsed = 26.656768798828125 (ms)
[RANK0] B @ 615.03466796875 (ms) to 648.513427734375 (ms), cudaEventElapsed = 33.43145751953125 (ms)
[RANK0] B @ 665.578369140625 (ms) to 697.19921875 (ms), cudaEventElapsed = 31.57823944091797 (ms)
[RANK0] W @ 697.269775390625 (ms) to 711.206298828125 (ms), cudaEventElapsed = 13.905920028686523 (ms)
[RANK0] F @ 711.4326171875 (ms) to 737.093017578125 (ms), cudaEventElapsed = 25.628671646118164 (ms)
[RANK0] B @ 774.52294921875 (ms) to 807.79248046875 (ms), cudaEventElapsed = 33.22652816772461 (ms)
[RANK0] B @ 815.79931640625 (ms) to 847.78271484375 (ms), cudaEventElapsed = 31.951839447021484 (ms)
[RANK0] W @ 847.85009765625 (ms) to 862.038818359375 (ms), cudaEventElapsed = 14.160896301269531 (ms)
[RANK0] F @ 862.23779296875 (ms) to 888.862060546875 (ms), cudaEventElapsed = 26.594303131103516 (ms)
[RANK0] W @ 889.064697265625 (ms) to 931.4501953125 (ms), cudaEventElapsed = 14.156800270080566 (ms)
[RANK0] W @ 931.515869140625 (ms) to 945.81298828125 (ms), cudaEventElapsed = 14.25715160369873 (ms)
[RANK0] W @ 946.0234375 (ms) to 961.095458984375 (ms), cudaEventElapsed = 15.042559623718262 (ms)
[RANK0] W @ 961.14306640625 (ms) to 977.084716796875 (ms), cudaEventElapsed = 15.915007591247559 (ms)
[RANK0] B @ 977.254150390625 (ms) to 1013.07568359375 (ms), cudaEventElapsed = 35.7927360534668 (ms)
[RANK0] W @ 1013.2822265625 (ms) to 1035.642822265625 (ms), cudaEventElapsed = 15.410176277160645 (ms)
[RANK0] B @ 1035.817626953125 (ms) to 1070.383056640625 (ms), cudaEventElapsed = 34.53558349609375 (ms)
[RANK0] W @ 1070.4501953125 (ms) to 1085.568115234375 (ms), cudaEventElapsed = 15.087615966796875 (ms)
[RANK0] B @ 1119.091064453125 (ms) to 1151.83740234375 (ms), cudaEventElapsed = 32.706111907958984 (ms)
[RANK0] W @ 1151.900146484375 (ms) to 1165.76220703125 (ms), cudaEventElapsed = 13.833215713500977 (ms)
[RANK0] B @ 1206.687255859375 (ms) to 1238.273193359375 (ms), cudaEventElapsed = 31.5501766204834 (ms)
[RANK0] 1W @ 1238.34130859375 (ms) to 1252.54833984375 (ms), cudaEventElapsed = 14.178303718566895 (ms)
[RANK0] Iteration 4
[RANK0] F @ 2.1162109375 (ms) to 27.2197265625 (ms), cudaEventElapsed = 25.067712783813477 (ms)
[RANK0] F @ 27.444091796875 (ms) to 52.978271484375 (ms), cudaEventElapsed = 25.50169563293457 (ms)
[RANK0] F @ 53.1845703125 (ms) to 80.56396484375 (ms), cudaEventElapsed = 27.34592056274414 (ms)
[RANK0] F @ 80.76123046875 (ms) to 108.790771484375 (ms), cudaEventElapsed = 27.99616050720215 (ms)
[RANK0] F @ 109.019775390625 (ms) to 137.0673828125 (ms), cudaEventElapsed = 28.011520385742188 (ms)
[RANK0] F @ 137.28271484375 (ms) to 165.0849609375 (ms), cudaEventElapsed = 27.76371192932129 (ms)
[RANK0] F @ 165.279541015625 (ms) to 192.688232421875 (ms), cudaEventElapsed = 27.374591827392578 (ms)
[RANK0] B @ 266.89697265625 (ms) to 298.76806640625 (ms), cudaEventElapsed = 31.810047149658203 (ms)
[RANK0] F @ 299.057373046875 (ms) to 324.658203125 (ms), cudaEventElapsed = 25.563135147094727 (ms)
[RANK0] B @ 348.142333984375 (ms) to 381.192138671875 (ms), cudaEventElapsed = 32.99507141113281 (ms)
[RANK0] W @ 381.4599609375 (ms) to 395.94775390625 (ms), cudaEventElapsed = 14.452735900878906 (ms)
[RANK0] F @ 396.0126953125 (ms) to 422.282470703125 (ms), cudaEventElapsed = 26.237951278686523 (ms)
[RANK0] B @ 429.120361328125 (ms) to 464.564697265625 (ms), cudaEventElapsed = 35.40127944946289 (ms)
[RANK0] B @ 507.783447265625 (ms) to 539.606201171875 (ms), cudaEventElapsed = 31.77724838256836 (ms)
[RANK0] W @ 539.6884765625 (ms) to 553.354736328125 (ms), cudaEventElapsed = 13.631487846374512 (ms)
[RANK0] F @ 553.59326171875 (ms) to 580.186279296875 (ms), cudaEventElapsed = 26.56051254272461 (ms)
[RANK0] B @ 611.86865234375 (ms) to 645.45166015625 (ms), cudaEventElapsed = 33.53596878051758 (ms)
[RANK0] B @ 661.986328125 (ms) to 693.875732421875 (ms), cudaEventElapsed = 31.847551345825195 (ms)
[RANK0] W @ 693.95458984375 (ms) to 707.8701171875 (ms), cudaEventElapsed = 13.87724781036377 (ms)
[RANK0] F @ 708.119140625 (ms) to 734.741943359375 (ms), cudaEventElapsed = 26.591232299804688 (ms)
[RANK0] B @ 770.029541015625 (ms) to 803.45947265625 (ms), cudaEventElapsed = 33.3831672668457 (ms)
[RANK0] B @ 811.57763671875 (ms) to 843.66162109375 (ms), cudaEventElapsed = 32.04537582397461 (ms)
[RANK0] W @ 843.74951171875 (ms) to 857.85986328125 (ms), cudaEventElapsed = 14.0697603225708 (ms)
[RANK0] F @ 858.120849609375 (ms) to 884.654052734375 (ms), cudaEventElapsed = 26.50009536743164 (ms)
[RANK0] W @ 884.8564453125 (ms) to 926.882080078125 (ms), cudaEventElapsed = 14.235648155212402 (ms)
[RANK0] W @ 926.95458984375 (ms) to 941.3291015625 (ms), cudaEventElapsed = 14.331904411315918 (ms)
[RANK0] W @ 941.5546875 (ms) to 956.617431640625 (ms), cudaEventElapsed = 15.031295776367188 (ms)
[RANK0] W @ 956.667724609375 (ms) to 972.471923828125 (ms), cudaEventElapsed = 15.774720191955566 (ms)
[RANK0] B @ 972.655029296875 (ms) to 1008.635009765625 (ms), cudaEventElapsed = 35.95008087158203 (ms)
[RANK0] W @ 1008.87939453125 (ms) to 1031.091796875 (ms), cudaEventElapsed = 15.71020793914795 (ms)
[RANK0] B @ 1031.291015625 (ms) to 1065.897705078125 (ms), cudaEventElapsed = 34.57513427734375 (ms)
[RANK0] W @ 1065.9775390625 (ms) to 1080.982421875 (ms), cudaEventElapsed = 14.971903800964355 (ms)
[RANK0] B @ 1114.91796875 (ms) to 1147.722412109375 (ms), cudaEventElapsed = 32.764896392822266 (ms)
[RANK0] W @ 1147.790283203125 (ms) to 1161.804443359375 (ms), cudaEventElapsed = 13.98579216003418 (ms)
[RANK0] B @ 1203.210205078125 (ms) to 1234.838623046875 (ms), cudaEventElapsed = 31.59235191345215 (ms)
[RANK0] 1W @ 1234.9072265625 (ms) to 1248.648193359375 (ms), cudaEventElapsed = 13.704192161560059 (ms)
[RANK0] Iteration 5
[RANK0] F @ 2.142333984375 (ms) to 27.3369140625 (ms), cudaEventElapsed = 25.158687591552734 (ms)
[RANK0] F @ 27.552734375 (ms) to 53.683349609375 (ms), cudaEventElapsed = 26.083328247070312 (ms)
[RANK0] F @ 53.8994140625 (ms) to 81.52880859375 (ms), cudaEventElapsed = 27.596799850463867 (ms)
[RANK0] F @ 81.726806640625 (ms) to 109.5810546875 (ms), cudaEventElapsed = 27.821056365966797 (ms)
[RANK0] F @ 109.802001953125 (ms) to 137.73193359375 (ms), cudaEventElapsed = 27.890687942504883 (ms)
[RANK0] F @ 137.952880859375 (ms) to 165.814697265625 (ms), cudaEventElapsed = 27.822080612182617 (ms)
[RANK0] F @ 166.007568359375 (ms) to 193.69921875 (ms), cudaEventElapsed = 27.657215118408203 (ms)
[RANK0] B @ 269.3701171875 (ms) to 302.210693359375 (ms), cudaEventElapsed = 32.78521728515625 (ms)
[RANK0] F @ 302.4716796875 (ms) to 327.95947265625 (ms), cudaEventElapsed = 25.449472427368164 (ms)
[RANK0] B @ 352.99267578125 (ms) to 386.24755859375 (ms), cudaEventElapsed = 33.20655822753906 (ms)
[RANK0] W @ 386.49755859375 (ms) to 401.7578125 (ms), cudaEventElapsed = 15.223808288574219 (ms)
[RANK0] F @ 401.8212890625 (ms) to 428.541015625 (ms), cudaEventElapsed = 26.6823673248291 (ms)
[RANK0] B @ 437.757080078125 (ms) to 474.045166015625 (ms), cudaEventElapsed = 36.24319839477539 (ms)
[RANK0] B @ 519.688232421875 (ms) to 552.2275390625 (ms), cudaEventElapsed = 32.49651336669922 (ms)
[RANK0] W @ 552.311279296875 (ms) to 566.943359375 (ms), cudaEventElapsed = 14.601216316223145 (ms)
[RANK0] F @ 567.17529296875 (ms) to 595.323974609375 (ms), cudaEventElapsed = 28.116992950439453 (ms)
[RANK0] B @ 631.53564453125 (ms) to 665.75537109375 (ms), cudaEventElapsed = 34.16681671142578 (ms)
[RANK0] B @ 683.58056640625 (ms) to 716.89013671875 (ms), cudaEventElapsed = 33.27299118041992 (ms)
[RANK0] W @ 716.968017578125 (ms) to 732.593505859375 (ms), cudaEventElapsed = 15.590399742126465 (ms)
[RANK0] F @ 732.845947265625 (ms) to 761.16259765625 (ms), cudaEventElapsed = 28.281856536865234 (ms)
[RANK0] B @ 798.326171875 (ms) to 832.07763671875 (ms), cudaEventElapsed = 33.70342254638672 (ms)
[RANK0] B @ 842.5595703125 (ms) to 875.572509765625 (ms), cudaEventElapsed = 32.97564697265625 (ms)
[RANK0] W @ 875.65283203125 (ms) to 891.1435546875 (ms), cudaEventElapsed = 15.454208374023438 (ms)
[RANK0] F @ 891.373046875 (ms) to 920.1435546875 (ms), cudaEventElapsed = 28.73855972290039 (ms)
[RANK0] W @ 920.34912109375 (ms) to 972.0673828125 (ms), cudaEventElapsed = 14.405632019042969 (ms)
[RANK0] W @ 972.139404296875 (ms) to 986.472412109375 (ms), cudaEventElapsed = 14.295040130615234 (ms)
[RANK0] W @ 986.726318359375 (ms) to 1003.745849609375 (ms), cudaEventElapsed = 16.985088348388672 (ms)
[RANK0] W @ 1003.794677734375 (ms) to 1021.77001953125 (ms), cudaEventElapsed = 17.946624755859375 (ms)
[RANK0] B @ 1021.9541015625 (ms) to 1059.8154296875 (ms), cudaEventElapsed = 37.82969665527344 (ms)
[RANK0] W @ 1060.045654296875 (ms) to 1084.29638671875 (ms), cudaEventElapsed = 15.862784385681152 (ms)
[RANK0] B @ 1084.48095703125 (ms) to 1120.64453125 (ms), cudaEventElapsed = 36.133216857910156 (ms)
[RANK0] W @ 1120.708251953125 (ms) to 1137.55419921875 (ms), cudaEventElapsed = 16.81715202331543 (ms)
[RANK0] B @ 1179.354736328125 (ms) to 1213.385009765625 (ms), cudaEventElapsed = 33.99369430541992 (ms)
[RANK0] W @ 1213.449462890625 (ms) to 1228.970458984375 (ms), cudaEventElapsed = 15.492095947265625 (ms)
[RANK0] B @ 1280.669189453125 (ms) to 1313.39697265625 (ms), cudaEventElapsed = 32.6932487487793 (ms)
[RANK0] 1W @ 1313.455810546875 (ms) to 1328.356201171875 (ms), cudaEventElapsed = 14.872575759887695 (ms)
[RANK0] Iteration 6
[RANK0] F @ 2.15771484375 (ms) to 27.2802734375 (ms), cudaEventElapsed = 25.08336067199707 (ms)
[RANK0] F @ 27.4990234375 (ms) to 53.31982421875 (ms), cudaEventElapsed = 25.785343170166016 (ms)
[RANK0] F @ 53.525634765625 (ms) to 80.90087890625 (ms), cudaEventElapsed = 27.33670425415039 (ms)
[RANK0] F @ 81.09912109375 (ms) to 109.58984375 (ms), cudaEventElapsed = 28.457984924316406 (ms)
[RANK0] F @ 109.816650390625 (ms) to 137.823486328125 (ms), cudaEventElapsed = 27.9685115814209 (ms)
[RANK0] F @ 138.146728515625 (ms) to 166.2685546875 (ms), cudaEventElapsed = 28.087295532226562 (ms)
[RANK0] F @ 166.463623046875 (ms) to 194.49365234375 (ms), cudaEventElapsed = 27.995136260986328 (ms)
[RANK0] B @ 269.18603515625 (ms) to 302.303955078125 (ms), cudaEventElapsed = 33.059967041015625 (ms)
[RANK0] F @ 302.580810546875 (ms) to 329.2763671875 (ms), cudaEventElapsed = 26.659839630126953 (ms)
[RANK0] B @ 354.288818359375 (ms) to 387.933837890625 (ms), cudaEventElapsed = 33.59145736694336 (ms)
[RANK0] W @ 388.197509765625 (ms) to 404.527587890625 (ms), cudaEventElapsed = 16.294912338256836 (ms)
[RANK0] F @ 404.59375 (ms) to 433.7841796875 (ms), cudaEventElapsed = 29.15839958190918 (ms)
[RANK0] B @ 439.32275390625 (ms) to 476.3759765625 (ms), cudaEventElapsed = 37.010494232177734 (ms)
[RANK0] B @ 520.95068359375 (ms) to 554.1337890625 (ms), cudaEventElapsed = 33.138816833496094 (ms)
[RANK0] W @ 554.220703125 (ms) to 569.43017578125 (ms), cudaEventElapsed = 15.177727699279785 (ms)
[RANK0] F @ 569.66455078125 (ms) to 597.75537109375 (ms), cudaEventElapsed = 28.053504943847656 (ms)
[RANK0] B @ 633.5908203125 (ms) to 667.909912109375 (ms), cudaEventElapsed = 34.27395248413086 (ms)
[RANK0] B @ 684.0341796875 (ms) to 717.36669921875 (ms), cudaEventElapsed = 33.29423904418945 (ms)
[RANK0] W @ 717.442138671875 (ms) to 732.5673828125 (ms), cudaEventElapsed = 15.09068775177002 (ms)
[RANK0] F @ 732.811279296875 (ms) to 760.07275390625 (ms), cudaEventElapsed = 27.229183197021484 (ms)
[RANK0] B @ 800.32373046875 (ms) to 834.4384765625 (ms), cudaEventElapsed = 34.07158279418945 (ms)
[RANK0] B @ 844.6181640625 (ms) to 878.248291015625 (ms), cudaEventElapsed = 33.59532928466797 (ms)
[RANK0] W @ 878.332275390625 (ms) to 894.06884765625 (ms), cudaEventElapsed = 15.707136154174805 (ms)
[RANK0] F @ 894.329345703125 (ms) to 922.362060546875 (ms), cudaEventElapsed = 27.998207092285156 (ms)
[RANK0] W @ 922.5693359375 (ms) to 975.5849609375 (ms), cudaEventElapsed = 14.28377628326416 (ms)
[RANK0] W @ 975.657958984375 (ms) to 991.077392578125 (ms), cudaEventElapsed = 15.377408027648926 (ms)
[RANK0] W @ 991.31884765625 (ms) to 1008.802001953125 (ms), cudaEventElapsed = 17.45305633544922 (ms)
[RANK0] W @ 1008.85400390625 (ms) to 1028.533935546875 (ms), cudaEventElapsed = 19.64851188659668 (ms)
[RANK0] B @ 1028.739990234375 (ms) to 1068.3232421875 (ms), cudaEventElapsed = 39.550785064697266 (ms)
[RANK0] W @ 1068.587646484375 (ms) to 1092.1259765625 (ms), cudaEventElapsed = 17.061887741088867 (ms)
[RANK0] B @ 1092.332763671875 (ms) to 1128.5419921875 (ms), cudaEventElapsed = 36.17625427246094 (ms)
[RANK0] W @ 1128.616943359375 (ms) to 1146.14990234375 (ms), cudaEventElapsed = 17.500160217285156 (ms)
[RANK0] B @ 1185.50244140625 (ms) to 1219.627685546875 (ms), cudaEventElapsed = 34.085086822509766 (ms)
[RANK0] W @ 1219.70361328125 (ms) to 1235.568359375 (ms), cudaEventElapsed = 15.834112167358398 (ms)
[RANK0] B @ 1285.444091796875 (ms) to 1318.558837890625 (ms), cudaEventElapsed = 33.0794563293457 (ms)
[RANK0] 1W @ 1318.623779296875 (ms) to 1333.740966796875 (ms), cudaEventElapsed = 15.087615966796875 (ms)
[RANK0] Iteration 7
[RANK0] F @ 2.0341796875 (ms) to 27.206787109375 (ms), cudaEventElapsed = 25.129728317260742 (ms)
[RANK0] F @ 27.492431640625 (ms) to 53.536865234375 (ms), cudaEventElapsed = 25.998336791992188 (ms)
[RANK0] F @ 53.774658203125 (ms) to 81.7421875 (ms), cudaEventElapsed = 27.92857551574707 (ms)
[RANK0] F @ 81.951416015625 (ms) to 110.171142578125 (ms), cudaEventElapsed = 28.18662452697754 (ms)
[RANK0] F @ 110.430419921875 (ms) to 138.6240234375 (ms), cudaEventElapsed = 28.15488052368164 (ms)
[RANK0] F @ 138.859130859375 (ms) to 167.212890625 (ms), cudaEventElapsed = 28.31564712524414 (ms)
[RANK0] F @ 167.43505859375 (ms) to 195.400390625 (ms), cudaEventElapsed = 27.93062400817871 (ms)
[RANK0] B @ 269.494873046875 (ms) to 302.810791015625 (ms), cudaEventElapsed = 33.25519943237305 (ms)
[RANK0] F @ 303.100341796875 (ms) to 328.911865234375 (ms), cudaEventElapsed = 25.775104522705078 (ms)
[RANK0] B @ 353.79833984375 (ms) to 387.408447265625 (ms), cudaEventElapsed = 33.558815002441406 (ms)
[RANK0] W @ 387.643798828125 (ms) to 403.8056640625 (ms), cudaEventElapsed = 16.131071090698242 (ms)
[RANK0] F @ 403.865478515625 (ms) to 432.166259765625 (ms), cudaEventElapsed = 28.269567489624023 (ms)
[RANK0] B @ 438.83544921875 (ms) to 475.816650390625 (ms), cudaEventElapsed = 36.937278747558594 (ms)
[RANK0] B @ 520.888671875 (ms) to 554.08740234375 (ms), cudaEventElapsed = 33.14940643310547 (ms)
[RANK0] W @ 554.17138671875 (ms) to 569.080322265625 (ms), cudaEventElapsed = 14.874624252319336 (ms)
[RANK0] F @ 569.322265625 (ms) to 599.322509765625 (ms), cudaEventElapsed = 29.96940803527832 (ms)
[RANK0] B @ 632.87841796875 (ms) to 667.225830078125 (ms), cudaEventElapsed = 34.29619216918945 (ms)
[RANK0] B @ 684.5185546875 (ms) to 718.2548828125 (ms), cudaEventElapsed = 33.695552825927734 (ms)
[RANK0] W @ 718.34228515625 (ms) to 734.529541015625 (ms), cudaEventElapsed = 16.149503707885742 (ms)
[RANK0] F @ 734.780029296875 (ms) to 764.038330078125 (ms), cudaEventElapsed = 29.224960327148438 (ms)
[RANK0] B @ 799.81982421875 (ms) to 834.097412109375 (ms), cudaEventElapsed = 34.23148727416992 (ms)
[RANK0] B @ 843.859619140625 (ms) to 877.489990234375 (ms), cudaEventElapsed = 33.59254455566406 (ms)
[RANK0] W @ 877.572998046875 (ms) to 893.975830078125 (ms), cudaEventElapsed = 16.36249542236328 (ms)
[RANK0] F @ 894.2431640625 (ms) to 923.523193359375 (ms), cudaEventElapsed = 29.243392944335938 (ms)
[RANK0] W @ 923.734130859375 (ms) to 974.82080078125 (ms), cudaEventElapsed = 14.57868766784668 (ms)
[RANK0] W @ 974.898193359375 (ms) to 989.470947265625 (ms), cudaEventElapsed = 14.536704063415527 (ms)
[RANK0] W @ 989.7255859375 (ms) to 1007.701416015625 (ms), cudaEventElapsed = 17.945600509643555 (ms)
[RANK0] W @ 1007.750244140625 (ms) to 1028.2724609375 (ms), cudaEventElapsed = 20.489215850830078 (ms)
[RANK0] B @ 1028.46533203125 (ms) to 1068.986572265625 (ms), cudaEventElapsed = 40.490177154541016 (ms)
[RANK0] W @ 1069.238037109375 (ms) to 1092.62158203125 (ms), cudaEventElapsed = 18.578432083129883 (ms)
[RANK0] B @ 1092.837646484375 (ms) to 1130.666015625 (ms), cudaEventElapsed = 37.793663024902344 (ms)
[RANK0] W @ 1130.735595703125 (ms) to 1148.55419921875 (ms), cudaEventElapsed = 17.787904739379883 (ms)
[RANK0] B @ 1185.0029296875 (ms) to 1219.334716796875 (ms), cudaEventElapsed = 34.290462493896484 (ms)
[RANK0] W @ 1219.40283203125 (ms) to 1235.01708984375 (ms), cudaEventElapsed = 15.5863037109375 (ms)
[RANK0] B @ 1286.300048828125 (ms) to 1319.513916015625 (ms), cudaEventElapsed = 33.17747116088867 (ms)
[RANK0] 1W @ 1319.5771484375 (ms) to 1334.9677734375 (ms), cudaEventElapsed = 15.362048149108887 (ms)
[RANK0] Iteration 8
[RANK0] F @ 2.134521484375 (ms) to 27.389404296875 (ms), cudaEventElapsed = 25.21721649169922 (ms)
[RANK0] F @ 27.60546875 (ms) to 53.0244140625 (ms), cudaEventElapsed = 25.381887435913086 (ms)
[RANK0] F @ 53.24169921875 (ms) to 80.407470703125 (ms), cudaEventElapsed = 27.12883186340332 (ms)
[RANK0] F @ 80.603515625 (ms) to 108.977783203125 (ms), cudaEventElapsed = 28.34124755859375 (ms)
[RANK0] F @ 109.199951171875 (ms) to 137.14501953125 (ms), cudaEventElapsed = 27.896831512451172 (ms)
[RANK0] F @ 137.369384765625 (ms) to 165.493896484375 (ms), cudaEventElapsed = 28.089344024658203 (ms)
[RANK0] F @ 165.688720703125 (ms) to 193.493408203125 (ms), cudaEventElapsed = 27.7708797454834 (ms)
[RANK0] B @ 269.1650390625 (ms) to 302.41259765625 (ms), cudaEventElapsed = 33.19599914550781 (ms)
[RANK0] F @ 302.65478515625 (ms) to 329.298095703125 (ms), cudaEventElapsed = 26.610687255859375 (ms)
[RANK0] B @ 353.753173828125 (ms) to 387.607666015625 (ms), cudaEventElapsed = 33.80976104736328 (ms)
[RANK0] W @ 387.826904296875 (ms) to 404.243408203125 (ms), cudaEventElapsed = 16.38502311706543 (ms)
[RANK0] F @ 404.30419921875 (ms) to 432.873291015625 (ms), cudaEventElapsed = 28.53785514831543 (ms)
[RANK0] B @ 437.86767578125 (ms) to 475.27880859375 (ms), cudaEventElapsed = 37.37152099609375 (ms)
[RANK0] B @ 518.933837890625 (ms) to 552.112060546875 (ms), cudaEventElapsed = 33.137184143066406 (ms)
[RANK0] W @ 552.182861328125 (ms) to 567.573486328125 (ms), cudaEventElapsed = 15.350784301757812 (ms)
[RANK0] F @ 567.78173828125 (ms) to 596.230224609375 (ms), cudaEventElapsed = 28.418048858642578 (ms)
[RANK0] B @ 632.424560546875 (ms) to 666.695556640625 (ms), cudaEventElapsed = 34.2250862121582 (ms)
[RANK0] B @ 680.794189453125 (ms) to 714.306884765625 (ms), cudaEventElapsed = 33.47772979736328 (ms)
[RANK0] W @ 714.38037109375 (ms) to 729.99609375 (ms), cudaEventElapsed = 15.583231925964355 (ms)
[RANK0] F @ 730.22998046875 (ms) to 758.63525390625 (ms), cudaEventElapsed = 28.370943069458008 (ms)
[RANK0] B @ 795.556396484375 (ms) to 829.845947265625 (ms), cudaEventElapsed = 34.2490234375 (ms)
[RANK0] B @ 839.905029296875 (ms) to 873.566162109375 (ms), cudaEventElapsed = 33.62627029418945 (ms)
[RANK0] W @ 873.634765625 (ms) to 889.396484375 (ms), cudaEventElapsed = 15.724543571472168 (ms)
[RANK0] F @ 889.621826171875 (ms) to 918.163330078125 (ms), cudaEventElapsed = 28.50611114501953 (ms)
[RANK0] W @ 918.370849609375 (ms) to 970.44384765625 (ms), cudaEventElapsed = 14.628864288330078 (ms)
[RANK0] W @ 970.505615234375 (ms) to 986.045166015625 (ms), cudaEventElapsed = 15.502335548400879 (ms)
[RANK0] W @ 986.27880859375 (ms) to 1004.357177734375 (ms), cudaEventElapsed = 18.043903350830078 (ms)
[RANK0] W @ 1004.4052734375 (ms) to 1024.781494140625 (ms), cudaEventElapsed = 20.345855712890625 (ms)
[RANK0] B @ 1024.947509765625 (ms) to 1065.0791015625 (ms), cudaEventElapsed = 40.10249710083008 (ms)
[RANK0] W @ 1065.278564453125 (ms) to 1086.307373046875 (ms), cudaEventElapsed = 18.547712326049805 (ms)
[RANK0] B @ 1086.484130859375 (ms) to 1124.21630859375 (ms), cudaEventElapsed = 37.70016098022461 (ms)
[RANK0] W @ 1124.2783203125 (ms) to 1142.203125 (ms), cudaEventElapsed = 17.894399642944336 (ms)
[RANK0] B @ 1175.618896484375 (ms) to 1210.093994140625 (ms), cudaEventElapsed = 34.43686294555664 (ms)
[RANK0] W @ 1210.15771484375 (ms) to 1226.299560546875 (ms), cudaEventElapsed = 16.112640380859375 (ms)
[RANK0] B @ 1275.125732421875 (ms) to 1308.406005859375 (ms), cudaEventElapsed = 33.24687957763672 (ms)
[RANK0] 1W @ 1308.466796875 (ms) to 1323.950439453125 (ms), cudaEventElapsed = 15.454208374023438 (ms)
[RANK0] Iteration 9
[RANK0] F @ 2.091796875 (ms) to 27.428466796875 (ms), cudaEventElapsed = 25.299999237060547 (ms)
[RANK0] F @ 27.64111328125 (ms) to 53.30615234375 (ms), cudaEventElapsed = 25.627647399902344 (ms)
[RANK0] F @ 53.5107421875 (ms) to 80.543212890625 (ms), cudaEventElapsed = 26.993663787841797 (ms)
[RANK0] F @ 80.741943359375 (ms) to 108.7412109375 (ms), cudaEventElapsed = 27.96544075012207 (ms)
[RANK0] F @ 108.94384765625 (ms) to 136.845703125 (ms), cudaEventElapsed = 27.867136001586914 (ms)
[RANK0] F @ 137.03662109375 (ms) to 165.337158203125 (ms), cudaEventElapsed = 28.267520904541016 (ms)
[RANK0] F @ 165.5322265625 (ms) to 193.68212890625 (ms), cudaEventElapsed = 28.115968704223633 (ms)
[RANK0] B @ 717.29931640625 (ms) to 750.71142578125 (ms), cudaEventElapsed = 33.34092712402344 (ms)
[RANK0] F @ 751.01025390625 (ms) to 777.171875 (ms), cudaEventElapsed = 26.12531280517578 (ms)
[RANK0] B @ 932.48486328125 (ms) to 965.719482421875 (ms), cudaEventElapsed = 33.176544189453125 (ms)
[RANK0] W @ 965.98974609375 (ms) to 981.449951171875 (ms), cudaEventElapsed = 15.424511909484863 (ms)
[RANK0] F @ 981.510986328125 (ms) to 1010.79541015625 (ms), cudaEventElapsed = 29.247488021850586 (ms)
[RANK0] B @ 1142.2392578125 (ms) to 1176.260009765625 (ms), cudaEventElapsed = 33.97657775878906 (ms)
[RANK0] B @ 1349.9296875 (ms) to 1383.06396484375 (ms), cudaEventElapsed = 33.087745666503906 (ms)
[RANK0] W @ 1383.1455078125 (ms) to 1398.0244140625 (ms), cudaEventElapsed = 14.836735725402832 (ms)
[RANK0] F @ 1398.279052734375 (ms) to 1428.00830078125 (ms), cudaEventElapsed = 29.689855575561523 (ms)
[RANK0] B @ 1590.796875 (ms) to 1624.766845703125 (ms), cudaEventElapsed = 33.92918395996094 (ms)
[RANK0] B @ 1698.99755859375 (ms) to 1732.151123046875 (ms), cudaEventElapsed = 33.115840911865234 (ms)
[RANK0] W @ 1732.2265625 (ms) to 1747.578369140625 (ms), cudaEventElapsed = 15.319040298461914 (ms)
[RANK0] F @ 1747.78173828125 (ms) to 1776.019287109375 (ms), cudaEventElapsed = 28.208127975463867 (ms)
[RANK0] B @ 1936.017822265625 (ms) to 1969.962158203125 (ms), cudaEventElapsed = 33.90518569946289 (ms)
[RANK0] B @ 2043.46630859375 (ms) to 2076.55126953125 (ms), cudaEventElapsed = 33.0467529296875 (ms)
[RANK0] W @ 2076.617431640625 (ms) to 2091.818603515625 (ms), cudaEventElapsed = 15.168512344360352 (ms)
[RANK0] F @ 2092.013916015625 (ms) to 2120.269287109375 (ms), cudaEventElapsed = 28.225536346435547 (ms)
[RANK0] W @ 2120.464111328125 (ms) to 2293.86474609375 (ms), cudaEventElapsed = 14.491647720336914 (ms)
[RANK0] W @ 2293.97705078125 (ms) to 2309.3798828125 (ms), cudaEventElapsed = 15.350784301757812 (ms)
[RANK0] W @ 2309.6376953125 (ms) to 2327.129150390625 (ms), cudaEventElapsed = 17.458175659179688 (ms)
[RANK0] W @ 2327.186767578125 (ms) to 2347.651123046875 (ms), cudaEventElapsed = 20.429824829101562 (ms)
[RANK0] B @ 2347.837158203125 (ms) to 2388.335205078125 (ms), cudaEventElapsed = 40.46607971191406 (ms)
[RANK0] W @ 2388.5302734375 (ms) to 2531.222412109375 (ms), cudaEventElapsed = 14.701567649841309 (ms)
[RANK0] B @ 2531.465087890625 (ms) to 2566.668701171875 (ms), cudaEventElapsed = 35.1671028137207 (ms)
[RANK0] W @ 2566.734375 (ms) to 2584.4033203125 (ms), cudaEventElapsed = 17.638399124145508 (ms)
[RANK0] B @ 2678.6357421875 (ms) to 2712.58056640625 (ms), cudaEventElapsed = 33.907711029052734 (ms)
[RANK0] W @ 2712.64404296875 (ms) to 2728.056640625 (ms), cudaEventElapsed = 15.383551597595215 (ms)
[RANK0] B @ 2841.663330078125 (ms) to 2874.737060546875 (ms), cudaEventElapsed = 33.03577423095703 (ms)
[RANK0] 1W @ 2874.802490234375 (ms) to 2889.88720703125 (ms), cudaEventElapsed = 15.056896209716797 (ms)
[RANK0] Iteration 10
[RANK0] F @ 2.00341796875 (ms) to 27.340576171875 (ms), cudaEventElapsed = 25.301471710205078 (ms)
[RANK0] F @ 27.554443359375 (ms) to 53.70068359375 (ms), cudaEventElapsed = 26.1079044342041 (ms)
[RANK0] F @ 53.902099609375 (ms) to 81.743408203125 (ms), cudaEventElapsed = 27.808767318725586 (ms)
[RANK0] F @ 81.934814453125 (ms) to 110.091064453125 (ms), cudaEventElapsed = 28.123136520385742 (ms)
[RANK0] F @ 110.287109375 (ms) to 138.32470703125 (ms), cudaEventElapsed = 28.0053768157959 (ms)
[RANK0] F @ 138.510498046875 (ms) to 166.879150390625 (ms), cudaEventElapsed = 28.33510398864746 (ms)
[RANK0] F @ 167.09912109375 (ms) to 195.099365234375 (ms), cudaEventElapsed = 27.96441650390625 (ms)
[RANK0] B @ 699.879638671875 (ms) to 733.328369140625 (ms), cudaEventElapsed = 33.37638473510742 (ms)
[RANK0] F @ 733.63427734375 (ms) to 760.02978515625 (ms), cudaEventElapsed = 26.35161590576172 (ms)
[RANK0] B @ 911.16943359375 (ms) to 944.37548828125 (ms), cudaEventElapsed = 33.14720153808594 (ms)
[RANK0] W @ 944.650390625 (ms) to 960.345703125 (ms), cudaEventElapsed = 15.651840209960938 (ms)
[RANK0] F @ 960.42724609375 (ms) to 988.97265625 (ms), cudaEventElapsed = 28.511232376098633 (ms)
[RANK0] B @ 1121.7919921875 (ms) to 1155.850830078125 (ms), cudaEventElapsed = 34.0096321105957 (ms)
[RANK0] B @ 1327.800048828125 (ms) to 1361.015380859375 (ms), cudaEventElapsed = 33.16611099243164 (ms)
[RANK0] W @ 1361.097900390625 (ms) to 1376.150146484375 (ms), cudaEventElapsed = 15.017984390258789 (ms)
[RANK0] F @ 1376.398681640625 (ms) to 1404.423095703125 (ms), cudaEventElapsed = 27.98899269104004 (ms)
[RANK0] B @ 1566.114990234375 (ms) to 1600.06201171875 (ms), cudaEventElapsed = 33.89382553100586 (ms)
[RANK0] B @ 1676.73779296875 (ms) to 1709.909423828125 (ms), cudaEventElapsed = 33.133216857910156 (ms)
[RANK0] W @ 1709.97802734375 (ms) to 1724.88232421875 (ms), cudaEventElapsed = 14.871552467346191 (ms)
[RANK0] F @ 1725.08544921875 (ms) to 1754.868896484375 (ms), cudaEventElapsed = 29.75334358215332 (ms)
[RANK0] B @ 1918.921875 (ms) to 1952.9267578125 (ms), cudaEventElapsed = 33.96419143676758 (ms)
[RANK0] B @ 2026.372802734375 (ms) to 2059.4765625 (ms), cudaEventElapsed = 33.06684875488281 (ms)
[RANK0] W @ 2059.540283203125 (ms) to 2074.72412109375 (ms), cudaEventElapsed = 15.150079727172852 (ms)
[RANK0] F @ 2074.93798828125 (ms) to 2102.941162109375 (ms), cudaEventElapsed = 27.97056007385254 (ms)
[RANK0] W @ 2103.1298828125 (ms) to 2275.738037109375 (ms), cudaEventElapsed = 14.48038387298584 (ms)
[RANK0] W @ 2275.811279296875 (ms) to 2291.037353515625 (ms), cudaEventElapsed = 15.185919761657715 (ms)
[RANK0] W @ 2291.264404296875 (ms) to 2309.14501953125 (ms), cudaEventElapsed = 17.8472957611084 (ms)
[RANK0] W @ 2309.192626953125 (ms) to 2330.05419921875 (ms), cudaEventElapsed = 20.832256317138672 (ms)
[RANK0] B @ 2330.22314453125 (ms) to 2370.80224609375 (ms), cudaEventElapsed = 40.549407958984375 (ms)
[RANK0] W @ 2370.98486328125 (ms) to 2513.361328125 (ms), cudaEventElapsed = 14.716927528381348 (ms)
[RANK0] B @ 2513.57861328125 (ms) to 2548.4150390625 (ms), cudaEventElapsed = 34.7940788269043 (ms)
[RANK0] W @ 2548.479736328125 (ms) to 2565.515380859375 (ms), cudaEventElapsed = 17.006591796875 (ms)
[RANK0] B @ 2660.978759765625 (ms) to 2694.95068359375 (ms), cudaEventElapsed = 33.93302536010742 (ms)
[RANK0] W @ 2695.0166015625 (ms) to 2710.559814453125 (ms), cudaEventElapsed = 15.514623641967773 (ms)
[RANK0] B @ 2822.260986328125 (ms) to 2855.44384765625 (ms), cudaEventElapsed = 33.144065856933594 (ms)
[RANK0] 1W @ 2855.509033203125 (ms) to 2870.92919921875 (ms), cudaEventElapsed = 15.392767906188965 (ms)
[RANK0] Iteration 11
[RANK0] F @ 2.060302734375 (ms) to 27.47119140625 (ms), cudaEventElapsed = 25.375104904174805 (ms)
[RANK0] F @ 27.688720703125 (ms) to 53.583740234375 (ms), cudaEventElapsed = 25.859071731567383 (ms)
[RANK0] F @ 53.789306640625 (ms) to 81.5244140625 (ms), cudaEventElapsed = 27.702272415161133 (ms)
[RANK0] F @ 81.721435546875 (ms) to 109.78076171875 (ms), cudaEventElapsed = 28.027904510498047 (ms)
[RANK0] F @ 109.984375 (ms) to 138.14990234375 (ms), cudaEventElapsed = 28.132352828979492 (ms)
[RANK0] F @ 138.340087890625 (ms) to 166.561767578125 (ms), cudaEventElapsed = 28.188671112060547 (ms)
[RANK0] F @ 166.78662109375 (ms) to 194.7353515625 (ms), cudaEventElapsed = 27.91219139099121 (ms)
[RANK0] B @ 701.356201171875 (ms) to 734.59814453125 (ms), cudaEventElapsed = 33.18374252319336 (ms)
[RANK0] F @ 734.856689453125 (ms) to 761.33154296875 (ms), cudaEventElapsed = 26.435583114624023 (ms)
[RANK0] B @ 916.07177734375 (ms) to 949.20849609375 (ms), cudaEventElapsed = 33.08563232421875 (ms)
[RANK0] W @ 949.443359375 (ms) to 965.244873046875 (ms), cudaEventElapsed = 15.766528129577637 (ms)
[RANK0] F @ 965.312255859375 (ms) to 993.688232421875 (ms), cudaEventElapsed = 28.34227180480957 (ms)
[RANK0] B @ 1186.042236328125 (ms) to 1220.110107421875 (ms), cudaEventElapsed = 34.02092742919922 (ms)
[RANK0] B @ 1332.73974609375 (ms) to 1365.921875 (ms), cudaEventElapsed = 33.13568115234375 (ms)
[RANK0] W @ 1365.99853515625 (ms) to 1380.970947265625 (ms), cudaEventElapsed = 14.937088012695312 (ms)
[RANK0] F @ 1381.224609375 (ms) to 1409.140625 (ms), cudaEventElapsed = 27.882495880126953 (ms)
[RANK0] B @ 1630.93994140625 (ms) to 1664.9482421875 (ms), cudaEventElapsed = 33.953121185302734 (ms)
[RANK0] B @ 1698.025146484375 (ms) to 1731.126953125 (ms), cudaEventElapsed = 33.05500793457031 (ms)
[RANK0] W @ 1731.201416015625 (ms) to 1746.575439453125 (ms), cudaEventElapsed = 15.339520454406738 (ms)
[RANK0] F @ 1746.792724609375 (ms) to 1776.56494140625 (ms), cudaEventElapsed = 29.73798370361328 (ms)
[RANK0] B @ 1995.66064453125 (ms) to 2029.654052734375 (ms), cudaEventElapsed = 33.937313079833984 (ms)
[RANK0] B @ 2061.630615234375 (ms) to 2094.833251953125 (ms), cudaEventElapsed = 33.16432189941406 (ms)
[RANK0] W @ 2094.90087890625 (ms) to 2110.026123046875 (ms), cudaEventElapsed = 15.096832275390625 (ms)
[RANK0] F @ 2110.2626953125 (ms) to 2140.23779296875 (ms), cudaEventElapsed = 29.94175910949707 (ms)
[RANK0] W @ 2140.444091796875 (ms) to 2371.42822265625 (ms), cudaEventElapsed = 14.458880424499512 (ms)
[RANK0] W @ 2371.523681640625 (ms) to 2386.2099609375 (ms), cudaEventElapsed = 14.640128135681152 (ms)
[RANK0] W @ 2386.45068359375 (ms) to 2404.012939453125 (ms), cudaEventElapsed = 17.530879974365234 (ms)
[RANK0] W @ 2404.06787109375 (ms) to 2424.63623046875 (ms), cudaEventElapsed = 20.539392471313477 (ms)
[RANK0] B @ 2424.818603515625 (ms) to 2465.375 (ms), cudaEventElapsed = 40.523231506347656 (ms)
[RANK0] W @ 2465.56005859375 (ms) to 2585.10888671875 (ms), cudaEventElapsed = 14.708736419677734 (ms)
[RANK0] B @ 2585.3310546875 (ms) to 2620.9365234375 (ms), cudaEventElapsed = 35.567264556884766 (ms)
[RANK0] W @ 2621.00732421875 (ms) to 2638.387451171875 (ms), cudaEventElapsed = 17.346559524536133 (ms)
[RANK0] B @ 2732.297119140625 (ms) to 2766.226806640625 (ms), cudaEventElapsed = 33.89206314086914 (ms)
[RANK0] W @ 2766.292236328125 (ms) to 2781.552490234375 (ms), cudaEventElapsed = 15.233023643493652 (ms)
[RANK0] B @ 2895.481689453125 (ms) to 2928.549560546875 (ms), cudaEventElapsed = 33.02947235107422 (ms)
[RANK0] 1W @ 2928.614990234375 (ms) to 2943.888427734375 (ms), cudaEventElapsed = 15.246335983276367 (ms)
[RANK0] Iteration 12
[RANK0] F @ 2.0224609375 (ms) to 27.197265625 (ms), cudaEventElapsed = 25.13804817199707 (ms)
[RANK0] F @ 27.418212890625 (ms) to 116.278564453125 (ms), cudaEventElapsed = 24.10291290283203 (ms)
[RANK0] F @ 116.48974609375 (ms) to 206.531494140625 (ms), cudaEventElapsed = 24.09676742553711 (ms)
[RANK0] F @ 206.74755859375 (ms) to 294.66552734375 (ms), cudaEventElapsed = 24.043519973754883 (ms)
[RANK0] F @ 294.89306640625 (ms) to 383.56201171875 (ms), cudaEventElapsed = 24.157184600830078 (ms)
[RANK0] F @ 383.776611328125 (ms) to 472.967041015625 (ms), cudaEventElapsed = 24.12441635131836 (ms)
[RANK0] F @ 473.167236328125 (ms) to 560.716796875 (ms), cudaEventElapsed = 24.164352416992188 (ms)
[RANK0] B @ 815.622314453125 (ms) to 848.9482421875 (ms), cudaEventElapsed = 33.27097702026367 (ms)
[RANK0] F @ 849.1845703125 (ms) to 875.480224609375 (ms), cudaEventElapsed = 26.262527465820312 (ms)
[RANK0] B @ 1088.09228515625 (ms) to 1121.202880859375 (ms), cudaEventElapsed = 33.05324935913086 (ms)
[RANK0] W @ 1121.462646484375 (ms) to 1137.113037109375 (ms), cudaEventElapsed = 15.617024421691895 (ms)
[RANK0] F @ 1137.1708984375 (ms) to 1166.46240234375 (ms), cudaEventElapsed = 29.261823654174805 (ms)
[RANK0] B @ 1302.245849609375 (ms) to 1336.306640625 (ms), cudaEventElapsed = 34.013343811035156 (ms)
[RANK0] B @ 1450.50390625 (ms) to 1483.515869140625 (ms), cudaEventElapsed = 32.97673416137695 (ms)
[RANK0] W @ 1483.59521484375 (ms) to 1498.51416015625 (ms), cudaEventElapsed = 14.889984130859375 (ms)
[RANK0] F @ 1498.739990234375 (ms) to 1528.302490234375 (ms), cudaEventElapsed = 29.52908706665039 (ms)
[RANK0] B @ 1749.965576171875 (ms) to 1783.895751953125 (ms), cudaEventElapsed = 33.882720947265625 (ms)
[RANK0] B @ 1815.731201171875 (ms) to 1849.011474609375 (ms), cudaEventElapsed = 33.243648529052734 (ms)
[RANK0] W @ 1849.076171875 (ms) to 1864.462646484375 (ms), cudaEventElapsed = 15.354880332946777 (ms)
[RANK0] F @ 1864.674072265625 (ms) to 1893.77587890625 (ms), cudaEventElapsed = 29.069311141967773 (ms)
[RANK0] B @ 2113.939697265625 (ms) to 2147.96044921875 (ms), cudaEventElapsed = 33.97612762451172 (ms)
[RANK0] B @ 2180.307373046875 (ms) to 2213.470947265625 (ms), cudaEventElapsed = 33.12879943847656 (ms)
[RANK0] W @ 2213.53271484375 (ms) to 2228.865234375 (ms), cudaEventElapsed = 15.301631927490234 (ms)
[RANK0] F @ 2229.070068359375 (ms) to 2257.318603515625 (ms), cudaEventElapsed = 28.218368530273438 (ms)
[RANK0] W @ 2257.51513671875 (ms) to 2489.26123046875 (ms), cudaEventElapsed = 14.476287841796875 (ms)
[RANK0] W @ 2489.3251953125 (ms) to 2504.267822265625 (ms), cudaEventElapsed = 14.906368255615234 (ms)
[RANK0] W @ 2504.464599609375 (ms) to 2521.931884765625 (ms), cudaEventElapsed = 17.43667221069336 (ms)
[RANK0] W @ 2521.978271484375 (ms) to 2542.7314453125 (ms), cudaEventElapsed = 20.725759506225586 (ms)
[RANK0] B @ 2542.89501953125 (ms) to 2583.4970703125 (ms), cudaEventElapsed = 40.57427215576172 (ms)
[RANK0] W @ 2583.689697265625 (ms) to 2700.341796875 (ms), cudaEventElapsed = 14.764032363891602 (ms)
[RANK0] B @ 2700.5380859375 (ms) to 2735.712646484375 (ms), cudaEventElapsed = 35.138206481933594 (ms)
[RANK0] W @ 2735.778076171875 (ms) to 2752.593505859375 (ms), cudaEventElapsed = 16.78335952758789 (ms)
[RANK0] B @ 2849.874755859375 (ms) to 2883.73193359375 (ms), cudaEventElapsed = 33.8205451965332 (ms)
[RANK0] W @ 2883.797119140625 (ms) to 2898.864013671875 (ms), cudaEventElapsed = 15.038463592529297 (ms)
[RANK0] B @ 3011.66357421875 (ms) to 3044.730224609375 (ms), cudaEventElapsed = 33.032798767089844 (ms)
[RANK0] 1W @ 3044.79638671875 (ms) to 3059.685791015625 (ms), cudaEventElapsed = 14.8602876663208 (ms)
[RANK0] Iteration 13
[RANK0] F @ 1.998046875 (ms) to 27.17578125 (ms), cudaEventElapsed = 25.143007278442383 (ms)
[RANK0] F @ 27.395263671875 (ms) to 115.03515625 (ms), cudaEventElapsed = 24.120319366455078 (ms)
[RANK0] F @ 115.26025390625 (ms) to 205.717529296875 (ms), cudaEventElapsed = 24.071168899536133 (ms)
[RANK0] F @ 205.9365234375 (ms) to 292.175048828125 (ms), cudaEventElapsed = 24.061952590942383 (ms)
[RANK0] F @ 292.39990234375 (ms) to 382.52783203125 (ms), cudaEventElapsed = 24.160255432128906 (ms)
[RANK0] F @ 382.74365234375 (ms) to 470.364501953125 (ms), cudaEventElapsed = 24.07321548461914 (ms)
[RANK0] F @ 470.568359375 (ms) to 560.532958984375 (ms), cudaEventElapsed = 24.196096420288086 (ms)
[RANK0] B @ 820.68505859375 (ms) to 853.94482421875 (ms), cudaEventElapsed = 33.20188903808594 (ms)
[RANK0] F @ 854.224853515625 (ms) to 880.79541015625 (ms), cudaEventElapsed = 26.53593635559082 (ms)
[RANK0] B @ 1094.3603515625 (ms) to 1127.684814453125 (ms), cudaEventElapsed = 33.25862503051758 (ms)
[RANK0] W @ 1127.95751953125 (ms) to 1143.39990234375 (ms), cudaEventElapsed = 15.40505599975586 (ms)
[RANK0] F @ 1143.458984375 (ms) to 1171.495361328125 (ms), cudaEventElapsed = 28.006399154663086 (ms)
[RANK0] B @ 1308.267578125 (ms) to 1342.464111328125 (ms), cudaEventElapsed = 34.14409637451172 (ms)
[RANK0] B @ 1455.46044921875 (ms) to 1488.539306640625 (ms), cudaEventElapsed = 33.039710998535156 (ms)
[RANK0] W @ 1488.612060546875 (ms) to 1503.6669921875 (ms), cudaEventElapsed = 15.024127960205078 (ms)
[RANK0] F @ 1503.917724609375 (ms) to 1531.897216796875 (ms), cudaEventElapsed = 27.94700813293457 (ms)
[RANK0] B @ 1755.081298828125 (ms) to 1789.109130859375 (ms), cudaEventElapsed = 33.9648323059082 (ms)
[RANK0] B @ 1822.221435546875 (ms) to 1855.371826171875 (ms), cudaEventElapsed = 33.1091194152832 (ms)
[RANK0] W @ 1855.445068359375 (ms) to 1870.829833984375 (ms), cudaEventElapsed = 15.350784301757812 (ms)
[RANK0] F @ 1871.048583984375 (ms) to 1900.683837890625 (ms), cudaEventElapsed = 29.6048641204834 (ms)
[RANK0] B @ 2123.86474609375 (ms) to 2157.73828125 (ms), cudaEventElapsed = 33.826175689697266 (ms)
[RANK0] B @ 2190.488037109375 (ms) to 2223.715576171875 (ms), cudaEventElapsed = 33.18806457519531 (ms)
[RANK0] W @ 2223.780029296875 (ms) to 2239.16015625 (ms), cudaEventElapsed = 15.347711563110352 (ms)
[RANK0] F @ 2239.378173828125 (ms) to 2268.408447265625 (ms), cudaEventElapsed = 28.99660873413086 (ms)
[RANK0] W @ 2268.60546875 (ms) to 2501.286865234375 (ms), cudaEventElapsed = 14.45580768585205 (ms)
[RANK0] W @ 2501.357177734375 (ms) to 2516.0625 (ms), cudaEventElapsed = 14.665727615356445 (ms)
[RANK0] W @ 2516.273681640625 (ms) to 2534.0810546875 (ms), cudaEventElapsed = 17.777664184570312 (ms)
[RANK0] W @ 2534.13427734375 (ms) to 2554.830322265625 (ms), cudaEventElapsed = 20.66636848449707 (ms)
[RANK0] B @ 2554.9990234375 (ms) to 2595.361083984375 (ms), cudaEventElapsed = 40.33232116699219 (ms)
[RANK0] W @ 2595.572265625 (ms) to 2712.480224609375 (ms), cudaEventElapsed = 14.724096298217773 (ms)
[RANK0] B @ 2712.677490234375 (ms) to 2748.031982421875 (ms), cudaEventElapsed = 35.320831298828125 (ms)
[RANK0] W @ 2748.094482421875 (ms) to 2765.322265625 (ms), cudaEventElapsed = 17.19910430908203 (ms)
[RANK0] B @ 2861.619384765625 (ms) to 2895.436767578125 (ms), cudaEventElapsed = 33.784385681152344 (ms)
[RANK0] W @ 2895.497314453125 (ms) to 2911.1474609375 (ms), cudaEventElapsed = 15.623167991638184 (ms)
[RANK0] B @ 3025.102294921875 (ms) to 3058.064697265625 (ms), cudaEventElapsed = 32.920318603515625 (ms)
[RANK0] 1W @ 3058.128662109375 (ms) to 3073.0283203125 (ms), cudaEventElapsed = 14.871552467346191 (ms)
[RANK0] Iteration 14
[RANK0] F @ 1.989501953125 (ms) to 27.27880859375 (ms), cudaEventElapsed = 25.252288818359375 (ms)
[RANK0] F @ 27.501953125 (ms) to 114.639892578125 (ms), cudaEventElapsed = 24.12441635131836 (ms)
[RANK0] F @ 114.84326171875 (ms) to 205.251220703125 (ms), cudaEventElapsed = 24.09267234802246 (ms)
[RANK0] F @ 205.457275390625 (ms) to 292.2158203125 (ms), cudaEventElapsed = 24.08755111694336 (ms)
[RANK0] F @ 292.432861328125 (ms) to 383.07568359375 (ms), cudaEventElapsed = 24.174591064453125 (ms)
[RANK0] F @ 383.27587890625 (ms) to 471.887451171875 (ms), cudaEventElapsed = 24.145919799804688 (ms)
[RANK0] F @ 472.09033203125 (ms) to 562.67724609375 (ms), cudaEventElapsed = 24.239103317260742 (ms)
[RANK0] B @ 813.809326171875 (ms) to 847.147216796875 (ms), cudaEventElapsed = 33.27113723754883 (ms)
[RANK0] F @ 847.4208984375 (ms) to 873.59912109375 (ms), cudaEventElapsed = 26.14374351501465 (ms)
[RANK0] B @ 1088.5478515625 (ms) to 1121.842529296875 (ms), cudaEventElapsed = 33.2305908203125 (ms)
[RANK0] W @ 1122.104736328125 (ms) to 1137.33203125 (ms), cudaEventElapsed = 15.19206428527832 (ms)
[RANK0] F @ 1137.388671875 (ms) to 1166.74951171875 (ms), cudaEventElapsed = 29.33145523071289 (ms)
[RANK0] B @ 1299.54736328125 (ms) to 1333.5712890625 (ms), cudaEventElapsed = 33.97520065307617 (ms)
[RANK0] B @ 1447.017333984375 (ms) to 1480.01806640625 (ms), cudaEventElapsed = 32.960960388183594 (ms)
[RANK0] W @ 1480.09716796875 (ms) to 1494.932861328125 (ms), cudaEventElapsed = 14.801919937133789 (ms)
[RANK0] F @ 1495.1484375 (ms) to 1524.998046875 (ms), cudaEventElapsed = 29.81273651123047 (ms)
[RANK0] B @ 1745.95166015625 (ms) to 1779.871337890625 (ms), cudaEventElapsed = 33.870689392089844 (ms)
[RANK0] B @ 1811.834228515625 (ms) to 1845.00732421875 (ms), cudaEventElapsed = 33.13555145263672 (ms)
[RANK0] W @ 1845.072265625 (ms) to 1860.428955078125 (ms), cudaEventElapsed = 15.326208114624023 (ms)
[RANK0] F @ 1860.649658203125 (ms) to 1889.739501953125 (ms), cudaEventElapsed = 29.054975509643555 (ms)
[RANK0] B @ 2110.540283203125 (ms) to 2144.64794921875 (ms), cudaEventElapsed = 34.04671859741211 (ms)
[RANK0] B @ 2176.6884765625 (ms) to 2209.821533203125 (ms), cudaEventElapsed = 33.09040069580078 (ms)
[RANK0] W @ 2209.88916015625 (ms) to 2225.095458984375 (ms), cudaEventElapsed = 15.172608375549316 (ms)
[RANK0] F @ 2225.3095703125 (ms) to 2253.576171875 (ms), cudaEventElapsed = 28.226560592651367 (ms)
[RANK0] W @ 2253.789306640625 (ms) to 2486.30859375 (ms), cudaEventElapsed = 14.458880424499512 (ms)
[RANK0] W @ 2486.410888671875 (ms) to 2501.648681640625 (ms), cudaEventElapsed = 15.18899154663086 (ms)
[RANK0] W @ 2501.913818359375 (ms) to 2519.5498046875 (ms), cudaEventElapsed = 17.60153579711914 (ms)
[RANK0] W @ 2519.601318359375 (ms) to 2540.224609375 (ms), cudaEventElapsed = 20.594688415527344 (ms)
[RANK0] B @ 2540.415283203125 (ms) to 2580.948486328125 (ms), cudaEventElapsed = 40.50089645385742 (ms)
[RANK0] W @ 2581.1689453125 (ms) to 2696.3046875 (ms), cudaEventElapsed = 14.701567649841309 (ms)
[RANK0] B @ 2696.559326171875 (ms) to 2731.5888671875 (ms), cudaEventElapsed = 34.99110412597656 (ms)
[RANK0] W @ 2731.656005859375 (ms) to 2748.518798828125 (ms), cudaEventElapsed = 16.83148765563965 (ms)
[RANK0] B @ 2845.197998046875 (ms) to 2879.15625 (ms), cudaEventElapsed = 33.91958236694336 (ms)
[RANK0] W @ 2879.2275390625 (ms) to 2894.295654296875 (ms), cudaEventElapsed = 15.038463592529297 (ms)
[RANK0] B @ 3008.0615234375 (ms) to 3041.211181640625 (ms), cudaEventElapsed = 33.10755157470703 (ms)
[RANK0] 1W @ 3041.279541015625 (ms) to 3056.339111328125 (ms), cudaEventElapsed = 15.030271530151367 (ms)
[RANK0] Iteration 15
[RANK0] F @ 2.022705078125 (ms) to 27.248291015625 (ms), cudaEventElapsed = 25.188928604125977 (ms)
[RANK0] F @ 27.468017578125 (ms) to 115.090576171875 (ms), cudaEventElapsed = 24.09779167175293 (ms)
[RANK0] F @ 115.312744140625 (ms) to 205.734375 (ms), cudaEventElapsed = 24.09984016418457 (ms)
[RANK0] F @ 205.9404296875 (ms) to 292.63427734375 (ms), cudaEventElapsed = 24.086528778076172 (ms)
[RANK0] F @ 292.8818359375 (ms) to 383.667724609375 (ms), cudaEventElapsed = 24.249343872070312 (ms)
[RANK0] F @ 383.87890625 (ms) to 472.161376953125 (ms), cudaEventElapsed = 24.11520004272461 (ms)
[RANK0] F @ 472.36962890625 (ms) to 563.1318359375 (ms), cudaEventElapsed = 24.30873680114746 (ms)
[RANK0] B @ 821.218505859375 (ms) to 854.4033203125 (ms), cudaEventElapsed = 33.133182525634766 (ms)
[RANK0] F @ 854.64697265625 (ms) to 881.375732421875 (ms), cudaEventElapsed = 26.696704864501953 (ms)
[RANK0] B @ 1095.484619140625 (ms) to 1128.730224609375 (ms), cudaEventElapsed = 33.18739318847656 (ms)
[RANK0] W @ 1128.99267578125 (ms) to 1144.480712890625 (ms), cudaEventElapsed = 15.454208374023438 (ms)
[RANK0] F @ 1144.539306640625 (ms) to 1172.558837890625 (ms), cudaEventElapsed = 27.99001693725586 (ms)
[RANK0] B @ 1309.233642578125 (ms) to 1343.274658203125 (ms), cudaEventElapsed = 33.99251174926758 (ms)
[RANK0] B @ 1457.117919921875 (ms) to 1490.202880859375 (ms), cudaEventElapsed = 33.04595184326172 (ms)
[RANK0] W @ 1490.2763671875 (ms) to 1505.305908203125 (ms), cudaEventElapsed = 14.993408203125 (ms)
[RANK0] F @ 1505.54736328125 (ms) to 1533.52587890625 (ms), cudaEventElapsed = 27.94393539428711 (ms)
[RANK0] B @ 1755.638916015625 (ms) to 1789.593505859375 (ms), cudaEventElapsed = 33.90915298461914 (ms)
[RANK0] B @ 1823.219970703125 (ms) to 1856.3037109375 (ms), cudaEventElapsed = 33.04627227783203 (ms)
[RANK0] W @ 1856.367431640625 (ms) to 1871.61181640625 (ms), cudaEventElapsed = 15.212544441223145 (ms)
[RANK0] F @ 1871.815185546875 (ms) to 1901.247314453125 (ms), cudaEventElapsed = 29.402111053466797 (ms)
[RANK0] B @ 2122.97802734375 (ms) to 2156.862060546875 (ms), cudaEventElapsed = 33.83910369873047 (ms)
[RANK0] B @ 2188.923828125 (ms) to 2222.146484375 (ms), cudaEventElapsed = 33.186527252197266 (ms)
[RANK0] W @ 2222.209228515625 (ms) to 2237.884765625 (ms), cudaEventElapsed = 15.641599655151367 (ms)
[RANK0] F @ 2238.108154296875 (ms) to 2267.5927734375 (ms), cudaEventElapsed = 29.450239181518555 (ms)
[RANK0] W @ 2267.800537109375 (ms) to 2501.725830078125 (ms), cudaEventElapsed = 14.48755168914795 (ms)
[RANK0] W @ 2501.81982421875 (ms) to 2516.486328125 (ms), cudaEventElapsed = 14.619647979736328 (ms)
[RANK0] W @ 2516.734375 (ms) to 2534.983154296875 (ms), cudaEventElapsed = 18.216960906982422 (ms)
[RANK0] W @ 2535.0302734375 (ms) to 2556.452880859375 (ms), cudaEventElapsed = 21.393407821655273 (ms)
[RANK0] B @ 2556.634521484375 (ms) to 2597.295166015625 (ms), cudaEventElapsed = 40.63100814819336 (ms)
[RANK0] W @ 2597.49560546875 (ms) to 2712.586669921875 (ms), cudaEventElapsed = 14.755840301513672 (ms)
[RANK0] B @ 2712.7998046875 (ms) to 2748.21337890625 (ms), cudaEventElapsed = 35.378753662109375 (ms)
[RANK0] W @ 2748.275634765625 (ms) to 2765.4091796875 (ms), cudaEventElapsed = 17.098751068115234 (ms)
[RANK0] B @ 2861.75390625 (ms) to 2895.618896484375 (ms), cudaEventElapsed = 33.82841491699219 (ms)
[RANK0] W @ 2895.689208984375 (ms) to 2911.342041015625 (ms), cudaEventElapsed = 15.624192237854004 (ms)
[RANK0] B @ 3025.63427734375 (ms) to 3058.59326171875 (ms), cudaEventElapsed = 32.92390441894531 (ms)
[RANK0] 1W @ 3058.64990234375 (ms) to 3073.54833984375 (ms), cudaEventElapsed = 14.870528221130371 (ms)
[RANK0] Iteration 16
[RANK0] F @ 0.34619140625 (ms) to 24.236083984375 (ms), cudaEventElapsed = 23.85536003112793 (ms)
[RANK0] F @ 24.448974609375 (ms) to 110.531005859375 (ms), cudaEventElapsed = 22.633472442626953 (ms)
[RANK0] F @ 110.730712890625 (ms) to 198.015380859375 (ms), cudaEventElapsed = 22.66009521484375 (ms)
[RANK0] F @ 198.2158203125 (ms) to 286.83251953125 (ms), cudaEventElapsed = 22.68160057067871 (ms)
[RANK0] F @ 287.0400390625 (ms) to 371.19970703125 (ms), cudaEventElapsed = 22.64473533630371 (ms)
[RANK0] F @ 371.390380859375 (ms) to 459.23828125 (ms), cudaEventElapsed = 22.7010555267334 (ms)
[RANK0] F @ 459.4326171875 (ms) to 547.065185546875 (ms), cudaEventElapsed = 22.67955207824707 (ms)
[RANK0] F @ 547.283935546875 (ms) to 632.10009765625 (ms), cudaEventElapsed = 22.641664505004883 (ms)
[RANK0] F @ 632.355712890625 (ms) to 721.48486328125 (ms), cudaEventElapsed = 22.785024642944336 (ms)
[RANK0] F @ 721.710693359375 (ms) to 808.209228515625 (ms), cudaEventElapsed = 22.716415405273438 (ms)
[RANK0] F @ 808.4287109375 (ms) to 894.249755859375 (ms), cudaEventElapsed = 22.7061767578125 (ms)
[RANK0] F @ 894.456787109375 (ms) to 983.36865234375 (ms), cudaEventElapsed = 22.749183654785156 (ms)
