[RANK2] Iteration 1
[RANK2] F @ 911.59423828125 (ms) to 1064.1640625 (ms), cudaEventElapsed = 152.50636291503906 (ms)
[RANK2] F @ 1116.774658203125 (ms) to 1148.497314453125 (ms), cudaEventElapsed = 31.65363121032715 (ms)
[RANK2] F @ 1150.420654296875 (ms) to 1182.929443359375 (ms), cudaEventElapsed = 32.468414306640625 (ms)
[RANK2] B @ 1742.403564453125 (ms) to 1794.952392578125 (ms), cudaEventElapsed = 52.49103927612305 (ms)
[RANK2] F @ 1798.494140625 (ms) to 1830.7080078125 (ms), cudaEventElapsed = 32.173824310302734 (ms)
[RANK2] B @ 1831.035400390625 (ms) to 1874.64599609375 (ms), cudaEventElapsed = 43.57356643676758 (ms)
[RANK2] F @ 1875.90576171875 (ms) to 1909.756103515625 (ms), cudaEventElapsed = 33.812255859375 (ms)
[RANK2] B @ 1910.175048828125 (ms) to 1954.229248046875 (ms), cudaEventElapsed = 44.0115852355957 (ms)
[RANK2] F @ 1955.48291015625 (ms) to 1989.750732421875 (ms), cudaEventElapsed = 34.2314567565918 (ms)
[RANK2] B @ 1990.94970703125 (ms) to 2035.138671875 (ms), cudaEventElapsed = 44.148990631103516 (ms)
[RANK2] F @ 2036.452880859375 (ms) to 2070.890869140625 (ms), cudaEventElapsed = 34.40208053588867 (ms)
[RANK2] B @ 2071.194091796875 (ms) to 2115.43115234375 (ms), cudaEventElapsed = 44.2020149230957 (ms)
[RANK2] F @ 2115.76416015625 (ms) to 2149.35791015625 (ms), cudaEventElapsed = 33.54060745239258 (ms)
[RANK2] B @ 2149.7138671875 (ms) to 2194.655517578125 (ms), cudaEventElapsed = 44.90768051147461 (ms)
[RANK2] W @ 2194.8916015625 (ms) to 2216.310791015625 (ms), cudaEventElapsed = 21.380096435546875 (ms)
[RANK2] F @ 2216.446044921875 (ms) to 2250.025146484375 (ms), cudaEventElapsed = 33.54899215698242 (ms)
[RANK2] B @ 2251.280029296875 (ms) to 2295.846923828125 (ms), cudaEventElapsed = 44.527774810791016 (ms)
[RANK2] B @ 2297.114501953125 (ms) to 2339.94580078125 (ms), cudaEventElapsed = 42.7982063293457 (ms)
[RANK2] W @ 2340.088134765625 (ms) to 2360.279541015625 (ms), cudaEventElapsed = 20.159488677978516 (ms)
[RANK2] F @ 2360.52685546875 (ms) to 2394.39453125 (ms), cudaEventElapsed = 33.838592529296875 (ms)
[RANK2] B @ 2394.6728515625 (ms) to 2439.6650390625 (ms), cudaEventElapsed = 44.958656311035156 (ms)
[RANK2] W @ 2439.877197265625 (ms) to 2462.7392578125 (ms), cudaEventElapsed = 21.961727142333984 (ms)
[RANK2] F @ 2462.978759765625 (ms) to 2496.970458984375 (ms), cudaEventElapsed = 33.9617919921875 (ms)
[RANK2] B @ 2497.242431640625 (ms) to 2542.064697265625 (ms), cudaEventElapsed = 44.78889465332031 (ms)
[RANK2] W @ 2542.273193359375 (ms) to 2565.143798828125 (ms), cudaEventElapsed = 21.86342430114746 (ms)
[RANK2] F @ 2565.374755859375 (ms) to 2599.830078125 (ms), cudaEventElapsed = 34.42678451538086 (ms)
[RANK2] B @ 2600.091064453125 (ms) to 2648.138671875 (ms), cudaEventElapsed = 48.01123046875 (ms)
[RANK2] W @ 2648.276611328125 (ms) to 2671.398193359375 (ms), cudaEventElapsed = 23.09119987487793 (ms)
[RANK2] W @ 2671.541015625 (ms) to 2693.70166015625 (ms), cudaEventElapsed = 22.132736206054688 (ms)
[RANK2] B @ 2693.83203125 (ms) to 2736.7900390625 (ms), cudaEventElapsed = 42.93062210083008 (ms)
[RANK2] 6W @ 2736.92138671875 (ms) to 2865.114013671875 (ms), cudaEventElapsed = 128.1607666015625 (ms)
[RANK2] Iteration 2
[RANK2] F @ 63.330810546875 (ms) to 95.5302734375 (ms), cudaEventElapsed = 32.15206527709961 (ms)
[RANK2] F @ 98.101318359375 (ms) to 132.180908203125 (ms), cudaEventElapsed = 34.038368225097656 (ms)
[RANK2] F @ 134.8544921875 (ms) to 172.706298828125 (ms), cudaEventElapsed = 37.81465530395508 (ms)
[RANK2] B @ 176.99365234375 (ms) to 222.107177734375 (ms), cudaEventElapsed = 45.06959915161133 (ms)
[RANK2] F @ 222.52783203125 (ms) to 256.095703125 (ms), cudaEventElapsed = 33.53424072265625 (ms)
[RANK2] B @ 256.439208984375 (ms) to 300.953369140625 (ms), cudaEventElapsed = 44.47990417480469 (ms)
[RANK2] F @ 302.390869140625 (ms) to 336.1513671875 (ms), cudaEventElapsed = 33.726112365722656 (ms)
[RANK2] B @ 336.49365234375 (ms) to 380.9970703125 (ms), cudaEventElapsed = 44.469600677490234 (ms)
[RANK2] F @ 382.389892578125 (ms) to 415.8203125 (ms), cudaEventElapsed = 33.397281646728516 (ms)
[RANK2] B @ 416.15234375 (ms) to 460.871337890625 (ms), cudaEventElapsed = 44.682334899902344 (ms)
[RANK2] F @ 462.362548828125 (ms) to 495.82568359375 (ms), cudaEventElapsed = 33.42524719238281 (ms)
[RANK2] B @ 496.17431640625 (ms) to 540.896240234375 (ms), cudaEventElapsed = 44.67942428588867 (ms)
[RANK2] F @ 541.251708984375 (ms) to 574.969482421875 (ms), cudaEventElapsed = 33.68678283691406 (ms)
[RANK2] B @ 575.374755859375 (ms) to 620.152099609375 (ms), cudaEventElapsed = 44.741249084472656 (ms)
[RANK2] W @ 620.43212890625 (ms) to 641.971923828125 (ms), cudaEventElapsed = 21.502975463867188 (ms)
[RANK2] F @ 642.136962890625 (ms) to 675.79443359375 (ms), cudaEventElapsed = 33.62761688232422 (ms)
[RANK2] B @ 677.16015625 (ms) to 721.864501953125 (ms), cudaEventElapsed = 44.661441802978516 (ms)
[RANK2] B @ 723.205322265625 (ms) to 765.416259765625 (ms), cudaEventElapsed = 42.17814254760742 (ms)
[RANK2] W @ 765.59814453125 (ms) to 785.85986328125 (ms), cudaEventElapsed = 20.22707176208496 (ms)
[RANK2] F @ 786.13037109375 (ms) to 819.68017578125 (ms), cudaEventElapsed = 33.52025604248047 (ms)
[RANK2] B @ 819.994873046875 (ms) to 864.779052734375 (ms), cudaEventElapsed = 44.74611282348633 (ms)
[RANK2] W @ 865.0146484375 (ms) to 887.30712890625 (ms), cudaEventElapsed = 21.325824737548828 (ms)
[RANK2] F @ 887.58056640625 (ms) to 922.492431640625 (ms), cudaEventElapsed = 34.88236618041992 (ms)
[RANK2] B @ 922.802978515625 (ms) to 970.99609375 (ms), cudaEventElapsed = 48.160030364990234 (ms)
[RANK2] W @ 971.237060546875 (ms) to 994.568603515625 (ms), cudaEventElapsed = 22.320127487182617 (ms)
[RANK2] F @ 994.8447265625 (ms) to 1029.31591796875 (ms), cudaEventElapsed = 34.44086456298828 (ms)
[RANK2] B @ 1029.614990234375 (ms) to 1074.581298828125 (ms), cudaEventElapsed = 44.9315185546875 (ms)
[RANK2] W @ 1074.744140625 (ms) to 1096.209228515625 (ms), cudaEventElapsed = 21.43027114868164 (ms)
[RANK2] W @ 1096.372314453125 (ms) to 1117.793212890625 (ms), cudaEventElapsed = 21.392383575439453 (ms)
[RANK2] B @ 1117.949951171875 (ms) to 1160.704345703125 (ms), cudaEventElapsed = 42.723297119140625 (ms)
[RANK2] 6W @ 1160.87939453125 (ms) to 1289.207275390625 (ms), cudaEventElapsed = 128.29490661621094 (ms)
[RANK2] Iteration 3
[RANK2] F @ 63.17041015625 (ms) to 95.37158203125 (ms), cudaEventElapsed = 32.16038513183594 (ms)
[RANK2] F @ 98.175048828125 (ms) to 132.493408203125 (ms), cudaEventElapsed = 34.280513763427734 (ms)
[RANK2] F @ 135.374267578125 (ms) to 173.089111328125 (ms), cudaEventElapsed = 37.677921295166016 (ms)
[RANK2] B @ 177.31884765625 (ms) to 222.371337890625 (ms), cudaEventElapsed = 45.01408004760742 (ms)
[RANK2] F @ 222.738525390625 (ms) to 256.474853515625 (ms), cudaEventElapsed = 33.704063415527344 (ms)
[RANK2] B @ 256.825439453125 (ms) to 301.575927734375 (ms), cudaEventElapsed = 44.716670989990234 (ms)
[RANK2] F @ 303.008056640625 (ms) to 336.99169921875 (ms), cudaEventElapsed = 33.9505615234375 (ms)
[RANK2] B @ 337.333984375 (ms) to 381.77734375 (ms), cudaEventElapsed = 44.40787124633789 (ms)
[RANK2] F @ 383.1611328125 (ms) to 416.86865234375 (ms), cudaEventElapsed = 33.673343658447266 (ms)
[RANK2] B @ 417.212158203125 (ms) to 461.916015625 (ms), cudaEventElapsed = 44.67033767700195 (ms)
[RANK2] F @ 463.42822265625 (ms) to 497.07470703125 (ms), cudaEventElapsed = 33.60745620727539 (ms)
[RANK2] B @ 497.41845703125 (ms) to 541.8544921875 (ms), cudaEventElapsed = 44.401248931884766 (ms)
[RANK2] F @ 542.2197265625 (ms) to 575.931640625 (ms), cudaEventElapsed = 33.670623779296875 (ms)
[RANK2] B @ 576.37451171875 (ms) to 621.24560546875 (ms), cudaEventElapsed = 44.8317756652832 (ms)
[RANK2] W @ 621.536865234375 (ms) to 643.029296875 (ms), cudaEventElapsed = 21.45996856689453 (ms)
[RANK2] F @ 643.20361328125 (ms) to 677.298095703125 (ms), cudaEventElapsed = 34.065086364746094 (ms)
[RANK2] B @ 678.674560546875 (ms) to 723.457763671875 (ms), cudaEventElapsed = 44.743614196777344 (ms)
[RANK2] B @ 724.795166015625 (ms) to 767.04296875 (ms), cudaEventElapsed = 42.21481704711914 (ms)
[RANK2] W @ 767.4912109375 (ms) to 787.714599609375 (ms), cudaEventElapsed = 20.191232681274414 (ms)
[RANK2] F @ 788.00341796875 (ms) to 821.37255859375 (ms), cudaEventElapsed = 33.33884811401367 (ms)
[RANK2] B @ 821.673583984375 (ms) to 866.583984375 (ms), cudaEventElapsed = 44.87705612182617 (ms)
[RANK2] W @ 866.834228515625 (ms) to 888.932861328125 (ms), cudaEventElapsed = 21.109760284423828 (ms)
[RANK2] F @ 889.206787109375 (ms) to 923.51611328125 (ms), cudaEventElapsed = 34.27971267700195 (ms)
[RANK2] B @ 923.8291015625 (ms) to 971.1494140625 (ms), cudaEventElapsed = 47.282047271728516 (ms)
[RANK2] W @ 971.391357421875 (ms) to 994.444091796875 (ms), cudaEventElapsed = 22.0446720123291 (ms)
[RANK2] F @ 994.71875 (ms) to 1028.997314453125 (ms), cudaEventElapsed = 34.24860763549805 (ms)
[RANK2] B @ 1029.306396484375 (ms) to 1074.62890625 (ms), cudaEventElapsed = 45.289695739746094 (ms)
[RANK2] W @ 1074.80908203125 (ms) to 1096.2861328125 (ms), cudaEventElapsed = 21.445632934570312 (ms)
[RANK2] W @ 1096.4453125 (ms) to 1117.801513671875 (ms), cudaEventElapsed = 21.328895568847656 (ms)
[RANK2] B @ 1117.950927734375 (ms) to 1160.78564453125 (ms), cudaEventElapsed = 42.80624008178711 (ms)
[RANK2] 6W @ 1160.953857421875 (ms) to 1289.798095703125 (ms), cudaEventElapsed = 128.8099822998047 (ms)
[RANK2] Iteration 4
[RANK2] F @ 62.9833984375 (ms) to 95.381103515625 (ms), cudaEventElapsed = 32.360321044921875 (ms)
[RANK2] F @ 97.36376953125 (ms) to 131.474853515625 (ms), cudaEventElapsed = 34.073631286621094 (ms)
[RANK2] F @ 134.974609375 (ms) to 172.27783203125 (ms), cudaEventElapsed = 37.26835250854492 (ms)
[RANK2] B @ 176.48388671875 (ms) to 221.293701171875 (ms), cudaEventElapsed = 44.7716178894043 (ms)
[RANK2] F @ 221.660400390625 (ms) to 255.41162109375 (ms), cudaEventElapsed = 33.719200134277344 (ms)
[RANK2] B @ 255.728271484375 (ms) to 300.07421875 (ms), cudaEventElapsed = 44.31254577636719 (ms)
[RANK2] F @ 301.42724609375 (ms) to 335.26904296875 (ms), cudaEventElapsed = 33.808990478515625 (ms)
[RANK2] B @ 335.598388671875 (ms) to 380.175537109375 (ms), cudaEventElapsed = 44.54240036010742 (ms)
[RANK2] F @ 381.489013671875 (ms) to 414.839111328125 (ms), cudaEventElapsed = 33.31798553466797 (ms)
[RANK2] B @ 415.16064453125 (ms) to 459.27685546875 (ms), cudaEventElapsed = 44.08073425292969 (ms)
[RANK2] F @ 460.7744140625 (ms) to 494.141357421875 (ms), cudaEventElapsed = 33.33212661743164 (ms)
[RANK2] B @ 494.47802734375 (ms) to 538.821044921875 (ms), cudaEventElapsed = 44.307777404785156 (ms)
[RANK2] F @ 539.183349609375 (ms) to 572.693115234375 (ms), cudaEventElapsed = 33.47651290893555 (ms)
[RANK2] B @ 573.07763671875 (ms) to 617.350830078125 (ms), cudaEventElapsed = 44.23932647705078 (ms)
[RANK2] W @ 617.60595703125 (ms) to 639.0517578125 (ms), cudaEventElapsed = 21.413888931274414 (ms)
[RANK2] F @ 639.201171875 (ms) to 673.078857421875 (ms), cudaEventElapsed = 33.848960876464844 (ms)
[RANK2] B @ 674.394775390625 (ms) to 718.9091796875 (ms), cudaEventElapsed = 44.4780158996582 (ms)
[RANK2] B @ 720.20068359375 (ms) to 762.5263671875 (ms), cudaEventElapsed = 42.29171371459961 (ms)
[RANK2] W @ 762.694091796875 (ms) to 782.902099609375 (ms), cudaEventElapsed = 20.172800064086914 (ms)
[RANK2] F @ 783.168212890625 (ms) to 817.04736328125 (ms), cudaEventElapsed = 33.850303649902344 (ms)
[RANK2] B @ 817.3583984375 (ms) to 862.40185546875 (ms), cudaEventElapsed = 45.009918212890625 (ms)
[RANK2] W @ 862.631591796875 (ms) to 885.181884765625 (ms), cudaEventElapsed = 21.552127838134766 (ms)
[RANK2] F @ 885.44921875 (ms) to 919.799072265625 (ms), cudaEventElapsed = 34.32118225097656 (ms)
[RANK2] B @ 920.0966796875 (ms) to 967.53564453125 (ms), cudaEventElapsed = 47.40617752075195 (ms)
[RANK2] W @ 967.77490234375 (ms) to 990.763916015625 (ms), cudaEventElapsed = 21.977088928222656 (ms)
[RANK2] F @ 991.02734375 (ms) to 1025.344970703125 (ms), cudaEventElapsed = 34.288639068603516 (ms)
[RANK2] B @ 1025.64306640625 (ms) to 1070.8017578125 (ms), cudaEventElapsed = 45.122337341308594 (ms)
[RANK2] W @ 1070.969970703125 (ms) to 1092.749267578125 (ms), cudaEventElapsed = 21.742591857910156 (ms)
[RANK2] W @ 1092.9111328125 (ms) to 1114.405029296875 (ms), cudaEventElapsed = 21.46611213684082 (ms)
[RANK2] B @ 1114.544677734375 (ms) to 1157.24609375 (ms), cudaEventElapsed = 42.67148971557617 (ms)
[RANK2] 6W @ 1157.406982421875 (ms) to 1286.4580078125 (ms), cudaEventElapsed = 129.01683044433594 (ms)
[RANK2] Iteration 5
[RANK2] F @ 63.413330078125 (ms) to 95.72265625 (ms), cudaEventElapsed = 32.27113723754883 (ms)
[RANK2] F @ 97.985595703125 (ms) to 131.795654296875 (ms), cudaEventElapsed = 33.7723503112793 (ms)
[RANK2] F @ 135.608642578125 (ms) to 172.733642578125 (ms), cudaEventElapsed = 37.088897705078125 (ms)
[RANK2] B @ 176.889892578125 (ms) to 222.543701171875 (ms), cudaEventElapsed = 45.61475372314453 (ms)
[RANK2] F @ 222.908935546875 (ms) to 258.775390625 (ms), cudaEventElapsed = 35.83446502685547 (ms)
[RANK2] B @ 259.100341796875 (ms) to 304.56640625 (ms), cudaEventElapsed = 45.43302536010742 (ms)
[RANK2] F @ 305.85791015625 (ms) to 341.87939453125 (ms), cudaEventElapsed = 35.98806381225586 (ms)
[RANK2] B @ 342.1962890625 (ms) to 387.534423828125 (ms), cudaEventElapsed = 45.30470275878906 (ms)
[RANK2] F @ 388.824951171875 (ms) to 424.393798828125 (ms), cudaEventElapsed = 35.53206253051758 (ms)
[RANK2] B @ 424.70947265625 (ms) to 470.27783203125 (ms), cudaEventElapsed = 45.53398513793945 (ms)
[RANK2] F @ 471.722412109375 (ms) to 507.322509765625 (ms), cudaEventElapsed = 35.56560134887695 (ms)
[RANK2] B @ 507.63818359375 (ms) to 553.90234375 (ms), cudaEventElapsed = 46.22956848144531 (ms)
[RANK2] F @ 554.30615234375 (ms) to 590.253662109375 (ms), cudaEventElapsed = 35.91401672363281 (ms)
[RANK2] B @ 590.658447265625 (ms) to 636.13134765625 (ms), cudaEventElapsed = 45.43638229370117 (ms)
[RANK2] W @ 636.43017578125 (ms) to 660.15966796875 (ms), cudaEventElapsed = 23.69228744506836 (ms)
[RANK2] F @ 660.333984375 (ms) to 698.216796875 (ms), cudaEventElapsed = 37.853153228759766 (ms)
[RANK2] B @ 699.572265625 (ms) to 745.7353515625 (ms), cudaEventElapsed = 46.12432098388672 (ms)
[RANK2] B @ 747.07275390625 (ms) to 791.80517578125 (ms), cudaEventElapsed = 44.70048141479492 (ms)
[RANK2] W @ 791.978271484375 (ms) to 816.18505859375 (ms), cudaEventElapsed = 24.172544479370117 (ms)
[RANK2] F @ 816.49365234375 (ms) to 854.213134765625 (ms), cudaEventElapsed = 37.689151763916016 (ms)
[RANK2] B @ 854.567626953125 (ms) to 901.50048828125 (ms), cudaEventElapsed = 46.899681091308594 (ms)
[RANK2] W @ 901.76953125 (ms) to 927.274658203125 (ms), cudaEventElapsed = 24.457216262817383 (ms)
[RANK2] F @ 927.612060546875 (ms) to 970.332763671875 (ms), cudaEventElapsed = 42.68796920776367 (ms)
[RANK2] B @ 970.669921875 (ms) to 1019.352294921875 (ms), cudaEventElapsed = 48.64915084838867 (ms)
[RANK2] W @ 1019.596435546875 (ms) to 1044.447509765625 (ms), cudaEventElapsed = 23.85919952392578 (ms)
[RANK2] F @ 1044.73779296875 (ms) to 1083.392578125 (ms), cudaEventElapsed = 38.62432098388672 (ms)
[RANK2] B @ 1083.695068359375 (ms) to 1130.635986328125 (ms), cudaEventElapsed = 46.9093132019043 (ms)
[RANK2] W @ 1130.80126953125 (ms) to 1155.339111328125 (ms), cudaEventElapsed = 24.50739288330078 (ms)
[RANK2] W @ 1155.49609375 (ms) to 1181.59423828125 (ms), cudaEventElapsed = 26.0710391998291 (ms)
[RANK2] B @ 1181.7353515625 (ms) to 1230.158203125 (ms), cudaEventElapsed = 48.39503860473633 (ms)
[RANK2] 6W @ 1230.322021484375 (ms) to 1389.677978515625 (ms), cudaEventElapsed = 159.3190460205078 (ms)
[RANK2] Iteration 6
[RANK2] F @ 63.197509765625 (ms) to 95.389404296875 (ms), cudaEventElapsed = 32.15340805053711 (ms)
[RANK2] F @ 98.240234375 (ms) to 132.784912109375 (ms), cudaEventElapsed = 34.507102966308594 (ms)
[RANK2] F @ 135.3544921875 (ms) to 172.630859375 (ms), cudaEventElapsed = 37.238494873046875 (ms)
[RANK2] B @ 176.716064453125 (ms) to 222.748046875 (ms), cudaEventElapsed = 45.99318313598633 (ms)
[RANK2] F @ 223.125732421875 (ms) to 259.12841796875 (ms), cudaEventElapsed = 35.962432861328125 (ms)
[RANK2] B @ 259.47314453125 (ms) to 305.281005859375 (ms), cudaEventElapsed = 45.772544860839844 (ms)
[RANK2] F @ 306.6044921875 (ms) to 342.593017578125 (ms), cudaEventElapsed = 35.95616149902344 (ms)
[RANK2] B @ 342.931884765625 (ms) to 388.541259765625 (ms), cudaEventElapsed = 45.56515121459961 (ms)
[RANK2] F @ 389.884765625 (ms) to 425.59619140625 (ms), cudaEventElapsed = 35.678592681884766 (ms)
[RANK2] B @ 426.18310546875 (ms) to 471.868408203125 (ms), cudaEventElapsed = 45.64873504638672 (ms)
[RANK2] F @ 473.25537109375 (ms) to 508.319091796875 (ms), cudaEventElapsed = 35.02928161621094 (ms)
[RANK2] B @ 508.660888671875 (ms) to 554.24658203125 (ms), cudaEventElapsed = 45.55046463012695 (ms)
[RANK2] F @ 554.627685546875 (ms) to 590.6826171875 (ms), cudaEventElapsed = 36.02454376220703 (ms)
[RANK2] B @ 591.08837890625 (ms) to 637.049560546875 (ms), cudaEventElapsed = 45.926719665527344 (ms)
[RANK2] W @ 637.317138671875 (ms) to 661.37548828125 (ms), cudaEventElapsed = 24.022016525268555 (ms)
[RANK2] F @ 661.52685546875 (ms) to 699.63720703125 (ms), cudaEventElapsed = 38.081729888916016 (ms)
[RANK2] B @ 700.99169921875 (ms) to 747.47607421875 (ms), cudaEventElapsed = 46.4475212097168 (ms)
[RANK2] B @ 748.82763671875 (ms) to 793.89208984375 (ms), cudaEventElapsed = 45.032894134521484 (ms)
[RANK2] W @ 794.063720703125 (ms) to 817.62109375 (ms), cudaEventElapsed = 23.527423858642578 (ms)
[RANK2] F @ 817.89404296875 (ms) to 856.44775390625 (ms), cudaEventElapsed = 38.5247688293457 (ms)
[RANK2] B @ 856.763916015625 (ms) to 903.797119140625 (ms), cudaEventElapsed = 46.999488830566406 (ms)
[RANK2] W @ 904.036865234375 (ms) to 933.07666015625 (ms), cudaEventElapsed = 27.976703643798828 (ms)
[RANK2] F @ 933.3583984375 (ms) to 977.314697265625 (ms), cudaEventElapsed = 43.92617416381836 (ms)
[RANK2] B @ 977.63134765625 (ms) to 1025.52734375 (ms), cudaEventElapsed = 47.865150451660156 (ms)
[RANK2] W @ 1025.76025390625 (ms) to 1051.0732421875 (ms), cudaEventElapsed = 24.2872314453125 (ms)
[RANK2] F @ 1051.36279296875 (ms) to 1089.08544921875 (ms), cudaEventElapsed = 37.6912956237793 (ms)
[RANK2] B @ 1089.40283203125 (ms) to 1135.755126953125 (ms), cudaEventElapsed = 46.31596755981445 (ms)
[RANK2] W @ 1135.970947265625 (ms) to 1159.90478515625 (ms), cudaEventElapsed = 23.89913558959961 (ms)
[RANK2] W @ 1160.12255859375 (ms) to 1186.713134765625 (ms), cudaEventElapsed = 26.55846405029297 (ms)
[RANK2] B @ 1186.916259765625 (ms) to 1234.82861328125 (ms), cudaEventElapsed = 47.8785285949707 (ms)
[RANK2] 6W @ 1235.05029296875 (ms) to 1394.9052734375 (ms), cudaEventElapsed = 159.81773376464844 (ms)
[RANK2] Iteration 7
[RANK2] F @ 63.48681640625 (ms) to 95.941162109375 (ms), cudaEventElapsed = 32.40972900390625 (ms)
[RANK2] F @ 98.119140625 (ms) to 131.58935546875 (ms), cudaEventElapsed = 33.43212890625 (ms)
[RANK2] F @ 135.420654296875 (ms) to 171.902587890625 (ms), cudaEventElapsed = 36.445953369140625 (ms)
[RANK2] B @ 177.22607421875 (ms) to 222.6513671875 (ms), cudaEventElapsed = 45.38560104370117 (ms)
[RANK2] F @ 223.055908203125 (ms) to 258.93798828125 (ms), cudaEventElapsed = 35.8480339050293 (ms)
[RANK2] B @ 259.26953125 (ms) to 305.142822265625 (ms), cudaEventElapsed = 45.837921142578125 (ms)
[RANK2] F @ 306.51318359375 (ms) to 342.679443359375 (ms), cudaEventElapsed = 36.132225036621094 (ms)
[RANK2] B @ 343.017333984375 (ms) to 388.7421875 (ms), cudaEventElapsed = 45.68902587890625 (ms)
[RANK2] F @ 390.114501953125 (ms) to 425.774658203125 (ms), cudaEventElapsed = 35.62627029418945 (ms)
[RANK2] B @ 426.116455078125 (ms) to 471.71337890625 (ms), cudaEventElapsed = 45.56028747558594 (ms)
[RANK2] F @ 473.15966796875 (ms) to 508.6943359375 (ms), cudaEventElapsed = 35.498817443847656 (ms)
[RANK2] B @ 509.03369140625 (ms) to 554.85498046875 (ms), cudaEventElapsed = 45.785247802734375 (ms)
[RANK2] F @ 555.233154296875 (ms) to 591.1328125 (ms), cudaEventElapsed = 35.865150451660156 (ms)
[RANK2] B @ 591.52294921875 (ms) to 637.39599609375 (ms), cudaEventElapsed = 45.83564758300781 (ms)
[RANK2] W @ 637.674560546875 (ms) to 661.703857421875 (ms), cudaEventElapsed = 23.995391845703125 (ms)
[RANK2] F @ 661.85888671875 (ms) to 700.16162109375 (ms), cudaEventElapsed = 38.27363204956055 (ms)
[RANK2] B @ 701.54052734375 (ms) to 748.02783203125 (ms), cudaEventElapsed = 46.44838333129883 (ms)
[RANK2] B @ 749.325439453125 (ms) to 794.365478515625 (ms), cudaEventElapsed = 45.00748825073242 (ms)
[RANK2] W @ 794.5419921875 (ms) to 818.5966796875 (ms), cudaEventElapsed = 24.018943786621094 (ms)
[RANK2] F @ 818.87255859375 (ms) to 856.80078125 (ms), cudaEventElapsed = 37.897918701171875 (ms)
[RANK2] B @ 857.10986328125 (ms) to 903.51416015625 (ms), cudaEventElapsed = 46.372161865234375 (ms)
[RANK2] W @ 903.747802734375 (ms) to 931.502685546875 (ms), cudaEventElapsed = 26.778623580932617 (ms)
[RANK2] F @ 931.787109375 (ms) to 977.5927734375 (ms), cudaEventElapsed = 45.77471923828125 (ms)
[RANK2] B @ 977.894287109375 (ms) to 1025.470458984375 (ms), cudaEventElapsed = 47.54240036010742 (ms)
[RANK2] W @ 1025.7060546875 (ms) to 1050.832763671875 (ms), cudaEventElapsed = 24.1397762298584 (ms)
[RANK2] F @ 1051.146484375 (ms) to 1089.316162109375 (ms), cudaEventElapsed = 38.13750457763672 (ms)
[RANK2] B @ 1089.639404296875 (ms) to 1136.384765625 (ms), cudaEventElapsed = 46.704158782958984 (ms)
[RANK2] W @ 1136.563720703125 (ms) to 1160.76025390625 (ms), cudaEventElapsed = 24.161279678344727 (ms)
[RANK2] W @ 1160.93115234375 (ms) to 1186.52880859375 (ms), cudaEventElapsed = 25.56108856201172 (ms)
[RANK2] B @ 1186.6787109375 (ms) to 1235.185791015625 (ms), cudaEventElapsed = 48.47862243652344 (ms)
[RANK2] 6W @ 1235.345458984375 (ms) to 1394.69775390625 (ms), cudaEventElapsed = 159.31800842285156 (ms)
[RANK2] Iteration 8
[RANK2] F @ 63.3154296875 (ms) to 95.23095703125 (ms), cudaEventElapsed = 31.878816604614258 (ms)
[RANK2] F @ 98.370361328125 (ms) to 132.099365234375 (ms), cudaEventElapsed = 33.691585540771484 (ms)
[RANK2] F @ 135.5126953125 (ms) to 172.778076171875 (ms), cudaEventElapsed = 37.22886276245117 (ms)
[RANK2] B @ 176.842529296875 (ms) to 222.788818359375 (ms), cudaEventElapsed = 45.90537643432617 (ms)
[RANK2] F @ 223.149169921875 (ms) to 258.76025390625 (ms), cudaEventElapsed = 35.58003234863281 (ms)
[RANK2] B @ 259.083740234375 (ms) to 304.654296875 (ms), cudaEventElapsed = 45.53583908081055 (ms)
[RANK2] F @ 305.953857421875 (ms) to 341.564208984375 (ms), cudaEventElapsed = 35.576927185058594 (ms)
[RANK2] B @ 341.89599609375 (ms) to 387.165283203125 (ms), cudaEventElapsed = 45.23516845703125 (ms)
[RANK2] F @ 388.509765625 (ms) to 423.73486328125 (ms), cudaEventElapsed = 35.19196701049805 (ms)
[RANK2] B @ 424.061279296875 (ms) to 469.309814453125 (ms), cudaEventElapsed = 45.21529769897461 (ms)
[RANK2] F @ 470.783203125 (ms) to 505.9912109375 (ms), cudaEventElapsed = 35.17292785644531 (ms)
[RANK2] B @ 506.326171875 (ms) to 551.53173828125 (ms), cudaEventElapsed = 45.17212677001953 (ms)
[RANK2] F @ 551.90283203125 (ms) to 587.42626953125 (ms), cudaEventElapsed = 35.49043273925781 (ms)
[RANK2] B @ 587.810791015625 (ms) to 633.1416015625 (ms), cudaEventElapsed = 45.29817581176758 (ms)
[RANK2] W @ 633.400390625 (ms) to 656.769775390625 (ms), cudaEventElapsed = 23.33184051513672 (ms)
[RANK2] F @ 656.920166015625 (ms) to 694.291748046875 (ms), cudaEventElapsed = 37.34211349487305 (ms)
[RANK2] B @ 695.613525390625 (ms) to 741.700439453125 (ms), cudaEventElapsed = 46.047584533691406 (ms)
[RANK2] B @ 743.140380859375 (ms) to 787.754150390625 (ms), cudaEventElapsed = 44.57513427734375 (ms)
[RANK2] W @ 787.96533203125 (ms) to 811.018310546875 (ms), cudaEventElapsed = 23.019519805908203 (ms)
[RANK2] F @ 811.342529296875 (ms) to 849.6904296875 (ms), cudaEventElapsed = 38.315711975097656 (ms)
[RANK2] B @ 850.020751953125 (ms) to 896.510986328125 (ms), cudaEventElapsed = 46.45616149902344 (ms)
[RANK2] W @ 896.760986328125 (ms) to 923.8994140625 (ms), cudaEventElapsed = 26.13145637512207 (ms)
[RANK2] F @ 924.20166015625 (ms) to 967.3203125 (ms), cudaEventElapsed = 43.08755111694336 (ms)
[RANK2] B @ 967.632568359375 (ms) to 1015.0556640625 (ms), cudaEventElapsed = 47.39081573486328 (ms)
[RANK2] W @ 1015.288818359375 (ms) to 1040.00634765625 (ms), cudaEventElapsed = 23.70355224609375 (ms)
[RANK2] F @ 1040.281494140625 (ms) to 1077.3486328125 (ms), cudaEventElapsed = 37.03683090209961 (ms)
[RANK2] B @ 1077.657470703125 (ms) to 1123.794677734375 (ms), cudaEventElapsed = 46.10348892211914 (ms)
[RANK2] W @ 1123.95751953125 (ms) to 1148.2197265625 (ms), cudaEventElapsed = 24.232959747314453 (ms)
[RANK2] W @ 1148.385498046875 (ms) to 1174.364013671875 (ms), cudaEventElapsed = 25.95020866394043 (ms)
[RANK2] B @ 1174.517333984375 (ms) to 1222.7783203125 (ms), cudaEventElapsed = 48.23356628417969 (ms)
[RANK2] 6W @ 1222.937255859375 (ms) to 1381.451171875 (ms), cudaEventElapsed = 158.48243713378906 (ms)
[RANK2] Iteration 9
[RANK2] F @ 148.986083984375 (ms) to 181.038818359375 (ms), cudaEventElapsed = 32.01411056518555 (ms)
[RANK2] F @ 247.872314453125 (ms) to 279.135498046875 (ms), cudaEventElapsed = 31.22217559814453 (ms)
[RANK2] F @ 346.8955078125 (ms) to 378.876220703125 (ms), cudaEventElapsed = 31.94268798828125 (ms)
[RANK2] B @ 446.552978515625 (ms) to 488.609375 (ms), cudaEventElapsed = 42.01337432861328 (ms)
[RANK2] F @ 605.20068359375 (ms) to 636.685546875 (ms), cudaEventElapsed = 31.43292808532715 (ms)
[RANK2] B @ 637.009521484375 (ms) to 680.930419921875 (ms), cudaEventElapsed = 43.88496017456055 (ms)
[RANK2] F @ 753.06982421875 (ms) to 785.310791015625 (ms), cudaEventElapsed = 32.184288024902344 (ms)
[RANK2] B @ 821.819580078125 (ms) to 863.0703125 (ms), cudaEventElapsed = 41.191585540771484 (ms)
[RANK2] F @ 931.055908203125 (ms) to 963.283935546875 (ms), cudaEventElapsed = 32.17948913574219 (ms)
[RANK2] B @ 1033.272216796875 (ms) to 1074.27685546875 (ms), cudaEventElapsed = 40.95635223388672 (ms)
[RANK2] F @ 1144.622314453125 (ms) to 1176.55517578125 (ms), cudaEventElapsed = 31.887744903564453 (ms)
[RANK2] B @ 1240.12060546875 (ms) to 1281.31396484375 (ms), cudaEventElapsed = 41.139583587646484 (ms)
[RANK2] F @ 1348.662841796875 (ms) to 1380.072998046875 (ms), cudaEventElapsed = 31.366239547729492 (ms)
[RANK2] B @ 1380.47900390625 (ms) to 1425.67333984375 (ms), cudaEventElapsed = 45.159454345703125 (ms)
[RANK2] W @ 1425.957763671875 (ms) to 1558.3818359375 (ms), cudaEventElapsed = 19.394559860229492 (ms)
[RANK2] F @ 1558.586669921875 (ms) to 1592.32275390625 (ms), cudaEventElapsed = 33.70163345336914 (ms)
[RANK2] B @ 1593.779296875 (ms) to 1639.651123046875 (ms), cudaEventElapsed = 45.83430480957031 (ms)
[RANK2] B @ 1711.2373046875 (ms) to 1753.388427734375 (ms), cudaEventElapsed = 42.10518264770508 (ms)
[RANK2] W @ 1753.600341796875 (ms) to 1903.428466796875 (ms), cudaEventElapsed = 19.395584106445312 (ms)
[RANK2] F @ 1903.802490234375 (ms) to 1936.79638671875 (ms), cudaEventElapsed = 32.959327697753906 (ms)
[RANK2] B @ 1937.12353515625 (ms) to 1983.469970703125 (ms), cudaEventElapsed = 46.31315231323242 (ms)
[RANK2] W @ 1983.728271484375 (ms) to 2075.888671875 (ms), cudaEventElapsed = 19.67616081237793 (ms)
[RANK2] F @ 2171.187255859375 (ms) to 2202.687744140625 (ms), cudaEventElapsed = 31.4597110748291 (ms)
[RANK2] B @ 2203.022216796875 (ms) to 2246.8720703125 (ms), cudaEventElapsed = 43.815391540527344 (ms)
[RANK2] W @ 2247.11767578125 (ms) to 2338.562255859375 (ms), cudaEventElapsed = 19.85126495361328 (ms)
[RANK2] F @ 2407.723876953125 (ms) to 2439.044677734375 (ms), cudaEventElapsed = 31.280576705932617 (ms)
[RANK2] B @ 2439.3662109375 (ms) to 2483.196044921875 (ms), cudaEventElapsed = 43.79072189331055 (ms)
[RANK2] W @ 2483.374755859375 (ms) to 2573.775390625 (ms), cudaEventElapsed = 19.42937660217285 (ms)
[RANK2] W @ 2573.985107421875 (ms) to 2595.67236328125 (ms), cudaEventElapsed = 21.65657615661621 (ms)
[RANK2] B @ 2595.8466796875 (ms) to 2644.075927734375 (ms), cudaEventElapsed = 48.19919967651367 (ms)
[RANK2] 6W @ 2644.260009765625 (ms) to 2867.3349609375 (ms), cudaEventElapsed = 150.6078643798828 (ms)
[RANK2] Iteration 10
[RANK2] F @ 130.65185546875 (ms) to 162.616943359375 (ms), cudaEventElapsed = 31.92367935180664 (ms)
[RANK2] F @ 229.377197265625 (ms) to 260.612548828125 (ms), cudaEventElapsed = 31.196895599365234 (ms)
[RANK2] F @ 327.719970703125 (ms) to 359.70263671875 (ms), cudaEventElapsed = 31.94483184814453 (ms)
[RANK2] B @ 427.794677734375 (ms) to 469.883544921875 (ms), cudaEventElapsed = 42.04489517211914 (ms)
[RANK2] F @ 586.71875 (ms) to 618.247314453125 (ms), cudaEventElapsed = 31.483455657958984 (ms)
[RANK2] B @ 618.591552734375 (ms) to 662.2890625 (ms), cudaEventElapsed = 43.66115188598633 (ms)
[RANK2] F @ 733.546142578125 (ms) to 765.599853515625 (ms), cudaEventElapsed = 32.013633728027344 (ms)
[RANK2] B @ 803.176025390625 (ms) to 844.3037109375 (ms), cudaEventElapsed = 41.08528137207031 (ms)
[RANK2] F @ 913.62890625 (ms) to 945.599609375 (ms), cudaEventElapsed = 31.933216094970703 (ms)
[RANK2] B @ 1010.40673828125 (ms) to 1051.31591796875 (ms), cudaEventElapsed = 40.86659240722656 (ms)
[RANK2] F @ 1118.833984375 (ms) to 1151.055908203125 (ms), cudaEventElapsed = 32.18355178833008 (ms)
[RANK2] B @ 1219.745361328125 (ms) to 1260.731689453125 (ms), cudaEventElapsed = 40.94144058227539 (ms)
[RANK2] F @ 1328.522705078125 (ms) to 1359.874755859375 (ms), cudaEventElapsed = 31.312223434448242 (ms)
[RANK2] B @ 1360.2880859375 (ms) to 1405.20556640625 (ms), cudaEventElapsed = 44.8807373046875 (ms)
[RANK2] W @ 1405.513916015625 (ms) to 1534.19677734375 (ms), cudaEventElapsed = 19.27680015563965 (ms)
[RANK2] F @ 1534.389892578125 (ms) to 1568.02587890625 (ms), cudaEventElapsed = 33.604576110839844 (ms)
[RANK2] B @ 1569.387939453125 (ms) to 1614.96630859375 (ms), cudaEventElapsed = 45.53785705566406 (ms)
[RANK2] B @ 1687.829833984375 (ms) to 1730.02783203125 (ms), cudaEventElapsed = 42.13542556762695 (ms)
[RANK2] W @ 1730.27294921875 (ms) to 1883.427734375 (ms), cudaEventElapsed = 19.524608612060547 (ms)
[RANK2] F @ 1883.92333984375 (ms) to 1918.400634765625 (ms), cudaEventElapsed = 34.414207458496094 (ms)
[RANK2] B @ 1918.77734375 (ms) to 1965.060302734375 (ms), cudaEventElapsed = 46.244415283203125 (ms)
[RANK2] W @ 1965.373779296875 (ms) to 2057.00244140625 (ms), cudaEventElapsed = 19.686399459838867 (ms)
[RANK2] F @ 2152.868408203125 (ms) to 2184.31005859375 (ms), cudaEventElapsed = 31.387104034423828 (ms)
[RANK2] B @ 2184.661376953125 (ms) to 2228.605224609375 (ms), cudaEventElapsed = 43.90595245361328 (ms)
[RANK2] W @ 2228.93896484375 (ms) to 2320.177734375 (ms), cudaEventElapsed = 19.661823272705078 (ms)
[RANK2] F @ 2388.890869140625 (ms) to 2420.224365234375 (ms), cudaEventElapsed = 31.293760299682617 (ms)
[RANK2] B @ 2420.539306640625 (ms) to 2464.400634765625 (ms), cudaEventElapsed = 43.82633590698242 (ms)
[RANK2] W @ 2464.577880859375 (ms) to 2554.22314453125 (ms), cudaEventElapsed = 19.402751922607422 (ms)
[RANK2] W @ 2554.425537109375 (ms) to 2575.8095703125 (ms), cudaEventElapsed = 21.353471755981445 (ms)
[RANK2] B @ 2575.97705078125 (ms) to 2623.477783203125 (ms), cudaEventElapsed = 47.47145462036133 (ms)
[RANK2] 6W @ 2623.65966796875 (ms) to 2845.511962890625 (ms), cudaEventElapsed = 150.23411560058594 (ms)
[RANK2] Iteration 11
[RANK2] F @ 130.731201171875 (ms) to 162.855224609375 (ms), cudaEventElapsed = 32.07952117919922 (ms)
[RANK2] F @ 229.507080078125 (ms) to 260.871337890625 (ms), cudaEventElapsed = 31.319807052612305 (ms)
[RANK2] F @ 328.0654296875 (ms) to 360.16357421875 (ms), cudaEventElapsed = 32.05696105957031 (ms)
[RANK2] B @ 428.73828125 (ms) to 471.012451171875 (ms), cudaEventElapsed = 42.22934341430664 (ms)
[RANK2] F @ 588.0078125 (ms) to 619.584228515625 (ms), cudaEventElapsed = 31.5231990814209 (ms)
[RANK2] B @ 619.919921875 (ms) to 663.790771484375 (ms), cudaEventElapsed = 43.83427047729492 (ms)
[RANK2] F @ 736.8115234375 (ms) to 768.89111328125 (ms), cudaEventElapsed = 32.04240036010742 (ms)
[RANK2] B @ 808.33935546875 (ms) to 849.46044921875 (ms), cudaEventElapsed = 41.07939147949219 (ms)
[RANK2] F @ 918.3759765625 (ms) to 950.41455078125 (ms), cudaEventElapsed = 32.00080108642578 (ms)
[RANK2] B @ 1015.55126953125 (ms) to 1056.499755859375 (ms), cudaEventElapsed = 40.90422439575195 (ms)
[RANK2] F @ 1124.4228515625 (ms) to 1156.63330078125 (ms), cudaEventElapsed = 32.17033767700195 (ms)
[RANK2] B @ 1225.285400390625 (ms) to 1266.247314453125 (ms), cudaEventElapsed = 40.91011047363281 (ms)
[RANK2] F @ 1334.54296875 (ms) to 1365.92431640625 (ms), cudaEventElapsed = 31.340160369873047 (ms)
[RANK2] B @ 1366.3359375 (ms) to 1411.282470703125 (ms), cudaEventElapsed = 44.90982437133789 (ms)
[RANK2] W @ 1411.5673828125 (ms) to 1539.947998046875 (ms), cudaEventElapsed = 19.280895233154297 (ms)
[RANK2] F @ 1540.146728515625 (ms) to 1574.1279296875 (ms), cudaEventElapsed = 33.94790267944336 (ms)
[RANK2] B @ 1575.53857421875 (ms) to 1621.39453125 (ms), cudaEventElapsed = 45.81999969482422 (ms)
[RANK2] B @ 1694.73828125 (ms) to 1736.81005859375 (ms), cudaEventElapsed = 42.03305435180664 (ms)
[RANK2] W @ 1737.236328125 (ms) to 1904.384033203125 (ms), cudaEventElapsed = 19.402751922607422 (ms)
[RANK2] F @ 1904.69873046875 (ms) to 1939.330078125 (ms), cudaEventElapsed = 34.600318908691406 (ms)
[RANK2] B @ 1939.643798828125 (ms) to 1985.760986328125 (ms), cudaEventElapsed = 46.08176040649414 (ms)
[RANK2] W @ 1985.99365234375 (ms) to 2078.023681640625 (ms), cudaEventElapsed = 19.66796875 (ms)
[RANK2] F @ 2189.059326171875 (ms) to 2220.4501953125 (ms), cudaEventElapsed = 31.351776123046875 (ms)
[RANK2] B @ 2220.75830078125 (ms) to 2264.80322265625 (ms), cudaEventElapsed = 44.011070251464844 (ms)
[RANK2] W @ 2265.047607421875 (ms) to 2357.38916015625 (ms), cudaEventElapsed = 19.696640014648438 (ms)
[RANK2] F @ 2462.005615234375 (ms) to 2493.432861328125 (ms), cudaEventElapsed = 31.387039184570312 (ms)
[RANK2] B @ 2493.734619140625 (ms) to 2537.3515625 (ms), cudaEventElapsed = 43.58390426635742 (ms)
[RANK2] W @ 2537.52490234375 (ms) to 2627.417236328125 (ms), cudaEventElapsed = 19.42425537109375 (ms)
[RANK2] W @ 2627.59912109375 (ms) to 2649.44140625 (ms), cudaEventElapsed = 21.812223434448242 (ms)
[RANK2] B @ 2649.590576171875 (ms) to 2697.2109375 (ms), cudaEventElapsed = 47.590721130371094 (ms)
[RANK2] 6W @ 2697.40234375 (ms) to 2920.130615234375 (ms), cudaEventElapsed = 150.7368927001953 (ms)
[RANK2] Iteration 12
[RANK2] F @ 246.48095703125 (ms) to 278.55126953125 (ms), cudaEventElapsed = 32.019744873046875 (ms)
[RANK2] F @ 344.642333984375 (ms) to 375.871826171875 (ms), cudaEventElapsed = 31.188447952270508 (ms)
[RANK2] F @ 443.515869140625 (ms) to 475.4189453125 (ms), cudaEventElapsed = 31.864927291870117 (ms)
[RANK2] B @ 543.891845703125 (ms) to 586.013427734375 (ms), cudaEventElapsed = 42.075008392333984 (ms)
[RANK2] F @ 703.312255859375 (ms) to 734.71044921875 (ms), cudaEventElapsed = 31.358783721923828 (ms)
[RANK2] B @ 735.037353515625 (ms) to 778.611572265625 (ms), cudaEventElapsed = 43.540191650390625 (ms)
[RANK2] F @ 849.947021484375 (ms) to 881.999267578125 (ms), cudaEventElapsed = 32.0167350769043 (ms)
[RANK2] B @ 919.448974609375 (ms) to 960.58154296875 (ms), cudaEventElapsed = 41.09347152709961 (ms)
[RANK2] F @ 1029.747802734375 (ms) to 1061.730224609375 (ms), cudaEventElapsed = 31.945119857788086 (ms)
[RANK2] B @ 1130.579345703125 (ms) to 1171.54736328125 (ms), cudaEventElapsed = 40.92723083496094 (ms)
[RANK2] F @ 1241.737548828125 (ms) to 1273.817626953125 (ms), cudaEventElapsed = 32.0365104675293 (ms)
[RANK2] B @ 1340.39501953125 (ms) to 1381.550048828125 (ms), cudaEventElapsed = 41.096736907958984 (ms)
[RANK2] F @ 1448.9765625 (ms) to 1480.412109375 (ms), cudaEventElapsed = 31.39356803894043 (ms)
[RANK2] B @ 1480.810791015625 (ms) to 1526.227783203125 (ms), cudaEventElapsed = 45.3809928894043 (ms)
[RANK2] W @ 1526.477783203125 (ms) to 1658.4921875 (ms), cudaEventElapsed = 19.313663482666016 (ms)
[RANK2] F @ 1658.769775390625 (ms) to 1693.042724609375 (ms), cudaEventElapsed = 34.23017501831055 (ms)
[RANK2] B @ 1694.44775390625 (ms) to 1740.53564453125 (ms), cudaEventElapsed = 46.04902267456055 (ms)
[RANK2] B @ 1812.255859375 (ms) to 1854.25927734375 (ms), cudaEventElapsed = 41.965023040771484 (ms)
[RANK2] W @ 1854.442138671875 (ms) to 2020.996826171875 (ms), cudaEventElapsed = 19.44166374206543 (ms)
[RANK2] F @ 2021.34765625 (ms) to 2054.785888671875 (ms), cudaEventElapsed = 33.405792236328125 (ms)
[RANK2] B @ 2055.097412109375 (ms) to 2100.99365234375 (ms), cudaEventElapsed = 45.862815856933594 (ms)
[RANK2] W @ 2101.264892578125 (ms) to 2192.619873046875 (ms), cudaEventElapsed = 19.580928802490234 (ms)
[RANK2] F @ 2306.44921875 (ms) to 2337.819580078125 (ms), cudaEventElapsed = 31.327680587768555 (ms)
[RANK2] B @ 2338.134033203125 (ms) to 2382.87939453125 (ms), cudaEventElapsed = 44.71091079711914 (ms)
[RANK2] W @ 2383.128173828125 (ms) to 2474.810546875 (ms), cudaEventElapsed = 19.611648559570312 (ms)
[RANK2] F @ 2577.698974609375 (ms) to 2609.112548828125 (ms), cudaEventElapsed = 31.369247436523438 (ms)
[RANK2] B @ 2609.4462890625 (ms) to 2653.412109375 (ms), cudaEventElapsed = 43.92940902709961 (ms)
[RANK2] W @ 2653.621337890625 (ms) to 2744.505126953125 (ms), cudaEventElapsed = 19.390464782714844 (ms)
[RANK2] W @ 2744.7255859375 (ms) to 2765.92919921875 (ms), cudaEventElapsed = 21.171199798583984 (ms)
[RANK2] B @ 2766.10546875 (ms) to 2812.8857421875 (ms), cudaEventElapsed = 46.75065612792969 (ms)
[RANK2] 6W @ 2813.079345703125 (ms) to 3036.06982421875 (ms), cudaEventElapsed = 150.23207092285156 (ms)
[RANK2] Iteration 13
[RANK2] F @ 245.581787109375 (ms) to 277.7919921875 (ms), cudaEventElapsed = 32.16230392456055 (ms)
[RANK2] F @ 346.98779296875 (ms) to 378.44140625 (ms), cudaEventElapsed = 31.410720825195312 (ms)
[RANK2] F @ 447.946044921875 (ms) to 480.12939453125 (ms), cudaEventElapsed = 32.14329528808594 (ms)
[RANK2] B @ 549.46337890625 (ms) to 591.575439453125 (ms), cudaEventElapsed = 42.06697463989258 (ms)
[RANK2] F @ 709.25 (ms) to 740.873046875 (ms), cudaEventElapsed = 31.574432373046875 (ms)
[RANK2] B @ 741.207275390625 (ms) to 784.848388671875 (ms), cudaEventElapsed = 43.603553771972656 (ms)
[RANK2] F @ 857.638671875 (ms) to 889.60986328125 (ms), cudaEventElapsed = 31.928895950317383 (ms)
[RANK2] B @ 926.447265625 (ms) to 967.587890625 (ms), cudaEventElapsed = 41.09859085083008 (ms)
[RANK2] F @ 1038.166015625 (ms) to 1070.123779296875 (ms), cudaEventElapsed = 31.918752670288086 (ms)
[RANK2] B @ 1135.17431640625 (ms) to 1176.400390625 (ms), cudaEventElapsed = 41.169471740722656 (ms)
[RANK2] F @ 1245.121337890625 (ms) to 1277.322998046875 (ms), cudaEventElapsed = 32.149471282958984 (ms)
[RANK2] B @ 1347.177734375 (ms) to 1388.2900390625 (ms), cudaEventElapsed = 41.057247161865234 (ms)
[RANK2] F @ 1457.529052734375 (ms) to 1488.882568359375 (ms), cudaEventElapsed = 31.30575942993164 (ms)
[RANK2] B @ 1489.304931640625 (ms) to 1534.461181640625 (ms), cudaEventElapsed = 45.122528076171875 (ms)
[RANK2] W @ 1534.724609375 (ms) to 1663.054931640625 (ms), cudaEventElapsed = 19.25222396850586 (ms)
[RANK2] F @ 1663.23095703125 (ms) to 1696.453369140625 (ms), cudaEventElapsed = 33.1923828125 (ms)
[RANK2] B @ 1697.822021484375 (ms) to 1743.17333984375 (ms), cudaEventElapsed = 45.31391906738281 (ms)
[RANK2] B @ 1815.575439453125 (ms) to 1857.69580078125 (ms), cudaEventElapsed = 42.07993698120117 (ms)
[RANK2] W @ 1857.871337890625 (ms) to 2030.406494140625 (ms), cudaEventElapsed = 19.403776168823242 (ms)
[RANK2] F @ 2030.70068359375 (ms) to 2064.84619140625 (ms), cudaEventElapsed = 34.116031646728516 (ms)
[RANK2] B @ 2065.17236328125 (ms) to 2110.96875 (ms), cudaEventElapsed = 45.751007080078125 (ms)
[RANK2] W @ 2111.211181640625 (ms) to 2202.306396484375 (ms), cudaEventElapsed = 19.63315200805664 (ms)
[RANK2] F @ 2316.725830078125 (ms) to 2348.046142578125 (ms), cudaEventElapsed = 31.275968551635742 (ms)
[RANK2] B @ 2348.37451171875 (ms) to 2392.122314453125 (ms), cudaEventElapsed = 43.69478225708008 (ms)
[RANK2] W @ 2392.367431640625 (ms) to 2483.25146484375 (ms), cudaEventElapsed = 19.65670394897461 (ms)
[RANK2] F @ 2589.7724609375 (ms) to 2621.17919921875 (ms), cudaEventElapsed = 31.365951538085938 (ms)
[RANK2] B @ 2621.50537109375 (ms) to 2665.07861328125 (ms), cudaEventElapsed = 43.53593444824219 (ms)
[RANK2] W @ 2665.26416015625 (ms) to 2756.3505859375 (ms), cudaEventElapsed = 19.43654441833496 (ms)
[RANK2] W @ 2756.555908203125 (ms) to 2777.511474609375 (ms), cudaEventElapsed = 20.926464080810547 (ms)
[RANK2] B @ 2777.67041015625 (ms) to 2824.5751953125 (ms), cudaEventElapsed = 46.87654495239258 (ms)
[RANK2] 6W @ 2824.7509765625 (ms) to 3046.047607421875 (ms), cudaEventElapsed = 148.77183532714844 (ms)
[RANK2] Iteration 14
[RANK2] F @ 245.169189453125 (ms) to 277.3056640625 (ms), cudaEventElapsed = 32.089759826660156 (ms)
[RANK2] F @ 344.4697265625 (ms) to 375.8515625 (ms), cudaEventElapsed = 31.335071563720703 (ms)
[RANK2] F @ 443.2763671875 (ms) to 475.326904296875 (ms), cudaEventElapsed = 32.001983642578125 (ms)
[RANK2] B @ 542.6103515625 (ms) to 584.690673828125 (ms), cudaEventElapsed = 42.03830337524414 (ms)
[RANK2] F @ 701.272216796875 (ms) to 732.777587890625 (ms), cudaEventElapsed = 31.454303741455078 (ms)
[RANK2] B @ 733.11279296875 (ms) to 777.275390625 (ms), cudaEventElapsed = 44.11356735229492 (ms)
[RANK2] F @ 849.521484375 (ms) to 881.736328125 (ms), cudaEventElapsed = 32.176063537597656 (ms)
[RANK2] B @ 918.188232421875 (ms) to 959.333740234375 (ms), cudaEventElapsed = 41.098785400390625 (ms)
[RANK2] F @ 1027.41845703125 (ms) to 1059.60546875 (ms), cudaEventElapsed = 32.14262390136719 (ms)
[RANK2] B @ 1130.73828125 (ms) to 1171.71435546875 (ms), cudaEventElapsed = 40.9315185546875 (ms)
[RANK2] F @ 1241.2490234375 (ms) to 1273.23388671875 (ms), cudaEventElapsed = 31.94643211364746 (ms)
[RANK2] B @ 1336.8701171875 (ms) to 1377.924072265625 (ms), cudaEventElapsed = 41.01068878173828 (ms)
[RANK2] F @ 1444.8525390625 (ms) to 1476.23583984375 (ms), cudaEventElapsed = 31.34566307067871 (ms)
[RANK2] B @ 1476.6455078125 (ms) to 1521.80126953125 (ms), cudaEventElapsed = 45.1096305847168 (ms)
[RANK2] W @ 1522.066162109375 (ms) to 1654.494873046875 (ms), cudaEventElapsed = 19.378175735473633 (ms)
[RANK2] F @ 1654.693603515625 (ms) to 1688.771728515625 (ms), cudaEventElapsed = 34.04457473754883 (ms)
[RANK2] B @ 1690.1650390625 (ms) to 1736.275146484375 (ms), cudaEventElapsed = 46.07292938232422 (ms)
[RANK2] B @ 1808.696533203125 (ms) to 1850.691162109375 (ms), cudaEventElapsed = 41.954654693603516 (ms)
[RANK2] W @ 1850.8857421875 (ms) to 2017.12548828125 (ms), cudaEventElapsed = 19.488767623901367 (ms)
[RANK2] F @ 2017.44873046875 (ms) to 2051.0009765625 (ms), cudaEventElapsed = 33.52054214477539 (ms)
[RANK2] B @ 2051.322509765625 (ms) to 2097.9677734375 (ms), cudaEventElapsed = 46.610816955566406 (ms)
[RANK2] W @ 2098.2177734375 (ms) to 2190.232421875 (ms), cudaEventElapsed = 19.668991088867188 (ms)
[RANK2] F @ 2303.929443359375 (ms) to 2335.443603515625 (ms), cudaEventElapsed = 31.450336456298828 (ms)
[RANK2] B @ 2335.8427734375 (ms) to 2379.75732421875 (ms), cudaEventElapsed = 43.875553131103516 (ms)
[RANK2] W @ 2380.0322265625 (ms) to 2471.08154296875 (ms), cudaEventElapsed = 19.63212776184082 (ms)
[RANK2] F @ 2574.01513671875 (ms) to 2605.4541015625 (ms), cudaEventElapsed = 31.392351150512695 (ms)
[RANK2] B @ 2605.79736328125 (ms) to 2649.679443359375 (ms), cudaEventElapsed = 43.845760345458984 (ms)
[RANK2] W @ 2649.8662109375 (ms) to 2740.4169921875 (ms), cudaEventElapsed = 19.386367797851562 (ms)
[RANK2] W @ 2740.63427734375 (ms) to 2761.700927734375 (ms), cudaEventElapsed = 21.03603172302246 (ms)
[RANK2] B @ 2761.877197265625 (ms) to 2808.505615234375 (ms), cudaEventElapsed = 46.59920120239258 (ms)
[RANK2] 6W @ 2808.68505859375 (ms) to 3031.397216796875 (ms), cudaEventElapsed = 150.26278686523438 (ms)
[RANK2] Iteration 15
[RANK2] F @ 245.37353515625 (ms) to 277.46630859375 (ms), cudaEventElapsed = 32.055423736572266 (ms)
[RANK2] F @ 346.695556640625 (ms) to 378.141357421875 (ms), cudaEventElapsed = 31.405311584472656 (ms)
[RANK2] F @ 448.119873046875 (ms) to 480.327880859375 (ms), cudaEventElapsed = 32.17219161987305 (ms)
[RANK2] B @ 549.8720703125 (ms) to 591.933837890625 (ms), cudaEventElapsed = 42.01683044433594 (ms)
[RANK2] F @ 709.943359375 (ms) to 741.501220703125 (ms), cudaEventElapsed = 31.516223907470703 (ms)
[RANK2] B @ 741.829345703125 (ms) to 785.223876953125 (ms), cudaEventElapsed = 43.35647964477539 (ms)
[RANK2] F @ 858.0205078125 (ms) to 890.06298828125 (ms), cudaEventElapsed = 32.00022506713867 (ms)
[RANK2] B @ 926.2294921875 (ms) to 967.441650390625 (ms), cudaEventElapsed = 41.1703987121582 (ms)
[RANK2] F @ 1038.186767578125 (ms) to 1070.123779296875 (ms), cudaEventElapsed = 31.9019832611084 (ms)
[RANK2] B @ 1136.55322265625 (ms) to 1177.57763671875 (ms), cudaEventElapsed = 40.983585357666016 (ms)
[RANK2] F @ 1246.02197265625 (ms) to 1278.112060546875 (ms), cudaEventElapsed = 32.050846099853516 (ms)
[RANK2] B @ 1348.374755859375 (ms) to 1389.267822265625 (ms), cudaEventElapsed = 40.85238265991211 (ms)
[RANK2] F @ 1458.435546875 (ms) to 1489.744140625 (ms), cudaEventElapsed = 31.27347183227539 (ms)
[RANK2] B @ 1490.14501953125 (ms) to 1535.200439453125 (ms), cudaEventElapsed = 45.010494232177734 (ms)
[RANK2] W @ 1535.452880859375 (ms) to 1665.068359375 (ms), cudaEventElapsed = 19.274751663208008 (ms)
[RANK2] F @ 1665.2333984375 (ms) to 1699.292236328125 (ms), cudaEventElapsed = 34.028350830078125 (ms)
[RANK2] B @ 1700.64208984375 (ms) to 1746.58154296875 (ms), cudaEventElapsed = 45.90060806274414 (ms)
[RANK2] B @ 1820.18115234375 (ms) to 1862.210693359375 (ms), cudaEventElapsed = 41.99398422241211 (ms)
[RANK2] W @ 1862.379638671875 (ms) to 2030.654541015625 (ms), cudaEventElapsed = 19.4150390625 (ms)
[RANK2] F @ 2030.934814453125 (ms) to 2065.408203125 (ms), cudaEventElapsed = 34.444000244140625 (ms)
[RANK2] B @ 2065.717041015625 (ms) to 2111.841064453125 (ms), cudaEventElapsed = 46.093055725097656 (ms)
[RANK2] W @ 2112.08203125 (ms) to 2203.684326171875 (ms), cudaEventElapsed = 19.744768142700195 (ms)
[RANK2] F @ 2316.346923828125 (ms) to 2347.7275390625 (ms), cudaEventElapsed = 31.338272094726562 (ms)
[RANK2] B @ 2348.05322265625 (ms) to 2392.1103515625 (ms), cudaEventElapsed = 44.014625549316406 (ms)
[RANK2] W @ 2392.36279296875 (ms) to 2483.60009765625 (ms), cudaEventElapsed = 19.725311279296875 (ms)
[RANK2] F @ 2589.82373046875 (ms) to 2621.32470703125 (ms), cudaEventElapsed = 31.457279205322266 (ms)
[RANK2] B @ 2621.651611328125 (ms) to 2665.072509765625 (ms), cudaEventElapsed = 43.365665435791016 (ms)
[RANK2] W @ 2665.260986328125 (ms) to 2755.8271484375 (ms), cudaEventElapsed = 19.44985580444336 (ms)
[RANK2] W @ 2756.03125 (ms) to 2776.858642578125 (ms), cudaEventElapsed = 20.798463821411133 (ms)
[RANK2] B @ 2777.02880859375 (ms) to 2824.22216796875 (ms), cudaEventElapsed = 47.165504455566406 (ms)
[RANK2] 6W @ 2824.409423828125 (ms) to 3047.29833984375 (ms), cudaEventElapsed = 150.4470977783203 (ms)
[RANK2] Iteration 16
[RANK2] F @ 189.347900390625 (ms) to 219.645751953125 (ms), cudaEventElapsed = 30.256832122802734 (ms)
[RANK2] F @ 288.42138671875 (ms) to 317.93505859375 (ms), cudaEventElapsed = 29.472671508789062 (ms)
[RANK2] F @ 387.31689453125 (ms) to 417.384521484375 (ms), cudaEventElapsed = 30.02604866027832 (ms)
[RANK2] F @ 484.61669921875 (ms) to 514.65283203125 (ms), cudaEventElapsed = 29.995872497558594 (ms)
[RANK2] F @ 581.50732421875 (ms) to 611.499755859375 (ms), cudaEventElapsed = 29.95078468322754 (ms)
[RANK2] F @ 679.5625 (ms) to 709.6435546875 (ms), cudaEventElapsed = 30.029600143432617 (ms)
[RANK2] F @ 776.902099609375 (ms) to 807.016357421875 (ms), cudaEventElapsed = 30.070880889892578 (ms)
[RANK2] F @ 874.03125 (ms) to 903.51416015625 (ms), cudaEventElapsed = 29.444543838500977 (ms)
[RANK2] F @ 972.181640625 (ms) to 1001.7841796875 (ms), cudaEventElapsed = 29.550495147705078 (ms)
[RANK2] F @ 1070.86328125 (ms) to 1100.521728515625 (ms), cudaEventElapsed = 29.61574363708496 (ms)
[RANK2] F @ 1169.491455078125 (ms) to 1199.110107421875 (ms), cudaEventElapsed = 29.575359344482422 (ms)
[RANK2] F @ 1268.141357421875 (ms) to 1297.699462890625 (ms), cudaEventElapsed = 29.5086727142334 (ms)
