[RANK0] Iteration 1
[RANK0] F @ 0.280029296875 (ms) to 25.289794921875 (ms), cudaEventElapsed = 24.969247817993164 (ms)
[RANK0] F @ 78.01318359375 (ms) to 103.25146484375 (ms), cudaEventElapsed = 25.186304092407227 (ms)
[RANK0] F @ 103.473388671875 (ms) to 128.74658203125 (ms), cudaEventElapsed = 25.236480712890625 (ms)
[RANK0] F @ 128.91845703125 (ms) to 156.1796875 (ms), cudaEventElapsed = 27.225088119506836 (ms)
[RANK0] F @ 156.357177734375 (ms) to 185.306640625 (ms), cudaEventElapsed = 28.91059112548828 (ms)
[RANK0] F @ 185.48291015625 (ms) to 223.382568359375 (ms), cudaEventElapsed = 26.349567413330078 (ms)
[RANK0] F @ 223.5576171875 (ms) to 451.251220703125 (ms), cudaEventElapsed = 227.65158081054688 (ms)
[RANK0] B @ 610.738037109375 (ms) to 642.47265625 (ms), cudaEventElapsed = 31.680927276611328 (ms)
[RANK0] F @ 642.725341796875 (ms) to 668.002197265625 (ms), cudaEventElapsed = 25.242624282836914 (ms)
[RANK0] B @ 688.968994140625 (ms) to 722.3525390625 (ms), cudaEventElapsed = 33.333438873291016 (ms)
[RANK0] W @ 722.571044921875 (ms) to 737.273193359375 (ms), cudaEventElapsed = 14.67084789276123 (ms)
[RANK0] F @ 737.294189453125 (ms) to 763.574951171875 (ms), cudaEventElapsed = 26.254335403442383 (ms)
[RANK0] B @ 770.480224609375 (ms) to 805.86083984375 (ms), cudaEventElapsed = 35.33631896972656 (ms)
[RANK0] B @ 849.43115234375 (ms) to 881.277587890625 (ms), cudaEventElapsed = 31.800352096557617 (ms)
[RANK0] W @ 881.323974609375 (ms) to 894.904052734375 (ms), cudaEventElapsed = 13.546496391296387 (ms)
[RANK0] F @ 895.090576171875 (ms) to 921.381591796875 (ms), cudaEventElapsed = 26.260480880737305 (ms)
[RANK0] B @ 1105.84765625 (ms) to 1138.51513671875 (ms), cudaEventElapsed = 32.59872055053711 (ms)
[RANK0] B @ 1182.3681640625 (ms) to 1213.97900390625 (ms), cudaEventElapsed = 31.559200286865234 (ms)
[RANK0] W @ 1214.0283203125 (ms) to 1227.96923828125 (ms), cudaEventElapsed = 13.910016059875488 (ms)
[RANK0] F @ 1228.1923828125 (ms) to 1254.798828125 (ms), cudaEventElapsed = 26.573823928833008 (ms)
[RANK0] B @ 1291.9443359375 (ms) to 1325.51171875 (ms), cudaEventElapsed = 33.52355194091797 (ms)
[RANK0] B @ 1333.32666015625 (ms) to 1365.2763671875 (ms), cudaEventElapsed = 31.914560317993164 (ms)
[RANK0] W @ 1365.317138671875 (ms) to 1379.30615234375 (ms), cudaEventElapsed = 13.957119941711426 (ms)
[RANK0] F @ 1379.5400390625 (ms) to 1405.61767578125 (ms), cudaEventElapsed = 26.041343688964844 (ms)
[RANK0] W @ 1405.789306640625 (ms) to 1447.76318359375 (ms), cudaEventElapsed = 13.987839698791504 (ms)
[RANK0] W @ 1447.78369140625 (ms) to 1461.96044921875 (ms), cudaEventElapsed = 14.143487930297852 (ms)
[RANK0] W @ 1462.1494140625 (ms) to 1476.968994140625 (ms), cudaEventElapsed = 14.788607597351074 (ms)
[RANK0] W @ 1476.98388671875 (ms) to 1492.77294921875 (ms), cudaEventElapsed = 15.758336067199707 (ms)
[RANK0] B @ 1492.932373046875 (ms) to 1528.591552734375 (ms), cudaEventElapsed = 35.62998580932617 (ms)
[RANK0] W @ 1528.7734375 (ms) to 1551.2509765625 (ms), cudaEventElapsed = 15.401984214782715 (ms)
[RANK0] B @ 1551.406005859375 (ms) to 1585.89453125 (ms), cudaEventElapsed = 34.45830535888672 (ms)
[RANK0] W @ 1585.927734375 (ms) to 1600.9658203125 (ms), cudaEventElapsed = 15.005696296691895 (ms)
[RANK0] B @ 1629.86962890625 (ms) to 1662.7626953125 (ms), cudaEventElapsed = 32.859134674072266 (ms)
[RANK0] W @ 1662.791015625 (ms) to 1676.751953125 (ms), cudaEventElapsed = 13.931520462036133 (ms)
[RANK0] B @ 1717.08447265625 (ms) to 1748.719482421875 (ms), cudaEventElapsed = 31.599903106689453 (ms)
[RANK0] 1W @ 1748.7490234375 (ms) to 1762.361572265625 (ms), cudaEventElapsed = 13.588479995727539 (ms)
[RANK0] Iteration 2
[RANK0] F @ 2.27783203125 (ms) to 27.40576171875 (ms), cudaEventElapsed = 25.088064193725586 (ms)
[RANK0] F @ 27.673828125 (ms) to 53.025146484375 (ms), cudaEventElapsed = 25.31737518310547 (ms)
[RANK0] F @ 53.232421875 (ms) to 80.43115234375 (ms), cudaEventElapsed = 27.1646728515625 (ms)
[RANK0] F @ 80.628173828125 (ms) to 108.534423828125 (ms), cudaEventElapsed = 27.858943939208984 (ms)
[RANK0] F @ 108.75390625 (ms) to 136.77880859375 (ms), cudaEventElapsed = 27.985919952392578 (ms)
[RANK0] F @ 136.99658203125 (ms) to 164.525390625 (ms), cudaEventElapsed = 27.495424270629883 (ms)
[RANK0] F @ 164.7421875 (ms) to 192.890625 (ms), cudaEventElapsed = 28.114944458007812 (ms)
[RANK0] B @ 268.49853515625 (ms) to 300.179443359375 (ms), cudaEventElapsed = 31.632671356201172 (ms)
[RANK0] F @ 300.430419921875 (ms) to 325.942138671875 (ms), cudaEventElapsed = 25.47609519958496 (ms)
[RANK0] B @ 349.043212890625 (ms) to 382.11669921875 (ms), cudaEventElapsed = 33.02739334106445 (ms)
[RANK0] W @ 382.359130859375 (ms) to 396.9375 (ms), cudaEventElapsed = 14.545920372009277 (ms)
[RANK0] F @ 397.00634765625 (ms) to 422.847900390625 (ms), cudaEventElapsed = 25.808895111083984 (ms)
[RANK0] B @ 430.939453125 (ms) to 467.08642578125 (ms), cudaEventElapsed = 36.104095458984375 (ms)
[RANK0] B @ 510.2724609375 (ms) to 542.065185546875 (ms), cudaEventElapsed = 31.741247177124023 (ms)
[RANK0] W @ 542.16259765625 (ms) to 555.962158203125 (ms), cudaEventElapsed = 13.759488105773926 (ms)
[RANK0] F @ 556.21533203125 (ms) to 581.830078125 (ms), cudaEventElapsed = 25.580543518066406 (ms)
[RANK0] B @ 613.490478515625 (ms) to 647.2998046875 (ms), cudaEventElapsed = 33.75913619995117 (ms)
[RANK0] B @ 665.865478515625 (ms) to 697.77001953125 (ms), cudaEventElapsed = 31.863136291503906 (ms)
[RANK0] W @ 697.84814453125 (ms) to 711.41455078125 (ms), cudaEventElapsed = 13.534208297729492 (ms)
[RANK0] F @ 711.662841796875 (ms) to 737.79345703125 (ms), cudaEventElapsed = 26.09561538696289 (ms)
[RANK0] B @ 773.682373046875 (ms) to 807.20263671875 (ms), cudaEventElapsed = 33.480255126953125 (ms)
[RANK0] B @ 814.913330078125 (ms) to 847.042236328125 (ms), cudaEventElapsed = 32.09414291381836 (ms)
[RANK0] W @ 847.119384765625 (ms) to 861.38916015625 (ms), cudaEventElapsed = 14.235648155212402 (ms)
[RANK0] F @ 861.609375 (ms) to 888.20263671875 (ms), cudaEventElapsed = 26.555391311645508 (ms)
[RANK0] W @ 888.396240234375 (ms) to 930.254150390625 (ms), cudaEventElapsed = 14.429183959960938 (ms)
[RANK0] W @ 930.318603515625 (ms) to 944.16015625 (ms), cudaEventElapsed = 13.804544448852539 (ms)
[RANK0] W @ 944.35546875 (ms) to 959.684814453125 (ms), cudaEventElapsed = 15.300607681274414 (ms)
[RANK0] W @ 959.730224609375 (ms) to 975.6220703125 (ms), cudaEventElapsed = 15.865856170654297 (ms)
[RANK0] B @ 975.779296875 (ms) to 1011.420166015625 (ms), cudaEventElapsed = 35.61376190185547 (ms)
[RANK0] W @ 1011.596923828125 (ms) to 1034.21337890625 (ms), cudaEventElapsed = 14.635007858276367 (ms)
[RANK0] B @ 1034.38720703125 (ms) to 1068.46435546875 (ms), cudaEventElapsed = 34.04492950439453 (ms)
[RANK0] W @ 1068.5234375 (ms) to 1083.72021484375 (ms), cudaEventElapsed = 15.167488098144531 (ms)
[RANK0] B @ 1119.037353515625 (ms) to 1151.8857421875 (ms), cudaEventElapsed = 32.81315231323242 (ms)
[RANK0] W @ 1151.94873046875 (ms) to 1165.892822265625 (ms), cudaEventElapsed = 13.914112091064453 (ms)
[RANK0] B @ 1206.582763671875 (ms) to 1238.257568359375 (ms), cudaEventElapsed = 31.637056350708008 (ms)
[RANK0] 1W @ 1238.325439453125 (ms) to 1251.869140625 (ms), cudaEventElapsed = 13.511679649353027 (ms)
[RANK0] Iteration 3
[RANK0] F @ 2.079833984375 (ms) to 27.1533203125 (ms), cudaEventElapsed = 25.040224075317383 (ms)
[RANK0] F @ 27.377197265625 (ms) to 52.799560546875 (ms), cudaEventElapsed = 25.389055252075195 (ms)
[RANK0] F @ 53.0087890625 (ms) to 80.56103515625 (ms), cudaEventElapsed = 27.51487922668457 (ms)
[RANK0] F @ 80.767822265625 (ms) to 108.93896484375 (ms), cudaEventElapsed = 28.131328582763672 (ms)
[RANK0] F @ 109.16552734375 (ms) to 137.0029296875 (ms), cudaEventElapsed = 27.800575256347656 (ms)
[RANK0] F @ 137.20751953125 (ms) to 165.224853515625 (ms), cudaEventElapsed = 27.98182487487793 (ms)
[RANK0] F @ 165.435791015625 (ms) to 193.254150390625 (ms), cudaEventElapsed = 27.784191131591797 (ms)
[RANK0] B @ 269.47900390625 (ms) to 301.226806640625 (ms), cudaEventElapsed = 31.697664260864258 (ms)
[RANK0] F @ 301.48876953125 (ms) to 327.296875 (ms), cudaEventElapsed = 25.772031784057617 (ms)
[RANK0] B @ 349.920654296875 (ms) to 382.977783203125 (ms), cudaEventElapsed = 33.01276779174805 (ms)
[RANK0] W @ 383.227783203125 (ms) to 397.87548828125 (ms), cudaEventElapsed = 14.614527702331543 (ms)
[RANK0] F @ 397.933349609375 (ms) to 424.393798828125 (ms), cudaEventElapsed = 26.427391052246094 (ms)
[RANK0] B @ 431.5478515625 (ms) to 466.971923828125 (ms), cudaEventElapsed = 35.383487701416016 (ms)
[RANK0] B @ 510.37109375 (ms) to 542.08056640625 (ms), cudaEventElapsed = 31.66864013671875 (ms)
[RANK0] W @ 542.15283203125 (ms) to 556.07080078125 (ms), cudaEventElapsed = 13.8854398727417 (ms)
[RANK0] F @ 556.276611328125 (ms) to 582.753662109375 (ms), cudaEventElapsed = 26.442752838134766 (ms)
[RANK0] B @ 613.782470703125 (ms) to 647.46435546875 (ms), cudaEventElapsed = 33.64022445678711 (ms)
[RANK0] B @ 667.503173828125 (ms) to 699.171630859375 (ms), cudaEventElapsed = 31.636159896850586 (ms)
[RANK0] W @ 699.2373046875 (ms) to 713.152587890625 (ms), cudaEventElapsed = 13.88646411895752 (ms)
[RANK0] F @ 713.3857421875 (ms) to 739.632080078125 (ms), cudaEventElapsed = 26.213375091552734 (ms)
[RANK0] B @ 775.5830078125 (ms) to 809.09814453125 (ms), cudaEventElapsed = 33.475040435791016 (ms)
[RANK0] B @ 816.86865234375 (ms) to 848.927734375 (ms), cudaEventElapsed = 32.02601623535156 (ms)
[RANK0] W @ 848.99365234375 (ms) to 863.028076171875 (ms), cudaEventElapsed = 14.002176284790039 (ms)
[RANK0] F @ 863.231689453125 (ms) to 889.4111328125 (ms), cudaEventElapsed = 26.14681625366211 (ms)
[RANK0] W @ 889.604248046875 (ms) to 932.032958984375 (ms), cudaEventElapsed = 14.010368347167969 (ms)
[RANK0] W @ 932.096435546875 (ms) to 946.36181640625 (ms), cudaEventElapsed = 14.227456092834473 (ms)
[RANK0] W @ 946.569580078125 (ms) to 961.597412109375 (ms), cudaEventElapsed = 14.99443244934082 (ms)
[RANK0] W @ 961.6435546875 (ms) to 977.58056640625 (ms), cudaEventElapsed = 15.90886402130127 (ms)
[RANK0] B @ 977.73583984375 (ms) to 1013.563720703125 (ms), cudaEventElapsed = 35.779903411865234 (ms)
[RANK0] W @ 1013.775390625 (ms) to 1037.369384765625 (ms), cudaEventElapsed = 15.554559707641602 (ms)
[RANK0] B @ 1037.532958984375 (ms) to 1071.874755859375 (ms), cudaEventElapsed = 34.309791564941406 (ms)
[RANK0] W @ 1071.9326171875 (ms) to 1086.883544921875 (ms), cudaEventElapsed = 14.924799919128418 (ms)
[RANK0] B @ 1120.451416015625 (ms) to 1153.286376953125 (ms), cudaEventElapsed = 32.80070495605469 (ms)
[RANK0] W @ 1153.3544921875 (ms) to 1167.363525390625 (ms), cudaEventElapsed = 13.981696128845215 (ms)
[RANK0] B @ 1207.9638671875 (ms) to 1239.573974609375 (ms), cudaEventElapsed = 31.577695846557617 (ms)
[RANK0] 1W @ 1239.63037109375 (ms) to 1253.6064453125 (ms), cudaEventElapsed = 13.947903633117676 (ms)
[RANK0] Iteration 4
[RANK0] F @ 2.06689453125 (ms) to 27.07666015625 (ms), cudaEventElapsed = 24.97747230529785 (ms)
[RANK0] F @ 27.290283203125 (ms) to 52.570556640625 (ms), cudaEventElapsed = 25.242624282836914 (ms)
[RANK0] F @ 52.773681640625 (ms) to 80.283935546875 (ms), cudaEventElapsed = 27.476991653442383 (ms)
[RANK0] F @ 80.497314453125 (ms) to 108.426025390625 (ms), cudaEventElapsed = 27.894784927368164 (ms)
[RANK0] F @ 108.640380859375 (ms) to 136.46044921875 (ms), cudaEventElapsed = 27.7893123626709 (ms)
[RANK0] F @ 136.65771484375 (ms) to 164.43994140625 (ms), cudaEventElapsed = 27.74835205078125 (ms)
[RANK0] F @ 164.635986328125 (ms) to 192.242919921875 (ms), cudaEventElapsed = 27.5732479095459 (ms)
[RANK0] B @ 271.424560546875 (ms) to 304.138916015625 (ms), cudaEventElapsed = 32.66966247558594 (ms)
[RANK0] F @ 304.3671875 (ms) to 329.693115234375 (ms), cudaEventElapsed = 25.2938232421875 (ms)
[RANK0] B @ 356.046630859375 (ms) to 389.322998046875 (ms), cudaEventElapsed = 33.23513412475586 (ms)
[RANK0] W @ 389.550537109375 (ms) to 404.689453125 (ms), cudaEventElapsed = 15.10912036895752 (ms)
[RANK0] F @ 404.743896484375 (ms) to 431.32861328125 (ms), cudaEventElapsed = 26.556415557861328 (ms)
[RANK0] B @ 439.925537109375 (ms) to 476.351806640625 (ms), cudaEventElapsed = 36.386688232421875 (ms)
[RANK0] B @ 521.278564453125 (ms) to 553.801513671875 (ms), cudaEventElapsed = 32.48275375366211 (ms)
[RANK0] W @ 553.872314453125 (ms) to 568.405029296875 (ms), cudaEventElapsed = 14.502911567687988 (ms)
[RANK0] F @ 568.62744140625 (ms) to 596.20947265625 (ms), cudaEventElapsed = 27.54867172241211 (ms)
[RANK0] B @ 634.172119140625 (ms) to 668.457763671875 (ms), cudaEventElapsed = 34.24576187133789 (ms)
[RANK0] B @ 684.490966796875 (ms) to 717.741455078125 (ms), cudaEventElapsed = 33.21363067626953 (ms)
[RANK0] W @ 717.80908203125 (ms) to 733.394775390625 (ms), cudaEventElapsed = 15.552512168884277 (ms)
[RANK0] F @ 733.59765625 (ms) to 762.157958984375 (ms), cudaEventElapsed = 28.53068733215332 (ms)
[RANK0] B @ 799.88720703125 (ms) to 833.570068359375 (ms), cudaEventElapsed = 33.642112731933594 (ms)
[RANK0] B @ 844.072021484375 (ms) to 877.069091796875 (ms), cudaEventElapsed = 32.963584899902344 (ms)
[RANK0] W @ 877.1513671875 (ms) to 892.640625 (ms), cudaEventElapsed = 15.456255912780762 (ms)
[RANK0] F @ 892.836181640625 (ms) to 921.47900390625 (ms), cudaEventElapsed = 28.613632202148438 (ms)
[RANK0] W @ 921.67333984375 (ms) to 972.4716796875 (ms), cudaEventElapsed = 14.422016143798828 (ms)
[RANK0] W @ 972.52392578125 (ms) to 987.34423828125 (ms), cudaEventElapsed = 14.788607597351074 (ms)
[RANK0] W @ 987.54931640625 (ms) to 1004.285400390625 (ms), cudaEventElapsed = 16.705535888671875 (ms)
[RANK0] W @ 1004.33154296875 (ms) to 1022.2900390625 (ms), cudaEventElapsed = 17.931264877319336 (ms)
[RANK0] B @ 1022.462158203125 (ms) to 1060.36376953125 (ms), cudaEventElapsed = 37.87257766723633 (ms)
[RANK0] W @ 1060.56689453125 (ms) to 1087.213134765625 (ms), cudaEventElapsed = 15.353856086730957 (ms)
[RANK0] B @ 1087.374755859375 (ms) to 1123.145751953125 (ms), cudaEventElapsed = 35.740928649902344 (ms)
[RANK0] W @ 1123.20703125 (ms) to 1140.037353515625 (ms), cudaEventElapsed = 16.80281639099121 (ms)
[RANK0] B @ 1181.72705078125 (ms) to 1215.65234375 (ms), cudaEventElapsed = 33.88719940185547 (ms)
[RANK0] W @ 1215.71630859375 (ms) to 1230.94677734375 (ms), cudaEventElapsed = 15.18899154663086 (ms)
[RANK0] B @ 1282.140869140625 (ms) to 1314.668701171875 (ms), cudaEventElapsed = 32.494911193847656 (ms)
[RANK0] 1W @ 1314.726318359375 (ms) to 1329.3818359375 (ms), cudaEventElapsed = 14.628864288330078 (ms)
[RANK0] Iteration 5
[RANK0] F @ 2.055419921875 (ms) to 27.1337890625 (ms), cudaEventElapsed = 25.043296813964844 (ms)
[RANK0] F @ 27.361572265625 (ms) to 53.199951171875 (ms), cudaEventElapsed = 25.798656463623047 (ms)
[RANK0] F @ 53.416259765625 (ms) to 81.3994140625 (ms), cudaEventElapsed = 27.95110321044922 (ms)
[RANK0] F @ 81.6103515625 (ms) to 109.947509765625 (ms), cudaEventElapsed = 28.304384231567383 (ms)
[RANK0] F @ 110.2041015625 (ms) to 138.306640625 (ms), cudaEventElapsed = 28.064767837524414 (ms)
[RANK0] F @ 138.528564453125 (ms) to 166.36376953125 (ms), cudaEventElapsed = 27.79852867126465 (ms)
[RANK0] F @ 166.56982421875 (ms) to 194.65673828125 (ms), cudaEventElapsed = 28.052480697631836 (ms)
[RANK0] B @ 271.212158203125 (ms) to 304.313232421875 (ms), cudaEventElapsed = 33.034080505371094 (ms)
[RANK0] F @ 304.576904296875 (ms) to 330.944091796875 (ms), cudaEventElapsed = 26.33216094970703 (ms)
[RANK0] B @ 355.7314453125 (ms) to 389.08984375 (ms), cudaEventElapsed = 33.307777404785156 (ms)
[RANK0] W @ 389.348388671875 (ms) to 405.031494140625 (ms), cudaEventElapsed = 15.647744178771973 (ms)
[RANK0] F @ 405.091552734375 (ms) to 434.28466796875 (ms), cudaEventElapsed = 29.16249656677246 (ms)
[RANK0] B @ 440.482177734375 (ms) to 476.98486328125 (ms), cudaEventElapsed = 36.45996856689453 (ms)
[RANK0] B @ 522.3349609375 (ms) to 555.569580078125 (ms), cudaEventElapsed = 33.1929931640625 (ms)
[RANK0] W @ 555.64892578125 (ms) to 570.833251953125 (ms), cudaEventElapsed = 15.152128219604492 (ms)
[RANK0] F @ 571.061279296875 (ms) to 599.546142578125 (ms), cudaEventElapsed = 28.454912185668945 (ms)
[RANK0] B @ 634.47314453125 (ms) to 668.591796875 (ms), cudaEventElapsed = 34.07417678833008 (ms)
[RANK0] B @ 686.01513671875 (ms) to 719.234375 (ms), cudaEventElapsed = 33.18217468261719 (ms)
[RANK0] W @ 719.318115234375 (ms) to 734.569091796875 (ms), cudaEventElapsed = 15.212544441223145 (ms)
[RANK0] F @ 734.818359375 (ms) to 762.677001953125 (ms), cudaEventElapsed = 27.824127197265625 (ms)
[RANK0] B @ 801.012939453125 (ms) to 836.5625 (ms), cudaEventElapsed = 35.507904052734375 (ms)
[RANK0] B @ 845.074462890625 (ms) to 879.062744140625 (ms), cudaEventElapsed = 33.95222473144531 (ms)
[RANK0] W @ 879.13671875 (ms) to 895.01708984375 (ms), cudaEventElapsed = 15.843328475952148 (ms)
[RANK0] F @ 895.2275390625 (ms) to 923.330078125 (ms), cudaEventElapsed = 28.060672760009766 (ms)
[RANK0] W @ 923.52783203125 (ms) to 973.535400390625 (ms), cudaEventElapsed = 14.358528137207031 (ms)
[RANK0] W @ 973.594970703125 (ms) to 988.22021484375 (ms), cudaEventElapsed = 14.593024253845215 (ms)
[RANK0] W @ 988.435302734375 (ms) to 1005.852294921875 (ms), cudaEventElapsed = 17.38751983642578 (ms)
[RANK0] W @ 1005.89990234375 (ms) to 1025.937744140625 (ms), cudaEventElapsed = 20.01203155517578 (ms)
[RANK0] B @ 1026.102783203125 (ms) to 1066.0771484375 (ms), cudaEventElapsed = 39.94425582885742 (ms)
[RANK0] W @ 1066.311279296875 (ms) to 1091.341064453125 (ms), cudaEventElapsed = 17.83296012878418 (ms)
[RANK0] B @ 1091.517333984375 (ms) to 1128.18310546875 (ms), cudaEventElapsed = 36.63302230834961 (ms)
[RANK0] W @ 1128.254638671875 (ms) to 1145.679931640625 (ms), cudaEventElapsed = 17.39263916015625 (ms)
[RANK0] B @ 1183.233642578125 (ms) to 1217.39990234375 (ms), cudaEventElapsed = 34.12358474731445 (ms)
[RANK0] W @ 1217.46630859375 (ms) to 1233.1982421875 (ms), cudaEventElapsed = 15.70201587677002 (ms)
[RANK0] B @ 1283.61474609375 (ms) to 1316.732421875 (ms), cudaEventElapsed = 33.078590393066406 (ms)
[RANK0] 1W @ 1316.80615234375 (ms) to 1332.029541015625 (ms), cudaEventElapsed = 15.1910400390625 (ms)
[RANK0] Iteration 6
[RANK0] F @ 2.048583984375 (ms) to 27.310546875 (ms), cudaEventElapsed = 25.225343704223633 (ms)
[RANK0] F @ 27.567626953125 (ms) to 52.85498046875 (ms), cudaEventElapsed = 25.252864837646484 (ms)
[RANK0] F @ 53.090087890625 (ms) to 80.738525390625 (ms), cudaEventElapsed = 27.615232467651367 (ms)
[RANK0] F @ 80.95556640625 (ms) to 109.255615234375 (ms), cudaEventElapsed = 28.263423919677734 (ms)
[RANK0] F @ 109.498046875 (ms) to 137.440673828125 (ms), cudaEventElapsed = 27.900928497314453 (ms)
[RANK0] F @ 137.819091796875 (ms) to 165.818359375 (ms), cudaEventElapsed = 27.95929527282715 (ms)
[RANK0] F @ 166.026611328125 (ms) to 193.766357421875 (ms), cudaEventElapsed = 27.696128845214844 (ms)
[RANK0] B @ 271.2314453125 (ms) to 304.465576171875 (ms), cudaEventElapsed = 33.18387222290039 (ms)
[RANK0] F @ 304.724365234375 (ms) to 330.7958984375 (ms), cudaEventElapsed = 26.033151626586914 (ms)
[RANK0] B @ 354.650146484375 (ms) to 388.3681640625 (ms), cudaEventElapsed = 33.67580795288086 (ms)
[RANK0] W @ 388.615966796875 (ms) to 404.918701171875 (ms), cudaEventElapsed = 16.268287658691406 (ms)
[RANK0] F @ 404.973876953125 (ms) to 433.5234375 (ms), cudaEventElapsed = 28.517375946044922 (ms)
[RANK0] B @ 440.15234375 (ms) to 477.359130859375 (ms), cudaEventElapsed = 37.16700744628906 (ms)
[RANK0] B @ 522.171142578125 (ms) to 555.279052734375 (ms), cudaEventElapsed = 33.066654205322266 (ms)
[RANK0] W @ 555.359375 (ms) to 570.796142578125 (ms), cudaEventElapsed = 15.404031753540039 (ms)
[RANK0] F @ 571.0078125 (ms) to 599.3203125 (ms), cudaEventElapsed = 28.281856536865234 (ms)
[RANK0] B @ 633.8037109375 (ms) to 668.0263671875 (ms), cudaEventElapsed = 34.16966247558594 (ms)
[RANK0] B @ 684.857421875 (ms) to 718.075439453125 (ms), cudaEventElapsed = 33.180416107177734 (ms)
[RANK0] W @ 718.147705078125 (ms) to 733.71484375 (ms), cudaEventElapsed = 15.531007766723633 (ms)
[RANK0] F @ 733.954345703125 (ms) to 763.345703125 (ms), cudaEventElapsed = 29.35910415649414 (ms)
[RANK0] B @ 800.2998046875 (ms) to 834.495849609375 (ms), cudaEventElapsed = 34.15689468383789 (ms)
[RANK0] B @ 844.28076171875 (ms) to 878.294677734375 (ms), cudaEventElapsed = 33.97772979736328 (ms)
[RANK0] W @ 878.363037109375 (ms) to 894.80908203125 (ms), cudaEventElapsed = 16.4136962890625 (ms)
[RANK0] F @ 895.0234375 (ms) to 924.955078125 (ms), cudaEventElapsed = 29.885440826416016 (ms)
[RANK0] W @ 925.153076171875 (ms) to 974.072265625 (ms), cudaEventElapsed = 14.515199661254883 (ms)
[RANK0] W @ 974.130859375 (ms) to 990.194580078125 (ms), cudaEventElapsed = 16.029695510864258 (ms)
[RANK0] W @ 990.39599609375 (ms) to 1008.7412109375 (ms), cudaEventElapsed = 18.315263748168945 (ms)
[RANK0] W @ 1008.7880859375 (ms) to 1029.043212890625 (ms), cudaEventElapsed = 20.222976684570312 (ms)
[RANK0] B @ 1029.220703125 (ms) to 1069.350830078125 (ms), cudaEventElapsed = 40.099361419677734 (ms)
[RANK0] W @ 1069.55810546875 (ms) to 1090.17138671875 (ms), cudaEventElapsed = 17.508352279663086 (ms)
[RANK0] B @ 1090.338623046875 (ms) to 1127.811767578125 (ms), cudaEventElapsed = 37.44160079956055 (ms)
[RANK0] W @ 1127.87646484375 (ms) to 1145.7060546875 (ms), cudaEventElapsed = 17.796096801757812 (ms)
[RANK0] B @ 1183.164794921875 (ms) to 1217.239990234375 (ms), cudaEventElapsed = 34.037696838378906 (ms)
[RANK0] W @ 1217.302978515625 (ms) to 1233.083740234375 (ms), cudaEventElapsed = 15.749119758605957 (ms)
[RANK0] B @ 1284.025390625 (ms) to 1317.094970703125 (ms), cudaEventElapsed = 33.0316162109375 (ms)
[RANK0] 1W @ 1317.16259765625 (ms) to 1332.445556640625 (ms), cudaEventElapsed = 15.249407768249512 (ms)
[RANK0] Iteration 7
[RANK0] F @ 0.336669921875 (ms) to 24.0966796875 (ms), cudaEventElapsed = 23.725088119506836 (ms)
[RANK0] F @ 24.326416015625 (ms) to 48.3251953125 (ms), cudaEventElapsed = 23.961599349975586 (ms)
[RANK0] F @ 48.531494140625 (ms) to 73.860595703125 (ms), cudaEventElapsed = 25.291776657104492 (ms)
[RANK0] F @ 74.0498046875 (ms) to 101.17333984375 (ms), cudaEventElapsed = 27.089920043945312 (ms)
[RANK0] F @ 101.38818359375 (ms) to 128.292724609375 (ms), cudaEventElapsed = 26.864639282226562 (ms)
[RANK0] F @ 128.509521484375 (ms) to 154.87939453125 (ms), cudaEventElapsed = 26.33420753479004 (ms)
[RANK0] F @ 155.066650390625 (ms) to 182.008544921875 (ms), cudaEventElapsed = 26.908672332763672 (ms)
[RANK0] F @ 182.241455078125 (ms) to 208.84765625 (ms), cudaEventElapsed = 26.565631866455078 (ms)
[RANK0] F @ 209.071044921875 (ms) to 235.3759765625 (ms), cudaEventElapsed = 26.265600204467773 (ms)
[RANK0] F @ 235.591552734375 (ms) to 262.090576171875 (ms), cudaEventElapsed = 26.467327117919922 (ms)
[RANK0] F @ 262.289794921875 (ms) to 289.056640625 (ms), cudaEventElapsed = 26.72537612915039 (ms)
[RANK0] F @ 289.27294921875 (ms) to 315.997802734375 (ms), cudaEventElapsed = 26.69055938720703 (ms)
