[RANK1] Iteration 1
[RANK1] F @ 83.7734375 (ms) to 115.9931640625 (ms), cudaEventElapsed = 32.161312103271484 (ms)
[RANK1] F @ 166.62158203125 (ms) to 198.3515625 (ms), cudaEventElapsed = 31.674943923950195 (ms)
[RANK1] F @ 198.80615234375 (ms) to 232.96435546875 (ms), cudaEventElapsed = 34.1163215637207 (ms)
[RANK1] F @ 233.32373046875 (ms) to 510.261962890625 (ms), cudaEventElapsed = 276.8968200683594 (ms)
[RANK1] F @ 513.65869140625 (ms) to 551.661376953125 (ms), cudaEventElapsed = 37.95686340332031 (ms)
[RANK1] B @ 563.908203125 (ms) to 605.3955078125 (ms), cudaEventElapsed = 41.44278335571289 (ms)
[RANK1] F @ 608.679443359375 (ms) to 642.196044921875 (ms), cudaEventElapsed = 33.47267150878906 (ms)
[RANK1] B @ 642.525634765625 (ms) to 686.910888671875 (ms), cudaEventElapsed = 44.34761428833008 (ms)
[RANK1] F @ 688.183837890625 (ms) to 722.97900390625 (ms), cudaEventElapsed = 34.751712799072266 (ms)
[RANK1] B @ 723.333984375 (ms) to 767.29833984375 (ms), cudaEventElapsed = 43.9266242980957 (ms)
[RANK1] F @ 767.660400390625 (ms) to 802.17822265625 (ms), cudaEventElapsed = 34.481632232666016 (ms)
[RANK1] B @ 803.696044921875 (ms) to 847.448486328125 (ms), cudaEventElapsed = 43.71376037597656 (ms)
[RANK1] W @ 847.692626953125 (ms) to 869.013671875 (ms), cudaEventElapsed = 21.2807674407959 (ms)
[RANK1] F @ 869.15869140625 (ms) to 903.682373046875 (ms), cudaEventElapsed = 34.49187088012695 (ms)
[RANK1] B @ 1062.307861328125 (ms) to 1102.412353515625 (ms), cudaEventElapsed = 40.063232421875 (ms)
[RANK1] B @ 1141.19921875 (ms) to 1180.421875 (ms), cudaEventElapsed = 39.177696228027344 (ms)
[RANK1] W @ 1180.598876953125 (ms) to 1199.84814453125 (ms), cudaEventElapsed = 19.207168579101562 (ms)
[RANK1] F @ 1200.107666015625 (ms) to 1234.4912109375 (ms), cudaEventElapsed = 34.35142517089844 (ms)
[RANK1] B @ 1245.130859375 (ms) to 1288.633056640625 (ms), cudaEventElapsed = 43.459903717041016 (ms)
[RANK1] B @ 1289.984375 (ms) to 1331.438232421875 (ms), cudaEventElapsed = 41.41852951049805 (ms)
[RANK1] W @ 1331.58642578125 (ms) to 1351.843017578125 (ms), cudaEventElapsed = 20.220928192138672 (ms)
[RANK1] F @ 1352.109130859375 (ms) to 1386.76318359375 (ms), cudaEventElapsed = 34.62259292602539 (ms)
[RANK1] B @ 1387.056884765625 (ms) to 1431.85595703125 (ms), cudaEventElapsed = 44.76688003540039 (ms)
[RANK1] W @ 1432.084228515625 (ms) to 1454.889404296875 (ms), cudaEventElapsed = 21.72211265563965 (ms)
[RANK1] F @ 1455.154296875 (ms) to 1489.478515625 (ms), cudaEventElapsed = 34.29190444946289 (ms)
[RANK1] B @ 1489.772216796875 (ms) to 1533.957763671875 (ms), cudaEventElapsed = 44.14921569824219 (ms)
[RANK1] W @ 1534.108154296875 (ms) to 1555.224853515625 (ms), cudaEventElapsed = 21.08006477355957 (ms)
[RANK1] W @ 1555.373291015625 (ms) to 1576.8349609375 (ms), cudaEventElapsed = 21.43129539489746 (ms)
[RANK1] B @ 1587.16796875 (ms) to 1627.922119140625 (ms), cudaEventElapsed = 40.72166442871094 (ms)
[RANK1] W @ 1628.0654296875 (ms) to 1647.446533203125 (ms), cudaEventElapsed = 19.347455978393555 (ms)
[RANK1] W @ 1647.58984375 (ms) to 1668.7802734375 (ms), cudaEventElapsed = 21.158912658691406 (ms)
[RANK1] B @ 1672.974609375 (ms) to 1715.21484375 (ms), cudaEventElapsed = 42.20793533325195 (ms)
[RANK1] 4W @ 1715.351318359375 (ms) to 1798.744140625 (ms), cudaEventElapsed = 83.36077117919922 (ms)
[RANK1] Iteration 2
[RANK1] F @ 30.581787109375 (ms) to 62.41015625 (ms), cudaEventElapsed = 31.7521915435791 (ms)
[RANK1] F @ 62.8359375 (ms) to 96.95068359375 (ms), cudaEventElapsed = 34.07961654663086 (ms)
[RANK1] F @ 97.363037109375 (ms) to 134.150390625 (ms), cudaEventElapsed = 36.75142288208008 (ms)
[RANK1] F @ 134.489501953125 (ms) to 170.88134765625 (ms), cudaEventElapsed = 36.35753631591797 (ms)
[RANK1] F @ 172.571044921875 (ms) to 208.378662109375 (ms), cudaEventElapsed = 35.770912170410156 (ms)
[RANK1] B @ 224.754638671875 (ms) to 266.381591796875 (ms), cudaEventElapsed = 41.58528137207031 (ms)
[RANK1] F @ 266.75341796875 (ms) to 299.62646484375 (ms), cudaEventElapsed = 32.83795166015625 (ms)
[RANK1] B @ 303.653564453125 (ms) to 346.989990234375 (ms), cudaEventElapsed = 43.295711517333984 (ms)
[RANK1] F @ 348.39111328125 (ms) to 382.094482421875 (ms), cudaEventElapsed = 33.66556930541992 (ms)
[RANK1] B @ 383.927978515625 (ms) to 427.572021484375 (ms), cudaEventElapsed = 43.60883331298828 (ms)
[RANK1] F @ 427.9345703125 (ms) to 462.100341796875 (ms), cudaEventElapsed = 34.132606506347656 (ms)
[RANK1] B @ 464.3642578125 (ms) to 508.070556640625 (ms), cudaEventElapsed = 43.666080474853516 (ms)
[RANK1] W @ 508.3359375 (ms) to 529.73583984375 (ms), cudaEventElapsed = 21.24390411376953 (ms)
[RANK1] F @ 529.8984375 (ms) to 563.362060546875 (ms), cudaEventElapsed = 33.43324661254883 (ms)
[RANK1] B @ 564.75732421875 (ms) to 609.9404296875 (ms), cudaEventElapsed = 45.147743225097656 (ms)
[RANK1] B @ 623.66357421875 (ms) to 663.8984375 (ms), cudaEventElapsed = 40.193824768066406 (ms)
[RANK1] W @ 664.09423828125 (ms) to 683.57080078125 (ms), cudaEventElapsed = 19.43756866455078 (ms)
[RANK1] F @ 683.859619140625 (ms) to 718.391845703125 (ms), cudaEventElapsed = 34.50092697143555 (ms)
[RANK1] B @ 726.134521484375 (ms) to 770.42431640625 (ms), cudaEventElapsed = 44.2479362487793 (ms)
[RANK1] B @ 771.81689453125 (ms) to 812.970703125 (ms), cudaEventElapsed = 41.11686325073242 (ms)
[RANK1] W @ 813.1513671875 (ms) to 832.924072265625 (ms), cudaEventElapsed = 19.737600326538086 (ms)
[RANK1] F @ 833.203125 (ms) to 867.21875 (ms), cudaEventElapsed = 33.984222412109375 (ms)
[RANK1] B @ 868.955078125 (ms) to 913.89794921875 (ms), cudaEventElapsed = 44.906463623046875 (ms)
[RANK1] W @ 914.1455078125 (ms) to 937.0517578125 (ms), cudaEventElapsed = 21.821439743041992 (ms)
[RANK1] F @ 937.339599609375 (ms) to 971.869873046875 (ms), cudaEventElapsed = 34.4984016418457 (ms)
[RANK1] B @ 974.30908203125 (ms) to 1017.711669921875 (ms), cudaEventElapsed = 43.3633918762207 (ms)
[RANK1] W @ 1017.890380859375 (ms) to 1038.4677734375 (ms), cudaEventElapsed = 20.539392471313477 (ms)
[RANK1] W @ 1038.642578125 (ms) to 1059.86669921875 (ms), cudaEventElapsed = 21.195775985717773 (ms)
[RANK1] B @ 1076.8369140625 (ms) to 1117.115478515625 (ms), cudaEventElapsed = 40.24563217163086 (ms)
[RANK1] W @ 1117.287109375 (ms) to 1136.611572265625 (ms), cudaEventElapsed = 19.27782440185547 (ms)
[RANK1] W @ 1136.784912109375 (ms) to 1157.824951171875 (ms), cudaEventElapsed = 21.011455535888672 (ms)
[RANK1] B @ 1162.677490234375 (ms) to 1204.734130859375 (ms), cudaEventElapsed = 42.02479934692383 (ms)
[RANK1] 4W @ 1204.90185546875 (ms) to 1288.525634765625 (ms), cudaEventElapsed = 83.59117126464844 (ms)
[RANK1] Iteration 3
[RANK1] F @ 29.70068359375 (ms) to 61.574951171875 (ms), cudaEventElapsed = 31.83545684814453 (ms)
[RANK1] F @ 61.989990234375 (ms) to 96.063720703125 (ms), cudaEventElapsed = 34.03859329223633 (ms)
[RANK1] F @ 96.47900390625 (ms) to 133.553466796875 (ms), cudaEventElapsed = 37.03948974609375 (ms)
[RANK1] F @ 133.8740234375 (ms) to 170.285400390625 (ms), cudaEventElapsed = 36.37385559082031 (ms)
[RANK1] F @ 172.09814453125 (ms) to 208.0791015625 (ms), cudaEventElapsed = 35.942718505859375 (ms)
[RANK1] B @ 225.4931640625 (ms) to 267.3740234375 (ms), cudaEventElapsed = 41.8350715637207 (ms)
[RANK1] F @ 267.77734375 (ms) to 300.765869140625 (ms), cudaEventElapsed = 32.953216552734375 (ms)
[RANK1] B @ 304.408935546875 (ms) to 347.8447265625 (ms), cudaEventElapsed = 43.395713806152344 (ms)
[RANK1] F @ 349.220458984375 (ms) to 383.20458984375 (ms), cudaEventElapsed = 33.94688034057617 (ms)
[RANK1] B @ 384.658935546875 (ms) to 428.222412109375 (ms), cudaEventElapsed = 43.52540969848633 (ms)
[RANK1] F @ 428.58642578125 (ms) to 462.70947265625 (ms), cudaEventElapsed = 34.084896087646484 (ms)
[RANK1] B @ 464.798828125 (ms) to 508.3896484375 (ms), cudaEventElapsed = 43.55148696899414 (ms)
[RANK1] W @ 508.65869140625 (ms) to 529.9873046875 (ms), cudaEventElapsed = 21.176319122314453 (ms)
[RANK1] F @ 530.175048828125 (ms) to 563.904541015625 (ms), cudaEventElapsed = 33.697662353515625 (ms)
[RANK1] B @ 565.3056640625 (ms) to 610.501220703125 (ms), cudaEventElapsed = 45.160831451416016 (ms)
[RANK1] B @ 624.99072265625 (ms) to 665.595458984375 (ms), cudaEventElapsed = 40.563392639160156 (ms)
[RANK1] W @ 665.787353515625 (ms) to 685.313232421875 (ms), cudaEventElapsed = 19.490816116333008 (ms)
[RANK1] F @ 685.59619140625 (ms) to 719.380126953125 (ms), cudaEventElapsed = 33.75321578979492 (ms)
[RANK1] B @ 728.746337890625 (ms) to 772.0986328125 (ms), cudaEventElapsed = 43.3125114440918 (ms)
[RANK1] B @ 773.69482421875 (ms) to 814.940673828125 (ms), cudaEventElapsed = 41.208065032958984 (ms)
[RANK1] W @ 815.131591796875 (ms) to 835.156494140625 (ms), cudaEventElapsed = 19.982336044311523 (ms)
[RANK1] F @ 835.428466796875 (ms) to 870.056396484375 (ms), cudaEventElapsed = 34.59590530395508 (ms)
[RANK1] B @ 870.98974609375 (ms) to 916.063232421875 (ms), cudaEventElapsed = 45.03958511352539 (ms)
[RANK1] W @ 916.332275390625 (ms) to 939.09521484375 (ms), cudaEventElapsed = 21.6494083404541 (ms)
[RANK1] F @ 939.396484375 (ms) to 974.04443359375 (ms), cudaEventElapsed = 34.61564636230469 (ms)
[RANK1] B @ 975.811767578125 (ms) to 1019.88720703125 (ms), cudaEventElapsed = 44.03446578979492 (ms)
[RANK1] W @ 1020.090087890625 (ms) to 1041.219970703125 (ms), cudaEventElapsed = 21.091327667236328 (ms)
[RANK1] W @ 1041.40771484375 (ms) to 1062.858642578125 (ms), cudaEventElapsed = 21.4149112701416 (ms)
[RANK1] B @ 1078.148681640625 (ms) to 1118.50927734375 (ms), cudaEventElapsed = 40.32668685913086 (ms)
[RANK1] W @ 1118.701904296875 (ms) to 1138.36767578125 (ms), cudaEventElapsed = 19.63520050048828 (ms)
[RANK1] W @ 1138.5517578125 (ms) to 1159.803955078125 (ms), cudaEventElapsed = 21.223424911499023 (ms)
[RANK1] B @ 1164.143798828125 (ms) to 1206.04736328125 (ms), cudaEventElapsed = 41.87094497680664 (ms)
[RANK1] 4W @ 1206.25048828125 (ms) to 1289.111083984375 (ms), cudaEventElapsed = 82.82931518554688 (ms)
[RANK1] Iteration 4
[RANK1] F @ 29.600830078125 (ms) to 61.5654296875 (ms), cudaEventElapsed = 31.924959182739258 (ms)
[RANK1] F @ 62.010009765625 (ms) to 96.51708984375 (ms), cudaEventElapsed = 34.472862243652344 (ms)
[RANK1] F @ 96.966796875 (ms) to 133.436767578125 (ms), cudaEventElapsed = 36.434017181396484 (ms)
[RANK1] F @ 133.779296875 (ms) to 169.8916015625 (ms), cudaEventElapsed = 36.079166412353516 (ms)
[RANK1] F @ 171.744384765625 (ms) to 208.118408203125 (ms), cudaEventElapsed = 36.32912063598633 (ms)
[RANK1] B @ 227.5693359375 (ms) to 269.33154296875 (ms), cudaEventElapsed = 41.71712112426758 (ms)
[RANK1] F @ 269.743408203125 (ms) to 304.971435546875 (ms), cudaEventElapsed = 35.18588638305664 (ms)
[RANK1] B @ 308.74462890625 (ms) to 354.00146484375 (ms), cudaEventElapsed = 45.216800689697266 (ms)
[RANK1] F @ 355.398681640625 (ms) to 391.3330078125 (ms), cudaEventElapsed = 35.88934326171875 (ms)
[RANK1] B @ 391.673095703125 (ms) to 436.651123046875 (ms), cudaEventElapsed = 44.94192123413086 (ms)
[RANK1] F @ 437.032958984375 (ms) to 473.019287109375 (ms), cudaEventElapsed = 35.950782775878906 (ms)
[RANK1] B @ 474.50537109375 (ms) to 519.30126953125 (ms), cudaEventElapsed = 44.758689880371094 (ms)
[RANK1] W @ 519.58154296875 (ms) to 542.9677734375 (ms), cudaEventElapsed = 23.197696685791016 (ms)
[RANK1] F @ 543.138916015625 (ms) to 581.5654296875 (ms), cudaEventElapsed = 38.395263671875 (ms)
[RANK1] B @ 583.118408203125 (ms) to 630.880126953125 (ms), cudaEventElapsed = 47.7256965637207 (ms)
[RANK1] B @ 639.014892578125 (ms) to 682.551513671875 (ms), cudaEventElapsed = 43.49577713012695 (ms)
[RANK1] W @ 682.758056640625 (ms) to 705.386962890625 (ms), cudaEventElapsed = 22.592512130737305 (ms)
[RANK1] F @ 705.68212890625 (ms) to 745.8857421875 (ms), cudaEventElapsed = 40.1710090637207 (ms)
[RANK1] B @ 749.608154296875 (ms) to 796.609130859375 (ms), cudaEventElapsed = 46.95891189575195 (ms)
[RANK1] B @ 798.062255859375 (ms) to 842.161376953125 (ms), cudaEventElapsed = 44.05376052856445 (ms)
[RANK1] W @ 842.347412109375 (ms) to 865.278564453125 (ms), cudaEventElapsed = 22.89459228515625 (ms)
[RANK1] F @ 865.57275390625 (ms) to 907.6142578125 (ms), cudaEventElapsed = 42.008544921875 (ms)
[RANK1] B @ 907.94921875 (ms) to 956.063232421875 (ms), cudaEventElapsed = 48.078369140625 (ms)
[RANK1] W @ 956.3232421875 (ms) to 981.15673828125 (ms), cudaEventElapsed = 23.67180824279785 (ms)
[RANK1] F @ 981.447021484375 (ms) to 1019.716552734375 (ms), cudaEventElapsed = 38.23865509033203 (ms)
[RANK1] B @ 1025.305908203125 (ms) to 1069.9541015625 (ms), cudaEventElapsed = 44.60899353027344 (ms)
[RANK1] W @ 1070.14892578125 (ms) to 1093.5537109375 (ms), cudaEventElapsed = 23.366655349731445 (ms)
[RANK1] W @ 1093.760498046875 (ms) to 1121.973876953125 (ms), cudaEventElapsed = 28.181503295898438 (ms)
[RANK1] B @ 1134.930908203125 (ms) to 1179.712890625 (ms), cudaEventElapsed = 44.74687957763672 (ms)
[RANK1] W @ 1179.914306640625 (ms) to 1202.389404296875 (ms), cudaEventElapsed = 22.43788719177246 (ms)
[RANK1] W @ 1202.5791015625 (ms) to 1228.756103515625 (ms), cudaEventElapsed = 26.14579200744629 (ms)
[RANK1] B @ 1233.590576171875 (ms) to 1280.223876953125 (ms), cudaEventElapsed = 46.5994873046875 (ms)
[RANK1] 4W @ 1280.4140625 (ms) to 1383.2578125 (ms), cudaEventElapsed = 102.80550384521484 (ms)
[RANK1] Iteration 5
[RANK1] F @ 29.696044921875 (ms) to 61.591064453125 (ms), cudaEventElapsed = 31.856992721557617 (ms)
[RANK1] F @ 62.012939453125 (ms) to 96.720703125 (ms), cudaEventElapsed = 34.6743049621582 (ms)
[RANK1] F @ 97.140869140625 (ms) to 134.42919921875 (ms), cudaEventElapsed = 37.25484848022461 (ms)
[RANK1] F @ 134.7724609375 (ms) to 171.60107421875 (ms), cudaEventElapsed = 36.791969299316406 (ms)
[RANK1] F @ 173.52978515625 (ms) to 209.502685546875 (ms), cudaEventElapsed = 35.92521667480469 (ms)
[RANK1] B @ 226.27197265625 (ms) to 269.013427734375 (ms), cudaEventElapsed = 42.6932487487793 (ms)
[RANK1] F @ 269.42822265625 (ms) to 304.7802734375 (ms), cudaEventElapsed = 35.316673278808594 (ms)
[RANK1] B @ 308.94189453125 (ms) to 353.695556640625 (ms), cudaEventElapsed = 44.71187210083008 (ms)
[RANK1] F @ 355.156494140625 (ms) to 390.47021484375 (ms), cudaEventElapsed = 35.27423858642578 (ms)
[RANK1] B @ 392.68115234375 (ms) to 437.057861328125 (ms), cudaEventElapsed = 44.33820724487305 (ms)
[RANK1] F @ 437.4541015625 (ms) to 473.720947265625 (ms), cudaEventElapsed = 36.22911834716797 (ms)
[RANK1] B @ 475.598388671875 (ms) to 520.246337890625 (ms), cudaEventElapsed = 44.604896545410156 (ms)
[RANK1] W @ 520.577392578125 (ms) to 544.13232421875 (ms), cudaEventElapsed = 23.373823165893555 (ms)
[RANK1] F @ 544.313720703125 (ms) to 582.27197265625 (ms), cudaEventElapsed = 37.926048278808594 (ms)
[RANK1] B @ 583.78369140625 (ms) to 631.136962890625 (ms), cudaEventElapsed = 47.3177604675293 (ms)
[RANK1] B @ 641.452880859375 (ms) to 684.0927734375 (ms), cudaEventElapsed = 42.59791946411133 (ms)
[RANK1] W @ 684.2939453125 (ms) to 707.10546875 (ms), cudaEventElapsed = 22.770687103271484 (ms)
[RANK1] F @ 707.40087890625 (ms) to 746.68505859375 (ms), cudaEventElapsed = 39.25183868408203 (ms)
[RANK1] B @ 751.7060546875 (ms) to 797.760986328125 (ms), cudaEventElapsed = 46.0134391784668 (ms)
[RANK1] B @ 799.149658203125 (ms) to 843.1767578125 (ms), cudaEventElapsed = 43.98953628540039 (ms)
[RANK1] W @ 843.363525390625 (ms) to 866.344482421875 (ms), cudaEventElapsed = 22.945791244506836 (ms)
[RANK1] F @ 866.651611328125 (ms) to 908.761962890625 (ms), cudaEventElapsed = 42.079071044921875 (ms)
[RANK1] B @ 909.0791015625 (ms) to 957.2353515625 (ms), cudaEventElapsed = 48.119041442871094 (ms)
[RANK1] W @ 957.506591796875 (ms) to 982.16015625 (ms), cudaEventElapsed = 23.52947235107422 (ms)
[RANK1] F @ 982.46044921875 (ms) to 1021.35107421875 (ms), cudaEventElapsed = 38.858848571777344 (ms)
[RANK1] B @ 1026.54296875 (ms) to 1071.585693359375 (ms), cudaEventElapsed = 44.99808120727539 (ms)
[RANK1] W @ 1071.77099609375 (ms) to 1095.499755859375 (ms), cudaEventElapsed = 23.69228744506836 (ms)
[RANK1] W @ 1095.6962890625 (ms) to 1123.55078125 (ms), cudaEventElapsed = 27.823104858398438 (ms)
[RANK1] B @ 1136.746826171875 (ms) to 1181.27197265625 (ms), cudaEventElapsed = 44.490848541259766 (ms)
[RANK1] W @ 1181.454345703125 (ms) to 1203.848876953125 (ms), cudaEventElapsed = 22.358015060424805 (ms)
[RANK1] W @ 1204.032958984375 (ms) to 1231.140380859375 (ms), cudaEventElapsed = 27.076608657836914 (ms)
[RANK1] B @ 1235.429443359375 (ms) to 1281.701416015625 (ms), cudaEventElapsed = 46.240318298339844 (ms)
[RANK1] 4W @ 1281.87548828125 (ms) to 1385.8505859375 (ms), cudaEventElapsed = 103.93804931640625 (ms)
[RANK1] Iteration 6
[RANK1] F @ 29.883056640625 (ms) to 61.981689453125 (ms), cudaEventElapsed = 32.05958557128906 (ms)
[RANK1] F @ 62.41552734375 (ms) to 96.646728515625 (ms), cudaEventElapsed = 34.19366455078125 (ms)
[RANK1] F @ 97.072265625 (ms) to 133.802490234375 (ms), cudaEventElapsed = 36.692352294921875 (ms)
[RANK1] F @ 134.166259765625 (ms) to 170.526611328125 (ms), cudaEventElapsed = 36.3265266418457 (ms)
[RANK1] F @ 172.568115234375 (ms) to 208.86669921875 (ms), cudaEventElapsed = 36.25996780395508 (ms)
[RANK1] B @ 226.34326171875 (ms) to 269.13623046875 (ms), cudaEventElapsed = 42.74313735961914 (ms)
[RANK1] F @ 269.5625 (ms) to 305.219482421875 (ms), cudaEventElapsed = 35.62080001831055 (ms)
[RANK1] B @ 308.37939453125 (ms) to 352.570556640625 (ms), cudaEventElapsed = 44.14944076538086 (ms)
[RANK1] F @ 354.0498046875 (ms) to 389.8701171875 (ms), cudaEventElapsed = 35.779998779296875 (ms)
[RANK1] B @ 392.11279296875 (ms) to 436.73974609375 (ms), cudaEventElapsed = 44.58902359008789 (ms)
[RANK1] F @ 437.129638671875 (ms) to 473.379638671875 (ms), cudaEventElapsed = 36.21206283569336 (ms)
[RANK1] B @ 475.083984375 (ms) to 520.187744140625 (ms), cudaEventElapsed = 45.06467056274414 (ms)
[RANK1] W @ 520.468505859375 (ms) to 544.701904296875 (ms), cudaEventElapsed = 24.070144653320312 (ms)
[RANK1] F @ 544.873046875 (ms) to 582.045166015625 (ms), cudaEventElapsed = 37.14057540893555 (ms)
[RANK1] B @ 583.518310546875 (ms) to 630.49267578125 (ms), cudaEventElapsed = 46.93779373168945 (ms)
[RANK1] B @ 639.687255859375 (ms) to 682.945556640625 (ms), cudaEventElapsed = 43.21769714355469 (ms)
[RANK1] W @ 683.13623046875 (ms) to 705.7744140625 (ms), cudaEventElapsed = 22.602752685546875 (ms)
[RANK1] F @ 706.072265625 (ms) to 744.6455078125 (ms), cudaEventElapsed = 38.541439056396484 (ms)
[RANK1] B @ 751.0546875 (ms) to 796.9482421875 (ms), cudaEventElapsed = 45.85270309448242 (ms)
[RANK1] B @ 798.431884765625 (ms) to 842.39013671875 (ms), cudaEventElapsed = 43.917152404785156 (ms)
[RANK1] W @ 842.594482421875 (ms) to 866.116943359375 (ms), cudaEventElapsed = 23.48851203918457 (ms)
[RANK1] F @ 866.434814453125 (ms) to 908.22119140625 (ms), cudaEventElapsed = 41.753150939941406 (ms)
[RANK1] B @ 908.56689453125 (ms) to 957.658935546875 (ms), cudaEventElapsed = 49.05558395385742 (ms)
[RANK1] W @ 957.919677734375 (ms) to 983.61083984375 (ms), cudaEventElapsed = 24.581119537353516 (ms)
[RANK1] F @ 983.903564453125 (ms) to 1022.15869140625 (ms), cudaEventElapsed = 38.22224044799805 (ms)
[RANK1] B @ 1026.125244140625 (ms) to 1070.759765625 (ms), cudaEventElapsed = 44.59539031982422 (ms)
[RANK1] W @ 1070.9482421875 (ms) to 1093.585693359375 (ms), cudaEventElapsed = 22.599679946899414 (ms)
[RANK1] W @ 1093.7705078125 (ms) to 1123.610595703125 (ms), cudaEventElapsed = 29.809663772583008 (ms)
[RANK1] B @ 1136.21240234375 (ms) to 1181.14990234375 (ms), cudaEventElapsed = 44.90361785888672 (ms)
[RANK1] W @ 1181.342041015625 (ms) to 1204.49609375 (ms), cudaEventElapsed = 23.10348892211914 (ms)
[RANK1] W @ 1204.674072265625 (ms) to 1231.346923828125 (ms), cudaEventElapsed = 26.643455505371094 (ms)
[RANK1] B @ 1234.35791015625 (ms) to 1282.13623046875 (ms), cudaEventElapsed = 47.74473571777344 (ms)
[RANK1] 4W @ 1282.32470703125 (ms) to 1386.98193359375 (ms), cudaEventElapsed = 104.61901092529297 (ms)
[RANK1] Iteration 7
[RANK1] F @ 26.603271484375 (ms) to 56.6806640625 (ms), cudaEventElapsed = 30.042367935180664 (ms)
[RANK1] F @ 57.1435546875 (ms) to 89.859619140625 (ms), cudaEventElapsed = 32.67059326171875 (ms)
[RANK1] F @ 90.296630859375 (ms) to 125.869384765625 (ms), cudaEventElapsed = 35.537696838378906 (ms)
[RANK1] F @ 126.18701171875 (ms) to 161.441650390625 (ms), cudaEventElapsed = 35.220481872558594 (ms)
[RANK1] F @ 163.389892578125 (ms) to 197.630126953125 (ms), cudaEventElapsed = 34.20159912109375 (ms)
[RANK1] F @ 198.066162109375 (ms) to 232.5888671875 (ms), cudaEventElapsed = 34.48976135253906 (ms)
[RANK1] F @ 233.04833984375 (ms) to 267.755126953125 (ms), cudaEventElapsed = 34.670143127441406 (ms)
[RANK1] F @ 268.07177734375 (ms) to 302.740234375 (ms), cudaEventElapsed = 34.632511138916016 (ms)
[RANK1] F @ 304.824462890625 (ms) to 338.693359375 (ms), cudaEventElapsed = 33.82476806640625 (ms)
[RANK1] F @ 340.614990234375 (ms) to 374.581787109375 (ms), cudaEventElapsed = 33.93427276611328 (ms)
[RANK1] F @ 376.5537109375 (ms) to 410.70751953125 (ms), cudaEventElapsed = 34.120574951171875 (ms)
[RANK1] F @ 412.1982421875 (ms) to 446.83740234375 (ms), cudaEventElapsed = 34.607521057128906 (ms)
