[RANK2] Iteration 1
[RANK2] F @ 174.392578125 (ms) to 206.516845703125 (ms), cudaEventElapsed = 32.07049560546875 (ms)
[RANK2] F @ 257.731201171875 (ms) to 289.420166015625 (ms), cudaEventElapsed = 31.62495994567871 (ms)
[RANK2] F @ 291.98681640625 (ms) to 326.81884765625 (ms), cudaEventElapsed = 34.79199981689453 (ms)
[RANK2] B @ 516.714111328125 (ms) to 556.720703125 (ms), cudaEventElapsed = 39.941951751708984 (ms)
[RANK2] F @ 561.8095703125 (ms) to 593.92724609375 (ms), cudaEventElapsed = 31.948575973510742 (ms)
[RANK2] B @ 594.253662109375 (ms) to 639.1015625 (ms), cudaEventElapsed = 44.813758850097656 (ms)
[RANK2] F @ 640.505126953125 (ms) to 675.00830078125 (ms), cudaEventElapsed = 34.45878219604492 (ms)
[RANK2] B @ 675.34375 (ms) to 719.829345703125 (ms), cudaEventElapsed = 44.446624755859375 (ms)
[RANK2] F @ 721.22509765625 (ms) to 755.47607421875 (ms), cudaEventElapsed = 33.842464447021484 (ms)
[RANK2] B @ 755.8515625 (ms) to 800.4384765625 (ms), cudaEventElapsed = 44.54841613769531 (ms)
[RANK2] F @ 801.81982421875 (ms) to 836.279052734375 (ms), cudaEventElapsed = 33.75183868408203 (ms)
[RANK2] B @ 836.616943359375 (ms) to 1058.03662109375 (ms), cudaEventElapsed = 221.3684539794922 (ms)
[RANK2] F @ 1058.419677734375 (ms) to 1092.076904296875 (ms), cudaEventElapsed = 33.623104095458984 (ms)
[RANK2] B @ 1092.472412109375 (ms) to 1138.12548828125 (ms), cudaEventElapsed = 45.61228942871094 (ms)
[RANK2] W @ 1138.372314453125 (ms) to 1160.353759765625 (ms), cudaEventElapsed = 21.943296432495117 (ms)
[RANK2] F @ 1160.498291015625 (ms) to 1194.7568359375 (ms), cudaEventElapsed = 34.22633743286133 (ms)
[RANK2] B @ 1196.2314453125 (ms) to 1241.10986328125 (ms), cudaEventElapsed = 44.839839935302734 (ms)
[RANK2] B @ 1242.406005859375 (ms) to 1284.858642578125 (ms), cudaEventElapsed = 42.41804885864258 (ms)
[RANK2] W @ 1285.023681640625 (ms) to 1305.192138671875 (ms), cudaEventElapsed = 20.135936737060547 (ms)
[RANK2] F @ 1305.89013671875 (ms) to 1339.10205078125 (ms), cudaEventElapsed = 33.174720764160156 (ms)
[RANK2] B @ 1339.407958984375 (ms) to 1384.101318359375 (ms), cudaEventElapsed = 44.655582427978516 (ms)
[RANK2] W @ 1384.327880859375 (ms) to 1406.517578125 (ms), cudaEventElapsed = 21.189632415771484 (ms)
[RANK2] F @ 1406.787353515625 (ms) to 1440.037353515625 (ms), cudaEventElapsed = 33.207359313964844 (ms)
[RANK2] B @ 1440.3203125 (ms) to 1484.504638671875 (ms), cudaEventElapsed = 44.15296173095703 (ms)
[RANK2] W @ 1484.72314453125 (ms) to 1507.046142578125 (ms), cudaEventElapsed = 21.190656661987305 (ms)
[RANK2] F @ 1507.29541015625 (ms) to 1540.393798828125 (ms), cudaEventElapsed = 33.06825637817383 (ms)
[RANK2] B @ 1540.665771484375 (ms) to 1584.9326171875 (ms), cudaEventElapsed = 44.23721694946289 (ms)
[RANK2] W @ 1585.06591796875 (ms) to 1606.538818359375 (ms), cudaEventElapsed = 21.437440872192383 (ms)
[RANK2] W @ 1606.68603515625 (ms) to 1628.0654296875 (ms), cudaEventElapsed = 21.338111877441406 (ms)
[RANK2] B @ 1628.188232421875 (ms) to 1670.818115234375 (ms), cudaEventElapsed = 42.60220718383789 (ms)
[RANK2] 6W @ 1670.955810546875 (ms) to 1798.592041015625 (ms), cudaEventElapsed = 127.6078109741211 (ms)
[RANK2] Iteration 2
[RANK2] F @ 65.830078125 (ms) to 98.0166015625 (ms), cudaEventElapsed = 32.14780807495117 (ms)
[RANK2] F @ 100.203369140625 (ms) to 133.19482421875 (ms), cudaEventElapsed = 32.95862579345703 (ms)
[RANK2] F @ 137.3173828125 (ms) to 173.31591796875 (ms), cudaEventElapsed = 35.962432861328125 (ms)
[RANK2] B @ 177.619140625 (ms) to 222.15966796875 (ms), cudaEventElapsed = 44.49750518798828 (ms)
[RANK2] F @ 222.62255859375 (ms) to 256.74755859375 (ms), cudaEventElapsed = 34.07145690917969 (ms)
[RANK2] B @ 257.089599609375 (ms) to 301.300048828125 (ms), cudaEventElapsed = 44.17817687988281 (ms)
[RANK2] F @ 302.680419921875 (ms) to 336.990234375 (ms), cudaEventElapsed = 34.26710510253906 (ms)
[RANK2] B @ 337.347900390625 (ms) to 381.5859375 (ms), cudaEventElapsed = 44.205726623535156 (ms)
[RANK2] F @ 382.953125 (ms) to 417.078857421875 (ms), cudaEventElapsed = 34.0860481262207 (ms)
[RANK2] B @ 417.418701171875 (ms) to 462.01708984375 (ms), cudaEventElapsed = 44.56787109375 (ms)
[RANK2] F @ 463.453125 (ms) to 497.477294921875 (ms), cudaEventElapsed = 33.97328186035156 (ms)
[RANK2] B @ 497.81689453125 (ms) to 542.065673828125 (ms), cudaEventElapsed = 44.2174072265625 (ms)
[RANK2] F @ 542.428466796875 (ms) to 576.245361328125 (ms), cudaEventElapsed = 33.78371047973633 (ms)
[RANK2] B @ 576.64111328125 (ms) to 621.30810546875 (ms), cudaEventElapsed = 44.634559631347656 (ms)
[RANK2] W @ 621.561767578125 (ms) to 642.9814453125 (ms), cudaEventElapsed = 21.385215759277344 (ms)
[RANK2] F @ 643.15185546875 (ms) to 676.985107421875 (ms), cudaEventElapsed = 33.802433013916016 (ms)
[RANK2] B @ 678.411376953125 (ms) to 722.616455078125 (ms), cudaEventElapsed = 44.171199798583984 (ms)
[RANK2] B @ 723.98681640625 (ms) to 766.3134765625 (ms), cudaEventElapsed = 42.2911376953125 (ms)
[RANK2] W @ 766.493408203125 (ms) to 786.67236328125 (ms), cudaEventElapsed = 20.144128799438477 (ms)
[RANK2] F @ 786.96044921875 (ms) to 821.120361328125 (ms), cudaEventElapsed = 34.1288948059082 (ms)
[RANK2] B @ 821.42529296875 (ms) to 866.669189453125 (ms), cudaEventElapsed = 45.213470458984375 (ms)
[RANK2] W @ 866.9013671875 (ms) to 889.44384765625 (ms), cudaEventElapsed = 21.444608688354492 (ms)
[RANK2] F @ 889.730224609375 (ms) to 924.05712890625 (ms), cudaEventElapsed = 34.297279357910156 (ms)
[RANK2] B @ 924.384033203125 (ms) to 971.95947265625 (ms), cudaEventElapsed = 47.543487548828125 (ms)
[RANK2] W @ 972.20947265625 (ms) to 995.30810546875 (ms), cudaEventElapsed = 22.06719970703125 (ms)
[RANK2] F @ 995.585693359375 (ms) to 1029.592041015625 (ms), cudaEventElapsed = 33.97612762451172 (ms)
[RANK2] B @ 1029.927734375 (ms) to 1074.586669921875 (ms), cudaEventElapsed = 44.627262115478516 (ms)
[RANK2] W @ 1074.754638671875 (ms) to 1096.177490234375 (ms), cudaEventElapsed = 21.387264251708984 (ms)
[RANK2] W @ 1096.364990234375 (ms) to 1117.65234375 (ms), cudaEventElapsed = 21.25721549987793 (ms)
[RANK2] B @ 1117.802001953125 (ms) to 1160.453369140625 (ms), cudaEventElapsed = 42.622528076171875 (ms)
[RANK2] 6W @ 1160.62744140625 (ms) to 1289.050537109375 (ms), cudaEventElapsed = 128.38706970214844 (ms)
[RANK2] Iteration 3
[RANK2] F @ 64.982421875 (ms) to 97.1416015625 (ms), cudaEventElapsed = 32.11769485473633 (ms)
[RANK2] F @ 99.29931640625 (ms) to 133.64599609375 (ms), cudaEventElapsed = 34.31158447265625 (ms)
[RANK2] F @ 136.669189453125 (ms) to 173.607421875 (ms), cudaEventElapsed = 36.90060806274414 (ms)
[RANK2] B @ 177.90478515625 (ms) to 222.933837890625 (ms), cudaEventElapsed = 44.991294860839844 (ms)
[RANK2] F @ 223.302734375 (ms) to 257.16845703125 (ms), cudaEventElapsed = 33.83078384399414 (ms)
[RANK2] B @ 257.49365234375 (ms) to 301.97509765625 (ms), cudaEventElapsed = 44.45033645629883 (ms)
[RANK2] F @ 303.322509765625 (ms) to 337.40087890625 (ms), cudaEventElapsed = 34.04172897338867 (ms)
[RANK2] B @ 337.730224609375 (ms) to 382.217529296875 (ms), cudaEventElapsed = 44.45471954345703 (ms)
[RANK2] F @ 383.552001953125 (ms) to 417.455322265625 (ms), cudaEventElapsed = 33.866912841796875 (ms)
[RANK2] B @ 417.78076171875 (ms) to 462.37890625 (ms), cudaEventElapsed = 44.56582260131836 (ms)
[RANK2] F @ 463.881103515625 (ms) to 497.890380859375 (ms), cudaEventElapsed = 33.96876907348633 (ms)
[RANK2] B @ 498.2294921875 (ms) to 542.967529296875 (ms), cudaEventElapsed = 44.70636749267578 (ms)
[RANK2] F @ 543.343505859375 (ms) to 577.48583984375 (ms), cudaEventElapsed = 34.104286193847656 (ms)
[RANK2] B @ 577.90234375 (ms) to 622.583740234375 (ms), cudaEventElapsed = 44.64863967895508 (ms)
[RANK2] W @ 622.842041015625 (ms) to 644.362060546875 (ms), cudaEventElapsed = 21.48044776916504 (ms)
[RANK2] F @ 644.526123046875 (ms) to 678.86962890625 (ms), cudaEventElapsed = 34.31254577636719 (ms)
[RANK2] B @ 680.27197265625 (ms) to 725.12890625 (ms), cudaEventElapsed = 44.824703216552734 (ms)
[RANK2] B @ 726.417724609375 (ms) to 768.93701171875 (ms), cudaEventElapsed = 42.48444747924805 (ms)
[RANK2] W @ 769.3564453125 (ms) to 789.72216796875 (ms), cudaEventElapsed = 20.334592819213867 (ms)
[RANK2] F @ 790.003662109375 (ms) to 823.642822265625 (ms), cudaEventElapsed = 33.59916687011719 (ms)
[RANK2] B @ 823.970947265625 (ms) to 868.615234375 (ms), cudaEventElapsed = 44.61296081542969 (ms)
[RANK2] W @ 868.8525390625 (ms) to 891.03076171875 (ms), cudaEventElapsed = 21.156864166259766 (ms)
[RANK2] F @ 891.309326171875 (ms) to 925.7177734375 (ms), cudaEventElapsed = 34.37788772583008 (ms)
[RANK2] B @ 926.036865234375 (ms) to 973.33154296875 (ms), cudaEventElapsed = 47.26291275024414 (ms)
[RANK2] W @ 973.569091796875 (ms) to 996.466796875 (ms), cudaEventElapsed = 21.88697624206543 (ms)
[RANK2] F @ 996.73876953125 (ms) to 1030.816162109375 (ms), cudaEventElapsed = 34.0478401184082 (ms)
[RANK2] B @ 1031.1474609375 (ms) to 1075.762939453125 (ms), cudaEventElapsed = 44.5819206237793 (ms)
[RANK2] W @ 1075.931396484375 (ms) to 1097.330078125 (ms), cudaEventElapsed = 21.363712310791016 (ms)
[RANK2] W @ 1097.503662109375 (ms) to 1118.851318359375 (ms), cudaEventElapsed = 21.31865692138672 (ms)
[RANK2] B @ 1118.99267578125 (ms) to 1161.750732421875 (ms), cudaEventElapsed = 42.72892761230469 (ms)
[RANK2] 6W @ 1161.941162109375 (ms) to 1289.502685546875 (ms), cudaEventElapsed = 127.52690887451172 (ms)
[RANK2] Iteration 4
[RANK2] F @ 64.99169921875 (ms) to 97.1435546875 (ms), cudaEventElapsed = 32.111488342285156 (ms)
[RANK2] F @ 99.798828125 (ms) to 133.621826171875 (ms), cudaEventElapsed = 33.78556823730469 (ms)
[RANK2] F @ 136.5869140625 (ms) to 173.70947265625 (ms), cudaEventElapsed = 37.083072662353516 (ms)
[RANK2] B @ 178.47265625 (ms) to 224.157470703125 (ms), cudaEventElapsed = 45.640865325927734 (ms)
[RANK2] F @ 224.613525390625 (ms) to 260.098388671875 (ms), cudaEventElapsed = 35.44627380371094 (ms)
[RANK2] B @ 260.45654296875 (ms) to 305.65478515625 (ms), cudaEventElapsed = 45.1530876159668 (ms)
[RANK2] F @ 307.060791015625 (ms) to 342.537353515625 (ms), cudaEventElapsed = 35.439456939697266 (ms)
[RANK2] B @ 342.8935546875 (ms) to 388.24365234375 (ms), cudaEventElapsed = 45.31727981567383 (ms)
[RANK2] F @ 389.68212890625 (ms) to 425.3505859375 (ms), cudaEventElapsed = 35.631072998046875 (ms)
[RANK2] B @ 425.7001953125 (ms) to 471.3994140625 (ms), cudaEventElapsed = 45.66511917114258 (ms)
[RANK2] F @ 472.9521484375 (ms) to 508.541748046875 (ms), cudaEventElapsed = 35.551551818847656 (ms)
[RANK2] B @ 508.89501953125 (ms) to 554.46240234375 (ms), cudaEventElapsed = 45.53420639038086 (ms)
[RANK2] F @ 554.875732421875 (ms) to 590.517822265625 (ms), cudaEventElapsed = 35.60518264770508 (ms)
[RANK2] B @ 590.939697265625 (ms) to 636.5615234375 (ms), cudaEventElapsed = 45.58793640136719 (ms)
[RANK2] W @ 636.844970703125 (ms) to 660.919677734375 (ms), cudaEventElapsed = 24.034303665161133 (ms)
[RANK2] F @ 661.098388671875 (ms) to 698.5185546875 (ms), cudaEventElapsed = 37.38729476928711 (ms)
[RANK2] B @ 699.945068359375 (ms) to 745.943115234375 (ms), cudaEventElapsed = 45.96495819091797 (ms)
[RANK2] B @ 747.266357421875 (ms) to 792.03271484375 (ms), cudaEventElapsed = 44.72966384887695 (ms)
[RANK2] W @ 792.216796875 (ms) to 815.230224609375 (ms), cudaEventElapsed = 22.981632232666016 (ms)
[RANK2] F @ 815.535888671875 (ms) to 853.484619140625 (ms), cudaEventElapsed = 37.917057037353516 (ms)
[RANK2] B @ 853.813232421875 (ms) to 900.46142578125 (ms), cudaEventElapsed = 46.61692810058594 (ms)
[RANK2] W @ 900.71533203125 (ms) to 928.7724609375 (ms), cudaEventElapsed = 27.037696838378906 (ms)
[RANK2] F @ 929.07763671875 (ms) to 974.6435546875 (ms), cudaEventElapsed = 45.53241729736328 (ms)
[RANK2] B @ 974.978515625 (ms) to 1022.886962890625 (ms), cudaEventElapsed = 47.87772750854492 (ms)
[RANK2] W @ 1023.14111328125 (ms) to 1048.136962890625 (ms), cudaEventElapsed = 23.94316864013672 (ms)
[RANK2] F @ 1048.4482421875 (ms) to 1085.81103515625 (ms), cudaEventElapsed = 37.331329345703125 (ms)
[RANK2] B @ 1086.126708984375 (ms) to 1132.529052734375 (ms), cudaEventElapsed = 46.370399475097656 (ms)
[RANK2] W @ 1132.721923828125 (ms) to 1156.71875 (ms), cudaEventElapsed = 23.960575103759766 (ms)
[RANK2] W @ 1156.90234375 (ms) to 1183.064208984375 (ms), cudaEventElapsed = 26.13145637512207 (ms)
[RANK2] B @ 1183.21875 (ms) to 1231.2705078125 (ms), cudaEventElapsed = 48.02115249633789 (ms)
[RANK2] 6W @ 1231.44970703125 (ms) to 1388.566650390625 (ms), cudaEventElapsed = 157.08058166503906 (ms)
[RANK2] Iteration 5
[RANK2] F @ 65.022216796875 (ms) to 97.375244140625 (ms), cudaEventElapsed = 32.311710357666016 (ms)
[RANK2] F @ 99.99169921875 (ms) to 133.257080078125 (ms), cudaEventElapsed = 33.22832107543945 (ms)
[RANK2] F @ 137.557861328125 (ms) to 174.134033203125 (ms), cudaEventElapsed = 36.5404167175293 (ms)
[RANK2] B @ 178.406982421875 (ms) to 223.769287109375 (ms), cudaEventElapsed = 45.32438278198242 (ms)
[RANK2] F @ 224.160888671875 (ms) to 260.382568359375 (ms), cudaEventElapsed = 36.186622619628906 (ms)
[RANK2] B @ 260.737548828125 (ms) to 306.54638671875 (ms), cudaEventElapsed = 45.776607513427734 (ms)
[RANK2] F @ 307.8974609375 (ms) to 344.204833984375 (ms), cudaEventElapsed = 36.267486572265625 (ms)
[RANK2] B @ 344.5478515625 (ms) to 390.125 (ms), cudaEventElapsed = 45.54438400268555 (ms)
[RANK2] F @ 391.4970703125 (ms) to 427.1083984375 (ms), cudaEventElapsed = 35.567806243896484 (ms)
[RANK2] B @ 427.4541015625 (ms) to 473.11376953125 (ms), cudaEventElapsed = 45.627105712890625 (ms)
[RANK2] F @ 474.58349609375 (ms) to 510.24560546875 (ms), cudaEventElapsed = 35.62284851074219 (ms)
[RANK2] B @ 510.583251953125 (ms) to 556.353271484375 (ms), cudaEventElapsed = 45.727169036865234 (ms)
[RANK2] F @ 556.74365234375 (ms) to 592.74072265625 (ms), cudaEventElapsed = 35.96031951904297 (ms)
[RANK2] B @ 593.14794921875 (ms) to 639.056884765625 (ms), cudaEventElapsed = 45.87721633911133 (ms)
[RANK2] W @ 639.339111328125 (ms) to 663.1328125 (ms), cudaEventElapsed = 23.754751205444336 (ms)
[RANK2] F @ 663.3076171875 (ms) to 700.770751953125 (ms), cudaEventElapsed = 37.432769775390625 (ms)
[RANK2] B @ 702.14111328125 (ms) to 748.138916015625 (ms), cudaEventElapsed = 45.965087890625 (ms)
[RANK2] B @ 749.5224609375 (ms) to 794.57421875 (ms), cudaEventElapsed = 45.01443099975586 (ms)
[RANK2] W @ 794.753173828125 (ms) to 819.007080078125 (ms), cudaEventElapsed = 24.216575622558594 (ms)
[RANK2] F @ 819.306884765625 (ms) to 856.9951171875 (ms), cudaEventElapsed = 37.657920837402344 (ms)
[RANK2] B @ 857.30908203125 (ms) to 903.4892578125 (ms), cudaEventElapsed = 46.14966583251953 (ms)
[RANK2] W @ 903.728515625 (ms) to 930.083984375 (ms), cudaEventElapsed = 25.32863998413086 (ms)
[RANK2] F @ 930.393310546875 (ms) to 976.280029296875 (ms), cudaEventElapsed = 45.854400634765625 (ms)
[RANK2] B @ 976.58642578125 (ms) to 1024.125244140625 (ms), cudaEventElapsed = 47.507232666015625 (ms)
[RANK2] W @ 1024.366455078125 (ms) to 1049.347412109375 (ms), cudaEventElapsed = 23.90323257446289 (ms)
[RANK2] F @ 1049.6552734375 (ms) to 1087.60107421875 (ms), cudaEventElapsed = 37.91411209106445 (ms)
[RANK2] B @ 1087.912109375 (ms) to 1134.36083984375 (ms), cudaEventElapsed = 46.41609573364258 (ms)
[RANK2] W @ 1134.546142578125 (ms) to 1158.90771484375 (ms), cudaEventElapsed = 24.32512092590332 (ms)
[RANK2] W @ 1159.090087890625 (ms) to 1185.1826171875 (ms), cudaEventElapsed = 26.060800552368164 (ms)
[RANK2] B @ 1185.337890625 (ms) to 1233.165283203125 (ms), cudaEventElapsed = 47.798561096191406 (ms)
[RANK2] 6W @ 1233.336669921875 (ms) to 1391.918212890625 (ms), cudaEventElapsed = 158.5428466796875 (ms)
[RANK2] Iteration 6
[RANK2] F @ 65.47998046875 (ms) to 97.749267578125 (ms), cudaEventElapsed = 32.212127685546875 (ms)
[RANK2] F @ 99.902099609375 (ms) to 134.124755859375 (ms), cudaEventElapsed = 34.184608459472656 (ms)
[RANK2] F @ 136.99462890625 (ms) to 173.974609375 (ms), cudaEventElapsed = 36.941280364990234 (ms)
[RANK2] B @ 177.677490234375 (ms) to 223.824462890625 (ms), cudaEventElapsed = 46.1099853515625 (ms)
[RANK2] F @ 224.2109375 (ms) to 260.222412109375 (ms), cudaEventElapsed = 35.97603225708008 (ms)
[RANK2] B @ 260.578857421875 (ms) to 306.0185546875 (ms), cudaEventElapsed = 45.40800094604492 (ms)
[RANK2] F @ 307.39306640625 (ms) to 343.34033203125 (ms), cudaEventElapsed = 35.909950256347656 (ms)
[RANK2] B @ 343.674560546875 (ms) to 389.639892578125 (ms), cudaEventElapsed = 45.93251037597656 (ms)
[RANK2] F @ 390.961669921875 (ms) to 426.627685546875 (ms), cudaEventElapsed = 35.621150970458984 (ms)
[RANK2] B @ 427.17724609375 (ms) to 472.64892578125 (ms), cudaEventElapsed = 45.438846588134766 (ms)
[RANK2] F @ 474.090087890625 (ms) to 509.271728515625 (ms), cudaEventElapsed = 35.14227294921875 (ms)
[RANK2] B @ 509.605224609375 (ms) to 554.90478515625 (ms), cudaEventElapsed = 45.26704025268555 (ms)
[RANK2] F @ 555.279052734375 (ms) to 591.177490234375 (ms), cudaEventElapsed = 35.85001754760742 (ms)
[RANK2] B @ 591.595947265625 (ms) to 637.34716796875 (ms), cudaEventElapsed = 45.71836853027344 (ms)
[RANK2] W @ 637.61328125 (ms) to 661.2607421875 (ms), cudaEventElapsed = 23.612415313720703 (ms)
[RANK2] F @ 661.428466796875 (ms) to 699.54833984375 (ms), cudaEventElapsed = 38.08918380737305 (ms)
[RANK2] B @ 700.906005859375 (ms) to 747.37255859375 (ms), cudaEventElapsed = 46.43315124511719 (ms)
[RANK2] B @ 748.71435546875 (ms) to 793.5224609375 (ms), cudaEventElapsed = 44.76982498168945 (ms)
[RANK2] W @ 793.694091796875 (ms) to 816.882080078125 (ms), cudaEventElapsed = 23.150592803955078 (ms)
[RANK2] F @ 817.1689453125 (ms) to 855.446533203125 (ms), cudaEventElapsed = 38.247135162353516 (ms)
[RANK2] B @ 855.76611328125 (ms) to 902.58203125 (ms), cudaEventElapsed = 46.783103942871094 (ms)
[RANK2] W @ 902.81884765625 (ms) to 931.778564453125 (ms), cudaEventElapsed = 27.92857551574707 (ms)
[RANK2] F @ 932.103759765625 (ms) to 976.23486328125 (ms), cudaEventElapsed = 44.09795379638672 (ms)
[RANK2] B @ 976.5556640625 (ms) to 1023.70166015625 (ms), cudaEventElapsed = 47.11443328857422 (ms)
[RANK2] W @ 1023.935791015625 (ms) to 1049.408935546875 (ms), cudaEventElapsed = 24.46131134033203 (ms)
[RANK2] F @ 1049.709716796875 (ms) to 1087.29638671875 (ms), cudaEventElapsed = 37.55459213256836 (ms)
[RANK2] B @ 1087.606689453125 (ms) to 1133.875 (ms), cudaEventElapsed = 46.230751037597656 (ms)
[RANK2] W @ 1134.053955078125 (ms) to 1157.8720703125 (ms), cudaEventElapsed = 23.778303146362305 (ms)
[RANK2] W @ 1158.052490234375 (ms) to 1184.206298828125 (ms), cudaEventElapsed = 26.12428855895996 (ms)
[RANK2] B @ 1184.3740234375 (ms) to 1232.09326171875 (ms), cudaEventElapsed = 47.6894416809082 (ms)
[RANK2] 6W @ 1232.2626953125 (ms) to 1391.88427734375 (ms), cudaEventElapsed = 159.5863037109375 (ms)
[RANK2] Iteration 7
[RANK2] F @ 60.06201171875 (ms) to 90.421875 (ms), cudaEventElapsed = 30.31328010559082 (ms)
[RANK2] F @ 93.039794921875 (ms) to 124.617431640625 (ms), cudaEventElapsed = 31.540672302246094 (ms)
[RANK2] F @ 128.980712890625 (ms) to 163.756103515625 (ms), cudaEventElapsed = 34.73712158203125 (ms)
[RANK2] F @ 164.656005859375 (ms) to 199.529541015625 (ms), cudaEventElapsed = 34.811038970947266 (ms)
[RANK2] F @ 200.76025390625 (ms) to 236.03173828125 (ms), cudaEventElapsed = 35.22848129272461 (ms)
[RANK2] F @ 236.428955078125 (ms) to 271.83056640625 (ms), cudaEventElapsed = 35.36774444580078 (ms)
[RANK2] F @ 272.21044921875 (ms) to 307.26220703125 (ms), cudaEventElapsed = 35.01686477661133 (ms)
[RANK2] F @ 307.568115234375 (ms) to 341.68896484375 (ms), cudaEventElapsed = 34.08572769165039 (ms)
[RANK2] F @ 343.1220703125 (ms) to 377.52392578125 (ms), cudaEventElapsed = 34.364097595214844 (ms)
[RANK2] F @ 378.993408203125 (ms) to 413.560302734375 (ms), cudaEventElapsed = 34.52809524536133 (ms)
[RANK2] F @ 414.924072265625 (ms) to 449.36279296875 (ms), cudaEventElapsed = 34.400577545166016 (ms)
[RANK2] F @ 450.67236328125 (ms) to 485.0751953125 (ms), cudaEventElapsed = 34.35878372192383 (ms)
