[RANK2] Iteration 1
[RANK2] F @ 713.99267578125 (ms) to 925.552734375 (ms), cudaEventElapsed = 211.51026916503906 (ms)
[RANK2] F @ 927.289306640625 (ms) to 960.642578125 (ms), cudaEventElapsed = 33.3199348449707 (ms)
[RANK2] F @ 962.242431640625 (ms) to 999.1162109375 (ms), cudaEventElapsed = 36.84352111816406 (ms)
[RANK2] B @ 1558.882568359375 (ms) to 1612.00634765625 (ms), cudaEventElapsed = 53.09337615966797 (ms)
[RANK2] F @ 1613.371337890625 (ms) to 1645.4326171875 (ms), cudaEventElapsed = 32.033790588378906 (ms)
[RANK2] B @ 1647.0234375 (ms) to 1690.890869140625 (ms), cudaEventElapsed = 43.842559814453125 (ms)
[RANK2] F @ 1692.205810546875 (ms) to 1725.457275390625 (ms), cudaEventElapsed = 33.21958541870117 (ms)
[RANK2] B @ 1727.32861328125 (ms) to 1771.91357421875 (ms), cudaEventElapsed = 44.55116653442383 (ms)
[RANK2] F @ 1773.42822265625 (ms) to 1806.4638671875 (ms), cudaEventElapsed = 33.00249481201172 (ms)
[RANK2] B @ 1808.1962890625 (ms) to 1851.32763671875 (ms), cudaEventElapsed = 43.09913635253906 (ms)
[RANK2] F @ 1852.79931640625 (ms) to 1885.86181640625 (ms), cudaEventElapsed = 33.03116989135742 (ms)
[RANK2] B @ 1887.626220703125 (ms) to 1931.4853515625 (ms), cudaEventElapsed = 43.826175689697266 (ms)
[RANK2] F @ 1932.91943359375 (ms) to 1966.01611328125 (ms), cudaEventElapsed = 33.068031311035156 (ms)
[RANK2] B @ 1967.737548828125 (ms) to 2011.751953125 (ms), cudaEventElapsed = 43.98489761352539 (ms)
[RANK2] F @ 2013.162353515625 (ms) to 2046.46240234375 (ms), cudaEventElapsed = 33.27180862426758 (ms)
[RANK2] B @ 2048.129638671875 (ms) to 2093.024658203125 (ms), cudaEventElapsed = 44.8645133972168 (ms)
[RANK2] F @ 2094.5224609375 (ms) to 2127.772216796875 (ms), cudaEventElapsed = 33.2042236328125 (ms)
[RANK2] B @ 2129.276123046875 (ms) to 2172.892822265625 (ms), cudaEventElapsed = 43.59065628051758 (ms)
[RANK2] F @ 2174.160888671875 (ms) to 2207.130859375 (ms), cudaEventElapsed = 32.94617462158203 (ms)
[RANK2] B @ 2208.48779296875 (ms) to 2252.6845703125 (ms), cudaEventElapsed = 44.17228698730469 (ms)
[RANK2] F @ 2253.9365234375 (ms) to 2287.39111328125 (ms), cudaEventElapsed = 33.4284782409668 (ms)
[RANK2] B @ 2288.95458984375 (ms) to 2333.20947265625 (ms), cudaEventElapsed = 44.22758483886719 (ms)
[RANK2] W @ 2333.9580078125 (ms) to 2355.0146484375 (ms), cudaEventElapsed = 21.032960891723633 (ms)
[RANK2] B @ 2355.812744140625 (ms) to 2397.855712890625 (ms), cudaEventElapsed = 42.021888732910156 (ms)
[RANK2] W @ 2398.6298828125 (ms) to 2418.797607421875 (ms), cudaEventElapsed = 20.145151138305664 (ms)
[RANK2] B @ 2419.58935546875 (ms) to 2461.984375 (ms), cudaEventElapsed = 42.37004852294922 (ms)
[RANK2] 10W @ 2464.424072265625 (ms) to 2679.678466796875 (ms), cudaEventElapsed = 215.225341796875 (ms)
[RANK2] Iteration 2
[RANK2] F @ 72.71435546875 (ms) to 104.797607421875 (ms), cudaEventElapsed = 32.05427169799805 (ms)
[RANK2] F @ 107.481689453125 (ms) to 141.39111328125 (ms), cudaEventElapsed = 33.88108825683594 (ms)
[RANK2] F @ 145.2119140625 (ms) to 181.86572265625 (ms), cudaEventElapsed = 36.615169525146484 (ms)
[RANK2] B @ 189.269287109375 (ms) to 233.612548828125 (ms), cudaEventElapsed = 44.30643081665039 (ms)
[RANK2] F @ 235.04833984375 (ms) to 269.65673828125 (ms), cudaEventElapsed = 34.5794563293457 (ms)
[RANK2] B @ 271.6484375 (ms) to 316.969482421875 (ms), cudaEventElapsed = 45.26182556152344 (ms)
[RANK2] F @ 340.583740234375 (ms) to 373.0234375 (ms), cudaEventElapsed = 32.40038299560547 (ms)
[RANK2] B @ 374.704345703125 (ms) to 418.638916015625 (ms), cudaEventElapsed = 43.90604782104492 (ms)
[RANK2] F @ 422.63232421875 (ms) to 458.08203125 (ms), cudaEventElapsed = 35.42118453979492 (ms)
[RANK2] B @ 459.968994140625 (ms) to 505.330810546875 (ms), cudaEventElapsed = 45.3304328918457 (ms)
[RANK2] F @ 509.07080078125 (ms) to 544.561767578125 (ms), cudaEventElapsed = 35.46214294433594 (ms)
[RANK2] B @ 546.24609375 (ms) to 591.467041015625 (ms), cudaEventElapsed = 45.19219207763672 (ms)
[RANK2] F @ 592.984619140625 (ms) to 628.106689453125 (ms), cudaEventElapsed = 35.090431213378906 (ms)
[RANK2] B @ 629.856689453125 (ms) to 773.763916015625 (ms), cudaEventElapsed = 143.8771209716797 (ms)
[RANK2] F @ 776.394287109375 (ms) to 809.398193359375 (ms), cudaEventElapsed = 32.974849700927734 (ms)
[RANK2] B @ 811.570556640625 (ms) to 857.302978515625 (ms), cudaEventElapsed = 45.697025299072266 (ms)
[RANK2] F @ 859.295654296875 (ms) to 895.68798828125 (ms), cudaEventElapsed = 36.3581428527832 (ms)
[RANK2] B @ 898.519775390625 (ms) to 944.20458984375 (ms), cudaEventElapsed = 45.654014587402344 (ms)
[RANK2] F @ 945.66455078125 (ms) to 981.111572265625 (ms), cudaEventElapsed = 35.41606521606445 (ms)
[RANK2] B @ 982.8525390625 (ms) to 1028.432373046875 (ms), cudaEventElapsed = 45.539329528808594 (ms)
[RANK2] F @ 1029.73828125 (ms) to 1064.844970703125 (ms), cudaEventElapsed = 35.0832633972168 (ms)
[RANK2] B @ 1066.20751953125 (ms) to 1111.62548828125 (ms), cudaEventElapsed = 45.3939208984375 (ms)
[RANK2] W @ 1112.391845703125 (ms) to 1135.5556640625 (ms), cudaEventElapsed = 23.14240074157715 (ms)
[RANK2] B @ 1136.331787109375 (ms) to 1183.20654296875 (ms), cudaEventElapsed = 46.855167388916016 (ms)
[RANK2] W @ 1183.98388671875 (ms) to 1208.498779296875 (ms), cudaEventElapsed = 24.491008758544922 (ms)
[RANK2] B @ 1209.291015625 (ms) to 1255.865478515625 (ms), cudaEventElapsed = 46.55411148071289 (ms)
[RANK2] 10W @ 1257.86572265625 (ms) to 1524.677978515625 (ms), cudaEventElapsed = 266.7796630859375 (ms)
[RANK2] Iteration 3
[RANK2] F @ 70.97265625 (ms) to 102.6484375 (ms), cudaEventElapsed = 31.641599655151367 (ms)
[RANK2] F @ 110.037109375 (ms) to 143.717041015625 (ms), cudaEventElapsed = 33.651710510253906 (ms)
[RANK2] F @ 145.9609375 (ms) to 182.296142578125 (ms), cudaEventElapsed = 36.30284881591797 (ms)
[RANK2] F @ 185.76318359375 (ms) to 222.3212890625 (ms), cudaEventElapsed = 36.532222747802734 (ms)
[RANK2] F @ 223.70849609375 (ms) to 260.182373046875 (ms), cudaEventElapsed = 36.44416046142578 (ms)
[RANK2] F @ 262.997802734375 (ms) to 299.214111328125 (ms), cudaEventElapsed = 36.185089111328125 (ms)
[RANK2] F @ 300.9375 (ms) to 336.98828125 (ms), cudaEventElapsed = 36.0181770324707 (ms)
[RANK2] B @ 338.87744140625 (ms) to 384.382568359375 (ms), cudaEventElapsed = 45.473793029785156 (ms)
[RANK2] F @ 385.7099609375 (ms) to 421.083251953125 (ms), cudaEventElapsed = 35.344383239746094 (ms)
[RANK2] B @ 422.531982421875 (ms) to 468.383056640625 (ms), cudaEventElapsed = 45.82707214355469 (ms)
[RANK2] F @ 470.379638671875 (ms) to 505.881103515625 (ms), cudaEventElapsed = 35.476478576660156 (ms)
[RANK2] B @ 507.485595703125 (ms) to 553.5244140625 (ms), cudaEventElapsed = 46.01036834716797 (ms)
[RANK2] F @ 555.2724609375 (ms) to 590.628173828125 (ms), cudaEventElapsed = 35.32697677612305 (ms)
[RANK2] B @ 592.04443359375 (ms) to 664.1689453125 (ms), cudaEventElapsed = 72.09574127197266 (ms)
[RANK2] B @ 665.983642578125 (ms) to 709.8681640625 (ms), cudaEventElapsed = 43.853824615478516 (ms)
[RANK2] F @ 711.55322265625 (ms) to 747.212890625 (ms), cudaEventElapsed = 35.62700653076172 (ms)
[RANK2] B @ 748.60546875 (ms) to 794.744873046875 (ms), cudaEventElapsed = 46.10559844970703 (ms)
[RANK2] F @ 796.015869140625 (ms) to 831.2734375 (ms), cudaEventElapsed = 35.23481750488281 (ms)
[RANK2] B @ 832.6669921875 (ms) to 877.884765625 (ms), cudaEventElapsed = 45.19219207763672 (ms)
[RANK2] W @ 878.592041015625 (ms) to 901.83837890625 (ms), cudaEventElapsed = 23.224319458007812 (ms)
[RANK2] B @ 902.726806640625 (ms) to 951.467529296875 (ms), cudaEventElapsed = 48.718849182128906 (ms)
[RANK2] W @ 952.22119140625 (ms) to 978.341796875 (ms), cudaEventElapsed = 26.09459114074707 (ms)
[RANK2] B @ 979.254638671875 (ms) to 1026.846923828125 (ms), cudaEventElapsed = 47.56889724731445 (ms)
[RANK2] W @ 1028.04638671875 (ms) to 1052.547607421875 (ms), cudaEventElapsed = 24.475648880004883 (ms)
[RANK2] B @ 1053.407958984375 (ms) to 1099.716552734375 (ms), cudaEventElapsed = 46.287872314453125 (ms)
[RANK2] W @ 1100.427001953125 (ms) to 1124.467529296875 (ms), cudaEventElapsed = 24.017919540405273 (ms)
[RANK2] B @ 1125.260986328125 (ms) to 1172.49365234375 (ms), cudaEventElapsed = 47.21152114868164 (ms)
[RANK2] W @ 1173.191162109375 (ms) to 1197.37646484375 (ms), cudaEventElapsed = 24.163328170776367 (ms)
[RANK2] B @ 1198.15478515625 (ms) to 1245.35107421875 (ms), cudaEventElapsed = 47.17465591430664 (ms)
[RANK2] 7W @ 1246.73681640625 (ms) to 1432.040283203125 (ms), cudaEventElapsed = 185.27232360839844 (ms)
[RANK2] Iteration 4
[RANK2] F @ 83.270263671875 (ms) to 116.419189453125 (ms), cudaEventElapsed = 33.11616134643555 (ms)
[RANK2] F @ 119.181884765625 (ms) to 152.749755859375 (ms), cudaEventElapsed = 33.538047790527344 (ms)
[RANK2] F @ 157.10888671875 (ms) to 193.525634765625 (ms), cudaEventElapsed = 36.37964630126953 (ms)
[RANK2] F @ 195.133056640625 (ms) to 231.318115234375 (ms), cudaEventElapsed = 36.155391693115234 (ms)
[RANK2] F @ 235.455810546875 (ms) to 271.3916015625 (ms), cudaEventElapsed = 35.895294189453125 (ms)
[RANK2] F @ 273.044677734375 (ms) to 309.299072265625 (ms), cudaEventElapsed = 36.22297668457031 (ms)
[RANK2] F @ 311.1865234375 (ms) to 348.051513671875 (ms), cudaEventElapsed = 36.80665588378906 (ms)
[RANK2] B @ 349.950439453125 (ms) to 395.714111328125 (ms), cudaEventElapsed = 45.73081588745117 (ms)
[RANK2] F @ 397.22802734375 (ms) to 432.762451171875 (ms), cudaEventElapsed = 35.50515365600586 (ms)
[RANK2] B @ 434.470703125 (ms) to 480.416259765625 (ms), cudaEventElapsed = 45.918209075927734 (ms)
[RANK2] F @ 481.988037109375 (ms) to 517.523193359375 (ms), cudaEventElapsed = 35.507198333740234 (ms)
[RANK2] B @ 519.0908203125 (ms) to 564.597412109375 (ms), cudaEventElapsed = 45.47071838378906 (ms)
[RANK2] F @ 566.5126953125 (ms) to 601.902587890625 (ms), cudaEventElapsed = 35.36588668823242 (ms)
[RANK2] B @ 603.43505859375 (ms) to 675.865966796875 (ms), cudaEventElapsed = 72.3927001953125 (ms)
[RANK2] B @ 677.730712890625 (ms) to 721.3154296875 (ms), cudaEventElapsed = 43.55379104614258 (ms)
[RANK2] F @ 723.199951171875 (ms) to 758.219970703125 (ms), cudaEventElapsed = 34.9931526184082 (ms)
[RANK2] B @ 759.75341796875 (ms) to 805.362060546875 (ms), cudaEventElapsed = 45.57823944091797 (ms)
[RANK2] F @ 806.84033203125 (ms) to 842.588623046875 (ms), cudaEventElapsed = 35.71712112426758 (ms)
[RANK2] B @ 843.928466796875 (ms) to 888.971435546875 (ms), cudaEventElapsed = 45.019134521484375 (ms)
[RANK2] W @ 889.652587890625 (ms) to 913.307373046875 (ms), cudaEventElapsed = 23.632896423339844 (ms)
[RANK2] B @ 914.177490234375 (ms) to 963.1669921875 (ms), cudaEventElapsed = 48.96870422363281 (ms)
[RANK2] W @ 963.8779296875 (ms) to 990.8505859375 (ms), cudaEventElapsed = 26.95065689086914 (ms)
[RANK2] B @ 991.725341796875 (ms) to 1039.97509765625 (ms), cudaEventElapsed = 48.22937774658203 (ms)
[RANK2] W @ 1040.6806640625 (ms) to 1065.132568359375 (ms), cudaEventElapsed = 24.430591583251953 (ms)
[RANK2] B @ 1065.9755859375 (ms) to 1113.58251953125 (ms), cudaEventElapsed = 47.5863037109375 (ms)
[RANK2] W @ 1114.77392578125 (ms) to 1139.481201171875 (ms), cudaEventElapsed = 24.68351936340332 (ms)
[RANK2] B @ 1140.234130859375 (ms) to 1186.93310546875 (ms), cudaEventElapsed = 46.678016662597656 (ms)
[RANK2] W @ 1187.63134765625 (ms) to 1211.877197265625 (ms), cudaEventElapsed = 24.223743438720703 (ms)
[RANK2] B @ 1212.643310546875 (ms) to 1259.8525390625 (ms), cudaEventElapsed = 47.18899154663086 (ms)
[RANK2] 7W @ 1261.182861328125 (ms) to 1449.289794921875 (ms), cudaEventElapsed = 188.08114624023438 (ms)
[RANK2] Iteration 5
[RANK2] F @ 73.12255859375 (ms) to 105.0888671875 (ms), cudaEventElapsed = 31.939584732055664 (ms)
[RANK2] F @ 107.593017578125 (ms) to 141.86083984375 (ms), cudaEventElapsed = 34.23948669433594 (ms)
[RANK2] F @ 145.385986328125 (ms) to 181.064208984375 (ms), cudaEventElapsed = 35.64646530151367 (ms)
[RANK2] F @ 183.85302734375 (ms) to 219.33349609375 (ms), cudaEventElapsed = 35.451904296875 (ms)
[RANK2] F @ 220.8505859375 (ms) to 256.479248046875 (ms), cudaEventElapsed = 35.6044807434082 (ms)
[RANK2] F @ 258.421630859375 (ms) to 294.21728515625 (ms), cudaEventElapsed = 35.76831817626953 (ms)
[RANK2] F @ 295.62548828125 (ms) to 331.696044921875 (ms), cudaEventElapsed = 36.0447998046875 (ms)
[RANK2] B @ 425.258056640625 (ms) to 466.483642578125 (ms), cudaEventElapsed = 41.199615478515625 (ms)
[RANK2] F @ 467.756591796875 (ms) to 502.120849609375 (ms), cudaEventElapsed = 34.33881759643555 (ms)
[RANK2] B @ 503.556640625 (ms) to 548.81689453125 (ms), cudaEventElapsed = 45.23622512817383 (ms)
[RANK2] F @ 550.18359375 (ms) to 585.765380859375 (ms), cudaEventElapsed = 35.55635070800781 (ms)
[RANK2] B @ 587.150390625 (ms) to 632.458984375 (ms), cudaEventElapsed = 45.28435134887695 (ms)
[RANK2] F @ 633.880859375 (ms) to 669.264404296875 (ms), cudaEventElapsed = 35.357696533203125 (ms)
[RANK2] B @ 670.548583984375 (ms) to 743.15869140625 (ms), cudaEventElapsed = 72.58624267578125 (ms)
[RANK2] B @ 744.85791015625 (ms) to 788.7802734375 (ms), cudaEventElapsed = 43.89990234375 (ms)
[RANK2] F @ 790.365234375 (ms) to 826.065673828125 (ms), cudaEventElapsed = 35.6761589050293 (ms)
[RANK2] B @ 827.409423828125 (ms) to 873.64892578125 (ms), cudaEventElapsed = 46.216190338134766 (ms)
[RANK2] F @ 874.895263671875 (ms) to 910.55517578125 (ms), cudaEventElapsed = 35.63520050048828 (ms)
[RANK2] B @ 911.847412109375 (ms) to 957.44091796875 (ms), cudaEventElapsed = 45.56902313232422 (ms)
[RANK2] W @ 958.1494140625 (ms) to 981.955078125 (ms), cudaEventElapsed = 23.781375885009766 (ms)
[RANK2] B @ 982.872314453125 (ms) to 1029.647705078125 (ms), cudaEventElapsed = 46.75379180908203 (ms)
[RANK2] W @ 1030.358154296875 (ms) to 1054.580810546875 (ms), cudaEventElapsed = 24.198144912719727 (ms)
[RANK2] B @ 1055.510986328125 (ms) to 1102.223388671875 (ms), cudaEventElapsed = 46.68620681762695 (ms)
[RANK2] W @ 1102.939453125 (ms) to 1126.62060546875 (ms), cudaEventElapsed = 23.658496856689453 (ms)
[RANK2] B @ 1127.529296875 (ms) to 1174.799072265625 (ms), cudaEventElapsed = 47.24531173706055 (ms)
[RANK2] W @ 1175.5361328125 (ms) to 1200.1279296875 (ms), cudaEventElapsed = 24.568832397460938 (ms)
[RANK2] B @ 1200.921142578125 (ms) to 1247.522705078125 (ms), cudaEventElapsed = 46.58073425292969 (ms)
[RANK2] W @ 1248.264892578125 (ms) to 1272.791015625 (ms), cudaEventElapsed = 24.50227165222168 (ms)
[RANK2] B @ 1273.58740234375 (ms) to 1323.52978515625 (ms), cudaEventElapsed = 49.91999816894531 (ms)
[RANK2] 7W @ 1325.533935546875 (ms) to 1513.7216796875 (ms), cudaEventElapsed = 188.1589813232422 (ms)
[RANK2] Iteration 6
[RANK2] F @ 71.927734375 (ms) to 104.562744140625 (ms), cudaEventElapsed = 32.60313415527344 (ms)
[RANK2] F @ 106.950927734375 (ms) to 140.353759765625 (ms), cudaEventElapsed = 33.37420654296875 (ms)
[RANK2] F @ 143.28369140625 (ms) to 179.687744140625 (ms), cudaEventElapsed = 36.375553131103516 (ms)
[RANK2] F @ 181.25048828125 (ms) to 217.320556640625 (ms), cudaEventElapsed = 36.04070281982422 (ms)
[RANK2] F @ 218.90478515625 (ms) to 254.896240234375 (ms), cudaEventElapsed = 35.9628791809082 (ms)
[RANK2] F @ 258.03125 (ms) to 294.3486328125 (ms), cudaEventElapsed = 36.2874870300293 (ms)
[RANK2] F @ 296.06005859375 (ms) to 332.063232421875 (ms), cudaEventElapsed = 35.974143981933594 (ms)
[RANK2] B @ 426.429931640625 (ms) to 467.977294921875 (ms), cudaEventElapsed = 41.51091384887695 (ms)
[RANK2] F @ 469.408203125 (ms) to 503.827392578125 (ms), cudaEventElapsed = 34.38899230957031 (ms)
[RANK2] B @ 505.62548828125 (ms) to 551.466796875 (ms), cudaEventElapsed = 45.811710357666016 (ms)
[RANK2] F @ 553.6181640625 (ms) to 589.347900390625 (ms), cudaEventElapsed = 35.70073699951172 (ms)
[RANK2] B @ 590.9716796875 (ms) to 636.533447265625 (ms), cudaEventElapsed = 45.53420639038086 (ms)
[RANK2] F @ 638.451416015625 (ms) to 673.940673828125 (ms), cudaEventElapsed = 35.4600944519043 (ms)
[RANK2] B @ 675.389404296875 (ms) to 750.301025390625 (ms), cudaEventElapsed = 74.88204956054688 (ms)
[RANK2] B @ 751.961181640625 (ms) to 795.3896484375 (ms), cudaEventElapsed = 43.40019226074219 (ms)
[RANK2] F @ 797.529296875 (ms) to 833.1806640625 (ms), cudaEventElapsed = 35.63008117675781 (ms)
[RANK2] B @ 834.7451171875 (ms) to 881.0908203125 (ms), cudaEventElapsed = 46.315521240234375 (ms)
[RANK2] F @ 882.53173828125 (ms) to 918.39208984375 (ms), cudaEventElapsed = 35.82976150512695 (ms)
[RANK2] B @ 919.741943359375 (ms) to 964.79638671875 (ms), cudaEventElapsed = 45.028350830078125 (ms)
[RANK2] W @ 965.511474609375 (ms) to 988.761962890625 (ms), cudaEventElapsed = 23.228416442871094 (ms)
[RANK2] B @ 989.664794921875 (ms) to 1036.825927734375 (ms), cudaEventElapsed = 47.13983917236328 (ms)
[RANK2] W @ 1037.547607421875 (ms) to 1062.1435546875 (ms), cudaEventElapsed = 24.572927474975586 (ms)
[RANK2] B @ 1063.0380859375 (ms) to 1109.50439453125 (ms), cudaEventElapsed = 46.4455680847168 (ms)
[RANK2] W @ 1110.2265625 (ms) to 1134.31396484375 (ms), cudaEventElapsed = 24.06502342224121 (ms)
[RANK2] B @ 1135.2236328125 (ms) to 1182.247802734375 (ms), cudaEventElapsed = 47.00262451171875 (ms)
[RANK2] W @ 1182.966796875 (ms) to 1207.287353515625 (ms), cudaEventElapsed = 24.29849624633789 (ms)
[RANK2] B @ 1208.094970703125 (ms) to 1254.78125 (ms), cudaEventElapsed = 46.664703369140625 (ms)
[RANK2] W @ 1255.514404296875 (ms) to 1280.265380859375 (ms), cudaEventElapsed = 24.72857666015625 (ms)
[RANK2] B @ 1281.06689453125 (ms) to 1330.71875 (ms), cudaEventElapsed = 49.63123321533203 (ms)
[RANK2] 7W @ 1332.114501953125 (ms) to 1519.504638671875 (ms), cudaEventElapsed = 187.3623046875 (ms)
[RANK2] Iteration 7
[RANK2] F @ 71.220458984375 (ms) to 103.906005859375 (ms), cudaEventElapsed = 32.65331268310547 (ms)
[RANK2] F @ 107.15478515625 (ms) to 140.621826171875 (ms), cudaEventElapsed = 33.43360137939453 (ms)
[RANK2] F @ 142.735107421875 (ms) to 178.6884765625 (ms), cudaEventElapsed = 35.92396926879883 (ms)
[RANK2] F @ 181.87353515625 (ms) to 218.18212890625 (ms), cudaEventElapsed = 36.279296875 (ms)
[RANK2] F @ 219.734375 (ms) to 256.06201171875 (ms), cudaEventElapsed = 36.29875183105469 (ms)
[RANK2] F @ 257.650634765625 (ms) to 294.12255859375 (ms), cudaEventElapsed = 36.44211196899414 (ms)
[RANK2] F @ 295.818115234375 (ms) to 332.8779296875 (ms), cudaEventElapsed = 37.03193664550781 (ms)
[RANK2] B @ 424.9033203125 (ms) to 466.174560546875 (ms), cudaEventElapsed = 41.245697021484375 (ms)
[RANK2] F @ 467.475830078125 (ms) to 500.98583984375 (ms), cudaEventElapsed = 33.48275375366211 (ms)
[RANK2] B @ 502.768310546875 (ms) to 548.429931640625 (ms), cudaEventElapsed = 45.632511138916016 (ms)
[RANK2] F @ 550.037353515625 (ms) to 585.1640625 (ms), cudaEventElapsed = 35.097599029541016 (ms)
[RANK2] B @ 586.77099609375 (ms) to 631.908203125 (ms), cudaEventElapsed = 45.10822296142578 (ms)
[RANK2] F @ 633.64404296875 (ms) to 669.259765625 (ms), cudaEventElapsed = 35.5860481262207 (ms)
[RANK2] B @ 670.70458984375 (ms) to 746.128173828125 (ms), cudaEventElapsed = 75.39507293701172 (ms)
[RANK2] B @ 748.076416015625 (ms) to 791.958984375 (ms), cudaEventElapsed = 43.849727630615234 (ms)
[RANK2] F @ 793.650390625 (ms) to 829.360595703125 (ms), cudaEventElapsed = 35.68025588989258 (ms)
[RANK2] B @ 830.701171875 (ms) to 876.205322265625 (ms), cudaEventElapsed = 45.480960845947266 (ms)
[RANK2] F @ 877.479248046875 (ms) to 912.902099609375 (ms), cudaEventElapsed = 35.399681091308594 (ms)
[RANK2] B @ 914.27392578125 (ms) to 959.625 (ms), cudaEventElapsed = 45.31916809082031 (ms)
[RANK2] W @ 960.355712890625 (ms) to 984.663330078125 (ms), cudaEventElapsed = 24.28313636779785 (ms)
[RANK2] B @ 985.6123046875 (ms) to 1032.183837890625 (ms), cudaEventElapsed = 46.536705017089844 (ms)
[RANK2] W @ 1032.95556640625 (ms) to 1057.020263671875 (ms), cudaEventElapsed = 24.037376403808594 (ms)
[RANK2] B @ 1057.974853515625 (ms) to 1105.149169921875 (ms), cudaEventElapsed = 47.14905548095703 (ms)
[RANK2] W @ 1105.9169921875 (ms) to 1130.337890625 (ms), cudaEventElapsed = 24.397823333740234 (ms)
[RANK2] B @ 1131.252197265625 (ms) to 1178.3212890625 (ms), cudaEventElapsed = 47.04665756225586 (ms)
[RANK2] W @ 1179.663330078125 (ms) to 1204.06396484375 (ms), cudaEventElapsed = 24.374271392822266 (ms)
[RANK2] B @ 1204.858642578125 (ms) to 1251.33447265625 (ms), cudaEventElapsed = 46.443519592285156 (ms)
[RANK2] W @ 1252.08203125 (ms) to 1276.1904296875 (ms), cudaEventElapsed = 24.08550453186035 (ms)
[RANK2] B @ 1276.998779296875 (ms) to 1329.05712890625 (ms), cudaEventElapsed = 52.0366096496582 (ms)
[RANK2] 7W @ 1330.4423828125 (ms) to 1518.671630859375 (ms), cudaEventElapsed = 188.19789123535156 (ms)
[RANK2] Iteration 8
[RANK2] F @ 72.62109375 (ms) to 105.35693359375 (ms), cudaEventElapsed = 32.698368072509766 (ms)
[RANK2] F @ 107.990966796875 (ms) to 142.405029296875 (ms), cudaEventElapsed = 34.38284683227539 (ms)
[RANK2] F @ 145.16943359375 (ms) to 182.02001953125 (ms), cudaEventElapsed = 36.81587219238281 (ms)
[RANK2] F @ 183.651123046875 (ms) to 220.376953125 (ms), cudaEventElapsed = 36.69606399536133 (ms)
[RANK2] F @ 221.98828125 (ms) to 258.404052734375 (ms), cudaEventElapsed = 36.38681411743164 (ms)
[RANK2] F @ 259.792724609375 (ms) to 296.154296875 (ms), cudaEventElapsed = 36.33356857299805 (ms)
[RANK2] F @ 297.60693359375 (ms) to 333.505859375 (ms), cudaEventElapsed = 35.8737907409668 (ms)
[RANK2] B @ 427.641357421875 (ms) to 469.059814453125 (ms), cudaEventElapsed = 41.385982513427734 (ms)
[RANK2] F @ 470.53369140625 (ms) to 504.236572265625 (ms), cudaEventElapsed = 33.6732177734375 (ms)
[RANK2] B @ 505.974853515625 (ms) to 551.76025390625 (ms), cudaEventElapsed = 45.75641632080078 (ms)
[RANK2] F @ 553.36279296875 (ms) to 588.726318359375 (ms), cudaEventElapsed = 35.335166931152344 (ms)
[RANK2] B @ 590.31884765625 (ms) to 635.47705078125 (ms), cudaEventElapsed = 45.12870407104492 (ms)
[RANK2] F @ 637.34326171875 (ms) to 672.253662109375 (ms), cudaEventElapsed = 34.88051223754883 (ms)
[RANK2] B @ 673.70849609375 (ms) to 750.143310546875 (ms), cudaEventElapsed = 76.40576171875 (ms)
[RANK2] B @ 752.07373046875 (ms) to 795.606201171875 (ms), cudaEventElapsed = 43.500545501708984 (ms)
[RANK2] F @ 797.617919921875 (ms) to 832.29052734375 (ms), cudaEventElapsed = 34.64396667480469 (ms)
[RANK2] B @ 833.875244140625 (ms) to 879.410888671875 (ms), cudaEventElapsed = 45.502464294433594 (ms)
[RANK2] F @ 880.88037109375 (ms) to 916.611083984375 (ms), cudaEventElapsed = 35.69152069091797 (ms)
[RANK2] B @ 917.944580078125 (ms) to 963.209228515625 (ms), cudaEventElapsed = 45.23827362060547 (ms)
[RANK2] W @ 963.968017578125 (ms) to 987.50927734375 (ms), cudaEventElapsed = 23.518207550048828 (ms)
[RANK2] B @ 988.419677734375 (ms) to 1035.267822265625 (ms), cudaEventElapsed = 46.82649612426758 (ms)
[RANK2] W @ 1036.024169921875 (ms) to 1059.66845703125 (ms), cudaEventElapsed = 23.621631622314453 (ms)
[RANK2] B @ 1060.599365234375 (ms) to 1107.954833984375 (ms), cudaEventElapsed = 47.333377838134766 (ms)
[RANK2] W @ 1108.724365234375 (ms) to 1133.409423828125 (ms), cudaEventElapsed = 24.660991668701172 (ms)
[RANK2] B @ 1134.317138671875 (ms) to 1181.016845703125 (ms), cudaEventElapsed = 46.675968170166016 (ms)
[RANK2] W @ 1181.787841796875 (ms) to 1206.031982421875 (ms), cudaEventElapsed = 24.218624114990234 (ms)
[RANK2] B @ 1206.841064453125 (ms) to 1253.99267578125 (ms), cudaEventElapsed = 47.126529693603516 (ms)
[RANK2] W @ 1254.7490234375 (ms) to 1279.62353515625 (ms), cudaEventElapsed = 24.851455688476562 (ms)
[RANK2] B @ 1280.418212890625 (ms) to 1335.767333984375 (ms), cudaEventElapsed = 55.32876968383789 (ms)
[RANK2] 7W @ 1337.731689453125 (ms) to 1525.091552734375 (ms), cudaEventElapsed = 187.33363342285156 (ms)
[RANK2] Iteration 9
[RANK2] F @ 73.156494140625 (ms) to 105.822998046875 (ms), cudaEventElapsed = 32.63385772705078 (ms)
[RANK2] F @ 110.90478515625 (ms) to 143.809326171875 (ms), cudaEventElapsed = 32.875518798828125 (ms)
[RANK2] F @ 149.3037109375 (ms) to 183.969482421875 (ms), cudaEventElapsed = 34.63577651977539 (ms)
[RANK2] F @ 185.620849609375 (ms) to 221.4775390625 (ms), cudaEventElapsed = 35.82668685913086 (ms)
[RANK2] F @ 223.091796875 (ms) to 259.378173828125 (ms), cudaEventElapsed = 36.25676727294922 (ms)
[RANK2] F @ 260.97216796875 (ms) to 296.98388671875 (ms), cudaEventElapsed = 35.9813117980957 (ms)
[RANK2] F @ 298.723388671875 (ms) to 334.924560546875 (ms), cudaEventElapsed = 36.171775817871094 (ms)
[RANK2] B @ 427.383544921875 (ms) to 468.820556640625 (ms), cudaEventElapsed = 41.40748977661133 (ms)
[RANK2] F @ 470.348388671875 (ms) to 504.92626953125 (ms), cudaEventElapsed = 34.5456657409668 (ms)
[RANK2] B @ 506.675048828125 (ms) to 552.31787109375 (ms), cudaEventElapsed = 45.614078521728516 (ms)
[RANK2] F @ 554.7314453125 (ms) to 590.214111328125 (ms), cudaEventElapsed = 35.45804977416992 (ms)
[RANK2] B @ 591.812744140625 (ms) to 637.34375 (ms), cudaEventElapsed = 45.50041580200195 (ms)
[RANK2] F @ 639.0673828125 (ms) to 674.64892578125 (ms), cudaEventElapsed = 35.55430221557617 (ms)
[RANK2] B @ 676.088134765625 (ms) to 752.93798828125 (ms), cudaEventElapsed = 76.82150268554688 (ms)
[RANK2] B @ 754.849609375 (ms) to 798.552734375 (ms), cudaEventElapsed = 43.676673889160156 (ms)
[RANK2] F @ 800.43701171875 (ms) to 836.397705078125 (ms), cudaEventElapsed = 35.91987228393555 (ms)
[RANK2] B @ 837.947998046875 (ms) to 883.948486328125 (ms), cudaEventElapsed = 45.97350311279297 (ms)
[RANK2] F @ 885.412841796875 (ms) to 920.8623046875 (ms), cudaEventElapsed = 35.42015838623047 (ms)
[RANK2] B @ 922.23974609375 (ms) to 967.41015625 (ms), cudaEventElapsed = 45.144065856933594 (ms)
[RANK2] W @ 968.13623046875 (ms) to 991.125 (ms), cudaEventElapsed = 22.966272354125977 (ms)
[RANK2] B @ 992.0048828125 (ms) to 1038.84765625 (ms), cudaEventElapsed = 46.820350646972656 (ms)
[RANK2] W @ 1039.5751953125 (ms) to 1064.218994140625 (ms), cudaEventElapsed = 24.620031356811523 (ms)
[RANK2] B @ 1065.137451171875 (ms) to 1111.80810546875 (ms), cudaEventElapsed = 46.64934539794922 (ms)
[RANK2] W @ 1112.54150390625 (ms) to 1136.89990234375 (ms), cudaEventElapsed = 24.334335327148438 (ms)
[RANK2] B @ 1137.791259765625 (ms) to 1185.134033203125 (ms), cudaEventElapsed = 47.32108688354492 (ms)
[RANK2] W @ 1185.867431640625 (ms) to 1210.040283203125 (ms), cudaEventElapsed = 24.151039123535156 (ms)
[RANK2] B @ 1210.82177734375 (ms) to 1258.161865234375 (ms), cudaEventElapsed = 47.31903839111328 (ms)
[RANK2] W @ 1258.901611328125 (ms) to 1284.1689453125 (ms), cudaEventElapsed = 25.243648529052734 (ms)
[RANK2] B @ 1284.970703125 (ms) to 1333.810791015625 (ms), cudaEventElapsed = 48.81919860839844 (ms)
[RANK2] 7W @ 1335.18408203125 (ms) to 1522.328857421875 (ms), cudaEventElapsed = 187.11859130859375 (ms)
