[RANK0] Iteration 1
[RANK0] F @ 2.728271484375 (ms) to 511.160400390625 (ms), cudaEventElapsed = 508.3719787597656 (ms)
[RANK0] F @ 511.920166015625 (ms) to 537.817626953125 (ms), cudaEventElapsed = 25.870336532592773 (ms)
[RANK0] F @ 538.475830078125 (ms) to 565.7021484375 (ms), cudaEventElapsed = 27.201536178588867 (ms)
[RANK0] F @ 566.366455078125 (ms) to 594.7490234375 (ms), cudaEventElapsed = 28.35865592956543 (ms)
[RANK0] F @ 596.25927734375 (ms) to 624.397216796875 (ms), cudaEventElapsed = 28.11084747314453 (ms)
[RANK0] F @ 625.047119140625 (ms) to 652.417236328125 (ms), cudaEventElapsed = 27.34489631652832 (ms)
[RANK0] F @ 653.09130859375 (ms) to 680.331787109375 (ms), cudaEventElapsed = 27.215871810913086 (ms)
[RANK0] B @ 1678.6875 (ms) to 1768.072265625 (ms), cudaEventElapsed = 89.35731506347656 (ms)
[RANK0] F @ 1768.35595703125 (ms) to 1793.606201171875 (ms), cudaEventElapsed = 25.224191665649414 (ms)
[RANK0] B @ 1795.010986328125 (ms) to 1828.626708984375 (ms), cudaEventElapsed = 33.58822250366211 (ms)
[RANK0] F @ 1829.154052734375 (ms) to 1855.436279296875 (ms), cudaEventElapsed = 26.250240325927734 (ms)
[RANK0] B @ 1856.75634765625 (ms) to 1892.041015625 (ms), cudaEventElapsed = 35.2542724609375 (ms)
[RANK0] F @ 1892.25927734375 (ms) to 1918.709228515625 (ms), cudaEventElapsed = 26.424320220947266 (ms)
[RANK0] B @ 1920.045654296875 (ms) to 1955.094482421875 (ms), cudaEventElapsed = 35.02489471435547 (ms)
[RANK0] F @ 1955.2998046875 (ms) to 1981.815673828125 (ms), cudaEventElapsed = 26.49087905883789 (ms)
[RANK0] B @ 1993.845703125 (ms) to 2027.654541015625 (ms), cudaEventElapsed = 33.78483200073242 (ms)
[RANK0] F @ 2027.85888671875 (ms) to 2053.179931640625 (ms), cudaEventElapsed = 25.29689598083496 (ms)
[RANK0] B @ 2074.98486328125 (ms) to 2107.97314453125 (ms), cudaEventElapsed = 32.96460723876953 (ms)
[RANK0] W @ 2108.264404296875 (ms) to 2122.69091796875 (ms), cudaEventElapsed = 14.403583526611328 (ms)
[RANK0] B @ 2151.8642578125 (ms) to 2184.0107421875 (ms), cudaEventElapsed = 32.123905181884766 (ms)
[RANK0] W @ 2184.550537109375 (ms) to 2198.197021484375 (ms), cudaEventElapsed = 13.620223999023438 (ms)
[RANK0] B @ 2236.0078125 (ms) to 2267.652587890625 (ms), cudaEventElapsed = 31.615999221801758 (ms)
[RANK0] W @ 2267.9658203125 (ms) to 2281.892578125 (ms), cudaEventElapsed = 13.903871536254883 (ms)
[RANK0] B @ 2298.197998046875 (ms) to 2330.49658203125 (ms), cudaEventElapsed = 32.277503967285156 (ms)
[RANK0] W @ 2330.797607421875 (ms) to 2345.22412109375 (ms), cudaEventElapsed = 14.404607772827148 (ms)
[RANK0] B @ 2367.60546875 (ms) to 2400.258544921875 (ms), cudaEventElapsed = 32.63180923461914 (ms)
[RANK0] W @ 2400.542724609375 (ms) to 2414.57958984375 (ms), cudaEventElapsed = 14.013440132141113 (ms)
[RANK0] B @ 2430.9892578125 (ms) to 2463.077392578125 (ms), cudaEventElapsed = 32.06963348388672 (ms)
[RANK0] W @ 2463.372314453125 (ms) to 2477.2021484375 (ms), cudaEventElapsed = 13.807616233825684 (ms)
[RANK0] B @ 2497.7607421875 (ms) to 2529.641357421875 (ms), cudaEventElapsed = 31.860736846923828 (ms)
[RANK0] 6W @ 2530.74072265625 (ms) to 2624.239501953125 (ms), cudaEventElapsed = 93.47379302978516 (ms)
[RANK0] Iteration 2
[RANK0] F @ 0.50439453125 (ms) to 26.439453125 (ms), cudaEventElapsed = 25.90924835205078 (ms)
[RANK0] F @ 27.131103515625 (ms) to 51.995849609375 (ms), cudaEventElapsed = 24.840192794799805 (ms)
[RANK0] F @ 52.676513671875 (ms) to 80.934326171875 (ms), cudaEventElapsed = 28.231679916381836 (ms)
[RANK0] F @ 81.6064453125 (ms) to 109.52978515625 (ms), cudaEventElapsed = 27.899904251098633 (ms)
[RANK0] F @ 110.212890625 (ms) to 138.1572265625 (ms), cudaEventElapsed = 27.91935920715332 (ms)
[RANK0] F @ 138.850830078125 (ms) to 166.583984375 (ms), cudaEventElapsed = 27.70534324645996 (ms)
[RANK0] F @ 167.2763671875 (ms) to 194.69091796875 (ms), cudaEventElapsed = 27.389951705932617 (ms)
[RANK0] B @ 409.84912109375 (ms) to 443.15283203125 (ms), cudaEventElapsed = 33.27385711669922 (ms)
[RANK0] F @ 443.379150390625 (ms) to 468.832275390625 (ms), cudaEventElapsed = 25.427967071533203 (ms)
[RANK0] B @ 493.22509765625 (ms) to 661.52001953125 (ms), cudaEventElapsed = 168.268798828125 (ms)
[RANK0] F @ 661.850341796875 (ms) to 687.41357421875 (ms), cudaEventElapsed = 25.53753662109375 (ms)
[RANK0] B @ 689.10888671875 (ms) to 724.281982421875 (ms), cudaEventElapsed = 35.15187072753906 (ms)
[RANK0] F @ 724.488525390625 (ms) to 751.589599609375 (ms), cudaEventElapsed = 27.076608657836914 (ms)
[RANK0] B @ 753.589111328125 (ms) to 791.10009765625 (ms), cudaEventElapsed = 37.48863983154297 (ms)
[RANK0] F @ 791.30810546875 (ms) to 819.124755859375 (ms), cudaEventElapsed = 27.792383193969727 (ms)
[RANK0] B @ 820.474365234375 (ms) to 856.383056640625 (ms), cudaEventElapsed = 35.88505554199219 (ms)
[RANK0] F @ 856.582275390625 (ms) to 883.84228515625 (ms), cudaEventElapsed = 27.235328674316406 (ms)
[RANK0] B @ 885.20751953125 (ms) to 921.086669921875 (ms), cudaEventElapsed = 35.8553581237793 (ms)
[RANK0] W @ 921.377197265625 (ms) to 938.7392578125 (ms), cudaEventElapsed = 17.336320877075195 (ms)
[RANK0] B @ 952.704345703125 (ms) to 987.431396484375 (ms), cudaEventElapsed = 34.702335357666016 (ms)
[RANK0] W @ 987.73876953125 (ms) to 1003.494873046875 (ms), cudaEventElapsed = 15.733759880065918 (ms)
[RANK0] B @ 1036.514404296875 (ms) to 1069.824462890625 (ms), cudaEventElapsed = 33.2861442565918 (ms)
[RANK0] W @ 1070.158447265625 (ms) to 1085.67529296875 (ms), cudaEventElapsed = 15.493120193481445 (ms)
[RANK0] B @ 1120.179443359375 (ms) to 1153.453369140625 (ms), cudaEventElapsed = 33.2492790222168 (ms)
[RANK0] W @ 1153.788818359375 (ms) to 1169.403076171875 (ms), cudaEventElapsed = 15.58835220336914 (ms)
[RANK0] B @ 1203.6806640625 (ms) to 1237.08935546875 (ms), cudaEventElapsed = 33.386497497558594 (ms)
[RANK0] W @ 1237.408447265625 (ms) to 1252.709716796875 (ms), cudaEventElapsed = 15.276032447814941 (ms)
[RANK0] B @ 1276.50537109375 (ms) to 1310.3623046875 (ms), cudaEventElapsed = 33.83705520629883 (ms)
[RANK0] W @ 1311.15673828125 (ms) to 1327.037841796875 (ms), cudaEventElapsed = 15.856639862060547 (ms)
[RANK0] B @ 1350.4921875 (ms) to 1384.4921875 (ms), cudaEventElapsed = 33.979393005371094 (ms)
[RANK0] 6W @ 1385.26708984375 (ms) to 1498.32080078125 (ms), cudaEventElapsed = 113.02706909179688 (ms)
[RANK0] Iteration 3
[RANK0] F @ 1.0146484375 (ms) to 26.277587890625 (ms), cudaEventElapsed = 25.228288650512695 (ms)
[RANK0] F @ 27.08544921875 (ms) to 53.04736328125 (ms), cudaEventElapsed = 25.93280029296875 (ms)
[RANK0] F @ 53.698974609375 (ms) to 80.80419921875 (ms), cudaEventElapsed = 27.080703735351562 (ms)
[RANK0] F @ 81.465576171875 (ms) to 109.49072265625 (ms), cudaEventElapsed = 28.002304077148438 (ms)
[RANK0] F @ 110.158447265625 (ms) to 138.047119140625 (ms), cudaEventElapsed = 27.865087509155273 (ms)
[RANK0] F @ 138.717041015625 (ms) to 166.606201171875 (ms), cudaEventElapsed = 27.866111755371094 (ms)
[RANK0] F @ 167.279052734375 (ms) to 195.0859375 (ms), cudaEventElapsed = 27.78316879272461 (ms)
[RANK0] F @ 195.781005859375 (ms) to 223.2119140625 (ms), cudaEventElapsed = 27.398143768310547 (ms)
[RANK0] F @ 223.900390625 (ms) to 251.6455078125 (ms), cudaEventElapsed = 27.72172737121582 (ms)
[RANK0] B @ 357.29345703125 (ms) to 390.518798828125 (ms), cudaEventElapsed = 33.20115280151367 (ms)
[RANK0] F @ 390.73388671875 (ms) to 416.184326171875 (ms), cudaEventElapsed = 25.426944732666016 (ms)
[RANK0] F @ 416.8583984375 (ms) to 443.391845703125 (ms), cudaEventElapsed = 26.506240844726562 (ms)
[RANK0] F @ 444.173583984375 (ms) to 472.521240234375 (ms), cudaEventElapsed = 28.32486343383789 (ms)
[RANK0] B @ 502.2998046875 (ms) to 535.944580078125 (ms), cudaEventElapsed = 33.62099075317383 (ms)
[RANK0] W @ 536.1787109375 (ms) to 551.443603515625 (ms), cudaEventElapsed = 15.241215705871582 (ms)
[RANK0] W @ 551.6669921875 (ms) to 568.303466796875 (ms), cudaEventElapsed = 16.61337661743164 (ms)
[RANK0] B @ 588.374267578125 (ms) to 623.196533203125 (ms), cudaEventElapsed = 34.79449462890625 (ms)
[RANK0] W @ 623.4599609375 (ms) to 639.739013671875 (ms), cudaEventElapsed = 16.250879287719727 (ms)
[RANK0] B @ 670.378662109375 (ms) to 703.933349609375 (ms), cudaEventElapsed = 33.52985763549805 (ms)
[RANK0] W @ 704.257568359375 (ms) to 719.714111328125 (ms), cudaEventElapsed = 15.431679725646973 (ms)
[RANK0] B @ 720.6455078125 (ms) to 757.3408203125 (ms), cudaEventElapsed = 36.67148971557617 (ms)
[RANK0] W @ 757.581787109375 (ms) to 775.151611328125 (ms), cudaEventElapsed = 17.544191360473633 (ms)
[RANK0] B @ 798.6298828125 (ms) to 832.74609375 (ms), cudaEventElapsed = 34.0951042175293 (ms)
[RANK0] W @ 832.981201171875 (ms) to 849.089599609375 (ms), cudaEventElapsed = 16.083967208862305 (ms)
[RANK0] B @ 870.619384765625 (ms) to 904.495361328125 (ms), cudaEventElapsed = 33.85343933105469 (ms)
[RANK0] W @ 904.711669921875 (ms) to 920.30908203125 (ms), cudaEventElapsed = 15.574015617370605 (ms)
[RANK0] B @ 948.754150390625 (ms) to 982.207763671875 (ms), cudaEventElapsed = 33.43257522583008 (ms)
[RANK0] W @ 982.974609375 (ms) to 998.57861328125 (ms), cudaEventElapsed = 15.577088356018066 (ms)
[RANK0] B @ 999.429931640625 (ms) to 1036.37255859375 (ms), cudaEventElapsed = 36.922367095947266 (ms)
[RANK0] W @ 1036.578857421875 (ms) to 1054.38525390625 (ms), cudaEventElapsed = 17.78278350830078 (ms)
[RANK0] B @ 1095.486083984375 (ms) to 1128.841552734375 (ms), cudaEventElapsed = 33.33427047729492 (ms)
[RANK0] W @ 1129.0498046875 (ms) to 1144.742919921875 (ms), cudaEventElapsed = 15.671296119689941 (ms)
[RANK0] B @ 1195.92724609375 (ms) to 1229.099365234375 (ms), cudaEventElapsed = 33.15097427368164 (ms)
[RANK0] W @ 1229.3046875 (ms) to 1244.65625 (ms), cudaEventElapsed = 15.329279899597168 (ms)
[RANK0] B @ 1325.149169921875 (ms) to 1358.174072265625 (ms), cudaEventElapsed = 33.00454330444336 (ms)
[RANK0] 1W @ 1358.49951171875 (ms) to 1373.734619140625 (ms), cudaEventElapsed = 15.212544441223145 (ms)
[RANK0] Iteration 4
[RANK0] F @ 0.9873046875 (ms) to 26.1328125 (ms), cudaEventElapsed = 25.1146240234375 (ms)
[RANK0] F @ 26.94580078125 (ms) to 52.3427734375 (ms), cudaEventElapsed = 25.368576049804688 (ms)
[RANK0] F @ 53.140625 (ms) to 81.01611328125 (ms), cudaEventElapsed = 27.847679138183594 (ms)
[RANK0] F @ 82.04345703125 (ms) to 109.5810546875 (ms), cudaEventElapsed = 27.512832641601562 (ms)
[RANK0] F @ 110.23681640625 (ms) to 137.999755859375 (ms), cudaEventElapsed = 27.7391357421875 (ms)
[RANK0] F @ 138.705810546875 (ms) to 166.36669921875 (ms), cudaEventElapsed = 27.633663177490234 (ms)
[RANK0] F @ 167.07421875 (ms) to 194.6962890625 (ms), cudaEventElapsed = 27.595775604248047 (ms)
[RANK0] F @ 195.438720703125 (ms) to 223.442138671875 (ms), cudaEventElapsed = 27.97772789001465 (ms)
[RANK0] F @ 224.135498046875 (ms) to 251.770263671875 (ms), cudaEventElapsed = 27.609088897705078 (ms)
[RANK0] B @ 370.6474609375 (ms) to 403.89013671875 (ms), cudaEventElapsed = 33.21446228027344 (ms)
[RANK0] F @ 404.142578125 (ms) to 429.456787109375 (ms), cudaEventElapsed = 25.28665542602539 (ms)
[RANK0] F @ 430.156005859375 (ms) to 458.283447265625 (ms), cudaEventElapsed = 28.1026554107666 (ms)
[RANK0] F @ 459.059814453125 (ms) to 486.9130859375 (ms), cudaEventElapsed = 27.829248428344727 (ms)
[RANK0] B @ 520.135986328125 (ms) to 553.555419921875 (ms), cudaEventElapsed = 33.395713806152344 (ms)
[RANK0] W @ 553.791259765625 (ms) to 569.092529296875 (ms), cudaEventElapsed = 15.278079986572266 (ms)
[RANK0] W @ 569.306396484375 (ms) to 586.7548828125 (ms), cudaEventElapsed = 17.42540740966797 (ms)
[RANK0] B @ 605.87548828125 (ms) to 641.27587890625 (ms), cudaEventElapsed = 35.376129150390625 (ms)
[RANK0] W @ 641.5185546875 (ms) to 657.92041015625 (ms), cudaEventElapsed = 16.37785530090332 (ms)
[RANK0] B @ 687.345458984375 (ms) to 720.861572265625 (ms), cudaEventElapsed = 33.49299240112305 (ms)
[RANK0] W @ 721.17236328125 (ms) to 736.81298828125 (ms), cudaEventElapsed = 15.616000175476074 (ms)
[RANK0] B @ 737.709228515625 (ms) to 773.99462890625 (ms), cudaEventElapsed = 36.26393508911133 (ms)
[RANK0] W @ 774.234130859375 (ms) to 792.031982421875 (ms), cudaEventElapsed = 17.77459144592285 (ms)
[RANK0] B @ 815.80029296875 (ms) to 849.838623046875 (ms), cudaEventElapsed = 34.01625442504883 (ms)
[RANK0] W @ 850.0654296875 (ms) to 866.299072265625 (ms), cudaEventElapsed = 16.20992088317871 (ms)
[RANK0] B @ 887.8798828125 (ms) to 922.32275390625 (ms), cudaEventElapsed = 34.42073440551758 (ms)
[RANK0] W @ 922.531005859375 (ms) to 938.698974609375 (ms), cudaEventElapsed = 16.140287399291992 (ms)
[RANK0] B @ 965.388671875 (ms) to 999.075439453125 (ms), cudaEventElapsed = 33.66400146484375 (ms)
[RANK0] W @ 999.361572265625 (ms) to 1015.063720703125 (ms), cudaEventElapsed = 15.67743968963623 (ms)
[RANK0] B @ 1015.894287109375 (ms) to 1052.534423828125 (ms), cudaEventElapsed = 36.615169525146484 (ms)
[RANK0] W @ 1052.7451171875 (ms) to 1070.318115234375 (ms), cudaEventElapsed = 17.549312591552734 (ms)
[RANK0] B @ 1111.22265625 (ms) to 1144.50048828125 (ms), cudaEventElapsed = 33.256446838378906 (ms)
[RANK0] W @ 1144.7109375 (ms) to 1159.931884765625 (ms), cudaEventElapsed = 15.19923210144043 (ms)
[RANK0] B @ 1211.5068359375 (ms) to 1244.60986328125 (ms), cudaEventElapsed = 33.082366943359375 (ms)
[RANK0] W @ 1244.836669921875 (ms) to 1259.845703125 (ms), cudaEventElapsed = 14.98521614074707 (ms)
[RANK0] B @ 1340.263916015625 (ms) to 1373.25390625 (ms), cudaEventElapsed = 32.9697265625 (ms)
[RANK0] 1W @ 1373.5869140625 (ms) to 1388.658203125 (ms), cudaEventElapsed = 15.042559623718262 (ms)
[RANK0] Iteration 5
[RANK0] F @ 0.75341796875 (ms) to 26.287841796875 (ms), cudaEventElapsed = 25.50783920288086 (ms)
[RANK0] F @ 27.114013671875 (ms) to 52.983154296875 (ms), cudaEventElapsed = 25.840639114379883 (ms)
[RANK0] F @ 53.6630859375 (ms) to 81.228515625 (ms), cudaEventElapsed = 27.54355239868164 (ms)
[RANK0] F @ 81.88818359375 (ms) to 109.546630859375 (ms), cudaEventElapsed = 27.634687423706055 (ms)
[RANK0] F @ 110.211669921875 (ms) to 138.03173828125 (ms), cudaEventElapsed = 27.797504425048828 (ms)
[RANK0] F @ 138.698974609375 (ms) to 166.443359375 (ms), cudaEventElapsed = 27.72172737121582 (ms)
[RANK0] F @ 167.128662109375 (ms) to 195.111328125 (ms), cudaEventElapsed = 27.95929527282715 (ms)
[RANK0] F @ 195.77490234375 (ms) to 223.36865234375 (ms), cudaEventElapsed = 27.571199417114258 (ms)
[RANK0] F @ 224.048828125 (ms) to 251.652099609375 (ms), cudaEventElapsed = 27.578367233276367 (ms)
[RANK0] B @ 401.0771484375 (ms) to 434.302001953125 (ms), cudaEventElapsed = 33.20115280151367 (ms)
[RANK0] F @ 434.53759765625 (ms) to 460.35791015625 (ms), cudaEventElapsed = 25.797632217407227 (ms)
[RANK0] F @ 461.028076171875 (ms) to 487.939208984375 (ms), cudaEventElapsed = 26.887168884277344 (ms)
[RANK0] F @ 488.72802734375 (ms) to 516.905029296875 (ms), cudaEventElapsed = 28.15283203125 (ms)
[RANK0] B @ 559.506103515625 (ms) to 592.7958984375 (ms), cudaEventElapsed = 33.265663146972656 (ms)
[RANK0] W @ 593.029541015625 (ms) to 608.035400390625 (ms), cudaEventElapsed = 14.98316764831543 (ms)
[RANK0] W @ 608.25537109375 (ms) to 625.95947265625 (ms), cudaEventElapsed = 17.681407928466797 (ms)
[RANK0] B @ 644.286376953125 (ms) to 679.52392578125 (ms), cudaEventElapsed = 35.20716857910156 (ms)
[RANK0] W @ 679.7509765625 (ms) to 696.207763671875 (ms), cudaEventElapsed = 16.43212890625 (ms)
[RANK0] B @ 725.892578125 (ms) to 759.47509765625 (ms), cudaEventElapsed = 33.55955123901367 (ms)
[RANK0] W @ 759.79248046875 (ms) to 775.55322265625 (ms), cudaEventElapsed = 15.735808372497559 (ms)
[RANK0] B @ 776.413818359375 (ms) to 812.728759765625 (ms), cudaEventElapsed = 36.276222229003906 (ms)
[RANK0] W @ 812.937255859375 (ms) to 830.50244140625 (ms), cudaEventElapsed = 17.543167114257812 (ms)
[RANK0] B @ 853.495849609375 (ms) to 887.46533203125 (ms), cudaEventElapsed = 33.948673248291016 (ms)
[RANK0] W @ 887.671630859375 (ms) to 903.541015625 (ms), cudaEventElapsed = 15.845376014709473 (ms)
[RANK0] B @ 924.84375 (ms) to 958.94580078125 (ms), cudaEventElapsed = 34.079742431640625 (ms)
[RANK0] W @ 959.687744140625 (ms) to 975.759521484375 (ms), cudaEventElapsed = 16.046079635620117 (ms)
[RANK0] B @ 997.910888671875 (ms) to 1031.633544921875 (ms), cudaEventElapsed = 33.702911376953125 (ms)
[RANK0] W @ 1031.92041015625 (ms) to 1047.52294921875 (ms), cudaEventElapsed = 15.57811164855957 (ms)
[RANK0] B @ 1048.3876953125 (ms) to 1085.152099609375 (ms), cudaEventElapsed = 36.74214553833008 (ms)
[RANK0] W @ 1085.382080078125 (ms) to 1102.96044921875 (ms), cudaEventElapsed = 17.554431915283203 (ms)
[RANK0] B @ 1143.36962890625 (ms) to 1176.740234375 (ms), cudaEventElapsed = 33.34860610961914 (ms)
[RANK0] W @ 1176.97900390625 (ms) to 1192.73486328125 (ms), cudaEventElapsed = 15.732735633850098 (ms)
[RANK0] B @ 1245.91455078125 (ms) to 1279.10693359375 (ms), cudaEventElapsed = 33.172481536865234 (ms)
[RANK0] W @ 1279.3291015625 (ms) to 1294.596923828125 (ms), cudaEventElapsed = 15.244288444519043 (ms)
[RANK0] B @ 1375.1640625 (ms) to 1408.157958984375 (ms), cudaEventElapsed = 32.97382354736328 (ms)
[RANK0] 1W @ 1408.490966796875 (ms) to 1423.875244140625 (ms), cudaEventElapsed = 15.361023902893066 (ms)
[RANK0] Iteration 6
[RANK0] F @ 0.455078125 (ms) to 25.825439453125 (ms), cudaEventElapsed = 25.32966423034668 (ms)
[RANK0] F @ 26.494384765625 (ms) to 51.958251953125 (ms), cudaEventElapsed = 25.441280364990234 (ms)
[RANK0] F @ 53.06591796875 (ms) to 79.87109375 (ms), cudaEventElapsed = 26.778623580932617 (ms)
[RANK0] F @ 80.538818359375 (ms) to 108.34130859375 (ms), cudaEventElapsed = 27.779071807861328 (ms)
[RANK0] F @ 109.0302734375 (ms) to 136.78857421875 (ms), cudaEventElapsed = 27.73504066467285 (ms)
[RANK0] F @ 137.465576171875 (ms) to 165.29150390625 (ms), cudaEventElapsed = 27.802623748779297 (ms)
[RANK0] F @ 165.959228515625 (ms) to 193.582763671875 (ms), cudaEventElapsed = 27.60089683532715 (ms)
[RANK0] F @ 194.26318359375 (ms) to 221.5439453125 (ms), cudaEventElapsed = 27.258880615234375 (ms)
[RANK0] F @ 222.22802734375 (ms) to 250.19677734375 (ms), cudaEventElapsed = 27.94495964050293 (ms)
[RANK0] B @ 400.839111328125 (ms) to 434.0234375 (ms), cudaEventElapsed = 33.156097412109375 (ms)
[RANK0] F @ 434.288818359375 (ms) to 459.6123046875 (ms), cudaEventElapsed = 25.29484748840332 (ms)
[RANK0] F @ 460.31201171875 (ms) to 488.00927734375 (ms), cudaEventElapsed = 27.671552658081055 (ms)
[RANK0] F @ 488.829833984375 (ms) to 516.9755859375 (ms), cudaEventElapsed = 28.1210880279541 (ms)
[RANK0] B @ 558.268798828125 (ms) to 591.70458984375 (ms), cudaEventElapsed = 33.41209411621094 (ms)
[RANK0] W @ 591.931884765625 (ms) to 607.3876953125 (ms), cudaEventElapsed = 15.432703971862793 (ms)
[RANK0] W @ 607.607666015625 (ms) to 624.512451171875 (ms), cudaEventElapsed = 16.872447967529297 (ms)
[RANK0] B @ 641.985595703125 (ms) to 677.24560546875 (ms), cudaEventElapsed = 35.23686218261719 (ms)
[RANK0] W @ 677.47412109375 (ms) to 693.8115234375 (ms), cudaEventElapsed = 16.315391540527344 (ms)
[RANK0] B @ 723.978271484375 (ms) to 757.46435546875 (ms), cudaEventElapsed = 33.461246490478516 (ms)
[RANK0] W @ 757.7890625 (ms) to 773.4609375 (ms), cudaEventElapsed = 15.646719932556152 (ms)
[RANK0] B @ 774.32373046875 (ms) to 810.55078125 (ms), cudaEventElapsed = 36.20556640625 (ms)
[RANK0] W @ 810.762939453125 (ms) to 828.551025390625 (ms), cudaEventElapsed = 17.7653751373291 (ms)
[RANK0] B @ 853.102294921875 (ms) to 887.072265625 (ms), cudaEventElapsed = 33.94764709472656 (ms)
[RANK0] W @ 887.2763671875 (ms) to 903.62255859375 (ms), cudaEventElapsed = 16.320512771606445 (ms)
[RANK0] B @ 924.08203125 (ms) to 958.18115234375 (ms), cudaEventElapsed = 34.07769775390625 (ms)
[RANK0] W @ 958.383544921875 (ms) to 974.3095703125 (ms), cudaEventElapsed = 15.90272045135498 (ms)
[RANK0] B @ 996.810546875 (ms) to 1030.903076171875 (ms), cudaEventElapsed = 34.07155227661133 (ms)
[RANK0] W @ 1031.205810546875 (ms) to 1047.348876953125 (ms), cudaEventElapsed = 16.117759704589844 (ms)
[RANK0] B @ 1048.20703125 (ms) to 1084.4013671875 (ms), cudaEventElapsed = 36.173824310302734 (ms)
[RANK0] W @ 1084.645751953125 (ms) to 1102.27197265625 (ms), cudaEventElapsed = 17.6046085357666 (ms)
[RANK0] B @ 1142.704345703125 (ms) to 1175.96826171875 (ms), cudaEventElapsed = 33.238014221191406 (ms)
[RANK0] W @ 1176.179931640625 (ms) to 1191.438720703125 (ms), cudaEventElapsed = 15.235072135925293 (ms)
[RANK0] B @ 1243.71435546875 (ms) to 1276.849853515625 (ms), cudaEventElapsed = 33.11616134643555 (ms)
[RANK0] W @ 1277.06884765625 (ms) to 1292.350830078125 (ms), cudaEventElapsed = 15.260671615600586 (ms)
[RANK0] B @ 1371.48486328125 (ms) to 1404.524658203125 (ms), cudaEventElapsed = 33.01683044433594 (ms)
[RANK0] 1W @ 1404.865234375 (ms) to 1419.742431640625 (ms), cudaEventElapsed = 14.854144096374512 (ms)
[RANK0] Iteration 7
[RANK0] F @ 0.477294921875 (ms) to 26.443115234375 (ms), cudaEventElapsed = 25.94099235534668 (ms)
[RANK0] F @ 27.283203125 (ms) to 52.828125 (ms), cudaEventElapsed = 25.51705551147461 (ms)
[RANK0] F @ 54.254150390625 (ms) to 82.232666015625 (ms), cudaEventElapsed = 27.94598388671875 (ms)
[RANK0] F @ 83.12353515625 (ms) to 111.341064453125 (ms), cudaEventElapsed = 28.17945671081543 (ms)
[RANK0] F @ 112.031494140625 (ms) to 139.492919921875 (ms), cudaEventElapsed = 27.436031341552734 (ms)
[RANK0] F @ 140.196044921875 (ms) to 168.16845703125 (ms), cudaEventElapsed = 27.94598388671875 (ms)
[RANK0] F @ 168.8505859375 (ms) to 196.472900390625 (ms), cudaEventElapsed = 27.598848342895508 (ms)
[RANK0] F @ 197.14990234375 (ms) to 224.956298828125 (ms), cudaEventElapsed = 27.78214454650879 (ms)
[RANK0] F @ 225.66015625 (ms) to 253.685546875 (ms), cudaEventElapsed = 27.999231338500977 (ms)
[RANK0] B @ 398.19677734375 (ms) to 431.367919921875 (ms), cudaEventElapsed = 33.14790344238281 (ms)
[RANK0] F @ 431.583251953125 (ms) to 457.1162109375 (ms), cudaEventElapsed = 25.51091194152832 (ms)
[RANK0] F @ 457.807861328125 (ms) to 485.608642578125 (ms), cudaEventElapsed = 27.778047561645508 (ms)
[RANK0] F @ 486.403076171875 (ms) to 514.40869140625 (ms), cudaEventElapsed = 27.98182487487793 (ms)
[RANK0] B @ 556.54248046875 (ms) to 589.856201171875 (ms), cudaEventElapsed = 33.29228973388672 (ms)
[RANK0] W @ 590.073486328125 (ms) to 605.248291015625 (ms), cudaEventElapsed = 15.152128219604492 (ms)
[RANK0] W @ 605.45263671875 (ms) to 622.083984375 (ms), cudaEventElapsed = 16.60927963256836 (ms)
[RANK0] B @ 639.58056640625 (ms) to 674.90283203125 (ms), cudaEventElapsed = 35.300350189208984 (ms)
[RANK0] W @ 675.130859375 (ms) to 691.650146484375 (ms), cudaEventElapsed = 16.495616912841797 (ms)
[RANK0] B @ 721.27734375 (ms) to 754.843017578125 (ms), cudaEventElapsed = 33.544193267822266 (ms)
[RANK0] W @ 755.1533203125 (ms) to 770.980712890625 (ms), cudaEventElapsed = 15.804415702819824 (ms)
[RANK0] B @ 771.8193359375 (ms) to 808.216552734375 (ms), cudaEventElapsed = 36.375553131103516 (ms)
[RANK0] W @ 808.416015625 (ms) to 826.09765625 (ms), cudaEventElapsed = 17.65990447998047 (ms)
[RANK0] B @ 850.278564453125 (ms) to 884.251220703125 (ms), cudaEventElapsed = 33.95276641845703 (ms)
[RANK0] W @ 884.453857421875 (ms) to 900.4130859375 (ms), cudaEventElapsed = 15.936511993408203 (ms)
[RANK0] B @ 921.435302734375 (ms) to 955.541015625 (ms), cudaEventElapsed = 34.08486557006836 (ms)
[RANK0] W @ 956.311279296875 (ms) to 972.45654296875 (ms), cudaEventElapsed = 16.119808197021484 (ms)
[RANK0] B @ 994.028076171875 (ms) to 1028.327880859375 (ms), cudaEventElapsed = 34.279422760009766 (ms)
[RANK0] W @ 1028.62890625 (ms) to 1044.73974609375 (ms), cudaEventElapsed = 16.084991455078125 (ms)
[RANK0] B @ 1045.60693359375 (ms) to 1081.541015625 (ms), cudaEventElapsed = 35.911678314208984 (ms)
[RANK0] W @ 1081.77490234375 (ms) to 1099.19580078125 (ms), cudaEventElapsed = 17.39673614501953 (ms)
[RANK0] B @ 1139.005615234375 (ms) to 1172.293701171875 (ms), cudaEventElapsed = 33.26668930053711 (ms)
[RANK0] W @ 1172.520751953125 (ms) to 1187.67822265625 (ms), cudaEventElapsed = 15.133695602416992 (ms)
[RANK0] B @ 1238.82958984375 (ms) to 1271.940673828125 (ms), cudaEventElapsed = 33.09056091308594 (ms)
[RANK0] W @ 1272.157470703125 (ms) to 1287.16259765625 (ms), cudaEventElapsed = 14.98316764831543 (ms)
[RANK0] B @ 1367.350341796875 (ms) to 1400.359619140625 (ms), cudaEventElapsed = 32.98508834838867 (ms)
[RANK0] 1W @ 1400.69580078125 (ms) to 1415.46044921875 (ms), cudaEventElapsed = 14.742527961730957 (ms)
[RANK0] Iteration 8
[RANK0] F @ 1.090576171875 (ms) to 26.3984375 (ms), cudaEventElapsed = 25.2805118560791 (ms)
[RANK0] F @ 27.2109375 (ms) to 52.822998046875 (ms), cudaEventElapsed = 25.582592010498047 (ms)
[RANK0] F @ 54.181640625 (ms) to 81.124267578125 (ms), cudaEventElapsed = 26.90355110168457 (ms)
[RANK0] F @ 81.79638671875 (ms) to 109.62158203125 (ms), cudaEventElapsed = 27.803647994995117 (ms)
[RANK0] F @ 110.30712890625 (ms) to 137.892578125 (ms), cudaEventElapsed = 27.561983108520508 (ms)
[RANK0] F @ 138.567138671875 (ms) to 166.489013671875 (ms), cudaEventElapsed = 27.894784927368164 (ms)
[RANK0] F @ 167.17822265625 (ms) to 194.89501953125 (ms), cudaEventElapsed = 27.694080352783203 (ms)
[RANK0] F @ 195.5751953125 (ms) to 223.267578125 (ms), cudaEventElapsed = 27.669504165649414 (ms)
[RANK0] F @ 223.960205078125 (ms) to 252.051025390625 (ms), cudaEventElapsed = 28.067840576171875 (ms)
[RANK0] B @ 399.020263671875 (ms) to 432.181640625 (ms), cudaEventElapsed = 33.13663864135742 (ms)
[RANK0] F @ 432.401611328125 (ms) to 457.796875 (ms), cudaEventElapsed = 25.370624542236328 (ms)
[RANK0] F @ 458.46875 (ms) to 485.82568359375 (ms), cudaEventElapsed = 27.33260726928711 (ms)
[RANK0] F @ 486.622802734375 (ms) to 514.468994140625 (ms), cudaEventElapsed = 27.822080612182617 (ms)
[RANK0] B @ 555.623779296875 (ms) to 588.92041015625 (ms), cudaEventElapsed = 33.27385711669922 (ms)
[RANK0] W @ 589.14990234375 (ms) to 604.386474609375 (ms), cudaEventElapsed = 15.213567733764648 (ms)
[RANK0] W @ 604.583740234375 (ms) to 621.541015625 (ms), cudaEventElapsed = 16.935935974121094 (ms)
[RANK0] B @ 638.712158203125 (ms) to 673.99658203125 (ms), cudaEventElapsed = 35.26144027709961 (ms)
[RANK0] W @ 674.212890625 (ms) to 690.284912109375 (ms), cudaEventElapsed = 16.048128128051758 (ms)
[RANK0] B @ 719.472412109375 (ms) to 752.939208984375 (ms), cudaEventElapsed = 33.42643356323242 (ms)
[RANK0] W @ 753.23486328125 (ms) to 768.522216796875 (ms), cudaEventElapsed = 15.263744354248047 (ms)
[RANK0] B @ 769.39306640625 (ms) to 804.878173828125 (ms), cudaEventElapsed = 35.46419143676758 (ms)
[RANK0] W @ 805.108154296875 (ms) to 822.98046875 (ms), cudaEventElapsed = 17.84934425354004 (ms)
[RANK0] B @ 848.273193359375 (ms) to 882.09130859375 (ms), cudaEventElapsed = 33.797119140625 (ms)
[RANK0] W @ 882.320068359375 (ms) to 897.75341796875 (ms), cudaEventElapsed = 15.410176277160645 (ms)
[RANK0] B @ 920.307861328125 (ms) to 954.122314453125 (ms), cudaEventElapsed = 33.79404830932617 (ms)
[RANK0] W @ 954.893310546875 (ms) to 970.38427734375 (ms), cudaEventElapsed = 15.466496467590332 (ms)
[RANK0] B @ 993.125 (ms) to 1026.808349609375 (ms), cudaEventElapsed = 33.660926818847656 (ms)
[RANK0] W @ 1027.101806640625 (ms) to 1043.223876953125 (ms), cudaEventElapsed = 16.096256256103516 (ms)
[RANK0] B @ 1044.08203125 (ms) to 1080.742431640625 (ms), cudaEventElapsed = 36.63872146606445 (ms)
[RANK0] W @ 1080.96435546875 (ms) to 1098.531982421875 (ms), cudaEventElapsed = 17.544191360473633 (ms)
[RANK0] B @ 1139.181396484375 (ms) to 1172.361083984375 (ms), cudaEventElapsed = 33.1591682434082 (ms)
[RANK0] W @ 1172.57470703125 (ms) to 1187.755615234375 (ms), cudaEventElapsed = 15.158271789550781 (ms)
[RANK0] B @ 1240.032470703125 (ms) to 1273.12646484375 (ms), cudaEventElapsed = 33.07417678833008 (ms)
[RANK0] W @ 1273.333984375 (ms) to 1288.46044921875 (ms), cudaEventElapsed = 15.104000091552734 (ms)
[RANK0] B @ 1369.026611328125 (ms) to 1401.950439453125 (ms), cudaEventElapsed = 32.903167724609375 (ms)
[RANK0] 1W @ 1402.28173828125 (ms) to 1417.07763671875 (ms), cudaEventElapsed = 14.773247718811035 (ms)
[RANK0] Iteration 9
[RANK0] F @ 0.798095703125 (ms) to 26.109619140625 (ms), cudaEventElapsed = 25.27948760986328 (ms)
[RANK0] F @ 26.923095703125 (ms) to 52.26611328125 (ms), cudaEventElapsed = 25.31532859802246 (ms)
[RANK0] F @ 53.642822265625 (ms) to 81.553466796875 (ms), cudaEventElapsed = 27.878400802612305 (ms)
[RANK0] F @ 82.22705078125 (ms) to 110.013427734375 (ms), cudaEventElapsed = 27.76268768310547 (ms)
[RANK0] F @ 110.7255859375 (ms) to 138.08349609375 (ms), cudaEventElapsed = 27.33260726928711 (ms)
[RANK0] F @ 138.77783203125 (ms) to 166.652587890625 (ms), cudaEventElapsed = 27.852800369262695 (ms)
[RANK0] F @ 167.326416015625 (ms) to 195.11376953125 (ms), cudaEventElapsed = 27.76473617553711 (ms)
[RANK0] F @ 195.788330078125 (ms) to 223.779541015625 (ms), cudaEventElapsed = 27.967487335205078 (ms)
[RANK0] F @ 224.482666015625 (ms) to 252.622802734375 (ms), cudaEventElapsed = 28.115968704223633 (ms)
[RANK0] B @ 402.09375 (ms) to 435.2109375 (ms), cudaEventElapsed = 33.089534759521484 (ms)
[RANK0] F @ 435.440673828125 (ms) to 461.490966796875 (ms), cudaEventElapsed = 26.023935317993164 (ms)
[RANK0] F @ 462.18505859375 (ms) to 489.1640625 (ms), cudaEventElapsed = 26.95475196838379 (ms)
[RANK0] F @ 489.950439453125 (ms) to 517.198974609375 (ms), cudaEventElapsed = 27.217920303344727 (ms)
[RANK0] B @ 557.631591796875 (ms) to 590.9541015625 (ms), cudaEventElapsed = 33.291263580322266 (ms)
[RANK0] W @ 591.17041015625 (ms) to 606.078369140625 (ms), cudaEventElapsed = 14.88588809967041 (ms)
[RANK0] W @ 606.2958984375 (ms) to 622.401611328125 (ms), cudaEventElapsed = 16.081920623779297 (ms)
[RANK0] B @ 641.69580078125 (ms) to 676.66064453125 (ms), cudaEventElapsed = 34.941951751708984 (ms)
[RANK0] W @ 676.881591796875 (ms) to 693.3056640625 (ms), cudaEventElapsed = 16.4003849029541 (ms)
[RANK0] B @ 723.01171875 (ms) to 756.460205078125 (ms), cudaEventElapsed = 33.42438507080078 (ms)
[RANK0] W @ 756.778564453125 (ms) to 772.683349609375 (ms), cudaEventElapsed = 15.880191802978516 (ms)
[RANK0] B @ 773.558837890625 (ms) to 810.74169921875 (ms), cudaEventElapsed = 37.16096115112305 (ms)
[RANK0] W @ 810.973876953125 (ms) to 828.612060546875 (ms), cudaEventElapsed = 17.61382484436035 (ms)
[RANK0] B @ 851.935791015625 (ms) to 885.87890625 (ms), cudaEventElapsed = 33.92204666137695 (ms)
[RANK0] W @ 886.09375 (ms) to 901.973388671875 (ms), cudaEventElapsed = 15.855615615844727 (ms)
[RANK0] B @ 923.710205078125 (ms) to 957.548095703125 (ms), cudaEventElapsed = 33.81657409667969 (ms)
[RANK0] W @ 958.319580078125 (ms) to 974.409423828125 (ms), cudaEventElapsed = 16.065536499023438 (ms)
[RANK0] B @ 996.583251953125 (ms) to 1030.24365234375 (ms), cudaEventElapsed = 33.63942337036133 (ms)
[RANK0] W @ 1030.537841796875 (ms) to 1046.005126953125 (ms), cudaEventElapsed = 15.441920280456543 (ms)
[RANK0] B @ 1046.856689453125 (ms) to 1082.46875 (ms), cudaEventElapsed = 35.592193603515625 (ms)
[RANK0] W @ 1082.6796875 (ms) to 1100.548095703125 (ms), cudaEventElapsed = 17.8472957611084 (ms)
[RANK0] B @ 1143.224609375 (ms) to 1176.40185546875 (ms), cudaEventElapsed = 33.15711975097656 (ms)
[RANK0] W @ 1176.61279296875 (ms) to 1192.166015625 (ms), cudaEventElapsed = 15.531007766723633 (ms)
[RANK0] B @ 1243.63623046875 (ms) to 1276.660888671875 (ms), cudaEventElapsed = 32.9984016418457 (ms)
[RANK0] W @ 1276.900390625 (ms) to 1292.34228515625 (ms), cudaEventElapsed = 15.415295600891113 (ms)
[RANK0] B @ 1373.2578125 (ms) to 1406.4443359375 (ms), cudaEventElapsed = 33.16019058227539 (ms)
[RANK0] 1W @ 1406.823974609375 (ms) to 1422.0693359375 (ms), cudaEventElapsed = 15.222784042358398 (ms)
