[RANK1] Iteration 1
[RANK1] F @ 82.9365234375 (ms) to 115.099365234375 (ms), cudaEventElapsed = 32.10831832885742 (ms)
[RANK1] F @ 165.77587890625 (ms) to 197.40966796875 (ms), cudaEventElapsed = 31.57904052734375 (ms)
[RANK1] F @ 197.872314453125 (ms) to 232.14697265625 (ms), cudaEventElapsed = 34.23747253417969 (ms)
[RANK1] F @ 232.450927734375 (ms) to 512.344970703125 (ms), cudaEventElapsed = 279.85919189453125 (ms)
[RANK1] F @ 513.973876953125 (ms) to 551.60693359375 (ms), cudaEventElapsed = 37.59711837768555 (ms)
[RANK1] B @ 562.668212890625 (ms) to 606.504150390625 (ms), cudaEventElapsed = 43.793983459472656 (ms)
[RANK1] F @ 611.074462890625 (ms) to 643.506591796875 (ms), cudaEventElapsed = 32.38764953613281 (ms)
[RANK1] B @ 643.816650390625 (ms) to 688.012939453125 (ms), cudaEventElapsed = 44.164512634277344 (ms)
[RANK1] F @ 689.25439453125 (ms) to 723.648681640625 (ms), cudaEventElapsed = 34.349151611328125 (ms)
[RANK1] B @ 723.95751953125 (ms) to 768.263916015625 (ms), cudaEventElapsed = 44.27436828613281 (ms)
[RANK1] F @ 768.587158203125 (ms) to 803.111328125 (ms), cudaEventElapsed = 34.47382354736328 (ms)
[RANK1] B @ 803.48486328125 (ms) to 847.974853515625 (ms), cudaEventElapsed = 44.45814514160156 (ms)
[RANK1] W @ 848.20166015625 (ms) to 869.869384765625 (ms), cudaEventElapsed = 21.63711929321289 (ms)
[RANK1] F @ 870.0048828125 (ms) to 904.419189453125 (ms), cudaEventElapsed = 34.38460922241211 (ms)
[RANK1] B @ 1059.04638671875 (ms) to 1098.82861328125 (ms), cudaEventElapsed = 39.74041748046875 (ms)
[RANK1] B @ 1139.610107421875 (ms) to 1178.6552734375 (ms), cudaEventElapsed = 38.99612808227539 (ms)
[RANK1] W @ 1178.805419921875 (ms) to 1197.678466796875 (ms), cudaEventElapsed = 18.84569549560547 (ms)
[RANK1] F @ 1197.923095703125 (ms) to 1232.08251953125 (ms), cudaEventElapsed = 34.13004684448242 (ms)
[RANK1] B @ 1242.2685546875 (ms) to 1285.97900390625 (ms), cudaEventElapsed = 43.67686462402344 (ms)
[RANK1] B @ 1287.275146484375 (ms) to 1328.673583984375 (ms), cudaEventElapsed = 41.35404968261719 (ms)
[RANK1] W @ 1328.81689453125 (ms) to 1348.71826171875 (ms), cudaEventElapsed = 19.868671417236328 (ms)
[RANK1] F @ 1348.96044921875 (ms) to 1383.0068359375 (ms), cudaEventElapsed = 34.01737594604492 (ms)
[RANK1] B @ 1384.607177734375 (ms) to 1428.812255859375 (ms), cudaEventElapsed = 44.167808532714844 (ms)
[RANK1] W @ 1429.011962890625 (ms) to 1451.026611328125 (ms), cudaEventElapsed = 20.91315269470215 (ms)
[RANK1] F @ 1451.2724609375 (ms) to 1485.531494140625 (ms), cudaEventElapsed = 34.22796630859375 (ms)
[RANK1] B @ 1485.803466796875 (ms) to 1530.017578125 (ms), cudaEventElapsed = 44.183998107910156 (ms)
[RANK1] W @ 1530.142822265625 (ms) to 1551.17041015625 (ms), cudaEventElapsed = 20.997119903564453 (ms)
[RANK1] W @ 1551.31005859375 (ms) to 1572.628173828125 (ms), cudaEventElapsed = 21.28998374938965 (ms)
[RANK1] B @ 1586.58544921875 (ms) to 1627.015625 (ms), cudaEventElapsed = 40.39923095703125 (ms)
[RANK1] W @ 1627.141845703125 (ms) to 1646.68798828125 (ms), cudaEventElapsed = 19.518463134765625 (ms)
[RANK1] W @ 1646.82568359375 (ms) to 1667.9814453125 (ms), cudaEventElapsed = 21.129215240478516 (ms)
[RANK1] B @ 1672.021240234375 (ms) to 1713.791015625 (ms), cudaEventElapsed = 41.74009704589844 (ms)
[RANK1] 4W @ 1713.9248046875 (ms) to 1796.61962890625 (ms), cudaEventElapsed = 82.6593246459961 (ms)
[RANK1] Iteration 2
[RANK1] F @ 29.390380859375 (ms) to 61.304931640625 (ms), cudaEventElapsed = 31.872255325317383 (ms)
[RANK1] F @ 61.74560546875 (ms) to 96.06005859375 (ms), cudaEventElapsed = 34.26668930053711 (ms)
[RANK1] F @ 96.490234375 (ms) to 133.3330078125 (ms), cudaEventElapsed = 36.80992126464844 (ms)
[RANK1] F @ 133.678466796875 (ms) to 169.88427734375 (ms), cudaEventElapsed = 36.172767639160156 (ms)
[RANK1] F @ 171.37451171875 (ms) to 207.489013671875 (ms), cudaEventElapsed = 36.07769775390625 (ms)
[RANK1] B @ 223.011962890625 (ms) to 265.0419921875 (ms), cudaEventElapsed = 41.97760009765625 (ms)
[RANK1] F @ 265.4091796875 (ms) to 298.58154296875 (ms), cudaEventElapsed = 33.14070510864258 (ms)
[RANK1] B @ 301.671630859375 (ms) to 345.128173828125 (ms), cudaEventElapsed = 43.42262268066406 (ms)
[RANK1] F @ 346.496337890625 (ms) to 380.033203125 (ms), cudaEventElapsed = 33.500160217285156 (ms)
[RANK1] B @ 381.068603515625 (ms) to 424.63623046875 (ms), cudaEventElapsed = 43.53510284423828 (ms)
[RANK1] F @ 424.97998046875 (ms) to 459.21142578125 (ms), cudaEventElapsed = 34.19852828979492 (ms)
[RANK1] B @ 461.546142578125 (ms) to 505.24462890625 (ms), cudaEventElapsed = 43.66227340698242 (ms)
[RANK1] W @ 505.50146484375 (ms) to 526.884765625 (ms), cudaEventElapsed = 21.218303680419922 (ms)
[RANK1] F @ 527.056884765625 (ms) to 560.43896484375 (ms), cudaEventElapsed = 33.35116958618164 (ms)
[RANK1] B @ 561.73828125 (ms) to 606.870361328125 (ms), cudaEventElapsed = 45.09881591796875 (ms)
[RANK1] B @ 619.08642578125 (ms) to 659.48828125 (ms), cudaEventElapsed = 40.36399841308594 (ms)
[RANK1] W @ 659.66259765625 (ms) to 679.099609375 (ms), cudaEventElapsed = 19.404800415039062 (ms)
[RANK1] F @ 679.369384765625 (ms) to 713.7900390625 (ms), cudaEventElapsed = 34.391841888427734 (ms)
[RANK1] B @ 721.902099609375 (ms) to 766.40625 (ms), cudaEventElapsed = 44.469215393066406 (ms)
[RANK1] B @ 767.7998046875 (ms) to 809.125244140625 (ms), cudaEventElapsed = 41.28889465332031 (ms)
[RANK1] W @ 809.295654296875 (ms) to 828.86572265625 (ms), cudaEventElapsed = 19.534847259521484 (ms)
[RANK1] F @ 829.14208984375 (ms) to 863.010498046875 (ms), cudaEventElapsed = 33.837921142578125 (ms)
[RANK1] B @ 863.981201171875 (ms) to 908.36767578125 (ms), cudaEventElapsed = 44.35475158691406 (ms)
[RANK1] W @ 908.603271484375 (ms) to 931.11572265625 (ms), cudaEventElapsed = 21.48454475402832 (ms)
[RANK1] F @ 931.392578125 (ms) to 965.767578125 (ms), cudaEventElapsed = 34.34457778930664 (ms)
[RANK1] B @ 968.1318359375 (ms) to 1011.415283203125 (ms), cudaEventElapsed = 43.249534606933594 (ms)
[RANK1] W @ 1011.58544921875 (ms) to 1032.197509765625 (ms), cudaEventElapsed = 20.576255798339844 (ms)
[RANK1] W @ 1032.372314453125 (ms) to 1053.75830078125 (ms), cudaEventElapsed = 21.357568740844727 (ms)
[RANK1] B @ 1071.31689453125 (ms) to 1111.731689453125 (ms), cudaEventElapsed = 40.38399887084961 (ms)
[RANK1] W @ 1111.893798828125 (ms) to 1131.02685546875 (ms), cudaEventElapsed = 19.09760093688965 (ms)
[RANK1] W @ 1131.1943359375 (ms) to 1152.28564453125 (ms), cudaEventElapsed = 21.06265640258789 (ms)
[RANK1] B @ 1157.2529296875 (ms) to 1199.5712890625 (ms), cudaEventElapsed = 42.287105560302734 (ms)
[RANK1] 4W @ 1199.74169921875 (ms) to 1283.058349609375 (ms), cudaEventElapsed = 83.28294372558594 (ms)
[RANK1] Iteration 3
[RANK1] F @ 29.3193359375 (ms) to 61.252685546875 (ms), cudaEventElapsed = 31.894336700439453 (ms)
[RANK1] F @ 61.6630859375 (ms) to 95.986328125 (ms), cudaEventElapsed = 34.29084777832031 (ms)
[RANK1] F @ 96.402587890625 (ms) to 133.203125 (ms), cudaEventElapsed = 36.768672943115234 (ms)
[RANK1] F @ 133.550537109375 (ms) to 169.767578125 (ms), cudaEventElapsed = 36.18342590332031 (ms)
[RANK1] F @ 171.343994140625 (ms) to 207.409912109375 (ms), cudaEventElapsed = 36.03071975708008 (ms)
[RANK1] B @ 223.20849609375 (ms) to 265.23876953125 (ms), cudaEventElapsed = 41.989471435546875 (ms)
[RANK1] F @ 265.63720703125 (ms) to 298.81396484375 (ms), cudaEventElapsed = 33.14195251464844 (ms)
[RANK1] B @ 302.349365234375 (ms) to 346.27734375 (ms), cudaEventElapsed = 43.89152145385742 (ms)
[RANK1] F @ 347.75390625 (ms) to 381.5068359375 (ms), cudaEventElapsed = 33.7154541015625 (ms)
[RANK1] B @ 381.939453125 (ms) to 425.881103515625 (ms), cudaEventElapsed = 43.90822219848633 (ms)
[RANK1] F @ 426.265625 (ms) to 460.663330078125 (ms), cudaEventElapsed = 34.36457443237305 (ms)
[RANK1] B @ 461.0966796875 (ms) to 505.086669921875 (ms), cudaEventElapsed = 43.95840072631836 (ms)
[RANK1] W @ 505.360595703125 (ms) to 527.00927734375 (ms), cudaEventElapsed = 21.47532844543457 (ms)
[RANK1] F @ 527.17236328125 (ms) to 560.55126953125 (ms), cudaEventElapsed = 33.34726333618164 (ms)
[RANK1] B @ 561.996337890625 (ms) to 607.139892578125 (ms), cudaEventElapsed = 45.10947036743164 (ms)
[RANK1] B @ 619.776123046875 (ms) to 660.146240234375 (ms), cudaEventElapsed = 40.324031829833984 (ms)
[RANK1] W @ 660.355712890625 (ms) to 679.79931640625 (ms), cudaEventElapsed = 19.40991973876953 (ms)
[RANK1] F @ 680.090576171875 (ms) to 714.565185546875 (ms), cudaEventElapsed = 34.44166564941406 (ms)
[RANK1] B @ 722.680908203125 (ms) to 767.11767578125 (ms), cudaEventElapsed = 44.39955139160156 (ms)
[RANK1] B @ 768.855712890625 (ms) to 810.0048828125 (ms), cudaEventElapsed = 41.10918426513672 (ms)
[RANK1] W @ 810.196533203125 (ms) to 829.909912109375 (ms), cudaEventElapsed = 19.680255889892578 (ms)
[RANK1] F @ 830.195556640625 (ms) to 864.337646484375 (ms), cudaEventElapsed = 34.113121032714844 (ms)
[RANK1] B @ 864.695068359375 (ms) to 909.75927734375 (ms), cudaEventElapsed = 45.01679992675781 (ms)
[RANK1] W @ 910.01513671875 (ms) to 933.002197265625 (ms), cudaEventElapsed = 21.88287925720215 (ms)
[RANK1] F @ 933.30419921875 (ms) to 967.898681640625 (ms), cudaEventElapsed = 34.5610237121582 (ms)
[RANK1] B @ 968.337890625 (ms) to 1012.219482421875 (ms), cudaEventElapsed = 43.84883117675781 (ms)
[RANK1] W @ 1012.393798828125 (ms) to 1033.25830078125 (ms), cudaEventElapsed = 20.82713508605957 (ms)
[RANK1] W @ 1033.431640625 (ms) to 1054.848388671875 (ms), cudaEventElapsed = 21.389312744140625 (ms)
[RANK1] B @ 1071.306396484375 (ms) to 1111.671875 (ms), cudaEventElapsed = 40.334049224853516 (ms)
[RANK1] W @ 1111.84228515625 (ms) to 1131.0986328125 (ms), cudaEventElapsed = 19.22150421142578 (ms)
[RANK1] W @ 1131.26611328125 (ms) to 1152.196533203125 (ms), cudaEventElapsed = 20.902912139892578 (ms)
[RANK1] B @ 1157.123046875 (ms) to 1199.490478515625 (ms), cudaEventElapsed = 42.335968017578125 (ms)
[RANK1] 4W @ 1199.65771484375 (ms) to 1282.95751953125 (ms), cudaEventElapsed = 83.26553344726562 (ms)
[RANK1] Iteration 4
[RANK1] F @ 29.00927734375 (ms) to 60.960693359375 (ms), cudaEventElapsed = 31.915327072143555 (ms)
[RANK1] F @ 61.365234375 (ms) to 95.6591796875 (ms), cudaEventElapsed = 34.262943267822266 (ms)
[RANK1] F @ 96.060791015625 (ms) to 133.210693359375 (ms), cudaEventElapsed = 37.11779022216797 (ms)
[RANK1] F @ 133.551025390625 (ms) to 170.099853515625 (ms), cudaEventElapsed = 36.51206588745117 (ms)
[RANK1] F @ 171.7138671875 (ms) to 207.992919921875 (ms), cudaEventElapsed = 36.242591857910156 (ms)
[RANK1] B @ 224.259033203125 (ms) to 266.910888671875 (ms), cudaEventElapsed = 42.613792419433594 (ms)
[RANK1] F @ 267.298583984375 (ms) to 302.776123046875 (ms), cudaEventElapsed = 35.444480895996094 (ms)
[RANK1] B @ 305.877685546875 (ms) to 350.468994140625 (ms), cudaEventElapsed = 44.55718231201172 (ms)
[RANK1] F @ 351.893798828125 (ms) to 387.72216796875 (ms), cudaEventElapsed = 35.781761169433594 (ms)
[RANK1] B @ 389.22119140625 (ms) to 433.5869140625 (ms), cudaEventElapsed = 44.33123016357422 (ms)
[RANK1] F @ 433.947021484375 (ms) to 470.00390625 (ms), cudaEventElapsed = 36.01724624633789 (ms)
[RANK1] B @ 472.7548828125 (ms) to 517.774658203125 (ms), cudaEventElapsed = 44.98463821411133 (ms)
[RANK1] W @ 518.013671875 (ms) to 542.27001953125 (ms), cudaEventElapsed = 24.09062385559082 (ms)
[RANK1] F @ 542.43310546875 (ms) to 579.740966796875 (ms), cudaEventElapsed = 37.27920150756836 (ms)
[RANK1] B @ 581.07958984375 (ms) to 627.968505859375 (ms), cudaEventElapsed = 46.856319427490234 (ms)
[RANK1] B @ 638.1875 (ms) to 681.359375 (ms), cudaEventElapsed = 43.1341438293457 (ms)
[RANK1] W @ 681.5556640625 (ms) to 704.72216796875 (ms), cudaEventElapsed = 23.132160186767578 (ms)
[RANK1] F @ 705.0068359375 (ms) to 743.51904296875 (ms), cudaEventElapsed = 38.4815673828125 (ms)
[RANK1] B @ 748.764892578125 (ms) to 794.246826171875 (ms), cudaEventElapsed = 45.4469108581543 (ms)
[RANK1] B @ 795.672119140625 (ms) to 839.70361328125 (ms), cudaEventElapsed = 43.993919372558594 (ms)
[RANK1] W @ 839.88330078125 (ms) to 863.859130859375 (ms), cudaEventElapsed = 23.938047409057617 (ms)
[RANK1] F @ 864.1357421875 (ms) to 905.365478515625 (ms), cudaEventElapsed = 41.20083236694336 (ms)
[RANK1] B @ 905.68310546875 (ms) to 954.376708984375 (ms), cudaEventElapsed = 48.66236877441406 (ms)
[RANK1] W @ 954.634033203125 (ms) to 979.43408203125 (ms), cudaEventElapsed = 23.742464065551758 (ms)
[RANK1] F @ 979.73681640625 (ms) to 1017.949462890625 (ms), cudaEventElapsed = 38.182945251464844 (ms)
[RANK1] B @ 1023.793212890625 (ms) to 1067.859130859375 (ms), cudaEventElapsed = 44.032161712646484 (ms)
[RANK1] W @ 1068.017822265625 (ms) to 1090.67578125 (ms), cudaEventElapsed = 22.62835121154785 (ms)
[RANK1] W @ 1090.8427734375 (ms) to 1120.008056640625 (ms), cudaEventElapsed = 29.13689613342285 (ms)
[RANK1] B @ 1133.672607421875 (ms) to 1178.553955078125 (ms), cudaEventElapsed = 44.8515510559082 (ms)
[RANK1] W @ 1178.7060546875 (ms) to 1201.90576171875 (ms), cudaEventElapsed = 23.170047760009766 (ms)
[RANK1] W @ 1202.065185546875 (ms) to 1228.78173828125 (ms), cudaEventElapsed = 26.688512802124023 (ms)
[RANK1] B @ 1232.2412109375 (ms) to 1279.2275390625 (ms), cudaEventElapsed = 46.95558547973633 (ms)
[RANK1] 4W @ 1279.3994140625 (ms) to 1382.7548828125 (ms), cudaEventElapsed = 103.32160186767578 (ms)
[RANK1] Iteration 5
[RANK1] F @ 29.392333984375 (ms) to 61.435791015625 (ms), cudaEventElapsed = 32.00691223144531 (ms)
[RANK1] F @ 61.855712890625 (ms) to 96.072021484375 (ms), cudaEventElapsed = 34.183265686035156 (ms)
[RANK1] F @ 96.470947265625 (ms) to 132.902587890625 (ms), cudaEventElapsed = 36.39971160888672 (ms)
[RANK1] F @ 133.232666015625 (ms) to 169.700439453125 (ms), cudaEventElapsed = 36.436927795410156 (ms)
[RANK1] F @ 171.231689453125 (ms) to 207.4677734375 (ms), cudaEventElapsed = 36.20064163208008 (ms)
[RANK1] B @ 223.3642578125 (ms) to 266.166259765625 (ms), cudaEventElapsed = 42.765281677246094 (ms)
[RANK1] F @ 266.5537109375 (ms) to 302.274658203125 (ms), cudaEventElapsed = 35.68928146362305 (ms)
[RANK1] B @ 305.263916015625 (ms) to 349.46435546875 (ms), cudaEventElapsed = 44.165985107421875 (ms)
[RANK1] F @ 350.86474609375 (ms) to 386.66455078125 (ms), cudaEventElapsed = 35.76095962524414 (ms)
[RANK1] B @ 388.5078125 (ms) to 433.50927734375 (ms), cudaEventElapsed = 44.967777252197266 (ms)
[RANK1] F @ 433.8701171875 (ms) to 470.18017578125 (ms), cudaEventElapsed = 36.27558517456055 (ms)
[RANK1] B @ 472.3349609375 (ms) to 517.421875 (ms), cudaEventElapsed = 45.03977584838867 (ms)
[RANK1] W @ 517.685546875 (ms) to 541.8427734375 (ms), cudaEventElapsed = 23.964672088623047 (ms)
[RANK1] F @ 542.00341796875 (ms) to 579.118896484375 (ms), cudaEventElapsed = 37.085792541503906 (ms)
[RANK1] B @ 580.537109375 (ms) to 627.53662109375 (ms), cudaEventElapsed = 46.96742248535156 (ms)
[RANK1] B @ 636.48974609375 (ms) to 679.868896484375 (ms), cudaEventElapsed = 43.34156799316406 (ms)
[RANK1] W @ 680.056884765625 (ms) to 703.08203125 (ms), cudaEventElapsed = 22.990848541259766 (ms)
[RANK1] F @ 703.367431640625 (ms) to 742.052978515625 (ms), cudaEventElapsed = 38.65715026855469 (ms)
[RANK1] B @ 747.284912109375 (ms) to 793.31396484375 (ms), cudaEventElapsed = 45.993438720703125 (ms)
[RANK1] B @ 794.75146484375 (ms) to 838.814453125 (ms), cudaEventElapsed = 44.020416259765625 (ms)
[RANK1] W @ 839.00341796875 (ms) to 862.77197265625 (ms), cudaEventElapsed = 23.733247756958008 (ms)
[RANK1] F @ 863.063232421875 (ms) to 904.779541015625 (ms), cudaEventElapsed = 41.687007904052734 (ms)
[RANK1] B @ 905.101318359375 (ms) to 954.20751953125 (ms), cudaEventElapsed = 49.0720329284668 (ms)
[RANK1] W @ 954.45947265625 (ms) to 979.746826171875 (ms), cudaEventElapsed = 24.233983993530273 (ms)
[RANK1] F @ 980.032958984375 (ms) to 1018.38916015625 (ms), cudaEventElapsed = 38.32575988769531 (ms)
[RANK1] B @ 1022.87890625 (ms) to 1067.496826171875 (ms), cudaEventElapsed = 44.58272171020508 (ms)
[RANK1] W @ 1067.66943359375 (ms) to 1090.0908203125 (ms), cudaEventElapsed = 22.384639739990234 (ms)
[RANK1] W @ 1090.264892578125 (ms) to 1119.93310546875 (ms), cudaEventElapsed = 29.638656616210938 (ms)
[RANK1] B @ 1133.435546875 (ms) to 1178.064697265625 (ms), cudaEventElapsed = 44.59743881225586 (ms)
[RANK1] W @ 1178.226806640625 (ms) to 1201.394775390625 (ms), cudaEventElapsed = 23.13523292541504 (ms)
[RANK1] W @ 1201.571533203125 (ms) to 1228.379150390625 (ms), cudaEventElapsed = 26.778623580932617 (ms)
[RANK1] B @ 1231.7236328125 (ms) to 1279.060791015625 (ms), cudaEventElapsed = 47.30732727050781 (ms)
[RANK1] 4W @ 1279.245361328125 (ms) to 1383.32421875 (ms), cudaEventElapsed = 104.04249572753906 (ms)
[RANK1] Iteration 6
[RANK1] F @ 29.676025390625 (ms) to 61.56494140625 (ms), cudaEventElapsed = 31.8504638671875 (ms)
[RANK1] F @ 61.989013671875 (ms) to 96.510986328125 (ms), cudaEventElapsed = 34.48969650268555 (ms)
[RANK1] F @ 96.938232421875 (ms) to 133.418212890625 (ms), cudaEventElapsed = 36.445919036865234 (ms)
[RANK1] F @ 133.766845703125 (ms) to 170.150146484375 (ms), cudaEventElapsed = 36.350494384765625 (ms)
[RANK1] F @ 171.726318359375 (ms) to 207.74755859375 (ms), cudaEventElapsed = 35.9870719909668 (ms)
[RANK1] B @ 225.52197265625 (ms) to 267.53955078125 (ms), cudaEventElapsed = 41.97926330566406 (ms)
[RANK1] F @ 267.921142578125 (ms) to 303.26171875 (ms), cudaEventElapsed = 35.30332946777344 (ms)
[RANK1] B @ 307.234619140625 (ms) to 352.248779296875 (ms), cudaEventElapsed = 44.977535247802734 (ms)
[RANK1] F @ 353.685302734375 (ms) to 389.764892578125 (ms), cudaEventElapsed = 36.040191650390625 (ms)
[RANK1] B @ 390.363525390625 (ms) to 435.2509765625 (ms), cudaEventElapsed = 44.85465621948242 (ms)
[RANK1] F @ 435.634521484375 (ms) to 471.877197265625 (ms), cudaEventElapsed = 36.2064323425293 (ms)
[RANK1] B @ 472.371337890625 (ms) to 517.52734375 (ms), cudaEventElapsed = 45.121726989746094 (ms)
[RANK1] W @ 517.795166015625 (ms) to 541.52197265625 (ms), cudaEventElapsed = 23.52332878112793 (ms)
[RANK1] F @ 541.6923828125 (ms) to 579.829345703125 (ms), cudaEventElapsed = 38.1063346862793 (ms)
[RANK1] B @ 581.3154296875 (ms) to 629.14990234375 (ms), cudaEventElapsed = 47.80144119262695 (ms)
[RANK1] B @ 637.335693359375 (ms) to 680.56201171875 (ms), cudaEventElapsed = 43.187808990478516 (ms)
[RANK1] W @ 680.763427734375 (ms) to 703.398193359375 (ms), cudaEventElapsed = 22.597631454467773 (ms)
[RANK1] F @ 703.678466796875 (ms) to 743.673583984375 (ms), cudaEventElapsed = 39.965023040771484 (ms)
[RANK1] B @ 747.922607421875 (ms) to 794.69189453125 (ms), cudaEventElapsed = 46.73478317260742 (ms)
[RANK1] B @ 796.082763671875 (ms) to 840.275634765625 (ms), cudaEventElapsed = 44.15711975097656 (ms)
[RANK1] W @ 840.44189453125 (ms) to 863.384765625 (ms), cudaEventElapsed = 22.91200065612793 (ms)
[RANK1] F @ 863.65625 (ms) to 906.628173828125 (ms), cudaEventElapsed = 42.94224166870117 (ms)
[RANK1] B @ 906.92626953125 (ms) to 955.682373046875 (ms), cudaEventElapsed = 48.724639892578125 (ms)
[RANK1] W @ 955.908935546875 (ms) to 980.6640625 (ms), cudaEventElapsed = 23.72096061706543 (ms)
[RANK1] F @ 980.93994140625 (ms) to 1020.052978515625 (ms), cudaEventElapsed = 39.08396911621094 (ms)
[RANK1] B @ 1025.631591796875 (ms) to 1071.14794921875 (ms), cudaEventElapsed = 45.4769287109375 (ms)
[RANK1] W @ 1071.317138671875 (ms) to 1095.152587890625 (ms), cudaEventElapsed = 23.803903579711914 (ms)
[RANK1] W @ 1095.329833984375 (ms) to 1123.41845703125 (ms), cudaEventElapsed = 28.061695098876953 (ms)
[RANK1] B @ 1135.688232421875 (ms) to 1180.726806640625 (ms), cudaEventElapsed = 45.00697708129883 (ms)
[RANK1] W @ 1180.88037109375 (ms) to 1203.243408203125 (ms), cudaEventElapsed = 22.3242244720459 (ms)
[RANK1] W @ 1203.410888671875 (ms) to 1230.46142578125 (ms), cudaEventElapsed = 27.022335052490234 (ms)
[RANK1] B @ 1234.294921875 (ms) to 1283.431396484375 (ms), cudaEventElapsed = 49.10627365112305 (ms)
[RANK1] 4W @ 1283.589111328125 (ms) to 1388.802734375 (ms), cudaEventElapsed = 105.18118286132812 (ms)
[RANK1] Iteration 7
[RANK1] F @ 26.87255859375 (ms) to 57.0205078125 (ms), cudaEventElapsed = 30.102144241333008 (ms)
[RANK1] F @ 57.441650390625 (ms) to 90.103515625 (ms), cudaEventElapsed = 32.626976013183594 (ms)
[RANK1] F @ 90.508056640625 (ms) to 125.6982421875 (ms), cudaEventElapsed = 35.15526580810547 (ms)
[RANK1] F @ 126.03173828125 (ms) to 161.12646484375 (ms), cudaEventElapsed = 35.06313705444336 (ms)
[RANK1] F @ 162.66259765625 (ms) to 197.42724609375 (ms), cudaEventElapsed = 34.715614318847656 (ms)
[RANK1] F @ 197.861083984375 (ms) to 232.607177734375 (ms), cudaEventElapsed = 34.70489501953125 (ms)
[RANK1] F @ 233.044677734375 (ms) to 267.713623046875 (ms), cudaEventElapsed = 34.63359832763672 (ms)
[RANK1] F @ 268.0419921875 (ms) to 302.66455078125 (ms), cudaEventElapsed = 34.58835220336914 (ms)
[RANK1] F @ 304.322021484375 (ms) to 338.462646484375 (ms), cudaEventElapsed = 34.092830657958984 (ms)
[RANK1] F @ 340.114501953125 (ms) to 374.740234375 (ms), cudaEventElapsed = 34.578399658203125 (ms)
[RANK1] F @ 376.42333984375 (ms) to 411.052490234375 (ms), cudaEventElapsed = 34.585121154785156 (ms)
[RANK1] F @ 412.5693359375 (ms) to 446.748291015625 (ms), cudaEventElapsed = 34.14467239379883 (ms)
