[RANK3] Iteration 1
[RANK3] F @ 931.4189453125 (ms) to 1466.798828125 (ms), cudaEventElapsed = 535.3246459960938 (ms)
[RANK3] B @ 1468.400634765625 (ms) to 1513.0263671875 (ms), cudaEventElapsed = 44.59008026123047 (ms)
[RANK3] F @ 1514.532958984375 (ms) to 1545.341552734375 (ms), cudaEventElapsed = 30.78041648864746 (ms)
[RANK3] B @ 1545.79345703125 (ms) to 1583.379638671875 (ms), cudaEventElapsed = 37.557247161865234 (ms)
[RANK3] F @ 1584.9345703125 (ms) to 1617.109375 (ms), cudaEventElapsed = 32.14847946166992 (ms)
[RANK3] B @ 1617.3759765625 (ms) to 1654.810546875 (ms), cudaEventElapsed = 37.40876770019531 (ms)
[RANK3] F @ 1656.037353515625 (ms) to 1687.54296875 (ms), cudaEventElapsed = 31.473663330078125 (ms)
[RANK3] B @ 1687.982177734375 (ms) to 1726.23876953125 (ms), cudaEventElapsed = 38.2289924621582 (ms)
[RANK3] F @ 1727.517333984375 (ms) to 1759.927490234375 (ms), cudaEventElapsed = 32.3870735168457 (ms)
[RANK3] B @ 1760.26171875 (ms) to 1798.73486328125 (ms), cudaEventElapsed = 38.4450569152832 (ms)
[RANK3] F @ 1800.076171875 (ms) to 1832.644287109375 (ms), cudaEventElapsed = 32.54374313354492 (ms)
[RANK3] B @ 1832.95166015625 (ms) to 1871.16259765625 (ms), cudaEventElapsed = 38.184959411621094 (ms)
[RANK3] F @ 1873.477783203125 (ms) to 1905.31298828125 (ms), cudaEventElapsed = 31.81260871887207 (ms)
[RANK3] B @ 1905.61376953125 (ms) to 1943.31689453125 (ms), cudaEventElapsed = 37.67910385131836 (ms)
[RANK3] F @ 1953.5390625 (ms) to 1984.542724609375 (ms), cudaEventElapsed = 30.97907257080078 (ms)
[RANK3] B @ 1984.842529296875 (ms) to 2022.17041015625 (ms), cudaEventElapsed = 37.3043212890625 (ms)
[RANK3] F @ 2035.42236328125 (ms) to 2066.091796875 (ms), cudaEventElapsed = 30.646272659301758 (ms)
[RANK3] B @ 2066.3896484375 (ms) to 2103.686279296875 (ms), cudaEventElapsed = 37.27360153198242 (ms)
[RANK3] F @ 2116.4638671875 (ms) to 2147.069580078125 (ms), cudaEventElapsed = 30.58073616027832 (ms)
[RANK3] B @ 2147.36181640625 (ms) to 2184.779541015625 (ms), cudaEventElapsed = 37.394432067871094 (ms)
[RANK3] F @ 2194.81494140625 (ms) to 2225.532470703125 (ms), cudaEventElapsed = 30.687231063842773 (ms)
[RANK3] B @ 2225.72998046875 (ms) to 2262.992919921875 (ms), cudaEventElapsed = 37.23980712890625 (ms)
[RANK3] F @ 2275.0576171875 (ms) to 2305.738037109375 (ms), cudaEventElapsed = 30.656511306762695 (ms)
[RANK3] B @ 2305.944091796875 (ms) to 2343.67626953125 (ms), cudaEventElapsed = 37.70880126953125 (ms)
[RANK3] 12W @ 2345.567626953125 (ms) to 2598.109619140625 (ms), cudaEventElapsed = 252.51327514648438 (ms)
[RANK3] Iteration 2
[RANK3] F @ 111.6748046875 (ms) to 141.534423828125 (ms), cudaEventElapsed = 29.833215713500977 (ms)
[RANK3] B @ 141.9970703125 (ms) to 178.504150390625 (ms), cudaEventElapsed = 36.47795104980469 (ms)
[RANK3] F @ 179.990234375 (ms) to 212.889404296875 (ms), cudaEventElapsed = 32.870399475097656 (ms)
[RANK3] B @ 213.357666015625 (ms) to 251.974609375 (ms), cudaEventElapsed = 38.584320068359375 (ms)
[RANK3] F @ 253.2529296875 (ms) to 286.69091796875 (ms), cudaEventElapsed = 33.41619110107422 (ms)
[RANK3] B @ 286.983154296875 (ms) to 326.05322265625 (ms), cudaEventElapsed = 39.04716873168945 (ms)
[RANK3] F @ 327.279541015625 (ms) to 360.985595703125 (ms), cudaEventElapsed = 33.684478759765625 (ms)
[RANK3] B @ 361.26708984375 (ms) to 399.60986328125 (ms), cudaEventElapsed = 38.32012939453125 (ms)
[RANK3] F @ 400.841064453125 (ms) to 433.6279296875 (ms), cudaEventElapsed = 32.765953063964844 (ms)
[RANK3] B @ 433.912353515625 (ms) to 472.69677734375 (ms), cudaEventElapsed = 38.761470794677734 (ms)
[RANK3] F @ 486.13232421875 (ms) to 517.65869140625 (ms), cudaEventElapsed = 31.505407333374023 (ms)
[RANK3] B @ 517.947509765625 (ms) to 555.5029296875 (ms), cudaEventElapsed = 37.526527404785156 (ms)
[RANK3] F @ 573.20654296875 (ms) to 603.9599609375 (ms), cudaEventElapsed = 30.732288360595703 (ms)
[RANK3] B @ 604.24072265625 (ms) to 642.64208984375 (ms), cudaEventElapsed = 38.37849426269531 (ms)
[RANK3] F @ 658.2861328125 (ms) to 689.54296875 (ms), cudaEventElapsed = 31.235071182250977 (ms)
[RANK3] B @ 689.830322265625 (ms) to 727.69287109375 (ms), cudaEventElapsed = 37.83987045288086 (ms)
[RANK3] F @ 857.408203125 (ms) to 887.4443359375 (ms), cudaEventElapsed = 30.00934410095215 (ms)
[RANK3] B @ 887.773193359375 (ms) to 925.072021484375 (ms), cudaEventElapsed = 37.2756462097168 (ms)
[RANK3] F @ 939.98876953125 (ms) to 971.221923828125 (ms), cudaEventElapsed = 31.21049690246582 (ms)
[RANK3] B @ 971.5146484375 (ms) to 1009.29150390625 (ms), cudaEventElapsed = 37.754878997802734 (ms)
[RANK3] F @ 1025.61279296875 (ms) to 1056.725830078125 (ms), cudaEventElapsed = 31.087615966796875 (ms)
[RANK3] B @ 1056.937744140625 (ms) to 1094.88720703125 (ms), cudaEventElapsed = 37.926910400390625 (ms)
[RANK3] F @ 1107.110107421875 (ms) to 1138.655517578125 (ms), cudaEventElapsed = 31.522815704345703 (ms)
[RANK3] B @ 1138.86962890625 (ms) to 1176.5732421875 (ms), cudaEventElapsed = 37.68115234375 (ms)
[RANK3] 12W @ 1178.34130859375 (ms) to 1464.9384765625 (ms), cudaEventElapsed = 286.28582763671875 (ms)
[RANK3] Iteration 3
[RANK3] F @ 108.83837890625 (ms) to 138.76123046875 (ms), cudaEventElapsed = 29.897727966308594 (ms)
[RANK3] B @ 139.07861328125 (ms) to 176.1962890625 (ms), cudaEventElapsed = 37.094398498535156 (ms)
[RANK3] F @ 177.572021484375 (ms) to 211.319580078125 (ms), cudaEventElapsed = 33.725440979003906 (ms)
[RANK3] B @ 211.5478515625 (ms) to 250.264892578125 (ms), cudaEventElapsed = 38.69388961791992 (ms)
[RANK3] F @ 251.591064453125 (ms) to 284.97265625 (ms), cudaEventElapsed = 33.358848571777344 (ms)
[RANK3] B @ 285.406982421875 (ms) to 324.2197265625 (ms), cudaEventElapsed = 38.779903411865234 (ms)
[RANK3] F @ 325.541748046875 (ms) to 358.94921875 (ms), cudaEventElapsed = 33.3834228515625 (ms)
[RANK3] B @ 359.173583984375 (ms) to 397.9296875 (ms), cudaEventElapsed = 38.73177719116211 (ms)
[RANK3] F @ 399.28466796875 (ms) to 432.6513671875 (ms), cudaEventElapsed = 33.34553527832031 (ms)
[RANK3] B @ 432.884033203125 (ms) to 471.967529296875 (ms), cudaEventElapsed = 39.058433532714844 (ms)
[RANK3] F @ 473.360107421875 (ms) to 507.692626953125 (ms), cudaEventElapsed = 34.309120178222656 (ms)
[RANK3] B @ 507.90380859375 (ms) to 546.4404296875 (ms), cudaEventElapsed = 38.51264190673828 (ms)
[RANK3] F @ 547.6962890625 (ms) to 580.55615234375 (ms), cudaEventElapsed = 32.83967971801758 (ms)
[RANK3] B @ 580.864501953125 (ms) to 619.4091796875 (ms), cudaEventElapsed = 38.521854400634766 (ms)
[RANK3] F @ 620.699951171875 (ms) to 654.086669921875 (ms), cudaEventElapsed = 33.36396789550781 (ms)
[RANK3] B @ 654.28955078125 (ms) to 693.56201171875 (ms), cudaEventElapsed = 39.248897552490234 (ms)
[RANK3] F @ 694.9169921875 (ms) to 728.7001953125 (ms), cudaEventElapsed = 33.75923156738281 (ms)
[RANK3] B @ 728.929443359375 (ms) to 767.169677734375 (ms), cudaEventElapsed = 38.216705322265625 (ms)
[RANK3] F @ 768.52734375 (ms) to 801.57373046875 (ms), cudaEventElapsed = 33.02399826049805 (ms)
[RANK3] B @ 801.789306640625 (ms) to 840.49462890625 (ms), cudaEventElapsed = 38.67136001586914 (ms)
[RANK3] W @ 841.17431640625 (ms) to 862.661376953125 (ms), cudaEventElapsed = 21.46611213684082 (ms)
[RANK3] F @ 863.4375 (ms) to 897.802978515625 (ms), cudaEventElapsed = 34.341888427734375 (ms)
[RANK3] B @ 898.092041015625 (ms) to 937.114990234375 (ms), cudaEventElapsed = 39.000064849853516 (ms)
[RANK3] W @ 937.783203125 (ms) to 960.417724609375 (ms), cudaEventElapsed = 22.607872009277344 (ms)
[RANK3] W @ 960.608642578125 (ms) to 996.8017578125 (ms), cudaEventElapsed = 36.16972732543945 (ms)
[RANK3] F @ 997.581787109375 (ms) to 1038.322021484375 (ms), cudaEventElapsed = 40.71833419799805 (ms)
[RANK3] B @ 1038.509521484375 (ms) to 1078.2841796875 (ms), cudaEventElapsed = 39.751678466796875 (ms)
[RANK3] 9W @ 1079.734130859375 (ms) to 1297.51513671875 (ms), cudaEventElapsed = 217.75462341308594 (ms)
[RANK3] Iteration 4
[RANK3] F @ 121.528076171875 (ms) to 151.64306640625 (ms), cudaEventElapsed = 30.090240478515625 (ms)
[RANK3] B @ 151.97216796875 (ms) to 189.00048828125 (ms), cudaEventElapsed = 37.00223922729492 (ms)
[RANK3] F @ 190.425048828125 (ms) to 224.605712890625 (ms), cudaEventElapsed = 34.155521392822266 (ms)
[RANK3] B @ 224.849365234375 (ms) to 264.1279296875 (ms), cudaEventElapsed = 39.24991989135742 (ms)
[RANK3] F @ 265.490478515625 (ms) to 299.494873046875 (ms), cudaEventElapsed = 33.979393005371094 (ms)
[RANK3] B @ 299.829833984375 (ms) to 338.3095703125 (ms), cudaEventElapsed = 38.45529556274414 (ms)
[RANK3] F @ 339.590576171875 (ms) to 372.706298828125 (ms), cudaEventElapsed = 33.09056091308594 (ms)
[RANK3] B @ 372.952880859375 (ms) to 411.65234375 (ms), cudaEventElapsed = 38.67340850830078 (ms)
[RANK3] F @ 413.051025390625 (ms) to 446.591796875 (ms), cudaEventElapsed = 33.514495849609375 (ms)
[RANK3] B @ 446.84912109375 (ms) to 485.81103515625 (ms), cudaEventElapsed = 38.93452835083008 (ms)
[RANK3] F @ 487.252197265625 (ms) to 521.02783203125 (ms), cudaEventElapsed = 33.751041412353516 (ms)
[RANK3] B @ 521.26123046875 (ms) to 559.899169921875 (ms), cudaEventElapsed = 38.611968994140625 (ms)
[RANK3] F @ 561.211669921875 (ms) to 595.22412109375 (ms), cudaEventElapsed = 33.98963165283203 (ms)
[RANK3] B @ 595.526123046875 (ms) to 634.036376953125 (ms), cudaEventElapsed = 38.48089599609375 (ms)
[RANK3] F @ 635.3017578125 (ms) to 668.402587890625 (ms), cudaEventElapsed = 33.07827377319336 (ms)
[RANK3] B @ 668.62060546875 (ms) to 707.023193359375 (ms), cudaEventElapsed = 38.377471923828125 (ms)
[RANK3] F @ 708.386962890625 (ms) to 741.993896484375 (ms), cudaEventElapsed = 33.58515167236328 (ms)
[RANK3] B @ 742.217041015625 (ms) to 781.268798828125 (ms), cudaEventElapsed = 39.027713775634766 (ms)
[RANK3] F @ 782.642578125 (ms) to 816.65380859375 (ms), cudaEventElapsed = 33.98758316040039 (ms)
[RANK3] B @ 816.868896484375 (ms) to 855.544677734375 (ms), cudaEventElapsed = 38.64985656738281 (ms)
[RANK3] W @ 856.22412109375 (ms) to 877.509765625 (ms), cudaEventElapsed = 21.26438331604004 (ms)
[RANK3] F @ 878.284912109375 (ms) to 912.208984375 (ms), cudaEventElapsed = 33.902591705322266 (ms)
[RANK3] B @ 912.516845703125 (ms) to 951.3623046875 (ms), cudaEventElapsed = 38.8218879699707 (ms)
[RANK3] W @ 952.05859375 (ms) to 974.9130859375 (ms), cudaEventElapsed = 22.830080032348633 (ms)
[RANK3] W @ 975.127685546875 (ms) to 1007.326416015625 (ms), cudaEventElapsed = 32.17407989501953 (ms)
[RANK3] F @ 1008.113525390625 (ms) to 1048.99072265625 (ms), cudaEventElapsed = 40.855552673339844 (ms)
[RANK3] B @ 1049.188232421875 (ms) to 1088.975830078125 (ms), cudaEventElapsed = 39.764991760253906 (ms)
[RANK3] 9W @ 1090.9208984375 (ms) to 1309.51953125 (ms), cudaEventElapsed = 218.57177734375 (ms)
[RANK3] Iteration 5
[RANK3] F @ 171.70556640625 (ms) to 201.7412109375 (ms), cudaEventElapsed = 30.00934410095215 (ms)
[RANK3] B @ 202.06298828125 (ms) to 239.494384765625 (ms), cudaEventElapsed = 37.405696868896484 (ms)
[RANK3] F @ 240.962158203125 (ms) to 274.7841796875 (ms), cudaEventElapsed = 33.79916763305664 (ms)
[RANK3] B @ 275.008544921875 (ms) to 313.671630859375 (ms), cudaEventElapsed = 38.63859176635742 (ms)
[RANK3] F @ 314.99169921875 (ms) to 348.1240234375 (ms), cudaEventElapsed = 33.1069450378418 (ms)
[RANK3] B @ 348.44189453125 (ms) to 387.056396484375 (ms), cudaEventElapsed = 38.591487884521484 (ms)
[RANK3] F @ 388.327392578125 (ms) to 421.69921875 (ms), cudaEventElapsed = 33.349632263183594 (ms)
[RANK3] B @ 421.898193359375 (ms) to 461.215087890625 (ms), cudaEventElapsed = 39.29395294189453 (ms)
[RANK3] F @ 462.596923828125 (ms) to 496.270263671875 (ms), cudaEventElapsed = 33.65068817138672 (ms)
[RANK3] B @ 496.488037109375 (ms) to 534.7822265625 (ms), cudaEventElapsed = 38.26892852783203 (ms)
[RANK3] F @ 536.164794921875 (ms) to 569.133544921875 (ms), cudaEventElapsed = 32.94617462158203 (ms)
[RANK3] B @ 569.365966796875 (ms) to 608.005615234375 (ms), cudaEventElapsed = 38.617088317871094 (ms)
[RANK3] F @ 609.2578125 (ms) to 643.048583984375 (ms), cudaEventElapsed = 33.76947021484375 (ms)
[RANK3] B @ 643.356689453125 (ms) to 682.51171875 (ms), cudaEventElapsed = 39.13216018676758 (ms)
[RANK3] F @ 683.755859375 (ms) to 717.419677734375 (ms), cudaEventElapsed = 33.642494201660156 (ms)
[RANK3] B @ 717.616455078125 (ms) to 756.119873046875 (ms), cudaEventElapsed = 38.47987365722656 (ms)
[RANK3] F @ 757.4736328125 (ms) to 790.403564453125 (ms), cudaEventElapsed = 32.907264709472656 (ms)
[RANK3] B @ 790.606689453125 (ms) to 829.332275390625 (ms), cudaEventElapsed = 38.70207977294922 (ms)
[RANK3] F @ 832.76904296875 (ms) to 865.7109375 (ms), cudaEventElapsed = 32.919551849365234 (ms)
[RANK3] B @ 865.92138671875 (ms) to 904.4423828125 (ms), cudaEventElapsed = 38.4983024597168 (ms)
[RANK3] W @ 905.11474609375 (ms) to 926.35595703125 (ms), cudaEventElapsed = 21.2172794342041 (ms)
[RANK3] F @ 927.1826171875 (ms) to 962.6640625 (ms), cudaEventElapsed = 35.45907211303711 (ms)
[RANK3] B @ 962.951904296875 (ms) to 1002.427978515625 (ms), cudaEventElapsed = 39.453697204589844 (ms)
[RANK3] W @ 1003.10302734375 (ms) to 1025.791748046875 (ms), cudaEventElapsed = 22.667264938354492 (ms)
[RANK3] W @ 1025.980712890625 (ms) to 1061.364013671875 (ms), cudaEventElapsed = 35.36076736450195 (ms)
[RANK3] F @ 1062.1513671875 (ms) to 1102.133544921875 (ms), cudaEventElapsed = 39.960575103759766 (ms)
[RANK3] B @ 1102.343994140625 (ms) to 1142.232666015625 (ms), cudaEventElapsed = 39.8653450012207 (ms)
[RANK3] 9W @ 1144.24169921875 (ms) to 1359.955322265625 (ms), cudaEventElapsed = 215.68716430664062 (ms)
[RANK3] Iteration 6
[RANK3] F @ 171.201904296875 (ms) to 201.34814453125 (ms), cudaEventElapsed = 30.119935989379883 (ms)
[RANK3] B @ 201.681640625 (ms) to 239.102294921875 (ms), cudaEventElapsed = 37.39750289916992 (ms)
[RANK3] F @ 240.48486328125 (ms) to 274.270263671875 (ms), cudaEventElapsed = 33.756160736083984 (ms)
[RANK3] B @ 274.495361328125 (ms) to 313.538818359375 (ms), cudaEventElapsed = 39.0195198059082 (ms)
[RANK3] F @ 314.81396484375 (ms) to 348.9091796875 (ms), cudaEventElapsed = 34.07360076904297 (ms)
[RANK3] B @ 349.18603515625 (ms) to 387.58984375 (ms), cudaEventElapsed = 38.381568908691406 (ms)
[RANK3] F @ 388.84814453125 (ms) to 421.759521484375 (ms), cudaEventElapsed = 32.888832092285156 (ms)
[RANK3] B @ 421.966064453125 (ms) to 460.735107421875 (ms), cudaEventElapsed = 38.74201583862305 (ms)
[RANK3] F @ 462.149169921875 (ms) to 495.580322265625 (ms), cudaEventElapsed = 33.40800094604492 (ms)
[RANK3] B @ 495.805419921875 (ms) to 534.458984375 (ms), cudaEventElapsed = 38.62937545776367 (ms)
[RANK3] F @ 536.239990234375 (ms) to 569.64013671875 (ms), cudaEventElapsed = 33.37420654296875 (ms)
[RANK3] B @ 569.849609375 (ms) to 608.387939453125 (ms), cudaEventElapsed = 38.51571273803711 (ms)
[RANK3] F @ 609.65625 (ms) to 642.9873046875 (ms), cudaEventElapsed = 33.309696197509766 (ms)
[RANK3] B @ 643.29638671875 (ms) to 681.892333984375 (ms), cudaEventElapsed = 38.5689582824707 (ms)
[RANK3] F @ 683.152587890625 (ms) to 716.42041015625 (ms), cudaEventElapsed = 33.24620819091797 (ms)
[RANK3] B @ 716.613037109375 (ms) to 755.201904296875 (ms), cudaEventElapsed = 38.567806243896484 (ms)
[RANK3] F @ 756.549560546875 (ms) to 790.038818359375 (ms), cudaEventElapsed = 33.46739196777344 (ms)
[RANK3] B @ 790.240478515625 (ms) to 829.044921875 (ms), cudaEventElapsed = 38.78297424316406 (ms)
[RANK3] F @ 830.3564453125 (ms) to 863.87451171875 (ms), cudaEventElapsed = 33.49708938598633 (ms)
[RANK3] B @ 864.07421875 (ms) to 902.654052734375 (ms), cudaEventElapsed = 38.556671142578125 (ms)
[RANK3] W @ 903.32666015625 (ms) to 924.60400390625 (ms), cudaEventElapsed = 21.25619125366211 (ms)
[RANK3] F @ 925.375732421875 (ms) to 959.381591796875 (ms), cudaEventElapsed = 33.98553466796875 (ms)
[RANK3] B @ 959.6708984375 (ms) to 999.03369140625 (ms), cudaEventElapsed = 39.340030670166016 (ms)
[RANK3] W @ 999.727783203125 (ms) to 1023.390380859375 (ms), cudaEventElapsed = 23.226367950439453 (ms)
[RANK3] W @ 1023.589111328125 (ms) to 1056.148681640625 (ms), cudaEventElapsed = 32.533504486083984 (ms)
[RANK3] F @ 1056.965087890625 (ms) to 1097.957763671875 (ms), cudaEventElapsed = 40.97024154663086 (ms)
[RANK3] B @ 1098.152587890625 (ms) to 1137.933349609375 (ms), cudaEventElapsed = 39.758846282958984 (ms)
[RANK3] 9W @ 1139.416015625 (ms) to 1358.25146484375 (ms), cudaEventElapsed = 218.80422973632812 (ms)
[RANK3] Iteration 7
[RANK3] F @ 171.00048828125 (ms) to 201.0703125 (ms), cudaEventElapsed = 30.044160842895508 (ms)
[RANK3] B @ 201.396484375 (ms) to 238.4873046875 (ms), cudaEventElapsed = 37.06470489501953 (ms)
[RANK3] F @ 240.36962890625 (ms) to 273.73876953125 (ms), cudaEventElapsed = 33.346561431884766 (ms)
[RANK3] B @ 273.9599609375 (ms) to 312.6103515625 (ms), cudaEventElapsed = 38.623233795166016 (ms)
[RANK3] F @ 313.93359375 (ms) to 347.3681640625 (ms), cudaEventElapsed = 33.41209411621094 (ms)
[RANK3] B @ 347.677978515625 (ms) to 386.645751953125 (ms), cudaEventElapsed = 38.94579315185547 (ms)
[RANK3] F @ 387.895263671875 (ms) to 421.56396484375 (ms), cudaEventElapsed = 33.6445426940918 (ms)
[RANK3] B @ 421.794677734375 (ms) to 460.4296875 (ms), cudaEventElapsed = 38.606849670410156 (ms)
[RANK3] F @ 461.811767578125 (ms) to 494.945556640625 (ms), cudaEventElapsed = 33.11103820800781 (ms)
[RANK3] B @ 495.15380859375 (ms) to 533.7900390625 (ms), cudaEventElapsed = 38.61299133300781 (ms)
[RANK3] F @ 535.18359375 (ms) to 568.85595703125 (ms), cudaEventElapsed = 33.65068817138672 (ms)
[RANK3] B @ 569.07080078125 (ms) to 608.4912109375 (ms), cudaEventElapsed = 39.398399353027344 (ms)
[RANK3] F @ 609.718505859375 (ms) to 643.6650390625 (ms), cudaEventElapsed = 33.92512130737305 (ms)
[RANK3] B @ 643.9560546875 (ms) to 682.145751953125 (ms), cudaEventElapsed = 38.16447830200195 (ms)
[RANK3] F @ 683.386962890625 (ms) to 716.227294921875 (ms), cudaEventElapsed = 32.81919860839844 (ms)
[RANK3] B @ 716.428466796875 (ms) to 755.181396484375 (ms), cudaEventElapsed = 38.72665786743164 (ms)
[RANK3] F @ 756.539794921875 (ms) to 790.033935546875 (ms), cudaEventElapsed = 33.472511291503906 (ms)
[RANK3] B @ 790.235595703125 (ms) to 829.31103515625 (ms), cudaEventElapsed = 39.05331039428711 (ms)
[RANK3] F @ 830.65185546875 (ms) to 864.320556640625 (ms), cudaEventElapsed = 33.64659118652344 (ms)
[RANK3] B @ 864.525390625 (ms) to 902.861328125 (ms), cudaEventElapsed = 38.31296157836914 (ms)
[RANK3] W @ 903.531982421875 (ms) to 924.31982421875 (ms), cudaEventElapsed = 20.766719818115234 (ms)
[RANK3] F @ 925.118408203125 (ms) to 959.265625 (ms), cudaEventElapsed = 34.125823974609375 (ms)
[RANK3] B @ 959.56201171875 (ms) to 998.79296875 (ms), cudaEventElapsed = 39.208961486816406 (ms)
[RANK3] W @ 999.48828125 (ms) to 1022.666015625 (ms), cudaEventElapsed = 23.155712127685547 (ms)
[RANK3] W @ 1022.857666015625 (ms) to 1057.179443359375 (ms), cudaEventElapsed = 34.29683303833008 (ms)
[RANK3] F @ 1058.019287109375 (ms) to 1098.5947265625 (ms), cudaEventElapsed = 40.553470611572266 (ms)
[RANK3] B @ 1098.8056640625 (ms) to 1138.7607421875 (ms), cudaEventElapsed = 39.932926177978516 (ms)
[RANK3] 9W @ 1140.747314453125 (ms) to 1356.60302734375 (ms), cudaEventElapsed = 215.81517028808594 (ms)
[RANK3] Iteration 8
[RANK3] F @ 170.47265625 (ms) to 200.54248046875 (ms), cudaEventElapsed = 30.043136596679688 (ms)
[RANK3] B @ 200.870849609375 (ms) to 237.8828125 (ms), cudaEventElapsed = 36.9879035949707 (ms)
[RANK3] F @ 239.30029296875 (ms) to 272.995849609375 (ms), cudaEventElapsed = 33.67219161987305 (ms)
[RANK3] B @ 273.231689453125 (ms) to 312.311279296875 (ms), cudaEventElapsed = 39.05535888671875 (ms)
[RANK3] F @ 313.61083984375 (ms) to 347.949462890625 (ms), cudaEventElapsed = 34.31731033325195 (ms)
[RANK3] B @ 348.246337890625 (ms) to 386.525146484375 (ms), cudaEventElapsed = 38.255615234375 (ms)
[RANK3] F @ 387.7578125 (ms) to 420.6796875 (ms), cudaEventElapsed = 32.90009689331055 (ms)
[RANK3] B @ 420.883544921875 (ms) to 459.6474609375 (ms), cudaEventElapsed = 38.739967346191406 (ms)
[RANK3] F @ 461.059326171875 (ms) to 494.58251953125 (ms), cudaEventElapsed = 33.501182556152344 (ms)
[RANK3] B @ 494.79052734375 (ms) to 533.7607421875 (ms), cudaEventElapsed = 38.942718505859375 (ms)
[RANK3] F @ 535.151611328125 (ms) to 568.495849609375 (ms), cudaEventElapsed = 33.321983337402344 (ms)
[RANK3] B @ 568.70361328125 (ms) to 607.243408203125 (ms), cudaEventElapsed = 38.5167350769043 (ms)
[RANK3] F @ 608.510986328125 (ms) to 641.937744140625 (ms), cudaEventElapsed = 33.40390396118164 (ms)
[RANK3] B @ 642.2626953125 (ms) to 680.912109375 (ms), cudaEventElapsed = 38.62527847290039 (ms)
[RANK3] F @ 682.177001953125 (ms) to 715.709228515625 (ms), cudaEventElapsed = 33.5022087097168 (ms)
[RANK3] B @ 715.91015625 (ms) to 754.2666015625 (ms), cudaEventElapsed = 38.333438873291016 (ms)
[RANK3] F @ 755.610107421875 (ms) to 788.8818359375 (ms), cudaEventElapsed = 33.24518585205078 (ms)
[RANK3] B @ 789.091064453125 (ms) to 827.916015625 (ms), cudaEventElapsed = 38.80140686035156 (ms)
[RANK3] F @ 831.6103515625 (ms) to 865.171630859375 (ms), cudaEventElapsed = 33.53907012939453 (ms)
[RANK3] B @ 865.3798828125 (ms) to 903.58544921875 (ms), cudaEventElapsed = 38.18086242675781 (ms)
[RANK3] W @ 904.263427734375 (ms) to 925.3515625 (ms), cudaEventElapsed = 21.06777572631836 (ms)
[RANK3] F @ 926.145751953125 (ms) to 960.2119140625 (ms), cudaEventElapsed = 34.04595184326172 (ms)
[RANK3] B @ 960.51123046875 (ms) to 999.7763671875 (ms), cudaEventElapsed = 39.24275207519531 (ms)
[RANK3] W @ 1000.477294921875 (ms) to 1024.16748046875 (ms), cudaEventElapsed = 23.66975975036621 (ms)
[RANK3] W @ 1024.37255859375 (ms) to 1059.239013671875 (ms), cudaEventElapsed = 34.84467315673828 (ms)
[RANK3] F @ 1060.002197265625 (ms) to 1100.682861328125 (ms), cudaEventElapsed = 40.659969329833984 (ms)
[RANK3] B @ 1100.87646484375 (ms) to 1140.96826171875 (ms), cudaEventElapsed = 40.06911849975586 (ms)
[RANK3] 9W @ 1142.9111328125 (ms) to 1360.500244140625 (ms), cudaEventElapsed = 217.5610809326172 (ms)
[RANK3] Iteration 9
[RANK3] F @ 171.0595703125 (ms) to 201.11083984375 (ms), cudaEventElapsed = 30.023679733276367 (ms)
[RANK3] B @ 201.429443359375 (ms) to 238.550048828125 (ms), cudaEventElapsed = 37.09747314453125 (ms)
[RANK3] F @ 239.982177734375 (ms) to 273.388671875 (ms), cudaEventElapsed = 33.38240051269531 (ms)
[RANK3] B @ 273.6220703125 (ms) to 312.2939453125 (ms), cudaEventElapsed = 38.644737243652344 (ms)
[RANK3] F @ 313.611328125 (ms) to 347.3017578125 (ms), cudaEventElapsed = 33.666046142578125 (ms)
[RANK3] B @ 347.621337890625 (ms) to 386.7841796875 (ms), cudaEventElapsed = 39.13932800292969 (ms)
[RANK3] F @ 388.0322265625 (ms) to 421.634765625 (ms), cudaEventElapsed = 33.58003234863281 (ms)
[RANK3] B @ 421.845703125 (ms) to 460.487548828125 (ms), cudaEventElapsed = 38.61811065673828 (ms)
[RANK3] F @ 461.859130859375 (ms) to 495.038330078125 (ms), cudaEventElapsed = 33.156097412109375 (ms)
[RANK3] B @ 495.252197265625 (ms) to 534.013427734375 (ms), cudaEventElapsed = 38.735870361328125 (ms)
[RANK3] F @ 535.386474609375 (ms) to 569.291015625 (ms), cudaEventElapsed = 33.88313674926758 (ms)
[RANK3] B @ 569.499267578125 (ms) to 608.578857421875 (ms), cudaEventElapsed = 39.0563850402832 (ms)
[RANK3] F @ 609.823974609375 (ms) to 643.418701171875 (ms), cudaEventElapsed = 33.56467056274414 (ms)
[RANK3] B @ 643.721435546875 (ms) to 682.080322265625 (ms), cudaEventElapsed = 38.335487365722656 (ms)
[RANK3] F @ 683.336669921875 (ms) to 716.040771484375 (ms), cudaEventElapsed = 32.68096160888672 (ms)
[RANK3] B @ 716.235107421875 (ms) to 754.845947265625 (ms), cudaEventElapsed = 38.588417053222656 (ms)
[RANK3] F @ 756.1962890625 (ms) to 789.677001953125 (ms), cudaEventElapsed = 33.45920181274414 (ms)
[RANK3] B @ 789.885986328125 (ms) to 829.081298828125 (ms), cudaEventElapsed = 39.17107009887695 (ms)
[RANK3] F @ 833.818359375 (ms) to 866.9912109375 (ms), cudaEventElapsed = 33.144832611083984 (ms)
[RANK3] B @ 867.19482421875 (ms) to 906.138427734375 (ms), cudaEventElapsed = 38.92121505737305 (ms)
[RANK3] W @ 906.817626953125 (ms) to 928.21826171875 (ms), cudaEventElapsed = 21.372928619384766 (ms)
[RANK3] F @ 929.010986328125 (ms) to 964.5654296875 (ms), cudaEventElapsed = 35.534847259521484 (ms)
[RANK3] B @ 964.865966796875 (ms) to 1004.21435546875 (ms), cudaEventElapsed = 39.32672119140625 (ms)
[RANK3] W @ 1004.901123046875 (ms) to 1026.42724609375 (ms), cudaEventElapsed = 21.505023956298828 (ms)
[RANK3] W @ 1026.612060546875 (ms) to 1060.142333984375 (ms), cudaEventElapsed = 33.509376525878906 (ms)
[RANK3] F @ 1060.9208984375 (ms) to 1100.634765625 (ms), cudaEventElapsed = 39.69228744506836 (ms)
[RANK3] B @ 1100.834716796875 (ms) to 1140.7138671875 (ms), cudaEventElapsed = 39.85612869262695 (ms)
[RANK3] 9W @ 1142.217529296875 (ms) to 1360.139404296875 (ms), cudaEventElapsed = 217.88978576660156 (ms)
