[RANK0] Iteration 1
[RANK0] F @ 2.5634765625 (ms) to 580.8115234375 (ms), cudaEventElapsed = 578.1995239257812 (ms)
[RANK0] F @ 581.5927734375 (ms) to 607.610107421875 (ms), cudaEventElapsed = 25.986047744750977 (ms)
[RANK0] F @ 608.35302734375 (ms) to 635.59130859375 (ms), cudaEventElapsed = 27.209728240966797 (ms)
[RANK0] F @ 636.306884765625 (ms) to 663.82080078125 (ms), cudaEventElapsed = 27.490304946899414 (ms)
[RANK0] F @ 665.3134765625 (ms) to 693.689453125 (ms), cudaEventElapsed = 28.34636878967285 (ms)
[RANK0] F @ 694.383056640625 (ms) to 722.227783203125 (ms), cudaEventElapsed = 27.817983627319336 (ms)
[RANK0] F @ 722.91748046875 (ms) to 750.85498046875 (ms), cudaEventElapsed = 27.91116714477539 (ms)
[RANK0] B @ 1751.223388671875 (ms) to 1840.39892578125 (ms), cudaEventElapsed = 89.14329528808594 (ms)
[RANK0] F @ 1840.739990234375 (ms) to 1865.821044921875 (ms), cudaEventElapsed = 25.053184509277344 (ms)
[RANK0] B @ 1867.24560546875 (ms) to 1901.031494140625 (ms), cudaEventElapsed = 33.758209228515625 (ms)
[RANK0] F @ 1901.458740234375 (ms) to 1927.485107421875 (ms), cudaEventElapsed = 25.997312545776367 (ms)
[RANK0] B @ 1928.826171875 (ms) to 1964.170654296875 (ms), cudaEventElapsed = 35.318782806396484 (ms)
[RANK0] F @ 1964.39892578125 (ms) to 1990.949462890625 (ms), cudaEventElapsed = 26.5216007232666 (ms)
[RANK0] B @ 1992.326904296875 (ms) to 2027.764892578125 (ms), cudaEventElapsed = 35.41196823120117 (ms)
[RANK0] F @ 2027.999755859375 (ms) to 2054.64794921875 (ms), cudaEventElapsed = 26.621952056884766 (ms)
[RANK0] B @ 2066.328369140625 (ms) to 2100.290283203125 (ms), cudaEventElapsed = 33.93638229370117 (ms)
[RANK0] F @ 2100.525146484375 (ms) to 2126.0712890625 (ms), cudaEventElapsed = 25.51603126525879 (ms)
[RANK0] B @ 2146.26953125 (ms) to 2179.697998046875 (ms), cudaEventElapsed = 33.40185546875 (ms)
[RANK0] W @ 2180.01904296875 (ms) to 2194.446533203125 (ms), cudaEventElapsed = 14.402560234069824 (ms)
[RANK0] B @ 2223.82177734375 (ms) to 2255.857421875 (ms), cudaEventElapsed = 32.01228713989258 (ms)
[RANK0] W @ 2256.16015625 (ms) to 2269.8232421875 (ms), cudaEventElapsed = 13.638655662536621 (ms)
[RANK0] B @ 2303.90234375 (ms) to 2335.73779296875 (ms), cudaEventElapsed = 31.813631057739258 (ms)
[RANK0] W @ 2336.043212890625 (ms) to 2349.64990234375 (ms), cudaEventElapsed = 13.583359718322754 (ms)
[RANK0] B @ 2368.61279296875 (ms) to 2400.608154296875 (ms), cudaEventElapsed = 31.97337532043457 (ms)
[RANK0] W @ 2400.921875 (ms) to 2414.99169921875 (ms), cudaEventElapsed = 14.047231674194336 (ms)
[RANK0] B @ 2435.143798828125 (ms) to 2468.107421875 (ms), cudaEventElapsed = 32.942081451416016 (ms)
[RANK0] W @ 2468.4248046875 (ms) to 2482.109130859375 (ms), cudaEventElapsed = 13.660160064697266 (ms)
[RANK0] B @ 2501.82568359375 (ms) to 2534.382080078125 (ms), cudaEventElapsed = 32.53452682495117 (ms)
[RANK0] W @ 2534.68603515625 (ms) to 2548.598876953125 (ms), cudaEventElapsed = 13.888511657714844 (ms)
[RANK0] B @ 2566.7275390625 (ms) to 2598.796630859375 (ms), cudaEventElapsed = 32.04915237426758 (ms)
[RANK0] 6W @ 2599.90478515625 (ms) to 2692.194580078125 (ms), cudaEventElapsed = 92.25011444091797 (ms)
[RANK0] Iteration 2
[RANK0] F @ 0.490478515625 (ms) to 26.3759765625 (ms), cudaEventElapsed = 25.858047485351562 (ms)
[RANK0] F @ 27.0546875 (ms) to 52.049560546875 (ms), cudaEventElapsed = 24.968191146850586 (ms)
[RANK0] F @ 52.7294921875 (ms) to 80.1826171875 (ms), cudaEventElapsed = 27.430912017822266 (ms)
[RANK0] F @ 80.845947265625 (ms) to 108.630615234375 (ms), cudaEventElapsed = 27.76166343688965 (ms)
[RANK0] F @ 109.335693359375 (ms) to 137.814697265625 (ms), cudaEventElapsed = 28.453887939453125 (ms)
[RANK0] F @ 138.50927734375 (ms) to 166.699951171875 (ms), cudaEventElapsed = 28.16102409362793 (ms)
[RANK0] F @ 167.374267578125 (ms) to 194.741943359375 (ms), cudaEventElapsed = 27.3438720703125 (ms)
[RANK0] B @ 385.646484375 (ms) to 419.028564453125 (ms), cudaEventElapsed = 33.353729248046875 (ms)
[RANK0] F @ 419.2548828125 (ms) to 445.29296875 (ms), cudaEventElapsed = 26.012672424316406 (ms)
[RANK0] B @ 470.427734375 (ms) to 504.234375 (ms), cudaEventElapsed = 33.776641845703125 (ms)
[RANK0] F @ 504.443359375 (ms) to 530.232177734375 (ms), cudaEventElapsed = 25.765888214111328 (ms)
[RANK0] B @ 552.406494140625 (ms) to 714.07958984375 (ms), cudaEventElapsed = 161.64659118652344 (ms)
[RANK0] F @ 714.400634765625 (ms) to 741.26416015625 (ms), cudaEventElapsed = 26.839040756225586 (ms)
[RANK0] B @ 742.821533203125 (ms) to 778.69775390625 (ms), cudaEventElapsed = 35.85433578491211 (ms)
[RANK0] F @ 778.8798828125 (ms) to 807.187744140625 (ms), cudaEventElapsed = 28.285951614379883 (ms)
[RANK0] B @ 809.417724609375 (ms) to 845.7197265625 (ms), cudaEventElapsed = 36.27417755126953 (ms)
[RANK0] F @ 845.9306640625 (ms) to 872.830322265625 (ms), cudaEventElapsed = 26.876928329467773 (ms)
[RANK0] B @ 874.126708984375 (ms) to 910.38818359375 (ms), cudaEventElapsed = 36.23936080932617 (ms)
[RANK0] W @ 910.6962890625 (ms) to 927.94677734375 (ms), cudaEventElapsed = 17.22470474243164 (ms)
[RANK0] B @ 928.824462890625 (ms) to 965.757080078125 (ms), cudaEventElapsed = 36.91007995605469 (ms)
[RANK0] W @ 966.04296875 (ms) to 983.638671875 (ms), cudaEventElapsed = 17.571840286254883 (ms)
[RANK0] B @ 1004.10888671875 (ms) to 1038.279541015625 (ms), cudaEventElapsed = 34.148353576660156 (ms)
[RANK0] W @ 1038.575927734375 (ms) to 1054.868408203125 (ms), cudaEventElapsed = 16.270336151123047 (ms)
[RANK0] B @ 1085.3330078125 (ms) to 1118.999267578125 (ms), cudaEventElapsed = 33.64659118652344 (ms)
[RANK0] W @ 1119.299072265625 (ms) to 1135.25439453125 (ms), cudaEventElapsed = 15.934464454650879 (ms)
[RANK0] B @ 1166.6904296875 (ms) to 1200.455810546875 (ms), cudaEventElapsed = 33.739776611328125 (ms)
[RANK0] W @ 1200.746337890625 (ms) to 1216.799560546875 (ms), cudaEventElapsed = 16.030719757080078 (ms)
[RANK0] B @ 1243.72900390625 (ms) to 1277.53125 (ms), cudaEventElapsed = 33.781761169433594 (ms)
[RANK0] W @ 1278.3134765625 (ms) to 1294.03466796875 (ms), cudaEventElapsed = 15.698944091796875 (ms)
[RANK0] B @ 1316.003173828125 (ms) to 1350.043212890625 (ms), cudaEventElapsed = 34.02035140991211 (ms)
[RANK0] 6W @ 1350.80908203125 (ms) to 1465.5595703125 (ms), cudaEventElapsed = 114.72691345214844 (ms)
[RANK0] Iteration 3
[RANK0] F @ 1.001708984375 (ms) to 25.70654296875 (ms), cudaEventElapsed = 24.67840003967285 (ms)
[RANK0] F @ 26.37744140625 (ms) to 51.7548828125 (ms), cudaEventElapsed = 25.35424041748047 (ms)
[RANK0] F @ 52.41357421875 (ms) to 79.90380859375 (ms), cudaEventElapsed = 27.467775344848633 (ms)
[RANK0] F @ 80.5712890625 (ms) to 108.6748046875 (ms), cudaEventElapsed = 28.081151962280273 (ms)
[RANK0] F @ 109.3359375 (ms) to 137.271728515625 (ms), cudaEventElapsed = 27.91321563720703 (ms)
[RANK0] F @ 137.96728515625 (ms) to 165.762939453125 (ms), cudaEventElapsed = 27.77292823791504 (ms)
[RANK0] F @ 166.428955078125 (ms) to 194.342041015625 (ms), cudaEventElapsed = 27.890687942504883 (ms)
[RANK0] B @ 293.865966796875 (ms) to 327.011962890625 (ms), cudaEventElapsed = 33.121280670166016 (ms)
[RANK0] F @ 327.225830078125 (ms) to 353.3525390625 (ms), cudaEventElapsed = 26.10380744934082 (ms)
[RANK0] B @ 380.207763671875 (ms) to 413.941162109375 (ms), cudaEventElapsed = 33.710079193115234 (ms)
[RANK0] F @ 414.166259765625 (ms) to 439.84033203125 (ms), cudaEventElapsed = 25.650175094604492 (ms)
[RANK0] B @ 466.83984375 (ms) to 500.43896484375 (ms), cudaEventElapsed = 33.5728645324707 (ms)
[RANK0] F @ 500.681396484375 (ms) to 527.032470703125 (ms), cudaEventElapsed = 26.32601547241211 (ms)
[RANK0] B @ 547.04833984375 (ms) to 580.86181640625 (ms), cudaEventElapsed = 33.7889289855957 (ms)
[RANK0] F @ 581.087890625 (ms) to 608.072265625 (ms), cudaEventElapsed = 26.95884895324707 (ms)
[RANK0] B @ 631.634765625 (ms) to 665.227294921875 (ms), cudaEventElapsed = 33.567745208740234 (ms)
[RANK0] F @ 665.443115234375 (ms) to 692.05029296875 (ms), cudaEventElapsed = 26.584064483642578 (ms)
[RANK0] B @ 715.3125 (ms) to 749.213623046875 (ms), cudaEventElapsed = 33.87801742553711 (ms)
[RANK0] W @ 749.50048828125 (ms) to 765.602783203125 (ms), cudaEventElapsed = 16.078847885131836 (ms)
[RANK0] B @ 799.46142578125 (ms) to 832.97998046875 (ms), cudaEventElapsed = 33.49708938598633 (ms)
[RANK0] W @ 833.283203125 (ms) to 848.635009765625 (ms), cudaEventElapsed = 15.330304145812988 (ms)
[RANK0] B @ 911.468017578125 (ms) to 944.59423828125 (ms), cudaEventElapsed = 33.1038703918457 (ms)
[RANK0] W @ 944.899169921875 (ms) to 960.046142578125 (ms), cudaEventElapsed = 15.123456001281738 (ms)
[RANK0] B @ 979.950927734375 (ms) to 1014.363525390625 (ms), cudaEventElapsed = 34.39206314086914 (ms)
[RANK0] W @ 1014.671142578125 (ms) to 1031.067138671875 (ms), cudaEventElapsed = 16.373760223388672 (ms)
[RANK0] B @ 1056.75244140625 (ms) to 1090.525634765625 (ms), cudaEventElapsed = 33.751041412353516 (ms)
[RANK0] W @ 1090.82568359375 (ms) to 1106.934814453125 (ms), cudaEventElapsed = 16.087039947509766 (ms)
[RANK0] B @ 1129.93603515625 (ms) to 1163.862060546875 (ms), cudaEventElapsed = 33.905662536621094 (ms)
[RANK0] W @ 1164.651611328125 (ms) to 1180.756103515625 (ms), cudaEventElapsed = 16.071680068969727 (ms)
[RANK0] B @ 1204.679443359375 (ms) to 1238.4541015625 (ms), cudaEventElapsed = 33.754112243652344 (ms)
[RANK0] 6W @ 1239.212158203125 (ms) to 1353.82861328125 (ms), cudaEventElapsed = 114.59276580810547 (ms)
[RANK0] Iteration 4
[RANK0] F @ 0.496337890625 (ms) to 25.709716796875 (ms), cudaEventElapsed = 25.189376831054688 (ms)
[RANK0] F @ 26.362548828125 (ms) to 51.161865234375 (ms), cudaEventElapsed = 24.777727127075195 (ms)
[RANK0] F @ 51.814208984375 (ms) to 78.908935546875 (ms), cudaEventElapsed = 27.072511672973633 (ms)
[RANK0] F @ 79.596435546875 (ms) to 107.8603515625 (ms), cudaEventElapsed = 28.241920471191406 (ms)
[RANK0] F @ 108.548583984375 (ms) to 136.310302734375 (ms), cudaEventElapsed = 27.73811149597168 (ms)
[RANK0] F @ 136.99072265625 (ms) to 165.0185546875 (ms), cudaEventElapsed = 28.0053768157959 (ms)
[RANK0] F @ 165.689453125 (ms) to 193.353271484375 (ms), cudaEventElapsed = 27.638784408569336 (ms)
[RANK0] B @ 282.173828125 (ms) to 315.37890625 (ms), cudaEventElapsed = 33.17862319946289 (ms)
[RANK0] F @ 315.621826171875 (ms) to 342.027587890625 (ms), cudaEventElapsed = 26.37926483154297 (ms)
[RANK0] B @ 369.226806640625 (ms) to 403.139892578125 (ms), cudaEventElapsed = 33.88723373413086 (ms)
[RANK0] F @ 403.392333984375 (ms) to 429.48828125 (ms), cudaEventElapsed = 26.067968368530273 (ms)
[RANK0] B @ 452.875244140625 (ms) to 486.89453125 (ms), cudaEventElapsed = 33.99270248413086 (ms)
[RANK0] F @ 487.141845703125 (ms) to 512.81982421875 (ms), cudaEventElapsed = 25.652223587036133 (ms)
[RANK0] B @ 535.484619140625 (ms) to 569.2041015625 (ms), cudaEventElapsed = 33.693695068359375 (ms)
[RANK0] F @ 569.429443359375 (ms) to 595.668212890625 (ms), cudaEventElapsed = 26.214399337768555 (ms)
[RANK0] B @ 620.62841796875 (ms) to 654.321533203125 (ms), cudaEventElapsed = 33.670143127441406 (ms)
[RANK0] F @ 654.531982421875 (ms) to 681.499267578125 (ms), cudaEventElapsed = 26.94451141357422 (ms)
[RANK0] B @ 704.73095703125 (ms) to 738.54296875 (ms), cudaEventElapsed = 33.7889289855957 (ms)
[RANK0] W @ 738.860107421875 (ms) to 754.475341796875 (ms), cudaEventElapsed = 15.592448234558105 (ms)
[RANK0] B @ 789.232666015625 (ms) to 822.835205078125 (ms), cudaEventElapsed = 33.58003234863281 (ms)
[RANK0] W @ 823.134521484375 (ms) to 838.8388671875 (ms), cudaEventElapsed = 15.681535720825195 (ms)
[RANK0] B @ 905.034912109375 (ms) to 938.2431640625 (ms), cudaEventElapsed = 33.18374252319336 (ms)
[RANK0] W @ 938.525390625 (ms) to 953.446044921875 (ms), cudaEventElapsed = 14.898176193237305 (ms)
[RANK0] B @ 972.1279296875 (ms) to 1007.09130859375 (ms), cudaEventElapsed = 34.941951751708984 (ms)
[RANK0] W @ 1007.4267578125 (ms) to 1023.538818359375 (ms), cudaEventElapsed = 16.089088439941406 (ms)
[RANK0] B @ 1049.179931640625 (ms) to 1082.836181640625 (ms), cudaEventElapsed = 33.63532638549805 (ms)
[RANK0] W @ 1083.1435546875 (ms) to 1098.927978515625 (ms), cudaEventElapsed = 15.762432098388672 (ms)
[RANK0] B @ 1122.09326171875 (ms) to 1156.043212890625 (ms), cudaEventElapsed = 33.92921447753906 (ms)
[RANK0] W @ 1156.99658203125 (ms) to 1172.585693359375 (ms), cudaEventElapsed = 15.565823554992676 (ms)
[RANK0] B @ 1196.07666015625 (ms) to 1229.749267578125 (ms), cudaEventElapsed = 33.651710510253906 (ms)
[RANK0] 6W @ 1230.521240234375 (ms) to 1345.525146484375 (ms), cudaEventElapsed = 114.97779083251953 (ms)
[RANK0] Iteration 5
[RANK0] F @ 0.508056640625 (ms) to 25.91650390625 (ms), cudaEventElapsed = 25.382911682128906 (ms)
[RANK0] F @ 26.57568359375 (ms) to 51.3994140625 (ms), cudaEventElapsed = 24.801279067993164 (ms)
[RANK0] F @ 52.054443359375 (ms) to 79.549072265625 (ms), cudaEventElapsed = 27.470848083496094 (ms)
[RANK0] F @ 80.22509765625 (ms) to 108.2060546875 (ms), cudaEventElapsed = 27.95724868774414 (ms)
[RANK0] F @ 108.878173828125 (ms) to 136.694091796875 (ms), cudaEventElapsed = 27.792383193969727 (ms)
[RANK0] F @ 137.7490234375 (ms) to 165.486083984375 (ms), cudaEventElapsed = 27.702272415161133 (ms)
[RANK0] F @ 166.156005859375 (ms) to 193.696044921875 (ms), cudaEventElapsed = 27.51692771911621 (ms)
[RANK0] B @ 528.326416015625 (ms) to 561.841552734375 (ms), cudaEventElapsed = 33.48787307739258 (ms)
[RANK0] F @ 562.095458984375 (ms) to 587.983154296875 (ms), cudaEventElapsed = 25.856000900268555 (ms)
[RANK0] B @ 612.996826171875 (ms) to 646.8056640625 (ms), cudaEventElapsed = 33.78688049316406 (ms)
[RANK0] F @ 647.00634765625 (ms) to 672.806396484375 (ms), cudaEventElapsed = 25.778175354003906 (ms)
[RANK0] B @ 695.3935546875 (ms) to 729.0576171875 (ms), cudaEventElapsed = 33.64352035522461 (ms)
[RANK0] F @ 729.253173828125 (ms) to 754.622314453125 (ms), cudaEventElapsed = 25.34707260131836 (ms)
[RANK0] B @ 915.333251953125 (ms) to 948.5478515625 (ms), cudaEventElapsed = 33.19193649291992 (ms)
[RANK0] F @ 948.763427734375 (ms) to 973.93896484375 (ms), cudaEventElapsed = 25.151487350463867 (ms)
[RANK0] B @ 1004.324951171875 (ms) to 1037.666015625 (ms), cudaEventElapsed = 33.318912506103516 (ms)
[RANK0] F @ 1037.87744140625 (ms) to 1064.247802734375 (ms), cudaEventElapsed = 26.348543167114258 (ms)
[RANK0] B @ 1087.45751953125 (ms) to 1121.246337890625 (ms), cudaEventElapsed = 33.76844787597656 (ms)
[RANK0] W @ 1121.500732421875 (ms) to 1137.55224609375 (ms), cudaEventElapsed = 16.030719757080078 (ms)
[RANK0] B @ 1301.02392578125 (ms) to 1334.21337890625 (ms), cudaEventElapsed = 33.16428756713867 (ms)
[RANK0] W @ 1334.508056640625 (ms) to 1349.49658203125 (ms), cudaEventElapsed = 14.965760231018066 (ms)
[RANK0] B @ 1424.304931640625 (ms) to 1457.427490234375 (ms), cudaEventElapsed = 33.10182571411133 (ms)
[RANK0] W @ 1457.7001953125 (ms) to 1472.55078125 (ms), cudaEventElapsed = 14.830592155456543 (ms)
[RANK0] B @ 1493.22314453125 (ms) to 1527.308837890625 (ms), cudaEventElapsed = 34.06643295288086 (ms)
[RANK0] W @ 1527.60693359375 (ms) to 1543.482421875 (ms), cudaEventElapsed = 15.852543830871582 (ms)
[RANK0] B @ 1567.133544921875 (ms) to 1600.937255859375 (ms), cudaEventElapsed = 33.783809661865234 (ms)
[RANK0] W @ 1601.23291015625 (ms) to 1617.552978515625 (ms), cudaEventElapsed = 16.297983169555664 (ms)
[RANK0] B @ 1638.044921875 (ms) to 1672.230712890625 (ms), cudaEventElapsed = 34.1657600402832 (ms)
[RANK0] W @ 1672.53271484375 (ms) to 1688.761962890625 (ms), cudaEventElapsed = 16.20684814453125 (ms)
[RANK0] B @ 1710.350830078125 (ms) to 1744.59814453125 (ms), cudaEventElapsed = 34.22719955444336 (ms)
[RANK0] 6W @ 1745.926025390625 (ms) to 1859.97265625 (ms), cudaEventElapsed = 114.02137756347656 (ms)
[RANK0] Iteration 6
[RANK0] F @ 0.5068359375 (ms) to 26.48193359375 (ms), cudaEventElapsed = 25.94918441772461 (ms)
[RANK0] F @ 27.138916015625 (ms) to 53.33642578125 (ms), cudaEventElapsed = 26.176511764526367 (ms)
[RANK0] F @ 54.01416015625 (ms) to 81.507568359375 (ms), cudaEventElapsed = 27.471872329711914 (ms)
[RANK0] F @ 82.171875 (ms) to 109.8935546875 (ms), cudaEventElapsed = 27.699199676513672 (ms)
[RANK0] F @ 110.548583984375 (ms) to 138.424072265625 (ms), cudaEventElapsed = 27.853824615478516 (ms)
[RANK0] F @ 139.084228515625 (ms) to 166.759033203125 (ms), cudaEventElapsed = 27.653120040893555 (ms)
[RANK0] F @ 167.416259765625 (ms) to 195.3203125 (ms), cudaEventElapsed = 27.880447387695312 (ms)
[RANK0] B @ 524.18798828125 (ms) to 557.657470703125 (ms), cudaEventElapsed = 33.44179153442383 (ms)
[RANK0] F @ 557.89892578125 (ms) to 583.9248046875 (ms), cudaEventElapsed = 26.001407623291016 (ms)
[RANK0] B @ 610.297119140625 (ms) to 644.021728515625 (ms), cudaEventElapsed = 33.6998405456543 (ms)
[RANK0] F @ 644.273681640625 (ms) to 670.35595703125 (ms), cudaEventElapsed = 26.054655075073242 (ms)
[RANK0] B @ 690.962646484375 (ms) to 724.86474609375 (ms), cudaEventElapsed = 33.876991271972656 (ms)
[RANK0] F @ 725.091552734375 (ms) to 751.847412109375 (ms), cudaEventElapsed = 26.73049545288086 (ms)
[RANK0] B @ 911.306396484375 (ms) to 944.55908203125 (ms), cudaEventElapsed = 33.22675323486328 (ms)
[RANK0] F @ 944.8076171875 (ms) to 970.87158203125 (ms), cudaEventElapsed = 26.038272857666016 (ms)
[RANK0] B @ 1001.5107421875 (ms) to 1035.010498046875 (ms), cudaEventElapsed = 33.477630615234375 (ms)
[RANK0] F @ 1035.233642578125 (ms) to 1061.518798828125 (ms), cudaEventElapsed = 26.261503219604492 (ms)
[RANK0] B @ 1083.513671875 (ms) to 1117.3095703125 (ms), cudaEventElapsed = 33.774593353271484 (ms)
[RANK0] W @ 1117.603759765625 (ms) to 1133.516357421875 (ms), cudaEventElapsed = 15.89145565032959 (ms)
[RANK0] B @ 1299.25927734375 (ms) to 1332.473388671875 (ms), cudaEventElapsed = 33.188865661621094 (ms)
[RANK0] W @ 1332.816162109375 (ms) to 1347.6806640625 (ms), cudaEventElapsed = 14.841856002807617 (ms)
[RANK0] B @ 1390.388916015625 (ms) to 1423.738037109375 (ms), cudaEventElapsed = 33.318912506103516 (ms)
[RANK0] W @ 1424.03857421875 (ms) to 1439.259765625 (ms), cudaEventElapsed = 15.19923210144043 (ms)
[RANK0] B @ 1505.869873046875 (ms) to 1539.0595703125 (ms), cudaEventElapsed = 33.170433044433594 (ms)
[RANK0] W @ 1539.345947265625 (ms) to 1554.78466796875 (ms), cudaEventElapsed = 15.417344093322754 (ms)
[RANK0] B @ 1573.302490234375 (ms) to 1607.430908203125 (ms), cudaEventElapsed = 34.107391357421875 (ms)
[RANK0] W @ 1607.743896484375 (ms) to 1624.02734375 (ms), cudaEventElapsed = 16.261119842529297 (ms)
[RANK0] B @ 1646.0419921875 (ms) to 1680.587158203125 (ms), cudaEventElapsed = 34.523136138916016 (ms)
[RANK0] W @ 1681.432373046875 (ms) to 1697.400146484375 (ms), cudaEventElapsed = 15.944704055786133 (ms)
[RANK0] B @ 1719.109375 (ms) to 1752.886962890625 (ms), cudaEventElapsed = 33.75718307495117 (ms)
[RANK0] 6W @ 1753.64599609375 (ms) to 1869.550048828125 (ms), cudaEventElapsed = 115.87891387939453 (ms)
[RANK0] Iteration 7
[RANK0] F @ 0.50537109375 (ms) to 27.276123046875 (ms), cudaEventElapsed = 26.74687957763672 (ms)
[RANK0] F @ 27.953369140625 (ms) to 54.609619140625 (ms), cudaEventElapsed = 26.634239196777344 (ms)
[RANK0] F @ 55.28857421875 (ms) to 82.50830078125 (ms), cudaEventElapsed = 27.197439193725586 (ms)
[RANK0] F @ 83.224609375 (ms) to 111.327880859375 (ms), cudaEventElapsed = 28.079103469848633 (ms)
[RANK0] F @ 111.994384765625 (ms) to 139.820556640625 (ms), cudaEventElapsed = 27.802623748779297 (ms)
[RANK0] F @ 140.48828125 (ms) to 168.79248046875 (ms), cudaEventElapsed = 28.281856536865234 (ms)
[RANK0] F @ 169.485107421875 (ms) to 197.64013671875 (ms), cudaEventElapsed = 28.131328582763672 (ms)
[RANK0] B @ 526.218505859375 (ms) to 559.43408203125 (ms), cudaEventElapsed = 33.18783950805664 (ms)
[RANK0] F @ 559.672607421875 (ms) to 586.096435546875 (ms), cudaEventElapsed = 26.400768280029297 (ms)
[RANK0] B @ 611.35302734375 (ms) to 644.93408203125 (ms), cudaEventElapsed = 33.55750274658203 (ms)
[RANK0] F @ 645.140625 (ms) to 671.548583984375 (ms), cudaEventElapsed = 26.384384155273438 (ms)
[RANK0] B @ 693.136474609375 (ms) to 727.3330078125 (ms), cudaEventElapsed = 34.1739501953125 (ms)
[RANK0] F @ 727.538330078125 (ms) to 754.185302734375 (ms), cudaEventElapsed = 26.622976303100586 (ms)
[RANK0] B @ 913.0078125 (ms) to 946.271728515625 (ms), cudaEventElapsed = 33.24006271362305 (ms)
[RANK0] F @ 946.493408203125 (ms) to 972.7314453125 (ms), cudaEventElapsed = 26.215423583984375 (ms)
[RANK0] B @ 1003.434326171875 (ms) to 1036.868408203125 (ms), cudaEventElapsed = 33.41107177734375 (ms)
[RANK0] F @ 1037.06298828125 (ms) to 1063.388671875 (ms), cudaEventElapsed = 26.30451202392578 (ms)
[RANK0] B @ 1086.96875 (ms) to 1120.69287109375 (ms), cudaEventElapsed = 33.702911376953125 (ms)
[RANK0] W @ 1120.974853515625 (ms) to 1136.871826171875 (ms), cudaEventElapsed = 15.874048233032227 (ms)
[RANK0] B @ 1299.35302734375 (ms) to 1332.571533203125 (ms), cudaEventElapsed = 33.19295883178711 (ms)
[RANK0] W @ 1332.904296875 (ms) to 1348.221923828125 (ms), cudaEventElapsed = 15.294464111328125 (ms)
[RANK0] B @ 1392.362060546875 (ms) to 1425.59912109375 (ms), cudaEventElapsed = 33.21548843383789 (ms)
[RANK0] W @ 1425.8876953125 (ms) to 1441.24853515625 (ms), cudaEventElapsed = 15.339520454406738 (ms)
[RANK0] B @ 1463.84326171875 (ms) to 1498.11865234375 (ms), cudaEventElapsed = 34.25484848022461 (ms)
[RANK0] W @ 1498.406982421875 (ms) to 1514.766357421875 (ms), cudaEventElapsed = 16.335872650146484 (ms)
[RANK0] B @ 1536.249267578125 (ms) to 1570.460205078125 (ms), cudaEventElapsed = 34.19033432006836 (ms)
[RANK0] W @ 1570.740234375 (ms) to 1586.977294921875 (ms), cudaEventElapsed = 16.21504020690918 (ms)
[RANK0] B @ 1608.7578125 (ms) to 1642.695556640625 (ms), cudaEventElapsed = 33.9159049987793 (ms)
[RANK0] W @ 1643.713623046875 (ms) to 1659.359130859375 (ms), cudaEventElapsed = 15.622143745422363 (ms)
[RANK0] B @ 1681.73193359375 (ms) to 1715.574951171875 (ms), cudaEventElapsed = 33.82374572753906 (ms)
[RANK0] 6W @ 1716.337890625 (ms) to 1831.4111328125 (ms), cudaEventElapsed = 115.04640197753906 (ms)
[RANK0] Iteration 8
[RANK0] F @ 0.829833984375 (ms) to 26.46875 (ms), cudaEventElapsed = 25.612287521362305 (ms)
[RANK0] F @ 27.12939453125 (ms) to 53.3623046875 (ms), cudaEventElapsed = 26.211328506469727 (ms)
[RANK0] F @ 54.015869140625 (ms) to 81.1640625 (ms), cudaEventElapsed = 27.12678337097168 (ms)
[RANK0] F @ 81.815673828125 (ms) to 109.853515625 (ms), cudaEventElapsed = 28.015615463256836 (ms)
[RANK0] F @ 110.51171875 (ms) to 138.363525390625 (ms), cudaEventElapsed = 27.829248428344727 (ms)
[RANK0] F @ 139.009521484375 (ms) to 166.925048828125 (ms), cudaEventElapsed = 27.893760681152344 (ms)
[RANK0] F @ 167.587890625 (ms) to 195.522705078125 (ms), cudaEventElapsed = 27.91219139099121 (ms)
[RANK0] B @ 523.188720703125 (ms) to 556.458984375 (ms), cudaEventElapsed = 33.24415969848633 (ms)
[RANK0] F @ 556.6982421875 (ms) to 582.264892578125 (ms), cudaEventElapsed = 25.5416316986084 (ms)
[RANK0] B @ 606.431396484375 (ms) to 640.142578125 (ms), cudaEventElapsed = 33.68755340576172 (ms)
[RANK0] F @ 640.363037109375 (ms) to 666.793212890625 (ms), cudaEventElapsed = 26.395647048950195 (ms)
[RANK0] B @ 689.20068359375 (ms) to 722.949462890625 (ms), cudaEventElapsed = 33.72748947143555 (ms)
[RANK0] F @ 723.15673828125 (ms) to 749.93115234375 (ms), cudaEventElapsed = 26.7509765625 (ms)
[RANK0] B @ 911.07666015625 (ms) to 944.257080078125 (ms), cudaEventElapsed = 33.156097412109375 (ms)
[RANK0] F @ 944.485595703125 (ms) to 970.850341796875 (ms), cudaEventElapsed = 26.34137535095215 (ms)
[RANK0] B @ 997.321044921875 (ms) to 1030.83203125 (ms), cudaEventElapsed = 33.488895416259766 (ms)
[RANK0] F @ 1031.0361328125 (ms) to 1057.067626953125 (ms), cudaEventElapsed = 26.009599685668945 (ms)
[RANK0] B @ 1081.83544921875 (ms) to 1115.69921875 (ms), cudaEventElapsed = 33.84320068359375 (ms)
[RANK0] W @ 1115.99755859375 (ms) to 1131.5 (ms), cudaEventElapsed = 15.47980785369873 (ms)
[RANK0] B @ 1300.2197265625 (ms) to 1333.531005859375 (ms), cudaEventElapsed = 33.2861442565918 (ms)
[RANK0] W @ 1333.857177734375 (ms) to 1349.043701171875 (ms), cudaEventElapsed = 15.164416313171387 (ms)
[RANK0] B @ 1415.60107421875 (ms) to 1448.80078125 (ms), cudaEventElapsed = 33.17862319946289 (ms)
[RANK0] W @ 1449.0888671875 (ms) to 1464.3173828125 (ms), cudaEventElapsed = 15.20742416381836 (ms)
[RANK0] B @ 1482.576416015625 (ms) to 1516.984130859375 (ms), cudaEventElapsed = 34.385921478271484 (ms)
[RANK0] W @ 1517.469482421875 (ms) to 1533.195068359375 (ms), cudaEventElapsed = 15.70406436920166 (ms)
[RANK0] B @ 1555.708251953125 (ms) to 1589.42822265625 (ms), cudaEventElapsed = 33.6998405456543 (ms)
[RANK0] W @ 1589.716796875 (ms) to 1605.876708984375 (ms), cudaEventElapsed = 16.138240814208984 (ms)
[RANK0] B @ 1629.06591796875 (ms) to 1663.02490234375 (ms), cudaEventElapsed = 33.939456939697266 (ms)
[RANK0] W @ 1663.888916015625 (ms) to 1679.995361328125 (ms), cudaEventElapsed = 16.082944869995117 (ms)
[RANK0] B @ 1702.027587890625 (ms) to 1736.0283203125 (ms), cudaEventElapsed = 33.98041534423828 (ms)
[RANK0] 6W @ 1736.784912109375 (ms) to 1850.040283203125 (ms), cudaEventElapsed = 113.23085021972656 (ms)
[RANK0] Iteration 9
[RANK0] F @ 0.46337890625 (ms) to 27.05322265625 (ms), cudaEventElapsed = 26.562559127807617 (ms)
[RANK0] F @ 27.770751953125 (ms) to 54.424072265625 (ms), cudaEventElapsed = 26.627071380615234 (ms)
[RANK0] F @ 55.17138671875 (ms) to 82.825927734375 (ms), cudaEventElapsed = 27.623424530029297 (ms)
[RANK0] F @ 83.5537109375 (ms) to 111.83154296875 (ms), cudaEventElapsed = 28.250112533569336 (ms)
[RANK0] F @ 112.528564453125 (ms) to 140.771728515625 (ms), cudaEventElapsed = 28.219392776489258 (ms)
[RANK0] F @ 141.43212890625 (ms) to 168.967041015625 (ms), cudaEventElapsed = 27.512832641601562 (ms)
[RANK0] F @ 169.64208984375 (ms) to 197.694091796875 (ms), cudaEventElapsed = 28.029951095581055 (ms)
[RANK0] B @ 528.95654296875 (ms) to 562.233642578125 (ms), cudaEventElapsed = 33.25030517578125 (ms)
[RANK0] F @ 562.468994140625 (ms) to 588.049072265625 (ms), cudaEventElapsed = 25.555967330932617 (ms)
[RANK0] B @ 611.4404296875 (ms) to 645.177001953125 (ms), cudaEventElapsed = 33.714176177978516 (ms)
[RANK0] F @ 645.38525390625 (ms) to 671.795166015625 (ms), cudaEventElapsed = 26.386432647705078 (ms)
[RANK0] B @ 695.890625 (ms) to 729.4345703125 (ms), cudaEventElapsed = 33.521663665771484 (ms)
[RANK0] F @ 729.629150390625 (ms) to 755.62939453125 (ms), cudaEventElapsed = 25.976831436157227 (ms)
[RANK0] B @ 919.0888671875 (ms) to 952.341552734375 (ms), cudaEventElapsed = 33.22675323486328 (ms)
[RANK0] F @ 952.55810546875 (ms) to 979.045166015625 (ms), cudaEventElapsed = 26.463232040405273 (ms)
[RANK0] B @ 1004.80029296875 (ms) to 1038.42333984375 (ms), cudaEventElapsed = 33.60051345825195 (ms)
[RANK0] F @ 1038.643310546875 (ms) to 1064.190673828125 (ms), cudaEventElapsed = 25.5231990814209 (ms)
[RANK0] B @ 1088.469482421875 (ms) to 1121.99755859375 (ms), cudaEventElapsed = 33.50630569458008 (ms)
[RANK0] W @ 1122.279052734375 (ms) to 1137.669189453125 (ms), cudaEventElapsed = 15.367168426513672 (ms)
[RANK0] B @ 1306.16845703125 (ms) to 1339.450927734375 (ms), cudaEventElapsed = 33.254398345947266 (ms)
[RANK0] W @ 1339.818115234375 (ms) to 1354.921875 (ms), cudaEventElapsed = 15.0763521194458 (ms)
[RANK0] B @ 1420.7490234375 (ms) to 1454.0771484375 (ms), cudaEventElapsed = 33.305599212646484 (ms)
[RANK0] W @ 1454.386474609375 (ms) to 1469.6689453125 (ms), cudaEventElapsed = 15.260671615600586 (ms)
[RANK0] B @ 1487.72802734375 (ms) to 1522.205810546875 (ms), cudaEventElapsed = 34.45759963989258 (ms)
[RANK0] W @ 1522.486083984375 (ms) to 1538.36669921875 (ms), cudaEventElapsed = 15.859711647033691 (ms)
[RANK0] B @ 1561.144287109375 (ms) to 1594.9384765625 (ms), cudaEventElapsed = 33.774593353271484 (ms)
[RANK0] W @ 1595.234130859375 (ms) to 1611.385009765625 (ms), cudaEventElapsed = 16.130048751831055 (ms)
[RANK0] B @ 1633.827392578125 (ms) to 1667.844970703125 (ms), cudaEventElapsed = 33.997825622558594 (ms)
[RANK0] W @ 1668.733642578125 (ms) to 1684.995361328125 (ms), cudaEventElapsed = 16.23859214782715 (ms)
[RANK0] B @ 1706.756591796875 (ms) to 1740.625732421875 (ms), cudaEventElapsed = 33.84729766845703 (ms)
[RANK0] 6W @ 1741.41259765625 (ms) to 1854.9384765625 (ms), cudaEventElapsed = 113.50118255615234 (ms)
