[RANK1] Iteration 1
[RANK1] F @ 599.88330078125 (ms) to 816.197998046875 (ms), cudaEventElapsed = 216.2729034423828 (ms)
[RANK1] F @ 817.888671875 (ms) to 851.795166015625 (ms), cudaEventElapsed = 33.874942779541016 (ms)
[RANK1] F @ 853.349853515625 (ms) to 889.759521484375 (ms), cudaEventElapsed = 36.38169479370117 (ms)
[RANK1] F @ 891.3984375 (ms) to 927.72802734375 (ms), cudaEventElapsed = 36.30080032348633 (ms)
[RANK1] F @ 929.264892578125 (ms) to 964.783203125 (ms), cudaEventElapsed = 35.490814208984375 (ms)
[RANK1] B @ 1670.097412109375 (ms) to 1735.657958984375 (ms), cudaEventElapsed = 65.5288314819336 (ms)
[RANK1] F @ 1737.11669921875 (ms) to 1769.393310546875 (ms), cudaEventElapsed = 32.24678421020508 (ms)
[RANK1] B @ 1771.287353515625 (ms) to 1815.267333984375 (ms), cudaEventElapsed = 43.95110321044922 (ms)
[RANK1] F @ 1816.65771484375 (ms) to 1849.879638671875 (ms), cudaEventElapsed = 33.19398498535156 (ms)
[RANK1] B @ 1851.5712890625 (ms) to 1895.377685546875 (ms), cudaEventElapsed = 43.77804946899414 (ms)
[RANK1] F @ 1897.082275390625 (ms) to 1930.477783203125 (ms), cudaEventElapsed = 33.36191940307617 (ms)
[RANK1] B @ 1932.179931640625 (ms) to 1976.3798828125 (ms), cudaEventElapsed = 44.1712646484375 (ms)
[RANK1] F @ 1977.826416015625 (ms) to 2011.6591796875 (ms), cudaEventElapsed = 33.79916763305664 (ms)
[RANK1] B @ 2013.68798828125 (ms) to 2057.884521484375 (ms), cudaEventElapsed = 44.16511917114258 (ms)
[RANK1] F @ 2059.32373046875 (ms) to 2093.200927734375 (ms), cudaEventElapsed = 33.84729766845703 (ms)
[RANK1] B @ 2094.602783203125 (ms) to 2138.97119140625 (ms), cudaEventElapsed = 44.34534454345703 (ms)
[RANK1] F @ 2140.199462890625 (ms) to 2174.186767578125 (ms), cudaEventElapsed = 33.965057373046875 (ms)
[RANK1] B @ 2175.487060546875 (ms) to 2219.46630859375 (ms), cudaEventElapsed = 43.95724868774414 (ms)
[RANK1] F @ 2220.672607421875 (ms) to 2254.080322265625 (ms), cudaEventElapsed = 33.38240051269531 (ms)
[RANK1] B @ 2255.36767578125 (ms) to 2299.2724609375 (ms), cudaEventElapsed = 43.88249588012695 (ms)
[RANK1] W @ 2299.98779296875 (ms) to 2321.006591796875 (ms), cudaEventElapsed = 20.997119903564453 (ms)
[RANK1] B @ 2321.790283203125 (ms) to 2364.2529296875 (ms), cudaEventElapsed = 42.440704345703125 (ms)
[RANK1] W @ 2365.010009765625 (ms) to 2385.58447265625 (ms), cudaEventElapsed = 20.552703857421875 (ms)
[RANK1] B @ 2387.755126953125 (ms) to 2429.728271484375 (ms), cudaEventElapsed = 41.9502067565918 (ms)
[RANK1] W @ 2430.455322265625 (ms) to 2450.665283203125 (ms), cudaEventElapsed = 20.190208435058594 (ms)
[RANK1] B @ 2456.0751953125 (ms) to 2497.312255859375 (ms), cudaEventElapsed = 41.215999603271484 (ms)
[RANK1] W @ 2498.072021484375 (ms) to 2517.7880859375 (ms), cudaEventElapsed = 19.693567276000977 (ms)
[RANK1] B @ 2518.57763671875 (ms) to 2561.167724609375 (ms), cudaEventElapsed = 42.56972885131836 (ms)
[RANK1] 8W @ 2563.4111328125 (ms) to 2736.220458984375 (ms), cudaEventElapsed = 172.7825927734375 (ms)
[RANK1] Iteration 2
[RANK1] F @ 32.608642578125 (ms) to 64.621826171875 (ms), cudaEventElapsed = 31.98464012145996 (ms)
[RANK1] F @ 66.179931640625 (ms) to 99.893310546875 (ms), cudaEventElapsed = 33.68550491333008 (ms)
[RANK1] F @ 101.47705078125 (ms) to 137.904296875 (ms), cudaEventElapsed = 36.399105072021484 (ms)
[RANK1] F @ 140.63916015625 (ms) to 176.40673828125 (ms), cudaEventElapsed = 35.738624572753906 (ms)
[RANK1] F @ 177.98486328125 (ms) to 334.89990234375 (ms), cudaEventElapsed = 156.88601684570312 (ms)
[RANK1] B @ 336.642333984375 (ms) to 379.583984375 (ms), cudaEventElapsed = 42.914817810058594 (ms)
[RANK1] F @ 381.1416015625 (ms) to 415.96923828125 (ms), cudaEventElapsed = 34.799617767333984 (ms)
[RANK1] B @ 418.260009765625 (ms) to 464.4736328125 (ms), cudaEventElapsed = 46.1844482421875 (ms)
[RANK1] F @ 465.916015625 (ms) to 500.892822265625 (ms), cudaEventElapsed = 34.949119567871094 (ms)
[RANK1] B @ 502.575927734375 (ms) to 547.50439453125 (ms), cudaEventElapsed = 44.897281646728516 (ms)
[RANK1] F @ 549.00390625 (ms) to 584.246337890625 (ms), cudaEventElapsed = 35.21331024169922 (ms)
[RANK1] B @ 585.927001953125 (ms) to 630.631591796875 (ms), cudaEventElapsed = 44.67609786987305 (ms)
[RANK1] F @ 632.192138671875 (ms) to 667.544921875 (ms), cudaEventElapsed = 35.322879791259766 (ms)
[RANK1] B @ 669.3125 (ms) to 714.402587890625 (ms), cudaEventElapsed = 45.06828689575195 (ms)
[RANK1] F @ 747.3544921875 (ms) to 779.09521484375 (ms), cudaEventElapsed = 31.717376708984375 (ms)
[RANK1] B @ 784.7841796875 (ms) to 827.7578125 (ms), cudaEventElapsed = 42.95167922973633 (ms)
[RANK1] F @ 828.992431640625 (ms) to 864.567138671875 (ms), cudaEventElapsed = 35.5491828918457 (ms)
[RANK1] B @ 866.50146484375 (ms) to 911.63037109375 (ms), cudaEventElapsed = 45.10310363769531 (ms)
[RANK1] F @ 912.883056640625 (ms) to 947.96484375 (ms), cudaEventElapsed = 35.05971145629883 (ms)
[RANK1] B @ 955.299560546875 (ms) to 999.81298828125 (ms), cudaEventElapsed = 44.48972702026367 (ms)
[RANK1] W @ 1000.582763671875 (ms) to 1023.626220703125 (ms), cudaEventElapsed = 23.018495559692383 (ms)
[RANK1] B @ 1037.815673828125 (ms) to 1081.052490234375 (ms), cudaEventElapsed = 43.212799072265625 (ms)
[RANK1] W @ 1081.800048828125 (ms) to 1104.102294921875 (ms), cudaEventElapsed = 22.28019142150879 (ms)
[RANK1] B @ 1119.388671875 (ms) to 1162.437255859375 (ms), cudaEventElapsed = 43.02131271362305 (ms)
[RANK1] W @ 1163.205810546875 (ms) to 1185.494873046875 (ms), cudaEventElapsed = 22.26278305053711 (ms)
[RANK1] B @ 1191.162109375 (ms) to 1239.518310546875 (ms), cudaEventElapsed = 48.335872650146484 (ms)
[RANK1] W @ 1240.281005859375 (ms) to 1264.395263671875 (ms), cudaEventElapsed = 24.09267234802246 (ms)
[RANK1] B @ 1266.2001953125 (ms) to 1311.701904296875 (ms), cudaEventElapsed = 45.47993469238281 (ms)
[RANK1] 8W @ 1313.554443359375 (ms) to 1529.63330078125 (ms), cudaEventElapsed = 216.04966735839844 (ms)
[RANK1] Iteration 3
[RANK1] F @ 33.6865234375 (ms) to 72.70849609375 (ms), cudaEventElapsed = 38.998016357421875 (ms)
[RANK1] F @ 74.018310546875 (ms) to 106.958740234375 (ms), cudaEventElapsed = 32.917503356933594 (ms)
[RANK1] F @ 108.266845703125 (ms) to 144.108154296875 (ms), cudaEventElapsed = 35.815425872802734 (ms)
[RANK1] F @ 145.69970703125 (ms) to 182.538818359375 (ms), cudaEventElapsed = 36.80972671508789 (ms)
[RANK1] F @ 184.117919921875 (ms) to 220.277099609375 (ms), cudaEventElapsed = 36.13081741333008 (ms)
[RANK1] B @ 246.084228515625 (ms) to 287.829345703125 (ms), cudaEventElapsed = 41.71468734741211 (ms)
[RANK1] F @ 289.25048828125 (ms) to 323.23193359375 (ms), cudaEventElapsed = 33.95481491088867 (ms)
[RANK1] B @ 329.67236328125 (ms) to 374.196044921875 (ms), cudaEventElapsed = 44.49382400512695 (ms)
[RANK1] F @ 375.595703125 (ms) to 409.952880859375 (ms), cudaEventElapsed = 34.3296012878418 (ms)
[RANK1] B @ 415.538330078125 (ms) to 459.56884765625 (ms), cudaEventElapsed = 44.00128173828125 (ms)
[RANK1] F @ 461.059814453125 (ms) to 495.854248046875 (ms), cudaEventElapsed = 34.771968841552734 (ms)
[RANK1] B @ 497.51171875 (ms) to 542.800537109375 (ms), cudaEventElapsed = 45.2597770690918 (ms)
[RANK1] F @ 544.1884765625 (ms) to 579.32373046875 (ms), cudaEventElapsed = 35.108863830566406 (ms)
[RANK1] B @ 581.765380859375 (ms) to 627.206298828125 (ms), cudaEventElapsed = 45.414398193359375 (ms)
[RANK1] F @ 628.59814453125 (ms) to 663.75390625 (ms), cudaEventElapsed = 35.128318786621094 (ms)
[RANK1] B @ 665.77587890625 (ms) to 711.0 (ms), cudaEventElapsed = 45.20140838623047 (ms)
[RANK1] F @ 712.21728515625 (ms) to 747.198974609375 (ms), cudaEventElapsed = 34.95935821533203 (ms)
[RANK1] B @ 749.380859375 (ms) to 794.20166015625 (ms), cudaEventElapsed = 44.79385757446289 (ms)
[RANK1] F @ 795.40673828125 (ms) to 830.08984375 (ms), cudaEventElapsed = 34.661376953125 (ms)
[RANK1] B @ 833.93017578125 (ms) to 907.259521484375 (ms), cudaEventElapsed = 73.30713653564453 (ms)
[RANK1] W @ 908.035400390625 (ms) to 928.4521484375 (ms), cudaEventElapsed = 20.393983840942383 (ms)
[RANK1] B @ 929.969970703125 (ms) to 975.6787109375 (ms), cudaEventElapsed = 45.681663513183594 (ms)
[RANK1] W @ 976.428466796875 (ms) to 999.199951171875 (ms), cudaEventElapsed = 22.749183654785156 (ms)
[RANK1] B @ 1006.021484375 (ms) to 1052.464111328125 (ms), cudaEventElapsed = 46.42201614379883 (ms)
[RANK1] W @ 1053.229248046875 (ms) to 1076.3818359375 (ms), cudaEventElapsed = 23.130111694335938 (ms)
[RANK1] B @ 1078.474853515625 (ms) to 1125.793701171875 (ms), cudaEventElapsed = 47.29753494262695 (ms)
[RANK1] W @ 1126.5595703125 (ms) to 1152.352294921875 (ms), cudaEventElapsed = 25.76691246032715 (ms)
[RANK1] B @ 1153.1669921875 (ms) to 1200.358154296875 (ms), cudaEventElapsed = 47.16953659057617 (ms)
[RANK1] 8W @ 1202.55859375 (ms) to 1421.5361328125 (ms), cudaEventElapsed = 218.95065307617188 (ms)
[RANK1] Iteration 4
[RANK1] F @ 31.771240234375 (ms) to 63.38818359375 (ms), cudaEventElapsed = 31.58937644958496 (ms)
[RANK1] F @ 64.897705078125 (ms) to 98.08154296875 (ms), cudaEventElapsed = 33.156097412109375 (ms)
[RANK1] F @ 99.61572265625 (ms) to 135.388427734375 (ms), cudaEventElapsed = 35.745792388916016 (ms)
[RANK1] F @ 138.084228515625 (ms) to 174.650390625 (ms), cudaEventElapsed = 36.52812957763672 (ms)
[RANK1] F @ 175.98046875 (ms) to 211.931884765625 (ms), cudaEventElapsed = 35.92601776123047 (ms)
[RANK1] B @ 234.381103515625 (ms) to 276.118408203125 (ms), cudaEventElapsed = 41.70854568481445 (ms)
[RANK1] F @ 277.53076171875 (ms) to 312.288818359375 (ms), cudaEventElapsed = 34.727935791015625 (ms)
[RANK1] B @ 318.103271484375 (ms) to 363.203857421875 (ms), cudaEventElapsed = 45.072383880615234 (ms)
[RANK1] F @ 364.593505859375 (ms) to 399.880615234375 (ms), cudaEventElapsed = 34.76172637939453 (ms)
[RANK1] B @ 404.264404296875 (ms) to 448.539306640625 (ms), cudaEventElapsed = 44.24396896362305 (ms)
[RANK1] F @ 449.82568359375 (ms) to 484.800048828125 (ms), cudaEventElapsed = 34.949119567871094 (ms)
[RANK1] B @ 486.41162109375 (ms) to 531.219482421875 (ms), cudaEventElapsed = 44.7825927734375 (ms)
[RANK1] F @ 532.491943359375 (ms) to 567.5263671875 (ms), cudaEventElapsed = 35.00953674316406 (ms)
[RANK1] B @ 570.853759765625 (ms) to 616.2578125 (ms), cudaEventElapsed = 45.37139129638672 (ms)
[RANK1] F @ 617.55078125 (ms) to 652.847412109375 (ms), cudaEventElapsed = 35.27167892456055 (ms)
[RANK1] B @ 655.32568359375 (ms) to 700.43115234375 (ms), cudaEventElapsed = 45.079551696777344 (ms)
[RANK1] F @ 701.697265625 (ms) to 736.64208984375 (ms), cudaEventElapsed = 34.9224967956543 (ms)
[RANK1] B @ 740.308837890625 (ms) to 784.9443359375 (ms), cudaEventElapsed = 44.61260986328125 (ms)
[RANK1] F @ 786.15087890625 (ms) to 820.668212890625 (ms), cudaEventElapsed = 34.49651336669922 (ms)
[RANK1] B @ 824.151123046875 (ms) to 900.83251953125 (ms), cudaEventElapsed = 76.65869140625 (ms)
[RANK1] W @ 901.62109375 (ms) to 921.4423828125 (ms), cudaEventElapsed = 19.798015594482422 (ms)
[RANK1] B @ 922.9619140625 (ms) to 967.773193359375 (ms), cudaEventElapsed = 44.7907829284668 (ms)
[RANK1] W @ 968.549072265625 (ms) to 992.56298828125 (ms), cudaEventElapsed = 23.990272521972656 (ms)
[RANK1] B @ 996.888916015625 (ms) to 1044.900146484375 (ms), cudaEventElapsed = 47.98873519897461 (ms)
[RANK1] W @ 1045.665771484375 (ms) to 1069.007568359375 (ms), cudaEventElapsed = 23.319551467895508 (ms)
[RANK1] B @ 1069.896484375 (ms) to 1117.81689453125 (ms), cudaEventElapsed = 47.8996467590332 (ms)
[RANK1] W @ 1118.640869140625 (ms) to 1144.181884765625 (ms), cudaEventElapsed = 25.51705551147461 (ms)
[RANK1] B @ 1144.998046875 (ms) to 1191.827392578125 (ms), cudaEventElapsed = 46.80499267578125 (ms)
[RANK1] 8W @ 1193.78076171875 (ms) to 1411.67724609375 (ms), cudaEventElapsed = 217.8682861328125 (ms)
[RANK1] Iteration 5
[RANK1] F @ 153.9091796875 (ms) to 185.431396484375 (ms), cudaEventElapsed = 31.493120193481445 (ms)
[RANK1] F @ 186.98974609375 (ms) to 220.561767578125 (ms), cudaEventElapsed = 33.54111862182617 (ms)
[RANK1] F @ 222.229248046875 (ms) to 258.853515625 (ms), cudaEventElapsed = 36.59366226196289 (ms)
[RANK1] F @ 260.482177734375 (ms) to 296.488525390625 (ms), cudaEventElapsed = 35.97721481323242 (ms)
[RANK1] F @ 298.106689453125 (ms) to 334.10107421875 (ms), cudaEventElapsed = 35.964927673339844 (ms)
[RANK1] B @ 360.216064453125 (ms) to 401.791748046875 (ms), cudaEventElapsed = 41.5467529296875 (ms)
[RANK1] F @ 403.24267578125 (ms) to 437.348876953125 (ms), cudaEventElapsed = 34.07872009277344 (ms)
[RANK1] B @ 441.81103515625 (ms) to 486.62841796875 (ms), cudaEventElapsed = 44.78976058959961 (ms)
[RANK1] F @ 488.00830078125 (ms) to 522.7822265625 (ms), cudaEventElapsed = 34.7432975769043 (ms)
[RANK1] B @ 526.234375 (ms) to 570.7998046875 (ms), cudaEventElapsed = 44.54092788696289 (ms)
[RANK1] F @ 714.26171875 (ms) to 745.72021484375 (ms), cudaEventElapsed = 31.428607940673828 (ms)
[RANK1] B @ 747.360595703125 (ms) to 790.6337890625 (ms), cudaEventElapsed = 43.2465934753418 (ms)
[RANK1] F @ 798.739013671875 (ms) to 833.1416015625 (ms), cudaEventElapsed = 34.37567901611328 (ms)
[RANK1] B @ 834.802001953125 (ms) to 879.70068359375 (ms), cudaEventElapsed = 44.871681213378906 (ms)
[RANK1] F @ 881.112060546875 (ms) to 916.117431640625 (ms), cudaEventElapsed = 34.97574234008789 (ms)
[RANK1] B @ 917.497802734375 (ms) to 962.894287109375 (ms), cudaEventElapsed = 45.37446212768555 (ms)
[RANK1] F @ 1100.013671875 (ms) to 1131.255859375 (ms), cudaEventElapsed = 31.218687057495117 (ms)
[RANK1] B @ 1132.5576171875 (ms) to 1176.56005859375 (ms), cudaEventElapsed = 43.9818229675293 (ms)
[RANK1] F @ 1190.301513671875 (ms) to 1223.555419921875 (ms), cudaEventElapsed = 33.22367858886719 (ms)
[RANK1] B @ 1224.896484375 (ms) to 1300.059326171875 (ms), cudaEventElapsed = 75.13702392578125 (ms)
[RANK1] W @ 1300.851318359375 (ms) to 1321.2314453125 (ms), cudaEventElapsed = 20.354047775268555 (ms)
[RANK1] B @ 1323.04638671875 (ms) to 1368.88720703125 (ms), cudaEventElapsed = 45.81273651123047 (ms)
[RANK1] W @ 1369.859130859375 (ms) to 1393.536865234375 (ms), cudaEventElapsed = 23.648256301879883 (ms)
[RANK1] B @ 1394.345703125 (ms) to 1441.869873046875 (ms), cudaEventElapsed = 47.50233459472656 (ms)
[RANK1] W @ 1442.640380859375 (ms) to 1466.756103515625 (ms), cudaEventElapsed = 24.09369659423828 (ms)
[RANK1] B @ 1467.538818359375 (ms) to 1513.85009765625 (ms), cudaEventElapsed = 46.289920806884766 (ms)
[RANK1] W @ 1514.640625 (ms) to 1538.33642578125 (ms), cudaEventElapsed = 23.672832489013672 (ms)
[RANK1] B @ 1539.1201171875 (ms) to 1586.067626953125 (ms), cudaEventElapsed = 46.92582321166992 (ms)
[RANK1] 8W @ 1588.302490234375 (ms) to 1801.146240234375 (ms), cudaEventElapsed = 212.81484985351562 (ms)
[RANK1] Iteration 6
[RANK1] F @ 154.189697265625 (ms) to 185.55126953125 (ms), cudaEventElapsed = 31.332351684570312 (ms)
[RANK1] F @ 187.082763671875 (ms) to 221.300048828125 (ms), cudaEventElapsed = 34.19033432006836 (ms)
[RANK1] F @ 222.8642578125 (ms) to 258.820556640625 (ms), cudaEventElapsed = 35.928062438964844 (ms)
[RANK1] F @ 260.357666015625 (ms) to 296.484375 (ms), cudaEventElapsed = 36.09804916381836 (ms)
[RANK1] F @ 298.041015625 (ms) to 333.879150390625 (ms), cudaEventElapsed = 35.810302734375 (ms)
[RANK1] B @ 355.763671875 (ms) to 397.931884765625 (ms), cudaEventElapsed = 42.1396484375 (ms)
[RANK1] F @ 399.35302734375 (ms) to 433.1806640625 (ms), cudaEventElapsed = 33.80121612548828 (ms)
[RANK1] B @ 440.07275390625 (ms) to 484.162841796875 (ms), cudaEventElapsed = 44.063743591308594 (ms)
[RANK1] F @ 485.3896484375 (ms) to 520.417724609375 (ms), cudaEventElapsed = 35.00543975830078 (ms)
[RANK1] B @ 521.78857421875 (ms) to 566.63037109375 (ms), cudaEventElapsed = 44.82048034667969 (ms)
[RANK1] F @ 710.005126953125 (ms) to 741.46435546875 (ms), cudaEventElapsed = 31.42963218688965 (ms)
[RANK1] B @ 743.095458984375 (ms) to 786.897705078125 (ms), cudaEventElapsed = 43.77702331542969 (ms)
[RANK1] F @ 796.410888671875 (ms) to 830.249755859375 (ms), cudaEventElapsed = 33.81145477294922 (ms)
[RANK1] B @ 831.91943359375 (ms) to 876.4892578125 (ms), cudaEventElapsed = 44.54297637939453 (ms)
[RANK1] F @ 877.99951171875 (ms) to 912.8935546875 (ms), cudaEventElapsed = 34.8671989440918 (ms)
[RANK1] B @ 914.541259765625 (ms) to 959.241455078125 (ms), cudaEventElapsed = 44.674049377441406 (ms)
[RANK1] F @ 1098.44677734375 (ms) to 1129.759765625 (ms), cudaEventElapsed = 31.291391372680664 (ms)
[RANK1] B @ 1131.037841796875 (ms) to 1174.839599609375 (ms), cudaEventElapsed = 43.780094146728516 (ms)
[RANK1] F @ 1187.5712890625 (ms) to 1220.7109375 (ms), cudaEventElapsed = 33.11820983886719 (ms)
[RANK1] B @ 1222.015380859375 (ms) to 1266.267822265625 (ms), cudaEventElapsed = 44.22963333129883 (ms)
[RANK1] W @ 1267.021240234375 (ms) to 1290.271484375 (ms), cudaEventElapsed = 23.228416442871094 (ms)
[RANK1] B @ 1291.042724609375 (ms) to 1381.548583984375 (ms), cudaEventElapsed = 90.48371124267578 (ms)
[RANK1] W @ 1382.31884765625 (ms) to 1401.915771484375 (ms), cudaEventElapsed = 19.575807571411133 (ms)
[RANK1] B @ 1403.230712890625 (ms) to 1448.9951171875 (ms), cudaEventElapsed = 45.74310302734375 (ms)
[RANK1] W @ 1449.93505859375 (ms) to 1473.81396484375 (ms), cudaEventElapsed = 23.842815399169922 (ms)
[RANK1] B @ 1475.012451171875 (ms) to 1521.91015625 (ms), cudaEventElapsed = 46.875648498535156 (ms)
[RANK1] W @ 1522.672119140625 (ms) to 1546.494140625 (ms), cudaEventElapsed = 23.799808502197266 (ms)
[RANK1] B @ 1547.256591796875 (ms) to 1594.846923828125 (ms), cudaEventElapsed = 47.570945739746094 (ms)
[RANK1] 8W @ 1596.694580078125 (ms) to 1810.047607421875 (ms), cudaEventElapsed = 213.3237762451172 (ms)
[RANK1] Iteration 7
[RANK1] F @ 153.56103515625 (ms) to 185.078125 (ms), cudaEventElapsed = 31.486976623535156 (ms)
[RANK1] F @ 186.66650390625 (ms) to 219.97900390625 (ms), cudaEventElapsed = 33.284095764160156 (ms)
[RANK1] F @ 221.581298828125 (ms) to 258.2607421875 (ms), cudaEventElapsed = 36.65100860595703 (ms)
[RANK1] F @ 259.815673828125 (ms) to 296.47265625 (ms), cudaEventElapsed = 36.62847900390625 (ms)
[RANK1] F @ 298.05859375 (ms) to 334.11083984375 (ms), cudaEventElapsed = 36.02329635620117 (ms)
[RANK1] B @ 358.169677734375 (ms) to 399.956298828125 (ms), cudaEventElapsed = 41.75667190551758 (ms)
[RANK1] F @ 401.403564453125 (ms) to 435.672607421875 (ms), cudaEventElapsed = 34.24153518676758 (ms)
[RANK1] B @ 439.9375 (ms) to 485.32275390625 (ms), cudaEventElapsed = 45.3570556640625 (ms)
[RANK1] F @ 486.732666015625 (ms) to 521.668701171875 (ms), cudaEventElapsed = 34.909183502197266 (ms)
[RANK1] B @ 523.369873046875 (ms) to 568.78857421875 (ms), cudaEventElapsed = 45.390846252441406 (ms)
[RANK1] F @ 712.204833984375 (ms) to 743.662109375 (ms), cudaEventElapsed = 31.425535202026367 (ms)
[RANK1] B @ 745.33740234375 (ms) to 788.6396484375 (ms), cudaEventElapsed = 43.275264739990234 (ms)
[RANK1] F @ 799.60009765625 (ms) to 832.963134765625 (ms), cudaEventElapsed = 33.335296630859375 (ms)
[RANK1] B @ 834.801025390625 (ms) to 879.130859375 (ms), cudaEventElapsed = 44.293121337890625 (ms)
[RANK1] F @ 881.28173828125 (ms) to 916.142578125 (ms), cudaEventElapsed = 34.83955383300781 (ms)
[RANK1] B @ 917.495361328125 (ms) to 962.68212890625 (ms), cudaEventElapsed = 45.16556930541992 (ms)
[RANK1] F @ 1098.822998046875 (ms) to 1130.282958984375 (ms), cudaEventElapsed = 31.434751510620117 (ms)
[RANK1] B @ 1131.60986328125 (ms) to 1174.927490234375 (ms), cudaEventElapsed = 43.295745849609375 (ms)
[RANK1] F @ 1189.490478515625 (ms) to 1222.5283203125 (ms), cudaEventElapsed = 33.01478576660156 (ms)
[RANK1] B @ 1223.853515625 (ms) to 1268.1826171875 (ms), cudaEventElapsed = 44.302337646484375 (ms)
[RANK1] W @ 1268.9921875 (ms) to 1292.634033203125 (ms), cudaEventElapsed = 23.617536544799805 (ms)
[RANK1] B @ 1293.453369140625 (ms) to 1339.52392578125 (ms), cudaEventElapsed = 46.044158935546875 (ms)
[RANK1] W @ 1340.348388671875 (ms) to 1364.229736328125 (ms), cudaEventElapsed = 23.857152938842773 (ms)
[RANK1] B @ 1365.035400390625 (ms) to 1411.91796875 (ms), cudaEventElapsed = 46.860286712646484 (ms)
[RANK1] W @ 1412.7353515625 (ms) to 1436.332275390625 (ms), cudaEventElapsed = 23.573503494262695 (ms)
[RANK1] B @ 1437.115966796875 (ms) to 1484.599853515625 (ms), cudaEventElapsed = 47.459327697753906 (ms)
[RANK1] W @ 1485.419189453125 (ms) to 1510.008544921875 (ms), cudaEventElapsed = 24.560640335083008 (ms)
[RANK1] B @ 1510.817626953125 (ms) to 1557.434814453125 (ms), cudaEventElapsed = 46.59199905395508 (ms)
[RANK1] 8W @ 1559.724365234375 (ms) to 1773.545166015625 (ms), cudaEventElapsed = 213.791748046875 (ms)
[RANK1] Iteration 8
[RANK1] F @ 151.67822265625 (ms) to 183.01416015625 (ms), cudaEventElapsed = 31.312896728515625 (ms)
[RANK1] F @ 184.38134765625 (ms) to 218.535400390625 (ms), cudaEventElapsed = 34.127872467041016 (ms)
[RANK1] F @ 219.888427734375 (ms) to 256.956787109375 (ms), cudaEventElapsed = 37.0432014465332 (ms)
[RANK1] F @ 258.2919921875 (ms) to 294.93505859375 (ms), cudaEventElapsed = 36.61619186401367 (ms)
[RANK1] F @ 296.32080078125 (ms) to 332.1875 (ms), cudaEventElapsed = 35.84102249145508 (ms)
[RANK1] B @ 354.77490234375 (ms) to 396.954833984375 (ms), cudaEventElapsed = 42.15091323852539 (ms)
[RANK1] F @ 398.423583984375 (ms) to 433.35400390625 (ms), cudaEventElapsed = 34.90099334716797 (ms)
[RANK1] B @ 435.066162109375 (ms) to 480.398681640625 (ms), cudaEventElapsed = 45.304832458496094 (ms)
[RANK1] F @ 481.836181640625 (ms) to 516.99267578125 (ms), cudaEventElapsed = 35.128318786621094 (ms)
[RANK1] B @ 519.595703125 (ms) to 564.850830078125 (ms), cudaEventElapsed = 45.225982666015625 (ms)
[RANK1] F @ 710.023681640625 (ms) to 741.357177734375 (ms), cudaEventElapsed = 31.305728912353516 (ms)
[RANK1] B @ 742.77734375 (ms) to 786.689453125 (ms), cudaEventElapsed = 43.888641357421875 (ms)
[RANK1] F @ 792.899658203125 (ms) to 827.099365234375 (ms), cudaEventElapsed = 34.17497634887695 (ms)
[RANK1] B @ 828.597900390625 (ms) to 873.040771484375 (ms), cudaEventElapsed = 44.41600036621094 (ms)
[RANK1] F @ 876.1005859375 (ms) to 910.308837890625 (ms), cudaEventElapsed = 34.1841926574707 (ms)
[RANK1] B @ 911.716552734375 (ms) to 956.81787109375 (ms), cudaEventElapsed = 45.078529357910156 (ms)
[RANK1] F @ 1097.039306640625 (ms) to 1128.601318359375 (ms), cudaEventElapsed = 31.533056259155273 (ms)
[RANK1] B @ 1129.96044921875 (ms) to 1173.342529296875 (ms), cudaEventElapsed = 43.35513687133789 (ms)
[RANK1] F @ 1183.304931640625 (ms) to 1217.097900390625 (ms), cudaEventElapsed = 33.767425537109375 (ms)
[RANK1] B @ 1218.458740234375 (ms) to 1291.368408203125 (ms), cudaEventElapsed = 72.88832092285156 (ms)
[RANK1] W @ 1292.177001953125 (ms) to 1311.859375 (ms), cudaEventElapsed = 19.65567970275879 (ms)
[RANK1] B @ 1313.5009765625 (ms) to 1358.19921875 (ms), cudaEventElapsed = 44.67609786987305 (ms)
[RANK1] W @ 1358.989501953125 (ms) to 1382.212158203125 (ms), cudaEventElapsed = 23.197696685791016 (ms)
[RANK1] B @ 1383.167724609375 (ms) to 1431.402099609375 (ms), cudaEventElapsed = 48.21094512939453 (ms)
[RANK1] W @ 1432.2314453125 (ms) to 1456.48583984375 (ms), cudaEventElapsed = 24.229888916015625 (ms)
[RANK1] B @ 1457.32568359375 (ms) to 1504.87451171875 (ms), cudaEventElapsed = 47.52588653564453 (ms)
[RANK1] W @ 1505.664306640625 (ms) to 1530.346435546875 (ms), cudaEventElapsed = 24.657920837402344 (ms)
[RANK1] B @ 1531.149169921875 (ms) to 1577.7197265625 (ms), cudaEventElapsed = 46.54899215698242 (ms)
[RANK1] 8W @ 1579.694091796875 (ms) to 1792.9423828125 (ms), cudaEventElapsed = 213.2183074951172 (ms)
[RANK1] Iteration 9
[RANK1] F @ 155.43115234375 (ms) to 186.919189453125 (ms), cudaEventElapsed = 31.455232620239258 (ms)
[RANK1] F @ 188.506103515625 (ms) to 222.483642578125 (ms), cudaEventElapsed = 33.948673248291016 (ms)
[RANK1] F @ 224.10693359375 (ms) to 260.70849609375 (ms), cudaEventElapsed = 36.573184967041016 (ms)
[RANK1] F @ 262.961181640625 (ms) to 299.41943359375 (ms), cudaEventElapsed = 36.42777633666992 (ms)
[RANK1] F @ 301.016845703125 (ms) to 336.934814453125 (ms), cudaEventElapsed = 35.88915252685547 (ms)
[RANK1] B @ 360.329833984375 (ms) to 402.51953125 (ms), cudaEventElapsed = 42.162174224853516 (ms)
[RANK1] F @ 403.938232421875 (ms) to 438.335205078125 (ms), cudaEventElapsed = 34.369537353515625 (ms)
[RANK1] B @ 440.42822265625 (ms) to 485.14208984375 (ms), cudaEventElapsed = 44.68735885620117 (ms)
[RANK1] F @ 486.54833984375 (ms) to 521.919677734375 (ms), cudaEventElapsed = 35.343360900878906 (ms)
[RANK1] B @ 525.9873046875 (ms) to 571.2041015625 (ms), cudaEventElapsed = 45.18912124633789 (ms)
[RANK1] F @ 715.887451171875 (ms) to 747.38427734375 (ms), cudaEventElapsed = 31.469568252563477 (ms)
[RANK1] B @ 748.810546875 (ms) to 792.970947265625 (ms), cudaEventElapsed = 44.13747024536133 (ms)
[RANK1] F @ 799.655517578125 (ms) to 833.8916015625 (ms), cudaEventElapsed = 34.21286392211914 (ms)
[RANK1] B @ 835.341064453125 (ms) to 880.11083984375 (ms), cudaEventElapsed = 44.74163055419922 (ms)
[RANK1] F @ 881.44482421875 (ms) to 916.984619140625 (ms), cudaEventElapsed = 35.5153923034668 (ms)
[RANK1] B @ 918.37158203125 (ms) to 963.84228515625 (ms), cudaEventElapsed = 45.44819259643555 (ms)
[RANK1] F @ 1105.114013671875 (ms) to 1136.58740234375 (ms), cudaEventElapsed = 31.447040557861328 (ms)
[RANK1] B @ 1137.926513671875 (ms) to 1181.61962890625 (ms), cudaEventElapsed = 43.668479919433594 (ms)
[RANK1] F @ 1190.345458984375 (ms) to 1225.154541015625 (ms), cudaEventElapsed = 34.7852783203125 (ms)
[RANK1] B @ 1226.475341796875 (ms) to 1296.373779296875 (ms), cudaEventElapsed = 69.87776184082031 (ms)
[RANK1] W @ 1297.138427734375 (ms) to 1317.220458984375 (ms), cudaEventElapsed = 20.06015968322754 (ms)
[RANK1] B @ 1318.511474609375 (ms) to 1363.34716796875 (ms), cudaEventElapsed = 44.814334869384766 (ms)
[RANK1] W @ 1364.09912109375 (ms) to 1387.4267578125 (ms), cudaEventElapsed = 23.30521583557129 (ms)
[RANK1] B @ 1389.261962890625 (ms) to 1436.8603515625 (ms), cudaEventElapsed = 47.57299041748047 (ms)
[RANK1] W @ 1437.649169921875 (ms) to 1461.552734375 (ms), cudaEventElapsed = 23.879680633544922 (ms)
[RANK1] B @ 1462.370849609375 (ms) to 1509.668701171875 (ms), cudaEventElapsed = 47.27500915527344 (ms)
[RANK1] W @ 1510.48095703125 (ms) to 1535.097900390625 (ms), cudaEventElapsed = 24.594432830810547 (ms)
[RANK1] B @ 1535.89990234375 (ms) to 1582.4033203125 (ms), cudaEventElapsed = 46.481407165527344 (ms)
[RANK1] 8W @ 1584.656005859375 (ms) to 1798.2646484375 (ms), cudaEventElapsed = 213.57568359375 (ms)
