[RANK2] Iteration 1
[RANK2] F @ 173.5869140625 (ms) to 205.633544921875 (ms), cudaEventElapsed = 31.987808227539062 (ms)
[RANK2] F @ 256.788818359375 (ms) to 288.412353515625 (ms), cudaEventElapsed = 31.570528030395508 (ms)
[RANK2] F @ 291.16455078125 (ms) to 325.798095703125 (ms), cudaEventElapsed = 34.594398498535156 (ms)
[RANK2] B @ 518.96630859375 (ms) to 559.142822265625 (ms), cudaEventElapsed = 40.114784240722656 (ms)
[RANK2] F @ 563.78564453125 (ms) to 596.607666015625 (ms), cudaEventElapsed = 32.66352081298828 (ms)
[RANK2] B @ 596.928955078125 (ms) to 641.341796875 (ms), cudaEventElapsed = 44.37843322753906 (ms)
[RANK2] F @ 642.78515625 (ms) to 676.76220703125 (ms), cudaEventElapsed = 33.94041442871094 (ms)
[RANK2] B @ 677.08447265625 (ms) to 721.64208984375 (ms), cudaEventElapsed = 44.52364730834961 (ms)
[RANK2] F @ 723.1552734375 (ms) to 756.986083984375 (ms), cudaEventElapsed = 33.79296112060547 (ms)
[RANK2] B @ 757.299072265625 (ms) to 801.724609375 (ms), cudaEventElapsed = 44.3928337097168 (ms)
[RANK2] F @ 803.153564453125 (ms) to 836.842529296875 (ms), cudaEventElapsed = 33.651519775390625 (ms)
[RANK2] B @ 837.15771484375 (ms) to 1056.671875 (ms), cudaEventElapsed = 219.4805450439453 (ms)
[RANK2] F @ 1057.046875 (ms) to 1090.5517578125 (ms), cudaEventElapsed = 33.47065734863281 (ms)
[RANK2] B @ 1090.907470703125 (ms) to 1136.5849609375 (ms), cudaEventElapsed = 45.643585205078125 (ms)
[RANK2] W @ 1136.836669921875 (ms) to 1158.18212890625 (ms), cudaEventElapsed = 21.30227279663086 (ms)
[RANK2] F @ 1158.322509765625 (ms) to 1191.81640625 (ms), cudaEventElapsed = 33.46543884277344 (ms)
[RANK2] B @ 1193.196044921875 (ms) to 1237.512451171875 (ms), cudaEventElapsed = 44.28236770629883 (ms)
[RANK2] B @ 1238.89013671875 (ms) to 1281.01416015625 (ms), cudaEventElapsed = 42.090206146240234 (ms)
[RANK2] W @ 1281.17333984375 (ms) to 1301.321044921875 (ms), cudaEventElapsed = 20.111360549926758 (ms)
[RANK2] F @ 1301.568603515625 (ms) to 1335.41455078125 (ms), cudaEventElapsed = 33.81568145751953 (ms)
[RANK2] B @ 1335.693115234375 (ms) to 1380.206787109375 (ms), cudaEventElapsed = 44.48252868652344 (ms)
[RANK2] W @ 1380.417724609375 (ms) to 1403.153076171875 (ms), cudaEventElapsed = 21.67910385131836 (ms)
[RANK2] F @ 1403.408935546875 (ms) to 1436.8447265625 (ms), cudaEventElapsed = 33.40585708618164 (ms)
[RANK2] B @ 1437.125732421875 (ms) to 1481.5302734375 (ms), cudaEventElapsed = 44.367774963378906 (ms)
[RANK2] W @ 1481.73876953125 (ms) to 1504.111572265625 (ms), cudaEventElapsed = 21.307392120361328 (ms)
[RANK2] F @ 1504.370849609375 (ms) to 1538.296630859375 (ms), cudaEventElapsed = 33.8950080871582 (ms)
[RANK2] B @ 1538.596923828125 (ms) to 1583.38134765625 (ms), cudaEventElapsed = 44.751041412353516 (ms)
[RANK2] W @ 1583.52392578125 (ms) to 1604.791259765625 (ms), cudaEventElapsed = 21.23161506652832 (ms)
[RANK2] W @ 1604.92919921875 (ms) to 1626.245361328125 (ms), cudaEventElapsed = 21.28691291809082 (ms)
[RANK2] B @ 1626.37158203125 (ms) to 1669.212158203125 (ms), cudaEventElapsed = 42.81248092651367 (ms)
[RANK2] 6W @ 1669.36279296875 (ms) to 1797.301025390625 (ms), cudaEventElapsed = 127.90067291259766 (ms)
[RANK2] Iteration 2
[RANK2] F @ 64.40673828125 (ms) to 96.602294921875 (ms), cudaEventElapsed = 32.15305709838867 (ms)
[RANK2] F @ 99.174560546875 (ms) to 133.08935546875 (ms), cudaEventElapsed = 33.87750244140625 (ms)
[RANK2] F @ 136.38427734375 (ms) to 173.722900390625 (ms), cudaEventElapsed = 37.303199768066406 (ms)
[RANK2] B @ 177.935546875 (ms) to 223.039306640625 (ms), cudaEventElapsed = 45.057952880859375 (ms)
[RANK2] F @ 223.41748046875 (ms) to 257.01416015625 (ms), cudaEventElapsed = 33.564064025878906 (ms)
[RANK2] B @ 257.34521484375 (ms) to 302.034423828125 (ms), cudaEventElapsed = 44.656864166259766 (ms)
[RANK2] F @ 303.47998046875 (ms) to 337.372802734375 (ms), cudaEventElapsed = 33.85862350463867 (ms)
[RANK2] B @ 337.716796875 (ms) to 382.126220703125 (ms), cudaEventElapsed = 44.37724685668945 (ms)
[RANK2] F @ 383.547607421875 (ms) to 417.009765625 (ms), cudaEventElapsed = 33.42863845825195 (ms)
[RANK2] B @ 417.341796875 (ms) to 462.055908203125 (ms), cudaEventElapsed = 44.68220901489258 (ms)
[RANK2] F @ 463.546630859375 (ms) to 497.140869140625 (ms), cudaEventElapsed = 33.55756759643555 (ms)
[RANK2] B @ 497.4814453125 (ms) to 542.198486328125 (ms), cudaEventElapsed = 44.68431854248047 (ms)
[RANK2] F @ 542.55810546875 (ms) to 576.148193359375 (ms), cudaEventElapsed = 33.55855941772461 (ms)
[RANK2] B @ 576.556640625 (ms) to 621.358154296875 (ms), cudaEventElapsed = 44.768798828125 (ms)
[RANK2] W @ 621.6123046875 (ms) to 643.17041015625 (ms), cudaEventElapsed = 21.525503158569336 (ms)
[RANK2] F @ 643.332763671875 (ms) to 677.072509765625 (ms), cudaEventElapsed = 33.70924758911133 (ms)
[RANK2] B @ 678.3896484375 (ms) to 723.031494140625 (ms), cudaEventElapsed = 44.606689453125 (ms)
[RANK2] B @ 724.455322265625 (ms) to 766.819580078125 (ms), cudaEventElapsed = 42.331329345703125 (ms)
[RANK2] W @ 767.0068359375 (ms) to 787.33154296875 (ms), cudaEventElapsed = 20.291584014892578 (ms)
[RANK2] F @ 787.602783203125 (ms) to 821.3701171875 (ms), cudaEventElapsed = 33.73750305175781 (ms)
[RANK2] B @ 821.68115234375 (ms) to 866.64599609375 (ms), cudaEventElapsed = 44.93452835083008 (ms)
[RANK2] W @ 866.88037109375 (ms) to 889.0537109375 (ms), cudaEventElapsed = 21.097471237182617 (ms)
[RANK2] F @ 889.332275390625 (ms) to 923.009765625 (ms), cudaEventElapsed = 33.64767837524414 (ms)
[RANK2] B @ 923.320068359375 (ms) to 970.4814453125 (ms), cudaEventElapsed = 47.12953567504883 (ms)
[RANK2] W @ 970.723388671875 (ms) to 993.889404296875 (ms), cudaEventElapsed = 22.09587287902832 (ms)
[RANK2] F @ 994.16064453125 (ms) to 1028.34423828125 (ms), cudaEventElapsed = 34.15324783325195 (ms)
[RANK2] B @ 1028.66015625 (ms) to 1073.325439453125 (ms), cudaEventElapsed = 44.63372802734375 (ms)
[RANK2] W @ 1073.498291015625 (ms) to 1094.8544921875 (ms), cudaEventElapsed = 21.31865692138672 (ms)
[RANK2] W @ 1095.022705078125 (ms) to 1116.3857421875 (ms), cudaEventElapsed = 21.335039138793945 (ms)
[RANK2] B @ 1116.531494140625 (ms) to 1159.45361328125 (ms), cudaEventElapsed = 42.89289474487305 (ms)
[RANK2] 6W @ 1159.626220703125 (ms) to 1287.921630859375 (ms), cudaEventElapsed = 128.26316833496094 (ms)
[RANK2] Iteration 3
[RANK2] F @ 63.88671875 (ms) to 96.182373046875 (ms), cudaEventElapsed = 32.25801467895508 (ms)
[RANK2] F @ 98.7177734375 (ms) to 132.156494140625 (ms), cudaEventElapsed = 33.401824951171875 (ms)
[RANK2] F @ 135.83935546875 (ms) to 173.06884765625 (ms), cudaEventElapsed = 37.1932487487793 (ms)
[RANK2] B @ 177.206298828125 (ms) to 222.1708984375 (ms), cudaEventElapsed = 44.92326354980469 (ms)
[RANK2] F @ 222.568603515625 (ms) to 256.14794921875 (ms), cudaEventElapsed = 33.54547119140625 (ms)
[RANK2] B @ 256.489013671875 (ms) to 300.696533203125 (ms), cudaEventElapsed = 44.17494583129883 (ms)
[RANK2] F @ 302.096435546875 (ms) to 335.80419921875 (ms), cudaEventElapsed = 33.67292785644531 (ms)
[RANK2] B @ 336.15283203125 (ms) to 380.362060546875 (ms), cudaEventElapsed = 44.1761589050293 (ms)
[RANK2] F @ 381.884765625 (ms) to 415.53466796875 (ms), cudaEventElapsed = 33.615455627441406 (ms)
[RANK2] B @ 415.882568359375 (ms) to 459.94384765625 (ms), cudaEventElapsed = 44.029727935791016 (ms)
[RANK2] F @ 461.361572265625 (ms) to 494.970703125 (ms), cudaEventElapsed = 33.57145690917969 (ms)
[RANK2] B @ 495.30615234375 (ms) to 539.644287109375 (ms), cudaEventElapsed = 44.30579376220703 (ms)
[RANK2] F @ 540.03662109375 (ms) to 573.83349609375 (ms), cudaEventElapsed = 33.7644157409668 (ms)
[RANK2] B @ 574.245849609375 (ms) to 618.91259765625 (ms), cudaEventElapsed = 44.63462448120117 (ms)
[RANK2] W @ 619.1982421875 (ms) to 640.681640625 (ms), cudaEventElapsed = 21.444608688354492 (ms)
[RANK2] F @ 640.854248046875 (ms) to 674.998291015625 (ms), cudaEventElapsed = 34.113887786865234 (ms)
[RANK2] B @ 676.339111328125 (ms) to 720.966064453125 (ms), cudaEventElapsed = 44.59231948852539 (ms)
[RANK2] B @ 722.42529296875 (ms) to 764.700439453125 (ms), cudaEventElapsed = 42.24143981933594 (ms)
[RANK2] W @ 765.15185546875 (ms) to 785.42822265625 (ms), cudaEventElapsed = 20.24140739440918 (ms)
[RANK2] F @ 785.705322265625 (ms) to 819.380615234375 (ms), cudaEventElapsed = 33.64582443237305 (ms)
[RANK2] B @ 819.688232421875 (ms) to 864.536376953125 (ms), cudaEventElapsed = 44.81737518310547 (ms)
[RANK2] W @ 864.77490234375 (ms) to 887.150634765625 (ms), cudaEventElapsed = 21.203968048095703 (ms)
[RANK2] F @ 887.423828125 (ms) to 921.733642578125 (ms), cudaEventElapsed = 34.27971267700195 (ms)
[RANK2] B @ 922.041748046875 (ms) to 968.838623046875 (ms), cudaEventElapsed = 46.76649475097656 (ms)
[RANK2] W @ 969.129638671875 (ms) to 992.20166015625 (ms), cudaEventElapsed = 21.88287925720215 (ms)
[RANK2] F @ 992.50927734375 (ms) to 1026.58056640625 (ms), cudaEventElapsed = 34.039520263671875 (ms)
[RANK2] B @ 1026.90087890625 (ms) to 1071.6357421875 (ms), cudaEventElapsed = 44.70342254638672 (ms)
[RANK2] W @ 1071.80224609375 (ms) to 1093.233154296875 (ms), cudaEventElapsed = 21.390335083007812 (ms)
[RANK2] W @ 1093.401611328125 (ms) to 1114.705078125 (ms), cudaEventElapsed = 21.27359962463379 (ms)
[RANK2] B @ 1114.864501953125 (ms) to 1157.383056640625 (ms), cudaEventElapsed = 42.4898567199707 (ms)
[RANK2] 6W @ 1157.540283203125 (ms) to 1285.77734375 (ms), cudaEventElapsed = 128.20172119140625 (ms)
[RANK2] Iteration 4
[RANK2] F @ 63.955078125 (ms) to 96.18408203125 (ms), cudaEventElapsed = 32.19132614135742 (ms)
[RANK2] F @ 98.473876953125 (ms) to 131.70166015625 (ms), cudaEventElapsed = 33.18873596191406 (ms)
[RANK2] F @ 135.12548828125 (ms) to 171.849365234375 (ms), cudaEventElapsed = 36.68966293334961 (ms)
[RANK2] B @ 176.012939453125 (ms) to 221.5732421875 (ms), cudaEventElapsed = 45.52396774291992 (ms)
[RANK2] F @ 221.98291015625 (ms) to 257.571533203125 (ms), cudaEventElapsed = 35.539329528808594 (ms)
[RANK2] B @ 257.904296875 (ms) to 303.248046875 (ms), cudaEventElapsed = 45.31379318237305 (ms)
[RANK2] F @ 304.734375 (ms) to 341.067626953125 (ms), cudaEventElapsed = 36.29948806762695 (ms)
[RANK2] B @ 341.408447265625 (ms) to 386.881103515625 (ms), cudaEventElapsed = 45.43967819213867 (ms)
[RANK2] F @ 388.37939453125 (ms) to 424.2333984375 (ms), cudaEventElapsed = 35.8098258972168 (ms)
[RANK2] B @ 424.56494140625 (ms) to 469.88818359375 (ms), cudaEventElapsed = 45.292415618896484 (ms)
[RANK2] F @ 471.43212890625 (ms) to 506.986328125 (ms), cudaEventElapsed = 35.517024993896484 (ms)
[RANK2] B @ 507.3154296875 (ms) to 553.230712890625 (ms), cudaEventElapsed = 45.882720947265625 (ms)
[RANK2] F @ 553.6103515625 (ms) to 589.54296875 (ms), cudaEventElapsed = 35.90166473388672 (ms)
[RANK2] B @ 589.95458984375 (ms) to 635.901123046875 (ms), cudaEventElapsed = 45.91136169433594 (ms)
[RANK2] W @ 636.164794921875 (ms) to 660.291259765625 (ms), cudaEventElapsed = 24.08755111694336 (ms)
[RANK2] F @ 660.45556640625 (ms) to 697.9853515625 (ms), cudaEventElapsed = 37.50080108642578 (ms)
[RANK2] B @ 699.388671875 (ms) to 745.488525390625 (ms), cudaEventElapsed = 46.06816101074219 (ms)
[RANK2] B @ 746.9287109375 (ms) to 791.84326171875 (ms), cudaEventElapsed = 44.88310241699219 (ms)
[RANK2] W @ 792.005126953125 (ms) to 816.1357421875 (ms), cudaEventElapsed = 24.10188865661621 (ms)
[RANK2] F @ 816.403076171875 (ms) to 854.057373046875 (ms), cudaEventElapsed = 37.62416076660156 (ms)
[RANK2] B @ 854.369873046875 (ms) to 900.511962890625 (ms), cudaEventElapsed = 46.1124153137207 (ms)
[RANK2] W @ 900.732666015625 (ms) to 925.618896484375 (ms), cudaEventElapsed = 23.780351638793945 (ms)
[RANK2] F @ 925.914794921875 (ms) to 972.542236328125 (ms), cudaEventElapsed = 46.59577560424805 (ms)
[RANK2] B @ 972.8427734375 (ms) to 1020.864990234375 (ms), cudaEventElapsed = 47.9903678894043 (ms)
[RANK2] W @ 1021.103515625 (ms) to 1045.41455078125 (ms), cudaEventElapsed = 23.179264068603516 (ms)
[RANK2] F @ 1045.71044921875 (ms) to 1083.6455078125 (ms), cudaEventElapsed = 37.88982391357422 (ms)
[RANK2] B @ 1083.943603515625 (ms) to 1130.09716796875 (ms), cudaEventElapsed = 46.1223030090332 (ms)
[RANK2] W @ 1130.256591796875 (ms) to 1154.2734375 (ms), cudaEventElapsed = 23.985151290893555 (ms)
[RANK2] W @ 1154.432861328125 (ms) to 1180.604736328125 (ms), cudaEventElapsed = 26.14374351501465 (ms)
[RANK2] B @ 1180.7587890625 (ms) to 1228.61083984375 (ms), cudaEventElapsed = 47.82419204711914 (ms)
[RANK2] 6W @ 1228.772216796875 (ms) to 1387.149658203125 (ms), cudaEventElapsed = 158.34214782714844 (ms)
[RANK2] Iteration 5
[RANK2] F @ 64.167236328125 (ms) to 96.392578125 (ms), cudaEventElapsed = 32.188385009765625 (ms)
[RANK2] F @ 98.79833984375 (ms) to 132.1875 (ms), cudaEventElapsed = 33.355648040771484 (ms)
[RANK2] F @ 135.488525390625 (ms) to 171.985107421875 (ms), cudaEventElapsed = 36.461727142333984 (ms)
[RANK2] B @ 176.943359375 (ms) to 221.960205078125 (ms), cudaEventElapsed = 44.981632232666016 (ms)
[RANK2] F @ 222.367919921875 (ms) to 258.066650390625 (ms), cudaEventElapsed = 35.65852737426758 (ms)
[RANK2] B @ 258.4072265625 (ms) to 303.795166015625 (ms), cudaEventElapsed = 45.356414794921875 (ms)
[RANK2] F @ 305.215087890625 (ms) to 341.095458984375 (ms), cudaEventElapsed = 35.84758377075195 (ms)
[RANK2] B @ 341.418212890625 (ms) to 386.8876953125 (ms), cudaEventElapsed = 45.43404769897461 (ms)
[RANK2] F @ 388.3798828125 (ms) to 424.115966796875 (ms), cudaEventElapsed = 35.703041076660156 (ms)
[RANK2] B @ 424.4658203125 (ms) to 470.024169921875 (ms), cudaEventElapsed = 45.527008056640625 (ms)
[RANK2] F @ 471.646240234375 (ms) to 506.90234375 (ms), cudaEventElapsed = 35.218017578125 (ms)
[RANK2] B @ 507.25537109375 (ms) to 552.760986328125 (ms), cudaEventElapsed = 45.472415924072266 (ms)
[RANK2] F @ 553.156982421875 (ms) to 588.95458984375 (ms), cudaEventElapsed = 35.76406478881836 (ms)
[RANK2] B @ 589.3642578125 (ms) to 634.714599609375 (ms), cudaEventElapsed = 45.31769561767578 (ms)
[RANK2] W @ 634.9892578125 (ms) to 658.62060546875 (ms), cudaEventElapsed = 23.588863372802734 (ms)
[RANK2] F @ 658.77783203125 (ms) to 696.971435546875 (ms), cudaEventElapsed = 38.16438293457031 (ms)
[RANK2] B @ 698.379638671875 (ms) to 744.530517578125 (ms), cudaEventElapsed = 46.11811065673828 (ms)
[RANK2] B @ 745.90625 (ms) to 790.653564453125 (ms), cudaEventElapsed = 44.714561462402344 (ms)
[RANK2] W @ 790.82177734375 (ms) to 814.750732421875 (ms), cudaEventElapsed = 23.89606475830078 (ms)
[RANK2] F @ 815.03564453125 (ms) to 852.607666015625 (ms), cudaEventElapsed = 37.542144775390625 (ms)
[RANK2] B @ 852.907470703125 (ms) to 899.136962890625 (ms), cudaEventElapsed = 46.19865417480469 (ms)
[RANK2] W @ 899.355712890625 (ms) to 925.974365234375 (ms), cudaEventElapsed = 25.50783920288086 (ms)
[RANK2] F @ 926.27978515625 (ms) to 972.1396484375 (ms), cudaEventElapsed = 45.82780838012695 (ms)
[RANK2] B @ 972.434814453125 (ms) to 1020.23291015625 (ms), cudaEventElapsed = 47.767486572265625 (ms)
[RANK2] W @ 1020.454833984375 (ms) to 1045.57177734375 (ms), cudaEventElapsed = 23.993343353271484 (ms)
[RANK2] F @ 1045.854248046875 (ms) to 1084.04052734375 (ms), cudaEventElapsed = 38.15296173095703 (ms)
[RANK2] B @ 1084.343505859375 (ms) to 1130.92529296875 (ms), cudaEventElapsed = 46.550750732421875 (ms)
[RANK2] W @ 1131.089599609375 (ms) to 1155.533447265625 (ms), cudaEventElapsed = 24.406015396118164 (ms)
[RANK2] W @ 1155.69921875 (ms) to 1181.512939453125 (ms), cudaEventElapsed = 25.785343170166016 (ms)
[RANK2] B @ 1181.651123046875 (ms) to 1229.62939453125 (ms), cudaEventElapsed = 47.949825286865234 (ms)
[RANK2] 6W @ 1229.787109375 (ms) to 1388.090087890625 (ms), cudaEventElapsed = 158.26739501953125 (ms)
[RANK2] Iteration 6
[RANK2] F @ 63.795654296875 (ms) to 95.973388671875 (ms), cudaEventElapsed = 32.142208099365234 (ms)
[RANK2] F @ 98.551025390625 (ms) to 132.769287109375 (ms), cudaEventElapsed = 34.1847038269043 (ms)
[RANK2] F @ 135.2060546875 (ms) to 172.513671875 (ms), cudaEventElapsed = 37.2751350402832 (ms)
[RANK2] B @ 176.87158203125 (ms) to 222.66845703125 (ms), cudaEventElapsed = 45.7608642578125 (ms)
[RANK2] F @ 223.0517578125 (ms) to 259.304443359375 (ms), cudaEventElapsed = 36.21750259399414 (ms)
[RANK2] B @ 259.629638671875 (ms) to 305.13330078125 (ms), cudaEventElapsed = 45.47190475463867 (ms)
[RANK2] F @ 306.55615234375 (ms) to 342.7158203125 (ms), cudaEventElapsed = 36.1242561340332 (ms)
[RANK2] B @ 343.03759765625 (ms) to 388.75830078125 (ms), cudaEventElapsed = 45.68966293334961 (ms)
[RANK2] F @ 390.244384765625 (ms) to 426.05517578125 (ms), cudaEventElapsed = 35.7665901184082 (ms)
[RANK2] B @ 426.60107421875 (ms) to 472.314208984375 (ms), cudaEventElapsed = 45.679935455322266 (ms)
[RANK2] F @ 473.843994140625 (ms) to 509.35693359375 (ms), cudaEventElapsed = 35.4733772277832 (ms)
[RANK2] B @ 509.679443359375 (ms) to 555.359375 (ms), cudaEventElapsed = 45.64787292480469 (ms)
[RANK2] F @ 555.739501953125 (ms) to 591.3984375 (ms), cudaEventElapsed = 35.6104621887207 (ms)
[RANK2] B @ 591.78564453125 (ms) to 637.260986328125 (ms), cudaEventElapsed = 45.44291305541992 (ms)
[RANK2] W @ 637.528076171875 (ms) to 661.583251953125 (ms), cudaEventElapsed = 24.023040771484375 (ms)
[RANK2] F @ 661.74169921875 (ms) to 699.6494140625 (ms), cudaEventElapsed = 37.8776969909668 (ms)
[RANK2] B @ 701.0439453125 (ms) to 747.287353515625 (ms), cudaEventElapsed = 46.21027374267578 (ms)
[RANK2] B @ 748.75244140625 (ms) to 793.83544921875 (ms), cudaEventElapsed = 45.04723358154297 (ms)
[RANK2] W @ 794.011962890625 (ms) to 817.49267578125 (ms), cudaEventElapsed = 23.4465274810791 (ms)
[RANK2] F @ 817.775146484375 (ms) to 856.188232421875 (ms), cudaEventElapsed = 38.3831672668457 (ms)
[RANK2] B @ 856.4990234375 (ms) to 903.00830078125 (ms), cudaEventElapsed = 46.47788619995117 (ms)
[RANK2] W @ 903.22900390625 (ms) to 931.896240234375 (ms), cudaEventElapsed = 27.53945541381836 (ms)
[RANK2] F @ 932.19677734375 (ms) to 974.6875 (ms), cudaEventElapsed = 42.45827102661133 (ms)
[RANK2] B @ 975.0107421875 (ms) to 1022.35498046875 (ms), cudaEventElapsed = 47.31190490722656 (ms)
[RANK2] W @ 1022.5869140625 (ms) to 1048.1083984375 (ms), cudaEventElapsed = 24.396799087524414 (ms)
[RANK2] F @ 1048.413818359375 (ms) to 1086.052490234375 (ms), cudaEventElapsed = 37.607486724853516 (ms)
[RANK2] B @ 1086.370361328125 (ms) to 1132.9326171875 (ms), cudaEventElapsed = 46.52339172363281 (ms)
[RANK2] W @ 1133.093994140625 (ms) to 1156.97900390625 (ms), cudaEventElapsed = 23.854080200195312 (ms)
[RANK2] W @ 1157.1484375 (ms) to 1183.702880859375 (ms), cudaEventElapsed = 26.52467155456543 (ms)
[RANK2] B @ 1183.851318359375 (ms) to 1231.73876953125 (ms), cudaEventElapsed = 47.858848571777344 (ms)
[RANK2] 6W @ 1231.90185546875 (ms) to 1392.281982421875 (ms), cudaEventElapsed = 160.3389434814453 (ms)
[RANK2] Iteration 7
[RANK2] F @ 60.281494140625 (ms) to 90.5224609375 (ms), cudaEventElapsed = 30.19820785522461 (ms)
[RANK2] F @ 93.45556640625 (ms) to 124.73974609375 (ms), cudaEventElapsed = 31.24015998840332 (ms)
[RANK2] F @ 130.2109375 (ms) to 165.209716796875 (ms), cudaEventElapsed = 34.95702362060547 (ms)
[RANK2] F @ 165.62451171875 (ms) to 200.33837890625 (ms), cudaEventElapsed = 34.680606842041016 (ms)
[RANK2] F @ 201.095947265625 (ms) to 235.816162109375 (ms), cudaEventElapsed = 34.687713623046875 (ms)
[RANK2] F @ 236.197509765625 (ms) to 271.069091796875 (ms), cudaEventElapsed = 34.837440490722656 (ms)
[RANK2] F @ 271.4404296875 (ms) to 306.766357421875 (ms), cudaEventElapsed = 35.2918701171875 (ms)
[RANK2] F @ 307.13623046875 (ms) to 341.26953125 (ms), cudaEventElapsed = 34.100223541259766 (ms)
[RANK2] F @ 342.88427734375 (ms) to 377.10791015625 (ms), cudaEventElapsed = 34.18726348876953 (ms)
[RANK2] F @ 378.574462890625 (ms) to 412.286376953125 (ms), cudaEventElapsed = 33.677406311035156 (ms)
[RANK2] F @ 413.767578125 (ms) to 447.905029296875 (ms), cudaEventElapsed = 34.10297775268555 (ms)
[RANK2] F @ 449.912353515625 (ms) to 483.91455078125 (ms), cudaEventElapsed = 33.96815872192383 (ms)
