[RANK3] Iteration 1
[RANK3] F @ 263.416259765625 (ms) to 294.393798828125 (ms), cudaEventElapsed = 30.919872283935547 (ms)
[RANK3] B @ 294.606689453125 (ms) to 332.3115234375 (ms), cudaEventElapsed = 37.66988754272461 (ms)
[RANK3] F @ 335.746826171875 (ms) to 367.951171875 (ms), cudaEventElapsed = 32.156192779541016 (ms)
[RANK3] B @ 368.0224609375 (ms) to 405.802001953125 (ms), cudaEventElapsed = 37.7446403503418 (ms)
[RANK3] F @ 477.252685546875 (ms) to 507.583984375 (ms), cudaEventElapsed = 30.291711807250977 (ms)
[RANK3] B @ 507.649169921875 (ms) to 545.21630859375 (ms), cudaEventElapsed = 37.53472137451172 (ms)
[RANK3] F @ 600.745849609375 (ms) to 631.3671875 (ms), cudaEventElapsed = 30.571712493896484 (ms)
[RANK3] B @ 631.4384765625 (ms) to 668.888916015625 (ms), cudaEventElapsed = 37.414913177490234 (ms)
[RANK3] F @ 680.953857421875 (ms) to 712.22900390625 (ms), cudaEventElapsed = 31.232831954956055 (ms)
[RANK3] B @ 712.29833984375 (ms) to 750.912353515625 (ms), cudaEventElapsed = 38.57612609863281 (ms)
[RANK3] F @ 761.1162109375 (ms) to 792.80029296875 (ms), cudaEventElapsed = 31.64396858215332 (ms)
[RANK3] B @ 792.86328125 (ms) to 831.70458984375 (ms), cudaEventElapsed = 38.809600830078125 (ms)
[RANK3] F @ 840.97900390625 (ms) to 872.80322265625 (ms), cudaEventElapsed = 31.780607223510742 (ms)
[RANK3] B @ 872.86669921875 (ms) to 911.824462890625 (ms), cudaEventElapsed = 38.92326354980469 (ms)
[RANK3] F @ 1094.718505859375 (ms) to 1125.113525390625 (ms), cudaEventElapsed = 30.3024959564209 (ms)
[RANK3] B @ 1125.322265625 (ms) to 1162.811279296875 (ms), cudaEventElapsed = 37.45075225830078 (ms)
[RANK3] W @ 1163.014892578125 (ms) to 1211.464111328125 (ms), cudaEventElapsed = 16.424959182739258 (ms)
[RANK3] F @ 1211.6923828125 (ms) to 1242.661376953125 (ms), cudaEventElapsed = 30.92639923095703 (ms)
[RANK3] B @ 1242.727294921875 (ms) to 1281.012939453125 (ms), cudaEventElapsed = 38.25356674194336 (ms)
[RANK3] W @ 1281.27783203125 (ms) to 1302.781982421875 (ms), cudaEventElapsed = 20.410367965698242 (ms)
[RANK3] F @ 1338.661376953125 (ms) to 1368.934326171875 (ms), cudaEventElapsed = 30.21308708190918 (ms)
[RANK3] B @ 1368.998779296875 (ms) to 1405.33544921875 (ms), cudaEventElapsed = 36.30489730834961 (ms)
[RANK3] W @ 1405.610107421875 (ms) to 1426.5498046875 (ms), cudaEventElapsed = 19.887104034423828 (ms)
[RANK3] F @ 1440.02587890625 (ms) to 1470.890869140625 (ms), cudaEventElapsed = 30.817087173461914 (ms)
[RANK3] B @ 1470.949951171875 (ms) to 1508.229248046875 (ms), cudaEventElapsed = 37.24595260620117 (ms)
[RANK3] W @ 1508.47802734375 (ms) to 1529.23779296875 (ms), cudaEventElapsed = 19.67616081237793 (ms)
[RANK3] F @ 1540.778076171875 (ms) to 1571.696044921875 (ms), cudaEventElapsed = 30.880447387695312 (ms)
[RANK3] B @ 1571.755126953125 (ms) to 1609.44384765625 (ms), cudaEventElapsed = 37.65555191040039 (ms)
[RANK3] 8W @ 1609.616943359375 (ms) to 1772.56494140625 (ms), cudaEventElapsed = 162.90713500976562 (ms)
[RANK3] Iteration 2
[RANK3] F @ 99.13623046875 (ms) to 129.912109375 (ms), cudaEventElapsed = 30.716928482055664 (ms)
[RANK3] B @ 130.186767578125 (ms) to 174.39794921875 (ms), cudaEventElapsed = 35.943424224853516 (ms)
[RANK3] F @ 176.2001953125 (ms) to 207.2021484375 (ms), cudaEventElapsed = 30.959392547607422 (ms)
[RANK3] B @ 207.2998046875 (ms) to 245.2587890625 (ms), cudaEventElapsed = 37.92588806152344 (ms)
[RANK3] F @ 246.748291015625 (ms) to 279.14306640625 (ms), cudaEventElapsed = 32.35670471191406 (ms)
[RANK3] B @ 279.2509765625 (ms) to 316.91162109375 (ms), cudaEventElapsed = 37.6258544921875 (ms)
[RANK3] F @ 318.350830078125 (ms) to 350.284912109375 (ms), cudaEventElapsed = 31.88025665283203 (ms)
[RANK3] B @ 350.38623046875 (ms) to 388.414306640625 (ms), cudaEventElapsed = 37.991424560546875 (ms)
[RANK3] F @ 389.908447265625 (ms) to 422.869384765625 (ms), cudaEventElapsed = 32.92060852050781 (ms)
[RANK3] B @ 422.977783203125 (ms) to 461.068115234375 (ms), cudaEventElapsed = 38.0497932434082 (ms)
[RANK3] F @ 462.72119140625 (ms) to 495.77978515625 (ms), cudaEventElapsed = 33.01887893676758 (ms)
[RANK3] B @ 495.872314453125 (ms) to 533.919189453125 (ms), cudaEventElapsed = 38.01395034790039 (ms)
[RANK3] F @ 535.475830078125 (ms) to 568.19091796875 (ms), cudaEventElapsed = 32.67753601074219 (ms)
[RANK3] B @ 568.301513671875 (ms) to 606.629638671875 (ms), cudaEventElapsed = 38.29043197631836 (ms)
[RANK3] F @ 607.001220703125 (ms) to 639.325927734375 (ms), cudaEventElapsed = 32.277950286865234 (ms)
[RANK3] B @ 639.6025390625 (ms) to 678.6904296875 (ms), cudaEventElapsed = 39.05433654785156 (ms)
[RANK3] W @ 678.93408203125 (ms) to 698.946533203125 (ms), cudaEventElapsed = 19.480575561523438 (ms)
[RANK3] F @ 699.122802734375 (ms) to 731.04443359375 (ms), cudaEventElapsed = 31.890304565429688 (ms)
[RANK3] B @ 731.131103515625 (ms) to 769.610595703125 (ms), cudaEventElapsed = 38.44812774658203 (ms)
[RANK3] W @ 769.870361328125 (ms) to 791.339111328125 (ms), cudaEventElapsed = 20.281343460083008 (ms)
[RANK3] F @ 823.79638671875 (ms) to 854.0390625 (ms), cudaEventElapsed = 30.20083236694336 (ms)
[RANK3] B @ 854.12548828125 (ms) to 891.047607421875 (ms), cudaEventElapsed = 36.88959884643555 (ms)
[RANK3] W @ 891.3203125 (ms) to 912.6904296875 (ms), cudaEventElapsed = 20.206592559814453 (ms)
[RANK3] F @ 925.379638671875 (ms) to 956.10986328125 (ms), cudaEventElapsed = 30.69139289855957 (ms)
[RANK3] B @ 956.198974609375 (ms) to 994.203369140625 (ms), cudaEventElapsed = 37.97196960449219 (ms)
[RANK3] W @ 994.487548828125 (ms) to 1016.009521484375 (ms), cudaEventElapsed = 20.44211196899414 (ms)
[RANK3] F @ 1030.744140625 (ms) to 1061.098388671875 (ms), cudaEventElapsed = 30.31782341003418 (ms)
[RANK3] B @ 1061.182861328125 (ms) to 1098.110107421875 (ms), cudaEventElapsed = 36.89574432373047 (ms)
[RANK3] 8W @ 1098.3037109375 (ms) to 1262.75390625 (ms), cudaEventElapsed = 164.4093475341797 (ms)
[RANK3] Iteration 3
[RANK3] F @ 98.796142578125 (ms) to 129.504150390625 (ms), cudaEventElapsed = 30.652320861816406 (ms)
[RANK3] B @ 129.73974609375 (ms) to 173.435791015625 (ms), cudaEventElapsed = 35.49184036254883 (ms)
[RANK3] F @ 175.481201171875 (ms) to 206.354736328125 (ms), cudaEventElapsed = 30.8308162689209 (ms)
[RANK3] B @ 206.448974609375 (ms) to 244.298095703125 (ms), cudaEventElapsed = 37.81836700439453 (ms)
[RANK3] F @ 245.693359375 (ms) to 278.02734375 (ms), cudaEventElapsed = 32.29676818847656 (ms)
[RANK3] B @ 278.1240234375 (ms) to 316.140869140625 (ms), cudaEventElapsed = 37.982208251953125 (ms)
[RANK3] F @ 317.601806640625 (ms) to 349.992919921875 (ms), cudaEventElapsed = 32.35308837890625 (ms)
[RANK3] B @ 350.08984375 (ms) to 388.28369140625 (ms), cudaEventElapsed = 38.16038513183594 (ms)
[RANK3] F @ 389.716552734375 (ms) to 422.40185546875 (ms), cudaEventElapsed = 32.64860916137695 (ms)
[RANK3] B @ 422.49072265625 (ms) to 460.62060546875 (ms), cudaEventElapsed = 38.09587097167969 (ms)
[RANK3] F @ 462.077392578125 (ms) to 495.137451171875 (ms), cudaEventElapsed = 33.007774353027344 (ms)
[RANK3] B @ 495.228515625 (ms) to 532.748046875 (ms), cudaEventElapsed = 37.48761749267578 (ms)
[RANK3] F @ 534.18408203125 (ms) to 566.26171875 (ms), cudaEventElapsed = 32.03459167480469 (ms)
[RANK3] B @ 566.36328125 (ms) to 604.452880859375 (ms), cudaEventElapsed = 38.05593490600586 (ms)
[RANK3] F @ 604.753173828125 (ms) to 636.916259765625 (ms), cudaEventElapsed = 32.123294830322266 (ms)
[RANK3] B @ 637.140869140625 (ms) to 676.06396484375 (ms), cudaEventElapsed = 38.89152145385742 (ms)
[RANK3] W @ 676.277587890625 (ms) to 696.50927734375 (ms), cudaEventElapsed = 19.116031646728516 (ms)
[RANK3] F @ 696.67919921875 (ms) to 728.396728515625 (ms), cudaEventElapsed = 31.684799194335938 (ms)
[RANK3] B @ 728.482421875 (ms) to 766.5478515625 (ms), cudaEventElapsed = 38.035457611083984 (ms)
[RANK3] W @ 766.813232421875 (ms) to 788.248779296875 (ms), cudaEventElapsed = 20.26700782775879 (ms)
[RANK3] F @ 821.801025390625 (ms) to 851.94677734375 (ms), cudaEventElapsed = 30.102495193481445 (ms)
[RANK3] B @ 852.024169921875 (ms) to 888.96875 (ms), cudaEventElapsed = 36.915199279785156 (ms)
[RANK3] W @ 889.2587890625 (ms) to 910.66455078125 (ms), cudaEventElapsed = 20.24959945678711 (ms)
[RANK3] F @ 924.1298828125 (ms) to 954.873291015625 (ms), cudaEventElapsed = 30.70560073852539 (ms)
[RANK3] B @ 954.9560546875 (ms) to 992.439208984375 (ms), cudaEventElapsed = 37.45382308959961 (ms)
[RANK3] W @ 992.6953125 (ms) to 1014.00830078125 (ms), cudaEventElapsed = 20.169727325439453 (ms)
[RANK3] F @ 1028.930419921875 (ms) to 1059.531494140625 (ms), cudaEventElapsed = 30.56608009338379 (ms)
[RANK3] B @ 1059.608642578125 (ms) to 1097.143798828125 (ms), cudaEventElapsed = 37.506046295166016 (ms)
[RANK3] 8W @ 1097.33203125 (ms) to 1261.449462890625 (ms), cudaEventElapsed = 164.08575439453125 (ms)
[RANK3] Iteration 4
[RANK3] F @ 100.06884765625 (ms) to 130.739501953125 (ms), cudaEventElapsed = 30.615808486938477 (ms)
[RANK3] B @ 130.980712890625 (ms) to 173.753662109375 (ms), cudaEventElapsed = 36.49331283569336 (ms)
[RANK3] F @ 174.2744140625 (ms) to 207.279296875 (ms), cudaEventElapsed = 32.969024658203125 (ms)
[RANK3] B @ 207.3681640625 (ms) to 246.452880859375 (ms), cudaEventElapsed = 39.05331039428711 (ms)
[RANK3] F @ 247.916015625 (ms) to 281.71337890625 (ms), cudaEventElapsed = 33.76051330566406 (ms)
[RANK3] B @ 281.810791015625 (ms) to 320.52490234375 (ms), cudaEventElapsed = 38.68057632446289 (ms)
[RANK3] F @ 322.025390625 (ms) to 356.03955078125 (ms), cudaEventElapsed = 33.97734451293945 (ms)
[RANK3] B @ 356.140869140625 (ms) to 395.072021484375 (ms), cudaEventElapsed = 38.89868927001953 (ms)
[RANK3] F @ 396.522705078125 (ms) to 431.171142578125 (ms), cudaEventElapsed = 34.61225509643555 (ms)
[RANK3] B @ 431.2587890625 (ms) to 469.654541015625 (ms), cudaEventElapsed = 38.364158630371094 (ms)
[RANK3] F @ 471.1728515625 (ms) to 504.998779296875 (ms), cudaEventElapsed = 33.792510986328125 (ms)
[RANK3] B @ 505.08837890625 (ms) to 543.54150390625 (ms), cudaEventElapsed = 38.414337158203125 (ms)
[RANK3] F @ 545.106689453125 (ms) to 579.489013671875 (ms), cudaEventElapsed = 34.34864044189453 (ms)
[RANK3] B @ 579.5908203125 (ms) to 618.493896484375 (ms), cudaEventElapsed = 38.86899185180664 (ms)
[RANK3] F @ 618.820556640625 (ms) to 652.36572265625 (ms), cudaEventElapsed = 33.5098876953125 (ms)
[RANK3] B @ 652.6015625 (ms) to 692.205322265625 (ms), cudaEventElapsed = 39.570430755615234 (ms)
[RANK3] W @ 692.404296875 (ms) to 720.494384765625 (ms), cudaEventElapsed = 20.07961654663086 (ms)
[RANK3] F @ 720.681396484375 (ms) to 754.802001953125 (ms), cudaEventElapsed = 34.087425231933594 (ms)
[RANK3] B @ 754.890380859375 (ms) to 793.9873046875 (ms), cudaEventElapsed = 39.06662368774414 (ms)
[RANK3] W @ 794.268798828125 (ms) to 817.138671875 (ms), cudaEventElapsed = 21.604352951049805 (ms)
[RANK3] F @ 856.4892578125 (ms) to 887.055908203125 (ms), cudaEventElapsed = 30.527584075927734 (ms)
[RANK3] B @ 887.149658203125 (ms) to 924.830810546875 (ms), cudaEventElapsed = 37.65043258666992 (ms)
[RANK3] W @ 925.12744140625 (ms) to 948.417236328125 (ms), cudaEventElapsed = 22.136831283569336 (ms)
[RANK3] F @ 974.9384765625 (ms) to 1005.957275390625 (ms), cudaEventElapsed = 30.979263305664062 (ms)
[RANK3] B @ 1006.03564453125 (ms) to 1043.8037109375 (ms), cudaEventElapsed = 37.738494873046875 (ms)
[RANK3] W @ 1044.063720703125 (ms) to 1067.419921875 (ms), cudaEventElapsed = 22.09280014038086 (ms)
[RANK3] F @ 1086.08642578125 (ms) to 1117.302734375 (ms), cudaEventElapsed = 31.175167083740234 (ms)
[RANK3] B @ 1117.381103515625 (ms) to 1156.044189453125 (ms), cudaEventElapsed = 38.63347244262695 (ms)
[RANK3] 8W @ 1156.237548828125 (ms) to 1347.430908203125 (ms), cudaEventElapsed = 191.15213012695312 (ms)
[RANK3] Iteration 5
[RANK3] F @ 98.919189453125 (ms) to 129.77294921875 (ms), cudaEventElapsed = 30.7903995513916 (ms)
[RANK3] B @ 130.037841796875 (ms) to 174.862548828125 (ms), cudaEventElapsed = 37.21625518798828 (ms)
[RANK3] F @ 175.3662109375 (ms) to 208.9033203125 (ms), cudaEventElapsed = 33.49241638183594 (ms)
[RANK3] B @ 209.0068359375 (ms) to 247.729248046875 (ms), cudaEventElapsed = 38.68876647949219 (ms)
[RANK3] F @ 249.25439453125 (ms) to 282.4736328125 (ms), cudaEventElapsed = 33.17910385131836 (ms)
[RANK3] B @ 282.60302734375 (ms) to 321.267333984375 (ms), cudaEventElapsed = 38.628353118896484 (ms)
[RANK3] F @ 322.815185546875 (ms) to 356.683837890625 (ms), cudaEventElapsed = 33.83171081542969 (ms)
[RANK3] B @ 356.794677734375 (ms) to 395.520263671875 (ms), cudaEventElapsed = 38.68979263305664 (ms)
[RANK3] F @ 396.98583984375 (ms) to 431.15625 (ms), cudaEventElapsed = 34.13516616821289 (ms)
[RANK3] B @ 431.24853515625 (ms) to 469.84130859375 (ms), cudaEventElapsed = 38.561790466308594 (ms)
[RANK3] F @ 471.42626953125 (ms) to 505.931396484375 (ms), cudaEventElapsed = 34.468544006347656 (ms)
[RANK3] B @ 506.016357421875 (ms) to 544.6123046875 (ms), cudaEventElapsed = 38.56486511230469 (ms)
[RANK3] F @ 546.174072265625 (ms) to 580.219482421875 (ms), cudaEventElapsed = 34.00950241088867 (ms)
[RANK3] B @ 580.314208984375 (ms) to 618.7265625 (ms), cudaEventElapsed = 38.377471923828125 (ms)
[RANK3] F @ 619.024658203125 (ms) to 652.505615234375 (ms), cudaEventElapsed = 33.438079833984375 (ms)
[RANK3] B @ 652.730712890625 (ms) to 693.296630859375 (ms), cudaEventElapsed = 40.53504180908203 (ms)
[RANK3] W @ 693.476318359375 (ms) to 720.357666015625 (ms), cudaEventElapsed = 20.993024826049805 (ms)
[RANK3] F @ 720.533447265625 (ms) to 754.181640625 (ms), cudaEventElapsed = 33.61759948730469 (ms)
[RANK3] B @ 754.261962890625 (ms) to 793.724853515625 (ms), cudaEventElapsed = 39.432193756103516 (ms)
[RANK3] W @ 793.959716796875 (ms) to 817.296875 (ms), cudaEventElapsed = 22.129663467407227 (ms)
[RANK3] F @ 855.021728515625 (ms) to 885.2998046875 (ms), cudaEventElapsed = 30.228864669799805 (ms)
[RANK3] B @ 885.379638671875 (ms) to 922.802734375 (ms), cudaEventElapsed = 37.39238357543945 (ms)
[RANK3] W @ 923.05029296875 (ms) to 946.353271484375 (ms), cudaEventElapsed = 22.054912567138672 (ms)
[RANK3] F @ 974.51025390625 (ms) to 1005.153564453125 (ms), cudaEventElapsed = 30.605632781982422 (ms)
[RANK3] B @ 1005.24755859375 (ms) to 1043.0673828125 (ms), cudaEventElapsed = 37.789695739746094 (ms)
[RANK3] W @ 1043.328125 (ms) to 1066.41650390625 (ms), cudaEventElapsed = 21.82655906677246 (ms)
[RANK3] F @ 1086.40478515625 (ms) to 1117.57763671875 (ms), cudaEventElapsed = 31.135936737060547 (ms)
[RANK3] B @ 1117.65380859375 (ms) to 1155.702392578125 (ms), cudaEventElapsed = 38.01804733276367 (ms)
[RANK3] 8W @ 1155.886962890625 (ms) to 1347.294677734375 (ms), cudaEventElapsed = 191.3712615966797 (ms)
[RANK3] Iteration 6
[RANK3] F @ 98.480712890625 (ms) to 129.224609375 (ms), cudaEventElapsed = 30.687807083129883 (ms)
[RANK3] B @ 129.46875 (ms) to 174.868408203125 (ms), cudaEventElapsed = 37.52755355834961 (ms)
[RANK3] F @ 175.26708984375 (ms) to 208.885498046875 (ms), cudaEventElapsed = 33.579647064208984 (ms)
[RANK3] B @ 208.970947265625 (ms) to 248.449951171875 (ms), cudaEventElapsed = 39.448577880859375 (ms)
[RANK3] F @ 249.818603515625 (ms) to 283.990966796875 (ms), cudaEventElapsed = 34.13711929321289 (ms)
[RANK3] B @ 284.089111328125 (ms) to 322.48583984375 (ms), cudaEventElapsed = 38.364158630371094 (ms)
[RANK3] F @ 323.917724609375 (ms) to 357.10986328125 (ms), cudaEventElapsed = 33.15705490112305 (ms)
[RANK3] B @ 357.204345703125 (ms) to 395.88720703125 (ms), cudaEventElapsed = 38.64985656738281 (ms)
[RANK3] F @ 397.311279296875 (ms) to 431.3212890625 (ms), cudaEventElapsed = 33.975006103515625 (ms)
[RANK3] B @ 431.402099609375 (ms) to 469.76904296875 (ms), cudaEventElapsed = 38.33446502685547 (ms)
[RANK3] F @ 471.560546875 (ms) to 505.841552734375 (ms), cudaEventElapsed = 34.248191833496094 (ms)
[RANK3] B @ 505.93115234375 (ms) to 544.547119140625 (ms), cudaEventElapsed = 38.58124923706055 (ms)
[RANK3] F @ 546.116943359375 (ms) to 580.482666015625 (ms), cudaEventElapsed = 34.33174514770508 (ms)
[RANK3] B @ 580.585205078125 (ms) to 619.511474609375 (ms), cudaEventElapsed = 38.8935661315918 (ms)
[RANK3] F @ 619.84228515625 (ms) to 653.39501953125 (ms), cudaEventElapsed = 33.510623931884766 (ms)
[RANK3] B @ 653.628173828125 (ms) to 693.5048828125 (ms), cudaEventElapsed = 39.836673736572266 (ms)
[RANK3] W @ 693.70849609375 (ms) to 721.7724609375 (ms), cudaEventElapsed = 19.746816635131836 (ms)
[RANK3] F @ 721.947265625 (ms) to 755.017578125 (ms), cudaEventElapsed = 33.03987121582031 (ms)
[RANK3] B @ 755.09521484375 (ms) to 794.41015625 (ms), cudaEventElapsed = 39.28678512573242 (ms)
[RANK3] W @ 794.65380859375 (ms) to 817.88525390625 (ms), cudaEventElapsed = 22.05695915222168 (ms)
[RANK3] F @ 858.580078125 (ms) to 888.6767578125 (ms), cudaEventElapsed = 30.058944702148438 (ms)
[RANK3] B @ 888.756103515625 (ms) to 926.608642578125 (ms), cudaEventElapsed = 37.82451248168945 (ms)
[RANK3] W @ 926.888916015625 (ms) to 949.842529296875 (ms), cudaEventElapsed = 21.70572853088379 (ms)
[RANK3] F @ 977.16015625 (ms) to 1007.93212890625 (ms), cudaEventElapsed = 30.73516845703125 (ms)
[RANK3] B @ 1008.005615234375 (ms) to 1046.695068359375 (ms), cudaEventElapsed = 38.66214370727539 (ms)
[RANK3] W @ 1046.953369140625 (ms) to 1070.498046875 (ms), cudaEventElapsed = 22.31603240966797 (ms)
[RANK3] F @ 1088.418701171875 (ms) to 1120.23095703125 (ms), cudaEventElapsed = 31.777055740356445 (ms)
[RANK3] B @ 1120.306640625 (ms) to 1158.305419921875 (ms), cudaEventElapsed = 37.970943450927734 (ms)
[RANK3] 8W @ 1158.476806640625 (ms) to 1352.067138671875 (ms), cudaEventElapsed = 193.5564727783203 (ms)
[RANK3] Iteration 7
[RANK3] F @ 93.197509765625 (ms) to 122.88525390625 (ms), cudaEventElapsed = 29.624736785888672 (ms)
[RANK3] F @ 127.41015625 (ms) to 157.408203125 (ms), cudaEventElapsed = 29.955839157104492 (ms)
[RANK3] F @ 167.74560546875 (ms) to 198.749267578125 (ms), cudaEventElapsed = 30.961631774902344 (ms)
[RANK3] F @ 202.851806640625 (ms) to 234.893798828125 (ms), cudaEventElapsed = 32.003135681152344 (ms)
[RANK3] F @ 238.295166015625 (ms) to 271.629150390625 (ms), cudaEventElapsed = 33.28281784057617 (ms)
[RANK3] F @ 273.610595703125 (ms) to 306.535888671875 (ms), cudaEventElapsed = 32.887489318847656 (ms)
[RANK3] F @ 309.34521484375 (ms) to 341.196044921875 (ms), cudaEventElapsed = 31.812671661376953 (ms)
[RANK3] F @ 343.799072265625 (ms) to 375.65087890625 (ms), cudaEventElapsed = 31.814624786376953 (ms)
[RANK3] F @ 379.56396484375 (ms) to 412.145751953125 (ms), cudaEventElapsed = 32.544097900390625 (ms)
[RANK3] F @ 414.713134765625 (ms) to 447.5576171875 (ms), cudaEventElapsed = 32.808448791503906 (ms)
[RANK3] F @ 450.32958984375 (ms) to 481.93994140625 (ms), cudaEventElapsed = 31.57366371154785 (ms)
[RANK3] F @ 486.327880859375 (ms) to 517.666259765625 (ms), cudaEventElapsed = 31.301759719848633 (ms)
