[RANK1] Iteration 1
[RANK1] F @ 655.46337890625 (ms) to 969.810302734375 (ms), cudaEventElapsed = 314.31805419921875 (ms)
[RANK1] F @ 970.7705078125 (ms) to 983.04833984375 (ms), cudaEventElapsed = 12.256192207336426 (ms)
[RANK1] F @ 984.021240234375 (ms) to 996.6259765625 (ms), cudaEventElapsed = 12.583488464355469 (ms)
[RANK1] F @ 997.525390625 (ms) to 1046.65576171875 (ms), cudaEventElapsed = 49.10905456542969 (ms)
[RANK1] F @ 1047.54638671875 (ms) to 1067.875732421875 (ms), cudaEventElapsed = 20.309024810791016 (ms)
[RANK1] B @ 2698.47021484375 (ms) to 2967.064697265625 (ms), cudaEventElapsed = 268.5719909667969 (ms)
[RANK1] F @ 2968.045654296875 (ms) to 2977.1201171875 (ms), cudaEventElapsed = 9.051712036132812 (ms)
[RANK1] B @ 2978.150146484375 (ms) to 2987.67626953125 (ms), cudaEventElapsed = 9.503520011901855 (ms)
[RANK1] F @ 2988.536376953125 (ms) to 2997.779052734375 (ms), cudaEventElapsed = 9.222911834716797 (ms)
[RANK1] B @ 2998.7109375 (ms) to 3008.05712890625 (ms), cudaEventElapsed = 9.324383735656738 (ms)
[RANK1] F @ 3321.949951171875 (ms) to 3331.132568359375 (ms), cudaEventElapsed = 9.162336349487305 (ms)
[RANK1] B @ 3332.09228515625 (ms) to 3368.90234375 (ms), cudaEventElapsed = 36.789119720458984 (ms)
[RANK1] F @ 3369.794189453125 (ms) to 3378.7763671875 (ms), cudaEventElapsed = 8.96230411529541 (ms)
[RANK1] B @ 3379.72021484375 (ms) to 3389.72119140625 (ms), cudaEventElapsed = 9.97980785369873 (ms)
[RANK1] F @ 3390.625 (ms) to 3399.60595703125 (ms), cudaEventElapsed = 8.96121597290039 (ms)
[RANK1] B @ 3400.524169921875 (ms) to 3409.920166015625 (ms), cudaEventElapsed = 9.374367713928223 (ms)
[RANK1] F @ 3424.73388671875 (ms) to 3433.740966796875 (ms), cudaEventElapsed = 8.985376358032227 (ms)
[RANK1] B @ 3434.78173828125 (ms) to 3444.21142578125 (ms), cudaEventElapsed = 9.408032417297363 (ms)
[RANK1] F @ 3467.731201171875 (ms) to 3476.7216796875 (ms), cudaEventElapsed = 8.96889591217041 (ms)
[RANK1] B @ 3477.59619140625 (ms) to 3487.13330078125 (ms), cudaEventElapsed = 9.515199661254883 (ms)
[RANK1] W @ 3487.721435546875 (ms) to 3494.134033203125 (ms), cudaEventElapsed = 6.394336223602295 (ms)
[RANK1] B @ 3494.694091796875 (ms) to 3504.057861328125 (ms), cudaEventElapsed = 9.342240333557129 (ms)
[RANK1] W @ 3504.65185546875 (ms) to 3510.84619140625 (ms), cudaEventElapsed = 6.175648212432861 (ms)
[RANK1] B @ 3511.37158203125 (ms) to 3520.65625 (ms), cudaEventElapsed = 9.264448165893555 (ms)
[RANK1] W @ 3521.254150390625 (ms) to 3527.452392578125 (ms), cudaEventElapsed = 6.176415920257568 (ms)
[RANK1] B @ 3528.096435546875 (ms) to 3537.45263671875 (ms), cudaEventElapsed = 9.335904121398926 (ms)
[RANK1] W @ 3538.30126953125 (ms) to 3544.55029296875 (ms), cudaEventElapsed = 6.227200031280518 (ms)
[RANK1] B @ 3545.166015625 (ms) to 3554.491455078125 (ms), cudaEventElapsed = 9.304703712463379 (ms)
[RANK1] 8W @ 3555.695068359375 (ms) to 3605.07421875 (ms), cudaEventElapsed = 49.35935974121094 (ms)
[RANK1] Iteration 2
[RANK1] F @ 48.30615234375 (ms) to 57.705078125 (ms), cudaEventElapsed = 9.369440078735352 (ms)
[RANK1] F @ 58.97998046875 (ms) to 68.21630859375 (ms), cudaEventElapsed = 9.210432052612305 (ms)
[RANK1] F @ 69.343994140625 (ms) to 78.79833984375 (ms), cudaEventElapsed = 9.42908763885498 (ms)
[RANK1] F @ 79.7802734375 (ms) to 88.77197265625 (ms), cudaEventElapsed = 8.972160339355469 (ms)
[RANK1] F @ 89.596435546875 (ms) to 98.64013671875 (ms), cudaEventElapsed = 9.025376319885254 (ms)
[RANK1] B @ 262.50732421875 (ms) to 272.48193359375 (ms), cudaEventElapsed = 9.949119567871094 (ms)
[RANK1] F @ 273.4150390625 (ms) to 282.64501953125 (ms), cudaEventElapsed = 9.207136154174805 (ms)
[RANK1] B @ 284.312744140625 (ms) to 294.167236328125 (ms), cudaEventElapsed = 9.831551551818848 (ms)
[RANK1] F @ 295.072509765625 (ms) to 304.2099609375 (ms), cudaEventElapsed = 9.113823890686035 (ms)
[RANK1] B @ 305.3935546875 (ms) to 315.16552734375 (ms), cudaEventElapsed = 9.749279975891113 (ms)
[RANK1] F @ 356.273193359375 (ms) to 365.824951171875 (ms), cudaEventElapsed = 9.52774429321289 (ms)
[RANK1] B @ 401.649169921875 (ms) to 411.5048828125 (ms), cudaEventElapsed = 9.832223892211914 (ms)
[RANK1] F @ 412.435302734375 (ms) to 421.63671875 (ms), cudaEventElapsed = 9.177791595458984 (ms)
[RANK1] B @ 422.8525390625 (ms) to 432.678955078125 (ms), cudaEventElapsed = 9.805055618286133 (ms)
[RANK1] F @ 433.5439453125 (ms) to 442.534912109375 (ms), cudaEventElapsed = 8.971199989318848 (ms)
[RANK1] B @ 487.435791015625 (ms) to 497.169677734375 (ms), cudaEventElapsed = 9.712096214294434 (ms)
[RANK1] F @ 498.28271484375 (ms) to 507.27197265625 (ms), cudaEventElapsed = 8.969344139099121 (ms)
[RANK1] B @ 539.357177734375 (ms) to 549.13623046875 (ms), cudaEventElapsed = 9.758848190307617 (ms)
[RANK1] F @ 550.043212890625 (ms) to 559.051513671875 (ms), cudaEventElapsed = 8.988927841186523 (ms)
[RANK1] B @ 565.866943359375 (ms) to 575.6953125 (ms), cudaEventElapsed = 9.80742359161377 (ms)
[RANK1] W @ 576.286376953125 (ms) to 582.615478515625 (ms), cudaEventElapsed = 6.311071872711182 (ms)
[RANK1] B @ 632.486572265625 (ms) to 642.287841796875 (ms), cudaEventElapsed = 9.780863761901855 (ms)
[RANK1] W @ 642.90478515625 (ms) to 649.288818359375 (ms), cudaEventElapsed = 6.367167949676514 (ms)
[RANK1] B @ 676.25439453125 (ms) to 685.979248046875 (ms), cudaEventElapsed = 9.706239700317383 (ms)
[RANK1] W @ 686.603515625 (ms) to 692.9580078125 (ms), cudaEventElapsed = 6.337247848510742 (ms)
[RANK1] B @ 727.511962890625 (ms) to 737.265869140625 (ms), cudaEventElapsed = 9.734848022460938 (ms)
[RANK1] W @ 737.891845703125 (ms) to 744.26025390625 (ms), cudaEventElapsed = 6.3506879806518555 (ms)
[RANK1] B @ 779.29345703125 (ms) to 789.066162109375 (ms), cudaEventElapsed = 9.7543363571167 (ms)
[RANK1] 8W @ 790.62744140625 (ms) to 842.344482421875 (ms), cudaEventElapsed = 51.69843292236328 (ms)
[RANK1] Iteration 3
[RANK1] F @ 39.381103515625 (ms) to 48.719482421875 (ms), cudaEventElapsed = 9.312640190124512 (ms)
[RANK1] F @ 49.97607421875 (ms) to 59.12060546875 (ms), cudaEventElapsed = 9.120287895202637 (ms)
[RANK1] F @ 60.38818359375 (ms) to 69.89404296875 (ms), cudaEventElapsed = 9.480671882629395 (ms)
[RANK1] F @ 70.84912109375 (ms) to 79.844970703125 (ms), cudaEventElapsed = 8.974592208862305 (ms)
[RANK1] F @ 80.717529296875 (ms) to 89.692626953125 (ms), cudaEventElapsed = 8.947839736938477 (ms)
[RANK1] F @ 91.1962890625 (ms) to 100.685791015625 (ms), cudaEventElapsed = 9.464256286621094 (ms)
[RANK1] F @ 101.8037109375 (ms) to 111.087890625 (ms), cudaEventElapsed = 9.258015632629395 (ms)
[RANK1] F @ 112.2509765625 (ms) to 121.5068359375 (ms), cudaEventElapsed = 9.230015754699707 (ms)
[RANK1] F @ 122.4775390625 (ms) to 131.74365234375 (ms), cudaEventElapsed = 9.238944053649902 (ms)
[RANK1] F @ 132.64208984375 (ms) to 148.54296875 (ms), cudaEventElapsed = 15.880255699157715 (ms)
[RANK1] F @ 149.35400390625 (ms) to 168.134033203125 (ms), cudaEventElapsed = 18.760000228881836 (ms)
[RANK1] F @ 269.78564453125 (ms) to 311.0595703125 (ms), cudaEventElapsed = 41.253662109375 (ms)
[RANK1] B @ 382.75048828125 (ms) to 414.528564453125 (ms), cudaEventElapsed = 31.756000518798828 (ms)
[RANK1] W @ 415.185791015625 (ms) to 421.51171875 (ms), cudaEventElapsed = 6.308320045471191 (ms)
[RANK1] B @ 422.02880859375 (ms) to 431.841064453125 (ms), cudaEventElapsed = 9.791328430175781 (ms)
[RANK1] W @ 432.4736328125 (ms) to 438.845947265625 (ms), cudaEventElapsed = 6.354400157928467 (ms)
[RANK1] B @ 439.372802734375 (ms) to 449.211669921875 (ms), cudaEventElapsed = 9.81833553314209 (ms)
[RANK1] W @ 449.840087890625 (ms) to 456.21533203125 (ms), cudaEventElapsed = 6.357696056365967 (ms)
[RANK1] B @ 456.73779296875 (ms) to 466.630859375 (ms), cudaEventElapsed = 9.874208450317383 (ms)
[RANK1] W @ 467.18212890625 (ms) to 473.563720703125 (ms), cudaEventElapsed = 6.363647937774658 (ms)
[RANK1] B @ 474.170654296875 (ms) to 483.96826171875 (ms), cudaEventElapsed = 9.778271675109863 (ms)
[RANK1] W @ 484.542236328125 (ms) to 491.00439453125 (ms), cudaEventElapsed = 6.444799900054932 (ms)
[RANK1] B @ 491.583984375 (ms) to 502.2109375 (ms), cudaEventElapsed = 10.608415603637695 (ms)
[RANK1] W @ 503.249755859375 (ms) to 509.860107421875 (ms), cudaEventElapsed = 6.590847969055176 (ms)
[RANK1] B @ 510.46337890625 (ms) to 521.066162109375 (ms), cudaEventElapsed = 10.583776473999023 (ms)
[RANK1] W @ 521.649169921875 (ms) to 528.22998046875 (ms), cudaEventElapsed = 6.562687873840332 (ms)
[RANK1] B @ 528.8203125 (ms) to 539.329833984375 (ms), cudaEventElapsed = 10.491488456726074 (ms)
[RANK1] W @ 539.91650390625 (ms) to 546.46826171875 (ms), cudaEventElapsed = 6.534560203552246 (ms)
[RANK1] B @ 547.068603515625 (ms) to 557.6005859375 (ms), cudaEventElapsed = 10.513824462890625 (ms)
[RANK1] W @ 558.1796875 (ms) to 564.7255859375 (ms), cudaEventElapsed = 6.528287887573242 (ms)
[RANK1] B @ 565.31982421875 (ms) to 575.858154296875 (ms), cudaEventElapsed = 10.519424438476562 (ms)
[RANK1] W @ 576.448486328125 (ms) to 583.041259765625 (ms), cudaEventElapsed = 6.575136184692383 (ms)
[RANK1] B @ 583.646484375 (ms) to 594.26220703125 (ms), cudaEventElapsed = 10.597184181213379 (ms)
[RANK1] W @ 594.849609375 (ms) to 601.3798828125 (ms), cudaEventElapsed = 6.51200008392334 (ms)
[RANK1] B @ 601.915771484375 (ms) to 612.3671875 (ms), cudaEventElapsed = 10.432991981506348 (ms)
[RANK1] 1W @ 613.379150390625 (ms) to 619.936279296875 (ms), cudaEventElapsed = 6.5390400886535645 (ms)
[RANK1] Iteration 4
[RANK1] F @ 37.948486328125 (ms) to 47.349609375 (ms), cudaEventElapsed = 9.374208450317383 (ms)
[RANK1] F @ 48.61376953125 (ms) to 57.776611328125 (ms), cudaEventElapsed = 9.136544227600098 (ms)
[RANK1] F @ 58.859130859375 (ms) to 68.28369140625 (ms), cudaEventElapsed = 9.400447845458984 (ms)
[RANK1] F @ 69.214111328125 (ms) to 78.18603515625 (ms), cudaEventElapsed = 8.946399688720703 (ms)
[RANK1] F @ 79.00390625 (ms) to 87.96435546875 (ms), cudaEventElapsed = 8.94159984588623 (ms)
[RANK1] F @ 88.84912109375 (ms) to 97.86865234375 (ms), cudaEventElapsed = 8.99942398071289 (ms)
[RANK1] F @ 98.771484375 (ms) to 107.911376953125 (ms), cudaEventElapsed = 9.116864204406738 (ms)
[RANK1] F @ 109.0537109375 (ms) to 118.37451171875 (ms), cudaEventElapsed = 9.294112205505371 (ms)
[RANK1] F @ 119.346435546875 (ms) to 128.637939453125 (ms), cudaEventElapsed = 9.266400337219238 (ms)
[RANK1] F @ 129.526611328125 (ms) to 138.70166015625 (ms), cudaEventElapsed = 9.154751777648926 (ms)
[RANK1] F @ 139.502685546875 (ms) to 148.595703125 (ms), cudaEventElapsed = 9.073439598083496 (ms)
[RANK1] F @ 149.3896484375 (ms) to 158.495361328125 (ms), cudaEventElapsed = 9.08579158782959 (ms)
[RANK1] B @ 234.46240234375 (ms) to 244.354248046875 (ms), cudaEventElapsed = 9.871007919311523 (ms)
[RANK1] W @ 244.938232421875 (ms) to 251.2705078125 (ms), cudaEventElapsed = 6.314208030700684 (ms)
[RANK1] B @ 255.923583984375 (ms) to 265.716552734375 (ms), cudaEventElapsed = 9.7741117477417 (ms)
[RANK1] W @ 266.281494140625 (ms) to 272.644775390625 (ms), cudaEventElapsed = 6.34611177444458 (ms)
[RANK1] B @ 277.448974609375 (ms) to 287.330078125 (ms), cudaEventElapsed = 9.862784385681152 (ms)
[RANK1] W @ 287.870849609375 (ms) to 294.252197265625 (ms), cudaEventElapsed = 6.362880229949951 (ms)
[RANK1] B @ 294.782470703125 (ms) to 304.85546875 (ms), cudaEventElapsed = 10.053759574890137 (ms)
[RANK1] W @ 305.469482421875 (ms) to 311.870361328125 (ms), cudaEventElapsed = 6.382976055145264 (ms)
[RANK1] B @ 313.15625 (ms) to 323.197265625 (ms), cudaEventElapsed = 10.020832061767578 (ms)
[RANK1] W @ 324.47119140625 (ms) to 330.86767578125 (ms), cudaEventElapsed = 6.375840187072754 (ms)
[RANK1] B @ 333.212646484375 (ms) to 343.242919921875 (ms), cudaEventElapsed = 10.010656356811523 (ms)
[RANK1] W @ 343.841552734375 (ms) to 350.29248046875 (ms), cudaEventElapsed = 6.433407783508301 (ms)
[RANK1] B @ 357.643310546875 (ms) to 367.790771484375 (ms), cudaEventElapsed = 10.129023551940918 (ms)
[RANK1] W @ 368.3955078125 (ms) to 374.80322265625 (ms), cudaEventElapsed = 6.3895039558410645 (ms)
[RANK1] B @ 386.62646484375 (ms) to 396.638427734375 (ms), cudaEventElapsed = 9.992704391479492 (ms)
[RANK1] W @ 397.243896484375 (ms) to 403.63134765625 (ms), cudaEventElapsed = 6.370431900024414 (ms)
[RANK1] B @ 405.673095703125 (ms) to 415.59765625 (ms), cudaEventElapsed = 9.905920028686523 (ms)
[RANK1] W @ 416.23095703125 (ms) to 422.618408203125 (ms), cudaEventElapsed = 6.368832111358643 (ms)
[RANK1] B @ 430.07373046875 (ms) to 439.8828125 (ms), cudaEventElapsed = 9.787296295166016 (ms)
[RANK1] W @ 440.447509765625 (ms) to 446.817138671875 (ms), cudaEventElapsed = 6.3515520095825195 (ms)
[RANK1] B @ 447.85693359375 (ms) to 457.634521484375 (ms), cudaEventElapsed = 9.758879661560059 (ms)
[RANK1] W @ 458.212158203125 (ms) to 464.607421875 (ms), cudaEventElapsed = 6.375423908233643 (ms)
[RANK1] B @ 465.844970703125 (ms) to 475.60107421875 (ms), cudaEventElapsed = 9.737343788146973 (ms)
[RANK1] 1W @ 476.26904296875 (ms) to 482.697265625 (ms), cudaEventElapsed = 6.410399913787842 (ms)
[RANK1] Iteration 5
[RANK1] F @ 51.41845703125 (ms) to 60.439208984375 (ms), cudaEventElapsed = 9.000543594360352 (ms)
[RANK1] F @ 61.382080078125 (ms) to 70.31982421875 (ms), cudaEventElapsed = 8.918432235717773 (ms)
[RANK1] F @ 71.18701171875 (ms) to 80.275390625 (ms), cudaEventElapsed = 9.069439888000488 (ms)
[RANK1] F @ 81.0947265625 (ms) to 90.037841796875 (ms), cudaEventElapsed = 8.924127578735352 (ms)
[RANK1] F @ 90.85205078125 (ms) to 99.85107421875 (ms), cudaEventElapsed = 8.980607986450195 (ms)
[RANK1] F @ 100.677490234375 (ms) to 109.676513671875 (ms), cudaEventElapsed = 8.980031967163086 (ms)
[RANK1] F @ 110.501953125 (ms) to 119.508056640625 (ms), cudaEventElapsed = 8.987263679504395 (ms)
[RANK1] F @ 120.373046875 (ms) to 129.402587890625 (ms), cudaEventElapsed = 9.010208129882812 (ms)
[RANK1] F @ 130.252197265625 (ms) to 139.2646484375 (ms), cudaEventElapsed = 8.993791580200195 (ms)
[RANK1] F @ 140.080078125 (ms) to 149.16552734375 (ms), cudaEventElapsed = 9.066816329956055 (ms)
[RANK1] F @ 149.95556640625 (ms) to 159.08984375 (ms), cudaEventElapsed = 9.115039825439453 (ms)
[RANK1] F @ 159.87646484375 (ms) to 169.031005859375 (ms), cudaEventElapsed = 9.134336471557617 (ms)
[RANK1] B @ 290.863525390625 (ms) to 300.792236328125 (ms), cudaEventElapsed = 9.909215927124023 (ms)
[RANK1] W @ 301.25244140625 (ms) to 307.58837890625 (ms), cudaEventElapsed = 6.319712162017822 (ms)
[RANK1] B @ 311.07763671875 (ms) to 320.900146484375 (ms), cudaEventElapsed = 9.804544448852539 (ms)
[RANK1] B @ 323.86181640625 (ms) to 333.572509765625 (ms), cudaEventElapsed = 9.693471908569336 (ms)
[RANK1] W @ 334.016845703125 (ms) to 340.385498046875 (ms), cudaEventElapsed = 6.351935863494873 (ms)
[RANK1] W @ 340.597900390625 (ms) to 346.931396484375 (ms), cudaEventElapsed = 6.317471981048584 (ms)
[RANK1] B @ 347.453369140625 (ms) to 357.29150390625 (ms), cudaEventElapsed = 9.819071769714355 (ms)
[RANK1] W @ 357.918701171875 (ms) to 364.40185546875 (ms), cudaEventElapsed = 6.464960098266602 (ms)
[RANK1] B @ 364.929443359375 (ms) to 375.22021484375 (ms), cudaEventElapsed = 10.272128105163574 (ms)
[RANK1] W @ 376.2841796875 (ms) to 382.786865234375 (ms), cudaEventElapsed = 6.482816219329834 (ms)
[RANK1] B @ 383.304443359375 (ms) to 393.634521484375 (ms), cudaEventElapsed = 10.310848236083984 (ms)
[RANK1] W @ 394.22265625 (ms) to 400.695068359375 (ms), cudaEventElapsed = 6.45468807220459 (ms)
[RANK1] B @ 401.19677734375 (ms) to 411.52294921875 (ms), cudaEventElapsed = 10.306591987609863 (ms)
[RANK1] W @ 412.11376953125 (ms) to 418.591552734375 (ms), cudaEventElapsed = 6.4600958824157715 (ms)
[RANK1] B @ 419.0966796875 (ms) to 429.347900390625 (ms), cudaEventElapsed = 10.232735633850098 (ms)
[RANK1] W @ 429.974609375 (ms) to 436.438720703125 (ms), cudaEventElapsed = 6.446112155914307 (ms)
[RANK1] B @ 436.968505859375 (ms) to 447.219970703125 (ms), cudaEventElapsed = 10.232640266418457 (ms)
[RANK1] W @ 447.830322265625 (ms) to 454.283935546875 (ms), cudaEventElapsed = 6.436384201049805 (ms)
[RANK1] B @ 454.878173828125 (ms) to 465.091796875 (ms), cudaEventElapsed = 10.195487976074219 (ms)
[RANK1] W @ 465.631591796875 (ms) to 472.088134765625 (ms), cudaEventElapsed = 6.439519882202148 (ms)
[RANK1] B @ 478.580322265625 (ms) to 488.77392578125 (ms), cudaEventElapsed = 10.17363166809082 (ms)
[RANK1] W @ 489.35400390625 (ms) to 495.80908203125 (ms), cudaEventElapsed = 6.437471866607666 (ms)
[RANK1] B @ 496.56689453125 (ms) to 506.505126953125 (ms), cudaEventElapsed = 9.91926383972168 (ms)
[RANK1] 1W @ 507.1435546875 (ms) to 513.565673828125 (ms), cudaEventElapsed = 6.404160022735596 (ms)
[RANK1] Iteration 6
[RANK1] F @ 33.734375 (ms) to 42.8037109375 (ms), cudaEventElapsed = 9.048928260803223 (ms)
[RANK1] F @ 43.66552734375 (ms) to 52.657958984375 (ms), cudaEventElapsed = 8.973247528076172 (ms)
[RANK1] F @ 53.489013671875 (ms) to 62.67529296875 (ms), cudaEventElapsed = 9.166336059570312 (ms)
[RANK1] F @ 63.53662109375 (ms) to 72.50634765625 (ms), cudaEventElapsed = 8.95030403137207 (ms)
[RANK1] F @ 73.38037109375 (ms) to 82.3544921875 (ms), cudaEventElapsed = 8.954496383666992 (ms)
[RANK1] F @ 83.209716796875 (ms) to 92.294921875 (ms), cudaEventElapsed = 9.065024375915527 (ms)
[RANK1] F @ 93.230712890625 (ms) to 102.322998046875 (ms), cudaEventElapsed = 9.072256088256836 (ms)
[RANK1] F @ 103.191162109375 (ms) to 112.279541015625 (ms), cudaEventElapsed = 9.068415641784668 (ms)
[RANK1] F @ 113.073486328125 (ms) to 122.1328125 (ms), cudaEventElapsed = 9.03974437713623 (ms)
[RANK1] F @ 122.92333984375 (ms) to 131.993408203125 (ms), cudaEventElapsed = 9.049504280090332 (ms)
[RANK1] F @ 132.7919921875 (ms) to 142.061767578125 (ms), cudaEventElapsed = 9.249407768249512 (ms)
[RANK1] F @ 143.227783203125 (ms) to 152.466064453125 (ms), cudaEventElapsed = 9.2194242477417 (ms)
[RANK1] B @ 188.74169921875 (ms) to 198.688232421875 (ms), cudaEventElapsed = 9.927295684814453 (ms)
[RANK1] W @ 199.14794921875 (ms) to 205.49755859375 (ms), cudaEventElapsed = 6.333151817321777 (ms)
[RANK1] B @ 209.26904296875 (ms) to 219.072998046875 (ms), cudaEventElapsed = 9.783647537231445 (ms)
[RANK1] B @ 224.8408203125 (ms) to 234.64697265625 (ms), cudaEventElapsed = 9.78604793548584 (ms)
[RANK1] W @ 235.21630859375 (ms) to 241.589599609375 (ms), cudaEventElapsed = 6.3554558753967285 (ms)
[RANK1] W @ 241.747314453125 (ms) to 248.064208984375 (ms), cudaEventElapsed = 6.300896167755127 (ms)
[RANK1] B @ 248.63623046875 (ms) to 258.39990234375 (ms), cudaEventElapsed = 9.745887756347656 (ms)
[RANK1] W @ 258.90576171875 (ms) to 265.302734375 (ms), cudaEventElapsed = 6.379807949066162 (ms)
[RANK1] B @ 265.920654296875 (ms) to 276.006591796875 (ms), cudaEventElapsed = 10.06719970703125 (ms)
[RANK1] W @ 276.91455078125 (ms) to 283.330322265625 (ms), cudaEventElapsed = 6.396704196929932 (ms)
[RANK1] B @ 287.55029296875 (ms) to 297.60302734375 (ms), cudaEventElapsed = 10.03337574005127 (ms)
[RANK1] W @ 298.198486328125 (ms) to 304.609130859375 (ms), cudaEventElapsed = 6.393119812011719 (ms)
[RANK1] B @ 305.143310546875 (ms) to 315.1083984375 (ms), cudaEventElapsed = 9.946144104003906 (ms)
[RANK1] W @ 315.734619140625 (ms) to 322.1279296875 (ms), cudaEventElapsed = 6.374112129211426 (ms)
[RANK1] B @ 350.727294921875 (ms) to 360.713623046875 (ms), cudaEventElapsed = 9.96787166595459 (ms)
[RANK1] W @ 361.267333984375 (ms) to 367.649169921875 (ms), cudaEventElapsed = 6.363872051239014 (ms)
[RANK1] B @ 369.837890625 (ms) to 379.74755859375 (ms), cudaEventElapsed = 9.890687942504883 (ms)
[RANK1] W @ 380.365234375 (ms) to 386.752197265625 (ms), cudaEventElapsed = 6.36959981918335 (ms)
[RANK1] B @ 405.9462890625 (ms) to 415.8046875 (ms), cudaEventElapsed = 9.839296340942383 (ms)
[RANK1] W @ 416.407470703125 (ms) to 422.786865234375 (ms), cudaEventElapsed = 6.3618879318237305 (ms)
[RANK1] B @ 430.078369140625 (ms) to 439.89501953125 (ms), cudaEventElapsed = 9.797599792480469 (ms)
[RANK1] W @ 440.495361328125 (ms) to 446.887451171875 (ms), cudaEventElapsed = 6.373280048370361 (ms)
[RANK1] B @ 447.84228515625 (ms) to 457.575927734375 (ms), cudaEventElapsed = 9.714303970336914 (ms)
[RANK1] 1W @ 458.67724609375 (ms) to 465.098388671875 (ms), cudaEventElapsed = 6.402112007141113 (ms)
[RANK1] Iteration 7
[RANK1] F @ 41.600830078125 (ms) to 50.63330078125 (ms), cudaEventElapsed = 9.011903762817383 (ms)
[RANK1] F @ 51.525390625 (ms) to 60.471435546875 (ms), cudaEventElapsed = 8.926112174987793 (ms)
[RANK1] F @ 61.3486328125 (ms) to 70.47119140625 (ms), cudaEventElapsed = 9.103520393371582 (ms)
[RANK1] F @ 71.3525390625 (ms) to 80.315185546875 (ms), cudaEventElapsed = 8.942720413208008 (ms)
[RANK1] F @ 81.203125 (ms) to 90.1767578125 (ms), cudaEventElapsed = 8.949119567871094 (ms)
[RANK1] F @ 91.151123046875 (ms) to 100.2099609375 (ms), cudaEventElapsed = 9.037568092346191 (ms)
[RANK1] F @ 101.08984375 (ms) to 110.23193359375 (ms), cudaEventElapsed = 9.122079849243164 (ms)
[RANK1] F @ 111.058837890625 (ms) to 120.21240234375 (ms), cudaEventElapsed = 9.13366413116455 (ms)
[RANK1] F @ 121.008056640625 (ms) to 130.171630859375 (ms), cudaEventElapsed = 9.14310359954834 (ms)
[RANK1] F @ 130.968994140625 (ms) to 140.09814453125 (ms), cudaEventElapsed = 9.109919548034668 (ms)
[RANK1] F @ 140.922607421875 (ms) to 150.083251953125 (ms), cudaEventElapsed = 9.138175964355469 (ms)
[RANK1] F @ 151.0556640625 (ms) to 160.257080078125 (ms), cudaEventElapsed = 9.181056022644043 (ms)
[RANK1] B @ 220.411376953125 (ms) to 230.334228515625 (ms), cudaEventElapsed = 9.900351524353027 (ms)
[RANK1] W @ 230.85791015625 (ms) to 237.18798828125 (ms), cudaEventElapsed = 6.311327934265137 (ms)
[RANK1] B @ 237.957275390625 (ms) to 247.771484375 (ms), cudaEventElapsed = 9.794400215148926 (ms)
[RANK1] W @ 248.281494140625 (ms) to 254.657470703125 (ms), cudaEventElapsed = 6.358975887298584 (ms)
[RANK1] B @ 256.152587890625 (ms) to 265.9755859375 (ms), cudaEventElapsed = 9.804191589355469 (ms)
[RANK1] W @ 266.4755859375 (ms) to 272.85009765625 (ms), cudaEventElapsed = 6.357312202453613 (ms)
[RANK1] B @ 273.43994140625 (ms) to 283.2353515625 (ms), cudaEventElapsed = 9.776639938354492 (ms)
[RANK1] W @ 283.735107421875 (ms) to 290.11474609375 (ms), cudaEventElapsed = 6.362175941467285 (ms)
[RANK1] B @ 293.719970703125 (ms) to 303.717529296875 (ms), cudaEventElapsed = 9.978143692016602 (ms)
[RANK1] W @ 304.26220703125 (ms) to 310.637451171875 (ms), cudaEventElapsed = 6.355648040771484 (ms)
[RANK1] B @ 313.236083984375 (ms) to 323.169189453125 (ms), cudaEventElapsed = 9.913248062133789 (ms)
[RANK1] W @ 324.22216796875 (ms) to 330.629150390625 (ms), cudaEventElapsed = 6.387936115264893 (ms)
[RANK1] B @ 332.351806640625 (ms) to 342.380859375 (ms), cudaEventElapsed = 10.009471893310547 (ms)
[RANK1] W @ 342.920654296875 (ms) to 349.3408203125 (ms), cudaEventElapsed = 6.402688026428223 (ms)
[RANK1] B @ 351.9931640625 (ms) to 362.141357421875 (ms), cudaEventElapsed = 10.129792213439941 (ms)
[RANK1] W @ 362.719482421875 (ms) to 369.1474609375 (ms), cudaEventElapsed = 6.409088134765625 (ms)
[RANK1] B @ 372.199462890625 (ms) to 382.24072265625 (ms), cudaEventElapsed = 10.021151542663574 (ms)
[RANK1] W @ 382.823486328125 (ms) to 389.245361328125 (ms), cudaEventElapsed = 6.403103828430176 (ms)
[RANK1] B @ 392.278564453125 (ms) to 402.435302734375 (ms), cudaEventElapsed = 10.137824058532715 (ms)
[RANK1] W @ 402.9873046875 (ms) to 409.405029296875 (ms), cudaEventElapsed = 6.400224208831787 (ms)
[RANK1] B @ 411.574462890625 (ms) to 421.66259765625 (ms), cudaEventElapsed = 10.069727897644043 (ms)
[RANK1] W @ 422.224365234375 (ms) to 428.640869140625 (ms), cudaEventElapsed = 6.398015975952148 (ms)
[RANK1] B @ 432.140869140625 (ms) to 442.1416015625 (ms), cudaEventElapsed = 9.981823921203613 (ms)
[RANK1] 1W @ 443.156982421875 (ms) to 449.609619140625 (ms), cudaEventElapsed = 6.43398380279541 (ms)
[RANK1] Iteration 8
[RANK1] F @ 41.661376953125 (ms) to 50.688720703125 (ms), cudaEventElapsed = 9.00761604309082 (ms)
[RANK1] F @ 51.554931640625 (ms) to 60.516845703125 (ms), cudaEventElapsed = 8.94320011138916 (ms)
[RANK1] F @ 61.350341796875 (ms) to 70.472412109375 (ms), cudaEventElapsed = 9.103360176086426 (ms)
[RANK1] F @ 71.343994140625 (ms) to 80.3154296875 (ms), cudaEventElapsed = 8.9519681930542 (ms)
[RANK1] F @ 81.1708984375 (ms) to 90.145263671875 (ms), cudaEventElapsed = 8.954591751098633 (ms)
[RANK1] F @ 100.40380859375 (ms) to 109.377197265625 (ms), cudaEventElapsed = 8.95366382598877 (ms)
[RANK1] F @ 110.2333984375 (ms) to 119.4814453125 (ms), cudaEventElapsed = 9.229056358337402 (ms)
[RANK1] F @ 120.3115234375 (ms) to 129.300048828125 (ms), cudaEventElapsed = 8.967743873596191 (ms)
[RANK1] F @ 130.092041015625 (ms) to 139.056396484375 (ms), cudaEventElapsed = 8.944448471069336 (ms)
[RANK1] F @ 139.904052734375 (ms) to 148.9228515625 (ms), cudaEventElapsed = 8.999263763427734 (ms)
[RANK1] F @ 149.715087890625 (ms) to 158.70263671875 (ms), cudaEventElapsed = 8.968064308166504 (ms)
[RANK1] F @ 159.502685546875 (ms) to 168.537841796875 (ms), cudaEventElapsed = 9.01574420928955 (ms)
[RANK1] B @ 269.72900390625 (ms) to 280.4970703125 (ms), cudaEventElapsed = 10.723487854003906 (ms)
[RANK1] W @ 281.4111328125 (ms) to 287.87109375 (ms), cudaEventElapsed = 6.4290242195129395 (ms)
[RANK1] B @ 288.776123046875 (ms) to 299.087890625 (ms), cudaEventElapsed = 10.274304389953613 (ms)
[RANK1] W @ 299.662109375 (ms) to 306.053466796875 (ms), cudaEventElapsed = 6.367648124694824 (ms)
[RANK1] B @ 307.210205078125 (ms) to 317.636962890625 (ms), cudaEventElapsed = 10.385855674743652 (ms)
[RANK1] W @ 318.621337890625 (ms) to 325.109130859375 (ms), cudaEventElapsed = 6.447487831115723 (ms)
[RANK1] B @ 325.88134765625 (ms) to 335.953857421875 (ms), cudaEventElapsed = 10.053215980529785 (ms)
[RANK1] W @ 337.072509765625 (ms) to 343.488037109375 (ms), cudaEventElapsed = 6.393631935119629 (ms)
[RANK1] B @ 344.69384765625 (ms) to 354.7958984375 (ms), cudaEventElapsed = 10.081536293029785 (ms)
[RANK1] W @ 355.859130859375 (ms) to 362.39892578125 (ms), cudaEventElapsed = 6.502687931060791 (ms)
[RANK1] B @ 363.604248046875 (ms) to 373.666015625 (ms), cudaEventElapsed = 10.02723217010498 (ms)
[RANK1] W @ 375.23583984375 (ms) to 381.673828125 (ms), cudaEventElapsed = 6.415808200836182 (ms)
[RANK1] B @ 382.34716796875 (ms) to 392.643798828125 (ms), cudaEventElapsed = 10.272735595703125 (ms)
[RANK1] W @ 393.331787109375 (ms) to 399.814208984375 (ms), cudaEventElapsed = 6.463424205780029 (ms)
[RANK1] B @ 400.570556640625 (ms) to 410.8857421875 (ms), cudaEventElapsed = 10.289952278137207 (ms)
[RANK1] W @ 412.058837890625 (ms) to 418.630126953125 (ms), cudaEventElapsed = 6.548480033874512 (ms)
[RANK1] B @ 419.68115234375 (ms) to 430.3251953125 (ms), cudaEventElapsed = 10.605728149414062 (ms)
[RANK1] W @ 430.987548828125 (ms) to 437.473876953125 (ms), cudaEventElapsed = 6.463551998138428 (ms)
[RANK1] B @ 438.2861328125 (ms) to 448.783447265625 (ms), cudaEventElapsed = 10.460288047790527 (ms)
[RANK1] W @ 449.4443359375 (ms) to 455.9228515625 (ms), cudaEventElapsed = 6.458623886108398 (ms)
[RANK1] B @ 456.6396484375 (ms) to 467.16552734375 (ms), cudaEventElapsed = 10.483712196350098 (ms)
[RANK1] W @ 468.393798828125 (ms) to 474.97900390625 (ms), cudaEventElapsed = 6.549280166625977 (ms)
[RANK1] B @ 475.751220703125 (ms) to 486.358642578125 (ms), cudaEventElapsed = 10.564319610595703 (ms)
[RANK1] 1W @ 488.404052734375 (ms) to 494.97119140625 (ms), cudaEventElapsed = 6.543903827667236 (ms)
