[RANK3] Iteration 1
[RANK3] F @ 3266.0546875 (ms) to 3276.4375 (ms), cudaEventElapsed = 10.320992469787598 (ms)
[RANK3] B @ 3276.58154296875 (ms) to 3285.58544921875 (ms), cudaEventElapsed = 8.978400230407715 (ms)
[RANK3] F @ 3521.89306640625 (ms) to 3535.55419921875 (ms), cudaEventElapsed = 13.591551780700684 (ms)
[RANK3] B @ 3535.605224609375 (ms) to 3544.612548828125 (ms), cudaEventElapsed = 8.982975959777832 (ms)
[RANK3] F @ 3681.01318359375 (ms) to 3691.232177734375 (ms), cudaEventElapsed = 10.172736167907715 (ms)
[RANK3] B @ 3691.28125 (ms) to 3700.19482421875 (ms), cudaEventElapsed = 8.891743659973145 (ms)
[RANK3] F @ 3837.907470703125 (ms) to 3848.18896484375 (ms), cudaEventElapsed = 10.230560302734375 (ms)
[RANK3] B @ 3848.23681640625 (ms) to 3857.3115234375 (ms), cudaEventElapsed = 9.053279876708984 (ms)
[RANK3] F @ 3858.02294921875 (ms) to 3867.8583984375 (ms), cudaEventElapsed = 9.808735847473145 (ms)
[RANK3] B @ 3867.906494140625 (ms) to 3876.76953125 (ms), cudaEventElapsed = 8.840959548950195 (ms)
[RANK3] F @ 3877.456787109375 (ms) to 3887.342529296875 (ms), cudaEventElapsed = 9.860447883605957 (ms)
[RANK3] B @ 3887.389404296875 (ms) to 3896.27392578125 (ms), cudaEventElapsed = 8.862239837646484 (ms)
[RANK3] F @ 3896.949462890625 (ms) to 3910.803955078125 (ms), cudaEventElapsed = 13.829567909240723 (ms)
[RANK3] B @ 3910.845458984375 (ms) to 3919.562744140625 (ms), cudaEventElapsed = 8.693535804748535 (ms)
[RANK3] F @ 3919.83056640625 (ms) to 3929.507568359375 (ms), cudaEventElapsed = 9.642271995544434 (ms)
[RANK3] B @ 3929.63623046875 (ms) to 3938.70849609375 (ms), cudaEventElapsed = 9.046879768371582 (ms)
[RANK3] W @ 3938.8046875 (ms) to 3944.53369140625 (ms), cudaEventElapsed = 5.698751926422119 (ms)
[RANK3] F @ 3944.636474609375 (ms) to 3954.46826171875 (ms), cudaEventElapsed = 9.808735847473145 (ms)
[RANK3] B @ 3954.512939453125 (ms) to 3963.23974609375 (ms), cudaEventElapsed = 8.703680038452148 (ms)
[RANK3] W @ 3963.387939453125 (ms) to 3969.54248046875 (ms), cudaEventElapsed = 5.720704078674316 (ms)
[RANK3] F @ 3969.64501953125 (ms) to 3979.24658203125 (ms), cudaEventElapsed = 9.573984146118164 (ms)
[RANK3] B @ 3979.29248046875 (ms) to 3987.968994140625 (ms), cudaEventElapsed = 8.654399871826172 (ms)
[RANK3] W @ 3988.11669921875 (ms) to 3994.189208984375 (ms), cudaEventElapsed = 5.748095989227295 (ms)
[RANK3] F @ 3994.40771484375 (ms) to 4004.06298828125 (ms), cudaEventElapsed = 9.630240440368652 (ms)
[RANK3] B @ 4004.10986328125 (ms) to 4012.841552734375 (ms), cudaEventElapsed = 8.709983825683594 (ms)
[RANK3] W @ 4012.994873046875 (ms) to 4019.2138671875 (ms), cudaEventElapsed = 5.7600321769714355 (ms)
[RANK3] F @ 4020.25048828125 (ms) to 4029.890625 (ms), cudaEventElapsed = 9.615776062011719 (ms)
[RANK3] B @ 4029.93505859375 (ms) to 4038.686279296875 (ms), cudaEventElapsed = 8.728384017944336 (ms)
[RANK3] 8W @ 4038.814453125 (ms) to 4084.678955078125 (ms), cudaEventElapsed = 45.83168029785156 (ms)
[RANK3] Iteration 2
[RANK3] F @ 28.366455078125 (ms) to 38.778564453125 (ms), cudaEventElapsed = 10.362015724182129 (ms)
[RANK3] B @ 38.949951171875 (ms) to 49.069580078125 (ms), cudaEventElapsed = 10.093184471130371 (ms)
[RANK3] F @ 49.285888671875 (ms) to 59.103271484375 (ms), cudaEventElapsed = 9.791296005249023 (ms)
[RANK3] B @ 59.169677734375 (ms) to 67.97412109375 (ms), cudaEventElapsed = 8.779808044433594 (ms)
[RANK3] F @ 68.62451171875 (ms) to 78.307373046875 (ms), cudaEventElapsed = 9.657055854797363 (ms)
[RANK3] B @ 78.371826171875 (ms) to 87.150634765625 (ms), cudaEventElapsed = 8.755904197692871 (ms)
[RANK3] F @ 87.685791015625 (ms) to 97.36767578125 (ms), cudaEventElapsed = 9.654239654541016 (ms)
[RANK3] B @ 97.433349609375 (ms) to 106.223388671875 (ms), cudaEventElapsed = 8.767487525939941 (ms)
[RANK3] F @ 106.763916015625 (ms) to 116.379638671875 (ms), cudaEventElapsed = 9.58784008026123 (ms)
[RANK3] B @ 116.446533203125 (ms) to 125.220947265625 (ms), cudaEventElapsed = 8.7510404586792 (ms)
[RANK3] F @ 125.858642578125 (ms) to 135.86865234375 (ms), cudaEventElapsed = 9.983327865600586 (ms)
[RANK3] B @ 135.93115234375 (ms) to 144.73974609375 (ms), cudaEventElapsed = 8.785663604736328 (ms)
[RANK3] F @ 145.3701171875 (ms) to 154.976806640625 (ms), cudaEventElapsed = 9.577887535095215 (ms)
[RANK3] B @ 155.043701171875 (ms) to 163.7919921875 (ms), cudaEventElapsed = 8.724703788757324 (ms)
[RANK3] F @ 163.996337890625 (ms) to 173.568359375 (ms), cudaEventElapsed = 9.54751968383789 (ms)
[RANK3] B @ 173.71826171875 (ms) to 182.5126953125 (ms), cudaEventElapsed = 8.767552375793457 (ms)
[RANK3] W @ 182.630126953125 (ms) to 188.35986328125 (ms), cudaEventElapsed = 5.70579195022583 (ms)
[RANK3] F @ 188.478759765625 (ms) to 198.17919921875 (ms), cudaEventElapsed = 9.67091178894043 (ms)
[RANK3] B @ 198.242919921875 (ms) to 207.109619140625 (ms), cudaEventElapsed = 8.844063758850098 (ms)
[RANK3] W @ 207.28662109375 (ms) to 213.32666015625 (ms), cudaEventElapsed = 5.7478718757629395 (ms)
[RANK3] F @ 213.448974609375 (ms) to 223.1240234375 (ms), cudaEventElapsed = 9.650176048278809 (ms)
[RANK3] B @ 223.188232421875 (ms) to 232.06396484375 (ms), cudaEventElapsed = 8.847935676574707 (ms)
[RANK3] W @ 232.228759765625 (ms) to 238.50341796875 (ms), cudaEventElapsed = 5.766176223754883 (ms)
[RANK3] F @ 238.621826171875 (ms) to 248.412841796875 (ms), cudaEventElapsed = 9.767295837402344 (ms)
[RANK3] B @ 248.4755859375 (ms) to 257.260009765625 (ms), cudaEventElapsed = 8.761311531066895 (ms)
[RANK3] W @ 257.419189453125 (ms) to 263.60595703125 (ms), cudaEventElapsed = 5.746719837188721 (ms)
[RANK3] F @ 263.72412109375 (ms) to 273.29296875 (ms), cudaEventElapsed = 9.542207717895508 (ms)
[RANK3] B @ 273.360107421875 (ms) to 282.080322265625 (ms), cudaEventElapsed = 8.696800231933594 (ms)
[RANK3] 8W @ 282.216552734375 (ms) to 328.003173828125 (ms), cudaEventElapsed = 45.761470794677734 (ms)
[RANK3] Iteration 3
[RANK3] F @ 28.45068359375 (ms) to 38.181884765625 (ms), cudaEventElapsed = 9.696991920471191 (ms)
[RANK3] B @ 38.319091796875 (ms) to 48.392333984375 (ms), cudaEventElapsed = 10.050239562988281 (ms)
[RANK3] F @ 48.566162109375 (ms) to 58.06396484375 (ms), cudaEventElapsed = 9.472736358642578 (ms)
[RANK3] B @ 58.12255859375 (ms) to 66.80078125 (ms), cudaEventElapsed = 8.6561279296875 (ms)
[RANK3] F @ 67.443603515625 (ms) to 76.98876953125 (ms), cudaEventElapsed = 9.519743919372559 (ms)
[RANK3] B @ 77.048583984375 (ms) to 85.77978515625 (ms), cudaEventElapsed = 8.709216117858887 (ms)
[RANK3] F @ 86.397216796875 (ms) to 95.89501953125 (ms), cudaEventElapsed = 9.470784187316895 (ms)
[RANK3] B @ 95.9560546875 (ms) to 104.65234375 (ms), cudaEventElapsed = 8.673503875732422 (ms)
[RANK3] F @ 105.305908203125 (ms) to 115.021240234375 (ms), cudaEventElapsed = 9.688863754272461 (ms)
[RANK3] B @ 115.084716796875 (ms) to 123.806640625 (ms), cudaEventElapsed = 8.697855949401855 (ms)
[RANK3] F @ 124.44921875 (ms) to 134.0517578125 (ms), cudaEventElapsed = 9.57583999633789 (ms)
[RANK3] B @ 134.11279296875 (ms) to 142.803466796875 (ms), cudaEventElapsed = 8.667679786682129 (ms)
[RANK3] F @ 143.3095703125 (ms) to 152.98681640625 (ms), cudaEventElapsed = 9.651040077209473 (ms)
[RANK3] B @ 153.04931640625 (ms) to 161.772216796875 (ms), cudaEventElapsed = 8.69974422454834 (ms)
[RANK3] F @ 161.97021484375 (ms) to 171.495849609375 (ms), cudaEventElapsed = 9.500384330749512 (ms)
[RANK3] B @ 171.633056640625 (ms) to 180.328369140625 (ms), cudaEventElapsed = 8.669568061828613 (ms)
[RANK3] W @ 180.448486328125 (ms) to 186.167724609375 (ms), cudaEventElapsed = 5.696928024291992 (ms)
[RANK3] F @ 186.281494140625 (ms) to 195.93798828125 (ms), cudaEventElapsed = 9.633983612060547 (ms)
[RANK3] B @ 196.002685546875 (ms) to 204.7529296875 (ms), cudaEventElapsed = 8.726240158081055 (ms)
[RANK3] W @ 204.9248046875 (ms) to 211.154541015625 (ms), cudaEventElapsed = 5.721280097961426 (ms)
[RANK3] F @ 211.27294921875 (ms) to 220.81982421875 (ms), cudaEventElapsed = 9.522751808166504 (ms)
[RANK3] B @ 220.88037109375 (ms) to 229.595703125 (ms), cudaEventElapsed = 8.692895889282227 (ms)
[RANK3] W @ 229.760009765625 (ms) to 235.9951171875 (ms), cudaEventElapsed = 5.782656192779541 (ms)
[RANK3] F @ 236.11669921875 (ms) to 245.730224609375 (ms), cudaEventElapsed = 9.586272239685059 (ms)
[RANK3] B @ 245.793212890625 (ms) to 254.65576171875 (ms), cudaEventElapsed = 8.839776039123535 (ms)
[RANK3] W @ 254.81884765625 (ms) to 261.047119140625 (ms), cudaEventElapsed = 5.754208087921143 (ms)
[RANK3] F @ 261.260986328125 (ms) to 270.796142578125 (ms), cudaEventElapsed = 9.51091194152832 (ms)
[RANK3] B @ 270.856201171875 (ms) to 279.6025390625 (ms), cudaEventElapsed = 8.72435188293457 (ms)
[RANK3] 8W @ 279.729248046875 (ms) to 325.58447265625 (ms), cudaEventElapsed = 45.83001708984375 (ms)
[RANK3] Iteration 4
[RANK3] F @ 28.3642578125 (ms) to 38.305908203125 (ms), cudaEventElapsed = 9.904095649719238 (ms)
[RANK3] B @ 38.453857421875 (ms) to 48.760986328125 (ms), cudaEventElapsed = 10.281344413757324 (ms)
[RANK3] F @ 48.94287109375 (ms) to 58.500732421875 (ms), cudaEventElapsed = 9.533247947692871 (ms)
[RANK3] B @ 58.564208984375 (ms) to 67.62255859375 (ms), cudaEventElapsed = 9.035903930664062 (ms)
[RANK3] F @ 68.255615234375 (ms) to 77.86962890625 (ms), cudaEventElapsed = 9.587039947509766 (ms)
[RANK3] B @ 77.932373046875 (ms) to 87.064453125 (ms), cudaEventElapsed = 9.109184265136719 (ms)
[RANK3] F @ 87.580810546875 (ms) to 97.177490234375 (ms), cudaEventElapsed = 9.569664001464844 (ms)
[RANK3] B @ 97.238525390625 (ms) to 106.31103515625 (ms), cudaEventElapsed = 9.050304412841797 (ms)
[RANK3] F @ 106.984130859375 (ms) to 116.623291015625 (ms), cudaEventElapsed = 9.61292839050293 (ms)
[RANK3] B @ 116.685302734375 (ms) to 125.765869140625 (ms), cudaEventElapsed = 9.058655738830566 (ms)
[RANK3] F @ 126.31884765625 (ms) to 135.931884765625 (ms), cudaEventElapsed = 9.5797758102417 (ms)
[RANK3] B @ 135.99462890625 (ms) to 145.06787109375 (ms), cudaEventElapsed = 9.05072021484375 (ms)
[RANK3] F @ 145.689208984375 (ms) to 155.322998046875 (ms), cudaEventElapsed = 9.607199668884277 (ms)
[RANK3] B @ 155.3837890625 (ms) to 164.49853515625 (ms), cudaEventElapsed = 9.091744422912598 (ms)
[RANK3] F @ 164.71240234375 (ms) to 174.298583984375 (ms), cudaEventElapsed = 9.560480117797852 (ms)
[RANK3] B @ 174.4375 (ms) to 183.779052734375 (ms), cudaEventElapsed = 9.317376136779785 (ms)
[RANK3] W @ 183.891845703125 (ms) to 189.732177734375 (ms), cudaEventElapsed = 5.819295883178711 (ms)
[RANK3] F @ 189.84912109375 (ms) to 199.6455078125 (ms), cudaEventElapsed = 9.773407936096191 (ms)
[RANK3] B @ 199.705810546875 (ms) to 208.9501953125 (ms), cudaEventElapsed = 9.221920013427734 (ms)
[RANK3] W @ 209.116943359375 (ms) to 215.418212890625 (ms), cudaEventElapsed = 5.874176025390625 (ms)
[RANK3] F @ 215.536376953125 (ms) to 225.346435546875 (ms), cudaEventElapsed = 9.78713607788086 (ms)
[RANK3] B @ 225.406982421875 (ms) to 234.647705078125 (ms), cudaEventElapsed = 9.218175888061523 (ms)
[RANK3] W @ 234.82177734375 (ms) to 241.154052734375 (ms), cudaEventElapsed = 5.917119979858398 (ms)
[RANK3] F @ 241.269775390625 (ms) to 251.02783203125 (ms), cudaEventElapsed = 9.735391616821289 (ms)
[RANK3] B @ 251.087890625 (ms) to 260.371337890625 (ms), cudaEventElapsed = 9.260064125061035 (ms)
[RANK3] W @ 260.52978515625 (ms) to 266.87939453125 (ms), cudaEventElapsed = 5.900512218475342 (ms)
[RANK3] F @ 267.992919921875 (ms) to 277.829833984375 (ms), cudaEventElapsed = 9.812671661376953 (ms)
[RANK3] B @ 277.892822265625 (ms) to 287.2607421875 (ms), cudaEventElapsed = 9.344767570495605 (ms)
[RANK3] 8W @ 287.39013671875 (ms) to 335.000732421875 (ms), cudaEventElapsed = 47.584991455078125 (ms)
[RANK3] Iteration 5
[RANK3] F @ 29.091552734375 (ms) to 38.982421875 (ms), cudaEventElapsed = 9.854111671447754 (ms)
[RANK3] B @ 39.133544921875 (ms) to 49.623291015625 (ms), cudaEventElapsed = 10.132608413696289 (ms)
[RANK3] F @ 49.818359375 (ms) to 59.447265625 (ms), cudaEventElapsed = 9.604031562805176 (ms)
[RANK3] B @ 59.508544921875 (ms) to 68.626953125 (ms), cudaEventElapsed = 9.083904266357422 (ms)
[RANK3] F @ 69.286865234375 (ms) to 78.990234375 (ms), cudaEventElapsed = 9.678336143493652 (ms)
[RANK3] B @ 79.052734375 (ms) to 88.148193359375 (ms), cudaEventElapsed = 9.073151588439941 (ms)
[RANK3] F @ 88.786865234375 (ms) to 98.360595703125 (ms), cudaEventElapsed = 9.547904014587402 (ms)
[RANK3] B @ 98.42431640625 (ms) to 107.536865234375 (ms), cudaEventElapsed = 9.088959693908691 (ms)
[RANK3] F @ 108.219970703125 (ms) to 117.95947265625 (ms), cudaEventElapsed = 9.71452808380127 (ms)
[RANK3] B @ 118.024169921875 (ms) to 127.24169921875 (ms), cudaEventElapsed = 9.195199966430664 (ms)
[RANK3] F @ 127.90380859375 (ms) to 137.579833984375 (ms), cudaEventElapsed = 9.649696350097656 (ms)
[RANK3] B @ 137.641845703125 (ms) to 146.739013671875 (ms), cudaEventElapsed = 9.073792457580566 (ms)
[RANK3] F @ 147.371826171875 (ms) to 157.065185546875 (ms), cudaEventElapsed = 9.667488098144531 (ms)
[RANK3] B @ 157.128173828125 (ms) to 166.30810546875 (ms), cudaEventElapsed = 9.156736373901367 (ms)
[RANK3] F @ 166.508544921875 (ms) to 176.173828125 (ms), cudaEventElapsed = 9.639583587646484 (ms)
[RANK3] B @ 176.310791015625 (ms) to 185.493408203125 (ms), cudaEventElapsed = 9.156607627868652 (ms)
[RANK3] W @ 185.60400390625 (ms) to 191.429443359375 (ms), cudaEventElapsed = 5.803167819976807 (ms)
[RANK3] F @ 191.552001953125 (ms) to 201.401611328125 (ms), cudaEventElapsed = 9.826399803161621 (ms)
[RANK3] B @ 201.461181640625 (ms) to 210.704833984375 (ms), cudaEventElapsed = 9.221471786499023 (ms)
[RANK3] W @ 210.867919921875 (ms) to 217.05908203125 (ms), cudaEventElapsed = 5.865856170654297 (ms)
[RANK3] F @ 217.173583984375 (ms) to 226.8857421875 (ms), cudaEventElapsed = 9.688480377197266 (ms)
[RANK3] B @ 226.944580078125 (ms) to 236.131591796875 (ms), cudaEventElapsed = 9.159296035766602 (ms)
[RANK3] W @ 236.284912109375 (ms) to 242.650390625 (ms), cudaEventElapsed = 5.918240070343018 (ms)
[RANK3] F @ 242.76708984375 (ms) to 252.564208984375 (ms), cudaEventElapsed = 9.774368286132812 (ms)
[RANK3] B @ 252.621337890625 (ms) to 261.852294921875 (ms), cudaEventElapsed = 9.209759712219238 (ms)
[RANK3] W @ 262.01025390625 (ms) to 268.280029296875 (ms), cudaEventElapsed = 5.948160171508789 (ms)
[RANK3] F @ 269.102783203125 (ms) to 279.195556640625 (ms), cudaEventElapsed = 10.063455581665039 (ms)
[RANK3] B @ 279.25390625 (ms) to 288.898193359375 (ms), cudaEventElapsed = 9.621439933776855 (ms)
[RANK3] 8W @ 289.031494140625 (ms) to 336.453125 (ms), cudaEventElapsed = 47.39823913574219 (ms)
[RANK3] Iteration 6
[RANK3] F @ 28.655029296875 (ms) to 38.53515625 (ms), cudaEventElapsed = 9.841856002807617 (ms)
[RANK3] B @ 38.6904296875 (ms) to 49.129150390625 (ms), cudaEventElapsed = 10.414848327636719 (ms)
[RANK3] F @ 49.315185546875 (ms) to 58.95556640625 (ms), cudaEventElapsed = 9.604063987731934 (ms)
[RANK3] B @ 59.016845703125 (ms) to 68.144775390625 (ms), cudaEventElapsed = 9.105567932128906 (ms)
[RANK3] F @ 68.84716796875 (ms) to 78.483642578125 (ms), cudaEventElapsed = 9.601728439331055 (ms)
[RANK3] B @ 78.5478515625 (ms) to 87.68408203125 (ms), cudaEventElapsed = 9.114336013793945 (ms)
[RANK3] F @ 88.3154296875 (ms) to 97.989990234375 (ms), cudaEventElapsed = 9.649056434631348 (ms)
[RANK3] B @ 98.0537109375 (ms) to 107.32861328125 (ms), cudaEventElapsed = 9.252096176147461 (ms)
[RANK3] F @ 107.961181640625 (ms) to 117.83251953125 (ms), cudaEventElapsed = 9.845888137817383 (ms)
[RANK3] B @ 117.897705078125 (ms) to 127.186279296875 (ms), cudaEventElapsed = 9.265472412109375 (ms)
[RANK3] F @ 128.306640625 (ms) to 138.193603515625 (ms), cudaEventElapsed = 9.845184326171875 (ms)
[RANK3] B @ 138.256103515625 (ms) to 147.766845703125 (ms), cudaEventElapsed = 9.489312171936035 (ms)
[RANK3] F @ 148.399658203125 (ms) to 158.5732421875 (ms), cudaEventElapsed = 10.14684772491455 (ms)
[RANK3] B @ 158.638427734375 (ms) to 168.121337890625 (ms), cudaEventElapsed = 9.458911895751953 (ms)
[RANK3] F @ 168.323486328125 (ms) to 178.129638671875 (ms), cudaEventElapsed = 9.780415534973145 (ms)
[RANK3] B @ 178.268310546875 (ms) to 187.519775390625 (ms), cudaEventElapsed = 9.22662353515625 (ms)
[RANK3] W @ 187.633056640625 (ms) to 193.504638671875 (ms), cudaEventElapsed = 5.849311828613281 (ms)
[RANK3] F @ 193.619140625 (ms) to 203.43505859375 (ms), cudaEventElapsed = 9.79308795928955 (ms)
[RANK3] B @ 203.496826171875 (ms) to 212.711181640625 (ms), cudaEventElapsed = 9.191295623779297 (ms)
[RANK3] W @ 212.873291015625 (ms) to 219.19970703125 (ms), cudaEventElapsed = 5.842400074005127 (ms)
[RANK3] F @ 219.31640625 (ms) to 229.0498046875 (ms), cudaEventElapsed = 9.709759712219238 (ms)
[RANK3] B @ 229.113037109375 (ms) to 238.427001953125 (ms), cudaEventElapsed = 9.29088020324707 (ms)
[RANK3] W @ 238.600830078125 (ms) to 244.84814453125 (ms), cudaEventElapsed = 5.93836784362793 (ms)
[RANK3] F @ 244.962646484375 (ms) to 254.8642578125 (ms), cudaEventElapsed = 9.878656387329102 (ms)
[RANK3] B @ 254.92724609375 (ms) to 264.2470703125 (ms), cudaEventElapsed = 9.29753589630127 (ms)
[RANK3] W @ 264.4150390625 (ms) to 270.7900390625 (ms), cudaEventElapsed = 5.952928066253662 (ms)
[RANK3] F @ 271.0986328125 (ms) to 280.903076171875 (ms), cudaEventElapsed = 9.781279563903809 (ms)
[RANK3] B @ 280.96337890625 (ms) to 290.2587890625 (ms), cudaEventElapsed = 9.273311614990234 (ms)
[RANK3] 8W @ 290.387939453125 (ms) to 336.700439453125 (ms), cudaEventElapsed = 46.28883361816406 (ms)
[RANK3] Iteration 7
[RANK3] F @ 28.9072265625 (ms) to 38.804443359375 (ms), cudaEventElapsed = 9.860095977783203 (ms)
[RANK3] B @ 38.950927734375 (ms) to 49.448486328125 (ms), cudaEventElapsed = 10.472224235534668 (ms)
[RANK3] F @ 49.627197265625 (ms) to 59.2373046875 (ms), cudaEventElapsed = 9.584832191467285 (ms)
[RANK3] B @ 59.297607421875 (ms) to 68.37548828125 (ms), cudaEventElapsed = 9.055680274963379 (ms)
[RANK3] F @ 68.885498046875 (ms) to 78.575439453125 (ms), cudaEventElapsed = 9.663104057312012 (ms)
[RANK3] B @ 78.6376953125 (ms) to 87.748046875 (ms), cudaEventElapsed = 9.088576316833496 (ms)
[RANK3] F @ 88.3759765625 (ms) to 97.9814453125 (ms), cudaEventElapsed = 9.58022403717041 (ms)
[RANK3] B @ 98.042236328125 (ms) to 107.1396484375 (ms), cudaEventElapsed = 9.074975967407227 (ms)
[RANK3] F @ 107.759033203125 (ms) to 117.418212890625 (ms), cudaEventElapsed = 9.634143829345703 (ms)
[RANK3] B @ 117.479248046875 (ms) to 126.691650390625 (ms), cudaEventElapsed = 9.189760208129883 (ms)
[RANK3] F @ 127.2099609375 (ms) to 137.06298828125 (ms), cudaEventElapsed = 9.826047897338867 (ms)
[RANK3] B @ 137.12548828125 (ms) to 146.34423828125 (ms), cudaEventElapsed = 9.196415901184082 (ms)
[RANK3] F @ 147.05029296875 (ms) to 156.82470703125 (ms), cudaEventElapsed = 9.748831748962402 (ms)
[RANK3] B @ 156.888916015625 (ms) to 166.0703125 (ms), cudaEventElapsed = 9.159711837768555 (ms)
[RANK3] F @ 166.27294921875 (ms) to 175.9521484375 (ms), cudaEventElapsed = 9.650943756103516 (ms)
[RANK3] B @ 176.09033203125 (ms) to 185.453369140625 (ms), cudaEventElapsed = 9.338047981262207 (ms)
[RANK3] W @ 185.567138671875 (ms) to 191.398193359375 (ms), cudaEventElapsed = 5.809023857116699 (ms)
[RANK3] F @ 191.516357421875 (ms) to 201.256591796875 (ms), cudaEventElapsed = 9.71497631072998 (ms)
[RANK3] B @ 201.3154296875 (ms) to 210.567138671875 (ms), cudaEventElapsed = 9.229344367980957 (ms)
[RANK3] W @ 210.732666015625 (ms) to 217.056640625 (ms), cudaEventElapsed = 5.8976640701293945 (ms)
[RANK3] F @ 217.17138671875 (ms) to 227.054443359375 (ms), cudaEventElapsed = 9.859007835388184 (ms)
[RANK3] B @ 227.1142578125 (ms) to 236.390869140625 (ms), cudaEventElapsed = 9.254591941833496 (ms)
[RANK3] W @ 236.55078125 (ms) to 242.89990234375 (ms), cudaEventElapsed = 5.923583984375 (ms)
[RANK3] F @ 243.011962890625 (ms) to 252.94091796875 (ms), cudaEventElapsed = 9.902175903320312 (ms)
[RANK3] B @ 253.001220703125 (ms) to 262.3974609375 (ms), cudaEventElapsed = 9.373472213745117 (ms)
[RANK3] W @ 262.56689453125 (ms) to 269.05419921875 (ms), cudaEventElapsed = 5.924543857574463 (ms)
[RANK3] F @ 269.172119140625 (ms) to 278.978759765625 (ms), cudaEventElapsed = 9.780287742614746 (ms)
[RANK3] B @ 279.038818359375 (ms) to 288.297607421875 (ms), cudaEventElapsed = 9.236576080322266 (ms)
[RANK3] 8W @ 288.4208984375 (ms) to 335.899169921875 (ms), cudaEventElapsed = 47.453983306884766 (ms)
[RANK3] Iteration 8
[RANK3] F @ 476.880615234375 (ms) to 649.24560546875 (ms), cudaEventElapsed = 172.29327392578125 (ms)
[RANK3] F @ 649.509033203125 (ms) to 658.364990234375 (ms), cudaEventElapsed = 8.826080322265625 (ms)
[RANK3] F @ 658.576171875 (ms) to 667.363525390625 (ms), cudaEventElapsed = 8.759552001953125 (ms)
[RANK3] F @ 667.563720703125 (ms) to 676.344482421875 (ms), cudaEventElapsed = 8.753664016723633 (ms)
[RANK3] F @ 676.539794921875 (ms) to 685.294921875 (ms), cudaEventElapsed = 8.72815990447998 (ms)
[RANK3] F @ 685.489501953125 (ms) to 694.26171875 (ms), cudaEventElapsed = 8.744416236877441 (ms)
[RANK3] F @ 694.46142578125 (ms) to 703.192138671875 (ms), cudaEventElapsed = 8.702272415161133 (ms)
[RANK3] F @ 703.307373046875 (ms) to 712.13037109375 (ms), cudaEventElapsed = 8.79695987701416 (ms)
[RANK3] F @ 712.8759765625 (ms) to 721.58984375 (ms), cudaEventElapsed = 8.686495780944824 (ms)
[RANK3] F @ 722.1904296875 (ms) to 730.9482421875 (ms), cudaEventElapsed = 8.730208396911621 (ms)
[RANK3] F @ 731.547119140625 (ms) to 740.27783203125 (ms), cudaEventElapsed = 8.705087661743164 (ms)
[RANK3] F @ 740.834716796875 (ms) to 749.62841796875 (ms), cudaEventElapsed = 8.766592025756836 (ms)
