[RANK0] Iteration 1
[RANK0] F @ 0.301025390625 (ms) to 25.18896484375 (ms), cudaEventElapsed = 24.846559524536133 (ms)
[RANK0] F @ 77.245849609375 (ms) to 102.45849609375 (ms), cudaEventElapsed = 25.160703659057617 (ms)
[RANK0] F @ 102.680419921875 (ms) to 127.707275390625 (ms), cudaEventElapsed = 24.990720748901367 (ms)
[RANK0] F @ 127.881591796875 (ms) to 154.87939453125 (ms), cudaEventElapsed = 26.96294403076172 (ms)
[RANK0] F @ 155.050537109375 (ms) to 184.000244140625 (ms), cudaEventElapsed = 28.90239906311035 (ms)
[RANK0] F @ 184.1865234375 (ms) to 221.9091796875 (ms), cudaEventElapsed = 26.12838363647461 (ms)
[RANK0] F @ 222.111083984375 (ms) to 557.50048828125 (ms), cudaEventElapsed = 335.3497619628906 (ms)
[RANK0] B @ 609.05712890625 (ms) to 640.711669921875 (ms), cudaEventElapsed = 31.597183227539062 (ms)
[RANK0] F @ 640.968505859375 (ms) to 666.29345703125 (ms), cudaEventElapsed = 25.28665542602539 (ms)
[RANK0] B @ 686.946533203125 (ms) to 720.123779296875 (ms), cudaEventElapsed = 33.13430404663086 (ms)
[RANK0] W @ 720.3525390625 (ms) to 734.901123046875 (ms), cudaEventElapsed = 14.514176368713379 (ms)
[RANK0] F @ 734.9248046875 (ms) to 761.06982421875 (ms), cudaEventElapsed = 26.11302375793457 (ms)
[RANK0] B @ 768.435791015625 (ms) to 803.560791015625 (ms), cudaEventElapsed = 35.08380889892578 (ms)
[RANK0] B @ 846.95263671875 (ms) to 878.724853515625 (ms), cudaEventElapsed = 31.724992752075195 (ms)
[RANK0] W @ 878.773193359375 (ms) to 892.464599609375 (ms), cudaEventElapsed = 13.659135818481445 (ms)
[RANK0] F @ 892.669189453125 (ms) to 918.943603515625 (ms), cudaEventElapsed = 26.244096755981445 (ms)
[RANK0] B @ 1098.15869140625 (ms) to 1130.642822265625 (ms), cudaEventElapsed = 32.41516876220703 (ms)
[RANK0] B @ 1174.2880859375 (ms) to 1205.85302734375 (ms), cudaEventElapsed = 31.51900863647461 (ms)
[RANK0] W @ 1205.901611328125 (ms) to 1219.199462890625 (ms), cudaEventElapsed = 13.26694393157959 (ms)
[RANK0] F @ 1219.419189453125 (ms) to 1245.385498046875 (ms), cudaEventElapsed = 25.93382453918457 (ms)
[RANK0] B @ 1283.843017578125 (ms) to 1317.074951171875 (ms), cudaEventElapsed = 33.18716812133789 (ms)
[RANK0] B @ 1325.111083984375 (ms) to 1357.1533203125 (ms), cudaEventElapsed = 32.00694274902344 (ms)
[RANK0] W @ 1357.186767578125 (ms) to 1371.476318359375 (ms), cudaEventElapsed = 14.256128311157227 (ms)
[RANK0] F @ 1371.65234375 (ms) to 1397.935791015625 (ms), cudaEventElapsed = 26.253311157226562 (ms)
[RANK0] W @ 1398.113037109375 (ms) to 1438.980224609375 (ms), cudaEventElapsed = 14.402560234069824 (ms)
[RANK0] W @ 1439.0078125 (ms) to 1452.76123046875 (ms), cudaEventElapsed = 13.69702434539795 (ms)
[RANK0] W @ 1452.974853515625 (ms) to 1468.119873046875 (ms), cudaEventElapsed = 15.111167907714844 (ms)
[RANK0] W @ 1468.13330078125 (ms) to 1483.92138671875 (ms), cudaEventElapsed = 15.759360313415527 (ms)
[RANK0] B @ 1484.1025390625 (ms) to 1519.708251953125 (ms), cudaEventElapsed = 35.573665618896484 (ms)
[RANK0] W @ 1519.87353515625 (ms) to 1541.4453125 (ms), cudaEventElapsed = 14.858240127563477 (ms)
[RANK0] B @ 1541.609130859375 (ms) to 1575.59375 (ms), cudaEventElapsed = 33.95158386230469 (ms)
[RANK0] W @ 1575.62841796875 (ms) to 1590.54443359375 (ms), cudaEventElapsed = 14.880767822265625 (ms)
[RANK0] B @ 1623.34765625 (ms) to 1656.310302734375 (ms), cudaEventElapsed = 32.926273345947266 (ms)
[RANK0] W @ 1656.339599609375 (ms) to 1670.465087890625 (ms), cudaEventElapsed = 14.098431587219238 (ms)
[RANK0] B @ 1710.770751953125 (ms) to 1742.621826171875 (ms), cudaEventElapsed = 31.818527221679688 (ms)
[RANK0] 1W @ 1742.654052734375 (ms) to 1756.421630859375 (ms), cudaEventElapsed = 13.742079734802246 (ms)
[RANK0] Iteration 2
[RANK0] F @ 2.28515625 (ms) to 27.360107421875 (ms), cudaEventElapsed = 25.033632278442383 (ms)
[RANK0] F @ 27.63037109375 (ms) to 52.795654296875 (ms), cudaEventElapsed = 25.12895965576172 (ms)
[RANK0] F @ 53.005859375 (ms) to 80.82373046875 (ms), cudaEventElapsed = 27.78214454650879 (ms)
[RANK0] F @ 81.021484375 (ms) to 109.045166015625 (ms), cudaEventElapsed = 27.975679397583008 (ms)
[RANK0] F @ 109.2685546875 (ms) to 137.20556640625 (ms), cudaEventElapsed = 27.898880004882812 (ms)
[RANK0] F @ 137.425048828125 (ms) to 165.0517578125 (ms), cudaEventElapsed = 27.59270477294922 (ms)
[RANK0] F @ 165.249755859375 (ms) to 193.1162109375 (ms), cudaEventElapsed = 27.833343505859375 (ms)
[RANK0] B @ 267.16064453125 (ms) to 298.9873046875 (ms), cudaEventElapsed = 31.773984909057617 (ms)
[RANK0] F @ 299.26904296875 (ms) to 324.759765625 (ms), cudaEventElapsed = 25.455615997314453 (ms)
[RANK0] B @ 348.610595703125 (ms) to 381.812744140625 (ms), cudaEventElapsed = 33.14992141723633 (ms)
[RANK0] W @ 382.09716796875 (ms) to 396.46875 (ms), cudaEventElapsed = 14.336000442504883 (ms)
[RANK0] F @ 396.535400390625 (ms) to 422.571044921875 (ms), cudaEventElapsed = 26.004480361938477 (ms)
[RANK0] B @ 429.52392578125 (ms) to 465.31982421875 (ms), cudaEventElapsed = 35.753440856933594 (ms)
[RANK0] B @ 508.170654296875 (ms) to 540.0830078125 (ms), cudaEventElapsed = 31.862688064575195 (ms)
[RANK0] W @ 540.17041015625 (ms) to 553.701904296875 (ms), cudaEventElapsed = 13.497344017028809 (ms)
[RANK0] F @ 553.9736328125 (ms) to 580.235107421875 (ms), cudaEventElapsed = 26.226688385009766 (ms)
[RANK0] B @ 611.624755859375 (ms) to 645.171875 (ms), cudaEventElapsed = 33.50172805786133 (ms)
[RANK0] B @ 662.836181640625 (ms) to 694.91455078125 (ms), cudaEventElapsed = 32.0401611328125 (ms)
[RANK0] W @ 694.990234375 (ms) to 709.042236328125 (ms), cudaEventElapsed = 14.022656440734863 (ms)
[RANK0] F @ 709.263671875 (ms) to 735.783935546875 (ms), cudaEventElapsed = 26.487808227539062 (ms)
[RANK0] B @ 771.35791015625 (ms) to 804.780029296875 (ms), cudaEventElapsed = 33.37382507324219 (ms)
[RANK0] B @ 812.661865234375 (ms) to 845.09375 (ms), cudaEventElapsed = 32.394081115722656 (ms)
[RANK0] W @ 845.163330078125 (ms) to 859.1904296875 (ms), cudaEventElapsed = 13.991935729980469 (ms)
[RANK0] F @ 859.41162109375 (ms) to 885.442626953125 (ms), cudaEventElapsed = 26.001407623291016 (ms)
[RANK0] W @ 885.642822265625 (ms) to 927.887451171875 (ms), cudaEventElapsed = 14.501888275146484 (ms)
[RANK0] W @ 927.961181640625 (ms) to 942.19580078125 (ms), cudaEventElapsed = 14.195712089538574 (ms)
[RANK0] W @ 942.423095703125 (ms) to 957.460205078125 (ms), cudaEventElapsed = 15.005696296691895 (ms)
[RANK0] W @ 957.510009765625 (ms) to 973.24560546875 (ms), cudaEventElapsed = 15.706111907958984 (ms)
[RANK0] B @ 973.431884765625 (ms) to 1009.0625 (ms), cudaEventElapsed = 35.59868621826172 (ms)
[RANK0] W @ 1009.296875 (ms) to 1032.678955078125 (ms), cudaEventElapsed = 15.376383781433105 (ms)
[RANK0] B @ 1032.863037109375 (ms) to 1066.988525390625 (ms), cudaEventElapsed = 34.094303131103516 (ms)
[RANK0] W @ 1067.059814453125 (ms) to 1082.109130859375 (ms), cudaEventElapsed = 15.017984390258789 (ms)
[RANK0] B @ 1117.24267578125 (ms) to 1150.066650390625 (ms), cudaEventElapsed = 32.787967681884766 (ms)
[RANK0] W @ 1150.131591796875 (ms) to 1164.376953125 (ms), cudaEventElapsed = 14.216192245483398 (ms)
[RANK0] B @ 1205.518798828125 (ms) to 1237.446044921875 (ms), cudaEventElapsed = 31.893407821655273 (ms)
[RANK0] 1W @ 1237.518310546875 (ms) to 1251.245361328125 (ms), cudaEventElapsed = 13.696000099182129 (ms)
[RANK0] Iteration 3
[RANK0] F @ 2.16064453125 (ms) to 27.263427734375 (ms), cudaEventElapsed = 25.066848754882812 (ms)
[RANK0] F @ 27.504638671875 (ms) to 53.007080078125 (ms), cudaEventElapsed = 25.462783813476562 (ms)
[RANK0] F @ 53.223876953125 (ms) to 80.635009765625 (ms), cudaEventElapsed = 27.371519088745117 (ms)
[RANK0] F @ 80.844482421875 (ms) to 108.88671875 (ms), cudaEventElapsed = 28.009471893310547 (ms)
[RANK0] F @ 109.098876953125 (ms) to 137.353515625 (ms), cudaEventElapsed = 28.215295791625977 (ms)
[RANK0] F @ 137.577880859375 (ms) to 165.481689453125 (ms), cudaEventElapsed = 27.864063262939453 (ms)
[RANK0] F @ 165.69140625 (ms) to 193.428466796875 (ms), cudaEventElapsed = 27.703296661376953 (ms)
[RANK0] B @ 268.920166015625 (ms) to 300.61279296875 (ms), cudaEventElapsed = 31.645023345947266 (ms)
[RANK0] F @ 300.869384765625 (ms) to 326.11572265625 (ms), cudaEventElapsed = 25.212928771972656 (ms)
[RANK0] B @ 349.69775390625 (ms) to 382.4990234375 (ms), cudaEventElapsed = 32.75177764892578 (ms)
[RANK0] W @ 382.71630859375 (ms) to 397.187255859375 (ms), cudaEventElapsed = 14.441472053527832 (ms)
[RANK0] F @ 397.245849609375 (ms) to 423.018798828125 (ms), cudaEventElapsed = 25.74028778076172 (ms)
[RANK0] B @ 431.64013671875 (ms) to 467.5732421875 (ms), cudaEventElapsed = 35.892478942871094 (ms)
[RANK0] B @ 510.595703125 (ms) to 542.224609375 (ms), cudaEventElapsed = 31.59267234802246 (ms)
[RANK0] W @ 542.294189453125 (ms) to 555.864501953125 (ms), cudaEventElapsed = 13.542400360107422 (ms)
[RANK0] F @ 556.06689453125 (ms) to 581.97412109375 (ms), cudaEventElapsed = 25.875455856323242 (ms)
[RANK0] B @ 614.00439453125 (ms) to 647.5263671875 (ms), cudaEventElapsed = 33.47894287109375 (ms)
[RANK0] B @ 667.38037109375 (ms) to 699.209716796875 (ms), cudaEventElapsed = 31.794015884399414 (ms)
[RANK0] W @ 699.280517578125 (ms) to 712.9326171875 (ms), cudaEventElapsed = 13.617152214050293 (ms)
[RANK0] F @ 713.155517578125 (ms) to 739.027587890625 (ms), cudaEventElapsed = 25.838592529296875 (ms)
[RANK0] B @ 775.7216796875 (ms) to 809.075927734375 (ms), cudaEventElapsed = 33.31510543823242 (ms)
[RANK0] B @ 817.229248046875 (ms) to 849.234375 (ms), cudaEventElapsed = 31.970495223999023 (ms)
[RANK0] W @ 849.301513671875 (ms) to 863.579833984375 (ms), cudaEventElapsed = 14.244864463806152 (ms)
[RANK0] F @ 863.773681640625 (ms) to 890.094970703125 (ms), cudaEventElapsed = 26.283008575439453 (ms)
[RANK0] W @ 890.3017578125 (ms) to 932.666748046875 (ms), cudaEventElapsed = 14.422016143798828 (ms)
[RANK0] W @ 932.724853515625 (ms) to 946.53369140625 (ms), cudaEventElapsed = 13.776896476745605 (ms)
[RANK0] W @ 946.724853515625 (ms) to 961.889892578125 (ms), cudaEventElapsed = 15.136768341064453 (ms)
[RANK0] W @ 961.935791015625 (ms) to 977.79248046875 (ms), cudaEventElapsed = 15.825920104980469 (ms)
[RANK0] B @ 977.951171875 (ms) to 1013.60009765625 (ms), cudaEventElapsed = 35.62028884887695 (ms)
[RANK0] W @ 1013.81201171875 (ms) to 1036.62890625 (ms), cudaEventElapsed = 14.560256004333496 (ms)
[RANK0] B @ 1036.79931640625 (ms) to 1070.8134765625 (ms), cudaEventElapsed = 33.98543930053711 (ms)
[RANK0] W @ 1070.87158203125 (ms) to 1085.896240234375 (ms), cudaEventElapsed = 14.997504234313965 (ms)
[RANK0] B @ 1120.144287109375 (ms) to 1153.0126953125 (ms), cudaEventElapsed = 32.83260726928711 (ms)
[RANK0] W @ 1153.07421875 (ms) to 1167.03173828125 (ms), cudaEventElapsed = 13.929471969604492 (ms)
[RANK0] B @ 1208.001220703125 (ms) to 1239.642822265625 (ms), cudaEventElapsed = 31.609472274780273 (ms)
[RANK0] 1W @ 1239.700927734375 (ms) to 1253.24853515625 (ms), cudaEventElapsed = 13.520895957946777 (ms)
[RANK0] Iteration 4
[RANK0] F @ 2.065185546875 (ms) to 27.260986328125 (ms), cudaEventElapsed = 25.162303924560547 (ms)
[RANK0] F @ 27.484619140625 (ms) to 52.7392578125 (ms), cudaEventElapsed = 25.220096588134766 (ms)
[RANK0] F @ 52.9521484375 (ms) to 79.703369140625 (ms), cudaEventElapsed = 26.714111328125 (ms)
[RANK0] F @ 79.90673828125 (ms) to 107.94921875 (ms), cudaEventElapsed = 28.007423400878906 (ms)
[RANK0] F @ 108.1640625 (ms) to 136.1396484375 (ms), cudaEventElapsed = 27.936767578125 (ms)
[RANK0] F @ 136.359130859375 (ms) to 164.262451171875 (ms), cudaEventElapsed = 27.864063262939453 (ms)
[RANK0] F @ 164.457763671875 (ms) to 192.390625 (ms), cudaEventElapsed = 27.900928497314453 (ms)
[RANK0] B @ 270.14013671875 (ms) to 302.73095703125 (ms), cudaEventElapsed = 32.54012680053711 (ms)
[RANK0] F @ 302.986572265625 (ms) to 329.213623046875 (ms), cudaEventElapsed = 26.192895889282227 (ms)
[RANK0] B @ 354.325927734375 (ms) to 387.799072265625 (ms), cudaEventElapsed = 33.42825698852539 (ms)
[RANK0] W @ 388.041259765625 (ms) to 403.98291015625 (ms), cudaEventElapsed = 15.90886402130127 (ms)
[RANK0] F @ 404.042724609375 (ms) to 431.940673828125 (ms), cudaEventElapsed = 27.868160247802734 (ms)
[RANK0] B @ 438.894775390625 (ms) to 475.173583984375 (ms), cudaEventElapsed = 36.23654556274414 (ms)
[RANK0] B @ 519.95703125 (ms) to 552.773681640625 (ms), cudaEventElapsed = 32.77289581298828 (ms)
[RANK0] W @ 552.861083984375 (ms) to 567.45703125 (ms), cudaEventElapsed = 14.559231758117676 (ms)
[RANK0] F @ 567.7197265625 (ms) to 594.695556640625 (ms), cudaEventElapsed = 26.94041633605957 (ms)
[RANK0] B @ 631.15185546875 (ms) to 665.405029296875 (ms), cudaEventElapsed = 34.20787048339844 (ms)
[RANK0] B @ 683.148193359375 (ms) to 716.28369140625 (ms), cudaEventElapsed = 33.097984313964844 (ms)
[RANK0] W @ 716.360595703125 (ms) to 731.13623046875 (ms), cudaEventElapsed = 14.746623992919922 (ms)
[RANK0] F @ 731.356689453125 (ms) to 758.335205078125 (ms), cudaEventElapsed = 26.94758415222168 (ms)
[RANK0] B @ 798.293212890625 (ms) to 832.185791015625 (ms), cudaEventElapsed = 33.83500671386719 (ms)
[RANK0] B @ 842.302978515625 (ms) to 875.680419921875 (ms), cudaEventElapsed = 33.343040466308594 (ms)
[RANK0] W @ 875.747802734375 (ms) to 890.703369140625 (ms), cudaEventElapsed = 14.928895950317383 (ms)
[RANK0] F @ 890.921630859375 (ms) to 917.771728515625 (ms), cudaEventElapsed = 26.819583892822266 (ms)
[RANK0] W @ 917.958740234375 (ms) to 971.190185546875 (ms), cudaEventElapsed = 14.166015625 (ms)
[RANK0] W @ 971.248046875 (ms) to 986.469970703125 (ms), cudaEventElapsed = 15.18899154663086 (ms)
[RANK0] W @ 986.692138671875 (ms) to 1003.9521484375 (ms), cudaEventElapsed = 17.22879981994629 (ms)
[RANK0] W @ 1003.997314453125 (ms) to 1022.779052734375 (ms), cudaEventElapsed = 18.755584716796875 (ms)
[RANK0] B @ 1022.946044921875 (ms) to 1061.645263671875 (ms), cudaEventElapsed = 38.67033767700195 (ms)
[RANK0] W @ 1061.826171875 (ms) to 1086.67041015625 (ms), cudaEventElapsed = 16.550912857055664 (ms)
[RANK0] B @ 1086.82080078125 (ms) to 1122.229736328125 (ms), cudaEventElapsed = 35.376033782958984 (ms)
[RANK0] W @ 1122.282958984375 (ms) to 1138.575439453125 (ms), cudaEventElapsed = 16.268287658691406 (ms)
[RANK0] B @ 1180.84619140625 (ms) to 1214.763671875 (ms), cudaEventElapsed = 33.886497497558594 (ms)
[RANK0] W @ 1214.817626953125 (ms) to 1229.9638671875 (ms), cudaEventElapsed = 15.11731243133545 (ms)
[RANK0] B @ 1281.5126953125 (ms) to 1314.28369140625 (ms), cudaEventElapsed = 32.742881774902344 (ms)
[RANK0] 1W @ 1314.33642578125 (ms) to 1328.771240234375 (ms), cudaEventElapsed = 14.407679557800293 (ms)
[RANK0] Iteration 5
[RANK0] F @ 2.142333984375 (ms) to 27.3701171875 (ms), cudaEventElapsed = 25.19638442993164 (ms)
[RANK0] F @ 27.578369140625 (ms) to 52.90087890625 (ms), cudaEventElapsed = 25.28665542602539 (ms)
[RANK0] F @ 53.095458984375 (ms) to 81.293212890625 (ms), cudaEventElapsed = 28.15999984741211 (ms)
[RANK0] F @ 81.48388671875 (ms) to 110.1591796875 (ms), cudaEventElapsed = 28.641279220581055 (ms)
[RANK0] F @ 110.37890625 (ms) to 139.06494140625 (ms), cudaEventElapsed = 28.646400451660156 (ms)
[RANK0] F @ 139.299560546875 (ms) to 167.395263671875 (ms), cudaEventElapsed = 28.056575775146484 (ms)
[RANK0] F @ 167.598388671875 (ms) to 195.082275390625 (ms), cudaEventElapsed = 27.448320388793945 (ms)
[RANK0] B @ 270.73681640625 (ms) to 303.9619140625 (ms), cudaEventElapsed = 33.161216735839844 (ms)
[RANK0] F @ 304.216796875 (ms) to 330.25927734375 (ms), cudaEventElapsed = 26.011648178100586 (ms)
[RANK0] B @ 355.4912109375 (ms) to 389.06494140625 (ms), cudaEventElapsed = 33.5294075012207 (ms)
[RANK0] W @ 389.294677734375 (ms) to 404.87158203125 (ms), cudaEventElapsed = 15.543295860290527 (ms)
[RANK0] F @ 404.928955078125 (ms) to 432.469482421875 (ms), cudaEventElapsed = 27.5097599029541 (ms)
[RANK0] B @ 439.284423828125 (ms) to 476.379638671875 (ms), cudaEventElapsed = 37.05507278442383 (ms)
[RANK0] B @ 521.20947265625 (ms) to 554.177978515625 (ms), cudaEventElapsed = 32.9271354675293 (ms)
[RANK0] W @ 554.253173828125 (ms) to 569.384521484375 (ms), cudaEventElapsed = 15.095808029174805 (ms)
[RANK0] F @ 569.613525390625 (ms) to 598.307861328125 (ms), cudaEventElapsed = 28.659711837768555 (ms)
[RANK0] B @ 632.786865234375 (ms) to 667.034423828125 (ms), cudaEventElapsed = 34.20694351196289 (ms)
[RANK0] B @ 684.87939453125 (ms) to 718.029296875 (ms), cudaEventElapsed = 33.11635208129883 (ms)
[RANK0] W @ 718.094970703125 (ms) to 733.398193359375 (ms), cudaEventElapsed = 15.278079986572266 (ms)
[RANK0] F @ 733.602294921875 (ms) to 762.93994140625 (ms), cudaEventElapsed = 29.306880950927734 (ms)
[RANK0] B @ 800.610595703125 (ms) to 834.66064453125 (ms), cudaEventElapsed = 34.00614547729492 (ms)
[RANK0] B @ 844.406982421875 (ms) to 878.074951171875 (ms), cudaEventElapsed = 33.634334564208984 (ms)
[RANK0] W @ 878.138671875 (ms) to 894.06884765625 (ms), cudaEventElapsed = 15.896575927734375 (ms)
[RANK0] F @ 894.28857421875 (ms) to 923.743408203125 (ms), cudaEventElapsed = 29.423616409301758 (ms)
[RANK0] W @ 923.939453125 (ms) to 974.72412109375 (ms), cudaEventElapsed = 14.447615623474121 (ms)
[RANK0] W @ 974.78515625 (ms) to 989.5078125 (ms), cudaEventElapsed = 14.692352294921875 (ms)
[RANK0] W @ 989.711181640625 (ms) to 1006.759521484375 (ms), cudaEventElapsed = 17.0199031829834 (ms)
[RANK0] W @ 1006.81005859375 (ms) to 1025.72412109375 (ms), cudaEventElapsed = 18.883583068847656 (ms)
[RANK0] B @ 1025.89794921875 (ms) to 1064.850830078125 (ms), cudaEventElapsed = 38.92444610595703 (ms)
[RANK0] W @ 1065.056884765625 (ms) to 1090.0361328125 (ms), cudaEventElapsed = 16.518144607543945 (ms)
[RANK0] B @ 1090.20458984375 (ms) to 1127.396484375 (ms), cudaEventElapsed = 37.16249465942383 (ms)
[RANK0] W @ 1127.455810546875 (ms) to 1144.70361328125 (ms), cudaEventElapsed = 17.21855926513672 (ms)
[RANK0] B @ 1184.3759765625 (ms) to 1218.386962890625 (ms), cudaEventElapsed = 33.971134185791016 (ms)
[RANK0] W @ 1218.468017578125 (ms) to 1233.69970703125 (ms), cudaEventElapsed = 15.195136070251465 (ms)
[RANK0] B @ 1285.45703125 (ms) to 1318.6865234375 (ms), cudaEventElapsed = 33.185089111328125 (ms)
[RANK0] 1W @ 1318.7626953125 (ms) to 1333.97900390625 (ms), cudaEventElapsed = 15.177727699279785 (ms)
[RANK0] Iteration 6
[RANK0] F @ 2.132080078125 (ms) to 27.55126953125 (ms), cudaEventElapsed = 25.375776290893555 (ms)
[RANK0] F @ 27.794189453125 (ms) to 53.062744140625 (ms), cudaEventElapsed = 25.232383728027344 (ms)
[RANK0] F @ 53.275634765625 (ms) to 80.819091796875 (ms), cudaEventElapsed = 27.510784149169922 (ms)
[RANK0] F @ 81.010986328125 (ms) to 109.111328125 (ms), cudaEventElapsed = 28.066816329956055 (ms)
[RANK0] F @ 109.3349609375 (ms) to 137.46484375 (ms), cudaEventElapsed = 28.089344024658203 (ms)
[RANK0] F @ 137.79052734375 (ms) to 165.43115234375 (ms), cudaEventElapsed = 27.602943420410156 (ms)
[RANK0] F @ 165.629150390625 (ms) to 193.587158203125 (ms), cudaEventElapsed = 27.926528930664062 (ms)
[RANK0] B @ 270.193603515625 (ms) to 303.30078125 (ms), cudaEventElapsed = 33.0494384765625 (ms)
[RANK0] F @ 303.5361328125 (ms) to 329.84228515625 (ms), cudaEventElapsed = 26.274816513061523 (ms)
[RANK0] B @ 354.797607421875 (ms) to 388.340576171875 (ms), cudaEventElapsed = 33.501312255859375 (ms)
[RANK0] W @ 388.561279296875 (ms) to 404.371826171875 (ms), cudaEventElapsed = 15.778816223144531 (ms)
[RANK0] F @ 404.435302734375 (ms) to 433.72509765625 (ms), cudaEventElapsed = 29.259775161743164 (ms)
[RANK0] B @ 439.143798828125 (ms) to 475.9013671875 (ms), cudaEventElapsed = 36.71807861328125 (ms)
[RANK0] B @ 522.179443359375 (ms) to 555.3798828125 (ms), cudaEventElapsed = 33.1605110168457 (ms)
[RANK0] W @ 555.4560546875 (ms) to 570.6455078125 (ms), cudaEventElapsed = 15.157247543334961 (ms)
[RANK0] F @ 570.86279296875 (ms) to 598.691650390625 (ms), cudaEventElapsed = 27.79852867126465 (ms)
[RANK0] B @ 634.6796875 (ms) to 668.9189453125 (ms), cudaEventElapsed = 34.198944091796875 (ms)
[RANK0] B @ 685.188720703125 (ms) to 718.517822265625 (ms), cudaEventElapsed = 33.29612731933594 (ms)
[RANK0] W @ 718.585693359375 (ms) to 733.973876953125 (ms), cudaEventElapsed = 15.354880332946777 (ms)
[RANK0] F @ 734.18798828125 (ms) to 762.1533203125 (ms), cudaEventElapsed = 27.936767578125 (ms)
[RANK0] B @ 800.262939453125 (ms) to 834.439453125 (ms), cudaEventElapsed = 34.137855529785156 (ms)
[RANK0] B @ 844.130615234375 (ms) to 877.6162109375 (ms), cudaEventElapsed = 33.451873779296875 (ms)
[RANK0] W @ 877.684326171875 (ms) to 893.304443359375 (ms), cudaEventElapsed = 15.591423988342285 (ms)
[RANK0] F @ 893.537109375 (ms) to 920.65966796875 (ms), cudaEventElapsed = 27.090944290161133 (ms)
[RANK0] W @ 920.84814453125 (ms) to 974.59228515625 (ms), cudaEventElapsed = 14.619647979736328 (ms)
[RANK0] W @ 974.64501953125 (ms) to 990.03662109375 (ms), cudaEventElapsed = 15.361023902893066 (ms)
[RANK0] W @ 990.2392578125 (ms) to 1008.30615234375 (ms), cudaEventElapsed = 18.02751922607422 (ms)
[RANK0] W @ 1008.351318359375 (ms) to 1028.68505859375 (ms), cudaEventElapsed = 20.306943893432617 (ms)
[RANK0] B @ 1028.846923828125 (ms) to 1068.910888671875 (ms), cudaEventElapsed = 40.0351676940918 (ms)
[RANK0] W @ 1069.09912109375 (ms) to 1089.47021484375 (ms), cudaEventElapsed = 18.192384719848633 (ms)
[RANK0] B @ 1089.635498046875 (ms) to 1127.046875 (ms), cudaEventElapsed = 37.38252639770508 (ms)
[RANK0] W @ 1127.106689453125 (ms) to 1144.535400390625 (ms), cudaEventElapsed = 17.399808883666992 (ms)
[RANK0] B @ 1181.12255859375 (ms) to 1215.384765625 (ms), cudaEventElapsed = 34.221920013427734 (ms)
[RANK0] W @ 1215.4453125 (ms) to 1231.043701171875 (ms), cudaEventElapsed = 15.571968078613281 (ms)
[RANK0] B @ 1282.568359375 (ms) to 1315.67333984375 (ms), cudaEventElapsed = 33.071136474609375 (ms)
[RANK0] 1W @ 1315.72998046875 (ms) to 1331.10791015625 (ms), cudaEventElapsed = 15.350784301757812 (ms)
[RANK0] Iteration 7
[RANK0] F @ 0.23486328125 (ms) to 24.853759765625 (ms), cudaEventElapsed = 24.56889533996582 (ms)
[RANK0] F @ 25.095947265625 (ms) to 49.410400390625 (ms), cudaEventElapsed = 24.276992797851562 (ms)
[RANK0] F @ 49.616943359375 (ms) to 76.082275390625 (ms), cudaEventElapsed = 26.426368713378906 (ms)
[RANK0] F @ 76.302978515625 (ms) to 103.199951171875 (ms), cudaEventElapsed = 26.862592697143555 (ms)
[RANK0] F @ 103.415283203125 (ms) to 130.12646484375 (ms), cudaEventElapsed = 26.672128677368164 (ms)
[RANK0] F @ 130.361083984375 (ms) to 157.3603515625 (ms), cudaEventElapsed = 26.96396827697754 (ms)
[RANK0] F @ 157.56103515625 (ms) to 184.18408203125 (ms), cudaEventElapsed = 26.590208053588867 (ms)
[RANK0] F @ 184.41259765625 (ms) to 210.733154296875 (ms), cudaEventElapsed = 26.279935836791992 (ms)
[RANK0] F @ 210.97509765625 (ms) to 237.99853515625 (ms), cudaEventElapsed = 26.987520217895508 (ms)
[RANK0] F @ 238.229736328125 (ms) to 265.14892578125 (ms), cudaEventElapsed = 26.869760513305664 (ms)
[RANK0] F @ 265.3662109375 (ms) to 292.171142578125 (ms), cudaEventElapsed = 26.772480010986328 (ms)
[RANK0] F @ 292.39697265625 (ms) to 319.35107421875 (ms), cudaEventElapsed = 26.91993522644043 (ms)
