[RANK0] Iteration 1
[RANK0] F @ 2.01318359375 (ms) to 516.233154296875 (ms), cudaEventElapsed = 514.1575927734375 (ms)
[RANK0] F @ 517.017333984375 (ms) to 542.533447265625 (ms), cudaEventElapsed = 25.489408493041992 (ms)
[RANK0] F @ 543.2041015625 (ms) to 570.723876953125 (ms), cudaEventElapsed = 27.495424270629883 (ms)
[RANK0] F @ 571.386474609375 (ms) to 599.248779296875 (ms), cudaEventElapsed = 27.837440490722656 (ms)
[RANK0] F @ 599.90625 (ms) to 627.863525390625 (ms), cudaEventElapsed = 27.933696746826172 (ms)
[RANK0] F @ 628.527587890625 (ms) to 656.2255859375 (ms), cudaEventElapsed = 27.674623489379883 (ms)
[RANK0] F @ 656.886474609375 (ms) to 684.5732421875 (ms), cudaEventElapsed = 27.663360595703125 (ms)
[RANK0] B @ 1595.770751953125 (ms) to 1691.64697265625 (ms), cudaEventElapsed = 95.84844970703125 (ms)
[RANK0] F @ 1691.918701171875 (ms) to 1716.888916015625 (ms), cudaEventElapsed = 24.93951988220215 (ms)
[RANK0] B @ 1718.256591796875 (ms) to 1752.36962890625 (ms), cudaEventElapsed = 34.083839416503906 (ms)
[RANK0] F @ 1752.615234375 (ms) to 1779.088134765625 (ms), cudaEventElapsed = 26.445823669433594 (ms)
[RANK0] B @ 1780.362548828125 (ms) to 1815.4716796875 (ms), cudaEventElapsed = 35.086334228515625 (ms)
[RANK0] F @ 1815.65234375 (ms) to 1841.409912109375 (ms), cudaEventElapsed = 25.73107147216797 (ms)
[RANK0] B @ 1842.736083984375 (ms) to 1878.5498046875 (ms), cudaEventElapsed = 35.79084777832031 (ms)
[RANK0] F @ 1878.7314453125 (ms) to 1905.147705078125 (ms), cudaEventElapsed = 26.392576217651367 (ms)
[RANK0] B @ 1907.232177734375 (ms) to 1942.778076171875 (ms), cudaEventElapsed = 35.523582458496094 (ms)
[RANK0] F @ 1942.97021484375 (ms) to 1969.376220703125 (ms), cudaEventElapsed = 26.382335662841797 (ms)
[RANK0] B @ 1989.431396484375 (ms) to 2023.613037109375 (ms), cudaEventElapsed = 34.15961456298828 (ms)
[RANK0] W @ 2023.890625 (ms) to 2038.385498046875 (ms), cudaEventElapsed = 14.47219181060791 (ms)
[RANK0] B @ 2067.1923828125 (ms) to 2099.322998046875 (ms), cudaEventElapsed = 32.10956954956055 (ms)
[RANK0] W @ 2099.844970703125 (ms) to 2113.847412109375 (ms), cudaEventElapsed = 13.97862434387207 (ms)
[RANK0] B @ 2146.535888671875 (ms) to 2178.269287109375 (ms), cudaEventElapsed = 31.712255477905273 (ms)
[RANK0] W @ 2178.5576171875 (ms) to 2192.2509765625 (ms), cudaEventElapsed = 13.67244815826416 (ms)
[RANK0] B @ 2217.71337890625 (ms) to 2249.7060546875 (ms), cudaEventElapsed = 31.971328735351562 (ms)
[RANK0] W @ 2250.022216796875 (ms) to 2263.766845703125 (ms), cudaEventElapsed = 13.721599578857422 (ms)
[RANK0] B @ 2296.815185546875 (ms) to 2328.58349609375 (ms), cudaEventElapsed = 31.75014305114746 (ms)
[RANK0] W @ 2328.880615234375 (ms) to 2342.383544921875 (ms), cudaEventElapsed = 13.48095989227295 (ms)
[RANK0] B @ 2364.203857421875 (ms) to 2396.2890625 (ms), cudaEventElapsed = 32.064510345458984 (ms)
[RANK0] W @ 2396.568115234375 (ms) to 2410.2197265625 (ms), cudaEventElapsed = 13.630463600158691 (ms)
[RANK0] B @ 2429.542724609375 (ms) to 2461.549560546875 (ms), cudaEventElapsed = 31.987712860107422 (ms)
[RANK0] 6W @ 2462.591796875 (ms) to 2554.81494140625 (ms), cudaEventElapsed = 92.19789123535156 (ms)
[RANK0] Iteration 2
[RANK0] F @ 0.476806640625 (ms) to 26.019287109375 (ms), cudaEventElapsed = 25.51705551147461 (ms)
[RANK0] F @ 26.700927734375 (ms) to 51.635498046875 (ms), cudaEventElapsed = 24.91187286376953 (ms)
[RANK0] F @ 52.301025390625 (ms) to 79.82080078125 (ms), cudaEventElapsed = 27.497472763061523 (ms)
[RANK0] F @ 80.49365234375 (ms) to 108.26416015625 (ms), cudaEventElapsed = 27.74630355834961 (ms)
[RANK0] F @ 108.946533203125 (ms) to 137.028076171875 (ms), cudaEventElapsed = 28.057600021362305 (ms)
[RANK0] F @ 137.70166015625 (ms) to 165.6494140625 (ms), cudaEventElapsed = 27.924480438232422 (ms)
[RANK0] F @ 166.33740234375 (ms) to 193.772705078125 (ms), cudaEventElapsed = 27.410432815551758 (ms)
[RANK0] B @ 391.52587890625 (ms) to 424.714111328125 (ms), cudaEventElapsed = 33.16223907470703 (ms)
[RANK0] F @ 424.934326171875 (ms) to 450.827392578125 (ms), cudaEventElapsed = 25.870336532592773 (ms)
[RANK0] B @ 473.960693359375 (ms) to 641.3671875 (ms), cudaEventElapsed = 167.37997436523438 (ms)
[RANK0] F @ 641.73583984375 (ms) to 667.3779296875 (ms), cudaEventElapsed = 25.617408752441406 (ms)
[RANK0] B @ 668.94921875 (ms) to 704.290771484375 (ms), cudaEventElapsed = 35.318782806396484 (ms)
[RANK0] F @ 704.49951171875 (ms) to 731.493896484375 (ms), cudaEventElapsed = 26.969087600708008 (ms)
[RANK0] B @ 733.498779296875 (ms) to 770.962646484375 (ms), cudaEventElapsed = 37.433345794677734 (ms)
[RANK0] F @ 771.194091796875 (ms) to 798.99658203125 (ms), cudaEventElapsed = 27.777023315429688 (ms)
[RANK0] B @ 800.30712890625 (ms) to 836.1220703125 (ms), cudaEventElapsed = 35.79084777832031 (ms)
[RANK0] F @ 836.34423828125 (ms) to 863.69873046875 (ms), cudaEventElapsed = 27.32748794555664 (ms)
[RANK0] B @ 865.023193359375 (ms) to 901.022705078125 (ms), cudaEventElapsed = 35.96799850463867 (ms)
[RANK0] W @ 901.327880859375 (ms) to 918.7080078125 (ms), cudaEventElapsed = 17.353727340698242 (ms)
[RANK0] B @ 920.970458984375 (ms) to 957.491943359375 (ms), cudaEventElapsed = 36.492286682128906 (ms)
[RANK0] W @ 957.7841796875 (ms) to 975.234130859375 (ms), cudaEventElapsed = 17.42745590209961 (ms)
[RANK0] B @ 1002.162841796875 (ms) to 1035.717529296875 (ms), cudaEventElapsed = 33.53395080566406 (ms)
[RANK0] W @ 1036.00927734375 (ms) to 1051.30810546875 (ms), cudaEventElapsed = 15.276032447814941 (ms)
[RANK0] B @ 1081.56591796875 (ms) to 1114.894775390625 (ms), cudaEventElapsed = 33.30662536621094 (ms)
[RANK0] W @ 1115.21875 (ms) to 1130.826171875 (ms), cudaEventElapsed = 15.584256172180176 (ms)
[RANK0] B @ 1164.8779296875 (ms) to 1198.29248046875 (ms), cudaEventElapsed = 33.3936653137207 (ms)
[RANK0] W @ 1198.597900390625 (ms) to 1214.265380859375 (ms), cudaEventElapsed = 15.644672393798828 (ms)
[RANK0] B @ 1243.7265625 (ms) to 1277.27734375 (ms), cudaEventElapsed = 33.530879974365234 (ms)
[RANK0] W @ 1278.0341796875 (ms) to 1293.498291015625 (ms), cudaEventElapsed = 15.430656433105469 (ms)
[RANK0] B @ 1317.16650390625 (ms) to 1350.841064453125 (ms), cudaEventElapsed = 33.65375900268555 (ms)
[RANK0] 6W @ 1351.59326171875 (ms) to 1466.706787109375 (ms), cudaEventElapsed = 115.08838653564453 (ms)
[RANK0] Iteration 3
[RANK0] F @ 0.414794921875 (ms) to 25.8310546875 (ms), cudaEventElapsed = 25.393152236938477 (ms)
[RANK0] F @ 26.4873046875 (ms) to 52.354736328125 (ms), cudaEventElapsed = 25.843711853027344 (ms)
[RANK0] F @ 53.04833984375 (ms) to 80.4677734375 (ms), cudaEventElapsed = 27.396095275878906 (ms)
[RANK0] F @ 81.133544921875 (ms) to 109.353759765625 (ms), cudaEventElapsed = 28.198911666870117 (ms)
[RANK0] F @ 110.022705078125 (ms) to 137.893798828125 (ms), cudaEventElapsed = 27.845632553100586 (ms)
[RANK0] F @ 138.556640625 (ms) to 166.66015625 (ms), cudaEventElapsed = 28.080127716064453 (ms)
[RANK0] F @ 167.315673828125 (ms) to 195.302978515625 (ms), cudaEventElapsed = 27.96441650390625 (ms)
[RANK0] B @ 520.150146484375 (ms) to 553.386474609375 (ms), cudaEventElapsed = 33.21036911010742 (ms)
[RANK0] F @ 553.610595703125 (ms) to 579.1640625 (ms), cudaEventElapsed = 25.53036880493164 (ms)
[RANK0] B @ 606.8759765625 (ms) to 640.396728515625 (ms), cudaEventElapsed = 33.491966247558594 (ms)
[RANK0] F @ 640.674072265625 (ms) to 667.300537109375 (ms), cudaEventElapsed = 26.596351623535156 (ms)
[RANK0] B @ 691.17041015625 (ms) to 724.820068359375 (ms), cudaEventElapsed = 33.62406539916992 (ms)
[RANK0] F @ 725.062744140625 (ms) to 751.374267578125 (ms), cudaEventElapsed = 26.283008575439453 (ms)
[RANK0] B @ 804.05615234375 (ms) to 837.33837890625 (ms), cudaEventElapsed = 33.256446838378906 (ms)
[RANK0] F @ 837.5869140625 (ms) to 863.407958984375 (ms), cudaEventElapsed = 25.793535232543945 (ms)
[RANK0] B @ 898.395263671875 (ms) to 931.794189453125 (ms), cudaEventElapsed = 33.37420654296875 (ms)
[RANK0] F @ 932.025146484375 (ms) to 957.67724609375 (ms), cudaEventElapsed = 25.626623153686523 (ms)
[RANK0] B @ 996.161376953125 (ms) to 1029.599853515625 (ms), cudaEventElapsed = 33.41107177734375 (ms)
[RANK0] W @ 1029.938232421875 (ms) to 1045.52685546875 (ms), cudaEventElapsed = 15.557632446289062 (ms)
[RANK0] B @ 1089.542236328125 (ms) to 1122.78857421875 (ms), cudaEventElapsed = 33.22163009643555 (ms)
[RANK0] W @ 1123.112060546875 (ms) to 1138.547607421875 (ms), cudaEventElapsed = 15.411199569702148 (ms)
[RANK0] B @ 1185.990966796875 (ms) to 1219.212646484375 (ms), cudaEventElapsed = 33.19705581665039 (ms)
[RANK0] W @ 1219.523193359375 (ms) to 1235.002685546875 (ms), cudaEventElapsed = 15.455231666564941 (ms)
[RANK0] B @ 1280.659912109375 (ms) to 1313.9443359375 (ms), cudaEventElapsed = 33.259521484375 (ms)
[RANK0] W @ 1314.2666015625 (ms) to 1329.641357421875 (ms), cudaEventElapsed = 15.350784301757812 (ms)
[RANK0] B @ 1373.940673828125 (ms) to 1407.0869140625 (ms), cudaEventElapsed = 33.1223030090332 (ms)
[RANK0] W @ 1407.395751953125 (ms) to 1422.391845703125 (ms), cudaEventElapsed = 14.970879554748535 (ms)
[RANK0] B @ 1451.348388671875 (ms) to 1484.82861328125 (ms), cudaEventElapsed = 33.45920181274414 (ms)
[RANK0] W @ 1485.654296875 (ms) to 1500.95654296875 (ms), cudaEventElapsed = 15.277055740356445 (ms)
[RANK0] B @ 1523.51904296875 (ms) to 1557.218994140625 (ms), cudaEventElapsed = 33.67833709716797 (ms)
[RANK0] 6W @ 1557.99169921875 (ms) to 1671.890380859375 (ms), cudaEventElapsed = 113.87187194824219 (ms)
[RANK0] Iteration 4
[RANK0] F @ 0.423583984375 (ms) to 26.40625 (ms), cudaEventElapsed = 25.95840072631836 (ms)
[RANK0] F @ 27.09228515625 (ms) to 53.56201171875 (ms), cudaEventElapsed = 26.444799423217773 (ms)
[RANK0] F @ 54.2431640625 (ms) to 81.537841796875 (ms), cudaEventElapsed = 27.270143508911133 (ms)
[RANK0] F @ 82.225341796875 (ms) to 110.233642578125 (ms), cudaEventElapsed = 27.98182487487793 (ms)
[RANK0] F @ 110.970947265625 (ms) to 138.754150390625 (ms), cudaEventElapsed = 27.75654411315918 (ms)
[RANK0] F @ 139.423095703125 (ms) to 166.95703125 (ms), cudaEventElapsed = 27.50668716430664 (ms)
[RANK0] F @ 167.84228515625 (ms) to 196.0361328125 (ms), cudaEventElapsed = 28.16102409362793 (ms)
[RANK0] B @ 519.2646484375 (ms) to 552.614013671875 (ms), cudaEventElapsed = 33.3230094909668 (ms)
[RANK0] F @ 552.862548828125 (ms) to 578.966064453125 (ms), cudaEventElapsed = 26.078208923339844 (ms)
[RANK0] B @ 605.74658203125 (ms) to 639.31982421875 (ms), cudaEventElapsed = 33.549312591552734 (ms)
[RANK0] F @ 639.53076171875 (ms) to 665.150634765625 (ms), cudaEventElapsed = 25.596927642822266 (ms)
[RANK0] B @ 689.283935546875 (ms) to 722.784423828125 (ms), cudaEventElapsed = 33.475582122802734 (ms)
[RANK0] F @ 722.99951171875 (ms) to 749.5517578125 (ms), cudaEventElapsed = 26.52672004699707 (ms)
[RANK0] B @ 803.515625 (ms) to 836.75 (ms), cudaEventElapsed = 33.21139144897461 (ms)
[RANK0] F @ 836.958740234375 (ms) to 862.58251953125 (ms), cudaEventElapsed = 25.598976135253906 (ms)
[RANK0] B @ 896.511474609375 (ms) to 929.903076171875 (ms), cudaEventElapsed = 33.368064880371094 (ms)
[RANK0] F @ 930.118896484375 (ms) to 956.5 (ms), cudaEventElapsed = 26.356735229492188 (ms)
[RANK0] B @ 992.6611328125 (ms) to 1025.94287109375 (ms), cudaEventElapsed = 33.24518585205078 (ms)
[RANK0] W @ 1026.27294921875 (ms) to 1041.739990234375 (ms), cudaEventElapsed = 15.443967819213867 (ms)
[RANK0] B @ 1088.8857421875 (ms) to 1122.1181640625 (ms), cudaEventElapsed = 33.20832061767578 (ms)
[RANK0] W @ 1122.434814453125 (ms) to 1137.86962890625 (ms), cudaEventElapsed = 15.412223815917969 (ms)
[RANK0] B @ 1183.74755859375 (ms) to 1217.02587890625 (ms), cudaEventElapsed = 33.256446838378906 (ms)
[RANK0] W @ 1217.33349609375 (ms) to 1232.69140625 (ms), cudaEventElapsed = 15.335424423217773 (ms)
[RANK0] B @ 1279.39208984375 (ms) to 1312.635986328125 (ms), cudaEventElapsed = 33.22163009643555 (ms)
[RANK0] W @ 1312.958984375 (ms) to 1328.29931640625 (ms), cudaEventElapsed = 15.315967559814453 (ms)
[RANK0] B @ 1373.7197265625 (ms) to 1406.86669921875 (ms), cudaEventElapsed = 33.126399993896484 (ms)
[RANK0] W @ 1407.1630859375 (ms) to 1422.30224609375 (ms), cudaEventElapsed = 15.115263938903809 (ms)
[RANK0] B @ 1451.287841796875 (ms) to 1484.6708984375 (ms), cudaEventElapsed = 33.36191940307617 (ms)
[RANK0] W @ 1485.486083984375 (ms) to 1501.42041015625 (ms), cudaEventElapsed = 15.90988826751709 (ms)
[RANK0] B @ 1523.2880859375 (ms) to 1557.3056640625 (ms), cudaEventElapsed = 33.99679946899414 (ms)
[RANK0] 6W @ 1558.090087890625 (ms) to 1670.7841796875 (ms), cudaEventElapsed = 112.66867065429688 (ms)
[RANK0] Iteration 5
[RANK0] F @ 0.42236328125 (ms) to 26.292236328125 (ms), cudaEventElapsed = 25.846784591674805 (ms)
[RANK0] F @ 26.961181640625 (ms) to 53.170654296875 (ms), cudaEventElapsed = 26.186752319335938 (ms)
[RANK0] F @ 53.85498046875 (ms) to 81.544921875 (ms), cudaEventElapsed = 27.666431427001953 (ms)
[RANK0] F @ 82.218505859375 (ms) to 109.89501953125 (ms), cudaEventElapsed = 27.654144287109375 (ms)
[RANK0] F @ 110.562744140625 (ms) to 138.67529296875 (ms), cudaEventElapsed = 28.089344024658203 (ms)
[RANK0] F @ 139.333740234375 (ms) to 167.190185546875 (ms), cudaEventElapsed = 27.832319259643555 (ms)
[RANK0] F @ 167.86572265625 (ms) to 195.709228515625 (ms), cudaEventElapsed = 27.820032119750977 (ms)
[RANK0] B @ 519.93505859375 (ms) to 553.164794921875 (ms), cudaEventElapsed = 33.20320129394531 (ms)
[RANK0] F @ 553.40478515625 (ms) to 579.6240234375 (ms), cudaEventElapsed = 26.192895889282227 (ms)
[RANK0] B @ 604.95361328125 (ms) to 638.581787109375 (ms), cudaEventElapsed = 33.60563278198242 (ms)
[RANK0] F @ 638.79248046875 (ms) to 664.781005859375 (ms), cudaEventElapsed = 25.96454429626465 (ms)
[RANK0] B @ 692.02197265625 (ms) to 725.576416015625 (ms), cudaEventElapsed = 33.52985763549805 (ms)
[RANK0] F @ 725.815673828125 (ms) to 752.001953125 (ms), cudaEventElapsed = 26.160127639770508 (ms)
[RANK0] B @ 803.607421875 (ms) to 836.84912109375 (ms), cudaEventElapsed = 33.21651077270508 (ms)
[RANK0] F @ 837.060302734375 (ms) to 862.705322265625 (ms), cudaEventElapsed = 25.621503829956055 (ms)
[RANK0] B @ 893.2021484375 (ms) to 926.62939453125 (ms), cudaEventElapsed = 33.40492630004883 (ms)
[RANK0] F @ 926.8359375 (ms) to 952.928955078125 (ms), cudaEventElapsed = 26.068992614746094 (ms)
[RANK0] B @ 994.80029296875 (ms) to 1028.0380859375 (ms), cudaEventElapsed = 33.21343994140625 (ms)
[RANK0] W @ 1028.355712890625 (ms) to 1043.914794921875 (ms), cudaEventElapsed = 15.536128044128418 (ms)
[RANK0] B @ 1089.04296875 (ms) to 1122.31982421875 (ms), cudaEventElapsed = 33.25542449951172 (ms)
[RANK0] W @ 1122.640869140625 (ms) to 1137.869140625 (ms), cudaEventElapsed = 15.204352378845215 (ms)
[RANK0] B @ 1181.3349609375 (ms) to 1214.586669921875 (ms), cudaEventElapsed = 33.22880172729492 (ms)
[RANK0] W @ 1214.936279296875 (ms) to 1230.08203125 (ms), cudaEventElapsed = 15.121408462524414 (ms)
[RANK0] B @ 1280.842529296875 (ms) to 1314.041748046875 (ms), cudaEventElapsed = 33.1776008605957 (ms)
[RANK0] W @ 1314.361083984375 (ms) to 1329.359375 (ms), cudaEventElapsed = 14.973952293395996 (ms)
[RANK0] B @ 1373.309814453125 (ms) to 1406.535400390625 (ms), cudaEventElapsed = 33.20524978637695 (ms)
[RANK0] W @ 1406.879638671875 (ms) to 1422.3505859375 (ms), cudaEventElapsed = 15.447039604187012 (ms)
[RANK0] B @ 1448.584228515625 (ms) to 1482.365234375 (ms), cudaEventElapsed = 33.760257720947266 (ms)
[RANK0] W @ 1483.21337890625 (ms) to 1498.529541015625 (ms), cudaEventElapsed = 15.29036808013916 (ms)
[RANK0] B @ 1523.25146484375 (ms) to 1556.87060546875 (ms), cudaEventElapsed = 33.5994873046875 (ms)
[RANK0] 6W @ 1557.6572265625 (ms) to 1672.02783203125 (ms), cudaEventElapsed = 114.34393310546875 (ms)
[RANK0] Iteration 6
[RANK0] F @ 0.4716796875 (ms) to 26.635498046875 (ms), cudaEventElapsed = 26.1396484375 (ms)
[RANK0] F @ 27.31884765625 (ms) to 53.279296875 (ms), cudaEventElapsed = 25.93791961669922 (ms)
[RANK0] F @ 53.93798828125 (ms) to 81.387451171875 (ms), cudaEventElapsed = 27.426816940307617 (ms)
[RANK0] F @ 82.050537109375 (ms) to 109.8740234375 (ms), cudaEventElapsed = 27.800575256347656 (ms)
[RANK0] F @ 110.516845703125 (ms) to 137.787353515625 (ms), cudaEventElapsed = 27.248640060424805 (ms)
[RANK0] F @ 138.454833984375 (ms) to 166.3876953125 (ms), cudaEventElapsed = 27.908096313476562 (ms)
[RANK0] F @ 167.060791015625 (ms) to 194.683837890625 (ms), cudaEventElapsed = 27.599872589111328 (ms)
[RANK0] B @ 516.587890625 (ms) to 549.86865234375 (ms), cudaEventElapsed = 33.247230529785156 (ms)
[RANK0] F @ 550.152099609375 (ms) to 575.823974609375 (ms), cudaEventElapsed = 25.637887954711914 (ms)
[RANK0] B @ 603.802978515625 (ms) to 637.253173828125 (ms), cudaEventElapsed = 33.42438507080078 (ms)
[RANK0] F @ 637.482421875 (ms) to 663.72119140625 (ms), cudaEventElapsed = 26.214399337768555 (ms)
[RANK0] B @ 688.560302734375 (ms) to 722.27294921875 (ms), cudaEventElapsed = 33.68755340576172 (ms)
[RANK0] F @ 722.499755859375 (ms) to 748.7578125 (ms), cudaEventElapsed = 26.233856201171875 (ms)
[RANK0] B @ 800.097412109375 (ms) to 833.259033203125 (ms), cudaEventElapsed = 33.137664794921875 (ms)
[RANK0] F @ 833.4736328125 (ms) to 859.69580078125 (ms), cudaEventElapsed = 26.195968627929688 (ms)
[RANK0] B @ 892.875244140625 (ms) to 926.29248046875 (ms), cudaEventElapsed = 33.3936653137207 (ms)
[RANK0] F @ 926.516845703125 (ms) to 952.07861328125 (ms), cudaEventElapsed = 25.53651237487793 (ms)
[RANK0] B @ 991.666015625 (ms) to 1025.0302734375 (ms), cudaEventElapsed = 33.33631896972656 (ms)
[RANK0] W @ 1025.3583984375 (ms) to 1040.721435546875 (ms), cudaEventElapsed = 15.337471961975098 (ms)
[RANK0] B @ 1086.174072265625 (ms) to 1119.337646484375 (ms), cudaEventElapsed = 33.1407356262207 (ms)
[RANK0] W @ 1119.647216796875 (ms) to 1134.656494140625 (ms), cudaEventElapsed = 14.98521614074707 (ms)
[RANK0] B @ 1179.47705078125 (ms) to 1212.727783203125 (ms), cudaEventElapsed = 33.22572708129883 (ms)
[RANK0] W @ 1213.039306640625 (ms) to 1228.466064453125 (ms), cudaEventElapsed = 15.401984214782715 (ms)
[RANK0] B @ 1277.899658203125 (ms) to 1311.130615234375 (ms), cudaEventElapsed = 33.20524978637695 (ms)
[RANK0] W @ 1311.45263671875 (ms) to 1326.58349609375 (ms), cudaEventElapsed = 15.107071876525879 (ms)
[RANK0] B @ 1370.862060546875 (ms) to 1404.139404296875 (ms), cudaEventElapsed = 33.256446838378906 (ms)
[RANK0] W @ 1404.464111328125 (ms) to 1419.784912109375 (ms), cudaEventElapsed = 15.29753589630127 (ms)
[RANK0] B @ 1446.63720703125 (ms) to 1480.363037109375 (ms), cudaEventElapsed = 33.704959869384766 (ms)
[RANK0] W @ 1481.2373046875 (ms) to 1496.86572265625 (ms), cudaEventElapsed = 15.604736328125 (ms)
[RANK0] B @ 1520.496337890625 (ms) to 1554.32470703125 (ms), cudaEventElapsed = 33.8073616027832 (ms)
[RANK0] 6W @ 1555.118896484375 (ms) to 1670.227783203125 (ms), cudaEventElapsed = 115.08223724365234 (ms)
[RANK0] Iteration 7
[RANK0] F @ 0.765869140625 (ms) to 26.497802734375 (ms), cudaEventElapsed = 25.69830322265625 (ms)
[RANK0] F @ 27.320068359375 (ms) to 53.215576171875 (ms), cudaEventElapsed = 25.867263793945312 (ms)
[RANK0] F @ 53.894287109375 (ms) to 81.832275390625 (ms), cudaEventElapsed = 27.91423988342285 (ms)
[RANK0] F @ 82.538818359375 (ms) to 110.831298828125 (ms), cudaEventElapsed = 28.266496658325195 (ms)
[RANK0] F @ 111.557861328125 (ms) to 139.383544921875 (ms), cudaEventElapsed = 27.800575256347656 (ms)
[RANK0] F @ 140.062255859375 (ms) to 168.07568359375 (ms), cudaEventElapsed = 27.98899269104004 (ms)
[RANK0] F @ 168.771484375 (ms) to 196.34375 (ms), cudaEventElapsed = 27.54764747619629 (ms)
[RANK0] B @ 518.116455078125 (ms) to 551.412109375 (ms), cudaEventElapsed = 33.2677116394043 (ms)
[RANK0] F @ 551.662841796875 (ms) to 577.42138671875 (ms), cudaEventElapsed = 25.73209571838379 (ms)
[RANK0] B @ 606.52099609375 (ms) to 639.890625 (ms), cudaEventElapsed = 33.34348678588867 (ms)
[RANK0] F @ 640.126953125 (ms) to 665.826904296875 (ms), cudaEventElapsed = 25.6757755279541 (ms)
[RANK0] B @ 690.583984375 (ms) to 724.671630859375 (ms), cudaEventElapsed = 34.063358306884766 (ms)
[RANK0] F @ 724.878662109375 (ms) to 751.2412109375 (ms), cudaEventElapsed = 26.33830451965332 (ms)
[RANK0] B @ 799.8193359375 (ms) to 833.120361328125 (ms), cudaEventElapsed = 33.27692794799805 (ms)
[RANK0] F @ 833.347412109375 (ms) to 859.77001953125 (ms), cudaEventElapsed = 26.396671295166016 (ms)
[RANK0] B @ 893.322021484375 (ms) to 926.706298828125 (ms), cudaEventElapsed = 33.35475158691406 (ms)
[RANK0] F @ 926.9072265625 (ms) to 952.674560546875 (ms), cudaEventElapsed = 25.74336051940918 (ms)
[RANK0] B @ 992.6962890625 (ms) to 1026.03759765625 (ms), cudaEventElapsed = 33.314815521240234 (ms)
[RANK0] W @ 1026.381591796875 (ms) to 1041.768798828125 (ms), cudaEventElapsed = 15.362048149108887 (ms)
[RANK0] B @ 1085.478271484375 (ms) to 1118.62353515625 (ms), cudaEventElapsed = 33.123329162597656 (ms)
[RANK0] W @ 1118.947265625 (ms) to 1134.091796875 (ms), cudaEventElapsed = 15.122431755065918 (ms)
[RANK0] B @ 1178.94580078125 (ms) to 1212.18017578125 (ms), cudaEventElapsed = 33.21241760253906 (ms)
[RANK0] W @ 1212.504150390625 (ms) to 1227.691162109375 (ms), cudaEventElapsed = 15.164416313171387 (ms)
[RANK0] B @ 1278.263916015625 (ms) to 1311.452392578125 (ms), cudaEventElapsed = 33.16633605957031 (ms)
[RANK0] W @ 1311.77587890625 (ms) to 1326.806640625 (ms), cudaEventElapsed = 15.007743835449219 (ms)
[RANK0] B @ 1371.1943359375 (ms) to 1404.395263671875 (ms), cudaEventElapsed = 33.179649353027344 (ms)
[RANK0] W @ 1404.696533203125 (ms) to 1419.967529296875 (ms), cudaEventElapsed = 15.249407768249512 (ms)
[RANK0] B @ 1446.7421875 (ms) to 1480.398681640625 (ms), cudaEventElapsed = 33.6363525390625 (ms)
[RANK0] W @ 1481.24658203125 (ms) to 1496.71533203125 (ms), cudaEventElapsed = 15.444992065429688 (ms)
[RANK0] B @ 1520.75 (ms) to 1554.54833984375 (ms), cudaEventElapsed = 33.77766418457031 (ms)
[RANK0] 6W @ 1555.326416015625 (ms) to 1670.783447265625 (ms), cudaEventElapsed = 115.43244934082031 (ms)
[RANK0] Iteration 8
[RANK0] F @ 0.4287109375 (ms) to 26.04296875 (ms), cudaEventElapsed = 25.590784072875977 (ms)
[RANK0] F @ 26.715087890625 (ms) to 53.5 (ms), cudaEventElapsed = 26.762239456176758 (ms)
[RANK0] F @ 54.160888671875 (ms) to 81.460205078125 (ms), cudaEventElapsed = 27.276287078857422 (ms)
[RANK0] F @ 82.125244140625 (ms) to 110.06591796875 (ms), cudaEventElapsed = 27.917312622070312 (ms)
[RANK0] F @ 110.7216796875 (ms) to 138.507080078125 (ms), cudaEventElapsed = 27.76371192932129 (ms)
[RANK0] F @ 139.166259765625 (ms) to 166.973876953125 (ms), cudaEventElapsed = 27.784191131591797 (ms)
[RANK0] F @ 167.646728515625 (ms) to 195.4208984375 (ms), cudaEventElapsed = 27.75142478942871 (ms)
[RANK0] B @ 517.545654296875 (ms) to 550.8837890625 (ms), cudaEventElapsed = 33.311744689941406 (ms)
[RANK0] F @ 551.115966796875 (ms) to 577.235107421875 (ms), cudaEventElapsed = 26.09663963317871 (ms)
[RANK0] B @ 602.950439453125 (ms) to 636.567138671875 (ms), cudaEventElapsed = 33.59436798095703 (ms)
[RANK0] F @ 636.775634765625 (ms) to 662.06396484375 (ms), cudaEventElapsed = 25.265151977539062 (ms)
[RANK0] B @ 688.81005859375 (ms) to 722.229248046875 (ms), cudaEventElapsed = 33.395713806152344 (ms)
[RANK0] F @ 722.43408203125 (ms) to 749.179931640625 (ms), cudaEventElapsed = 26.72230339050293 (ms)
[RANK0] B @ 800.9833984375 (ms) to 834.19384765625 (ms), cudaEventElapsed = 33.18476867675781 (ms)
[RANK0] F @ 834.453857421875 (ms) to 860.139892578125 (ms), cudaEventElapsed = 25.663488388061523 (ms)
[RANK0] B @ 891.975341796875 (ms) to 925.27978515625 (ms), cudaEventElapsed = 33.28102493286133 (ms)
[RANK0] F @ 925.478515625 (ms) to 951.47265625 (ms), cudaEventElapsed = 25.968639373779297 (ms)
[RANK0] B @ 992.4404296875 (ms) to 1025.662841796875 (ms), cudaEventElapsed = 33.19705581665039 (ms)
[RANK0] W @ 1025.9892578125 (ms) to 1041.14013671875 (ms), cudaEventElapsed = 15.127552032470703 (ms)
[RANK0] B @ 1086.794677734375 (ms) to 1120.0791015625 (ms), cudaEventElapsed = 33.261566162109375 (ms)
[RANK0] W @ 1120.395751953125 (ms) to 1135.872802734375 (ms), cudaEventElapsed = 15.454208374023438 (ms)
[RANK0] B @ 1178.68896484375 (ms) to 1212.019287109375 (ms), cudaEventElapsed = 33.305599212646484 (ms)
[RANK0] W @ 1212.3505859375 (ms) to 1227.812255859375 (ms), cudaEventElapsed = 15.437824249267578 (ms)
[RANK0] B @ 1277.91845703125 (ms) to 1311.202880859375 (ms), cudaEventElapsed = 33.26054382324219 (ms)
[RANK0] W @ 1311.533935546875 (ms) to 1326.843994140625 (ms), cudaEventElapsed = 15.286272048950195 (ms)
[RANK0] B @ 1371.87158203125 (ms) to 1404.99755859375 (ms), cudaEventElapsed = 33.105918884277344 (ms)
[RANK0] W @ 1405.291259765625 (ms) to 1420.4296875 (ms), cudaEventElapsed = 15.111167907714844 (ms)
[RANK0] B @ 1448.40869140625 (ms) to 1481.90966796875 (ms), cudaEventElapsed = 33.479679107666016 (ms)
[RANK0] W @ 1482.81884765625 (ms) to 1498.639892578125 (ms), cudaEventElapsed = 15.796223640441895 (ms)
[RANK0] B @ 1521.084716796875 (ms) to 1555.32373046875 (ms), cudaEventElapsed = 34.21798324584961 (ms)
[RANK0] 6W @ 1556.10595703125 (ms) to 1669.306640625 (ms), cudaEventElapsed = 113.17657470703125 (ms)
[RANK0] Iteration 9
[RANK0] F @ 0.429443359375 (ms) to 26.3828125 (ms), cudaEventElapsed = 25.92972755432129 (ms)
[RANK0] F @ 27.041015625 (ms) to 53.592041015625 (ms), cudaEventElapsed = 26.52876853942871 (ms)
[RANK0] F @ 54.2607421875 (ms) to 82.234619140625 (ms), cudaEventElapsed = 27.95110321044922 (ms)
[RANK0] F @ 82.90869140625 (ms) to 110.665283203125 (ms), cudaEventElapsed = 27.73299217224121 (ms)
[RANK0] F @ 111.311279296875 (ms) to 139.45068359375 (ms), cudaEventElapsed = 28.10982322692871 (ms)
[RANK0] F @ 140.10888671875 (ms) to 168.047119140625 (ms), cudaEventElapsed = 27.91423988342285 (ms)
[RANK0] F @ 168.7177734375 (ms) to 196.59130859375 (ms), cudaEventElapsed = 27.849727630615234 (ms)
[RANK0] B @ 520.446044921875 (ms) to 553.67919921875 (ms), cudaEventElapsed = 33.20729446411133 (ms)
[RANK0] F @ 553.9130859375 (ms) to 580.135498046875 (ms), cudaEventElapsed = 26.198015213012695 (ms)
[RANK0] B @ 605.761962890625 (ms) to 639.5576171875 (ms), cudaEventElapsed = 33.77151870727539 (ms)
[RANK0] F @ 639.78271484375 (ms) to 666.05078125 (ms), cudaEventElapsed = 26.244096755981445 (ms)
[RANK0] B @ 692.691650390625 (ms) to 726.3212890625 (ms), cudaEventElapsed = 33.60665512084961 (ms)
[RANK0] F @ 726.5283203125 (ms) to 752.827392578125 (ms), cudaEventElapsed = 26.274816513061523 (ms)
[RANK0] B @ 805.39453125 (ms) to 838.703125 (ms), cudaEventElapsed = 33.284095764160156 (ms)
[RANK0] F @ 838.92041015625 (ms) to 865.145263671875 (ms), cudaEventElapsed = 26.200063705444336 (ms)
[RANK0] B @ 893.942138671875 (ms) to 927.44189453125 (ms), cudaEventElapsed = 33.477630615234375 (ms)
[RANK0] F @ 927.645751953125 (ms) to 954.081298828125 (ms), cudaEventElapsed = 26.414079666137695 (ms)
[RANK0] B @ 995.445068359375 (ms) to 1028.697021484375 (ms), cudaEventElapsed = 33.2308464050293 (ms)
[RANK0] W @ 1029.129150390625 (ms) to 1044.847412109375 (ms), cudaEventElapsed = 15.696895599365234 (ms)
[RANK0] B @ 1090.85498046875 (ms) to 1124.07373046875 (ms), cudaEventElapsed = 33.19705581665039 (ms)
[RANK0] W @ 1124.39599609375 (ms) to 1139.637451171875 (ms), cudaEventElapsed = 15.218688011169434 (ms)
[RANK0] B @ 1183.028076171875 (ms) to 1216.271240234375 (ms), cudaEventElapsed = 33.22163009643555 (ms)
[RANK0] W @ 1216.5849609375 (ms) to 1231.9013671875 (ms), cudaEventElapsed = 15.294464111328125 (ms)
[RANK0] B @ 1281.53125 (ms) to 1314.765380859375 (ms), cudaEventElapsed = 33.21036911010742 (ms)
[RANK0] W @ 1315.05615234375 (ms) to 1330.1953125 (ms), cudaEventElapsed = 15.118335723876953 (ms)
[RANK0] B @ 1376.5732421875 (ms) to 1409.72705078125 (ms), cudaEventElapsed = 33.133567810058594 (ms)
[RANK0] W @ 1410.04345703125 (ms) to 1425.421142578125 (ms), cudaEventElapsed = 15.354880332946777 (ms)
[RANK0] B @ 1452.035888671875 (ms) to 1485.5546875 (ms), cudaEventElapsed = 33.498111724853516 (ms)
[RANK0] W @ 1485.857177734375 (ms) to 1501.385986328125 (ms), cudaEventElapsed = 15.502335548400879 (ms)
[RANK0] B @ 1525.5537109375 (ms) to 1559.323974609375 (ms), cudaEventElapsed = 33.74796676635742 (ms)
[RANK0] 6W @ 1560.183837890625 (ms) to 1674.255126953125 (ms), cudaEventElapsed = 114.03981018066406 (ms)
