[RANK1] Iteration 1
[RANK1] F @ 528.175048828125 (ms) to 690.107177734375 (ms), cudaEventElapsed = 161.89439392089844 (ms)
[RANK1] F @ 691.509521484375 (ms) to 725.33154296875 (ms), cudaEventElapsed = 33.79609680175781 (ms)
[RANK1] F @ 726.73388671875 (ms) to 762.97412109375 (ms), cudaEventElapsed = 36.2158088684082 (ms)
[RANK1] F @ 764.285400390625 (ms) to 800.26904296875 (ms), cudaEventElapsed = 35.959808349609375 (ms)
[RANK1] F @ 801.56494140625 (ms) to 837.461181640625 (ms), cudaEventElapsed = 35.8656005859375 (ms)
[RANK1] B @ 1528.495361328125 (ms) to 1581.661376953125 (ms), cudaEventElapsed = 53.140480041503906 (ms)
[RANK1] F @ 1582.92822265625 (ms) to 1614.79736328125 (ms), cudaEventElapsed = 31.84332847595215 (ms)
[RANK1] B @ 1616.400390625 (ms) to 1661.21337890625 (ms), cudaEventElapsed = 44.78976058959961 (ms)
[RANK1] F @ 1662.416015625 (ms) to 1696.020751953125 (ms), cudaEventElapsed = 33.58310317993164 (ms)
[RANK1] B @ 1697.423095703125 (ms) to 1741.7041015625 (ms), cudaEventElapsed = 44.25523376464844 (ms)
[RANK1] F @ 1743.106201171875 (ms) to 1776.573974609375 (ms), cudaEventElapsed = 33.44588851928711 (ms)
[RANK1] B @ 1777.9619140625 (ms) to 1822.2119140625 (ms), cudaEventElapsed = 44.22758483886719 (ms)
[RANK1] F @ 1823.4384765625 (ms) to 1856.825927734375 (ms), cudaEventElapsed = 33.36191940307617 (ms)
[RANK1] B @ 1858.42529296875 (ms) to 1902.8818359375 (ms), cudaEventElapsed = 44.4323844909668 (ms)
[RANK1] F @ 1904.095703125 (ms) to 1937.84326171875 (ms), cudaEventElapsed = 33.725440979003906 (ms)
[RANK1] B @ 1939.24755859375 (ms) to 1983.3662109375 (ms), cudaEventElapsed = 44.088321685791016 (ms)
[RANK1] F @ 1984.776611328125 (ms) to 2017.862548828125 (ms), cudaEventElapsed = 33.063934326171875 (ms)
[RANK1] B @ 2019.184326171875 (ms) to 2062.764404296875 (ms), cudaEventElapsed = 43.55788803100586 (ms)
[RANK1] F @ 2063.9794921875 (ms) to 2096.969970703125 (ms), cudaEventElapsed = 32.967681884765625 (ms)
[RANK1] B @ 2098.289306640625 (ms) to 2142.146240234375 (ms), cudaEventElapsed = 43.83436965942383 (ms)
[RANK1] W @ 2142.883056640625 (ms) to 2163.971923828125 (ms), cudaEventElapsed = 21.06777572631836 (ms)
[RANK1] B @ 2170.37255859375 (ms) to 2211.62353515625 (ms), cudaEventElapsed = 41.229312896728516 (ms)
[RANK1] W @ 2212.385986328125 (ms) to 2231.927490234375 (ms), cudaEventElapsed = 19.519487380981445 (ms)
[RANK1] B @ 2252.37109375 (ms) to 2292.473388671875 (ms), cudaEventElapsed = 40.0814094543457 (ms)
[RANK1] W @ 2293.455322265625 (ms) to 2312.655029296875 (ms), cudaEventElapsed = 19.176448822021484 (ms)
[RANK1] B @ 2318.320068359375 (ms) to 2359.911376953125 (ms), cudaEventElapsed = 41.57030487060547 (ms)
[RANK1] W @ 2360.639892578125 (ms) to 2380.62158203125 (ms), cudaEventElapsed = 19.957759857177734 (ms)
[RANK1] B @ 2381.427978515625 (ms) to 2423.607666015625 (ms), cudaEventElapsed = 42.15910339355469 (ms)
[RANK1] 8W @ 2425.022705078125 (ms) to 2594.46484375 (ms), cudaEventElapsed = 169.4167022705078 (ms)
[RANK1] Iteration 2
[RANK1] F @ 31.86474609375 (ms) to 63.601318359375 (ms), cudaEventElapsed = 31.711231231689453 (ms)
[RANK1] F @ 64.92822265625 (ms) to 99.0625 (ms), cudaEventElapsed = 34.111488342285156 (ms)
[RANK1] F @ 100.38232421875 (ms) to 136.77587890625 (ms), cudaEventElapsed = 36.36735916137695 (ms)
[RANK1] F @ 138.154541015625 (ms) to 174.750732421875 (ms), cudaEventElapsed = 36.56806564331055 (ms)
[RANK1] F @ 176.06689453125 (ms) to 339.65087890625 (ms), cudaEventElapsed = 163.56045532226562 (ms)
[RANK1] B @ 341.4462890625 (ms) to 384.126953125 (ms), cudaEventElapsed = 42.65779113769531 (ms)
[RANK1] F @ 386.0 (ms) to 421.470703125 (ms), cudaEventElapsed = 35.44985580444336 (ms)
[RANK1] B @ 423.107666015625 (ms) to 469.474365234375 (ms), cudaEventElapsed = 46.34009552001953 (ms)
[RANK1] F @ 470.728759765625 (ms) to 506.076904296875 (ms), cudaEventElapsed = 35.32697677612305 (ms)
[RANK1] B @ 507.453369140625 (ms) to 552.816650390625 (ms), cudaEventElapsed = 45.334529876708984 (ms)
[RANK1] F @ 554.05810546875 (ms) to 589.1552734375 (ms), cudaEventElapsed = 35.07609558105469 (ms)
[RANK1] B @ 590.52099609375 (ms) to 635.52099609375 (ms), cudaEventElapsed = 44.97612762451172 (ms)
[RANK1] F @ 672.13134765625 (ms) to 703.61279296875 (ms), cudaEventElapsed = 31.458303451538086 (ms)
[RANK1] B @ 704.98291015625 (ms) to 748.971435546875 (ms), cudaEventElapsed = 43.9633903503418 (ms)
[RANK1] F @ 750.224365234375 (ms) to 785.83544921875 (ms), cudaEventElapsed = 35.58911895751953 (ms)
[RANK1] B @ 787.217529296875 (ms) to 832.37158203125 (ms), cudaEventElapsed = 45.12870407104492 (ms)
[RANK1] F @ 833.63818359375 (ms) to 868.66552734375 (ms), cudaEventElapsed = 35.004417419433594 (ms)
[RANK1] B @ 870.003173828125 (ms) to 915.21435546875 (ms), cudaEventElapsed = 45.18809509277344 (ms)
[RANK1] F @ 916.437744140625 (ms) to 951.45361328125 (ms), cudaEventElapsed = 34.9931526184082 (ms)
[RANK1] B @ 952.76953125 (ms) to 997.82666015625 (ms), cudaEventElapsed = 45.03449630737305 (ms)
[RANK1] W @ 998.593505859375 (ms) to 1021.322265625 (ms), cudaEventElapsed = 22.70515251159668 (ms)
[RANK1] B @ 1032.13525390625 (ms) to 1077.148193359375 (ms), cudaEventElapsed = 44.99148941040039 (ms)
[RANK1] W @ 1077.880126953125 (ms) to 1100.182373046875 (ms), cudaEventElapsed = 22.28121566772461 (ms)
[RANK1] B @ 1115.388916015625 (ms) to 1159.28466796875 (ms), cudaEventElapsed = 43.875328063964844 (ms)
[RANK1] W @ 1160.030029296875 (ms) to 1182.55322265625 (ms), cudaEventElapsed = 22.502399444580078 (ms)
[RANK1] B @ 1189.64013671875 (ms) to 1239.610595703125 (ms), cudaEventElapsed = 49.9496955871582 (ms)
[RANK1] W @ 1240.38330078125 (ms) to 1264.869384765625 (ms), cudaEventElapsed = 24.464384078979492 (ms)
[RANK1] B @ 1265.64111328125 (ms) to 1312.884765625 (ms), cudaEventElapsed = 47.222782135009766 (ms)
[RANK1] 8W @ 1314.76806640625 (ms) to 1529.87890625 (ms), cudaEventElapsed = 215.0830078125 (ms)
[RANK1] Iteration 3
[RANK1] F @ 92.18505859375 (ms) to 123.517578125 (ms), cudaEventElapsed = 31.307775497436523 (ms)
[RANK1] F @ 124.862548828125 (ms) to 158.41357421875 (ms), cudaEventElapsed = 33.528831481933594 (ms)
[RANK1] F @ 159.734375 (ms) to 196.24658203125 (ms), cudaEventElapsed = 36.48409652709961 (ms)
[RANK1] F @ 197.538330078125 (ms) to 233.8974609375 (ms), cudaEventElapsed = 36.33766555786133 (ms)
[RANK1] F @ 235.181884765625 (ms) to 271.73974609375 (ms), cudaEventElapsed = 36.53120040893555 (ms)
[RANK1] B @ 413.685302734375 (ms) to 454.660888671875 (ms), cudaEventElapsed = 40.95180892944336 (ms)
[RANK1] F @ 455.907958984375 (ms) to 489.93408203125 (ms), cudaEventElapsed = 34.0049934387207 (ms)
[RANK1] B @ 496.834716796875 (ms) to 542.2255859375 (ms), cudaEventElapsed = 45.37036895751953 (ms)
[RANK1] F @ 543.4716796875 (ms) to 578.221435546875 (ms), cudaEventElapsed = 34.72691345214844 (ms)
[RANK1] B @ 579.617431640625 (ms) to 624.760498046875 (ms), cudaEventElapsed = 45.12153625488281 (ms)
[RANK1] F @ 645.317138671875 (ms) to 677.59375 (ms), cudaEventElapsed = 32.25395202636719 (ms)
[RANK1] B @ 697.8701171875 (ms) to 739.537841796875 (ms), cudaEventElapsed = 41.646080017089844 (ms)
[RANK1] F @ 740.796875 (ms) to 775.075927734375 (ms), cudaEventElapsed = 34.25894546508789 (ms)
[RANK1] B @ 790.275146484375 (ms) to 832.968505859375 (ms), cudaEventElapsed = 42.6690559387207 (ms)
[RANK1] F @ 834.224609375 (ms) to 868.807861328125 (ms), cudaEventElapsed = 34.5610237121582 (ms)
[RANK1] B @ 886.4345703125 (ms) to 929.12060546875 (ms), cudaEventElapsed = 42.660865783691406 (ms)
[RANK1] F @ 930.359375 (ms) to 965.15087890625 (ms), cudaEventElapsed = 34.769920349121094 (ms)
[RANK1] B @ 982.583740234375 (ms) to 1024.969482421875 (ms), cudaEventElapsed = 42.36492919921875 (ms)
[RANK1] F @ 1026.20068359375 (ms) to 1059.649169921875 (ms), cudaEventElapsed = 33.42745590209961 (ms)
[RANK1] B @ 1077.8984375 (ms) to 1121.633544921875 (ms), cudaEventElapsed = 43.71353530883789 (ms)
[RANK1] W @ 1122.408935546875 (ms) to 1145.4150390625 (ms), cudaEventElapsed = 22.983680725097656 (ms)
[RANK1] B @ 1174.42431640625 (ms) to 1215.87060546875 (ms), cudaEventElapsed = 41.42387390136719 (ms)
[RANK1] W @ 1216.659423828125 (ms) to 1239.334228515625 (ms), cudaEventElapsed = 22.65292739868164 (ms)
[RANK1] B @ 1267.45703125 (ms) to 1309.5654296875 (ms), cudaEventElapsed = 42.08639907836914 (ms)
[RANK1] W @ 1310.33740234375 (ms) to 1332.351806640625 (ms), cudaEventElapsed = 21.992448806762695 (ms)
[RANK1] B @ 1341.349853515625 (ms) to 1387.20068359375 (ms), cudaEventElapsed = 45.82912063598633 (ms)
[RANK1] W @ 1387.971435546875 (ms) to 1410.6875 (ms), cudaEventElapsed = 22.69388771057129 (ms)
[RANK1] B @ 1412.307373046875 (ms) to 1459.163330078125 (ms), cudaEventElapsed = 46.83366394042969 (ms)
[RANK1] 8W @ 1461.078369140625 (ms) to 1677.31640625 (ms), cudaEventElapsed = 216.20941162109375 (ms)
[RANK1] Iteration 4
[RANK1] F @ 92.574951171875 (ms) to 124.02783203125 (ms), cudaEventElapsed = 31.427583694458008 (ms)
[RANK1] F @ 125.36669921875 (ms) to 159.031494140625 (ms), cudaEventElapsed = 33.64352035522461 (ms)
[RANK1] F @ 160.3505859375 (ms) to 197.1982421875 (ms), cudaEventElapsed = 36.822017669677734 (ms)
[RANK1] F @ 198.511474609375 (ms) to 234.930908203125 (ms), cudaEventElapsed = 36.397056579589844 (ms)
[RANK1] F @ 236.231689453125 (ms) to 272.775146484375 (ms), cudaEventElapsed = 36.517887115478516 (ms)
[RANK1] B @ 413.0341796875 (ms) to 454.018310546875 (ms), cudaEventElapsed = 40.9620475769043 (ms)
[RANK1] F @ 455.249267578125 (ms) to 489.582275390625 (ms), cudaEventElapsed = 34.312191009521484 (ms)
[RANK1] B @ 497.067626953125 (ms) to 541.35595703125 (ms), cudaEventElapsed = 44.267520904541016 (ms)
[RANK1] F @ 542.576904296875 (ms) to 577.26318359375 (ms), cudaEventElapsed = 34.66444778442383 (ms)
[RANK1] B @ 579.49169921875 (ms) to 624.826904296875 (ms), cudaEventElapsed = 45.314048767089844 (ms)
[RANK1] F @ 645.078125 (ms) to 677.114990234375 (ms), cudaEventElapsed = 32.01536178588867 (ms)
[RANK1] B @ 696.9833984375 (ms) to 738.49951171875 (ms), cudaEventElapsed = 41.48223876953125 (ms)
[RANK1] F @ 739.765625 (ms) to 774.578857421875 (ms), cudaEventElapsed = 34.79244613647461 (ms)
[RANK1] B @ 787.863037109375 (ms) to 831.1884765625 (ms), cudaEventElapsed = 43.300865173339844 (ms)
[RANK1] F @ 832.47119140625 (ms) to 867.581787109375 (ms), cudaEventElapsed = 35.08940887451172 (ms)
[RANK1] B @ 885.796875 (ms) to 928.252685546875 (ms), cudaEventElapsed = 42.431488037109375 (ms)
[RANK1] F @ 929.49365234375 (ms) to 963.51025390625 (ms), cudaEventElapsed = 33.9947509765625 (ms)
[RANK1] B @ 981.698486328125 (ms) to 1023.867431640625 (ms), cudaEventElapsed = 42.14169692993164 (ms)
[RANK1] F @ 1025.121337890625 (ms) to 1059.332763671875 (ms), cudaEventElapsed = 34.18931198120117 (ms)
[RANK1] B @ 1076.864990234375 (ms) to 1119.31884765625 (ms), cudaEventElapsed = 42.433536529541016 (ms)
[RANK1] W @ 1120.067626953125 (ms) to 1143.24072265625 (ms), cudaEventElapsed = 23.151615142822266 (ms)
[RANK1] B @ 1173.167236328125 (ms) to 1214.935302734375 (ms), cudaEventElapsed = 41.74540710449219 (ms)
[RANK1] W @ 1215.71923828125 (ms) to 1237.95703125 (ms), cudaEventElapsed = 22.214656829833984 (ms)
[RANK1] B @ 1266.96142578125 (ms) to 1308.899169921875 (ms), cudaEventElapsed = 41.91436767578125 (ms)
[RANK1] W @ 1309.660400390625 (ms) to 1331.597412109375 (ms), cudaEventElapsed = 21.91360092163086 (ms)
[RANK1] B @ 1341.493896484375 (ms) to 1387.135498046875 (ms), cudaEventElapsed = 45.621246337890625 (ms)
[RANK1] W @ 1387.91064453125 (ms) to 1410.7333984375 (ms), cudaEventElapsed = 22.800384521484375 (ms)
[RANK1] B @ 1412.411376953125 (ms) to 1459.0224609375 (ms), cudaEventElapsed = 46.58995056152344 (ms)
[RANK1] 8W @ 1460.95947265625 (ms) to 1674.0087890625 (ms), cudaEventElapsed = 213.0196533203125 (ms)
[RANK1] Iteration 5
[RANK1] F @ 92.63037109375 (ms) to 124.00732421875 (ms), cudaEventElapsed = 31.350784301757812 (ms)
[RANK1] F @ 125.331787109375 (ms) to 159.357666015625 (ms), cudaEventElapsed = 34.00089645385742 (ms)
[RANK1] F @ 160.69677734375 (ms) to 197.625244140625 (ms), cudaEventElapsed = 36.903934478759766 (ms)
[RANK1] F @ 198.944091796875 (ms) to 235.659423828125 (ms), cudaEventElapsed = 36.689918518066406 (ms)
[RANK1] F @ 237.0185546875 (ms) to 272.971435546875 (ms), cudaEventElapsed = 35.928062438964844 (ms)
[RANK1] B @ 413.37109375 (ms) to 454.4208984375 (ms), cudaEventElapsed = 41.024513244628906 (ms)
[RANK1] F @ 455.67724609375 (ms) to 489.159423828125 (ms), cudaEventElapsed = 33.46022415161133 (ms)
[RANK1] B @ 496.543212890625 (ms) to 540.252685546875 (ms), cudaEventElapsed = 43.68588638305664 (ms)
[RANK1] F @ 541.499267578125 (ms) to 576.34130859375 (ms), cudaEventElapsed = 34.81907272338867 (ms)
[RANK1] B @ 581.6689453125 (ms) to 627.25732421875 (ms), cudaEventElapsed = 45.56800079345703 (ms)
[RANK1] F @ 645.74755859375 (ms) to 677.801513671875 (ms), cudaEventElapsed = 32.031742095947266 (ms)
[RANK1] B @ 696.875732421875 (ms) to 738.9296875 (ms), cudaEventElapsed = 42.02803039550781 (ms)
[RANK1] F @ 740.177734375 (ms) to 774.666259765625 (ms), cudaEventElapsed = 34.467838287353516 (ms)
[RANK1] B @ 784.89990234375 (ms) to 828.871826171875 (ms), cudaEventElapsed = 43.94700622558594 (ms)
[RANK1] F @ 830.119873046875 (ms) to 864.6259765625 (ms), cudaEventElapsed = 34.48320007324219 (ms)
[RANK1] B @ 888.509033203125 (ms) to 930.372802734375 (ms), cudaEventElapsed = 41.83961486816406 (ms)
[RANK1] F @ 931.650146484375 (ms) to 965.836669921875 (ms), cudaEventElapsed = 34.164737701416016 (ms)
[RANK1] B @ 981.886474609375 (ms) to 1024.45556640625 (ms), cudaEventElapsed = 42.54412841796875 (ms)
[RANK1] F @ 1025.703125 (ms) to 1060.537109375 (ms), cudaEventElapsed = 34.81190490722656 (ms)
[RANK1] B @ 1073.61572265625 (ms) to 1117.02490234375 (ms), cudaEventElapsed = 43.38790512084961 (ms)
[RANK1] W @ 1117.79931640625 (ms) to 1140.346923828125 (ms), cudaEventElapsed = 22.525951385498047 (ms)
[RANK1] B @ 1174.6640625 (ms) to 1216.4189453125 (ms), cudaEventElapsed = 41.73311996459961 (ms)
[RANK1] W @ 1217.2001953125 (ms) to 1238.842041015625 (ms), cudaEventElapsed = 21.619712829589844 (ms)
[RANK1] B @ 1267.3193359375 (ms) to 1309.01416015625 (ms), cudaEventElapsed = 41.67475128173828 (ms)
[RANK1] W @ 1309.773681640625 (ms) to 1332.023681640625 (ms), cudaEventElapsed = 22.226943969726562 (ms)
[RANK1] B @ 1339.840576171875 (ms) to 1384.441650390625 (ms), cudaEventElapsed = 44.58086395263672 (ms)
[RANK1] W @ 1385.20068359375 (ms) to 1408.778564453125 (ms), cudaEventElapsed = 23.557119369506836 (ms)
[RANK1] B @ 1413.396240234375 (ms) to 1458.946044921875 (ms), cudaEventElapsed = 45.52908706665039 (ms)
[RANK1] 8W @ 1460.85888671875 (ms) to 1673.206298828125 (ms), cudaEventElapsed = 212.31411743164062 (ms)
[RANK1] Iteration 6
[RANK1] F @ 92.7890625 (ms) to 124.10009765625 (ms), cudaEventElapsed = 31.283199310302734 (ms)
[RANK1] F @ 125.452392578125 (ms) to 159.659912109375 (ms), cudaEventElapsed = 34.18214416503906 (ms)
[RANK1] F @ 161.014404296875 (ms) to 196.944091796875 (ms), cudaEventElapsed = 35.904510498046875 (ms)
[RANK1] F @ 198.296142578125 (ms) to 234.07177734375 (ms), cudaEventElapsed = 35.7498893737793 (ms)
[RANK1] F @ 235.4267578125 (ms) to 271.01611328125 (ms), cudaEventElapsed = 35.562496185302734 (ms)
[RANK1] B @ 410.959228515625 (ms) to 451.959716796875 (ms), cudaEventElapsed = 40.978431701660156 (ms)
[RANK1] F @ 453.204833984375 (ms) to 487.34326171875 (ms), cudaEventElapsed = 34.116607666015625 (ms)
[RANK1] B @ 494.232666015625 (ms) to 539.25341796875 (ms), cudaEventElapsed = 44.9986572265625 (ms)
[RANK1] F @ 540.44677734375 (ms) to 574.987060546875 (ms), cudaEventElapsed = 34.519039154052734 (ms)
[RANK1] B @ 579.751708984375 (ms) to 624.0859375 (ms), cudaEventElapsed = 44.31257629394531 (ms)
[RANK1] F @ 642.060302734375 (ms) to 674.623046875 (ms), cudaEventElapsed = 32.540672302246094 (ms)
[RANK1] B @ 694.006103515625 (ms) to 735.611328125 (ms), cudaEventElapsed = 41.57952117919922 (ms)
[RANK1] F @ 736.850830078125 (ms) to 770.961669921875 (ms), cudaEventElapsed = 34.08998489379883 (ms)
[RANK1] B @ 785.93994140625 (ms) to 828.5537109375 (ms), cudaEventElapsed = 42.58816146850586 (ms)
[RANK1] F @ 829.8291015625 (ms) to 864.114990234375 (ms), cudaEventElapsed = 34.26406478881836 (ms)
[RANK1] B @ 885.19921875 (ms) to 927.248046875 (ms), cudaEventElapsed = 42.021888732910156 (ms)
[RANK1] F @ 928.5009765625 (ms) to 963.03173828125 (ms), cudaEventElapsed = 34.5088005065918 (ms)
[RANK1] B @ 978.565673828125 (ms) to 1021.599365234375 (ms), cudaEventElapsed = 43.0120964050293 (ms)
[RANK1] F @ 1022.82568359375 (ms) to 1057.147216796875 (ms), cudaEventElapsed = 34.29888153076172 (ms)
[RANK1] B @ 1072.4814453125 (ms) to 1115.109375 (ms), cudaEventElapsed = 42.606590270996094 (ms)
[RANK1] W @ 1115.851806640625 (ms) to 1138.665283203125 (ms), cudaEventElapsed = 22.791168212890625 (ms)
[RANK1] B @ 1171.9755859375 (ms) to 1213.426513671875 (ms), cudaEventElapsed = 41.428993225097656 (ms)
[RANK1] W @ 1214.1650390625 (ms) to 1236.994140625 (ms), cudaEventElapsed = 22.808576583862305 (ms)
[RANK1] B @ 1264.5146484375 (ms) to 1306.447021484375 (ms), cudaEventElapsed = 41.9051513671875 (ms)
[RANK1] W @ 1307.212158203125 (ms) to 1329.529541015625 (ms), cudaEventElapsed = 22.29350471496582 (ms)
[RANK1] B @ 1336.323974609375 (ms) to 1382.463134765625 (ms), cudaEventElapsed = 46.11891174316406 (ms)
[RANK1] W @ 1383.242919921875 (ms) to 1406.734130859375 (ms), cudaEventElapsed = 23.465984344482422 (ms)
[RANK1] B @ 1409.0009765625 (ms) to 1456.173583984375 (ms), cudaEventElapsed = 47.15212631225586 (ms)
[RANK1] 8W @ 1458.05029296875 (ms) to 1670.561279296875 (ms), cudaEventElapsed = 212.47897338867188 (ms)
[RANK1] Iteration 7
[RANK1] F @ 93.007568359375 (ms) to 124.319580078125 (ms), cudaEventElapsed = 31.286272048950195 (ms)
[RANK1] F @ 125.626220703125 (ms) to 159.8935546875 (ms), cudaEventElapsed = 34.23436737060547 (ms)
[RANK1] F @ 161.21337890625 (ms) to 197.299560546875 (ms), cudaEventElapsed = 36.06220626831055 (ms)
[RANK1] F @ 198.59375 (ms) to 234.667236328125 (ms), cudaEventElapsed = 36.05094528198242 (ms)
[RANK1] F @ 235.947021484375 (ms) to 272.00830078125 (ms), cudaEventElapsed = 36.03763198852539 (ms)
[RANK1] B @ 412.197998046875 (ms) to 453.1826171875 (ms), cudaEventElapsed = 40.9620475769043 (ms)
[RANK1] F @ 454.42236328125 (ms) to 488.300048828125 (ms), cudaEventElapsed = 33.856510162353516 (ms)
[RANK1] B @ 497.774169921875 (ms) to 541.818359375 (ms), cudaEventElapsed = 44.023807525634766 (ms)
[RANK1] F @ 543.011962890625 (ms) to 577.36181640625 (ms), cudaEventElapsed = 34.328575134277344 (ms)
[RANK1] B @ 581.358154296875 (ms) to 625.718994140625 (ms), cudaEventElapsed = 44.33919906616211 (ms)
[RANK1] F @ 643.586669921875 (ms) to 676.1552734375 (ms), cudaEventElapsed = 32.5478401184082 (ms)
[RANK1] B @ 693.611572265625 (ms) to 735.33837890625 (ms), cudaEventElapsed = 41.70547103881836 (ms)
[RANK1] F @ 736.53857421875 (ms) to 770.536865234375 (ms), cudaEventElapsed = 33.97836685180664 (ms)
[RANK1] B @ 786.514404296875 (ms) to 828.969482421875 (ms), cudaEventElapsed = 42.426368713378906 (ms)
[RANK1] F @ 830.20947265625 (ms) to 864.859375 (ms), cudaEventElapsed = 34.62860870361328 (ms)
[RANK1] B @ 886.4228515625 (ms) to 928.26171875 (ms), cudaEventElapsed = 41.815040588378906 (ms)
[RANK1] F @ 929.4765625 (ms) to 963.973876953125 (ms), cudaEventElapsed = 34.47603225708008 (ms)
[RANK1] B @ 977.82763671875 (ms) to 1020.927001953125 (ms), cudaEventElapsed = 43.077632904052734 (ms)
[RANK1] F @ 1022.13671875 (ms) to 1056.0751953125 (ms), cudaEventElapsed = 33.916927337646484 (ms)
[RANK1] B @ 1072.06787109375 (ms) to 1114.614013671875 (ms), cudaEventElapsed = 42.52467346191406 (ms)
[RANK1] W @ 1115.359375 (ms) to 1138.042724609375 (ms), cudaEventElapsed = 22.66111946105957 (ms)
[RANK1] B @ 1172.500732421875 (ms) to 1213.800537109375 (ms), cudaEventElapsed = 41.278465270996094 (ms)
[RANK1] W @ 1214.560546875 (ms) to 1236.982421875 (ms), cudaEventElapsed = 22.399999618530273 (ms)
[RANK1] B @ 1264.702880859375 (ms) to 1306.551025390625 (ms), cudaEventElapsed = 41.827327728271484 (ms)
[RANK1] W @ 1307.302001953125 (ms) to 1329.402587890625 (ms), cudaEventElapsed = 22.07948875427246 (ms)
[RANK1] B @ 1336.6005859375 (ms) to 1382.61572265625 (ms), cudaEventElapsed = 45.99398422241211 (ms)
[RANK1] W @ 1383.375 (ms) to 1406.373779296875 (ms), cudaEventElapsed = 22.975488662719727 (ms)
[RANK1] B @ 1409.343017578125 (ms) to 1456.5263671875 (ms), cudaEventElapsed = 47.16236877441406 (ms)
[RANK1] 8W @ 1458.4248046875 (ms) to 1672.6328125 (ms), cudaEventElapsed = 214.17677307128906 (ms)
[RANK1] Iteration 8
[RANK1] F @ 92.15869140625 (ms) to 123.524658203125 (ms), cudaEventElapsed = 31.341567993164062 (ms)
[RANK1] F @ 124.81591796875 (ms) to 158.5537109375 (ms), cudaEventElapsed = 33.716224670410156 (ms)
[RANK1] F @ 159.828369140625 (ms) to 196.47509765625 (ms), cudaEventElapsed = 36.62335968017578 (ms)
[RANK1] F @ 197.762451171875 (ms) to 234.286376953125 (ms), cudaEventElapsed = 36.501502990722656 (ms)
[RANK1] F @ 235.57568359375 (ms) to 271.901611328125 (ms), cudaEventElapsed = 36.301822662353516 (ms)
[RANK1] B @ 411.42724609375 (ms) to 452.42041015625 (ms), cudaEventElapsed = 40.97126388549805 (ms)
[RANK1] F @ 453.61767578125 (ms) to 487.64404296875 (ms), cudaEventElapsed = 34.00601577758789 (ms)
[RANK1] B @ 494.176513671875 (ms) to 538.575927734375 (ms), cudaEventElapsed = 44.37811279296875 (ms)
[RANK1] F @ 539.771240234375 (ms) to 574.982421875 (ms), cudaEventElapsed = 35.187713623046875 (ms)
[RANK1] B @ 579.341064453125 (ms) to 624.35400390625 (ms), cudaEventElapsed = 44.98432159423828 (ms)
[RANK1] F @ 643.275634765625 (ms) to 675.376220703125 (ms), cudaEventElapsed = 32.079872131347656 (ms)
[RANK1] B @ 695.170166015625 (ms) to 736.598388671875 (ms), cudaEventElapsed = 41.406463623046875 (ms)
[RANK1] F @ 737.796142578125 (ms) to 772.434814453125 (ms), cudaEventElapsed = 34.61836624145508 (ms)
[RANK1] B @ 784.229248046875 (ms) to 827.665771484375 (ms), cudaEventElapsed = 43.412479400634766 (ms)
[RANK1] F @ 828.896728515625 (ms) to 862.960693359375 (ms), cudaEventElapsed = 34.04288101196289 (ms)
[RANK1] B @ 885.829833984375 (ms) to 928.031982421875 (ms), cudaEventElapsed = 42.176513671875 (ms)
[RANK1] F @ 929.24755859375 (ms) to 963.427978515625 (ms), cudaEventElapsed = 34.158592224121094 (ms)
[RANK1] B @ 979.493408203125 (ms) to 1022.33056640625 (ms), cudaEventElapsed = 42.8144645690918 (ms)
[RANK1] F @ 1023.541259765625 (ms) to 1057.905029296875 (ms), cudaEventElapsed = 34.3449592590332 (ms)
[RANK1] B @ 1071.699462890625 (ms) to 1114.319091796875 (ms), cudaEventElapsed = 42.5984001159668 (ms)
[RANK1] W @ 1115.0634765625 (ms) to 1137.05810546875 (ms), cudaEventElapsed = 21.974016189575195 (ms)
[RANK1] B @ 1171.7880859375 (ms) to 1213.39794921875 (ms), cudaEventElapsed = 41.589759826660156 (ms)
[RANK1] W @ 1214.15478515625 (ms) to 1235.9951171875 (ms), cudaEventElapsed = 21.81939125061035 (ms)
[RANK1] B @ 1265.413818359375 (ms) to 1307.56396484375 (ms), cudaEventElapsed = 42.13043212890625 (ms)
[RANK1] W @ 1308.295654296875 (ms) to 1330.279541015625 (ms), cudaEventElapsed = 21.961727142333984 (ms)
[RANK1] B @ 1338.009033203125 (ms) to 1384.184326171875 (ms), cudaEventElapsed = 46.15372848510742 (ms)
[RANK1] W @ 1384.958740234375 (ms) to 1408.26220703125 (ms), cudaEventElapsed = 23.28166389465332 (ms)
[RANK1] B @ 1410.908203125 (ms) to 1456.68896484375 (ms), cudaEventElapsed = 45.75027084350586 (ms)
[RANK1] 8W @ 1458.677978515625 (ms) to 1671.439208984375 (ms), cudaEventElapsed = 212.73497009277344 (ms)
[RANK1] Iteration 9
[RANK1] F @ 92.66015625 (ms) to 124.024658203125 (ms), cudaEventElapsed = 31.339519500732422 (ms)
[RANK1] F @ 125.348388671875 (ms) to 159.497314453125 (ms), cudaEventElapsed = 34.12480163574219 (ms)
[RANK1] F @ 160.812744140625 (ms) to 197.689453125 (ms), cudaEventElapsed = 36.85273742675781 (ms)
[RANK1] F @ 199.033203125 (ms) to 235.791015625 (ms), cudaEventElapsed = 36.736000061035156 (ms)
[RANK1] F @ 237.088134765625 (ms) to 273.109619140625 (ms), cudaEventElapsed = 35.99769592285156 (ms)
[RANK1] B @ 414.483642578125 (ms) to 455.5634765625 (ms), cudaEventElapsed = 41.05830383300781 (ms)
[RANK1] F @ 456.773193359375 (ms) to 490.3466796875 (ms), cudaEventElapsed = 33.553409576416016 (ms)
[RANK1] B @ 496.94287109375 (ms) to 541.063720703125 (ms), cudaEventElapsed = 44.0893440246582 (ms)
[RANK1] F @ 542.246337890625 (ms) to 577.113525390625 (ms), cudaEventElapsed = 34.84672164916992 (ms)
[RANK1] B @ 582.817626953125 (ms) to 627.97509765625 (ms), cudaEventElapsed = 45.13382339477539 (ms)
[RANK1] F @ 646.28173828125 (ms) to 678.341796875 (ms), cudaEventElapsed = 32.03891372680664 (ms)
[RANK1] B @ 698.21630859375 (ms) to 740.317138671875 (ms), cudaEventElapsed = 42.07923126220703 (ms)
[RANK1] F @ 741.54150390625 (ms) to 776.364013671875 (ms), cudaEventElapsed = 34.80166244506836 (ms)
[RANK1] B @ 785.3642578125 (ms) to 829.595458984375 (ms), cudaEventElapsed = 44.20608139038086 (ms)
[RANK1] F @ 830.802734375 (ms) to 865.206787109375 (ms), cudaEventElapsed = 34.38284683227539 (ms)
[RANK1] B @ 889.358642578125 (ms) to 930.9912109375 (ms), cudaEventElapsed = 41.608192443847656 (ms)
[RANK1] F @ 932.25634765625 (ms) to 966.2900390625 (ms), cudaEventElapsed = 34.01318359375 (ms)
[RANK1] B @ 983.748779296875 (ms) to 1026.332763671875 (ms), cudaEventElapsed = 42.56256103515625 (ms)
[RANK1] F @ 1027.56298828125 (ms) to 1062.46923828125 (ms), cudaEventElapsed = 34.8856315612793 (ms)
[RANK1] B @ 1075.4384765625 (ms) to 1118.6279296875 (ms), cudaEventElapsed = 43.16672134399414 (ms)
[RANK1] W @ 1119.367919921875 (ms) to 1141.833740234375 (ms), cudaEventElapsed = 22.444032669067383 (ms)
[RANK1] B @ 1175.2763671875 (ms) to 1217.080322265625 (ms), cudaEventElapsed = 41.774078369140625 (ms)
[RANK1] W @ 1217.827880859375 (ms) to 1240.0234375 (ms), cudaEventElapsed = 22.173696517944336 (ms)
[RANK1] B @ 1270.7158203125 (ms) to 1312.3349609375 (ms), cudaEventElapsed = 41.599998474121094 (ms)
[RANK1] W @ 1313.085205078125 (ms) to 1334.971435546875 (ms), cudaEventElapsed = 21.86444854736328 (ms)
[RANK1] B @ 1342.807861328125 (ms) to 1387.821044921875 (ms), cudaEventElapsed = 44.99353790283203 (ms)
[RANK1] W @ 1388.56884765625 (ms) to 1412.210205078125 (ms), cudaEventElapsed = 23.618560791015625 (ms)
[RANK1] B @ 1415.4130859375 (ms) to 1461.13623046875 (ms), cudaEventElapsed = 45.70316696166992 (ms)
[RANK1] 8W @ 1463.02490234375 (ms) to 1677.778564453125 (ms), cudaEventElapsed = 214.72869873046875 (ms)
