[RANK2] Iteration 1
[RANK2] F @ 702.906005859375 (ms) to 857.451904296875 (ms), cudaEventElapsed = 154.5154571533203 (ms)
[RANK2] F @ 858.83203125 (ms) to 892.7529296875 (ms), cudaEventElapsed = 33.89440155029297 (ms)
[RANK2] F @ 894.180908203125 (ms) to 930.866455078125 (ms), cudaEventElapsed = 36.66022491455078 (ms)
[RANK2] B @ 1466.770751953125 (ms) to 1519.40185546875 (ms), cudaEventElapsed = 52.605953216552734 (ms)
[RANK2] F @ 1520.67822265625 (ms) to 1553.243408203125 (ms), cudaEventElapsed = 32.542720794677734 (ms)
[RANK2] B @ 1554.6220703125 (ms) to 1599.342041015625 (ms), cudaEventElapsed = 44.69657516479492 (ms)
[RANK2] F @ 1600.5556640625 (ms) to 1634.1533203125 (ms), cudaEventElapsed = 33.574913024902344 (ms)
[RANK2] B @ 1635.6962890625 (ms) to 1680.376708984375 (ms), cudaEventElapsed = 44.65766525268555 (ms)
[RANK2] F @ 1681.609619140625 (ms) to 1715.1494140625 (ms), cudaEventElapsed = 33.5175666809082 (ms)
[RANK2] B @ 1716.511474609375 (ms) to 1761.555908203125 (ms), cudaEventElapsed = 45.02220916748047 (ms)
[RANK2] F @ 1762.942626953125 (ms) to 1796.694580078125 (ms), cudaEventElapsed = 33.730560302734375 (ms)
[RANK2] B @ 1798.070068359375 (ms) to 1842.453369140625 (ms), cudaEventElapsed = 44.36070251464844 (ms)
[RANK2] F @ 1843.69482421875 (ms) to 1877.142822265625 (ms), cudaEventElapsed = 33.42540740966797 (ms)
[RANK2] B @ 1878.519775390625 (ms) to 1923.080810546875 (ms), cudaEventElapsed = 44.53887939453125 (ms)
[RANK2] F @ 1924.298095703125 (ms) to 1957.6904296875 (ms), cudaEventElapsed = 33.370113372802734 (ms)
[RANK2] B @ 1959.099609375 (ms) to 2003.355712890625 (ms), cudaEventElapsed = 44.233726501464844 (ms)
[RANK2] F @ 2004.5517578125 (ms) to 2037.93408203125 (ms), cudaEventElapsed = 33.36191940307617 (ms)
[RANK2] B @ 2039.34033203125 (ms) to 2083.77880859375 (ms), cudaEventElapsed = 44.414974212646484 (ms)
[RANK2] F @ 2084.985595703125 (ms) to 2118.572998046875 (ms), cudaEventElapsed = 33.56671905517578 (ms)
[RANK2] B @ 2119.90625 (ms) to 2165.10546875 (ms), cudaEventElapsed = 45.17683029174805 (ms)
[RANK2] F @ 2166.3095703125 (ms) to 2200.21533203125 (ms), cudaEventElapsed = 33.884159088134766 (ms)
[RANK2] B @ 2201.509765625 (ms) to 2245.6962890625 (ms), cudaEventElapsed = 44.16511917114258 (ms)
[RANK2] W @ 2246.428466796875 (ms) to 2267.502685546875 (ms), cudaEventElapsed = 21.05344009399414 (ms)
[RANK2] B @ 2268.278076171875 (ms) to 2310.48046875 (ms), cudaEventElapsed = 42.18163299560547 (ms)
[RANK2] W @ 2311.47314453125 (ms) to 2331.68701171875 (ms), cudaEventElapsed = 20.191232681274414 (ms)
[RANK2] B @ 2332.456787109375 (ms) to 2374.683837890625 (ms), cudaEventElapsed = 42.20518493652344 (ms)
[RANK2] 10W @ 2376.2333984375 (ms) to 2592.168212890625 (ms), cudaEventElapsed = 215.9093780517578 (ms)
[RANK2] Iteration 2
[RANK2] F @ 69.822265625 (ms) to 101.8505859375 (ms), cudaEventElapsed = 31.99795150756836 (ms)
[RANK2] F @ 105.265625 (ms) to 139.31494140625 (ms), cudaEventElapsed = 34.02444839477539 (ms)
[RANK2] F @ 142.903564453125 (ms) to 178.01513671875 (ms), cudaEventElapsed = 35.08940887451172 (ms)
[RANK2] B @ 183.160888671875 (ms) to 227.3388671875 (ms), cudaEventElapsed = 44.15590286254883 (ms)
[RANK2] F @ 228.544189453125 (ms) to 263.807373046875 (ms), cudaEventElapsed = 35.24095916748047 (ms)
[RANK2] B @ 265.197998046875 (ms) to 310.871337890625 (ms), cudaEventElapsed = 45.650943756103516 (ms)
[RANK2] F @ 345.584716796875 (ms) to 377.592041015625 (ms), cudaEventElapsed = 31.98464012145996 (ms)
[RANK2] B @ 378.946533203125 (ms) to 423.036376953125 (ms), cudaEventElapsed = 44.06681442260742 (ms)
[RANK2] F @ 427.59765625 (ms) to 463.312255859375 (ms), cudaEventElapsed = 35.68844985961914 (ms)
[RANK2] B @ 464.73486328125 (ms) to 510.298583984375 (ms), cudaEventElapsed = 45.53728103637695 (ms)
[RANK2] F @ 512.290771484375 (ms) to 547.8486328125 (ms), cudaEventElapsed = 35.532798767089844 (ms)
[RANK2] B @ 549.28173828125 (ms) to 595.017822265625 (ms), cudaEventElapsed = 45.713409423828125 (ms)
[RANK2] F @ 596.287353515625 (ms) to 631.776123046875 (ms), cudaEventElapsed = 35.46214294433594 (ms)
[RANK2] B @ 633.21630859375 (ms) to 777.6142578125 (ms), cudaEventElapsed = 144.37376403808594 (ms)
[RANK2] F @ 779.13818359375 (ms) to 812.06689453125 (ms), cudaEventElapsed = 32.90419387817383 (ms)
[RANK2] B @ 814.26123046875 (ms) to 860.28173828125 (ms), cudaEventElapsed = 45.99705505371094 (ms)
[RANK2] F @ 861.981201171875 (ms) to 897.39111328125 (ms), cudaEventElapsed = 35.38636779785156 (ms)
[RANK2] B @ 898.84912109375 (ms) to 944.20263671875 (ms), cudaEventElapsed = 45.32940673828125 (ms)
[RANK2] F @ 945.4482421875 (ms) to 981.0234375 (ms), cudaEventElapsed = 35.5491828918457 (ms)
[RANK2] B @ 982.431396484375 (ms) to 1027.74365234375 (ms), cudaEventElapsed = 45.286399841308594 (ms)
[RANK2] F @ 1028.9951171875 (ms) to 1064.47314453125 (ms), cudaEventElapsed = 35.45292663574219 (ms)
[RANK2] B @ 1065.896728515625 (ms) to 1111.1953125 (ms), cudaEventElapsed = 45.274112701416016 (ms)
[RANK2] W @ 1111.968994140625 (ms) to 1135.87255859375 (ms), cudaEventElapsed = 23.880704879760742 (ms)
[RANK2] B @ 1136.67138671875 (ms) to 1183.5 (ms), cudaEventElapsed = 46.80601501464844 (ms)
[RANK2] W @ 1184.272705078125 (ms) to 1208.137451171875 (ms), cudaEventElapsed = 23.8417911529541 (ms)
[RANK2] B @ 1208.930908203125 (ms) to 1256.121826171875 (ms), cudaEventElapsed = 47.16953659057617 (ms)
[RANK2] 10W @ 1258.137451171875 (ms) to 1523.35791015625 (ms), cudaEventElapsed = 265.1893615722656 (ms)
[RANK2] Iteration 3
[RANK2] F @ 189.6669921875 (ms) to 221.30419921875 (ms), cudaEventElapsed = 31.61190414428711 (ms)
[RANK2] F @ 225.06103515625 (ms) to 258.389404296875 (ms), cudaEventElapsed = 33.300479888916016 (ms)
[RANK2] F @ 262.85693359375 (ms) to 298.60888671875 (ms), cudaEventElapsed = 35.725311279296875 (ms)
[RANK2] B @ 301.75830078125 (ms) to 347.160888671875 (ms), cudaEventElapsed = 45.37958526611328 (ms)
[RANK2] F @ 348.45458984375 (ms) to 383.728515625 (ms), cudaEventElapsed = 35.25222396850586 (ms)
[RANK2] B @ 385.12841796875 (ms) to 430.3095703125 (ms), cudaEventElapsed = 45.159423828125 (ms)
[RANK2] F @ 431.53271484375 (ms) to 466.61328125 (ms), cudaEventElapsed = 35.05868911743164 (ms)
[RANK2] B @ 468.0185546875 (ms) to 513.35205078125 (ms), cudaEventElapsed = 45.31097412109375 (ms)
[RANK2] F @ 554.70361328125 (ms) to 586.587890625 (ms), cudaEventElapsed = 31.860736846923828 (ms)
[RANK2] B @ 587.951416015625 (ms) to 631.7568359375 (ms), cudaEventElapsed = 43.7841911315918 (ms)
[RANK2] F @ 643.594482421875 (ms) to 677.58349609375 (ms), cudaEventElapsed = 33.960960388183594 (ms)
[RANK2] B @ 678.98388671875 (ms) to 724.0859375 (ms), cudaEventElapsed = 45.079551696777344 (ms)
[RANK2] F @ 743.641357421875 (ms) to 775.833251953125 (ms), cudaEventElapsed = 32.16691207885742 (ms)
[RANK2] B @ 777.259765625 (ms) to 822.241455078125 (ms), cudaEventElapsed = 44.94643020629883 (ms)
[RANK2] F @ 839.251220703125 (ms) to 871.93408203125 (ms), cudaEventElapsed = 32.66048049926758 (ms)
[RANK2] B @ 873.3369140625 (ms) to 918.359130859375 (ms), cudaEventElapsed = 45.00070571899414 (ms)
[RANK2] F @ 933.063720703125 (ms) to 965.91748046875 (ms), cudaEventElapsed = 32.83046340942383 (ms)
[RANK2] B @ 967.304931640625 (ms) to 1011.72314453125 (ms), cudaEventElapsed = 44.393470764160156 (ms)
[RANK2] F @ 1031.285888671875 (ms) to 1064.142822265625 (ms), cudaEventElapsed = 32.83046340942383 (ms)
[RANK2] B @ 1065.475830078125 (ms) to 1109.637451171875 (ms), cudaEventElapsed = 44.13951873779297 (ms)
[RANK2] F @ 1123.808349609375 (ms) to 1156.934814453125 (ms), cudaEventElapsed = 33.104896545410156 (ms)
[RANK2] B @ 1158.2607421875 (ms) to 1203.1708984375 (ms), cudaEventElapsed = 44.88908767700195 (ms)
[RANK2] W @ 1203.921630859375 (ms) to 1227.981201171875 (ms), cudaEventElapsed = 24.038400650024414 (ms)
[RANK2] B @ 1228.791259765625 (ms) to 1275.193603515625 (ms), cudaEventElapsed = 46.37388610839844 (ms)
[RANK2] W @ 1276.015625 (ms) to 1300.198974609375 (ms), cudaEventElapsed = 24.1582088470459 (ms)
[RANK2] B @ 1300.971435546875 (ms) to 1347.98828125 (ms), cudaEventElapsed = 46.99443054199219 (ms)
[RANK2] 10W @ 1350.001220703125 (ms) to 1626.250244140625 (ms), cudaEventElapsed = 276.2178649902344 (ms)
[RANK2] Iteration 4
[RANK2] F @ 190.271484375 (ms) to 221.917236328125 (ms), cudaEventElapsed = 31.615999221801758 (ms)
[RANK2] F @ 225.419189453125 (ms) to 259.317626953125 (ms), cudaEventElapsed = 33.87596893310547 (ms)
[RANK2] F @ 263.418701171875 (ms) to 299.21142578125 (ms), cudaEventElapsed = 35.7652473449707 (ms)
[RANK2] B @ 301.29052734375 (ms) to 346.8017578125 (ms), cudaEventElapsed = 45.48710250854492 (ms)
[RANK2] F @ 348.127197265625 (ms) to 383.74462890625 (ms), cudaEventElapsed = 35.59628677368164 (ms)
[RANK2] B @ 385.1640625 (ms) to 430.877197265625 (ms), cudaEventElapsed = 45.68678283691406 (ms)
[RANK2] F @ 432.161865234375 (ms) to 467.639404296875 (ms), cudaEventElapsed = 35.45497512817383 (ms)
[RANK2] B @ 469.078125 (ms) to 514.651611328125 (ms), cudaEventElapsed = 45.54751968383789 (ms)
[RANK2] F @ 553.8173828125 (ms) to 585.659912109375 (ms), cudaEventElapsed = 31.81977653503418 (ms)
[RANK2] B @ 587.0546875 (ms) to 630.912109375 (ms), cudaEventElapsed = 43.83232116699219 (ms)
[RANK2] F @ 641.485595703125 (ms) to 675.369873046875 (ms), cudaEventElapsed = 33.86163330078125 (ms)
[RANK2] B @ 676.738525390625 (ms) to 721.700439453125 (ms), cudaEventElapsed = 44.937217712402344 (ms)
[RANK2] F @ 743.17431640625 (ms) to 775.23779296875 (ms), cudaEventElapsed = 32.03891372680664 (ms)
[RANK2] B @ 776.658203125 (ms) to 821.269775390625 (ms), cudaEventElapsed = 44.59008026123047 (ms)
[RANK2] F @ 838.7568359375 (ms) to 871.46533203125 (ms), cudaEventElapsed = 32.685054779052734 (ms)
[RANK2] B @ 872.958984375 (ms) to 917.44482421875 (ms), cudaEventElapsed = 44.463104248046875 (ms)
[RANK2] F @ 931.825927734375 (ms) to 964.98095703125 (ms), cudaEventElapsed = 33.132545471191406 (ms)
[RANK2] B @ 966.36474609375 (ms) to 1010.69970703125 (ms), cudaEventElapsed = 44.309505462646484 (ms)
[RANK2] F @ 1029.586181640625 (ms) to 1062.221923828125 (ms), cudaEventElapsed = 32.60927963256836 (ms)
[RANK2] B @ 1063.547607421875 (ms) to 1108.425537109375 (ms), cudaEventElapsed = 44.854270935058594 (ms)
[RANK2] F @ 1123.4228515625 (ms) to 1156.592041015625 (ms), cudaEventElapsed = 33.146881103515625 (ms)
[RANK2] B @ 1157.914794921875 (ms) to 1202.738037109375 (ms), cudaEventElapsed = 44.801025390625 (ms)
[RANK2] W @ 1203.516357421875 (ms) to 1227.951416015625 (ms), cudaEventElapsed = 24.412160873413086 (ms)
[RANK2] B @ 1228.735595703125 (ms) to 1275.343017578125 (ms), cudaEventElapsed = 46.58278274536133 (ms)
[RANK2] W @ 1276.15478515625 (ms) to 1300.30078125 (ms), cudaEventElapsed = 24.12441635131836 (ms)
[RANK2] B @ 1301.082275390625 (ms) to 1348.170654296875 (ms), cudaEventElapsed = 47.064064025878906 (ms)
[RANK2] 10W @ 1350.19970703125 (ms) to 1626.95556640625 (ms), cudaEventElapsed = 276.7267761230469 (ms)
[RANK2] Iteration 5
[RANK2] F @ 190.50537109375 (ms) to 222.06787109375 (ms), cudaEventElapsed = 31.540224075317383 (ms)
[RANK2] F @ 226.025390625 (ms) to 260.58349609375 (ms), cudaEventElapsed = 34.535423278808594 (ms)
[RANK2] F @ 264.058349609375 (ms) to 300.453369140625 (ms), cudaEventElapsed = 36.36735916137695 (ms)
[RANK2] B @ 302.109130859375 (ms) to 347.671875 (ms), cudaEventElapsed = 45.539329528808594 (ms)
[RANK2] F @ 348.997314453125 (ms) to 384.648681640625 (ms), cudaEventElapsed = 35.62905502319336 (ms)
[RANK2] B @ 386.063232421875 (ms) to 431.9150390625 (ms), cudaEventElapsed = 45.82502365112305 (ms)
[RANK2] F @ 433.19189453125 (ms) to 468.806884765625 (ms), cudaEventElapsed = 35.59116744995117 (ms)
[RANK2] B @ 470.193603515625 (ms) to 515.482666015625 (ms), cudaEventElapsed = 45.26387023925781 (ms)
[RANK2] F @ 553.3779296875 (ms) to 584.986083984375 (ms), cudaEventElapsed = 31.5863037109375 (ms)
[RANK2] B @ 586.370361328125 (ms) to 630.76025390625 (ms), cudaEventElapsed = 44.36787033081055 (ms)
[RANK2] F @ 640.6318359375 (ms) to 674.343017578125 (ms), cudaEventElapsed = 33.68550491333008 (ms)
[RANK2] B @ 675.73828125 (ms) to 720.638427734375 (ms), cudaEventElapsed = 44.878849029541016 (ms)
[RANK2] F @ 743.895263671875 (ms) to 776.449462890625 (ms), cudaEventElapsed = 32.528385162353516 (ms)
[RANK2] B @ 777.885498046875 (ms) to 822.322265625 (ms), cudaEventElapsed = 44.414974212646484 (ms)
[RANK2] F @ 838.83740234375 (ms) to 871.834716796875 (ms), cudaEventElapsed = 32.974849700927734 (ms)
[RANK2] B @ 873.207275390625 (ms) to 917.6640625 (ms), cudaEventElapsed = 44.43443298339844 (ms)
[RANK2] F @ 928.84619140625 (ms) to 962.74755859375 (ms), cudaEventElapsed = 33.880062103271484 (ms)
[RANK2] B @ 964.138671875 (ms) to 1009.340576171875 (ms), cudaEventElapsed = 45.1778564453125 (ms)
[RANK2] F @ 1031.97705078125 (ms) to 1064.060302734375 (ms), cudaEventElapsed = 32.05836868286133 (ms)
[RANK2] B @ 1065.3896484375 (ms) to 1109.95458984375 (ms), cudaEventElapsed = 44.54297637939453 (ms)
[RANK2] F @ 1124.739013671875 (ms) to 1157.70849609375 (ms), cudaEventElapsed = 32.947200775146484 (ms)
[RANK2] B @ 1159.019775390625 (ms) to 1203.063720703125 (ms), cudaEventElapsed = 44.02278518676758 (ms)
[RANK2] W @ 1203.80712890625 (ms) to 1227.438232421875 (ms), cudaEventElapsed = 23.610368728637695 (ms)
[RANK2] B @ 1228.24853515625 (ms) to 1275.591064453125 (ms), cudaEventElapsed = 47.32108688354492 (ms)
[RANK2] W @ 1276.37939453125 (ms) to 1300.604248046875 (ms), cudaEventElapsed = 24.202239990234375 (ms)
[RANK2] B @ 1301.3994140625 (ms) to 1348.692626953125 (ms), cudaEventElapsed = 47.268863677978516 (ms)
[RANK2] 10W @ 1350.75830078125 (ms) to 1626.5458984375 (ms), cudaEventElapsed = 275.7570495605469 (ms)
[RANK2] Iteration 6
[RANK2] F @ 190.39208984375 (ms) to 222.102783203125 (ms), cudaEventElapsed = 31.686656951904297 (ms)
[RANK2] F @ 226.093994140625 (ms) to 258.63671875 (ms), cudaEventElapsed = 32.519168853759766 (ms)
[RANK2] F @ 263.1474609375 (ms) to 298.026123046875 (ms), cudaEventElapsed = 34.85184097290039 (ms)
[RANK2] B @ 301.81640625 (ms) to 346.648193359375 (ms), cudaEventElapsed = 44.8092155456543 (ms)
[RANK2] F @ 347.945068359375 (ms) to 383.359375 (ms), cudaEventElapsed = 35.392513275146484 (ms)
[RANK2] B @ 384.779296875 (ms) to 429.989990234375 (ms), cudaEventElapsed = 45.18912124633789 (ms)
[RANK2] F @ 431.282958984375 (ms) to 466.843994140625 (ms), cudaEventElapsed = 35.538944244384766 (ms)
[RANK2] B @ 468.23876953125 (ms) to 513.720703125 (ms), cudaEventElapsed = 45.4574089050293 (ms)
[RANK2] F @ 551.515625 (ms) to 583.272705078125 (ms), cudaEventElapsed = 31.730688095092773 (ms)
[RANK2] B @ 584.690673828125 (ms) to 628.581787109375 (ms), cudaEventElapsed = 43.86918258666992 (ms)
[RANK2] F @ 639.258544921875 (ms) to 673.309814453125 (ms), cudaEventElapsed = 34.02444839477539 (ms)
[RANK2] B @ 674.71875 (ms) to 720.279541015625 (ms), cudaEventElapsed = 45.53728103637695 (ms)
[RANK2] F @ 740.653076171875 (ms) to 773.15478515625 (ms), cudaEventElapsed = 32.463871002197266 (ms)
[RANK2] B @ 774.562255859375 (ms) to 819.05419921875 (ms), cudaEventElapsed = 44.467201232910156 (ms)
[RANK2] F @ 835.10595703125 (ms) to 867.920166015625 (ms), cudaEventElapsed = 32.79257583618164 (ms)
[RANK2] B @ 869.28271484375 (ms) to 914.10546875 (ms), cudaEventElapsed = 44.801025390625 (ms)
[RANK2] F @ 928.9091796875 (ms) to 962.056884765625 (ms), cudaEventElapsed = 33.124351501464844 (ms)
[RANK2] B @ 963.469482421875 (ms) to 1008.2373046875 (ms), cudaEventElapsed = 44.73241424560547 (ms)
[RANK2] F @ 1029.142333984375 (ms) to 1061.906005859375 (ms), cudaEventElapsed = 32.73932647705078 (ms)
[RANK2] B @ 1063.237060546875 (ms) to 1107.7412109375 (ms), cudaEventElapsed = 44.479488372802734 (ms)
[RANK2] F @ 1121.312255859375 (ms) to 1154.5048828125 (ms), cudaEventElapsed = 33.170433044433594 (ms)
[RANK2] B @ 1155.8310546875 (ms) to 1200.303466796875 (ms), cudaEventElapsed = 44.449790954589844 (ms)
[RANK2] W @ 1201.07421875 (ms) to 1224.67041015625 (ms), cudaEventElapsed = 23.574527740478516 (ms)
[RANK2] B @ 1225.498046875 (ms) to 1272.103515625 (ms), cudaEventElapsed = 46.57868957519531 (ms)
[RANK2] W @ 1272.915771484375 (ms) to 1297.06396484375 (ms), cudaEventElapsed = 24.12544059753418 (ms)
[RANK2] B @ 1297.88037109375 (ms) to 1344.830078125 (ms), cudaEventElapsed = 46.92582321166992 (ms)
[RANK2] 10W @ 1346.95654296875 (ms) to 1624.71044921875 (ms), cudaEventElapsed = 277.7241516113281 (ms)
[RANK2] Iteration 7
[RANK2] F @ 190.031982421875 (ms) to 221.73486328125 (ms), cudaEventElapsed = 31.679487228393555 (ms)
[RANK2] F @ 226.56005859375 (ms) to 259.2265625 (ms), cudaEventElapsed = 32.64204788208008 (ms)
[RANK2] F @ 263.7294921875 (ms) to 298.851806640625 (ms), cudaEventElapsed = 35.09452819824219 (ms)
[RANK2] B @ 302.4912109375 (ms) to 347.59619140625 (ms), cudaEventElapsed = 45.0805778503418 (ms)
[RANK2] F @ 348.88720703125 (ms) to 384.521240234375 (ms), cudaEventElapsed = 35.608577728271484 (ms)
[RANK2] B @ 385.94189453125 (ms) to 431.259765625 (ms), cudaEventElapsed = 45.292545318603516 (ms)
[RANK2] F @ 432.52685546875 (ms) to 468.154052734375 (ms), cudaEventElapsed = 35.60550308227539 (ms)
[RANK2] B @ 469.557373046875 (ms) to 514.892578125 (ms), cudaEventElapsed = 45.30995178222656 (ms)
[RANK2] F @ 552.461669921875 (ms) to 584.2021484375 (ms), cudaEventElapsed = 31.718399047851562 (ms)
[RANK2] B @ 585.575439453125 (ms) to 629.388427734375 (ms), cudaEventElapsed = 43.7760009765625 (ms)
[RANK2] F @ 641.56396484375 (ms) to 675.099609375 (ms), cudaEventElapsed = 33.512447357177734 (ms)
[RANK2] B @ 676.49462890625 (ms) to 721.193359375 (ms), cudaEventElapsed = 44.67609786987305 (ms)
[RANK2] F @ 742.174560546875 (ms) to 774.65625 (ms), cudaEventElapsed = 32.456703186035156 (ms)
[RANK2] B @ 776.051513671875 (ms) to 820.326904296875 (ms), cudaEventElapsed = 44.2501106262207 (ms)
[RANK2] F @ 834.719482421875 (ms) to 867.793212890625 (ms), cudaEventElapsed = 33.05062484741211 (ms)
[RANK2] B @ 869.17578125 (ms) to 913.594970703125 (ms), cudaEventElapsed = 44.39654541015625 (ms)
[RANK2] F @ 929.046142578125 (ms) to 961.997314453125 (ms), cudaEventElapsed = 32.92979049682617 (ms)
[RANK2] B @ 963.397705078125 (ms) to 1007.8447265625 (ms), cudaEventElapsed = 44.42316818237305 (ms)
[RANK2] F @ 1030.046875 (ms) to 1062.66357421875 (ms), cudaEventElapsed = 32.59084701538086 (ms)
[RANK2] B @ 1063.983154296875 (ms) to 1108.288818359375 (ms), cudaEventElapsed = 44.283905029296875 (ms)
[RANK2] F @ 1120.193603515625 (ms) to 1153.966552734375 (ms), cudaEventElapsed = 33.748992919921875 (ms)
[RANK2] B @ 1155.310302734375 (ms) to 1200.493896484375 (ms), cudaEventElapsed = 45.16147232055664 (ms)
[RANK2] W @ 1201.254638671875 (ms) to 1225.009033203125 (ms), cudaEventElapsed = 23.732223510742188 (ms)
[RANK2] B @ 1225.812744140625 (ms) to 1272.408203125 (ms), cudaEventElapsed = 46.5715217590332 (ms)
[RANK2] W @ 1273.226318359375 (ms) to 1297.396728515625 (ms), cudaEventElapsed = 24.147968292236328 (ms)
[RANK2] B @ 1298.17724609375 (ms) to 1345.1474609375 (ms), cudaEventElapsed = 46.94732666015625 (ms)
[RANK2] 10W @ 1347.213623046875 (ms) to 1625.138427734375 (ms), cudaEventElapsed = 277.8951721191406 (ms)
[RANK2] Iteration 8
[RANK2] F @ 189.71923828125 (ms) to 221.385498046875 (ms), cudaEventElapsed = 31.643648147583008 (ms)
[RANK2] F @ 224.929931640625 (ms) to 258.593017578125 (ms), cudaEventElapsed = 33.63225555419922 (ms)
[RANK2] F @ 262.673583984375 (ms) to 299.3515625 (ms), cudaEventElapsed = 36.65100860595703 (ms)
[RANK2] B @ 300.947265625 (ms) to 346.545654296875 (ms), cudaEventElapsed = 45.57414245605469 (ms)
[RANK2] F @ 347.833984375 (ms) to 383.157958984375 (ms), cudaEventElapsed = 35.297279357910156 (ms)
[RANK2] B @ 384.6103515625 (ms) to 429.900390625 (ms), cudaEventElapsed = 45.264896392822266 (ms)
[RANK2] F @ 431.156982421875 (ms) to 466.321533203125 (ms), cudaEventElapsed = 35.14060974121094 (ms)
[RANK2] B @ 467.73681640625 (ms) to 513.140380859375 (ms), cudaEventElapsed = 45.37753677368164 (ms)
[RANK2] F @ 551.78173828125 (ms) to 583.686279296875 (ms), cudaEventElapsed = 31.882240295410156 (ms)
[RANK2] B @ 585.0751953125 (ms) to 629.1201171875 (ms), cudaEventElapsed = 44.021759033203125 (ms)
[RANK2] F @ 639.238037109375 (ms) to 673.135009765625 (ms), cudaEventElapsed = 33.872894287109375 (ms)
[RANK2] B @ 674.5126953125 (ms) to 719.97900390625 (ms), cudaEventElapsed = 45.442047119140625 (ms)
[RANK2] F @ 741.348388671875 (ms) to 773.3935546875 (ms), cudaEventElapsed = 32.02048110961914 (ms)
[RANK2] B @ 774.79296875 (ms) to 819.742431640625 (ms), cudaEventElapsed = 44.92390441894531 (ms)
[RANK2] F @ 836.509765625 (ms) to 869.351318359375 (ms), cudaEventElapsed = 32.81612777709961 (ms)
[RANK2] B @ 870.739501953125 (ms) to 915.28515625 (ms), cudaEventElapsed = 44.52454376220703 (ms)
[RANK2] F @ 927.18505859375 (ms) to 960.883544921875 (ms), cudaEventElapsed = 33.67424011230469 (ms)
[RANK2] B @ 962.3046875 (ms) to 1007.45263671875 (ms), cudaEventElapsed = 45.12255859375 (ms)
[RANK2] F @ 1029.460205078125 (ms) to 1061.831298828125 (ms), cudaEventElapsed = 32.34611129760742 (ms)
[RANK2] B @ 1063.156494140625 (ms) to 1107.5693359375 (ms), cudaEventElapsed = 44.3873291015625 (ms)
[RANK2] F @ 1122.052001953125 (ms) to 1155.08203125 (ms), cudaEventElapsed = 33.00556945800781 (ms)
[RANK2] B @ 1156.37744140625 (ms) to 1201.198486328125 (ms), cudaEventElapsed = 44.79897689819336 (ms)
[RANK2] W @ 1202.002685546875 (ms) to 1226.167236328125 (ms), cudaEventElapsed = 24.14182472229004 (ms)
[RANK2] B @ 1226.984619140625 (ms) to 1273.73681640625 (ms), cudaEventElapsed = 46.72819137573242 (ms)
[RANK2] W @ 1274.542236328125 (ms) to 1298.66162109375 (ms), cudaEventElapsed = 24.09779167175293 (ms)
[RANK2] B @ 1299.462890625 (ms) to 1346.69873046875 (ms), cudaEventElapsed = 47.21049499511719 (ms)
[RANK2] 10W @ 1348.77734375 (ms) to 1622.219482421875 (ms), cudaEventElapsed = 273.41107177734375 (ms)
[RANK2] Iteration 9
[RANK2] F @ 190.53955078125 (ms) to 222.1552734375 (ms), cudaEventElapsed = 31.59244728088379 (ms)
[RANK2] F @ 226.06298828125 (ms) to 260.073486328125 (ms), cudaEventElapsed = 33.98758316040039 (ms)
[RANK2] F @ 264.062744140625 (ms) to 299.9638671875 (ms), cudaEventElapsed = 35.87276840209961 (ms)
[RANK2] B @ 302.628173828125 (ms) to 348.014404296875 (ms), cudaEventElapsed = 45.36320114135742 (ms)
[RANK2] F @ 349.3095703125 (ms) to 384.71630859375 (ms), cudaEventElapsed = 35.383296966552734 (ms)
[RANK2] B @ 386.14501953125 (ms) to 432.314208984375 (ms), cudaEventElapsed = 46.14246368408203 (ms)
[RANK2] F @ 433.589111328125 (ms) to 469.076416015625 (ms), cudaEventElapsed = 35.467262268066406 (ms)
[RANK2] B @ 470.4873046875 (ms) to 516.33056640625 (ms), cudaEventElapsed = 45.820926666259766 (ms)
[RANK2] F @ 554.54736328125 (ms) to 586.2109375 (ms), cudaEventElapsed = 31.641599655151367 (ms)
[RANK2] B @ 587.618408203125 (ms) to 632.134033203125 (ms), cudaEventElapsed = 44.49382400512695 (ms)
[RANK2] F @ 641.451416015625 (ms) to 675.048095703125 (ms), cudaEventElapsed = 33.574913024902344 (ms)
[RANK2] B @ 676.447998046875 (ms) to 721.10888671875 (ms), cudaEventElapsed = 44.635135650634766 (ms)
[RANK2] F @ 744.32421875 (ms) to 777.1220703125 (ms), cudaEventElapsed = 32.77312088012695 (ms)
[RANK2] B @ 778.559326171875 (ms) to 823.223388671875 (ms), cudaEventElapsed = 44.64128112792969 (ms)
[RANK2] F @ 840.487060546875 (ms) to 873.59912109375 (ms), cudaEventElapsed = 33.087486267089844 (ms)
[RANK2] B @ 875.0244140625 (ms) to 919.55908203125 (ms), cudaEventElapsed = 44.51225662231445 (ms)
[RANK2] F @ 929.48095703125 (ms) to 964.07568359375 (ms), cudaEventElapsed = 34.572288513183594 (ms)
[RANK2] B @ 965.5029296875 (ms) to 1011.181884765625 (ms), cudaEventElapsed = 45.654014587402344 (ms)
[RANK2] F @ 1032.41455078125 (ms) to 1064.689208984375 (ms), cudaEventElapsed = 32.249855041503906 (ms)
[RANK2] B @ 1066.0146484375 (ms) to 1111.0234375 (ms), cudaEventElapsed = 44.98739242553711 (ms)
[RANK2] F @ 1126.65283203125 (ms) to 1159.9150390625 (ms), cudaEventElapsed = 33.23904037475586 (ms)
[RANK2] B @ 1161.22314453125 (ms) to 1206.4736328125 (ms), cudaEventElapsed = 45.22905731201172 (ms)
[RANK2] W @ 1207.26806640625 (ms) to 1230.960693359375 (ms), cudaEventElapsed = 23.67180824279785 (ms)
[RANK2] B @ 1231.753173828125 (ms) to 1278.619140625 (ms), cudaEventElapsed = 46.843902587890625 (ms)
[RANK2] W @ 1279.427978515625 (ms) to 1303.09521484375 (ms), cudaEventElapsed = 23.645183563232422 (ms)
[RANK2] B @ 1303.907958984375 (ms) to 1351.21435546875 (ms), cudaEventElapsed = 47.281150817871094 (ms)
[RANK2] 10W @ 1353.34716796875 (ms) to 1625.087646484375 (ms), cudaEventElapsed = 271.70611572265625 (ms)
