[RANK3] Iteration 1
[RANK3] F @ 261.53076171875 (ms) to 292.2724609375 (ms), cudaEventElapsed = 30.687679290771484 (ms)
[RANK3] B @ 292.479248046875 (ms) to 329.837646484375 (ms), cudaEventElapsed = 37.317630767822266 (ms)
[RANK3] F @ 333.137451171875 (ms) to 364.84521484375 (ms), cudaEventElapsed = 31.67465591430664 (ms)
[RANK3] B @ 364.91064453125 (ms) to 402.5166015625 (ms), cudaEventElapsed = 37.57465744018555 (ms)
[RANK3] F @ 444.481201171875 (ms) to 474.74951171875 (ms), cudaEventElapsed = 30.22857666015625 (ms)
[RANK3] B @ 474.807861328125 (ms) to 512.317626953125 (ms), cudaEventElapsed = 37.47942352294922 (ms)
[RANK3] F @ 634.532470703125 (ms) to 665.259033203125 (ms), cudaEventElapsed = 30.667360305786133 (ms)
[RANK3] B @ 665.320068359375 (ms) to 701.07861328125 (ms), cudaEventElapsed = 35.72633743286133 (ms)
[RANK3] F @ 702.461669921875 (ms) to 734.26025390625 (ms), cudaEventElapsed = 31.758176803588867 (ms)
[RANK3] B @ 734.31689453125 (ms) to 772.652099609375 (ms), cudaEventElapsed = 38.30476760864258 (ms)
[RANK3] F @ 774.058837890625 (ms) to 806.805908203125 (ms), cudaEventElapsed = 32.71286392211914 (ms)
[RANK3] B @ 806.862548828125 (ms) to 845.238037109375 (ms), cudaEventElapsed = 38.344703674316406 (ms)
[RANK3] F @ 846.611328125 (ms) to 879.16455078125 (ms), cudaEventElapsed = 32.51715087890625 (ms)
[RANK3] B @ 879.223388671875 (ms) to 918.429931640625 (ms), cudaEventElapsed = 39.17619323730469 (ms)
[RANK3] F @ 1086.85205078125 (ms) to 1117.009033203125 (ms), cudaEventElapsed = 30.094207763671875 (ms)
[RANK3] B @ 1117.2265625 (ms) to 1155.025634765625 (ms), cudaEventElapsed = 37.768192291259766 (ms)
[RANK3] W @ 1155.178955078125 (ms) to 1205.210693359375 (ms), cudaEventElapsed = 16.344064712524414 (ms)
[RANK3] F @ 1205.367431640625 (ms) to 1235.69482421875 (ms), cudaEventElapsed = 30.285343170166016 (ms)
[RANK3] B @ 1235.746826171875 (ms) to 1274.10546875 (ms), cudaEventElapsed = 38.329345703125 (ms)
[RANK3] W @ 1274.328857421875 (ms) to 1295.634521484375 (ms), cudaEventElapsed = 20.312063217163086 (ms)
[RANK3] F @ 1333.004150390625 (ms) to 1363.055419921875 (ms), cudaEventElapsed = 30.003231048583984 (ms)
[RANK3] B @ 1363.10791015625 (ms) to 1400.00439453125 (ms), cudaEventElapsed = 36.86809539794922 (ms)
[RANK3] W @ 1400.225830078125 (ms) to 1421.573974609375 (ms), cudaEventElapsed = 19.998720169067383 (ms)
[RANK3] F @ 1434.763427734375 (ms) to 1465.2314453125 (ms), cudaEventElapsed = 30.430944442749023 (ms)
[RANK3] B @ 1465.2861328125 (ms) to 1501.944580078125 (ms), cudaEventElapsed = 36.62847900390625 (ms)
[RANK3] W @ 1502.166748046875 (ms) to 1523.33447265625 (ms), cudaEventElapsed = 19.84102439880371 (ms)
[RANK3] F @ 1535.47119140625 (ms) to 1566.206787109375 (ms), cudaEventElapsed = 30.70172882080078 (ms)
[RANK3] B @ 1566.26123046875 (ms) to 1603.28369140625 (ms), cudaEventElapsed = 36.994049072265625 (ms)
[RANK3] 8W @ 1603.4423828125 (ms) to 1766.078369140625 (ms), cudaEventElapsed = 162.5917510986328 (ms)
[RANK3] Iteration 2
[RANK3] F @ 97.439453125 (ms) to 128.05224609375 (ms), cudaEventElapsed = 30.560575485229492 (ms)
[RANK3] B @ 128.304931640625 (ms) to 172.7138671875 (ms), cudaEventElapsed = 36.67865753173828 (ms)
[RANK3] F @ 173.111083984375 (ms) to 204.99169921875 (ms), cudaEventElapsed = 31.846176147460938 (ms)
[RANK3] B @ 205.0771484375 (ms) to 243.656982421875 (ms), cudaEventElapsed = 38.547454833984375 (ms)
[RANK3] F @ 245.254638671875 (ms) to 277.645263671875 (ms), cudaEventElapsed = 32.35558319091797 (ms)
[RANK3] B @ 277.7509765625 (ms) to 315.728759765625 (ms), cudaEventElapsed = 37.943294525146484 (ms)
[RANK3] F @ 317.418212890625 (ms) to 349.691162109375 (ms), cudaEventElapsed = 32.235233306884766 (ms)
[RANK3] B @ 349.800048828125 (ms) to 387.782958984375 (ms), cudaEventElapsed = 37.94636917114258 (ms)
[RANK3] F @ 389.534912109375 (ms) to 422.124267578125 (ms), cudaEventElapsed = 32.55424118041992 (ms)
[RANK3] B @ 422.218017578125 (ms) to 459.528076171875 (ms), cudaEventElapsed = 37.27769470214844 (ms)
[RANK3] F @ 461.2451171875 (ms) to 493.190673828125 (ms), cudaEventElapsed = 31.910144805908203 (ms)
[RANK3] B @ 493.279541015625 (ms) to 531.494873046875 (ms), cudaEventElapsed = 38.18086242675781 (ms)
[RANK3] F @ 533.02294921875 (ms) to 565.935302734375 (ms), cudaEventElapsed = 32.87721633911133 (ms)
[RANK3] B @ 566.02294921875 (ms) to 604.236328125 (ms), cudaEventElapsed = 38.18086242675781 (ms)
[RANK3] F @ 604.55126953125 (ms) to 636.608154296875 (ms), cudaEventElapsed = 32.027008056640625 (ms)
[RANK3] B @ 636.814453125 (ms) to 676.082275390625 (ms), cudaEventElapsed = 39.23660659790039 (ms)
[RANK3] W @ 676.30224609375 (ms) to 695.99755859375 (ms), cudaEventElapsed = 19.66080093383789 (ms)
[RANK3] F @ 696.15625 (ms) to 728.231201171875 (ms), cudaEventElapsed = 32.044639587402344 (ms)
[RANK3] B @ 728.306884765625 (ms) to 766.873046875 (ms), cudaEventElapsed = 38.53414535522461 (ms)
[RANK3] W @ 767.129150390625 (ms) to 788.18505859375 (ms), cudaEventElapsed = 19.918848037719727 (ms)
[RANK3] F @ 819.997314453125 (ms) to 850.025146484375 (ms), cudaEventElapsed = 29.979040145874023 (ms)
[RANK3] B @ 850.101806640625 (ms) to 886.904052734375 (ms), cudaEventElapsed = 36.7718391418457 (ms)
[RANK3] W @ 887.183837890625 (ms) to 908.391845703125 (ms), cudaEventElapsed = 19.884031295776367 (ms)
[RANK3] F @ 922.403564453125 (ms) to 953.208984375 (ms), cudaEventElapsed = 30.76927947998047 (ms)
[RANK3] B @ 953.290283203125 (ms) to 990.864990234375 (ms), cudaEventElapsed = 37.544960021972656 (ms)
[RANK3] W @ 991.129150390625 (ms) to 1012.66162109375 (ms), cudaEventElapsed = 20.3110408782959 (ms)
[RANK3] F @ 1029.157958984375 (ms) to 1059.72509765625 (ms), cudaEventElapsed = 30.532032012939453 (ms)
[RANK3] B @ 1059.8017578125 (ms) to 1097.197265625 (ms), cudaEventElapsed = 37.365760803222656 (ms)
[RANK3] 8W @ 1097.3994140625 (ms) to 1260.94580078125 (ms), cudaEventElapsed = 163.51231384277344 (ms)
[RANK3] Iteration 3
[RANK3] F @ 97.41259765625 (ms) to 128.0400390625 (ms), cudaEventElapsed = 30.57744026184082 (ms)
[RANK3] B @ 128.263916015625 (ms) to 173.153076171875 (ms), cudaEventElapsed = 35.68537521362305 (ms)
[RANK3] F @ 174.40234375 (ms) to 204.72216796875 (ms), cudaEventElapsed = 30.285120010375977 (ms)
[RANK3] B @ 204.80615234375 (ms) to 242.614990234375 (ms), cudaEventElapsed = 37.775360107421875 (ms)
[RANK3] F @ 244.119873046875 (ms) to 276.274169921875 (ms), cudaEventElapsed = 32.12297439575195 (ms)
[RANK3] B @ 276.371337890625 (ms) to 314.1103515625 (ms), cudaEventElapsed = 37.7077751159668 (ms)
[RANK3] F @ 315.72314453125 (ms) to 347.591064453125 (ms), cudaEventElapsed = 31.835359573364258 (ms)
[RANK3] B @ 347.673583984375 (ms) to 385.536376953125 (ms), cudaEventElapsed = 37.83270263671875 (ms)
[RANK3] F @ 387.169921875 (ms) to 420.01220703125 (ms), cudaEventElapsed = 32.811073303222656 (ms)
[RANK3] B @ 420.09765625 (ms) to 457.890625 (ms), cudaEventElapsed = 37.761024475097656 (ms)
[RANK3] F @ 459.400146484375 (ms) to 491.900390625 (ms), cudaEventElapsed = 32.463871002197266 (ms)
[RANK3] B @ 491.99658203125 (ms) to 530.109619140625 (ms), cudaEventElapsed = 38.08051300048828 (ms)
[RANK3] F @ 531.58544921875 (ms) to 564.086669921875 (ms), cudaEventElapsed = 32.45827102661133 (ms)
[RANK3] B @ 564.16796875 (ms) to 602.599609375 (ms), cudaEventElapsed = 38.401023864746094 (ms)
[RANK3] F @ 602.895263671875 (ms) to 635.029296875 (ms), cudaEventElapsed = 32.10377502441406 (ms)
[RANK3] B @ 635.236328125 (ms) to 674.396484375 (ms), cudaEventElapsed = 39.13011169433594 (ms)
[RANK3] W @ 674.573974609375 (ms) to 698.37548828125 (ms), cudaEventElapsed = 18.41254425048828 (ms)
[RANK3] F @ 698.5263671875 (ms) to 729.640625 (ms), cudaEventElapsed = 31.08620834350586 (ms)
[RANK3] B @ 729.714599609375 (ms) to 767.525634765625 (ms), cudaEventElapsed = 37.782527923583984 (ms)
[RANK3] W @ 767.7587890625 (ms) to 788.869384765625 (ms), cudaEventElapsed = 20.006912231445312 (ms)
[RANK3] F @ 825.35693359375 (ms) to 855.3564453125 (ms), cudaEventElapsed = 29.952192306518555 (ms)
[RANK3] B @ 855.4365234375 (ms) to 892.510498046875 (ms), cudaEventElapsed = 37.04422378540039 (ms)
[RANK3] W @ 892.747802734375 (ms) to 914.27099609375 (ms), cudaEventElapsed = 20.222976684570312 (ms)
[RANK3] F @ 928.240234375 (ms) to 958.679443359375 (ms), cudaEventElapsed = 30.405311584472656 (ms)
[RANK3] B @ 958.756591796875 (ms) to 995.87109375 (ms), cudaEventElapsed = 37.085182189941406 (ms)
[RANK3] W @ 996.10791015625 (ms) to 1017.305419921875 (ms), cudaEventElapsed = 19.972095489501953 (ms)
[RANK3] F @ 1032.4990234375 (ms) to 1062.999755859375 (ms), cudaEventElapsed = 30.46544075012207 (ms)
[RANK3] B @ 1063.09033203125 (ms) to 1101.01904296875 (ms), cudaEventElapsed = 37.89619064331055 (ms)
[RANK3] 8W @ 1101.19384765625 (ms) to 1265.08642578125 (ms), cudaEventElapsed = 163.8604736328125 (ms)
[RANK3] Iteration 4
[RANK3] F @ 97.48876953125 (ms) to 128.007568359375 (ms), cudaEventElapsed = 30.47542381286621 (ms)
[RANK3] B @ 128.217529296875 (ms) to 172.679931640625 (ms), cudaEventElapsed = 36.57215881347656 (ms)
[RANK3] F @ 174.044677734375 (ms) to 207.0390625 (ms), cudaEventElapsed = 32.95801544189453 (ms)
[RANK3] B @ 207.1240234375 (ms) to 245.830322265625 (ms), cudaEventElapsed = 38.67443084716797 (ms)
[RANK3] F @ 247.419677734375 (ms) to 280.709228515625 (ms), cudaEventElapsed = 33.25775909423828 (ms)
[RANK3] B @ 280.801025390625 (ms) to 319.238037109375 (ms), cudaEventElapsed = 38.405120849609375 (ms)
[RANK3] F @ 320.946044921875 (ms) to 354.578369140625 (ms), cudaEventElapsed = 33.59904098510742 (ms)
[RANK3] B @ 354.6669921875 (ms) to 393.37939453125 (ms), cudaEventElapsed = 38.68057632446289 (ms)
[RANK3] F @ 395.03515625 (ms) to 429.204833984375 (ms), cudaEventElapsed = 34.13520050048828 (ms)
[RANK3] B @ 429.290771484375 (ms) to 467.625732421875 (ms), cudaEventElapsed = 38.30271911621094 (ms)
[RANK3] F @ 469.23193359375 (ms) to 502.876953125 (ms), cudaEventElapsed = 33.61228942871094 (ms)
[RANK3] B @ 502.962158203125 (ms) to 541.30712890625 (ms), cudaEventElapsed = 38.31398391723633 (ms)
[RANK3] F @ 542.9580078125 (ms) to 577.020751953125 (ms), cudaEventElapsed = 34.029441833496094 (ms)
[RANK3] B @ 577.10791015625 (ms) to 616.004150390625 (ms), cudaEventElapsed = 38.86489486694336 (ms)
[RANK3] F @ 616.303955078125 (ms) to 649.721923828125 (ms), cudaEventElapsed = 33.38556671142578 (ms)
[RANK3] B @ 649.941162109375 (ms) to 689.45849609375 (ms), cudaEventElapsed = 39.48543930053711 (ms)
[RANK3] W @ 689.688720703125 (ms) to 719.1513671875 (ms), cudaEventElapsed = 19.67513656616211 (ms)
[RANK3] F @ 719.314453125 (ms) to 753.21533203125 (ms), cudaEventElapsed = 33.87113571166992 (ms)
[RANK3] B @ 753.2958984375 (ms) to 792.424072265625 (ms), cudaEventElapsed = 39.09632110595703 (ms)
[RANK3] W @ 792.6904296875 (ms) to 815.706298828125 (ms), cudaEventElapsed = 21.789695739746094 (ms)
[RANK3] F @ 854.838623046875 (ms) to 885.27783203125 (ms), cudaEventElapsed = 30.4006404876709 (ms)
[RANK3] B @ 885.358154296875 (ms) to 922.903564453125 (ms), cudaEventElapsed = 37.51424026489258 (ms)
[RANK3] W @ 923.151611328125 (ms) to 946.683837890625 (ms), cudaEventElapsed = 22.253568649291992 (ms)
[RANK3] F @ 975.7275390625 (ms) to 1006.51611328125 (ms), cudaEventElapsed = 30.751808166503906 (ms)
[RANK3] B @ 1006.58984375 (ms) to 1044.484130859375 (ms), cudaEventElapsed = 37.86649703979492 (ms)
[RANK3] W @ 1044.73681640625 (ms) to 1067.716552734375 (ms), cudaEventElapsed = 21.751808166503906 (ms)
[RANK3] F @ 1086.343994140625 (ms) to 1117.400634765625 (ms), cudaEventElapsed = 31.02182388305664 (ms)
[RANK3] B @ 1117.483154296875 (ms) to 1155.87353515625 (ms), cudaEventElapsed = 38.36006546020508 (ms)
[RANK3] 8W @ 1156.0537109375 (ms) to 1346.81201171875 (ms), cudaEventElapsed = 190.7230682373047 (ms)
[RANK3] Iteration 5
[RANK3] F @ 98.20703125 (ms) to 128.88818359375 (ms), cudaEventElapsed = 30.6276798248291 (ms)
[RANK3] B @ 129.138916015625 (ms) to 174.11279296875 (ms), cudaEventElapsed = 37.04729461669922 (ms)
[RANK3] F @ 174.5302734375 (ms) to 207.48291015625 (ms), cudaEventElapsed = 32.918209075927734 (ms)
[RANK3] B @ 207.571044921875 (ms) to 246.332763671875 (ms), cudaEventElapsed = 38.730751037597656 (ms)
[RANK3] F @ 247.9375 (ms) to 281.461181640625 (ms), cudaEventElapsed = 33.49055862426758 (ms)
[RANK3] B @ 281.5556640625 (ms) to 320.12890625 (ms), cudaEventElapsed = 38.540287017822266 (ms)
[RANK3] F @ 321.74462890625 (ms) to 355.450439453125 (ms), cudaEventElapsed = 33.66342544555664 (ms)
[RANK3] B @ 355.54052734375 (ms) to 393.94384765625 (ms), cudaEventElapsed = 38.372352600097656 (ms)
[RANK3] F @ 395.591552734375 (ms) to 429.479248046875 (ms), cudaEventElapsed = 33.8554573059082 (ms)
[RANK3] B @ 429.5634765625 (ms) to 468.33984375 (ms), cudaEventElapsed = 38.745086669921875 (ms)
[RANK3] F @ 469.939697265625 (ms) to 504.50830078125 (ms), cudaEventElapsed = 34.534912109375 (ms)
[RANK3] B @ 504.592529296875 (ms) to 543.0537109375 (ms), cudaEventElapsed = 38.43174362182617 (ms)
[RANK3] F @ 544.630859375 (ms) to 578.42041015625 (ms), cudaEventElapsed = 33.74700927734375 (ms)
[RANK3] B @ 578.505859375 (ms) to 617.4189453125 (ms), cudaEventElapsed = 38.88127899169922 (ms)
[RANK3] F @ 617.733642578125 (ms) to 651.46875 (ms), cudaEventElapsed = 33.70512008666992 (ms)
[RANK3] B @ 651.68994140625 (ms) to 692.220458984375 (ms), cudaEventElapsed = 40.50022506713867 (ms)
[RANK3] W @ 692.41796875 (ms) to 721.77685546875 (ms), cudaEventElapsed = 20.288511276245117 (ms)
[RANK3] F @ 721.9375 (ms) to 754.85400390625 (ms), cudaEventElapsed = 32.88719940185547 (ms)
[RANK3] B @ 754.931396484375 (ms) to 793.84423828125 (ms), cudaEventElapsed = 38.88127899169922 (ms)
[RANK3] W @ 794.111328125 (ms) to 817.090087890625 (ms), cudaEventElapsed = 21.782527923583984 (ms)
[RANK3] F @ 857.604736328125 (ms) to 887.687744140625 (ms), cudaEventElapsed = 30.044767379760742 (ms)
[RANK3] B @ 887.7685546875 (ms) to 924.8818359375 (ms), cudaEventElapsed = 37.08313751220703 (ms)
[RANK3] W @ 925.135986328125 (ms) to 947.74853515625 (ms), cudaEventElapsed = 21.330944061279297 (ms)
[RANK3] F @ 977.337646484375 (ms) to 1009.289306640625 (ms), cudaEventElapsed = 31.909536361694336 (ms)
[RANK3] B @ 1009.370849609375 (ms) to 1047.53515625 (ms), cudaEventElapsed = 38.13478469848633 (ms)
[RANK3] W @ 1047.792724609375 (ms) to 1070.586669921875 (ms), cudaEventElapsed = 21.525503158569336 (ms)
[RANK3] F @ 1089.744384765625 (ms) to 1121.27099609375 (ms), cudaEventElapsed = 31.49273681640625 (ms)
[RANK3] B @ 1121.347412109375 (ms) to 1159.382568359375 (ms), cudaEventElapsed = 38.005760192871094 (ms)
[RANK3] 8W @ 1159.561767578125 (ms) to 1350.52685546875 (ms), cudaEventElapsed = 190.919677734375 (ms)
[RANK3] Iteration 6
[RANK3] F @ 97.811279296875 (ms) to 128.573974609375 (ms), cudaEventElapsed = 30.716672897338867 (ms)
[RANK3] B @ 128.799560546875 (ms) to 173.31103515625 (ms), cudaEventElapsed = 36.208641052246094 (ms)
[RANK3] F @ 174.037109375 (ms) to 206.1767578125 (ms), cudaEventElapsed = 32.104671478271484 (ms)
[RANK3] B @ 206.259521484375 (ms) to 244.944091796875 (ms), cudaEventElapsed = 38.653953552246094 (ms)
[RANK3] F @ 246.554443359375 (ms) to 280.447265625 (ms), cudaEventElapsed = 33.86003112792969 (ms)
[RANK3] B @ 280.546875 (ms) to 320.033935546875 (ms), cudaEventElapsed = 39.45267105102539 (ms)
[RANK3] F @ 321.69140625 (ms) to 355.977783203125 (ms), cudaEventElapsed = 34.254398345947266 (ms)
[RANK3] B @ 356.08056640625 (ms) to 394.326904296875 (ms), cudaEventElapsed = 38.209537506103516 (ms)
[RANK3] F @ 396.0029296875 (ms) to 429.57666015625 (ms), cudaEventElapsed = 33.54115295410156 (ms)
[RANK3] B @ 429.662841796875 (ms) to 468.489501953125 (ms), cudaEventElapsed = 38.793216705322266 (ms)
[RANK3] F @ 470.276123046875 (ms) to 504.522705078125 (ms), cudaEventElapsed = 34.21161651611328 (ms)
[RANK3] B @ 504.60791015625 (ms) to 543.051513671875 (ms), cudaEventElapsed = 38.41331100463867 (ms)
[RANK3] F @ 544.625244140625 (ms) to 578.5576171875 (ms), cudaEventElapsed = 33.897823333740234 (ms)
[RANK3] B @ 578.640869140625 (ms) to 617.327880859375 (ms), cudaEventElapsed = 38.65702438354492 (ms)
[RANK3] F @ 617.640380859375 (ms) to 651.27294921875 (ms), cudaEventElapsed = 33.60182571411133 (ms)
[RANK3] B @ 651.4912109375 (ms) to 691.593017578125 (ms), cudaEventElapsed = 40.07014465332031 (ms)
[RANK3] W @ 691.79345703125 (ms) to 720.435302734375 (ms), cudaEventElapsed = 19.094528198242188 (ms)
[RANK3] F @ 720.592041015625 (ms) to 754.9599609375 (ms), cudaEventElapsed = 34.339134216308594 (ms)
[RANK3] B @ 755.036376953125 (ms) to 794.164306640625 (ms), cudaEventElapsed = 39.09836959838867 (ms)
[RANK3] W @ 794.4208984375 (ms) to 817.007568359375 (ms), cudaEventElapsed = 21.412864685058594 (ms)
[RANK3] F @ 857.8759765625 (ms) to 888.257080078125 (ms), cudaEventElapsed = 30.338815689086914 (ms)
[RANK3] B @ 888.33740234375 (ms) to 925.485595703125 (ms), cudaEventElapsed = 37.11692810058594 (ms)
[RANK3] W @ 925.729736328125 (ms) to 949.17333984375 (ms), cudaEventElapsed = 22.180864334106445 (ms)
[RANK3] F @ 975.853515625 (ms) to 1006.5517578125 (ms), cudaEventElapsed = 30.652544021606445 (ms)
[RANK3] B @ 1006.631103515625 (ms) to 1044.54638671875 (ms), cudaEventElapsed = 37.88492965698242 (ms)
[RANK3] W @ 1044.810546875 (ms) to 1067.91650390625 (ms), cudaEventElapsed = 21.849088668823242 (ms)
[RANK3] F @ 1086.720703125 (ms) to 1118.39892578125 (ms), cudaEventElapsed = 31.643007278442383 (ms)
[RANK3] B @ 1118.474853515625 (ms) to 1156.60546875 (ms), cudaEventElapsed = 38.100990295410156 (ms)
[RANK3] 8W @ 1156.78173828125 (ms) to 1349.30615234375 (ms), cudaEventElapsed = 192.4884490966797 (ms)
[RANK3] Iteration 7
[RANK3] F @ 91.53564453125 (ms) to 120.946533203125 (ms), cudaEventElapsed = 29.35807991027832 (ms)
[RANK3] F @ 125.9638671875 (ms) to 155.9677734375 (ms), cudaEventElapsed = 29.96463966369629 (ms)
[RANK3] F @ 164.9482421875 (ms) to 195.908447265625 (ms), cudaEventElapsed = 30.924287796020508 (ms)
[RANK3] F @ 200.772216796875 (ms) to 232.41552734375 (ms), cudaEventElapsed = 31.605663299560547 (ms)
[RANK3] F @ 236.440185546875 (ms) to 268.7138671875 (ms), cudaEventElapsed = 32.23945617675781 (ms)
[RANK3] F @ 272.068359375 (ms) to 305.377685546875 (ms), cudaEventElapsed = 33.27484893798828 (ms)
[RANK3] F @ 307.772216796875 (ms) to 340.75732421875 (ms), cudaEventElapsed = 32.9508171081543 (ms)
[RANK3] F @ 342.52978515625 (ms) to 374.03759765625 (ms), cudaEventElapsed = 31.4736328125 (ms)
[RANK3] F @ 378.5546875 (ms) to 410.4072265625 (ms), cudaEventElapsed = 31.818944931030273 (ms)
[RANK3] F @ 415.3935546875 (ms) to 447.3564453125 (ms), cudaEventElapsed = 31.930784225463867 (ms)
[RANK3] F @ 452.14453125 (ms) to 484.724365234375 (ms), cudaEventElapsed = 32.547454833984375 (ms)
[RANK3] F @ 488.478759765625 (ms) to 520.559814453125 (ms), cudaEventElapsed = 32.04880142211914 (ms)
