[RANK1] Iteration 1
[RANK1] F @ 536.73974609375 (ms) to 697.93505859375 (ms), cudaEventElapsed = 161.16018676757812 (ms)
[RANK1] F @ 699.384521484375 (ms) to 732.924560546875 (ms), cudaEventElapsed = 33.512447357177734 (ms)
[RANK1] F @ 734.247802734375 (ms) to 770.66748046875 (ms), cudaEventElapsed = 36.3950080871582 (ms)
[RANK1] F @ 772.099609375 (ms) to 808.41845703125 (ms), cudaEventElapsed = 36.29363250732422 (ms)
[RANK1] F @ 809.767333984375 (ms) to 845.5126953125 (ms), cudaEventElapsed = 35.721214294433594 (ms)
[RANK1] B @ 1586.54150390625 (ms) to 1639.389404296875 (ms), cudaEventElapsed = 52.82304000854492 (ms)
[RANK1] F @ 1640.688232421875 (ms) to 1673.238037109375 (ms), cudaEventElapsed = 32.521217346191406 (ms)
[RANK1] B @ 1675.126953125 (ms) to 1719.957763671875 (ms), cudaEventElapsed = 44.801025390625 (ms)
[RANK1] F @ 1721.380615234375 (ms) to 1755.000732421875 (ms), cudaEventElapsed = 33.5912971496582 (ms)
[RANK1] B @ 1756.760009765625 (ms) to 1801.129150390625 (ms), cudaEventElapsed = 44.34534454345703 (ms)
[RANK1] F @ 1802.5625 (ms) to 1835.845458984375 (ms), cudaEventElapsed = 33.25235366821289 (ms)
[RANK1] B @ 1837.294189453125 (ms) to 1881.6845703125 (ms), cudaEventElapsed = 44.36479949951172 (ms)
[RANK1] F @ 1882.917724609375 (ms) to 1916.161376953125 (ms), cudaEventElapsed = 33.21548843383789 (ms)
[RANK1] B @ 1917.802001953125 (ms) to 1962.197021484375 (ms), cudaEventElapsed = 44.36684799194336 (ms)
[RANK1] F @ 1963.650634765625 (ms) to 1997.28076171875 (ms), cudaEventElapsed = 33.60051345825195 (ms)
[RANK1] B @ 1998.975830078125 (ms) to 2043.485107421875 (ms), cudaEventElapsed = 44.47846221923828 (ms)
[RANK1] F @ 2044.7197265625 (ms) to 2078.526611328125 (ms), cudaEventElapsed = 33.78073501586914 (ms)
[RANK1] B @ 2079.834716796875 (ms) to 2123.4736328125 (ms), cudaEventElapsed = 43.615230560302734 (ms)
[RANK1] F @ 2124.73388671875 (ms) to 2158.036865234375 (ms), cudaEventElapsed = 33.279998779296875 (ms)
[RANK1] B @ 2159.410400390625 (ms) to 2203.8642578125 (ms), cudaEventElapsed = 44.430335998535156 (ms)
[RANK1] W @ 2204.610595703125 (ms) to 2225.961181640625 (ms), cudaEventElapsed = 21.325824737548828 (ms)
[RANK1] B @ 2227.31640625 (ms) to 2269.42333984375 (ms), cudaEventElapsed = 42.08537673950195 (ms)
[RANK1] W @ 2270.18359375 (ms) to 2290.232177734375 (ms), cudaEventElapsed = 20.024320602416992 (ms)
[RANK1] B @ 2303.670166015625 (ms) to 2344.748046875 (ms), cudaEventElapsed = 41.05420684814453 (ms)
[RANK1] W @ 2345.51806640625 (ms) to 2365.500732421875 (ms), cudaEventElapsed = 19.4334716796875 (ms)
[RANK1] B @ 2368.33447265625 (ms) to 2409.57275390625 (ms), cudaEventElapsed = 41.21702575683594 (ms)
[RANK1] W @ 2410.3115234375 (ms) to 2430.247802734375 (ms), cudaEventElapsed = 19.913728713989258 (ms)
[RANK1] B @ 2434.45263671875 (ms) to 2476.729736328125 (ms), cudaEventElapsed = 42.256385803222656 (ms)
[RANK1] 8W @ 2478.832275390625 (ms) to 2651.794189453125 (ms), cudaEventElapsed = 172.93618774414062 (ms)
[RANK1] Iteration 2
[RANK1] F @ 34.250244140625 (ms) to 66.292724609375 (ms), cudaEventElapsed = 32.01433563232422 (ms)
[RANK1] F @ 67.862060546875 (ms) to 101.575927734375 (ms), cudaEventElapsed = 33.684478759765625 (ms)
[RANK1] F @ 103.169189453125 (ms) to 139.506103515625 (ms), cudaEventElapsed = 36.30796813964844 (ms)
[RANK1] F @ 141.060791015625 (ms) to 177.7236328125 (ms), cudaEventElapsed = 36.63359832763672 (ms)
[RANK1] F @ 179.30078125 (ms) to 215.40966796875 (ms), cudaEventElapsed = 36.078590393066406 (ms)
[RANK1] B @ 237.111572265625 (ms) to 402.463134765625 (ms), cudaEventElapsed = 165.31968688964844 (ms)
[RANK1] F @ 404.200439453125 (ms) to 438.76123046875 (ms), cudaEventElapsed = 34.53132629394531 (ms)
[RANK1] B @ 441.2841796875 (ms) to 488.263671875 (ms), cudaEventElapsed = 46.952449798583984 (ms)
[RANK1] F @ 489.88525390625 (ms) to 525.267333984375 (ms), cudaEventElapsed = 35.350528717041016 (ms)
[RANK1] B @ 526.94580078125 (ms) to 571.8505859375 (ms), cudaEventElapsed = 44.87577438354492 (ms)
[RANK1] F @ 573.289794921875 (ms) to 607.928466796875 (ms), cudaEventElapsed = 34.61119842529297 (ms)
[RANK1] B @ 609.613525390625 (ms) to 654.5625 (ms), cudaEventElapsed = 44.920833587646484 (ms)
[RANK1] F @ 656.0 (ms) to 691.17236328125 (ms), cudaEventElapsed = 35.136512756347656 (ms)
[RANK1] B @ 692.85498046875 (ms) to 737.82568359375 (ms), cudaEventElapsed = 44.943359375 (ms)
[RANK1] F @ 771.45263671875 (ms) to 803.21875 (ms), cudaEventElapsed = 31.734783172607422 (ms)
[RANK1] B @ 804.9130859375 (ms) to 849.010986328125 (ms), cudaEventElapsed = 44.067840576171875 (ms)
[RANK1] F @ 850.465087890625 (ms) to 885.80712890625 (ms), cudaEventElapsed = 35.31468963623047 (ms)
[RANK1] B @ 887.39013671875 (ms) to 932.42138671875 (ms), cudaEventElapsed = 45.00172805786133 (ms)
[RANK1] F @ 933.85693359375 (ms) to 968.628662109375 (ms), cudaEventElapsed = 34.739200592041016 (ms)
[RANK1] B @ 969.99462890625 (ms) to 1015.010009765625 (ms), cudaEventElapsed = 44.99148941040039 (ms)
[RANK1] W @ 1015.798095703125 (ms) to 1038.969970703125 (ms), cudaEventElapsed = 23.148544311523438 (ms)
[RANK1] B @ 1047.6748046875 (ms) to 1093.1552734375 (ms), cudaEventElapsed = 45.458431243896484 (ms)
[RANK1] W @ 1093.91748046875 (ms) to 1116.37060546875 (ms), cudaEventElapsed = 22.43071937561035 (ms)
[RANK1] B @ 1130.616943359375 (ms) to 1174.702880859375 (ms), cudaEventElapsed = 44.0555534362793 (ms)
[RANK1] W @ 1175.494140625 (ms) to 1198.0791015625 (ms), cudaEventElapsed = 22.562816619873047 (ms)
[RANK1] B @ 1202.5341796875 (ms) to 1250.70947265625 (ms), cudaEventElapsed = 48.154624938964844 (ms)
[RANK1] W @ 1251.47802734375 (ms) to 1275.901123046875 (ms), cudaEventElapsed = 24.397823333740234 (ms)
[RANK1] B @ 1276.72900390625 (ms) to 1323.888671875 (ms), cudaEventElapsed = 47.13676834106445 (ms)
[RANK1] 8W @ 1325.80908203125 (ms) to 1539.41455078125 (ms), cudaEventElapsed = 213.57363891601562 (ms)
[RANK1] Iteration 3
[RANK1] F @ 34.569580078125 (ms) to 66.123046875 (ms), cudaEventElapsed = 31.524864196777344 (ms)
[RANK1] F @ 67.68017578125 (ms) to 101.400634765625 (ms), cudaEventElapsed = 33.69062423706055 (ms)
[RANK1] F @ 103.156494140625 (ms) to 139.30517578125 (ms), cudaEventElapsed = 36.120574951171875 (ms)
[RANK1] F @ 141.02783203125 (ms) to 176.6806640625 (ms), cudaEventElapsed = 35.61062240600586 (ms)
[RANK1] F @ 178.424560546875 (ms) to 214.326171875 (ms), cudaEventElapsed = 35.871742248535156 (ms)
[RANK1] B @ 237.97021484375 (ms) to 279.546875 (ms), cudaEventElapsed = 41.54880142211914 (ms)
[RANK1] F @ 280.970703125 (ms) to 314.914794921875 (ms), cudaEventElapsed = 33.9159049987793 (ms)
[RANK1] B @ 322.48583984375 (ms) to 366.910888671875 (ms), cudaEventElapsed = 44.39756774902344 (ms)
[RANK1] F @ 368.4853515625 (ms) to 403.564453125 (ms), cudaEventElapsed = 35.0463981628418 (ms)
[RANK1] B @ 406.4580078125 (ms) to 451.152099609375 (ms), cudaEventElapsed = 44.6668815612793 (ms)
[RANK1] F @ 452.56884765625 (ms) to 487.481201171875 (ms), cudaEventElapsed = 34.8856315612793 (ms)
[RANK1] B @ 492.4833984375 (ms) to 537.48681640625 (ms), cudaEventElapsed = 44.97510528564453 (ms)
[RANK1] F @ 538.901611328125 (ms) to 573.795166015625 (ms), cudaEventElapsed = 34.86617660522461 (ms)
[RANK1] B @ 575.9970703125 (ms) to 621.3056640625 (ms), cudaEventElapsed = 45.2782096862793 (ms)
[RANK1] F @ 622.780029296875 (ms) to 657.696044921875 (ms), cudaEventElapsed = 34.883583068847656 (ms)
[RANK1] B @ 660.349853515625 (ms) to 705.194091796875 (ms), cudaEventElapsed = 44.812286376953125 (ms)
[RANK1] F @ 706.779052734375 (ms) to 741.2783203125 (ms), cudaEventElapsed = 34.469886779785156 (ms)
[RANK1] B @ 745.550048828125 (ms) to 789.7392578125 (ms), cudaEventElapsed = 44.16204833984375 (ms)
[RANK1] F @ 791.14990234375 (ms) to 826.04931640625 (ms), cudaEventElapsed = 34.872318267822266 (ms)
[RANK1] B @ 828.875 (ms) to 873.50537109375 (ms), cudaEventElapsed = 44.59929656982422 (ms)
[RANK1] W @ 874.293212890625 (ms) to 899.0283203125 (ms), cudaEventElapsed = 24.71116828918457 (ms)
[RANK1] B @ 910.9677734375 (ms) to 957.890625 (ms), cudaEventElapsed = 46.901248931884766 (ms)
[RANK1] W @ 958.66162109375 (ms) to 982.47900390625 (ms), cudaEventElapsed = 23.794687271118164 (ms)
[RANK1] B @ 1003.473388671875 (ms) to 1045.971435546875 (ms), cudaEventElapsed = 42.47654342651367 (ms)
[RANK1] W @ 1046.7783203125 (ms) to 1068.7861328125 (ms), cudaEventElapsed = 21.981184005737305 (ms)
[RANK1] B @ 1075.64990234375 (ms) to 1122.386962890625 (ms), cudaEventElapsed = 46.715904235839844 (ms)
[RANK1] W @ 1123.13916015625 (ms) to 1146.836181640625 (ms), cudaEventElapsed = 23.67487907409668 (ms)
[RANK1] B @ 1148.240478515625 (ms) to 1195.07958984375 (ms), cudaEventElapsed = 46.818302154541016 (ms)
[RANK1] 8W @ 1197.185791015625 (ms) to 1412.496826171875 (ms), cudaEventElapsed = 215.28370666503906 (ms)
[RANK1] Iteration 4
[RANK1] F @ 32.8603515625 (ms) to 64.401611328125 (ms), cudaEventElapsed = 31.518720626831055 (ms)
[RANK1] F @ 65.724365234375 (ms) to 99.4833984375 (ms), cudaEventElapsed = 33.735679626464844 (ms)
[RANK1] F @ 100.83203125 (ms) to 137.362060546875 (ms), cudaEventElapsed = 36.50252914428711 (ms)
[RANK1] F @ 138.85791015625 (ms) to 175.177001953125 (ms), cudaEventElapsed = 36.29056167602539 (ms)
[RANK1] F @ 176.835205078125 (ms) to 213.141357421875 (ms), cudaEventElapsed = 36.279296875 (ms)
[RANK1] B @ 235.021728515625 (ms) to 276.977294921875 (ms), cudaEventElapsed = 41.92665481567383 (ms)
[RANK1] F @ 278.535888671875 (ms) to 312.81103515625 (ms), cudaEventElapsed = 34.24153518676758 (ms)
[RANK1] B @ 320.895263671875 (ms) to 365.3466796875 (ms), cudaEventElapsed = 44.42214584350586 (ms)
[RANK1] F @ 366.89892578125 (ms) to 401.4677734375 (ms), cudaEventElapsed = 34.541568756103516 (ms)
[RANK1] B @ 405.101318359375 (ms) to 449.629638671875 (ms), cudaEventElapsed = 44.50201416015625 (ms)
[RANK1] F @ 451.028564453125 (ms) to 485.7451171875 (ms), cudaEventElapsed = 34.68902587890625 (ms)
[RANK1] B @ 488.58447265625 (ms) to 533.508056640625 (ms), cudaEventElapsed = 44.89625549316406 (ms)
[RANK1] F @ 534.910888671875 (ms) to 569.91259765625 (ms), cudaEventElapsed = 34.973697662353516 (ms)
[RANK1] B @ 572.564453125 (ms) to 617.302001953125 (ms), cudaEventElapsed = 44.70988845825195 (ms)
[RANK1] F @ 618.797119140625 (ms) to 653.79736328125 (ms), cudaEventElapsed = 34.969600677490234 (ms)
[RANK1] B @ 656.50830078125 (ms) to 701.814697265625 (ms), cudaEventElapsed = 45.277183532714844 (ms)
[RANK1] F @ 703.216796875 (ms) to 738.3662109375 (ms), cudaEventElapsed = 35.121150970458984 (ms)
[RANK1] B @ 740.23974609375 (ms) to 785.6630859375 (ms), cudaEventElapsed = 45.39596939086914 (ms)
[RANK1] F @ 787.194091796875 (ms) to 822.095947265625 (ms), cudaEventElapsed = 34.88051223754883 (ms)
[RANK1] B @ 825.3173828125 (ms) to 869.80859375 (ms), cudaEventElapsed = 44.4692497253418 (ms)
[RANK1] W @ 870.583984375 (ms) to 893.646484375 (ms), cudaEventElapsed = 23.038976669311523 (ms)
[RANK1] B @ 908.420166015625 (ms) to 955.308837890625 (ms), cudaEventElapsed = 46.866432189941406 (ms)
[RANK1] W @ 956.061767578125 (ms) to 979.1796875 (ms), cudaEventElapsed = 23.0963191986084 (ms)
[RANK1] B @ 996.0966796875 (ms) to 1039.37255859375 (ms), cudaEventElapsed = 43.254783630371094 (ms)
[RANK1] W @ 1040.119384765625 (ms) to 1063.380859375 (ms), cudaEventElapsed = 23.23967933654785 (ms)
[RANK1] B @ 1069.24853515625 (ms) to 1114.771240234375 (ms), cudaEventElapsed = 45.502464294433594 (ms)
[RANK1] W @ 1115.562255859375 (ms) to 1139.06591796875 (ms), cudaEventElapsed = 23.478271484375 (ms)
[RANK1] B @ 1143.09521484375 (ms) to 1189.955078125 (ms), cudaEventElapsed = 46.83980941772461 (ms)
[RANK1] 8W @ 1191.87158203125 (ms) to 1404.911865234375 (ms), cudaEventElapsed = 213.0145263671875 (ms)
[RANK1] Iteration 5
[RANK1] F @ 33.970947265625 (ms) to 65.5087890625 (ms), cudaEventElapsed = 31.509504318237305 (ms)
[RANK1] F @ 67.086181640625 (ms) to 100.845458984375 (ms), cudaEventElapsed = 33.732608795166016 (ms)
[RANK1] F @ 102.424072265625 (ms) to 138.687255859375 (ms), cudaEventElapsed = 36.2342414855957 (ms)
[RANK1] F @ 140.257080078125 (ms) to 176.6240234375 (ms), cudaEventElapsed = 36.338687896728516 (ms)
[RANK1] F @ 178.215087890625 (ms) to 213.89453125 (ms), cudaEventElapsed = 35.65055847167969 (ms)
[RANK1] B @ 396.165283203125 (ms) to 437.353271484375 (ms), cudaEventElapsed = 41.16172790527344 (ms)
[RANK1] F @ 438.756103515625 (ms) to 472.429443359375 (ms), cudaEventElapsed = 33.64556884765625 (ms)
[RANK1] B @ 478.179931640625 (ms) to 522.27099609375 (ms), cudaEventElapsed = 44.058624267578125 (ms)
[RANK1] F @ 523.672607421875 (ms) to 558.65380859375 (ms), cudaEventElapsed = 34.953216552734375 (ms)
[RANK1] B @ 562.693115234375 (ms) to 608.296875 (ms), cudaEventElapsed = 45.57619094848633 (ms)
[RANK1] F @ 609.7119140625 (ms) to 644.9169921875 (ms), cudaEventElapsed = 35.178497314453125 (ms)
[RANK1] B @ 712.126953125 (ms) to 753.189208984375 (ms), cudaEventElapsed = 41.034751892089844 (ms)
[RANK1] F @ 754.574462890625 (ms) to 787.743408203125 (ms), cudaEventElapsed = 33.1407356262207 (ms)
[RANK1] B @ 801.599365234375 (ms) to 844.134521484375 (ms), cudaEventElapsed = 42.50624084472656 (ms)
[RANK1] F @ 845.53466796875 (ms) to 879.82421875 (ms), cudaEventElapsed = 34.26201629638672 (ms)
[RANK1] B @ 888.4375 (ms) to 932.794921875 (ms), cudaEventElapsed = 44.32998275756836 (ms)
[RANK1] F @ 934.2392578125 (ms) to 968.840087890625 (ms), cudaEventElapsed = 34.569217681884766 (ms)
[RANK1] B @ 1028.288330078125 (ms) to 1069.40966796875 (ms), cudaEventElapsed = 41.10028839111328 (ms)
[RANK1] F @ 1070.6298828125 (ms) to 1104.31103515625 (ms), cudaEventElapsed = 33.658878326416016 (ms)
[RANK1] B @ 1121.29931640625 (ms) to 1198.99072265625 (ms), cudaEventElapsed = 77.67040252685547 (ms)
[RANK1] W @ 1199.783447265625 (ms) to 1219.3544921875 (ms), cudaEventElapsed = 19.545087814331055 (ms)
[RANK1] B @ 1221.131591796875 (ms) to 1266.35546875 (ms), cudaEventElapsed = 45.202430725097656 (ms)
[RANK1] W @ 1267.1259765625 (ms) to 1291.10009765625 (ms), cudaEventElapsed = 23.95136070251465 (ms)
[RANK1] B @ 1343.52001953125 (ms) to 1384.3876953125 (ms), cudaEventElapsed = 40.846336364746094 (ms)
[RANK1] W @ 1385.147705078125 (ms) to 1406.579833984375 (ms), cudaEventElapsed = 21.403648376464844 (ms)
[RANK1] B @ 1435.998046875 (ms) to 1478.26123046875 (ms), cudaEventElapsed = 42.24204635620117 (ms)
[RANK1] W @ 1479.042724609375 (ms) to 1501.393310546875 (ms), cudaEventElapsed = 22.32524871826172 (ms)
[RANK1] B @ 1527.02880859375 (ms) to 1569.189453125 (ms), cudaEventElapsed = 42.1396484375 (ms)
[RANK1] 8W @ 1571.429931640625 (ms) to 1783.22265625 (ms), cudaEventElapsed = 211.76319885253906 (ms)
[RANK1] Iteration 6
[RANK1] F @ 32.339111328125 (ms) to 63.947509765625 (ms), cudaEventElapsed = 31.57913589477539 (ms)
[RANK1] F @ 65.502197265625 (ms) to 99.093505859375 (ms), cudaEventElapsed = 33.56159973144531 (ms)
[RANK1] F @ 100.82958984375 (ms) to 137.2802734375 (ms), cudaEventElapsed = 36.42265701293945 (ms)
[RANK1] F @ 138.843994140625 (ms) to 175.012451171875 (ms), cudaEventElapsed = 36.141056060791016 (ms)
[RANK1] F @ 176.7001953125 (ms) to 212.7822265625 (ms), cudaEventElapsed = 36.05299377441406 (ms)
[RANK1] B @ 393.2900390625 (ms) to 434.4267578125 (ms), cudaEventElapsed = 41.10847854614258 (ms)
[RANK1] F @ 436.04541015625 (ms) to 470.457275390625 (ms), cudaEventElapsed = 34.38079833984375 (ms)
[RANK1] B @ 478.673828125 (ms) to 523.8759765625 (ms), cudaEventElapsed = 45.16659164428711 (ms)
[RANK1] F @ 525.408935546875 (ms) to 559.8681640625 (ms), cudaEventElapsed = 34.42585754394531 (ms)
[RANK1] B @ 561.563720703125 (ms) to 606.47265625 (ms), cudaEventElapsed = 44.881919860839844 (ms)
[RANK1] F @ 607.9091796875 (ms) to 642.8388671875 (ms), cudaEventElapsed = 34.90304183959961 (ms)
[RANK1] B @ 711.851806640625 (ms) to 752.84375 (ms), cudaEventElapsed = 40.95897674560547 (ms)
[RANK1] F @ 754.281494140625 (ms) to 788.683837890625 (ms), cudaEventElapsed = 34.374656677246094 (ms)
[RANK1] B @ 802.228759765625 (ms) to 845.657958984375 (ms), cudaEventElapsed = 43.401214599609375 (ms)
[RANK1] F @ 847.1884765625 (ms) to 881.281005859375 (ms), cudaEventElapsed = 34.06028747558594 (ms)
[RANK1] B @ 885.529296875 (ms) to 930.010986328125 (ms), cudaEventElapsed = 44.449790954589844 (ms)
[RANK1] F @ 931.458251953125 (ms) to 966.47216796875 (ms), cudaEventElapsed = 34.98700714111328 (ms)
[RANK1] B @ 1031.071044921875 (ms) to 1072.103759765625 (ms), cudaEventElapsed = 41.001983642578125 (ms)
[RANK1] F @ 1073.367431640625 (ms) to 1107.375244140625 (ms), cudaEventElapsed = 33.98451232910156 (ms)
[RANK1] B @ 1122.76123046875 (ms) to 1201.3525390625 (ms), cudaEventElapsed = 78.56947326660156 (ms)
[RANK1] W @ 1202.34326171875 (ms) to 1221.927490234375 (ms), cudaEventElapsed = 19.555328369140625 (ms)
[RANK1] B @ 1223.52197265625 (ms) to 1268.081298828125 (ms), cudaEventElapsed = 44.532737731933594 (ms)
[RANK1] W @ 1269.045654296875 (ms) to 1292.51953125 (ms), cudaEventElapsed = 23.4465274810791 (ms)
[RANK1] B @ 1346.88720703125 (ms) to 1387.94921875 (ms), cudaEventElapsed = 41.040897369384766 (ms)
[RANK1] W @ 1388.714599609375 (ms) to 1410.339111328125 (ms), cudaEventElapsed = 21.603328704833984 (ms)
[RANK1] B @ 1437.9599609375 (ms) to 1479.84765625 (ms), cudaEventElapsed = 41.86726379394531 (ms)
[RANK1] W @ 1480.62158203125 (ms) to 1503.09912109375 (ms), cudaEventElapsed = 22.4532470703125 (ms)
[RANK1] B @ 1525.2451171875 (ms) to 1567.78662109375 (ms), cudaEventElapsed = 42.52057647705078 (ms)
[RANK1] 8W @ 1569.714599609375 (ms) to 1781.99267578125 (ms), cudaEventElapsed = 212.25062561035156 (ms)
[RANK1] Iteration 7
[RANK1] F @ 34.60302734375 (ms) to 66.164306640625 (ms), cudaEventElapsed = 31.527936935424805 (ms)
[RANK1] F @ 67.71240234375 (ms) to 101.500244140625 (ms), cudaEventElapsed = 33.758209228515625 (ms)
[RANK1] F @ 103.0400390625 (ms) to 140.21630859375 (ms), cudaEventElapsed = 37.14457702636719 (ms)
[RANK1] F @ 141.815185546875 (ms) to 178.20654296875 (ms), cudaEventElapsed = 36.362239837646484 (ms)
[RANK1] F @ 179.759033203125 (ms) to 216.09521484375 (ms), cudaEventElapsed = 36.308990478515625 (ms)
[RANK1] B @ 392.062255859375 (ms) to 433.06591796875 (ms), cudaEventElapsed = 40.976383209228516 (ms)
[RANK1] F @ 434.484375 (ms) to 467.468505859375 (ms), cudaEventElapsed = 32.95539093017578 (ms)
[RANK1] B @ 476.373046875 (ms) to 519.83056640625 (ms), cudaEventElapsed = 43.430912017822266 (ms)
[RANK1] F @ 521.24755859375 (ms) to 556.152587890625 (ms), cudaEventElapsed = 34.87744140625 (ms)
[RANK1] B @ 560.162353515625 (ms) to 604.978271484375 (ms), cudaEventElapsed = 44.78566360473633 (ms)
[RANK1] F @ 606.445068359375 (ms) to 641.4248046875 (ms), cudaEventElapsed = 34.951168060302734 (ms)
[RANK1] B @ 710.007080078125 (ms) to 751.010986328125 (ms), cudaEventElapsed = 40.981502532958984 (ms)
[RANK1] F @ 752.232177734375 (ms) to 785.978515625 (ms), cudaEventElapsed = 33.72441482543945 (ms)
[RANK1] B @ 799.521728515625 (ms) to 842.5361328125 (ms), cudaEventElapsed = 42.98854446411133 (ms)
[RANK1] F @ 843.75634765625 (ms) to 878.29443359375 (ms), cudaEventElapsed = 34.51289749145508 (ms)
[RANK1] B @ 886.8837890625 (ms) to 931.578857421875 (ms), cudaEventElapsed = 44.672000885009766 (ms)
[RANK1] F @ 932.81787109375 (ms) to 967.30908203125 (ms), cudaEventElapsed = 34.46886444091797 (ms)
[RANK1] B @ 1026.310302734375 (ms) to 1067.262939453125 (ms), cudaEventElapsed = 40.93132781982422 (ms)
[RANK1] F @ 1068.64794921875 (ms) to 1102.635498046875 (ms), cudaEventElapsed = 33.960960388183594 (ms)
[RANK1] B @ 1120.33837890625 (ms) to 1199.943115234375 (ms), cudaEventElapsed = 79.5832290649414 (ms)
[RANK1] W @ 1200.682861328125 (ms) to 1220.230224609375 (ms), cudaEventElapsed = 19.523584365844727 (ms)
[RANK1] B @ 1222.06640625 (ms) to 1267.6806640625 (ms), cudaEventElapsed = 45.59360122680664 (ms)
[RANK1] W @ 1268.427734375 (ms) to 1292.47119140625 (ms), cudaEventElapsed = 24.019968032836914 (ms)
[RANK1] B @ 1340.99560546875 (ms) to 1381.931640625 (ms), cudaEventElapsed = 40.91494369506836 (ms)
[RANK1] W @ 1382.697998046875 (ms) to 1404.11279296875 (ms), cudaEventElapsed = 21.393407821655273 (ms)
[RANK1] B @ 1434.412109375 (ms) to 1476.447021484375 (ms), cudaEventElapsed = 42.01472091674805 (ms)
[RANK1] W @ 1477.218017578125 (ms) to 1498.937744140625 (ms), cudaEventElapsed = 21.69139289855957 (ms)
[RANK1] B @ 1523.996826171875 (ms) to 1566.09423828125 (ms), cudaEventElapsed = 42.0761604309082 (ms)
[RANK1] 8W @ 1568.401611328125 (ms) to 1780.804443359375 (ms), cudaEventElapsed = 212.3724822998047 (ms)
[RANK1] Iteration 8
[RANK1] F @ 34.51611328125 (ms) to 66.0859375 (ms), cudaEventElapsed = 31.546367645263672 (ms)
[RANK1] F @ 67.415771484375 (ms) to 101.3125 (ms), cudaEventElapsed = 33.87392044067383 (ms)
[RANK1] F @ 102.650146484375 (ms) to 140.076416015625 (ms), cudaEventElapsed = 36.589569091796875 (ms)
[RANK1] F @ 141.671630859375 (ms) to 177.751708984375 (ms), cudaEventElapsed = 36.05094528198242 (ms)
[RANK1] F @ 179.33447265625 (ms) to 215.33935546875 (ms), cudaEventElapsed = 35.97721481323242 (ms)
[RANK1] B @ 394.253173828125 (ms) to 435.231201171875 (ms), cudaEventElapsed = 40.950782775878906 (ms)
[RANK1] F @ 436.655029296875 (ms) to 470.759521484375 (ms), cudaEventElapsed = 34.07769775390625 (ms)
[RANK1] B @ 480.388916015625 (ms) to 524.27978515625 (ms), cudaEventElapsed = 43.86713409423828 (ms)
[RANK1] F @ 525.740478515625 (ms) to 559.8740234375 (ms), cudaEventElapsed = 34.10636901855469 (ms)
[RANK1] B @ 563.28857421875 (ms) to 607.834228515625 (ms), cudaEventElapsed = 44.52044677734375 (ms)
[RANK1] F @ 609.107666015625 (ms) to 644.158447265625 (ms), cudaEventElapsed = 35.02899169921875 (ms)
[RANK1] B @ 712.103515625 (ms) to 752.9375 (ms), cudaEventElapsed = 40.811519622802734 (ms)
[RANK1] F @ 754.186767578125 (ms) to 788.210693359375 (ms), cudaEventElapsed = 33.99987030029297 (ms)
[RANK1] B @ 803.1689453125 (ms) to 846.373291015625 (ms), cudaEventElapsed = 43.18105697631836 (ms)
[RANK1] F @ 847.63232421875 (ms) to 881.9658203125 (ms), cudaEventElapsed = 34.3111686706543 (ms)
[RANK1] B @ 890.8681640625 (ms) to 934.473388671875 (ms), cudaEventElapsed = 43.58143997192383 (ms)
[RANK1] F @ 935.745849609375 (ms) to 970.372802734375 (ms), cudaEventElapsed = 34.60505676269531 (ms)
[RANK1] B @ 1028.19921875 (ms) to 1069.195556640625 (ms), cudaEventElapsed = 40.974334716796875 (ms)
[RANK1] F @ 1070.450439453125 (ms) to 1104.888916015625 (ms), cudaEventElapsed = 34.41664123535156 (ms)
[RANK1] B @ 1122.15576171875 (ms) to 1200.931396484375 (ms), cudaEventElapsed = 78.75379180908203 (ms)
[RANK1] W @ 1201.712890625 (ms) to 1221.308349609375 (ms), cudaEventElapsed = 19.572736740112305 (ms)
[RANK1] B @ 1223.070068359375 (ms) to 1267.18212890625 (ms), cudaEventElapsed = 44.091392517089844 (ms)
[RANK1] W @ 1267.97607421875 (ms) to 1290.712646484375 (ms), cudaEventElapsed = 22.69388771057129 (ms)
[RANK1] B @ 1340.267333984375 (ms) to 1381.323974609375 (ms), cudaEventElapsed = 41.034751892089844 (ms)
[RANK1] W @ 1382.113037109375 (ms) to 1404.200439453125 (ms), cudaEventElapsed = 22.06515121459961 (ms)
[RANK1] B @ 1436.855712890625 (ms) to 1478.30126953125 (ms), cudaEventElapsed = 41.42387390136719 (ms)
[RANK1] W @ 1479.09375 (ms) to 1501.671875 (ms), cudaEventElapsed = 22.555648803710938 (ms)
[RANK1] B @ 1527.131103515625 (ms) to 1569.284912109375 (ms), cudaEventElapsed = 42.13248062133789 (ms)
[RANK1] 8W @ 1571.302001953125 (ms) to 1784.262451171875 (ms), cudaEventElapsed = 212.93260192871094 (ms)
[RANK1] Iteration 9
[RANK1] F @ 31.900634765625 (ms) to 63.541259765625 (ms), cudaEventElapsed = 31.61292839050293 (ms)
[RANK1] F @ 65.114013671875 (ms) to 98.68701171875 (ms), cudaEventElapsed = 33.54521560668945 (ms)
[RANK1] F @ 100.342529296875 (ms) to 136.85595703125 (ms), cudaEventElapsed = 36.4851188659668 (ms)
[RANK1] F @ 138.479248046875 (ms) to 174.972412109375 (ms), cudaEventElapsed = 36.46156692504883 (ms)
[RANK1] F @ 176.64013671875 (ms) to 212.825927734375 (ms), cudaEventElapsed = 36.15436935424805 (ms)
[RANK1] B @ 394.226318359375 (ms) to 435.295166015625 (ms), cudaEventElapsed = 41.040897369384766 (ms)
[RANK1] F @ 436.805908203125 (ms) to 471.144775390625 (ms), cudaEventElapsed = 34.307071685791016 (ms)
[RANK1] B @ 478.10107421875 (ms) to 523.1044921875 (ms), cudaEventElapsed = 44.97510528564453 (ms)
[RANK1] F @ 524.5615234375 (ms) to 559.108154296875 (ms), cudaEventElapsed = 34.516990661621094 (ms)
[RANK1] B @ 562.997314453125 (ms) to 607.445068359375 (ms), cudaEventElapsed = 44.419071197509766 (ms)
[RANK1] F @ 608.89404296875 (ms) to 644.0986328125 (ms), cudaEventElapsed = 35.17747116088867 (ms)
[RANK1] B @ 711.246826171875 (ms) to 752.18310546875 (ms), cudaEventElapsed = 40.90777587890625 (ms)
[RANK1] F @ 753.58447265625 (ms) to 787.672607421875 (ms), cudaEventElapsed = 34.06028747558594 (ms)
[RANK1] B @ 802.17626953125 (ms) to 845.426025390625 (ms), cudaEventElapsed = 43.22099304199219 (ms)
[RANK1] F @ 846.891357421875 (ms) to 881.0224609375 (ms), cudaEventElapsed = 34.10124969482422 (ms)
[RANK1] B @ 885.6435546875 (ms) to 930.26611328125 (ms), cudaEventElapsed = 44.58803176879883 (ms)
[RANK1] F @ 931.6962890625 (ms) to 966.655517578125 (ms), cudaEventElapsed = 34.929664611816406 (ms)
[RANK1] B @ 1028.671875 (ms) to 1069.701904296875 (ms), cudaEventElapsed = 41.00812911987305 (ms)
[RANK1] F @ 1070.9228515625 (ms) to 1105.20703125 (ms), cudaEventElapsed = 34.263038635253906 (ms)
[RANK1] B @ 1121.1669921875 (ms) to 1197.025390625 (ms), cudaEventElapsed = 75.83641815185547 (ms)
[RANK1] W @ 1197.8505859375 (ms) to 1217.726318359375 (ms), cudaEventElapsed = 19.84819221496582 (ms)
[RANK1] B @ 1219.165283203125 (ms) to 1264.0390625 (ms), cudaEventElapsed = 44.853248596191406 (ms)
[RANK1] W @ 1264.78564453125 (ms) to 1288.16064453125 (ms), cudaEventElapsed = 23.353343963623047 (ms)
[RANK1] B @ 1340.06787109375 (ms) to 1381.101806640625 (ms), cudaEventElapsed = 41.0142707824707 (ms)
[RANK1] W @ 1381.8447265625 (ms) to 1403.733154296875 (ms), cudaEventElapsed = 21.86751937866211 (ms)
[RANK1] B @ 1435.276611328125 (ms) to 1476.79052734375 (ms), cudaEventElapsed = 41.494529724121094 (ms)
[RANK1] W @ 1477.5498046875 (ms) to 1500.680419921875 (ms), cudaEventElapsed = 23.1014404296875 (ms)
[RANK1] B @ 1520.7041015625 (ms) to 1563.215087890625 (ms), cudaEventElapsed = 42.49087905883789 (ms)
[RANK1] 8W @ 1565.459716796875 (ms) to 1776.3310546875 (ms), cudaEventElapsed = 210.84466552734375 (ms)
