[RANK2] Iteration 1
[RANK2] F @ 711.35986328125 (ms) to 907.676513671875 (ms), cudaEventElapsed = 196.28236389160156 (ms)
[RANK2] F @ 909.398193359375 (ms) to 943.503662109375 (ms), cudaEventElapsed = 34.07360076904297 (ms)
[RANK2] F @ 945.060302734375 (ms) to 980.842529296875 (ms), cudaEventElapsed = 35.752960205078125 (ms)
[RANK2] B @ 1524.12841796875 (ms) to 1576.9140625 (ms), cudaEventElapsed = 52.75852966308594 (ms)
[RANK2] F @ 1578.207763671875 (ms) to 1610.173583984375 (ms), cudaEventElapsed = 31.941631317138672 (ms)
[RANK2] B @ 1611.72021484375 (ms) to 1656.120849609375 (ms), cudaEventElapsed = 44.375038146972656 (ms)
[RANK2] F @ 1657.407470703125 (ms) to 1690.798828125 (ms), cudaEventElapsed = 33.364990234375 (ms)
[RANK2] B @ 1692.227783203125 (ms) to 1736.576904296875 (ms), cudaEventElapsed = 44.3238410949707 (ms)
[RANK2] F @ 1737.81982421875 (ms) to 1770.996337890625 (ms), cudaEventElapsed = 33.152000427246094 (ms)
[RANK2] B @ 1772.7099609375 (ms) to 1817.422607421875 (ms), cudaEventElapsed = 44.6822395324707 (ms)
[RANK2] F @ 1818.85693359375 (ms) to 1852.437255859375 (ms), cudaEventElapsed = 33.55033493041992 (ms)
[RANK2] B @ 1854.178955078125 (ms) to 1898.374267578125 (ms), cudaEventElapsed = 44.16614532470703 (ms)
[RANK2] F @ 1899.768310546875 (ms) to 1933.14453125 (ms), cudaEventElapsed = 33.34553527832031 (ms)
[RANK2] B @ 1934.580078125 (ms) to 1978.57373046875 (ms), cudaEventElapsed = 43.96543884277344 (ms)
[RANK2] F @ 1979.8203125 (ms) to 2013.140380859375 (ms), cudaEventElapsed = 33.29536056518555 (ms)
[RANK2] B @ 2014.559814453125 (ms) to 2058.772216796875 (ms), cudaEventElapsed = 44.18764877319336 (ms)
[RANK2] F @ 2060.01513671875 (ms) to 2093.593017578125 (ms), cudaEventElapsed = 33.44076919555664 (ms)
[RANK2] B @ 2095.449462890625 (ms) to 2139.388916015625 (ms), cudaEventElapsed = 43.914241790771484 (ms)
[RANK2] F @ 2140.622802734375 (ms) to 2173.865478515625 (ms), cudaEventElapsed = 33.21548843383789 (ms)
[RANK2] B @ 2175.259521484375 (ms) to 2219.822509765625 (ms), cudaEventElapsed = 44.53580856323242 (ms)
[RANK2] F @ 2221.03759765625 (ms) to 2254.332275390625 (ms), cudaEventElapsed = 33.27180862426758 (ms)
[RANK2] B @ 2255.63916015625 (ms) to 2299.384033203125 (ms), cudaEventElapsed = 43.72172927856445 (ms)
[RANK2] W @ 2300.09228515625 (ms) to 2321.06201171875 (ms), cudaEventElapsed = 20.945920944213867 (ms)
[RANK2] B @ 2321.852783203125 (ms) to 2364.056640625 (ms), cudaEventElapsed = 42.180606842041016 (ms)
[RANK2] W @ 2364.820068359375 (ms) to 2385.044921875 (ms), cudaEventElapsed = 20.20147132873535 (ms)
[RANK2] B @ 2385.83447265625 (ms) to 2429.3505859375 (ms), cudaEventElapsed = 43.49542236328125 (ms)
[RANK2] 10W @ 2431.74365234375 (ms) to 2646.482666015625 (ms), cudaEventElapsed = 214.71128845214844 (ms)
[RANK2] Iteration 2
[RANK2] F @ 72.55419921875 (ms) to 104.732421875 (ms), cudaEventElapsed = 32.14438247680664 (ms)
[RANK2] F @ 109.879150390625 (ms) to 142.659912109375 (ms), cudaEventElapsed = 32.75059127807617 (ms)
[RANK2] F @ 148.938232421875 (ms) to 183.6240234375 (ms), cudaEventElapsed = 34.65625762939453 (ms)
[RANK2] B @ 186.44384765625 (ms) to 231.08642578125 (ms), cudaEventElapsed = 44.6033935546875 (ms)
[RANK2] F @ 232.7216796875 (ms) to 267.94970703125 (ms), cudaEventElapsed = 35.19692611694336 (ms)
[RANK2] B @ 269.676513671875 (ms) to 315.00537109375 (ms), cudaEventElapsed = 45.299713134765625 (ms)
[RANK2] F @ 316.43212890625 (ms) to 351.829833984375 (ms), cudaEventElapsed = 35.371009826660156 (ms)
[RANK2] B @ 353.510498046875 (ms) to 398.963134765625 (ms), cudaEventElapsed = 45.42464065551758 (ms)
[RANK2] F @ 446.508544921875 (ms) to 478.29443359375 (ms), cudaEventElapsed = 31.755264282226562 (ms)
[RANK2] B @ 479.98583984375 (ms) to 523.74462890625 (ms), cudaEventElapsed = 43.72991943359375 (ms)
[RANK2] F @ 533.2646484375 (ms) to 567.07666015625 (ms), cudaEventElapsed = 33.781761169433594 (ms)
[RANK2] B @ 568.890869140625 (ms) to 612.955810546875 (ms), cudaEventElapsed = 44.035072326660156 (ms)
[RANK2] F @ 614.43505859375 (ms) to 649.886474609375 (ms), cudaEventElapsed = 35.42015838623047 (ms)
[RANK2] B @ 651.659423828125 (ms) to 697.488525390625 (ms), cudaEventElapsed = 45.79942321777344 (ms)
[RANK2] F @ 700.617431640625 (ms) to 736.078125 (ms), cudaEventElapsed = 35.43244934082031 (ms)
[RANK2] B @ 737.795166015625 (ms) to 874.976318359375 (ms), cudaEventElapsed = 137.1514892578125 (ms)
[RANK2] F @ 877.5126953125 (ms) to 911.122314453125 (ms), cudaEventElapsed = 33.58208084106445 (ms)
[RANK2] B @ 913.611083984375 (ms) to 959.705078125 (ms), cudaEventElapsed = 46.05644989013672 (ms)
[RANK2] F @ 961.0048828125 (ms) to 996.380859375 (ms), cudaEventElapsed = 35.352577209472656 (ms)
[RANK2] B @ 997.73486328125 (ms) to 1043.469482421875 (ms), cudaEventElapsed = 45.711360931396484 (ms)
[RANK2] F @ 1044.73388671875 (ms) to 1079.9384765625 (ms), cudaEventElapsed = 35.18259048461914 (ms)
[RANK2] B @ 1081.2822265625 (ms) to 1126.46826171875 (ms), cudaEventElapsed = 45.16352081298828 (ms)
[RANK2] W @ 1127.207763671875 (ms) to 1150.390625 (ms), cudaEventElapsed = 23.160831451416016 (ms)
[RANK2] B @ 1151.185791015625 (ms) to 1198.287109375 (ms), cudaEventElapsed = 47.074302673339844 (ms)
[RANK2] W @ 1199.052490234375 (ms) to 1223.644287109375 (ms), cudaEventElapsed = 24.568832397460938 (ms)
[RANK2] B @ 1224.4228515625 (ms) to 1270.685546875 (ms), cudaEventElapsed = 46.241790771484375 (ms)
[RANK2] 10W @ 1273.0751953125 (ms) to 1540.22705078125 (ms), cudaEventElapsed = 267.1062927246094 (ms)
[RANK2] Iteration 3
[RANK2] F @ 73.109619140625 (ms) to 104.75 (ms), cudaEventElapsed = 31.61087989807129 (ms)
[RANK2] F @ 107.4951171875 (ms) to 141.94921875 (ms), cudaEventElapsed = 34.41459274291992 (ms)
[RANK2] F @ 145.456298828125 (ms) to 181.4091796875 (ms), cudaEventElapsed = 35.922943115234375 (ms)
[RANK2] B @ 186.7783203125 (ms) to 232.065185546875 (ms), cudaEventElapsed = 45.257728576660156 (ms)
[RANK2] F @ 233.566650390625 (ms) to 269.044677734375 (ms), cudaEventElapsed = 35.44268798828125 (ms)
[RANK2] B @ 270.76025390625 (ms) to 316.248046875 (ms), cudaEventElapsed = 45.458431243896484 (ms)
[RANK2] F @ 317.887939453125 (ms) to 353.164794921875 (ms), cudaEventElapsed = 35.24095916748047 (ms)
[RANK2] B @ 354.876708984375 (ms) to 400.378662109375 (ms), cudaEventElapsed = 45.474815368652344 (ms)
[RANK2] F @ 402.439453125 (ms) to 438.270751953125 (ms), cudaEventElapsed = 35.799041748046875 (ms)
[RANK2] B @ 440.006103515625 (ms) to 485.17724609375 (ms), cudaEventElapsed = 45.14201736450195 (ms)
[RANK2] F @ 486.6572265625 (ms) to 522.229736328125 (ms), cudaEventElapsed = 35.5307502746582 (ms)
[RANK2] B @ 523.900146484375 (ms) to 569.55126953125 (ms), cudaEventElapsed = 45.62227249145508 (ms)
[RANK2] F @ 571.037353515625 (ms) to 606.626953125 (ms), cudaEventElapsed = 35.560447692871094 (ms)
[RANK2] B @ 608.312255859375 (ms) to 654.092529296875 (ms), cudaEventElapsed = 45.7523193359375 (ms)
[RANK2] F @ 655.50732421875 (ms) to 690.7919921875 (ms), cudaEventElapsed = 35.25734329223633 (ms)
[RANK2] B @ 692.482666015625 (ms) to 737.7548828125 (ms), cudaEventElapsed = 45.24339294433594 (ms)
[RANK2] F @ 739.044189453125 (ms) to 774.43701171875 (ms), cudaEventElapsed = 35.36383819580078 (ms)
[RANK2] B @ 776.245849609375 (ms) to 821.6103515625 (ms), cudaEventElapsed = 45.34067153930664 (ms)
[RANK2] F @ 822.85107421875 (ms) to 858.526611328125 (ms), cudaEventElapsed = 35.64851379394531 (ms)
[RANK2] B @ 859.906494140625 (ms) to 905.197265625 (ms), cudaEventElapsed = 45.26899337768555 (ms)
[RANK2] F @ 906.461181640625 (ms) to 946.6357421875 (ms), cudaEventElapsed = 40.14796829223633 (ms)
[RANK2] B @ 948.00146484375 (ms) to 997.9140625 (ms), cudaEventElapsed = 49.886207580566406 (ms)
[RANK2] W @ 998.67822265625 (ms) to 1023.31494140625 (ms), cudaEventElapsed = 24.613887786865234 (ms)
[RANK2] B @ 1024.19580078125 (ms) to 1071.32177734375 (ms), cudaEventElapsed = 47.09785461425781 (ms)
[RANK2] W @ 1072.12744140625 (ms) to 1096.7705078125 (ms), cudaEventElapsed = 24.621055603027344 (ms)
[RANK2] B @ 1097.54638671875 (ms) to 1144.0625 (ms), cudaEventElapsed = 46.49369430541992 (ms)
[RANK2] 10W @ 1146.09228515625 (ms) to 1415.691650390625 (ms), cudaEventElapsed = 269.55364990234375 (ms)
[RANK2] Iteration 4
[RANK2] F @ 70.672607421875 (ms) to 102.3876953125 (ms), cudaEventElapsed = 31.686656951904297 (ms)
[RANK2] F @ 108.335693359375 (ms) to 141.5234375 (ms), cudaEventElapsed = 33.16019058227539 (ms)
[RANK2] F @ 144.849365234375 (ms) to 180.25634765625 (ms), cudaEventElapsed = 35.38022232055664 (ms)
[RANK2] B @ 184.443603515625 (ms) to 229.0166015625 (ms), cudaEventElapsed = 44.5296630859375 (ms)
[RANK2] F @ 230.587646484375 (ms) to 265.95166015625 (ms), cudaEventElapsed = 35.334144592285156 (ms)
[RANK2] B @ 267.65087890625 (ms) to 313.34326171875 (ms), cudaEventElapsed = 45.66630554199219 (ms)
[RANK2] F @ 314.763671875 (ms) to 350.31201171875 (ms), cudaEventElapsed = 35.52153778076172 (ms)
[RANK2] B @ 351.98046875 (ms) to 397.964111328125 (ms), cudaEventElapsed = 45.95507049560547 (ms)
[RANK2] F @ 399.486083984375 (ms) to 434.960693359375 (ms), cudaEventElapsed = 35.44473648071289 (ms)
[RANK2] B @ 436.672607421875 (ms) to 482.410400390625 (ms), cudaEventElapsed = 45.71033477783203 (ms)
[RANK2] F @ 483.863525390625 (ms) to 519.090087890625 (ms), cudaEventElapsed = 35.198974609375 (ms)
[RANK2] B @ 520.90087890625 (ms) to 566.249267578125 (ms), cudaEventElapsed = 45.31097412109375 (ms)
[RANK2] F @ 567.739013671875 (ms) to 603.45166015625 (ms), cudaEventElapsed = 35.68435287475586 (ms)
[RANK2] B @ 605.1494140625 (ms) to 650.238525390625 (ms), cudaEventElapsed = 45.060096740722656 (ms)
[RANK2] F @ 651.72216796875 (ms) to 687.3447265625 (ms), cudaEventElapsed = 35.59526443481445 (ms)
[RANK2] B @ 689.060302734375 (ms) to 734.58984375 (ms), cudaEventElapsed = 45.50143814086914 (ms)
[RANK2] F @ 735.872314453125 (ms) to 771.37939453125 (ms), cudaEventElapsed = 35.48160171508789 (ms)
[RANK2] B @ 773.373046875 (ms) to 819.136474609375 (ms), cudaEventElapsed = 45.73593521118164 (ms)
[RANK2] F @ 820.376220703125 (ms) to 855.735595703125 (ms), cudaEventElapsed = 35.335166931152344 (ms)
[RANK2] B @ 857.107177734375 (ms) to 902.30615234375 (ms), cudaEventElapsed = 45.17478561401367 (ms)
[RANK2] F @ 903.569091796875 (ms) to 940.263427734375 (ms), cudaEventElapsed = 36.67148971557617 (ms)
[RANK2] B @ 941.618896484375 (ms) to 991.159912109375 (ms), cudaEventElapsed = 49.518592834472656 (ms)
[RANK2] W @ 991.918212890625 (ms) to 1017.01611328125 (ms), cudaEventElapsed = 25.075712203979492 (ms)
[RANK2] B @ 1017.827880859375 (ms) to 1064.920654296875 (ms), cudaEventElapsed = 47.071231842041016 (ms)
[RANK2] W @ 1065.703369140625 (ms) to 1089.97705078125 (ms), cudaEventElapsed = 24.251392364501953 (ms)
[RANK2] B @ 1090.786376953125 (ms) to 1138.900634765625 (ms), cudaEventElapsed = 48.09113693237305 (ms)
[RANK2] 10W @ 1140.952392578125 (ms) to 1410.6064453125 (ms), cudaEventElapsed = 269.6253356933594 (ms)
[RANK2] Iteration 5
[RANK2] F @ 73.54150390625 (ms) to 105.36279296875 (ms), cudaEventElapsed = 31.79110336303711 (ms)
[RANK2] F @ 108.761474609375 (ms) to 142.35986328125 (ms), cudaEventElapsed = 33.57081604003906 (ms)
[RANK2] F @ 146.674560546875 (ms) to 182.64794921875 (ms), cudaEventElapsed = 35.946495056152344 (ms)
[RANK2] B @ 347.68115234375 (ms) to 388.85791015625 (ms), cudaEventElapsed = 41.14739227294922 (ms)
[RANK2] F @ 390.308837890625 (ms) to 424.050048828125 (ms), cudaEventElapsed = 33.71110534667969 (ms)
[RANK2] B @ 425.79931640625 (ms) to 471.505126953125 (ms), cudaEventElapsed = 45.678592681884766 (ms)
[RANK2] F @ 472.938720703125 (ms) to 508.34423828125 (ms), cudaEventElapsed = 35.3699836730957 (ms)
[RANK2] B @ 510.025634765625 (ms) to 555.418701171875 (ms), cudaEventElapsed = 45.36422348022461 (ms)
[RANK2] F @ 556.85546875 (ms) to 592.437744140625 (ms), cudaEventElapsed = 35.553279876708984 (ms)
[RANK2] B @ 664.309814453125 (ms) to 705.614990234375 (ms), cudaEventElapsed = 41.280513763427734 (ms)
[RANK2] F @ 707.162109375 (ms) to 741.14013671875 (ms), cudaEventElapsed = 33.950721740722656 (ms)
[RANK2] B @ 750.850830078125 (ms) to 795.0009765625 (ms), cudaEventElapsed = 44.12108612060547 (ms)
[RANK2] F @ 796.450927734375 (ms) to 831.439208984375 (ms), cudaEventElapsed = 34.958335876464844 (ms)
[RANK2] B @ 836.981201171875 (ms) to 881.934326171875 (ms), cudaEventElapsed = 44.9249267578125 (ms)
[RANK2] F @ 883.38134765625 (ms) to 918.995361328125 (ms), cudaEventElapsed = 35.58707046508789 (ms)
[RANK2] B @ 980.96044921875 (ms) to 1022.28759765625 (ms), cudaEventElapsed = 41.29894256591797 (ms)
[RANK2] F @ 1023.719482421875 (ms) to 1058.499755859375 (ms), cudaEventElapsed = 34.751487731933594 (ms)
[RANK2] B @ 1072.009033203125 (ms) to 1115.221435546875 (ms), cudaEventElapsed = 43.185150146484375 (ms)
[RANK2] F @ 1116.599365234375 (ms) to 1151.93994140625 (ms), cudaEventElapsed = 35.306495666503906 (ms)
[RANK2] B @ 1160.330078125 (ms) to 1204.888916015625 (ms), cudaEventElapsed = 44.53683090209961 (ms)
[RANK2] F @ 1206.110595703125 (ms) to 1240.803955078125 (ms), cudaEventElapsed = 34.6695671081543 (ms)
[RANK2] B @ 1296.63623046875 (ms) to 1337.874755859375 (ms), cudaEventElapsed = 41.215999603271484 (ms)
[RANK2] W @ 1338.64599609375 (ms) to 1360.85009765625 (ms), cudaEventElapsed = 22.181888580322266 (ms)
[RANK2] B @ 1389.245361328125 (ms) to 1431.762451171875 (ms), cudaEventElapsed = 42.49497604370117 (ms)
[RANK2] W @ 1432.51123046875 (ms) to 1454.5654296875 (ms), cudaEventElapsed = 22.022144317626953 (ms)
[RANK2] B @ 1480.49267578125 (ms) to 1522.85498046875 (ms), cudaEventElapsed = 42.34035110473633 (ms)
[RANK2] 10W @ 1525.25732421875 (ms) to 1790.349609375 (ms), cudaEventElapsed = 265.06036376953125 (ms)
[RANK2] Iteration 6
[RANK2] F @ 72.20947265625 (ms) to 103.8916015625 (ms), cudaEventElapsed = 31.649791717529297 (ms)
[RANK2] F @ 106.240478515625 (ms) to 140.85205078125 (ms), cudaEventElapsed = 34.58252716064453 (ms)
[RANK2] F @ 147.001708984375 (ms) to 182.649169921875 (ms), cudaEventElapsed = 35.61881637573242 (ms)
[RANK2] B @ 346.035888671875 (ms) to 387.26611328125 (ms), cudaEventElapsed = 41.194496154785156 (ms)
[RANK2] F @ 388.740966796875 (ms) to 423.178466796875 (ms), cudaEventElapsed = 34.40947341918945 (ms)
[RANK2] B @ 424.916259765625 (ms) to 471.02392578125 (ms), cudaEventElapsed = 46.081024169921875 (ms)
[RANK2] F @ 472.480224609375 (ms) to 508.234130859375 (ms), cudaEventElapsed = 35.72633743286133 (ms)
[RANK2] B @ 509.685546875 (ms) to 555.48828125 (ms), cudaEventElapsed = 45.78099060058594 (ms)
[RANK2] F @ 556.739013671875 (ms) to 592.17626953125 (ms), cudaEventElapsed = 35.40991973876953 (ms)
[RANK2] B @ 664.437255859375 (ms) to 705.680908203125 (ms), cudaEventElapsed = 41.2149772644043 (ms)
[RANK2] F @ 707.139404296875 (ms) to 741.489501953125 (ms), cudaEventElapsed = 34.32243347167969 (ms)
[RANK2] B @ 751.772705078125 (ms) to 796.016845703125 (ms), cudaEventElapsed = 44.2163200378418 (ms)
[RANK2] F @ 797.468505859375 (ms) to 832.112548828125 (ms), cudaEventElapsed = 34.61529541015625 (ms)
[RANK2] B @ 833.8193359375 (ms) to 879.252685546875 (ms), cudaEventElapsed = 45.407230377197266 (ms)
[RANK2] F @ 880.674560546875 (ms) to 915.866455078125 (ms), cudaEventElapsed = 35.164161682128906 (ms)
[RANK2] B @ 983.702392578125 (ms) to 1025.041748046875 (ms), cudaEventElapsed = 41.31020736694336 (ms)
[RANK2] F @ 1026.47802734375 (ms) to 1061.11376953125 (ms), cudaEventElapsed = 34.60812759399414 (ms)
[RANK2] B @ 1073.11767578125 (ms) to 1117.07666015625 (ms), cudaEventElapsed = 43.93574523925781 (ms)
[RANK2] F @ 1118.306640625 (ms) to 1152.637939453125 (ms), cudaEventElapsed = 34.307071685791016 (ms)
[RANK2] B @ 1158.20751953125 (ms) to 1202.4736328125 (ms), cudaEventElapsed = 44.24396896362305 (ms)
[RANK2] F @ 1203.699951171875 (ms) to 1239.10302734375 (ms), cudaEventElapsed = 35.378177642822266 (ms)
[RANK2] B @ 1299.4765625 (ms) to 1340.839111328125 (ms), cudaEventElapsed = 41.33785629272461 (ms)
[RANK2] W @ 1341.60791015625 (ms) to 1363.160400390625 (ms), cudaEventElapsed = 21.528575897216797 (ms)
[RANK2] B @ 1391.5068359375 (ms) to 1433.654296875 (ms), cudaEventElapsed = 42.12633514404297 (ms)
[RANK2] W @ 1434.399169921875 (ms) to 1457.19677734375 (ms), cudaEventElapsed = 22.774784088134766 (ms)
[RANK2] B @ 1478.16845703125 (ms) to 1521.109130859375 (ms), cudaEventElapsed = 42.91891098022461 (ms)
[RANK2] 10W @ 1523.175048828125 (ms) to 1788.79931640625 (ms), cudaEventElapsed = 265.59283447265625 (ms)
[RANK2] Iteration 7
[RANK2] F @ 72.458740234375 (ms) to 104.32861328125 (ms), cudaEventElapsed = 31.839231491088867 (ms)
[RANK2] F @ 107.423583984375 (ms) to 141.295654296875 (ms), cudaEventElapsed = 33.84422302246094 (ms)
[RANK2] F @ 148.17138671875 (ms) to 183.469482421875 (ms), cudaEventElapsed = 35.26860809326172 (ms)
[RANK2] B @ 344.8115234375 (ms) to 386.052001953125 (ms), cudaEventElapsed = 41.210880279541016 (ms)
[RANK2] F @ 387.567626953125 (ms) to 421.263671875 (ms), cudaEventElapsed = 33.6629753112793 (ms)
[RANK2] B @ 422.991943359375 (ms) to 468.62841796875 (ms), cudaEventElapsed = 45.60895919799805 (ms)
[RANK2] F @ 470.03173828125 (ms) to 505.3837890625 (ms), cudaEventElapsed = 35.318782806396484 (ms)
[RANK2] B @ 507.08837890625 (ms) to 552.34423828125 (ms), cudaEventElapsed = 45.228031158447266 (ms)
[RANK2] F @ 553.926513671875 (ms) to 589.604248046875 (ms), cudaEventElapsed = 35.65568161010742 (ms)
[RANK2] B @ 661.81982421875 (ms) to 703.040771484375 (ms), cudaEventElapsed = 41.192447662353516 (ms)
[RANK2] F @ 704.485595703125 (ms) to 738.299560546875 (ms), cudaEventElapsed = 33.78585433959961 (ms)
[RANK2] B @ 749.276611328125 (ms) to 793.36962890625 (ms), cudaEventElapsed = 44.06476974487305 (ms)
[RANK2] F @ 794.79833984375 (ms) to 830.21728515625 (ms), cudaEventElapsed = 35.39148712158203 (ms)
[RANK2] B @ 834.058837890625 (ms) to 879.275634765625 (ms), cudaEventElapsed = 45.18912124633789 (ms)
[RANK2] F @ 880.697509765625 (ms) to 916.1337890625 (ms), cudaEventElapsed = 35.408897399902344 (ms)
[RANK2] B @ 978.99169921875 (ms) to 1020.340576171875 (ms), cudaEventElapsed = 41.31840133666992 (ms)
[RANK2] F @ 1021.93603515625 (ms) to 1056.9150390625 (ms), cudaEventElapsed = 34.94707107543945 (ms)
[RANK2] B @ 1071.24462890625 (ms) to 1114.190185546875 (ms), cudaEventElapsed = 42.92403030395508 (ms)
[RANK2] F @ 1115.42041015625 (ms) to 1150.399169921875 (ms), cudaEventElapsed = 34.957313537597656 (ms)
[RANK2] B @ 1157.884765625 (ms) to 1202.7900390625 (ms), cudaEventElapsed = 44.883968353271484 (ms)
[RANK2] F @ 1204.0107421875 (ms) to 1239.08251953125 (ms), cudaEventElapsed = 35.04127883911133 (ms)
[RANK2] B @ 1295.09912109375 (ms) to 1336.291259765625 (ms), cudaEventElapsed = 41.169921875 (ms)
[RANK2] W @ 1337.038330078125 (ms) to 1358.99951171875 (ms), cudaEventElapsed = 21.939199447631836 (ms)
[RANK2] B @ 1387.849853515625 (ms) to 1430.146728515625 (ms), cudaEventElapsed = 42.275840759277344 (ms)
[RANK2] W @ 1430.895263671875 (ms) to 1452.810546875 (ms), cudaEventElapsed = 21.89311981201172 (ms)
[RANK2] B @ 1477.467041015625 (ms) to 1519.852783203125 (ms), cudaEventElapsed = 42.36492919921875 (ms)
[RANK2] 10W @ 1522.206787109375 (ms) to 1788.35205078125 (ms), cudaEventElapsed = 266.113037109375 (ms)
[RANK2] Iteration 8
[RANK2] F @ 73.23486328125 (ms) to 104.9248046875 (ms), cudaEventElapsed = 31.661056518554688 (ms)
[RANK2] F @ 107.313720703125 (ms) to 141.569091796875 (ms), cudaEventElapsed = 34.22719955444336 (ms)
[RANK2] F @ 144.79443359375 (ms) to 180.687744140625 (ms), cudaEventElapsed = 35.86662292480469 (ms)
[RANK2] B @ 347.05126953125 (ms) to 388.259765625 (ms), cudaEventElapsed = 41.179134368896484 (ms)
[RANK2] F @ 389.89404296875 (ms) to 424.429443359375 (ms), cudaEventElapsed = 34.506752014160156 (ms)
[RANK2] B @ 426.145751953125 (ms) to 472.69775390625 (ms), cudaEventElapsed = 46.51929473876953 (ms)
[RANK2] F @ 474.172607421875 (ms) to 510.101806640625 (ms), cudaEventElapsed = 35.90041732788086 (ms)
[RANK2] B @ 511.828857421875 (ms) to 557.3203125 (ms), cudaEventElapsed = 45.464576721191406 (ms)
[RANK2] F @ 558.738525390625 (ms) to 594.076171875 (ms), cudaEventElapsed = 35.31059265136719 (ms)
[RANK2] B @ 662.380615234375 (ms) to 703.69970703125 (ms), cudaEventElapsed = 41.28972625732422 (ms)
[RANK2] F @ 705.111328125 (ms) to 740.164794921875 (ms), cudaEventElapsed = 35.02592086791992 (ms)
[RANK2] B @ 753.33935546875 (ms) to 796.986572265625 (ms), cudaEventElapsed = 43.619327545166016 (ms)
[RANK2] F @ 798.40869140625 (ms) to 832.8603515625 (ms), cudaEventElapsed = 34.42483139038086 (ms)
[RANK2] B @ 840.90576171875 (ms) to 884.840576171875 (ms), cudaEventElapsed = 43.90707015991211 (ms)
[RANK2] F @ 886.3017578125 (ms) to 921.652099609375 (ms), cudaEventElapsed = 35.3177604675293 (ms)
[RANK2] B @ 980.822998046875 (ms) to 1022.225830078125 (ms), cudaEventElapsed = 41.373695373535156 (ms)
[RANK2] F @ 1023.821533203125 (ms) to 1058.688720703125 (ms), cudaEventElapsed = 34.83443069458008 (ms)
[RANK2] B @ 1073.39111328125 (ms) to 1116.55126953125 (ms), cudaEventElapsed = 43.13600158691406 (ms)
[RANK2] F @ 1117.793701171875 (ms) to 1152.35546875 (ms), cudaEventElapsed = 34.541568756103516 (ms)
[RANK2] B @ 1162.5546875 (ms) to 1206.007080078125 (ms), cudaEventElapsed = 43.430912017822266 (ms)
[RANK2] F @ 1207.225830078125 (ms) to 1242.59228515625 (ms), cudaEventElapsed = 35.343360900878906 (ms)
[RANK2] B @ 1294.645751953125 (ms) to 1335.988525390625 (ms), cudaEventElapsed = 41.31840133666992 (ms)
[RANK2] W @ 1336.770751953125 (ms) to 1358.809814453125 (ms), cudaEventElapsed = 22.01702308654785 (ms)
[RANK2] B @ 1390.267333984375 (ms) to 1432.061279296875 (ms), cudaEventElapsed = 41.76998519897461 (ms)
[RANK2] W @ 1432.851806640625 (ms) to 1456.19189453125 (ms), cudaEventElapsed = 23.31648063659668 (ms)
[RANK2] B @ 1480.23095703125 (ms) to 1523.014404296875 (ms), cudaEventElapsed = 42.76224136352539 (ms)
[RANK2] 10W @ 1525.337890625 (ms) to 1792.423583984375 (ms), cudaEventElapsed = 267.05511474609375 (ms)
[RANK2] Iteration 9
[RANK2] F @ 71.646240234375 (ms) to 103.35986328125 (ms), cudaEventElapsed = 31.684608459472656 (ms)
[RANK2] F @ 106.38671875 (ms) to 140.796142578125 (ms), cudaEventElapsed = 34.38284683227539 (ms)
[RANK2] F @ 142.771728515625 (ms) to 178.580078125 (ms), cudaEventElapsed = 35.780609130859375 (ms)
[RANK2] B @ 345.51806640625 (ms) to 386.86669921875 (ms), cudaEventElapsed = 41.31737518310547 (ms)
[RANK2] F @ 388.318359375 (ms) to 422.586181640625 (ms), cudaEventElapsed = 34.23948669433594 (ms)
[RANK2] B @ 424.31591796875 (ms) to 470.28076171875 (ms), cudaEventElapsed = 45.93766403198242 (ms)
[RANK2] F @ 471.727294921875 (ms) to 507.46630859375 (ms), cudaEventElapsed = 35.710975646972656 (ms)
[RANK2] B @ 509.1904296875 (ms) to 554.832763671875 (ms), cudaEventElapsed = 45.60793685913086 (ms)
[RANK2] F @ 556.2802734375 (ms) to 591.845703125 (ms), cudaEventElapsed = 35.53792190551758 (ms)
[RANK2] B @ 663.487060546875 (ms) to 704.744384765625 (ms), cudaEventElapsed = 41.2303352355957 (ms)
[RANK2] F @ 706.056396484375 (ms) to 740.64892578125 (ms), cudaEventElapsed = 34.56819152832031 (ms)
[RANK2] B @ 751.137451171875 (ms) to 795.481689453125 (ms), cudaEventElapsed = 44.31564712524414 (ms)
[RANK2] F @ 796.9599609375 (ms) to 831.850830078125 (ms), cudaEventElapsed = 34.86412811279297 (ms)
[RANK2] B @ 833.536865234375 (ms) to 879.045166015625 (ms), cudaEventElapsed = 45.480960845947266 (ms)
[RANK2] F @ 880.303466796875 (ms) to 915.527587890625 (ms), cudaEventElapsed = 35.19795227050781 (ms)
[RANK2] B @ 981.354736328125 (ms) to 1022.661865234375 (ms), cudaEventElapsed = 41.280513763427734 (ms)
[RANK2] F @ 1023.970703125 (ms) to 1058.6904296875 (ms), cudaEventElapsed = 34.69619369506836 (ms)
[RANK2] B @ 1071.265625 (ms) to 1115.005859375 (ms), cudaEventElapsed = 43.71558380126953 (ms)
[RANK2] F @ 1116.266357421875 (ms) to 1150.85986328125 (ms), cudaEventElapsed = 34.56614303588867 (ms)
[RANK2] B @ 1153.353271484375 (ms) to 1198.778076171875 (ms), cudaEventElapsed = 45.4021110534668 (ms)
[RANK2] F @ 1200.056396484375 (ms) to 1235.19970703125 (ms), cudaEventElapsed = 35.118080139160156 (ms)
[RANK2] B @ 1294.735595703125 (ms) to 1335.89208984375 (ms), cudaEventElapsed = 41.13510513305664 (ms)
[RANK2] W @ 1336.622802734375 (ms) to 1358.8369140625 (ms), cudaEventElapsed = 22.192127227783203 (ms)
[RANK2] B @ 1389.12158203125 (ms) to 1430.979736328125 (ms), cudaEventElapsed = 41.836544036865234 (ms)
[RANK2] W @ 1431.756103515625 (ms) to 1455.06005859375 (ms), cudaEventElapsed = 23.28166389465332 (ms)
[RANK2] B @ 1473.334228515625 (ms) to 1516.576171875 (ms), cudaEventElapsed = 43.217918395996094 (ms)
[RANK2] 10W @ 1519.13134765625 (ms) to 1785.7578125 (ms), cudaEventElapsed = 266.5932922363281 (ms)
