[RANK2] Iteration 1
[RANK2] F @ 702.091796875 (ms) to 854.2236328125 (ms), cudaEventElapsed = 152.10086059570312 (ms)
[RANK2] F @ 855.594482421875 (ms) to 887.515625 (ms), cudaEventElapsed = 31.895551681518555 (ms)
[RANK2] F @ 888.91357421875 (ms) to 924.45166015625 (ms), cudaEventElapsed = 35.514366149902344 (ms)
[RANK2] B @ 1462.9130859375 (ms) to 1515.795166015625 (ms), cudaEventElapsed = 52.85580825805664 (ms)
[RANK2] F @ 1517.06298828125 (ms) to 1549.230224609375 (ms), cudaEventElapsed = 32.14438247680664 (ms)
[RANK2] B @ 1550.663330078125 (ms) to 1595.099609375 (ms), cudaEventElapsed = 44.41088104248047 (ms)
[RANK2] F @ 1596.3173828125 (ms) to 1629.57861328125 (ms), cudaEventElapsed = 33.23392105102539 (ms)
[RANK2] B @ 1631.20068359375 (ms) to 1675.5546875 (ms), cudaEventElapsed = 44.32998275756836 (ms)
[RANK2] F @ 1676.817626953125 (ms) to 1709.825439453125 (ms), cudaEventElapsed = 32.98406219482422 (ms)
[RANK2] B @ 1711.228271484375 (ms) to 1755.372314453125 (ms), cudaEventElapsed = 44.12211227416992 (ms)
[RANK2] F @ 1756.7685546875 (ms) to 1789.65625 (ms), cudaEventElapsed = 32.86528015136719 (ms)
[RANK2] B @ 1791.087158203125 (ms) to 1835.21484375 (ms), cudaEventElapsed = 44.102657318115234 (ms)
[RANK2] F @ 1836.439697265625 (ms) to 1869.80078125 (ms), cudaEventElapsed = 33.3383674621582 (ms)
[RANK2] B @ 1871.168701171875 (ms) to 1915.43896484375 (ms), cudaEventElapsed = 44.24806213378906 (ms)
[RANK2] F @ 1916.666748046875 (ms) to 1949.7392578125 (ms), cudaEventElapsed = 33.05062484741211 (ms)
[RANK2] B @ 1951.130859375 (ms) to 1995.297119140625 (ms), cudaEventElapsed = 44.1446418762207 (ms)
[RANK2] F @ 1996.525146484375 (ms) to 2029.839111328125 (ms), cudaEventElapsed = 33.2861442565918 (ms)
[RANK2] B @ 2031.701904296875 (ms) to 2075.861083984375 (ms), cudaEventElapsed = 44.12928009033203 (ms)
[RANK2] F @ 2077.115966796875 (ms) to 2110.181640625 (ms), cudaEventElapsed = 33.04140853881836 (ms)
[RANK2] B @ 2111.516845703125 (ms) to 2155.611572265625 (ms), cudaEventElapsed = 44.0709114074707 (ms)
[RANK2] F @ 2156.832763671875 (ms) to 2189.8857421875 (ms), cudaEventElapsed = 33.03014373779297 (ms)
[RANK2] B @ 2191.197265625 (ms) to 2235.17724609375 (ms), cudaEventElapsed = 43.95827102661133 (ms)
[RANK2] W @ 2235.9169921875 (ms) to 2256.826171875 (ms), cudaEventElapsed = 20.8855037689209 (ms)
[RANK2] B @ 2257.678955078125 (ms) to 2299.641845703125 (ms), cudaEventElapsed = 41.93894577026367 (ms)
[RANK2] W @ 2300.6728515625 (ms) to 2320.5234375 (ms), cudaEventElapsed = 19.82361602783203 (ms)
[RANK2] B @ 2321.31982421875 (ms) to 2364.0634765625 (ms), cudaEventElapsed = 42.7243537902832 (ms)
[RANK2] 10W @ 2365.64697265625 (ms) to 2579.489990234375 (ms), cudaEventElapsed = 213.81529235839844 (ms)
[RANK2] Iteration 2
[RANK2] F @ 71.949951171875 (ms) to 103.683349609375 (ms), cudaEventElapsed = 31.710208892822266 (ms)
[RANK2] F @ 105.425537109375 (ms) to 139.28857421875 (ms), cudaEventElapsed = 33.83705520629883 (ms)
[RANK2] F @ 143.196533203125 (ms) to 178.349609375 (ms), cudaEventElapsed = 35.127296447753906 (ms)
[RANK2] B @ 182.259765625 (ms) to 226.603271484375 (ms), cudaEventElapsed = 44.31974411010742 (ms)
[RANK2] F @ 227.83203125 (ms) to 262.7880859375 (ms), cudaEventElapsed = 34.93376159667969 (ms)
[RANK2] B @ 264.267333984375 (ms) to 309.717529296875 (ms), cudaEventElapsed = 45.42668914794922 (ms)
[RANK2] F @ 333.909423828125 (ms) to 365.635009765625 (ms), cudaEventElapsed = 31.703039169311523 (ms)
[RANK2] B @ 366.9912109375 (ms) to 411.523193359375 (ms), cudaEventElapsed = 44.51020812988281 (ms)
[RANK2] F @ 414.73876953125 (ms) to 449.64453125 (ms), cudaEventElapsed = 34.88256072998047 (ms)
[RANK2] B @ 451.05517578125 (ms) to 496.254638671875 (ms), cudaEventElapsed = 45.17683029174805 (ms)
[RANK2] F @ 498.446044921875 (ms) to 533.2080078125 (ms), cudaEventElapsed = 34.739200592041016 (ms)
[RANK2] B @ 534.61083984375 (ms) to 579.647216796875 (ms), cudaEventElapsed = 45.011966705322266 (ms)
[RANK2] F @ 581.10107421875 (ms) to 616.114013671875 (ms), cudaEventElapsed = 34.99110412597656 (ms)
[RANK2] B @ 617.49951171875 (ms) to 764.39404296875 (ms), cudaEventElapsed = 146.87026977539062 (ms)
[RANK2] F @ 766.05322265625 (ms) to 798.75830078125 (ms), cudaEventElapsed = 32.67686462402344 (ms)
[RANK2] B @ 801.289306640625 (ms) to 846.129150390625 (ms), cudaEventElapsed = 44.81024169921875 (ms)
[RANK2] F @ 847.894287109375 (ms) to 883.824951171875 (ms), cudaEventElapsed = 35.90963363647461 (ms)
[RANK2] B @ 886.083251953125 (ms) to 931.6220703125 (ms), cudaEventElapsed = 45.51270294189453 (ms)
[RANK2] F @ 932.86767578125 (ms) to 967.958251953125 (ms), cudaEventElapsed = 35.06790542602539 (ms)
[RANK2] B @ 969.313232421875 (ms) to 1014.443603515625 (ms), cudaEventElapsed = 45.107200622558594 (ms)
[RANK2] F @ 1015.66650390625 (ms) to 1050.631103515625 (ms), cudaEventElapsed = 34.944000244140625 (ms)
[RANK2] B @ 1051.960693359375 (ms) to 1097.0146484375 (ms), cudaEventElapsed = 45.026302337646484 (ms)
[RANK2] W @ 1097.77099609375 (ms) to 1121.00732421875 (ms), cudaEventElapsed = 23.214080810546875 (ms)
[RANK2] B @ 1121.80712890625 (ms) to 1168.705810546875 (ms), cudaEventElapsed = 46.8776969909668 (ms)
[RANK2] W @ 1169.49658203125 (ms) to 1193.768310546875 (ms), cudaEventElapsed = 24.245248794555664 (ms)
[RANK2] B @ 1194.576904296875 (ms) to 1241.205322265625 (ms), cudaEventElapsed = 46.60838317871094 (ms)
[RANK2] 10W @ 1243.212890625 (ms) to 1507.697509765625 (ms), cudaEventElapsed = 264.4500427246094 (ms)
[RANK2] Iteration 3
[RANK2] F @ 190.543701171875 (ms) to 221.97314453125 (ms), cudaEventElapsed = 31.4019832611084 (ms)
[RANK2] F @ 225.562255859375 (ms) to 259.4921875 (ms), cudaEventElapsed = 33.90156936645508 (ms)
[RANK2] F @ 263.359130859375 (ms) to 299.3115234375 (ms), cudaEventElapsed = 35.930110931396484 (ms)
[RANK2] B @ 302.055419921875 (ms) to 347.15185546875 (ms), cudaEventElapsed = 45.070335388183594 (ms)
[RANK2] F @ 348.59912109375 (ms) to 383.8525390625 (ms), cudaEventElapsed = 35.22662353515625 (ms)
[RANK2] B @ 385.103515625 (ms) to 430.739990234375 (ms), cudaEventElapsed = 45.61305618286133 (ms)
[RANK2] F @ 432.09521484375 (ms) to 467.2861328125 (ms), cudaEventElapsed = 35.16620635986328 (ms)
[RANK2] B @ 468.631591796875 (ms) to 513.741943359375 (ms), cudaEventElapsed = 45.087745666503906 (ms)
[RANK2] F @ 515.04931640625 (ms) to 549.990966796875 (ms), cudaEventElapsed = 34.918399810791016 (ms)
[RANK2] B @ 551.4326171875 (ms) to 596.396728515625 (ms), cudaEventElapsed = 44.94233703613281 (ms)
[RANK2] B @ 599.33447265625 (ms) to 643.215087890625 (ms), cudaEventElapsed = 43.856895446777344 (ms)
[RANK2] F @ 644.631591796875 (ms) to 679.490966796875 (ms), cudaEventElapsed = 34.83545684814453 (ms)
[RANK2] B @ 680.762451171875 (ms) to 726.097412109375 (ms), cudaEventElapsed = 45.31097412109375 (ms)
[RANK2] F @ 727.447509765625 (ms) to 762.803955078125 (ms), cudaEventElapsed = 35.335166931152344 (ms)
[RANK2] B @ 767.6474609375 (ms) to 812.634765625 (ms), cudaEventElapsed = 44.96588897705078 (ms)
[RANK2] F @ 813.85205078125 (ms) to 848.757568359375 (ms), cudaEventElapsed = 34.88051223754883 (ms)
[RANK2] F @ 850.09375 (ms) to 885.571533203125 (ms), cudaEventElapsed = 35.45497512817383 (ms)
[RANK2] B @ 886.972900390625 (ms) to 932.7099609375 (ms), cudaEventElapsed = 45.71443176269531 (ms)
[RANK2] B @ 938.309814453125 (ms) to 981.740234375 (ms), cudaEventElapsed = 43.410430908203125 (ms)
[RANK2] F @ 983.020751953125 (ms) to 1017.980712890625 (ms), cudaEventElapsed = 34.9378547668457 (ms)
[RANK2] B @ 1019.243408203125 (ms) to 1068.406494140625 (ms), cudaEventElapsed = 49.141761779785156 (ms)
[RANK2] F @ 1069.726318359375 (ms) to 1108.380615234375 (ms), cudaEventElapsed = 38.63449478149414 (ms)
[RANK2] B @ 1113.01904296875 (ms) to 1157.917236328125 (ms), cudaEventElapsed = 44.87782287597656 (ms)
[RANK2] W @ 1158.58984375 (ms) to 1181.318115234375 (ms), cudaEventElapsed = 22.7061767578125 (ms)
[RANK2] W @ 1181.60205078125 (ms) to 1207.658447265625 (ms), cudaEventElapsed = 26.036224365234375 (ms)
[RANK2] B @ 1215.874267578125 (ms) to 1261.5224609375 (ms), cudaEventElapsed = 45.62739181518555 (ms)
[RANK2] 10W @ 1263.483154296875 (ms) to 1530.300048828125 (ms), cudaEventElapsed = 266.79193115234375 (ms)
[RANK2] Iteration 4
[RANK2] F @ 190.097900390625 (ms) to 221.4853515625 (ms), cudaEventElapsed = 31.36511993408203 (ms)
[RANK2] F @ 225.4189453125 (ms) to 259.6416015625 (ms), cudaEventElapsed = 34.20057678222656 (ms)
[RANK2] F @ 263.239990234375 (ms) to 299.147216796875 (ms), cudaEventElapsed = 35.88505554199219 (ms)
[RANK2] B @ 301.704345703125 (ms) to 346.90966796875 (ms), cudaEventElapsed = 45.183998107910156 (ms)
[RANK2] F @ 348.29296875 (ms) to 383.161865234375 (ms), cudaEventElapsed = 34.84774398803711 (ms)
[RANK2] B @ 384.382568359375 (ms) to 429.89453125 (ms), cudaEventElapsed = 45.490177154541016 (ms)
[RANK2] F @ 431.2119140625 (ms) to 466.621337890625 (ms), cudaEventElapsed = 35.3884162902832 (ms)
[RANK2] B @ 467.939208984375 (ms) to 513.343505859375 (ms), cudaEventElapsed = 45.37548828125 (ms)
[RANK2] F @ 514.84423828125 (ms) to 549.980224609375 (ms), cudaEventElapsed = 35.11091232299805 (ms)
[RANK2] B @ 551.4228515625 (ms) to 596.1962890625 (ms), cudaEventElapsed = 44.74982452392578 (ms)
[RANK2] B @ 597.477294921875 (ms) to 641.8095703125 (ms), cudaEventElapsed = 44.309505462646484 (ms)
[RANK2] F @ 643.197265625 (ms) to 678.146240234375 (ms), cudaEventElapsed = 34.927616119384766 (ms)
[RANK2] B @ 679.38623046875 (ms) to 724.4716796875 (ms), cudaEventElapsed = 45.06419372558594 (ms)
[RANK2] F @ 725.797119140625 (ms) to 761.20263671875 (ms), cudaEventElapsed = 35.38431930541992 (ms)
[RANK2] B @ 765.462646484375 (ms) to 810.49267578125 (ms), cudaEventElapsed = 45.00787353515625 (ms)
[RANK2] F @ 811.687744140625 (ms) to 846.631103515625 (ms), cudaEventElapsed = 34.9224967956543 (ms)
[RANK2] F @ 848.029296875 (ms) to 884.046875 (ms), cudaEventElapsed = 35.994625091552734 (ms)
[RANK2] B @ 885.435302734375 (ms) to 931.08056640625 (ms), cudaEventElapsed = 45.623294830322266 (ms)
[RANK2] B @ 936.82958984375 (ms) to 980.571044921875 (ms), cudaEventElapsed = 43.720703125 (ms)
[RANK2] F @ 981.875732421875 (ms) to 1017.403564453125 (ms), cudaEventElapsed = 35.507198333740234 (ms)
[RANK2] B @ 1018.685546875 (ms) to 1067.759765625 (ms), cudaEventElapsed = 49.04550552368164 (ms)
[RANK2] F @ 1069.102294921875 (ms) to 1108.5029296875 (ms), cudaEventElapsed = 39.378944396972656 (ms)
[RANK2] B @ 1111.439453125 (ms) to 1156.998046875 (ms), cudaEventElapsed = 45.5362548828125 (ms)
[RANK2] W @ 1157.685546875 (ms) to 1180.384765625 (ms), cudaEventElapsed = 22.67852783203125 (ms)
[RANK2] W @ 1180.68359375 (ms) to 1206.225830078125 (ms), cudaEventElapsed = 25.51705551147461 (ms)
[RANK2] B @ 1215.058837890625 (ms) to 1261.196044921875 (ms), cudaEventElapsed = 46.115840911865234 (ms)
[RANK2] 10W @ 1263.2666015625 (ms) to 1530.1357421875 (ms), cudaEventElapsed = 266.8410949707031 (ms)
[RANK2] Iteration 5
[RANK2] F @ 191.685791015625 (ms) to 223.208251953125 (ms), cudaEventElapsed = 31.499263763427734 (ms)
[RANK2] F @ 226.26171875 (ms) to 260.21044921875 (ms), cudaEventElapsed = 33.92716979980469 (ms)
[RANK2] F @ 264.6513671875 (ms) to 299.6591796875 (ms), cudaEventElapsed = 34.980865478515625 (ms)
[RANK2] B @ 302.626220703125 (ms) to 347.217041015625 (ms), cudaEventElapsed = 44.56857681274414 (ms)
[RANK2] F @ 348.676513671875 (ms) to 383.626708984375 (ms), cudaEventElapsed = 34.92659378051758 (ms)
[RANK2] B @ 384.893798828125 (ms) to 430.60205078125 (ms), cudaEventElapsed = 45.68473434448242 (ms)
[RANK2] F @ 432.027587890625 (ms) to 467.274169921875 (ms), cudaEventElapsed = 35.22355270385742 (ms)
[RANK2] B @ 468.607666015625 (ms) to 514.02099609375 (ms), cudaEventElapsed = 45.38880157470703 (ms)
[RANK2] F @ 515.39501953125 (ms) to 550.7509765625 (ms), cudaEventElapsed = 35.3331184387207 (ms)
[RANK2] B @ 552.199462890625 (ms) to 597.51611328125 (ms), cudaEventElapsed = 45.294593811035156 (ms)
[RANK2] B @ 599.6806640625 (ms) to 643.951904296875 (ms), cudaEventElapsed = 44.251136779785156 (ms)
[RANK2] F @ 645.334228515625 (ms) to 680.555908203125 (ms), cudaEventElapsed = 35.19692611694336 (ms)
[RANK2] B @ 681.810546875 (ms) to 726.87353515625 (ms), cudaEventElapsed = 45.04064178466797 (ms)
[RANK2] F @ 728.1923828125 (ms) to 763.5556640625 (ms), cudaEventElapsed = 35.341312408447266 (ms)
[RANK2] B @ 769.0458984375 (ms) to 814.47802734375 (ms), cudaEventElapsed = 45.40108871459961 (ms)
[RANK2] F @ 815.74560546875 (ms) to 850.74365234375 (ms), cudaEventElapsed = 34.976768493652344 (ms)
[RANK2] F @ 852.1396484375 (ms) to 888.271240234375 (ms), cudaEventElapsed = 36.106239318847656 (ms)
[RANK2] B @ 889.625732421875 (ms) to 935.53857421875 (ms), cudaEventElapsed = 45.890560150146484 (ms)
[RANK2] B @ 940.958251953125 (ms) to 984.770263671875 (ms), cudaEventElapsed = 43.79033660888672 (ms)
[RANK2] F @ 986.088623046875 (ms) to 1021.05029296875 (ms), cudaEventElapsed = 34.938880920410156 (ms)
[RANK2] B @ 1022.350830078125 (ms) to 1070.23095703125 (ms), cudaEventElapsed = 47.85152053833008 (ms)
[RANK2] F @ 1071.599853515625 (ms) to 1110.16064453125 (ms), cudaEventElapsed = 38.538238525390625 (ms)
[RANK2] B @ 1116.247802734375 (ms) to 1161.161376953125 (ms), cudaEventElapsed = 44.888065338134766 (ms)
[RANK2] W @ 1161.843017578125 (ms) to 1184.390625 (ms), cudaEventElapsed = 22.525951385498047 (ms)
[RANK2] W @ 1184.68408203125 (ms) to 1210.533935546875 (ms), cudaEventElapsed = 25.827327728271484 (ms)
[RANK2] B @ 1218.571044921875 (ms) to 1264.90576171875 (ms), cudaEventElapsed = 46.311424255371094 (ms)
[RANK2] 10W @ 1267.007568359375 (ms) to 1533.40576171875 (ms), cudaEventElapsed = 266.3628845214844 (ms)
[RANK2] Iteration 6
[RANK2] F @ 189.95703125 (ms) to 221.427734375 (ms), cudaEventElapsed = 31.444992065429688 (ms)
[RANK2] F @ 225.571533203125 (ms) to 259.402587890625 (ms), cudaEventElapsed = 33.80838394165039 (ms)
[RANK2] F @ 262.720458984375 (ms) to 299.03125 (ms), cudaEventElapsed = 36.28031921386719 (ms)
[RANK2] B @ 301.578369140625 (ms) to 346.989013671875 (ms), cudaEventElapsed = 45.38470458984375 (ms)
[RANK2] F @ 348.44775390625 (ms) to 383.917236328125 (ms), cudaEventElapsed = 35.44371032714844 (ms)
[RANK2] B @ 385.2138671875 (ms) to 430.727783203125 (ms), cudaEventElapsed = 45.48710250854492 (ms)
[RANK2] F @ 432.1044921875 (ms) to 467.32666015625 (ms), cudaEventElapsed = 35.20000076293945 (ms)
[RANK2] B @ 468.66015625 (ms) to 513.899169921875 (ms), cudaEventElapsed = 45.2147216796875 (ms)
[RANK2] F @ 515.236572265625 (ms) to 550.326171875 (ms), cudaEventElapsed = 35.06585693359375 (ms)
[RANK2] B @ 551.763671875 (ms) to 596.91748046875 (ms), cudaEventElapsed = 45.13075256347656 (ms)
[RANK2] B @ 598.39990234375 (ms) to 643.052734375 (ms), cudaEventElapsed = 44.631038665771484 (ms)
[RANK2] F @ 644.48046875 (ms) to 679.4931640625 (ms), cudaEventElapsed = 34.98905563354492 (ms)
[RANK2] B @ 680.7646484375 (ms) to 725.9697265625 (ms), cudaEventElapsed = 45.17990493774414 (ms)
[RANK2] F @ 727.330810546875 (ms) to 762.646728515625 (ms), cudaEventElapsed = 35.29420852661133 (ms)
[RANK2] B @ 768.356689453125 (ms) to 812.702392578125 (ms), cudaEventElapsed = 44.31974411010742 (ms)
[RANK2] F @ 813.937255859375 (ms) to 848.333740234375 (ms), cudaEventElapsed = 34.374656677246094 (ms)
[RANK2] F @ 849.715576171875 (ms) to 885.2568359375 (ms), cudaEventElapsed = 35.516414642333984 (ms)
[RANK2] B @ 886.624267578125 (ms) to 932.13623046875 (ms), cudaEventElapsed = 45.488128662109375 (ms)
[RANK2] B @ 937.65966796875 (ms) to 980.94873046875 (ms), cudaEventElapsed = 43.260929107666016 (ms)
[RANK2] F @ 982.298095703125 (ms) to 1017.26123046875 (ms), cudaEventElapsed = 34.938880920410156 (ms)
[RANK2] B @ 1018.531982421875 (ms) to 1067.196533203125 (ms), cudaEventElapsed = 48.64102554321289 (ms)
[RANK2] F @ 1068.579833984375 (ms) to 1107.24609375 (ms), cudaEventElapsed = 38.6426887512207 (ms)
[RANK2] B @ 1112.63671875 (ms) to 1157.364990234375 (ms), cudaEventElapsed = 44.706817626953125 (ms)
[RANK2] W @ 1158.042236328125 (ms) to 1180.943603515625 (ms), cudaEventElapsed = 22.87923240661621 (ms)
[RANK2] W @ 1181.252685546875 (ms) to 1207.1357421875 (ms), cudaEventElapsed = 25.860095977783203 (ms)
[RANK2] B @ 1217.0068359375 (ms) to 1262.045654296875 (ms), cudaEventElapsed = 45.01708984375 (ms)
[RANK2] 10W @ 1264.0390625 (ms) to 1530.76611328125 (ms), cudaEventElapsed = 266.6925964355469 (ms)
[RANK2] Iteration 7
[RANK2] F @ 189.39599609375 (ms) to 220.952880859375 (ms), cudaEventElapsed = 31.532032012939453 (ms)
[RANK2] F @ 225.281982421875 (ms) to 259.133056640625 (ms), cudaEventElapsed = 33.82783889770508 (ms)
[RANK2] F @ 263.296142578125 (ms) to 298.503173828125 (ms), cudaEventElapsed = 35.178497314453125 (ms)
[RANK2] B @ 302.176025390625 (ms) to 346.79052734375 (ms), cudaEventElapsed = 44.5849609375 (ms)
[RANK2] F @ 348.2216796875 (ms) to 383.08642578125 (ms), cudaEventElapsed = 34.83750534057617 (ms)
[RANK2] B @ 384.374267578125 (ms) to 429.6376953125 (ms), cudaEventElapsed = 45.235198974609375 (ms)
[RANK2] F @ 431.0634765625 (ms) to 466.75634765625 (ms), cudaEventElapsed = 35.66796875 (ms)
[RANK2] B @ 468.130859375 (ms) to 513.59716796875 (ms), cudaEventElapsed = 45.439998626708984 (ms)
[RANK2] F @ 514.979736328125 (ms) to 550.173095703125 (ms), cudaEventElapsed = 35.1723518371582 (ms)
[RANK2] B @ 551.6201171875 (ms) to 596.8115234375 (ms), cudaEventElapsed = 45.16659164428711 (ms)
[RANK2] B @ 598.149658203125 (ms) to 642.712890625 (ms), cudaEventElapsed = 44.53785705566406 (ms)
[RANK2] F @ 644.161865234375 (ms) to 679.26171875 (ms), cudaEventElapsed = 35.07404708862305 (ms)
[RANK2] B @ 680.518798828125 (ms) to 725.495849609375 (ms), cudaEventElapsed = 44.9536018371582 (ms)
[RANK2] F @ 726.85400390625 (ms) to 762.17724609375 (ms), cudaEventElapsed = 35.30137634277344 (ms)
[RANK2] B @ 768.1025390625 (ms) to 813.1142578125 (ms), cudaEventElapsed = 44.98944091796875 (ms)
[RANK2] F @ 814.376708984375 (ms) to 849.22509765625 (ms), cudaEventElapsed = 34.82624053955078 (ms)
[RANK2] F @ 850.6396484375 (ms) to 886.87646484375 (ms), cudaEventElapsed = 36.20966339111328 (ms)
[RANK2] B @ 888.26220703125 (ms) to 934.01318359375 (ms), cudaEventElapsed = 45.72364807128906 (ms)
[RANK2] B @ 935.67822265625 (ms) to 980.126220703125 (ms), cudaEventElapsed = 44.426239013671875 (ms)
[RANK2] F @ 981.480712890625 (ms) to 1016.6337890625 (ms), cudaEventElapsed = 35.13139343261719 (ms)
[RANK2] B @ 1017.92578125 (ms) to 1066.774658203125 (ms), cudaEventElapsed = 48.82227325439453 (ms)
[RANK2] F @ 1068.188720703125 (ms) to 1107.6494140625 (ms), cudaEventElapsed = 39.43628692626953 (ms)
[RANK2] B @ 1108.927978515625 (ms) to 1155.274169921875 (ms), cudaEventElapsed = 46.320640563964844 (ms)
[RANK2] W @ 1156.0107421875 (ms) to 1179.884033203125 (ms), cudaEventElapsed = 23.848960876464844 (ms)
[RANK2] W @ 1180.20458984375 (ms) to 1206.101806640625 (ms), cudaEventElapsed = 25.8734073638916 (ms)
[RANK2] B @ 1214.06201171875 (ms) to 1260.586669921875 (ms), cudaEventElapsed = 46.501888275146484 (ms)
[RANK2] 10W @ 1262.657958984375 (ms) to 1529.396240234375 (ms), cudaEventElapsed = 266.7069396972656 (ms)
[RANK2] Iteration 8
[RANK2] F @ 190.43994140625 (ms) to 221.889892578125 (ms), cudaEventElapsed = 31.425535202026367 (ms)
[RANK2] F @ 224.322998046875 (ms) to 258.44482421875 (ms), cudaEventElapsed = 34.08486557006836 (ms)
[RANK2] F @ 262.447509765625 (ms) to 298.484619140625 (ms), cudaEventElapsed = 36.01203155517578 (ms)
[RANK2] B @ 299.8359375 (ms) to 345.49951171875 (ms), cudaEventElapsed = 45.639678955078125 (ms)
[RANK2] F @ 346.984130859375 (ms) to 382.326416015625 (ms), cudaEventElapsed = 35.315711975097656 (ms)
[RANK2] B @ 383.605712890625 (ms) to 428.797119140625 (ms), cudaEventElapsed = 45.16864013671875 (ms)
[RANK2] F @ 430.175048828125 (ms) to 465.251220703125 (ms), cudaEventElapsed = 35.05049514770508 (ms)
[RANK2] B @ 466.635009765625 (ms) to 511.912841796875 (ms), cudaEventElapsed = 45.25260925292969 (ms)
[RANK2] F @ 513.316162109375 (ms) to 548.595458984375 (ms), cudaEventElapsed = 35.25222396850586 (ms)
[RANK2] B @ 550.0576171875 (ms) to 595.63916015625 (ms), cudaEventElapsed = 45.55673599243164 (ms)
[RANK2] B @ 596.95751953125 (ms) to 641.953857421875 (ms), cudaEventElapsed = 44.9699821472168 (ms)
[RANK2] F @ 643.3662109375 (ms) to 678.54541015625 (ms), cudaEventElapsed = 35.155967712402344 (ms)
[RANK2] B @ 679.800048828125 (ms) to 725.297607421875 (ms), cudaEventElapsed = 45.474815368652344 (ms)
[RANK2] F @ 726.65478515625 (ms) to 761.98876953125 (ms), cudaEventElapsed = 35.311614990234375 (ms)
[RANK2] B @ 763.36279296875 (ms) to 808.93212890625 (ms), cudaEventElapsed = 45.54342269897461 (ms)
[RANK2] F @ 810.19189453125 (ms) to 845.62841796875 (ms), cudaEventElapsed = 35.41299057006836 (ms)
[RANK2] F @ 847.02099609375 (ms) to 883.029541015625 (ms), cudaEventElapsed = 35.98438262939453 (ms)
[RANK2] B @ 884.40380859375 (ms) to 929.9111328125 (ms), cudaEventElapsed = 45.48505783081055 (ms)
[RANK2] B @ 931.19091796875 (ms) to 975.982177734375 (ms), cudaEventElapsed = 44.76723098754883 (ms)
[RANK2] F @ 977.32958984375 (ms) to 1012.74755859375 (ms), cudaEventElapsed = 35.394561767578125 (ms)
[RANK2] B @ 1014.029052734375 (ms) to 1061.589111328125 (ms), cudaEventElapsed = 47.536128997802734 (ms)
[RANK2] F @ 1062.948486328125 (ms) to 1102.672119140625 (ms), cudaEventElapsed = 39.70048141479492 (ms)
[RANK2] B @ 1103.9189453125 (ms) to 1150.45361328125 (ms), cudaEventElapsed = 46.51417541503906 (ms)
[RANK2] W @ 1151.14892578125 (ms) to 1174.652587890625 (ms), cudaEventElapsed = 23.48236846923828 (ms)
[RANK2] W @ 1174.95751953125 (ms) to 1199.971923828125 (ms), cudaEventElapsed = 24.991743087768555 (ms)
[RANK2] B @ 1204.82666015625 (ms) to 1252.2890625 (ms), cudaEventElapsed = 47.436798095703125 (ms)
[RANK2] 10W @ 1254.326171875 (ms) to 1520.556884765625 (ms), cudaEventElapsed = 266.203125 (ms)
[RANK2] Iteration 9
[RANK2] F @ 190.543212890625 (ms) to 222.006103515625 (ms), cudaEventElapsed = 31.433727264404297 (ms)
[RANK2] F @ 225.791015625 (ms) to 259.5771484375 (ms), cudaEventElapsed = 33.760257720947266 (ms)
[RANK2] F @ 263.761962890625 (ms) to 299.570556640625 (ms), cudaEventElapsed = 35.78163146972656 (ms)
[RANK2] B @ 302.677001953125 (ms) to 347.794921875 (ms), cudaEventElapsed = 45.09183883666992 (ms)
[RANK2] F @ 349.2470703125 (ms) to 384.46435546875 (ms), cudaEventElapsed = 35.19590377807617 (ms)
[RANK2] B @ 385.71630859375 (ms) to 431.067138671875 (ms), cudaEventElapsed = 45.32633590698242 (ms)
[RANK2] F @ 432.437744140625 (ms) to 467.769775390625 (ms), cudaEventElapsed = 35.30752182006836 (ms)
[RANK2] B @ 469.115478515625 (ms) to 514.59814453125 (ms), cudaEventElapsed = 45.46150588989258 (ms)
[RANK2] F @ 515.956298828125 (ms) to 550.900390625 (ms), cudaEventElapsed = 34.921470642089844 (ms)
[RANK2] B @ 552.520751953125 (ms) to 597.504150390625 (ms), cudaEventElapsed = 44.95769500732422 (ms)
[RANK2] B @ 598.754150390625 (ms) to 643.03466796875 (ms), cudaEventElapsed = 44.25932693481445 (ms)
[RANK2] F @ 644.43798828125 (ms) to 679.57568359375 (ms), cudaEventElapsed = 35.11705780029297 (ms)
[RANK2] B @ 680.791748046875 (ms) to 725.916259765625 (ms), cudaEventElapsed = 45.100032806396484 (ms)
[RANK2] F @ 727.24951171875 (ms) to 762.42529296875 (ms), cudaEventElapsed = 35.154945373535156 (ms)
[RANK2] B @ 764.085205078125 (ms) to 809.664794921875 (ms), cudaEventElapsed = 45.55878448486328 (ms)
[RANK2] F @ 810.88134765625 (ms) to 846.21044921875 (ms), cudaEventElapsed = 35.30752182006836 (ms)
[RANK2] F @ 847.59326171875 (ms) to 883.927978515625 (ms), cudaEventElapsed = 36.313087463378906 (ms)
[RANK2] B @ 885.250732421875 (ms) to 930.901123046875 (ms), cudaEventElapsed = 45.628414154052734 (ms)
[RANK2] B @ 932.1572265625 (ms) to 976.632080078125 (ms), cudaEventElapsed = 44.45491027832031 (ms)
[RANK2] F @ 977.940673828125 (ms) to 1012.793701171875 (ms), cudaEventElapsed = 34.83238220214844 (ms)
[RANK2] B @ 1014.029052734375 (ms) to 1062.56982421875 (ms), cudaEventElapsed = 48.51814270019531 (ms)
[RANK2] F @ 1063.890625 (ms) to 1104.108154296875 (ms), cudaEventElapsed = 40.197120666503906 (ms)
[RANK2] B @ 1105.348876953125 (ms) to 1152.052734375 (ms), cudaEventElapsed = 46.68211364746094 (ms)
[RANK2] W @ 1152.735107421875 (ms) to 1176.271728515625 (ms), cudaEventElapsed = 23.516159057617188 (ms)
[RANK2] W @ 1176.57080078125 (ms) to 1202.0244140625 (ms), cudaEventElapsed = 25.432064056396484 (ms)
[RANK2] B @ 1210.44287109375 (ms) to 1256.60107421875 (ms), cudaEventElapsed = 46.13529586791992 (ms)
[RANK2] 10W @ 1258.63330078125 (ms) to 1526.60009765625 (ms), cudaEventElapsed = 267.9388122558594 (ms)
