[RANK3] Iteration 1
[RANK3] F @ 268.7529296875 (ms) to 299.76318359375 (ms), cudaEventElapsed = 30.942432403564453 (ms)
[RANK3] B @ 300.026123046875 (ms) to 337.269775390625 (ms), cudaEventElapsed = 37.195777893066406 (ms)
[RANK3] F @ 340.68359375 (ms) to 371.863037109375 (ms), cudaEventElapsed = 31.141855239868164 (ms)
[RANK3] B @ 371.927734375 (ms) to 409.410400390625 (ms), cudaEventElapsed = 37.44972610473633 (ms)
[RANK3] F @ 491.582763671875 (ms) to 522.29443359375 (ms), cudaEventElapsed = 30.659616470336914 (ms)
[RANK3] B @ 522.37451171875 (ms) to 559.71630859375 (ms), cudaEventElapsed = 37.29715347290039 (ms)
[RANK3] F @ 642.6962890625 (ms) to 673.75830078125 (ms), cudaEventElapsed = 30.991296768188477 (ms)
[RANK3] B @ 673.8330078125 (ms) to 709.897216796875 (ms), cudaEventElapsed = 36.0181770324707 (ms)
[RANK3] F @ 711.296142578125 (ms) to 743.434814453125 (ms), cudaEventElapsed = 32.08995056152344 (ms)
[RANK3] B @ 743.501220703125 (ms) to 781.478271484375 (ms), cudaEventElapsed = 37.93920135498047 (ms)
[RANK3] F @ 782.802490234375 (ms) to 815.3525390625 (ms), cudaEventElapsed = 32.50953674316406 (ms)
[RANK3] B @ 815.41455078125 (ms) to 853.47802734375 (ms), cudaEventElapsed = 38.02931213378906 (ms)
[RANK3] F @ 854.8212890625 (ms) to 886.95068359375 (ms), cudaEventElapsed = 32.0906867980957 (ms)
[RANK3] B @ 887.011962890625 (ms) to 925.498291015625 (ms), cudaEventElapsed = 38.44812774658203 (ms)
[RANK3] F @ 1090.82763671875 (ms) to 1121.135986328125 (ms), cudaEventElapsed = 30.237056732177734 (ms)
[RANK3] B @ 1121.346923828125 (ms) to 1158.817138671875 (ms), cudaEventElapsed = 37.43436813354492 (ms)
[RANK3] W @ 1158.994384765625 (ms) to 1203.422607421875 (ms), cudaEventElapsed = 16.79155158996582 (ms)
[RANK3] F @ 1203.618896484375 (ms) to 1234.638671875 (ms), cudaEventElapsed = 30.98259162902832 (ms)
[RANK3] B @ 1234.697265625 (ms) to 1272.251953125 (ms), cudaEventElapsed = 37.522430419921875 (ms)
[RANK3] W @ 1272.50830078125 (ms) to 1293.3642578125 (ms), cudaEventElapsed = 19.8338565826416 (ms)
[RANK3] F @ 1330.753173828125 (ms) to 1360.991455078125 (ms), cudaEventElapsed = 30.181535720825195 (ms)
[RANK3] B @ 1361.062255859375 (ms) to 1397.640625 (ms), cudaEventElapsed = 36.54451370239258 (ms)
[RANK3] W @ 1397.884521484375 (ms) to 1418.521728515625 (ms), cudaEventElapsed = 19.45907211303711 (ms)
[RANK3] F @ 1431.892822265625 (ms) to 1462.656005859375 (ms), cudaEventElapsed = 30.715232849121094 (ms)
[RANK3] B @ 1462.714599609375 (ms) to 1499.811767578125 (ms), cudaEventElapsed = 37.06470489501953 (ms)
[RANK3] W @ 1500.085205078125 (ms) to 1520.85986328125 (ms), cudaEventElapsed = 19.64441680908203 (ms)
[RANK3] F @ 1532.34765625 (ms) to 1562.9130859375 (ms), cudaEventElapsed = 30.52284812927246 (ms)
[RANK3] B @ 1562.975830078125 (ms) to 1600.289306640625 (ms), cudaEventElapsed = 37.28076934814453 (ms)
[RANK3] 8W @ 1600.47216796875 (ms) to 1762.08154296875 (ms), cudaEventElapsed = 161.5687713623047 (ms)
[RANK3] Iteration 2
[RANK3] F @ 99.453857421875 (ms) to 130.317138671875 (ms), cudaEventElapsed = 30.80451202392578 (ms)
[RANK3] B @ 130.587890625 (ms) to 174.6796875 (ms), cudaEventElapsed = 35.322879791259766 (ms)
[RANK3] F @ 176.2900390625 (ms) to 206.637451171875 (ms), cudaEventElapsed = 30.3002872467041 (ms)
[RANK3] B @ 206.727294921875 (ms) to 244.3642578125 (ms), cudaEventElapsed = 37.605377197265625 (ms)
[RANK3] F @ 245.875 (ms) to 278.167236328125 (ms), cudaEventElapsed = 32.25455856323242 (ms)
[RANK3] B @ 278.3046875 (ms) to 316.24462890625 (ms), cudaEventElapsed = 37.89619064331055 (ms)
[RANK3] F @ 317.894287109375 (ms) to 350.1494140625 (ms), cudaEventElapsed = 32.217247009277344 (ms)
[RANK3] B @ 350.275634765625 (ms) to 388.129638671875 (ms), cudaEventElapsed = 37.812225341796875 (ms)
[RANK3] F @ 389.79052734375 (ms) to 422.35400390625 (ms), cudaEventElapsed = 32.52726364135742 (ms)
[RANK3] B @ 422.4833984375 (ms) to 460.42578125 (ms), cudaEventElapsed = 37.90233612060547 (ms)
[RANK3] F @ 462.063232421875 (ms) to 495.021728515625 (ms), cudaEventElapsed = 32.91987228393555 (ms)
[RANK3] B @ 495.15625 (ms) to 532.6884765625 (ms), cudaEventElapsed = 37.4835205078125 (ms)
[RANK3] F @ 534.11181640625 (ms) to 566.42822265625 (ms), cudaEventElapsed = 32.28179168701172 (ms)
[RANK3] B @ 566.521240234375 (ms) to 604.604736328125 (ms), cudaEventElapsed = 38.04876708984375 (ms)
[RANK3] F @ 604.932373046875 (ms) to 637.051513671875 (ms), cudaEventElapsed = 32.08668899536133 (ms)
[RANK3] B @ 637.271240234375 (ms) to 676.442626953125 (ms), cudaEventElapsed = 39.13113784790039 (ms)
[RANK3] W @ 676.669189453125 (ms) to 696.056884765625 (ms), cudaEventElapsed = 19.353599548339844 (ms)
[RANK3] F @ 696.215576171875 (ms) to 727.8212890625 (ms), cudaEventElapsed = 31.575519561767578 (ms)
[RANK3] B @ 727.907958984375 (ms) to 765.811279296875 (ms), cudaEventElapsed = 37.87161636352539 (ms)
[RANK3] W @ 766.04833984375 (ms) to 787.186767578125 (ms), cudaEventElapsed = 20.016128540039062 (ms)
[RANK3] F @ 816.99560546875 (ms) to 847.142822265625 (ms), cudaEventElapsed = 30.106464385986328 (ms)
[RANK3] B @ 847.224365234375 (ms) to 884.000244140625 (ms), cudaEventElapsed = 36.74419021606445 (ms)
[RANK3] W @ 884.2607421875 (ms) to 905.142822265625 (ms), cudaEventElapsed = 19.62598419189453 (ms)
[RANK3] F @ 919.2333984375 (ms) to 950.215576171875 (ms), cudaEventElapsed = 30.942367553710938 (ms)
[RANK3] B @ 950.299072265625 (ms) to 987.83251953125 (ms), cudaEventElapsed = 37.50092697143555 (ms)
[RANK3] W @ 988.08642578125 (ms) to 1009.2919921875 (ms), cudaEventElapsed = 19.993600845336914 (ms)
[RANK3] F @ 1021.4248046875 (ms) to 1051.876953125 (ms), cudaEventElapsed = 30.406784057617188 (ms)
[RANK3] B @ 1051.958984375 (ms) to 1089.142578125 (ms), cudaEventElapsed = 37.152767181396484 (ms)
[RANK3] 8W @ 1089.32958984375 (ms) to 1252.775146484375 (ms), cudaEventElapsed = 163.40992736816406 (ms)
[RANK3] Iteration 3
[RANK3] F @ 99.291015625 (ms) to 129.97509765625 (ms), cudaEventElapsed = 30.63750457763672 (ms)
[RANK3] B @ 130.214111328125 (ms) to 175.1630859375 (ms), cudaEventElapsed = 36.38374328613281 (ms)
[RANK3] F @ 176.165283203125 (ms) to 207.4091796875 (ms), cudaEventElapsed = 31.1977596282959 (ms)
[RANK3] B @ 207.498291015625 (ms) to 246.078125 (ms), cudaEventElapsed = 38.542335510253906 (ms)
[RANK3] F @ 247.58984375 (ms) to 279.918701171875 (ms), cudaEventElapsed = 32.293216705322266 (ms)
[RANK3] B @ 280.03759765625 (ms) to 317.86669921875 (ms), cudaEventElapsed = 37.789695739746094 (ms)
[RANK3] F @ 319.40478515625 (ms) to 351.5498046875 (ms), cudaEventElapsed = 32.108062744140625 (ms)
[RANK3] B @ 351.661865234375 (ms) to 389.725341796875 (ms), cudaEventElapsed = 38.024192810058594 (ms)
[RANK3] F @ 391.338623046875 (ms) to 424.155029296875 (ms), cudaEventElapsed = 32.78099060058594 (ms)
[RANK3] B @ 424.2578125 (ms) to 461.5927734375 (ms), cudaEventElapsed = 37.29715347290039 (ms)
[RANK3] F @ 463.168701171875 (ms) to 494.893798828125 (ms), cudaEventElapsed = 31.687711715698242 (ms)
[RANK3] B @ 494.98486328125 (ms) to 532.610107421875 (ms), cudaEventElapsed = 37.592063903808594 (ms)
[RANK3] F @ 534.04541015625 (ms) to 566.9736328125 (ms), cudaEventElapsed = 32.89388656616211 (ms)
[RANK3] B @ 567.06689453125 (ms) to 605.9140625 (ms), cudaEventElapsed = 38.807552337646484 (ms)
[RANK3] F @ 606.248046875 (ms) to 638.54638671875 (ms), cudaEventElapsed = 32.266014099121094 (ms)
[RANK3] B @ 638.759033203125 (ms) to 677.96435546875 (ms), cudaEventElapsed = 39.170047760009766 (ms)
[RANK3] W @ 678.244140625 (ms) to 699.318603515625 (ms), cudaEventElapsed = 19.317760467529297 (ms)
[RANK3] F @ 699.486328125 (ms) to 731.277587890625 (ms), cudaEventElapsed = 31.759647369384766 (ms)
[RANK3] B @ 731.3642578125 (ms) to 769.767578125 (ms), cudaEventElapsed = 38.36928176879883 (ms)
[RANK3] W @ 770.01904296875 (ms) to 790.970458984375 (ms), cudaEventElapsed = 19.8338565826416 (ms)
[RANK3] F @ 824.012939453125 (ms) to 854.2529296875 (ms), cudaEventElapsed = 30.197023391723633 (ms)
[RANK3] B @ 854.332275390625 (ms) to 890.87939453125 (ms), cudaEventElapsed = 36.517887115478516 (ms)
[RANK3] W @ 891.173095703125 (ms) to 912.409912109375 (ms), cudaEventElapsed = 19.986431121826172 (ms)
[RANK3] F @ 925.31640625 (ms) to 956.08447265625 (ms), cudaEventElapsed = 30.72643280029297 (ms)
[RANK3] B @ 956.16748046875 (ms) to 993.6064453125 (ms), cudaEventElapsed = 37.407745361328125 (ms)
[RANK3] W @ 993.86767578125 (ms) to 1015.08447265625 (ms), cudaEventElapsed = 19.997695922851562 (ms)
[RANK3] F @ 1029.14453125 (ms) to 1059.48486328125 (ms), cudaEventElapsed = 30.301984786987305 (ms)
[RANK3] B @ 1059.562744140625 (ms) to 1097.020263671875 (ms), cudaEventElapsed = 37.42822265625 (ms)
[RANK3] 8W @ 1097.20361328125 (ms) to 1262.346435546875 (ms), cudaEventElapsed = 165.1077117919922 (ms)
[RANK3] Iteration 4
[RANK3] F @ 99.269775390625 (ms) to 130.124755859375 (ms), cudaEventElapsed = 30.801023483276367 (ms)
[RANK3] B @ 130.36181640625 (ms) to 176.233154296875 (ms), cudaEventElapsed = 36.89369583129883 (ms)
[RANK3] F @ 176.62841796875 (ms) to 209.08349609375 (ms), cudaEventElapsed = 32.41680145263672 (ms)
[RANK3] B @ 209.170166015625 (ms) to 248.2451171875 (ms), cudaEventElapsed = 39.03692626953125 (ms)
[RANK3] F @ 249.72314453125 (ms) to 283.732666015625 (ms), cudaEventElapsed = 33.97385787963867 (ms)
[RANK3] B @ 283.844482421875 (ms) to 322.25048828125 (ms), cudaEventElapsed = 38.36723327636719 (ms)
[RANK3] F @ 323.79638671875 (ms) to 356.974853515625 (ms), cudaEventElapsed = 33.1420783996582 (ms)
[RANK3] B @ 357.0849609375 (ms) to 395.715087890625 (ms), cudaEventElapsed = 38.5904655456543 (ms)
[RANK3] F @ 397.34619140625 (ms) to 431.52001953125 (ms), cudaEventElapsed = 34.13631820678711 (ms)
[RANK3] B @ 431.629638671875 (ms) to 470.127685546875 (ms), cudaEventElapsed = 38.45939254760742 (ms)
[RANK3] F @ 471.79248046875 (ms) to 505.836669921875 (ms), cudaEventElapsed = 34.01030349731445 (ms)
[RANK3] B @ 505.93212890625 (ms) to 544.535888671875 (ms), cudaEventElapsed = 38.569984436035156 (ms)
[RANK3] F @ 546.054443359375 (ms) to 580.54638671875 (ms), cudaEventElapsed = 34.45878219604492 (ms)
[RANK3] B @ 580.634521484375 (ms) to 618.951171875 (ms), cudaEventElapsed = 38.28121566772461 (ms)
[RANK3] F @ 619.294921875 (ms) to 652.28125 (ms), cudaEventElapsed = 32.953182220458984 (ms)
[RANK3] B @ 652.51318359375 (ms) to 692.39013671875 (ms), cudaEventElapsed = 39.843841552734375 (ms)
[RANK3] W @ 692.58740234375 (ms) to 719.308349609375 (ms), cudaEventElapsed = 20.43903923034668 (ms)
[RANK3] F @ 719.479248046875 (ms) to 752.885498046875 (ms), cudaEventElapsed = 33.37251281738281 (ms)
[RANK3] B @ 752.96435546875 (ms) to 791.7314453125 (ms), cudaEventElapsed = 38.735870361328125 (ms)
[RANK3] W @ 791.99169921875 (ms) to 814.877197265625 (ms), cudaEventElapsed = 21.710847854614258 (ms)
[RANK3] F @ 854.33154296875 (ms) to 884.6923828125 (ms), cudaEventElapsed = 30.312416076660156 (ms)
[RANK3] B @ 884.78466796875 (ms) to 921.955078125 (ms), cudaEventElapsed = 37.13740921020508 (ms)
[RANK3] W @ 922.243896484375 (ms) to 944.561767578125 (ms), cudaEventElapsed = 21.07801628112793 (ms)
[RANK3] F @ 972.856201171875 (ms) to 1004.65771484375 (ms), cudaEventElapsed = 31.756128311157227 (ms)
[RANK3] B @ 1004.7490234375 (ms) to 1042.345458984375 (ms), cudaEventElapsed = 37.56032180786133 (ms)
[RANK3] W @ 1042.631591796875 (ms) to 1064.859375 (ms), cudaEventElapsed = 21.02681541442871 (ms)
[RANK3] F @ 1083.21826171875 (ms) to 1115.303466796875 (ms), cudaEventElapsed = 32.03807830810547 (ms)
[RANK3] B @ 1115.3876953125 (ms) to 1153.02099609375 (ms), cudaEventElapsed = 37.603328704833984 (ms)
[RANK3] 8W @ 1153.22314453125 (ms) to 1342.4599609375 (ms), cudaEventElapsed = 189.20140075683594 (ms)
[RANK3] Iteration 5
[RANK3] F @ 99.681884765625 (ms) to 130.589111328125 (ms), cudaEventElapsed = 30.851455688476562 (ms)
[RANK3] B @ 130.852294921875 (ms) to 177.32373046875 (ms), cudaEventElapsed = 37.4384651184082 (ms)
[RANK3] F @ 177.8046875 (ms) to 210.61572265625 (ms), cudaEventElapsed = 32.75654220581055 (ms)
[RANK3] B @ 210.715087890625 (ms) to 250.16259765625 (ms), cudaEventElapsed = 39.41273498535156 (ms)
[RANK3] F @ 251.763671875 (ms) to 285.841552734375 (ms), cudaEventElapsed = 34.04035186767578 (ms)
[RANK3] B @ 285.9658203125 (ms) to 324.169677734375 (ms), cudaEventElapsed = 38.16243362426758 (ms)
[RANK3] F @ 325.79736328125 (ms) to 358.848388671875 (ms), cudaEventElapsed = 33.00582504272461 (ms)
[RANK3] B @ 358.971923828125 (ms) to 397.31640625 (ms), cudaEventElapsed = 38.30374526977539 (ms)
[RANK3] F @ 398.955810546875 (ms) to 432.953369140625 (ms), cudaEventElapsed = 33.95907211303711 (ms)
[RANK3] B @ 433.05810546875 (ms) to 471.616943359375 (ms), cudaEventElapsed = 38.52492904663086 (ms)
[RANK3] F @ 473.243408203125 (ms) to 507.601318359375 (ms), cudaEventElapsed = 34.3232307434082 (ms)
[RANK3] B @ 507.697509765625 (ms) to 546.109619140625 (ms), cudaEventElapsed = 38.38054275512695 (ms)
[RANK3] F @ 547.616455078125 (ms) to 581.8564453125 (ms), cudaEventElapsed = 34.20627212524414 (ms)
[RANK3] B @ 581.951416015625 (ms) to 620.417236328125 (ms), cudaEventElapsed = 38.430721282958984 (ms)
[RANK3] F @ 620.75732421875 (ms) to 654.053955078125 (ms), cudaEventElapsed = 33.26233673095703 (ms)
[RANK3] B @ 654.28515625 (ms) to 694.258544921875 (ms), cudaEventElapsed = 39.94009780883789 (ms)
[RANK3] W @ 694.45849609375 (ms) to 719.390869140625 (ms), cudaEventElapsed = 20.753408432006836 (ms)
[RANK3] F @ 719.571533203125 (ms) to 753.331298828125 (ms), cudaEventElapsed = 33.72652816772461 (ms)
[RANK3] B @ 753.408447265625 (ms) to 792.47998046875 (ms), cudaEventElapsed = 39.04102325439453 (ms)
[RANK3] W @ 792.740478515625 (ms) to 815.5888671875 (ms), cudaEventElapsed = 21.64531135559082 (ms)
[RANK3] F @ 853.31494140625 (ms) to 883.615234375 (ms), cudaEventElapsed = 30.257856369018555 (ms)
[RANK3] B @ 883.708251953125 (ms) to 921.00927734375 (ms), cudaEventElapsed = 37.26950454711914 (ms)
[RANK3] W @ 921.27587890625 (ms) to 944.373046875 (ms), cudaEventElapsed = 21.88800048828125 (ms)
[RANK3] F @ 972.888427734375 (ms) to 1003.84326171875 (ms), cudaEventElapsed = 30.911487579345703 (ms)
[RANK3] B @ 1003.92431640625 (ms) to 1041.58203125 (ms), cudaEventElapsed = 37.62688064575195 (ms)
[RANK3] W @ 1041.856201171875 (ms) to 1064.565673828125 (ms), cudaEventElapsed = 21.49171257019043 (ms)
[RANK3] F @ 1084.393310546875 (ms) to 1115.560302734375 (ms), cudaEventElapsed = 31.123647689819336 (ms)
[RANK3] B @ 1115.647705078125 (ms) to 1153.767822265625 (ms), cudaEventElapsed = 38.08972930908203 (ms)
[RANK3] 8W @ 1153.95849609375 (ms) to 1344.651611328125 (ms), cudaEventElapsed = 190.6483154296875 (ms)
[RANK3] Iteration 6
[RANK3] F @ 100.087158203125 (ms) to 131.06640625 (ms), cudaEventElapsed = 30.920703887939453 (ms)
[RANK3] B @ 131.30322265625 (ms) to 177.06884765625 (ms), cudaEventElapsed = 37.46406555175781 (ms)
[RANK3] F @ 177.463623046875 (ms) to 210.66162109375 (ms), cudaEventElapsed = 33.1541748046875 (ms)
[RANK3] B @ 210.77685546875 (ms) to 250.223876953125 (ms), cudaEventElapsed = 39.41068649291992 (ms)
[RANK3] F @ 251.72509765625 (ms) to 285.76904296875 (ms), cudaEventElapsed = 34.00668716430664 (ms)
[RANK3] B @ 285.89013671875 (ms) to 324.27099609375 (ms), cudaEventElapsed = 38.340606689453125 (ms)
[RANK3] F @ 325.9208984375 (ms) to 359.078369140625 (ms), cudaEventElapsed = 33.108577728271484 (ms)
[RANK3] B @ 359.203857421875 (ms) to 397.688720703125 (ms), cudaEventElapsed = 38.44300842285156 (ms)
[RANK3] F @ 399.268798828125 (ms) to 433.465087890625 (ms), cudaEventElapsed = 34.160064697265625 (ms)
[RANK3] B @ 433.57080078125 (ms) to 472.3701171875 (ms), cudaEventElapsed = 38.763519287109375 (ms)
[RANK3] F @ 474.064208984375 (ms) to 508.294189453125 (ms), cudaEventElapsed = 34.197086334228516 (ms)
[RANK3] B @ 508.382568359375 (ms) to 546.54638671875 (ms), cudaEventElapsed = 38.1317138671875 (ms)
[RANK3] F @ 548.05615234375 (ms) to 582.024169921875 (ms), cudaEventElapsed = 33.93388748168945 (ms)
[RANK3] B @ 582.11767578125 (ms) to 620.790771484375 (ms), cudaEventElapsed = 38.63654327392578 (ms)
[RANK3] F @ 621.141845703125 (ms) to 654.38720703125 (ms), cudaEventElapsed = 33.21247863769531 (ms)
[RANK3] B @ 654.60791015625 (ms) to 694.591796875 (ms), cudaEventElapsed = 39.949310302734375 (ms)
[RANK3] W @ 694.7919921875 (ms) to 721.278564453125 (ms), cudaEventElapsed = 20.600831985473633 (ms)
[RANK3] F @ 721.457763671875 (ms) to 755.0595703125 (ms), cudaEventElapsed = 33.5695686340332 (ms)
[RANK3] B @ 755.142578125 (ms) to 794.204833984375 (ms), cudaEventElapsed = 39.030784606933594 (ms)
[RANK3] W @ 794.448974609375 (ms) to 817.360107421875 (ms), cudaEventElapsed = 21.68320083618164 (ms)
[RANK3] F @ 855.392333984375 (ms) to 885.64111328125 (ms), cudaEventElapsed = 30.201791763305664 (ms)
[RANK3] B @ 885.727294921875 (ms) to 922.649658203125 (ms), cudaEventElapsed = 36.89267349243164 (ms)
[RANK3] W @ 922.9052734375 (ms) to 945.784912109375 (ms), cudaEventElapsed = 21.633024215698242 (ms)
[RANK3] F @ 972.57470703125 (ms) to 1003.638427734375 (ms), cudaEventElapsed = 31.01487922668457 (ms)
[RANK3] B @ 1003.728271484375 (ms) to 1041.46435546875 (ms), cudaEventElapsed = 37.70470428466797 (ms)
[RANK3] W @ 1041.733642578125 (ms) to 1064.565673828125 (ms), cudaEventElapsed = 21.619712829589844 (ms)
[RANK3] F @ 1083.27197265625 (ms) to 1114.455078125 (ms), cudaEventElapsed = 31.143007278442383 (ms)
[RANK3] B @ 1114.535888671875 (ms) to 1152.573486328125 (ms), cudaEventElapsed = 38.007808685302734 (ms)
[RANK3] 8W @ 1152.767822265625 (ms) to 1344.41162109375 (ms), cudaEventElapsed = 191.60678100585938 (ms)
[RANK3] Iteration 7
[RANK3] F @ 93.720947265625 (ms) to 122.962646484375 (ms), cudaEventElapsed = 29.18614387512207 (ms)
[RANK3] F @ 127.0146484375 (ms) to 156.443115234375 (ms), cudaEventElapsed = 29.38105583190918 (ms)
[RANK3] F @ 166.42529296875 (ms) to 197.30224609375 (ms), cudaEventElapsed = 30.834400177001953 (ms)
[RANK3] F @ 202.8505859375 (ms) to 234.033935546875 (ms), cudaEventElapsed = 31.13587188720703 (ms)
[RANK3] F @ 239.485595703125 (ms) to 271.219970703125 (ms), cudaEventElapsed = 31.692575454711914 (ms)
[RANK3] F @ 274.87353515625 (ms) to 307.508544921875 (ms), cudaEventElapsed = 32.59587097167969 (ms)
[RANK3] F @ 310.155517578125 (ms) to 343.06787109375 (ms), cudaEventElapsed = 32.868255615234375 (ms)
[RANK3] F @ 344.556884765625 (ms) to 375.5791015625 (ms), cudaEventElapsed = 30.983776092529297 (ms)
[RANK3] F @ 381.216552734375 (ms) to 412.51220703125 (ms), cudaEventElapsed = 31.256671905517578 (ms)
[RANK3] F @ 417.888427734375 (ms) to 449.040771484375 (ms), cudaEventElapsed = 31.113887786865234 (ms)
[RANK3] F @ 454.21533203125 (ms) to 486.30908203125 (ms), cudaEventElapsed = 32.055519104003906 (ms)
[RANK3] F @ 489.6484375 (ms) to 521.43994140625 (ms), cudaEventElapsed = 31.7541446685791 (ms)
