[RANK3] Iteration 1
[RANK3] F @ 1094.714599609375 (ms) to 1639.08203125 (ms), cudaEventElapsed = 544.2843627929688 (ms)
[RANK3] B @ 1639.33203125 (ms) to 1683.660888671875 (ms), cudaEventElapsed = 44.285953521728516 (ms)
[RANK3] F @ 1687.422607421875 (ms) to 1717.74267578125 (ms), cudaEventElapsed = 30.282047271728516 (ms)
[RANK3] B @ 1717.810546875 (ms) to 1755.094970703125 (ms), cudaEventElapsed = 37.25209426879883 (ms)
[RANK3] F @ 1756.373046875 (ms) to 1789.905029296875 (ms), cudaEventElapsed = 33.492767333984375 (ms)
[RANK3] B @ 1789.980712890625 (ms) to 1828.147216796875 (ms), cudaEventElapsed = 38.13068771362305 (ms)
[RANK3] F @ 1829.72705078125 (ms) to 1862.759033203125 (ms), cudaEventElapsed = 32.984737396240234 (ms)
[RANK3] B @ 1862.83740234375 (ms) to 1901.052734375 (ms), cudaEventElapsed = 38.174720764160156 (ms)
[RANK3] F @ 1905.40771484375 (ms) to 1937.572265625 (ms), cudaEventElapsed = 32.116127014160156 (ms)
[RANK3] B @ 1937.642822265625 (ms) to 1975.421142578125 (ms), cudaEventElapsed = 37.7446403503418 (ms)
[RANK3] F @ 1976.746826171875 (ms) to 2009.504638671875 (ms), cudaEventElapsed = 32.722110748291016 (ms)
[RANK3] B @ 2009.581298828125 (ms) to 2047.65478515625 (ms), cudaEventElapsed = 38.03750228881836 (ms)
[RANK3] F @ 2048.89404296875 (ms) to 2081.306884765625 (ms), cudaEventElapsed = 32.37580871582031 (ms)
[RANK3] B @ 2081.380859375 (ms) to 2119.828857421875 (ms), cudaEventElapsed = 38.409217834472656 (ms)
[RANK3] F @ 2120.14599609375 (ms) to 2152.69140625 (ms), cudaEventElapsed = 32.51206588745117 (ms)
[RANK3] B @ 2152.889892578125 (ms) to 2192.54736328125 (ms), cudaEventElapsed = 39.623680114746094 (ms)
[RANK3] W @ 2192.71435546875 (ms) to 2223.431396484375 (ms), cudaEventElapsed = 18.174976348876953 (ms)
[RANK3] F @ 2223.609375 (ms) to 2254.553955078125 (ms), cudaEventElapsed = 30.909151077270508 (ms)
[RANK3] B @ 2254.614013671875 (ms) to 2293.30126953125 (ms), cudaEventElapsed = 38.65702438354492 (ms)
[RANK3] W @ 2293.54345703125 (ms) to 2314.931884765625 (ms), cudaEventElapsed = 20.307968139648438 (ms)
[RANK3] F @ 2349.401123046875 (ms) to 2379.606201171875 (ms), cudaEventElapsed = 30.163583755493164 (ms)
[RANK3] B @ 2379.666015625 (ms) to 2416.569091796875 (ms), cudaEventElapsed = 36.86604690551758 (ms)
[RANK3] W @ 2416.7978515625 (ms) to 2437.96435546875 (ms), cudaEventElapsed = 20.02022361755371 (ms)
[RANK3] F @ 2450.482421875 (ms) to 2481.259765625 (ms), cudaEventElapsed = 30.739391326904297 (ms)
[RANK3] B @ 2481.3193359375 (ms) to 2519.027587890625 (ms), cudaEventElapsed = 37.67705535888672 (ms)
[RANK3] W @ 2519.26953125 (ms) to 2540.689453125 (ms), cudaEventElapsed = 20.222976684570312 (ms)
[RANK3] F @ 2552.61083984375 (ms) to 2583.540283203125 (ms), cudaEventElapsed = 30.890111923217773 (ms)
[RANK3] B @ 2583.60302734375 (ms) to 2621.37060546875 (ms), cudaEventElapsed = 37.73747253417969 (ms)
[RANK3] 8W @ 2621.54248046875 (ms) to 2786.51318359375 (ms), cudaEventElapsed = 164.92953491210938 (ms)
[RANK3] Iteration 2
[RANK3] F @ 99.193115234375 (ms) to 129.91064453125 (ms), cudaEventElapsed = 30.656991958618164 (ms)
[RANK3] B @ 130.176513671875 (ms) to 174.624755859375 (ms), cudaEventElapsed = 36.6479377746582 (ms)
[RANK3] F @ 175.67578125 (ms) to 207.145751953125 (ms), cudaEventElapsed = 31.43302345275879 (ms)
[RANK3] B @ 207.26611328125 (ms) to 245.201416015625 (ms), cudaEventElapsed = 37.90438461303711 (ms)
[RANK3] F @ 246.70849609375 (ms) to 278.584228515625 (ms), cudaEventElapsed = 31.838848114013672 (ms)
[RANK3] B @ 278.68994140625 (ms) to 316.96533203125 (ms), cudaEventElapsed = 38.240257263183594 (ms)
[RANK3] F @ 318.63916015625 (ms) to 351.522216796875 (ms), cudaEventElapsed = 32.8441276550293 (ms)
[RANK3] B @ 351.629150390625 (ms) to 390.018310546875 (ms), cudaEventElapsed = 38.354942321777344 (ms)
[RANK3] F @ 391.650390625 (ms) to 424.85302734375 (ms), cudaEventElapsed = 33.16681671142578 (ms)
[RANK3] B @ 424.940185546875 (ms) to 463.177734375 (ms), cudaEventElapsed = 38.20441436767578 (ms)
[RANK3] F @ 464.6220703125 (ms) to 497.349609375 (ms), cudaEventElapsed = 32.693695068359375 (ms)
[RANK3] B @ 497.43896484375 (ms) to 535.222900390625 (ms), cudaEventElapsed = 37.749759674072266 (ms)
[RANK3] F @ 536.608642578125 (ms) to 569.610107421875 (ms), cudaEventElapsed = 32.96752166748047 (ms)
[RANK3] B @ 569.708251953125 (ms) to 607.989501953125 (ms), cudaEventElapsed = 38.249473571777344 (ms)
[RANK3] F @ 608.28857421875 (ms) to 640.138671875 (ms), cudaEventElapsed = 31.81884765625 (ms)
[RANK3] B @ 640.367919921875 (ms) to 679.65185546875 (ms), cudaEventElapsed = 39.2540168762207 (ms)
[RANK3] W @ 679.84326171875 (ms) to 702.168212890625 (ms), cudaEventElapsed = 19.39148712158203 (ms)
[RANK3] F @ 702.33642578125 (ms) to 733.98876953125 (ms), cudaEventElapsed = 31.6213436126709 (ms)
[RANK3] B @ 734.06689453125 (ms) to 772.77099609375 (ms), cudaEventElapsed = 38.67443084716797 (ms)
[RANK3] W @ 773.017822265625 (ms) to 794.177001953125 (ms), cudaEventElapsed = 20.131839752197266 (ms)
[RANK3] F @ 827.4951171875 (ms) to 857.52587890625 (ms), cudaEventElapsed = 29.99331283569336 (ms)
[RANK3] B @ 857.607666015625 (ms) to 894.45751953125 (ms), cudaEventElapsed = 36.81894302368164 (ms)
[RANK3] W @ 894.708740234375 (ms) to 915.806640625 (ms), cudaEventElapsed = 19.84614372253418 (ms)
[RANK3] F @ 929.725830078125 (ms) to 960.403076171875 (ms), cudaEventElapsed = 30.640127182006836 (ms)
[RANK3] B @ 960.485107421875 (ms) to 998.1357421875 (ms), cudaEventElapsed = 37.61868667602539 (ms)
[RANK3] W @ 998.397705078125 (ms) to 1019.803466796875 (ms), cudaEventElapsed = 20.23321533203125 (ms)
[RANK3] F @ 1035.350341796875 (ms) to 1065.915771484375 (ms), cudaEventElapsed = 30.53046417236328 (ms)
[RANK3] B @ 1065.997314453125 (ms) to 1103.672119140625 (ms), cudaEventElapsed = 37.64531326293945 (ms)
[RANK3] 8W @ 1103.86328125 (ms) to 1268.607421875 (ms), cudaEventElapsed = 164.70835876464844 (ms)
[RANK3] Iteration 3
[RANK3] F @ 97.446533203125 (ms) to 127.985595703125 (ms), cudaEventElapsed = 30.493215560913086 (ms)
[RANK3] B @ 128.203369140625 (ms) to 173.806640625 (ms), cudaEventElapsed = 37.22854232788086 (ms)
[RANK3] F @ 174.8203125 (ms) to 206.414306640625 (ms), cudaEventElapsed = 31.559263229370117 (ms)
[RANK3] B @ 206.499267578125 (ms) to 245.010009765625 (ms), cudaEventElapsed = 38.47987365722656 (ms)
[RANK3] F @ 246.51416015625 (ms) to 279.25 (ms), cudaEventElapsed = 32.69833755493164 (ms)
[RANK3] B @ 279.34765625 (ms) to 317.5625 (ms), cudaEventElapsed = 38.18086242675781 (ms)
[RANK3] F @ 319.13623046875 (ms) to 351.466796875 (ms), cudaEventElapsed = 32.29414367675781 (ms)
[RANK3] B @ 351.563232421875 (ms) to 389.609619140625 (ms), cudaEventElapsed = 38.009857177734375 (ms)
[RANK3] F @ 391.16845703125 (ms) to 424.087158203125 (ms), cudaEventElapsed = 32.882240295410156 (ms)
[RANK3] B @ 424.174072265625 (ms) to 462.0263671875 (ms), cudaEventElapsed = 37.821441650390625 (ms)
[RANK3] F @ 463.529541015625 (ms) to 496.20751953125 (ms), cudaEventElapsed = 32.64252853393555 (ms)
[RANK3] B @ 496.2958984375 (ms) to 534.3359375 (ms), cudaEventElapsed = 38.00883102416992 (ms)
[RANK3] F @ 535.74755859375 (ms) to 568.5283203125 (ms), cudaEventElapsed = 32.74806213378906 (ms)
[RANK3] B @ 568.625 (ms) to 607.054931640625 (ms), cudaEventElapsed = 38.395904541015625 (ms)
[RANK3] F @ 607.359130859375 (ms) to 639.5771484375 (ms), cudaEventElapsed = 32.18703842163086 (ms)
[RANK3] B @ 639.795654296875 (ms) to 679.247314453125 (ms), cudaEventElapsed = 39.420928955078125 (ms)
[RANK3] W @ 679.4306640625 (ms) to 699.471435546875 (ms), cudaEventElapsed = 19.919872283935547 (ms)
[RANK3] F @ 699.639404296875 (ms) to 731.7646484375 (ms), cudaEventElapsed = 32.09449768066406 (ms)
[RANK3] B @ 731.843994140625 (ms) to 770.108154296875 (ms), cudaEventElapsed = 38.23411178588867 (ms)
[RANK3] W @ 770.351318359375 (ms) to 791.482666015625 (ms), cudaEventElapsed = 20.06220817565918 (ms)
[RANK3] F @ 824.63134765625 (ms) to 854.781494140625 (ms), cudaEventElapsed = 30.105728149414062 (ms)
[RANK3] B @ 854.86328125 (ms) to 891.6845703125 (ms), cudaEventElapsed = 36.789249420166016 (ms)
[RANK3] W @ 891.96142578125 (ms) to 913.27978515625 (ms), cudaEventElapsed = 20.06220817565918 (ms)
[RANK3] F @ 927.373779296875 (ms) to 958.202880859375 (ms), cudaEventElapsed = 30.793439865112305 (ms)
[RANK3] B @ 958.280029296875 (ms) to 996.364013671875 (ms), cudaEventElapsed = 38.05286407470703 (ms)
[RANK3] W @ 996.602783203125 (ms) to 1018.347412109375 (ms), cudaEventElapsed = 20.534271240234375 (ms)
[RANK3] F @ 1033.9501953125 (ms) to 1064.23681640625 (ms), cudaEventElapsed = 30.2521915435791 (ms)
[RANK3] B @ 1064.313232421875 (ms) to 1101.649658203125 (ms), cudaEventElapsed = 37.30739212036133 (ms)
[RANK3] 8W @ 1101.82763671875 (ms) to 1265.797607421875 (ms), cudaEventElapsed = 163.9352264404297 (ms)
[RANK3] Iteration 4
[RANK3] F @ 97.606201171875 (ms) to 128.154052734375 (ms), cudaEventElapsed = 30.505535125732422 (ms)
[RANK3] B @ 128.360595703125 (ms) to 172.344482421875 (ms), cudaEventElapsed = 35.366912841796875 (ms)
[RANK3] F @ 173.5595703125 (ms) to 204.111083984375 (ms), cudaEventElapsed = 30.51728057861328 (ms)
[RANK3] B @ 204.194580078125 (ms) to 242.28369140625 (ms), cudaEventElapsed = 38.05900955200195 (ms)
[RANK3] F @ 243.8310546875 (ms) to 276.399169921875 (ms), cudaEventElapsed = 32.5316162109375 (ms)
[RANK3] B @ 276.4912109375 (ms) to 314.83251953125 (ms), cudaEventElapsed = 38.307838439941406 (ms)
[RANK3] F @ 316.37451171875 (ms) to 349.3095703125 (ms), cudaEventElapsed = 32.900001525878906 (ms)
[RANK3] B @ 349.404296875 (ms) to 387.68798828125 (ms), cudaEventElapsed = 38.2474250793457 (ms)
[RANK3] F @ 389.2900390625 (ms) to 422.078125 (ms), cudaEventElapsed = 32.751808166503906 (ms)
[RANK3] B @ 422.164306640625 (ms) to 460.207275390625 (ms), cudaEventElapsed = 38.01087951660156 (ms)
[RANK3] F @ 461.809326171875 (ms) to 494.8935546875 (ms), cudaEventElapsed = 33.046688079833984 (ms)
[RANK3] B @ 494.982666015625 (ms) to 532.92724609375 (ms), cudaEventElapsed = 37.91155242919922 (ms)
[RANK3] F @ 534.430908203125 (ms) to 567.098388671875 (ms), cudaEventElapsed = 32.62819290161133 (ms)
[RANK3] B @ 567.195556640625 (ms) to 605.3837890625 (ms), cudaEventElapsed = 38.15526580810547 (ms)
[RANK3] F @ 605.700927734375 (ms) to 637.9482421875 (ms), cudaEventElapsed = 32.21635055541992 (ms)
[RANK3] B @ 638.167724609375 (ms) to 678.102294921875 (ms), cudaEventElapsed = 39.90220642089844 (ms)
[RANK3] W @ 678.29833984375 (ms) to 698.7451171875 (ms), cudaEventElapsed = 19.45804786682129 (ms)
[RANK3] F @ 698.920166015625 (ms) to 731.310302734375 (ms), cudaEventElapsed = 32.35347366333008 (ms)
[RANK3] B @ 731.387939453125 (ms) to 769.7568359375 (ms), cudaEventElapsed = 38.33958435058594 (ms)
[RANK3] W @ 770.00927734375 (ms) to 791.57177734375 (ms), cudaEventElapsed = 20.361215591430664 (ms)
[RANK3] F @ 824.96533203125 (ms) to 855.197265625 (ms), cudaEventElapsed = 30.193376541137695 (ms)
[RANK3] B @ 855.276611328125 (ms) to 891.884033203125 (ms), cudaEventElapsed = 36.57932662963867 (ms)
[RANK3] W @ 892.131103515625 (ms) to 913.031005859375 (ms), cudaEventElapsed = 19.63827133178711 (ms)
[RANK3] F @ 928.736083984375 (ms) to 959.327880859375 (ms), cudaEventElapsed = 30.555583953857422 (ms)
[RANK3] B @ 959.4052734375 (ms) to 998.8994140625 (ms), cudaEventElapsed = 39.46393585205078 (ms)
[RANK3] W @ 999.141845703125 (ms) to 1021.382080078125 (ms), cudaEventElapsed = 20.946943283081055 (ms)
[RANK3] F @ 1034.41943359375 (ms) to 1065.35400390625 (ms), cudaEventElapsed = 30.900928497314453 (ms)
[RANK3] B @ 1065.43408203125 (ms) to 1103.08544921875 (ms), cudaEventElapsed = 37.621761322021484 (ms)
[RANK3] 8W @ 1103.266357421875 (ms) to 1268.255859375 (ms), cudaEventElapsed = 164.95513916015625 (ms)
[RANK3] Iteration 5
[RANK3] F @ 97.3408203125 (ms) to 128.01025390625 (ms), cudaEventElapsed = 30.621599197387695 (ms)
[RANK3] B @ 128.2236328125 (ms) to 173.796630859375 (ms), cudaEventElapsed = 37.821441650390625 (ms)
[RANK3] F @ 174.190673828125 (ms) to 208.114501953125 (ms), cudaEventElapsed = 33.889854431152344 (ms)
[RANK3] B @ 208.1982421875 (ms) to 247.88427734375 (ms), cudaEventElapsed = 39.65644836425781 (ms)
[RANK3] F @ 249.44921875 (ms) to 283.8505859375 (ms), cudaEventElapsed = 34.35481643676758 (ms)
[RANK3] B @ 283.942626953125 (ms) to 322.377197265625 (ms), cudaEventElapsed = 38.40204620361328 (ms)
[RANK3] F @ 323.97998046875 (ms) to 357.480224609375 (ms), cudaEventElapsed = 33.46102523803711 (ms)
[RANK3] B @ 357.572998046875 (ms) to 396.4658203125 (ms), cudaEventElapsed = 38.86182403564453 (ms)
[RANK3] F @ 398.080810546875 (ms) to 432.623291015625 (ms), cudaEventElapsed = 34.49363327026367 (ms)
[RANK3] B @ 432.707275390625 (ms) to 471.37353515625 (ms), cudaEventElapsed = 38.635520935058594 (ms)
[RANK3] F @ 472.94384765625 (ms) to 507.53857421875 (ms), cudaEventElapsed = 34.53993606567383 (ms)
[RANK3] B @ 507.623291015625 (ms) to 546.8017578125 (ms), cudaEventElapsed = 39.147518157958984 (ms)
[RANK3] F @ 548.314453125 (ms) to 582.823974609375 (ms), cudaEventElapsed = 34.47654342651367 (ms)
[RANK3] B @ 582.921630859375 (ms) to 621.46240234375 (ms), cudaEventElapsed = 38.50649642944336 (ms)
[RANK3] F @ 621.77978515625 (ms) to 654.936279296875 (ms), cudaEventElapsed = 33.12473678588867 (ms)
[RANK3] B @ 655.15869140625 (ms) to 695.393798828125 (ms), cudaEventElapsed = 40.204288482666016 (ms)
[RANK3] W @ 695.5908203125 (ms) to 723.070556640625 (ms), cudaEventElapsed = 19.471359252929688 (ms)
[RANK3] F @ 723.232421875 (ms) to 756.71875 (ms), cudaEventElapsed = 33.447967529296875 (ms)
[RANK3] B @ 756.7958984375 (ms) to 796.2294921875 (ms), cudaEventElapsed = 39.40351867675781 (ms)
[RANK3] W @ 796.482421875 (ms) to 819.925537109375 (ms), cudaEventElapsed = 22.27507209777832 (ms)
[RANK3] F @ 859.636962890625 (ms) to 889.787841796875 (ms), cudaEventElapsed = 30.11417579650879 (ms)
[RANK3] B @ 889.870849609375 (ms) to 927.635498046875 (ms), cudaEventElapsed = 37.73440170288086 (ms)
[RANK3] W @ 927.8916015625 (ms) to 951.411865234375 (ms), cudaEventElapsed = 22.30784034729004 (ms)
[RANK3] F @ 981.69091796875 (ms) to 1013.255859375 (ms), cudaEventElapsed = 31.52729606628418 (ms)
[RANK3] B @ 1013.340576171875 (ms) to 1051.525146484375 (ms), cudaEventElapsed = 38.15526580810547 (ms)
[RANK3] W @ 1051.778076171875 (ms) to 1075.06103515625 (ms), cudaEventElapsed = 22.09996795654297 (ms)
[RANK3] F @ 1093.610107421875 (ms) to 1125.5869140625 (ms), cudaEventElapsed = 31.939807891845703 (ms)
[RANK3] B @ 1125.66455078125 (ms) to 1163.820068359375 (ms), cudaEventElapsed = 38.124542236328125 (ms)
[RANK3] 8W @ 1163.99951171875 (ms) to 1355.61474609375 (ms), cudaEventElapsed = 191.5801544189453 (ms)
[RANK3] Iteration 6
[RANK3] F @ 97.496337890625 (ms) to 128.153076171875 (ms), cudaEventElapsed = 30.613439559936523 (ms)
[RANK3] B @ 128.363037109375 (ms) to 173.622314453125 (ms), cudaEventElapsed = 36.71142578125 (ms)
[RANK3] F @ 174.100341796875 (ms) to 207.314697265625 (ms), cudaEventElapsed = 33.181182861328125 (ms)
[RANK3] B @ 207.396728515625 (ms) to 246.048095703125 (ms), cudaEventElapsed = 38.62220764160156 (ms)
[RANK3] F @ 247.5498046875 (ms) to 281.236572265625 (ms), cudaEventElapsed = 33.64915084838867 (ms)
[RANK3] B @ 281.325439453125 (ms) to 320.038330078125 (ms), cudaEventElapsed = 38.68262481689453 (ms)
[RANK3] F @ 321.577392578125 (ms) to 356.008056640625 (ms), cudaEventElapsed = 34.393985748291016 (ms)
[RANK3] B @ 356.10107421875 (ms) to 395.19580078125 (ms), cudaEventElapsed = 39.06047821044922 (ms)
[RANK3] F @ 396.72607421875 (ms) to 431.3017578125 (ms), cudaEventElapsed = 34.531105041503906 (ms)
[RANK3] B @ 431.384033203125 (ms) to 469.999267578125 (ms), cudaEventElapsed = 38.58534240722656 (ms)
[RANK3] F @ 471.691162109375 (ms) to 506.135986328125 (ms), cudaEventElapsed = 34.411006927490234 (ms)
[RANK3] B @ 506.21875 (ms) to 544.92138671875 (ms), cudaEventElapsed = 38.67238235473633 (ms)
[RANK3] F @ 546.4091796875 (ms) to 580.55908203125 (ms), cudaEventElapsed = 34.11711883544922 (ms)
[RANK3] B @ 580.654541015625 (ms) to 619.510498046875 (ms), cudaEventElapsed = 38.82291030883789 (ms)
[RANK3] F @ 619.828857421875 (ms) to 653.585693359375 (ms), cudaEventElapsed = 33.723968505859375 (ms)
[RANK3] B @ 653.830078125 (ms) to 694.922607421875 (ms), cudaEventElapsed = 41.06035232543945 (ms)
[RANK3] W @ 695.10791015625 (ms) to 722.24609375 (ms), cudaEventElapsed = 21.114879608154297 (ms)
[RANK3] F @ 722.42041015625 (ms) to 756.109130859375 (ms), cudaEventElapsed = 33.6580810546875 (ms)
[RANK3] B @ 756.1904296875 (ms) to 795.578857421875 (ms), cudaEventElapsed = 39.35744094848633 (ms)
[RANK3] W @ 795.85546875 (ms) to 819.042724609375 (ms), cudaEventElapsed = 22.020095825195312 (ms)
[RANK3] F @ 858.34375 (ms) to 888.787109375 (ms), cudaEventElapsed = 30.40496063232422 (ms)
[RANK3] B @ 888.865966796875 (ms) to 926.099853515625 (ms), cudaEventElapsed = 37.20499038696289 (ms)
[RANK3] W @ 926.35498046875 (ms) to 949.394775390625 (ms), cudaEventElapsed = 21.809152603149414 (ms)
[RANK3] F @ 976.08203125 (ms) to 1007.85302734375 (ms), cudaEventElapsed = 31.7225284576416 (ms)
[RANK3] B @ 1007.93017578125 (ms) to 1045.84521484375 (ms), cudaEventElapsed = 37.88595199584961 (ms)
[RANK3] W @ 1046.08642578125 (ms) to 1069.1240234375 (ms), cudaEventElapsed = 21.820415496826172 (ms)
[RANK3] F @ 1089.216796875 (ms) to 1120.604248046875 (ms), cudaEventElapsed = 31.34502410888672 (ms)
[RANK3] B @ 1120.6806640625 (ms) to 1158.765869140625 (ms), cudaEventElapsed = 38.05491256713867 (ms)
[RANK3] 8W @ 1158.951416015625 (ms) to 1351.828857421875 (ms), cudaEventElapsed = 192.8417205810547 (ms)
[RANK3] Iteration 7
[RANK3] F @ 98.177734375 (ms) to 129.19287109375 (ms), cudaEventElapsed = 30.95734405517578 (ms)
[RANK3] B @ 129.424072265625 (ms) to 173.86572265625 (ms), cudaEventElapsed = 36.52812957763672 (ms)
[RANK3] F @ 174.802001953125 (ms) to 207.682861328125 (ms), cudaEventElapsed = 32.84726333618164 (ms)
[RANK3] B @ 207.777099609375 (ms) to 246.72509765625 (ms), cudaEventElapsed = 38.91609573364258 (ms)
[RANK3] F @ 248.242431640625 (ms) to 282.37890625 (ms), cudaEventElapsed = 34.08147048950195 (ms)
[RANK3] B @ 282.4736328125 (ms) to 321.951416015625 (ms), cudaEventElapsed = 39.44550323486328 (ms)
[RANK3] F @ 323.546142578125 (ms) to 358.427001953125 (ms), cudaEventElapsed = 34.83542251586914 (ms)
[RANK3] B @ 358.520751953125 (ms) to 396.943115234375 (ms), cudaEventElapsed = 38.3897590637207 (ms)
[RANK3] F @ 398.51318359375 (ms) to 432.144287109375 (ms), cudaEventElapsed = 33.592288970947266 (ms)
[RANK3] B @ 432.23095703125 (ms) to 471.169921875 (ms), cudaEventElapsed = 38.90790557861328 (ms)
[RANK3] F @ 472.679443359375 (ms) to 507.291259765625 (ms), cudaEventElapsed = 34.58038330078125 (ms)
[RANK3] B @ 507.37841796875 (ms) to 546.08447265625 (ms), cudaEventElapsed = 38.67545700073242 (ms)
[RANK3] F @ 547.5615234375 (ms) to 582.00537109375 (ms), cudaEventElapsed = 34.411136627197266 (ms)
[RANK3] B @ 582.10107421875 (ms) to 621.467529296875 (ms), cudaEventElapsed = 39.33388900756836 (ms)
[RANK3] F @ 621.780029296875 (ms) to 655.474365234375 (ms), cudaEventElapsed = 33.661888122558594 (ms)
[RANK3] B @ 655.685302734375 (ms) to 695.54248046875 (ms), cudaEventElapsed = 39.827457427978516 (ms)
[RANK3] W @ 695.712890625 (ms) to 723.705078125 (ms), cudaEventElapsed = 19.743743896484375 (ms)
[RANK3] F @ 723.873291015625 (ms) to 758.20166015625 (ms), cudaEventElapsed = 34.29801559448242 (ms)
[RANK3] B @ 758.287841796875 (ms) to 797.447509765625 (ms), cudaEventElapsed = 39.13113784790039 (ms)
[RANK3] W @ 797.680908203125 (ms) to 820.27099609375 (ms), cudaEventElapsed = 21.45382308959961 (ms)
[RANK3] F @ 861.310791015625 (ms) to 891.80078125 (ms), cudaEventElapsed = 30.45097541809082 (ms)
[RANK3] B @ 891.880859375 (ms) to 929.849365234375 (ms), cudaEventElapsed = 37.938175201416016 (ms)
[RANK3] W @ 930.09423828125 (ms) to 953.75830078125 (ms), cudaEventElapsed = 22.47372817993164 (ms)
[RANK3] F @ 981.1064453125 (ms) to 1012.380615234375 (ms), cudaEventElapsed = 31.23798370361328 (ms)
[RANK3] B @ 1012.460693359375 (ms) to 1050.90185546875 (ms), cudaEventElapsed = 38.410240173339844 (ms)
[RANK3] W @ 1051.13671875 (ms) to 1074.49755859375 (ms), cudaEventElapsed = 22.167552947998047 (ms)
[RANK3] F @ 1092.958740234375 (ms) to 1124.3173828125 (ms), cudaEventElapsed = 31.32454490661621 (ms)
[RANK3] B @ 1124.39599609375 (ms) to 1162.87353515625 (ms), cudaEventElapsed = 38.44607925415039 (ms)
[RANK3] 8W @ 1163.050048828125 (ms) to 1356.60595703125 (ms), cudaEventElapsed = 193.51962280273438 (ms)
[RANK3] Iteration 8
[RANK3] F @ 97.633056640625 (ms) to 128.312255859375 (ms), cudaEventElapsed = 30.634624481201172 (ms)
[RANK3] B @ 128.5390625 (ms) to 174.35595703125 (ms), cudaEventElapsed = 36.80460739135742 (ms)
[RANK3] F @ 175.477783203125 (ms) to 208.767822265625 (ms), cudaEventElapsed = 33.253822326660156 (ms)
[RANK3] B @ 208.856689453125 (ms) to 247.83203125 (ms), cudaEventElapsed = 38.944766998291016 (ms)
[RANK3] F @ 249.42138671875 (ms) to 283.51611328125 (ms), cudaEventElapsed = 34.05231857299805 (ms)
[RANK3] B @ 283.612548828125 (ms) to 322.627685546875 (ms), cudaEventElapsed = 38.981632232666016 (ms)
[RANK3] F @ 324.25537109375 (ms) to 358.83740234375 (ms), cudaEventElapsed = 34.53129577636719 (ms)
[RANK3] B @ 358.935546875 (ms) to 397.484130859375 (ms), cudaEventElapsed = 38.51571273803711 (ms)
[RANK3] F @ 399.068115234375 (ms) to 433.2509765625 (ms), cudaEventElapsed = 34.13926315307617 (ms)
[RANK3] B @ 433.341796875 (ms) to 472.073486328125 (ms), cudaEventElapsed = 38.70003128051758 (ms)
[RANK3] F @ 473.612060546875 (ms) to 507.934814453125 (ms), cudaEventElapsed = 34.28976058959961 (ms)
[RANK3] B @ 508.0234375 (ms) to 546.995849609375 (ms), cudaEventElapsed = 38.93964767456055 (ms)
[RANK3] F @ 548.52685546875 (ms) to 583.00341796875 (ms), cudaEventElapsed = 34.44348907470703 (ms)
[RANK3] B @ 583.10693359375 (ms) to 622.244873046875 (ms), cudaEventElapsed = 39.10451126098633 (ms)
[RANK3] F @ 622.567138671875 (ms) to 656.54736328125 (ms), cudaEventElapsed = 33.94063949584961 (ms)
[RANK3] B @ 656.77294921875 (ms) to 697.20166015625 (ms), cudaEventElapsed = 40.39680099487305 (ms)
[RANK3] W @ 697.388671875 (ms) to 724.1728515625 (ms), cudaEventElapsed = 19.810304641723633 (ms)
[RANK3] F @ 724.341064453125 (ms) to 759.510986328125 (ms), cudaEventElapsed = 35.138912200927734 (ms)
[RANK3] B @ 759.58837890625 (ms) to 798.819580078125 (ms), cudaEventElapsed = 39.197696685791016 (ms)
[RANK3] W @ 799.068115234375 (ms) to 821.7275390625 (ms), cudaEventElapsed = 21.406719207763672 (ms)
[RANK3] F @ 861.55224609375 (ms) to 892.009765625 (ms), cudaEventElapsed = 30.41436767578125 (ms)
[RANK3] B @ 892.09521484375 (ms) to 929.348876953125 (ms), cudaEventElapsed = 37.2224006652832 (ms)
[RANK3] W @ 929.603271484375 (ms) to 953.725830078125 (ms), cudaEventElapsed = 22.8853759765625 (ms)
[RANK3] F @ 983.744384765625 (ms) to 1015.082275390625 (ms), cudaEventElapsed = 31.2992000579834 (ms)
[RANK3] B @ 1015.162841796875 (ms) to 1053.297119140625 (ms), cudaEventElapsed = 38.10406494140625 (ms)
[RANK3] W @ 1053.554931640625 (ms) to 1076.7119140625 (ms), cudaEventElapsed = 21.956607818603516 (ms)
[RANK3] F @ 1096.269287109375 (ms) to 1127.76708984375 (ms), cudaEventElapsed = 31.45462417602539 (ms)
[RANK3] B @ 1127.852294921875 (ms) to 1166.400634765625 (ms), cudaEventElapsed = 38.51878356933594 (ms)
[RANK3] 8W @ 1166.589111328125 (ms) to 1361.118408203125 (ms), cudaEventElapsed = 194.4944610595703 (ms)
[RANK3] Iteration 9
[RANK3] F @ 167.728271484375 (ms) to 198.553466796875 (ms), cudaEventElapsed = 30.775104522705078 (ms)
[RANK3] B @ 198.771728515625 (ms) to 303.908203125 (ms), cudaEventElapsed = 35.40787124633789 (ms)
[RANK3] F @ 367.876220703125 (ms) to 398.162841796875 (ms), cudaEventElapsed = 30.238815307617188 (ms)
[RANK3] B @ 398.242919921875 (ms) to 435.82470703125 (ms), cudaEventElapsed = 37.552127838134766 (ms)
[RANK3] F @ 437.195068359375 (ms) to 471.537841796875 (ms), cudaEventElapsed = 34.296478271484375 (ms)
[RANK3] B @ 471.6298828125 (ms) to 511.4091796875 (ms), cudaEventElapsed = 39.746559143066406 (ms)
[RANK3] F @ 523.535400390625 (ms) to 555.663330078125 (ms), cudaEventElapsed = 32.092193603515625 (ms)
[RANK3] B @ 555.75 (ms) to 595.313720703125 (ms), cudaEventElapsed = 39.52947235107422 (ms)
[RANK3] F @ 672.558837890625 (ms) to 703.182373046875 (ms), cudaEventElapsed = 30.578336715698242 (ms)
[RANK3] B @ 703.2666015625 (ms) to 741.77978515625 (ms), cudaEventElapsed = 38.48294448852539 (ms)
[RANK3] F @ 823.594970703125 (ms) to 854.228759765625 (ms), cudaEventElapsed = 30.593536376953125 (ms)
[RANK3] B @ 854.3173828125 (ms) to 892.811767578125 (ms), cudaEventElapsed = 38.46144104003906 (ms)
[RANK3] F @ 972.73046875 (ms) to 1003.245361328125 (ms), cudaEventElapsed = 30.474336624145508 (ms)
[RANK3] B @ 1003.3291015625 (ms) to 1041.7255859375 (ms), cudaEventElapsed = 38.366207122802734 (ms)
[RANK3] F @ 1121.975830078125 (ms) to 1152.070556640625 (ms), cudaEventElapsed = 30.054912567138672 (ms)
[RANK3] B @ 1152.26416015625 (ms) to 1190.639404296875 (ms), cudaEventElapsed = 38.338558197021484 (ms)
[RANK3] W @ 1190.8115234375 (ms) to 1316.38916015625 (ms), cudaEventElapsed = 17.38649559020996 (ms)
[RANK3] F @ 1316.576171875 (ms) to 1348.055419921875 (ms), cudaEventElapsed = 31.445632934570312 (ms)
[RANK3] B @ 1348.137451171875 (ms) to 1387.78369140625 (ms), cudaEventElapsed = 39.614463806152344 (ms)
[RANK3] W @ 1388.033447265625 (ms) to 1411.407470703125 (ms), cudaEventElapsed = 22.23103904724121 (ms)
[RANK3] F @ 1523.844482421875 (ms) to 1554.055908203125 (ms), cudaEventElapsed = 30.17100715637207 (ms)
[RANK3] B @ 1554.149169921875 (ms) to 1591.647705078125 (ms), cudaEventElapsed = 37.46611022949219 (ms)
[RANK3] W @ 1591.895751953125 (ms) to 1615.7197265625 (ms), cudaEventElapsed = 22.618112564086914 (ms)
[RANK3] F @ 1701.60302734375 (ms) to 1731.78564453125 (ms), cudaEventElapsed = 30.143648147583008 (ms)
[RANK3] B @ 1731.867919921875 (ms) to 1769.085693359375 (ms), cudaEventElapsed = 37.18860626220703 (ms)
[RANK3] W @ 1769.32763671875 (ms) to 1792.6669921875 (ms), cudaEventElapsed = 22.130687713623047 (ms)
[RANK3] F @ 1879.1337890625 (ms) to 1909.0302734375 (ms), cudaEventElapsed = 29.85968017578125 (ms)
[RANK3] B @ 1909.108154296875 (ms) to 1946.4287109375 (ms), cudaEventElapsed = 37.29100799560547 (ms)
[RANK3] 8W @ 1946.616943359375 (ms) to 2140.90576171875 (ms), cudaEventElapsed = 194.25177001953125 (ms)
[RANK3] Iteration 10
[RANK3] F @ 165.246337890625 (ms) to 196.072265625 (ms), cudaEventElapsed = 30.769887924194336 (ms)
[RANK3] B @ 196.301513671875 (ms) to 301.581787109375 (ms), cudaEventElapsed = 35.33107376098633 (ms)
[RANK3] F @ 366.45263671875 (ms) to 396.983154296875 (ms), cudaEventElapsed = 30.4682559967041 (ms)
[RANK3] B @ 397.068115234375 (ms) to 434.184814453125 (ms), cudaEventElapsed = 37.08620834350586 (ms)
[RANK3] F @ 435.669189453125 (ms) to 470.30908203125 (ms), cudaEventElapsed = 34.60121536254883 (ms)
[RANK3] B @ 470.403076171875 (ms) to 510.53125 (ms), cudaEventElapsed = 40.09471893310547 (ms)
[RANK3] F @ 523.0732421875 (ms) to 554.909423828125 (ms), cudaEventElapsed = 31.80156707763672 (ms)
[RANK3] B @ 554.9951171875 (ms) to 594.0556640625 (ms), cudaEventElapsed = 39.027713775634766 (ms)
[RANK3] F @ 674.22412109375 (ms) to 704.816162109375 (ms), cudaEventElapsed = 30.548704147338867 (ms)
[RANK3] B @ 704.90576171875 (ms) to 742.83349609375 (ms), cudaEventElapsed = 37.897216796875 (ms)
[RANK3] F @ 824.875244140625 (ms) to 855.305908203125 (ms), cudaEventElapsed = 30.390464782714844 (ms)
[RANK3] B @ 855.390869140625 (ms) to 893.60888671875 (ms), cudaEventElapsed = 38.187007904052734 (ms)
[RANK3] F @ 975.4267578125 (ms) to 1005.93310546875 (ms), cudaEventElapsed = 30.454879760742188 (ms)
[RANK3] B @ 1006.018310546875 (ms) to 1043.6591796875 (ms), cudaEventElapsed = 37.60947036743164 (ms)
[RANK3] F @ 1124.191650390625 (ms) to 1154.1259765625 (ms), cudaEventElapsed = 29.88960075378418 (ms)
[RANK3] B @ 1154.324462890625 (ms) to 1192.763671875 (ms), cudaEventElapsed = 38.407169342041016 (ms)
[RANK3] W @ 1192.94189453125 (ms) to 1318.260498046875 (ms), cudaEventElapsed = 17.42745590209961 (ms)
[RANK3] F @ 1318.47705078125 (ms) to 1349.879638671875 (ms), cudaEventElapsed = 31.363872528076172 (ms)
[RANK3] B @ 1349.958740234375 (ms) to 1390.090087890625 (ms), cudaEventElapsed = 40.10086441040039 (ms)
[RANK3] W @ 1390.35107421875 (ms) to 1414.31591796875 (ms), cudaEventElapsed = 22.769664764404297 (ms)
[RANK3] F @ 1526.950439453125 (ms) to 1557.065673828125 (ms), cudaEventElapsed = 30.073375701904297 (ms)
[RANK3] B @ 1557.1484375 (ms) to 1594.36474609375 (ms), cudaEventElapsed = 37.1855354309082 (ms)
[RANK3] W @ 1594.62060546875 (ms) to 1618.056884765625 (ms), cudaEventElapsed = 22.154239654541016 (ms)
[RANK3] F @ 1704.1953125 (ms) to 1734.188720703125 (ms), cudaEventElapsed = 29.952608108520508 (ms)
[RANK3] B @ 1734.2685546875 (ms) to 1771.685546875 (ms), cudaEventElapsed = 37.38828659057617 (ms)
[RANK3] W @ 1771.941162109375 (ms) to 1795.556640625 (ms), cudaEventElapsed = 22.345727920532227 (ms)
[RANK3] F @ 1880.592041015625 (ms) to 1910.55078125 (ms), cudaEventElapsed = 29.920608520507812 (ms)
[RANK3] B @ 1910.632568359375 (ms) to 1948.43310546875 (ms), cudaEventElapsed = 37.770240783691406 (ms)
[RANK3] 8W @ 1948.620849609375 (ms) to 2143.30859375 (ms), cudaEventElapsed = 194.65113830566406 (ms)
[RANK3] Iteration 11
[RANK3] F @ 166.290771484375 (ms) to 197.173583984375 (ms), cudaEventElapsed = 30.827360153198242 (ms)
[RANK3] B @ 197.40087890625 (ms) to 303.162353515625 (ms), cudaEventElapsed = 35.32902526855469 (ms)
[RANK3] F @ 367.499267578125 (ms) to 397.84814453125 (ms), cudaEventElapsed = 30.29484748840332 (ms)
[RANK3] B @ 397.9306640625 (ms) to 435.382080078125 (ms), cudaEventElapsed = 37.42310333251953 (ms)
[RANK3] F @ 436.80908203125 (ms) to 471.61279296875 (ms), cudaEventElapsed = 34.762847900390625 (ms)
[RANK3] B @ 471.705078125 (ms) to 511.949462890625 (ms), cudaEventElapsed = 40.211456298828125 (ms)
[RANK3] F @ 523.208740234375 (ms) to 555.900146484375 (ms), cudaEventElapsed = 32.65430450439453 (ms)
[RANK3] B @ 555.986572265625 (ms) to 595.216796875 (ms), cudaEventElapsed = 39.199745178222656 (ms)
[RANK3] F @ 674.13916015625 (ms) to 704.79248046875 (ms), cudaEventElapsed = 30.60905647277832 (ms)
[RANK3] B @ 704.8857421875 (ms) to 743.281494140625 (ms), cudaEventElapsed = 38.363136291503906 (ms)
[RANK3] F @ 825.819091796875 (ms) to 856.365966796875 (ms), cudaEventElapsed = 30.503456115722656 (ms)
[RANK3] B @ 856.451171875 (ms) to 894.780517578125 (ms), cudaEventElapsed = 38.29759979248047 (ms)
[RANK3] F @ 976.3046875 (ms) to 1007.0908203125 (ms), cudaEventElapsed = 30.74163246154785 (ms)
[RANK3] B @ 1007.178466796875 (ms) to 1045.16064453125 (ms), cudaEventElapsed = 37.94432067871094 (ms)
[RANK3] F @ 1125.227294921875 (ms) to 1155.13330078125 (ms), cudaEventElapsed = 29.865568161010742 (ms)
[RANK3] B @ 1155.34326171875 (ms) to 1193.705322265625 (ms), cudaEventElapsed = 38.331390380859375 (ms)
[RANK3] W @ 1193.906494140625 (ms) to 1319.757568359375 (ms), cudaEventElapsed = 17.3885440826416 (ms)
[RANK3] F @ 1319.962890625 (ms) to 1351.34033203125 (ms), cudaEventElapsed = 31.344575881958008 (ms)
[RANK3] B @ 1351.41748046875 (ms) to 1391.717529296875 (ms), cudaEventElapsed = 40.27084732055664 (ms)
[RANK3] W @ 1392.32080078125 (ms) to 1483.5126953125 (ms), cudaEventElapsed = 17.771520614624023 (ms)
[RANK3] F @ 1538.35498046875 (ms) to 1568.37060546875 (ms), cudaEventElapsed = 29.978944778442383 (ms)
[RANK3] B @ 1568.447265625 (ms) to 1605.416259765625 (ms), cudaEventElapsed = 36.93977737426758 (ms)
[RANK3] W @ 1605.67529296875 (ms) to 1695.9619140625 (ms), cudaEventElapsed = 17.854463577270508 (ms)
[RANK3] F @ 1744.13037109375 (ms) to 1774.0537109375 (ms), cudaEventElapsed = 29.88924789428711 (ms)
[RANK3] B @ 1774.131103515625 (ms) to 1811.801025390625 (ms), cudaEventElapsed = 37.638145446777344 (ms)
[RANK3] W @ 1812.04052734375 (ms) to 1902.4716796875 (ms), cudaEventElapsed = 17.79302406311035 (ms)
[RANK3] F @ 1951.15380859375 (ms) to 1981.356201171875 (ms), cudaEventElapsed = 30.16748809814453 (ms)
[RANK3] B @ 1981.428466796875 (ms) to 2019.137451171875 (ms), cudaEventElapsed = 37.68115234375 (ms)
[RANK3] 8W @ 2019.32470703125 (ms) to 2277.20654296875 (ms), cudaEventElapsed = 186.7151336669922 (ms)
[RANK3] Iteration 12
[RANK3] F @ 164.227294921875 (ms) to 194.964111328125 (ms), cudaEventElapsed = 30.685504913330078 (ms)
[RANK3] B @ 195.19091796875 (ms) to 299.56640625 (ms), cudaEventElapsed = 35.33107376098633 (ms)
[RANK3] F @ 423.443603515625 (ms) to 453.572265625 (ms), cudaEventElapsed = 30.08755111694336 (ms)
[RANK3] B @ 453.65673828125 (ms) to 491.26220703125 (ms), cudaEventElapsed = 37.575679779052734 (ms)
[RANK3] F @ 563.8525390625 (ms) to 594.48974609375 (ms), cudaEventElapsed = 30.5928955078125 (ms)
[RANK3] B @ 594.576904296875 (ms) to 632.7451171875 (ms), cudaEventElapsed = 38.1399040222168 (ms)
[RANK3] F @ 704.699951171875 (ms) to 735.283935546875 (ms), cudaEventElapsed = 30.54819107055664 (ms)
[RANK3] B @ 735.37939453125 (ms) to 773.845703125 (ms), cudaEventElapsed = 38.434814453125 (ms)
[RANK3] F @ 850.076171875 (ms) to 880.63916015625 (ms), cudaEventElapsed = 30.521728515625 (ms)
[RANK3] B @ 880.72802734375 (ms) to 919.1708984375 (ms), cudaEventElapsed = 38.409217834472656 (ms)
[RANK3] F @ 998.677001953125 (ms) to 1029.279541015625 (ms), cudaEventElapsed = 30.564319610595703 (ms)
[RANK3] B @ 1029.365478515625 (ms) to 1067.4521484375 (ms), cudaEventElapsed = 38.05593490600586 (ms)
[RANK3] F @ 1146.610107421875 (ms) to 1177.225830078125 (ms), cudaEventElapsed = 30.571327209472656 (ms)
[RANK3] B @ 1177.310546875 (ms) to 1215.141845703125 (ms), cudaEventElapsed = 37.800960540771484 (ms)
[RANK3] F @ 1294.640380859375 (ms) to 1324.841552734375 (ms), cudaEventElapsed = 30.157855987548828 (ms)
[RANK3] B @ 1325.04248046875 (ms) to 1363.343017578125 (ms), cudaEventElapsed = 38.26995086669922 (ms)
[RANK3] W @ 1363.521240234375 (ms) to 1481.154541015625 (ms), cudaEventElapsed = 17.382400512695312 (ms)
[RANK3] F @ 1481.3232421875 (ms) to 1513.6494140625 (ms), cudaEventElapsed = 32.29507064819336 (ms)
[RANK3] B @ 1513.73291015625 (ms) to 1553.430419921875 (ms), cudaEventElapsed = 39.66668701171875 (ms)
[RANK3] W @ 1553.7021484375 (ms) to 1644.092041015625 (ms), cudaEventElapsed = 17.778688430786133 (ms)
[RANK3] F @ 1690.470947265625 (ms) to 1720.591064453125 (ms), cudaEventElapsed = 30.065471649169922 (ms)
[RANK3] B @ 1720.666015625 (ms) to 1758.15625 (ms), cudaEventElapsed = 37.46201705932617 (ms)
[RANK3] W @ 1758.4130859375 (ms) to 1849.87451171875 (ms), cudaEventElapsed = 17.770496368408203 (ms)
[RANK3] F @ 1897.894287109375 (ms) to 1928.04541015625 (ms), cudaEventElapsed = 30.11180877685547 (ms)
[RANK3] B @ 1928.1279296875 (ms) to 1965.5615234375 (ms), cudaEventElapsed = 37.403648376464844 (ms)
[RANK3] W @ 1965.81103515625 (ms) to 2055.326416015625 (ms), cudaEventElapsed = 17.759231567382812 (ms)
[RANK3] F @ 2103.701904296875 (ms) to 2133.740234375 (ms), cudaEventElapsed = 30.000736236572266 (ms)
[RANK3] B @ 2133.815185546875 (ms) to 2171.384521484375 (ms), cudaEventElapsed = 37.53984069824219 (ms)
[RANK3] 8W @ 2171.581298828125 (ms) to 2429.347900390625 (ms), cudaEventElapsed = 186.70489501953125 (ms)
[RANK3] Iteration 13
[RANK3] F @ 164.030517578125 (ms) to 194.870361328125 (ms), cudaEventElapsed = 30.783775329589844 (ms)
[RANK3] B @ 195.094482421875 (ms) to 299.353759765625 (ms), cudaEventElapsed = 35.376129150390625 (ms)
[RANK3] F @ 423.100341796875 (ms) to 453.3291015625 (ms), cudaEventElapsed = 30.181631088256836 (ms)
[RANK3] B @ 453.4091796875 (ms) to 490.66552734375 (ms), cudaEventElapsed = 37.226497650146484 (ms)
[RANK3] F @ 563.013427734375 (ms) to 593.6767578125 (ms), cudaEventElapsed = 30.616416931152344 (ms)
[RANK3] B @ 593.765380859375 (ms) to 631.921630859375 (ms), cudaEventElapsed = 38.12351989746094 (ms)
[RANK3] F @ 704.144287109375 (ms) to 734.822021484375 (ms), cudaEventElapsed = 30.621856689453125 (ms)
[RANK3] B @ 734.9150390625 (ms) to 773.26123046875 (ms), cudaEventElapsed = 38.31603240966797 (ms)
[RANK3] F @ 849.55078125 (ms) to 880.1328125 (ms), cudaEventElapsed = 30.534143447875977 (ms)
[RANK3] B @ 880.22900390625 (ms) to 918.95947265625 (ms), cudaEventElapsed = 38.70003128051758 (ms)
[RANK3] F @ 999.303955078125 (ms) to 1030.105224609375 (ms), cudaEventElapsed = 30.75779151916504 (ms)
[RANK3] B @ 1030.197509765625 (ms) to 1068.784423828125 (ms), cudaEventElapsed = 38.556671142578125 (ms)
[RANK3] F @ 1147.667236328125 (ms) to 1178.254150390625 (ms), cudaEventElapsed = 30.539072036743164 (ms)
[RANK3] B @ 1178.34228515625 (ms) to 1216.51318359375 (ms), cudaEventElapsed = 38.140926361083984 (ms)
[RANK3] F @ 1294.898193359375 (ms) to 1325.01611328125 (ms), cudaEventElapsed = 30.08153533935547 (ms)
[RANK3] B @ 1325.236083984375 (ms) to 1363.578369140625 (ms), cudaEventElapsed = 38.31193542480469 (ms)
[RANK3] W @ 1363.76416015625 (ms) to 1479.941162109375 (ms), cudaEventElapsed = 17.389568328857422 (ms)
[RANK3] F @ 1480.114990234375 (ms) to 1512.951416015625 (ms), cudaEventElapsed = 32.80476760864258 (ms)
[RANK3] B @ 1513.032958984375 (ms) to 1552.847900390625 (ms), cudaEventElapsed = 39.784446716308594 (ms)
[RANK3] W @ 1553.103515625 (ms) to 1643.971435546875 (ms), cudaEventElapsed = 17.83193588256836 (ms)
[RANK3] F @ 1690.07275390625 (ms) to 1720.070068359375 (ms), cudaEventElapsed = 29.962432861328125 (ms)
[RANK3] B @ 1720.14794921875 (ms) to 1758.052734375 (ms), cudaEventElapsed = 37.87161636352539 (ms)
[RANK3] W @ 1758.30517578125 (ms) to 1850.103759765625 (ms), cudaEventElapsed = 17.787904739379883 (ms)
[RANK3] F @ 1897.845703125 (ms) to 1928.076904296875 (ms), cudaEventElapsed = 30.192480087280273 (ms)
[RANK3] B @ 1928.154052734375 (ms) to 1965.3515625 (ms), cudaEventElapsed = 37.161983489990234 (ms)
[RANK3] W @ 1965.597900390625 (ms) to 2055.126708984375 (ms), cudaEventElapsed = 17.753087997436523 (ms)
[RANK3] F @ 2103.36279296875 (ms) to 2133.55322265625 (ms), cudaEventElapsed = 30.148544311523438 (ms)
[RANK3] B @ 2133.634521484375 (ms) to 2171.14306640625 (ms), cudaEventElapsed = 37.47328186035156 (ms)
[RANK3] 8W @ 2171.3369140625 (ms) to 2429.3173828125 (ms), cudaEventElapsed = 187.19436645507812 (ms)
[RANK3] Iteration 14
[RANK3] F @ 164.142333984375 (ms) to 195.077880859375 (ms), cudaEventElapsed = 30.87264060974121 (ms)
[RANK3] B @ 195.3134765625 (ms) to 299.718017578125 (ms), cudaEventElapsed = 35.348480224609375 (ms)
[RANK3] F @ 423.376708984375 (ms) to 453.831787109375 (ms), cudaEventElapsed = 30.40924835205078 (ms)
[RANK3] B @ 453.907958984375 (ms) to 491.222900390625 (ms), cudaEventElapsed = 37.28691101074219 (ms)
[RANK3] F @ 563.613525390625 (ms) to 594.228515625 (ms), cudaEventElapsed = 30.569568634033203 (ms)
[RANK3] B @ 594.3125 (ms) to 632.573486328125 (ms), cudaEventElapsed = 38.23206329345703 (ms)
[RANK3] F @ 704.96875 (ms) to 735.4970703125 (ms), cudaEventElapsed = 30.48841667175293 (ms)
[RANK3] B @ 735.589599609375 (ms) to 773.397705078125 (ms), cudaEventElapsed = 37.76921463012695 (ms)
[RANK3] F @ 849.85205078125 (ms) to 880.36865234375 (ms), cudaEventElapsed = 30.475616455078125 (ms)
[RANK3] B @ 880.458251953125 (ms) to 919.344482421875 (ms), cudaEventElapsed = 38.85567855834961 (ms)
[RANK3] F @ 998.596923828125 (ms) to 1029.226318359375 (ms), cudaEventElapsed = 30.586559295654297 (ms)
[RANK3] B @ 1029.311767578125 (ms) to 1067.587158203125 (ms), cudaEventElapsed = 38.24537658691406 (ms)
[RANK3] F @ 1146.961669921875 (ms) to 1177.466552734375 (ms), cudaEventElapsed = 30.46678352355957 (ms)
[RANK3] B @ 1177.55078125 (ms) to 1215.766357421875 (ms), cudaEventElapsed = 38.18598556518555 (ms)
[RANK3] F @ 1294.67529296875 (ms) to 1324.625732421875 (ms), cudaEventElapsed = 29.909408569335938 (ms)
[RANK3] B @ 1324.83349609375 (ms) to 1362.9423828125 (ms), cudaEventElapsed = 38.08051300048828 (ms)
[RANK3] W @ 1363.12451171875 (ms) to 1481.203857421875 (ms), cudaEventElapsed = 17.398784637451172 (ms)
[RANK3] F @ 1481.379150390625 (ms) to 1513.91162109375 (ms), cudaEventElapsed = 32.498817443847656 (ms)
[RANK3] B @ 1513.9912109375 (ms) to 1553.35302734375 (ms), cudaEventElapsed = 39.332862854003906 (ms)
[RANK3] W @ 1553.63671875 (ms) to 1644.34912109375 (ms), cudaEventElapsed = 17.903615951538086 (ms)
[RANK3] F @ 1690.571044921875 (ms) to 1720.631103515625 (ms), cudaEventElapsed = 30.019424438476562 (ms)
[RANK3] B @ 1720.707763671875 (ms) to 1758.620849609375 (ms), cudaEventElapsed = 37.88390350341797 (ms)
[RANK3] W @ 1758.8798828125 (ms) to 1850.263916015625 (ms), cudaEventElapsed = 17.770496368408203 (ms)
[RANK3] F @ 1898.026611328125 (ms) to 1928.21240234375 (ms), cudaEventElapsed = 30.147520065307617 (ms)
[RANK3] B @ 1928.29052734375 (ms) to 1965.70849609375 (ms), cudaEventElapsed = 37.38828659057617 (ms)
[RANK3] W @ 1965.951416015625 (ms) to 2056.285400390625 (ms), cudaEventElapsed = 17.794048309326172 (ms)
[RANK3] F @ 2104.80224609375 (ms) to 2134.89697265625 (ms), cudaEventElapsed = 30.059616088867188 (ms)
[RANK3] B @ 2134.97412109375 (ms) to 2171.988037109375 (ms), cudaEventElapsed = 36.98175811767578 (ms)
[RANK3] 8W @ 2172.18505859375 (ms) to 2431.05126953125 (ms), cudaEventElapsed = 187.78623962402344 (ms)
[RANK3] Iteration 15
[RANK3] F @ 164.029296875 (ms) to 194.9208984375 (ms), cudaEventElapsed = 30.829376220703125 (ms)
[RANK3] B @ 195.15283203125 (ms) to 298.87451171875 (ms), cudaEventElapsed = 35.300350189208984 (ms)
[RANK3] F @ 423.23779296875 (ms) to 453.77392578125 (ms), cudaEventElapsed = 30.468320846557617 (ms)
[RANK3] B @ 453.861328125 (ms) to 490.897216796875 (ms), cudaEventElapsed = 37.00428771972656 (ms)
[RANK3] F @ 563.609375 (ms) to 594.4921875 (ms), cudaEventElapsed = 30.83475112915039 (ms)
[RANK3] B @ 594.57666015625 (ms) to 632.214111328125 (ms), cudaEventElapsed = 37.607425689697266 (ms)
[RANK3] F @ 704.373291015625 (ms) to 735.359619140625 (ms), cudaEventElapsed = 30.944000244140625 (ms)
[RANK3] B @ 735.450927734375 (ms) to 773.328369140625 (ms), cudaEventElapsed = 37.84601593017578 (ms)
[RANK3] F @ 849.568603515625 (ms) to 880.410400390625 (ms), cudaEventElapsed = 30.797727584838867 (ms)
[RANK3] B @ 880.505859375 (ms) to 919.51025390625 (ms), cudaEventElapsed = 38.97343826293945 (ms)
[RANK3] F @ 996.955078125 (ms) to 1027.996826171875 (ms), cudaEventElapsed = 30.995296478271484 (ms)
[RANK3] B @ 1028.083251953125 (ms) to 1066.78955078125 (ms), cudaEventElapsed = 38.67647933959961 (ms)
[RANK3] F @ 1146.025634765625 (ms) to 1176.749755859375 (ms), cudaEventElapsed = 30.680511474609375 (ms)
[RANK3] B @ 1176.839599609375 (ms) to 1215.53125 (ms), cudaEventElapsed = 38.66214370727539 (ms)
[RANK3] F @ 1293.584228515625 (ms) to 1323.80419921875 (ms), cudaEventElapsed = 30.18320083618164 (ms)
[RANK3] B @ 1324.01953125 (ms) to 1362.433837890625 (ms), cudaEventElapsed = 38.382591247558594 (ms)
[RANK3] W @ 1362.627197265625 (ms) to 1478.85595703125 (ms), cudaEventElapsed = 17.43769645690918 (ms)
[RANK3] F @ 1479.0439453125 (ms) to 1511.919921875 (ms), cudaEventElapsed = 32.84444808959961 (ms)
[RANK3] B @ 1512.007080078125 (ms) to 1551.419677734375 (ms), cudaEventElapsed = 39.382015228271484 (ms)
[RANK3] W @ 1551.67626953125 (ms) to 1642.376953125 (ms), cudaEventElapsed = 17.84320068359375 (ms)
[RANK3] F @ 1688.73388671875 (ms) to 1718.743408203125 (ms), cudaEventElapsed = 29.976192474365234 (ms)
[RANK3] B @ 1718.819580078125 (ms) to 1756.7919921875 (ms), cudaEventElapsed = 37.94432067871094 (ms)
[RANK3] W @ 1757.048828125 (ms) to 1848.649169921875 (ms), cudaEventElapsed = 17.81657600402832 (ms)
[RANK3] F @ 1896.543701171875 (ms) to 1926.712646484375 (ms), cudaEventElapsed = 30.132640838623047 (ms)
[RANK3] B @ 1926.7890625 (ms) to 1964.344970703125 (ms), cudaEventElapsed = 37.52755355834961 (ms)
[RANK3] W @ 1964.581298828125 (ms) to 2054.89111328125 (ms), cudaEventElapsed = 17.80940818786621 (ms)
[RANK3] F @ 2103.088134765625 (ms) to 2133.187255859375 (ms), cudaEventElapsed = 30.064992904663086 (ms)
[RANK3] B @ 2133.262451171875 (ms) to 2170.43798828125 (ms), cudaEventElapsed = 37.14457702636719 (ms)
[RANK3] 8W @ 2170.622802734375 (ms) to 2428.2607421875 (ms), cudaEventElapsed = 186.7816925048828 (ms)
[RANK3] Iteration 16
[RANK3] F @ 156.90966796875 (ms) to 186.387451171875 (ms), cudaEventElapsed = 29.424959182739258 (ms)
[RANK3] F @ 253.92822265625 (ms) to 282.98388671875 (ms), cudaEventElapsed = 29.0 (ms)
[RANK3] F @ 351.418701171875 (ms) to 380.802734375 (ms), cudaEventElapsed = 29.32204818725586 (ms)
[RANK3] F @ 449.9619140625 (ms) to 479.294921875 (ms), cudaEventElapsed = 29.266752243041992 (ms)
[RANK3] F @ 548.305908203125 (ms) to 577.684326171875 (ms), cudaEventElapsed = 29.3155517578125 (ms)
[RANK3] F @ 644.78466796875 (ms) to 674.083984375 (ms), cudaEventElapsed = 29.238719940185547 (ms)
[RANK3] F @ 741.716552734375 (ms) to 770.7109375 (ms), cudaEventElapsed = 28.95756721496582 (ms)
[RANK3] F @ 838.71630859375 (ms) to 867.215087890625 (ms), cudaEventElapsed = 28.460512161254883 (ms)
[RANK3] F @ 936.670654296875 (ms) to 965.092529296875 (ms), cudaEventElapsed = 28.385696411132812 (ms)
[RANK3] F @ 1035.088134765625 (ms) to 1063.751220703125 (ms), cudaEventElapsed = 28.61849594116211 (ms)
[RANK3] F @ 1133.706298828125 (ms) to 1162.044921875 (ms), cudaEventElapsed = 28.300575256347656 (ms)
[RANK3] F @ 1232.8291015625 (ms) to 1261.171875 (ms), cudaEventElapsed = 28.303647994995117 (ms)
