[RANK0] Iteration 1
[RANK0] F @ 0.45654296875 (ms) to 507.666015625 (ms), cudaEventElapsed = 507.1381530761719 (ms)
[RANK0] F @ 572.61279296875 (ms) to 599.07177734375 (ms), cudaEventElapsed = 26.386432647705078 (ms)
[RANK0] F @ 599.310546875 (ms) to 625.324951171875 (ms), cudaEventElapsed = 25.963520050048828 (ms)
[RANK0] F @ 625.51904296875 (ms) to 654.64306640625 (ms), cudaEventElapsed = 29.059072494506836 (ms)
[RANK0] F @ 654.849853515625 (ms) to 693.214599609375 (ms), cudaEventElapsed = 26.74380874633789 (ms)
[RANK0] F @ 693.42724609375 (ms) to 781.731689453125 (ms), cudaEventElapsed = 24.738815307617188 (ms)
[RANK0] F @ 781.89501953125 (ms) to 873.047119140625 (ms), cudaEventElapsed = 24.839168548583984 (ms)
[RANK0] B @ 1820.274169921875 (ms) to 1909.33544921875 (ms), cudaEventElapsed = 88.99321746826172 (ms)
[RANK0] F @ 1909.680419921875 (ms) to 1935.512451171875 (ms), cudaEventElapsed = 25.780223846435547 (ms)
[RANK0] B @ 1935.843505859375 (ms) to 1969.652099609375 (ms), cudaEventElapsed = 33.771392822265625 (ms)
[RANK0] W @ 1969.885009765625 (ms) to 1985.9033203125 (ms), cudaEventElapsed = 15.981568336486816 (ms)
[RANK0] F @ 1985.930908203125 (ms) to 2012.410400390625 (ms), cudaEventElapsed = 26.445823669433594 (ms)
[RANK0] B @ 2013.886474609375 (ms) to 2050.984375 (ms), cudaEventElapsed = 37.061344146728516 (ms)
[RANK0] B @ 2069.8193359375 (ms) to 2102.596435546875 (ms), cudaEventElapsed = 32.72902297973633 (ms)
[RANK0] W @ 2102.64111328125 (ms) to 2116.74462890625 (ms), cudaEventElapsed = 14.073856353759766 (ms)
[RANK0] F @ 2116.94970703125 (ms) to 2143.24609375 (ms), cudaEventElapsed = 26.255359649658203 (ms)
[RANK0] B @ 2174.4052734375 (ms) to 2208.06640625 (ms), cudaEventElapsed = 33.61203384399414 (ms)
[RANK0] B @ 2216.666748046875 (ms) to 2249.27490234375 (ms), cudaEventElapsed = 32.55606460571289 (ms)
[RANK0] W @ 2249.312255859375 (ms) to 2263.9755859375 (ms), cudaEventElapsed = 14.632960319519043 (ms)
[RANK0] F @ 2264.169921875 (ms) to 2290.560791015625 (ms), cudaEventElapsed = 26.358783721923828 (ms)
[RANK0] B @ 2319.27001953125 (ms) to 2352.830810546875 (ms), cudaEventElapsed = 33.51385498046875 (ms)
[RANK0] B @ 2361.375 (ms) to 2393.531982421875 (ms), cudaEventElapsed = 32.11235046386719 (ms)
[RANK0] W @ 2393.568115234375 (ms) to 2407.993408203125 (ms), cudaEventElapsed = 14.395392417907715 (ms)
[RANK0] F @ 2408.203125 (ms) to 2434.691162109375 (ms), cudaEventElapsed = 26.452991485595703 (ms)
[RANK0] W @ 2434.865966796875 (ms) to 2473.20458984375 (ms), cudaEventElapsed = 14.608384132385254 (ms)
[RANK0] W @ 2473.22705078125 (ms) to 2486.941162109375 (ms), cudaEventElapsed = 13.666303634643555 (ms)
[RANK0] W @ 2487.14111328125 (ms) to 2502.425048828125 (ms), cudaEventElapsed = 15.248384475708008 (ms)
[RANK0] W @ 2502.4375 (ms) to 2518.401123046875 (ms), cudaEventElapsed = 15.936511993408203 (ms)
[RANK0] B @ 2518.564697265625 (ms) to 2554.292236328125 (ms), cudaEventElapsed = 35.69696044921875 (ms)
[RANK0] W @ 2554.48876953125 (ms) to 2575.16796875 (ms), cudaEventElapsed = 15.526911735534668 (ms)
[RANK0] B @ 2575.350830078125 (ms) to 2609.73095703125 (ms), cudaEventElapsed = 34.34454345703125 (ms)
[RANK0] W @ 2609.7646484375 (ms) to 2624.851806640625 (ms), cudaEventElapsed = 15.048704147338867 (ms)
[RANK0] B @ 2648.583251953125 (ms) to 2682.116455078125 (ms), cudaEventElapsed = 33.48739242553711 (ms)
[RANK0] W @ 2682.146484375 (ms) to 2696.4189453125 (ms), cudaEventElapsed = 14.244864463806152 (ms)
[RANK0] B @ 2739.019287109375 (ms) to 2770.5927734375 (ms), cudaEventElapsed = 31.53558349609375 (ms)
[RANK0] 1W @ 2770.629638671875 (ms) to 2784.73291015625 (ms), cudaEventElapsed = 14.07795238494873 (ms)
[RANK0] Iteration 2
[RANK0] F @ 2.192626953125 (ms) to 27.78125 (ms), cudaEventElapsed = 25.540544509887695 (ms)
[RANK0] F @ 28.0859375 (ms) to 53.919677734375 (ms), cudaEventElapsed = 25.783296585083008 (ms)
[RANK0] F @ 54.163330078125 (ms) to 81.34423828125 (ms), cudaEventElapsed = 27.14214324951172 (ms)
[RANK0] F @ 81.565673828125 (ms) to 109.357421875 (ms), cudaEventElapsed = 27.75347137451172 (ms)
[RANK0] F @ 109.58349609375 (ms) to 137.34716796875 (ms), cudaEventElapsed = 27.72480010986328 (ms)
[RANK0] F @ 137.581298828125 (ms) to 165.24072265625 (ms), cudaEventElapsed = 27.620351791381836 (ms)
[RANK0] F @ 165.435791015625 (ms) to 193.414794921875 (ms), cudaEventElapsed = 27.936767578125 (ms)
[RANK0] B @ 269.26513671875 (ms) to 301.129638671875 (ms), cudaEventElapsed = 31.787391662597656 (ms)
[RANK0] F @ 301.47607421875 (ms) to 327.05078125 (ms), cudaEventElapsed = 25.53343963623047 (ms)
[RANK0] B @ 348.941650390625 (ms) to 381.7998046875 (ms), cudaEventElapsed = 32.81078338623047 (ms)
[RANK0] W @ 382.03759765625 (ms) to 396.677734375 (ms), cudaEventElapsed = 14.607359886169434 (ms)
[RANK0] F @ 396.73583984375 (ms) to 422.4677734375 (ms), cudaEventElapsed = 25.70137596130371 (ms)
[RANK0] B @ 430.510009765625 (ms) to 466.64208984375 (ms), cudaEventElapsed = 36.08998489379883 (ms)
[RANK0] B @ 511.429931640625 (ms) to 543.162353515625 (ms), cudaEventElapsed = 31.685440063476562 (ms)
[RANK0] W @ 543.23291015625 (ms) to 557.287841796875 (ms), cudaEventElapsed = 14.025728225708008 (ms)
[RANK0] F @ 557.519775390625 (ms) to 583.281494140625 (ms), cudaEventElapsed = 25.73004722595215 (ms)
[RANK0] B @ 614.302490234375 (ms) to 647.93212890625 (ms), cudaEventElapsed = 33.58758544921875 (ms)
[RANK0] B @ 665.9140625 (ms) to 697.822021484375 (ms), cudaEventElapsed = 31.874176025390625 (ms)
[RANK0] W @ 697.88916015625 (ms) to 711.65966796875 (ms), cudaEventElapsed = 13.741056442260742 (ms)
[RANK0] F @ 711.862548828125 (ms) to 737.83837890625 (ms), cudaEventElapsed = 25.94816017150879 (ms)
[RANK0] B @ 774.208984375 (ms) to 807.59716796875 (ms), cudaEventElapsed = 33.33695983886719 (ms)
[RANK0] B @ 815.74267578125 (ms) to 847.849853515625 (ms), cudaEventElapsed = 32.0733757019043 (ms)
[RANK0] W @ 847.91064453125 (ms) to 862.30419921875 (ms), cudaEventElapsed = 14.366720199584961 (ms)
[RANK0] F @ 862.505859375 (ms) to 888.7939453125 (ms), cudaEventElapsed = 26.258432388305664 (ms)
[RANK0] W @ 888.980224609375 (ms) to 931.9365234375 (ms), cudaEventElapsed = 14.362624168395996 (ms)
[RANK0] W @ 931.994140625 (ms) to 945.90673828125 (ms), cudaEventElapsed = 13.882368087768555 (ms)
[RANK0] W @ 946.117431640625 (ms) to 961.46142578125 (ms), cudaEventElapsed = 15.310848236083984 (ms)
[RANK0] W @ 961.502197265625 (ms) to 977.468994140625 (ms), cudaEventElapsed = 15.940608024597168 (ms)
[RANK0] B @ 977.61865234375 (ms) to 1013.31201171875 (ms), cudaEventElapsed = 35.666015625 (ms)
[RANK0] W @ 1013.488037109375 (ms) to 1036.302001953125 (ms), cudaEventElapsed = 14.737407684326172 (ms)
[RANK0] B @ 1036.463134765625 (ms) to 1070.822998046875 (ms), cudaEventElapsed = 34.33225631713867 (ms)
[RANK0] W @ 1070.87646484375 (ms) to 1086.214111328125 (ms), cudaEventElapsed = 15.311871528625488 (ms)
[RANK0] B @ 1119.635498046875 (ms) to 1152.4658203125 (ms), cudaEventElapsed = 32.797950744628906 (ms)
[RANK0] W @ 1152.522216796875 (ms) to 1166.488037109375 (ms), cudaEventElapsed = 13.936639785766602 (ms)
[RANK0] B @ 1207.631103515625 (ms) to 1239.26171875 (ms), cudaEventElapsed = 31.60006332397461 (ms)
[RANK0] 1W @ 1239.319580078125 (ms) to 1253.04931640625 (ms), cudaEventElapsed = 13.704192161560059 (ms)
[RANK0] Iteration 3
[RANK0] F @ 2.0625 (ms) to 27.218994140625 (ms), cudaEventElapsed = 25.120576858520508 (ms)
[RANK0] F @ 27.44140625 (ms) to 53.279296875 (ms), cudaEventElapsed = 25.796607971191406 (ms)
[RANK0] F @ 53.4736328125 (ms) to 81.060302734375 (ms), cudaEventElapsed = 27.55072021484375 (ms)
[RANK0] F @ 81.24853515625 (ms) to 109.7783203125 (ms), cudaEventElapsed = 28.4979190826416 (ms)
[RANK0] F @ 109.9814453125 (ms) to 138.316162109375 (ms), cudaEventElapsed = 28.299264907836914 (ms)
[RANK0] F @ 138.512939453125 (ms) to 166.423828125 (ms), cudaEventElapsed = 27.879423141479492 (ms)
[RANK0] F @ 166.60986328125 (ms) to 194.42236328125 (ms), cudaEventElapsed = 27.78009605407715 (ms)
[RANK0] B @ 268.692626953125 (ms) to 300.427001953125 (ms), cudaEventElapsed = 31.680511474609375 (ms)
[RANK0] F @ 300.66845703125 (ms) to 326.30615234375 (ms), cudaEventElapsed = 25.593856811523438 (ms)
[RANK0] B @ 349.244140625 (ms) to 382.0625 (ms), cudaEventElapsed = 32.771358489990234 (ms)
[RANK0] W @ 382.279052734375 (ms) to 397.04052734375 (ms), cudaEventElapsed = 14.731264114379883 (ms)
[RANK0] F @ 397.092529296875 (ms) to 423.408935546875 (ms), cudaEventElapsed = 26.2871036529541 (ms)
[RANK0] B @ 431.326904296875 (ms) to 467.37841796875 (ms), cudaEventElapsed = 36.012481689453125 (ms)
[RANK0] B @ 511.086181640625 (ms) to 542.791259765625 (ms), cudaEventElapsed = 31.665279388427734 (ms)
[RANK0] W @ 542.860107421875 (ms) to 556.905517578125 (ms), cudaEventElapsed = 14.018560409545898 (ms)
[RANK0] F @ 557.107666015625 (ms) to 583.681396484375 (ms), cudaEventElapsed = 26.54310417175293 (ms)
[RANK0] B @ 615.034423828125 (ms) to 648.708984375 (ms), cudaEventElapsed = 33.61097717285156 (ms)
[RANK0] B @ 668.07080078125 (ms) to 699.733642578125 (ms), cudaEventElapsed = 31.617151260375977 (ms)
[RANK0] W @ 699.812744140625 (ms) to 713.76953125 (ms), cudaEventElapsed = 13.922304153442383 (ms)
[RANK0] F @ 714.038818359375 (ms) to 739.919677734375 (ms), cudaEventElapsed = 25.846784591674805 (ms)
[RANK0] B @ 776.739501953125 (ms) to 810.142578125 (ms), cudaEventElapsed = 33.344608306884766 (ms)
[RANK0] B @ 817.957763671875 (ms) to 850.10888671875 (ms), cudaEventElapsed = 32.11561584472656 (ms)
[RANK0] W @ 850.178466796875 (ms) to 864.468505859375 (ms), cudaEventElapsed = 14.25715160369873 (ms)
[RANK0] F @ 864.71142578125 (ms) to 891.254150390625 (ms), cudaEventElapsed = 26.51033592224121 (ms)
[RANK0] W @ 891.451416015625 (ms) to 934.690185546875 (ms), cudaEventElapsed = 14.156800270080566 (ms)
[RANK0] W @ 934.763671875 (ms) to 949.0556640625 (ms), cudaEventElapsed = 14.253055572509766 (ms)
[RANK0] W @ 949.303466796875 (ms) to 964.380615234375 (ms), cudaEventElapsed = 15.043583869934082 (ms)
[RANK0] W @ 964.4267578125 (ms) to 980.528076171875 (ms), cudaEventElapsed = 16.071680068969727 (ms)
[RANK0] B @ 980.706787109375 (ms) to 1016.563232421875 (ms), cudaEventElapsed = 35.82819366455078 (ms)
[RANK0] W @ 1016.773681640625 (ms) to 1039.064697265625 (ms), cudaEventElapsed = 15.39891242980957 (ms)
[RANK0] B @ 1039.236328125 (ms) to 1073.8525390625 (ms), cudaEventElapsed = 34.58758544921875 (ms)
[RANK0] W @ 1073.90869140625 (ms) to 1089.0703125 (ms), cudaEventElapsed = 15.135744094848633 (ms)
[RANK0] B @ 1121.773681640625 (ms) to 1154.481689453125 (ms), cudaEventElapsed = 32.6756477355957 (ms)
[RANK0] W @ 1154.538818359375 (ms) to 1168.454833984375 (ms), cudaEventElapsed = 13.889535903930664 (ms)
[RANK0] B @ 1210.40478515625 (ms) to 1242.037841796875 (ms), cudaEventElapsed = 31.59814453125 (ms)
[RANK0] 1W @ 1242.094482421875 (ms) to 1256.187744140625 (ms), cudaEventElapsed = 14.06668758392334 (ms)
[RANK0] Iteration 4
[RANK0] F @ 2.0908203125 (ms) to 27.33251953125 (ms), cudaEventElapsed = 25.20796775817871 (ms)
[RANK0] F @ 27.54150390625 (ms) to 53.263916015625 (ms), cudaEventElapsed = 25.687040328979492 (ms)
[RANK0] F @ 53.462890625 (ms) to 81.434814453125 (ms), cudaEventElapsed = 27.94086456298828 (ms)
[RANK0] F @ 81.63330078125 (ms) to 110.043701171875 (ms), cudaEventElapsed = 28.371967315673828 (ms)
[RANK0] F @ 110.24951171875 (ms) to 138.587646484375 (ms), cudaEventElapsed = 28.282880783081055 (ms)
[RANK0] F @ 138.789794921875 (ms) to 166.50146484375 (ms), cudaEventElapsed = 27.680767059326172 (ms)
[RANK0] F @ 166.686767578125 (ms) to 194.57177734375 (ms), cudaEventElapsed = 27.852800369262695 (ms)
[RANK0] B @ 268.684814453125 (ms) to 300.52587890625 (ms), cudaEventElapsed = 31.793792724609375 (ms)
[RANK0] F @ 300.75244140625 (ms) to 326.281982421875 (ms), cudaEventElapsed = 25.497600555419922 (ms)
[RANK0] B @ 350.13818359375 (ms) to 383.433837890625 (ms), cudaEventElapsed = 33.244384765625 (ms)
[RANK0] W @ 383.655517578125 (ms) to 398.290283203125 (ms), cudaEventElapsed = 14.604288101196289 (ms)
[RANK0] F @ 398.34521484375 (ms) to 424.4794921875 (ms), cudaEventElapsed = 26.10483169555664 (ms)
[RANK0] B @ 432.056884765625 (ms) to 467.67919921875 (ms), cudaEventElapsed = 35.585025787353516 (ms)
[RANK0] B @ 511.11181640625 (ms) to 542.968017578125 (ms), cudaEventElapsed = 31.81705665588379 (ms)
[RANK0] W @ 543.033447265625 (ms) to 556.720458984375 (ms), cudaEventElapsed = 13.659135818481445 (ms)
[RANK0] F @ 556.936767578125 (ms) to 583.275146484375 (ms), cudaEventElapsed = 26.29631996154785 (ms)
[RANK0] B @ 616.29736328125 (ms) to 649.8564453125 (ms), cudaEventElapsed = 33.4664306640625 (ms)
[RANK0] B @ 665.858642578125 (ms) to 698.305908203125 (ms), cudaEventElapsed = 32.4002571105957 (ms)
[RANK0] W @ 698.406005859375 (ms) to 712.711669921875 (ms), cudaEventElapsed = 14.264320373535156 (ms)
[RANK0] F @ 712.96044921875 (ms) to 739.470947265625 (ms), cudaEventElapsed = 26.479616165161133 (ms)
[RANK0] B @ 774.197021484375 (ms) to 807.63330078125 (ms), cudaEventElapsed = 33.38227081298828 (ms)
[RANK0] B @ 815.65185546875 (ms) to 848.159423828125 (ms), cudaEventElapsed = 32.47328186035156 (ms)
[RANK0] W @ 848.2216796875 (ms) to 862.415283203125 (ms), cudaEventElapsed = 14.159872055053711 (ms)
[RANK0] F @ 862.617431640625 (ms) to 888.759033203125 (ms), cudaEventElapsed = 26.11199951171875 (ms)
[RANK0] W @ 888.959716796875 (ms) to 931.847412109375 (ms), cudaEventElapsed = 14.49779224395752 (ms)
[RANK0] W @ 931.91650390625 (ms) to 945.97412109375 (ms), cudaEventElapsed = 14.020607948303223 (ms)
[RANK0] W @ 946.17333984375 (ms) to 961.252197265625 (ms), cudaEventElapsed = 15.048704147338867 (ms)
[RANK0] W @ 961.30078125 (ms) to 977.202880859375 (ms), cudaEventElapsed = 15.87507152557373 (ms)
[RANK0] B @ 977.365966796875 (ms) to 1013.087158203125 (ms), cudaEventElapsed = 35.69276809692383 (ms)
[RANK0] W @ 1013.292236328125 (ms) to 1035.9541015625 (ms), cudaEventElapsed = 15.51360034942627 (ms)
[RANK0] B @ 1036.117431640625 (ms) to 1070.396728515625 (ms), cudaEventElapsed = 34.250816345214844 (ms)
[RANK0] W @ 1070.452392578125 (ms) to 1085.7451171875 (ms), cudaEventElapsed = 15.266816139221191 (ms)
[RANK0] B @ 1120.7099609375 (ms) to 1153.69921875 (ms), cudaEventElapsed = 32.954689025878906 (ms)
[RANK0] W @ 1153.758544921875 (ms) to 1167.988525390625 (ms), cudaEventElapsed = 14.202879905700684 (ms)
[RANK0] B @ 1208.72216796875 (ms) to 1240.642822265625 (ms), cudaEventElapsed = 31.888256072998047 (ms)
[RANK0] 1W @ 1240.698486328125 (ms) to 1254.419677734375 (ms), cudaEventElapsed = 13.694975852966309 (ms)
[RANK0] Iteration 5
[RANK0] F @ 2.129638671875 (ms) to 27.26513671875 (ms), cudaEventElapsed = 25.104223251342773 (ms)
[RANK0] F @ 27.475830078125 (ms) to 53.35888671875 (ms), cudaEventElapsed = 25.849855422973633 (ms)
[RANK0] F @ 53.56103515625 (ms) to 81.280029296875 (ms), cudaEventElapsed = 27.672576904296875 (ms)
[RANK0] F @ 81.4716796875 (ms) to 109.70361328125 (ms), cudaEventElapsed = 28.199935913085938 (ms)
[RANK0] F @ 109.930419921875 (ms) to 138.26416015625 (ms), cudaEventElapsed = 28.3002872467041 (ms)
[RANK0] F @ 138.488037109375 (ms) to 166.026123046875 (ms), cudaEventElapsed = 27.50054359436035 (ms)
[RANK0] F @ 166.220458984375 (ms) to 194.15625 (ms), cudaEventElapsed = 27.901952743530273 (ms)
[RANK0] B @ 269.525390625 (ms) to 302.1796875 (ms), cudaEventElapsed = 32.59049606323242 (ms)
[RANK0] F @ 302.429443359375 (ms) to 328.417724609375 (ms), cudaEventElapsed = 25.95635223388672 (ms)
[RANK0] B @ 353.80517578125 (ms) to 387.0888671875 (ms), cudaEventElapsed = 33.22431945800781 (ms)
[RANK0] W @ 387.33203125 (ms) to 402.670654296875 (ms), cudaEventElapsed = 15.3057279586792 (ms)
[RANK0] F @ 402.726318359375 (ms) to 430.470703125 (ms), cudaEventElapsed = 27.71558380126953 (ms)
[RANK0] B @ 438.875732421875 (ms) to 474.7041015625 (ms), cudaEventElapsed = 35.776702880859375 (ms)
[RANK0] B @ 521.4697265625 (ms) to 554.393798828125 (ms), cudaEventElapsed = 32.882015228271484 (ms)
[RANK0] W @ 554.46826171875 (ms) to 569.4677734375 (ms), cudaEventElapsed = 14.963711738586426 (ms)
[RANK0] F @ 569.714111328125 (ms) to 597.03759765625 (ms), cudaEventElapsed = 27.289600372314453 (ms)
[RANK0] B @ 633.791259765625 (ms) to 667.94091796875 (ms), cudaEventElapsed = 34.096351623535156 (ms)
[RANK0] B @ 684.9150390625 (ms) to 718.14990234375 (ms), cudaEventElapsed = 33.196990966796875 (ms)
[RANK0] W @ 718.222412109375 (ms) to 733.134521484375 (ms), cudaEventElapsed = 14.87564754486084 (ms)
[RANK0] F @ 733.370849609375 (ms) to 760.04833984375 (ms), cudaEventElapsed = 26.645503997802734 (ms)
[RANK0] B @ 799.4384765625 (ms) to 833.502197265625 (ms), cudaEventElapsed = 34.011295318603516 (ms)
[RANK0] B @ 843.4658203125 (ms) to 876.69140625 (ms), cudaEventElapsed = 33.19184112548828 (ms)
[RANK0] W @ 876.76220703125 (ms) to 891.80517578125 (ms), cudaEventElapsed = 15.00979232788086 (ms)
[RANK0] F @ 892.01171875 (ms) to 919.066162109375 (ms), cudaEventElapsed = 27.024383544921875 (ms)
[RANK0] W @ 919.25830078125 (ms) to 974.326171875 (ms), cudaEventElapsed = 14.270463943481445 (ms)
[RANK0] W @ 974.387451171875 (ms) to 989.365966796875 (ms), cudaEventElapsed = 14.945280075073242 (ms)
[RANK0] W @ 989.5869140625 (ms) to 1006.818603515625 (ms), cudaEventElapsed = 17.201152801513672 (ms)
[RANK0] W @ 1006.865234375 (ms) to 1025.77490234375 (ms), cudaEventElapsed = 18.877439498901367 (ms)
[RANK0] B @ 1025.945556640625 (ms) to 1064.8076171875 (ms), cudaEventElapsed = 38.832801818847656 (ms)
[RANK0] W @ 1065.017578125 (ms) to 1090.222412109375 (ms), cudaEventElapsed = 16.81305694580078 (ms)
[RANK0] B @ 1090.39306640625 (ms) to 1126.235107421875 (ms), cudaEventElapsed = 35.812767028808594 (ms)
[RANK0] W @ 1126.291748046875 (ms) to 1142.745849609375 (ms), cudaEventElapsed = 16.42803192138672 (ms)
[RANK0] B @ 1183.740234375 (ms) to 1217.8876953125 (ms), cudaEventElapsed = 34.10502243041992 (ms)
[RANK0] W @ 1217.9501953125 (ms) to 1233.165283203125 (ms), cudaEventElapsed = 15.186944007873535 (ms)
[RANK0] B @ 1285.534912109375 (ms) to 1318.597900390625 (ms), cudaEventElapsed = 33.02812957763672 (ms)
[RANK0] 1W @ 1318.65625 (ms) to 1333.245849609375 (ms), cudaEventElapsed = 14.56230354309082 (ms)
[RANK0] Iteration 6
[RANK0] F @ 2.10546875 (ms) to 27.315673828125 (ms), cudaEventElapsed = 25.178943634033203 (ms)
[RANK0] F @ 27.53076171875 (ms) to 53.281494140625 (ms), cudaEventElapsed = 25.71673583984375 (ms)
[RANK0] F @ 53.476806640625 (ms) to 82.01953125 (ms), cudaEventElapsed = 28.50713539123535 (ms)
[RANK0] F @ 82.215087890625 (ms) to 110.74951171875 (ms), cudaEventElapsed = 28.479488372802734 (ms)
[RANK0] F @ 110.967041015625 (ms) to 139.587890625 (ms), cudaEventElapsed = 28.57267189025879 (ms)
[RANK0] F @ 139.923095703125 (ms) to 167.95068359375 (ms), cudaEventElapsed = 27.995136260986328 (ms)
[RANK0] F @ 168.153076171875 (ms) to 196.0859375 (ms), cudaEventElapsed = 27.898880004882812 (ms)
[RANK0] B @ 270.99658203125 (ms) to 304.213623046875 (ms), cudaEventElapsed = 33.163841247558594 (ms)
[RANK0] F @ 304.456298828125 (ms) to 330.1982421875 (ms), cudaEventElapsed = 25.70854377746582 (ms)
[RANK0] B @ 355.90283203125 (ms) to 389.56787109375 (ms), cudaEventElapsed = 33.611263275146484 (ms)
[RANK0] W @ 389.77685546875 (ms) to 405.790771484375 (ms), cudaEventElapsed = 15.984640121459961 (ms)
[RANK0] F @ 405.84375 (ms) to 433.966552734375 (ms), cudaEventElapsed = 28.095487594604492 (ms)
[RANK0] B @ 440.513427734375 (ms) to 477.569580078125 (ms), cudaEventElapsed = 37.01820755004883 (ms)
[RANK0] B @ 523.1357421875 (ms) to 556.152587890625 (ms), cudaEventElapsed = 32.97769546508789 (ms)
[RANK0] W @ 556.223388671875 (ms) to 571.10205078125 (ms), cudaEventElapsed = 14.849023818969727 (ms)
[RANK0] F @ 571.32421875 (ms) to 600.828369140625 (ms), cudaEventElapsed = 29.473791122436523 (ms)
[RANK0] B @ 636.206298828125 (ms) to 670.46142578125 (ms), cudaEventElapsed = 34.19424057006836 (ms)
[RANK0] B @ 686.765380859375 (ms) to 720.47314453125 (ms), cudaEventElapsed = 33.673919677734375 (ms)
[RANK0] W @ 720.535888671875 (ms) to 736.57666015625 (ms), cudaEventElapsed = 16.01433563232422 (ms)
[RANK0] F @ 736.803466796875 (ms) to 765.619140625 (ms), cudaEventElapsed = 28.784639358520508 (ms)
[RANK0] B @ 803.182861328125 (ms) to 837.3544921875 (ms), cudaEventElapsed = 34.12358474731445 (ms)
[RANK0] B @ 847.291259765625 (ms) to 880.857666015625 (ms), cudaEventElapsed = 33.532833099365234 (ms)
[RANK0] W @ 880.9228515625 (ms) to 897.14404296875 (ms), cudaEventElapsed = 16.186368942260742 (ms)
[RANK0] F @ 897.3671875 (ms) to 925.931640625 (ms), cudaEventElapsed = 28.53273582458496 (ms)
[RANK0] W @ 926.16162109375 (ms) to 978.9794921875 (ms), cudaEventElapsed = 14.38924789428711 (ms)
[RANK0] W @ 979.10791015625 (ms) to 993.552978515625 (ms), cudaEventElapsed = 14.38924789428711 (ms)
[RANK0] W @ 993.879638671875 (ms) to 1011.669189453125 (ms), cudaEventElapsed = 17.752063751220703 (ms)
[RANK0] W @ 1011.72314453125 (ms) to 1031.66796875 (ms), cudaEventElapsed = 19.914751052856445 (ms)
[RANK0] B @ 1031.8603515625 (ms) to 1072.225341796875 (ms), cudaEventElapsed = 40.33603286743164 (ms)
[RANK0] W @ 1072.431640625 (ms) to 1096.79296875 (ms), cudaEventElapsed = 18.22105598449707 (ms)
[RANK0] B @ 1096.98291015625 (ms) to 1134.25048828125 (ms), cudaEventElapsed = 37.22035217285156 (ms)
[RANK0] W @ 1134.30908203125 (ms) to 1151.947265625 (ms), cudaEventElapsed = 17.61177635192871 (ms)
[RANK0] B @ 1188.32177734375 (ms) to 1222.64306640625 (ms), cudaEventElapsed = 34.28396987915039 (ms)
[RANK0] W @ 1222.700927734375 (ms) to 1238.433837890625 (ms), cudaEventElapsed = 15.707136154174805 (ms)
[RANK0] B @ 1289.698974609375 (ms) to 1322.93994140625 (ms), cudaEventElapsed = 33.20764923095703 (ms)
[RANK0] 1W @ 1322.998046875 (ms) to 1338.509033203125 (ms), cudaEventElapsed = 15.47980785369873 (ms)
[RANK0] Iteration 7
[RANK0] F @ 2.1240234375 (ms) to 27.33740234375 (ms), cudaEventElapsed = 25.182336807250977 (ms)
[RANK0] F @ 27.540283203125 (ms) to 53.083251953125 (ms), cudaEventElapsed = 25.50579261779785 (ms)
[RANK0] F @ 53.276611328125 (ms) to 81.202880859375 (ms), cudaEventElapsed = 27.889663696289062 (ms)
[RANK0] F @ 81.393798828125 (ms) to 109.72314453125 (ms), cudaEventElapsed = 28.296192169189453 (ms)
[RANK0] F @ 109.941162109375 (ms) to 138.0947265625 (ms), cudaEventElapsed = 28.116992950439453 (ms)
[RANK0] F @ 138.29150390625 (ms) to 166.419921875 (ms), cudaEventElapsed = 28.096511840820312 (ms)
[RANK0] F @ 166.61083984375 (ms) to 194.52001953125 (ms), cudaEventElapsed = 27.865087509155273 (ms)
[RANK0] B @ 271.46484375 (ms) to 304.80029296875 (ms), cudaEventElapsed = 33.28556823730469 (ms)
[RANK0] F @ 305.042236328125 (ms) to 331.383544921875 (ms), cudaEventElapsed = 26.306560516357422 (ms)
[RANK0] B @ 356.499755859375 (ms) to 390.377685546875 (ms), cudaEventElapsed = 33.83750534057617 (ms)
[RANK0] W @ 390.610107421875 (ms) to 406.516845703125 (ms), cudaEventElapsed = 15.865856170654297 (ms)
[RANK0] F @ 406.57080078125 (ms) to 434.36669921875 (ms), cudaEventElapsed = 27.76780891418457 (ms)
[RANK0] B @ 441.14990234375 (ms) to 478.413818359375 (ms), cudaEventElapsed = 37.22467041015625 (ms)
[RANK0] B @ 523.069091796875 (ms) to 556.240234375 (ms), cudaEventElapsed = 33.123870849609375 (ms)
[RANK0] W @ 556.305419921875 (ms) to 571.685546875 (ms), cudaEventElapsed = 15.349760055541992 (ms)
[RANK0] F @ 571.887451171875 (ms) to 601.6328125 (ms), cudaEventElapsed = 29.715456008911133 (ms)
[RANK0] B @ 636.158935546875 (ms) to 670.477783203125 (ms), cudaEventElapsed = 34.273536682128906 (ms)
[RANK0] B @ 686.5546875 (ms) to 720.08056640625 (ms), cudaEventElapsed = 33.491424560546875 (ms)
[RANK0] W @ 720.146728515625 (ms) to 735.730224609375 (ms), cudaEventElapsed = 15.554559707641602 (ms)
[RANK0] F @ 735.94287109375 (ms) to 765.595947265625 (ms), cudaEventElapsed = 29.622272491455078 (ms)
[RANK0] B @ 803.584228515625 (ms) to 837.694091796875 (ms), cudaEventElapsed = 34.070465087890625 (ms)
[RANK0] B @ 847.598876953125 (ms) to 881.308837890625 (ms), cudaEventElapsed = 33.674495697021484 (ms)
[RANK0] W @ 881.36865234375 (ms) to 897.74365234375 (ms), cudaEventElapsed = 16.348159790039062 (ms)
[RANK0] F @ 897.959716796875 (ms) to 927.492431640625 (ms), cudaEventElapsed = 29.500415802001953 (ms)
[RANK0] W @ 927.68994140625 (ms) to 978.598388671875 (ms), cudaEventElapsed = 14.66163158416748 (ms)
[RANK0] W @ 978.665283203125 (ms) to 993.4287109375 (ms), cudaEventElapsed = 14.727168083190918 (ms)
[RANK0] W @ 993.662841796875 (ms) to 1011.665771484375 (ms), cudaEventElapsed = 17.971200942993164 (ms)
[RANK0] W @ 1011.71240234375 (ms) to 1032.33447265625 (ms), cudaEventElapsed = 20.592639923095703 (ms)
[RANK0] B @ 1032.533447265625 (ms) to 1073.07958984375 (ms), cudaEventElapsed = 40.51375961303711 (ms)
[RANK0] W @ 1073.294189453125 (ms) to 1096.544921875 (ms), cudaEventElapsed = 18.365440368652344 (ms)
[RANK0] B @ 1096.72900390625 (ms) to 1134.487548828125 (ms), cudaEventElapsed = 37.72867202758789 (ms)
[RANK0] W @ 1134.54736328125 (ms) to 1152.3818359375 (ms), cudaEventElapsed = 17.80735969543457 (ms)
[RANK0] B @ 1188.508056640625 (ms) to 1223.0185546875 (ms), cudaEventElapsed = 34.47401428222656 (ms)
[RANK0] W @ 1223.07861328125 (ms) to 1239.410888671875 (ms), cudaEventElapsed = 16.305152893066406 (ms)
[RANK0] B @ 1288.779052734375 (ms) to 1322.07177734375 (ms), cudaEventElapsed = 33.2606086730957 (ms)
[RANK0] 1W @ 1322.128173828125 (ms) to 1337.8203125 (ms), cudaEventElapsed = 15.665151596069336 (ms)
[RANK0] Iteration 8
[RANK0] F @ 2.10986328125 (ms) to 27.372802734375 (ms), cudaEventElapsed = 25.226367950439453 (ms)
[RANK0] F @ 27.589111328125 (ms) to 53.2958984375 (ms), cudaEventElapsed = 25.669631958007812 (ms)
[RANK0] F @ 53.494384765625 (ms) to 80.484375 (ms), cudaEventElapsed = 26.951679229736328 (ms)
[RANK0] F @ 80.686279296875 (ms) to 109.001953125 (ms), cudaEventElapsed = 28.278783798217773 (ms)
[RANK0] F @ 109.246826171875 (ms) to 137.51611328125 (ms), cudaEventElapsed = 28.220415115356445 (ms)
[RANK0] F @ 137.7255859375 (ms) to 165.529052734375 (ms), cudaEventElapsed = 27.76473617553711 (ms)
[RANK0] F @ 165.716064453125 (ms) to 193.65625 (ms), cudaEventElapsed = 27.906047821044922 (ms)
[RANK0] B @ 271.545654296875 (ms) to 304.941650390625 (ms), cudaEventElapsed = 33.33302307128906 (ms)
[RANK0] F @ 305.206787109375 (ms) to 331.592529296875 (ms), cudaEventElapsed = 26.340351104736328 (ms)
[RANK0] B @ 356.48388671875 (ms) to 390.470947265625 (ms), cudaEventElapsed = 33.897918701171875 (ms)
[RANK0] W @ 390.8466796875 (ms) to 407.054931640625 (ms), cudaEventElapsed = 16.167936325073242 (ms)
[RANK0] F @ 407.13232421875 (ms) to 435.7470703125 (ms), cudaEventElapsed = 28.58393669128418 (ms)
[RANK0] B @ 440.854248046875 (ms) to 478.688720703125 (ms), cudaEventElapsed = 37.79542541503906 (ms)
[RANK0] B @ 523.72265625 (ms) to 556.97314453125 (ms), cudaEventElapsed = 33.20764923095703 (ms)
[RANK0] W @ 557.044921875 (ms) to 572.541748046875 (ms), cudaEventElapsed = 15.464447975158691 (ms)
[RANK0] F @ 572.827880859375 (ms) to 601.269287109375 (ms), cudaEventElapsed = 28.4006404876709 (ms)
[RANK0] B @ 637.654541015625 (ms) to 672.05419921875 (ms), cudaEventElapsed = 34.350433349609375 (ms)
[RANK0] B @ 686.6982421875 (ms) to 720.10693359375 (ms), cudaEventElapsed = 33.37014389038086 (ms)
[RANK0] W @ 720.179443359375 (ms) to 736.024169921875 (ms), cudaEventElapsed = 15.807488441467285 (ms)
[RANK0] F @ 736.28515625 (ms) to 766.411376953125 (ms), cudaEventElapsed = 30.091264724731445 (ms)
[RANK0] B @ 803.442626953125 (ms) to 837.74951171875 (ms), cudaEventElapsed = 34.24732971191406 (ms)
[RANK0] B @ 847.616455078125 (ms) to 881.77392578125 (ms), cudaEventElapsed = 34.12179183959961 (ms)
[RANK0] W @ 881.8466796875 (ms) to 898.493896484375 (ms), cudaEventElapsed = 16.61030387878418 (ms)
[RANK0] F @ 898.72705078125 (ms) to 929.029541015625 (ms), cudaEventElapsed = 30.270463943481445 (ms)
[RANK0] W @ 929.24560546875 (ms) to 978.569091796875 (ms), cudaEventElapsed = 14.659584045410156 (ms)
[RANK0] W @ 978.635009765625 (ms) to 994.72900390625 (ms), cudaEventElapsed = 16.058368682861328 (ms)
[RANK0] W @ 994.95361328125 (ms) to 1013.420166015625 (ms), cudaEventElapsed = 18.43507194519043 (ms)
[RANK0] W @ 1013.468505859375 (ms) to 1033.87060546875 (ms), cudaEventElapsed = 20.372480392456055 (ms)
[RANK0] B @ 1034.05859375 (ms) to 1074.307861328125 (ms), cudaEventElapsed = 40.219329833984375 (ms)
[RANK0] W @ 1074.5263671875 (ms) to 1094.76611328125 (ms), cudaEventElapsed = 18.02444839477539 (ms)
[RANK0] B @ 1094.9443359375 (ms) to 1133.11865234375 (ms), cudaEventElapsed = 38.14441680908203 (ms)
[RANK0] W @ 1133.177734375 (ms) to 1151.17138671875 (ms), cudaEventElapsed = 17.961984634399414 (ms)
[RANK0] B @ 1187.69580078125 (ms) to 1221.865966796875 (ms), cudaEventElapsed = 34.13417434692383 (ms)
[RANK0] W @ 1221.925048828125 (ms) to 1237.598876953125 (ms), cudaEventElapsed = 15.648768424987793 (ms)
[RANK0] B @ 1289.21484375 (ms) to 1322.38037109375 (ms), cudaEventElapsed = 33.13148880004883 (ms)
[RANK0] 1W @ 1322.435791015625 (ms) to 1337.390625 (ms), cudaEventElapsed = 14.928895950317383 (ms)
[RANK0] Iteration 9
[RANK0] F @ 2.062744140625 (ms) to 27.338623046875 (ms), cudaEventElapsed = 25.243104934692383 (ms)
[RANK0] F @ 27.554443359375 (ms) to 53.627685546875 (ms), cudaEventElapsed = 26.038272857666016 (ms)
[RANK0] F @ 53.826171875 (ms) to 81.187744140625 (ms), cudaEventElapsed = 27.32748794555664 (ms)
[RANK0] F @ 81.38232421875 (ms) to 109.629150390625 (ms), cudaEventElapsed = 28.216320037841797 (ms)
[RANK0] F @ 109.832275390625 (ms) to 138.23974609375 (ms), cudaEventElapsed = 28.37504005432129 (ms)
[RANK0] F @ 138.439208984375 (ms) to 166.16943359375 (ms), cudaEventElapsed = 27.69817543029785 (ms)
[RANK0] F @ 166.3583984375 (ms) to 194.265380859375 (ms), cudaEventElapsed = 27.872255325317383 (ms)
[RANK0] B @ 401.80322265625 (ms) to 435.178955078125 (ms), cudaEventElapsed = 33.311519622802734 (ms)
[RANK0] F @ 435.44287109375 (ms) to 461.479248046875 (ms), cudaEventElapsed = 26.005504608154297 (ms)
[RANK0] B @ 610.068359375 (ms) to 643.381103515625 (ms), cudaEventElapsed = 33.22351837158203 (ms)
[RANK0] W @ 643.666259765625 (ms) to 659.289306640625 (ms), cudaEventElapsed = 15.591423988342285 (ms)
[RANK0] F @ 659.34423828125 (ms) to 688.5517578125 (ms), cudaEventElapsed = 29.17478370666504 (ms)
[RANK0] B @ 820.7734375 (ms) to 854.927001953125 (ms), cudaEventElapsed = 34.088897705078125 (ms)
[RANK0] B @ 1029.425537109375 (ms) to 1062.758544921875 (ms), cudaEventElapsed = 33.25923156738281 (ms)
[RANK0] W @ 1062.8994140625 (ms) to 1078.1796875 (ms), cudaEventElapsed = 15.237119674682617 (ms)
[RANK0] F @ 1078.457763671875 (ms) to 1107.267333984375 (ms), cudaEventElapsed = 28.76416015625 (ms)
[RANK0] B @ 1264.129638671875 (ms) to 1298.259765625 (ms), cudaEventElapsed = 34.06035232543945 (ms)
[RANK0] B @ 1432.5498046875 (ms) to 1465.738037109375 (ms), cudaEventElapsed = 33.122528076171875 (ms)
[RANK0] W @ 1465.830322265625 (ms) to 1480.8427734375 (ms), cudaEventElapsed = 14.97702407836914 (ms)
[RANK0] F @ 1481.10400390625 (ms) to 1510.57421875 (ms), cudaEventElapsed = 29.433855056762695 (ms)
[RANK0] B @ 1669.213134765625 (ms) to 1703.36181640625 (ms), cudaEventElapsed = 34.06630325317383 (ms)
[RANK0] B @ 1838.40966796875 (ms) to 1871.712158203125 (ms), cudaEventElapsed = 33.249183654785156 (ms)
[RANK0] W @ 1871.796142578125 (ms) to 1886.845703125 (ms), cudaEventElapsed = 15.021056175231934 (ms)
[RANK0] F @ 1887.09375 (ms) to 1916.080322265625 (ms), cudaEventElapsed = 28.95155143737793 (ms)
[RANK0] W @ 1916.273681640625 (ms) to 2085.703369140625 (ms), cudaEventElapsed = 14.470144271850586 (ms)
[RANK0] W @ 2085.793212890625 (ms) to 2100.424072265625 (ms), cudaEventElapsed = 14.58687973022461 (ms)
[RANK0] W @ 2100.66845703125 (ms) to 2118.4208984375 (ms), cudaEventElapsed = 17.722368240356445 (ms)
[RANK0] W @ 2118.46630859375 (ms) to 2138.97900390625 (ms), cudaEventElapsed = 20.48512077331543 (ms)
[RANK0] B @ 2139.15478515625 (ms) to 2180.02294921875 (ms), cudaEventElapsed = 40.839263916015625 (ms)
[RANK0] W @ 2180.285888671875 (ms) to 2322.114990234375 (ms), cudaEventElapsed = 14.646271705627441 (ms)
[RANK0] B @ 2322.4052734375 (ms) to 2357.7724609375 (ms), cudaEventElapsed = 35.32553482055664 (ms)
[RANK0] W @ 2357.842529296875 (ms) to 2374.74609375 (ms), cudaEventElapsed = 16.873472213745117 (ms)
[RANK0] B @ 2530.42724609375 (ms) to 2564.422607421875 (ms), cudaEventElapsed = 33.94627380371094 (ms)
[RANK0] W @ 2564.493896484375 (ms) to 2580.008544921875 (ms), cudaEventElapsed = 15.48697566986084 (ms)
[RANK0] B @ 2754.75244140625 (ms) to 2787.888427734375 (ms), cudaEventElapsed = 33.0928955078125 (ms)
[RANK0] 1W @ 2787.96142578125 (ms) to 2802.91162109375 (ms), cudaEventElapsed = 14.920703887939453 (ms)
[RANK0] Iteration 10
[RANK0] F @ 2.01123046875 (ms) to 27.283203125 (ms), cudaEventElapsed = 25.229856491088867 (ms)
[RANK0] F @ 27.50146484375 (ms) to 52.960205078125 (ms), cudaEventElapsed = 25.420799255371094 (ms)
[RANK0] F @ 53.1669921875 (ms) to 80.582763671875 (ms), cudaEventElapsed = 27.37868881225586 (ms)
[RANK0] F @ 80.76708984375 (ms) to 108.89501953125 (ms), cudaEventElapsed = 28.09343910217285 (ms)
[RANK0] F @ 109.123046875 (ms) to 137.06494140625 (ms), cudaEventElapsed = 27.899904251098633 (ms)
[RANK0] F @ 137.34228515625 (ms) to 165.6328125 (ms), cudaEventElapsed = 28.249088287353516 (ms)
[RANK0] F @ 165.835693359375 (ms) to 193.6640625 (ms), cudaEventElapsed = 27.792383193969727 (ms)
[RANK0] B @ 400.3544921875 (ms) to 433.67431640625 (ms), cudaEventElapsed = 33.256446838378906 (ms)
[RANK0] F @ 433.937255859375 (ms) to 460.58056640625 (ms), cudaEventElapsed = 26.611711502075195 (ms)
[RANK0] B @ 609.3798828125 (ms) to 642.68017578125 (ms), cudaEventElapsed = 33.250144958496094 (ms)
[RANK0] W @ 642.92626953125 (ms) to 658.443115234375 (ms), cudaEventElapsed = 15.47980785369873 (ms)
[RANK0] F @ 658.494873046875 (ms) to 687.44287109375 (ms), cudaEventElapsed = 28.917760848999023 (ms)
[RANK0] B @ 821.68505859375 (ms) to 855.854248046875 (ms), cudaEventElapsed = 34.087039947509766 (ms)
[RANK0] B @ 1028.721923828125 (ms) to 1062.140869140625 (ms), cudaEventElapsed = 33.355743408203125 (ms)
[RANK0] W @ 1062.221923828125 (ms) to 1077.390625 (ms), cudaEventElapsed = 15.142911911010742 (ms)
[RANK0] F @ 1077.6357421875 (ms) to 1106.99365234375 (ms), cudaEventElapsed = 29.321216583251953 (ms)
[RANK0] B @ 1262.917724609375 (ms) to 1296.930908203125 (ms), cudaEventElapsed = 33.954654693603516 (ms)
[RANK0] B @ 1434.59326171875 (ms) to 1467.791748046875 (ms), cudaEventElapsed = 33.14611053466797 (ms)
[RANK0] W @ 1467.869384765625 (ms) to 1482.969970703125 (ms), cudaEventElapsed = 15.068160057067871 (ms)
[RANK0] F @ 1483.215087890625 (ms) to 1511.136962890625 (ms), cudaEventElapsed = 27.887615203857422 (ms)
[RANK0] B @ 1670.73388671875 (ms) to 1704.971923828125 (ms), cudaEventElapsed = 34.169151306152344 (ms)
[RANK0] B @ 1840.70166015625 (ms) to 1873.83447265625 (ms), cudaEventElapsed = 33.08291244506836 (ms)
[RANK0] W @ 1873.904052734375 (ms) to 1889.00537109375 (ms), cudaEventElapsed = 15.06611156463623 (ms)
[RANK0] F @ 1889.255615234375 (ms) to 1918.545654296875 (ms), cudaEventElapsed = 29.256704330444336 (ms)
[RANK0] W @ 1918.730224609375 (ms) to 2087.681640625 (ms), cudaEventElapsed = 14.47935962677002 (ms)
[RANK0] W @ 2087.794677734375 (ms) to 2103.21728515625 (ms), cudaEventElapsed = 15.375359535217285 (ms)
[RANK0] W @ 2103.49853515625 (ms) to 2121.141357421875 (ms), cudaEventElapsed = 17.60972785949707 (ms)
[RANK0] W @ 2121.189697265625 (ms) to 2141.83544921875 (ms), cudaEventElapsed = 20.617216110229492 (ms)
[RANK0] B @ 2142.036865234375 (ms) to 2182.460693359375 (ms), cudaEventElapsed = 40.39155197143555 (ms)
[RANK0] W @ 2182.710693359375 (ms) to 2322.97900390625 (ms), cudaEventElapsed = 14.676992416381836 (ms)
[RANK0] B @ 2323.310546875 (ms) to 2358.25439453125 (ms), cudaEventElapsed = 34.89449691772461 (ms)
[RANK0] W @ 2358.323974609375 (ms) to 2375.239501953125 (ms), cudaEventElapsed = 16.886783599853516 (ms)
[RANK0] B @ 2532.547119140625 (ms) to 2566.797607421875 (ms), cudaEventElapsed = 34.180511474609375 (ms)
[RANK0] W @ 2566.883056640625 (ms) to 2582.4599609375 (ms), cudaEventElapsed = 15.541248321533203 (ms)
[RANK0] B @ 2755.47119140625 (ms) to 2788.814453125 (ms), cudaEventElapsed = 33.286720275878906 (ms)
[RANK0] 1W @ 2788.899169921875 (ms) to 2803.978271484375 (ms), cudaEventElapsed = 15.049728393554688 (ms)
[RANK0] Iteration 11
[RANK0] F @ 2.16259765625 (ms) to 27.69482421875 (ms), cudaEventElapsed = 25.496095657348633 (ms)
[RANK0] F @ 27.906494140625 (ms) to 53.59619140625 (ms), cudaEventElapsed = 25.652223587036133 (ms)
[RANK0] F @ 53.79345703125 (ms) to 81.235107421875 (ms), cudaEventElapsed = 27.410432815551758 (ms)
[RANK0] F @ 81.428955078125 (ms) to 109.368896484375 (ms), cudaEventElapsed = 27.894784927368164 (ms)
[RANK0] F @ 109.591064453125 (ms) to 137.6494140625 (ms), cudaEventElapsed = 28.019712448120117 (ms)
[RANK0] F @ 137.856201171875 (ms) to 165.90771484375 (ms), cudaEventElapsed = 28.015615463256836 (ms)
[RANK0] F @ 166.093505859375 (ms) to 194.210205078125 (ms), cudaEventElapsed = 28.085248947143555 (ms)
[RANK0] B @ 400.050048828125 (ms) to 433.464599609375 (ms), cudaEventElapsed = 33.35331344604492 (ms)
[RANK0] F @ 433.714599609375 (ms) to 460.172607421875 (ms), cudaEventElapsed = 26.424320220947266 (ms)
[RANK0] B @ 608.880126953125 (ms) to 642.162841796875 (ms), cudaEventElapsed = 33.232608795166016 (ms)
[RANK0] W @ 642.394775390625 (ms) to 657.652587890625 (ms), cudaEventElapsed = 15.227904319763184 (ms)
[RANK0] F @ 657.70361328125 (ms) to 685.250244140625 (ms), cudaEventElapsed = 27.51897621154785 (ms)
[RANK0] B @ 939.0439453125 (ms) to 973.153564453125 (ms), cudaEventElapsed = 34.05545425415039 (ms)
[RANK0] B @ 1063.577880859375 (ms) to 1096.705810546875 (ms), cudaEventElapsed = 33.08457565307617 (ms)
[RANK0] W @ 1096.776611328125 (ms) to 1111.958251953125 (ms), cudaEventElapsed = 15.151103973388672 (ms)
[RANK0] F @ 1112.166259765625 (ms) to 1140.673095703125 (ms), cudaEventElapsed = 28.476415634155273 (ms)
[RANK0] B @ 1418.98486328125 (ms) to 1453.181396484375 (ms), cudaEventElapsed = 34.12966537475586 (ms)
[RANK0] B @ 1541.566162109375 (ms) to 1574.82861328125 (ms), cudaEventElapsed = 33.210208892822266 (ms)
[RANK0] W @ 1574.90283203125 (ms) to 1590.09619140625 (ms), cudaEventElapsed = 15.160320281982422 (ms)
[RANK0] F @ 1590.333251953125 (ms) to 1619.083251953125 (ms), cudaEventElapsed = 28.719104766845703 (ms)
[RANK0] B @ 1897.3232421875 (ms) to 1931.462890625 (ms), cudaEventElapsed = 34.08019256591797 (ms)
[RANK0] B @ 2019.86962890625 (ms) to 2053.000244140625 (ms), cudaEventElapsed = 33.092769622802734 (ms)
[RANK0] W @ 2053.058837890625 (ms) to 2068.214599609375 (ms), cudaEventElapsed = 15.125503540039062 (ms)
[RANK0] F @ 2068.43359375 (ms) to 2097.890869140625 (ms), cudaEventElapsed = 29.418495178222656 (ms)
[RANK0] W @ 2098.083984375 (ms) to 2388.523681640625 (ms), cudaEventElapsed = 14.512127876281738 (ms)
[RANK0] W @ 2388.5966796875 (ms) to 2403.220458984375 (ms), cudaEventElapsed = 14.585856437683105 (ms)
[RANK0] W @ 2403.458984375 (ms) to 2421.3134765625 (ms), cudaEventElapsed = 17.82169532775879 (ms)
[RANK0] W @ 2421.358154296875 (ms) to 2441.935546875 (ms), cudaEventElapsed = 20.551679611206055 (ms)
[RANK0] B @ 2442.10107421875 (ms) to 2482.718017578125 (ms), cudaEventElapsed = 40.58732986450195 (ms)
[RANK0] W @ 2482.904052734375 (ms) to 2599.7900390625 (ms), cudaEventElapsed = 14.672896385192871 (ms)
[RANK0] B @ 2599.96435546875 (ms) to 2635.685546875 (ms), cudaEventElapsed = 35.69267272949219 (ms)
[RANK0] W @ 2635.739990234375 (ms) to 2653.509521484375 (ms), cudaEventElapsed = 17.742847442626953 (ms)
[RANK0] B @ 2808.57373046875 (ms) to 2842.584716796875 (ms), cudaEventElapsed = 33.945438385009766 (ms)
[RANK0] W @ 2842.775634765625 (ms) to 2858.449462890625 (ms), cudaEventElapsed = 15.583231925964355 (ms)
[RANK0] B @ 3032.157958984375 (ms) to 3065.4189453125 (ms), cudaEventElapsed = 33.19910430908203 (ms)
[RANK0] 1W @ 3065.496826171875 (ms) to 3080.656982421875 (ms), cudaEventElapsed = 15.131648063659668 (ms)
[RANK0] Iteration 12
[RANK0] F @ 2.042724609375 (ms) to 27.298095703125 (ms), cudaEventElapsed = 25.222240447998047 (ms)
[RANK0] F @ 27.50830078125 (ms) to 177.165771484375 (ms), cudaEventElapsed = 24.060928344726562 (ms)
[RANK0] F @ 177.36865234375 (ms) to 328.4296875 (ms), cudaEventElapsed = 24.07935905456543 (ms)
[RANK0] F @ 328.678955078125 (ms) to 477.41845703125 (ms), cudaEventElapsed = 24.371200561523438 (ms)
[RANK0] F @ 477.646240234375 (ms) to 629.387451171875 (ms), cudaEventElapsed = 24.399871826171875 (ms)
[RANK0] F @ 629.6240234375 (ms) to 777.4453125 (ms), cudaEventElapsed = 24.10495948791504 (ms)
[RANK0] F @ 777.654052734375 (ms) to 929.526123046875 (ms), cudaEventElapsed = 24.353792190551758 (ms)
[RANK0] B @ 1178.428466796875 (ms) to 1211.71142578125 (ms), cudaEventElapsed = 33.23583984375 (ms)
[RANK0] F @ 1211.959228515625 (ms) to 1237.81298828125 (ms), cudaEventElapsed = 25.821184158325195 (ms)
[RANK0] B @ 1507.51611328125 (ms) to 1540.814208984375 (ms), cudaEventElapsed = 33.236576080322266 (ms)
[RANK0] W @ 1541.07080078125 (ms) to 1556.61767578125 (ms), cudaEventElapsed = 15.515647888183594 (ms)
[RANK0] F @ 1556.669189453125 (ms) to 1585.457275390625 (ms), cudaEventElapsed = 28.76006317138672 (ms)
[RANK0] B @ 1804.475830078125 (ms) to 1838.591796875 (ms), cudaEventElapsed = 34.06288146972656 (ms)
[RANK0] B @ 1928.94140625 (ms) to 1962.001953125 (ms), cudaEventElapsed = 33.01776123046875 (ms)
[RANK0] W @ 1962.0693359375 (ms) to 1977.205078125 (ms), cudaEventElapsed = 15.10912036895752 (ms)
[RANK0] F @ 1977.425537109375 (ms) to 2006.648193359375 (ms), cudaEventElapsed = 29.189119338989258 (ms)
[RANK0] B @ 2284.876708984375 (ms) to 2318.931884765625 (ms), cudaEventElapsed = 33.99897766113281 (ms)
[RANK0] B @ 2407.746337890625 (ms) to 2440.845458984375 (ms), cudaEventElapsed = 33.03420639038086 (ms)
[RANK0] W @ 2441.026123046875 (ms) to 2456.252685546875 (ms), cudaEventElapsed = 15.139840126037598 (ms)
[RANK0] F @ 2456.63427734375 (ms) to 2486.193115234375 (ms), cudaEventElapsed = 29.51372718811035 (ms)
[RANK0] B @ 2762.300537109375 (ms) to 2796.37451171875 (ms), cudaEventElapsed = 34.017215728759766 (ms)
[RANK0] B @ 2885.023681640625 (ms) to 2918.076416015625 (ms), cudaEventElapsed = 33.016414642333984 (ms)
[RANK0] W @ 2918.13916015625 (ms) to 2933.37548828125 (ms), cudaEventElapsed = 15.209471702575684 (ms)
[RANK0] F @ 2933.578857421875 (ms) to 2961.71240234375 (ms), cudaEventElapsed = 28.104703903198242 (ms)
[RANK0] W @ 2961.9072265625 (ms) to 3251.959228515625 (ms), cudaEventElapsed = 14.446592330932617 (ms)
[RANK0] W @ 3252.03564453125 (ms) to 3267.29052734375 (ms), cudaEventElapsed = 15.217663764953613 (ms)
[RANK0] W @ 3267.523681640625 (ms) to 3285.122802734375 (ms), cudaEventElapsed = 17.565696716308594 (ms)
[RANK0] W @ 3285.171142578125 (ms) to 3305.83349609375 (ms), cudaEventElapsed = 20.635648727416992 (ms)
[RANK0] B @ 3306.00341796875 (ms) to 3346.5400390625 (ms), cudaEventElapsed = 40.507713317871094 (ms)
[RANK0] W @ 3346.7333984375 (ms) to 3463.00634765625 (ms), cudaEventElapsed = 14.672896385192871 (ms)
[RANK0] B @ 3463.202392578125 (ms) to 3498.1337890625 (ms), cudaEventElapsed = 34.90099334716797 (ms)
[RANK0] W @ 3498.19384765625 (ms) to 3515.39892578125 (ms), cudaEventElapsed = 17.18067169189453 (ms)
[RANK0] B @ 3672.468994140625 (ms) to 3706.451904296875 (ms), cudaEventElapsed = 33.94675064086914 (ms)
[RANK0] W @ 3706.508056640625 (ms) to 3721.93505859375 (ms), cudaEventElapsed = 15.400959968566895 (ms)
[RANK0] B @ 3895.744873046875 (ms) to 3928.85205078125 (ms), cudaEventElapsed = 33.07612609863281 (ms)
[RANK0] 1W @ 3928.908447265625 (ms) to 3943.968994140625 (ms), cudaEventElapsed = 15.035391807556152 (ms)
[RANK0] Iteration 13
[RANK0] F @ 1.986328125 (ms) to 27.166015625 (ms), cudaEventElapsed = 25.147584915161133 (ms)
[RANK0] F @ 27.3828125 (ms) to 179.067626953125 (ms), cudaEventElapsed = 24.224767684936523 (ms)
[RANK0] F @ 179.284423828125 (ms) to 327.894775390625 (ms), cudaEventElapsed = 24.061952590942383 (ms)
[RANK0] F @ 328.1025390625 (ms) to 479.922607421875 (ms), cudaEventElapsed = 24.26265525817871 (ms)
[RANK0] F @ 480.18115234375 (ms) to 628.908203125 (ms), cudaEventElapsed = 24.415231704711914 (ms)
[RANK0] F @ 629.171142578125 (ms) to 780.75390625 (ms), cudaEventElapsed = 24.617984771728516 (ms)
[RANK0] F @ 781.002197265625 (ms) to 928.926513671875 (ms), cudaEventElapsed = 24.253440856933594 (ms)
[RANK0] B @ 1180.225341796875 (ms) to 1213.38525390625 (ms), cudaEventElapsed = 33.116607666015625 (ms)
[RANK0] F @ 1213.640869140625 (ms) to 1239.94384765625 (ms), cudaEventElapsed = 26.270719528198242 (ms)
[RANK0] B @ 1509.051513671875 (ms) to 1542.375 (ms), cudaEventElapsed = 33.26345443725586 (ms)
[RANK0] W @ 1542.626708984375 (ms) to 1558.1240234375 (ms), cudaEventElapsed = 15.465472221374512 (ms)
[RANK0] F @ 1558.17822265625 (ms) to 1586.526123046875 (ms), cudaEventElapsed = 28.319744110107422 (ms)
[RANK0] B @ 1802.818359375 (ms) to 1836.880126953125 (ms), cudaEventElapsed = 34.001407623291016 (ms)
[RANK0] B @ 1927.314208984375 (ms) to 1960.4443359375 (ms), cudaEventElapsed = 33.078399658203125 (ms)
[RANK0] W @ 1960.5146484375 (ms) to 1975.710693359375 (ms), cudaEventElapsed = 15.168512344360352 (ms)
[RANK0] F @ 1975.932861328125 (ms) to 2005.31982421875 (ms), cudaEventElapsed = 29.3570556640625 (ms)
[RANK0] B @ 2280.17919921875 (ms) to 2314.26025390625 (ms), cudaEventElapsed = 34.019134521484375 (ms)
[RANK0] B @ 2402.8076171875 (ms) to 2435.87255859375 (ms), cudaEventElapsed = 33.0252799987793 (ms)
[RANK0] W @ 2435.937255859375 (ms) to 2450.765380859375 (ms), cudaEventElapsed = 14.797823905944824 (ms)
[RANK0] F @ 2450.979248046875 (ms) to 2480.791015625 (ms), cudaEventElapsed = 29.78099250793457 (ms)
[RANK0] B @ 2758.557373046875 (ms) to 2792.650634765625 (ms), cudaEventElapsed = 34.02604675292969 (ms)
[RANK0] B @ 2881.124755859375 (ms) to 2914.1474609375 (ms), cudaEventElapsed = 32.971710205078125 (ms)
[RANK0] W @ 2914.2216796875 (ms) to 2929.02099609375 (ms), cudaEventElapsed = 14.76915168762207 (ms)
[RANK0] F @ 2929.238525390625 (ms) to 2958.372314453125 (ms), cudaEventElapsed = 29.104127883911133 (ms)
[RANK0] W @ 2958.56591796875 (ms) to 3250.34716796875 (ms), cudaEventElapsed = 14.459903717041016 (ms)
[RANK0] W @ 3250.431396484375 (ms) to 3265.44970703125 (ms), cudaEventElapsed = 14.980095863342285 (ms)
[RANK0] W @ 3265.68310546875 (ms) to 3283.34814453125 (ms), cudaEventElapsed = 17.63327980041504 (ms)
[RANK0] W @ 3283.39306640625 (ms) to 3304.0791015625 (ms), cudaEventElapsed = 20.66022491455078 (ms)
[RANK0] B @ 3304.250732421875 (ms) to 3345.17333984375 (ms), cudaEventElapsed = 40.89263916015625 (ms)
[RANK0] W @ 3345.385498046875 (ms) to 3461.770751953125 (ms), cudaEventElapsed = 14.637056350708008 (ms)
[RANK0] B @ 3461.951904296875 (ms) to 3496.75830078125 (ms), cudaEventElapsed = 34.776512145996094 (ms)
[RANK0] W @ 3496.822265625 (ms) to 3513.921630859375 (ms), cudaEventElapsed = 17.072128295898438 (ms)
[RANK0] B @ 3670.74072265625 (ms) to 3704.660888671875 (ms), cudaEventElapsed = 33.88374328613281 (ms)
[RANK0] W @ 3704.7197265625 (ms) to 3720.00634765625 (ms), cudaEventElapsed = 15.260671615600586 (ms)
[RANK0] B @ 3893.269287109375 (ms) to 3926.316162109375 (ms), cudaEventElapsed = 33.008609771728516 (ms)
[RANK0] 1W @ 3926.37841796875 (ms) to 3941.51416015625 (ms), cudaEventElapsed = 15.107071876525879 (ms)
[RANK0] Iteration 14
[RANK0] F @ 2.02783203125 (ms) to 26.962158203125 (ms), cudaEventElapsed = 24.903072357177734 (ms)
[RANK0] F @ 27.171142578125 (ms) to 178.5380859375 (ms), cudaEventElapsed = 24.046592712402344 (ms)
[RANK0] F @ 178.7431640625 (ms) to 326.86474609375 (ms), cudaEventElapsed = 24.027135848999023 (ms)
[RANK0] F @ 327.060791015625 (ms) to 477.363037109375 (ms), cudaEventElapsed = 24.08140754699707 (ms)
[RANK0] F @ 477.5673828125 (ms) to 624.936279296875 (ms), cudaEventElapsed = 24.208383560180664 (ms)
[RANK0] F @ 625.198974609375 (ms) to 776.80078125 (ms), cudaEventElapsed = 24.637439727783203 (ms)
[RANK0] F @ 777.045654296875 (ms) to 924.155517578125 (ms), cudaEventElapsed = 24.28108787536621 (ms)
[RANK0] B @ 1175.09912109375 (ms) to 1208.23974609375 (ms), cudaEventElapsed = 33.0937614440918 (ms)
[RANK0] F @ 1208.47412109375 (ms) to 1234.42724609375 (ms), cudaEventElapsed = 25.91846466064453 (ms)
[RANK0] B @ 1502.46240234375 (ms) to 1535.765625 (ms), cudaEventElapsed = 33.244991302490234 (ms)
[RANK0] W @ 1536.02099609375 (ms) to 1551.491943359375 (ms), cudaEventElapsed = 15.434752464294434 (ms)
[RANK0] F @ 1551.54296875 (ms) to 1579.838134765625 (ms), cudaEventElapsed = 28.265472412109375 (ms)
[RANK0] B @ 1796.56005859375 (ms) to 1830.68017578125 (ms), cudaEventElapsed = 34.061214447021484 (ms)
[RANK0] B @ 1921.013427734375 (ms) to 1954.1455078125 (ms), cudaEventElapsed = 33.090049743652344 (ms)
[RANK0] W @ 1954.2099609375 (ms) to 1969.359130859375 (ms), cudaEventElapsed = 15.121408462524414 (ms)
[RANK0] F @ 1969.58203125 (ms) to 1998.85107421875 (ms), cudaEventElapsed = 29.236223220825195 (ms)
[RANK0] B @ 2274.465087890625 (ms) to 2308.415771484375 (ms), cudaEventElapsed = 33.898433685302734 (ms)
[RANK0] B @ 2397.129150390625 (ms) to 2430.203125 (ms), cudaEventElapsed = 33.03446578979492 (ms)
[RANK0] W @ 2430.270751953125 (ms) to 2445.146240234375 (ms), cudaEventElapsed = 14.844927787780762 (ms)
[RANK0] F @ 2445.351318359375 (ms) to 2474.814697265625 (ms), cudaEventElapsed = 29.432832717895508 (ms)
[RANK0] B @ 2753.264404296875 (ms) to 2787.3642578125 (ms), cudaEventElapsed = 34.02790451049805 (ms)
[RANK0] B @ 2876.02685546875 (ms) to 2909.280029296875 (ms), cudaEventElapsed = 33.1943359375 (ms)
[RANK0] W @ 2909.35107421875 (ms) to 2924.14501953125 (ms), cudaEventElapsed = 14.76095962524414 (ms)
[RANK0] F @ 2924.368408203125 (ms) to 2954.094482421875 (ms), cudaEventElapsed = 29.693952560424805 (ms)
[RANK0] W @ 2954.298583984375 (ms) to 3244.996826171875 (ms), cudaEventElapsed = 14.428159713745117 (ms)
[RANK0] W @ 3245.096435546875 (ms) to 3259.83984375 (ms), cudaEventElapsed = 14.699520111083984 (ms)
[RANK0] W @ 3260.075927734375 (ms) to 3277.247802734375 (ms), cudaEventElapsed = 17.142784118652344 (ms)
[RANK0] W @ 3277.292236328125 (ms) to 3297.405517578125 (ms), cudaEventElapsed = 20.08576011657715 (ms)
[RANK0] B @ 3297.585693359375 (ms) to 3338.274658203125 (ms), cudaEventElapsed = 40.66019058227539 (ms)
[RANK0] W @ 3338.47900390625 (ms) to 3457.16845703125 (ms), cudaEventElapsed = 14.633983612060547 (ms)
[RANK0] B @ 3457.36376953125 (ms) to 3492.573486328125 (ms), cudaEventElapsed = 35.179710388183594 (ms)
[RANK0] W @ 3492.62939453125 (ms) to 3510.325439453125 (ms), cudaEventElapsed = 17.66912078857422 (ms)
[RANK0] B @ 3665.4755859375 (ms) to 3699.40966796875 (ms), cudaEventElapsed = 33.89775848388672 (ms)
[RANK0] W @ 3699.468017578125 (ms) to 3714.90966796875 (ms), cudaEventElapsed = 15.416319847106934 (ms)
[RANK0] B @ 3888.1357421875 (ms) to 3921.156005859375 (ms), cudaEventElapsed = 32.979713439941406 (ms)
[RANK0] 1W @ 3921.215576171875 (ms) to 3936.290283203125 (ms), cudaEventElapsed = 15.049728393554688 (ms)
[RANK0] Iteration 15
[RANK0] F @ 2.01416015625 (ms) to 27.2646484375 (ms), cudaEventElapsed = 25.21753692626953 (ms)
[RANK0] F @ 27.484619140625 (ms) to 178.57958984375 (ms), cudaEventElapsed = 23.968767166137695 (ms)
[RANK0] F @ 178.77734375 (ms) to 328.3115234375 (ms), cudaEventElapsed = 23.999488830566406 (ms)
[RANK0] F @ 328.500244140625 (ms) to 478.3056640625 (ms), cudaEventElapsed = 24.06707191467285 (ms)
[RANK0] F @ 478.501708984375 (ms) to 628.46728515625 (ms), cudaEventElapsed = 24.207359313964844 (ms)
[RANK0] F @ 628.67578125 (ms) to 777.907470703125 (ms), cudaEventElapsed = 24.023040771484375 (ms)
[RANK0] F @ 778.10009765625 (ms) to 927.195068359375 (ms), cudaEventElapsed = 24.428543090820312 (ms)
[RANK0] B @ 1177.229736328125 (ms) to 1210.45751953125 (ms), cudaEventElapsed = 33.183616638183594 (ms)
[RANK0] F @ 1210.700927734375 (ms) to 1237.2861328125 (ms), cudaEventElapsed = 26.55129623413086 (ms)
[RANK0] B @ 1505.59521484375 (ms) to 1538.873291015625 (ms), cudaEventElapsed = 33.22102355957031 (ms)
[RANK0] W @ 1539.115234375 (ms) to 1554.359130859375 (ms), cudaEventElapsed = 15.214591979980469 (ms)
[RANK0] F @ 1554.41015625 (ms) to 1581.94140625 (ms), cudaEventElapsed = 27.503616333007812 (ms)
[RANK0] B @ 1800.208251953125 (ms) to 1834.4521484375 (ms), cudaEventElapsed = 34.17625427246094 (ms)
[RANK0] B @ 1925.197509765625 (ms) to 1958.27001953125 (ms), cudaEventElapsed = 33.0302734375 (ms)
[RANK0] W @ 1958.3359375 (ms) to 1973.396484375 (ms), cudaEventElapsed = 15.034367561340332 (ms)
[RANK0] F @ 1973.6123046875 (ms) to 2001.457275390625 (ms), cudaEventElapsed = 27.814912796020508 (ms)
[RANK0] B @ 2279.959716796875 (ms) to 2314.062255859375 (ms), cudaEventElapsed = 34.048606872558594 (ms)
[RANK0] B @ 2402.435546875 (ms) to 2435.498291015625 (ms), cudaEventElapsed = 33.02524948120117 (ms)
[RANK0] W @ 2435.579833984375 (ms) to 2450.884765625 (ms), cudaEventElapsed = 15.267840385437012 (ms)
[RANK0] F @ 2451.0830078125 (ms) to 2479.402099609375 (ms), cudaEventElapsed = 28.290048599243164 (ms)
[RANK0] B @ 2759.217041015625 (ms) to 2793.43603515625 (ms), cudaEventElapsed = 34.15321731567383 (ms)
[RANK0] B @ 2881.765380859375 (ms) to 2914.8583984375 (ms), cudaEventElapsed = 33.04934310913086 (ms)
[RANK0] W @ 2914.93310546875 (ms) to 2930.21044921875 (ms), cudaEventElapsed = 15.244288444519043 (ms)
[RANK0] F @ 2930.44482421875 (ms) to 2958.8349609375 (ms), cudaEventElapsed = 28.35558319091797 (ms)
[RANK0] W @ 2959.03564453125 (ms) to 3249.8271484375 (ms), cudaEventElapsed = 14.422016143798828 (ms)
[RANK0] W @ 3249.9375 (ms) to 3264.5419921875 (ms), cudaEventElapsed = 14.558208465576172 (ms)
[RANK0] W @ 3264.81494140625 (ms) to 3282.59130859375 (ms), cudaEventElapsed = 17.741823196411133 (ms)
[RANK0] W @ 3282.639404296875 (ms) to 3302.7451171875 (ms), cudaEventElapsed = 20.07756805419922 (ms)
[RANK0] B @ 3302.9267578125 (ms) to 3343.736572265625 (ms), cudaEventElapsed = 40.77977752685547 (ms)
[RANK0] W @ 3343.953125 (ms) to 3463.14599609375 (ms), cudaEventElapsed = 14.655488014221191 (ms)
[RANK0] B @ 3463.33837890625 (ms) to 3498.602294921875 (ms), cudaEventElapsed = 35.234622955322266 (ms)
[RANK0] W @ 3498.658203125 (ms) to 3515.726318359375 (ms), cudaEventElapsed = 17.04140853881836 (ms)
[RANK0] B @ 3671.46435546875 (ms) to 3705.298583984375 (ms), cudaEventElapsed = 33.79721450805664 (ms)
[RANK0] W @ 3705.35400390625 (ms) to 3720.8671875 (ms), cudaEventElapsed = 15.483903884887695 (ms)
[RANK0] B @ 3894.7919921875 (ms) to 3927.817138671875 (ms), cudaEventElapsed = 32.99043273925781 (ms)
[RANK0] 1W @ 3927.8740234375 (ms) to 3942.7158203125 (ms), cudaEventElapsed = 14.815232276916504 (ms)
[RANK0] Iteration 16
[RANK0] F @ 0.248779296875 (ms) to 23.980224609375 (ms), cudaEventElapsed = 23.700031280517578 (ms)
[RANK0] F @ 24.1943359375 (ms) to 169.305908203125 (ms), cudaEventElapsed = 22.658048629760742 (ms)
[RANK0] F @ 169.5009765625 (ms) to 318.394287109375 (ms), cudaEventElapsed = 22.813695907592773 (ms)
[RANK0] F @ 318.60302734375 (ms) to 467.033203125 (ms), cudaEventElapsed = 22.82598304748535 (ms)
[RANK0] F @ 467.248291015625 (ms) to 613.84716796875 (ms), cudaEventElapsed = 22.70207977294922 (ms)
[RANK0] F @ 614.06396484375 (ms) to 763.867431640625 (ms), cudaEventElapsed = 22.86899185180664 (ms)
[RANK0] F @ 764.097900390625 (ms) to 908.853515625 (ms), cudaEventElapsed = 22.90073585510254 (ms)
[RANK0] F @ 909.10009765625 (ms) to 1057.865966796875 (ms), cudaEventElapsed = 23.230464935302734 (ms)
[RANK0] F @ 1058.148681640625 (ms) to 1206.8193359375 (ms), cudaEventElapsed = 23.08608055114746 (ms)
[RANK0] F @ 1207.0771484375 (ms) to 1353.958984375 (ms), cudaEventElapsed = 22.748159408569336 (ms)
[RANK0] F @ 1354.187255859375 (ms) to 1504.333251953125 (ms), cudaEventElapsed = 22.640640258789062 (ms)
[RANK0] F @ 1504.536376953125 (ms) to 1649.276123046875 (ms), cudaEventElapsed = 22.647808074951172 (ms)
