[RANK2] Iteration 1
[RANK2] F @ 849.86962890625 (ms) to 1002.673583984375 (ms), cudaEventElapsed = 152.7425994873047 (ms)
[RANK2] F @ 1054.130859375 (ms) to 1085.850341796875 (ms), cudaEventElapsed = 31.661088943481445 (ms)
[RANK2] F @ 1088.12451171875 (ms) to 1122.900146484375 (ms), cudaEventElapsed = 34.73152160644531 (ms)
[RANK2] B @ 1696.423828125 (ms) to 1748.688232421875 (ms), cudaEventElapsed = 52.19692611694336 (ms)
[RANK2] F @ 1752.10498046875 (ms) to 1784.038818359375 (ms), cudaEventElapsed = 31.894943237304688 (ms)
[RANK2] B @ 1784.364501953125 (ms) to 1827.555419921875 (ms), cudaEventElapsed = 43.152671813964844 (ms)
[RANK2] F @ 1828.883544921875 (ms) to 1862.930419921875 (ms), cudaEventElapsed = 34.012577056884766 (ms)
[RANK2] B @ 1863.250732421875 (ms) to 1907.625244140625 (ms), cudaEventElapsed = 44.34172821044922 (ms)
[RANK2] F @ 1910.562255859375 (ms) to 1945.058349609375 (ms), cudaEventElapsed = 34.460479736328125 (ms)
[RANK2] B @ 1945.583740234375 (ms) to 1990.122314453125 (ms), cudaEventElapsed = 44.5052490234375 (ms)
[RANK2] F @ 1991.531494140625 (ms) to 2026.19482421875 (ms), cudaEventElapsed = 34.62473678588867 (ms)
[RANK2] B @ 2026.5 (ms) to 2071.144287109375 (ms), cudaEventElapsed = 44.599647521972656 (ms)
[RANK2] F @ 2071.479736328125 (ms) to 2105.603515625 (ms), cudaEventElapsed = 34.09049606323242 (ms)
[RANK2] B @ 2105.95556640625 (ms) to 2151.7734375 (ms), cudaEventElapsed = 45.78617477416992 (ms)
[RANK2] W @ 2152.000244140625 (ms) to 2173.628173828125 (ms), cudaEventElapsed = 21.595136642456055 (ms)
[RANK2] F @ 2173.76806640625 (ms) to 2207.8515625 (ms), cudaEventElapsed = 34.05472183227539 (ms)
[RANK2] B @ 2209.253662109375 (ms) to 2254.310791015625 (ms), cudaEventElapsed = 45.024192810058594 (ms)
[RANK2] B @ 2255.642578125 (ms) to 2298.4931640625 (ms), cudaEventElapsed = 42.81731033325195 (ms)
[RANK2] W @ 2298.650634765625 (ms) to 2319.11279296875 (ms), cudaEventElapsed = 20.429824829101562 (ms)
[RANK2] F @ 2319.356201171875 (ms) to 2353.154296875 (ms), cudaEventElapsed = 33.767486572265625 (ms)
[RANK2] B @ 2353.4267578125 (ms) to 2398.232421875 (ms), cudaEventElapsed = 44.77446365356445 (ms)
[RANK2] W @ 2398.423583984375 (ms) to 2420.87890625 (ms), cudaEventElapsed = 21.416959762573242 (ms)
[RANK2] F @ 2421.124267578125 (ms) to 2454.51416015625 (ms), cudaEventElapsed = 33.34636688232422 (ms)
[RANK2] B @ 2454.783935546875 (ms) to 2499.59228515625 (ms), cudaEventElapsed = 44.77590560913086 (ms)
[RANK2] W @ 2499.79736328125 (ms) to 2522.365234375 (ms), cudaEventElapsed = 21.542911529541016 (ms)
[RANK2] F @ 2522.61474609375 (ms) to 2556.342529296875 (ms), cudaEventElapsed = 33.699806213378906 (ms)
[RANK2] B @ 2556.622314453125 (ms) to 2602.31884765625 (ms), cudaEventElapsed = 45.665855407714844 (ms)
[RANK2] W @ 2602.44677734375 (ms) to 2625.5869140625 (ms), cudaEventElapsed = 23.11065673828125 (ms)
[RANK2] W @ 2625.71435546875 (ms) to 2648.250244140625 (ms), cudaEventElapsed = 22.50752067565918 (ms)
[RANK2] B @ 2648.365478515625 (ms) to 2691.402587890625 (ms), cudaEventElapsed = 43.0107536315918 (ms)
[RANK2] 6W @ 2691.54248046875 (ms) to 2820.11328125 (ms), cudaEventElapsed = 128.53555297851562 (ms)
[RANK2] Iteration 2
[RANK2] F @ 64.56298828125 (ms) to 96.8671875 (ms), cudaEventElapsed = 32.255489349365234 (ms)
[RANK2] F @ 99.16064453125 (ms) to 133.1953125 (ms), cudaEventElapsed = 33.99683380126953 (ms)
[RANK2] F @ 136.63720703125 (ms) to 173.424560546875 (ms), cudaEventElapsed = 36.752769470214844 (ms)
[RANK2] B @ 178.5263671875 (ms) to 222.82080078125 (ms), cudaEventElapsed = 44.25580978393555 (ms)
[RANK2] F @ 223.18310546875 (ms) to 256.748046875 (ms), cudaEventElapsed = 33.534751892089844 (ms)
[RANK2] B @ 257.056640625 (ms) to 301.49658203125 (ms), cudaEventElapsed = 44.40857696533203 (ms)
[RANK2] F @ 302.769775390625 (ms) to 337.061279296875 (ms), cudaEventElapsed = 34.260833740234375 (ms)
[RANK2] B @ 337.364501953125 (ms) to 381.939453125 (ms), cudaEventElapsed = 44.54393768310547 (ms)
[RANK2] F @ 383.26416015625 (ms) to 417.364501953125 (ms), cudaEventElapsed = 34.067073822021484 (ms)
[RANK2] B @ 417.711669921875 (ms) to 462.302001953125 (ms), cudaEventElapsed = 44.55356979370117 (ms)
[RANK2] F @ 463.7255859375 (ms) to 497.531982421875 (ms), cudaEventElapsed = 33.76908874511719 (ms)
[RANK2] B @ 497.8388671875 (ms) to 542.421142578125 (ms), cudaEventElapsed = 44.551231384277344 (ms)
[RANK2] F @ 542.7568359375 (ms) to 576.523193359375 (ms), cudaEventElapsed = 33.735294342041016 (ms)
[RANK2] B @ 576.880126953125 (ms) to 621.399169921875 (ms), cudaEventElapsed = 44.47974395751953 (ms)
[RANK2] W @ 621.63330078125 (ms) to 643.078369140625 (ms), cudaEventElapsed = 21.412864685058594 (ms)
[RANK2] F @ 643.2275390625 (ms) to 677.2431640625 (ms), cudaEventElapsed = 33.98691177368164 (ms)
[RANK2] B @ 678.69677734375 (ms) to 723.483154296875 (ms), cudaEventElapsed = 44.75523376464844 (ms)
[RANK2] B @ 724.782958984375 (ms) to 767.25537109375 (ms), cudaEventElapsed = 42.44291305541992 (ms)
[RANK2] W @ 767.416748046875 (ms) to 788.0390625 (ms), cudaEventElapsed = 20.587520599365234 (ms)
[RANK2] F @ 788.29052734375 (ms) to 822.596435546875 (ms), cudaEventElapsed = 34.26598358154297 (ms)
[RANK2] B @ 822.891845703125 (ms) to 868.131591796875 (ms), cudaEventElapsed = 45.20844650268555 (ms)
[RANK2] W @ 868.357666015625 (ms) to 891.010986328125 (ms), cudaEventElapsed = 21.627904891967773 (ms)
[RANK2] F @ 891.267333984375 (ms) to 925.313232421875 (ms), cudaEventElapsed = 34.017696380615234 (ms)
[RANK2] B @ 925.60009765625 (ms) to 973.36474609375 (ms), cudaEventElapsed = 47.73244857788086 (ms)
[RANK2] W @ 973.57421875 (ms) to 996.645263671875 (ms), cudaEventElapsed = 22.07539176940918 (ms)
[RANK2] F @ 996.9111328125 (ms) to 1030.698486328125 (ms), cudaEventElapsed = 33.75852966308594 (ms)
[RANK2] B @ 1030.979736328125 (ms) to 1075.59521484375 (ms), cudaEventElapsed = 44.58095932006836 (ms)
[RANK2] W @ 1075.743896484375 (ms) to 1097.259033203125 (ms), cudaEventElapsed = 21.486591339111328 (ms)
[RANK2] W @ 1097.409423828125 (ms) to 1118.734130859375 (ms), cudaEventElapsed = 21.297151565551758 (ms)
[RANK2] B @ 1118.864013671875 (ms) to 1161.63037109375 (ms), cudaEventElapsed = 42.73446273803711 (ms)
[RANK2] 6W @ 1161.776611328125 (ms) to 1291.051513671875 (ms), cudaEventElapsed = 129.24415588378906 (ms)
[RANK2] Iteration 3
[RANK2] F @ 63.677734375 (ms) to 95.9033203125 (ms), cudaEventElapsed = 32.18822479248047 (ms)
[RANK2] F @ 98.375244140625 (ms) to 132.948974609375 (ms), cudaEventElapsed = 34.53974533081055 (ms)
[RANK2] F @ 136.05517578125 (ms) to 172.890380859375 (ms), cudaEventElapsed = 36.80201721191406 (ms)
[RANK2] B @ 177.906005859375 (ms) to 222.592041015625 (ms), cudaEventElapsed = 44.65126419067383 (ms)
[RANK2] F @ 222.9375 (ms) to 256.966552734375 (ms), cudaEventElapsed = 33.998687744140625 (ms)
[RANK2] B @ 257.26513671875 (ms) to 302.07421875 (ms), cudaEventElapsed = 44.779808044433594 (ms)
[RANK2] F @ 303.41552734375 (ms) to 337.71875 (ms), cudaEventElapsed = 34.27312088012695 (ms)
[RANK2] B @ 338.02490234375 (ms) to 382.8505859375 (ms), cudaEventElapsed = 44.79721450805664 (ms)
[RANK2] F @ 384.1650390625 (ms) to 418.43701171875 (ms), cudaEventElapsed = 34.24070358276367 (ms)
[RANK2] B @ 418.742919921875 (ms) to 463.605712890625 (ms), cudaEventElapsed = 44.83225631713867 (ms)
[RANK2] F @ 464.99658203125 (ms) to 498.894775390625 (ms), cudaEventElapsed = 33.86396789550781 (ms)
[RANK2] B @ 499.2001953125 (ms) to 543.996337890625 (ms), cudaEventElapsed = 44.76643371582031 (ms)
[RANK2] F @ 544.355224609375 (ms) to 578.41943359375 (ms), cudaEventElapsed = 34.03385543823242 (ms)
[RANK2] B @ 578.7890625 (ms) to 623.671142578125 (ms), cudaEventElapsed = 44.85299301147461 (ms)
[RANK2] W @ 623.907470703125 (ms) to 645.5390625 (ms), cudaEventElapsed = 21.600255966186523 (ms)
[RANK2] F @ 645.6796875 (ms) to 680.155517578125 (ms), cudaEventElapsed = 34.448673248291016 (ms)
[RANK2] B @ 681.513427734375 (ms) to 726.488525390625 (ms), cudaEventElapsed = 44.94367980957031 (ms)
[RANK2] B @ 727.779296875 (ms) to 770.16162109375 (ms), cudaEventElapsed = 42.352542877197266 (ms)
[RANK2] W @ 770.59423828125 (ms) to 791.052490234375 (ms), cudaEventElapsed = 20.42470359802246 (ms)
[RANK2] F @ 791.30517578125 (ms) to 825.509521484375 (ms), cudaEventElapsed = 34.17695999145508 (ms)
[RANK2] B @ 825.816162109375 (ms) to 871.022216796875 (ms), cudaEventElapsed = 45.176544189453125 (ms)
[RANK2] W @ 871.23681640625 (ms) to 893.805908203125 (ms), cudaEventElapsed = 21.406719207763672 (ms)
[RANK2] F @ 894.05419921875 (ms) to 928.254638671875 (ms), cudaEventElapsed = 34.15964889526367 (ms)
[RANK2] B @ 928.564697265625 (ms) to 975.37109375 (ms), cudaEventElapsed = 46.77632141113281 (ms)
[RANK2] W @ 975.601318359375 (ms) to 998.18359375 (ms), cudaEventElapsed = 21.50809669494629 (ms)
[RANK2] F @ 998.432861328125 (ms) to 1032.376220703125 (ms), cudaEventElapsed = 33.915489196777344 (ms)
[RANK2] B @ 1032.679931640625 (ms) to 1077.37939453125 (ms), cudaEventElapsed = 44.67068862915039 (ms)
[RANK2] W @ 1077.52978515625 (ms) to 1098.912841796875 (ms), cudaEventElapsed = 21.342208862304688 (ms)
[RANK2] W @ 1099.057861328125 (ms) to 1120.387939453125 (ms), cudaEventElapsed = 21.297151565551758 (ms)
[RANK2] B @ 1120.524169921875 (ms) to 1163.23046875 (ms), cudaEventElapsed = 42.67932891845703 (ms)
[RANK2] 6W @ 1163.375 (ms) to 1292.753173828125 (ms), cudaEventElapsed = 129.3455352783203 (ms)
[RANK2] Iteration 4
[RANK2] F @ 63.810791015625 (ms) to 96.043212890625 (ms), cudaEventElapsed = 32.192352294921875 (ms)
[RANK2] F @ 98.684326171875 (ms) to 132.146728515625 (ms), cudaEventElapsed = 33.426048278808594 (ms)
[RANK2] F @ 135.938232421875 (ms) to 173.06201171875 (ms), cudaEventElapsed = 37.08524703979492 (ms)
[RANK2] B @ 178.26953125 (ms) to 223.1904296875 (ms), cudaEventElapsed = 44.87948989868164 (ms)
[RANK2] F @ 223.625732421875 (ms) to 257.3232421875 (ms), cudaEventElapsed = 33.66614532470703 (ms)
[RANK2] B @ 257.653564453125 (ms) to 301.965576171875 (ms), cudaEventElapsed = 44.282081604003906 (ms)
[RANK2] F @ 303.28515625 (ms) to 337.423583984375 (ms), cudaEventElapsed = 34.10700988769531 (ms)
[RANK2] B @ 337.744873046875 (ms) to 382.314453125 (ms), cudaEventElapsed = 44.538177490234375 (ms)
[RANK2] F @ 383.752685546875 (ms) to 417.52001953125 (ms), cudaEventElapsed = 33.735103607177734 (ms)
[RANK2] B @ 417.84326171875 (ms) to 462.37255859375 (ms), cudaEventElapsed = 44.49897766113281 (ms)
[RANK2] F @ 463.796875 (ms) to 497.1298828125 (ms), cudaEventElapsed = 33.296993255615234 (ms)
[RANK2] B @ 497.509521484375 (ms) to 542.01123046875 (ms), cudaEventElapsed = 44.467071533203125 (ms)
[RANK2] F @ 542.374755859375 (ms) to 576.281494140625 (ms), cudaEventElapsed = 33.875648498535156 (ms)
[RANK2] B @ 576.683349609375 (ms) to 621.275146484375 (ms), cudaEventElapsed = 44.55961608886719 (ms)
[RANK2] W @ 621.53125 (ms) to 643.095458984375 (ms), cudaEventElapsed = 21.522432327270508 (ms)
[RANK2] F @ 643.245361328125 (ms) to 677.1806640625 (ms), cudaEventElapsed = 33.907039642333984 (ms)
[RANK2] B @ 678.583740234375 (ms) to 723.2783203125 (ms), cudaEventElapsed = 44.66307067871094 (ms)
[RANK2] B @ 724.58837890625 (ms) to 766.930419921875 (ms), cudaEventElapsed = 42.31257629394531 (ms)
[RANK2] W @ 767.091552734375 (ms) to 787.42041015625 (ms), cudaEventElapsed = 20.30284881591797 (ms)
[RANK2] F @ 787.6865234375 (ms) to 821.459716796875 (ms), cudaEventElapsed = 33.74550247192383 (ms)
[RANK2] B @ 821.760009765625 (ms) to 866.821533203125 (ms), cudaEventElapsed = 45.032318115234375 (ms)
[RANK2] W @ 867.043701171875 (ms) to 889.618896484375 (ms), cudaEventElapsed = 21.557247161865234 (ms)
[RANK2] F @ 889.887939453125 (ms) to 924.621826171875 (ms), cudaEventElapsed = 34.70454406738281 (ms)
[RANK2] B @ 924.925537109375 (ms) to 972.630126953125 (ms), cudaEventElapsed = 47.67417526245117 (ms)
[RANK2] W @ 972.8603515625 (ms) to 995.943359375 (ms), cudaEventElapsed = 22.021120071411133 (ms)
[RANK2] F @ 996.326171875 (ms) to 1030.794677734375 (ms), cudaEventElapsed = 34.43571090698242 (ms)
[RANK2] B @ 1031.09765625 (ms) to 1076.194580078125 (ms), cudaEventElapsed = 45.06816101074219 (ms)
[RANK2] W @ 1076.354248046875 (ms) to 1098.10791015625 (ms), cudaEventElapsed = 21.724159240722656 (ms)
[RANK2] W @ 1098.270263671875 (ms) to 1119.783203125 (ms), cudaEventElapsed = 21.485567092895508 (ms)
[RANK2] B @ 1119.929443359375 (ms) to 1162.6396484375 (ms), cudaEventElapsed = 42.68435287475586 (ms)
[RANK2] 6W @ 1162.790771484375 (ms) to 1291.74365234375 (ms), cudaEventElapsed = 128.9205780029297 (ms)
[RANK2] Iteration 5
[RANK2] F @ 63.744140625 (ms) to 96.032958984375 (ms), cudaEventElapsed = 32.252288818359375 (ms)
[RANK2] F @ 98.4443359375 (ms) to 131.62451171875 (ms), cudaEventElapsed = 33.1453742980957 (ms)
[RANK2] F @ 136.227783203125 (ms) to 172.771240234375 (ms), cudaEventElapsed = 36.509952545166016 (ms)
[RANK2] B @ 177.850341796875 (ms) to 222.959228515625 (ms), cudaEventElapsed = 45.071998596191406 (ms)
[RANK2] F @ 223.305419921875 (ms) to 259.234375 (ms), cudaEventElapsed = 35.897247314453125 (ms)
[RANK2] B @ 259.5458984375 (ms) to 305.44970703125 (ms), cudaEventElapsed = 45.87254333496094 (ms)
[RANK2] F @ 306.73291015625 (ms) to 342.852783203125 (ms), cudaEventElapsed = 36.087745666503906 (ms)
[RANK2] B @ 343.166259765625 (ms) to 389.041259765625 (ms), cudaEventElapsed = 45.84409713745117 (ms)
[RANK2] F @ 390.375 (ms) to 426.124755859375 (ms), cudaEventElapsed = 35.71769714355469 (ms)
[RANK2] B @ 426.441650390625 (ms) to 472.2802734375 (ms), cudaEventElapsed = 45.808353424072266 (ms)
[RANK2] F @ 473.7265625 (ms) to 509.169189453125 (ms), cudaEventElapsed = 35.409088134765625 (ms)
[RANK2] B @ 509.4833984375 (ms) to 554.69482421875 (ms), cudaEventElapsed = 45.1808967590332 (ms)
[RANK2] F @ 555.064453125 (ms) to 590.840576171875 (ms), cudaEventElapsed = 35.74591827392578 (ms)
[RANK2] B @ 591.207763671875 (ms) to 637.285888671875 (ms), cudaEventElapsed = 46.04585647583008 (ms)
[RANK2] W @ 637.5537109375 (ms) to 661.1279296875 (ms), cudaEventElapsed = 23.540735244750977 (ms)
[RANK2] F @ 661.281494140625 (ms) to 699.186767578125 (ms), cudaEventElapsed = 37.87644958496094 (ms)
[RANK2] B @ 700.568359375 (ms) to 747.035888671875 (ms), cudaEventElapsed = 46.4332160949707 (ms)
[RANK2] B @ 748.340576171875 (ms) to 793.471923828125 (ms), cudaEventElapsed = 45.100833892822266 (ms)
[RANK2] W @ 793.623779296875 (ms) to 817.571533203125 (ms), cudaEventElapsed = 23.91756820678711 (ms)
[RANK2] F @ 817.8291015625 (ms) to 855.6865234375 (ms), cudaEventElapsed = 37.82969665527344 (ms)
[RANK2] B @ 855.9892578125 (ms) to 902.67236328125 (ms), cudaEventElapsed = 46.652862548828125 (ms)
[RANK2] W @ 902.887939453125 (ms) to 932.03955078125 (ms), cudaEventElapsed = 28.140544891357422 (ms)
[RANK2] F @ 932.319580078125 (ms) to 977.259765625 (ms), cudaEventElapsed = 44.91270446777344 (ms)
[RANK2] B @ 977.544921875 (ms) to 1024.955810546875 (ms), cudaEventElapsed = 47.378238677978516 (ms)
[RANK2] W @ 1025.20166015625 (ms) to 1050.211181640625 (ms), cudaEventElapsed = 23.92576026916504 (ms)
[RANK2] F @ 1050.520263671875 (ms) to 1088.306884765625 (ms), cudaEventElapsed = 37.7553596496582 (ms)
[RANK2] B @ 1088.6220703125 (ms) to 1135.25146484375 (ms), cudaEventElapsed = 46.5978889465332 (ms)
[RANK2] W @ 1135.41259765625 (ms) to 1159.23486328125 (ms), cudaEventElapsed = 23.792640686035156 (ms)
[RANK2] W @ 1159.400390625 (ms) to 1185.59619140625 (ms), cudaEventElapsed = 26.168319702148438 (ms)
[RANK2] B @ 1185.750732421875 (ms) to 1234.091064453125 (ms), cudaEventElapsed = 48.311649322509766 (ms)
[RANK2] 6W @ 1234.250244140625 (ms) to 1394.167236328125 (ms), cudaEventElapsed = 159.88223266601562 (ms)
[RANK2] Iteration 6
[RANK2] F @ 63.79296875 (ms) to 96.08056640625 (ms), cudaEventElapsed = 32.251136779785156 (ms)
[RANK2] F @ 99.180419921875 (ms) to 133.076416015625 (ms), cudaEventElapsed = 33.861759185791016 (ms)
[RANK2] F @ 136.51904296875 (ms) to 173.927490234375 (ms), cudaEventElapsed = 37.373470306396484 (ms)
[RANK2] B @ 178.978759765625 (ms) to 224.635498046875 (ms), cudaEventElapsed = 45.61974334716797 (ms)
[RANK2] F @ 224.994873046875 (ms) to 260.6787109375 (ms), cudaEventElapsed = 35.642398834228516 (ms)
[RANK2] B @ 260.98291015625 (ms) to 306.785888671875 (ms), cudaEventElapsed = 45.773406982421875 (ms)
[RANK2] F @ 308.08349609375 (ms) to 344.140869140625 (ms), cudaEventElapsed = 36.026817321777344 (ms)
[RANK2] B @ 344.4638671875 (ms) to 390.122802734375 (ms), cudaEventElapsed = 45.62947082519531 (ms)
[RANK2] F @ 391.430908203125 (ms) to 427.48779296875 (ms), cudaEventElapsed = 36.02601623535156 (ms)
[RANK2] B @ 428.03515625 (ms) to 474.118896484375 (ms), cudaEventElapsed = 46.05241775512695 (ms)
[RANK2] F @ 475.55859375 (ms) to 511.09033203125 (ms), cudaEventElapsed = 35.49795150756836 (ms)
[RANK2] B @ 511.4033203125 (ms) to 557.420654296875 (ms), cudaEventElapsed = 45.98662567138672 (ms)
[RANK2] F @ 557.7783203125 (ms) to 593.97265625 (ms), cudaEventElapsed = 36.16387176513672 (ms)
[RANK2] B @ 594.342529296875 (ms) to 640.204345703125 (ms), cudaEventElapsed = 45.827327728271484 (ms)
[RANK2] W @ 640.474609375 (ms) to 664.812255859375 (ms), cudaEventElapsed = 24.30463981628418 (ms)
[RANK2] F @ 664.9599609375 (ms) to 702.824951171875 (ms), cudaEventElapsed = 37.83827209472656 (ms)
[RANK2] B @ 704.18701171875 (ms) to 750.616943359375 (ms), cudaEventElapsed = 46.39827346801758 (ms)
[RANK2] B @ 751.948486328125 (ms) to 797.19140625 (ms), cudaEventElapsed = 45.21263885498047 (ms)
[RANK2] W @ 797.352783203125 (ms) to 821.8251953125 (ms), cudaEventElapsed = 24.440832138061523 (ms)
[RANK2] F @ 822.087158203125 (ms) to 860.1787109375 (ms), cudaEventElapsed = 38.063262939453125 (ms)
[RANK2] B @ 860.46923828125 (ms) to 907.292236328125 (ms), cudaEventElapsed = 46.7836799621582 (ms)
[RANK2] W @ 907.50244140625 (ms) to 936.036865234375 (ms), cudaEventElapsed = 27.521024703979492 (ms)
[RANK2] F @ 936.324951171875 (ms) to 981.777587890625 (ms), cudaEventElapsed = 45.422943115234375 (ms)
[RANK2] B @ 982.068603515625 (ms) to 1029.327392578125 (ms), cudaEventElapsed = 47.2276496887207 (ms)
[RANK2] W @ 1029.541748046875 (ms) to 1054.53125 (ms), cudaEventElapsed = 23.93600082397461 (ms)
[RANK2] F @ 1054.797119140625 (ms) to 1092.918701171875 (ms), cudaEventElapsed = 38.093536376953125 (ms)
[RANK2] B @ 1093.20263671875 (ms) to 1139.894287109375 (ms), cudaEventElapsed = 46.661888122558594 (ms)
[RANK2] W @ 1140.046630859375 (ms) to 1164.72314453125 (ms), cudaEventElapsed = 24.645631790161133 (ms)
[RANK2] W @ 1164.8701171875 (ms) to 1191.379150390625 (ms), cudaEventElapsed = 26.482688903808594 (ms)
[RANK2] B @ 1191.520263671875 (ms) to 1239.675537109375 (ms), cudaEventElapsed = 48.12636947631836 (ms)
[RANK2] 6W @ 1239.873291015625 (ms) to 1400.1005859375 (ms), cudaEventElapsed = 160.1781768798828 (ms)
[RANK2] Iteration 7
[RANK2] F @ 63.94384765625 (ms) to 96.1904296875 (ms), cudaEventElapsed = 32.20521545410156 (ms)
[RANK2] F @ 98.7490234375 (ms) to 132.932861328125 (ms), cudaEventElapsed = 34.150272369384766 (ms)
[RANK2] F @ 136.07470703125 (ms) to 173.97265625 (ms), cudaEventElapsed = 37.86444854736328 (ms)
[RANK2] B @ 179.02099609375 (ms) to 225.399169921875 (ms), cudaEventElapsed = 46.34288024902344 (ms)
[RANK2] F @ 225.7421875 (ms) to 261.658935546875 (ms), cudaEventElapsed = 35.887168884277344 (ms)
[RANK2] B @ 261.961669921875 (ms) to 307.38818359375 (ms), cudaEventElapsed = 45.39632034301758 (ms)
[RANK2] F @ 308.7265625 (ms) to 344.281494140625 (ms), cudaEventElapsed = 35.523582458496094 (ms)
[RANK2] B @ 344.59228515625 (ms) to 390.072021484375 (ms), cudaEventElapsed = 45.44892883300781 (ms)
[RANK2] F @ 391.435546875 (ms) to 427.337890625 (ms), cudaEventElapsed = 35.87123107910156 (ms)
[RANK2] B @ 427.6494140625 (ms) to 473.625 (ms), cudaEventElapsed = 45.9455680847168 (ms)
[RANK2] F @ 475.013427734375 (ms) to 510.83447265625 (ms), cudaEventElapsed = 35.790016174316406 (ms)
[RANK2] B @ 511.15869140625 (ms) to 557.041015625 (ms), cudaEventElapsed = 45.852447509765625 (ms)
[RANK2] F @ 557.392822265625 (ms) to 593.297607421875 (ms), cudaEventElapsed = 35.8741455078125 (ms)
[RANK2] B @ 593.67529296875 (ms) to 639.5869140625 (ms), cudaEventElapsed = 45.881248474121094 (ms)
[RANK2] W @ 639.833251953125 (ms) to 664.27587890625 (ms), cudaEventElapsed = 24.407039642333984 (ms)
[RANK2] F @ 664.45947265625 (ms) to 702.277099609375 (ms), cudaEventElapsed = 37.78732681274414 (ms)
[RANK2] B @ 703.758056640625 (ms) to 749.993408203125 (ms), cudaEventElapsed = 46.198848724365234 (ms)
[RANK2] B @ 751.410400390625 (ms) to 796.689697265625 (ms), cudaEventElapsed = 45.245662689208984 (ms)
[RANK2] W @ 796.868408203125 (ms) to 820.60498046875 (ms), cudaEventElapsed = 23.70457649230957 (ms)
[RANK2] F @ 820.914794921875 (ms) to 859.204345703125 (ms), cudaEventElapsed = 38.26038360595703 (ms)
[RANK2] B @ 859.515869140625 (ms) to 906.37841796875 (ms), cudaEventElapsed = 46.82835388183594 (ms)
[RANK2] W @ 906.69775390625 (ms) to 934.175537109375 (ms), cudaEventElapsed = 26.380287170410156 (ms)
[RANK2] F @ 934.512939453125 (ms) to 980.4052734375 (ms), cudaEventElapsed = 45.86105728149414 (ms)
[RANK2] B @ 980.713623046875 (ms) to 1028.580322265625 (ms), cudaEventElapsed = 47.83571243286133 (ms)
[RANK2] W @ 1028.821533203125 (ms) to 1053.3056640625 (ms), cudaEventElapsed = 23.441408157348633 (ms)
[RANK2] F @ 1053.6005859375 (ms) to 1091.984619140625 (ms), cudaEventElapsed = 38.354305267333984 (ms)
[RANK2] B @ 1092.283935546875 (ms) to 1138.844970703125 (ms), cudaEventElapsed = 46.5299186706543 (ms)
[RANK2] W @ 1139.010498046875 (ms) to 1163.3681640625 (ms), cudaEventElapsed = 24.32819175720215 (ms)
[RANK2] W @ 1163.51806640625 (ms) to 1190.02685546875 (ms), cudaEventElapsed = 26.480640411376953 (ms)
[RANK2] B @ 1190.17578125 (ms) to 1238.19970703125 (ms), cudaEventElapsed = 47.9956169128418 (ms)
[RANK2] 6W @ 1238.35205078125 (ms) to 1398.900634765625 (ms), cudaEventElapsed = 160.51405334472656 (ms)
[RANK2] Iteration 8
[RANK2] F @ 64.140869140625 (ms) to 96.51904296875 (ms), cudaEventElapsed = 32.33612823486328 (ms)
[RANK2] F @ 99.003173828125 (ms) to 133.590087890625 (ms), cudaEventElapsed = 34.55315017700195 (ms)
[RANK2] F @ 136.681396484375 (ms) to 173.529541015625 (ms), cudaEventElapsed = 36.81206512451172 (ms)
[RANK2] B @ 178.684326171875 (ms) to 224.68115234375 (ms), cudaEventElapsed = 45.95817565917969 (ms)
[RANK2] F @ 225.07275390625 (ms) to 261.147705078125 (ms), cudaEventElapsed = 36.04380798339844 (ms)
[RANK2] B @ 261.482177734375 (ms) to 306.989990234375 (ms), cudaEventElapsed = 45.47564697265625 (ms)
[RANK2] F @ 308.29931640625 (ms) to 344.457275390625 (ms), cudaEventElapsed = 36.11638259887695 (ms)
[RANK2] B @ 344.789306640625 (ms) to 390.610107421875 (ms), cudaEventElapsed = 45.7894401550293 (ms)
[RANK2] F @ 391.9443359375 (ms) to 427.80810546875 (ms), cudaEventElapsed = 35.83171081542969 (ms)
[RANK2] B @ 428.131103515625 (ms) to 473.916259765625 (ms), cudaEventElapsed = 45.755584716796875 (ms)
[RANK2] F @ 475.3935546875 (ms) to 511.02490234375 (ms), cudaEventElapsed = 35.59849548339844 (ms)
[RANK2] B @ 511.345947265625 (ms) to 557.143798828125 (ms), cudaEventElapsed = 45.76649475097656 (ms)
[RANK2] F @ 557.53369140625 (ms) to 593.51953125 (ms), cudaEventElapsed = 35.95555114746094 (ms)
[RANK2] B @ 593.902099609375 (ms) to 639.58544921875 (ms), cudaEventElapsed = 45.652801513671875 (ms)
[RANK2] W @ 639.84716796875 (ms) to 663.60302734375 (ms), cudaEventElapsed = 23.72198486328125 (ms)
[RANK2] F @ 663.762939453125 (ms) to 701.677978515625 (ms), cudaEventElapsed = 37.88595199584961 (ms)
[RANK2] B @ 703.090087890625 (ms) to 749.714599609375 (ms), cudaEventElapsed = 46.59187316894531 (ms)
[RANK2] B @ 751.054931640625 (ms) to 796.18701171875 (ms), cudaEventElapsed = 45.10153579711914 (ms)
[RANK2] W @ 796.342041015625 (ms) to 819.76953125 (ms), cudaEventElapsed = 23.398399353027344 (ms)
[RANK2] F @ 820.054443359375 (ms) to 858.8642578125 (ms), cudaEventElapsed = 38.77897644042969 (ms)
[RANK2] B @ 859.1669921875 (ms) to 906.438232421875 (ms), cudaEventElapsed = 47.24016189575195 (ms)
[RANK2] W @ 906.694580078125 (ms) to 935.628173828125 (ms), cudaEventElapsed = 27.873279571533203 (ms)
[RANK2] F @ 935.936279296875 (ms) to 979.490478515625 (ms), cudaEventElapsed = 43.52339172363281 (ms)
[RANK2] B @ 979.81005859375 (ms) to 1027.225830078125 (ms), cudaEventElapsed = 47.385406494140625 (ms)
[RANK2] W @ 1027.459716796875 (ms) to 1052.56591796875 (ms), cudaEventElapsed = 24.07935905456543 (ms)
[RANK2] F @ 1052.862548828125 (ms) to 1091.000244140625 (ms), cudaEventElapsed = 38.10883331298828 (ms)
[RANK2] B @ 1091.29150390625 (ms) to 1138.0234375 (ms), cudaEventElapsed = 46.70256042480469 (ms)
[RANK2] W @ 1138.180908203125 (ms) to 1162.50732421875 (ms), cudaEventElapsed = 24.29644775390625 (ms)
[RANK2] W @ 1162.67138671875 (ms) to 1189.6259765625 (ms), cudaEventElapsed = 26.92505645751953 (ms)
[RANK2] B @ 1189.765380859375 (ms) to 1237.877197265625 (ms), cudaEventElapsed = 48.085025787353516 (ms)
[RANK2] 6W @ 1238.041259765625 (ms) to 1398.958984375 (ms), cudaEventElapsed = 160.88473510742188 (ms)
[RANK2] Iteration 9
[RANK2] F @ 64.280029296875 (ms) to 96.65478515625 (ms), cudaEventElapsed = 32.33184051513672 (ms)
[RANK2] F @ 99.558349609375 (ms) to 133.350341796875 (ms), cudaEventElapsed = 33.75590515136719 (ms)
[RANK2] F @ 137.18505859375 (ms) to 174.052978515625 (ms), cudaEventElapsed = 36.82796859741211 (ms)
[RANK2] B @ 179.382568359375 (ms) to 224.599365234375 (ms), cudaEventElapsed = 45.17027282714844 (ms)
[RANK2] F @ 225.11767578125 (ms) to 260.908447265625 (ms), cudaEventElapsed = 35.75408172607422 (ms)
[RANK2] B @ 261.26708984375 (ms) to 306.640380859375 (ms), cudaEventElapsed = 45.3422737121582 (ms)
[RANK2] F @ 308.0029296875 (ms) to 344.868408203125 (ms), cudaEventElapsed = 36.833152770996094 (ms)
[RANK2] B @ 433.738525390625 (ms) to 474.98876953125 (ms), cudaEventElapsed = 41.204734802246094 (ms)
[RANK2] F @ 476.3818359375 (ms) to 511.279052734375 (ms), cudaEventElapsed = 34.863487243652344 (ms)
[RANK2] B @ 643.18603515625 (ms) to 684.42919921875 (ms), cudaEventElapsed = 41.188865661621094 (ms)
[RANK2] F @ 685.913818359375 (ms) to 721.478271484375 (ms), cudaEventElapsed = 35.527809143066406 (ms)
[RANK2] B @ 851.37939453125 (ms) to 892.659423828125 (ms), cudaEventElapsed = 41.23369598388672 (ms)
[RANK2] F @ 893.0439453125 (ms) to 927.754638671875 (ms), cudaEventElapsed = 34.675777435302734 (ms)
[RANK2] B @ 928.181884765625 (ms) to 976.21875 (ms), cudaEventElapsed = 48.004127502441406 (ms)
[RANK2] W @ 976.5068359375 (ms) to 1101.775146484375 (ms), cudaEventElapsed = 19.533824920654297 (ms)
[RANK2] F @ 1101.986083984375 (ms) to 1137.002685546875 (ms), cudaEventElapsed = 34.97894287109375 (ms)
[RANK2] B @ 1138.473388671875 (ms) to 1184.556640625 (ms), cudaEventElapsed = 46.052734375 (ms)
[RANK2] B @ 1185.873779296875 (ms) to 1232.197998046875 (ms), cudaEventElapsed = 46.29257583618164 (ms)
[RANK2] W @ 1232.364990234375 (ms) to 1506.859619140625 (ms), cudaEventElapsed = 19.751935958862305 (ms)
[RANK2] F @ 1507.328125 (ms) to 1541.210693359375 (ms), cudaEventElapsed = 33.84368133544922 (ms)
[RANK2] B @ 1541.553466796875 (ms) to 1588.1884765625 (ms), cudaEventElapsed = 46.60377502441406 (ms)
[RANK2] W @ 1588.43994140625 (ms) to 1614.611328125 (ms), cudaEventElapsed = 25.068544387817383 (ms)
[RANK2] F @ 1893.5263671875 (ms) to 1925.256591796875 (ms), cudaEventElapsed = 31.662527084350586 (ms)
[RANK2] B @ 1925.618408203125 (ms) to 1969.98291015625 (ms), cudaEventElapsed = 44.333438873291016 (ms)
[RANK2] W @ 1970.225830078125 (ms) to 1996.289794921875 (ms), cudaEventElapsed = 24.952831268310547 (ms)
[RANK2] F @ 2127.100341796875 (ms) to 2158.76806640625 (ms), cudaEventElapsed = 31.612991333007812 (ms)
[RANK2] B @ 2159.103759765625 (ms) to 2203.443115234375 (ms), cudaEventElapsed = 44.30694580078125 (ms)
[RANK2] W @ 2203.61865234375 (ms) to 2227.42333984375 (ms), cudaEventElapsed = 23.772159576416016 (ms)
[RANK2] W @ 2227.5908203125 (ms) to 2254.57080078125 (ms), cudaEventElapsed = 26.95065689086914 (ms)
[RANK2] B @ 2254.719970703125 (ms) to 2303.03662109375 (ms), cudaEventElapsed = 48.2889289855957 (ms)
[RANK2] 6W @ 2303.197265625 (ms) to 2463.894775390625 (ms), cudaEventElapsed = 160.6656036376953 (ms)
[RANK2] Iteration 10
[RANK2] F @ 63.988037109375 (ms) to 96.297119140625 (ms), cudaEventElapsed = 32.250335693359375 (ms)
[RANK2] F @ 99.167724609375 (ms) to 133.266357421875 (ms), cudaEventElapsed = 34.0588493347168 (ms)
[RANK2] F @ 136.517822265625 (ms) to 174.10693359375 (ms), cudaEventElapsed = 37.55500793457031 (ms)
[RANK2] B @ 179.2421875 (ms) to 225.064208984375 (ms), cudaEventElapsed = 45.785919189453125 (ms)
[RANK2] F @ 225.462646484375 (ms) to 261.156494140625 (ms), cudaEventElapsed = 35.661407470703125 (ms)
[RANK2] B @ 261.50048828125 (ms) to 306.91796875 (ms), cudaEventElapsed = 45.38694381713867 (ms)
[RANK2] F @ 308.32763671875 (ms) to 344.78173828125 (ms), cudaEventElapsed = 36.42220687866211 (ms)
[RANK2] B @ 432.266845703125 (ms) to 473.478515625 (ms), cudaEventElapsed = 41.166622161865234 (ms)
[RANK2] F @ 474.983642578125 (ms) to 510.676513671875 (ms), cudaEventElapsed = 35.65987014770508 (ms)
[RANK2] B @ 642.541015625 (ms) to 683.77490234375 (ms), cudaEventElapsed = 41.18374252319336 (ms)
[RANK2] F @ 685.21875 (ms) to 720.158203125 (ms), cudaEventElapsed = 34.90467071533203 (ms)
[RANK2] B @ 853.35595703125 (ms) to 894.466064453125 (ms), cudaEventElapsed = 41.064510345458984 (ms)
[RANK2] F @ 894.83935546875 (ms) to 929.03759765625 (ms), cudaEventElapsed = 34.16774368286133 (ms)
[RANK2] B @ 929.435546875 (ms) to 977.1162109375 (ms), cudaEventElapsed = 47.650272369384766 (ms)
[RANK2] W @ 977.373046875 (ms) to 1102.80859375 (ms), cudaEventElapsed = 19.556352615356445 (ms)
[RANK2] F @ 1103.00634765625 (ms) to 1136.2783203125 (ms), cudaEventElapsed = 33.239105224609375 (ms)
[RANK2] B @ 1137.749755859375 (ms) to 1184.670166015625 (ms), cudaEventElapsed = 46.888065338134766 (ms)
[RANK2] B @ 1186.085693359375 (ms) to 1232.93408203125 (ms), cudaEventElapsed = 46.81708908081055 (ms)
[RANK2] W @ 1233.106689453125 (ms) to 1508.248779296875 (ms), cudaEventElapsed = 19.61676788330078 (ms)
[RANK2] F @ 1508.607177734375 (ms) to 1543.005126953125 (ms), cudaEventElapsed = 34.36422348022461 (ms)
[RANK2] B @ 1543.344970703125 (ms) to 1589.77197265625 (ms), cudaEventElapsed = 46.38838577270508 (ms)
[RANK2] W @ 1589.99853515625 (ms) to 1615.766357421875 (ms), cudaEventElapsed = 24.653823852539062 (ms)
[RANK2] F @ 1894.83837890625 (ms) to 1926.578125 (ms), cudaEventElapsed = 31.681503295898438 (ms)
[RANK2] B @ 1926.916748046875 (ms) to 1971.214599609375 (ms), cudaEventElapsed = 44.265663146972656 (ms)
[RANK2] W @ 1971.45556640625 (ms) to 1997.049560546875 (ms), cudaEventElapsed = 24.425472259521484 (ms)
[RANK2] F @ 2128.501708984375 (ms) to 2160.147216796875 (ms), cudaEventElapsed = 31.605056762695312 (ms)
[RANK2] B @ 2160.4501953125 (ms) to 2204.26025390625 (ms), cudaEventElapsed = 43.78153610229492 (ms)
[RANK2] W @ 2204.421875 (ms) to 2228.843505859375 (ms), cudaEventElapsed = 24.390655517578125 (ms)
[RANK2] W @ 2229.004150390625 (ms) to 2255.638427734375 (ms), cudaEventElapsed = 26.604543685913086 (ms)
[RANK2] B @ 2255.78369140625 (ms) to 2304.083251953125 (ms), cudaEventElapsed = 48.270912170410156 (ms)
[RANK2] 6W @ 2304.23388671875 (ms) to 2465.37158203125 (ms), cudaEventElapsed = 161.10797119140625 (ms)
[RANK2] Iteration 11
[RANK2] F @ 64.22119140625 (ms) to 96.56201171875 (ms), cudaEventElapsed = 32.305503845214844 (ms)
[RANK2] F @ 98.996337890625 (ms) to 132.556640625 (ms), cudaEventElapsed = 33.52143859863281 (ms)
[RANK2] F @ 136.512451171875 (ms) to 172.990966796875 (ms), cudaEventElapsed = 36.44063949584961 (ms)
[RANK2] B @ 178.306396484375 (ms) to 223.492431640625 (ms), cudaEventElapsed = 45.1459846496582 (ms)
[RANK2] F @ 223.8740234375 (ms) to 259.998779296875 (ms), cudaEventElapsed = 36.092830657958984 (ms)
[RANK2] B @ 260.32177734375 (ms) to 306.182861328125 (ms), cudaEventElapsed = 45.83158493041992 (ms)
[RANK2] F @ 307.63232421875 (ms) to 345.24072265625 (ms), cudaEventElapsed = 37.57571029663086 (ms)
[RANK2] B @ 431.999755859375 (ms) to 473.2568359375 (ms), cudaEventElapsed = 41.214881896972656 (ms)
[RANK2] F @ 474.691650390625 (ms) to 509.5810546875 (ms), cudaEventElapsed = 34.841888427734375 (ms)
[RANK2] B @ 641.82861328125 (ms) to 683.00390625 (ms), cudaEventElapsed = 41.137569427490234 (ms)
[RANK2] F @ 684.382080078125 (ms) to 719.93896484375 (ms), cudaEventElapsed = 35.52374267578125 (ms)
[RANK2] B @ 849.762451171875 (ms) to 891.0185546875 (ms), cudaEventElapsed = 41.217472076416016 (ms)
[RANK2] F @ 891.36669921875 (ms) to 926.421142578125 (ms), cudaEventElapsed = 35.02467346191406 (ms)
[RANK2] B @ 926.802001953125 (ms) to 974.51611328125 (ms), cudaEventElapsed = 47.6833610534668 (ms)
[RANK2] W @ 974.76904296875 (ms) to 1137.57373046875 (ms), cudaEventElapsed = 19.518463134765625 (ms)
[RANK2] F @ 1137.751708984375 (ms) to 1171.760986328125 (ms), cudaEventElapsed = 33.97792053222656 (ms)
[RANK2] B @ 1173.213623046875 (ms) to 1219.48583984375 (ms), cudaEventElapsed = 46.241695404052734 (ms)
[RANK2] B @ 1220.8759765625 (ms) to 1267.16015625 (ms), cudaEventElapsed = 46.25395202636719 (ms)
[RANK2] W @ 1267.546630859375 (ms) to 1616.0654296875 (ms), cudaEventElapsed = 19.61574363708496 (ms)
[RANK2] F @ 1616.363037109375 (ms) to 1649.99755859375 (ms), cudaEventElapsed = 33.602176666259766 (ms)
[RANK2] B @ 1650.287109375 (ms) to 1697.01806640625 (ms), cudaEventElapsed = 46.70240020751953 (ms)
[RANK2] W @ 1697.234130859375 (ms) to 1722.691162109375 (ms), cudaEventElapsed = 24.431615829467773 (ms)
[RANK2] F @ 2076.1376953125 (ms) to 2107.72265625 (ms), cudaEventElapsed = 31.539424896240234 (ms)
[RANK2] B @ 2108.037109375 (ms) to 2152.6630859375 (ms), cudaEventElapsed = 44.59408187866211 (ms)
[RANK2] W @ 2152.904296875 (ms) to 2178.978271484375 (ms), cudaEventElapsed = 24.94361686706543 (ms)
[RANK2] F @ 2409.79541015625 (ms) to 2441.49755859375 (ms), cudaEventElapsed = 31.649503707885742 (ms)
[RANK2] B @ 2441.834228515625 (ms) to 2486.3349609375 (ms), cudaEventElapsed = 44.467041015625 (ms)
[RANK2] W @ 2486.51025390625 (ms) to 2510.396728515625 (ms), cudaEventElapsed = 23.848960876464844 (ms)
[RANK2] W @ 2510.601806640625 (ms) to 2537.434814453125 (ms), cudaEventElapsed = 26.804224014282227 (ms)
[RANK2] B @ 2537.609375 (ms) to 2585.855712890625 (ms), cudaEventElapsed = 48.21628952026367 (ms)
[RANK2] 6W @ 2586.02685546875 (ms) to 2745.749755859375 (ms), cudaEventElapsed = 159.68972778320312 (ms)
[RANK2] Iteration 12
[RANK2] F @ 308.424560546875 (ms) to 340.66064453125 (ms), cudaEventElapsed = 32.179359436035156 (ms)
[RANK2] F @ 456.997802734375 (ms) to 488.604248046875 (ms), cudaEventElapsed = 31.5581111907959 (ms)
[RANK2] F @ 490.302734375 (ms) to 525.189697265625 (ms), cudaEventElapsed = 34.837310791015625 (ms)
[RANK2] B @ 757.3623046875 (ms) to 799.39892578125 (ms), cudaEventElapsed = 41.98716735839844 (ms)
[RANK2] F @ 799.818603515625 (ms) to 834.38916015625 (ms), cudaEventElapsed = 34.538719177246094 (ms)
[RANK2] B @ 834.7216796875 (ms) to 881.123779296875 (ms), cudaEventElapsed = 46.37116622924805 (ms)
[RANK2] F @ 882.6142578125 (ms) to 919.642822265625 (ms), cudaEventElapsed = 36.993408203125 (ms)
[RANK2] B @ 1210.42919921875 (ms) to 1251.582763671875 (ms), cudaEventElapsed = 41.102943420410156 (ms)
[RANK2] F @ 1253.123046875 (ms) to 1287.48095703125 (ms), cudaEventElapsed = 34.324256896972656 (ms)
[RANK2] B @ 1421.17919921875 (ms) to 1462.18701171875 (ms), cudaEventElapsed = 40.96691131591797 (ms)
[RANK2] F @ 1463.662109375 (ms) to 1498.818359375 (ms), cudaEventElapsed = 35.119232177734375 (ms)
[RANK2] B @ 1714.726806640625 (ms) to 1755.936279296875 (ms), cudaEventElapsed = 41.170654296875 (ms)
[RANK2] F @ 1756.2890625 (ms) to 1791.056396484375 (ms), cudaEventElapsed = 34.737247467041016 (ms)
[RANK2] B @ 1791.450927734375 (ms) to 1839.0517578125 (ms), cudaEventElapsed = 47.57120132446289 (ms)
[RANK2] W @ 1839.279541015625 (ms) to 2002.370361328125 (ms), cudaEventElapsed = 19.597312927246094 (ms)
[RANK2] F @ 2002.542724609375 (ms) to 2037.03955078125 (ms), cudaEventElapsed = 34.46588897705078 (ms)
[RANK2] B @ 2038.48193359375 (ms) to 2085.22314453125 (ms), cudaEventElapsed = 46.7088623046875 (ms)
[RANK2] B @ 2086.635498046875 (ms) to 2133.1708984375 (ms), cudaEventElapsed = 46.50454330444336 (ms)
[RANK2] W @ 2133.321533203125 (ms) to 2481.1796875 (ms), cudaEventElapsed = 19.589120864868164 (ms)
[RANK2] F @ 2481.543212890625 (ms) to 2515.882080078125 (ms), cudaEventElapsed = 34.304542541503906 (ms)
[RANK2] B @ 2516.21240234375 (ms) to 2562.919189453125 (ms), cudaEventElapsed = 46.67619323730469 (ms)
[RANK2] W @ 2563.143310546875 (ms) to 2588.94091796875 (ms), cudaEventElapsed = 24.646656036376953 (ms)
[RANK2] F @ 2938.28125 (ms) to 2969.958251953125 (ms), cudaEventElapsed = 31.6298885345459 (ms)
[RANK2] B @ 2970.2705078125 (ms) to 3014.093505859375 (ms), cudaEventElapsed = 43.78985595703125 (ms)
[RANK2] W @ 3014.3759765625 (ms) to 3039.4296875 (ms), cudaEventElapsed = 23.799808502197266 (ms)
[RANK2] F @ 3273.07861328125 (ms) to 3304.768798828125 (ms), cudaEventElapsed = 31.63395118713379 (ms)
[RANK2] B @ 3305.099853515625 (ms) to 3349.414794921875 (ms), cudaEventElapsed = 44.28361511230469 (ms)
[RANK2] W @ 3349.581298828125 (ms) to 3374.09423828125 (ms), cudaEventElapsed = 24.482816696166992 (ms)
[RANK2] W @ 3374.262451171875 (ms) to 3400.816650390625 (ms), cudaEventElapsed = 26.52364730834961 (ms)
[RANK2] B @ 3400.99462890625 (ms) to 3449.40380859375 (ms), cudaEventElapsed = 48.37763214111328 (ms)
[RANK2] 6W @ 3449.630615234375 (ms) to 3610.08740234375 (ms), cudaEventElapsed = 160.4188232421875 (ms)
[RANK2] Iteration 13
[RANK2] F @ 307.885009765625 (ms) to 340.32421875 (ms), cudaEventElapsed = 32.385215759277344 (ms)
[RANK2] F @ 459.57373046875 (ms) to 491.036376953125 (ms), cudaEventElapsed = 31.422048568725586 (ms)
[RANK2] F @ 492.71875 (ms) to 528.013916015625 (ms), cudaEventElapsed = 35.25990295410156 (ms)
[RANK2] B @ 760.187255859375 (ms) to 802.240234375 (ms), cudaEventElapsed = 42.00342559814453 (ms)
[RANK2] F @ 802.685302734375 (ms) to 837.01171875 (ms), cudaEventElapsed = 34.29225540161133 (ms)
[RANK2] B @ 837.34521484375 (ms) to 883.6240234375 (ms), cudaEventElapsed = 46.24777603149414 (ms)
[RANK2] F @ 885.1142578125 (ms) to 921.613525390625 (ms), cudaEventElapsed = 36.46566390991211 (ms)
[RANK2] B @ 1212.431884765625 (ms) to 1253.5654296875 (ms), cudaEventElapsed = 41.07699203491211 (ms)
[RANK2] F @ 1255.096923828125 (ms) to 1290.179931640625 (ms), cudaEventElapsed = 35.0464973449707 (ms)
[RANK2] B @ 1422.798095703125 (ms) to 1463.977783203125 (ms), cudaEventElapsed = 41.13692855834961 (ms)
[RANK2] F @ 1465.5009765625 (ms) to 1500.44384765625 (ms), cudaEventElapsed = 34.907135009765625 (ms)
[RANK2] B @ 1713.115234375 (ms) to 1754.363525390625 (ms), cudaEventElapsed = 41.200897216796875 (ms)
[RANK2] F @ 1754.760009765625 (ms) to 1789.627197265625 (ms), cudaEventElapsed = 34.83564758300781 (ms)
[RANK2] B @ 1790.003662109375 (ms) to 1838.0107421875 (ms), cudaEventElapsed = 47.972991943359375 (ms)
[RANK2] W @ 1838.264404296875 (ms) to 2000.67626953125 (ms), cudaEventElapsed = 19.487743377685547 (ms)
[RANK2] F @ 2000.9501953125 (ms) to 2034.40771484375 (ms), cudaEventElapsed = 33.417057037353516 (ms)
[RANK2] B @ 2035.878173828125 (ms) to 2082.933349609375 (ms), cudaEventElapsed = 47.02262496948242 (ms)
[RANK2] B @ 2084.41357421875 (ms) to 2131.22998046875 (ms), cudaEventElapsed = 46.78326416015625 (ms)
[RANK2] W @ 2131.423583984375 (ms) to 2477.363037109375 (ms), cudaEventElapsed = 19.63929557800293 (ms)
[RANK2] F @ 2477.7275390625 (ms) to 2511.782470703125 (ms), cudaEventElapsed = 34.02278518676758 (ms)
[RANK2] B @ 2512.081787109375 (ms) to 2559.064453125 (ms), cudaEventElapsed = 46.95084762573242 (ms)
[RANK2] W @ 2559.300537109375 (ms) to 2585.08056640625 (ms), cudaEventElapsed = 24.673280715942383 (ms)
[RANK2] F @ 2935.502685546875 (ms) to 2967.232177734375 (ms), cudaEventElapsed = 31.669248580932617 (ms)
[RANK2] B @ 2967.5751953125 (ms) to 3012.227783203125 (ms), cudaEventElapsed = 44.62236785888672 (ms)
[RANK2] W @ 3012.482666015625 (ms) to 3038.06787109375 (ms), cudaEventElapsed = 24.353792190551758 (ms)
[RANK2] F @ 3271.428466796875 (ms) to 3303.1591796875 (ms), cudaEventElapsed = 31.678495407104492 (ms)
[RANK2] B @ 3303.48681640625 (ms) to 3347.9921875 (ms), cudaEventElapsed = 44.469886779785156 (ms)
[RANK2] W @ 3348.28955078125 (ms) to 3372.53955078125 (ms), cudaEventElapsed = 24.211456298828125 (ms)
[RANK2] W @ 3372.7548828125 (ms) to 3399.559814453125 (ms), cudaEventElapsed = 26.776575088500977 (ms)
[RANK2] B @ 3399.7431640625 (ms) to 3447.870361328125 (ms), cudaEventElapsed = 48.10015869140625 (ms)
[RANK2] 6W @ 3448.033447265625 (ms) to 3608.3232421875 (ms), cudaEventElapsed = 160.25701904296875 (ms)
[RANK2] Iteration 14
[RANK2] F @ 306.998779296875 (ms) to 339.294677734375 (ms), cudaEventElapsed = 32.24809646606445 (ms)
[RANK2] F @ 457.10888671875 (ms) to 488.585205078125 (ms), cudaEventElapsed = 31.43734359741211 (ms)
[RANK2] F @ 490.110595703125 (ms) to 524.826171875 (ms), cudaEventElapsed = 34.683040618896484 (ms)
[RANK2] B @ 756.2158203125 (ms) to 798.278076171875 (ms), cudaEventElapsed = 42.019264221191406 (ms)
[RANK2] F @ 798.64892578125 (ms) to 832.861083984375 (ms), cudaEventElapsed = 34.18044662475586 (ms)
[RANK2] B @ 833.16357421875 (ms) to 879.26708984375 (ms), cudaEventElapsed = 46.072383880615234 (ms)
[RANK2] F @ 880.740966796875 (ms) to 917.031982421875 (ms), cudaEventElapsed = 36.25836944580078 (ms)
[RANK2] B @ 1207.28857421875 (ms) to 1248.69677734375 (ms), cudaEventElapsed = 41.34096145629883 (ms)
[RANK2] F @ 1250.2734375 (ms) to 1285.852294921875 (ms), cudaEventElapsed = 35.53667068481445 (ms)
[RANK2] B @ 1416.478759765625 (ms) to 1457.82763671875 (ms), cudaEventElapsed = 41.289791107177734 (ms)
[RANK2] F @ 1459.39453125 (ms) to 1494.58154296875 (ms), cudaEventElapsed = 35.15052795410156 (ms)
[RANK2] B @ 1706.892822265625 (ms) to 1748.26611328125 (ms), cudaEventElapsed = 41.31999969482422 (ms)
[RANK2] F @ 1748.671630859375 (ms) to 1783.859375 (ms), cudaEventElapsed = 35.156097412109375 (ms)
[RANK2] B @ 1784.259033203125 (ms) to 1832.448974609375 (ms), cudaEventElapsed = 48.158782958984375 (ms)
[RANK2] W @ 1832.6982421875 (ms) to 1994.61083984375 (ms), cudaEventElapsed = 19.472383499145508 (ms)
[RANK2] F @ 1994.8251953125 (ms) to 2028.303955078125 (ms), cudaEventElapsed = 33.4453125 (ms)
[RANK2] B @ 2029.770751953125 (ms) to 2076.4853515625 (ms), cudaEventElapsed = 46.68272018432617 (ms)
[RANK2] B @ 2077.96337890625 (ms) to 2124.38720703125 (ms), cudaEventElapsed = 46.39321517944336 (ms)
[RANK2] W @ 2124.560791015625 (ms) to 2472.2197265625 (ms), cudaEventElapsed = 19.587072372436523 (ms)
[RANK2] F @ 2472.66162109375 (ms) to 2506.21875 (ms), cudaEventElapsed = 33.51897430419922 (ms)
[RANK2] B @ 2506.53857421875 (ms) to 2553.04248046875 (ms), cudaEventElapsed = 46.47292709350586 (ms)
[RANK2] W @ 2553.2919921875 (ms) to 2579.00244140625 (ms), cudaEventElapsed = 24.51865577697754 (ms)
[RANK2] F @ 2931.304443359375 (ms) to 2962.89013671875 (ms), cudaEventElapsed = 31.532512664794922 (ms)
[RANK2] B @ 2963.226318359375 (ms) to 3007.518310546875 (ms), cudaEventElapsed = 44.260704040527344 (ms)
[RANK2] W @ 3007.751220703125 (ms) to 3033.773681640625 (ms), cudaEventElapsed = 24.646656036376953 (ms)
[RANK2] F @ 3266.2724609375 (ms) to 3297.884521484375 (ms), cudaEventElapsed = 31.570175170898438 (ms)
[RANK2] B @ 3298.193115234375 (ms) to 3342.58251953125 (ms), cudaEventElapsed = 44.36003112792969 (ms)
[RANK2] W @ 3342.74267578125 (ms) to 3366.590087890625 (ms), cudaEventElapsed = 23.816192626953125 (ms)
[RANK2] W @ 3366.743408203125 (ms) to 3393.734619140625 (ms), cudaEventElapsed = 26.96294403076172 (ms)
[RANK2] B @ 3393.875 (ms) to 3442.160400390625 (ms), cudaEventElapsed = 48.257408142089844 (ms)
[RANK2] 6W @ 3442.319091796875 (ms) to 3602.330810546875 (ms), cudaEventElapsed = 159.9815673828125 (ms)
[RANK2] Iteration 15
[RANK2] F @ 308.3662109375 (ms) to 340.690185546875 (ms), cudaEventElapsed = 32.275455474853516 (ms)
[RANK2] F @ 458.05224609375 (ms) to 489.5732421875 (ms), cudaEventElapsed = 31.47987174987793 (ms)
[RANK2] F @ 491.0380859375 (ms) to 526.32763671875 (ms), cudaEventElapsed = 35.257118225097656 (ms)
[RANK2] B @ 757.87939453125 (ms) to 800.053466796875 (ms), cudaEventElapsed = 42.129695892333984 (ms)
[RANK2] F @ 800.4521484375 (ms) to 835.086669921875 (ms), cudaEventElapsed = 34.60316848754883 (ms)
[RANK2] B @ 835.410888671875 (ms) to 881.242431640625 (ms), cudaEventElapsed = 45.80073547363281 (ms)
[RANK2] F @ 882.72802734375 (ms) to 919.599609375 (ms), cudaEventElapsed = 36.83919906616211 (ms)
[RANK2] B @ 1209.505859375 (ms) to 1250.86767578125 (ms), cudaEventElapsed = 41.30326461791992 (ms)
[RANK2] F @ 1252.371337890625 (ms) to 1287.1005859375 (ms), cudaEventElapsed = 34.69257736206055 (ms)
[RANK2] B @ 1419.21533203125 (ms) to 1460.455810546875 (ms), cudaEventElapsed = 41.199649810791016 (ms)
[RANK2] F @ 1461.989013671875 (ms) to 1497.891845703125 (ms), cudaEventElapsed = 35.867103576660156 (ms)
[RANK2] B @ 1710.837890625 (ms) to 1751.998291015625 (ms), cudaEventElapsed = 41.11648178100586 (ms)
[RANK2] F @ 1752.36669921875 (ms) to 1786.230224609375 (ms), cudaEventElapsed = 33.8328971862793 (ms)
[RANK2] B @ 1786.62158203125 (ms) to 1834.392333984375 (ms), cudaEventElapsed = 47.735809326171875 (ms)
[RANK2] W @ 1834.719482421875 (ms) to 1998.539794921875 (ms), cudaEventElapsed = 19.535871505737305 (ms)
[RANK2] F @ 1998.763427734375 (ms) to 2033.259033203125 (ms), cudaEventElapsed = 34.455039978027344 (ms)
[RANK2] B @ 2034.693359375 (ms) to 2080.84423828125 (ms), cudaEventElapsed = 46.119232177734375 (ms)
[RANK2] B @ 2082.3203125 (ms) to 2128.98583984375 (ms), cudaEventElapsed = 46.628353118896484 (ms)
[RANK2] W @ 2129.181884765625 (ms) to 2476.84716796875 (ms), cudaEventElapsed = 19.62188720703125 (ms)
[RANK2] F @ 2477.374755859375 (ms) to 2511.5244140625 (ms), cudaEventElapsed = 34.10512161254883 (ms)
[RANK2] B @ 2511.859375 (ms) to 2558.49755859375 (ms), cudaEventElapsed = 46.608158111572266 (ms)
[RANK2] W @ 2558.736328125 (ms) to 2584.019775390625 (ms), cudaEventElapsed = 24.1213436126709 (ms)
[RANK2] F @ 2936.530029296875 (ms) to 2968.253173828125 (ms), cudaEventElapsed = 31.660287857055664 (ms)
[RANK2] B @ 2968.6015625 (ms) to 3012.88916015625 (ms), cudaEventElapsed = 44.25641632080078 (ms)
[RANK2] W @ 3013.157958984375 (ms) to 3038.75 (ms), cudaEventElapsed = 24.371200561523438 (ms)
[RANK2] F @ 3271.10302734375 (ms) to 3302.611328125 (ms), cudaEventElapsed = 31.45792007446289 (ms)
[RANK2] B @ 3302.923095703125 (ms) to 3346.78759765625 (ms), cudaEventElapsed = 43.8342399597168 (ms)
[RANK2] W @ 3346.95751953125 (ms) to 3371.421142578125 (ms), cudaEventElapsed = 24.434688568115234 (ms)
[RANK2] W @ 3371.581298828125 (ms) to 3398.453369140625 (ms), cudaEventElapsed = 26.845184326171875 (ms)
[RANK2] B @ 3398.603759765625 (ms) to 3446.630859375 (ms), cudaEventElapsed = 47.99894332885742 (ms)
[RANK2] 6W @ 3446.810546875 (ms) to 3607.0986328125 (ms), cudaEventElapsed = 160.25599670410156 (ms)
[RANK2] Iteration 16
[RANK2] F @ 181.154052734375 (ms) to 211.529052734375 (ms), cudaEventElapsed = 30.31171226501465 (ms)
[RANK2] F @ 329.62158203125 (ms) to 359.210693359375 (ms), cudaEventElapsed = 29.546144485473633 (ms)
[RANK2] F @ 478.441162109375 (ms) to 508.701416015625 (ms), cudaEventElapsed = 30.217727661132812 (ms)
[RANK2] F @ 624.62646484375 (ms) to 654.71923828125 (ms), cudaEventElapsed = 30.055328369140625 (ms)
[RANK2] F @ 775.192138671875 (ms) to 805.491455078125 (ms), cudaEventElapsed = 30.26041603088379 (ms)
[RANK2] F @ 920.0419921875 (ms) to 950.287353515625 (ms), cudaEventElapsed = 30.21174430847168 (ms)
[RANK2] F @ 1068.5537109375 (ms) to 1098.75830078125 (ms), cudaEventElapsed = 30.169696807861328 (ms)
[RANK2] F @ 1217.18359375 (ms) to 1246.783447265625 (ms), cudaEventElapsed = 29.56492805480957 (ms)
[RANK2] F @ 1364.469482421875 (ms) to 1393.95703125 (ms), cudaEventElapsed = 29.451679229736328 (ms)
[RANK2] F @ 1514.88232421875 (ms) to 1544.477294921875 (ms), cudaEventElapsed = 29.560640335083008 (ms)
[RANK2] F @ 1660.72021484375 (ms) to 1690.269287109375 (ms), cudaEventElapsed = 29.511808395385742 (ms)
[RANK2] F @ 1808.50341796875 (ms) to 1838.060791015625 (ms), cudaEventElapsed = 29.51238441467285 (ms)
