[RANK3] Iteration 1
[RANK3] F @ 1091.52587890625 (ms) to 1644.615234375 (ms), cudaEventElapsed = 553.0076904296875 (ms)
[RANK3] B @ 1644.8515625 (ms) to 1688.92529296875 (ms), cudaEventElapsed = 44.035072326660156 (ms)
[RANK3] F @ 1693.028564453125 (ms) to 1723.85107421875 (ms), cudaEventElapsed = 30.784799575805664 (ms)
[RANK3] B @ 1723.923828125 (ms) to 1761.657470703125 (ms), cudaEventElapsed = 37.70163345336914 (ms)
[RANK3] F @ 1762.90478515625 (ms) to 1795.376953125 (ms), cudaEventElapsed = 32.4376335144043 (ms)
[RANK3] B @ 1795.445068359375 (ms) to 1833.5126953125 (ms), cudaEventElapsed = 38.03238296508789 (ms)
[RANK3] F @ 1835.083984375 (ms) to 1867.896484375 (ms), cudaEventElapsed = 32.76579284667969 (ms)
[RANK3] B @ 1867.96484375 (ms) to 1906.3349609375 (ms), cudaEventElapsed = 38.33651351928711 (ms)
[RANK3] F @ 1908.1533203125 (ms) to 1941.07080078125 (ms), cudaEventElapsed = 32.87776184082031 (ms)
[RANK3] B @ 1941.143798828125 (ms) to 1978.645263671875 (ms), cudaEventElapsed = 37.46918487548828 (ms)
[RANK3] F @ 1980.0107421875 (ms) to 2012.104736328125 (ms), cudaEventElapsed = 32.059425354003906 (ms)
[RANK3] B @ 2012.1748046875 (ms) to 2050.634765625 (ms), cudaEventElapsed = 38.4266242980957 (ms)
[RANK3] F @ 2052.0185546875 (ms) to 2085.31201171875 (ms), cudaEventElapsed = 33.25680160522461 (ms)
[RANK3] B @ 2085.37353515625 (ms) to 2123.99951171875 (ms), cudaEventElapsed = 38.59251022338867 (ms)
[RANK3] F @ 2124.305419921875 (ms) to 2156.506591796875 (ms), cudaEventElapsed = 32.16912078857422 (ms)
[RANK3] B @ 2156.696044921875 (ms) to 2196.2734375 (ms), cudaEventElapsed = 39.54380798339844 (ms)
[RANK3] W @ 2196.47314453125 (ms) to 2227.24755859375 (ms), cudaEventElapsed = 17.547264099121094 (ms)
[RANK3] F @ 2227.413818359375 (ms) to 2258.6376953125 (ms), cudaEventElapsed = 31.189727783203125 (ms)
[RANK3] B @ 2258.6982421875 (ms) to 2297.255615234375 (ms), cudaEventElapsed = 38.52799987792969 (ms)
[RANK3] W @ 2297.487060546875 (ms) to 2319.012939453125 (ms), cudaEventElapsed = 20.43187141418457 (ms)
[RANK3] F @ 2354.99560546875 (ms) to 2385.019775390625 (ms), cudaEventElapsed = 29.986495971679688 (ms)
[RANK3] B @ 2385.078857421875 (ms) to 2421.919189453125 (ms), cudaEventElapsed = 36.805633544921875 (ms)
[RANK3] W @ 2422.163330078125 (ms) to 2442.918701171875 (ms), cudaEventElapsed = 19.544063568115234 (ms)
[RANK3] F @ 2456.359619140625 (ms) to 2487.123291015625 (ms), cudaEventElapsed = 30.729183197021484 (ms)
[RANK3] B @ 2487.180419921875 (ms) to 2525.13720703125 (ms), cudaEventElapsed = 37.926910400390625 (ms)
[RANK3] W @ 2525.372802734375 (ms) to 2547.23974609375 (ms), cudaEventElapsed = 20.593664169311523 (ms)
[RANK3] F @ 2558.21630859375 (ms) to 2589.333740234375 (ms), cudaEventElapsed = 31.082111358642578 (ms)
[RANK3] B @ 2589.3916015625 (ms) to 2627.194580078125 (ms), cudaEventElapsed = 37.77433776855469 (ms)
[RANK3] 8W @ 2627.361083984375 (ms) to 2790.995361328125 (ms), cudaEventElapsed = 163.5983428955078 (ms)
[RANK3] Iteration 2
[RANK3] F @ 98.939208984375 (ms) to 129.690185546875 (ms), cudaEventElapsed = 30.69443130493164 (ms)
[RANK3] B @ 129.955078125 (ms) to 173.703369140625 (ms), cudaEventElapsed = 35.47955322265625 (ms)
[RANK3] F @ 175.292236328125 (ms) to 205.49072265625 (ms), cudaEventElapsed = 30.160032272338867 (ms)
[RANK3] B @ 205.5791015625 (ms) to 243.376220703125 (ms), cudaEventElapsed = 37.761024475097656 (ms)
[RANK3] F @ 245.072265625 (ms) to 277.733154296875 (ms), cudaEventElapsed = 32.614017486572266 (ms)
[RANK3] B @ 277.92431640625 (ms) to 315.831787109375 (ms), cudaEventElapsed = 37.86240005493164 (ms)
[RANK3] F @ 317.4306640625 (ms) to 349.545654296875 (ms), cudaEventElapsed = 32.07612609863281 (ms)
[RANK3] B @ 349.655029296875 (ms) to 387.628662109375 (ms), cudaEventElapsed = 37.938175201416016 (ms)
[RANK3] F @ 389.162841796875 (ms) to 422.02783203125 (ms), cudaEventElapsed = 32.83260726928711 (ms)
[RANK3] B @ 422.114501953125 (ms) to 460.23291015625 (ms), cudaEventElapsed = 38.08153533935547 (ms)
[RANK3] F @ 461.7109375 (ms) to 494.592041015625 (ms), cudaEventElapsed = 32.84745788574219 (ms)
[RANK3] B @ 494.67529296875 (ms) to 532.46728515625 (ms), cudaEventElapsed = 37.761024475097656 (ms)
[RANK3] F @ 533.934814453125 (ms) to 566.37109375 (ms), cudaEventElapsed = 32.4005126953125 (ms)
[RANK3] B @ 566.473388671875 (ms) to 604.647705078125 (ms), cudaEventElapsed = 38.14400100708008 (ms)
[RANK3] F @ 604.9462890625 (ms) to 637.350341796875 (ms), cudaEventElapsed = 32.37257766723633 (ms)
[RANK3] B @ 637.568603515625 (ms) to 676.5166015625 (ms), cudaEventElapsed = 38.91712188720703 (ms)
[RANK3] W @ 676.697265625 (ms) to 698.0380859375 (ms), cudaEventElapsed = 18.894847869873047 (ms)
[RANK3] F @ 698.192138671875 (ms) to 730.054931640625 (ms), cudaEventElapsed = 31.834400177001953 (ms)
[RANK3] B @ 730.131103515625 (ms) to 768.588134765625 (ms), cudaEventElapsed = 38.4266242980957 (ms)
[RANK3] W @ 768.82421875 (ms) to 790.259765625 (ms), cudaEventElapsed = 20.373504638671875 (ms)
[RANK3] F @ 824.4609375 (ms) to 854.599609375 (ms), cudaEventElapsed = 30.09872055053711 (ms)
[RANK3] B @ 854.68017578125 (ms) to 891.926513671875 (ms), cudaEventElapsed = 37.21318435668945 (ms)
[RANK3] W @ 892.196533203125 (ms) to 913.794921875 (ms), cudaEventElapsed = 20.391935348510742 (ms)
[RANK3] F @ 927.199462890625 (ms) to 957.91357421875 (ms), cudaEventElapsed = 30.67910385131836 (ms)
[RANK3] B @ 957.98681640625 (ms) to 995.656982421875 (ms), cudaEventElapsed = 37.64019012451172 (ms)
[RANK3] W @ 995.89794921875 (ms) to 1017.151611328125 (ms), cudaEventElapsed = 20.05504035949707 (ms)
[RANK3] F @ 1032.52978515625 (ms) to 1063.1123046875 (ms), cudaEventElapsed = 30.549856185913086 (ms)
[RANK3] B @ 1063.1865234375 (ms) to 1101.184814453125 (ms), cudaEventElapsed = 37.970943450927734 (ms)
[RANK3] 8W @ 1101.357666015625 (ms) to 1265.544677734375 (ms), cudaEventElapsed = 164.1543731689453 (ms)
[RANK3] Iteration 3
[RANK3] F @ 97.87255859375 (ms) to 128.62060546875 (ms), cudaEventElapsed = 30.70400047302246 (ms)
[RANK3] B @ 128.837158203125 (ms) to 173.281005859375 (ms), cudaEventElapsed = 35.65158462524414 (ms)
[RANK3] F @ 174.7548828125 (ms) to 205.18212890625 (ms), cudaEventElapsed = 30.391679763793945 (ms)
[RANK3] B @ 205.263916015625 (ms) to 243.632080078125 (ms), cudaEventElapsed = 38.33446502685547 (ms)
[RANK3] F @ 245.065185546875 (ms) to 277.59228515625 (ms), cudaEventElapsed = 32.49571228027344 (ms)
[RANK3] B @ 277.6865234375 (ms) to 315.97607421875 (ms), cudaEventElapsed = 38.258689880371094 (ms)
[RANK3] F @ 317.498291015625 (ms) to 350.25390625 (ms), cudaEventElapsed = 32.72480010986328 (ms)
[RANK3] B @ 350.3447265625 (ms) to 388.558837890625 (ms), cudaEventElapsed = 38.181888580322266 (ms)
[RANK3] F @ 390.09716796875 (ms) to 422.795166015625 (ms), cudaEventElapsed = 32.66582489013672 (ms)
[RANK3] B @ 422.87890625 (ms) to 460.8857421875 (ms), cudaEventElapsed = 37.975040435791016 (ms)
[RANK3] F @ 462.400146484375 (ms) to 495.45556640625 (ms), cudaEventElapsed = 33.02262496948242 (ms)
[RANK3] B @ 495.539306640625 (ms) to 533.174072265625 (ms), cudaEventElapsed = 37.60435104370117 (ms)
[RANK3] F @ 534.65966796875 (ms) to 566.80224609375 (ms), cudaEventElapsed = 32.11043167114258 (ms)
[RANK3] B @ 566.88232421875 (ms) to 605.283203125 (ms), cudaEventElapsed = 38.36928176879883 (ms)
[RANK3] F @ 605.5849609375 (ms) to 637.945556640625 (ms), cudaEventElapsed = 32.33184051513672 (ms)
[RANK3] B @ 638.15576171875 (ms) to 677.84375 (ms), cudaEventElapsed = 39.657470703125 (ms)
[RANK3] W @ 678.046142578125 (ms) to 701.18310546875 (ms), cudaEventElapsed = 19.188735961914062 (ms)
[RANK3] F @ 701.362060546875 (ms) to 733.61767578125 (ms), cudaEventElapsed = 32.218849182128906 (ms)
[RANK3] B @ 733.708251953125 (ms) to 771.873291015625 (ms), cudaEventElapsed = 38.1317138671875 (ms)
[RANK3] W @ 772.18310546875 (ms) to 793.508056640625 (ms), cudaEventElapsed = 20.125696182250977 (ms)
[RANK3] F @ 827.425537109375 (ms) to 857.573486328125 (ms), cudaEventElapsed = 30.102815628051758 (ms)
[RANK3] B @ 857.663818359375 (ms) to 894.82568359375 (ms), cudaEventElapsed = 37.13228988647461 (ms)
[RANK3] W @ 895.08154296875 (ms) to 916.264404296875 (ms), cudaEventElapsed = 19.899391174316406 (ms)
[RANK3] F @ 930.1474609375 (ms) to 961.135009765625 (ms), cudaEventElapsed = 30.94985580444336 (ms)
[RANK3] B @ 961.218017578125 (ms) to 999.659423828125 (ms), cudaEventElapsed = 38.410240173339844 (ms)
[RANK3] W @ 999.917236328125 (ms) to 1021.464599609375 (ms), cudaEventElapsed = 20.324352264404297 (ms)
[RANK3] F @ 1034.25439453125 (ms) to 1065.041259765625 (ms), cudaEventElapsed = 30.75116729736328 (ms)
[RANK3] B @ 1065.11865234375 (ms) to 1103.017822265625 (ms), cudaEventElapsed = 37.86956787109375 (ms)
[RANK3] 8W @ 1103.20751953125 (ms) to 1267.802001953125 (ms), cudaEventElapsed = 164.56089782714844 (ms)
[RANK3] Iteration 4
[RANK3] F @ 98.046142578125 (ms) to 128.640625 (ms), cudaEventElapsed = 30.55062484741211 (ms)
[RANK3] B @ 128.849853515625 (ms) to 174.5703125 (ms), cudaEventElapsed = 37.010433197021484 (ms)
[RANK3] F @ 175.07568359375 (ms) to 206.7783203125 (ms), cudaEventElapsed = 31.665760040283203 (ms)
[RANK3] B @ 206.87744140625 (ms) to 245.189208984375 (ms), cudaEventElapsed = 38.27711868286133 (ms)
[RANK3] F @ 246.614990234375 (ms) to 278.761962890625 (ms), cudaEventElapsed = 32.114463806152344 (ms)
[RANK3] B @ 278.85302734375 (ms) to 316.81884765625 (ms), cudaEventElapsed = 37.93203353881836 (ms)
[RANK3] F @ 318.303955078125 (ms) to 350.81103515625 (ms), cudaEventElapsed = 32.47382354736328 (ms)
[RANK3] B @ 350.901123046875 (ms) to 389.235107421875 (ms), cudaEventElapsed = 38.3006706237793 (ms)
[RANK3] F @ 390.77197265625 (ms) to 423.772705078125 (ms), cudaEventElapsed = 32.968223571777344 (ms)
[RANK3] B @ 423.8544921875 (ms) to 461.819091796875 (ms), cudaEventElapsed = 37.93305587768555 (ms)
[RANK3] F @ 463.35498046875 (ms) to 495.72998046875 (ms), cudaEventElapsed = 32.34262466430664 (ms)
[RANK3] B @ 495.8115234375 (ms) to 533.892578125 (ms), cudaEventElapsed = 38.04876708984375 (ms)
[RANK3] F @ 535.334228515625 (ms) to 568.372802734375 (ms), cudaEventElapsed = 33.00624084472656 (ms)
[RANK3] B @ 568.45654296875 (ms) to 606.92919921875 (ms), cudaEventElapsed = 38.43584060668945 (ms)
[RANK3] F @ 607.4521484375 (ms) to 640.11865234375 (ms), cudaEventElapsed = 32.621150970458984 (ms)
[RANK3] B @ 640.46826171875 (ms) to 679.95166015625 (ms), cudaEventElapsed = 39.44345474243164 (ms)
[RANK3] W @ 680.219970703125 (ms) to 700.031982421875 (ms), cudaEventElapsed = 19.772415161132812 (ms)
[RANK3] F @ 700.2236328125 (ms) to 732.7646484375 (ms), cudaEventElapsed = 32.51116943359375 (ms)
[RANK3] B @ 732.84228515625 (ms) to 771.781494140625 (ms), cudaEventElapsed = 38.90790557861328 (ms)
[RANK3] W @ 772.02587890625 (ms) to 793.541259765625 (ms), cudaEventElapsed = 20.26188850402832 (ms)
[RANK3] F @ 823.333251953125 (ms) to 853.4228515625 (ms), cudaEventElapsed = 30.051776885986328 (ms)
[RANK3] B @ 853.500732421875 (ms) to 890.201904296875 (ms), cudaEventElapsed = 36.67148971557617 (ms)
[RANK3] W @ 890.444580078125 (ms) to 911.5068359375 (ms), cudaEventElapsed = 19.867647171020508 (ms)
[RANK3] F @ 926.48681640625 (ms) to 957.24755859375 (ms), cudaEventElapsed = 30.724544525146484 (ms)
[RANK3] B @ 957.3232421875 (ms) to 995.479736328125 (ms), cudaEventElapsed = 38.126590728759766 (ms)
[RANK3] W @ 995.72119140625 (ms) to 1017.49658203125 (ms), cudaEventElapsed = 20.626432418823242 (ms)
[RANK3] F @ 1032.688232421875 (ms) to 1063.35693359375 (ms), cudaEventElapsed = 30.633344650268555 (ms)
[RANK3] B @ 1063.457275390625 (ms) to 1100.8623046875 (ms), cudaEventElapsed = 37.368831634521484 (ms)
[RANK3] 8W @ 1101.042236328125 (ms) to 1266.5126953125 (ms), cudaEventElapsed = 165.4323272705078 (ms)
[RANK3] Iteration 5
[RANK3] F @ 98.0634765625 (ms) to 128.88671875 (ms), cudaEventElapsed = 30.773984909057617 (ms)
[RANK3] B @ 129.095703125 (ms) to 174.242431640625 (ms), cudaEventElapsed = 36.366336822509766 (ms)
[RANK3] F @ 174.692626953125 (ms) to 207.126953125 (ms), cudaEventElapsed = 32.399070739746094 (ms)
[RANK3] B @ 207.2177734375 (ms) to 246.24462890625 (ms), cudaEventElapsed = 38.99699020385742 (ms)
[RANK3] F @ 247.804443359375 (ms) to 281.891845703125 (ms), cudaEventElapsed = 34.05219268798828 (ms)
[RANK3] B @ 281.987548828125 (ms) to 321.2919921875 (ms), cudaEventElapsed = 39.2724494934082 (ms)
[RANK3] F @ 322.85791015625 (ms) to 357.18212890625 (ms), cudaEventElapsed = 34.290496826171875 (ms)
[RANK3] B @ 357.275634765625 (ms) to 395.70849609375 (ms), cudaEventElapsed = 38.39897537231445 (ms)
[RANK3] F @ 397.226806640625 (ms) to 430.771484375 (ms), cudaEventElapsed = 33.51420974731445 (ms)
[RANK3] B @ 430.852294921875 (ms) to 469.768310546875 (ms), cudaEventElapsed = 38.88639831542969 (ms)
[RANK3] F @ 471.293212890625 (ms) to 505.639404296875 (ms), cudaEventElapsed = 34.31248092651367 (ms)
[RANK3] B @ 505.720458984375 (ms) to 544.42626953125 (ms), cudaEventElapsed = 38.67750549316406 (ms)
[RANK3] F @ 545.986328125 (ms) to 580.322265625 (ms), cudaEventElapsed = 34.30374526977539 (ms)
[RANK3] B @ 580.40380859375 (ms) to 619.6748046875 (ms), cudaEventElapsed = 39.24275207519531 (ms)
[RANK3] F @ 619.987060546875 (ms) to 653.69970703125 (ms), cudaEventElapsed = 33.683231353759766 (ms)
[RANK3] B @ 653.905517578125 (ms) to 693.6982421875 (ms), cudaEventElapsed = 39.76192092895508 (ms)
[RANK3] W @ 693.89794921875 (ms) to 720.499267578125 (ms), cudaEventElapsed = 19.4703369140625 (ms)
[RANK3] F @ 720.656982421875 (ms) to 755.48486328125 (ms), cudaEventElapsed = 34.799808502197266 (ms)
[RANK3] B @ 755.56005859375 (ms) to 794.76611328125 (ms), cudaEventElapsed = 39.175167083740234 (ms)
[RANK3] W @ 795.013671875 (ms) to 817.62548828125 (ms), cudaEventElapsed = 21.42412757873535 (ms)
[RANK3] F @ 857.5888671875 (ms) to 887.974365234375 (ms), cudaEventElapsed = 30.345312118530273 (ms)
[RANK3] B @ 888.066650390625 (ms) to 925.48486328125 (ms), cudaEventElapsed = 37.384193420410156 (ms)
[RANK3] W @ 925.740478515625 (ms) to 949.15380859375 (ms), cudaEventElapsed = 22.201343536376953 (ms)
[RANK3] F @ 979.124755859375 (ms) to 1010.08740234375 (ms), cudaEventElapsed = 30.924575805664062 (ms)
[RANK3] B @ 1010.164306640625 (ms) to 1047.98974609375 (ms), cudaEventElapsed = 37.795841217041016 (ms)
[RANK3] W @ 1048.244140625 (ms) to 1071.65576171875 (ms), cudaEventElapsed = 22.195199966430664 (ms)
[RANK3] F @ 1090.19140625 (ms) to 1121.576171875 (ms), cudaEventElapsed = 31.34931182861328 (ms)
[RANK3] B @ 1121.647705078125 (ms) to 1160.12255859375 (ms), cudaEventElapsed = 38.44607925415039 (ms)
[RANK3] 8W @ 1160.304931640625 (ms) to 1352.291748046875 (ms), cudaEventElapsed = 191.9508514404297 (ms)
[RANK3] Iteration 6
[RANK3] F @ 98.095947265625 (ms) to 128.821533203125 (ms), cudaEventElapsed = 30.672639846801758 (ms)
[RANK3] B @ 129.052001953125 (ms) to 175.495849609375 (ms), cudaEventElapsed = 37.37395095825195 (ms)
[RANK3] F @ 175.892333984375 (ms) to 209.106201171875 (ms), cudaEventElapsed = 33.1789436340332 (ms)
[RANK3] B @ 209.190673828125 (ms) to 248.460205078125 (ms), cudaEventElapsed = 39.23865509033203 (ms)
[RANK3] F @ 249.9404296875 (ms) to 284.05078125 (ms), cudaEventElapsed = 34.07769775390625 (ms)
[RANK3] B @ 284.150390625 (ms) to 322.8271484375 (ms), cudaEventElapsed = 38.6426887512207 (ms)
[RANK3] F @ 324.332763671875 (ms) to 358.07958984375 (ms), cudaEventElapsed = 33.71247863769531 (ms)
[RANK3] B @ 358.17041015625 (ms) to 397.13720703125 (ms), cudaEventElapsed = 38.93452835083008 (ms)
[RANK3] F @ 398.620361328125 (ms) to 432.9482421875 (ms), cudaEventElapsed = 34.29619216918945 (ms)
[RANK3] B @ 433.03076171875 (ms) to 471.72607421875 (ms), cudaEventElapsed = 38.6611213684082 (ms)
[RANK3] F @ 473.434326171875 (ms) to 508.00732421875 (ms), cudaEventElapsed = 34.539329528808594 (ms)
[RANK3] B @ 508.0908203125 (ms) to 546.724853515625 (ms), cudaEventElapsed = 38.60377502441406 (ms)
[RANK3] F @ 548.173828125 (ms) to 582.565185546875 (ms), cudaEventElapsed = 34.36111831665039 (ms)
[RANK3] B @ 582.645751953125 (ms) to 621.70556640625 (ms), cudaEventElapsed = 39.030784606933594 (ms)
[RANK3] F @ 622.004638671875 (ms) to 655.502197265625 (ms), cudaEventElapsed = 33.46745681762695 (ms)
[RANK3] B @ 655.699951171875 (ms) to 695.63330078125 (ms), cudaEventElapsed = 39.90323257446289 (ms)
[RANK3] W @ 695.79541015625 (ms) to 724.30322265625 (ms), cudaEventElapsed = 19.64543914794922 (ms)
[RANK3] F @ 724.45166015625 (ms) to 757.5283203125 (ms), cudaEventElapsed = 33.046913146972656 (ms)
[RANK3] B @ 757.603515625 (ms) to 796.887451171875 (ms), cudaEventElapsed = 39.2540168762207 (ms)
[RANK3] W @ 797.125732421875 (ms) to 820.347900390625 (ms), cudaEventElapsed = 22.156288146972656 (ms)
[RANK3] F @ 862.0400390625 (ms) to 892.1025390625 (ms), cudaEventElapsed = 30.025503158569336 (ms)
[RANK3] B @ 892.1826171875 (ms) to 929.92626953125 (ms), cudaEventElapsed = 37.705726623535156 (ms)
[RANK3] W @ 930.31982421875 (ms) to 955.130126953125 (ms), cudaEventElapsed = 23.558143615722656 (ms)
[RANK3] F @ 983.6953125 (ms) to 1016.029296875 (ms), cudaEventElapsed = 32.26383972167969 (ms)
[RANK3] B @ 1016.11328125 (ms) to 1054.436279296875 (ms), cudaEventElapsed = 38.29248046875 (ms)
[RANK3] W @ 1054.685791015625 (ms) to 1077.803466796875 (ms), cudaEventElapsed = 21.9105281829834 (ms)
[RANK3] F @ 1094.76318359375 (ms) to 1126.960205078125 (ms), cudaEventElapsed = 32.15750503540039 (ms)
[RANK3] B @ 1127.0400390625 (ms) to 1165.014892578125 (ms), cudaEventElapsed = 37.945343017578125 (ms)
[RANK3] 8W @ 1165.20166015625 (ms) to 1358.20361328125 (ms), cudaEventElapsed = 192.9687042236328 (ms)
[RANK3] Iteration 7
[RANK3] F @ 98.252685546875 (ms) to 128.939453125 (ms), cudaEventElapsed = 30.636959075927734 (ms)
[RANK3] B @ 129.14501953125 (ms) to 174.4208984375 (ms), cudaEventElapsed = 36.782081604003906 (ms)
[RANK3] F @ 175.866943359375 (ms) to 209.1376953125 (ms), cudaEventElapsed = 33.23014450073242 (ms)
[RANK3] B @ 209.2177734375 (ms) to 247.8310546875 (ms), cudaEventElapsed = 38.582271575927734 (ms)
[RANK3] F @ 249.2626953125 (ms) to 282.536865234375 (ms), cudaEventElapsed = 33.241310119628906 (ms)
[RANK3] B @ 282.62646484375 (ms) to 321.268798828125 (ms), cudaEventElapsed = 38.61094284057617 (ms)
[RANK3] F @ 322.793212890625 (ms) to 356.717041015625 (ms), cudaEventElapsed = 33.89091110229492 (ms)
[RANK3] B @ 356.809326171875 (ms) to 395.482421875 (ms), cudaEventElapsed = 38.64166259765625 (ms)
[RANK3] F @ 396.976318359375 (ms) to 431.073974609375 (ms), cudaEventElapsed = 34.06582260131836 (ms)
[RANK3] B @ 431.1513671875 (ms) to 469.69580078125 (ms), cudaEventElapsed = 38.514686584472656 (ms)
[RANK3] F @ 471.201904296875 (ms) to 505.4306640625 (ms), cudaEventElapsed = 34.195518493652344 (ms)
[RANK3] B @ 505.51953125 (ms) to 544.154052734375 (ms), cudaEventElapsed = 38.60377502441406 (ms)
[RANK3] F @ 545.617919921875 (ms) to 579.68505859375 (ms), cudaEventElapsed = 34.03456115722656 (ms)
[RANK3] B @ 579.76708984375 (ms) to 618.819091796875 (ms), cudaEventElapsed = 39.023616790771484 (ms)
[RANK3] F @ 619.098388671875 (ms) to 652.759765625 (ms), cudaEventElapsed = 33.63228988647461 (ms)
[RANK3] B @ 652.953857421875 (ms) to 692.913818359375 (ms), cudaEventElapsed = 39.92985534667969 (ms)
[RANK3] W @ 693.08544921875 (ms) to 724.505126953125 (ms), cudaEventElapsed = 20.298751831054688 (ms)
[RANK3] F @ 724.651123046875 (ms) to 757.846435546875 (ms), cudaEventElapsed = 33.167327880859375 (ms)
[RANK3] B @ 757.920654296875 (ms) to 797.207275390625 (ms), cudaEventElapsed = 39.25913619995117 (ms)
[RANK3] W @ 797.43310546875 (ms) to 820.541748046875 (ms), cudaEventElapsed = 22.003711700439453 (ms)
[RANK3] F @ 861.06982421875 (ms) to 891.24267578125 (ms), cudaEventElapsed = 30.135839462280273 (ms)
[RANK3] B @ 891.3291015625 (ms) to 928.748046875 (ms), cudaEventElapsed = 37.38828659057617 (ms)
[RANK3] W @ 928.990234375 (ms) to 951.56201171875 (ms), cudaEventElapsed = 21.379072189331055 (ms)
[RANK3] F @ 982.2998046875 (ms) to 1013.349365234375 (ms), cudaEventElapsed = 31.007808685302734 (ms)
[RANK3] B @ 1013.4267578125 (ms) to 1052.520263671875 (ms), cudaEventElapsed = 39.06355285644531 (ms)
[RANK3] W @ 1052.808349609375 (ms) to 1076.3564453125 (ms), cudaEventElapsed = 22.361087799072266 (ms)
[RANK3] F @ 1093.866943359375 (ms) to 1125.827880859375 (ms), cudaEventElapsed = 31.925376892089844 (ms)
[RANK3] B @ 1125.9052734375 (ms) to 1164.07421875 (ms), cudaEventElapsed = 38.13888168334961 (ms)
[RANK3] 8W @ 1164.253662109375 (ms) to 1358.832763671875 (ms), cudaEventElapsed = 194.54054260253906 (ms)
[RANK3] Iteration 8
[RANK3] F @ 98.576171875 (ms) to 129.483642578125 (ms), cudaEventElapsed = 30.852863311767578 (ms)
[RANK3] B @ 129.697265625 (ms) to 174.958740234375 (ms), cudaEventElapsed = 36.65305709838867 (ms)
[RANK3] F @ 175.4755859375 (ms) to 209.144775390625 (ms), cudaEventElapsed = 33.63452911376953 (ms)
[RANK3] B @ 209.24072265625 (ms) to 248.461669921875 (ms), cudaEventElapsed = 39.18950271606445 (ms)
[RANK3] F @ 249.962158203125 (ms) to 283.60302734375 (ms), cudaEventElapsed = 33.60108947753906 (ms)
[RANK3] B @ 283.7236328125 (ms) to 322.764892578125 (ms), cudaEventElapsed = 39.005184173583984 (ms)
[RANK3] F @ 324.41796875 (ms) to 358.843017578125 (ms), cudaEventElapsed = 34.38092803955078 (ms)
[RANK3] B @ 359.03271484375 (ms) to 398.319091796875 (ms), cudaEventElapsed = 39.2355842590332 (ms)
[RANK3] F @ 400.006591796875 (ms) to 434.60888671875 (ms), cudaEventElapsed = 34.56230545043945 (ms)
[RANK3] B @ 434.69970703125 (ms) to 473.334716796875 (ms), cudaEventElapsed = 38.60377502441406 (ms)
[RANK3] F @ 474.841552734375 (ms) to 509.131591796875 (ms), cudaEventElapsed = 34.25689697265625 (ms)
[RANK3] B @ 509.223876953125 (ms) to 547.911865234375 (ms), cudaEventElapsed = 38.65599822998047 (ms)
[RANK3] F @ 549.4052734375 (ms) to 583.4951171875 (ms), cudaEventElapsed = 34.054080963134766 (ms)
[RANK3] B @ 583.59814453125 (ms) to 622.569091796875 (ms), cudaEventElapsed = 38.937599182128906 (ms)
[RANK3] F @ 622.89111328125 (ms) to 656.648193359375 (ms), cudaEventElapsed = 33.71660614013672 (ms)
[RANK3] B @ 656.8623046875 (ms) to 697.77734375 (ms), cudaEventElapsed = 40.88422393798828 (ms)
[RANK3] W @ 697.95458984375 (ms) to 724.844482421875 (ms), cudaEventElapsed = 21.3176326751709 (ms)
[RANK3] F @ 725.015869140625 (ms) to 758.974609375 (ms), cudaEventElapsed = 33.92649459838867 (ms)
[RANK3] B @ 759.054931640625 (ms) to 798.557861328125 (ms), cudaEventElapsed = 39.47315216064453 (ms)
[RANK3] W @ 798.810546875 (ms) to 822.1376953125 (ms), cudaEventElapsed = 22.11840057373047 (ms)
[RANK3] F @ 860.79638671875 (ms) to 891.373779296875 (ms), cudaEventElapsed = 30.53424072265625 (ms)
[RANK3] B @ 891.459228515625 (ms) to 929.024658203125 (ms), cudaEventElapsed = 37.53472137451172 (ms)
[RANK3] W @ 929.301025390625 (ms) to 952.26025390625 (ms), cudaEventElapsed = 21.748735427856445 (ms)
[RANK3] F @ 981.42138671875 (ms) to 1012.64453125 (ms), cudaEventElapsed = 31.18000030517578 (ms)
[RANK3] B @ 1012.725341796875 (ms) to 1050.1640625 (ms), cudaEventElapsed = 37.40671920776367 (ms)
[RANK3] W @ 1050.431884765625 (ms) to 1073.18115234375 (ms), cudaEventElapsed = 21.49171257019043 (ms)
[RANK3] F @ 1092.864013671875 (ms) to 1124.839599609375 (ms), cudaEventElapsed = 31.937759399414062 (ms)
[RANK3] B @ 1124.936767578125 (ms) to 1163.294677734375 (ms), cudaEventElapsed = 38.32524871826172 (ms)
[RANK3] 8W @ 1163.4765625 (ms) to 1357.64990234375 (ms), cudaEventElapsed = 194.13504028320312 (ms)
[RANK3] Iteration 9
[RANK3] F @ 99.010498046875 (ms) to 129.96337890625 (ms), cudaEventElapsed = 30.902080535888672 (ms)
[RANK3] B @ 130.179443359375 (ms) to 175.34375 (ms), cudaEventElapsed = 36.51686477661133 (ms)
[RANK3] F @ 176.14892578125 (ms) to 208.68798828125 (ms), cudaEventElapsed = 32.50076675415039 (ms)
[RANK3] B @ 208.775634765625 (ms) to 248.193359375 (ms), cudaEventElapsed = 39.388160705566406 (ms)
[RANK3] F @ 249.6962890625 (ms) to 283.82421875 (ms), cudaEventElapsed = 34.096031188964844 (ms)
[RANK3] B @ 283.91015625 (ms) to 322.98779296875 (ms), cudaEventElapsed = 39.04716873168945 (ms)
[RANK3] F @ 324.501708984375 (ms) to 358.558349609375 (ms), cudaEventElapsed = 34.0252799987793 (ms)
[RANK3] B @ 358.641357421875 (ms) to 397.439453125 (ms), cudaEventElapsed = 38.767616271972656 (ms)
[RANK3] F @ 398.837158203125 (ms) to 433.24560546875 (ms), cudaEventElapsed = 34.37644958496094 (ms)
[RANK3] B @ 433.329345703125 (ms) to 473.137451171875 (ms), cudaEventElapsed = 39.7762565612793 (ms)
[RANK3] F @ 514.46875 (ms) to 545.202880859375 (ms), cudaEventElapsed = 30.692256927490234 (ms)
[RANK3] B @ 545.285888671875 (ms) to 583.709228515625 (ms), cudaEventElapsed = 38.395904541015625 (ms)
[RANK3] F @ 724.73583984375 (ms) to 755.557861328125 (ms), cudaEventElapsed = 30.768640518188477 (ms)
[RANK3] B @ 755.650634765625 (ms) to 793.517822265625 (ms), cudaEventElapsed = 37.835777282714844 (ms)
[RANK3] F @ 929.832763671875 (ms) to 960.049560546875 (ms), cudaEventElapsed = 30.15340805053711 (ms)
[RANK3] B @ 960.265869140625 (ms) to 998.94189453125 (ms), cudaEventElapsed = 38.635520935058594 (ms)
[RANK3] W @ 999.155517578125 (ms) to 1156.32373046875 (ms), cudaEventElapsed = 17.371135711669922 (ms)
[RANK3] F @ 1156.6357421875 (ms) to 1188.358642578125 (ms), cudaEventElapsed = 31.678560256958008 (ms)
[RANK3] B @ 1188.444091796875 (ms) to 1227.427001953125 (ms), cudaEventElapsed = 38.953983306884766 (ms)
[RANK3] W @ 1227.708251953125 (ms) to 1251.20458984375 (ms), cudaEventElapsed = 22.351871490478516 (ms)
[RANK3] F @ 1543.187255859375 (ms) to 1573.763916015625 (ms), cudaEventElapsed = 30.504640579223633 (ms)
[RANK3] B @ 1573.850341796875 (ms) to 1611.155029296875 (ms), cudaEventElapsed = 37.27155303955078 (ms)
[RANK3] W @ 1611.44287109375 (ms) to 1634.54736328125 (ms), cudaEventElapsed = 21.87366485595703 (ms)
[RANK3] F @ 1927.277099609375 (ms) to 1957.707275390625 (ms), cudaEventElapsed = 30.366527557373047 (ms)
[RANK3] B @ 1957.79150390625 (ms) to 1994.707763671875 (ms), cudaEventElapsed = 36.88447952270508 (ms)
[RANK3] W @ 1994.960205078125 (ms) to 2017.954345703125 (ms), cudaEventElapsed = 21.754880905151367 (ms)
[RANK3] F @ 2160.779296875 (ms) to 2191.21240234375 (ms), cudaEventElapsed = 30.376928329467773 (ms)
[RANK3] B @ 2191.2939453125 (ms) to 2228.77294921875 (ms), cudaEventElapsed = 37.44870376586914 (ms)
[RANK3] 8W @ 2228.968994140625 (ms) to 2423.427978515625 (ms), cudaEventElapsed = 194.41970825195312 (ms)
[RANK3] Iteration 10
[RANK3] F @ 98.306640625 (ms) to 129.118408203125 (ms), cudaEventElapsed = 30.756959915161133 (ms)
[RANK3] B @ 129.385009765625 (ms) to 175.453369140625 (ms), cudaEventElapsed = 37.24185562133789 (ms)
[RANK3] F @ 176.057861328125 (ms) to 209.182861328125 (ms), cudaEventElapsed = 33.08403015136719 (ms)
[RANK3] B @ 209.280029296875 (ms) to 248.3115234375 (ms), cudaEventElapsed = 39.000064849853516 (ms)
[RANK3] F @ 249.826171875 (ms) to 283.600341796875 (ms), cudaEventElapsed = 33.738304138183594 (ms)
[RANK3] B @ 283.7041015625 (ms) to 322.288818359375 (ms), cudaEventElapsed = 38.55052947998047 (ms)
[RANK3] F @ 323.70751953125 (ms) to 357.60107421875 (ms), cudaEventElapsed = 33.8614387512207 (ms)
[RANK3] B @ 357.683349609375 (ms) to 396.346435546875 (ms), cudaEventElapsed = 38.6324462890625 (ms)
[RANK3] F @ 397.77978515625 (ms) to 432.156982421875 (ms), cudaEventElapsed = 34.34646224975586 (ms)
[RANK3] B @ 432.244140625 (ms) to 472.4658203125 (ms), cudaEventElapsed = 40.1899528503418 (ms)
[RANK3] F @ 513.8115234375 (ms) to 544.440673828125 (ms), cudaEventElapsed = 30.59401512145996 (ms)
[RANK3] B @ 544.523193359375 (ms) to 582.64892578125 (ms), cudaEventElapsed = 38.09587097167969 (ms)
[RANK3] F @ 723.42529296875 (ms) to 754.385009765625 (ms), cudaEventElapsed = 30.88128089904785 (ms)
[RANK3] B @ 754.479248046875 (ms) to 792.950927734375 (ms), cudaEventElapsed = 38.43584060668945 (ms)
[RANK3] F @ 931.108154296875 (ms) to 961.428955078125 (ms), cudaEventElapsed = 30.253536224365234 (ms)
[RANK3] B @ 961.65087890625 (ms) to 1000.057861328125 (ms), cudaEventElapsed = 38.3744010925293 (ms)
[RANK3] W @ 1000.229736328125 (ms) to 1155.628173828125 (ms), cudaEventElapsed = 17.42336082458496 (ms)
[RANK3] F @ 1155.8720703125 (ms) to 1187.819580078125 (ms), cudaEventElapsed = 31.899520874023438 (ms)
[RANK3] B @ 1187.90283203125 (ms) to 1226.853515625 (ms), cudaEventElapsed = 38.919166564941406 (ms)
[RANK3] W @ 1227.111572265625 (ms) to 1249.93896484375 (ms), cudaEventElapsed = 21.69139289855957 (ms)
[RANK3] F @ 1544.98974609375 (ms) to 1575.452392578125 (ms), cudaEventElapsed = 30.394432067871094 (ms)
[RANK3] B @ 1575.542236328125 (ms) to 1612.906982421875 (ms), cudaEventElapsed = 37.331966400146484 (ms)
[RANK3] W @ 1613.181640625 (ms) to 1636.63427734375 (ms), cudaEventElapsed = 22.208511352539062 (ms)
[RANK3] F @ 1928.5625 (ms) to 1958.9873046875 (ms), cudaEventElapsed = 30.358495712280273 (ms)
[RANK3] B @ 1959.072265625 (ms) to 1996.101806640625 (ms), cudaEventElapsed = 36.99814224243164 (ms)
[RANK3] W @ 1996.380615234375 (ms) to 2019.699951171875 (ms), cudaEventElapsed = 22.149120330810547 (ms)
[RANK3] F @ 2162.1015625 (ms) to 2192.5205078125 (ms), cudaEventElapsed = 30.364383697509766 (ms)
[RANK3] B @ 2192.607177734375 (ms) to 2230.304931640625 (ms), cudaEventElapsed = 37.66579055786133 (ms)
[RANK3] 8W @ 2230.54931640625 (ms) to 2424.08251953125 (ms), cudaEventElapsed = 193.4817352294922 (ms)
[RANK3] Iteration 11
[RANK3] F @ 98.54248046875 (ms) to 129.18701171875 (ms), cudaEventElapsed = 30.5897274017334 (ms)
[RANK3] B @ 129.41943359375 (ms) to 174.849853515625 (ms), cudaEventElapsed = 36.739070892333984 (ms)
[RANK3] F @ 175.25732421875 (ms) to 208.161865234375 (ms), cudaEventElapsed = 32.86982345581055 (ms)
[RANK3] B @ 208.243896484375 (ms) to 247.628173828125 (ms), cudaEventElapsed = 39.356414794921875 (ms)
[RANK3] F @ 249.140380859375 (ms) to 282.92236328125 (ms), cudaEventElapsed = 33.75068664550781 (ms)
[RANK3] B @ 283.00048828125 (ms) to 321.836669921875 (ms), cudaEventElapsed = 38.80652618408203 (ms)
[RANK3] F @ 323.27734375 (ms) to 357.607177734375 (ms), cudaEventElapsed = 34.29401779174805 (ms)
[RANK3] B @ 357.686767578125 (ms) to 396.26025390625 (ms), cudaEventElapsed = 38.540287017822266 (ms)
[RANK3] F @ 397.768798828125 (ms) to 431.861572265625 (ms), cudaEventElapsed = 34.06079864501953 (ms)
[RANK3] B @ 431.940185546875 (ms) to 472.0498046875 (ms), cudaEventElapsed = 40.07936096191406 (ms)
[RANK3] F @ 512.721435546875 (ms) to 543.26953125 (ms), cudaEventElapsed = 30.513343811035156 (ms)
[RANK3] B @ 543.3544921875 (ms) to 582.2451171875 (ms), cudaEventElapsed = 38.86387252807617 (ms)
[RANK3] F @ 723.1376953125 (ms) to 753.978515625 (ms), cudaEventElapsed = 30.793664932250977 (ms)
[RANK3] B @ 754.058837890625 (ms) to 792.60888671875 (ms), cudaEventElapsed = 38.50956726074219 (ms)
[RANK3] F @ 928.420654296875 (ms) to 958.35107421875 (ms), cudaEventElapsed = 29.886816024780273 (ms)
[RANK3] B @ 958.542724609375 (ms) to 996.713134765625 (ms), cudaEventElapsed = 38.14195251464844 (ms)
[RANK3] W @ 996.8740234375 (ms) to 1191.029052734375 (ms), cudaEventElapsed = 17.376256942749023 (ms)
[RANK3] F @ 1191.245361328125 (ms) to 1222.802978515625 (ms), cudaEventElapsed = 31.515039443969727 (ms)
[RANK3] B @ 1222.87890625 (ms) to 1262.54052734375 (ms), cudaEventElapsed = 39.63391876220703 (ms)
[RANK3] W @ 1262.9931640625 (ms) to 1286.483642578125 (ms), cudaEventElapsed = 22.353919982910156 (ms)
[RANK3] F @ 1651.96240234375 (ms) to 1682.237060546875 (ms), cudaEventElapsed = 30.2073917388916 (ms)
[RANK3] B @ 1682.32080078125 (ms) to 1719.61572265625 (ms), cudaEventElapsed = 37.26540756225586 (ms)
[RANK3] W @ 1719.87646484375 (ms) to 1742.4794921875 (ms), cudaEventElapsed = 21.382144927978516 (ms)
[RANK3] F @ 2109.680419921875 (ms) to 2139.97900390625 (ms), cudaEventElapsed = 30.243295669555664 (ms)
[RANK3] B @ 2140.058837890625 (ms) to 2176.736572265625 (ms), cudaEventElapsed = 36.6479377746582 (ms)
[RANK3] W @ 2176.982421875 (ms) to 2199.9541015625 (ms), cudaEventElapsed = 21.744640350341797 (ms)
[RANK3] F @ 2443.4794921875 (ms) to 2473.53173828125 (ms), cudaEventElapsed = 30.00432014465332 (ms)
[RANK3] B @ 2473.6064453125 (ms) to 2510.890625 (ms), cudaEventElapsed = 37.25619125366211 (ms)
[RANK3] 8W @ 2511.06982421875 (ms) to 2705.265380859375 (ms), cudaEventElapsed = 194.16064453125 (ms)
[RANK3] Iteration 12
[RANK3] F @ 342.711181640625 (ms) to 373.5556640625 (ms), cudaEventElapsed = 30.777952194213867 (ms)
[RANK3] B @ 373.779541015625 (ms) to 527.263916015625 (ms), cudaEventElapsed = 35.31264114379883 (ms)
[RANK3] F @ 527.669921875 (ms) to 559.443359375 (ms), cudaEventElapsed = 31.736896514892578 (ms)
[RANK3] B @ 559.519775390625 (ms) to 599.61328125 (ms), cudaEventElapsed = 40.065025329589844 (ms)
[RANK3] F @ 600.98291015625 (ms) to 635.88623046875 (ms), cudaEventElapsed = 34.8711051940918 (ms)
[RANK3] B @ 635.9677734375 (ms) to 675.610595703125 (ms), cudaEventElapsed = 39.6124153137207 (ms)
[RANK3] F @ 837.607666015625 (ms) to 868.311279296875 (ms), cudaEventElapsed = 30.661376953125 (ms)
[RANK3] B @ 868.392822265625 (ms) to 906.7158203125 (ms), cudaEventElapsed = 38.29350280761719 (ms)
[RANK3] F @ 922.797119140625 (ms) to 954.743896484375 (ms), cudaEventElapsed = 31.91155242919922 (ms)
[RANK3] B @ 954.822021484375 (ms) to 993.271240234375 (ms), cudaEventElapsed = 38.421504974365234 (ms)
[RANK3] F @ 1290.731201171875 (ms) to 1321.384033203125 (ms), cudaEventElapsed = 30.594879150390625 (ms)
[RANK3] B @ 1321.46923828125 (ms) to 1359.72021484375 (ms), cudaEventElapsed = 38.22079849243164 (ms)
[RANK3] F @ 1501.9921875 (ms) to 1532.630615234375 (ms), cudaEventElapsed = 30.59337615966797 (ms)
[RANK3] B @ 1532.713623046875 (ms) to 1570.915283203125 (ms), cudaEventElapsed = 38.172672271728516 (ms)
[RANK3] F @ 1793.083984375 (ms) to 1823.115234375 (ms), cudaEventElapsed = 29.980735778808594 (ms)
[RANK3] B @ 1823.31982421875 (ms) to 1861.5791015625 (ms), cudaEventElapsed = 38.22796630859375 (ms)
[RANK3] W @ 1861.762451171875 (ms) to 2056.328857421875 (ms), cudaEventElapsed = 17.37932777404785 (ms)
[RANK3] F @ 2056.55810546875 (ms) to 2089.414794921875 (ms), cudaEventElapsed = 32.82099151611328 (ms)
[RANK3] B @ 2089.49658203125 (ms) to 2129.552001953125 (ms), cudaEventElapsed = 40.025089263916016 (ms)
[RANK3] W @ 2129.794189453125 (ms) to 2153.267333984375 (ms), cudaEventElapsed = 22.363136291503906 (ms)
[RANK3] F @ 2518.08642578125 (ms) to 2548.681884765625 (ms), cudaEventElapsed = 30.52614402770996 (ms)
[RANK3] B @ 2548.765380859375 (ms) to 2585.990234375 (ms), cudaEventElapsed = 37.193729400634766 (ms)
[RANK3] W @ 2586.2607421875 (ms) to 2609.683837890625 (ms), cudaEventElapsed = 22.209535598754883 (ms)
[RANK3] F @ 2971.949951171875 (ms) to 3001.96484375 (ms), cudaEventElapsed = 29.961376190185547 (ms)
[RANK3] B @ 3002.04638671875 (ms) to 3039.244140625 (ms), cudaEventElapsed = 37.1671028137207 (ms)
[RANK3] W @ 3039.494873046875 (ms) to 3062.85888671875 (ms), cudaEventElapsed = 22.139904022216797 (ms)
[RANK3] F @ 3306.723388671875 (ms) to 3336.711181640625 (ms), cudaEventElapsed = 29.939008712768555 (ms)
[RANK3] B @ 3336.791015625 (ms) to 3373.981689453125 (ms), cudaEventElapsed = 37.16096115112305 (ms)
[RANK3] 8W @ 3374.18115234375 (ms) to 3567.92138671875 (ms), cudaEventElapsed = 193.7059783935547 (ms)
[RANK3] Iteration 13
[RANK3] F @ 342.350341796875 (ms) to 373.1669921875 (ms), cudaEventElapsed = 30.750816345214844 (ms)
[RANK3] B @ 373.3916015625 (ms) to 529.548583984375 (ms), cudaEventElapsed = 35.18975830078125 (ms)
[RANK3] F @ 530.0400390625 (ms) to 562.173828125 (ms), cudaEventElapsed = 32.09190368652344 (ms)
[RANK3] B @ 562.260986328125 (ms) to 601.718505859375 (ms), cudaEventElapsed = 39.42707061767578 (ms)
[RANK3] F @ 603.14990234375 (ms) to 637.513916015625 (ms), cudaEventElapsed = 34.33100891113281 (ms)
[RANK3] B @ 637.605224609375 (ms) to 677.559326171875 (ms), cudaEventElapsed = 39.91449737548828 (ms)
[RANK3] F @ 840.302490234375 (ms) to 871.01171875 (ms), cudaEventElapsed = 30.648319244384766 (ms)
[RANK3] B @ 871.10302734375 (ms) to 909.406982421875 (ms), cudaEventElapsed = 38.27302551269531 (ms)
[RANK3] F @ 924.752685546875 (ms) to 956.368896484375 (ms), cudaEventElapsed = 31.576799392700195 (ms)
[RANK3] B @ 956.453369140625 (ms) to 995.521484375 (ms), cudaEventElapsed = 39.040000915527344 (ms)
[RANK3] F @ 1293.394775390625 (ms) to 1324.07666015625 (ms), cudaEventElapsed = 30.624128341674805 (ms)
[RANK3] B @ 1324.16064453125 (ms) to 1362.3544921875 (ms), cudaEventElapsed = 38.161407470703125 (ms)
[RANK3] F @ 1503.61181640625 (ms) to 1534.0849609375 (ms), cudaEventElapsed = 30.427616119384766 (ms)
[RANK3] B @ 1534.16552734375 (ms) to 1572.265869140625 (ms), cudaEventElapsed = 38.07129669189453 (ms)
[RANK3] F @ 1791.663330078125 (ms) to 1821.815673828125 (ms), cudaEventElapsed = 30.09779167175293 (ms)
[RANK3] B @ 1822.03662109375 (ms) to 1860.216796875 (ms), cudaEventElapsed = 38.150142669677734 (ms)
[RANK3] W @ 1860.389404296875 (ms) to 2053.7705078125 (ms), cudaEventElapsed = 17.40902328491211 (ms)
[RANK3] F @ 2054.032470703125 (ms) to 2085.869873046875 (ms), cudaEventElapsed = 31.79635238647461 (ms)
[RANK3] B @ 2085.94873046875 (ms) to 2124.57568359375 (ms), cudaEventElapsed = 38.59660720825195 (ms)
[RANK3] W @ 2124.83447265625 (ms) to 2147.37255859375 (ms), cudaEventElapsed = 21.395456314086914 (ms)
[RANK3] F @ 2513.7822265625 (ms) to 2544.072509765625 (ms), cudaEventElapsed = 30.221311569213867 (ms)
[RANK3] B @ 2544.158203125 (ms) to 2580.903564453125 (ms), cudaEventElapsed = 36.713470458984375 (ms)
[RANK3] W @ 2581.204345703125 (ms) to 2604.196044921875 (ms), cudaEventElapsed = 21.745664596557617 (ms)
[RANK3] F @ 2969.274169921875 (ms) to 2999.688232421875 (ms), cudaEventElapsed = 30.353376388549805 (ms)
[RANK3] B @ 2999.766357421875 (ms) to 3037.007080078125 (ms), cudaEventElapsed = 37.210113525390625 (ms)
[RANK3] W @ 3037.27734375 (ms) to 3060.693603515625 (ms), cudaEventElapsed = 22.216703414916992 (ms)
[RANK3] F @ 3305.1259765625 (ms) to 3335.204345703125 (ms), cudaEventElapsed = 30.033056259155273 (ms)
[RANK3] B @ 3335.283447265625 (ms) to 3372.634765625 (ms), cudaEventElapsed = 37.32172775268555 (ms)
[RANK3] 8W @ 3372.8232421875 (ms) to 3566.32373046875 (ms), cudaEventElapsed = 193.4694366455078 (ms)
[RANK3] Iteration 14
[RANK3] F @ 341.342529296875 (ms) to 372.2373046875 (ms), cudaEventElapsed = 30.826400756835938 (ms)
[RANK3] B @ 372.44970703125 (ms) to 526.83935546875 (ms), cudaEventElapsed = 35.134464263916016 (ms)
[RANK3] F @ 527.20556640625 (ms) to 559.05029296875 (ms), cudaEventElapsed = 31.81167984008789 (ms)
[RANK3] B @ 559.13232421875 (ms) to 597.87451171875 (ms), cudaEventElapsed = 38.71334457397461 (ms)
[RANK3] F @ 599.20166015625 (ms) to 633.28857421875 (ms), cudaEventElapsed = 34.054622650146484 (ms)
[RANK3] B @ 633.3828125 (ms) to 673.271728515625 (ms), cudaEventElapsed = 39.851009368896484 (ms)
[RANK3] F @ 836.14892578125 (ms) to 866.875732421875 (ms), cudaEventElapsed = 30.667232513427734 (ms)
[RANK3] B @ 866.96240234375 (ms) to 905.553466796875 (ms), cudaEventElapsed = 38.560768127441406 (ms)
[RANK3] F @ 920.14599609375 (ms) to 952.064453125 (ms), cudaEventElapsed = 31.872352600097656 (ms)
[RANK3] B @ 952.15185546875 (ms) to 991.504638671875 (ms), cudaEventElapsed = 39.323646545410156 (ms)
[RANK3] F @ 1289.421142578125 (ms) to 1319.9892578125 (ms), cudaEventElapsed = 30.517311096191406 (ms)
[RANK3] B @ 1320.070556640625 (ms) to 1357.681884765625 (ms), cudaEventElapsed = 37.582847595214844 (ms)
[RANK3] F @ 1497.71630859375 (ms) to 1528.214599609375 (ms), cudaEventElapsed = 30.453535079956055 (ms)
[RANK3] B @ 1528.295654296875 (ms) to 1566.518798828125 (ms), cudaEventElapsed = 38.193153381347656 (ms)
[RANK3] F @ 1785.947021484375 (ms) to 1816.00244140625 (ms), cudaEventElapsed = 30.003007888793945 (ms)
[RANK3] B @ 1816.21826171875 (ms) to 1854.589599609375 (ms), cudaEventElapsed = 38.33958435058594 (ms)
[RANK3] W @ 1854.76416015625 (ms) to 2047.60546875 (ms), cudaEventElapsed = 17.39263916015625 (ms)
[RANK3] F @ 2047.803955078125 (ms) to 2079.240234375 (ms), cudaEventElapsed = 31.40108871459961 (ms)
[RANK3] B @ 2079.31396484375 (ms) to 2118.0380859375 (ms), cudaEventElapsed = 38.69491195678711 (ms)
[RANK3] W @ 2118.283447265625 (ms) to 2141.008056640625 (ms), cudaEventElapsed = 21.641216278076172 (ms)
[RANK3] F @ 2508.17333984375 (ms) to 2538.511474609375 (ms), cudaEventElapsed = 30.278751373291016 (ms)
[RANK3] B @ 2538.600830078125 (ms) to 2575.364990234375 (ms), cudaEventElapsed = 36.73292922973633 (ms)
[RANK3] W @ 2575.63916015625 (ms) to 2598.6279296875 (ms), cudaEventElapsed = 21.750783920288086 (ms)
[RANK3] F @ 2964.89697265625 (ms) to 2995.378173828125 (ms), cudaEventElapsed = 30.402048110961914 (ms)
[RANK3] B @ 2995.4638671875 (ms) to 3032.70068359375 (ms), cudaEventElapsed = 37.2039680480957 (ms)
[RANK3] W @ 3032.95458984375 (ms) to 3056.036865234375 (ms), cudaEventElapsed = 21.86240005493164 (ms)
[RANK3] F @ 3299.827880859375 (ms) to 3330.058837890625 (ms), cudaEventElapsed = 30.176416397094727 (ms)
[RANK3] B @ 3330.1416015625 (ms) to 3367.181884765625 (ms), cudaEventElapsed = 37.010433197021484 (ms)
[RANK3] 8W @ 3367.36962890625 (ms) to 3560.94189453125 (ms), cudaEventElapsed = 193.53701782226562 (ms)
[RANK3] Iteration 15
[RANK3] F @ 342.70458984375 (ms) to 373.518310546875 (ms), cudaEventElapsed = 30.759456634521484 (ms)
[RANK3] B @ 373.72705078125 (ms) to 527.89599609375 (ms), cudaEventElapsed = 35.2542724609375 (ms)
[RANK3] F @ 528.26025390625 (ms) to 560.425048828125 (ms), cudaEventElapsed = 32.13177490234375 (ms)
[RANK3] B @ 560.503662109375 (ms) to 600.093017578125 (ms), cudaEventElapsed = 39.55916976928711 (ms)
[RANK3] F @ 601.488037109375 (ms) to 636.25390625 (ms), cudaEventElapsed = 34.73513412475586 (ms)
[RANK3] B @ 636.335693359375 (ms) to 676.082275390625 (ms), cudaEventElapsed = 39.71686553955078 (ms)
[RANK3] F @ 838.315185546875 (ms) to 868.923095703125 (ms), cudaEventElapsed = 30.55766487121582 (ms)
[RANK3] B @ 869.008544921875 (ms) to 907.1708984375 (ms), cudaEventElapsed = 38.1317138671875 (ms)
[RANK3] F @ 922.7734375 (ms) to 954.3388671875 (ms), cudaEventElapsed = 31.525632858276367 (ms)
[RANK3] B @ 954.421875 (ms) to 993.325439453125 (ms), cudaEventElapsed = 38.87411117553711 (ms)
[RANK3] F @ 1290.341552734375 (ms) to 1320.98486328125 (ms), cudaEventElapsed = 30.58460807800293 (ms)
[RANK3] B @ 1321.06982421875 (ms) to 1359.36474609375 (ms), cudaEventElapsed = 38.26483154296875 (ms)
[RANK3] F @ 1501.002685546875 (ms) to 1531.533935546875 (ms), cudaEventElapsed = 30.489055633544922 (ms)
[RANK3] B @ 1531.619140625 (ms) to 1569.82177734375 (ms), cudaEventElapsed = 38.17164611816406 (ms)
[RANK3] F @ 1788.33203125 (ms) to 1818.6689453125 (ms), cudaEventElapsed = 30.26198387145996 (ms)
[RANK3] B @ 1818.898193359375 (ms) to 1856.605712890625 (ms), cudaEventElapsed = 37.67398452758789 (ms)
[RANK3] W @ 1856.791748046875 (ms) to 2052.4755859375 (ms), cudaEventElapsed = 17.345535278320312 (ms)
[RANK3] F @ 2052.696044921875 (ms) to 2083.81884765625 (ms), cudaEventElapsed = 31.08847999572754 (ms)
[RANK3] B @ 2083.893310546875 (ms) to 2123.98779296875 (ms), cudaEventElapsed = 40.06604766845703 (ms)
[RANK3] W @ 2124.227783203125 (ms) to 2147.65576171875 (ms), cudaEventElapsed = 22.401023864746094 (ms)
[RANK3] F @ 2513.48876953125 (ms) to 2543.541015625 (ms), cudaEventElapsed = 29.996288299560547 (ms)
[RANK3] B @ 2543.6220703125 (ms) to 2581.230712890625 (ms), cudaEventElapsed = 37.57875061035156 (ms)
[RANK3] W @ 2581.489501953125 (ms) to 2604.428955078125 (ms), cudaEventElapsed = 21.730304718017578 (ms)
[RANK3] F @ 2970.270263671875 (ms) to 3000.733642578125 (ms), cudaEventElapsed = 30.39628791809082 (ms)
[RANK3] B @ 3000.81298828125 (ms) to 3038.035400390625 (ms), cudaEventElapsed = 37.19270324707031 (ms)
[RANK3] W @ 3038.30615234375 (ms) to 3061.2998046875 (ms), cudaEventElapsed = 21.750783920288086 (ms)
[RANK3] F @ 3304.587646484375 (ms) to 3334.783203125 (ms), cudaEventElapsed = 30.139808654785156 (ms)
[RANK3] B @ 3334.8642578125 (ms) to 3372.2021484375 (ms), cudaEventElapsed = 37.308414459228516 (ms)
[RANK3] 8W @ 3372.40087890625 (ms) to 3565.298828125 (ms), cudaEventElapsed = 192.86221313476562 (ms)
[RANK3] Iteration 16
[RANK3] F @ 213.553466796875 (ms) to 242.8837890625 (ms), cudaEventElapsed = 29.275775909423828 (ms)
[RANK3] F @ 361.233642578125 (ms) to 390.244384765625 (ms), cudaEventElapsed = 28.968000411987305 (ms)
[RANK3] F @ 510.586669921875 (ms) to 539.636474609375 (ms), cudaEventElapsed = 29.005311965942383 (ms)
[RANK3] F @ 656.613525390625 (ms) to 685.77001953125 (ms), cudaEventElapsed = 29.107519149780273 (ms)
[RANK3] F @ 807.35986328125 (ms) to 836.311767578125 (ms), cudaEventElapsed = 28.9069766998291 (ms)
[RANK3] F @ 952.19140625 (ms) to 981.49853515625 (ms), cudaEventElapsed = 29.254528045654297 (ms)
[RANK3] F @ 1100.71435546875 (ms) to 1130.003173828125 (ms), cudaEventElapsed = 29.2194881439209 (ms)
[RANK3] F @ 1248.67431640625 (ms) to 1277.1552734375 (ms), cudaEventElapsed = 28.432287216186523 (ms)
[RANK3] F @ 1395.76318359375 (ms) to 1424.11669921875 (ms), cudaEventElapsed = 28.31510353088379 (ms)
[RANK3] F @ 1546.293212890625 (ms) to 1574.593505859375 (ms), cudaEventElapsed = 28.26335906982422 (ms)
[RANK3] F @ 1692.166259765625 (ms) to 1720.91015625 (ms), cudaEventElapsed = 28.68182373046875 (ms)
[RANK3] F @ 1839.988037109375 (ms) to 1868.893798828125 (ms), cudaEventElapsed = 28.836000442504883 (ms)
