[RANK0] Iteration 1
[RANK0] F @ 2.622314453125 (ms) to 590.083984375 (ms), cudaEventElapsed = 587.404296875 (ms)
[RANK0] F @ 590.840087890625 (ms) to 616.25244140625 (ms), cudaEventElapsed = 25.385984420776367 (ms)
[RANK0] F @ 616.91748046875 (ms) to 643.751220703125 (ms), cudaEventElapsed = 26.809343338012695 (ms)
[RANK0] F @ 644.432373046875 (ms) to 672.15380859375 (ms), cudaEventElapsed = 27.69817543029785 (ms)
[RANK0] F @ 673.685302734375 (ms) to 701.2626953125 (ms), cudaEventElapsed = 27.54662322998047 (ms)
[RANK0] F @ 701.935546875 (ms) to 729.958984375 (ms), cudaEventElapsed = 27.994112014770508 (ms)
[RANK0] F @ 730.6416015625 (ms) to 758.31494140625 (ms), cudaEventElapsed = 27.650047302246094 (ms)
[RANK0] B @ 1769.7353515625 (ms) to 1860.71728515625 (ms), cudaEventElapsed = 90.95372772216797 (ms)
[RANK0] F @ 1860.986328125 (ms) to 1886.10595703125 (ms), cudaEventElapsed = 25.09721565246582 (ms)
[RANK0] B @ 1887.43115234375 (ms) to 1920.6591796875 (ms), cudaEventElapsed = 33.2042236328125 (ms)
[RANK0] F @ 1921.069580078125 (ms) to 1947.08154296875 (ms), cudaEventElapsed = 25.986047744750977 (ms)
[RANK0] B @ 1948.376953125 (ms) to 1983.599853515625 (ms), cudaEventElapsed = 35.20000076293945 (ms)
[RANK0] F @ 1983.799560546875 (ms) to 2010.136962890625 (ms), cudaEventElapsed = 26.31372833251953 (ms)
[RANK0] B @ 2011.455810546875 (ms) to 2046.4912109375 (ms), cudaEventElapsed = 35.01260757446289 (ms)
[RANK0] F @ 2046.6865234375 (ms) to 2073.089599609375 (ms), cudaEventElapsed = 26.380287170410156 (ms)
[RANK0] B @ 2086.8779296875 (ms) to 2121.102783203125 (ms), cudaEventElapsed = 34.2026252746582 (ms)
[RANK0] F @ 2121.293701171875 (ms) to 2146.91796875 (ms), cudaEventElapsed = 25.603071212768555 (ms)
[RANK0] B @ 2164.94775390625 (ms) to 2198.154296875 (ms), cudaEventElapsed = 33.17350387573242 (ms)
[RANK0] W @ 2198.4169921875 (ms) to 2212.85498046875 (ms), cudaEventElapsed = 14.416895866394043 (ms)
[RANK0] B @ 2244.302978515625 (ms) to 2276.40283203125 (ms), cudaEventElapsed = 32.07884979248047 (ms)
[RANK0] W @ 2276.930419921875 (ms) to 2291.0751953125 (ms), cudaEventElapsed = 14.121983528137207 (ms)
[RANK0] B @ 2324.698974609375 (ms) to 2356.749755859375 (ms), cudaEventElapsed = 32.03071975708008 (ms)
[RANK0] W @ 2357.037353515625 (ms) to 2370.81640625 (ms), cudaEventElapsed = 13.757439613342285 (ms)
[RANK0] B @ 2389.7021484375 (ms) to 2421.73486328125 (ms), cudaEventElapsed = 32.01331329345703 (ms)
[RANK0] W @ 2422.01513671875 (ms) to 2435.926025390625 (ms), cudaEventElapsed = 13.889535903930664 (ms)
[RANK0] B @ 2459.498291015625 (ms) to 2491.80810546875 (ms), cudaEventElapsed = 32.28876876831055 (ms)
[RANK0] W @ 2492.099853515625 (ms) to 2505.826904296875 (ms), cudaEventElapsed = 13.706239700317383 (ms)
[RANK0] B @ 2527.005859375 (ms) to 2558.76953125 (ms), cudaEventElapsed = 31.741952896118164 (ms)
[RANK0] W @ 2559.072265625 (ms) to 2572.98046875 (ms), cudaEventElapsed = 13.88646411895752 (ms)
[RANK0] B @ 2589.836181640625 (ms) to 2622.62744140625 (ms), cudaEventElapsed = 32.77107238769531 (ms)
[RANK0] 6W @ 2623.682373046875 (ms) to 2715.735595703125 (ms), cudaEventElapsed = 92.0268783569336 (ms)
[RANK0] Iteration 2
[RANK0] F @ 0.991943359375 (ms) to 26.2939453125 (ms), cudaEventElapsed = 25.273344039916992 (ms)
[RANK0] F @ 26.9912109375 (ms) to 51.915283203125 (ms), cudaEventElapsed = 24.90060806274414 (ms)
[RANK0] F @ 52.582275390625 (ms) to 80.217529296875 (ms), cudaEventElapsed = 27.612159729003906 (ms)
[RANK0] F @ 80.895263671875 (ms) to 109.000244140625 (ms), cudaEventElapsed = 28.068864822387695 (ms)
[RANK0] F @ 109.719482421875 (ms) to 137.764404296875 (ms), cudaEventElapsed = 28.019712448120117 (ms)
[RANK0] F @ 138.465087890625 (ms) to 166.169189453125 (ms), cudaEventElapsed = 27.679744720458984 (ms)
[RANK0] F @ 166.854736328125 (ms) to 194.5732421875 (ms), cudaEventElapsed = 27.691007614135742 (ms)
[RANK0] B @ 412.503662109375 (ms) to 445.709228515625 (ms), cudaEventElapsed = 33.18067169189453 (ms)
[RANK0] F @ 445.936767578125 (ms) to 471.3876953125 (ms), cudaEventElapsed = 25.426944732666016 (ms)
[RANK0] B @ 496.98486328125 (ms) to 530.468994140625 (ms), cudaEventElapsed = 33.46227264404297 (ms)
[RANK0] F @ 530.663330078125 (ms) to 557.0712890625 (ms), cudaEventElapsed = 26.384384155273438 (ms)
[RANK0] B @ 580.99560546875 (ms) to 747.51513671875 (ms), cudaEventElapsed = 166.49317932128906 (ms)
[RANK0] F @ 747.838623046875 (ms) to 773.896240234375 (ms), cudaEventElapsed = 26.032127380371094 (ms)
[RANK0] B @ 776.17041015625 (ms) to 811.72607421875 (ms), cudaEventElapsed = 35.532798767089844 (ms)
[RANK0] F @ 811.930419921875 (ms) to 840.18994140625 (ms), cudaEventElapsed = 28.236799240112305 (ms)
[RANK0] B @ 841.693603515625 (ms) to 878.68603515625 (ms), cudaEventElapsed = 36.96537780761719 (ms)
[RANK0] F @ 878.909912109375 (ms) to 906.341552734375 (ms), cudaEventElapsed = 27.407360076904297 (ms)
[RANK0] B @ 907.688720703125 (ms) to 943.475830078125 (ms), cudaEventElapsed = 35.7652473449707 (ms)
[RANK0] W @ 943.7802734375 (ms) to 960.790771484375 (ms), cudaEventElapsed = 16.987136840820312 (ms)
[RANK0] B @ 961.6396484375 (ms) to 997.723388671875 (ms), cudaEventElapsed = 36.06118392944336 (ms)
[RANK0] W @ 998.015869140625 (ms) to 1015.522705078125 (ms), cudaEventElapsed = 17.484800338745117 (ms)
[RANK0] B @ 1027.850830078125 (ms) to 1062.751708984375 (ms), cudaEventElapsed = 34.88051223754883 (ms)
[RANK0] W @ 1063.043701171875 (ms) to 1079.586669921875 (ms), cudaEventElapsed = 16.521215438842773 (ms)
[RANK0] B @ 1106.367919921875 (ms) to 1140.00439453125 (ms), cudaEventElapsed = 33.61587142944336 (ms)
[RANK0] W @ 1140.294921875 (ms) to 1156.22802734375 (ms), cudaEventElapsed = 15.911935806274414 (ms)
[RANK0] B @ 1189.30908203125 (ms) to 1222.779296875 (ms), cudaEventElapsed = 33.44076919555664 (ms)
[RANK0] W @ 1223.138427734375 (ms) to 1238.71728515625 (ms), cudaEventElapsed = 15.556608200073242 (ms)
[RANK0] B @ 1267.045166015625 (ms) to 1300.65087890625 (ms), cudaEventElapsed = 33.58310317993164 (ms)
[RANK0] W @ 1301.47705078125 (ms) to 1317.497802734375 (ms), cudaEventElapsed = 15.995903968811035 (ms)
[RANK0] B @ 1343.577880859375 (ms) to 1377.254150390625 (ms), cudaEventElapsed = 33.65478515625 (ms)
[RANK0] 6W @ 1378.03515625 (ms) to 1492.228271484375 (ms), cudaEventElapsed = 114.16883087158203 (ms)
[RANK0] Iteration 3
[RANK0] F @ 0.724853515625 (ms) to 25.6083984375 (ms), cudaEventElapsed = 24.854528427124023 (ms)
[RANK0] F @ 26.25341796875 (ms) to 51.45703125 (ms), cudaEventElapsed = 25.182207107543945 (ms)
[RANK0] F @ 52.115234375 (ms) to 78.767333984375 (ms), cudaEventElapsed = 26.631168365478516 (ms)
[RANK0] F @ 79.428955078125 (ms) to 107.565185546875 (ms), cudaEventElapsed = 28.11187171936035 (ms)
[RANK0] F @ 108.237548828125 (ms) to 136.09619140625 (ms), cudaEventElapsed = 27.835391998291016 (ms)
[RANK0] F @ 136.758544921875 (ms) to 164.564697265625 (ms), cudaEventElapsed = 27.785215377807617 (ms)
[RANK0] F @ 165.22998046875 (ms) to 192.776611328125 (ms), cudaEventElapsed = 27.5230712890625 (ms)
[RANK0] B @ 281.24462890625 (ms) to 314.4560546875 (ms), cudaEventElapsed = 33.18783950805664 (ms)
[RANK0] F @ 314.680908203125 (ms) to 340.23291015625 (ms), cudaEventElapsed = 25.52729606628418 (ms)
[RANK0] B @ 367.6591796875 (ms) to 401.11572265625 (ms), cudaEventElapsed = 33.43155288696289 (ms)
[RANK0] F @ 401.346435546875 (ms) to 427.24169921875 (ms), cudaEventElapsed = 25.870336532592773 (ms)
[RANK0] B @ 455.38916015625 (ms) to 488.96630859375 (ms), cudaEventElapsed = 33.5544319152832 (ms)
[RANK0] F @ 489.1826171875 (ms) to 514.790283203125 (ms), cudaEventElapsed = 25.583616256713867 (ms)
[RANK0] B @ 536.251220703125 (ms) to 570.377197265625 (ms), cudaEventElapsed = 34.102272033691406 (ms)
[RANK0] F @ 570.60009765625 (ms) to 596.900146484375 (ms), cudaEventElapsed = 26.27686309814453 (ms)
[RANK0] B @ 619.8310546875 (ms) to 653.421875 (ms), cudaEventElapsed = 33.560577392578125 (ms)
[RANK0] F @ 653.6552734375 (ms) to 679.268798828125 (ms), cudaEventElapsed = 25.586687088012695 (ms)
[RANK0] B @ 705.268310546875 (ms) to 738.76806640625 (ms), cudaEventElapsed = 33.47148895263672 (ms)
[RANK0] W @ 739.124267578125 (ms) to 754.953125 (ms), cudaEventElapsed = 15.804415702819824 (ms)
[RANK0] B @ 789.715576171875 (ms) to 823.255859375 (ms), cudaEventElapsed = 33.51347351074219 (ms)
[RANK0] W @ 823.607177734375 (ms) to 838.890625 (ms), cudaEventElapsed = 15.257599830627441 (ms)
[RANK0] B @ 872.626220703125 (ms) to 906.36767578125 (ms), cudaEventElapsed = 33.719295501708984 (ms)
[RANK0] W @ 906.684326171875 (ms) to 922.65869140625 (ms), cudaEventElapsed = 15.945728302001953 (ms)
[RANK0] B @ 957.03466796875 (ms) to 990.6083984375 (ms), cudaEventElapsed = 33.551361083984375 (ms)
[RANK0] W @ 990.926025390625 (ms) to 1006.37646484375 (ms), cudaEventElapsed = 15.427583694458008 (ms)
[RANK0] B @ 1041.331787109375 (ms) to 1074.7275390625 (ms), cudaEventElapsed = 33.37420654296875 (ms)
[RANK0] W @ 1075.062744140625 (ms) to 1090.5166015625 (ms), cudaEventElapsed = 15.431679725646973 (ms)
[RANK0] B @ 1119.50048828125 (ms) to 1152.952392578125 (ms), cudaEventElapsed = 33.43155288696289 (ms)
[RANK0] W @ 1153.804931640625 (ms) to 1168.83740234375 (ms), cudaEventElapsed = 15.00979232788086 (ms)
[RANK0] B @ 1196.0078125 (ms) to 1229.489013671875 (ms), cudaEventElapsed = 33.45817565917969 (ms)
[RANK0] 6W @ 1230.2822265625 (ms) to 1344.40478515625 (ms), cudaEventElapsed = 114.09817504882812 (ms)
[RANK0] Iteration 4
[RANK0] F @ 0.760009765625 (ms) to 26.206298828125 (ms), cudaEventElapsed = 25.421823501586914 (ms)
[RANK0] F @ 27.068603515625 (ms) to 53.166015625 (ms), cudaEventElapsed = 26.061824798583984 (ms)
[RANK0] F @ 53.997802734375 (ms) to 82.132080078125 (ms), cudaEventElapsed = 28.104703903198242 (ms)
[RANK0] F @ 82.8203125 (ms) to 110.41357421875 (ms), cudaEventElapsed = 27.56915283203125 (ms)
[RANK0] F @ 111.11279296875 (ms) to 138.92138671875 (ms), cudaEventElapsed = 27.786239624023438 (ms)
[RANK0] F @ 139.611328125 (ms) to 167.21630859375 (ms), cudaEventElapsed = 27.581439971923828 (ms)
[RANK0] F @ 167.89501953125 (ms) to 195.93017578125 (ms), cudaEventElapsed = 28.007423400878906 (ms)
[RANK0] B @ 283.5068359375 (ms) to 316.80712890625 (ms), cudaEventElapsed = 33.274879455566406 (ms)
[RANK0] F @ 317.036865234375 (ms) to 342.84716796875 (ms), cudaEventElapsed = 25.783296585083008 (ms)
[RANK0] B @ 370.54052734375 (ms) to 404.04541015625 (ms), cudaEventElapsed = 33.481727600097656 (ms)
[RANK0] F @ 404.2822265625 (ms) to 429.550048828125 (ms), cudaEventElapsed = 25.240575790405273 (ms)
[RANK0] B @ 455.373046875 (ms) to 488.96484375 (ms), cudaEventElapsed = 33.56364822387695 (ms)
[RANK0] F @ 489.22412109375 (ms) to 515.67919921875 (ms), cudaEventElapsed = 26.427391052246094 (ms)
[RANK0] B @ 538.808837890625 (ms) to 572.41259765625 (ms), cudaEventElapsed = 33.574913024902344 (ms)
[RANK0] F @ 572.680908203125 (ms) to 599.01611328125 (ms), cudaEventElapsed = 26.306560516357422 (ms)
[RANK0] B @ 622.883056640625 (ms) to 656.762939453125 (ms), cudaEventElapsed = 33.85343933105469 (ms)
[RANK0] F @ 656.9990234375 (ms) to 683.3740234375 (ms), cudaEventElapsed = 26.349567413330078 (ms)
[RANK0] B @ 707.6328125 (ms) to 741.561279296875 (ms), cudaEventElapsed = 33.904640197753906 (ms)
[RANK0] W @ 741.86181640625 (ms) to 757.50048828125 (ms), cudaEventElapsed = 15.614975929260254 (ms)
[RANK0] B @ 790.14404296875 (ms) to 823.533447265625 (ms), cudaEventElapsed = 33.36703872680664 (ms)
[RANK0] W @ 823.8525390625 (ms) to 839.02197265625 (ms), cudaEventElapsed = 15.147007942199707 (ms)
[RANK0] B @ 872.7333984375 (ms) to 906.149658203125 (ms), cudaEventElapsed = 33.3936653137207 (ms)
[RANK0] W @ 906.4541015625 (ms) to 921.959228515625 (ms), cudaEventElapsed = 15.47878360748291 (ms)
[RANK0] B @ 957.82373046875 (ms) to 991.1171875 (ms), cudaEventElapsed = 33.270782470703125 (ms)
[RANK0] W @ 991.405517578125 (ms) to 1006.68212890625 (ms), cudaEventElapsed = 15.254528045654297 (ms)
[RANK0] B @ 1044.6181640625 (ms) to 1078.01904296875 (ms), cudaEventElapsed = 33.38035202026367 (ms)
[RANK0] W @ 1078.330810546875 (ms) to 1093.826416015625 (ms), cudaEventElapsed = 15.473664283752441 (ms)
[RANK0] B @ 1120.09423828125 (ms) to 1153.815185546875 (ms), cudaEventElapsed = 33.700862884521484 (ms)
[RANK0] W @ 1154.772216796875 (ms) to 1170.391357421875 (ms), cudaEventElapsed = 15.59654426574707 (ms)
[RANK0] B @ 1195.65576171875 (ms) to 1229.37646484375 (ms), cudaEventElapsed = 33.700862884521484 (ms)
[RANK0] 6W @ 1230.165283203125 (ms) to 1345.484619140625 (ms), cudaEventElapsed = 115.29420471191406 (ms)
[RANK0] Iteration 5
[RANK0] F @ 0.93994140625 (ms) to 26.345703125 (ms), cudaEventElapsed = 25.373695373535156 (ms)
[RANK0] F @ 27.15380859375 (ms) to 52.896728515625 (ms), cudaEventElapsed = 25.71468734741211 (ms)
[RANK0] F @ 53.683349609375 (ms) to 81.460205078125 (ms), cudaEventElapsed = 27.74732780456543 (ms)
[RANK0] F @ 82.133056640625 (ms) to 110.4140625 (ms), cudaEventElapsed = 28.257280349731445 (ms)
[RANK0] F @ 111.11376953125 (ms) to 138.84326171875 (ms), cudaEventElapsed = 27.70534324645996 (ms)
[RANK0] F @ 140.006103515625 (ms) to 168.096923828125 (ms), cudaEventElapsed = 28.063743591308594 (ms)
[RANK0] F @ 168.78662109375 (ms) to 196.3984375 (ms), cudaEventElapsed = 27.588607788085938 (ms)
[RANK0] B @ 322.85791015625 (ms) to 356.157958984375 (ms), cudaEventElapsed = 33.27590560913086 (ms)
[RANK0] F @ 356.386474609375 (ms) to 382.201416015625 (ms), cudaEventElapsed = 25.790464401245117 (ms)
[RANK0] B @ 409.21142578125 (ms) to 442.70654296875 (ms), cudaEventElapsed = 33.47148895263672 (ms)
[RANK0] F @ 442.93115234375 (ms) to 469.25439453125 (ms), cudaEventElapsed = 26.299392700195312 (ms)
[RANK0] B @ 494.522705078125 (ms) to 528.229248046875 (ms), cudaEventElapsed = 33.68345642089844 (ms)
[RANK0] F @ 528.44677734375 (ms) to 554.200439453125 (ms), cudaEventElapsed = 25.72902488708496 (ms)
[RANK0] B @ 575.62841796875 (ms) to 609.73974609375 (ms), cudaEventElapsed = 34.088958740234375 (ms)
[RANK0] F @ 609.9462890625 (ms) to 635.862548828125 (ms), cudaEventElapsed = 25.893888473510742 (ms)
[RANK0] B @ 658.642822265625 (ms) to 692.314208984375 (ms), cudaEventElapsed = 33.64966583251953 (ms)
[RANK0] F @ 692.526611328125 (ms) to 718.179931640625 (ms), cudaEventElapsed = 25.629695892333984 (ms)
[RANK0] B @ 743.935546875 (ms) to 777.401123046875 (ms), cudaEventElapsed = 33.44384002685547 (ms)
[RANK0] W @ 777.691650390625 (ms) to 793.63134765625 (ms), cudaEventElapsed = 15.91808032989502 (ms)
[RANK0] B @ 827.3125 (ms) to 860.6982421875 (ms), cudaEventElapsed = 33.362945556640625 (ms)
[RANK0] W @ 861.00634765625 (ms) to 876.45751953125 (ms), cudaEventElapsed = 15.428607940673828 (ms)
[RANK0] B @ 910.769287109375 (ms) to 944.16845703125 (ms), cudaEventElapsed = 33.37830352783203 (ms)
[RANK0] W @ 944.5 (ms) to 960.22705078125 (ms), cudaEventElapsed = 15.705087661743164 (ms)
[RANK0] B @ 992.728515625 (ms) to 1026.36083984375 (ms), cudaEventElapsed = 33.61075210571289 (ms)
[RANK0] W @ 1026.6884765625 (ms) to 1042.40576171875 (ms), cudaEventElapsed = 15.69484806060791 (ms)
[RANK0] B @ 1076.417236328125 (ms) to 1109.958740234375 (ms), cudaEventElapsed = 33.519615173339844 (ms)
[RANK0] W @ 1110.265380859375 (ms) to 1125.81640625 (ms), cudaEventElapsed = 15.525888442993164 (ms)
[RANK0] B @ 1153.67822265625 (ms) to 1187.30419921875 (ms), cudaEventElapsed = 33.60665512084961 (ms)
[RANK0] W @ 1187.590087890625 (ms) to 1203.5166015625 (ms), cudaEventElapsed = 15.905792236328125 (ms)
[RANK0] B @ 1235.508544921875 (ms) to 1269.080322265625 (ms), cudaEventElapsed = 33.551361083984375 (ms)
[RANK0] 6W @ 1270.378662109375 (ms) to 1384.0078125 (ms), cudaEventElapsed = 113.60358428955078 (ms)
[RANK0] Iteration 6
[RANK0] F @ 0.455078125 (ms) to 25.679443359375 (ms), cudaEventElapsed = 25.201663970947266 (ms)
[RANK0] F @ 26.32421875 (ms) to 51.83740234375 (ms), cudaEventElapsed = 25.491455078125 (ms)
[RANK0] F @ 52.48828125 (ms) to 79.587890625 (ms), cudaEventElapsed = 27.077632904052734 (ms)
[RANK0] F @ 80.26025390625 (ms) to 108.27978515625 (ms), cudaEventElapsed = 27.993087768554688 (ms)
[RANK0] F @ 108.955078125 (ms) to 136.61474609375 (ms), cudaEventElapsed = 27.635711669921875 (ms)
[RANK0] F @ 137.314697265625 (ms) to 165.1435546875 (ms), cudaEventElapsed = 27.805696487426758 (ms)
[RANK0] F @ 165.843017578125 (ms) to 193.862060546875 (ms), cudaEventElapsed = 27.995136260986328 (ms)
[RANK0] B @ 318.343994140625 (ms) to 351.619140625 (ms), cudaEventElapsed = 33.25337600708008 (ms)
[RANK0] F @ 351.847900390625 (ms) to 377.4365234375 (ms), cudaEventElapsed = 25.565183639526367 (ms)
[RANK0] B @ 405.705078125 (ms) to 439.39208984375 (ms), cudaEventElapsed = 33.66195297241211 (ms)
[RANK0] F @ 439.614013671875 (ms) to 465.782470703125 (ms), cudaEventElapsed = 26.13759994506836 (ms)
[RANK0] B @ 488.88916015625 (ms) to 522.619873046875 (ms), cudaEventElapsed = 33.6998405456543 (ms)
[RANK0] F @ 522.844482421875 (ms) to 549.2373046875 (ms), cudaEventElapsed = 26.37004852294922 (ms)
[RANK0] B @ 571.062744140625 (ms) to 604.73388671875 (ms), cudaEventElapsed = 33.64966583251953 (ms)
[RANK0] F @ 604.94775390625 (ms) to 631.2880859375 (ms), cudaEventElapsed = 26.31782341003418 (ms)
[RANK0] B @ 655.271728515625 (ms) to 689.091064453125 (ms), cudaEventElapsed = 33.797119140625 (ms)
[RANK0] F @ 689.297607421875 (ms) to 715.546142578125 (ms), cudaEventElapsed = 26.225664138793945 (ms)
[RANK0] B @ 739.5458984375 (ms) to 773.462646484375 (ms), cudaEventElapsed = 33.895423889160156 (ms)
[RANK0] W @ 773.788330078125 (ms) to 789.833251953125 (ms), cudaEventElapsed = 16.02355194091797 (ms)
[RANK0] B @ 821.584716796875 (ms) to 855.017822265625 (ms), cudaEventElapsed = 33.41107177734375 (ms)
[RANK0] W @ 855.342041015625 (ms) to 870.740478515625 (ms), cudaEventElapsed = 15.375359535217285 (ms)
[RANK0] B @ 904.4267578125 (ms) to 937.81884765625 (ms), cudaEventElapsed = 33.37113571166992 (ms)
[RANK0] W @ 938.13134765625 (ms) to 953.564208984375 (ms), cudaEventElapsed = 15.412223815917969 (ms)
[RANK0] B @ 987.275390625 (ms) to 1020.617431640625 (ms), cudaEventElapsed = 33.320960998535156 (ms)
[RANK0] W @ 1020.918701171875 (ms) to 1036.72412109375 (ms), cudaEventElapsed = 15.781888008117676 (ms)
[RANK0] B @ 1072.240234375 (ms) to 1105.63330078125 (ms), cudaEventElapsed = 33.372161865234375 (ms)
[RANK0] W @ 1105.943115234375 (ms) to 1121.2314453125 (ms), cudaEventElapsed = 15.26476764678955 (ms)
[RANK0] B @ 1149.068603515625 (ms) to 1182.64990234375 (ms), cudaEventElapsed = 33.560577392578125 (ms)
[RANK0] W @ 1183.50244140625 (ms) to 1199.2568359375 (ms), cudaEventElapsed = 15.731712341308594 (ms)
[RANK0] B @ 1227.821044921875 (ms) to 1261.301025390625 (ms), cudaEventElapsed = 33.45920181274414 (ms)
[RANK0] 6W @ 1262.093017578125 (ms) to 1377.373779296875 (ms), cudaEventElapsed = 115.25325012207031 (ms)
[RANK0] Iteration 7
[RANK0] F @ 0.9833984375 (ms) to 25.939208984375 (ms), cudaEventElapsed = 24.929279327392578 (ms)
[RANK0] F @ 26.62255859375 (ms) to 52.15771484375 (ms), cudaEventElapsed = 25.50374412536621 (ms)
[RANK0] F @ 52.823974609375 (ms) to 79.566162109375 (ms), cudaEventElapsed = 26.72127914428711 (ms)
[RANK0] F @ 80.254150390625 (ms) to 108.17724609375 (ms), cudaEventElapsed = 27.900928497314453 (ms)
[RANK0] F @ 108.83349609375 (ms) to 136.61669921875 (ms), cudaEventElapsed = 27.75961685180664 (ms)
[RANK0] F @ 137.3291015625 (ms) to 165.327880859375 (ms), cudaEventElapsed = 27.976703643798828 (ms)
[RANK0] F @ 166.041748046875 (ms) to 193.76708984375 (ms), cudaEventElapsed = 27.703296661376953 (ms)
[RANK0] B @ 323.339111328125 (ms) to 356.653076171875 (ms), cudaEventElapsed = 33.28819274902344 (ms)
[RANK0] F @ 356.8857421875 (ms) to 383.475830078125 (ms), cudaEventElapsed = 26.5666561126709 (ms)
[RANK0] B @ 409.930419921875 (ms) to 443.691650390625 (ms), cudaEventElapsed = 33.737728118896484 (ms)
[RANK0] F @ 443.91845703125 (ms) to 469.951416015625 (ms), cudaEventElapsed = 26.007551193237305 (ms)
[RANK0] B @ 495.85009765625 (ms) to 529.65283203125 (ms), cudaEventElapsed = 33.78073501586914 (ms)
[RANK0] F @ 529.8681640625 (ms) to 555.51416015625 (ms), cudaEventElapsed = 25.622528076171875 (ms)
[RANK0] B @ 577.01513671875 (ms) to 610.986083984375 (ms), cudaEventElapsed = 33.948673248291016 (ms)
[RANK0] F @ 611.207275390625 (ms) to 637.2060546875 (ms), cudaEventElapsed = 25.975807189941406 (ms)
[RANK0] B @ 660.282470703125 (ms) to 693.96533203125 (ms), cudaEventElapsed = 33.660926818847656 (ms)
[RANK0] F @ 694.18115234375 (ms) to 719.71826171875 (ms), cudaEventElapsed = 25.51398468017578 (ms)
[RANK0] B @ 745.134765625 (ms) to 778.53076171875 (ms), cudaEventElapsed = 33.37318420410156 (ms)
[RANK0] W @ 778.845947265625 (ms) to 794.640869140625 (ms), cudaEventElapsed = 15.772671699523926 (ms)
[RANK0] B @ 828.431884765625 (ms) to 861.85986328125 (ms), cudaEventElapsed = 33.40492630004883 (ms)
[RANK0] W @ 862.207763671875 (ms) to 877.494873046875 (ms), cudaEventElapsed = 15.262720108032227 (ms)
[RANK0] B @ 912.4228515625 (ms) to 945.883544921875 (ms), cudaEventElapsed = 33.438720703125 (ms)
[RANK0] W @ 946.205078125 (ms) to 962.1845703125 (ms), cudaEventElapsed = 15.954943656921387 (ms)
[RANK0] B @ 994.436767578125 (ms) to 1028.178955078125 (ms), cudaEventElapsed = 33.7182731628418 (ms)
[RANK0] W @ 1028.50048828125 (ms) to 1044.30322265625 (ms), cudaEventElapsed = 15.777791976928711 (ms)
[RANK0] B @ 1076.868896484375 (ms) to 1110.5498046875 (ms), cudaEventElapsed = 33.65785598754883 (ms)
[RANK0] W @ 1110.882080078125 (ms) to 1126.465576171875 (ms), cudaEventElapsed = 15.557632446289062 (ms)
[RANK0] B @ 1154.77197265625 (ms) to 1188.498046875 (ms), cudaEventElapsed = 33.70393753051758 (ms)
[RANK0] W @ 1189.562744140625 (ms) to 1205.260009765625 (ms), cudaEventElapsed = 15.672320365905762 (ms)
[RANK0] B @ 1234.971435546875 (ms) to 1268.57275390625 (ms), cudaEventElapsed = 33.57081604003906 (ms)
[RANK0] 6W @ 1269.472900390625 (ms) to 1383.109619140625 (ms), cudaEventElapsed = 113.60665893554688 (ms)
[RANK0] Iteration 8
[RANK0] F @ 0.861083984375 (ms) to 25.978515625 (ms), cudaEventElapsed = 25.08902359008789 (ms)
[RANK0] F @ 26.67578125 (ms) to 52.41845703125 (ms), cudaEventElapsed = 25.72083282470703 (ms)
[RANK0] F @ 53.1064453125 (ms) to 80.47998046875 (ms), cudaEventElapsed = 27.35103988647461 (ms)
[RANK0] F @ 81.1767578125 (ms) to 109.0283203125 (ms), cudaEventElapsed = 27.828224182128906 (ms)
[RANK0] F @ 109.676025390625 (ms) to 137.482666015625 (ms), cudaEventElapsed = 27.784191131591797 (ms)
[RANK0] F @ 138.1806640625 (ms) to 165.755615234375 (ms), cudaEventElapsed = 27.55072021484375 (ms)
[RANK0] F @ 166.4765625 (ms) to 194.752685546875 (ms), cudaEventElapsed = 28.248064041137695 (ms)
[RANK0] B @ 323.6904296875 (ms) to 356.978759765625 (ms), cudaEventElapsed = 33.263614654541016 (ms)
[RANK0] F @ 357.204345703125 (ms) to 382.872802734375 (ms), cudaEventElapsed = 25.646080017089844 (ms)
[RANK0] B @ 408.54150390625 (ms) to 442.284423828125 (ms), cudaEventElapsed = 33.72236633300781 (ms)
[RANK0] F @ 442.501953125 (ms) to 468.0888671875 (ms), cudaEventElapsed = 25.564159393310547 (ms)
[RANK0] B @ 494.34619140625 (ms) to 527.951416015625 (ms), cudaEventElapsed = 33.58310317993164 (ms)
[RANK0] F @ 528.164306640625 (ms) to 554.587646484375 (ms), cudaEventElapsed = 26.399744033813477 (ms)
[RANK0] B @ 578.06689453125 (ms) to 611.8876953125 (ms), cudaEventElapsed = 33.797119140625 (ms)
[RANK0] F @ 612.118896484375 (ms) to 638.902587890625 (ms), cudaEventElapsed = 26.754047393798828 (ms)
[RANK0] B @ 660.6845703125 (ms) to 694.5947265625 (ms), cudaEventElapsed = 33.886207580566406 (ms)
[RANK0] F @ 694.812744140625 (ms) to 721.1142578125 (ms), cudaEventElapsed = 26.275840759277344 (ms)
[RANK0] B @ 744.219970703125 (ms) to 778.063720703125 (ms), cudaEventElapsed = 33.82169723510742 (ms)
[RANK0] W @ 778.396728515625 (ms) to 794.291259765625 (ms), cudaEventElapsed = 15.869952201843262 (ms)
[RANK0] B @ 828.373291015625 (ms) to 861.64208984375 (ms), cudaEventElapsed = 33.24518585205078 (ms)
[RANK0] W @ 861.982177734375 (ms) to 877.03759765625 (ms), cudaEventElapsed = 15.029248237609863 (ms)
[RANK0] B @ 911.709716796875 (ms) to 944.904296875 (ms), cudaEventElapsed = 33.172481536865234 (ms)
[RANK0] W @ 945.24462890625 (ms) to 960.9365234375 (ms), cudaEventElapsed = 15.668224334716797 (ms)
[RANK0] B @ 993.995849609375 (ms) to 1027.353759765625 (ms), cudaEventElapsed = 33.335296630859375 (ms)
[RANK0] W @ 1027.689208984375 (ms) to 1043.421875 (ms), cudaEventElapsed = 15.708160400390625 (ms)
[RANK0] B @ 1078.7666015625 (ms) to 1112.24755859375 (ms), cudaEventElapsed = 33.45920181274414 (ms)
[RANK0] W @ 1112.563720703125 (ms) to 1128.21728515625 (ms), cudaEventElapsed = 15.630335807800293 (ms)
[RANK0] B @ 1155.153564453125 (ms) to 1188.841064453125 (ms), cudaEventElapsed = 33.666046142578125 (ms)
[RANK0] W @ 1189.75830078125 (ms) to 1205.34228515625 (ms), cudaEventElapsed = 15.559679985046387 (ms)
[RANK0] B @ 1232.123291015625 (ms) to 1265.525146484375 (ms), cudaEventElapsed = 33.379329681396484 (ms)
[RANK0] 6W @ 1266.353271484375 (ms) to 1381.874267578125 (ms), cudaEventElapsed = 115.49286651611328 (ms)
[RANK0] Iteration 9
[RANK0] F @ 0.505615234375 (ms) to 26.0986328125 (ms), cudaEventElapsed = 25.56928062438965 (ms)
[RANK0] F @ 26.7685546875 (ms) to 52.16357421875 (ms), cudaEventElapsed = 25.373695373535156 (ms)
[RANK0] F @ 52.813720703125 (ms) to 80.32080078125 (ms), cudaEventElapsed = 27.485183715820312 (ms)
[RANK0] F @ 80.986083984375 (ms) to 109.448974609375 (ms), cudaEventElapsed = 28.440576553344727 (ms)
[RANK0] F @ 110.10791015625 (ms) to 137.833984375 (ms), cudaEventElapsed = 27.704320907592773 (ms)
[RANK0] F @ 138.519287109375 (ms) to 166.453125 (ms), cudaEventElapsed = 27.91116714477539 (ms)
[RANK0] F @ 167.140380859375 (ms) to 194.79296875 (ms), cudaEventElapsed = 27.628543853759766 (ms)
[RANK0] B @ 326.289794921875 (ms) to 359.551513671875 (ms), cudaEventElapsed = 33.23699188232422 (ms)
[RANK0] F @ 359.77294921875 (ms) to 385.791259765625 (ms), cudaEventElapsed = 25.995264053344727 (ms)
[RANK0] B @ 410.5439453125 (ms) to 444.485107421875 (ms), cudaEventElapsed = 33.914878845214844 (ms)
[RANK0] F @ 444.74658203125 (ms) to 471.12841796875 (ms), cudaEventElapsed = 26.35366439819336 (ms)
[RANK0] B @ 497.577392578125 (ms) to 531.104248046875 (ms), cudaEventElapsed = 33.501182556152344 (ms)
[RANK0] F @ 531.34814453125 (ms) to 556.7998046875 (ms), cudaEventElapsed = 25.421823501586914 (ms)
[RANK0] B @ 579.50048828125 (ms) to 613.136962890625 (ms), cudaEventElapsed = 33.61280059814453 (ms)
[RANK0] F @ 613.3740234375 (ms) to 640.343994140625 (ms), cudaEventElapsed = 26.94553565979004 (ms)
[RANK0] B @ 662.568115234375 (ms) to 696.279052734375 (ms), cudaEventElapsed = 33.68755340576172 (ms)
[RANK0] F @ 696.501708984375 (ms) to 723.150146484375 (ms), cudaEventElapsed = 26.621952056884766 (ms)
[RANK0] B @ 746.592529296875 (ms) to 780.11767578125 (ms), cudaEventElapsed = 33.5022087097168 (ms)
[RANK0] W @ 780.446044921875 (ms) to 795.736572265625 (ms), cudaEventElapsed = 15.265791893005371 (ms)
[RANK0] B @ 831.116455078125 (ms) to 864.51611328125 (ms), cudaEventElapsed = 33.37625503540039 (ms)
[RANK0] W @ 864.859619140625 (ms) to 880.38427734375 (ms), cudaEventElapsed = 15.500288009643555 (ms)
[RANK0] B @ 915.33935546875 (ms) to 948.787353515625 (ms), cudaEventElapsed = 33.41926574707031 (ms)
[RANK0] W @ 949.11328125 (ms) to 964.661865234375 (ms), cudaEventElapsed = 15.524864196777344 (ms)
[RANK0] B @ 998.02392578125 (ms) to 1031.407470703125 (ms), cudaEventElapsed = 33.362945556640625 (ms)
[RANK0] W @ 1031.701416015625 (ms) to 1046.986572265625 (ms), cudaEventElapsed = 15.262720108032227 (ms)
[RANK0] B @ 1080.491943359375 (ms) to 1113.766357421875 (ms), cudaEventElapsed = 33.25337600708008 (ms)
[RANK0] W @ 1114.097412109375 (ms) to 1129.623046875 (ms), cudaEventElapsed = 15.502335548400879 (ms)
[RANK0] B @ 1157.34814453125 (ms) to 1190.784912109375 (ms), cudaEventElapsed = 33.41516876220703 (ms)
[RANK0] W @ 1191.73974609375 (ms) to 1206.77978515625 (ms), cudaEventElapsed = 15.014911651611328 (ms)
[RANK0] B @ 1235.06201171875 (ms) to 1268.495361328125 (ms), cudaEventElapsed = 33.41414260864258 (ms)
[RANK0] 6W @ 1269.294189453125 (ms) to 1382.856201171875 (ms), cudaEventElapsed = 113.53497314453125 (ms)
