[RANK1] Iteration 1
[RANK1] F @ 83.246826171875 (ms) to 115.436279296875 (ms), cudaEventElapsed = 32.131263732910156 (ms)
[RANK1] F @ 166.837646484375 (ms) to 198.459228515625 (ms), cudaEventElapsed = 31.56617546081543 (ms)
[RANK1] F @ 198.8984375 (ms) to 232.9931640625 (ms), cudaEventElapsed = 34.0579833984375 (ms)
[RANK1] F @ 233.303466796875 (ms) to 504.837890625 (ms), cudaEventElapsed = 271.49884033203125 (ms)
[RANK1] F @ 506.71142578125 (ms) to 543.904541015625 (ms), cudaEventElapsed = 37.1545295715332 (ms)
[RANK1] B @ 556.680419921875 (ms) to 599.538818359375 (ms), cudaEventElapsed = 42.82115173339844 (ms)
[RANK1] F @ 605.82177734375 (ms) to 638.691162109375 (ms), cudaEventElapsed = 32.83420944213867 (ms)
[RANK1] B @ 638.9970703125 (ms) to 682.89208984375 (ms), cudaEventElapsed = 43.86403274536133 (ms)
[RANK1] F @ 684.15625 (ms) to 718.477294921875 (ms), cudaEventElapsed = 34.28790283203125 (ms)
[RANK1] B @ 718.79345703125 (ms) to 762.856689453125 (ms), cudaEventElapsed = 44.03007888793945 (ms)
[RANK1] F @ 763.189208984375 (ms) to 797.642333984375 (ms), cudaEventElapsed = 34.421600341796875 (ms)
[RANK1] B @ 798.030029296875 (ms) to 842.509521484375 (ms), cudaEventElapsed = 44.44585418701172 (ms)
[RANK1] W @ 842.747802734375 (ms) to 864.644775390625 (ms), cudaEventElapsed = 21.86444854736328 (ms)
[RANK1] F @ 864.773681640625 (ms) to 899.425537109375 (ms), cudaEventElapsed = 34.62150573730469 (ms)
[RANK1] B @ 1049.979736328125 (ms) to 1090.0361328125 (ms), cudaEventElapsed = 40.00563049316406 (ms)
[RANK1] B @ 1129.118896484375 (ms) to 1168.173095703125 (ms), cudaEventElapsed = 39.012672424316406 (ms)
[RANK1] W @ 1168.335205078125 (ms) to 1187.9306640625 (ms), cudaEventElapsed = 19.564544677734375 (ms)
[RANK1] F @ 1188.176513671875 (ms) to 1223.19580078125 (ms), cudaEventElapsed = 34.990623474121094 (ms)
[RANK1] B @ 1230.928466796875 (ms) to 1275.8720703125 (ms), cudaEventElapsed = 44.90835189819336 (ms)
[RANK1] B @ 1277.324951171875 (ms) to 1318.7568359375 (ms), cudaEventElapsed = 41.39859390258789 (ms)
[RANK1] W @ 1318.90673828125 (ms) to 1338.88134765625 (ms), cudaEventElapsed = 19.942399978637695 (ms)
[RANK1] F @ 1339.12060546875 (ms) to 1373.119873046875 (ms), cudaEventElapsed = 33.96985626220703 (ms)
[RANK1] B @ 1373.40869140625 (ms) to 1417.970458984375 (ms), cudaEventElapsed = 44.53065490722656 (ms)
[RANK1] W @ 1418.170654296875 (ms) to 1440.46533203125 (ms), cudaEventElapsed = 21.167104721069336 (ms)
[RANK1] F @ 1440.72119140625 (ms) to 1474.900634765625 (ms), cudaEventElapsed = 34.1492805480957 (ms)
[RANK1] B @ 1475.179931640625 (ms) to 1519.3203125 (ms), cudaEventElapsed = 44.1064338684082 (ms)
[RANK1] W @ 1519.45703125 (ms) to 1540.4404296875 (ms), cudaEventElapsed = 20.948991775512695 (ms)
[RANK1] W @ 1540.578125 (ms) to 1561.97021484375 (ms), cudaEventElapsed = 21.363712310791016 (ms)
[RANK1] B @ 1574.107177734375 (ms) to 1615.01513671875 (ms), cudaEventElapsed = 40.875553131103516 (ms)
[RANK1] W @ 1615.145263671875 (ms) to 1634.7041015625 (ms), cudaEventElapsed = 19.526655197143555 (ms)
[RANK1] W @ 1634.83056640625 (ms) to 1655.813720703125 (ms), cudaEventElapsed = 20.956159591674805 (ms)
[RANK1] B @ 1660.021240234375 (ms) to 1701.64990234375 (ms), cudaEventElapsed = 41.5975341796875 (ms)
[RANK1] 4W @ 1701.78125 (ms) to 1784.55029296875 (ms), cudaEventElapsed = 82.73715209960938 (ms)
[RANK1] Iteration 2
[RANK1] F @ 29.47802734375 (ms) to 61.26708984375 (ms), cudaEventElapsed = 31.750879287719727 (ms)
[RANK1] F @ 61.703857421875 (ms) to 96.00048828125 (ms), cudaEventElapsed = 34.263999938964844 (ms)
[RANK1] F @ 96.390625 (ms) to 133.228515625 (ms), cudaEventElapsed = 36.80553436279297 (ms)
[RANK1] F @ 133.556396484375 (ms) to 169.7568359375 (ms), cudaEventElapsed = 36.16787338256836 (ms)
[RANK1] F @ 171.294921875 (ms) to 207.42578125 (ms), cudaEventElapsed = 36.090049743652344 (ms)
[RANK1] B @ 223.638671875 (ms) to 265.20654296875 (ms), cudaEventElapsed = 41.5299186706543 (ms)
[RANK1] F @ 265.57666015625 (ms) to 298.68310546875 (ms), cudaEventElapsed = 33.07596969604492 (ms)
[RANK1] B @ 302.992431640625 (ms) to 345.951904296875 (ms), cudaEventElapsed = 42.925662994384766 (ms)
[RANK1] F @ 347.4443359375 (ms) to 381.40185546875 (ms), cudaEventElapsed = 33.9213752746582 (ms)
[RANK1] B @ 383.834716796875 (ms) to 427.38671875 (ms), cudaEventElapsed = 43.51839828491211 (ms)
[RANK1] F @ 427.7392578125 (ms) to 461.68896484375 (ms), cudaEventElapsed = 33.91923141479492 (ms)
[RANK1] B @ 464.614013671875 (ms) to 508.028564453125 (ms), cudaEventElapsed = 43.3787841796875 (ms)
[RANK1] W @ 508.26806640625 (ms) to 529.452392578125 (ms), cudaEventElapsed = 21.03603172302246 (ms)
[RANK1] F @ 529.61181640625 (ms) to 563.41455078125 (ms), cudaEventElapsed = 33.77395248413086 (ms)
[RANK1] B @ 564.674560546875 (ms) to 610.7412109375 (ms), cudaEventElapsed = 46.03433609008789 (ms)
[RANK1] B @ 624.1875 (ms) to 664.61328125 (ms), cudaEventElapsed = 40.391902923583984 (ms)
[RANK1] W @ 664.783935546875 (ms) to 684.093017578125 (ms), cudaEventElapsed = 19.27987289428711 (ms)
[RANK1] F @ 684.3447265625 (ms) to 718.685546875 (ms), cudaEventElapsed = 34.312767028808594 (ms)
[RANK1] B @ 727.30078125 (ms) to 771.588134765625 (ms), cudaEventElapsed = 44.25260925292969 (ms)
[RANK1] B @ 773.00634765625 (ms) to 814.5810546875 (ms), cudaEventElapsed = 41.5432014465332 (ms)
[RANK1] W @ 814.742919921875 (ms) to 834.74609375 (ms), cudaEventElapsed = 19.966976165771484 (ms)
[RANK1] F @ 835.00439453125 (ms) to 869.3818359375 (ms), cudaEventElapsed = 34.347808837890625 (ms)
[RANK1] B @ 869.683837890625 (ms) to 914.904052734375 (ms), cudaEventElapsed = 45.18854522705078 (ms)
[RANK1] W @ 915.130126953125 (ms) to 937.68310546875 (ms), cudaEventElapsed = 21.46918487548828 (ms)
[RANK1] F @ 937.94140625 (ms) to 972.508056640625 (ms), cudaEventElapsed = 34.53481674194336 (ms)
[RANK1] B @ 973.536376953125 (ms) to 1017.8310546875 (ms), cudaEventElapsed = 44.25193786621094 (ms)
[RANK1] W @ 1017.990234375 (ms) to 1039.17236328125 (ms), cudaEventElapsed = 21.144575119018555 (ms)
[RANK1] W @ 1039.33984375 (ms) to 1060.779296875 (ms), cudaEventElapsed = 21.410816192626953 (ms)
[RANK1] B @ 1075.03271484375 (ms) to 1115.68798828125 (ms), cudaEventElapsed = 40.6242561340332 (ms)
[RANK1] W @ 1115.841064453125 (ms) to 1135.557861328125 (ms), cudaEventElapsed = 19.688447952270508 (ms)
[RANK1] W @ 1135.71337890625 (ms) to 1156.839599609375 (ms), cudaEventElapsed = 21.099519729614258 (ms)
[RANK1] B @ 1161.07958984375 (ms) to 1202.85595703125 (ms), cudaEventElapsed = 41.74576187133789 (ms)
[RANK1] 4W @ 1203.021484375 (ms) to 1286.06787109375 (ms), cudaEventElapsed = 83.01363372802734 (ms)
[RANK1] Iteration 3
[RANK1] F @ 29.0888671875 (ms) to 60.8701171875 (ms), cudaEventElapsed = 31.744735717773438 (ms)
[RANK1] F @ 61.263916015625 (ms) to 95.46875 (ms), cudaEventElapsed = 34.17353439331055 (ms)
[RANK1] F @ 95.8603515625 (ms) to 132.2314453125 (ms), cudaEventElapsed = 36.33785629272461 (ms)
[RANK1] F @ 132.537841796875 (ms) to 169.037841796875 (ms), cudaEventElapsed = 36.46633529663086 (ms)
[RANK1] F @ 170.42578125 (ms) to 206.92138671875 (ms), cudaEventElapsed = 36.46201705932617 (ms)
[RANK1] B @ 224.297119140625 (ms) to 265.76220703125 (ms), cudaEventElapsed = 41.4284782409668 (ms)
[RANK1] F @ 266.10888671875 (ms) to 299.4013671875 (ms), cudaEventElapsed = 33.26201629638672 (ms)
[RANK1] B @ 304.029052734375 (ms) to 347.9482421875 (ms), cudaEventElapsed = 43.88505554199219 (ms)
[RANK1] F @ 349.372314453125 (ms) to 383.43359375 (ms), cudaEventElapsed = 34.030174255371094 (ms)
[RANK1] B @ 384.389404296875 (ms) to 428.658447265625 (ms), cudaEventElapsed = 44.235328674316406 (ms)
[RANK1] F @ 429.00390625 (ms) to 463.5458984375 (ms), cudaEventElapsed = 34.508575439453125 (ms)
[RANK1] B @ 464.603515625 (ms) to 509.103515625 (ms), cudaEventElapsed = 44.46566390991211 (ms)
[RANK1] W @ 509.343505859375 (ms) to 531.013427734375 (ms), cudaEventElapsed = 21.539840698242188 (ms)
[RANK1] F @ 531.177978515625 (ms) to 564.861572265625 (ms), cudaEventElapsed = 33.651710510253906 (ms)
[RANK1] B @ 566.08837890625 (ms) to 611.854736328125 (ms), cudaEventElapsed = 45.73369598388672 (ms)
[RANK1] B @ 623.416748046875 (ms) to 663.7685546875 (ms), cudaEventElapsed = 40.31779098510742 (ms)
[RANK1] W @ 663.9375 (ms) to 683.27392578125 (ms), cudaEventElapsed = 19.293184280395508 (ms)
[RANK1] F @ 683.522705078125 (ms) to 717.7802734375 (ms), cudaEventElapsed = 34.229793548583984 (ms)
[RANK1] B @ 726.99365234375 (ms) to 771.00390625 (ms), cudaEventElapsed = 43.976417541503906 (ms)
[RANK1] B @ 772.626953125 (ms) to 813.7451171875 (ms), cudaEventElapsed = 41.08668899536133 (ms)
[RANK1] W @ 813.903076171875 (ms) to 833.9267578125 (ms), cudaEventElapsed = 19.990528106689453 (ms)
[RANK1] F @ 834.192626953125 (ms) to 868.799560546875 (ms), cudaEventElapsed = 34.576480865478516 (ms)
[RANK1] B @ 869.10888671875 (ms) to 915.045654296875 (ms), cudaEventElapsed = 45.905086517333984 (ms)
[RANK1] W @ 915.2880859375 (ms) to 938.23681640625 (ms), cudaEventElapsed = 21.805055618286133 (ms)
[RANK1] F @ 938.4951171875 (ms) to 972.705078125 (ms), cudaEventElapsed = 34.18092727661133 (ms)
[RANK1] B @ 974.75634765625 (ms) to 1018.48583984375 (ms), cudaEventElapsed = 43.69510269165039 (ms)
[RANK1] W @ 1018.644287109375 (ms) to 1039.375244140625 (ms), cudaEventElapsed = 20.69811248779297 (ms)
[RANK1] W @ 1039.535400390625 (ms) to 1060.861572265625 (ms), cudaEventElapsed = 21.297151565551758 (ms)
[RANK1] B @ 1077.33740234375 (ms) to 1118.123779296875 (ms), cudaEventElapsed = 40.755489349365234 (ms)
[RANK1] W @ 1118.282958984375 (ms) to 1137.72509765625 (ms), cudaEventElapsed = 19.414016723632812 (ms)
[RANK1] W @ 1137.881591796875 (ms) to 1158.683837890625 (ms), cudaEventElapsed = 20.774911880493164 (ms)
[RANK1] B @ 1163.2958984375 (ms) to 1205.187744140625 (ms), cudaEventElapsed = 41.862464904785156 (ms)
[RANK1] 4W @ 1205.355712890625 (ms) to 1288.74462890625 (ms), cudaEventElapsed = 83.35257720947266 (ms)
[RANK1] Iteration 4
[RANK1] F @ 29.236572265625 (ms) to 61.03857421875 (ms), cudaEventElapsed = 31.765567779541016 (ms)
[RANK1] F @ 61.443359375 (ms) to 95.887939453125 (ms), cudaEventElapsed = 34.411617279052734 (ms)
[RANK1] F @ 96.300048828125 (ms) to 133.265869140625 (ms), cudaEventElapsed = 36.93254470825195 (ms)
[RANK1] F @ 133.580810546875 (ms) to 169.893798828125 (ms), cudaEventElapsed = 36.28083038330078 (ms)
[RANK1] F @ 171.48388671875 (ms) to 207.215576171875 (ms), cudaEventElapsed = 35.69526290893555 (ms)
[RANK1] B @ 225.577880859375 (ms) to 267.7421875 (ms), cudaEventElapsed = 42.124542236328125 (ms)
[RANK1] F @ 268.11279296875 (ms) to 303.23681640625 (ms), cudaEventElapsed = 35.09308624267578 (ms)
[RANK1] B @ 306.94677734375 (ms) to 351.753173828125 (ms), cudaEventElapsed = 44.77004623413086 (ms)
[RANK1] F @ 353.302734375 (ms) to 388.857177734375 (ms), cudaEventElapsed = 35.521888732910156 (ms)
[RANK1] B @ 390.14208984375 (ms) to 434.950927734375 (ms), cudaEventElapsed = 44.76937484741211 (ms)
[RANK1] F @ 435.308349609375 (ms) to 471.447021484375 (ms), cudaEventElapsed = 36.1082878112793 (ms)
[RANK1] B @ 473.44091796875 (ms) to 517.932861328125 (ms), cudaEventElapsed = 44.45452880859375 (ms)
[RANK1] W @ 518.18994140625 (ms) to 541.87744140625 (ms), cudaEventElapsed = 23.532543182373047 (ms)
[RANK1] F @ 542.03857421875 (ms) to 579.85205078125 (ms), cudaEventElapsed = 37.78339385986328 (ms)
[RANK1] B @ 581.209228515625 (ms) to 628.554931640625 (ms), cudaEventElapsed = 47.31049728393555 (ms)
[RANK1] B @ 638.1357421875 (ms) to 680.966796875 (ms), cudaEventElapsed = 42.79401779174805 (ms)
[RANK1] W @ 681.144775390625 (ms) to 704.3330078125 (ms), cudaEventElapsed = 23.155712127685547 (ms)
[RANK1] F @ 704.601318359375 (ms) to 743.734130859375 (ms), cudaEventElapsed = 39.103328704833984 (ms)
[RANK1] B @ 748.968505859375 (ms) to 795.12646484375 (ms), cudaEventElapsed = 46.12428665161133 (ms)
[RANK1] B @ 796.640869140625 (ms) to 840.69580078125 (ms), cudaEventElapsed = 44.0230712890625 (ms)
[RANK1] W @ 840.861328125 (ms) to 864.436767578125 (ms), cudaEventElapsed = 23.5468807220459 (ms)
[RANK1] F @ 864.700439453125 (ms) to 906.052734375 (ms), cudaEventElapsed = 41.323551177978516 (ms)
[RANK1] B @ 906.366455078125 (ms) to 954.44384765625 (ms), cudaEventElapsed = 48.04393768310547 (ms)
[RANK1] W @ 954.68115234375 (ms) to 979.838134765625 (ms), cudaEventElapsed = 23.970815658569336 (ms)
[RANK1] F @ 980.109375 (ms) to 1019.024169921875 (ms), cudaEventElapsed = 38.88595199584961 (ms)
[RANK1] B @ 1025.1103515625 (ms) to 1069.955810546875 (ms), cudaEventElapsed = 44.81078338623047 (ms)
[RANK1] W @ 1070.121826171875 (ms) to 1092.994140625 (ms), cudaEventElapsed = 22.839296340942383 (ms)
[RANK1] W @ 1093.159912109375 (ms) to 1120.87744140625 (ms), cudaEventElapsed = 27.671552658081055 (ms)
[RANK1] B @ 1135.18896484375 (ms) to 1179.530029296875 (ms), cudaEventElapsed = 44.30704116821289 (ms)
[RANK1] W @ 1179.69970703125 (ms) to 1202.132568359375 (ms), cudaEventElapsed = 22.402048110961914 (ms)
[RANK1] W @ 1202.29443359375 (ms) to 1229.468505859375 (ms), cudaEventElapsed = 27.146240234375 (ms)
[RANK1] B @ 1233.7861328125 (ms) to 1280.31884765625 (ms), cudaEventElapsed = 46.501888275146484 (ms)
[RANK1] 4W @ 1280.489013671875 (ms) to 1384.3076171875 (ms), cudaEventElapsed = 103.77932739257812 (ms)
[RANK1] Iteration 5
[RANK1] F @ 29.064697265625 (ms) to 61.166259765625 (ms), cudaEventElapsed = 32.06547164916992 (ms)
[RANK1] F @ 61.56201171875 (ms) to 96.071533203125 (ms), cudaEventElapsed = 34.47779083251953 (ms)
[RANK1] F @ 96.468505859375 (ms) to 133.646728515625 (ms), cudaEventElapsed = 37.14553451538086 (ms)
[RANK1] F @ 133.960693359375 (ms) to 170.67333984375 (ms), cudaEventElapsed = 36.68143844604492 (ms)
[RANK1] F @ 172.267578125 (ms) to 208.7119140625 (ms), cudaEventElapsed = 36.40867233276367 (ms)
[RANK1] B @ 225.163818359375 (ms) to 267.9677734375 (ms), cudaEventElapsed = 42.7589111328125 (ms)
[RANK1] F @ 268.341064453125 (ms) to 303.884765625 (ms), cudaEventElapsed = 35.51216125488281 (ms)
[RANK1] B @ 307.349365234375 (ms) to 351.848876953125 (ms), cudaEventElapsed = 44.46416091918945 (ms)
[RANK1] F @ 353.3642578125 (ms) to 388.98388671875 (ms), cudaEventElapsed = 35.58790588378906 (ms)
[RANK1] B @ 390.623291015625 (ms) to 435.2978515625 (ms), cudaEventElapsed = 44.639102935791016 (ms)
[RANK1] F @ 435.64892578125 (ms) to 471.853515625 (ms), cudaEventElapsed = 36.17420959472656 (ms)
[RANK1] B @ 474.312255859375 (ms) to 519.218017578125 (ms), cudaEventElapsed = 44.86979293823242 (ms)
[RANK1] W @ 519.462890625 (ms) to 543.541015625 (ms), cudaEventElapsed = 23.938047409057617 (ms)
[RANK1] F @ 543.7021484375 (ms) to 581.172119140625 (ms), cudaEventElapsed = 37.43977737426758 (ms)
[RANK1] B @ 582.5068359375 (ms) to 629.503173828125 (ms), cudaEventElapsed = 46.963104248046875 (ms)
[RANK1] B @ 638.83447265625 (ms) to 682.19970703125 (ms), cudaEventElapsed = 43.33033752441406 (ms)
[RANK1] W @ 682.37158203125 (ms) to 705.25830078125 (ms), cudaEventElapsed = 22.85158348083496 (ms)
[RANK1] F @ 705.516357421875 (ms) to 744.37353515625 (ms), cudaEventElapsed = 38.828224182128906 (ms)
[RANK1] B @ 749.498046875 (ms) to 795.6904296875 (ms), cudaEventElapsed = 46.157920837402344 (ms)
[RANK1] B @ 797.11279296875 (ms) to 841.268798828125 (ms), cudaEventElapsed = 44.125057220458984 (ms)
[RANK1] W @ 841.427490234375 (ms) to 864.7998046875 (ms), cudaEventElapsed = 23.343103408813477 (ms)
[RANK1] F @ 865.0615234375 (ms) to 906.210205078125 (ms), cudaEventElapsed = 41.119041442871094 (ms)
[RANK1] B @ 906.51171875 (ms) to 954.993408203125 (ms), cudaEventElapsed = 48.45043182373047 (ms)
[RANK1] W @ 955.22119140625 (ms) to 980.60498046875 (ms), cudaEventElapsed = 24.259584426879883 (ms)
[RANK1] F @ 980.874755859375 (ms) to 1019.392822265625 (ms), cudaEventElapsed = 38.479713439941406 (ms)
[RANK1] B @ 1023.618896484375 (ms) to 1068.629150390625 (ms), cudaEventElapsed = 44.97539138793945 (ms)
[RANK1] W @ 1068.78955078125 (ms) to 1091.453125 (ms), cudaEventElapsed = 22.634496688842773 (ms)
[RANK1] W @ 1091.615478515625 (ms) to 1120.809814453125 (ms), cudaEventElapsed = 29.16454315185547 (ms)
[RANK1] B @ 1134.9931640625 (ms) to 1179.484375 (ms), cudaEventElapsed = 44.4601936340332 (ms)
[RANK1] W @ 1179.640625 (ms) to 1202.701171875 (ms), cudaEventElapsed = 23.030784606933594 (ms)
[RANK1] W @ 1202.85498046875 (ms) to 1229.848388671875 (ms), cudaEventElapsed = 26.96601676940918 (ms)
[RANK1] B @ 1234.21728515625 (ms) to 1281.5615234375 (ms), cudaEventElapsed = 47.308895111083984 (ms)
[RANK1] 4W @ 1281.721435546875 (ms) to 1385.579833984375 (ms), cudaEventElapsed = 103.82438659667969 (ms)
[RANK1] Iteration 6
[RANK1] F @ 29.5234375 (ms) to 61.356689453125 (ms), cudaEventElapsed = 31.796672821044922 (ms)
[RANK1] F @ 61.75927734375 (ms) to 96.406982421875 (ms), cudaEventElapsed = 34.614559173583984 (ms)
[RANK1] F @ 96.813720703125 (ms) to 133.32421875 (ms), cudaEventElapsed = 36.478816986083984 (ms)
[RANK1] F @ 133.6337890625 (ms) to 169.946044921875 (ms), cudaEventElapsed = 36.2790412902832 (ms)
[RANK1] F @ 171.555908203125 (ms) to 207.3212890625 (ms), cudaEventElapsed = 35.73040008544922 (ms)
[RANK1] B @ 225.523681640625 (ms) to 267.7236328125 (ms), cudaEventElapsed = 42.16012954711914 (ms)
[RANK1] F @ 268.0869140625 (ms) to 303.717529296875 (ms), cudaEventElapsed = 35.599647521972656 (ms)
[RANK1] B @ 307.6767578125 (ms) to 352.489013671875 (ms), cudaEventElapsed = 44.77676773071289 (ms)
[RANK1] F @ 354.0029296875 (ms) to 389.794677734375 (ms), cudaEventElapsed = 35.757728576660156 (ms)
[RANK1] B @ 390.628173828125 (ms) to 435.346435546875 (ms), cudaEventElapsed = 44.67884826660156 (ms)
[RANK1] F @ 435.69970703125 (ms) to 471.6123046875 (ms), cudaEventElapsed = 35.88016128540039 (ms)
[RANK1] B @ 473.2900390625 (ms) to 518.287109375 (ms), cudaEventElapsed = 44.961280822753906 (ms)
[RANK1] W @ 518.525634765625 (ms) to 541.938720703125 (ms), cudaEventElapsed = 23.26527976989746 (ms)
[RANK1] F @ 542.100830078125 (ms) to 580.396484375 (ms), cudaEventElapsed = 38.26579284667969 (ms)
[RANK1] B @ 581.76806640625 (ms) to 629.865966796875 (ms), cudaEventElapsed = 48.064449310302734 (ms)
[RANK1] B @ 637.902587890625 (ms) to 680.8759765625 (ms), cudaEventElapsed = 42.9398078918457 (ms)
[RANK1] W @ 681.05859375 (ms) to 703.08349609375 (ms), cudaEventElapsed = 21.989376068115234 (ms)
[RANK1] F @ 703.35595703125 (ms) to 742.691650390625 (ms), cudaEventElapsed = 39.305152893066406 (ms)
[RANK1] B @ 749.038330078125 (ms) to 795.44677734375 (ms), cudaEventElapsed = 46.366783142089844 (ms)
[RANK1] B @ 796.9150390625 (ms) to 840.65771484375 (ms), cudaEventElapsed = 43.711647033691406 (ms)
[RANK1] W @ 840.823974609375 (ms) to 863.43017578125 (ms), cudaEventElapsed = 22.572032928466797 (ms)
[RANK1] F @ 863.69140625 (ms) to 907.610107421875 (ms), cudaEventElapsed = 43.888031005859375 (ms)
[RANK1] B @ 907.91943359375 (ms) to 956.987548828125 (ms), cudaEventElapsed = 49.03619384765625 (ms)
[RANK1] W @ 957.22607421875 (ms) to 981.8515625 (ms), cudaEventElapsed = 23.50284767150879 (ms)
[RANK1] F @ 982.120849609375 (ms) to 1021.015869140625 (ms), cudaEventElapsed = 38.865150451660156 (ms)
[RANK1] B @ 1024.54833984375 (ms) to 1070.260986328125 (ms), cudaEventElapsed = 45.678688049316406 (ms)
[RANK1] W @ 1070.4228515625 (ms) to 1094.8173828125 (ms), cudaEventElapsed = 24.364032745361328 (ms)
[RANK1] W @ 1094.981201171875 (ms) to 1123.369384765625 (ms), cudaEventElapsed = 28.35558319091797 (ms)
[RANK1] B @ 1133.870361328125 (ms) to 1179.32275390625 (ms), cudaEventElapsed = 45.414337158203125 (ms)
[RANK1] W @ 1179.476318359375 (ms) to 1202.12890625 (ms), cudaEventElapsed = 22.621183395385742 (ms)
[RANK1] W @ 1202.28857421875 (ms) to 1229.194091796875 (ms), cudaEventElapsed = 26.876928329467773 (ms)
[RANK1] B @ 1233.21533203125 (ms) to 1279.800048828125 (ms), cudaEventElapsed = 46.55321502685547 (ms)
[RANK1] 4W @ 1279.961181640625 (ms) to 1384.126708984375 (ms), cudaEventElapsed = 104.13568115234375 (ms)
[RANK1] Iteration 7
[RANK1] F @ 26.08349609375 (ms) to 56.314697265625 (ms), cudaEventElapsed = 30.192672729492188 (ms)
[RANK1] F @ 56.718505859375 (ms) to 89.62548828125 (ms), cudaEventElapsed = 32.871681213378906 (ms)
[RANK1] F @ 90.029052734375 (ms) to 125.359619140625 (ms), cudaEventElapsed = 35.298561096191406 (ms)
[RANK1] F @ 125.668701171875 (ms) to 161.125244140625 (ms), cudaEventElapsed = 35.422367095947266 (ms)
[RANK1] F @ 162.71240234375 (ms) to 197.883056640625 (ms), cudaEventElapsed = 35.13212966918945 (ms)
[RANK1] F @ 198.30712890625 (ms) to 232.768310546875 (ms), cudaEventElapsed = 34.427711486816406 (ms)
[RANK1] F @ 233.17333984375 (ms) to 268.072021484375 (ms), cudaEventElapsed = 34.86556625366211 (ms)
[RANK1] F @ 268.41552734375 (ms) to 303.38818359375 (ms), cudaEventElapsed = 34.93881607055664 (ms)
[RANK1] F @ 305.25341796875 (ms) to 339.9912109375 (ms), cudaEventElapsed = 34.701568603515625 (ms)
[RANK1] F @ 341.794677734375 (ms) to 376.081298828125 (ms), cudaEventElapsed = 34.25132751464844 (ms)
[RANK1] F @ 377.87744140625 (ms) to 411.871337890625 (ms), cudaEventElapsed = 33.96006393432617 (ms)
[RANK1] F @ 413.391357421875 (ms) to 448.048583984375 (ms), cudaEventElapsed = 34.623329162597656 (ms)
