[RANK2] Iteration 1
[RANK2] F @ 173.976318359375 (ms) to 206.16162109375 (ms), cudaEventElapsed = 32.12201690673828 (ms)
[RANK2] F @ 257.08642578125 (ms) to 288.75 (ms), cudaEventElapsed = 31.607072830200195 (ms)
[RANK2] F @ 290.90380859375 (ms) to 325.277099609375 (ms), cudaEventElapsed = 34.32502365112305 (ms)
[RANK2] B @ 509.19189453125 (ms) to 549.3408203125 (ms), cudaEventElapsed = 40.08745574951172 (ms)
[RANK2] F @ 554.396240234375 (ms) to 586.759033203125 (ms), cudaEventElapsed = 32.205535888671875 (ms)
[RANK2] B @ 587.07470703125 (ms) to 630.9619140625 (ms), cudaEventElapsed = 43.85209655761719 (ms)
[RANK2] F @ 632.488525390625 (ms) to 665.917236328125 (ms), cudaEventElapsed = 33.38899230957031 (ms)
[RANK2] B @ 666.25732421875 (ms) to 710.180419921875 (ms), cudaEventElapsed = 43.88880157470703 (ms)
[RANK2] F @ 711.572265625 (ms) to 744.868896484375 (ms), cudaEventElapsed = 33.25680160522461 (ms)
[RANK2] B @ 745.215087890625 (ms) to 789.485107421875 (ms), cudaEventElapsed = 44.231361389160156 (ms)
[RANK2] F @ 790.93017578125 (ms) to 824.73486328125 (ms), cudaEventElapsed = 33.76383972167969 (ms)
[RANK2] B @ 825.08837890625 (ms) to 1046.75 (ms), cudaEventElapsed = 221.62232971191406 (ms)
[RANK2] F @ 1047.183349609375 (ms) to 1080.711181640625 (ms), cudaEventElapsed = 33.487422943115234 (ms)
[RANK2] B @ 1081.142578125 (ms) to 1126.992919921875 (ms), cudaEventElapsed = 45.80883026123047 (ms)
[RANK2] W @ 1127.26806640625 (ms) to 1148.640625 (ms), cudaEventElapsed = 21.340160369873047 (ms)
[RANK2] F @ 1148.787353515625 (ms) to 1182.06689453125 (ms), cudaEventElapsed = 33.25059127807617 (ms)
[RANK2] B @ 1183.46044921875 (ms) to 1227.83837890625 (ms), cudaEventElapsed = 44.33238220214844 (ms)
[RANK2] B @ 1229.227294921875 (ms) to 1271.40283203125 (ms), cudaEventElapsed = 42.144065856933594 (ms)
[RANK2] W @ 1271.575927734375 (ms) to 1291.588134765625 (ms), cudaEventElapsed = 19.981311798095703 (ms)
[RANK2] F @ 1291.838623046875 (ms) to 1325.0263671875 (ms), cudaEventElapsed = 33.15580749511719 (ms)
[RANK2] B @ 1325.3359375 (ms) to 1369.79736328125 (ms), cudaEventElapsed = 44.41990280151367 (ms)
[RANK2] W @ 1370.0166015625 (ms) to 1392.220947265625 (ms), cudaEventElapsed = 21.133312225341797 (ms)
[RANK2] F @ 1392.52587890625 (ms) to 1426.028076171875 (ms), cudaEventElapsed = 33.468544006347656 (ms)
[RANK2] B @ 1426.30908203125 (ms) to 1470.794677734375 (ms), cudaEventElapsed = 44.45328140258789 (ms)
[RANK2] W @ 1471.00146484375 (ms) to 1493.188232421875 (ms), cudaEventElapsed = 21.08620834350586 (ms)
[RANK2] F @ 1493.460205078125 (ms) to 1527.154541015625 (ms), cudaEventElapsed = 33.65670394897461 (ms)
[RANK2] B @ 1527.44580078125 (ms) to 1572.310791015625 (ms), cudaEventElapsed = 44.823585510253906 (ms)
[RANK2] W @ 1572.473388671875 (ms) to 1593.879150390625 (ms), cudaEventElapsed = 21.373952865600586 (ms)
[RANK2] W @ 1594.023193359375 (ms) to 1615.31591796875 (ms), cudaEventElapsed = 21.26438331604004 (ms)
[RANK2] B @ 1615.47509765625 (ms) to 1658.216796875 (ms), cudaEventElapsed = 42.71334457397461 (ms)
[RANK2] 6W @ 1658.39453125 (ms) to 1785.66650390625 (ms), cudaEventElapsed = 127.23302459716797 (ms)
[RANK2] Iteration 2
[RANK2] F @ 64.05810546875 (ms) to 96.333984375 (ms), cudaEventElapsed = 32.230751037597656 (ms)
[RANK2] F @ 98.84912109375 (ms) to 133.29736328125 (ms), cudaEventElapsed = 34.40176010131836 (ms)
[RANK2] F @ 135.816162109375 (ms) to 172.34228515625 (ms), cudaEventElapsed = 36.4793586730957 (ms)
[RANK2] B @ 176.759033203125 (ms) to 221.662841796875 (ms), cudaEventElapsed = 44.85935974121094 (ms)
[RANK2] F @ 222.046875 (ms) to 255.821533203125 (ms), cudaEventElapsed = 33.74127960205078 (ms)
[RANK2] B @ 256.1455078125 (ms) to 301.090087890625 (ms), cudaEventElapsed = 44.91136169433594 (ms)
[RANK2] F @ 302.467529296875 (ms) to 336.560791015625 (ms), cudaEventElapsed = 34.0610237121582 (ms)
[RANK2] B @ 336.8994140625 (ms) to 381.900634765625 (ms), cudaEventElapsed = 44.967838287353516 (ms)
[RANK2] F @ 383.296875 (ms) to 417.169189453125 (ms), cudaEventElapsed = 33.84000015258789 (ms)
[RANK2] B @ 417.505126953125 (ms) to 462.27783203125 (ms), cudaEventElapsed = 44.74214553833008 (ms)
[RANK2] F @ 463.730224609375 (ms) to 497.47265625 (ms), cudaEventElapsed = 33.70975875854492 (ms)
[RANK2] B @ 497.805419921875 (ms) to 542.361572265625 (ms), cudaEventElapsed = 44.522945404052734 (ms)
[RANK2] F @ 542.7373046875 (ms) to 576.82568359375 (ms), cudaEventElapsed = 34.054176330566406 (ms)
[RANK2] B @ 577.244384765625 (ms) to 622.23046875 (ms), cudaEventElapsed = 44.93891143798828 (ms)
[RANK2] W @ 622.52490234375 (ms) to 643.757568359375 (ms), cudaEventElapsed = 21.197824478149414 (ms)
[RANK2] F @ 643.921630859375 (ms) to 678.030029296875 (ms), cudaEventElapsed = 34.07872009277344 (ms)
[RANK2] B @ 679.4814453125 (ms) to 724.2783203125 (ms), cudaEventElapsed = 44.76172637939453 (ms)
[RANK2] B @ 725.660400390625 (ms) to 768.155517578125 (ms), cudaEventElapsed = 42.46364974975586 (ms)
[RANK2] W @ 768.3359375 (ms) to 788.746826171875 (ms), cudaEventElapsed = 20.375551223754883 (ms)
[RANK2] F @ 789.01904296875 (ms) to 822.369873046875 (ms), cudaEventElapsed = 33.321441650390625 (ms)
[RANK2] B @ 822.6708984375 (ms) to 867.54248046875 (ms), cudaEventElapsed = 44.84089660644531 (ms)
[RANK2] W @ 867.800537109375 (ms) to 890.20166015625 (ms), cudaEventElapsed = 21.313535690307617 (ms)
[RANK2] F @ 890.52490234375 (ms) to 924.567138671875 (ms), cudaEventElapsed = 34.01164627075195 (ms)
[RANK2] B @ 924.904541015625 (ms) to 971.66357421875 (ms), cudaEventElapsed = 46.726463317871094 (ms)
[RANK2] W @ 971.9091796875 (ms) to 994.7275390625 (ms), cudaEventElapsed = 21.749759674072266 (ms)
[RANK2] F @ 995.021240234375 (ms) to 1028.516845703125 (ms), cudaEventElapsed = 33.46527862548828 (ms)
[RANK2] B @ 1028.831787109375 (ms) to 1073.251220703125 (ms), cudaEventElapsed = 44.388126373291016 (ms)
[RANK2] W @ 1073.42919921875 (ms) to 1094.854736328125 (ms), cudaEventElapsed = 21.393407821655273 (ms)
[RANK2] W @ 1095.0205078125 (ms) to 1116.31787109375 (ms), cudaEventElapsed = 21.26848030090332 (ms)
[RANK2] B @ 1116.470703125 (ms) to 1159.309814453125 (ms), cudaEventElapsed = 42.81145477294922 (ms)
[RANK2] 6W @ 1159.48388671875 (ms) to 1287.123779296875 (ms), cudaEventElapsed = 127.6078109741211 (ms)
[RANK2] Iteration 3
[RANK2] F @ 63.675537109375 (ms) to 95.788818359375 (ms), cudaEventElapsed = 32.071903228759766 (ms)
[RANK2] F @ 98.304443359375 (ms) to 132.735595703125 (ms), cudaEventElapsed = 34.382911682128906 (ms)
[RANK2] F @ 134.797607421875 (ms) to 172.641845703125 (ms), cudaEventElapsed = 37.800926208496094 (ms)
[RANK2] B @ 176.95458984375 (ms) to 222.360107421875 (ms), cudaEventElapsed = 45.36320114135742 (ms)
[RANK2] F @ 222.750732421875 (ms) to 257.062744140625 (ms), cudaEventElapsed = 34.27916717529297 (ms)
[RANK2] B @ 257.395751953125 (ms) to 302.1689453125 (ms), cudaEventElapsed = 44.741729736328125 (ms)
[RANK2] F @ 303.511962890625 (ms) to 337.45556640625 (ms), cudaEventElapsed = 33.91136169433594 (ms)
[RANK2] B @ 337.78515625 (ms) to 382.484619140625 (ms), cudaEventElapsed = 44.66630554199219 (ms)
[RANK2] F @ 383.8779296875 (ms) to 417.373046875 (ms), cudaEventElapsed = 33.463294982910156 (ms)
[RANK2] B @ 417.7099609375 (ms) to 462.2685546875 (ms), cudaEventElapsed = 44.5269775390625 (ms)
[RANK2] F @ 463.797607421875 (ms) to 497.22119140625 (ms), cudaEventElapsed = 33.387550354003906 (ms)
[RANK2] B @ 497.6025390625 (ms) to 542.1875 (ms), cudaEventElapsed = 44.55152130126953 (ms)
[RANK2] F @ 542.554931640625 (ms) to 576.468994140625 (ms), cudaEventElapsed = 33.8804817199707 (ms)
[RANK2] B @ 576.909912109375 (ms) to 621.5 (ms), cudaEventElapsed = 44.54719924926758 (ms)
[RANK2] W @ 621.778076171875 (ms) to 643.25 (ms), cudaEventElapsed = 21.436416625976562 (ms)
[RANK2] F @ 643.40869140625 (ms) to 677.739013671875 (ms), cudaEventElapsed = 34.301761627197266 (ms)
[RANK2] B @ 679.16796875 (ms) to 723.97216796875 (ms), cudaEventElapsed = 44.76908874511719 (ms)
[RANK2] B @ 725.35009765625 (ms) to 767.66162109375 (ms), cudaEventElapsed = 42.27974319458008 (ms)
[RANK2] W @ 768.080078125 (ms) to 788.23779296875 (ms), cudaEventElapsed = 20.119552612304688 (ms)
[RANK2] F @ 788.495849609375 (ms) to 821.87060546875 (ms), cudaEventElapsed = 33.34204864501953 (ms)
[RANK2] B @ 822.184814453125 (ms) to 867.02197265625 (ms), cudaEventElapsed = 44.80553436279297 (ms)
[RANK2] W @ 867.26171875 (ms) to 889.662353515625 (ms), cudaEventElapsed = 21.342208862304688 (ms)
[RANK2] F @ 889.94482421875 (ms) to 924.61474609375 (ms), cudaEventElapsed = 34.640384674072266 (ms)
[RANK2] B @ 924.9111328125 (ms) to 972.910400390625 (ms), cudaEventElapsed = 47.96636962890625 (ms)
[RANK2] W @ 973.156005859375 (ms) to 996.31982421875 (ms), cudaEventElapsed = 22.114303588867188 (ms)
[RANK2] F @ 996.602294921875 (ms) to 1030.574462890625 (ms), cudaEventElapsed = 33.941471099853516 (ms)
[RANK2] B @ 1030.87890625 (ms) to 1075.530029296875 (ms), cudaEventElapsed = 44.60950469970703 (ms)
[RANK2] W @ 1075.69775390625 (ms) to 1097.0029296875 (ms), cudaEventElapsed = 21.26950454711914 (ms)
[RANK2] W @ 1097.162353515625 (ms) to 1118.463623046875 (ms), cudaEventElapsed = 21.27359962463379 (ms)
[RANK2] B @ 1118.606201171875 (ms) to 1161.5234375 (ms), cudaEventElapsed = 42.891902923583984 (ms)
[RANK2] 6W @ 1161.676513671875 (ms) to 1289.99072265625 (ms), cudaEventElapsed = 128.28057861328125 (ms)
[RANK2] Iteration 4
[RANK2] F @ 63.845703125 (ms) to 96.18408203125 (ms), cudaEventElapsed = 32.29305648803711 (ms)
[RANK2] F @ 98.66845703125 (ms) to 132.380615234375 (ms), cudaEventElapsed = 33.666622161865234 (ms)
[RANK2] F @ 135.778076171875 (ms) to 173.452880859375 (ms), cudaEventElapsed = 37.63052749633789 (ms)
[RANK2] B @ 177.785400390625 (ms) to 223.634521484375 (ms), cudaEventElapsed = 45.80790328979492 (ms)
[RANK2] F @ 224.000732421875 (ms) to 259.4619140625 (ms), cudaEventElapsed = 35.42873764038086 (ms)
[RANK2] B @ 259.77197265625 (ms) to 305.068115234375 (ms), cudaEventElapsed = 45.263999938964844 (ms)
[RANK2] F @ 306.40625 (ms) to 342.377197265625 (ms), cudaEventElapsed = 35.940513610839844 (ms)
[RANK2] B @ 342.6953125 (ms) to 388.205322265625 (ms), cudaEventElapsed = 45.47711944580078 (ms)
[RANK2] F @ 389.537109375 (ms) to 425.287841796875 (ms), cudaEventElapsed = 35.719425201416016 (ms)
[RANK2] B @ 425.59716796875 (ms) to 470.94189453125 (ms), cudaEventElapsed = 45.31372833251953 (ms)
[RANK2] F @ 472.472900390625 (ms) to 507.826416015625 (ms), cudaEventElapsed = 35.316097259521484 (ms)
[RANK2] B @ 508.155029296875 (ms) to 553.5087890625 (ms), cudaEventElapsed = 45.3191032409668 (ms)
[RANK2] F @ 553.87841796875 (ms) to 589.5361328125 (ms), cudaEventElapsed = 35.622623443603516 (ms)
[RANK2] B @ 590.031982421875 (ms) to 636.236083984375 (ms), cudaEventElapsed = 46.16368103027344 (ms)
[RANK2] W @ 636.51171875 (ms) to 660.966064453125 (ms), cudaEventElapsed = 24.422399520874023 (ms)
[RANK2] F @ 661.13818359375 (ms) to 698.627197265625 (ms), cudaEventElapsed = 37.4571533203125 (ms)
[RANK2] B @ 700.12109375 (ms) to 745.907958984375 (ms), cudaEventElapsed = 45.75049591064453 (ms)
[RANK2] B @ 747.26806640625 (ms) to 792.0849609375 (ms), cudaEventElapsed = 44.786590576171875 (ms)
[RANK2] W @ 792.26513671875 (ms) to 815.464599609375 (ms), cudaEventElapsed = 23.163904190063477 (ms)
[RANK2] F @ 815.73046875 (ms) to 853.5947265625 (ms), cudaEventElapsed = 37.83622360229492 (ms)
[RANK2] B @ 853.89453125 (ms) to 900.349853515625 (ms), cudaEventElapsed = 46.42172622680664 (ms)
[RANK2] W @ 900.57275390625 (ms) to 927.536376953125 (ms), cudaEventElapsed = 25.90003204345703 (ms)
[RANK2] F @ 927.84765625 (ms) to 975.155517578125 (ms), cudaEventElapsed = 47.274078369140625 (ms)
[RANK2] B @ 975.45654296875 (ms) to 1023.252197265625 (ms), cudaEventElapsed = 47.76425552368164 (ms)
[RANK2] W @ 1023.478271484375 (ms) to 1047.614990234375 (ms), cudaEventElapsed = 23.12499237060547 (ms)
[RANK2] F @ 1047.913330078125 (ms) to 1086.144775390625 (ms), cudaEventElapsed = 38.200958251953125 (ms)
[RANK2] B @ 1086.43603515625 (ms) to 1133.388916015625 (ms), cudaEventElapsed = 46.92243194580078 (ms)
[RANK2] W @ 1133.550048828125 (ms) to 1157.7177734375 (ms), cudaEventElapsed = 24.137727737426758 (ms)
[RANK2] W @ 1157.88232421875 (ms) to 1183.882080078125 (ms), cudaEventElapsed = 25.971712112426758 (ms)
[RANK2] B @ 1184.02001953125 (ms) to 1231.94189453125 (ms), cudaEventElapsed = 47.89567947387695 (ms)
[RANK2] 6W @ 1232.129150390625 (ms) to 1389.610595703125 (ms), cudaEventElapsed = 157.444091796875 (ms)
[RANK2] Iteration 5
[RANK2] F @ 63.9423828125 (ms) to 96.277587890625 (ms), cudaEventElapsed = 32.289920806884766 (ms)
[RANK2] F @ 99.034423828125 (ms) to 132.307861328125 (ms), cudaEventElapsed = 33.21638488769531 (ms)
[RANK2] F @ 136.257080078125 (ms) to 173.10400390625 (ms), cudaEventElapsed = 36.802879333496094 (ms)
[RANK2] B @ 177.572509765625 (ms) to 223.1630859375 (ms), cudaEventElapsed = 45.54403305053711 (ms)
[RANK2] F @ 223.56005859375 (ms) to 259.2890625 (ms), cudaEventElapsed = 35.696319580078125 (ms)
[RANK2] B @ 259.62353515625 (ms) to 305.4013671875 (ms), cudaEventElapsed = 45.74531173706055 (ms)
[RANK2] F @ 306.8046875 (ms) to 342.54296875 (ms), cudaEventElapsed = 35.705665588378906 (ms)
[RANK2] B @ 342.898681640625 (ms) to 388.66259765625 (ms), cudaEventElapsed = 45.72969436645508 (ms)
[RANK2] F @ 390.063232421875 (ms) to 425.755126953125 (ms), cudaEventElapsed = 35.66009521484375 (ms)
[RANK2] B @ 426.081787109375 (ms) to 471.938232421875 (ms), cudaEventElapsed = 45.82182312011719 (ms)
[RANK2] F @ 473.4384765625 (ms) to 509.210205078125 (ms), cudaEventElapsed = 35.739009857177734 (ms)
[RANK2] B @ 509.517333984375 (ms) to 555.1796875 (ms), cudaEventElapsed = 45.63004684448242 (ms)
[RANK2] F @ 555.551025390625 (ms) to 591.030517578125 (ms), cudaEventElapsed = 35.44617462158203 (ms)
[RANK2] B @ 591.465087890625 (ms) to 636.98095703125 (ms), cudaEventElapsed = 45.478271484375 (ms)
[RANK2] W @ 637.25830078125 (ms) to 660.876953125 (ms), cudaEventElapsed = 23.585792541503906 (ms)
[RANK2] F @ 661.02587890625 (ms) to 698.973876953125 (ms), cudaEventElapsed = 37.920223236083984 (ms)
[RANK2] B @ 700.37548828125 (ms) to 746.4599609375 (ms), cudaEventElapsed = 46.046241760253906 (ms)
[RANK2] B @ 747.807861328125 (ms) to 792.470947265625 (ms), cudaEventElapsed = 44.6324462890625 (ms)
[RANK2] W @ 792.637939453125 (ms) to 816.48828125 (ms), cudaEventElapsed = 23.819263458251953 (ms)
[RANK2] F @ 816.758544921875 (ms) to 854.26513671875 (ms), cudaEventElapsed = 37.47840118408203 (ms)
[RANK2] B @ 854.57666015625 (ms) to 900.814208984375 (ms), cudaEventElapsed = 46.205665588378906 (ms)
[RANK2] W @ 901.042724609375 (ms) to 927.978515625 (ms), cudaEventElapsed = 25.93996810913086 (ms)
[RANK2] F @ 928.289306640625 (ms) to 973.905517578125 (ms), cudaEventElapsed = 45.585025787353516 (ms)
[RANK2] B @ 974.2109375 (ms) to 1021.767822265625 (ms), cudaEventElapsed = 47.524383544921875 (ms)
[RANK2] W @ 1022.001220703125 (ms) to 1047.03271484375 (ms), cudaEventElapsed = 24.006656646728516 (ms)
[RANK2] F @ 1047.3486328125 (ms) to 1085.997314453125 (ms), cudaEventElapsed = 38.60726547241211 (ms)
[RANK2] B @ 1086.3173828125 (ms) to 1133.155029296875 (ms), cudaEventElapsed = 46.80521774291992 (ms)
[RANK2] W @ 1133.3271484375 (ms) to 1157.507568359375 (ms), cudaEventElapsed = 24.14899253845215 (ms)
[RANK2] W @ 1157.663330078125 (ms) to 1183.673583984375 (ms), cudaEventElapsed = 25.98297691345215 (ms)
[RANK2] B @ 1183.81591796875 (ms) to 1232.43212890625 (ms), cudaEventElapsed = 48.5893440246582 (ms)
[RANK2] 6W @ 1232.591796875 (ms) to 1390.972412109375 (ms), cudaEventElapsed = 158.34521484375 (ms)
[RANK2] Iteration 6
[RANK2] F @ 64.10595703125 (ms) to 96.186279296875 (ms), cudaEventElapsed = 32.04230499267578 (ms)
[RANK2] F @ 99.249755859375 (ms) to 132.931884765625 (ms), cudaEventElapsed = 33.64281463623047 (ms)
[RANK2] F @ 135.87109375 (ms) to 173.010986328125 (ms), cudaEventElapsed = 37.09814453125 (ms)
[RANK2] B @ 177.397216796875 (ms) to 223.5478515625 (ms), cudaEventElapsed = 46.106815338134766 (ms)
[RANK2] F @ 223.945068359375 (ms) to 259.76220703125 (ms), cudaEventElapsed = 35.784576416015625 (ms)
[RANK2] B @ 260.082275390625 (ms) to 305.791015625 (ms), cudaEventElapsed = 45.675296783447266 (ms)
[RANK2] F @ 307.083984375 (ms) to 342.9541015625 (ms), cudaEventElapsed = 35.837249755859375 (ms)
[RANK2] B @ 343.275390625 (ms) to 388.705078125 (ms), cudaEventElapsed = 45.39686584472656 (ms)
[RANK2] F @ 390.078857421875 (ms) to 425.33984375 (ms), cudaEventElapsed = 35.22857666015625 (ms)
[RANK2] B @ 425.904541015625 (ms) to 471.042724609375 (ms), cudaEventElapsed = 45.10649490356445 (ms)
[RANK2] F @ 472.52099609375 (ms) to 508.033203125 (ms), cudaEventElapsed = 35.478240966796875 (ms)
[RANK2] B @ 508.356689453125 (ms) to 553.79541015625 (ms), cudaEventElapsed = 45.4071044921875 (ms)
[RANK2] F @ 554.15234375 (ms) to 589.796630859375 (ms), cudaEventElapsed = 35.61145782470703 (ms)
[RANK2] B @ 590.195068359375 (ms) to 636.026123046875 (ms), cudaEventElapsed = 45.7938232421875 (ms)
[RANK2] W @ 636.287841796875 (ms) to 660.086181640625 (ms), cudaEventElapsed = 23.761920928955078 (ms)
[RANK2] F @ 660.241455078125 (ms) to 698.363525390625 (ms), cudaEventElapsed = 38.09417724609375 (ms)
[RANK2] B @ 699.7978515625 (ms) to 745.970458984375 (ms), cudaEventElapsed = 46.13836669921875 (ms)
[RANK2] B @ 747.328369140625 (ms) to 792.29541015625 (ms), cudaEventElapsed = 44.93695831298828 (ms)
[RANK2] W @ 792.4580078125 (ms) to 815.93310546875 (ms), cudaEventElapsed = 23.4465274810791 (ms)
[RANK2] F @ 816.206787109375 (ms) to 854.83251953125 (ms), cudaEventElapsed = 38.59686279296875 (ms)
[RANK2] B @ 855.13916015625 (ms) to 902.110595703125 (ms), cudaEventElapsed = 46.93868637084961 (ms)
[RANK2] W @ 902.328369140625 (ms) to 930.962890625 (ms), cudaEventElapsed = 27.603967666625977 (ms)
[RANK2] F @ 931.2646484375 (ms) to 974.978515625 (ms), cudaEventElapsed = 43.681758880615234 (ms)
[RANK2] B @ 975.275390625 (ms) to 1022.697265625 (ms), cudaEventElapsed = 47.38991928100586 (ms)
[RANK2] W @ 1022.92041015625 (ms) to 1047.934326171875 (ms), cudaEventElapsed = 23.987199783325195 (ms)
[RANK2] F @ 1048.225830078125 (ms) to 1085.490234375 (ms), cudaEventElapsed = 37.23273468017578 (ms)
[RANK2] B @ 1085.7841796875 (ms) to 1132.059814453125 (ms), cudaEventElapsed = 46.243263244628906 (ms)
[RANK2] W @ 1132.216552734375 (ms) to 1156.00537109375 (ms), cudaEventElapsed = 23.758848190307617 (ms)
[RANK2] W @ 1156.1611328125 (ms) to 1182.933349609375 (ms), cudaEventElapsed = 26.744831085205078 (ms)
[RANK2] B @ 1183.079345703125 (ms) to 1231.420166015625 (ms), cudaEventElapsed = 48.31132888793945 (ms)
[RANK2] 6W @ 1231.581787109375 (ms) to 1391.29345703125 (ms), cudaEventElapsed = 159.66207885742188 (ms)
[RANK2] Iteration 7
[RANK2] F @ 58.3515625 (ms) to 88.749755859375 (ms), cudaEventElapsed = 30.35763168334961 (ms)
[RANK2] F @ 91.576416015625 (ms) to 123.099853515625 (ms), cudaEventElapsed = 31.484352111816406 (ms)
[RANK2] F @ 127.204833984375 (ms) to 161.77783203125 (ms), cudaEventElapsed = 34.53849411010742 (ms)
[RANK2] F @ 163.16845703125 (ms) to 197.938232421875 (ms), cudaEventElapsed = 34.7371826171875 (ms)
[RANK2] F @ 199.898193359375 (ms) to 235.136962890625 (ms), cudaEventElapsed = 35.204830169677734 (ms)
[RANK2] F @ 235.5224609375 (ms) to 270.888427734375 (ms), cudaEventElapsed = 35.33622360229492 (ms)
[RANK2] F @ 271.274169921875 (ms) to 306.723876953125 (ms), cudaEventElapsed = 35.4167366027832 (ms)
[RANK2] F @ 307.025390625 (ms) to 341.385498046875 (ms), cudaEventElapsed = 34.33100891113281 (ms)
[RANK2] F @ 342.893310546875 (ms) to 377.258544921875 (ms), cudaEventElapsed = 34.331295013427734 (ms)
[RANK2] F @ 378.73095703125 (ms) to 413.67822265625 (ms), cudaEventElapsed = 34.913726806640625 (ms)
[RANK2] F @ 415.065185546875 (ms) to 449.964111328125 (ms), cudaEventElapsed = 34.86540985107422 (ms)
[RANK2] F @ 451.378662109375 (ms) to 485.613037109375 (ms), cudaEventElapsed = 34.20134353637695 (ms)
