[RANK2] Iteration 1
[RANK2] F @ 751.504150390625 (ms) to 961.208251953125 (ms), cudaEventElapsed = 209.6558074951172 (ms)
[RANK2] F @ 962.90869140625 (ms) to 996.8076171875 (ms), cudaEventElapsed = 33.86675262451172 (ms)
[RANK2] F @ 998.3759765625 (ms) to 1033.89990234375 (ms), cudaEventElapsed = 35.49593734741211 (ms)
[RANK2] B @ 1586.51904296875 (ms) to 1651.91650390625 (ms), cudaEventElapsed = 65.36192321777344 (ms)
[RANK2] F @ 1653.249755859375 (ms) to 1685.104248046875 (ms), cudaEventElapsed = 31.832063674926758 (ms)
[RANK2] B @ 1686.597900390625 (ms) to 1730.812744140625 (ms), cudaEventElapsed = 44.19174575805664 (ms)
[RANK2] F @ 1732.07568359375 (ms) to 1765.28125 (ms), cudaEventElapsed = 33.18374252319336 (ms)
[RANK2] B @ 1766.6484375 (ms) to 1811.225341796875 (ms), cudaEventElapsed = 44.55116653442383 (ms)
[RANK2] F @ 1812.65673828125 (ms) to 1845.916259765625 (ms), cudaEventElapsed = 33.23187255859375 (ms)
[RANK2] B @ 1847.58349609375 (ms) to 1891.94775390625 (ms), cudaEventElapsed = 44.33612823486328 (ms)
[RANK2] F @ 1893.368896484375 (ms) to 1926.903564453125 (ms), cudaEventElapsed = 33.505279541015625 (ms)
[RANK2] B @ 1928.53955078125 (ms) to 1972.880859375 (ms), cudaEventElapsed = 44.31155014038086 (ms)
[RANK2] F @ 1974.33447265625 (ms) to 2007.73828125 (ms), cudaEventElapsed = 33.37625503540039 (ms)
[RANK2] B @ 2009.446044921875 (ms) to 2053.893798828125 (ms), cudaEventElapsed = 44.42009735107422 (ms)
[RANK2] F @ 2055.2666015625 (ms) to 2088.628173828125 (ms), cudaEventElapsed = 33.331199645996094 (ms)
[RANK2] B @ 2090.32861328125 (ms) to 2134.730712890625 (ms), cudaEventElapsed = 44.37196731567383 (ms)
[RANK2] F @ 2136.166259765625 (ms) to 2169.279541015625 (ms), cudaEventElapsed = 33.08544158935547 (ms)
[RANK2] B @ 2170.9462890625 (ms) to 2215.00048828125 (ms), cudaEventElapsed = 44.026878356933594 (ms)
[RANK2] F @ 2216.386962890625 (ms) to 2249.6337890625 (ms), cudaEventElapsed = 33.21753692626953 (ms)
[RANK2] B @ 2250.95947265625 (ms) to 2295.136962890625 (ms), cudaEventElapsed = 44.15488052368164 (ms)
[RANK2] F @ 2296.361083984375 (ms) to 2329.834228515625 (ms), cudaEventElapsed = 33.45100784301758 (ms)
[RANK2] B @ 2331.166259765625 (ms) to 2375.94775390625 (ms), cudaEventElapsed = 44.76006317138672 (ms)
[RANK2] W @ 2376.678466796875 (ms) to 2398.26123046875 (ms), cudaEventElapsed = 21.561344146728516 (ms)
[RANK2] B @ 2399.005859375 (ms) to 2441.407958984375 (ms), cudaEventElapsed = 42.371070861816406 (ms)
[RANK2] W @ 2442.19140625 (ms) to 2462.619140625 (ms), cudaEventElapsed = 20.403200149536133 (ms)
[RANK2] B @ 2463.44873046875 (ms) to 2505.83056640625 (ms), cudaEventElapsed = 42.35059356689453 (ms)
[RANK2] 10W @ 2508.37646484375 (ms) to 2722.47265625 (ms), cudaEventElapsed = 214.06822204589844 (ms)
[RANK2] Iteration 2
[RANK2] F @ 73.179443359375 (ms) to 105.243896484375 (ms), cudaEventElapsed = 32.03993606567383 (ms)
[RANK2] F @ 111.39208984375 (ms) to 144.25 (ms), cudaEventElapsed = 32.83251190185547 (ms)
[RANK2] F @ 147.88916015625 (ms) to 183.211669921875 (ms), cudaEventElapsed = 35.29216003417969 (ms)
[RANK2] B @ 187.689208984375 (ms) to 232.568115234375 (ms), cudaEventElapsed = 44.849151611328125 (ms)
[RANK2] F @ 233.994140625 (ms) to 269.36376953125 (ms), cudaEventElapsed = 35.339263916015625 (ms)
[RANK2] B @ 270.779296875 (ms) to 315.8935546875 (ms), cudaEventElapsed = 45.090816497802734 (ms)
[RANK2] F @ 317.1220703125 (ms) to 352.3193359375 (ms), cudaEventElapsed = 35.17337417602539 (ms)
[RANK2] B @ 353.707275390625 (ms) to 398.984130859375 (ms), cudaEventElapsed = 45.253631591796875 (ms)
[RANK2] F @ 449.275390625 (ms) to 481.03271484375 (ms), cudaEventElapsed = 31.732736587524414 (ms)
[RANK2] B @ 482.441650390625 (ms) to 526.117919921875 (ms), cudaEventElapsed = 43.65311813354492 (ms)
[RANK2] F @ 533.41552734375 (ms) to 567.7138671875 (ms), cudaEventElapsed = 34.270206451416016 (ms)
[RANK2] B @ 569.38330078125 (ms) to 613.84326171875 (ms), cudaEventElapsed = 44.4323844909668 (ms)
[RANK2] F @ 616.31396484375 (ms) to 652.081787109375 (ms), cudaEventElapsed = 35.72633743286133 (ms)
[RANK2] B @ 653.823486328125 (ms) to 808.277099609375 (ms), cudaEventElapsed = 154.4232940673828 (ms)
[RANK2] F @ 810.560791015625 (ms) to 846.0751953125 (ms), cudaEventElapsed = 35.48467254638672 (ms)
[RANK2] B @ 847.86572265625 (ms) to 892.833740234375 (ms), cudaEventElapsed = 44.94028854370117 (ms)
[RANK2] F @ 894.48193359375 (ms) to 930.777099609375 (ms), cudaEventElapsed = 36.26598358154297 (ms)
[RANK2] B @ 932.666259765625 (ms) to 978.78076171875 (ms), cudaEventElapsed = 46.081024169921875 (ms)
[RANK2] F @ 980.2294921875 (ms) to 1015.97216796875 (ms), cudaEventElapsed = 35.710975646972656 (ms)
[RANK2] B @ 1017.359130859375 (ms) to 1063.064697265625 (ms), cudaEventElapsed = 45.68268966674805 (ms)
[RANK2] F @ 1064.32470703125 (ms) to 1099.74609375 (ms), cudaEventElapsed = 35.39865493774414 (ms)
[RANK2] B @ 1101.103759765625 (ms) to 1146.293701171875 (ms), cudaEventElapsed = 45.16761779785156 (ms)
[RANK2] W @ 1147.044189453125 (ms) to 1170.37939453125 (ms), cudaEventElapsed = 23.31443214416504 (ms)
[RANK2] B @ 1171.167724609375 (ms) to 1218.394775390625 (ms), cudaEventElapsed = 47.20025634765625 (ms)
[RANK2] W @ 1219.16455078125 (ms) to 1243.867431640625 (ms), cudaEventElapsed = 24.679424285888672 (ms)
[RANK2] B @ 1244.648681640625 (ms) to 1291.25439453125 (ms), cudaEventElapsed = 46.58380889892578 (ms)
[RANK2] 10W @ 1293.236328125 (ms) to 1560.943603515625 (ms), cudaEventElapsed = 267.67974853515625 (ms)
[RANK2] Iteration 3
[RANK2] F @ 81.502685546875 (ms) to 113.13330078125 (ms), cudaEventElapsed = 31.59654426574707 (ms)
[RANK2] F @ 117.900634765625 (ms) to 151.990478515625 (ms), cudaEventElapsed = 34.06643295288086 (ms)
[RANK2] F @ 156.491455078125 (ms) to 192.42919921875 (ms), cudaEventElapsed = 35.908607482910156 (ms)
[RANK2] B @ 196.32275390625 (ms) to 241.690185546875 (ms), cudaEventElapsed = 45.338623046875 (ms)
[RANK2] F @ 243.171630859375 (ms) to 278.44384765625 (ms), cudaEventElapsed = 35.24300765991211 (ms)
[RANK2] B @ 280.158203125 (ms) to 325.911376953125 (ms), cudaEventElapsed = 45.72364807128906 (ms)
[RANK2] F @ 327.24853515625 (ms) to 362.685791015625 (ms), cudaEventElapsed = 35.40480041503906 (ms)
[RANK2] B @ 364.444091796875 (ms) to 409.90380859375 (ms), cudaEventElapsed = 45.430782318115234 (ms)
[RANK2] F @ 411.357421875 (ms) to 447.197265625 (ms), cudaEventElapsed = 35.81235122680664 (ms)
[RANK2] B @ 448.617919921875 (ms) to 494.229248046875 (ms), cudaEventElapsed = 45.58848190307617 (ms)
[RANK2] F @ 495.52587890625 (ms) to 531.34619140625 (ms), cudaEventElapsed = 35.78675079345703 (ms)
[RANK2] B @ 533.04150390625 (ms) to 578.5771484375 (ms), cudaEventElapsed = 45.50758361816406 (ms)
[RANK2] F @ 580.026123046875 (ms) to 615.642333984375 (ms), cudaEventElapsed = 35.588096618652344 (ms)
[RANK2] B @ 617.3681640625 (ms) to 663.08251953125 (ms), cudaEventElapsed = 45.685760498046875 (ms)
[RANK2] F @ 664.659912109375 (ms) to 700.509521484375 (ms), cudaEventElapsed = 35.81235122680664 (ms)
[RANK2] B @ 702.193603515625 (ms) to 747.482177734375 (ms), cudaEventElapsed = 45.26182556152344 (ms)
[RANK2] F @ 748.880615234375 (ms) to 783.8271484375 (ms), cudaEventElapsed = 34.9194221496582 (ms)
[RANK2] B @ 785.5244140625 (ms) to 830.72314453125 (ms), cudaEventElapsed = 45.17171096801758 (ms)
[RANK2] F @ 832.12890625 (ms) to 867.6220703125 (ms), cudaEventElapsed = 35.46316909790039 (ms)
[RANK2] B @ 868.9697265625 (ms) to 914.16357421875 (ms), cudaEventElapsed = 45.17273712158203 (ms)
[RANK2] F @ 915.41845703125 (ms) to 954.3369140625 (ms), cudaEventElapsed = 38.89561462402344 (ms)
[RANK2] B @ 955.77880859375 (ms) to 1004.911376953125 (ms), cudaEventElapsed = 49.110015869140625 (ms)
[RANK2] W @ 1005.70263671875 (ms) to 1030.44287109375 (ms), cudaEventElapsed = 24.71731185913086 (ms)
[RANK2] B @ 1031.24853515625 (ms) to 1078.216552734375 (ms), cudaEventElapsed = 46.9483528137207 (ms)
[RANK2] W @ 1078.99169921875 (ms) to 1103.368896484375 (ms), cudaEventElapsed = 24.3558406829834 (ms)
[RANK2] B @ 1104.15576171875 (ms) to 1150.60205078125 (ms), cudaEventElapsed = 46.425086975097656 (ms)
[RANK2] 10W @ 1152.672607421875 (ms) to 1422.96337890625 (ms), cudaEventElapsed = 270.2591857910156 (ms)
[RANK2] Iteration 4
[RANK2] F @ 71.485107421875 (ms) to 103.161865234375 (ms), cudaEventElapsed = 31.64569664001465 (ms)
[RANK2] F @ 105.51513671875 (ms) to 140.286376953125 (ms), cudaEventElapsed = 34.73817443847656 (ms)
[RANK2] F @ 145.427490234375 (ms) to 181.9970703125 (ms), cudaEventElapsed = 36.54451370239258 (ms)
[RANK2] B @ 187.15283203125 (ms) to 232.608642578125 (ms), cudaEventElapsed = 45.425662994384766 (ms)
[RANK2] F @ 234.0810546875 (ms) to 269.17333984375 (ms), cudaEventElapsed = 35.06380844116211 (ms)
[RANK2] B @ 270.926513671875 (ms) to 316.081787109375 (ms), cudaEventElapsed = 45.12665557861328 (ms)
[RANK2] F @ 317.494873046875 (ms) to 352.610595703125 (ms), cudaEventElapsed = 35.088382720947266 (ms)
[RANK2] B @ 354.3291015625 (ms) to 399.615966796875 (ms), cudaEventElapsed = 45.2597770690918 (ms)
[RANK2] F @ 401.068359375 (ms) to 436.820556640625 (ms), cudaEventElapsed = 35.723262786865234 (ms)
[RANK2] B @ 438.53662109375 (ms) to 483.725341796875 (ms), cudaEventElapsed = 45.16044616699219 (ms)
[RANK2] F @ 485.182861328125 (ms) to 520.700439453125 (ms), cudaEventElapsed = 35.48876953125 (ms)
[RANK2] B @ 522.38427734375 (ms) to 567.848876953125 (ms), cudaEventElapsed = 45.43590545654297 (ms)
[RANK2] F @ 569.299072265625 (ms) to 604.89990234375 (ms), cudaEventElapsed = 35.57068634033203 (ms)
[RANK2] B @ 606.3291015625 (ms) to 652.235595703125 (ms), cudaEventElapsed = 45.88236618041992 (ms)
[RANK2] F @ 653.50146484375 (ms) to 688.88671875 (ms), cudaEventElapsed = 35.362815856933594 (ms)
[RANK2] B @ 690.28759765625 (ms) to 735.665283203125 (ms), cudaEventElapsed = 45.35398483276367 (ms)
[RANK2] F @ 736.929443359375 (ms) to 772.009765625 (ms), cudaEventElapsed = 35.05766296386719 (ms)
[RANK2] B @ 773.4873046875 (ms) to 818.773681640625 (ms), cudaEventElapsed = 45.26182556152344 (ms)
[RANK2] F @ 820.033203125 (ms) to 855.56640625 (ms), cudaEventElapsed = 35.507198333740234 (ms)
[RANK2] B @ 856.918212890625 (ms) to 902.459716796875 (ms), cudaEventElapsed = 45.51987075805664 (ms)
[RANK2] F @ 903.732666015625 (ms) to 943.031982421875 (ms), cudaEventElapsed = 39.27142333984375 (ms)
[RANK2] B @ 944.39599609375 (ms) to 994.326171875 (ms), cudaEventElapsed = 49.90873718261719 (ms)
[RANK2] W @ 995.10986328125 (ms) to 1019.765625 (ms), cudaEventElapsed = 24.632320404052734 (ms)
[RANK2] B @ 1020.5654296875 (ms) to 1067.93115234375 (ms), cudaEventElapsed = 47.34463882446289 (ms)
[RANK2] W @ 1068.7109375 (ms) to 1093.651611328125 (ms), cudaEventElapsed = 24.91596794128418 (ms)
[RANK2] B @ 1094.462158203125 (ms) to 1141.34814453125 (ms), cudaEventElapsed = 46.86336135864258 (ms)
[RANK2] 10W @ 1143.435546875 (ms) to 1414.512451171875 (ms), cudaEventElapsed = 271.0435791015625 (ms)
[RANK2] Iteration 5
[RANK2] F @ 73.197509765625 (ms) to 104.9033203125 (ms), cudaEventElapsed = 31.675392150878906 (ms)
[RANK2] F @ 109.103759765625 (ms) to 143.48974609375 (ms), cudaEventElapsed = 34.35724639892578 (ms)
[RANK2] F @ 146.251708984375 (ms) to 182.14453125 (ms), cudaEventElapsed = 35.8656005859375 (ms)
[RANK2] B @ 425.28515625 (ms) to 466.631591796875 (ms), cudaEventElapsed = 41.31123352050781 (ms)
[RANK2] F @ 468.14892578125 (ms) to 502.6767578125 (ms), cudaEventElapsed = 34.488319396972656 (ms)
[RANK2] B @ 504.44287109375 (ms) to 550.037109375 (ms), cudaEventElapsed = 45.56492614746094 (ms)
[RANK2] F @ 551.475341796875 (ms) to 586.904052734375 (ms), cudaEventElapsed = 35.399681091308594 (ms)
[RANK2] B @ 588.445556640625 (ms) to 634.00146484375 (ms), cudaEventElapsed = 45.532161712646484 (ms)
[RANK2] F @ 635.336181640625 (ms) to 670.814453125 (ms), cudaEventElapsed = 35.45497512817383 (ms)
[RANK2] B @ 825.67138671875 (ms) to 867.0205078125 (ms), cudaEventElapsed = 41.31532669067383 (ms)
[RANK2] F @ 868.478759765625 (ms) to 902.960205078125 (ms), cudaEventElapsed = 34.4535026550293 (ms)
[RANK2] B @ 907.898193359375 (ms) to 952.816162109375 (ms), cudaEventElapsed = 44.888065338134766 (ms)
[RANK2] F @ 954.301513671875 (ms) to 989.881591796875 (ms), cudaEventElapsed = 35.5522575378418 (ms)
[RANK2] B @ 992.44287109375 (ms) to 1038.1044921875 (ms), cudaEventElapsed = 45.632511138916016 (ms)
[RANK2] F @ 1039.596435546875 (ms) to 1075.070556640625 (ms), cudaEventElapsed = 35.44575881958008 (ms)
[RANK2] B @ 1223.18408203125 (ms) to 1264.54833984375 (ms), cudaEventElapsed = 41.33171081542969 (ms)
[RANK2] F @ 1266.2216796875 (ms) to 1300.95361328125 (ms), cudaEventElapsed = 34.700286865234375 (ms)
[RANK2] B @ 1309.665283203125 (ms) to 1354.135498046875 (ms), cudaEventElapsed = 44.446720123291016 (ms)
[RANK2] F @ 1355.40625 (ms) to 1390.546142578125 (ms), cudaEventElapsed = 35.118080139160156 (ms)
[RANK2] B @ 1396.544677734375 (ms) to 1441.015625 (ms), cudaEventElapsed = 44.4477424621582 (ms)
[RANK2] F @ 1442.251708984375 (ms) to 1476.734375 (ms), cudaEventElapsed = 34.460670471191406 (ms)
[RANK2] B @ 1620.4833984375 (ms) to 1661.843505859375 (ms), cudaEventElapsed = 41.33580780029297 (ms)
[RANK2] W @ 1662.60986328125 (ms) to 1684.267333984375 (ms), cudaEventElapsed = 21.634048461914062 (ms)
[RANK2] B @ 1708.873046875 (ms) to 1751.34814453125 (ms), cudaEventElapsed = 42.4529914855957 (ms)
[RANK2] W @ 1752.13134765625 (ms) to 1775.10009765625 (ms), cudaEventElapsed = 22.945791244506836 (ms)
[RANK2] B @ 1795.087646484375 (ms) to 1838.183349609375 (ms), cudaEventElapsed = 43.07353591918945 (ms)
[RANK2] 10W @ 1840.505859375 (ms) to 2105.528076171875 (ms), cudaEventElapsed = 264.9886779785156 (ms)
[RANK2] Iteration 6
[RANK2] F @ 72.907470703125 (ms) to 104.65185546875 (ms), cudaEventElapsed = 31.711231231689453 (ms)
[RANK2] F @ 107.924072265625 (ms) to 140.974609375 (ms), cudaEventElapsed = 33.02604675292969 (ms)
[RANK2] F @ 147.160888671875 (ms) to 182.273193359375 (ms), cudaEventElapsed = 35.088382720947266 (ms)
[RANK2] B @ 426.83056640625 (ms) to 468.36474609375 (ms), cudaEventElapsed = 41.49350357055664 (ms)
[RANK2] F @ 469.94189453125 (ms) to 504.0302734375 (ms), cudaEventElapsed = 34.0582389831543 (ms)
[RANK2] B @ 505.808349609375 (ms) to 551.35009765625 (ms), cudaEventElapsed = 45.51270294189453 (ms)
[RANK2] F @ 552.861328125 (ms) to 588.563232421875 (ms), cudaEventElapsed = 35.67308807373047 (ms)
[RANK2] B @ 589.9716796875 (ms) to 634.96923828125 (ms), cudaEventElapsed = 44.97305679321289 (ms)
[RANK2] F @ 636.239501953125 (ms) to 671.643798828125 (ms), cudaEventElapsed = 35.38022232055664 (ms)
[RANK2] B @ 824.28271484375 (ms) to 865.4140625 (ms), cudaEventElapsed = 41.10438537597656 (ms)
[RANK2] F @ 866.711669921875 (ms) to 900.0556640625 (ms), cudaEventElapsed = 33.320960998535156 (ms)
[RANK2] B @ 909.930419921875 (ms) to 953.313232421875 (ms), cudaEventElapsed = 43.35308837890625 (ms)
[RANK2] F @ 954.769287109375 (ms) to 989.89013671875 (ms), cudaEventElapsed = 35.09145736694336 (ms)
[RANK2] B @ 993.640625 (ms) to 1039.20947265625 (ms), cudaEventElapsed = 45.54035186767578 (ms)
[RANK2] F @ 1040.673828125 (ms) to 1076.102783203125 (ms), cudaEventElapsed = 35.401729583740234 (ms)
[RANK2] B @ 1220.169677734375 (ms) to 1261.479248046875 (ms), cudaEventElapsed = 41.280513763427734 (ms)
[RANK2] F @ 1262.92138671875 (ms) to 1296.447509765625 (ms), cudaEventElapsed = 33.498111724853516 (ms)
[RANK2] B @ 1306.96875 (ms) to 1351.08544921875 (ms), cudaEventElapsed = 44.08524703979492 (ms)
[RANK2] F @ 1352.58544921875 (ms) to 1387.684814453125 (ms), cudaEventElapsed = 35.0648307800293 (ms)
[RANK2] B @ 1395.49951171875 (ms) to 1440.05517578125 (ms), cudaEventElapsed = 44.53068923950195 (ms)
[RANK2] F @ 1441.332275390625 (ms) to 1476.69921875 (ms), cudaEventElapsed = 35.344383239746094 (ms)
[RANK2] B @ 1614.125244140625 (ms) to 1655.3740234375 (ms), cudaEventElapsed = 41.222145080566406 (ms)
[RANK2] W @ 1656.189208984375 (ms) to 1677.795654296875 (ms), cudaEventElapsed = 21.579776763916016 (ms)
[RANK2] B @ 1704.442626953125 (ms) to 1746.721923828125 (ms), cudaEventElapsed = 42.254337310791016 (ms)
[RANK2] W @ 1747.49609375 (ms) to 1769.63916015625 (ms), cudaEventElapsed = 22.120447158813477 (ms)
[RANK2] B @ 1798.9765625 (ms) to 1841.11669921875 (ms), cudaEventElapsed = 42.11814498901367 (ms)
[RANK2] 10W @ 1843.3369140625 (ms) to 2107.557373046875 (ms), cudaEventElapsed = 264.18072509765625 (ms)
[RANK2] Iteration 7
[RANK2] F @ 70.750244140625 (ms) to 102.4990234375 (ms), cudaEventElapsed = 31.719423294067383 (ms)
[RANK2] F @ 108.424560546875 (ms) to 142.893310546875 (ms), cudaEventElapsed = 34.44019317626953 (ms)
[RANK2] F @ 144.499267578125 (ms) to 180.61181640625 (ms), cudaEventElapsed = 36.0898551940918 (ms)
[RANK2] B @ 422.6083984375 (ms) to 463.882080078125 (ms), cudaEventElapsed = 41.241600036621094 (ms)
[RANK2] F @ 465.356201171875 (ms) to 499.663818359375 (ms), cudaEventElapsed = 34.28044891357422 (ms)
[RANK2] B @ 501.375244140625 (ms) to 546.68408203125 (ms), cudaEventElapsed = 45.281280517578125 (ms)
[RANK2] F @ 548.16943359375 (ms) to 583.86279296875 (ms), cudaEventElapsed = 35.66182327270508 (ms)
[RANK2] B @ 585.587158203125 (ms) to 631.150146484375 (ms), cudaEventElapsed = 45.50758361816406 (ms)
[RANK2] F @ 632.659423828125 (ms) to 668.356201171875 (ms), cudaEventElapsed = 35.67001724243164 (ms)
[RANK2] B @ 820.904296875 (ms) to 862.22998046875 (ms), cudaEventElapsed = 41.296897888183594 (ms)
[RANK2] F @ 863.658447265625 (ms) to 898.81884765625 (ms), cudaEventElapsed = 34.83647918701172 (ms)
[RANK2] B @ 906.2724609375 (ms) to 950.760986328125 (ms), cudaEventElapsed = 44.457984924316406 (ms)
[RANK2] F @ 952.240234375 (ms) to 987.644287109375 (ms), cudaEventElapsed = 35.376129150390625 (ms)
[RANK2] B @ 989.34228515625 (ms) to 1034.91943359375 (ms), cudaEventElapsed = 45.55059051513672 (ms)
[RANK2] F @ 1036.9140625 (ms) to 1072.44091796875 (ms), cudaEventElapsed = 35.49900817871094 (ms)
[RANK2] B @ 1218.226318359375 (ms) to 1259.339111328125 (ms), cudaEventElapsed = 41.090049743652344 (ms)
[RANK2] F @ 1260.5947265625 (ms) to 1294.282958984375 (ms), cudaEventElapsed = 33.666046142578125 (ms)
[RANK2] B @ 1307.966064453125 (ms) to 1351.360107421875 (ms), cudaEventElapsed = 43.368446350097656 (ms)
[RANK2] F @ 1352.648193359375 (ms) to 1387.58203125 (ms), cudaEventElapsed = 34.911231994628906 (ms)
[RANK2] B @ 1392.55029296875 (ms) to 1437.421875 (ms), cudaEventElapsed = 44.849151611328125 (ms)
[RANK2] F @ 1438.6689453125 (ms) to 1473.431396484375 (ms), cudaEventElapsed = 34.7402229309082 (ms)
[RANK2] B @ 1611.810302734375 (ms) to 1652.925048828125 (ms), cudaEventElapsed = 41.09107208251953 (ms)
[RANK2] W @ 1653.69775390625 (ms) to 1675.609619140625 (ms), cudaEventElapsed = 21.890047073364258 (ms)
[RANK2] B @ 1705.13720703125 (ms) to 1746.794677734375 (ms), cudaEventElapsed = 41.63481521606445 (ms)
[RANK2] W @ 1747.5712890625 (ms) to 1769.697021484375 (ms), cudaEventElapsed = 22.10304069519043 (ms)
[RANK2] B @ 1792.259765625 (ms) to 1835.036376953125 (ms), cudaEventElapsed = 42.75404739379883 (ms)
[RANK2] 10W @ 1837.120849609375 (ms) to 2101.50439453125 (ms), cudaEventElapsed = 264.3537902832031 (ms)
[RANK2] Iteration 8
[RANK2] F @ 69.79638671875 (ms) to 101.47314453125 (ms), cudaEventElapsed = 31.647743225097656 (ms)
[RANK2] F @ 106.21923828125 (ms) to 141.125 (ms), cudaEventElapsed = 34.337791442871094 (ms)
[RANK2] F @ 144.480224609375 (ms) to 180.790771484375 (ms), cudaEventElapsed = 36.28236770629883 (ms)
[RANK2] B @ 421.990234375 (ms) to 463.186279296875 (ms), cudaEventElapsed = 41.16377639770508 (ms)
[RANK2] F @ 464.7373046875 (ms) to 498.8134765625 (ms), cudaEventElapsed = 34.04288101196289 (ms)
[RANK2] B @ 500.55126953125 (ms) to 546.25390625 (ms), cudaEventElapsed = 45.6734733581543 (ms)
[RANK2] F @ 547.6826171875 (ms) to 583.588134765625 (ms), cudaEventElapsed = 35.87583923339844 (ms)
[RANK2] B @ 585.336181640625 (ms) to 631.239013671875 (ms), cudaEventElapsed = 45.874176025390625 (ms)
[RANK2] F @ 632.677978515625 (ms) to 668.2138671875 (ms), cudaEventElapsed = 35.507198333740234 (ms)
[RANK2] B @ 817.184814453125 (ms) to 858.516357421875 (ms), cudaEventElapsed = 41.30099105834961 (ms)
[RANK2] F @ 859.97314453125 (ms) to 894.6865234375 (ms), cudaEventElapsed = 34.685951232910156 (ms)
[RANK2] B @ 904.926025390625 (ms) to 949.3115234375 (ms), cudaEventElapsed = 44.35763168334961 (ms)
[RANK2] F @ 950.758056640625 (ms) to 985.46923828125 (ms), cudaEventElapsed = 34.681854248046875 (ms)
[RANK2] B @ 987.2294921875 (ms) to 1032.83544921875 (ms), cudaEventElapsed = 45.57721710205078 (ms)
[RANK2] F @ 1034.41796875 (ms) to 1069.929443359375 (ms), cudaEventElapsed = 35.48057556152344 (ms)
[RANK2] B @ 1214.888427734375 (ms) to 1256.2509765625 (ms), cudaEventElapsed = 41.33375930786133 (ms)
[RANK2] F @ 1257.68408203125 (ms) to 1292.149169921875 (ms), cudaEventElapsed = 34.43711853027344 (ms)
[RANK2] B @ 1305.918701171875 (ms) to 1349.537109375 (ms), cudaEventElapsed = 43.59270477294922 (ms)
[RANK2] F @ 1350.794189453125 (ms) to 1385.396240234375 (ms), cudaEventElapsed = 34.5794563293457 (ms)
[RANK2] B @ 1391.644775390625 (ms) to 1436.18994140625 (ms), cudaEventElapsed = 44.52249526977539 (ms)
[RANK2] F @ 1437.416259765625 (ms) to 1472.276611328125 (ms), cudaEventElapsed = 34.83750534057617 (ms)
[RANK2] B @ 1610.348876953125 (ms) to 1651.476318359375 (ms), cudaEventElapsed = 41.10540771484375 (ms)
[RANK2] W @ 1652.227783203125 (ms) to 1674.0244140625 (ms), cudaEventElapsed = 21.773311614990234 (ms)
[RANK2] B @ 1702.405517578125 (ms) to 1744.037353515625 (ms), cudaEventElapsed = 41.6102409362793 (ms)
[RANK2] W @ 1744.7998046875 (ms) to 1767.44287109375 (ms), cudaEventElapsed = 22.621183395385742 (ms)
[RANK2] B @ 1790.2177734375 (ms) to 1832.80126953125 (ms), cudaEventElapsed = 42.5615348815918 (ms)
[RANK2] 10W @ 1834.899658203125 (ms) to 2098.56640625 (ms), cudaEventElapsed = 263.6369934082031 (ms)
[RANK2] Iteration 9
[RANK2] F @ 71.617431640625 (ms) to 103.249267578125 (ms), cudaEventElapsed = 31.60268783569336 (ms)
[RANK2] F @ 106.645263671875 (ms) to 141.044189453125 (ms), cudaEventElapsed = 34.371585845947266 (ms)
[RANK2] F @ 145.51318359375 (ms) to 182.343505859375 (ms), cudaEventElapsed = 36.792320251464844 (ms)
[RANK2] B @ 424.842529296875 (ms) to 466.15185546875 (ms), cudaEventElapsed = 41.280513763427734 (ms)
[RANK2] F @ 467.608154296875 (ms) to 502.375244140625 (ms), cudaEventElapsed = 34.73817443847656 (ms)
[RANK2] B @ 503.922607421875 (ms) to 550.3125 (ms), cudaEventElapsed = 46.36774444580078 (ms)
[RANK2] F @ 551.564697265625 (ms) to 587.30810546875 (ms), cudaEventElapsed = 35.721214294433594 (ms)
[RANK2] B @ 588.72607421875 (ms) to 634.12939453125 (ms), cudaEventElapsed = 45.37753677368164 (ms)
[RANK2] F @ 635.583984375 (ms) to 670.646240234375 (ms), cudaEventElapsed = 35.03513717651367 (ms)
[RANK2] B @ 823.030029296875 (ms) to 864.216796875 (ms), cudaEventElapsed = 41.16377639770508 (ms)
[RANK2] F @ 865.502685546875 (ms) to 900.009521484375 (ms), cudaEventElapsed = 34.484222412109375 (ms)
[RANK2] B @ 908.3671875 (ms) to 952.890625 (ms), cudaEventElapsed = 44.49689483642578 (ms)
[RANK2] F @ 954.157958984375 (ms) to 988.572998046875 (ms), cudaEventElapsed = 34.39104080200195 (ms)
[RANK2] B @ 991.52880859375 (ms) to 1036.6767578125 (ms), cudaEventElapsed = 45.12460708618164 (ms)
[RANK2] F @ 1037.975830078125 (ms) to 1073.5009765625 (ms), cudaEventElapsed = 35.50310516357422 (ms)
[RANK2] B @ 1220.533203125 (ms) to 1261.634521484375 (ms), cudaEventElapsed = 41.07571029663086 (ms)
[RANK2] F @ 1263.051513671875 (ms) to 1297.636962890625 (ms), cudaEventElapsed = 34.560001373291016 (ms)
[RANK2] B @ 1309.197998046875 (ms) to 1353.484130859375 (ms), cudaEventElapsed = 44.263423919677734 (ms)
[RANK2] F @ 1354.7490234375 (ms) to 1389.1728515625 (ms), cudaEventElapsed = 34.40127944946289 (ms)
[RANK2] B @ 1397.209716796875 (ms) to 1440.7236328125 (ms), cudaEventElapsed = 43.491329193115234 (ms)
[RANK2] F @ 1441.990966796875 (ms) to 1477.17822265625 (ms), cudaEventElapsed = 35.164161682128906 (ms)
[RANK2] B @ 1615.557373046875 (ms) to 1656.86279296875 (ms), cudaEventElapsed = 41.28153610229492 (ms)
[RANK2] W @ 1657.7109375 (ms) to 1679.65869140625 (ms), cudaEventElapsed = 21.91360092163086 (ms)
[RANK2] B @ 1705.908935546875 (ms) to 1748.250732421875 (ms), cudaEventElapsed = 42.31987380981445 (ms)
[RANK2] W @ 1749.033447265625 (ms) to 1772.3369140625 (ms), cudaEventElapsed = 23.27552032470703 (ms)
[RANK2] B @ 1794.305908203125 (ms) to 1837.053955078125 (ms), cudaEventElapsed = 42.72639846801758 (ms)
[RANK2] 10W @ 1839.13623046875 (ms) to 2106.65234375 (ms), cudaEventElapsed = 267.48211669921875 (ms)
