[RANK3] Iteration 1
[RANK3] F @ 263.161865234375 (ms) to 294.2138671875 (ms), cudaEventElapsed = 30.989887237548828 (ms)
[RANK3] B @ 294.438720703125 (ms) to 331.790771484375 (ms), cudaEventElapsed = 37.31353759765625 (ms)
[RANK3] F @ 334.91650390625 (ms) to 366.13916015625 (ms), cudaEventElapsed = 31.188383102416992 (ms)
[RANK3] B @ 366.1943359375 (ms) to 404.743896484375 (ms), cudaEventElapsed = 38.521854400634766 (ms)
[RANK3] F @ 446.288330078125 (ms) to 476.593017578125 (ms), cudaEventElapsed = 30.270912170410156 (ms)
[RANK3] B @ 476.646728515625 (ms) to 514.192138671875 (ms), cudaEventElapsed = 37.51833724975586 (ms)
[RANK3] F @ 597.783935546875 (ms) to 628.3837890625 (ms), cudaEventElapsed = 30.541759490966797 (ms)
[RANK3] B @ 628.45654296875 (ms) to 665.9248046875 (ms), cudaEventElapsed = 37.43743896484375 (ms)
[RANK3] F @ 677.04541015625 (ms) to 708.222900390625 (ms), cudaEventElapsed = 31.133056640625 (ms)
[RANK3] B @ 708.288818359375 (ms) to 747.02490234375 (ms), cudaEventElapsed = 38.703102111816406 (ms)
[RANK3] F @ 757.49072265625 (ms) to 788.77685546875 (ms), cudaEventElapsed = 31.24345588684082 (ms)
[RANK3] B @ 788.8505859375 (ms) to 827.3330078125 (ms), cudaEventElapsed = 38.44812774658203 (ms)
[RANK3] F @ 1016.15966796875 (ms) to 1046.8759765625 (ms), cudaEventElapsed = 30.64575958251953 (ms)
[RANK3] B @ 1046.942626953125 (ms) to 1084.839599609375 (ms), cudaEventElapsed = 37.86240005493164 (ms)
[RANK3] F @ 1091.2568359375 (ms) to 1122.62109375 (ms), cudaEventElapsed = 31.314815521240234 (ms)
[RANK3] B @ 1122.857177734375 (ms) to 1161.396240234375 (ms), cudaEventElapsed = 38.50035095214844 (ms)
[RANK3] W @ 1161.55419921875 (ms) to 1209.154541015625 (ms), cudaEventElapsed = 16.829439163208008 (ms)
[RANK3] F @ 1209.35205078125 (ms) to 1240.333251953125 (ms), cudaEventElapsed = 30.94380760192871 (ms)
[RANK3] B @ 1240.386474609375 (ms) to 1278.332763671875 (ms), cudaEventElapsed = 37.919742584228516 (ms)
[RANK3] W @ 1278.562744140625 (ms) to 1299.95166015625 (ms), cudaEventElapsed = 20.346879959106445 (ms)
[RANK3] F @ 1335.703125 (ms) to 1365.833251953125 (ms), cudaEventElapsed = 30.076736450195312 (ms)
[RANK3] B @ 1365.883056640625 (ms) to 1403.05224609375 (ms), cudaEventElapsed = 37.143550872802734 (ms)
[RANK3] W @ 1403.286376953125 (ms) to 1424.234375 (ms), cudaEventElapsed = 19.755008697509766 (ms)
[RANK3] F @ 1437.61962890625 (ms) to 1468.2783203125 (ms), cudaEventElapsed = 30.617536544799805 (ms)
[RANK3] B @ 1468.32958984375 (ms) to 1505.5263671875 (ms), cudaEventElapsed = 37.1671028137207 (ms)
[RANK3] W @ 1505.781494140625 (ms) to 1526.63232421875 (ms), cudaEventElapsed = 19.679231643676758 (ms)
[RANK3] F @ 1539.57080078125 (ms) to 1569.997314453125 (ms), cudaEventElapsed = 30.38960075378418 (ms)
[RANK3] B @ 1570.048583984375 (ms) to 1607.0947265625 (ms), cudaEventElapsed = 37.01862335205078 (ms)
[RANK3] 8W @ 1607.2548828125 (ms) to 1770.2998046875 (ms), cudaEventElapsed = 163.0136260986328 (ms)
[RANK3] Iteration 2
[RANK3] F @ 100.08740234375 (ms) to 130.72705078125 (ms), cudaEventElapsed = 30.589599609375 (ms)
[RANK3] B @ 130.990966796875 (ms) to 174.6806640625 (ms), cudaEventElapsed = 35.564544677734375 (ms)
[RANK3] F @ 176.59716796875 (ms) to 207.16357421875 (ms), cudaEventElapsed = 30.52227210998535 (ms)
[RANK3] B @ 207.2529296875 (ms) to 245.111328125 (ms), cudaEventElapsed = 37.826560974121094 (ms)
[RANK3] F @ 246.553955078125 (ms) to 278.93212890625 (ms), cudaEventElapsed = 32.343711853027344 (ms)
[RANK3] B @ 279.0478515625 (ms) to 317.561767578125 (ms), cudaEventElapsed = 38.47679901123047 (ms)
[RANK3] F @ 319.047607421875 (ms) to 351.760986328125 (ms), cudaEventElapsed = 32.67833709716797 (ms)
[RANK3] B @ 351.8798828125 (ms) to 390.0966796875 (ms), cudaEventElapsed = 38.1767692565918 (ms)
[RANK3] F @ 391.580810546875 (ms) to 424.174072265625 (ms), cudaEventElapsed = 32.5568962097168 (ms)
[RANK3] B @ 424.283447265625 (ms) to 462.091552734375 (ms), cudaEventElapsed = 37.773311614990234 (ms)
[RANK3] F @ 463.785888671875 (ms) to 496.55712890625 (ms), cudaEventElapsed = 32.73680114746094 (ms)
[RANK3] B @ 496.644287109375 (ms) to 534.514892578125 (ms), cudaEventElapsed = 37.84089660644531 (ms)
[RANK3] F @ 536.016357421875 (ms) to 568.5498046875 (ms), cudaEventElapsed = 32.49894332885742 (ms)
[RANK3] B @ 568.6318359375 (ms) to 606.77392578125 (ms), cudaEventElapsed = 38.11123275756836 (ms)
[RANK3] F @ 607.12255859375 (ms) to 639.05078125 (ms), cudaEventElapsed = 31.896127700805664 (ms)
[RANK3] B @ 639.278076171875 (ms) to 679.08056640625 (ms), cudaEventElapsed = 39.768062591552734 (ms)
[RANK3] W @ 679.355224609375 (ms) to 699.783935546875 (ms), cudaEventElapsed = 19.298303604125977 (ms)
[RANK3] F @ 699.960693359375 (ms) to 732.035400390625 (ms), cudaEventElapsed = 32.04499053955078 (ms)
[RANK3] B @ 732.1123046875 (ms) to 770.595458984375 (ms), cudaEventElapsed = 38.45427322387695 (ms)
[RANK3] W @ 770.86328125 (ms) to 792.339111328125 (ms), cudaEventElapsed = 20.419584274291992 (ms)
[RANK3] F @ 824.266357421875 (ms) to 854.294189453125 (ms), cudaEventElapsed = 29.98793601989746 (ms)
[RANK3] B @ 854.3681640625 (ms) to 890.77197265625 (ms), cudaEventElapsed = 36.375553131103516 (ms)
[RANK3] W @ 891.01708984375 (ms) to 911.9326171875 (ms), cudaEventElapsed = 19.735551834106445 (ms)
[RANK3] F @ 926.013427734375 (ms) to 956.529052734375 (ms), cudaEventElapsed = 30.474496841430664 (ms)
[RANK3] B @ 956.605224609375 (ms) to 994.522705078125 (ms), cudaEventElapsed = 37.88902282714844 (ms)
[RANK3] W @ 994.75927734375 (ms) to 1015.9794921875 (ms), cudaEventElapsed = 20.073471069335938 (ms)
[RANK3] F @ 1030.0380859375 (ms) to 1060.633056640625 (ms), cudaEventElapsed = 30.558975219726562 (ms)
[RANK3] B @ 1060.710693359375 (ms) to 1098.623291015625 (ms), cudaEventElapsed = 37.88288116455078 (ms)
[RANK3] 8W @ 1098.801513671875 (ms) to 1262.255859375 (ms), cudaEventElapsed = 163.420166015625 (ms)
[RANK3] Iteration 3
[RANK3] F @ 98.759033203125 (ms) to 129.31103515625 (ms), cudaEventElapsed = 30.507904052734375 (ms)
[RANK3] B @ 129.513427734375 (ms) to 173.728271484375 (ms), cudaEventElapsed = 35.69664001464844 (ms)
[RANK3] F @ 175.702392578125 (ms) to 206.732177734375 (ms), cudaEventElapsed = 30.983200073242188 (ms)
[RANK3] B @ 206.81201171875 (ms) to 245.03271484375 (ms), cudaEventElapsed = 38.191104888916016 (ms)
[RANK3] F @ 246.366455078125 (ms) to 278.610595703125 (ms), cudaEventElapsed = 32.210655212402344 (ms)
[RANK3] B @ 278.720703125 (ms) to 317.03369140625 (ms), cudaEventElapsed = 38.27302551269531 (ms)
[RANK3] F @ 318.443359375 (ms) to 350.92236328125 (ms), cudaEventElapsed = 32.444000244140625 (ms)
[RANK3] B @ 351.0224609375 (ms) to 388.638916015625 (ms), cudaEventElapsed = 37.5807991027832 (ms)
[RANK3] F @ 390.092529296875 (ms) to 422.290283203125 (ms), cudaEventElapsed = 32.16396713256836 (ms)
[RANK3] B @ 422.384033203125 (ms) to 460.36474609375 (ms), cudaEventElapsed = 37.94636917114258 (ms)
[RANK3] F @ 461.92236328125 (ms) to 494.731201171875 (ms), cudaEventElapsed = 32.77766418457031 (ms)
[RANK3] B @ 494.8125 (ms) to 532.89599609375 (ms), cudaEventElapsed = 38.05593490600586 (ms)
[RANK3] F @ 534.3583984375 (ms) to 567.190185546875 (ms), cudaEventElapsed = 32.799198150634766 (ms)
[RANK3] B @ 567.269775390625 (ms) to 605.40478515625 (ms), cudaEventElapsed = 38.10406494140625 (ms)
[RANK3] F @ 605.726318359375 (ms) to 637.610107421875 (ms), cudaEventElapsed = 31.846111297607422 (ms)
[RANK3] B @ 637.829833984375 (ms) to 677.4306640625 (ms), cudaEventElapsed = 39.56633758544922 (ms)
[RANK3] W @ 677.666259765625 (ms) to 697.008544921875 (ms), cudaEventElapsed = 19.297279357910156 (ms)
[RANK3] F @ 697.16259765625 (ms) to 729.35302734375 (ms), cudaEventElapsed = 32.162593841552734 (ms)
[RANK3] B @ 729.4306640625 (ms) to 767.710693359375 (ms), cudaEventElapsed = 38.25151824951172 (ms)
[RANK3] W @ 767.961669921875 (ms) to 789.447509765625 (ms), cudaEventElapsed = 20.366336822509766 (ms)
[RANK3] F @ 821.255615234375 (ms) to 851.3837890625 (ms), cudaEventElapsed = 30.08515167236328 (ms)
[RANK3] B @ 851.458740234375 (ms) to 887.729736328125 (ms), cudaEventElapsed = 36.242431640625 (ms)
[RANK3] W @ 887.985107421875 (ms) to 909.02685546875 (ms), cudaEventElapsed = 19.85126495361328 (ms)
[RANK3] F @ 922.545166015625 (ms) to 953.11669921875 (ms), cudaEventElapsed = 30.532352447509766 (ms)
[RANK3] B @ 953.198486328125 (ms) to 991.357177734375 (ms), cudaEventElapsed = 38.128639221191406 (ms)
[RANK3] W @ 991.605712890625 (ms) to 1013.080322265625 (ms), cudaEventElapsed = 20.338687896728516 (ms)
[RANK3] F @ 1028.596435546875 (ms) to 1059.170654296875 (ms), cudaEventElapsed = 30.537151336669922 (ms)
[RANK3] B @ 1059.243408203125 (ms) to 1096.191650390625 (ms), cudaEventElapsed = 36.920318603515625 (ms)
[RANK3] 8W @ 1096.364990234375 (ms) to 1260.417724609375 (ms), cudaEventElapsed = 164.0202178955078 (ms)
[RANK3] Iteration 4
[RANK3] F @ 99.096435546875 (ms) to 129.523193359375 (ms), cudaEventElapsed = 30.384000778198242 (ms)
[RANK3] B @ 129.736328125 (ms) to 175.019287109375 (ms), cudaEventElapsed = 36.86912155151367 (ms)
[RANK3] F @ 175.375 (ms) to 208.226806640625 (ms), cudaEventElapsed = 32.81795120239258 (ms)
[RANK3] B @ 208.30322265625 (ms) to 246.921875 (ms), cudaEventElapsed = 38.589439392089844 (ms)
[RANK3] F @ 248.332763671875 (ms) to 281.511962890625 (ms), cudaEventElapsed = 33.14575958251953 (ms)
[RANK3] B @ 281.61474609375 (ms) to 320.068603515625 (ms), cudaEventElapsed = 38.419456481933594 (ms)
[RANK3] F @ 321.47509765625 (ms) to 355.27734375 (ms), cudaEventElapsed = 33.76716613769531 (ms)
[RANK3] B @ 355.384765625 (ms) to 394.36669921875 (ms), cudaEventElapsed = 38.944766998291016 (ms)
[RANK3] F @ 395.852783203125 (ms) to 430.226318359375 (ms), cudaEventElapsed = 34.33932876586914 (ms)
[RANK3] B @ 430.320556640625 (ms) to 468.735595703125 (ms), cudaEventElapsed = 38.37849426269531 (ms)
[RANK3] F @ 470.257080078125 (ms) to 503.984375 (ms), cudaEventElapsed = 33.69590377807617 (ms)
[RANK3] B @ 504.06298828125 (ms) to 542.5390625 (ms), cudaEventElapsed = 38.4450569152832 (ms)
[RANK3] F @ 544.040771484375 (ms) to 577.987548828125 (ms), cudaEventElapsed = 33.9117431640625 (ms)
[RANK3] B @ 578.068603515625 (ms) to 616.882080078125 (ms), cudaEventElapsed = 38.781951904296875 (ms)
[RANK3] F @ 617.196533203125 (ms) to 650.466552734375 (ms), cudaEventElapsed = 33.23952102661133 (ms)
[RANK3] B @ 650.666748046875 (ms) to 690.601806640625 (ms), cudaEventElapsed = 39.90630340576172 (ms)
[RANK3] W @ 690.766845703125 (ms) to 722.354248046875 (ms), cudaEventElapsed = 20.46976089477539 (ms)
[RANK3] F @ 722.513671875 (ms) to 755.19580078125 (ms), cudaEventElapsed = 32.652286529541016 (ms)
[RANK3] B @ 755.2685546875 (ms) to 794.32763671875 (ms), cudaEventElapsed = 39.02975845336914 (ms)
[RANK3] W @ 794.564453125 (ms) to 817.535400390625 (ms), cudaEventElapsed = 21.85830307006836 (ms)
[RANK3] F @ 858.1376953125 (ms) to 888.267333984375 (ms), cudaEventElapsed = 30.091936111450195 (ms)
[RANK3] B @ 888.3466796875 (ms) to 925.32470703125 (ms), cudaEventElapsed = 36.950016021728516 (ms)
[RANK3] W @ 925.56787109375 (ms) to 948.68701171875 (ms), cudaEventElapsed = 21.88390350341797 (ms)
[RANK3] F @ 978.44677734375 (ms) to 1009.756103515625 (ms), cudaEventElapsed = 31.272096633911133 (ms)
[RANK3] B @ 1009.83056640625 (ms) to 1047.1650390625 (ms), cudaEventElapsed = 37.3043212890625 (ms)
[RANK3] W @ 1047.4111328125 (ms) to 1069.724365234375 (ms), cudaEventElapsed = 21.07596778869629 (ms)
[RANK3] F @ 1090.33544921875 (ms) to 1122.15673828125 (ms), cudaEventElapsed = 31.773120880126953 (ms)
[RANK3] B @ 1122.2333984375 (ms) to 1160.4921875 (ms), cudaEventElapsed = 38.22796630859375 (ms)
[RANK3] 8W @ 1160.67138671875 (ms) to 1350.999755859375 (ms), cudaEventElapsed = 190.29299926757812 (ms)
[RANK3] Iteration 5
[RANK3] F @ 99.02734375 (ms) to 129.889404296875 (ms), cudaEventElapsed = 30.799072265625 (ms)
[RANK3] B @ 130.135986328125 (ms) to 175.310791015625 (ms), cudaEventElapsed = 36.294654846191406 (ms)
[RANK3] F @ 176.305419921875 (ms) to 208.824462890625 (ms), cudaEventElapsed = 32.46851348876953 (ms)
[RANK3] B @ 208.921875 (ms) to 247.724609375 (ms), cudaEventElapsed = 38.767616271972656 (ms)
[RANK3] F @ 249.20703125 (ms) to 283.145263671875 (ms), cudaEventElapsed = 33.90339279174805 (ms)
[RANK3] B @ 283.27099609375 (ms) to 322.40185546875 (ms), cudaEventElapsed = 39.09017562866211 (ms)
[RANK3] F @ 323.968017578125 (ms) to 358.268798828125 (ms), cudaEventElapsed = 34.26406478881836 (ms)
[RANK3] B @ 358.3828125 (ms) to 396.84423828125 (ms), cudaEventElapsed = 38.423553466796875 (ms)
[RANK3] F @ 398.327392578125 (ms) to 432.078125 (ms), cudaEventElapsed = 33.71510314941406 (ms)
[RANK3] B @ 432.177734375 (ms) to 470.85498046875 (ms), cudaEventElapsed = 38.6426887512207 (ms)
[RANK3] F @ 472.426513671875 (ms) to 506.577392578125 (ms), cudaEventElapsed = 34.11801528930664 (ms)
[RANK3] B @ 506.6611328125 (ms) to 545.2861328125 (ms), cudaEventElapsed = 38.59455871582031 (ms)
[RANK3] F @ 546.83447265625 (ms) to 581.08935546875 (ms), cudaEventElapsed = 34.221248626708984 (ms)
[RANK3] B @ 581.171630859375 (ms) to 619.8701171875 (ms), cudaEventElapsed = 38.66624069213867 (ms)
[RANK3] F @ 620.175048828125 (ms) to 653.39501953125 (ms), cudaEventElapsed = 33.169822692871094 (ms)
[RANK3] B @ 653.607421875 (ms) to 693.706298828125 (ms), cudaEventElapsed = 40.06911849975586 (ms)
[RANK3] W @ 693.892333984375 (ms) to 721.939697265625 (ms), cudaEventElapsed = 19.39967918395996 (ms)
[RANK3] F @ 722.14501953125 (ms) to 756.6328125 (ms), cudaEventElapsed = 34.44947052001953 (ms)
[RANK3] B @ 756.711669921875 (ms) to 796.08837890625 (ms), cudaEventElapsed = 39.34822463989258 (ms)
[RANK3] W @ 796.341064453125 (ms) to 819.22021484375 (ms), cudaEventElapsed = 21.699583053588867 (ms)
[RANK3] F @ 859.246826171875 (ms) to 889.426513671875 (ms), cudaEventElapsed = 30.1232967376709 (ms)
[RANK3] B @ 889.505126953125 (ms) to 927.16943359375 (ms), cudaEventElapsed = 37.63507080078125 (ms)
[RANK3] W @ 927.42138671875 (ms) to 950.552490234375 (ms), cudaEventElapsed = 21.88595199584961 (ms)
[RANK3] F @ 979.695068359375 (ms) to 1010.502685546875 (ms), cudaEventElapsed = 30.76812744140625 (ms)
[RANK3] B @ 1010.580810546875 (ms) to 1048.17236328125 (ms), cudaEventElapsed = 37.561344146728516 (ms)
[RANK3] W @ 1048.5224609375 (ms) to 1071.5830078125 (ms), cudaEventElapsed = 21.8470401763916 (ms)
[RANK3] F @ 1090.271484375 (ms) to 1122.13818359375 (ms), cudaEventElapsed = 31.825632095336914 (ms)
[RANK3] B @ 1122.212646484375 (ms) to 1160.490234375 (ms), cudaEventElapsed = 38.249473571777344 (ms)
[RANK3] 8W @ 1160.69873046875 (ms) to 1351.916015625 (ms), cudaEventElapsed = 191.177734375 (ms)
[RANK3] Iteration 6
[RANK3] F @ 98.791015625 (ms) to 129.507080078125 (ms), cudaEventElapsed = 30.65951919555664 (ms)
[RANK3] B @ 129.760986328125 (ms) to 174.4267578125 (ms), cudaEventElapsed = 36.7011833190918 (ms)
[RANK3] F @ 175.59716796875 (ms) to 208.66552734375 (ms), cudaEventElapsed = 33.02134323120117 (ms)
[RANK3] B @ 208.76025390625 (ms) to 247.378173828125 (ms), cudaEventElapsed = 38.58534240722656 (ms)
[RANK3] F @ 248.81982421875 (ms) to 282.23779296875 (ms), cudaEventElapsed = 33.38467025756836 (ms)
[RANK3] B @ 282.33984375 (ms) to 321.170654296875 (ms), cudaEventElapsed = 38.793216705322266 (ms)
[RANK3] F @ 322.6240234375 (ms) to 356.595947265625 (ms), cudaEventElapsed = 33.93920135498047 (ms)
[RANK3] B @ 356.694580078125 (ms) to 395.78369140625 (ms), cudaEventElapsed = 39.04819107055664 (ms)
[RANK3] F @ 397.253662109375 (ms) to 431.759765625 (ms), cudaEventElapsed = 34.47315216064453 (ms)
[RANK3] B @ 431.84765625 (ms) to 470.211181640625 (ms), cudaEventElapsed = 38.329345703125 (ms)
[RANK3] F @ 471.944091796875 (ms) to 505.58984375 (ms), cudaEventElapsed = 33.61318588256836 (ms)
[RANK3] B @ 505.67724609375 (ms) to 544.32763671875 (ms), cudaEventElapsed = 38.617088317871094 (ms)
[RANK3] F @ 545.880126953125 (ms) to 580.0556640625 (ms), cudaEventElapsed = 34.14271926879883 (ms)
[RANK3] B @ 580.142333984375 (ms) to 619.22705078125 (ms), cudaEventElapsed = 39.04819107055664 (ms)
[RANK3] F @ 619.52392578125 (ms) to 652.751220703125 (ms), cudaEventElapsed = 33.19606399536133 (ms)
[RANK3] B @ 652.95068359375 (ms) to 692.885498046875 (ms), cudaEventElapsed = 39.89708709716797 (ms)
[RANK3] W @ 693.05712890625 (ms) to 722.2529296875 (ms), cudaEventElapsed = 20.945920944213867 (ms)
[RANK3] F @ 722.412109375 (ms) to 756.085693359375 (ms), cudaEventElapsed = 33.64262390136719 (ms)
[RANK3] B @ 756.16650390625 (ms) to 795.658935546875 (ms), cudaEventElapsed = 39.46188735961914 (ms)
[RANK3] W @ 795.899658203125 (ms) to 819.141357421875 (ms), cudaEventElapsed = 22.076416015625 (ms)
[RANK3] F @ 857.451171875 (ms) to 887.543701171875 (ms), cudaEventElapsed = 30.05526351928711 (ms)
[RANK3] B @ 887.62646484375 (ms) to 925.18017578125 (ms), cudaEventElapsed = 37.52140808105469 (ms)
[RANK3] W @ 925.437255859375 (ms) to 948.8046875 (ms), cudaEventElapsed = 22.112255096435547 (ms)
[RANK3] F @ 978.132080078125 (ms) to 1008.757080078125 (ms), cudaEventElapsed = 30.588735580444336 (ms)
[RANK3] B @ 1008.837890625 (ms) to 1046.39404296875 (ms), cudaEventElapsed = 37.52345657348633 (ms)
[RANK3] W @ 1046.6767578125 (ms) to 1069.642822265625 (ms), cudaEventElapsed = 21.730304718017578 (ms)
[RANK3] F @ 1090.633544921875 (ms) to 1121.51123046875 (ms), cudaEventElapsed = 30.842144012451172 (ms)
[RANK3] B @ 1121.58984375 (ms) to 1159.636962890625 (ms), cudaEventElapsed = 38.014976501464844 (ms)
[RANK3] 8W @ 1159.828369140625 (ms) to 1352.25634765625 (ms), cudaEventElapsed = 192.39321899414062 (ms)
[RANK3] Iteration 7
[RANK3] F @ 91.517578125 (ms) to 120.929931640625 (ms), cudaEventElapsed = 29.361888885498047 (ms)
[RANK3] F @ 125.270263671875 (ms) to 156.246337890625 (ms), cudaEventElapsed = 30.93903923034668 (ms)
[RANK3] F @ 164.1025390625 (ms) to 195.48779296875 (ms), cudaEventElapsed = 31.348896026611328 (ms)
[RANK3] F @ 200.1396484375 (ms) to 231.35400390625 (ms), cudaEventElapsed = 31.180416107177734 (ms)
[RANK3] F @ 236.51025390625 (ms) to 268.256591796875 (ms), cudaEventElapsed = 31.710655212402344 (ms)
[RANK3] F @ 272.4423828125 (ms) to 304.495361328125 (ms), cudaEventElapsed = 32.0200309753418 (ms)
[RANK3] F @ 308.209716796875 (ms) to 341.204345703125 (ms), cudaEventElapsed = 32.961631774902344 (ms)
[RANK3] F @ 343.426025390625 (ms) to 375.624267578125 (ms), cudaEventElapsed = 32.16543960571289 (ms)
[RANK3] F @ 379.85791015625 (ms) to 411.111328125 (ms), cudaEventElapsed = 31.218591690063477 (ms)
[RANK3] F @ 416.619873046875 (ms) to 447.467529296875 (ms), cudaEventElapsed = 30.81328010559082 (ms)
[RANK3] F @ 453.00390625 (ms) to 484.37060546875 (ms), cudaEventElapsed = 31.33251190185547 (ms)
[RANK3] F @ 488.779541015625 (ms) to 521.08203125 (ms), cudaEventElapsed = 32.26969528198242 (ms)
