[RANK0] Iteration 1
[RANK0] F @ 0.30322265625 (ms) to 25.335693359375 (ms), cudaEventElapsed = 24.990528106689453 (ms)
[RANK0] F @ 79.236328125 (ms) to 105.219970703125 (ms), cudaEventElapsed = 25.92972755432129 (ms)
[RANK0] F @ 105.432861328125 (ms) to 131.019775390625 (ms), cudaEventElapsed = 25.54572868347168 (ms)
[RANK0] F @ 131.21533203125 (ms) to 159.277099609375 (ms), cudaEventElapsed = 28.026880264282227 (ms)
[RANK0] F @ 159.44580078125 (ms) to 188.4345703125 (ms), cudaEventElapsed = 28.949504852294922 (ms)
[RANK0] F @ 188.603515625 (ms) to 225.6845703125 (ms), cudaEventElapsed = 25.863168716430664 (ms)
[RANK0] F @ 225.871826171875 (ms) to 548.595947265625 (ms), cudaEventElapsed = 322.6910705566406 (ms)
[RANK0] B @ 611.343994140625 (ms) to 643.027099609375 (ms), cudaEventElapsed = 31.629568099975586 (ms)
[RANK0] F @ 643.267333984375 (ms) to 668.447998046875 (ms), cudaEventElapsed = 25.14739227294922 (ms)
[RANK0] B @ 689.41259765625 (ms) to 722.29736328125 (ms), cudaEventElapsed = 32.83628845214844 (ms)
[RANK0] W @ 722.498046875 (ms) to 737.00439453125 (ms), cudaEventElapsed = 14.476287841796875 (ms)
[RANK0] F @ 737.0244140625 (ms) to 763.17236328125 (ms), cudaEventElapsed = 26.12224006652832 (ms)
[RANK0] B @ 770.754150390625 (ms) to 807.085205078125 (ms), cudaEventElapsed = 36.2916145324707 (ms)
[RANK0] B @ 848.94384765625 (ms) to 880.83984375 (ms), cudaEventElapsed = 31.853696823120117 (ms)
[RANK0] W @ 880.881591796875 (ms) to 894.470947265625 (ms), cudaEventElapsed = 13.56492805480957 (ms)
[RANK0] F @ 894.646728515625 (ms) to 920.760498046875 (ms), cudaEventElapsed = 26.085376739501953 (ms)
[RANK0] B @ 1102.50830078125 (ms) to 1135.162109375 (ms), cudaEventElapsed = 32.591007232666016 (ms)
[RANK0] B @ 1178.435791015625 (ms) to 1210.008056640625 (ms), cudaEventElapsed = 31.53171157836914 (ms)
[RANK0] W @ 1210.0537109375 (ms) to 1223.98974609375 (ms), cudaEventElapsed = 13.906944274902344 (ms)
[RANK0] F @ 1224.203857421875 (ms) to 1250.59521484375 (ms), cudaEventElapsed = 26.35980796813965 (ms)
[RANK0] B @ 1287.33740234375 (ms) to 1320.74560546875 (ms), cudaEventElapsed = 33.369022369384766 (ms)
[RANK0] B @ 1328.913818359375 (ms) to 1360.918701171875 (ms), cudaEventElapsed = 31.973535537719727 (ms)
[RANK0] W @ 1360.95556640625 (ms) to 1374.974853515625 (ms), cudaEventElapsed = 13.98476791381836 (ms)
[RANK0] F @ 1375.167236328125 (ms) to 1401.445556640625 (ms), cudaEventElapsed = 26.250240325927734 (ms)
[RANK0] W @ 1401.60595703125 (ms) to 1443.4521484375 (ms), cudaEventElapsed = 14.107647895812988 (ms)
[RANK0] W @ 1443.4716796875 (ms) to 1457.7822265625 (ms), cudaEventElapsed = 14.278656005859375 (ms)
[RANK0] W @ 1457.975830078125 (ms) to 1472.9697265625 (ms), cudaEventElapsed = 14.960639953613281 (ms)
[RANK0] W @ 1472.981201171875 (ms) to 1488.7578125 (ms), cudaEventElapsed = 15.753215789794922 (ms)
[RANK0] B @ 1488.906005859375 (ms) to 1524.748291015625 (ms), cudaEventElapsed = 35.814273834228516 (ms)
[RANK0] W @ 1524.901123046875 (ms) to 1546.831787109375 (ms), cudaEventElapsed = 15.553536415100098 (ms)
[RANK0] B @ 1546.974609375 (ms) to 1581.73974609375 (ms), cudaEventElapsed = 34.73596954345703 (ms)
[RANK0] W @ 1581.772705078125 (ms) to 1597.0234375 (ms), cudaEventElapsed = 15.218688011169434 (ms)
[RANK0] B @ 1628.423828125 (ms) to 1661.32568359375 (ms), cudaEventElapsed = 32.86921691894531 (ms)
[RANK0] W @ 1661.35009765625 (ms) to 1675.358642578125 (ms), cudaEventElapsed = 13.98579216003418 (ms)
[RANK0] B @ 1715.230712890625 (ms) to 1746.949951171875 (ms), cudaEventElapsed = 31.6878719329834 (ms)
[RANK0] 1W @ 1746.98095703125 (ms) to 1760.930908203125 (ms), cudaEventElapsed = 13.924351692199707 (ms)
[RANK0] Iteration 2
[RANK0] F @ 2.20361328125 (ms) to 27.516357421875 (ms), cudaEventElapsed = 25.2708797454834 (ms)
[RANK0] F @ 27.802734375 (ms) to 53.207275390625 (ms), cudaEventElapsed = 25.369600296020508 (ms)
[RANK0] F @ 53.4091796875 (ms) to 80.42236328125 (ms), cudaEventElapsed = 26.9803524017334 (ms)
[RANK0] F @ 80.620361328125 (ms) to 108.9814453125 (ms), cudaEventElapsed = 28.328960418701172 (ms)
[RANK0] F @ 109.201904296875 (ms) to 137.51171875 (ms), cudaEventElapsed = 28.267520904541016 (ms)
[RANK0] F @ 137.717529296875 (ms) to 165.644287109375 (ms), cudaEventElapsed = 27.893760681152344 (ms)
[RANK0] F @ 165.83349609375 (ms) to 193.784912109375 (ms), cudaEventElapsed = 27.91935920715332 (ms)
[RANK0] B @ 270.29443359375 (ms) to 302.104736328125 (ms), cudaEventElapsed = 31.75948715209961 (ms)
[RANK0] F @ 302.349365234375 (ms) to 328.2841796875 (ms), cudaEventElapsed = 25.90412712097168 (ms)
[RANK0] B @ 350.164306640625 (ms) to 383.2548828125 (ms), cudaEventElapsed = 33.04460906982422 (ms)
[RANK0] W @ 383.5205078125 (ms) to 398.167724609375 (ms), cudaEventElapsed = 14.614527702331543 (ms)
[RANK0] F @ 398.233154296875 (ms) to 424.74658203125 (ms), cudaEventElapsed = 26.4847354888916 (ms)
[RANK0] B @ 431.409912109375 (ms) to 467.422119140625 (ms), cudaEventElapsed = 35.97087860107422 (ms)
[RANK0] B @ 509.729248046875 (ms) to 541.47705078125 (ms), cudaEventElapsed = 31.70854377746582 (ms)
[RANK0] W @ 541.552734375 (ms) to 555.360107421875 (ms), cudaEventElapsed = 13.774847984313965 (ms)
[RANK0] F @ 555.593017578125 (ms) to 581.6240234375 (ms), cudaEventElapsed = 25.997312545776367 (ms)
[RANK0] B @ 613.783203125 (ms) to 647.42333984375 (ms), cudaEventElapsed = 33.59075164794922 (ms)
[RANK0] B @ 664.597412109375 (ms) to 696.542724609375 (ms), cudaEventElapsed = 31.91219139099121 (ms)
[RANK0] W @ 696.611083984375 (ms) to 710.44921875 (ms), cudaEventElapsed = 13.805567741394043 (ms)
[RANK0] F @ 710.67822265625 (ms) to 736.978271484375 (ms), cudaEventElapsed = 26.268672943115234 (ms)
[RANK0] B @ 772.5400390625 (ms) to 806.07177734375 (ms), cudaEventElapsed = 33.492767333984375 (ms)
[RANK0] B @ 814.283447265625 (ms) to 846.54541015625 (ms), cudaEventElapsed = 32.22982406616211 (ms)
[RANK0] W @ 846.6103515625 (ms) to 861.019287109375 (ms), cudaEventElapsed = 14.382080078125 (ms)
[RANK0] F @ 861.21875 (ms) to 887.780029296875 (ms), cudaEventElapsed = 26.53183937072754 (ms)
[RANK0] W @ 887.9755859375 (ms) to 929.885009765625 (ms), cudaEventElapsed = 14.436351776123047 (ms)
[RANK0] W @ 929.945556640625 (ms) to 944.039794921875 (ms), cudaEventElapsed = 14.06054401397705 (ms)
[RANK0] W @ 944.265380859375 (ms) to 959.450439453125 (ms), cudaEventElapsed = 15.150079727172852 (ms)
[RANK0] W @ 959.49853515625 (ms) to 975.64404296875 (ms), cudaEventElapsed = 16.113664627075195 (ms)
[RANK0] B @ 975.83642578125 (ms) to 1011.68212890625 (ms), cudaEventElapsed = 35.814369201660156 (ms)
[RANK0] W @ 1011.885986328125 (ms) to 1033.64892578125 (ms), cudaEventElapsed = 14.754816055297852 (ms)
[RANK0] B @ 1033.87451171875 (ms) to 1068.356201171875 (ms), cudaEventElapsed = 34.4447021484375 (ms)
[RANK0] W @ 1068.413330078125 (ms) to 1083.632568359375 (ms), cudaEventElapsed = 15.193087577819824 (ms)
[RANK0] B @ 1113.74462890625 (ms) to 1146.6845703125 (ms), cudaEventElapsed = 32.90697479248047 (ms)
[RANK0] W @ 1146.74365234375 (ms) to 1160.97119140625 (ms), cudaEventElapsed = 14.199808120727539 (ms)
[RANK0] B @ 1200.948974609375 (ms) to 1232.765625 (ms), cudaEventElapsed = 31.78214454650879 (ms)
[RANK0] 1W @ 1232.82470703125 (ms) to 1246.541259765625 (ms), cudaEventElapsed = 13.691904067993164 (ms)
[RANK0] Iteration 3
[RANK0] F @ 2.157470703125 (ms) to 27.47412109375 (ms), cudaEventElapsed = 25.2857608795166 (ms)
[RANK0] F @ 27.69873046875 (ms) to 53.108154296875 (ms), cudaEventElapsed = 25.375743865966797 (ms)
[RANK0] F @ 53.3203125 (ms) to 80.49560546875 (ms), cudaEventElapsed = 27.13702392578125 (ms)
[RANK0] F @ 80.703125 (ms) to 108.98095703125 (ms), cudaEventElapsed = 28.243967056274414 (ms)
[RANK0] F @ 109.192626953125 (ms) to 137.672119140625 (ms), cudaEventElapsed = 28.446720123291016 (ms)
[RANK0] F @ 137.897216796875 (ms) to 166.064697265625 (ms), cudaEventElapsed = 28.1343994140625 (ms)
[RANK0] F @ 166.26171875 (ms) to 194.17822265625 (ms), cudaEventElapsed = 27.883520126342773 (ms)
[RANK0] B @ 269.408203125 (ms) to 301.205078125 (ms), cudaEventElapsed = 31.746559143066406 (ms)
[RANK0] F @ 301.468994140625 (ms) to 327.43701171875 (ms), cudaEventElapsed = 25.93382453918457 (ms)
[RANK0] B @ 349.80859375 (ms) to 382.891357421875 (ms), cudaEventElapsed = 33.03776168823242 (ms)
[RANK0] W @ 383.142333984375 (ms) to 397.6513671875 (ms), cudaEventElapsed = 14.47424030303955 (ms)
[RANK0] F @ 397.709716796875 (ms) to 424.185791015625 (ms), cudaEventElapsed = 26.444799423217773 (ms)
[RANK0] B @ 431.390380859375 (ms) to 467.555908203125 (ms), cudaEventElapsed = 36.127262115478516 (ms)
[RANK0] B @ 510.412841796875 (ms) to 542.1591796875 (ms), cudaEventElapsed = 31.69913673400879 (ms)
[RANK0] W @ 542.243896484375 (ms) to 556.039306640625 (ms), cudaEventElapsed = 13.765631675720215 (ms)
[RANK0] F @ 556.277099609375 (ms) to 582.693115234375 (ms), cudaEventElapsed = 26.381311416625977 (ms)
[RANK0] B @ 614.71044921875 (ms) to 648.352294921875 (ms), cudaEventElapsed = 33.597408294677734 (ms)
[RANK0] B @ 664.843017578125 (ms) to 696.635986328125 (ms), cudaEventElapsed = 31.756223678588867 (ms)
[RANK0] W @ 696.7119140625 (ms) to 710.4619140625 (ms), cudaEventElapsed = 13.716480255126953 (ms)
[RANK0] F @ 710.6962890625 (ms) to 736.93017578125 (ms), cudaEventElapsed = 26.200063705444336 (ms)
[RANK0] B @ 772.1376953125 (ms) to 805.716064453125 (ms), cudaEventElapsed = 33.5384635925293 (ms)
[RANK0] B @ 813.58251953125 (ms) to 845.860595703125 (ms), cudaEventElapsed = 32.24313735961914 (ms)
[RANK0] W @ 845.933349609375 (ms) to 860.4765625 (ms), cudaEventElapsed = 14.510080337524414 (ms)
[RANK0] F @ 860.6962890625 (ms) to 887.05517578125 (ms), cudaEventElapsed = 26.32806396484375 (ms)
[RANK0] W @ 887.2568359375 (ms) to 928.77587890625 (ms), cudaEventElapsed = 14.393343925476074 (ms)
[RANK0] W @ 928.835205078125 (ms) to 942.77197265625 (ms), cudaEventElapsed = 13.904895782470703 (ms)
[RANK0] W @ 942.97265625 (ms) to 958.309814453125 (ms), cudaEventElapsed = 15.30777645111084 (ms)
[RANK0] W @ 958.35302734375 (ms) to 974.441650390625 (ms), cudaEventElapsed = 16.064512252807617 (ms)
[RANK0] B @ 974.598876953125 (ms) to 1010.357421875 (ms), cudaEventElapsed = 35.73040008544922 (ms)
[RANK0] W @ 1010.561279296875 (ms) to 1032.699462890625 (ms), cudaEventElapsed = 14.707712173461914 (ms)
[RANK0] B @ 1032.87939453125 (ms) to 1067.26123046875 (ms), cudaEventElapsed = 34.35251235961914 (ms)
[RANK0] W @ 1067.322265625 (ms) to 1082.528564453125 (ms), cudaEventElapsed = 15.179776191711426 (ms)
[RANK0] B @ 1113.33251953125 (ms) to 1146.329345703125 (ms), cudaEventElapsed = 32.9615364074707 (ms)
[RANK0] W @ 1146.38720703125 (ms) to 1160.631591796875 (ms), cudaEventElapsed = 14.219264030456543 (ms)
[RANK0] B @ 1200.9765625 (ms) to 1232.677001953125 (ms), cudaEventElapsed = 31.669151306152344 (ms)
[RANK0] 1W @ 1232.736572265625 (ms) to 1246.395263671875 (ms), cudaEventElapsed = 13.633536338806152 (ms)
[RANK0] Iteration 4
[RANK0] F @ 2.180419921875 (ms) to 27.568359375 (ms), cudaEventElapsed = 25.356351852416992 (ms)
[RANK0] F @ 27.783447265625 (ms) to 53.30810546875 (ms), cudaEventElapsed = 25.48736000061035 (ms)
[RANK0] F @ 53.509521484375 (ms) to 80.6669921875 (ms), cudaEventElapsed = 27.12678337097168 (ms)
[RANK0] F @ 80.85400390625 (ms) to 108.87353515625 (ms), cudaEventElapsed = 27.9869441986084 (ms)
[RANK0] F @ 109.087646484375 (ms) to 137.368408203125 (ms), cudaEventElapsed = 28.244991302490234 (ms)
[RANK0] F @ 137.585693359375 (ms) to 165.693115234375 (ms), cudaEventElapsed = 28.069887161254883 (ms)
[RANK0] F @ 165.882080078125 (ms) to 193.863525390625 (ms), cudaEventElapsed = 27.95110321044922 (ms)
[RANK0] B @ 271.2685546875 (ms) to 303.849365234375 (ms), cudaEventElapsed = 32.53718566894531 (ms)
[RANK0] F @ 304.0927734375 (ms) to 330.0478515625 (ms), cudaEventElapsed = 25.91539192199707 (ms)
[RANK0] B @ 354.1318359375 (ms) to 387.447265625 (ms), cudaEventElapsed = 33.275390625 (ms)
[RANK0] W @ 387.67236328125 (ms) to 403.57666015625 (ms), cudaEventElapsed = 15.871999740600586 (ms)
[RANK0] F @ 403.62939453125 (ms) to 432.069091796875 (ms), cudaEventElapsed = 28.411903381347656 (ms)
[RANK0] B @ 439.145751953125 (ms) to 475.9345703125 (ms), cudaEventElapsed = 36.75260925292969 (ms)
[RANK0] B @ 521.695068359375 (ms) to 554.645751953125 (ms), cudaEventElapsed = 32.91187286376953 (ms)
[RANK0] W @ 554.714599609375 (ms) to 569.300537109375 (ms), cudaEventElapsed = 14.558208465576172 (ms)
[RANK0] F @ 569.51953125 (ms) to 596.0439453125 (ms), cudaEventElapsed = 26.49087905883789 (ms)
[RANK0] B @ 633.9892578125 (ms) to 668.32958984375 (ms), cudaEventElapsed = 34.29916763305664 (ms)
[RANK0] B @ 685.15478515625 (ms) to 718.236572265625 (ms), cudaEventElapsed = 33.04742431640625 (ms)
[RANK0] W @ 718.302734375 (ms) to 733.239013671875 (ms), cudaEventElapsed = 14.904319763183594 (ms)
[RANK0] F @ 733.441162109375 (ms) to 760.21826171875 (ms), cudaEventElapsed = 26.74278450012207 (ms)
[RANK0] B @ 799.765625 (ms) to 833.67724609375 (ms), cudaEventElapsed = 33.874305725097656 (ms)
[RANK0] B @ 844.2138671875 (ms) to 877.666015625 (ms), cudaEventElapsed = 33.41891098022461 (ms)
[RANK0] W @ 877.728759765625 (ms) to 892.78759765625 (ms), cudaEventElapsed = 15.032320022583008 (ms)
[RANK0] F @ 892.9775390625 (ms) to 919.965087890625 (ms), cudaEventElapsed = 26.95680046081543 (ms)
[RANK0] W @ 920.161376953125 (ms) to 974.75 (ms), cudaEventElapsed = 14.244864463806152 (ms)
[RANK0] W @ 974.7998046875 (ms) to 990.236572265625 (ms), cudaEventElapsed = 15.408127784729004 (ms)
[RANK0] W @ 990.42529296875 (ms) to 1007.705078125 (ms), cudaEventElapsed = 17.251327514648438 (ms)
[RANK0] W @ 1007.748291015625 (ms) to 1026.62158203125 (ms), cudaEventElapsed = 18.84671974182129 (ms)
[RANK0] B @ 1026.781982421875 (ms) to 1065.389892578125 (ms), cudaEventElapsed = 38.58073425292969 (ms)
[RANK0] W @ 1065.572021484375 (ms) to 1089.286376953125 (ms), cudaEventElapsed = 16.323583602905273 (ms)
[RANK0] B @ 1089.44775390625 (ms) to 1124.845703125 (ms), cudaEventElapsed = 35.3719367980957 (ms)
[RANK0] W @ 1124.900634765625 (ms) to 1141.4013671875 (ms), cudaEventElapsed = 16.474111557006836 (ms)
[RANK0] B @ 1182.6455078125 (ms) to 1216.76611328125 (ms), cudaEventElapsed = 34.086368560791016 (ms)
[RANK0] W @ 1216.822998046875 (ms) to 1232.261962890625 (ms), cudaEventElapsed = 15.413248062133789 (ms)
[RANK0] B @ 1282.71875 (ms) to 1315.652099609375 (ms), cudaEventElapsed = 32.90086364746094 (ms)
[RANK0] 1W @ 1315.712890625 (ms) to 1330.305419921875 (ms), cudaEventElapsed = 14.559231758117676 (ms)
[RANK0] Iteration 5
[RANK0] F @ 2.186767578125 (ms) to 27.519287109375 (ms), cudaEventElapsed = 25.301664352416992 (ms)
[RANK0] F @ 27.73193359375 (ms) to 52.696044921875 (ms), cudaEventElapsed = 24.92723274230957 (ms)
[RANK0] F @ 52.906494140625 (ms) to 80.322265625 (ms), cudaEventElapsed = 27.37766456604004 (ms)
[RANK0] F @ 80.5244140625 (ms) to 108.927001953125 (ms), cudaEventElapsed = 28.36787223815918 (ms)
[RANK0] F @ 109.171630859375 (ms) to 137.445556640625 (ms), cudaEventElapsed = 28.235776901245117 (ms)
[RANK0] F @ 137.689208984375 (ms) to 165.9931640625 (ms), cudaEventElapsed = 28.264448165893555 (ms)
[RANK0] F @ 166.19873046875 (ms) to 193.97509765625 (ms), cudaEventElapsed = 27.74220848083496 (ms)
[RANK0] B @ 269.6611328125 (ms) to 303.1240234375 (ms), cudaEventElapsed = 33.39798355102539 (ms)
[RANK0] F @ 303.409912109375 (ms) to 329.9189453125 (ms), cudaEventElapsed = 26.474496841430664 (ms)
[RANK0] B @ 353.357421875 (ms) to 387.4150390625 (ms), cudaEventElapsed = 34.003807067871094 (ms)
[RANK0] W @ 387.656494140625 (ms) to 403.801513671875 (ms), cudaEventElapsed = 16.109567642211914 (ms)
[RANK0] F @ 403.857421875 (ms) to 431.96826171875 (ms), cudaEventElapsed = 28.080127716064453 (ms)
[RANK0] B @ 438.0517578125 (ms) to 475.780029296875 (ms), cudaEventElapsed = 37.687774658203125 (ms)
[RANK0] B @ 519.833740234375 (ms) to 552.983642578125 (ms), cudaEventElapsed = 33.109214782714844 (ms)
[RANK0] W @ 553.067138671875 (ms) to 568.5166015625 (ms), cudaEventElapsed = 15.417344093322754 (ms)
[RANK0] F @ 568.737548828125 (ms) to 596.979736328125 (ms), cudaEventElapsed = 28.208127975463867 (ms)
[RANK0] B @ 633.04443359375 (ms) to 667.432373046875 (ms), cudaEventElapsed = 34.34646224975586 (ms)
[RANK0] B @ 682.1396484375 (ms) to 715.494384765625 (ms), cudaEventElapsed = 33.32112121582031 (ms)
[RANK0] W @ 715.55908203125 (ms) to 731.4609375 (ms), cudaEventElapsed = 15.870976448059082 (ms)
[RANK0] F @ 731.66015625 (ms) to 761.158447265625 (ms), cudaEventElapsed = 29.468671798706055 (ms)
[RANK0] B @ 796.5029296875 (ms) to 830.81396484375 (ms), cudaEventElapsed = 34.27395248413086 (ms)
[RANK0] B @ 840.83642578125 (ms) to 874.605224609375 (ms), cudaEventElapsed = 33.7374382019043 (ms)
[RANK0] W @ 874.66748046875 (ms) to 890.8271484375 (ms), cudaEventElapsed = 16.130048751831055 (ms)
[RANK0] F @ 891.014404296875 (ms) to 920.41943359375 (ms), cudaEventElapsed = 29.37548828125 (ms)
[RANK0] W @ 920.618896484375 (ms) to 969.02001953125 (ms), cudaEventElapsed = 14.526464462280273 (ms)
[RANK0] W @ 969.069580078125 (ms) to 984.681396484375 (ms), cudaEventElapsed = 15.582207679748535 (ms)
[RANK0] W @ 984.879638671875 (ms) to 1002.455810546875 (ms), cudaEventElapsed = 17.548288345336914 (ms)
[RANK0] W @ 1002.498046875 (ms) to 1021.85888671875 (ms), cudaEventElapsed = 19.335168838500977 (ms)
[RANK0] B @ 1022.01416015625 (ms) to 1061.743408203125 (ms), cudaEventElapsed = 39.70140838623047 (ms)
[RANK0] W @ 1061.943603515625 (ms) to 1087.950439453125 (ms), cudaEventElapsed = 16.228351593017578 (ms)
[RANK0] B @ 1088.111572265625 (ms) to 1124.60595703125 (ms), cudaEventElapsed = 36.46665573120117 (ms)
[RANK0] W @ 1124.66015625 (ms) to 1142.119873046875 (ms), cudaEventElapsed = 17.43462371826172 (ms)
[RANK0] B @ 1183.236328125 (ms) to 1217.119140625 (ms), cudaEventElapsed = 33.848384857177734 (ms)
[RANK0] W @ 1217.17919921875 (ms) to 1232.677001953125 (ms), cudaEventElapsed = 15.469568252563477 (ms)
[RANK0] B @ 1284.365234375 (ms) to 1317.354248046875 (ms), cudaEventElapsed = 32.942047119140625 (ms)
[RANK0] 1W @ 1317.4228515625 (ms) to 1332.330810546875 (ms), cudaEventElapsed = 14.879743576049805 (ms)
[RANK0] Iteration 6
[RANK0] F @ 2.0986328125 (ms) to 27.203125 (ms), cudaEventElapsed = 25.07097625732422 (ms)
[RANK0] F @ 27.43408203125 (ms) to 52.922607421875 (ms), cudaEventElapsed = 25.454591751098633 (ms)
[RANK0] F @ 53.131591796875 (ms) to 80.48828125 (ms), cudaEventElapsed = 27.323392868041992 (ms)
[RANK0] F @ 80.6845703125 (ms) to 108.476806640625 (ms), cudaEventElapsed = 27.75961685180664 (ms)
[RANK0] F @ 108.699951171875 (ms) to 136.73095703125 (ms), cudaEventElapsed = 27.98899269104004 (ms)
[RANK0] F @ 137.042724609375 (ms) to 164.906982421875 (ms), cudaEventElapsed = 27.827199935913086 (ms)
[RANK0] F @ 165.1103515625 (ms) to 192.879150390625 (ms), cudaEventElapsed = 27.73708724975586 (ms)
[RANK0] B @ 271.96923828125 (ms) to 305.10888671875 (ms), cudaEventElapsed = 33.08921432495117 (ms)
[RANK0] F @ 305.36962890625 (ms) to 331.684326171875 (ms), cudaEventElapsed = 26.280960083007812 (ms)
[RANK0] B @ 356.3359375 (ms) to 389.696044921875 (ms), cudaEventElapsed = 33.31398391723633 (ms)
[RANK0] W @ 389.923828125 (ms) to 405.91552734375 (ms), cudaEventElapsed = 15.961088180541992 (ms)
[RANK0] F @ 405.9755859375 (ms) to 435.0625 (ms), cudaEventElapsed = 29.054975509643555 (ms)
[RANK0] B @ 440.301513671875 (ms) to 477.243896484375 (ms), cudaEventElapsed = 36.896705627441406 (ms)
[RANK0] B @ 521.850341796875 (ms) to 555.02294921875 (ms), cudaEventElapsed = 33.12604904174805 (ms)
[RANK0] W @ 555.100830078125 (ms) to 570.2919921875 (ms), cudaEventElapsed = 15.161343574523926 (ms)
[RANK0] F @ 570.529541015625 (ms) to 599.80712890625 (ms), cudaEventElapsed = 29.242368698120117 (ms)
[RANK0] B @ 635.3515625 (ms) to 669.567138671875 (ms), cudaEventElapsed = 34.17030334472656 (ms)
[RANK0] B @ 684.576416015625 (ms) to 718.000732421875 (ms), cudaEventElapsed = 33.39030456542969 (ms)
[RANK0] W @ 718.072509765625 (ms) to 733.82421875 (ms), cudaEventElapsed = 15.7194242477417 (ms)
[RANK0] F @ 734.044921875 (ms) to 762.71630859375 (ms), cudaEventElapsed = 28.638208389282227 (ms)
[RANK0] B @ 799.680419921875 (ms) to 833.938232421875 (ms), cudaEventElapsed = 34.21478271484375 (ms)
[RANK0] B @ 844.085693359375 (ms) to 877.530029296875 (ms), cudaEventElapsed = 33.409854888916016 (ms)
[RANK0] W @ 877.599365234375 (ms) to 893.458984375 (ms), cudaEventElapsed = 15.825920104980469 (ms)
[RANK0] F @ 893.673095703125 (ms) to 922.35400390625 (ms), cudaEventElapsed = 28.650495529174805 (ms)
[RANK0] W @ 922.550048828125 (ms) to 974.0029296875 (ms), cudaEventElapsed = 14.575615882873535 (ms)
[RANK0] W @ 974.055908203125 (ms) to 988.571044921875 (ms), cudaEventElapsed = 14.483455657958984 (ms)
[RANK0] W @ 988.77685546875 (ms) to 1006.6005859375 (ms), cudaEventElapsed = 17.795072555541992 (ms)
[RANK0] W @ 1006.644287109375 (ms) to 1026.9951171875 (ms), cudaEventElapsed = 20.324352264404297 (ms)
[RANK0] B @ 1027.176513671875 (ms) to 1067.19677734375 (ms), cudaEventElapsed = 39.988895416259766 (ms)
[RANK0] W @ 1067.410400390625 (ms) to 1090.00927734375 (ms), cudaEventElapsed = 18.344959259033203 (ms)
[RANK0] B @ 1090.174072265625 (ms) to 1127.7294921875 (ms), cudaEventElapsed = 37.527713775634766 (ms)
[RANK0] W @ 1127.788818359375 (ms) to 1145.411376953125 (ms), cudaEventElapsed = 17.59436798095703 (ms)
[RANK0] B @ 1181.307861328125 (ms) to 1215.477294921875 (ms), cudaEventElapsed = 34.13411331176758 (ms)
[RANK0] W @ 1215.5361328125 (ms) to 1231.12353515625 (ms), cudaEventElapsed = 15.558655738830566 (ms)
[RANK0] B @ 1281.3623046875 (ms) to 1314.480712890625 (ms), cudaEventElapsed = 33.08572769165039 (ms)
[RANK0] 1W @ 1314.5390625 (ms) to 1330.005615234375 (ms), cudaEventElapsed = 15.439871788024902 (ms)
[RANK0] Iteration 7
[RANK0] F @ 0.228515625 (ms) to 24.052978515625 (ms), cudaEventElapsed = 23.79363250732422 (ms)
[RANK0] F @ 24.30224609375 (ms) to 49.169921875 (ms), cudaEventElapsed = 24.822784423828125 (ms)
[RANK0] F @ 49.402099609375 (ms) to 75.68896484375 (ms), cudaEventElapsed = 26.242048263549805 (ms)
[RANK0] F @ 75.916015625 (ms) to 103.1162109375 (ms), cudaEventElapsed = 27.14726448059082 (ms)
[RANK0] F @ 103.351318359375 (ms) to 130.756103515625 (ms), cudaEventElapsed = 27.356159210205078 (ms)
[RANK0] F @ 130.9970703125 (ms) to 158.1826171875 (ms), cudaEventElapsed = 27.13804817199707 (ms)
[RANK0] F @ 158.40478515625 (ms) to 184.980712890625 (ms), cudaEventElapsed = 26.53900718688965 (ms)
[RANK0] F @ 185.230712890625 (ms) to 212.185302734375 (ms), cudaEventElapsed = 26.90764808654785 (ms)
[RANK0] F @ 212.43505859375 (ms) to 239.03076171875 (ms), cudaEventElapsed = 26.55027198791504 (ms)
[RANK0] F @ 239.281494140625 (ms) to 266.41796875 (ms), cudaEventElapsed = 27.091968536376953 (ms)
[RANK0] F @ 266.65380859375 (ms) to 293.44873046875 (ms), cudaEventElapsed = 26.754047393798828 (ms)
[RANK0] F @ 293.6767578125 (ms) to 320.373291015625 (ms), cudaEventElapsed = 26.661888122558594 (ms)
