[RANK1] Iteration 1
[RANK1] F @ 84.1640625 (ms) to 116.41845703125 (ms), cudaEventElapsed = 32.19852828979492 (ms)
[RANK1] F @ 167.44921875 (ms) to 199.085693359375 (ms), cudaEventElapsed = 31.575328826904297 (ms)
[RANK1] F @ 199.513671875 (ms) to 233.8349609375 (ms), cudaEventElapsed = 34.28636932373047 (ms)
[RANK1] F @ 234.146484375 (ms) to 511.9423828125 (ms), cudaEventElapsed = 277.7587585449219 (ms)
[RANK1] F @ 513.724365234375 (ms) to 550.094482421875 (ms), cudaEventElapsed = 36.334529876708984 (ms)
[RANK1] B @ 564.461669921875 (ms) to 606.031494140625 (ms), cudaEventElapsed = 41.52550506591797 (ms)
[RANK1] F @ 609.2470703125 (ms) to 642.602783203125 (ms), cudaEventElapsed = 33.321502685546875 (ms)
[RANK1] B @ 642.903564453125 (ms) to 687.421142578125 (ms), cudaEventElapsed = 44.48614501953125 (ms)
[RANK1] F @ 688.748046875 (ms) to 723.1259765625 (ms), cudaEventElapsed = 34.34409713745117 (ms)
[RANK1] B @ 723.435302734375 (ms) to 767.622314453125 (ms), cudaEventElapsed = 44.15577697753906 (ms)
[RANK1] F @ 767.947265625 (ms) to 802.481689453125 (ms), cudaEventElapsed = 34.50191879272461 (ms)
[RANK1] B @ 802.853759765625 (ms) to 847.020751953125 (ms), cudaEventElapsed = 44.134849548339844 (ms)
[RANK1] W @ 847.252197265625 (ms) to 869.130615234375 (ms), cudaEventElapsed = 21.841920852661133 (ms)
[RANK1] F @ 869.2548828125 (ms) to 903.896240234375 (ms), cudaEventElapsed = 34.61219024658203 (ms)
[RANK1] B @ 1059.07958984375 (ms) to 1099.097412109375 (ms), cudaEventElapsed = 39.972862243652344 (ms)
[RANK1] B @ 1137.30810546875 (ms) to 1176.56591796875 (ms), cudaEventElapsed = 39.21839904785156 (ms)
[RANK1] W @ 1176.711181640625 (ms) to 1195.93701171875 (ms), cudaEventElapsed = 19.195903778076172 (ms)
[RANK1] F @ 1196.176025390625 (ms) to 1230.70703125 (ms), cudaEventElapsed = 34.47836685180664 (ms)
[RANK1] B @ 1239.7783203125 (ms) to 1283.877197265625 (ms), cudaEventElapsed = 44.05708694458008 (ms)
[RANK1] B @ 1285.540771484375 (ms) to 1327.04541015625 (ms), cudaEventElapsed = 41.471073150634766 (ms)
[RANK1] W @ 1327.19921875 (ms) to 1347.31494140625 (ms), cudaEventElapsed = 20.08576011657715 (ms)
[RANK1] F @ 1347.561279296875 (ms) to 1382.123046875 (ms), cudaEventElapsed = 34.533790588378906 (ms)
[RANK1] B @ 1382.405517578125 (ms) to 1427.433837890625 (ms), cudaEventElapsed = 44.99420928955078 (ms)
[RANK1] W @ 1427.6552734375 (ms) to 1450.151611328125 (ms), cudaEventElapsed = 21.356544494628906 (ms)
[RANK1] F @ 1450.393310546875 (ms) to 1484.66552734375 (ms), cudaEventElapsed = 34.24233627319336 (ms)
[RANK1] B @ 1484.94921875 (ms) to 1529.438232421875 (ms), cudaEventElapsed = 44.45510482788086 (ms)
[RANK1] W @ 1529.572509765625 (ms) to 1551.099609375 (ms), cudaEventElapsed = 21.4968318939209 (ms)
[RANK1] W @ 1551.234130859375 (ms) to 1572.9560546875 (ms), cudaEventElapsed = 21.69548797607422 (ms)
[RANK1] B @ 1585.479736328125 (ms) to 1626.54296875 (ms), cudaEventElapsed = 41.032318115234375 (ms)
[RANK1] W @ 1626.6669921875 (ms) to 1646.611328125 (ms), cudaEventElapsed = 19.916799545288086 (ms)
[RANK1] W @ 1646.737548828125 (ms) to 1668.298828125 (ms), cudaEventElapsed = 21.533695220947266 (ms)
[RANK1] B @ 1671.095458984375 (ms) to 1713.395751953125 (ms), cudaEventElapsed = 42.26870346069336 (ms)
[RANK1] 4W @ 1713.537109375 (ms) to 1797.18359375 (ms), cudaEventElapsed = 83.6147232055664 (ms)
[RANK1] Iteration 2
[RANK1] F @ 29.90673828125 (ms) to 61.94140625 (ms), cudaEventElapsed = 31.997440338134766 (ms)
[RANK1] F @ 62.3583984375 (ms) to 96.734375 (ms), cudaEventElapsed = 34.34294509887695 (ms)
[RANK1] F @ 97.1318359375 (ms) to 134.675537109375 (ms), cudaEventElapsed = 37.51142501831055 (ms)
[RANK1] F @ 134.99609375 (ms) to 171.671142578125 (ms), cudaEventElapsed = 36.64303970336914 (ms)
[RANK1] F @ 173.63037109375 (ms) to 209.64990234375 (ms), cudaEventElapsed = 35.984703063964844 (ms)
[RANK1] B @ 226.189697265625 (ms) to 268.22412109375 (ms), cudaEventElapsed = 41.994720458984375 (ms)
[RANK1] F @ 268.583984375 (ms) to 302.052001953125 (ms), cudaEventElapsed = 33.43628692626953 (ms)
[RANK1] B @ 304.1962890625 (ms) to 348.10546875 (ms), cudaEventElapsed = 43.876033782958984 (ms)
[RANK1] F @ 349.56005859375 (ms) to 383.485595703125 (ms), cudaEventElapsed = 33.892704010009766 (ms)
[RANK1] B @ 384.0166015625 (ms) to 428.0166015625 (ms), cudaEventElapsed = 43.96771240234375 (ms)
[RANK1] F @ 428.3623046875 (ms) to 462.773193359375 (ms), cudaEventElapsed = 34.38035202026367 (ms)
[RANK1] B @ 463.649169921875 (ms) to 507.7509765625 (ms), cudaEventElapsed = 44.0689582824707 (ms)
[RANK1] W @ 507.998291015625 (ms) to 529.80712890625 (ms), cudaEventElapsed = 21.6760311126709 (ms)
[RANK1] F @ 529.96337890625 (ms) to 563.646484375 (ms), cudaEventElapsed = 33.65398406982422 (ms)
[RANK1] B @ 565.02001953125 (ms) to 610.52587890625 (ms), cudaEventElapsed = 45.4730224609375 (ms)
[RANK1] B @ 621.708740234375 (ms) to 662.673583984375 (ms), cudaEventElapsed = 40.929534912109375 (ms)
[RANK1] W @ 662.85400390625 (ms) to 682.713134765625 (ms), cudaEventElapsed = 19.82259178161621 (ms)
[RANK1] F @ 682.973388671875 (ms) to 717.312744140625 (ms), cudaEventElapsed = 34.31193542480469 (ms)
[RANK1] B @ 724.497802734375 (ms) to 769.288330078125 (ms), cudaEventElapsed = 44.757118225097656 (ms)
[RANK1] B @ 770.713134765625 (ms) to 812.3818359375 (ms), cudaEventElapsed = 41.63644790649414 (ms)
[RANK1] W @ 812.568603515625 (ms) to 832.6826171875 (ms), cudaEventElapsed = 20.08064079284668 (ms)
[RANK1] F @ 832.95458984375 (ms) to 867.469970703125 (ms), cudaEventElapsed = 34.48704147338867 (ms)
[RANK1] B @ 867.787353515625 (ms) to 913.543701171875 (ms), cudaEventElapsed = 45.72524642944336 (ms)
[RANK1] W @ 913.76513671875 (ms) to 937.211669921875 (ms), cudaEventElapsed = 22.28019142150879 (ms)
[RANK1] F @ 937.48876953125 (ms) to 972.354736328125 (ms), cudaEventElapsed = 34.83567810058594 (ms)
[RANK1] B @ 972.666748046875 (ms) to 1017.0087890625 (ms), cudaEventElapsed = 44.310462951660156 (ms)
[RANK1] W @ 1017.16845703125 (ms) to 1038.34228515625 (ms), cudaEventElapsed = 21.140480041503906 (ms)
[RANK1] W @ 1038.5185546875 (ms) to 1060.182861328125 (ms), cudaEventElapsed = 21.63609504699707 (ms)
[RANK1] B @ 1070.978271484375 (ms) to 1111.78662109375 (ms), cudaEventElapsed = 40.77590560913086 (ms)
[RANK1] W @ 1111.957763671875 (ms) to 1131.445556640625 (ms), cudaEventElapsed = 19.454975128173828 (ms)
[RANK1] W @ 1131.60302734375 (ms) to 1152.756103515625 (ms), cudaEventElapsed = 21.126144409179688 (ms)
[RANK1] B @ 1156.65185546875 (ms) to 1199.107177734375 (ms), cudaEventElapsed = 42.42399978637695 (ms)
[RANK1] 4W @ 1199.26904296875 (ms) to 1283.57373046875 (ms), cudaEventElapsed = 84.27212524414062 (ms)
[RANK1] Iteration 3
[RANK1] F @ 29.458740234375 (ms) to 61.57470703125 (ms), cudaEventElapsed = 32.08067321777344 (ms)
[RANK1] F @ 61.96484375 (ms) to 96.662841796875 (ms), cudaEventElapsed = 34.666656494140625 (ms)
[RANK1] F @ 97.04736328125 (ms) to 133.871337890625 (ms), cudaEventElapsed = 36.79257583618164 (ms)
[RANK1] F @ 134.2021484375 (ms) to 170.705078125 (ms), cudaEventElapsed = 36.47139358520508 (ms)
[RANK1] F @ 172.3974609375 (ms) to 208.67822265625 (ms), cudaEventElapsed = 36.2459831237793 (ms)
[RANK1] B @ 225.333740234375 (ms) to 267.329345703125 (ms), cudaEventElapsed = 41.95897674560547 (ms)
[RANK1] F @ 267.675048828125 (ms) to 300.9091796875 (ms), cudaEventElapsed = 33.20240020751953 (ms)
[RANK1] B @ 304.301025390625 (ms) to 347.79150390625 (ms), cudaEventElapsed = 43.45635223388672 (ms)
[RANK1] F @ 349.24560546875 (ms) to 382.895751953125 (ms), cudaEventElapsed = 33.617313385009766 (ms)
[RANK1] B @ 384.3232421875 (ms) to 428.142578125 (ms), cudaEventElapsed = 43.78579330444336 (ms)
[RANK1] F @ 428.49658203125 (ms) to 462.90234375 (ms), cudaEventElapsed = 34.375553131103516 (ms)
[RANK1] B @ 464.49755859375 (ms) to 508.455322265625 (ms), cudaEventElapsed = 43.922367095947266 (ms)
[RANK1] W @ 508.7080078125 (ms) to 530.356689453125 (ms), cudaEventElapsed = 21.51628875732422 (ms)
[RANK1] F @ 530.505615234375 (ms) to 564.4306640625 (ms), cudaEventElapsed = 33.895423889160156 (ms)
[RANK1] B @ 565.78515625 (ms) to 611.36279296875 (ms), cudaEventElapsed = 45.544288635253906 (ms)
[RANK1] B @ 621.9345703125 (ms) to 662.92724609375 (ms), cudaEventElapsed = 40.95916748046875 (ms)
[RANK1] W @ 663.095947265625 (ms) to 682.947265625 (ms), cudaEventElapsed = 19.817472457885742 (ms)
[RANK1] F @ 683.201171875 (ms) to 717.567626953125 (ms), cudaEventElapsed = 34.33776092529297 (ms)
[RANK1] B @ 724.033935546875 (ms) to 768.669921875 (ms), cudaEventElapsed = 44.60348892211914 (ms)
[RANK1] B @ 770.2939453125 (ms) to 811.712890625 (ms), cudaEventElapsed = 41.387935638427734 (ms)
[RANK1] W @ 811.875732421875 (ms) to 831.78173828125 (ms), cudaEventElapsed = 19.87174415588379 (ms)
[RANK1] F @ 832.02978515625 (ms) to 866.703857421875 (ms), cudaEventElapsed = 34.644832611083984 (ms)
[RANK1] B @ 866.995849609375 (ms) to 912.48486328125 (ms), cudaEventElapsed = 45.4475212097168 (ms)
[RANK1] W @ 912.711669921875 (ms) to 935.989501953125 (ms), cudaEventElapsed = 22.168575286865234 (ms)
[RANK1] F @ 936.250732421875 (ms) to 971.3388671875 (ms), cudaEventElapsed = 35.05859375 (ms)
[RANK1] B @ 971.6298828125 (ms) to 1016.138916015625 (ms), cudaEventElapsed = 44.4780158996582 (ms)
[RANK1] W @ 1016.294677734375 (ms) to 1037.526611328125 (ms), cudaEventElapsed = 21.199871063232422 (ms)
[RANK1] W @ 1037.68359375 (ms) to 1059.39013671875 (ms), cudaEventElapsed = 21.67910385131836 (ms)
[RANK1] B @ 1070.77001953125 (ms) to 1111.32080078125 (ms), cudaEventElapsed = 40.52009582519531 (ms)
[RANK1] W @ 1111.469970703125 (ms) to 1130.91845703125 (ms), cudaEventElapsed = 19.422208786010742 (ms)
[RANK1] W @ 1131.0751953125 (ms) to 1152.420166015625 (ms), cudaEventElapsed = 21.3176326751709 (ms)
[RANK1] B @ 1156.565673828125 (ms) to 1199.129638671875 (ms), cudaEventElapsed = 42.534976959228516 (ms)
[RANK1] 4W @ 1199.28564453125 (ms) to 1283.6630859375 (ms), cudaEventElapsed = 84.34381103515625 (ms)
[RANK1] Iteration 4
[RANK1] F @ 29.518310546875 (ms) to 61.605712890625 (ms), cudaEventElapsed = 32.05120086669922 (ms)
[RANK1] F @ 61.98876953125 (ms) to 96.626708984375 (ms), cudaEventElapsed = 34.6069450378418 (ms)
[RANK1] F @ 97.0087890625 (ms) to 134.189208984375 (ms), cudaEventElapsed = 37.14931106567383 (ms)
[RANK1] F @ 134.50537109375 (ms) to 171.176513671875 (ms), cudaEventElapsed = 36.63987350463867 (ms)
[RANK1] F @ 172.645751953125 (ms) to 208.93701171875 (ms), cudaEventElapsed = 36.258174896240234 (ms)
[RANK1] B @ 226.255859375 (ms) to 269.2333984375 (ms), cudaEventElapsed = 42.9403190612793 (ms)
[RANK1] F @ 269.59912109375 (ms) to 305.214111328125 (ms), cudaEventElapsed = 35.5838737487793 (ms)
[RANK1] B @ 307.44580078125 (ms) to 352.110595703125 (ms), cudaEventElapsed = 44.629886627197266 (ms)
[RANK1] F @ 353.58349609375 (ms) to 389.5 (ms), cudaEventElapsed = 35.880958557128906 (ms)
[RANK1] B @ 390.465576171875 (ms) to 435.890380859375 (ms), cudaEventElapsed = 45.39161682128906 (ms)
[RANK1] F @ 436.255615234375 (ms) to 472.599609375 (ms), cudaEventElapsed = 36.3105583190918 (ms)
[RANK1] B @ 474.265380859375 (ms) to 519.691162109375 (ms), cudaEventElapsed = 45.3922233581543 (ms)
[RANK1] W @ 519.934814453125 (ms) to 544.677490234375 (ms), cudaEventElapsed = 24.596479415893555 (ms)
[RANK1] F @ 544.835693359375 (ms) to 582.165283203125 (ms), cudaEventElapsed = 37.29974365234375 (ms)
[RANK1] B @ 583.5693359375 (ms) to 630.7080078125 (ms), cudaEventElapsed = 47.1063346862793 (ms)
[RANK1] B @ 639.538330078125 (ms) to 683.219970703125 (ms), cudaEventElapsed = 43.64704132080078 (ms)
[RANK1] W @ 683.40185546875 (ms) to 706.561279296875 (ms), cudaEventElapsed = 23.129087448120117 (ms)
[RANK1] F @ 706.821533203125 (ms) to 745.86572265625 (ms), cudaEventElapsed = 39.01510238647461 (ms)
[RANK1] B @ 750.0185546875 (ms) to 796.583984375 (ms), cudaEventElapsed = 46.52979278564453 (ms)
[RANK1] B @ 798.044189453125 (ms) to 842.344482421875 (ms), cudaEventElapsed = 44.2672004699707 (ms)
[RANK1] W @ 842.518798828125 (ms) to 866.464599609375 (ms), cudaEventElapsed = 23.90937614440918 (ms)
[RANK1] F @ 866.724609375 (ms) to 909.194580078125 (ms), cudaEventElapsed = 42.44121551513672 (ms)
[RANK1] B @ 909.50732421875 (ms) to 958.653076171875 (ms), cudaEventElapsed = 49.11433410644531 (ms)
[RANK1] W @ 958.872314453125 (ms) to 984.599365234375 (ms), cudaEventElapsed = 24.592384338378906 (ms)
[RANK1] F @ 984.861328125 (ms) to 1023.084716796875 (ms), cudaEventElapsed = 38.194175720214844 (ms)
[RANK1] B @ 1026.014404296875 (ms) to 1071.097412109375 (ms), cudaEventElapsed = 45.048831939697266 (ms)
[RANK1] W @ 1071.25146484375 (ms) to 1094.144775390625 (ms), cudaEventElapsed = 22.863872528076172 (ms)
[RANK1] W @ 1094.299072265625 (ms) to 1123.75634765625 (ms), cudaEventElapsed = 29.429759979248047 (ms)
[RANK1] B @ 1135.28271484375 (ms) to 1180.753662109375 (ms), cudaEventElapsed = 45.440608978271484 (ms)
[RANK1] W @ 1180.90576171875 (ms) to 1204.541259765625 (ms), cudaEventElapsed = 23.596031188964844 (ms)
[RANK1] W @ 1204.69580078125 (ms) to 1231.243408203125 (ms), cudaEventElapsed = 26.52057647705078 (ms)
[RANK1] B @ 1233.37451171875 (ms) to 1280.855712890625 (ms), cudaEventElapsed = 47.44598388671875 (ms)
[RANK1] 4W @ 1281.015380859375 (ms) to 1385.91943359375 (ms), cudaEventElapsed = 104.8647689819336 (ms)
[RANK1] Iteration 5
[RANK1] F @ 29.511474609375 (ms) to 61.59033203125 (ms), cudaEventElapsed = 32.04179382324219 (ms)
[RANK1] F @ 61.989013671875 (ms) to 96.49267578125 (ms), cudaEventElapsed = 34.47267150878906 (ms)
[RANK1] F @ 96.885498046875 (ms) to 133.570068359375 (ms), cudaEventElapsed = 36.652095794677734 (ms)
[RANK1] F @ 133.884765625 (ms) to 170.59814453125 (ms), cudaEventElapsed = 36.68239974975586 (ms)
[RANK1] F @ 172.14453125 (ms) to 208.533935546875 (ms), cudaEventElapsed = 36.35478210449219 (ms)
[RANK1] B @ 224.957763671875 (ms) to 267.517822265625 (ms), cudaEventElapsed = 42.52048110961914 (ms)
[RANK1] F @ 267.882568359375 (ms) to 303.40625 (ms), cudaEventElapsed = 35.492576599121094 (ms)
[RANK1] B @ 306.51953125 (ms) to 351.251953125 (ms), cudaEventElapsed = 44.68889617919922 (ms)
[RANK1] F @ 352.8232421875 (ms) to 388.860107421875 (ms), cudaEventElapsed = 36.0035514831543 (ms)
[RANK1] B @ 389.1767578125 (ms) to 434.738525390625 (ms), cudaEventElapsed = 45.5208625793457 (ms)
[RANK1] F @ 435.10009765625 (ms) to 471.934326171875 (ms), cudaEventElapsed = 36.802913665771484 (ms)
[RANK1] B @ 472.336669921875 (ms) to 517.901123046875 (ms), cudaEventElapsed = 45.53286361694336 (ms)
[RANK1] W @ 518.14306640625 (ms) to 542.87451171875 (ms), cudaEventElapsed = 24.583168029785156 (ms)
[RANK1] F @ 543.027099609375 (ms) to 580.954833984375 (ms), cudaEventElapsed = 37.898529052734375 (ms)
[RANK1] B @ 582.369140625 (ms) to 629.851806640625 (ms), cudaEventElapsed = 47.44905471801758 (ms)
[RANK1] B @ 636.6591796875 (ms) to 680.2216796875 (ms), cudaEventElapsed = 43.52259063720703 (ms)
[RANK1] W @ 680.398681640625 (ms) to 703.173583984375 (ms), cudaEventElapsed = 22.7379207611084 (ms)
[RANK1] F @ 703.442626953125 (ms) to 740.39697265625 (ms), cudaEventElapsed = 36.924800872802734 (ms)
[RANK1] B @ 747.51953125 (ms) to 793.35302734375 (ms), cudaEventElapsed = 45.799583435058594 (ms)
[RANK1] B @ 794.789794921875 (ms) to 838.987548828125 (ms), cudaEventElapsed = 44.166015625 (ms)
[RANK1] W @ 839.1533203125 (ms) to 862.8798828125 (ms), cudaEventElapsed = 23.68614387512207 (ms)
[RANK1] F @ 863.143310546875 (ms) to 902.72998046875 (ms), cudaEventElapsed = 39.550174713134766 (ms)
[RANK1] B @ 903.032470703125 (ms) to 952.581787109375 (ms), cudaEventElapsed = 49.516990661621094 (ms)
[RANK1] W @ 952.82275390625 (ms) to 979.49462890625 (ms), cudaEventElapsed = 25.53241539001465 (ms)
[RANK1] F @ 979.775146484375 (ms) to 1018.483154296875 (ms), cudaEventElapsed = 38.67718505859375 (ms)
[RANK1] B @ 1025.878173828125 (ms) to 1069.8330078125 (ms), cudaEventElapsed = 43.91932678222656 (ms)
[RANK1] W @ 1070.00537109375 (ms) to 1092.427734375 (ms), cudaEventElapsed = 22.387712478637695 (ms)
[RANK1] W @ 1092.596923828125 (ms) to 1121.471923828125 (ms), cudaEventElapsed = 28.846080780029297 (ms)
[RANK1] B @ 1135.904296875 (ms) to 1181.3076171875 (ms), cudaEventElapsed = 45.37091064453125 (ms)
[RANK1] W @ 1181.47412109375 (ms) to 1204.20556640625 (ms), cudaEventElapsed = 22.69491195678711 (ms)
[RANK1] W @ 1204.36767578125 (ms) to 1231.20458984375 (ms), cudaEventElapsed = 26.808319091796875 (ms)
[RANK1] B @ 1234.510009765625 (ms) to 1282.239013671875 (ms), cudaEventElapsed = 47.69731140136719 (ms)
[RANK1] 4W @ 1282.40234375 (ms) to 1386.89453125 (ms), cudaEventElapsed = 104.45823669433594 (ms)
[RANK1] Iteration 6
[RANK1] F @ 29.251708984375 (ms) to 61.345703125 (ms), cudaEventElapsed = 32.05696105957031 (ms)
[RANK1] F @ 61.751953125 (ms) to 96.820068359375 (ms), cudaEventElapsed = 35.036224365234375 (ms)
[RANK1] F @ 97.22802734375 (ms) to 134.494140625 (ms), cudaEventElapsed = 37.23388671875 (ms)
[RANK1] F @ 134.8203125 (ms) to 171.54833984375 (ms), cudaEventElapsed = 36.69798278808594 (ms)
[RANK1] F @ 173.177978515625 (ms) to 209.284423828125 (ms), cudaEventElapsed = 36.07270431518555 (ms)
[RANK1] B @ 227.27490234375 (ms) to 269.81689453125 (ms), cudaEventElapsed = 42.50495910644531 (ms)
[RANK1] F @ 270.17333984375 (ms) to 305.605224609375 (ms), cudaEventElapsed = 35.400543212890625 (ms)
[RANK1] B @ 309.107666015625 (ms) to 354.290283203125 (ms), cudaEventElapsed = 45.14790344238281 (ms)
[RANK1] F @ 355.776123046875 (ms) to 391.416015625 (ms), cudaEventElapsed = 35.607295989990234 (ms)
[RANK1] B @ 392.272705078125 (ms) to 436.987548828125 (ms), cudaEventElapsed = 44.68268966674805 (ms)
[RANK1] F @ 437.341796875 (ms) to 473.985107421875 (ms), cudaEventElapsed = 36.61203384399414 (ms)
[RANK1] B @ 474.4755859375 (ms) to 519.8701171875 (ms), cudaEventElapsed = 45.36227035522461 (ms)
[RANK1] W @ 520.11962890625 (ms) to 544.438720703125 (ms), cudaEventElapsed = 24.181760787963867 (ms)
[RANK1] F @ 544.597412109375 (ms) to 582.997314453125 (ms), cudaEventElapsed = 38.37004852294922 (ms)
[RANK1] B @ 584.391357421875 (ms) to 632.06201171875 (ms), cudaEventElapsed = 47.637184143066406 (ms)
[RANK1] B @ 639.443115234375 (ms) to 682.683837890625 (ms), cudaEventElapsed = 43.20579147338867 (ms)
[RANK1] W @ 682.84521484375 (ms) to 705.478759765625 (ms), cudaEventElapsed = 22.597631454467773 (ms)
[RANK1] F @ 705.745361328125 (ms) to 745.28564453125 (ms), cudaEventElapsed = 39.50921630859375 (ms)
[RANK1] B @ 749.953369140625 (ms) to 796.45654296875 (ms), cudaEventElapsed = 46.470367431640625 (ms)
[RANK1] B @ 797.89306640625 (ms) to 842.196044921875 (ms), cudaEventElapsed = 44.2716178894043 (ms)
[RANK1] W @ 842.356201171875 (ms) to 865.61572265625 (ms), cudaEventElapsed = 23.230464935302734 (ms)
[RANK1] F @ 865.871337890625 (ms) to 908.492919921875 (ms), cudaEventElapsed = 42.592769622802734 (ms)
[RANK1] B @ 908.79296875 (ms) to 957.535400390625 (ms), cudaEventElapsed = 48.71196746826172 (ms)
[RANK1] W @ 957.764892578125 (ms) to 983.098876953125 (ms), cudaEventElapsed = 24.180736541748047 (ms)
[RANK1] F @ 983.35546875 (ms) to 1022.895751953125 (ms), cudaEventElapsed = 39.51065444946289 (ms)
[RANK1] B @ 1023.756103515625 (ms) to 1069.7939453125 (ms), cudaEventElapsed = 46.00681686401367 (ms)
[RANK1] W @ 1069.950439453125 (ms) to 1094.274169921875 (ms), cudaEventElapsed = 24.293376922607422 (ms)
[RANK1] W @ 1094.432861328125 (ms) to 1123.267822265625 (ms), cudaEventElapsed = 28.80512046813965 (ms)
[RANK1] B @ 1133.42041015625 (ms) to 1179.43115234375 (ms), cudaEventElapsed = 45.980960845947266 (ms)
[RANK1] W @ 1179.581787109375 (ms) to 1202.552734375 (ms), cudaEventElapsed = 22.942720413208008 (ms)
[RANK1] W @ 1202.711669921875 (ms) to 1230.26953125 (ms), cudaEventElapsed = 27.53023910522461 (ms)
[RANK1] B @ 1231.8876953125 (ms) to 1279.51611328125 (ms), cudaEventElapsed = 47.598846435546875 (ms)
[RANK1] 4W @ 1279.675537109375 (ms) to 1385.35009765625 (ms), cudaEventElapsed = 105.64096069335938 (ms)
[RANK1] Iteration 7
[RANK1] F @ 26.47705078125 (ms) to 56.4267578125 (ms), cudaEventElapsed = 29.910079956054688 (ms)
[RANK1] F @ 56.843505859375 (ms) to 89.324951171875 (ms), cudaEventElapsed = 32.447967529296875 (ms)
[RANK1] F @ 89.72021484375 (ms) to 125.078857421875 (ms), cudaEventElapsed = 35.325313568115234 (ms)
[RANK1] F @ 125.4052734375 (ms) to 159.89892578125 (ms), cudaEventElapsed = 34.46099090576172 (ms)
[RANK1] F @ 161.688720703125 (ms) to 195.49951171875 (ms), cudaEventElapsed = 33.77427291870117 (ms)
[RANK1] F @ 195.92431640625 (ms) to 230.5751953125 (ms), cudaEventElapsed = 34.61955261230469 (ms)
[RANK1] F @ 230.969970703125 (ms) to 265.63720703125 (ms), cudaEventElapsed = 34.634910583496094 (ms)
[RANK1] F @ 265.963134765625 (ms) to 300.394287109375 (ms), cudaEventElapsed = 34.398399353027344 (ms)
[RANK1] F @ 302.325927734375 (ms) to 336.409912109375 (ms), cudaEventElapsed = 34.04966354370117 (ms)
[RANK1] F @ 338.114501953125 (ms) to 372.589111328125 (ms), cudaEventElapsed = 34.43503952026367 (ms)
[RANK1] F @ 374.34619140625 (ms) to 409.016845703125 (ms), cudaEventElapsed = 34.63663864135742 (ms)
[RANK1] F @ 410.6123046875 (ms) to 445.272216796875 (ms), cudaEventElapsed = 34.62371063232422 (ms)
