[RANK1] Iteration 1
[RANK1] F @ 533.064453125 (ms) to 686.594970703125 (ms), cudaEventElapsed = 153.48941040039062 (ms)
[RANK1] F @ 687.946044921875 (ms) to 720.984619140625 (ms), cudaEventElapsed = 33.01273727416992 (ms)
[RANK1] F @ 722.40283203125 (ms) to 758.216552734375 (ms), cudaEventElapsed = 35.789825439453125 (ms)
[RANK1] F @ 759.506103515625 (ms) to 795.70703125 (ms), cudaEventElapsed = 36.17689514160156 (ms)
[RANK1] F @ 796.998779296875 (ms) to 833.046875 (ms), cudaEventElapsed = 36.02329635620117 (ms)
[RANK1] B @ 1536.443115234375 (ms) to 1589.09326171875 (ms), cudaEventElapsed = 52.624385833740234 (ms)
[RANK1] F @ 1590.3671875 (ms) to 1622.661865234375 (ms), cudaEventElapsed = 32.26931381225586 (ms)
[RANK1] B @ 1624.23291015625 (ms) to 1667.99951171875 (ms), cudaEventElapsed = 43.74220657348633 (ms)
[RANK1] F @ 1669.22412109375 (ms) to 1702.3466796875 (ms), cudaEventElapsed = 33.09977722167969 (ms)
[RANK1] B @ 1703.78466796875 (ms) to 1747.6005859375 (ms), cudaEventElapsed = 43.791358947753906 (ms)
[RANK1] F @ 1748.990966796875 (ms) to 1781.97021484375 (ms), cudaEventElapsed = 32.95334243774414 (ms)
[RANK1] B @ 1783.378662109375 (ms) to 1826.8154296875 (ms), cudaEventElapsed = 43.412479400634766 (ms)
[RANK1] F @ 1828.089599609375 (ms) to 1860.98876953125 (ms), cudaEventElapsed = 32.8724479675293 (ms)
[RANK1] B @ 1862.572265625 (ms) to 1906.17138671875 (ms), cudaEventElapsed = 43.575294494628906 (ms)
[RANK1] F @ 1907.4306640625 (ms) to 1940.306396484375 (ms), cudaEventElapsed = 32.85299301147461 (ms)
[RANK1] B @ 1941.716064453125 (ms) to 1985.412109375 (ms), cudaEventElapsed = 43.67155075073242 (ms)
[RANK1] F @ 1986.865966796875 (ms) to 2019.93798828125 (ms), cudaEventElapsed = 33.04550552368164 (ms)
[RANK1] B @ 2021.271728515625 (ms) to 2065.51708984375 (ms), cudaEventElapsed = 44.223487854003906 (ms)
[RANK1] F @ 2066.79052734375 (ms) to 2100.01904296875 (ms), cudaEventElapsed = 33.20524978637695 (ms)
[RANK1] B @ 2101.355712890625 (ms) to 2145.92041015625 (ms), cudaEventElapsed = 44.54195022583008 (ms)
[RANK1] W @ 2146.697509765625 (ms) to 2167.834228515625 (ms), cudaEventElapsed = 21.112831115722656 (ms)
[RANK1] B @ 2171.585205078125 (ms) to 2213.7021484375 (ms), cudaEventElapsed = 42.09561538696289 (ms)
[RANK1] W @ 2214.46923828125 (ms) to 2234.599365234375 (ms), cudaEventElapsed = 20.108287811279297 (ms)
[RANK1] B @ 2250.962158203125 (ms) to 2291.115234375 (ms), cudaEventElapsed = 40.12953567504883 (ms)
[RANK1] W @ 2292.134033203125 (ms) to 2311.611083984375 (ms), cudaEventElapsed = 19.44985580444336 (ms)
[RANK1] B @ 2315.393798828125 (ms) to 2357.61767578125 (ms), cudaEventElapsed = 42.202110290527344 (ms)
[RANK1] W @ 2358.3896484375 (ms) to 2378.755126953125 (ms), cudaEventElapsed = 20.340736389160156 (ms)
[RANK1] B @ 2380.9375 (ms) to 2422.986328125 (ms), cudaEventElapsed = 42.02803039550781 (ms)
[RANK1] 8W @ 2424.401123046875 (ms) to 2594.89697265625 (ms), cudaEventElapsed = 170.47039794921875 (ms)
[RANK1] Iteration 2
[RANK1] F @ 32.08447265625 (ms) to 63.983154296875 (ms), cudaEventElapsed = 31.875072479248047 (ms)
[RANK1] F @ 65.30517578125 (ms) to 100.15576171875 (ms), cudaEventElapsed = 34.82624053955078 (ms)
[RANK1] F @ 101.516845703125 (ms) to 138.055419921875 (ms), cudaEventElapsed = 36.51481628417969 (ms)
[RANK1] F @ 139.381591796875 (ms) to 175.418701171875 (ms), cudaEventElapsed = 36.01203155517578 (ms)
[RANK1] F @ 176.75830078125 (ms) to 341.616943359375 (ms), cudaEventElapsed = 164.8363494873047 (ms)
[RANK1] B @ 343.41162109375 (ms) to 386.3232421875 (ms), cudaEventElapsed = 42.88819122314453 (ms)
[RANK1] F @ 387.99365234375 (ms) to 423.096923828125 (ms), cudaEventElapsed = 35.08019256591797 (ms)
[RANK1] B @ 425.093017578125 (ms) to 471.368408203125 (ms), cudaEventElapsed = 46.253055572509766 (ms)
[RANK1] F @ 472.654541015625 (ms) to 508.166259765625 (ms), cudaEventElapsed = 35.48876953125 (ms)
[RANK1] B @ 509.578369140625 (ms) to 555.212158203125 (ms), cudaEventElapsed = 45.61100769042969 (ms)
[RANK1] F @ 556.4443359375 (ms) to 591.663330078125 (ms), cudaEventElapsed = 35.19692611694336 (ms)
[RANK1] B @ 593.033935546875 (ms) to 638.690673828125 (ms), cudaEventElapsed = 45.63558578491211 (ms)
[RANK1] F @ 677.6240234375 (ms) to 709.153564453125 (ms), cudaEventElapsed = 31.507455825805664 (ms)
[RANK1] B @ 710.52978515625 (ms) to 754.677001953125 (ms), cudaEventElapsed = 44.1262092590332 (ms)
[RANK1] F @ 755.93505859375 (ms) to 791.378662109375 (ms), cudaEventElapsed = 35.418113708496094 (ms)
[RANK1] B @ 792.77197265625 (ms) to 838.60888671875 (ms), cudaEventElapsed = 45.80352020263672 (ms)
[RANK1] F @ 839.87646484375 (ms) to 875.21728515625 (ms), cudaEventElapsed = 35.316734313964844 (ms)
[RANK1] B @ 876.582275390625 (ms) to 921.95703125 (ms), cudaEventElapsed = 45.35091018676758 (ms)
[RANK1] F @ 923.210205078125 (ms) to 958.39794921875 (ms), cudaEventElapsed = 35.16313552856445 (ms)
[RANK1] B @ 959.7197265625 (ms) to 1005.017578125 (ms), cudaEventElapsed = 45.2751350402832 (ms)
[RANK1] W @ 1005.779052734375 (ms) to 1029.271484375 (ms), cudaEventElapsed = 23.456768035888672 (ms)
[RANK1] B @ 1031.887451171875 (ms) to 1078.963623046875 (ms), cudaEventElapsed = 47.054847717285156 (ms)
[RANK1] W @ 1079.73779296875 (ms) to 1103.659423828125 (ms), cudaEventElapsed = 23.89913558959961 (ms)
[RANK1] B @ 1115.9287109375 (ms) to 1160.922607421875 (ms), cudaEventElapsed = 44.97305679321289 (ms)
[RANK1] W @ 1161.675048828125 (ms) to 1184.158203125 (ms), cudaEventElapsed = 22.4583683013916 (ms)
[RANK1] B @ 1187.89501953125 (ms) to 1238.081298828125 (ms), cudaEventElapsed = 50.1657600402832 (ms)
[RANK1] W @ 1238.875 (ms) to 1263.639404296875 (ms), cudaEventElapsed = 24.73676872253418 (ms)
[RANK1] B @ 1264.419677734375 (ms) to 1311.4091796875 (ms), cudaEventElapsed = 46.96883010864258 (ms)
[RANK1] 8W @ 1313.2431640625 (ms) to 1525.6181640625 (ms), cudaEventElapsed = 212.347900390625 (ms)
[RANK1] Iteration 3
[RANK1] F @ 92.071044921875 (ms) to 123.41259765625 (ms), cudaEventElapsed = 31.316991806030273 (ms)
[RANK1] F @ 124.71728515625 (ms) to 157.561767578125 (ms), cudaEventElapsed = 32.82124710083008 (ms)
[RANK1] F @ 158.9990234375 (ms) to 194.55126953125 (ms), cudaEventElapsed = 35.52870559692383 (ms)
[RANK1] F @ 195.860595703125 (ms) to 232.368408203125 (ms), cudaEventElapsed = 36.48204803466797 (ms)
[RANK1] F @ 233.741943359375 (ms) to 269.73583984375 (ms), cudaEventElapsed = 35.97209548950195 (ms)
[RANK1] F @ 271.149658203125 (ms) to 306.8271484375 (ms), cudaEventElapsed = 35.65363311767578 (ms)
[RANK1] F @ 308.156005859375 (ms) to 343.764892578125 (ms), cudaEventElapsed = 35.5860481262207 (ms)
[RANK1] B @ 440.0498046875 (ms) to 481.012451171875 (ms), cudaEventElapsed = 40.92723083496094 (ms)
[RANK1] F @ 482.653564453125 (ms) to 516.311279296875 (ms), cudaEventElapsed = 33.63123321533203 (ms)
[RANK1] B @ 517.61669921875 (ms) to 563.207763671875 (ms), cudaEventElapsed = 45.56697463989258 (ms)
[RANK1] B @ 564.505615234375 (ms) to 608.8740234375 (ms), cudaEventElapsed = 44.34739303588867 (ms)
[RANK1] F @ 610.1767578125 (ms) to 645.03564453125 (ms), cudaEventElapsed = 34.83545684814453 (ms)
[RANK1] B @ 646.27685546875 (ms) to 690.92724609375 (ms), cudaEventElapsed = 44.627967834472656 (ms)
[RANK1] F @ 692.25048828125 (ms) to 727.310302734375 (ms), cudaEventElapsed = 35.03513717651367 (ms)
[RANK1] B @ 728.534912109375 (ms) to 773.977294921875 (ms), cudaEventElapsed = 45.4205436706543 (ms)
[RANK1] F @ 775.268310546875 (ms) to 810.53515625 (ms), cudaEventElapsed = 35.24607849121094 (ms)
[RANK1] B @ 811.75439453125 (ms) to 857.060791015625 (ms), cudaEventElapsed = 45.285377502441406 (ms)
[RANK1] F @ 858.343017578125 (ms) to 893.347412109375 (ms), cudaEventElapsed = 34.980865478515625 (ms)
[RANK1] B @ 894.679931640625 (ms) to 962.96142578125 (ms), cudaEventElapsed = 68.25881958007812 (ms)
[RANK1] B @ 964.2470703125 (ms) to 1007.86865234375 (ms), cudaEventElapsed = 43.59987258911133 (ms)
[RANK1] W @ 1008.90869140625 (ms) to 1031.95458984375 (ms), cudaEventElapsed = 23.021568298339844 (ms)
[RANK1] B @ 1032.882080078125 (ms) to 1080.394287109375 (ms), cudaEventElapsed = 47.49107360839844 (ms)
[RANK1] W @ 1081.0849609375 (ms) to 1105.091552734375 (ms), cudaEventElapsed = 23.980031967163086 (ms)
[RANK1] W @ 1105.49462890625 (ms) to 1130.8095703125 (ms), cudaEventElapsed = 25.28972816467285 (ms)
[RANK1] B @ 1131.587646484375 (ms) to 1179.07958984375 (ms), cudaEventElapsed = 47.471614837646484 (ms)
[RANK1] W @ 1179.756591796875 (ms) to 1203.729736328125 (ms), cudaEventElapsed = 23.95238494873047 (ms)
[RANK1] W @ 1203.9208984375 (ms) to 1229.310302734375 (ms), cudaEventElapsed = 25.366527557373047 (ms)
[RANK1] W @ 1229.750244140625 (ms) to 1256.931640625 (ms), cudaEventElapsed = 27.15135955810547 (ms)
[RANK1] B @ 1257.733642578125 (ms) to 1306.254638671875 (ms), cudaEventElapsed = 48.50175857543945 (ms)
[RANK1] W @ 1306.939453125 (ms) to 1333.172607421875 (ms), cudaEventElapsed = 26.211328506469727 (ms)
[RANK1] W @ 1333.462890625 (ms) to 1362.72265625 (ms), cudaEventElapsed = 29.237247467041016 (ms)
[RANK1] B @ 1363.478515625 (ms) to 1411.529296875 (ms), cudaEventElapsed = 48.03071975708008 (ms)
[RANK1] 4W @ 1413.049072265625 (ms) to 1518.58544921875 (ms), cudaEventElapsed = 105.50272369384766 (ms)
[RANK1] Iteration 4
[RANK1] F @ 91.10205078125 (ms) to 122.400634765625 (ms), cudaEventElapsed = 31.273984909057617 (ms)
[RANK1] F @ 123.72509765625 (ms) to 157.72607421875 (ms), cudaEventElapsed = 33.97734451293945 (ms)
[RANK1] F @ 159.156494140625 (ms) to 194.720458984375 (ms), cudaEventElapsed = 35.542015075683594 (ms)
[RANK1] F @ 196.037353515625 (ms) to 231.336669921875 (ms), cudaEventElapsed = 35.27475357055664 (ms)
[RANK1] F @ 232.707275390625 (ms) to 268.057373046875 (ms), cudaEventElapsed = 35.327999114990234 (ms)
[RANK1] F @ 269.4794921875 (ms) to 305.54833984375 (ms), cudaEventElapsed = 36.04787063598633 (ms)
[RANK1] F @ 306.87841796875 (ms) to 342.826416015625 (ms), cudaEventElapsed = 35.922943115234375 (ms)
[RANK1] B @ 440.152587890625 (ms) to 481.341796875 (ms), cudaEventElapsed = 41.162750244140625 (ms)
[RANK1] F @ 483.028076171875 (ms) to 517.591064453125 (ms), cudaEventElapsed = 34.537471771240234 (ms)
[RANK1] B @ 518.900390625 (ms) to 564.09619140625 (ms), cudaEventElapsed = 45.17375946044922 (ms)
[RANK1] B @ 565.360107421875 (ms) to 609.90478515625 (ms), cudaEventElapsed = 44.523521423339844 (ms)
[RANK1] F @ 611.1953125 (ms) to 646.173095703125 (ms), cudaEventElapsed = 34.95219039916992 (ms)
[RANK1] B @ 647.4287109375 (ms) to 692.595458984375 (ms), cudaEventElapsed = 45.14508819580078 (ms)
[RANK1] F @ 693.927978515625 (ms) to 728.863525390625 (ms), cudaEventElapsed = 34.911231994628906 (ms)
[RANK1] B @ 730.1181640625 (ms) to 775.208984375 (ms), cudaEventElapsed = 45.06828689575195 (ms)
[RANK1] F @ 776.520263671875 (ms) to 811.399658203125 (ms), cudaEventElapsed = 34.85798263549805 (ms)
[RANK1] B @ 812.65185546875 (ms) to 857.395751953125 (ms), cudaEventElapsed = 44.721153259277344 (ms)
[RANK1] F @ 858.731201171875 (ms) to 893.473876953125 (ms), cudaEventElapsed = 34.71769714355469 (ms)
[RANK1] B @ 894.81201171875 (ms) to 963.460693359375 (ms), cudaEventElapsed = 68.62438201904297 (ms)
[RANK1] B @ 965.246337890625 (ms) to 1008.286865234375 (ms), cudaEventElapsed = 43.019264221191406 (ms)
[RANK1] W @ 1009.37744140625 (ms) to 1032.351318359375 (ms), cudaEventElapsed = 22.948863983154297 (ms)
[RANK1] B @ 1033.888671875 (ms) to 1080.605712890625 (ms), cudaEventElapsed = 46.694400787353516 (ms)
[RANK1] W @ 1081.3154296875 (ms) to 1104.86865234375 (ms), cudaEventElapsed = 23.5284481048584 (ms)
[RANK1] W @ 1105.18310546875 (ms) to 1131.694091796875 (ms), cudaEventElapsed = 26.48371124267578 (ms)
[RANK1] B @ 1132.4609375 (ms) to 1179.854248046875 (ms), cudaEventElapsed = 47.37228775024414 (ms)
[RANK1] W @ 1180.552490234375 (ms) to 1204.16796875 (ms), cudaEventElapsed = 23.595008850097656 (ms)
[RANK1] W @ 1204.367919921875 (ms) to 1230.62158203125 (ms), cudaEventElapsed = 26.229759216308594 (ms)
[RANK1] W @ 1230.98974609375 (ms) to 1258.017822265625 (ms), cudaEventElapsed = 27.002880096435547 (ms)
[RANK1] B @ 1258.865478515625 (ms) to 1307.15185546875 (ms), cudaEventElapsed = 48.266239166259766 (ms)
[RANK1] W @ 1307.8203125 (ms) to 1335.39111328125 (ms), cudaEventElapsed = 27.54969596862793 (ms)
[RANK1] W @ 1335.67041015625 (ms) to 1364.367919921875 (ms), cudaEventElapsed = 28.675071716308594 (ms)
[RANK1] B @ 1365.159423828125 (ms) to 1413.61083984375 (ms), cudaEventElapsed = 48.43008041381836 (ms)
[RANK1] 4W @ 1415.156982421875 (ms) to 1520.3115234375 (ms), cudaEventElapsed = 105.12793731689453 (ms)
[RANK1] Iteration 5
[RANK1] F @ 92.72802734375 (ms) to 124.011474609375 (ms), cudaEventElapsed = 31.259647369384766 (ms)
[RANK1] F @ 125.350830078125 (ms) to 159.080078125 (ms), cudaEventElapsed = 33.704959869384766 (ms)
[RANK1] F @ 160.513916015625 (ms) to 196.674072265625 (ms), cudaEventElapsed = 36.14003372192383 (ms)
[RANK1] F @ 197.978271484375 (ms) to 234.054931640625 (ms), cudaEventElapsed = 36.05196762084961 (ms)
[RANK1] F @ 235.403076171875 (ms) to 271.22265625 (ms), cudaEventElapsed = 35.789825439453125 (ms)
[RANK1] F @ 272.611328125 (ms) to 308.46337890625 (ms), cudaEventElapsed = 35.82771301269531 (ms)
[RANK1] F @ 309.783935546875 (ms) to 345.603759765625 (ms), cudaEventElapsed = 35.79596710205078 (ms)
[RANK1] B @ 443.243896484375 (ms) to 484.338623046875 (ms), cudaEventElapsed = 41.06854248046875 (ms)
[RANK1] F @ 486.01025390625 (ms) to 519.9716796875 (ms), cudaEventElapsed = 33.932289123535156 (ms)
[RANK1] B @ 521.269287109375 (ms) to 567.0888671875 (ms), cudaEventElapsed = 45.79635238647461 (ms)
[RANK1] B @ 568.376708984375 (ms) to 612.998779296875 (ms), cudaEventElapsed = 44.60134506225586 (ms)
[RANK1] F @ 614.29931640625 (ms) to 648.85986328125 (ms), cudaEventElapsed = 34.537471771240234 (ms)
[RANK1] B @ 650.110595703125 (ms) to 695.21728515625 (ms), cudaEventElapsed = 45.08467102050781 (ms)
[RANK1] F @ 696.555908203125 (ms) to 731.51513671875 (ms), cudaEventElapsed = 34.934783935546875 (ms)
[RANK1] B @ 732.756591796875 (ms) to 777.47998046875 (ms), cudaEventElapsed = 44.702720642089844 (ms)
[RANK1] F @ 778.779296875 (ms) to 814.2578125 (ms), cudaEventElapsed = 35.45702362060547 (ms)
[RANK1] B @ 815.490234375 (ms) to 860.349853515625 (ms), cudaEventElapsed = 44.837886810302734 (ms)
[RANK1] F @ 861.651123046875 (ms) to 896.785400390625 (ms), cudaEventElapsed = 35.108863830566406 (ms)
[RANK1] B @ 898.11962890625 (ms) to 967.14013671875 (ms), cudaEventElapsed = 68.9981460571289 (ms)
[RANK1] B @ 968.994140625 (ms) to 1012.074951171875 (ms), cudaEventElapsed = 43.06022262573242 (ms)
[RANK1] W @ 1013.132080078125 (ms) to 1035.296142578125 (ms), cudaEventElapsed = 22.137855529785156 (ms)
[RANK1] B @ 1036.58251953125 (ms) to 1083.267578125 (ms), cudaEventElapsed = 46.660606384277344 (ms)
[RANK1] W @ 1083.991943359375 (ms) to 1107.896484375 (ms), cudaEventElapsed = 23.879680633544922 (ms)
[RANK1] W @ 1108.23046875 (ms) to 1134.239501953125 (ms), cudaEventElapsed = 25.983999252319336 (ms)
[RANK1] B @ 1135.043701171875 (ms) to 1182.456787109375 (ms), cudaEventElapsed = 47.39174270629883 (ms)
[RANK1] W @ 1183.1708984375 (ms) to 1206.947021484375 (ms), cudaEventElapsed = 23.75372886657715 (ms)
[RANK1] W @ 1207.149169921875 (ms) to 1233.260986328125 (ms), cudaEventElapsed = 26.08742332458496 (ms)
[RANK1] W @ 1233.71484375 (ms) to 1260.404052734375 (ms), cudaEventElapsed = 26.656768798828125 (ms)
[RANK1] B @ 1261.23486328125 (ms) to 1310.49267578125 (ms), cudaEventElapsed = 49.23699188232422 (ms)
[RANK1] W @ 1311.19140625 (ms) to 1339.060546875 (ms), cudaEventElapsed = 27.844608306884766 (ms)
[RANK1] W @ 1339.3955078125 (ms) to 1367.778076171875 (ms), cudaEventElapsed = 28.35763168334961 (ms)
[RANK1] B @ 1368.573486328125 (ms) to 1416.51025390625 (ms), cudaEventElapsed = 47.915008544921875 (ms)
[RANK1] 4W @ 1418.076171875 (ms) to 1524.949462890625 (ms), cudaEventElapsed = 106.84620666503906 (ms)
[RANK1] Iteration 6
[RANK1] F @ 92.082275390625 (ms) to 123.30712890625 (ms), cudaEventElapsed = 31.20025634765625 (ms)
[RANK1] F @ 124.61669921875 (ms) to 158.512939453125 (ms), cudaEventElapsed = 33.872894287109375 (ms)
[RANK1] F @ 159.929443359375 (ms) to 196.263916015625 (ms), cudaEventElapsed = 36.311038970947266 (ms)
[RANK1] F @ 197.59814453125 (ms) to 233.66796875 (ms), cudaEventElapsed = 36.04275131225586 (ms)
[RANK1] F @ 235.025634765625 (ms) to 270.66943359375 (ms), cudaEventElapsed = 35.62086486816406 (ms)
[RANK1] F @ 272.07861328125 (ms) to 308.013916015625 (ms), cudaEventElapsed = 35.9106559753418 (ms)
[RANK1] F @ 309.339111328125 (ms) to 345.592041015625 (ms), cudaEventElapsed = 36.227073669433594 (ms)
[RANK1] B @ 441.379638671875 (ms) to 482.540283203125 (ms), cudaEventElapsed = 41.133056640625 (ms)
[RANK1] F @ 484.222412109375 (ms) to 518.08837890625 (ms), cudaEventElapsed = 33.83910369873047 (ms)
[RANK1] B @ 519.422119140625 (ms) to 564.5419921875 (ms), cudaEventElapsed = 45.0959358215332 (ms)
[RANK1] B @ 565.847412109375 (ms) to 610.52001953125 (ms), cudaEventElapsed = 44.651519775390625 (ms)
[RANK1] F @ 611.8056640625 (ms) to 646.57861328125 (ms), cudaEventElapsed = 34.74739074707031 (ms)
[RANK1] B @ 647.835205078125 (ms) to 693.393798828125 (ms), cudaEventElapsed = 45.53420639038086 (ms)
[RANK1] F @ 694.71875 (ms) to 730.180908203125 (ms), cudaEventElapsed = 35.43859100341797 (ms)
[RANK1] B @ 731.43115234375 (ms) to 776.970458984375 (ms), cudaEventElapsed = 45.517822265625 (ms)
[RANK1] F @ 778.302978515625 (ms) to 813.617431640625 (ms), cudaEventElapsed = 35.29216003417969 (ms)
[RANK1] B @ 814.85498046875 (ms) to 859.842529296875 (ms), cudaEventElapsed = 44.96486282348633 (ms)
[RANK1] F @ 861.178466796875 (ms) to 896.146728515625 (ms), cudaEventElapsed = 34.94297790527344 (ms)
[RANK1] B @ 897.501953125 (ms) to 966.132568359375 (ms), cudaEventElapsed = 68.60800170898438 (ms)
[RANK1] B @ 967.926025390625 (ms) to 1010.8896484375 (ms), cudaEventElapsed = 42.94144058227539 (ms)
[RANK1] W @ 1012.025634765625 (ms) to 1034.873046875 (ms), cudaEventElapsed = 22.817792892456055 (ms)
[RANK1] B @ 1036.583984375 (ms) to 1083.347900390625 (ms), cudaEventElapsed = 46.740478515625 (ms)
[RANK1] W @ 1084.07275390625 (ms) to 1107.632080078125 (ms), cudaEventElapsed = 23.534591674804688 (ms)
[RANK1] W @ 1107.978515625 (ms) to 1134.231689453125 (ms), cudaEventElapsed = 26.229759216308594 (ms)
[RANK1] B @ 1135.02099609375 (ms) to 1182.531005859375 (ms), cudaEventElapsed = 47.4890251159668 (ms)
[RANK1] W @ 1183.228271484375 (ms) to 1206.609375 (ms), cudaEventElapsed = 23.359487533569336 (ms)
[RANK1] W @ 1206.81103515625 (ms) to 1232.8408203125 (ms), cudaEventElapsed = 25.999359130859375 (ms)
[RANK1] W @ 1233.20751953125 (ms) to 1260.12060546875 (ms), cudaEventElapsed = 26.88921546936035 (ms)
[RANK1] B @ 1260.91162109375 (ms) to 1309.43359375 (ms), cudaEventElapsed = 48.50175857543945 (ms)
[RANK1] W @ 1310.12158203125 (ms) to 1337.68310546875 (ms), cudaEventElapsed = 27.53740882873535 (ms)
[RANK1] W @ 1337.9951171875 (ms) to 1366.368896484375 (ms), cudaEventElapsed = 28.34841537475586 (ms)
[RANK1] B @ 1367.147705078125 (ms) to 1415.66015625 (ms), cudaEventElapsed = 48.49049758911133 (ms)
[RANK1] 4W @ 1417.271240234375 (ms) to 1522.94580078125 (ms), cudaEventElapsed = 105.64710235595703 (ms)
[RANK1] Iteration 7
[RANK1] F @ 92.655029296875 (ms) to 124.055908203125 (ms), cudaEventElapsed = 31.3753604888916 (ms)
[RANK1] F @ 125.4287109375 (ms) to 159.45703125 (ms), cudaEventElapsed = 34.0049934387207 (ms)
[RANK1] F @ 160.9228515625 (ms) to 198.09814453125 (ms), cudaEventElapsed = 37.1517448425293 (ms)
[RANK1] F @ 199.431396484375 (ms) to 235.859375 (ms), cudaEventElapsed = 36.40217590332031 (ms)
[RANK1] F @ 237.208984375 (ms) to 273.095703125 (ms), cudaEventElapsed = 35.86252975463867 (ms)
[RANK1] F @ 274.525390625 (ms) to 310.109130859375 (ms), cudaEventElapsed = 35.560447692871094 (ms)
[RANK1] F @ 311.43212890625 (ms) to 347.08642578125 (ms), cudaEventElapsed = 35.631103515625 (ms)
[RANK1] B @ 444.85400390625 (ms) to 485.9443359375 (ms), cudaEventElapsed = 41.06342315673828 (ms)
[RANK1] F @ 487.59326171875 (ms) to 521.63134765625 (ms), cudaEventElapsed = 34.01216125488281 (ms)
[RANK1] B @ 522.93115234375 (ms) to 568.889892578125 (ms), cudaEventElapsed = 45.93561553955078 (ms)
[RANK1] B @ 570.146240234375 (ms) to 614.574951171875 (ms), cudaEventElapsed = 44.407806396484375 (ms)
[RANK1] F @ 615.837158203125 (ms) to 650.338623046875 (ms), cudaEventElapsed = 34.47808074951172 (ms)
[RANK1] B @ 651.5859375 (ms) to 696.64794921875 (ms), cudaEventElapsed = 45.04064178466797 (ms)
[RANK1] F @ 697.942626953125 (ms) to 733.15576171875 (ms), cudaEventElapsed = 35.18975830078125 (ms)
[RANK1] B @ 734.39306640625 (ms) to 779.40771484375 (ms), cudaEventElapsed = 44.99251174926758 (ms)
[RANK1] F @ 780.7197265625 (ms) to 816.0048828125 (ms), cudaEventElapsed = 35.26348876953125 (ms)
[RANK1] B @ 817.21630859375 (ms) to 862.41064453125 (ms), cudaEventElapsed = 45.17273712158203 (ms)
[RANK1] F @ 863.70751953125 (ms) to 899.0009765625 (ms), cudaEventElapsed = 35.269630432128906 (ms)
[RANK1] B @ 900.340087890625 (ms) to 969.00244140625 (ms), cudaEventElapsed = 68.6397476196289 (ms)
[RANK1] B @ 970.91455078125 (ms) to 1013.91259765625 (ms), cudaEventElapsed = 42.97727966308594 (ms)
[RANK1] W @ 1014.966064453125 (ms) to 1036.880615234375 (ms), cudaEventElapsed = 21.88697624206543 (ms)
[RANK1] B @ 1038.522216796875 (ms) to 1086.00439453125 (ms), cudaEventElapsed = 47.459327697753906 (ms)
[RANK1] W @ 1086.71142578125 (ms) to 1111.034912109375 (ms), cudaEventElapsed = 24.29952049255371 (ms)
[RANK1] W @ 1111.3564453125 (ms) to 1136.989013671875 (ms), cudaEventElapsed = 25.609216690063477 (ms)
[RANK1] B @ 1137.75341796875 (ms) to 1185.3984375 (ms), cudaEventElapsed = 47.62521743774414 (ms)
[RANK1] W @ 1186.086181640625 (ms) to 1210.489501953125 (ms), cudaEventElapsed = 24.382463455200195 (ms)
[RANK1] W @ 1210.68603515625 (ms) to 1236.44580078125 (ms), cudaEventElapsed = 25.73619270324707 (ms)
[RANK1] W @ 1236.755615234375 (ms) to 1263.249267578125 (ms), cudaEventElapsed = 26.469375610351562 (ms)
[RANK1] B @ 1264.015869140625 (ms) to 1312.749755859375 (ms), cudaEventElapsed = 48.712703704833984 (ms)
[RANK1] W @ 1313.420654296875 (ms) to 1340.4853515625 (ms), cudaEventElapsed = 27.040767669677734 (ms)
[RANK1] W @ 1340.79296875 (ms) to 1369.152587890625 (ms), cudaEventElapsed = 28.33510398864746 (ms)
[RANK1] B @ 1369.923583984375 (ms) to 1417.770263671875 (ms), cudaEventElapsed = 47.82592010498047 (ms)
[RANK1] 4W @ 1419.274169921875 (ms) to 1525.573486328125 (ms), cudaEventElapsed = 106.27378845214844 (ms)
[RANK1] Iteration 8
[RANK1] F @ 92.069580078125 (ms) to 123.426025390625 (ms), cudaEventElapsed = 31.334400177001953 (ms)
[RANK1] F @ 124.71240234375 (ms) to 159.154052734375 (ms), cudaEventElapsed = 34.4186897277832 (ms)
[RANK1] F @ 160.54296875 (ms) to 196.745361328125 (ms), cudaEventElapsed = 36.1789436340332 (ms)
[RANK1] F @ 198.055419921875 (ms) to 233.920654296875 (ms), cudaEventElapsed = 35.84204864501953 (ms)
[RANK1] F @ 235.254638671875 (ms) to 270.886474609375 (ms), cudaEventElapsed = 35.60960006713867 (ms)
[RANK1] F @ 272.28173828125 (ms) to 308.53369140625 (ms), cudaEventElapsed = 36.22911834716797 (ms)
[RANK1] F @ 309.82177734375 (ms) to 345.87353515625 (ms), cudaEventElapsed = 36.02739334106445 (ms)
[RANK1] B @ 441.510498046875 (ms) to 482.63916015625 (ms), cudaEventElapsed = 41.10335922241211 (ms)
[RANK1] F @ 484.28564453125 (ms) to 518.315673828125 (ms), cudaEventElapsed = 34.00089645385742 (ms)
[RANK1] B @ 519.6240234375 (ms) to 565.028076171875 (ms), cudaEventElapsed = 45.37855911254883 (ms)
[RANK1] B @ 566.3046875 (ms) to 611.139404296875 (ms), cudaEventElapsed = 44.812286376953125 (ms)
[RANK1] F @ 612.4248046875 (ms) to 647.2822265625 (ms), cudaEventElapsed = 34.83340835571289 (ms)
[RANK1] B @ 648.514892578125 (ms) to 694.329833984375 (ms), cudaEventElapsed = 45.79328155517578 (ms)
[RANK1] F @ 695.63720703125 (ms) to 730.844970703125 (ms), cudaEventElapsed = 35.183616638183594 (ms)
[RANK1] B @ 732.080810546875 (ms) to 777.450927734375 (ms), cudaEventElapsed = 45.34783935546875 (ms)
[RANK1] F @ 778.73974609375 (ms) to 814.0166015625 (ms), cudaEventElapsed = 35.25222396850586 (ms)
[RANK1] B @ 815.25048828125 (ms) to 892.21728515625 (ms), cudaEventElapsed = 76.9454116821289 (ms)
[RANK1] F @ 894.424560546875 (ms) to 926.827392578125 (ms), cudaEventElapsed = 32.379905700683594 (ms)
[RANK1] B @ 928.57177734375 (ms) to 974.315185546875 (ms), cudaEventElapsed = 45.720577239990234 (ms)
[RANK1] B @ 976.252685546875 (ms) to 1021.152099609375 (ms), cudaEventElapsed = 44.876800537109375 (ms)
[RANK1] W @ 1022.235107421875 (ms) to 1044.381103515625 (ms), cudaEventElapsed = 22.120447158813477 (ms)
[RANK1] B @ 1045.1640625 (ms) to 1092.1650390625 (ms), cudaEventElapsed = 46.97907257080078 (ms)
[RANK1] W @ 1092.846435546875 (ms) to 1117.4521484375 (ms), cudaEventElapsed = 24.581119537353516 (ms)
[RANK1] W @ 1117.732421875 (ms) to 1143.702392578125 (ms), cudaEventElapsed = 25.94816017150879 (ms)
[RANK1] B @ 1144.471923828125 (ms) to 1192.32080078125 (ms), cudaEventElapsed = 47.82796859741211 (ms)
[RANK1] W @ 1192.98779296875 (ms) to 1217.485107421875 (ms), cudaEventElapsed = 24.47667121887207 (ms)
[RANK1] W @ 1217.65966796875 (ms) to 1243.74267578125 (ms), cudaEventElapsed = 26.061824798583984 (ms)
[RANK1] W @ 1244.0146484375 (ms) to 1271.362548828125 (ms), cudaEventElapsed = 27.32646369934082 (ms)
[RANK1] B @ 1272.12548828125 (ms) to 1320.932861328125 (ms), cudaEventElapsed = 48.78643035888672 (ms)
[RANK1] W @ 1321.632568359375 (ms) to 1347.155517578125 (ms), cudaEventElapsed = 25.50067138671875 (ms)
[RANK1] W @ 1347.443115234375 (ms) to 1374.690673828125 (ms), cudaEventElapsed = 27.226112365722656 (ms)
[RANK1] B @ 1375.484130859375 (ms) to 1422.9404296875 (ms), cudaEventElapsed = 47.43475341796875 (ms)
[RANK1] 4W @ 1424.4619140625 (ms) to 1530.293701171875 (ms), cudaEventElapsed = 105.80684661865234 (ms)
[RANK1] Iteration 9
[RANK1] F @ 91.680908203125 (ms) to 123.58203125 (ms), cudaEventElapsed = 31.878143310546875 (ms)
[RANK1] F @ 124.8681640625 (ms) to 158.4736328125 (ms), cudaEventElapsed = 33.58208084106445 (ms)
[RANK1] F @ 159.88134765625 (ms) to 196.46728515625 (ms), cudaEventElapsed = 36.56294250488281 (ms)
[RANK1] F @ 197.77783203125 (ms) to 234.072509765625 (ms), cudaEventElapsed = 36.27110290527344 (ms)
[RANK1] F @ 235.383544921875 (ms) to 271.065185546875 (ms), cudaEventElapsed = 35.6577262878418 (ms)
[RANK1] F @ 272.45556640625 (ms) to 307.963623046875 (ms), cudaEventElapsed = 35.48467254638672 (ms)
[RANK1] F @ 309.278564453125 (ms) to 345.21142578125 (ms), cudaEventElapsed = 35.90963363647461 (ms)
[RANK1] B @ 443.8291015625 (ms) to 484.845458984375 (ms), cudaEventElapsed = 40.990718841552734 (ms)
[RANK1] F @ 486.463623046875 (ms) to 520.3359375 (ms), cudaEventElapsed = 33.84422302246094 (ms)
[RANK1] B @ 521.634521484375 (ms) to 567.18408203125 (ms), cudaEventElapsed = 45.524993896484375 (ms)
[RANK1] B @ 568.452392578125 (ms) to 613.02099609375 (ms), cudaEventElapsed = 44.54707336425781 (ms)
[RANK1] F @ 614.2861328125 (ms) to 648.978515625 (ms), cudaEventElapsed = 34.66854476928711 (ms)
[RANK1] B @ 650.218017578125 (ms) to 695.185302734375 (ms), cudaEventElapsed = 44.94540786743164 (ms)
[RANK1] F @ 696.487548828125 (ms) to 731.86376953125 (ms), cudaEventElapsed = 35.353599548339844 (ms)
[RANK1] B @ 733.099853515625 (ms) to 778.1875 (ms), cudaEventElapsed = 45.06623840332031 (ms)
[RANK1] F @ 779.45947265625 (ms) to 814.764404296875 (ms), cudaEventElapsed = 35.2808952331543 (ms)
[RANK1] B @ 815.994384765625 (ms) to 899.209716796875 (ms), cudaEventElapsed = 83.19283294677734 (ms)
[RANK1] F @ 900.896728515625 (ms) to 933.41796875 (ms), cudaEventElapsed = 32.496639251708984 (ms)
[RANK1] B @ 935.072265625 (ms) to 979.968994140625 (ms), cudaEventElapsed = 44.872703552246094 (ms)
[RANK1] B @ 981.736083984375 (ms) to 1026.5791015625 (ms), cudaEventElapsed = 44.819454193115234 (ms)
[RANK1] W @ 1027.682861328125 (ms) to 1051.02880859375 (ms), cudaEventElapsed = 23.32159996032715 (ms)
[RANK1] B @ 1051.801513671875 (ms) to 1097.904296875 (ms), cudaEventElapsed = 46.081024169921875 (ms)
[RANK1] W @ 1098.592529296875 (ms) to 1122.261962890625 (ms), cudaEventElapsed = 23.645183563232422 (ms)
[RANK1] W @ 1122.586181640625 (ms) to 1149.032958984375 (ms), cudaEventElapsed = 26.421247482299805 (ms)
[RANK1] B @ 1149.8173828125 (ms) to 1197.30810546875 (ms), cudaEventElapsed = 47.4705924987793 (ms)
[RANK1] W @ 1197.988525390625 (ms) to 1221.912109375 (ms), cudaEventElapsed = 23.90118408203125 (ms)
[RANK1] W @ 1222.09716796875 (ms) to 1248.63818359375 (ms), cudaEventElapsed = 26.51750373840332 (ms)
[RANK1] W @ 1248.91650390625 (ms) to 1276.249267578125 (ms), cudaEventElapsed = 27.31007957458496 (ms)
[RANK1] B @ 1277.01318359375 (ms) to 1326.63818359375 (ms), cudaEventElapsed = 49.60358428955078 (ms)
[RANK1] W @ 1327.358642578125 (ms) to 1353.232177734375 (ms), cudaEventElapsed = 25.849855422973633 (ms)
[RANK1] W @ 1353.51953125 (ms) to 1379.541259765625 (ms), cudaEventElapsed = 25.997312545776367 (ms)
[RANK1] B @ 1380.315185546875 (ms) to 1428.10205078125 (ms), cudaEventElapsed = 47.7655029296875 (ms)
[RANK1] 4W @ 1429.64697265625 (ms) to 1534.639892578125 (ms), cudaEventElapsed = 104.96614074707031 (ms)
