[RANK2] Iteration 1
[RANK2] F @ 173.931640625 (ms) to 206.01513671875 (ms), cudaEventElapsed = 32.0299186706543 (ms)
[RANK2] F @ 257.64404296875 (ms) to 289.305908203125 (ms), cudaEventElapsed = 31.607807159423828 (ms)
[RANK2] F @ 290.926025390625 (ms) to 325.189453125 (ms), cudaEventElapsed = 34.221473693847656 (ms)
[RANK2] B @ 515.588623046875 (ms) to 555.579345703125 (ms), cudaEventElapsed = 39.935264587402344 (ms)
[RANK2] F @ 560.55419921875 (ms) to 593.38818359375 (ms), cudaEventElapsed = 32.695167541503906 (ms)
[RANK2] B @ 593.697509765625 (ms) to 638.494140625 (ms), cudaEventElapsed = 44.762046813964844 (ms)
[RANK2] F @ 639.809814453125 (ms) to 673.624755859375 (ms), cudaEventElapsed = 33.779422760009766 (ms)
[RANK2] B @ 673.9345703125 (ms) to 718.890380859375 (ms), cudaEventElapsed = 44.924190521240234 (ms)
[RANK2] F @ 720.429931640625 (ms) to 754.520751953125 (ms), cudaEventElapsed = 34.05702209472656 (ms)
[RANK2] B @ 754.81982421875 (ms) to 799.556640625 (ms), cudaEventElapsed = 44.70070266723633 (ms)
[RANK2] F @ 801.111328125 (ms) to 834.718994140625 (ms), cudaEventElapsed = 33.57401657104492 (ms)
[RANK2] B @ 835.015380859375 (ms) to 1055.521728515625 (ms), cudaEventElapsed = 220.4673309326172 (ms)
[RANK2] F @ 1055.874755859375 (ms) to 1089.36865234375 (ms), cudaEventElapsed = 33.461185455322266 (ms)
[RANK2] B @ 1089.76123046875 (ms) to 1134.96875 (ms), cudaEventElapsed = 45.17007827758789 (ms)
[RANK2] W @ 1135.203125 (ms) to 1156.356201171875 (ms), cudaEventElapsed = 21.116928100585938 (ms)
[RANK2] F @ 1156.488037109375 (ms) to 1190.33935546875 (ms), cudaEventElapsed = 33.822654724121094 (ms)
[RANK2] B @ 1191.731201171875 (ms) to 1236.196044921875 (ms), cudaEventElapsed = 44.428192138671875 (ms)
[RANK2] B @ 1237.5224609375 (ms) to 1279.75341796875 (ms), cudaEventElapsed = 42.19955062866211 (ms)
[RANK2] W @ 1279.89697265625 (ms) to 1299.87353515625 (ms), cudaEventElapsed = 19.944448471069336 (ms)
[RANK2] F @ 1300.113525390625 (ms) to 1334.21484375 (ms), cudaEventElapsed = 34.069793701171875 (ms)
[RANK2] B @ 1334.49169921875 (ms) to 1379.752197265625 (ms), cudaEventElapsed = 45.22108840942383 (ms)
[RANK2] W @ 1379.969482421875 (ms) to 1402.342529296875 (ms), cudaEventElapsed = 21.378047943115234 (ms)
[RANK2] F @ 1402.6181640625 (ms) to 1436.328857421875 (ms), cudaEventElapsed = 33.67967987060547 (ms)
[RANK2] B @ 1436.622314453125 (ms) to 1481.60498046875 (ms), cudaEventElapsed = 44.95017623901367 (ms)
[RANK2] W @ 1481.813720703125 (ms) to 1504.290771484375 (ms), cudaEventElapsed = 21.47123146057129 (ms)
[RANK2] F @ 1504.55908203125 (ms) to 1538.232177734375 (ms), cudaEventElapsed = 33.64255905151367 (ms)
[RANK2] B @ 1538.516357421875 (ms) to 1583.19970703125 (ms), cudaEventElapsed = 44.65187072753906 (ms)
[RANK2] W @ 1583.3349609375 (ms) to 1604.689453125 (ms), cudaEventElapsed = 21.322751998901367 (ms)
[RANK2] W @ 1604.831298828125 (ms) to 1626.13330078125 (ms), cudaEventElapsed = 21.27257537841797 (ms)
[RANK2] B @ 1626.28564453125 (ms) to 1668.84765625 (ms), cudaEventElapsed = 42.529727935791016 (ms)
[RANK2] 6W @ 1669.03759765625 (ms) to 1796.29833984375 (ms), cudaEventElapsed = 127.2258529663086 (ms)
[RANK2] Iteration 2
[RANK2] F @ 64.708740234375 (ms) to 97.053955078125 (ms), cudaEventElapsed = 32.30080032348633 (ms)
[RANK2] F @ 99.61474609375 (ms) to 133.4765625 (ms), cudaEventElapsed = 33.818817138671875 (ms)
[RANK2] F @ 137.19677734375 (ms) to 174.2978515625 (ms), cudaEventElapsed = 37.05231857299805 (ms)
[RANK2] B @ 178.898681640625 (ms) to 223.753662109375 (ms), cudaEventElapsed = 44.80771255493164 (ms)
[RANK2] F @ 224.191650390625 (ms) to 257.578369140625 (ms), cudaEventElapsed = 33.35014343261719 (ms)
[RANK2] B @ 257.956787109375 (ms) to 301.8701171875 (ms), cudaEventElapsed = 43.87945556640625 (ms)
[RANK2] F @ 303.247802734375 (ms) to 337.04150390625 (ms), cudaEventElapsed = 33.75990295410156 (ms)
[RANK2] B @ 337.39453125 (ms) to 381.64013671875 (ms), cudaEventElapsed = 44.213279724121094 (ms)
[RANK2] F @ 382.989990234375 (ms) to 416.3544921875 (ms), cudaEventElapsed = 33.33116912841797 (ms)
[RANK2] B @ 416.689453125 (ms) to 461.173095703125 (ms), cudaEventElapsed = 44.45091247558594 (ms)
[RANK2] F @ 462.503173828125 (ms) to 496.10546875 (ms), cudaEventElapsed = 33.56991958618164 (ms)
[RANK2] B @ 496.439208984375 (ms) to 540.73193359375 (ms), cudaEventElapsed = 44.256961822509766 (ms)
[RANK2] F @ 541.11865234375 (ms) to 574.5693359375 (ms), cudaEventElapsed = 33.415775299072266 (ms)
[RANK2] B @ 575.035400390625 (ms) to 619.396484375 (ms), cudaEventElapsed = 44.31983947753906 (ms)
[RANK2] W @ 619.6513671875 (ms) to 641.11083984375 (ms), cudaEventElapsed = 21.429248809814453 (ms)
[RANK2] F @ 641.265625 (ms) to 675.077392578125 (ms), cudaEventElapsed = 33.78227233886719 (ms)
[RANK2] B @ 676.416259765625 (ms) to 720.944580078125 (ms), cudaEventElapsed = 44.494590759277344 (ms)
[RANK2] B @ 722.280029296875 (ms) to 764.53955078125 (ms), cudaEventElapsed = 42.229248046875 (ms)
[RANK2] W @ 764.70751953125 (ms) to 784.91357421875 (ms), cudaEventElapsed = 20.171775817871094 (ms)
[RANK2] F @ 785.173828125 (ms) to 818.46435546875 (ms), cudaEventElapsed = 33.262943267822266 (ms)
[RANK2] B @ 818.7568359375 (ms) to 863.59130859375 (ms), cudaEventElapsed = 44.79286575317383 (ms)
[RANK2] W @ 863.83984375 (ms) to 885.922607421875 (ms), cudaEventElapsed = 21.130239486694336 (ms)
[RANK2] F @ 886.2158203125 (ms) to 919.918212890625 (ms), cudaEventElapsed = 33.67251205444336 (ms)
[RANK2] B @ 920.232177734375 (ms) to 966.33642578125 (ms), cudaEventElapsed = 46.06991958618164 (ms)
[RANK2] W @ 966.56494140625 (ms) to 989.539794921875 (ms), cudaEventElapsed = 21.953535079956055 (ms)
[RANK2] F @ 989.8212890625 (ms) to 1023.83740234375 (ms), cudaEventElapsed = 33.986366271972656 (ms)
[RANK2] B @ 1024.141357421875 (ms) to 1068.641357421875 (ms), cudaEventElapsed = 44.46723175048828 (ms)
[RANK2] W @ 1068.812255859375 (ms) to 1090.085693359375 (ms), cudaEventElapsed = 21.24185562133789 (ms)
[RANK2] W @ 1090.24169921875 (ms) to 1111.55126953125 (ms), cudaEventElapsed = 21.2807674407959 (ms)
[RANK2] B @ 1111.6962890625 (ms) to 1154.38525390625 (ms), cudaEventElapsed = 42.66118240356445 (ms)
[RANK2] 6W @ 1154.55029296875 (ms) to 1282.19287109375 (ms), cudaEventElapsed = 127.61190032958984 (ms)
[RANK2] Iteration 3
[RANK2] F @ 64.361572265625 (ms) to 96.603271484375 (ms), cudaEventElapsed = 32.201568603515625 (ms)
[RANK2] F @ 99.54736328125 (ms) to 133.083984375 (ms), cudaEventElapsed = 33.497215270996094 (ms)
[RANK2] F @ 136.393310546875 (ms) to 173.5986328125 (ms), cudaEventElapsed = 37.162174224853516 (ms)
[RANK2] B @ 178.0751953125 (ms) to 222.89453125 (ms), cudaEventElapsed = 44.774559020996094 (ms)
[RANK2] F @ 223.291015625 (ms) to 257.150146484375 (ms), cudaEventElapsed = 33.82579040527344 (ms)
[RANK2] B @ 257.47705078125 (ms) to 301.953369140625 (ms), cudaEventElapsed = 44.43983840942383 (ms)
[RANK2] F @ 303.3544921875 (ms) to 337.19677734375 (ms), cudaEventElapsed = 33.805057525634766 (ms)
[RANK2] B @ 337.555908203125 (ms) to 382.001953125 (ms), cudaEventElapsed = 44.40892791748047 (ms)
[RANK2] F @ 383.304443359375 (ms) to 416.940185546875 (ms), cudaEventElapsed = 33.602176666259766 (ms)
[RANK2] B @ 417.2578125 (ms) to 461.697021484375 (ms), cudaEventElapsed = 44.402305603027344 (ms)
[RANK2] F @ 463.022705078125 (ms) to 496.454833984375 (ms), cudaEventElapsed = 33.40019226074219 (ms)
[RANK2] B @ 496.7724609375 (ms) to 541.267333984375 (ms), cudaEventElapsed = 44.46102523803711 (ms)
[RANK2] F @ 541.61376953125 (ms) to 575.128662109375 (ms), cudaEventElapsed = 33.48108673095703 (ms)
[RANK2] B @ 575.5478515625 (ms) to 619.6552734375 (ms), cudaEventElapsed = 44.06550216674805 (ms)
[RANK2] W @ 619.91015625 (ms) to 641.1474609375 (ms), cudaEventElapsed = 21.201919555664062 (ms)
[RANK2] F @ 641.293212890625 (ms) to 674.70947265625 (ms), cudaEventElapsed = 33.38742446899414 (ms)
[RANK2] B @ 676.0654296875 (ms) to 720.511474609375 (ms), cudaEventElapsed = 44.409088134765625 (ms)
[RANK2] B @ 721.815673828125 (ms) to 764.067138671875 (ms), cudaEventElapsed = 42.220863342285156 (ms)
[RANK2] W @ 764.4853515625 (ms) to 784.551513671875 (ms), cudaEventElapsed = 20.032512664794922 (ms)
[RANK2] F @ 784.810546875 (ms) to 818.142578125 (ms), cudaEventElapsed = 33.30268859863281 (ms)
[RANK2] B @ 818.431640625 (ms) to 863.589599609375 (ms), cudaEventElapsed = 45.120609283447266 (ms)
[RANK2] W @ 863.809326171875 (ms) to 886.32275390625 (ms), cudaEventElapsed = 21.538816452026367 (ms)
[RANK2] F @ 886.59326171875 (ms) to 920.5126953125 (ms), cudaEventElapsed = 33.88876724243164 (ms)
[RANK2] B @ 920.865966796875 (ms) to 966.1689453125 (ms), cudaEventElapsed = 45.27251052856445 (ms)
[RANK2] W @ 966.392333984375 (ms) to 989.5 (ms), cudaEventElapsed = 22.12761688232422 (ms)
[RANK2] F @ 989.771240234375 (ms) to 1023.7412109375 (ms), cudaEventElapsed = 33.941505432128906 (ms)
[RANK2] B @ 1024.052734375 (ms) to 1068.52685546875 (ms), cudaEventElapsed = 44.44054412841797 (ms)
[RANK2] W @ 1068.681884765625 (ms) to 1089.948974609375 (ms), cudaEventElapsed = 21.238784790039062 (ms)
[RANK2] W @ 1090.10595703125 (ms) to 1111.404541015625 (ms), cudaEventElapsed = 21.27155113220215 (ms)
[RANK2] B @ 1111.535888671875 (ms) to 1154.360107421875 (ms), cudaEventElapsed = 42.79872131347656 (ms)
[RANK2] 6W @ 1154.508056640625 (ms) to 1282.587158203125 (ms), cudaEventElapsed = 128.04403686523438 (ms)
[RANK2] Iteration 4
[RANK2] F @ 64.308349609375 (ms) to 96.51904296875 (ms), cudaEventElapsed = 32.163902282714844 (ms)
[RANK2] F @ 99.532470703125 (ms) to 132.86767578125 (ms), cudaEventElapsed = 33.296417236328125 (ms)
[RANK2] F @ 136.68212890625 (ms) to 173.343017578125 (ms), cudaEventElapsed = 36.608543395996094 (ms)
[RANK2] B @ 178.5830078125 (ms) to 223.85986328125 (ms), cudaEventElapsed = 45.23148727416992 (ms)
[RANK2] F @ 224.24658203125 (ms) to 259.56689453125 (ms), cudaEventElapsed = 35.28704071044922 (ms)
[RANK2] B @ 259.885498046875 (ms) to 304.973876953125 (ms), cudaEventElapsed = 45.05305480957031 (ms)
[RANK2] F @ 306.444091796875 (ms) to 342.363525390625 (ms), cudaEventElapsed = 35.88294219970703 (ms)
[RANK2] B @ 342.703369140625 (ms) to 388.051513671875 (ms), cudaEventElapsed = 45.313377380371094 (ms)
[RANK2] F @ 389.3681640625 (ms) to 425.12109375 (ms), cudaEventElapsed = 35.71807861328125 (ms)
[RANK2] B @ 425.46142578125 (ms) to 471.2265625 (ms), cudaEventElapsed = 45.731327056884766 (ms)
[RANK2] F @ 472.830078125 (ms) to 508.267578125 (ms), cudaEventElapsed = 35.401023864746094 (ms)
[RANK2] B @ 508.6005859375 (ms) to 554.4443359375 (ms), cudaEventElapsed = 45.81097412109375 (ms)
[RANK2] F @ 554.81689453125 (ms) to 590.7021484375 (ms), cudaEventElapsed = 35.850433349609375 (ms)
[RANK2] B @ 591.224853515625 (ms) to 637.171630859375 (ms), cudaEventElapsed = 45.903297424316406 (ms)
[RANK2] W @ 637.47265625 (ms) to 661.635986328125 (ms), cudaEventElapsed = 24.12646484375 (ms)
[RANK2] F @ 661.80615234375 (ms) to 699.1181640625 (ms), cudaEventElapsed = 37.28364944458008 (ms)
[RANK2] B @ 700.534912109375 (ms) to 746.430419921875 (ms), cudaEventElapsed = 45.85862350463867 (ms)
[RANK2] B @ 747.7880859375 (ms) to 792.462646484375 (ms), cudaEventElapsed = 44.64156723022461 (ms)
[RANK2] W @ 792.6416015625 (ms) to 816.15869140625 (ms), cudaEventElapsed = 23.48441505432129 (ms)
[RANK2] F @ 816.452880859375 (ms) to 854.212890625 (ms), cudaEventElapsed = 37.731231689453125 (ms)
[RANK2] B @ 854.541015625 (ms) to 901.028564453125 (ms), cudaEventElapsed = 46.45587158203125 (ms)
[RANK2] W @ 901.26025390625 (ms) to 927.53955078125 (ms), cudaEventElapsed = 25.26924705505371 (ms)
[RANK2] F @ 927.839599609375 (ms) to 975.4775390625 (ms), cudaEventElapsed = 47.6058235168457 (ms)
[RANK2] B @ 975.77099609375 (ms) to 1023.7451171875 (ms), cudaEventElapsed = 47.938560485839844 (ms)
[RANK2] W @ 1023.98388671875 (ms) to 1048.1142578125 (ms), cudaEventElapsed = 23.1331844329834 (ms)
[RANK2] F @ 1048.41162109375 (ms) to 1086.4931640625 (ms), cudaEventElapsed = 38.05014419555664 (ms)
[RANK2] B @ 1086.822509765625 (ms) to 1133.04541015625 (ms), cudaEventElapsed = 46.18697738647461 (ms)
[RANK2] W @ 1133.21435546875 (ms) to 1157.273193359375 (ms), cudaEventElapsed = 24.029184341430664 (ms)
[RANK2] W @ 1157.437255859375 (ms) to 1183.392822265625 (ms), cudaEventElapsed = 25.92767906188965 (ms)
[RANK2] B @ 1183.540283203125 (ms) to 1231.1611328125 (ms), cudaEventElapsed = 47.59414291381836 (ms)
[RANK2] 6W @ 1231.322998046875 (ms) to 1388.59228515625 (ms), cudaEventElapsed = 157.23008728027344 (ms)
[RANK2] Iteration 5
[RANK2] F @ 64.307861328125 (ms) to 96.5283203125 (ms), cudaEventElapsed = 32.18115234375 (ms)
[RANK2] F @ 99.4130859375 (ms) to 132.141845703125 (ms), cudaEventElapsed = 32.69014358520508 (ms)
[RANK2] F @ 136.104736328125 (ms) to 172.710693359375 (ms), cudaEventElapsed = 36.56051254272461 (ms)
[RANK2] B @ 177.21728515625 (ms) to 222.580078125 (ms), cudaEventElapsed = 45.318016052246094 (ms)
[RANK2] F @ 222.960205078125 (ms) to 258.51171875 (ms), cudaEventElapsed = 35.5200309753418 (ms)
[RANK2] B @ 258.842529296875 (ms) to 304.150634765625 (ms), cudaEventElapsed = 45.27414321899414 (ms)
[RANK2] F @ 305.434814453125 (ms) to 341.132568359375 (ms), cudaEventElapsed = 35.66559982299805 (ms)
[RANK2] B @ 341.451416015625 (ms) to 386.749267578125 (ms), cudaEventElapsed = 45.264190673828125 (ms)
[RANK2] F @ 388.018310546875 (ms) to 423.446533203125 (ms), cudaEventElapsed = 35.39673614501953 (ms)
[RANK2] B @ 423.787841796875 (ms) to 469.640869140625 (ms), cudaEventElapsed = 45.81196975708008 (ms)
[RANK2] F @ 471.156982421875 (ms) to 506.67333984375 (ms), cudaEventElapsed = 35.48233413696289 (ms)
[RANK2] B @ 506.99560546875 (ms) to 552.563720703125 (ms), cudaEventElapsed = 45.53388977050781 (ms)
[RANK2] F @ 552.917724609375 (ms) to 588.299560546875 (ms), cudaEventElapsed = 35.34422302246094 (ms)
[RANK2] B @ 588.744873046875 (ms) to 634.39111328125 (ms), cudaEventElapsed = 45.60700988769531 (ms)
[RANK2] W @ 634.680908203125 (ms) to 658.62646484375 (ms), cudaEventElapsed = 23.91244888305664 (ms)
[RANK2] F @ 658.78271484375 (ms) to 696.26904296875 (ms), cudaEventElapsed = 37.45711898803711 (ms)
[RANK2] B @ 697.649169921875 (ms) to 743.945068359375 (ms), cudaEventElapsed = 46.25932693481445 (ms)
[RANK2] B @ 745.382568359375 (ms) to 790.550537109375 (ms), cudaEventElapsed = 45.13536071777344 (ms)
[RANK2] W @ 790.7705078125 (ms) to 814.72900390625 (ms), cudaEventElapsed = 23.92473602294922 (ms)
[RANK2] F @ 815.07275390625 (ms) to 852.7568359375 (ms), cudaEventElapsed = 37.652191162109375 (ms)
[RANK2] B @ 853.080810546875 (ms) to 899.161865234375 (ms), cudaEventElapsed = 46.04787063598633 (ms)
[RANK2] W @ 899.406494140625 (ms) to 925.11572265625 (ms), cudaEventElapsed = 24.6824951171875 (ms)
[RANK2] F @ 925.446044921875 (ms) to 975.062255859375 (ms), cudaEventElapsed = 49.583648681640625 (ms)
[RANK2] B @ 975.373291015625 (ms) to 1023.502685546875 (ms), cudaEventElapsed = 48.0975341796875 (ms)
[RANK2] W @ 1023.74609375 (ms) to 1048.73779296875 (ms), cudaEventElapsed = 23.972864151000977 (ms)
[RANK2] F @ 1049.057861328125 (ms) to 1086.787841796875 (ms), cudaEventElapsed = 37.69683074951172 (ms)
[RANK2] B @ 1087.107421875 (ms) to 1133.504638671875 (ms), cudaEventElapsed = 46.36249542236328 (ms)
[RANK2] W @ 1133.681396484375 (ms) to 1157.6875 (ms), cudaEventElapsed = 23.968767166137695 (ms)
[RANK2] W @ 1157.848876953125 (ms) to 1183.550537109375 (ms), cudaEventElapsed = 25.673728942871094 (ms)
[RANK2] B @ 1183.702392578125 (ms) to 1232.231689453125 (ms), cudaEventElapsed = 48.501888275146484 (ms)
[RANK2] 6W @ 1232.39599609375 (ms) to 1390.844970703125 (ms), cudaEventElapsed = 158.413818359375 (ms)
[RANK2] Iteration 6
[RANK2] F @ 64.094970703125 (ms) to 96.225830078125 (ms), cudaEventElapsed = 32.08879852294922 (ms)
[RANK2] F @ 99.66552734375 (ms) to 133.955810546875 (ms), cudaEventElapsed = 34.25078582763672 (ms)
[RANK2] F @ 137.06103515625 (ms) to 174.39208984375 (ms), cudaEventElapsed = 37.28460693359375 (ms)
[RANK2] B @ 178.97705078125 (ms) to 224.9013671875 (ms), cudaEventElapsed = 45.880001068115234 (ms)
[RANK2] F @ 225.295166015625 (ms) to 260.77197265625 (ms), cudaEventElapsed = 35.444000244140625 (ms)
[RANK2] B @ 261.08984375 (ms) to 306.6904296875 (ms), cudaEventElapsed = 45.56611251831055 (ms)
[RANK2] F @ 308.1025390625 (ms) to 343.92138671875 (ms), cudaEventElapsed = 35.77376174926758 (ms)
[RANK2] B @ 344.269287109375 (ms) to 389.710693359375 (ms), cudaEventElapsed = 45.406944274902344 (ms)
[RANK2] F @ 391.042236328125 (ms) to 426.193115234375 (ms), cudaEventElapsed = 35.119136810302734 (ms)
[RANK2] B @ 426.802490234375 (ms) to 472.06884765625 (ms), cudaEventElapsed = 45.2334098815918 (ms)
[RANK2] F @ 473.500244140625 (ms) to 509.1015625 (ms), cudaEventElapsed = 35.566078186035156 (ms)
[RANK2] B @ 509.4248046875 (ms) to 555.235107421875 (ms), cudaEventElapsed = 45.76931381225586 (ms)
[RANK2] F @ 555.61328125 (ms) to 591.2626953125 (ms), cudaEventElapsed = 35.61433410644531 (ms)
[RANK2] B @ 591.70263671875 (ms) to 637.115478515625 (ms), cudaEventElapsed = 45.3721923828125 (ms)
[RANK2] W @ 637.3974609375 (ms) to 660.904052734375 (ms), cudaEventElapsed = 23.47417640686035 (ms)
[RANK2] F @ 661.053955078125 (ms) to 698.49072265625 (ms), cudaEventElapsed = 37.40816116333008 (ms)
[RANK2] B @ 699.827392578125 (ms) to 746.39111328125 (ms), cudaEventElapsed = 46.52732849121094 (ms)
[RANK2] B @ 747.69189453125 (ms) to 792.53125 (ms), cudaEventElapsed = 44.808128356933594 (ms)
[RANK2] W @ 792.720947265625 (ms) to 816.184326171875 (ms), cudaEventElapsed = 23.423999786376953 (ms)
[RANK2] F @ 816.54150390625 (ms) to 855.017333984375 (ms), cudaEventElapsed = 38.44432067871094 (ms)
[RANK2] B @ 855.3876953125 (ms) to 901.750732421875 (ms), cudaEventElapsed = 46.32758331298828 (ms)
[RANK2] W @ 902.0224609375 (ms) to 930.77783203125 (ms), cudaEventElapsed = 27.6889591217041 (ms)
[RANK2] F @ 931.120361328125 (ms) to 974.085693359375 (ms), cudaEventElapsed = 42.931583404541016 (ms)
[RANK2] B @ 974.401123046875 (ms) to 1021.388427734375 (ms), cudaEventElapsed = 46.946014404296875 (ms)
[RANK2] W @ 1021.63916015625 (ms) to 1046.813720703125 (ms), cudaEventElapsed = 24.1397762298584 (ms)
[RANK2] F @ 1047.127685546875 (ms) to 1084.44287109375 (ms), cudaEventElapsed = 37.281982421875 (ms)
[RANK2] B @ 1084.765869140625 (ms) to 1131.12158203125 (ms), cudaEventElapsed = 46.32175827026367 (ms)
[RANK2] W @ 1131.28271484375 (ms) to 1154.884521484375 (ms), cudaEventElapsed = 23.568384170532227 (ms)
[RANK2] W @ 1155.088134765625 (ms) to 1181.241943359375 (ms), cudaEventElapsed = 26.11712074279785 (ms)
[RANK2] B @ 1181.39501953125 (ms) to 1229.66015625 (ms), cudaEventElapsed = 48.22883224487305 (ms)
[RANK2] 6W @ 1229.81689453125 (ms) to 1390.35693359375 (ms), cudaEventElapsed = 160.51097106933594 (ms)
[RANK2] Iteration 7
[RANK2] F @ 58.447021484375 (ms) to 88.64208984375 (ms), cudaEventElapsed = 30.152864456176758 (ms)
[RANK2] F @ 91.309814453125 (ms) to 123.57421875 (ms), cudaEventElapsed = 32.22822570800781 (ms)
[RANK2] F @ 127.032470703125 (ms) to 161.792236328125 (ms), cudaEventElapsed = 34.72358322143555 (ms)
[RANK2] F @ 162.3544921875 (ms) to 197.213134765625 (ms), cudaEventElapsed = 34.824832916259766 (ms)
[RANK2] F @ 197.6123046875 (ms) to 232.781005859375 (ms), cudaEventElapsed = 35.13616180419922 (ms)
[RANK2] F @ 233.17822265625 (ms) to 268.224853515625 (ms), cudaEventElapsed = 35.013694763183594 (ms)
[RANK2] F @ 268.6318359375 (ms) to 304.0322265625 (ms), cudaEventElapsed = 35.36675262451172 (ms)
[RANK2] F @ 304.347412109375 (ms) to 338.818115234375 (ms), cudaEventElapsed = 34.43910217285156 (ms)
[RANK2] F @ 340.3232421875 (ms) to 375.068359375 (ms), cudaEventElapsed = 34.710975646972656 (ms)
[RANK2] F @ 376.53173828125 (ms) to 410.794921875 (ms), cudaEventElapsed = 34.228511810302734 (ms)
[RANK2] F @ 412.226318359375 (ms) to 447.12255859375 (ms), cudaEventElapsed = 34.863487243652344 (ms)
[RANK2] F @ 448.55224609375 (ms) to 483.386474609375 (ms), cudaEventElapsed = 34.80022430419922 (ms)
