[RANK1] Iteration 1
[RANK1] F @ 524.425537109375 (ms) to 740.23388671875 (ms), cudaEventElapsed = 215.7690887451172 (ms)
[RANK1] F @ 741.99365234375 (ms) to 775.980712890625 (ms), cudaEventElapsed = 33.95481491088867 (ms)
[RANK1] F @ 777.547607421875 (ms) to 813.64599609375 (ms), cudaEventElapsed = 36.06937789916992 (ms)
[RANK1] F @ 815.297119140625 (ms) to 851.060546875 (ms), cudaEventElapsed = 35.734527587890625 (ms)
[RANK1] F @ 852.608154296875 (ms) to 888.081787109375 (ms), cudaEventElapsed = 35.44371032714844 (ms)
[RANK1] B @ 1622.54931640625 (ms) to 1687.664794921875 (ms), cudaEventElapsed = 65.08544158935547 (ms)
[RANK1] F @ 1689.119873046875 (ms) to 1721.47802734375 (ms), cudaEventElapsed = 32.330753326416016 (ms)
[RANK1] B @ 1723.374267578125 (ms) to 1768.1005859375 (ms), cudaEventElapsed = 44.697601318359375 (ms)
[RANK1] F @ 1769.490234375 (ms) to 1803.21337890625 (ms), cudaEventElapsed = 33.69472122192383 (ms)
[RANK1] B @ 1805.040771484375 (ms) to 1849.859130859375 (ms), cudaEventElapsed = 44.788734436035156 (ms)
[RANK1] F @ 1851.263671875 (ms) to 1884.666015625 (ms), cudaEventElapsed = 33.377281188964844 (ms)
[RANK1] B @ 1886.052001953125 (ms) to 1930.6865234375 (ms), cudaEventElapsed = 44.48767852783203 (ms)
[RANK1] F @ 1932.814697265625 (ms) to 1965.9931640625 (ms), cudaEventElapsed = 33.152000427246094 (ms)
[RANK1] B @ 1967.650390625 (ms) to 2011.90869140625 (ms), cudaEventElapsed = 44.226558685302734 (ms)
[RANK1] F @ 2013.1669921875 (ms) to 2046.577880859375 (ms), cudaEventElapsed = 33.38547134399414 (ms)
[RANK1] B @ 2047.99658203125 (ms) to 2092.321533203125 (ms), cudaEventElapsed = 44.30131149291992 (ms)
[RANK1] F @ 2093.56298828125 (ms) to 2127.16064453125 (ms), cudaEventElapsed = 33.57593536376953 (ms)
[RANK1] B @ 2128.464111328125 (ms) to 2174.049072265625 (ms), cudaEventElapsed = 45.56288146972656 (ms)
[RANK1] F @ 2175.26123046875 (ms) to 2209.384033203125 (ms), cudaEventElapsed = 34.10124969482422 (ms)
[RANK1] B @ 2210.709228515625 (ms) to 2255.059326171875 (ms), cudaEventElapsed = 44.32793426513672 (ms)
[RANK1] W @ 2255.79443359375 (ms) to 2276.848876953125 (ms), cudaEventElapsed = 21.031936645507812 (ms)
[RANK1] B @ 2277.63818359375 (ms) to 2319.87255859375 (ms), cudaEventElapsed = 42.213375091552734 (ms)
[RANK1] W @ 2320.596923828125 (ms) to 2340.7744140625 (ms), cudaEventElapsed = 20.150272369384766 (ms)
[RANK1] B @ 2341.608154296875 (ms) to 2384.091796875 (ms), cudaEventElapsed = 42.461185455322266 (ms)
[RANK1] W @ 2384.8544921875 (ms) to 2405.3837890625 (ms), cudaEventElapsed = 20.502527236938477 (ms)
[RANK1] B @ 2406.254638671875 (ms) to 2448.600830078125 (ms), cudaEventElapsed = 42.32499313354492 (ms)
[RANK1] W @ 2449.34716796875 (ms) to 2469.924072265625 (ms), cudaEventElapsed = 20.551679611206055 (ms)
[RANK1] B @ 2470.70654296875 (ms) to 2512.8291015625 (ms), cudaEventElapsed = 42.10073471069336 (ms)
[RANK1] 8W @ 2514.92431640625 (ms) to 2688.67529296875 (ms), cudaEventElapsed = 173.72671508789062 (ms)
[RANK1] Iteration 2
[RANK1] F @ 34.931396484375 (ms) to 66.8408203125 (ms), cudaEventElapsed = 31.879167556762695 (ms)
[RANK1] F @ 68.401123046875 (ms) to 102.822021484375 (ms), cudaEventElapsed = 34.38899230957031 (ms)
[RANK1] F @ 104.43896484375 (ms) to 140.469970703125 (ms), cudaEventElapsed = 36.001792907714844 (ms)
[RANK1] F @ 142.029052734375 (ms) to 178.076904296875 (ms), cudaEventElapsed = 36.0181770324707 (ms)
[RANK1] F @ 179.664794921875 (ms) to 215.629150390625 (ms), cudaEventElapsed = 35.934207916259766 (ms)
[RANK1] B @ 242.002685546875 (ms) to 402.387451171875 (ms), cudaEventElapsed = 160.35635375976562 (ms)
[RANK1] F @ 404.222900390625 (ms) to 438.208251953125 (ms), cudaEventElapsed = 33.95686340332031 (ms)
[RANK1] B @ 440.267822265625 (ms) to 486.157470703125 (ms), cudaEventElapsed = 45.86188888549805 (ms)
[RANK1] F @ 487.60595703125 (ms) to 523.095703125 (ms), cudaEventElapsed = 35.4600944519043 (ms)
[RANK1] B @ 524.782958984375 (ms) to 569.7001953125 (ms), cudaEventElapsed = 44.88908767700195 (ms)
[RANK1] F @ 571.26123046875 (ms) to 606.261962890625 (ms), cudaEventElapsed = 34.97574234008789 (ms)
[RANK1] B @ 607.668212890625 (ms) to 653.154296875 (ms), cudaEventElapsed = 45.460479736328125 (ms)
[RANK1] F @ 694.6396484375 (ms) to 726.076904296875 (ms), cudaEventElapsed = 31.41427230834961 (ms)
[RANK1] B @ 727.54736328125 (ms) to 771.576171875 (ms), cudaEventElapsed = 43.99923324584961 (ms)
[RANK1] F @ 772.834716796875 (ms) to 807.855712890625 (ms), cudaEventElapsed = 34.995201110839844 (ms)
[RANK1] B @ 809.2744140625 (ms) to 854.425048828125 (ms), cudaEventElapsed = 45.127681732177734 (ms)
[RANK1] F @ 855.834716796875 (ms) to 890.87158203125 (ms), cudaEventElapsed = 35.00953674316406 (ms)
[RANK1] B @ 892.45751953125 (ms) to 937.62744140625 (ms), cudaEventElapsed = 45.14201736450195 (ms)
[RANK1] F @ 939.04150390625 (ms) to 974.047119140625 (ms), cudaEventElapsed = 34.97779083251953 (ms)
[RANK1] B @ 975.599365234375 (ms) to 1020.691162109375 (ms), cudaEventElapsed = 45.06419372558594 (ms)
[RANK1] W @ 1021.443603515625 (ms) to 1044.77001953125 (ms), cudaEventElapsed = 23.30419158935547 (ms)
[RANK1] B @ 1054.90576171875 (ms) to 1099.789306640625 (ms), cudaEventElapsed = 44.862464904785156 (ms)
[RANK1] W @ 1100.552490234375 (ms) to 1123.736083984375 (ms), cudaEventElapsed = 23.160831451416016 (ms)
[RANK1] B @ 1140.75390625 (ms) to 1183.346435546875 (ms), cudaEventElapsed = 42.56768035888672 (ms)
[RANK1] W @ 1184.101806640625 (ms) to 1206.083740234375 (ms), cudaEventElapsed = 21.959680557250977 (ms)
[RANK1] B @ 1210.74658203125 (ms) to 1261.442138671875 (ms), cudaEventElapsed = 50.67264175415039 (ms)
[RANK1] W @ 1262.201416015625 (ms) to 1287.60791015625 (ms), cudaEventElapsed = 25.384960174560547 (ms)
[RANK1] B @ 1288.396728515625 (ms) to 1335.29638671875 (ms), cudaEventElapsed = 46.8776969909668 (ms)
[RANK1] 8W @ 1337.146728515625 (ms) to 1551.57763671875 (ms), cudaEventElapsed = 214.4020538330078 (ms)
[RANK1] Iteration 3
[RANK1] F @ 32.631591796875 (ms) to 70.04833984375 (ms), cudaEventElapsed = 37.38828659057617 (ms)
[RANK1] F @ 71.590576171875 (ms) to 104.424072265625 (ms), cudaEventElapsed = 32.80486297607422 (ms)
[RANK1] F @ 105.985595703125 (ms) to 141.50341796875 (ms), cudaEventElapsed = 35.48876953125 (ms)
[RANK1] F @ 143.19970703125 (ms) to 179.66552734375 (ms), cudaEventElapsed = 36.43494415283203 (ms)
[RANK1] F @ 181.009033203125 (ms) to 217.235107421875 (ms), cudaEventElapsed = 36.20044708251953 (ms)
[RANK1] F @ 218.59326171875 (ms) to 254.53369140625 (ms), cudaEventElapsed = 35.91475296020508 (ms)
[RANK1] F @ 255.953857421875 (ms) to 291.99609375 (ms), cudaEventElapsed = 36.01612854003906 (ms)
[RANK1] F @ 293.4716796875 (ms) to 329.14501953125 (ms), cudaEventElapsed = 35.64339065551758 (ms)
[RANK1] B @ 351.3974609375 (ms) to 393.54931640625 (ms), cudaEventElapsed = 42.12326431274414 (ms)
[RANK1] F @ 394.98779296875 (ms) to 428.992431640625 (ms), cudaEventElapsed = 33.97734451293945 (ms)
[RANK1] F @ 430.824951171875 (ms) to 484.371337890625 (ms), cudaEventElapsed = 53.517311096191406 (ms)
[RANK1] B @ 486.776611328125 (ms) to 537.26416015625 (ms), cudaEventElapsed = 50.45964813232422 (ms)
[RANK1] F @ 538.824462890625 (ms) to 572.91552734375 (ms), cudaEventElapsed = 34.063358306884766 (ms)
[RANK1] B @ 574.328125 (ms) to 619.01953125 (ms), cudaEventElapsed = 44.658687591552734 (ms)
[RANK1] F @ 621.39208984375 (ms) to 656.6376953125 (ms), cudaEventElapsed = 35.18259048461914 (ms)
[RANK1] B @ 658.220947265625 (ms) to 728.910400390625 (ms), cudaEventElapsed = 70.66111755371094 (ms)
[RANK1] B @ 730.689453125 (ms) to 772.607666015625 (ms), cudaEventElapsed = 41.88671875 (ms)
[RANK1] W @ 773.393798828125 (ms) to 795.36865234375 (ms), cudaEventElapsed = 21.950464248657227 (ms)
[RANK1] B @ 796.18310546875 (ms) to 843.865966796875 (ms), cudaEventElapsed = 47.647743225097656 (ms)
[RANK1] W @ 844.6689453125 (ms) to 869.5478515625 (ms), cudaEventElapsed = 24.855552673339844 (ms)
[RANK1] B @ 870.32666015625 (ms) to 918.054931640625 (ms), cudaEventElapsed = 47.703041076660156 (ms)
[RANK1] W @ 918.762939453125 (ms) to 944.557373046875 (ms), cudaEventElapsed = 25.76793670654297 (ms)
[RANK1] W @ 945.01416015625 (ms) to 971.978759765625 (ms), cudaEventElapsed = 26.93222427368164 (ms)
[RANK1] B @ 972.855712890625 (ms) to 1020.379638671875 (ms), cudaEventElapsed = 47.501312255859375 (ms)
[RANK1] B @ 1021.634033203125 (ms) to 1066.5859375 (ms), cudaEventElapsed = 44.93107223510742 (ms)
[RANK1] W @ 1068.1044921875 (ms) to 1091.240966796875 (ms), cudaEventElapsed = 23.10860824584961 (ms)
[RANK1] B @ 1092.030029296875 (ms) to 1138.174560546875 (ms), cudaEventElapsed = 46.12403106689453 (ms)
[RANK1] W @ 1138.85009765625 (ms) to 1162.8515625 (ms), cudaEventElapsed = 23.980031967163086 (ms)
[RANK1] W @ 1163.111083984375 (ms) to 1189.465576171875 (ms), cudaEventElapsed = 26.33113670349121 (ms)
[RANK1] B @ 1190.2197265625 (ms) to 1238.266357421875 (ms), cudaEventElapsed = 48.02252960205078 (ms)
[RANK1] W @ 1239.056640625 (ms) to 1264.001708984375 (ms), cudaEventElapsed = 24.92108726501465 (ms)
[RANK1] B @ 1264.796142578125 (ms) to 1311.9453125 (ms), cudaEventElapsed = 47.1275520324707 (ms)
[RANK1] 4W @ 1313.00048828125 (ms) to 1422.741455078125 (ms), cudaEventElapsed = 109.7154541015625 (ms)
[RANK1] Iteration 4
[RANK1] F @ 32.33056640625 (ms) to 64.689453125 (ms), cudaEventElapsed = 32.326656341552734 (ms)
[RANK1] F @ 66.450927734375 (ms) to 100.17138671875 (ms), cudaEventElapsed = 33.693695068359375 (ms)
[RANK1] F @ 101.76806640625 (ms) to 138.760986328125 (ms), cudaEventElapsed = 36.96332931518555 (ms)
[RANK1] F @ 140.461669921875 (ms) to 176.978515625 (ms), cudaEventElapsed = 36.48819351196289 (ms)
[RANK1] F @ 178.544677734375 (ms) to 214.62451171875 (ms), cudaEventElapsed = 36.05094528198242 (ms)
[RANK1] F @ 216.1904296875 (ms) to 252.269775390625 (ms), cudaEventElapsed = 36.04275131225586 (ms)
[RANK1] F @ 253.69775390625 (ms) to 289.78955078125 (ms), cudaEventElapsed = 36.06835174560547 (ms)
[RANK1] F @ 291.046630859375 (ms) to 326.794189453125 (ms), cudaEventElapsed = 35.72224044799805 (ms)
[RANK1] B @ 350.151123046875 (ms) to 392.439208984375 (ms), cudaEventElapsed = 42.266624450683594 (ms)
[RANK1] F @ 393.681396484375 (ms) to 428.644775390625 (ms), cudaEventElapsed = 34.9409294128418 (ms)
[RANK1] F @ 430.103759765625 (ms) to 484.614013671875 (ms), cudaEventElapsed = 54.48499298095703 (ms)
[RANK1] B @ 486.25 (ms) to 529.861083984375 (ms), cudaEventElapsed = 43.58348846435547 (ms)
[RANK1] F @ 531.850830078125 (ms) to 566.313720703125 (ms), cudaEventElapsed = 34.43609619140625 (ms)
[RANK1] B @ 567.73583984375 (ms) to 613.177734375 (ms), cudaEventElapsed = 45.41337585449219 (ms)
[RANK1] F @ 614.9404296875 (ms) to 650.2275390625 (ms), cudaEventElapsed = 35.25324630737305 (ms)
[RANK1] B @ 651.520263671875 (ms) to 712.40380859375 (ms), cudaEventElapsed = 60.8614387512207 (ms)
[RANK1] B @ 714.0546875 (ms) to 756.592041015625 (ms), cudaEventElapsed = 42.51545715332031 (ms)
[RANK1] W @ 757.375732421875 (ms) to 779.612548828125 (ms), cudaEventElapsed = 22.212608337402344 (ms)
[RANK1] B @ 780.427978515625 (ms) to 827.72509765625 (ms), cudaEventElapsed = 47.273983001708984 (ms)
[RANK1] W @ 828.49853515625 (ms) to 852.716552734375 (ms), cudaEventElapsed = 24.195072174072266 (ms)
[RANK1] B @ 853.500732421875 (ms) to 901.267822265625 (ms), cudaEventElapsed = 47.745025634765625 (ms)
[RANK1] W @ 901.993896484375 (ms) to 928.22998046875 (ms), cudaEventElapsed = 26.212352752685547 (ms)
[RANK1] W @ 928.517578125 (ms) to 955.22412109375 (ms), cudaEventElapsed = 26.68134307861328 (ms)
[RANK1] B @ 956.13671875 (ms) to 1003.7451171875 (ms), cudaEventElapsed = 47.58732986450195 (ms)
[RANK1] B @ 1005.02294921875 (ms) to 1049.885986328125 (ms), cudaEventElapsed = 44.841983795166016 (ms)
[RANK1] W @ 1051.1572265625 (ms) to 1073.646240234375 (ms), cudaEventElapsed = 22.46553611755371 (ms)
[RANK1] B @ 1074.40771484375 (ms) to 1121.305419921875 (ms), cudaEventElapsed = 46.8776969909668 (ms)
[RANK1] W @ 1122.00830078125 (ms) to 1146.521728515625 (ms), cudaEventElapsed = 24.49203109741211 (ms)
[RANK1] W @ 1146.795166015625 (ms) to 1172.90478515625 (ms), cudaEventElapsed = 26.08742332458496 (ms)
[RANK1] B @ 1173.6708984375 (ms) to 1221.68994140625 (ms), cudaEventElapsed = 47.99590301513672 (ms)
[RANK1] W @ 1222.508056640625 (ms) to 1248.14404296875 (ms), cudaEventElapsed = 25.611263275146484 (ms)
[RANK1] B @ 1248.932861328125 (ms) to 1296.314697265625 (ms), cudaEventElapsed = 47.35795211791992 (ms)
[RANK1] 4W @ 1297.421142578125 (ms) to 1410.324951171875 (ms), cudaEventElapsed = 112.87757110595703 (ms)
[RANK1] Iteration 5
[RANK1] F @ 31.874755859375 (ms) to 64.15234375 (ms), cudaEventElapsed = 32.247806549072266 (ms)
[RANK1] F @ 66.317626953125 (ms) to 100.278564453125 (ms), cudaEventElapsed = 33.930240631103516 (ms)
[RANK1] F @ 101.6240234375 (ms) to 138.832763671875 (ms), cudaEventElapsed = 37.18348693847656 (ms)
[RANK1] F @ 140.27587890625 (ms) to 176.797119140625 (ms), cudaEventElapsed = 36.49433517456055 (ms)
[RANK1] F @ 178.16455078125 (ms) to 214.2861328125 (ms), cudaEventElapsed = 36.097023010253906 (ms)
[RANK1] F @ 215.84716796875 (ms) to 251.524169921875 (ms), cudaEventElapsed = 35.64748764038086 (ms)
[RANK1] F @ 253.267333984375 (ms) to 288.949462890625 (ms), cudaEventElapsed = 35.65158462524414 (ms)
[RANK1] F @ 290.212158203125 (ms) to 325.979736328125 (ms), cudaEventElapsed = 35.74272155761719 (ms)
[RANK1] B @ 430.088134765625 (ms) to 471.190185546875 (ms), cudaEventElapsed = 41.07878494262695 (ms)
[RANK1] F @ 472.41796875 (ms) to 505.94970703125 (ms), cudaEventElapsed = 33.510398864746094 (ms)
[RANK1] F @ 507.34033203125 (ms) to 562.457275390625 (ms), cudaEventElapsed = 55.09427261352539 (ms)
[RANK1] B @ 564.916748046875 (ms) to 608.94775390625 (ms), cudaEventElapsed = 44.003326416015625 (ms)
[RANK1] F @ 611.593017578125 (ms) to 646.20849609375 (ms), cudaEventElapsed = 34.587646484375 (ms)
[RANK1] B @ 647.6181640625 (ms) to 692.745361328125 (ms), cudaEventElapsed = 45.09900665283203 (ms)
[RANK1] F @ 694.290771484375 (ms) to 729.127197265625 (ms), cudaEventElapsed = 34.80985641479492 (ms)
[RANK1] B @ 730.65283203125 (ms) to 794.177734375 (ms), cudaEventElapsed = 63.49824142456055 (ms)
[RANK1] B @ 795.848388671875 (ms) to 838.5478515625 (ms), cudaEventElapsed = 42.66700744628906 (ms)
[RANK1] W @ 839.546142578125 (ms) to 861.593017578125 (ms), cudaEventElapsed = 22.018047332763672 (ms)
[RANK1] B @ 862.49072265625 (ms) to 909.956787109375 (ms), cudaEventElapsed = 47.440895080566406 (ms)
[RANK1] W @ 910.7490234375 (ms) to 935.0302734375 (ms), cudaEventElapsed = 24.258560180664062 (ms)
[RANK1] B @ 935.80419921875 (ms) to 982.04931640625 (ms), cudaEventElapsed = 46.223358154296875 (ms)
[RANK1] W @ 982.746337890625 (ms) to 1006.669921875 (ms), cudaEventElapsed = 23.90118408203125 (ms)
[RANK1] W @ 1006.954833984375 (ms) to 1033.4599609375 (ms), cudaEventElapsed = 26.48371124267578 (ms)
[RANK1] B @ 1034.305419921875 (ms) to 1081.82666015625 (ms), cudaEventElapsed = 47.50028610229492 (ms)
[RANK1] B @ 1083.08154296875 (ms) to 1128.0283203125 (ms), cudaEventElapsed = 44.9249267578125 (ms)
[RANK1] W @ 1129.5712890625 (ms) to 1152.97802734375 (ms), cudaEventElapsed = 23.383039474487305 (ms)
[RANK1] B @ 1153.73779296875 (ms) to 1199.96533203125 (ms), cudaEventElapsed = 46.20800018310547 (ms)
[RANK1] W @ 1200.64990234375 (ms) to 1224.56884765625 (ms), cudaEventElapsed = 23.89913558959961 (ms)
[RANK1] W @ 1224.8271484375 (ms) to 1251.3828125 (ms), cudaEventElapsed = 26.53388786315918 (ms)
[RANK1] B @ 1252.138427734375 (ms) to 1301.110107421875 (ms), cudaEventElapsed = 48.951297760009766 (ms)
[RANK1] W @ 1301.884765625 (ms) to 1329.396728515625 (ms), cudaEventElapsed = 27.489280700683594 (ms)
[RANK1] B @ 1330.16162109375 (ms) to 1378.28271484375 (ms), cudaEventElapsed = 48.1003532409668 (ms)
[RANK1] 4W @ 1379.36376953125 (ms) to 1489.904541015625 (ms), cudaEventElapsed = 110.51622772216797 (ms)
[RANK1] Iteration 6
[RANK1] F @ 31.8115234375 (ms) to 63.596435546875 (ms), cudaEventElapsed = 31.75935935974121 (ms)
[RANK1] F @ 65.7744140625 (ms) to 99.60693359375 (ms), cudaEventElapsed = 33.80223846435547 (ms)
[RANK1] F @ 101.1923828125 (ms) to 138.161376953125 (ms), cudaEventElapsed = 36.93977737426758 (ms)
[RANK1] F @ 139.8896484375 (ms) to 176.160888671875 (ms), cudaEventElapsed = 36.24140930175781 (ms)
[RANK1] F @ 177.74755859375 (ms) to 213.6865234375 (ms), cudaEventElapsed = 35.90963363647461 (ms)
[RANK1] F @ 215.376220703125 (ms) to 250.955322265625 (ms), cudaEventElapsed = 35.550209045410156 (ms)
[RANK1] F @ 252.7158203125 (ms) to 288.38623046875 (ms), cudaEventElapsed = 35.63929748535156 (ms)
[RANK1] F @ 289.82275390625 (ms) to 325.639892578125 (ms), cudaEventElapsed = 35.789825439453125 (ms)
[RANK1] B @ 429.364990234375 (ms) to 470.41064453125 (ms), cudaEventElapsed = 41.018367767333984 (ms)
[RANK1] F @ 471.811279296875 (ms) to 505.036376953125 (ms), cudaEventElapsed = 33.19807815551758 (ms)
[RANK1] F @ 506.714599609375 (ms) to 561.672607421875 (ms), cudaEventElapsed = 54.928382873535156 (ms)
[RANK1] B @ 564.1669921875 (ms) to 608.111083984375 (ms), cudaEventElapsed = 43.91526412963867 (ms)
[RANK1] F @ 609.77099609375 (ms) to 644.540283203125 (ms), cudaEventElapsed = 34.7402229309082 (ms)
[RANK1] B @ 645.963134765625 (ms) to 691.376220703125 (ms), cudaEventElapsed = 45.38470458984375 (ms)
[RANK1] F @ 693.3134765625 (ms) to 728.547119140625 (ms), cudaEventElapsed = 35.19180679321289 (ms)
[RANK1] B @ 729.8642578125 (ms) to 791.074951171875 (ms), cudaEventElapsed = 61.18912124633789 (ms)
[RANK1] B @ 792.86572265625 (ms) to 835.710205078125 (ms), cudaEventElapsed = 42.82368087768555 (ms)
[RANK1] W @ 836.43603515625 (ms) to 858.858154296875 (ms), cudaEventElapsed = 22.398975372314453 (ms)
[RANK1] B @ 859.66748046875 (ms) to 907.833251953125 (ms), cudaEventElapsed = 48.14438247680664 (ms)
[RANK1] W @ 908.59423828125 (ms) to 933.28564453125 (ms), cudaEventElapsed = 24.670207977294922 (ms)
[RANK1] B @ 934.068115234375 (ms) to 980.5888671875 (ms), cudaEventElapsed = 46.49574279785156 (ms)
[RANK1] W @ 981.2958984375 (ms) to 1005.324462890625 (ms), cudaEventElapsed = 24.007680892944336 (ms)
[RANK1] W @ 1005.619873046875 (ms) to 1032.01416015625 (ms), cudaEventElapsed = 26.3690242767334 (ms)
[RANK1] B @ 1032.9072265625 (ms) to 1080.781982421875 (ms), cudaEventElapsed = 47.85356903076172 (ms)
[RANK1] B @ 1082.02392578125 (ms) to 1127.0634765625 (ms), cudaEventElapsed = 45.01708984375 (ms)
[RANK1] W @ 1128.3955078125 (ms) to 1151.82763671875 (ms), cudaEventElapsed = 23.407615661621094 (ms)
[RANK1] B @ 1152.586669921875 (ms) to 1198.80029296875 (ms), cudaEventElapsed = 46.19059371948242 (ms)
[RANK1] W @ 1199.508544921875 (ms) to 1223.517822265625 (ms), cudaEventElapsed = 23.987199783325195 (ms)
[RANK1] W @ 1223.79443359375 (ms) to 1250.21533203125 (ms), cudaEventElapsed = 26.398719787597656 (ms)
[RANK1] B @ 1250.965576171875 (ms) to 1299.345947265625 (ms), cudaEventElapsed = 48.35942459106445 (ms)
[RANK1] W @ 1300.11181640625 (ms) to 1326.979736328125 (ms), cudaEventElapsed = 26.846208572387695 (ms)
[RANK1] B @ 1327.740478515625 (ms) to 1376.147216796875 (ms), cudaEventElapsed = 48.38399887084961 (ms)
[RANK1] 4W @ 1377.22314453125 (ms) to 1485.486083984375 (ms), cudaEventElapsed = 108.23987579345703 (ms)
[RANK1] Iteration 7
[RANK1] F @ 32.500732421875 (ms) to 64.692626953125 (ms), cudaEventElapsed = 32.163841247558594 (ms)
[RANK1] F @ 66.832763671875 (ms) to 99.8017578125 (ms), cudaEventElapsed = 32.93900680541992 (ms)
[RANK1] F @ 101.362548828125 (ms) to 136.9599609375 (ms), cudaEventElapsed = 35.5676155090332 (ms)
[RANK1] F @ 138.661865234375 (ms) to 174.671142578125 (ms), cudaEventElapsed = 35.980289459228516 (ms)
[RANK1] F @ 176.27392578125 (ms) to 212.581787109375 (ms), cudaEventElapsed = 36.27827072143555 (ms)
[RANK1] F @ 214.262939453125 (ms) to 250.416259765625 (ms), cudaEventElapsed = 36.11955261230469 (ms)
[RANK1] F @ 252.1796875 (ms) to 288.230712890625 (ms), cudaEventElapsed = 36.02227020263672 (ms)
[RANK1] F @ 289.722900390625 (ms) to 325.656005859375 (ms), cudaEventElapsed = 35.90041732788086 (ms)
[RANK1] B @ 426.31982421875 (ms) to 467.39404296875 (ms), cudaEventElapsed = 41.046016693115234 (ms)
[RANK1] F @ 468.98046875 (ms) to 503.659423828125 (ms), cudaEventElapsed = 34.64908981323242 (ms)
[RANK1] F @ 505.336181640625 (ms) to 561.390869140625 (ms), cudaEventElapsed = 56.027137756347656 (ms)
[RANK1] B @ 563.05859375 (ms) to 607.103271484375 (ms), cudaEventElapsed = 44.021759033203125 (ms)
[RANK1] F @ 608.648681640625 (ms) to 644.088623046875 (ms), cudaEventElapsed = 35.4150390625 (ms)
[RANK1] B @ 645.346923828125 (ms) to 691.008544921875 (ms), cudaEventElapsed = 45.637630462646484 (ms)
[RANK1] F @ 692.427978515625 (ms) to 728.1083984375 (ms), cudaEventElapsed = 35.65465545654297 (ms)
[RANK1] B @ 729.456787109375 (ms) to 792.259521484375 (ms), cudaEventElapsed = 62.78041458129883 (ms)
[RANK1] B @ 794.7294921875 (ms) to 837.4423828125 (ms), cudaEventElapsed = 42.68646240234375 (ms)
[RANK1] W @ 838.436279296875 (ms) to 861.502197265625 (ms), cudaEventElapsed = 23.037952423095703 (ms)
[RANK1] B @ 862.29150390625 (ms) to 908.607666015625 (ms), cudaEventElapsed = 46.291969299316406 (ms)
[RANK1] W @ 909.42529296875 (ms) to 933.275146484375 (ms), cudaEventElapsed = 23.826431274414062 (ms)
[RANK1] B @ 934.05712890625 (ms) to 981.34228515625 (ms), cudaEventElapsed = 47.26374435424805 (ms)
[RANK1] W @ 982.051513671875 (ms) to 1006.174072265625 (ms), cudaEventElapsed = 24.09984016418457 (ms)
[RANK1] W @ 1006.45849609375 (ms) to 1031.845703125 (ms), cudaEventElapsed = 25.361408233642578 (ms)
[RANK1] B @ 1032.77294921875 (ms) to 1080.7626953125 (ms), cudaEventElapsed = 47.96723175048828 (ms)
[RANK1] B @ 1082.01123046875 (ms) to 1126.985595703125 (ms), cudaEventElapsed = 44.9536018371582 (ms)
[RANK1] W @ 1128.528076171875 (ms) to 1151.700927734375 (ms), cudaEventElapsed = 23.147520065307617 (ms)
[RANK1] B @ 1152.45947265625 (ms) to 1199.794189453125 (ms), cudaEventElapsed = 47.31187057495117 (ms)
[RANK1] W @ 1200.489501953125 (ms) to 1224.76611328125 (ms), cudaEventElapsed = 24.2554874420166 (ms)
[RANK1] W @ 1225.044677734375 (ms) to 1250.642578125 (ms), cudaEventElapsed = 25.575424194335938 (ms)
[RANK1] B @ 1251.4091796875 (ms) to 1300.31005859375 (ms), cudaEventElapsed = 48.87654495239258 (ms)
[RANK1] W @ 1301.12939453125 (ms) to 1327.991943359375 (ms), cudaEventElapsed = 26.840063095092773 (ms)
[RANK1] B @ 1328.754638671875 (ms) to 1376.534423828125 (ms), cudaEventElapsed = 47.759361267089844 (ms)
[RANK1] 4W @ 1377.61279296875 (ms) to 1488.039306640625 (ms), cudaEventElapsed = 110.40255737304688 (ms)
[RANK1] Iteration 8
[RANK1] F @ 33.637939453125 (ms) to 65.5078125 (ms), cudaEventElapsed = 31.84435272216797 (ms)
[RANK1] F @ 67.38916015625 (ms) to 100.86474609375 (ms), cudaEventElapsed = 33.44998550415039 (ms)
[RANK1] F @ 102.21923828125 (ms) to 138.880859375 (ms), cudaEventElapsed = 36.63667297363281 (ms)
[RANK1] F @ 140.603515625 (ms) to 177.10595703125 (ms), cudaEventElapsed = 36.47180938720703 (ms)
[RANK1] F @ 178.68359375 (ms) to 214.665283203125 (ms), cudaEventElapsed = 35.952640533447266 (ms)
[RANK1] F @ 216.228271484375 (ms) to 252.259033203125 (ms), cudaEventElapsed = 35.99871826171875 (ms)
[RANK1] F @ 254.060791015625 (ms) to 290.39404296875 (ms), cudaEventElapsed = 36.3059196472168 (ms)
[RANK1] F @ 291.643798828125 (ms) to 327.764404296875 (ms), cudaEventElapsed = 36.09804916381836 (ms)
[RANK1] B @ 432.20703125 (ms) to 473.285400390625 (ms), cudaEventElapsed = 41.055233001708984 (ms)
[RANK1] F @ 474.531982421875 (ms) to 508.50439453125 (ms), cudaEventElapsed = 33.950721740722656 (ms)
[RANK1] F @ 509.899658203125 (ms) to 564.03173828125 (ms), cudaEventElapsed = 54.10918426513672 (ms)
[RANK1] B @ 566.0048828125 (ms) to 610.01953125 (ms), cudaEventElapsed = 43.99103927612305 (ms)
[RANK1] F @ 611.601318359375 (ms) to 646.78955078125 (ms), cudaEventElapsed = 35.16313552856445 (ms)
[RANK1] B @ 648.04248046875 (ms) to 693.143310546875 (ms), cudaEventElapsed = 45.076480865478516 (ms)
[RANK1] F @ 694.482666015625 (ms) to 729.838623046875 (ms), cudaEventElapsed = 35.33107376098633 (ms)
[RANK1] B @ 731.19775390625 (ms) to 793.99755859375 (ms), cudaEventElapsed = 62.77427291870117 (ms)
[RANK1] B @ 795.4375 (ms) to 838.174560546875 (ms), cudaEventElapsed = 42.71513748168945 (ms)
[RANK1] W @ 838.961181640625 (ms) to 862.923583984375 (ms), cudaEventElapsed = 23.939071655273438 (ms)
[RANK1] B @ 863.7216796875 (ms) to 910.62255859375 (ms), cudaEventElapsed = 46.8746223449707 (ms)
[RANK1] W @ 911.4287109375 (ms) to 935.346435546875 (ms), cudaEventElapsed = 23.89401626586914 (ms)
[RANK1] B @ 936.166259765625 (ms) to 983.252685546875 (ms), cudaEventElapsed = 47.054847717285156 (ms)
[RANK1] W @ 983.983642578125 (ms) to 1007.9873046875 (ms), cudaEventElapsed = 23.981056213378906 (ms)
[RANK1] W @ 1008.278076171875 (ms) to 1033.601318359375 (ms), cudaEventElapsed = 25.2989444732666 (ms)
[RANK1] B @ 1034.463623046875 (ms) to 1082.348388671875 (ms), cudaEventElapsed = 47.86278533935547 (ms)
[RANK1] B @ 1083.6328125 (ms) to 1128.552490234375 (ms), cudaEventElapsed = 44.891136169433594 (ms)
[RANK1] W @ 1129.883544921875 (ms) to 1152.816650390625 (ms), cudaEventElapsed = 22.90995216369629 (ms)
[RANK1] B @ 1153.57958984375 (ms) to 1201.023193359375 (ms), cudaEventElapsed = 47.42348861694336 (ms)
[RANK1] W @ 1201.72705078125 (ms) to 1226.1484375 (ms), cudaEventElapsed = 24.398847579956055 (ms)
[RANK1] W @ 1226.41943359375 (ms) to 1252.11767578125 (ms), cudaEventElapsed = 25.676799774169922 (ms)
[RANK1] B @ 1252.88671875 (ms) to 1302.433837890625 (ms), cudaEventElapsed = 49.52678298950195 (ms)
[RANK1] W @ 1303.21826171875 (ms) to 1331.675537109375 (ms), cudaEventElapsed = 28.425216674804688 (ms)
[RANK1] B @ 1332.444580078125 (ms) to 1381.11279296875 (ms), cudaEventElapsed = 48.64716720581055 (ms)
[RANK1] 4W @ 1382.19873046875 (ms) to 1491.923828125 (ms), cudaEventElapsed = 109.70111846923828 (ms)
[RANK1] Iteration 9
[RANK1] F @ 34.388916015625 (ms) to 66.802734375 (ms), cudaEventElapsed = 32.38399887084961 (ms)
[RANK1] F @ 69.080078125 (ms) to 102.71337890625 (ms), cudaEventElapsed = 33.60255813598633 (ms)
[RANK1] F @ 104.339599609375 (ms) to 140.86181640625 (ms), cudaEventElapsed = 36.492286682128906 (ms)
[RANK1] F @ 142.5771484375 (ms) to 179.367919921875 (ms), cudaEventElapsed = 36.76057434082031 (ms)
[RANK1] F @ 180.941162109375 (ms) to 217.1455078125 (ms), cudaEventElapsed = 36.17484664916992 (ms)
[RANK1] F @ 218.7294921875 (ms) to 255.098388671875 (ms), cudaEventElapsed = 36.3397102355957 (ms)
[RANK1] F @ 256.87060546875 (ms) to 292.958251953125 (ms), cudaEventElapsed = 36.05503845214844 (ms)
[RANK1] F @ 294.479736328125 (ms) to 330.52783203125 (ms), cudaEventElapsed = 36.0181770324707 (ms)
[RANK1] B @ 433.5537109375 (ms) to 474.57470703125 (ms), cudaEventElapsed = 40.990718841552734 (ms)
[RANK1] F @ 475.875732421875 (ms) to 510.247802734375 (ms), cudaEventElapsed = 34.3480339050293 (ms)
[RANK1] F @ 511.6611328125 (ms) to 566.1669921875 (ms), cudaEventElapsed = 54.48396682739258 (ms)
[RANK1] B @ 567.839599609375 (ms) to 611.576171875 (ms), cudaEventElapsed = 43.7022705078125 (ms)
[RANK1] F @ 613.36572265625 (ms) to 647.73681640625 (ms), cudaEventElapsed = 34.3480339050293 (ms)
[RANK1] B @ 648.989501953125 (ms) to 694.160888671875 (ms), cudaEventElapsed = 45.14918518066406 (ms)
[RANK1] F @ 695.5322265625 (ms) to 731.126708984375 (ms), cudaEventElapsed = 35.569664001464844 (ms)
[RANK1] B @ 732.4619140625 (ms) to 796.874755859375 (ms), cudaEventElapsed = 64.38912200927734 (ms)
[RANK1] B @ 798.294921875 (ms) to 840.947998046875 (ms), cudaEventElapsed = 42.63014221191406 (ms)
[RANK1] W @ 841.9326171875 (ms) to 865.0439453125 (ms), cudaEventElapsed = 23.07891273498535 (ms)
[RANK1] B @ 865.88330078125 (ms) to 912.473876953125 (ms), cudaEventElapsed = 46.56537628173828 (ms)
[RANK1] W @ 913.28076171875 (ms) to 936.928466796875 (ms), cudaEventElapsed = 23.621631622314453 (ms)
[RANK1] B @ 937.75537109375 (ms) to 985.221435546875 (ms), cudaEventElapsed = 47.44294357299805 (ms)
[RANK1] W @ 985.947021484375 (ms) to 1010.384765625 (ms), cudaEventElapsed = 24.413183212280273 (ms)
[RANK1] W @ 1010.70166015625 (ms) to 1036.616455078125 (ms), cudaEventElapsed = 25.887744903564453 (ms)
[RANK1] B @ 1037.5263671875 (ms) to 1085.47705078125 (ms), cudaEventElapsed = 47.929344177246094 (ms)
[RANK1] B @ 1086.76513671875 (ms) to 1131.79833984375 (ms), cudaEventElapsed = 45.011966705322266 (ms)
[RANK1] W @ 1133.435546875 (ms) to 1155.95703125 (ms), cudaEventElapsed = 22.493183135986328 (ms)
[RANK1] B @ 1156.741943359375 (ms) to 1203.679931640625 (ms), cudaEventElapsed = 46.915584564208984 (ms)
[RANK1] W @ 1204.3896484375 (ms) to 1228.9140625 (ms), cudaEventElapsed = 24.50124740600586 (ms)
[RANK1] W @ 1229.212646484375 (ms) to 1255.16357421875 (ms), cudaEventElapsed = 25.92460823059082 (ms)
[RANK1] B @ 1255.93603515625 (ms) to 1304.6923828125 (ms), cudaEventElapsed = 48.735233306884766 (ms)
[RANK1] W @ 1305.49267578125 (ms) to 1332.634033203125 (ms), cudaEventElapsed = 27.11756706237793 (ms)
[RANK1] B @ 1333.421630859375 (ms) to 1381.210205078125 (ms), cudaEventElapsed = 47.76652908325195 (ms)
[RANK1] 4W @ 1382.31884765625 (ms) to 1493.781982421875 (ms), cudaEventElapsed = 111.43577575683594 (ms)
