[RANK1] Iteration 1
[RANK1] F @ 92.349853515625 (ms) to 124.45361328125 (ms), cudaEventElapsed = 32.0470085144043 (ms)
[RANK1] F @ 176.2587890625 (ms) to 207.826904296875 (ms), cudaEventElapsed = 31.514368057250977 (ms)
[RANK1] F @ 208.265625 (ms) to 242.729248046875 (ms), cudaEventElapsed = 34.42201614379883 (ms)
[RANK1] F @ 243.042236328125 (ms) to 521.1484375 (ms), cudaEventElapsed = 278.0711669921875 (ms)
[RANK1] F @ 522.838623046875 (ms) to 559.305908203125 (ms), cudaEventElapsed = 36.42998504638672 (ms)
[RANK1] B @ 574.173583984375 (ms) to 615.704833984375 (ms), cudaEventElapsed = 41.490814208984375 (ms)
[RANK1] F @ 619.1953125 (ms) to 651.52685546875 (ms), cudaEventElapsed = 32.293121337890625 (ms)
[RANK1] B @ 651.84326171875 (ms) to 695.970458984375 (ms), cudaEventElapsed = 44.0951042175293 (ms)
[RANK1] F @ 697.22216796875 (ms) to 731.498046875 (ms), cudaEventElapsed = 34.24201583862305 (ms)
[RANK1] B @ 731.81982421875 (ms) to 776.13330078125 (ms), cudaEventElapsed = 44.28220748901367 (ms)
[RANK1] F @ 776.4541015625 (ms) to 810.886474609375 (ms), cudaEventElapsed = 34.400672912597656 (ms)
[RANK1] B @ 811.2578125 (ms) to 856.2236328125 (ms), cudaEventElapsed = 44.93305587768555 (ms)
[RANK1] W @ 856.446533203125 (ms) to 878.326171875 (ms), cudaEventElapsed = 21.848064422607422 (ms)
[RANK1] F @ 878.453125 (ms) to 913.01220703125 (ms), cudaEventElapsed = 34.52979278564453 (ms)
[RANK1] B @ 1067.345703125 (ms) to 1107.3935546875 (ms), cudaEventElapsed = 40.00841522216797 (ms)
[RANK1] B @ 1146.24755859375 (ms) to 1185.59130859375 (ms), cudaEventElapsed = 39.30268859863281 (ms)
[RANK1] W @ 1185.7392578125 (ms) to 1205.065673828125 (ms), cudaEventElapsed = 19.296255111694336 (ms)
[RANK1] F @ 1205.30419921875 (ms) to 1239.820068359375 (ms), cudaEventElapsed = 34.48543930053711 (ms)
[RANK1] B @ 1248.22802734375 (ms) to 1292.376220703125 (ms), cudaEventElapsed = 44.112449645996094 (ms)
[RANK1] B @ 1293.617919921875 (ms) to 1335.279296875 (ms), cudaEventElapsed = 41.62937545776367 (ms)
[RANK1] W @ 1335.4150390625 (ms) to 1355.906005859375 (ms), cudaEventElapsed = 20.45747184753418 (ms)
[RANK1] F @ 1356.139404296875 (ms) to 1391.087158203125 (ms), cudaEventElapsed = 34.91718292236328 (ms)
[RANK1] B @ 1391.361328125 (ms) to 1436.40478515625 (ms), cudaEventElapsed = 45.012351989746094 (ms)
[RANK1] W @ 1436.60693359375 (ms) to 1459.07568359375 (ms), cudaEventElapsed = 21.373952865600586 (ms)
[RANK1] F @ 1459.320068359375 (ms) to 1493.6064453125 (ms), cudaEventElapsed = 34.25580978393555 (ms)
[RANK1] B @ 1493.89404296875 (ms) to 1538.31591796875 (ms), cudaEventElapsed = 44.3900146484375 (ms)
[RANK1] W @ 1538.452392578125 (ms) to 1559.775390625 (ms), cudaEventElapsed = 21.288959503173828 (ms)
[RANK1] W @ 1559.90625 (ms) to 1581.584716796875 (ms), cudaEventElapsed = 21.6494083404541 (ms)
[RANK1] B @ 1593.818115234375 (ms) to 1635.26416015625 (ms), cudaEventElapsed = 41.41449737548828 (ms)
[RANK1] W @ 1635.388916015625 (ms) to 1655.411865234375 (ms), cudaEventElapsed = 19.988479614257812 (ms)
[RANK1] W @ 1655.54150390625 (ms) to 1676.707763671875 (ms), cudaEventElapsed = 21.139455795288086 (ms)
[RANK1] B @ 1679.65771484375 (ms) to 1721.806884765625 (ms), cudaEventElapsed = 42.11814498901367 (ms)
[RANK1] 4W @ 1721.935546875 (ms) to 1805.157958984375 (ms), cudaEventElapsed = 83.18975830078125 (ms)
[RANK1] Iteration 2
[RANK1] F @ 29.69775390625 (ms) to 61.599609375 (ms), cudaEventElapsed = 31.863231658935547 (ms)
[RANK1] F @ 62.01318359375 (ms) to 96.117919921875 (ms), cudaEventElapsed = 34.07078552246094 (ms)
[RANK1] F @ 96.514404296875 (ms) to 133.38720703125 (ms), cudaEventElapsed = 36.828704833984375 (ms)
[RANK1] F @ 133.738525390625 (ms) to 169.940185546875 (ms), cudaEventElapsed = 36.168575286865234 (ms)
[RANK1] F @ 171.444580078125 (ms) to 207.51416015625 (ms), cudaEventElapsed = 36.032958984375 (ms)
[RANK1] B @ 224.035888671875 (ms) to 265.996337890625 (ms), cudaEventElapsed = 41.91923141479492 (ms)
[RANK1] F @ 266.361572265625 (ms) to 299.120361328125 (ms), cudaEventElapsed = 32.725982666015625 (ms)
[RANK1] B @ 302.854248046875 (ms) to 345.93798828125 (ms), cudaEventElapsed = 43.04880142211914 (ms)
[RANK1] F @ 347.305908203125 (ms) to 380.91845703125 (ms), cudaEventElapsed = 33.57788848876953 (ms)
[RANK1] B @ 382.841064453125 (ms) to 426.338134765625 (ms), cudaEventElapsed = 43.46121597290039 (ms)
[RANK1] F @ 426.704833984375 (ms) to 460.637451171875 (ms), cudaEventElapsed = 33.89990234375 (ms)
[RANK1] B @ 463.211181640625 (ms) to 506.710693359375 (ms), cudaEventElapsed = 43.463680267333984 (ms)
[RANK1] W @ 506.9560546875 (ms) to 528.2998046875 (ms), cudaEventElapsed = 21.194751739501953 (ms)
[RANK1] F @ 528.4541015625 (ms) to 561.91357421875 (ms), cudaEventElapsed = 33.42931365966797 (ms)
[RANK1] B @ 563.244384765625 (ms) to 608.513916015625 (ms), cudaEventElapsed = 45.23699188232422 (ms)
[RANK1] B @ 621.05810546875 (ms) to 661.63818359375 (ms), cudaEventElapsed = 40.54438400268555 (ms)
[RANK1] W @ 661.813232421875 (ms) to 681.3828125 (ms), cudaEventElapsed = 19.536895751953125 (ms)
[RANK1] F @ 681.654541015625 (ms) to 715.90234375 (ms), cudaEventElapsed = 34.21798324584961 (ms)
[RANK1] B @ 723.392333984375 (ms) to 768.031005859375 (ms), cudaEventElapsed = 44.60163116455078 (ms)
[RANK1] B @ 769.408203125 (ms) to 810.589599609375 (ms), cudaEventElapsed = 41.148319244384766 (ms)
[RANK1] W @ 810.7646484375 (ms) to 830.471923828125 (ms), cudaEventElapsed = 19.67206382751465 (ms)
[RANK1] F @ 830.748291015625 (ms) to 865.03955078125 (ms), cudaEventElapsed = 34.2619514465332 (ms)
[RANK1] B @ 865.362548828125 (ms) to 910.156982421875 (ms), cudaEventElapsed = 44.76006317138672 (ms)
[RANK1] W @ 910.414306640625 (ms) to 933.2763671875 (ms), cudaEventElapsed = 21.782527923583984 (ms)
[RANK1] F @ 933.5498046875 (ms) to 968.03759765625 (ms), cudaEventElapsed = 34.4574089050293 (ms)
[RANK1] B @ 968.34765625 (ms) to 1012.19482421875 (ms), cudaEventElapsed = 43.81391906738281 (ms)
[RANK1] W @ 1012.35498046875 (ms) to 1033.203857421875 (ms), cudaEventElapsed = 20.813823699951172 (ms)
[RANK1] W @ 1033.367431640625 (ms) to 1054.795654296875 (ms), cudaEventElapsed = 21.398527145385742 (ms)
[RANK1] B @ 1069.845703125 (ms) to 1110.19677734375 (ms), cudaEventElapsed = 40.31740951538086 (ms)
[RANK1] W @ 1110.357666015625 (ms) to 1129.5908203125 (ms), cudaEventElapsed = 19.198976516723633 (ms)
[RANK1] W @ 1129.746826171875 (ms) to 1150.7646484375 (ms), cudaEventElapsed = 20.989952087402344 (ms)
[RANK1] B @ 1155.79833984375 (ms) to 1198.14990234375 (ms), cudaEventElapsed = 42.32057571411133 (ms)
[RANK1] 4W @ 1198.315673828125 (ms) to 1281.596435546875 (ms), cudaEventElapsed = 83.23993682861328 (ms)
[RANK1] Iteration 3
[RANK1] F @ 29.413330078125 (ms) to 61.31982421875 (ms), cudaEventElapsed = 31.868736267089844 (ms)
[RANK1] F @ 61.720947265625 (ms) to 95.935302734375 (ms), cudaEventElapsed = 34.180606842041016 (ms)
[RANK1] F @ 96.417724609375 (ms) to 133.27880859375 (ms), cudaEventElapsed = 36.82876968383789 (ms)
[RANK1] F @ 133.5966796875 (ms) to 169.6376953125 (ms), cudaEventElapsed = 36.007808685302734 (ms)
[RANK1] F @ 170.975341796875 (ms) to 206.73828125 (ms), cudaEventElapsed = 35.727073669433594 (ms)
[RANK1] B @ 223.771240234375 (ms) to 265.552734375 (ms), cudaEventElapsed = 41.741729736328125 (ms)
[RANK1] F @ 265.9208984375 (ms) to 299.334228515625 (ms), cudaEventElapsed = 33.37907028198242 (ms)
[RANK1] B @ 301.94482421875 (ms) to 345.61572265625 (ms), cudaEventElapsed = 43.637088775634766 (ms)
[RANK1] F @ 346.962646484375 (ms) to 380.609619140625 (ms), cudaEventElapsed = 33.612510681152344 (ms)
[RANK1] B @ 381.3623046875 (ms) to 425.10546875 (ms), cudaEventElapsed = 43.710113525390625 (ms)
[RANK1] F @ 425.466552734375 (ms) to 459.60302734375 (ms), cudaEventElapsed = 34.10377502441406 (ms)
[RANK1] B @ 462.010498046875 (ms) to 505.697998046875 (ms), cudaEventElapsed = 43.651519775390625 (ms)
[RANK1] W @ 505.93896484375 (ms) to 527.280517578125 (ms), cudaEventElapsed = 21.215232849121094 (ms)
[RANK1] F @ 527.430908203125 (ms) to 560.947998046875 (ms), cudaEventElapsed = 33.486366271972656 (ms)
[RANK1] B @ 562.23681640625 (ms) to 607.31591796875 (ms), cudaEventElapsed = 45.04579162597656 (ms)
[RANK1] B @ 620.421875 (ms) to 660.84326171875 (ms), cudaEventElapsed = 40.381919860839844 (ms)
[RANK1] W @ 661.015625 (ms) to 680.4345703125 (ms), cudaEventElapsed = 19.385343551635742 (ms)
[RANK1] F @ 680.710205078125 (ms) to 715.253173828125 (ms), cudaEventElapsed = 34.513633728027344 (ms)
[RANK1] B @ 723.67578125 (ms) to 768.253662109375 (ms), cudaEventElapsed = 44.54227066040039 (ms)
[RANK1] B @ 769.85107421875 (ms) to 811.080078125 (ms), cudaEventElapsed = 41.19724655151367 (ms)
[RANK1] W @ 811.259033203125 (ms) to 830.980224609375 (ms), cudaEventElapsed = 19.686399459838867 (ms)
[RANK1] F @ 831.239501953125 (ms) to 865.380126953125 (ms), cudaEventElapsed = 34.11123275756836 (ms)
[RANK1] B @ 865.70068359375 (ms) to 910.44580078125 (ms), cudaEventElapsed = 44.71315383911133 (ms)
[RANK1] W @ 910.693115234375 (ms) to 933.375244140625 (ms), cudaEventElapsed = 21.67193603515625 (ms)
[RANK1] F @ 933.649169921875 (ms) to 968.1865234375 (ms), cudaEventElapsed = 34.50678253173828 (ms)
[RANK1] B @ 968.497314453125 (ms) to 1012.306396484375 (ms), cudaEventElapsed = 43.77724838256836 (ms)
[RANK1] W @ 1012.470947265625 (ms) to 1033.342529296875 (ms), cudaEventElapsed = 20.83839988708496 (ms)
[RANK1] W @ 1033.5048828125 (ms) to 1054.918212890625 (ms), cudaEventElapsed = 21.386240005493164 (ms)
[RANK1] B @ 1070.801025390625 (ms) to 1111.323974609375 (ms), cudaEventElapsed = 40.490623474121094 (ms)
[RANK1] W @ 1111.484375 (ms) to 1130.91162109375 (ms), cudaEventElapsed = 19.39148712158203 (ms)
[RANK1] W @ 1131.071044921875 (ms) to 1152.205322265625 (ms), cudaEventElapsed = 21.10259246826172 (ms)
[RANK1] B @ 1157.08642578125 (ms) to 1199.57421875 (ms), cudaEventElapsed = 42.45619201660156 (ms)
[RANK1] 4W @ 1199.734619140625 (ms) to 1283.59814453125 (ms), cudaEventElapsed = 83.82975769042969 (ms)
[RANK1] Iteration 4
[RANK1] F @ 29.515380859375 (ms) to 61.421875 (ms), cudaEventElapsed = 31.86944007873535 (ms)
[RANK1] F @ 61.814453125 (ms) to 96.290771484375 (ms), cudaEventElapsed = 34.443870544433594 (ms)
[RANK1] F @ 96.689208984375 (ms) to 133.568603515625 (ms), cudaEventElapsed = 36.84675216674805 (ms)
[RANK1] F @ 133.90625 (ms) to 170.1171875 (ms), cudaEventElapsed = 36.177696228027344 (ms)
[RANK1] F @ 171.572265625 (ms) to 207.697265625 (ms), cudaEventElapsed = 36.088321685791016 (ms)
[RANK1] B @ 225.47998046875 (ms) to 267.889404296875 (ms), cudaEventElapsed = 42.36870574951172 (ms)
[RANK1] F @ 268.255859375 (ms) to 303.38818359375 (ms), cudaEventElapsed = 35.10188674926758 (ms)
[RANK1] B @ 307.175537109375 (ms) to 351.59228515625 (ms), cudaEventElapsed = 44.37772750854492 (ms)
[RANK1] F @ 352.991943359375 (ms) to 388.8056640625 (ms), cudaEventElapsed = 35.778656005859375 (ms)
[RANK1] B @ 390.24365234375 (ms) to 434.64453125 (ms), cudaEventElapsed = 44.366302490234375 (ms)
[RANK1] F @ 435.009033203125 (ms) to 470.730224609375 (ms), cudaEventElapsed = 35.6888313293457 (ms)
[RANK1] B @ 473.7099609375 (ms) to 518.32763671875 (ms), cudaEventElapsed = 44.576927185058594 (ms)
[RANK1] W @ 518.594482421875 (ms) to 542.511474609375 (ms), cudaEventElapsed = 23.759872436523438 (ms)
[RANK1] F @ 542.672607421875 (ms) to 580.033203125 (ms), cudaEventElapsed = 37.32886505126953 (ms)
[RANK1] B @ 581.4677734375 (ms) to 628.61572265625 (ms), cudaEventElapsed = 47.11369705200195 (ms)
[RANK1] B @ 639.40869140625 (ms) to 682.381591796875 (ms), cudaEventElapsed = 42.93443298339844 (ms)
[RANK1] W @ 682.574951171875 (ms) to 705.538818359375 (ms), cudaEventElapsed = 22.92838478088379 (ms)
[RANK1] F @ 705.808837890625 (ms) to 744.312744140625 (ms), cudaEventElapsed = 38.47334289550781 (ms)
[RANK1] B @ 749.708251953125 (ms) to 795.25927734375 (ms), cudaEventElapsed = 45.51417541503906 (ms)
[RANK1] B @ 796.602783203125 (ms) to 840.326416015625 (ms), cudaEventElapsed = 43.69126510620117 (ms)
[RANK1] W @ 840.50244140625 (ms) to 864.437744140625 (ms), cudaEventElapsed = 23.89913558959961 (ms)
[RANK1] F @ 864.70361328125 (ms) to 906.384765625 (ms), cudaEventElapsed = 41.65235137939453 (ms)
[RANK1] B @ 906.70361328125 (ms) to 955.5126953125 (ms), cudaEventElapsed = 48.77635192871094 (ms)
[RANK1] W @ 955.745361328125 (ms) to 981.067138671875 (ms), cudaEventElapsed = 24.30259132385254 (ms)
[RANK1] F @ 981.3330078125 (ms) to 1019.904052734375 (ms), cudaEventElapsed = 38.541568756103516 (ms)
[RANK1] B @ 1025.162841796875 (ms) to 1069.73974609375 (ms), cudaEventElapsed = 44.542335510253906 (ms)
[RANK1] W @ 1069.90966796875 (ms) to 1092.578857421875 (ms), cudaEventElapsed = 22.63654327392578 (ms)
[RANK1] W @ 1092.7412109375 (ms) to 1121.166748046875 (ms), cudaEventElapsed = 28.389375686645508 (ms)
[RANK1] B @ 1134.567138671875 (ms) to 1179.393798828125 (ms), cudaEventElapsed = 44.793792724609375 (ms)
[RANK1] W @ 1179.56298828125 (ms) to 1203.02685546875 (ms), cudaEventElapsed = 23.434240341186523 (ms)
[RANK1] W @ 1203.18115234375 (ms) to 1229.978759765625 (ms), cudaEventElapsed = 26.769407272338867 (ms)
[RANK1] B @ 1232.5546875 (ms) to 1279.87841796875 (ms), cudaEventElapsed = 47.29151916503906 (ms)
[RANK1] 4W @ 1280.04150390625 (ms) to 1383.58740234375 (ms), cudaEventElapsed = 103.50592041015625 (ms)
[RANK1] Iteration 5
[RANK1] F @ 29.5673828125 (ms) to 61.48095703125 (ms), cudaEventElapsed = 31.877599716186523 (ms)
[RANK1] F @ 61.885986328125 (ms) to 96.28125 (ms), cudaEventElapsed = 34.362430572509766 (ms)
[RANK1] F @ 96.799072265625 (ms) to 133.14990234375 (ms), cudaEventElapsed = 36.318912506103516 (ms)
[RANK1] F @ 133.467529296875 (ms) to 169.50634765625 (ms), cudaEventElapsed = 36.005889892578125 (ms)
[RANK1] F @ 170.846435546875 (ms) to 206.804443359375 (ms), cudaEventElapsed = 35.922176361083984 (ms)
[RANK1] B @ 223.9794921875 (ms) to 266.45458984375 (ms), cudaEventElapsed = 42.43414306640625 (ms)
[RANK1] F @ 266.8056640625 (ms) to 302.10009765625 (ms), cudaEventElapsed = 35.263328552246094 (ms)
[RANK1] B @ 305.727783203125 (ms) to 350.12060546875 (ms), cudaEventElapsed = 44.35660934448242 (ms)
[RANK1] F @ 351.421630859375 (ms) to 386.99072265625 (ms), cudaEventElapsed = 35.5366096496582 (ms)
[RANK1] B @ 389.080078125 (ms) to 433.6455078125 (ms), cudaEventElapsed = 44.5313606262207 (ms)
[RANK1] F @ 434.01513671875 (ms) to 470.20654296875 (ms), cudaEventElapsed = 36.16038513183594 (ms)
[RANK1] B @ 472.624755859375 (ms) to 517.443359375 (ms), cudaEventElapsed = 44.782142639160156 (ms)
[RANK1] W @ 517.684326171875 (ms) to 541.670654296875 (ms), cudaEventElapsed = 23.843839645385742 (ms)
[RANK1] F @ 541.826904296875 (ms) to 579.039306640625 (ms), cudaEventElapsed = 37.18297576904297 (ms)
[RANK1] B @ 580.379638671875 (ms) to 627.279296875 (ms), cudaEventElapsed = 46.86569595336914 (ms)
[RANK1] B @ 637.090087890625 (ms) to 680.243896484375 (ms), cudaEventElapsed = 43.11711883544922 (ms)
[RANK1] W @ 680.4111328125 (ms) to 703.134033203125 (ms), cudaEventElapsed = 22.687744140625 (ms)
[RANK1] F @ 703.39599609375 (ms) to 742.28369140625 (ms), cudaEventElapsed = 38.8587532043457 (ms)
[RANK1] B @ 747.366455078125 (ms) to 793.696044921875 (ms), cudaEventElapsed = 46.29606246948242 (ms)
[RANK1] B @ 795.03125 (ms) to 838.913818359375 (ms), cudaEventElapsed = 43.84940719604492 (ms)
[RANK1] W @ 839.0830078125 (ms) to 862.30322265625 (ms), cudaEventElapsed = 23.184383392333984 (ms)
[RANK1] F @ 862.562255859375 (ms) to 904.31640625 (ms), cudaEventElapsed = 41.72380828857422 (ms)
[RANK1] B @ 904.6142578125 (ms) to 953.765380859375 (ms), cudaEventElapsed = 49.119937896728516 (ms)
[RANK1] W @ 954.005126953125 (ms) to 979.6025390625 (ms), cudaEventElapsed = 24.588287353515625 (ms)
[RANK1] F @ 979.874267578125 (ms) to 1018.028564453125 (ms), cudaEventElapsed = 38.12406539916992 (ms)
[RANK1] B @ 1023.08740234375 (ms) to 1067.261474609375 (ms), cudaEventElapsed = 44.13983917236328 (ms)
[RANK1] W @ 1067.422119140625 (ms) to 1090.03857421875 (ms), cudaEventElapsed = 22.581247329711914 (ms)
[RANK1] W @ 1090.203369140625 (ms) to 1119.57470703125 (ms), cudaEventElapsed = 29.34169578552246 (ms)
[RANK1] B @ 1133.20556640625 (ms) to 1177.843017578125 (ms), cudaEventElapsed = 44.60518264770508 (ms)
[RANK1] W @ 1178.004638671875 (ms) to 1201.306640625 (ms), cudaEventElapsed = 23.27039909362793 (ms)
[RANK1] W @ 1201.46044921875 (ms) to 1228.568603515625 (ms), cudaEventElapsed = 27.079679489135742 (ms)
[RANK1] B @ 1232.179931640625 (ms) to 1279.360107421875 (ms), cudaEventElapsed = 47.148895263671875 (ms)
[RANK1] 4W @ 1279.52001953125 (ms) to 1383.425048828125 (ms), cudaEventElapsed = 103.87455749511719 (ms)
[RANK1] Iteration 6
[RANK1] F @ 29.589111328125 (ms) to 61.436767578125 (ms), cudaEventElapsed = 31.812992095947266 (ms)
[RANK1] F @ 61.83251953125 (ms) to 96.905517578125 (ms), cudaEventElapsed = 35.04003143310547 (ms)
[RANK1] F @ 97.30078125 (ms) to 133.6396484375 (ms), cudaEventElapsed = 36.306175231933594 (ms)
[RANK1] F @ 133.948974609375 (ms) to 170.008544921875 (ms), cudaEventElapsed = 36.02646255493164 (ms)
[RANK1] F @ 171.3349609375 (ms) to 207.06103515625 (ms), cudaEventElapsed = 35.691104888916016 (ms)
[RANK1] B @ 224.8701171875 (ms) to 267.292724609375 (ms), cudaEventElapsed = 42.38556671142578 (ms)
[RANK1] F @ 267.639892578125 (ms) to 303.60986328125 (ms), cudaEventElapsed = 35.937889099121094 (ms)
[RANK1] B @ 307.326416015625 (ms) to 352.17041015625 (ms), cudaEventElapsed = 44.80934524536133 (ms)
[RANK1] F @ 353.50439453125 (ms) to 389.140869140625 (ms), cudaEventElapsed = 35.60015869140625 (ms)
[RANK1] B @ 390.607177734375 (ms) to 434.709716796875 (ms), cudaEventElapsed = 44.06777572631836 (ms)
[RANK1] F @ 435.060302734375 (ms) to 470.625 (ms), cudaEventElapsed = 35.53251266479492 (ms)
[RANK1] B @ 473.14599609375 (ms) to 517.7509765625 (ms), cudaEventElapsed = 44.56687927246094 (ms)
[RANK1] W @ 518.00146484375 (ms) to 541.351806640625 (ms), cudaEventElapsed = 23.195648193359375 (ms)
[RANK1] F @ 541.5087890625 (ms) to 579.39599609375 (ms), cudaEventElapsed = 37.85740661621094 (ms)
[RANK1] B @ 580.873779296875 (ms) to 628.5703125 (ms), cudaEventElapsed = 47.662559509277344 (ms)
[RANK1] B @ 637.84033203125 (ms) to 680.500732421875 (ms), cudaEventElapsed = 42.62460708618164 (ms)
[RANK1] W @ 680.682373046875 (ms) to 702.9375 (ms), cudaEventElapsed = 22.2238712310791 (ms)
[RANK1] F @ 703.213623046875 (ms) to 742.572265625 (ms), cudaEventElapsed = 39.328800201416016 (ms)
[RANK1] B @ 748.88232421875 (ms) to 795.216552734375 (ms), cudaEventElapsed = 46.29724884033203 (ms)
[RANK1] B @ 796.624755859375 (ms) to 840.3818359375 (ms), cudaEventElapsed = 43.725406646728516 (ms)
[RANK1] W @ 840.555419921875 (ms) to 863.2158203125 (ms), cudaEventElapsed = 22.627328872680664 (ms)
[RANK1] F @ 863.48828125 (ms) to 908.2998046875 (ms), cudaEventElapsed = 44.782081604003906 (ms)
[RANK1] B @ 908.614501953125 (ms) to 957.871826171875 (ms), cudaEventElapsed = 49.22447967529297 (ms)
[RANK1] W @ 958.123291015625 (ms) to 983.00634765625 (ms), cudaEventElapsed = 23.857152938842773 (ms)
[RANK1] F @ 983.28564453125 (ms) to 1022.173828125 (ms), cudaEventElapsed = 38.85776138305664 (ms)
[RANK1] B @ 1024.801513671875 (ms) to 1070.42041015625 (ms), cudaEventElapsed = 45.58467102050781 (ms)
[RANK1] W @ 1070.58740234375 (ms) to 1095.08056640625 (ms), cudaEventElapsed = 24.454143524169922 (ms)
[RANK1] W @ 1095.253662109375 (ms) to 1123.384033203125 (ms), cudaEventElapsed = 28.10163116455078 (ms)
[RANK1] B @ 1134.46630859375 (ms) to 1179.829833984375 (ms), cudaEventElapsed = 45.33123016357422 (ms)
[RANK1] W @ 1179.983154296875 (ms) to 1202.462646484375 (ms), cudaEventElapsed = 22.4399356842041 (ms)
[RANK1] W @ 1202.625 (ms) to 1229.72705078125 (ms), cudaEventElapsed = 27.071487426757812 (ms)
[RANK1] B @ 1233.37255859375 (ms) to 1280.1728515625 (ms), cudaEventElapsed = 46.766910552978516 (ms)
[RANK1] 4W @ 1280.3330078125 (ms) to 1384.2822265625 (ms), cudaEventElapsed = 103.91244506835938 (ms)
[RANK1] Iteration 7
[RANK1] F @ 26.210693359375 (ms) to 56.3173828125 (ms), cudaEventElapsed = 30.063392639160156 (ms)
[RANK1] F @ 56.77099609375 (ms) to 89.31787109375 (ms), cudaEventElapsed = 32.50569534301758 (ms)
[RANK1] F @ 89.743896484375 (ms) to 125.1298828125 (ms), cudaEventElapsed = 35.350624084472656 (ms)
[RANK1] F @ 125.462646484375 (ms) to 160.339111328125 (ms), cudaEventElapsed = 34.8416633605957 (ms)
[RANK1] F @ 161.896728515625 (ms) to 196.830322265625 (ms), cudaEventElapsed = 34.8902702331543 (ms)
[RANK1] F @ 197.299072265625 (ms) to 232.027587890625 (ms), cudaEventElapsed = 34.6912956237793 (ms)
[RANK1] F @ 232.49169921875 (ms) to 266.976806640625 (ms), cudaEventElapsed = 34.4496955871582 (ms)
[RANK1] F @ 267.31103515625 (ms) to 301.87353515625 (ms), cudaEventElapsed = 34.524513244628906 (ms)
[RANK1] F @ 303.581787109375 (ms) to 338.4794921875 (ms), cudaEventElapsed = 34.855743408203125 (ms)
[RANK1] F @ 340.22607421875 (ms) to 374.852294921875 (ms), cudaEventElapsed = 34.58515167236328 (ms)
[RANK1] F @ 376.58544921875 (ms) to 410.452880859375 (ms), cudaEventElapsed = 33.82979202270508 (ms)
[RANK1] F @ 411.998046875 (ms) to 446.1455078125 (ms), cudaEventElapsed = 34.112510681152344 (ms)
