[RANK3] Iteration 1
[RANK3] F @ 923.736083984375 (ms) to 1500.68896484375 (ms), cudaEventElapsed = 576.8939819335938 (ms)
[RANK3] B @ 1502.331298828125 (ms) to 1546.962646484375 (ms), cudaEventElapsed = 44.5931510925293 (ms)
[RANK3] F @ 1548.45751953125 (ms) to 1580.130126953125 (ms), cudaEventElapsed = 31.64569664001465 (ms)
[RANK3] B @ 1580.578857421875 (ms) to 1618.84521484375 (ms), cudaEventElapsed = 38.23820877075195 (ms)
[RANK3] F @ 1620.170654296875 (ms) to 1652.826416015625 (ms), cudaEventElapsed = 32.63180923461914 (ms)
[RANK3] B @ 1653.119873046875 (ms) to 1691.432373046875 (ms), cudaEventElapsed = 38.28838348388672 (ms)
[RANK3] F @ 1692.638916015625 (ms) to 1724.841552734375 (ms), cudaEventElapsed = 32.18022537231445 (ms)
[RANK3] B @ 1725.27490234375 (ms) to 1763.60888671875 (ms), cudaEventElapsed = 38.3006706237793 (ms)
[RANK3] F @ 1765.00439453125 (ms) to 1797.58154296875 (ms), cudaEventElapsed = 32.551937103271484 (ms)
[RANK3] B @ 1797.90625 (ms) to 1836.457275390625 (ms), cudaEventElapsed = 38.523902893066406 (ms)
[RANK3] F @ 1837.76318359375 (ms) to 1870.06103515625 (ms), cudaEventElapsed = 32.27443313598633 (ms)
[RANK3] B @ 1870.37939453125 (ms) to 1908.60498046875 (ms), cudaEventElapsed = 38.200321197509766 (ms)
[RANK3] F @ 1909.87353515625 (ms) to 1941.899169921875 (ms), cudaEventElapsed = 32.00204849243164 (ms)
[RANK3] B @ 1942.20751953125 (ms) to 1979.4501953125 (ms), cudaEventElapsed = 37.217281341552734 (ms)
[RANK3] F @ 1980.886962890625 (ms) to 2012.14892578125 (ms), cudaEventElapsed = 31.239168167114258 (ms)
[RANK3] B @ 2012.45263671875 (ms) to 2050.311279296875 (ms), cudaEventElapsed = 37.8337287902832 (ms)
[RANK3] F @ 2055.40576171875 (ms) to 2086.93017578125 (ms), cudaEventElapsed = 31.494144439697266 (ms)
[RANK3] B @ 2087.22509765625 (ms) to 2125.24658203125 (ms), cudaEventElapsed = 37.99756622314453 (ms)
[RANK3] F @ 2135.1123046875 (ms) to 2165.929931640625 (ms), cudaEventElapsed = 30.79475212097168 (ms)
[RANK3] B @ 2166.23974609375 (ms) to 2204.302734375 (ms), cudaEventElapsed = 38.03647994995117 (ms)
[RANK3] F @ 2215.080810546875 (ms) to 2246.0078125 (ms), cudaEventElapsed = 30.904319763183594 (ms)
[RANK3] B @ 2246.21630859375 (ms) to 2284.255615234375 (ms), cudaEventElapsed = 38.01599884033203 (ms)
[RANK3] F @ 2294.583251953125 (ms) to 2325.568115234375 (ms), cudaEventElapsed = 30.962688446044922 (ms)
[RANK3] B @ 2325.77734375 (ms) to 2363.624267578125 (ms), cudaEventElapsed = 37.82451248168945 (ms)
[RANK3] 12W @ 2365.525390625 (ms) to 2617.767333984375 (ms), cudaEventElapsed = 252.21119689941406 (ms)
[RANK3] Iteration 2
[RANK3] F @ 112.598388671875 (ms) to 142.90478515625 (ms), cudaEventElapsed = 30.278656005859375 (ms)
[RANK3] B @ 143.230224609375 (ms) to 180.78173828125 (ms), cudaEventElapsed = 37.526527404785156 (ms)
[RANK3] F @ 182.14306640625 (ms) to 216.3544921875 (ms), cudaEventElapsed = 34.1841926574707 (ms)
[RANK3] B @ 216.67431640625 (ms) to 255.545166015625 (ms), cudaEventElapsed = 38.84748840332031 (ms)
[RANK3] F @ 256.8369140625 (ms) to 290.252197265625 (ms), cudaEventElapsed = 33.38956832885742 (ms)
[RANK3] B @ 290.572509765625 (ms) to 329.386962890625 (ms), cudaEventElapsed = 38.789119720458984 (ms)
[RANK3] F @ 330.6865234375 (ms) to 364.45947265625 (ms), cudaEventElapsed = 33.751041412353516 (ms)
[RANK3] B @ 364.75244140625 (ms) to 403.40087890625 (ms), cudaEventElapsed = 38.626304626464844 (ms)
[RANK3] F @ 404.649658203125 (ms) to 438.087890625 (ms), cudaEventElapsed = 33.41619110107422 (ms)
[RANK3] B @ 438.374267578125 (ms) to 476.966552734375 (ms), cudaEventElapsed = 38.5689582824707 (ms)
[RANK3] F @ 483.822021484375 (ms) to 516.443603515625 (ms), cudaEventElapsed = 32.59904098510742 (ms)
[RANK3] B @ 516.72705078125 (ms) to 555.234619140625 (ms), cudaEventElapsed = 38.48396682739258 (ms)
[RANK3] F @ 571.130126953125 (ms) to 602.085693359375 (ms), cudaEventElapsed = 30.932992935180664 (ms)
[RANK3] B @ 602.39013671875 (ms) to 640.329345703125 (ms), cudaEventElapsed = 37.91360092163086 (ms)
[RANK3] F @ 656.35498046875 (ms) to 687.53369140625 (ms), cudaEventElapsed = 31.154176712036133 (ms)
[RANK3] B @ 687.8125 (ms) to 725.14501953125 (ms), cudaEventElapsed = 37.308414459228516 (ms)
[RANK3] F @ 841.21728515625 (ms) to 871.388427734375 (ms), cudaEventElapsed = 30.14348793029785 (ms)
[RANK3] B @ 871.716064453125 (ms) to 908.8681640625 (ms), cudaEventElapsed = 37.12614440917969 (ms)
[RANK3] F @ 924.83447265625 (ms) to 956.245361328125 (ms), cudaEventElapsed = 31.38662338256836 (ms)
[RANK3] B @ 956.56640625 (ms) to 994.4384765625 (ms), cudaEventElapsed = 37.84806442260742 (ms)
[RANK3] F @ 1008.224853515625 (ms) to 1039.68408203125 (ms), cudaEventElapsed = 31.434751510620117 (ms)
[RANK3] B @ 1039.9013671875 (ms) to 1077.76220703125 (ms), cudaEventElapsed = 37.837825775146484 (ms)
[RANK3] F @ 1093.732421875 (ms) to 1125.173828125 (ms), cudaEventElapsed = 31.418367385864258 (ms)
[RANK3] B @ 1125.406005859375 (ms) to 1163.28759765625 (ms), cudaEventElapsed = 37.85625457763672 (ms)
[RANK3] 12W @ 1165.42431640625 (ms) to 1452.8720703125 (ms), cudaEventElapsed = 287.4071044921875 (ms)
[RANK3] Iteration 3
[RANK3] F @ 115.138427734375 (ms) to 145.335693359375 (ms), cudaEventElapsed = 30.1711368560791 (ms)
[RANK3] B @ 145.666259765625 (ms) to 182.5576171875 (ms), cudaEventElapsed = 36.86502456665039 (ms)
[RANK3] F @ 183.99267578125 (ms) to 217.88671875 (ms), cudaEventElapsed = 33.86982345581055 (ms)
[RANK3] B @ 218.124755859375 (ms) to 256.526611328125 (ms), cudaEventElapsed = 38.373374938964844 (ms)
[RANK3] F @ 257.921630859375 (ms) to 291.3759765625 (ms), cudaEventElapsed = 33.42745590209961 (ms)
[RANK3] B @ 291.61279296875 (ms) to 330.42626953125 (ms), cudaEventElapsed = 38.7850227355957 (ms)
[RANK3] F @ 331.79443359375 (ms) to 365.54736328125 (ms), cudaEventElapsed = 33.72953414916992 (ms)
[RANK3] B @ 365.8466796875 (ms) to 404.764892578125 (ms), cudaEventElapsed = 38.89152145385742 (ms)
[RANK3] F @ 406.17626953125 (ms) to 440.133056640625 (ms), cudaEventElapsed = 33.9312629699707 (ms)
[RANK3] B @ 440.453369140625 (ms) to 479.5068359375 (ms), cudaEventElapsed = 39.025665283203125 (ms)
[RANK3] F @ 480.8779296875 (ms) to 515.259033203125 (ms), cudaEventElapsed = 34.356224060058594 (ms)
[RANK3] B @ 515.573974609375 (ms) to 553.826904296875 (ms), cudaEventElapsed = 38.22079849243164 (ms)
[RANK3] F @ 555.51611328125 (ms) to 588.44091796875 (ms), cudaEventElapsed = 32.895999908447266 (ms)
[RANK3] B @ 588.65576171875 (ms) to 627.549560546875 (ms), cudaEventElapsed = 38.87104034423828 (ms)
[RANK3] F @ 628.866455078125 (ms) to 662.63525390625 (ms), cudaEventElapsed = 33.746944427490234 (ms)
[RANK3] B @ 662.915771484375 (ms) to 701.701171875 (ms), cudaEventElapsed = 38.76044845581055 (ms)
[RANK3] F @ 703.01318359375 (ms) to 736.833251953125 (ms), cudaEventElapsed = 33.797119140625 (ms)
[RANK3] B @ 737.14794921875 (ms) to 775.556884765625 (ms), cudaEventElapsed = 38.384639739990234 (ms)
[RANK3] F @ 776.884033203125 (ms) to 809.8212890625 (ms), cudaEventElapsed = 32.91340637207031 (ms)
[RANK3] B @ 810.112548828125 (ms) to 848.638916015625 (ms), cudaEventElapsed = 38.49932861328125 (ms)
[RANK3] W @ 849.541015625 (ms) to 871.113037109375 (ms), cudaEventElapsed = 21.535743713378906 (ms)
[RANK3] F @ 872.0009765625 (ms) to 906.68359375 (ms), cudaEventElapsed = 34.66035079956055 (ms)
[RANK3] B @ 906.892822265625 (ms) to 945.9326171875 (ms), cudaEventElapsed = 39.016448974609375 (ms)
[RANK3] F @ 947.203857421875 (ms) to 982.29443359375 (ms), cudaEventElapsed = 35.06790542602539 (ms)
[RANK3] B @ 982.491943359375 (ms) to 1028.182373046875 (ms), cudaEventElapsed = 45.66630554199219 (ms)
[RANK3] 11W @ 1029.911376953125 (ms) to 1300.36767578125 (ms), cudaEventElapsed = 270.4209899902344 (ms)
[RANK3] Iteration 4
[RANK3] F @ 110.509033203125 (ms) to 140.70458984375 (ms), cudaEventElapsed = 30.16703987121582 (ms)
[RANK3] B @ 141.035400390625 (ms) to 178.158935546875 (ms), cudaEventElapsed = 37.0964469909668 (ms)
[RANK3] F @ 180.0380859375 (ms) to 214.06787109375 (ms), cudaEventElapsed = 34.00089645385742 (ms)
[RANK3] B @ 214.303466796875 (ms) to 252.8203125 (ms), cudaEventElapsed = 38.4901123046875 (ms)
[RANK3] F @ 254.209228515625 (ms) to 287.37158203125 (ms), cudaEventElapsed = 33.13868713378906 (ms)
[RANK3] B @ 287.6279296875 (ms) to 326.379638671875 (ms), cudaEventElapsed = 38.72358322143555 (ms)
[RANK3] F @ 327.729736328125 (ms) to 361.44482421875 (ms), cudaEventElapsed = 33.69062423706055 (ms)
[RANK3] B @ 361.734375 (ms) to 400.6318359375 (ms), cudaEventElapsed = 38.87308883666992 (ms)
[RANK3] F @ 401.95849609375 (ms) to 435.853759765625 (ms), cudaEventElapsed = 33.870849609375 (ms)
[RANK3] B @ 436.147216796875 (ms) to 475.011962890625 (ms), cudaEventElapsed = 38.83929443359375 (ms)
[RANK3] F @ 476.31298828125 (ms) to 510.37548828125 (ms), cudaEventElapsed = 34.0398063659668 (ms)
[RANK3] B @ 510.691650390625 (ms) to 549.365478515625 (ms), cudaEventElapsed = 38.64985656738281 (ms)
[RANK3] F @ 550.835693359375 (ms) to 584.841796875 (ms), cudaEventElapsed = 33.979393005371094 (ms)
[RANK3] B @ 585.038818359375 (ms) to 623.644775390625 (ms), cudaEventElapsed = 38.58329772949219 (ms)
[RANK3] F @ 624.927001953125 (ms) to 658.546630859375 (ms), cudaEventElapsed = 33.59641647338867 (ms)
[RANK3] B @ 658.8486328125 (ms) to 697.87548828125 (ms), cudaEventElapsed = 39.002113342285156 (ms)
[RANK3] F @ 699.18896484375 (ms) to 732.901611328125 (ms), cudaEventElapsed = 33.68960189819336 (ms)
[RANK3] B @ 733.218994140625 (ms) to 771.604736328125 (ms), cudaEventElapsed = 38.36006546020508 (ms)
[RANK3] F @ 772.9365234375 (ms) to 805.998046875 (ms), cudaEventElapsed = 33.03833770751953 (ms)
[RANK3] B @ 806.292724609375 (ms) to 844.92236328125 (ms), cudaEventElapsed = 38.606849670410156 (ms)
[RANK3] W @ 845.64306640625 (ms) to 867.168212890625 (ms), cudaEventElapsed = 21.4968318939209 (ms)
[RANK3] F @ 868.042724609375 (ms) to 902.4931640625 (ms), cudaEventElapsed = 34.42790222167969 (ms)
[RANK3] B @ 902.704345703125 (ms) to 941.74365234375 (ms), cudaEventElapsed = 39.016448974609375 (ms)
[RANK3] F @ 943.0263671875 (ms) to 977.828857421875 (ms), cudaEventElapsed = 34.78015899658203 (ms)
[RANK3] B @ 978.045166015625 (ms) to 1023.12060546875 (ms), cudaEventElapsed = 45.050880432128906 (ms)
[RANK3] 11W @ 1025.20849609375 (ms) to 1295.833740234375 (ms), cudaEventElapsed = 270.5950622558594 (ms)
[RANK3] Iteration 5
[RANK3] F @ 207.01123046875 (ms) to 237.196533203125 (ms), cudaEventElapsed = 30.15884780883789 (ms)
[RANK3] B @ 237.5234375 (ms) to 274.1376953125 (ms), cudaEventElapsed = 36.589569091796875 (ms)
[RANK3] F @ 275.953369140625 (ms) to 309.1103515625 (ms), cudaEventElapsed = 33.13151931762695 (ms)
[RANK3] B @ 309.352783203125 (ms) to 347.990966796875 (ms), cudaEventElapsed = 38.61094284057617 (ms)
[RANK3] F @ 349.28125 (ms) to 382.8251953125 (ms), cudaEventElapsed = 33.52268981933594 (ms)
[RANK3] B @ 383.042236328125 (ms) to 422.216552734375 (ms), cudaEventElapsed = 39.147518157958984 (ms)
[RANK3] F @ 423.51123046875 (ms) to 457.353515625 (ms), cudaEventElapsed = 33.81964874267578 (ms)
[RANK3] B @ 457.648193359375 (ms) to 496.083740234375 (ms), cudaEventElapsed = 38.41331100463867 (ms)
[RANK3] F @ 497.345703125 (ms) to 530.345458984375 (ms), cudaEventElapsed = 32.97587203979492 (ms)
[RANK3] B @ 530.634521484375 (ms) to 569.39013671875 (ms), cudaEventElapsed = 38.72768020629883 (ms)
[RANK3] F @ 570.7021484375 (ms) to 604.4052734375 (ms), cudaEventElapsed = 33.675262451171875 (ms)
[RANK3] B @ 604.724853515625 (ms) to 643.823486328125 (ms), cudaEventElapsed = 39.07174301147461 (ms)
[RANK3] F @ 645.1337890625 (ms) to 678.8935546875 (ms), cudaEventElapsed = 33.737728118896484 (ms)
[RANK3] B @ 679.106201171875 (ms) to 717.650634765625 (ms), cudaEventElapsed = 38.521854400634766 (ms)
[RANK3] F @ 718.931884765625 (ms) to 752.155517578125 (ms), cudaEventElapsed = 33.19807815551758 (ms)
[RANK3] B @ 752.469482421875 (ms) to 791.10009765625 (ms), cudaEventElapsed = 38.606849670410156 (ms)
[RANK3] F @ 792.34228515625 (ms) to 825.66162109375 (ms), cudaEventElapsed = 33.29740905761719 (ms)
[RANK3] B @ 825.954345703125 (ms) to 865.004638671875 (ms), cudaEventElapsed = 39.02668762207031 (ms)
[RANK3] F @ 866.29345703125 (ms) to 900.023681640625 (ms), cudaEventElapsed = 33.708030700683594 (ms)
[RANK3] B @ 900.3134765625 (ms) to 938.85888671875 (ms), cudaEventElapsed = 38.52288055419922 (ms)
[RANK3] W @ 939.54541015625 (ms) to 960.6572265625 (ms), cudaEventElapsed = 21.089279174804688 (ms)
[RANK3] F @ 961.470703125 (ms) to 997.290771484375 (ms), cudaEventElapsed = 35.796993255615234 (ms)
[RANK3] B @ 997.51220703125 (ms) to 1036.7822265625 (ms), cudaEventElapsed = 39.24275207519531 (ms)
[RANK3] F @ 1038.080322265625 (ms) to 1072.357177734375 (ms), cudaEventElapsed = 34.25484848022461 (ms)
[RANK3] B @ 1072.559326171875 (ms) to 1115.80322265625 (ms), cudaEventElapsed = 43.219966888427734 (ms)
[RANK3] 11W @ 1117.877685546875 (ms) to 1387.450927734375 (ms), cudaEventElapsed = 269.5434265136719 (ms)
[RANK3] Iteration 6
[RANK3] F @ 208.654541015625 (ms) to 238.822509765625 (ms), cudaEventElapsed = 30.14143943786621 (ms)
[RANK3] B @ 239.156005859375 (ms) to 275.56640625 (ms), cudaEventElapsed = 36.38681411743164 (ms)
[RANK3] F @ 277.01318359375 (ms) to 310.155517578125 (ms), cudaEventElapsed = 33.11616134643555 (ms)
[RANK3] B @ 310.4072265625 (ms) to 349.157958984375 (ms), cudaEventElapsed = 38.72256088256836 (ms)
[RANK3] F @ 350.4658203125 (ms) to 383.906494140625 (ms), cudaEventElapsed = 33.41516876220703 (ms)
[RANK3] B @ 384.12646484375 (ms) to 423.352294921875 (ms), cudaEventElapsed = 39.19667053222656 (ms)
[RANK3] F @ 424.64697265625 (ms) to 458.49951171875 (ms), cudaEventElapsed = 33.82988739013672 (ms)
[RANK3] B @ 458.804443359375 (ms) to 497.15625 (ms), cudaEventElapsed = 38.32831954956055 (ms)
[RANK3] F @ 498.438232421875 (ms) to 531.30517578125 (ms), cudaEventElapsed = 32.842750549316406 (ms)
[RANK3] B @ 531.621337890625 (ms) to 570.493896484375 (ms), cudaEventElapsed = 38.84748840332031 (ms)
[RANK3] F @ 571.802734375 (ms) to 606.005126953125 (ms), cudaEventElapsed = 34.17804718017578 (ms)
[RANK3] B @ 606.334716796875 (ms) to 645.123779296875 (ms), cudaEventElapsed = 38.76454544067383 (ms)
[RANK3] F @ 646.4052734375 (ms) to 679.8076171875 (ms), cudaEventElapsed = 33.38035202026367 (ms)
[RANK3] B @ 680.021728515625 (ms) to 718.608642578125 (ms), cudaEventElapsed = 38.56281661987305 (ms)
[RANK3] F @ 719.8935546875 (ms) to 753.373046875 (ms), cudaEventElapsed = 33.45305633544922 (ms)
[RANK3] B @ 753.70654296875 (ms) to 792.3623046875 (ms), cudaEventElapsed = 38.630401611328125 (ms)
[RANK3] F @ 793.63818359375 (ms) to 827.15087890625 (ms), cudaEventElapsed = 33.48992156982422 (ms)
[RANK3] B @ 827.45849609375 (ms) to 866.077392578125 (ms), cudaEventElapsed = 38.595584869384766 (ms)
[RANK3] F @ 867.400634765625 (ms) to 900.97509765625 (ms), cudaEventElapsed = 33.544193267822266 (ms)
[RANK3] B @ 901.28173828125 (ms) to 940.233642578125 (ms), cudaEventElapsed = 38.92736053466797 (ms)
[RANK3] W @ 940.930419921875 (ms) to 962.25634765625 (ms), cudaEventElapsed = 21.30124855041504 (ms)
[RANK3] F @ 963.067138671875 (ms) to 998.751220703125 (ms), cudaEventElapsed = 35.66182327270508 (ms)
[RANK3] B @ 998.985595703125 (ms) to 1038.2685546875 (ms), cudaEventElapsed = 39.25299072265625 (ms)
[RANK3] F @ 1039.564697265625 (ms) to 1076.71044921875 (ms), cudaEventElapsed = 37.122047424316406 (ms)
[RANK3] B @ 1076.90625 (ms) to 1121.837890625 (ms), cudaEventElapsed = 44.90752029418945 (ms)
[RANK3] 11W @ 1123.58251953125 (ms) to 1394.272216796875 (ms), cudaEventElapsed = 270.65753173828125 (ms)
[RANK3] Iteration 7
[RANK3] F @ 206.849365234375 (ms) to 237.031005859375 (ms), cudaEventElapsed = 30.153728485107422 (ms)
[RANK3] B @ 237.356689453125 (ms) to 274.2333984375 (ms), cudaEventElapsed = 36.85273742675781 (ms)
[RANK3] F @ 276.123779296875 (ms) to 310.0009765625 (ms), cudaEventElapsed = 33.85139083862305 (ms)
[RANK3] B @ 310.244140625 (ms) to 348.808837890625 (ms), cudaEventElapsed = 38.53721618652344 (ms)
[RANK3] F @ 350.126708984375 (ms) to 383.192138671875 (ms), cudaEventElapsed = 33.04243087768555 (ms)
[RANK3] B @ 383.41064453125 (ms) to 422.185791015625 (ms), cudaEventElapsed = 38.747135162353516 (ms)
[RANK3] F @ 423.48291015625 (ms) to 456.950439453125 (ms), cudaEventElapsed = 33.44588851928711 (ms)
[RANK3] B @ 457.2314453125 (ms) to 496.11572265625 (ms), cudaEventElapsed = 38.86182403564453 (ms)
[RANK3] F @ 497.380126953125 (ms) to 530.96923828125 (ms), cudaEventElapsed = 33.565696716308594 (ms)
[RANK3] B @ 531.27685546875 (ms) to 569.861083984375 (ms), cudaEventElapsed = 38.55564880371094 (ms)
[RANK3] F @ 571.20654296875 (ms) to 604.78564453125 (ms), cudaEventElapsed = 33.55545425415039 (ms)
[RANK3] B @ 605.104736328125 (ms) to 643.72705078125 (ms), cudaEventElapsed = 38.597633361816406 (ms)
[RANK3] F @ 644.989013671875 (ms) to 678.583740234375 (ms), cudaEventElapsed = 33.57183837890625 (ms)
[RANK3] B @ 678.7890625 (ms) to 717.392578125 (ms), cudaEventElapsed = 38.58124923706055 (ms)
[RANK3] F @ 718.658447265625 (ms) to 752.213134765625 (ms), cudaEventElapsed = 33.527809143066406 (ms)
[RANK3] B @ 752.5458984375 (ms) to 791.797119140625 (ms), cudaEventElapsed = 39.225345611572266 (ms)
[RANK3] F @ 793.070068359375 (ms) to 827.001708984375 (ms), cudaEventElapsed = 33.909759521484375 (ms)
[RANK3] B @ 827.289306640625 (ms) to 865.87939453125 (ms), cudaEventElapsed = 38.565887451171875 (ms)
[RANK3] F @ 867.1640625 (ms) to 900.544189453125 (ms), cudaEventElapsed = 33.35782241821289 (ms)
[RANK3] B @ 900.8447265625 (ms) to 939.624267578125 (ms), cudaEventElapsed = 38.756351470947266 (ms)
[RANK3] W @ 940.312744140625 (ms) to 962.02685546875 (ms), cudaEventElapsed = 21.692415237426758 (ms)
[RANK3] F @ 962.8447265625 (ms) to 997.65771484375 (ms), cudaEventElapsed = 34.79142379760742 (ms)
[RANK3] B @ 997.88671875 (ms) to 1037.207275390625 (ms), cudaEventElapsed = 39.29292678833008 (ms)
[RANK3] F @ 1038.49169921875 (ms) to 1073.721435546875 (ms), cudaEventElapsed = 35.20307159423828 (ms)
[RANK3] B @ 1073.9619140625 (ms) to 1120.06787109375 (ms), cudaEventElapsed = 46.083072662353516 (ms)
[RANK3] 11W @ 1122.14697265625 (ms) to 1393.24853515625 (ms), cudaEventElapsed = 271.0681457519531 (ms)
[RANK3] Iteration 8
[RANK3] F @ 209.711669921875 (ms) to 239.910400390625 (ms), cudaEventElapsed = 30.17215919494629 (ms)
[RANK3] B @ 240.26171875 (ms) to 277.138427734375 (ms), cudaEventElapsed = 36.85068893432617 (ms)
[RANK3] F @ 278.720458984375 (ms) to 312.717529296875 (ms), cudaEventElapsed = 33.972225189208984 (ms)
[RANK3] B @ 312.94580078125 (ms) to 351.7275390625 (ms), cudaEventElapsed = 38.754302978515625 (ms)
[RANK3] F @ 353.035888671875 (ms) to 386.583740234375 (ms), cudaEventElapsed = 33.523712158203125 (ms)
[RANK3] B @ 386.798828125 (ms) to 425.6826171875 (ms), cudaEventElapsed = 38.85772705078125 (ms)
[RANK3] F @ 427.02587890625 (ms) to 460.518310546875 (ms), cudaEventElapsed = 33.468414306640625 (ms)
[RANK3] B @ 460.815185546875 (ms) to 499.454833984375 (ms), cudaEventElapsed = 38.61503982543945 (ms)
[RANK3] F @ 500.729736328125 (ms) to 534.18896484375 (ms), cudaEventElapsed = 33.43564987182617 (ms)
[RANK3] B @ 534.497802734375 (ms) to 573.693359375 (ms), cudaEventElapsed = 39.170047760009766 (ms)
[RANK3] F @ 575.01025390625 (ms) to 609.078857421875 (ms), cudaEventElapsed = 34.04390335083008 (ms)
[RANK3] B @ 609.40185546875 (ms) to 648.038818359375 (ms), cudaEventElapsed = 38.611968994140625 (ms)
[RANK3] F @ 649.32421875 (ms) to 682.9013671875 (ms), cudaEventElapsed = 33.5544319152832 (ms)
[RANK3] B @ 683.102294921875 (ms) to 721.712158203125 (ms), cudaEventElapsed = 38.58124923706055 (ms)
[RANK3] F @ 722.987060546875 (ms) to 756.60400390625 (ms), cudaEventElapsed = 33.5912971496582 (ms)
[RANK3] B @ 756.93212890625 (ms) to 796.417724609375 (ms), cudaEventElapsed = 39.4598388671875 (ms)
[RANK3] F @ 797.695556640625 (ms) to 831.673583984375 (ms), cudaEventElapsed = 33.951744079589844 (ms)
[RANK3] B @ 831.958740234375 (ms) to 870.589599609375 (ms), cudaEventElapsed = 38.6058235168457 (ms)
[RANK3] F @ 871.88525390625 (ms) to 905.09619140625 (ms), cudaEventElapsed = 33.188865661621094 (ms)
[RANK3] B @ 905.404541015625 (ms) to 944.22998046875 (ms), cudaEventElapsed = 38.80140686035156 (ms)
[RANK3] W @ 944.92919921875 (ms) to 966.42529296875 (ms), cudaEventElapsed = 21.47327995300293 (ms)
[RANK3] F @ 967.227783203125 (ms) to 1001.5283203125 (ms), cudaEventElapsed = 34.27840042114258 (ms)
[RANK3] B @ 1001.754150390625 (ms) to 1040.837646484375 (ms), cudaEventElapsed = 39.05535888671875 (ms)
[RANK3] F @ 1042.15283203125 (ms) to 1077.3603515625 (ms), cudaEventElapsed = 35.18463897705078 (ms)
[RANK3] B @ 1077.564208984375 (ms) to 1123.751953125 (ms), cudaEventElapsed = 46.16294479370117 (ms)
[RANK3] 11W @ 1126.197509765625 (ms) to 1397.06787109375 (ms), cudaEventElapsed = 270.83673095703125 (ms)
[RANK3] Iteration 9
[RANK3] F @ 211.584228515625 (ms) to 241.714111328125 (ms), cudaEventElapsed = 30.102527618408203 (ms)
[RANK3] B @ 242.049560546875 (ms) to 279.33203125 (ms), cudaEventElapsed = 37.25721740722656 (ms)
[RANK3] F @ 280.793212890625 (ms) to 314.408447265625 (ms), cudaEventElapsed = 33.5912971496582 (ms)
[RANK3] B @ 314.62158203125 (ms) to 353.005859375 (ms), cudaEventElapsed = 38.356990814208984 (ms)
[RANK3] F @ 354.298095703125 (ms) to 387.31982421875 (ms), cudaEventElapsed = 32.99635314941406 (ms)
[RANK3] B @ 387.536865234375 (ms) to 426.56201171875 (ms), cudaEventElapsed = 38.998016357421875 (ms)
[RANK3] F @ 427.87841796875 (ms) to 461.578369140625 (ms), cudaEventElapsed = 33.677310943603516 (ms)
[RANK3] B @ 461.8779296875 (ms) to 500.9501953125 (ms), cudaEventElapsed = 39.04819107055664 (ms)
[RANK3] F @ 502.257568359375 (ms) to 536.384521484375 (ms), cudaEventElapsed = 34.103294372558594 (ms)
[RANK3] B @ 536.698486328125 (ms) to 575.348388671875 (ms), cudaEventElapsed = 38.623233795166016 (ms)
[RANK3] F @ 576.668212890625 (ms) to 610.112060546875 (ms), cudaEventElapsed = 33.4202880859375 (ms)
[RANK3] B @ 610.42626953125 (ms) to 649.310791015625 (ms), cudaEventElapsed = 38.8587532043457 (ms)
[RANK3] F @ 650.622802734375 (ms) to 683.9443359375 (ms), cudaEventElapsed = 33.298431396484375 (ms)
[RANK3] B @ 684.172607421875 (ms) to 723.10791015625 (ms), cudaEventElapsed = 38.91097640991211 (ms)
[RANK3] F @ 724.7626953125 (ms) to 758.461181640625 (ms), cudaEventElapsed = 33.66707229614258 (ms)
[RANK3] B @ 758.8095703125 (ms) to 797.865478515625 (ms), cudaEventElapsed = 39.02873611450195 (ms)
[RANK3] F @ 799.180419921875 (ms) to 833.095947265625 (ms), cudaEventElapsed = 33.89235305786133 (ms)
[RANK3] B @ 833.409423828125 (ms) to 872.027587890625 (ms), cudaEventElapsed = 38.59251022338867 (ms)
[RANK3] F @ 873.372314453125 (ms) to 906.779296875 (ms), cudaEventElapsed = 33.38444900512695 (ms)
[RANK3] B @ 907.074951171875 (ms) to 945.8076171875 (ms), cudaEventElapsed = 38.703102111816406 (ms)
[RANK3] W @ 946.528564453125 (ms) to 968.103515625 (ms), cudaEventElapsed = 21.550079345703125 (ms)
[RANK3] F @ 968.9287109375 (ms) to 1003.54443359375 (ms), cudaEventElapsed = 34.592769622802734 (ms)
[RANK3] B @ 1003.776611328125 (ms) to 1043.155517578125 (ms), cudaEventElapsed = 39.351295471191406 (ms)
[RANK3] F @ 1044.479736328125 (ms) to 1080.378662109375 (ms), cudaEventElapsed = 35.87481689453125 (ms)
[RANK3] B @ 1080.585693359375 (ms) to 1126.37841796875 (ms), cudaEventElapsed = 45.76972961425781 (ms)
[RANK3] 11W @ 1128.47607421875 (ms) to 1399.666748046875 (ms), cudaEventElapsed = 271.1593017578125 (ms)
