[RANK0] Iteration 1
[RANK0] F @ 0.380859375 (ms) to 502.718994140625 (ms), cudaEventElapsed = 502.2746276855469 (ms)
[RANK0] F @ 568.834716796875 (ms) to 594.92822265625 (ms), cudaEventElapsed = 26.038272857666016 (ms)
[RANK0] F @ 595.1298828125 (ms) to 621.0322265625 (ms), cudaEventElapsed = 25.859071731567383 (ms)
[RANK0] F @ 621.2041015625 (ms) to 649.931640625 (ms), cudaEventElapsed = 28.693504333496094 (ms)
[RANK0] F @ 650.095703125 (ms) to 689.52392578125 (ms), cudaEventElapsed = 27.12985610961914 (ms)
[RANK0] F @ 689.689208984375 (ms) to 776.884033203125 (ms), cudaEventElapsed = 24.558591842651367 (ms)
[RANK0] F @ 777.043701171875 (ms) to 868.800048828125 (ms), cudaEventElapsed = 24.563711166381836 (ms)
[RANK0] B @ 1795.05810546875 (ms) to 1884.243896484375 (ms), cudaEventElapsed = 89.12387084960938 (ms)
[RANK0] F @ 1884.585205078125 (ms) to 1911.22412109375 (ms), cudaEventElapsed = 25.168895721435547 (ms)
[RANK0] B @ 1911.5185546875 (ms) to 1945.309326171875 (ms), cudaEventElapsed = 33.741119384765625 (ms)
[RANK0] W @ 1945.510498046875 (ms) to 1961.51318359375 (ms), cudaEventElapsed = 15.971327781677246 (ms)
[RANK0] F @ 1961.534912109375 (ms) to 1987.631591796875 (ms), cudaEventElapsed = 26.068992614746094 (ms)
[RANK0] B @ 1989.06396484375 (ms) to 2025.593017578125 (ms), cudaEventElapsed = 36.490272521972656 (ms)
[RANK0] B @ 2042.928955078125 (ms) to 2075.466796875 (ms), cudaEventElapsed = 32.48963165283203 (ms)
[RANK0] W @ 2075.50537109375 (ms) to 2089.72119140625 (ms), cudaEventElapsed = 14.189567565917969 (ms)
[RANK0] F @ 2089.92333984375 (ms) to 2115.970947265625 (ms), cudaEventElapsed = 26.013696670532227 (ms)
[RANK0] B @ 2147.046875 (ms) to 2180.73974609375 (ms), cudaEventElapsed = 33.64646530151367 (ms)
[RANK0] B @ 2189.29541015625 (ms) to 2221.783447265625 (ms), cudaEventElapsed = 32.45017623901367 (ms)
[RANK0] W @ 2221.818603515625 (ms) to 2235.6240234375 (ms), cudaEventElapsed = 13.775872230529785 (ms)
[RANK0] F @ 2235.8046875 (ms) to 2262.267578125 (ms), cudaEventElapsed = 26.431488037109375 (ms)
[RANK0] B @ 2294.64111328125 (ms) to 2328.19921875 (ms), cudaEventElapsed = 33.51347351074219 (ms)
[RANK0] B @ 2337.277099609375 (ms) to 2369.23876953125 (ms), cudaEventElapsed = 31.92742347717285 (ms)
[RANK0] W @ 2369.266357421875 (ms) to 2383.307861328125 (ms), cudaEventElapsed = 14.017536163330078 (ms)
[RANK0] F @ 2383.481689453125 (ms) to 2409.769775390625 (ms), cudaEventElapsed = 26.257408142089844 (ms)
[RANK0] W @ 2409.931396484375 (ms) to 2450.55322265625 (ms), cudaEventElapsed = 14.382080078125 (ms)
[RANK0] W @ 2450.573974609375 (ms) to 2464.979736328125 (ms), cudaEventElapsed = 14.368767738342285 (ms)
[RANK0] W @ 2465.164306640625 (ms) to 2480.318115234375 (ms), cudaEventElapsed = 15.121408462524414 (ms)
[RANK0] W @ 2480.329345703125 (ms) to 2496.4248046875 (ms), cudaEventElapsed = 16.070655822753906 (ms)
[RANK0] B @ 2496.560791015625 (ms) to 2532.326171875 (ms), cudaEventElapsed = 35.738624572753906 (ms)
[RANK0] W @ 2532.47509765625 (ms) to 2552.3916015625 (ms), cudaEventElapsed = 15.31494426727295 (ms)
[RANK0] B @ 2552.523193359375 (ms) to 2587.1376953125 (ms), cudaEventElapsed = 34.58790588378906 (ms)
[RANK0] W @ 2587.161865234375 (ms) to 2602.369140625 (ms), cudaEventElapsed = 15.18387222290039 (ms)
[RANK0] B @ 2625.968505859375 (ms) to 2658.96142578125 (ms), cudaEventElapsed = 32.95683288574219 (ms)
[RANK0] W @ 2658.990478515625 (ms) to 2673.47021484375 (ms), cudaEventElapsed = 14.45580768585205 (ms)
[RANK0] B @ 2715.66796875 (ms) to 2747.56982421875 (ms), cudaEventElapsed = 31.87264060974121 (ms)
[RANK0] 1W @ 2747.598388671875 (ms) to 2761.322998046875 (ms), cudaEventElapsed = 13.691904067993164 (ms)
[RANK0] Iteration 2
[RANK0] F @ 2.0986328125 (ms) to 27.165771484375 (ms), cudaEventElapsed = 25.026016235351562 (ms)
[RANK0] F @ 27.40966796875 (ms) to 52.302978515625 (ms), cudaEventElapsed = 24.85759925842285 (ms)
[RANK0] F @ 52.498046875 (ms) to 79.712158203125 (ms), cudaEventElapsed = 27.17900848388672 (ms)
[RANK0] F @ 79.91259765625 (ms) to 107.9873046875 (ms), cudaEventElapsed = 28.039167404174805 (ms)
[RANK0] F @ 108.198974609375 (ms) to 136.048095703125 (ms), cudaEventElapsed = 27.816959381103516 (ms)
[RANK0] F @ 136.240478515625 (ms) to 164.056884765625 (ms), cudaEventElapsed = 27.78214454650879 (ms)
[RANK0] F @ 164.245361328125 (ms) to 192.29833984375 (ms), cudaEventElapsed = 28.013568878173828 (ms)
[RANK0] B @ 272.644775390625 (ms) to 304.481201171875 (ms), cudaEventElapsed = 31.776256561279297 (ms)
[RANK0] F @ 304.728271484375 (ms) to 330.004638671875 (ms), cudaEventElapsed = 25.241600036621094 (ms)
[RANK0] B @ 356.28759765625 (ms) to 389.156982421875 (ms), cudaEventElapsed = 32.80953598022461 (ms)
[RANK0] W @ 389.406494140625 (ms) to 403.780517578125 (ms), cudaEventElapsed = 14.341119766235352 (ms)
[RANK0] F @ 403.844970703125 (ms) to 429.85498046875 (ms), cudaEventElapsed = 25.979904174804688 (ms)
[RANK0] B @ 435.3466796875 (ms) to 471.236328125 (ms), cudaEventElapsed = 35.84819030761719 (ms)
[RANK0] B @ 514.003173828125 (ms) to 545.863037109375 (ms), cudaEventElapsed = 31.81769561767578 (ms)
[RANK0] W @ 545.94287109375 (ms) to 559.543701171875 (ms), cudaEventElapsed = 13.566975593566895 (ms)
[RANK0] F @ 559.7646484375 (ms) to 586.270751953125 (ms), cudaEventElapsed = 26.476543426513672 (ms)
[RANK0] B @ 617.740234375 (ms) to 651.266357421875 (ms), cudaEventElapsed = 33.483009338378906 (ms)
[RANK0] B @ 670.146240234375 (ms) to 702.166748046875 (ms), cudaEventElapsed = 31.98428726196289 (ms)
[RANK0] W @ 702.2392578125 (ms) to 716.265869140625 (ms), cudaEventElapsed = 13.996031761169434 (ms)
[RANK0] F @ 716.4921875 (ms) to 743.091552734375 (ms), cudaEventElapsed = 26.5666561126709 (ms)
[RANK0] B @ 778.90185546875 (ms) to 812.208251953125 (ms), cudaEventElapsed = 33.25699234008789 (ms)
[RANK0] B @ 820.091552734375 (ms) to 852.688720703125 (ms), cudaEventElapsed = 32.56252670288086 (ms)
[RANK0] W @ 852.75537109375 (ms) to 867.13037109375 (ms), cudaEventElapsed = 14.347264289855957 (ms)
[RANK0] F @ 867.33447265625 (ms) to 893.545654296875 (ms), cudaEventElapsed = 26.18060874938965 (ms)
[RANK0] W @ 893.745361328125 (ms) to 936.6337890625 (ms), cudaEventElapsed = 14.502911567687988 (ms)
[RANK0] W @ 936.700439453125 (ms) to 950.647705078125 (ms), cudaEventElapsed = 13.911040306091309 (ms)
[RANK0] W @ 950.872802734375 (ms) to 966.1279296875 (ms), cudaEventElapsed = 15.219712257385254 (ms)
[RANK0] W @ 966.173095703125 (ms) to 982.209716796875 (ms), cudaEventElapsed = 16.00921630859375 (ms)
[RANK0] B @ 982.376953125 (ms) to 1018.27783203125 (ms), cudaEventElapsed = 35.87171173095703 (ms)
[RANK0] W @ 1018.494384765625 (ms) to 1041.20068359375 (ms), cudaEventElapsed = 15.51360034942627 (ms)
[RANK0] B @ 1041.374755859375 (ms) to 1075.60693359375 (ms), cudaEventElapsed = 34.203006744384766 (ms)
[RANK0] W @ 1075.665283203125 (ms) to 1090.70947265625 (ms), cudaEventElapsed = 15.010815620422363 (ms)
[RANK0] B @ 1124.123779296875 (ms) to 1157.164306640625 (ms), cudaEventElapsed = 33.006656646728516 (ms)
[RANK0] W @ 1157.225341796875 (ms) to 1171.46435546875 (ms), cudaEventElapsed = 14.212096214294434 (ms)
[RANK0] B @ 1212.3017578125 (ms) to 1244.246337890625 (ms), cudaEventElapsed = 31.91004753112793 (ms)
[RANK0] 1W @ 1244.314208984375 (ms) to 1258.107421875 (ms), cudaEventElapsed = 13.76358413696289 (ms)
[RANK0] Iteration 3
[RANK0] F @ 2.22265625 (ms) to 27.39404296875 (ms), cudaEventElapsed = 25.132831573486328 (ms)
[RANK0] F @ 27.614013671875 (ms) to 53.1181640625 (ms), cudaEventElapsed = 25.46790313720703 (ms)
[RANK0] F @ 53.329345703125 (ms) to 81.46630859375 (ms), cudaEventElapsed = 28.092416763305664 (ms)
[RANK0] F @ 81.66650390625 (ms) to 109.7880859375 (ms), cudaEventElapsed = 28.088319778442383 (ms)
[RANK0] F @ 110.013427734375 (ms) to 138.032470703125 (ms), cudaEventElapsed = 27.97875213623047 (ms)
[RANK0] F @ 138.239501953125 (ms) to 166.230224609375 (ms), cudaEventElapsed = 27.95417594909668 (ms)
[RANK0] F @ 166.42822265625 (ms) to 194.29736328125 (ms), cudaEventElapsed = 27.835391998291016 (ms)
[RANK0] B @ 270.973388671875 (ms) to 302.685302734375 (ms), cudaEventElapsed = 31.66579246520996 (ms)
[RANK0] F @ 302.910400390625 (ms) to 328.4443359375 (ms), cudaEventElapsed = 25.49555206298828 (ms)
[RANK0] B @ 351.249755859375 (ms) to 384.065185546875 (ms), cudaEventElapsed = 32.771263122558594 (ms)
[RANK0] W @ 384.299072265625 (ms) to 398.63427734375 (ms), cudaEventElapsed = 14.303232192993164 (ms)
[RANK0] F @ 398.689697265625 (ms) to 424.83349609375 (ms), cudaEventElapsed = 26.11097526550293 (ms)
[RANK0] B @ 432.904296875 (ms) to 469.330078125 (ms), cudaEventElapsed = 36.385982513427734 (ms)
[RANK0] B @ 511.8388671875 (ms) to 543.643798828125 (ms), cudaEventElapsed = 31.7642879486084 (ms)
[RANK0] W @ 543.718505859375 (ms) to 557.276611328125 (ms), cudaEventElapsed = 13.529088020324707 (ms)
[RANK0] F @ 557.486572265625 (ms) to 583.671630859375 (ms), cudaEventElapsed = 26.15500831604004 (ms)
[RANK0] B @ 615.524658203125 (ms) to 649.003173828125 (ms), cudaEventElapsed = 33.43635177612305 (ms)
[RANK0] B @ 668.1630859375 (ms) to 700.218994140625 (ms), cudaEventElapsed = 32.014625549316406 (ms)
[RANK0] W @ 700.28662109375 (ms) to 714.11572265625 (ms), cudaEventElapsed = 13.798399925231934 (ms)
[RANK0] F @ 714.3349609375 (ms) to 740.587646484375 (ms), cudaEventElapsed = 26.221567153930664 (ms)
[RANK0] B @ 776.49462890625 (ms) to 809.713134765625 (ms), cudaEventElapsed = 33.178497314453125 (ms)
[RANK0] B @ 817.890625 (ms) to 850.32177734375 (ms), cudaEventElapsed = 32.3969612121582 (ms)
[RANK0] W @ 850.388427734375 (ms) to 864.92626953125 (ms), cudaEventElapsed = 14.510080337524414 (ms)
[RANK0] F @ 865.136962890625 (ms) to 891.71630859375 (ms), cudaEventElapsed = 26.5482234954834 (ms)
[RANK0] W @ 891.915771484375 (ms) to 934.107666015625 (ms), cudaEventElapsed = 14.466048240661621 (ms)
[RANK0] W @ 934.15966796875 (ms) to 947.8154296875 (ms), cudaEventElapsed = 13.625344276428223 (ms)
[RANK0] W @ 948.02294921875 (ms) to 963.2783203125 (ms), cudaEventElapsed = 15.222784042358398 (ms)
[RANK0] W @ 963.32470703125 (ms) to 979.217041015625 (ms), cudaEventElapsed = 15.865856170654297 (ms)
[RANK0] B @ 979.377197265625 (ms) to 1015.118896484375 (ms), cudaEventElapsed = 35.713985443115234 (ms)
[RANK0] W @ 1015.314208984375 (ms) to 1039.00048828125 (ms), cudaEventElapsed = 14.817279815673828 (ms)
[RANK0] B @ 1039.156494140625 (ms) to 1073.08642578125 (ms), cudaEventElapsed = 33.89993667602539 (ms)
[RANK0] W @ 1073.141845703125 (ms) to 1088.173828125 (ms), cudaEventElapsed = 15.006719589233398 (ms)
[RANK0] B @ 1122.959716796875 (ms) to 1155.910400390625 (ms), cudaEventElapsed = 32.91804885864258 (ms)
[RANK0] W @ 1155.966552734375 (ms) to 1170.3095703125 (ms), cudaEventElapsed = 14.316543579101562 (ms)
[RANK0] B @ 1210.65234375 (ms) to 1242.35009765625 (ms), cudaEventElapsed = 31.666688919067383 (ms)
[RANK0] 1W @ 1242.406494140625 (ms) to 1256.11572265625 (ms), cudaEventElapsed = 13.682687759399414 (ms)
[RANK0] Iteration 4
[RANK0] F @ 2.1669921875 (ms) to 27.36181640625 (ms), cudaEventElapsed = 25.16102409362793 (ms)
[RANK0] F @ 27.5693359375 (ms) to 53.021728515625 (ms), cudaEventElapsed = 25.414655685424805 (ms)
[RANK0] F @ 53.223876953125 (ms) to 80.0205078125 (ms), cudaEventElapsed = 26.75609588623047 (ms)
[RANK0] F @ 80.21533203125 (ms) to 108.24853515625 (ms), cudaEventElapsed = 27.998207092285156 (ms)
[RANK0] F @ 108.454345703125 (ms) to 136.308837890625 (ms), cudaEventElapsed = 27.821056365966797 (ms)
[RANK0] F @ 136.507080078125 (ms) to 164.49755859375 (ms), cudaEventElapsed = 27.95827293395996 (ms)
[RANK0] F @ 164.694091796875 (ms) to 192.6474609375 (ms), cudaEventElapsed = 27.92038345336914 (ms)
[RANK0] B @ 271.194580078125 (ms) to 302.979248046875 (ms), cudaEventElapsed = 31.731935501098633 (ms)
[RANK0] F @ 303.215576171875 (ms) to 329.153564453125 (ms), cudaEventElapsed = 25.89900779724121 (ms)
[RANK0] B @ 353.06884765625 (ms) to 385.9892578125 (ms), cudaEventElapsed = 32.875457763671875 (ms)
[RANK0] W @ 386.20556640625 (ms) to 400.87890625 (ms), cudaEventElapsed = 14.642175674438477 (ms)
[RANK0] F @ 400.939453125 (ms) to 427.290283203125 (ms), cudaEventElapsed = 26.31782341003418 (ms)
[RANK0] B @ 435.312255859375 (ms) to 470.7626953125 (ms), cudaEventElapsed = 35.40892791748047 (ms)
[RANK0] B @ 514.474365234375 (ms) to 546.23046875 (ms), cudaEventElapsed = 31.71334457397461 (ms)
[RANK0] W @ 546.3037109375 (ms) to 559.868896484375 (ms), cudaEventElapsed = 13.536255836486816 (ms)
[RANK0] F @ 560.08154296875 (ms) to 586.81494140625 (ms), cudaEventElapsed = 26.702848434448242 (ms)
[RANK0] B @ 619.2822265625 (ms) to 652.915771484375 (ms), cudaEventElapsed = 33.59379196166992 (ms)
[RANK0] B @ 671.166015625 (ms) to 703.008056640625 (ms), cudaEventElapsed = 31.804096221923828 (ms)
[RANK0] W @ 703.078369140625 (ms) to 717.23583984375 (ms), cudaEventElapsed = 14.127103805541992 (ms)
[RANK0] F @ 717.448974609375 (ms) to 743.9541015625 (ms), cudaEventElapsed = 26.474496841430664 (ms)
[RANK0] B @ 780.291259765625 (ms) to 813.62451171875 (ms), cudaEventElapsed = 33.29129409790039 (ms)
[RANK0] B @ 821.708740234375 (ms) to 854.047119140625 (ms), cudaEventElapsed = 32.304481506347656 (ms)
[RANK0] W @ 854.11669921875 (ms) to 868.11767578125 (ms), cudaEventElapsed = 13.972479820251465 (ms)
[RANK0] F @ 868.35498046875 (ms) to 894.6650390625 (ms), cudaEventElapsed = 26.27788734436035 (ms)
[RANK0] W @ 894.873046875 (ms) to 937.068359375 (ms), cudaEventElapsed = 14.493696212768555 (ms)
[RANK0] W @ 937.13037109375 (ms) to 951.58740234375 (ms), cudaEventElapsed = 14.425087928771973 (ms)
[RANK0] W @ 951.8056640625 (ms) to 967.02734375 (ms), cudaEventElapsed = 15.18899154663086 (ms)
[RANK0] W @ 967.071533203125 (ms) to 982.92919921875 (ms), cudaEventElapsed = 15.831040382385254 (ms)
[RANK0] B @ 983.0908203125 (ms) to 1018.714111328125 (ms), cudaEventElapsed = 35.59574508666992 (ms)
[RANK0] W @ 1018.903564453125 (ms) to 1041.265625 (ms), cudaEventElapsed = 15.49516773223877 (ms)
[RANK0] B @ 1041.4345703125 (ms) to 1075.87939453125 (ms), cudaEventElapsed = 34.41279983520508 (ms)
[RANK0] W @ 1075.942138671875 (ms) to 1091.27001953125 (ms), cudaEventElapsed = 15.301631927490234 (ms)
[RANK0] B @ 1125.861328125 (ms) to 1158.66455078125 (ms), cudaEventElapsed = 32.76918411254883 (ms)
[RANK0] W @ 1158.72314453125 (ms) to 1173.1318359375 (ms), cudaEventElapsed = 14.382080078125 (ms)
[RANK0] B @ 1214.057373046875 (ms) to 1245.924560546875 (ms), cudaEventElapsed = 31.836288452148438 (ms)
[RANK0] 1W @ 1245.9794921875 (ms) to 1259.9462890625 (ms), cudaEventElapsed = 13.940735816955566 (ms)
[RANK0] Iteration 5
[RANK0] F @ 2.11279296875 (ms) to 27.220458984375 (ms), cudaEventElapsed = 25.076160430908203 (ms)
[RANK0] F @ 27.424560546875 (ms) to 53.510986328125 (ms), cudaEventElapsed = 26.048511505126953 (ms)
[RANK0] F @ 53.7197265625 (ms) to 81.4912109375 (ms), cudaEventElapsed = 27.73708724975586 (ms)
[RANK0] F @ 81.68896484375 (ms) to 110.100341796875 (ms), cudaEventElapsed = 28.37708854675293 (ms)
[RANK0] F @ 110.31396484375 (ms) to 138.633056640625 (ms), cudaEventElapsed = 28.278783798217773 (ms)
[RANK0] F @ 138.83447265625 (ms) to 166.826904296875 (ms), cudaEventElapsed = 27.96031951904297 (ms)
[RANK0] F @ 167.014404296875 (ms) to 194.968994140625 (ms), cudaEventElapsed = 27.92140769958496 (ms)
[RANK0] B @ 271.213134765625 (ms) to 303.844482421875 (ms), cudaEventElapsed = 32.58883285522461 (ms)
[RANK0] F @ 304.06591796875 (ms) to 329.963623046875 (ms), cudaEventElapsed = 25.86419105529785 (ms)
[RANK0] B @ 355.35107421875 (ms) to 388.453369140625 (ms), cudaEventElapsed = 33.06092834472656 (ms)
[RANK0] W @ 388.670654296875 (ms) to 404.022705078125 (ms), cudaEventElapsed = 15.322112083435059 (ms)
[RANK0] F @ 404.075439453125 (ms) to 431.689697265625 (ms), cudaEventElapsed = 27.585535049438477 (ms)
[RANK0] B @ 440.575439453125 (ms) to 476.48583984375 (ms), cudaEventElapsed = 35.86723327636719 (ms)
[RANK0] B @ 524.13623046875 (ms) to 557.057861328125 (ms), cudaEventElapsed = 32.88159942626953 (ms)
[RANK0] W @ 557.12744140625 (ms) to 572.277587890625 (ms), cudaEventElapsed = 15.120384216308594 (ms)
[RANK0] F @ 572.483154296875 (ms) to 600.1904296875 (ms), cudaEventElapsed = 27.676671981811523 (ms)
[RANK0] B @ 637.00439453125 (ms) to 671.17529296875 (ms), cudaEventElapsed = 34.12857437133789 (ms)
[RANK0] B @ 687.764892578125 (ms) to 721.161865234375 (ms), cudaEventElapsed = 33.36268615722656 (ms)
[RANK0] W @ 721.23291015625 (ms) to 736.227294921875 (ms), cudaEventElapsed = 14.964735984802246 (ms)
[RANK0] F @ 736.438232421875 (ms) to 763.0546875 (ms), cudaEventElapsed = 26.586111068725586 (ms)
[RANK0] B @ 804.788330078125 (ms) to 838.7314453125 (ms), cudaEventElapsed = 33.90505599975586 (ms)
[RANK0] B @ 848.93701171875 (ms) to 882.40625 (ms), cudaEventElapsed = 33.43641662597656 (ms)
[RANK0] W @ 882.46923828125 (ms) to 897.58740234375 (ms), cudaEventElapsed = 15.08556842803955 (ms)
[RANK0] F @ 897.79296875 (ms) to 924.875244140625 (ms), cudaEventElapsed = 27.051008224487305 (ms)
[RANK0] W @ 925.064453125 (ms) to 978.9912109375 (ms), cudaEventElapsed = 14.25817584991455 (ms)
[RANK0] W @ 979.04052734375 (ms) to 994.341064453125 (ms), cudaEventElapsed = 15.269887924194336 (ms)
[RANK0] W @ 994.53662109375 (ms) to 1011.654296875 (ms), cudaEventElapsed = 17.088512420654297 (ms)
[RANK0] W @ 1011.698974609375 (ms) to 1030.541259765625 (ms), cudaEventElapsed = 18.81599998474121 (ms)
[RANK0] B @ 1030.702880859375 (ms) to 1069.43701171875 (ms), cudaEventElapsed = 38.70550537109375 (ms)
[RANK0] W @ 1069.644775390625 (ms) to 1094.20849609375 (ms), cudaEventElapsed = 16.43110466003418 (ms)
[RANK0] B @ 1094.366455078125 (ms) to 1129.825927734375 (ms), cudaEventElapsed = 35.43174362182617 (ms)
[RANK0] W @ 1129.882080078125 (ms) to 1146.3564453125 (ms), cudaEventElapsed = 16.44748878479004 (ms)
[RANK0] B @ 1188.037353515625 (ms) to 1222.11328125 (ms), cudaEventElapsed = 34.041664123535156 (ms)
[RANK0] W @ 1222.170654296875 (ms) to 1237.593505859375 (ms), cudaEventElapsed = 15.392767906188965 (ms)
[RANK0] B @ 1288.392333984375 (ms) to 1321.2978515625 (ms), cudaEventElapsed = 32.87580871582031 (ms)
[RANK0] 1W @ 1321.356201171875 (ms) to 1335.920166015625 (ms), cudaEventElapsed = 14.538751602172852 (ms)
[RANK0] Iteration 6
[RANK0] F @ 2.12109375 (ms) to 27.23388671875 (ms), cudaEventElapsed = 25.07846450805664 (ms)
[RANK0] F @ 27.450927734375 (ms) to 53.022216796875 (ms), cudaEventElapsed = 25.53651237487793 (ms)
[RANK0] F @ 53.224365234375 (ms) to 80.802978515625 (ms), cudaEventElapsed = 27.54764747619629 (ms)
[RANK0] F @ 81.00537109375 (ms) to 108.89892578125 (ms), cudaEventElapsed = 27.859968185424805 (ms)
[RANK0] F @ 109.109375 (ms) to 137.048095703125 (ms), cudaEventElapsed = 27.90399932861328 (ms)
[RANK0] F @ 137.367919921875 (ms) to 165.15625 (ms), cudaEventElapsed = 27.75449562072754 (ms)
[RANK0] F @ 165.3642578125 (ms) to 192.9658203125 (ms), cudaEventElapsed = 27.56812858581543 (ms)
[RANK0] B @ 273.07666015625 (ms) to 306.27294921875 (ms), cudaEventElapsed = 33.15024185180664 (ms)
[RANK0] F @ 306.513671875 (ms) to 332.32470703125 (ms), cudaEventElapsed = 25.777151107788086 (ms)
[RANK0] B @ 356.60791015625 (ms) to 390.226318359375 (ms), cudaEventElapsed = 33.577537536621094 (ms)
[RANK0] W @ 390.45068359375 (ms) to 406.593505859375 (ms), cudaEventElapsed = 16.112640380859375 (ms)
[RANK0] F @ 406.650634765625 (ms) to 435.445556640625 (ms), cudaEventElapsed = 28.76723289489746 (ms)
[RANK0] B @ 442.053466796875 (ms) to 479.024169921875 (ms), cudaEventElapsed = 36.918304443359375 (ms)
[RANK0] B @ 524.845703125 (ms) to 558.129150390625 (ms), cudaEventElapsed = 33.239646911621094 (ms)
[RANK0] W @ 558.204833984375 (ms) to 573.60693359375 (ms), cudaEventElapsed = 15.373311996459961 (ms)
[RANK0] F @ 573.833984375 (ms) to 603.19873046875 (ms), cudaEventElapsed = 29.33452796936035 (ms)
[RANK0] B @ 636.947265625 (ms) to 671.175048828125 (ms), cudaEventElapsed = 34.18320083618164 (ms)
[RANK0] B @ 689.4375 (ms) to 722.96484375 (ms), cudaEventElapsed = 33.490272521972656 (ms)
[RANK0] W @ 723.03662109375 (ms) to 738.792236328125 (ms), cudaEventElapsed = 15.722496032714844 (ms)
[RANK0] F @ 739.025634765625 (ms) to 767.184326171875 (ms), cudaEventElapsed = 28.12518310546875 (ms)
[RANK0] B @ 805.404296875 (ms) to 839.761474609375 (ms), cudaEventElapsed = 34.313758850097656 (ms)
[RANK0] B @ 849.480712890625 (ms) to 883.013427734375 (ms), cudaEventElapsed = 33.4969596862793 (ms)
[RANK0] W @ 883.080810546875 (ms) to 899.09326171875 (ms), cudaEventElapsed = 15.973376274108887 (ms)
[RANK0] F @ 899.329833984375 (ms) to 927.8916015625 (ms), cudaEventElapsed = 28.528640747070312 (ms)
[RANK0] W @ 928.091064453125 (ms) to 980.862060546875 (ms), cudaEventElapsed = 14.38003158569336 (ms)
[RANK0] W @ 980.921142578125 (ms) to 996.036865234375 (ms), cudaEventElapsed = 15.077376365661621 (ms)
[RANK0] W @ 996.276123046875 (ms) to 1013.939697265625 (ms), cudaEventElapsed = 17.630207061767578 (ms)
[RANK0] W @ 1013.98681640625 (ms) to 1034.169189453125 (ms), cudaEventElapsed = 20.154367446899414 (ms)
[RANK0] B @ 1034.34423828125 (ms) to 1074.06640625 (ms), cudaEventElapsed = 39.690879821777344 (ms)
[RANK0] W @ 1074.286376953125 (ms) to 1097.813232421875 (ms), cudaEventElapsed = 17.974271774291992 (ms)
[RANK0] B @ 1097.99658203125 (ms) to 1134.92138671875 (ms), cudaEventElapsed = 36.89574432373047 (ms)
[RANK0] W @ 1134.988037109375 (ms) to 1152.2001953125 (ms), cudaEventElapsed = 17.184768676757812 (ms)
[RANK0] B @ 1190.865966796875 (ms) to 1225.0 (ms), cudaEventElapsed = 34.09939193725586 (ms)
[RANK0] W @ 1225.05908203125 (ms) to 1240.348876953125 (ms), cudaEventElapsed = 15.258624076843262 (ms)
[RANK0] B @ 1292.822998046875 (ms) to 1325.944580078125 (ms), cudaEventElapsed = 33.08019256591797 (ms)
[RANK0] 1W @ 1326.002197265625 (ms) to 1340.93603515625 (ms), cudaEventElapsed = 14.907391548156738 (ms)
[RANK0] Iteration 7
[RANK0] F @ 2.123779296875 (ms) to 27.187744140625 (ms), cudaEventElapsed = 25.030847549438477 (ms)
[RANK0] F @ 27.416015625 (ms) to 52.688232421875 (ms), cudaEventElapsed = 25.238527297973633 (ms)
[RANK0] F @ 52.890625 (ms) to 80.44482421875 (ms), cudaEventElapsed = 27.51590347290039 (ms)
[RANK0] F @ 80.640380859375 (ms) to 108.895751953125 (ms), cudaEventElapsed = 28.223487854003906 (ms)
[RANK0] F @ 109.115478515625 (ms) to 137.278564453125 (ms), cudaEventElapsed = 28.12518310546875 (ms)
[RANK0] F @ 137.482421875 (ms) to 165.665771484375 (ms), cudaEventElapsed = 28.15180778503418 (ms)
[RANK0] F @ 165.85986328125 (ms) to 193.49462890625 (ms), cudaEventElapsed = 27.602943420410156 (ms)
[RANK0] B @ 273.27978515625 (ms) to 306.561279296875 (ms), cudaEventElapsed = 33.2334098815918 (ms)
[RANK0] F @ 306.771240234375 (ms) to 332.57666015625 (ms), cudaEventElapsed = 25.777151107788086 (ms)
[RANK0] B @ 357.2861328125 (ms) to 390.87109375 (ms), cudaEventElapsed = 33.539615631103516 (ms)
[RANK0] W @ 391.087158203125 (ms) to 407.68310546875 (ms), cudaEventElapsed = 16.56729507446289 (ms)
[RANK0] F @ 407.73779296875 (ms) to 437.34765625 (ms), cudaEventElapsed = 29.58336067199707 (ms)
[RANK0] B @ 442.143310546875 (ms) to 479.673583984375 (ms), cudaEventElapsed = 37.491424560546875 (ms)
[RANK0] B @ 525.146728515625 (ms) to 558.40966796875 (ms), cudaEventElapsed = 33.22617721557617 (ms)
[RANK0] W @ 558.474853515625 (ms) to 574.017822265625 (ms), cudaEventElapsed = 15.51360034942627 (ms)
[RANK0] F @ 574.223388671875 (ms) to 603.768798828125 (ms), cudaEventElapsed = 29.514751434326172 (ms)
[RANK0] B @ 638.870849609375 (ms) to 673.145263671875 (ms), cudaEventElapsed = 34.234527587890625 (ms)
[RANK0] B @ 690.00390625 (ms) to 723.632568359375 (ms), cudaEventElapsed = 33.58998489379883 (ms)
[RANK0] W @ 723.6943359375 (ms) to 739.655517578125 (ms), cudaEventElapsed = 15.933440208435059 (ms)
[RANK0] F @ 739.85205078125 (ms) to 768.32763671875 (ms), cudaEventElapsed = 28.445695877075195 (ms)
[RANK0] B @ 805.8125 (ms) to 840.115966796875 (ms), cudaEventElapsed = 34.2632942199707 (ms)
[RANK0] B @ 849.97607421875 (ms) to 883.5830078125 (ms), cudaEventElapsed = 33.57369613647461 (ms)
[RANK0] W @ 883.64599609375 (ms) to 899.904541015625 (ms), cudaEventElapsed = 16.228351593017578 (ms)
[RANK0] F @ 900.11279296875 (ms) to 928.704833984375 (ms), cudaEventElapsed = 28.55833625793457 (ms)
[RANK0] W @ 928.888671875 (ms) to 981.603515625 (ms), cudaEventElapsed = 14.628864288330078 (ms)
[RANK0] W @ 981.65185546875 (ms) to 996.8994140625 (ms), cudaEventElapsed = 15.219712257385254 (ms)
[RANK0] W @ 997.10595703125 (ms) to 1015.135498046875 (ms), cudaEventElapsed = 17.99782371520996 (ms)
[RANK0] W @ 1015.179443359375 (ms) to 1035.93310546875 (ms), cudaEventElapsed = 20.728832244873047 (ms)
[RANK0] B @ 1036.1005859375 (ms) to 1076.87158203125 (ms), cudaEventElapsed = 40.74224090576172 (ms)
[RANK0] W @ 1077.070068359375 (ms) to 1098.144287109375 (ms), cudaEventElapsed = 18.761728286743164 (ms)
[RANK0] B @ 1098.30908203125 (ms) to 1136.238525390625 (ms), cudaEventElapsed = 37.89107131958008 (ms)
[RANK0] W @ 1136.30078125 (ms) to 1154.268798828125 (ms), cudaEventElapsed = 17.942527770996094 (ms)
[RANK0] B @ 1190.900146484375 (ms) to 1225.18408203125 (ms), cudaEventElapsed = 34.25187301635742 (ms)
[RANK0] W @ 1225.23974609375 (ms) to 1240.96728515625 (ms), cudaEventElapsed = 15.70304012298584 (ms)
[RANK0] B @ 1292.671142578125 (ms) to 1325.7998046875 (ms), cudaEventElapsed = 33.098976135253906 (ms)
[RANK0] 1W @ 1325.855224609375 (ms) to 1340.932861328125 (ms), cudaEventElapsed = 15.050751686096191 (ms)
[RANK0] Iteration 8
[RANK0] F @ 2.0966796875 (ms) to 27.17041015625 (ms), cudaEventElapsed = 25.04035186767578 (ms)
[RANK0] F @ 27.3720703125 (ms) to 52.350341796875 (ms), cudaEventElapsed = 24.94361686706543 (ms)
[RANK0] F @ 52.55126953125 (ms) to 80.452392578125 (ms), cudaEventElapsed = 27.864063262939453 (ms)
[RANK0] F @ 80.656494140625 (ms) to 108.89599609375 (ms), cudaEventElapsed = 28.2030086517334 (ms)
[RANK0] F @ 109.098876953125 (ms) to 137.28466796875 (ms), cudaEventElapsed = 28.14975929260254 (ms)
[RANK0] F @ 137.47802734375 (ms) to 165.614990234375 (ms), cudaEventElapsed = 28.104703903198242 (ms)
[RANK0] F @ 165.808837890625 (ms) to 193.999267578125 (ms), cudaEventElapsed = 28.15795135498047 (ms)
[RANK0] B @ 274.73193359375 (ms) to 307.921142578125 (ms), cudaEventElapsed = 33.1459846496582 (ms)
[RANK0] F @ 308.14453125 (ms) to 333.670166015625 (ms), cudaEventElapsed = 25.49350357055664 (ms)
[RANK0] B @ 358.45849609375 (ms) to 391.909423828125 (ms), cudaEventElapsed = 33.411041259765625 (ms)
[RANK0] W @ 392.1171875 (ms) to 408.351806640625 (ms), cudaEventElapsed = 16.20479965209961 (ms)
[RANK0] F @ 408.406494140625 (ms) to 437.191650390625 (ms), cudaEventElapsed = 28.75801658630371 (ms)
[RANK0] B @ 444.103271484375 (ms) to 481.12890625 (ms), cudaEventElapsed = 36.98806381225586 (ms)
[RANK0] B @ 527.1455078125 (ms) to 560.4775390625 (ms), cudaEventElapsed = 33.28188705444336 (ms)
[RANK0] W @ 560.563232421875 (ms) to 576.02197265625 (ms), cudaEventElapsed = 15.419391632080078 (ms)
[RANK0] F @ 576.31298828125 (ms) to 605.718017578125 (ms), cudaEventElapsed = 29.36524772644043 (ms)
[RANK0] B @ 640.203857421875 (ms) to 674.460693359375 (ms), cudaEventElapsed = 34.210880279541016 (ms)
[RANK0] B @ 691.215087890625 (ms) to 724.85546875 (ms), cudaEventElapsed = 33.60051345825195 (ms)
[RANK0] W @ 724.931396484375 (ms) to 741.04296875 (ms), cudaEventElapsed = 16.074752807617188 (ms)
[RANK0] F @ 741.25439453125 (ms) to 770.037109375 (ms), cudaEventElapsed = 28.75187110900879 (ms)
[RANK0] B @ 807.16015625 (ms) to 841.501220703125 (ms), cudaEventElapsed = 34.30188751220703 (ms)
[RANK0] B @ 851.37744140625 (ms) to 885.021728515625 (ms), cudaEventElapsed = 33.60451126098633 (ms)
[RANK0] W @ 885.087158203125 (ms) to 901.219970703125 (ms), cudaEventElapsed = 16.103424072265625 (ms)
[RANK0] F @ 901.427978515625 (ms) to 930.10693359375 (ms), cudaEventElapsed = 28.648448944091797 (ms)
[RANK0] W @ 930.3056640625 (ms) to 983.02099609375 (ms), cudaEventElapsed = 14.622719764709473 (ms)
[RANK0] W @ 983.076416015625 (ms) to 998.26806640625 (ms), cudaEventElapsed = 15.160320281982422 (ms)
[RANK0] W @ 998.467529296875 (ms) to 1016.217041015625 (ms), cudaEventElapsed = 17.719295501708984 (ms)
[RANK0] W @ 1016.2607421875 (ms) to 1036.858642578125 (ms), cudaEventElapsed = 20.572160720825195 (ms)
[RANK0] B @ 1037.022216796875 (ms) to 1077.528076171875 (ms), cudaEventElapsed = 40.478145599365234 (ms)
[RANK0] W @ 1077.7333984375 (ms) to 1099.8837890625 (ms), cudaEventElapsed = 18.290687561035156 (ms)
[RANK0] B @ 1100.042724609375 (ms) to 1137.443603515625 (ms), cudaEventElapsed = 37.373409271240234 (ms)
[RANK0] W @ 1137.49853515625 (ms) to 1155.1640625 (ms), cudaEventElapsed = 17.64044761657715 (ms)
[RANK0] B @ 1193.38916015625 (ms) to 1227.548095703125 (ms), cudaEventElapsed = 34.12406539916992 (ms)
[RANK0] W @ 1227.607177734375 (ms) to 1242.9716796875 (ms), cudaEventElapsed = 15.339520454406738 (ms)
[RANK0] B @ 1296.224365234375 (ms) to 1329.320556640625 (ms), cudaEventElapsed = 33.06367874145508 (ms)
[RANK0] 1W @ 1329.3779296875 (ms) to 1344.71630859375 (ms), cudaEventElapsed = 15.312895774841309 (ms)
[RANK0] Iteration 9
[RANK0] F @ 2.0908203125 (ms) to 27.1982421875 (ms), cudaEventElapsed = 25.07254409790039 (ms)
[RANK0] F @ 27.41455078125 (ms) to 52.7685546875 (ms), cudaEventElapsed = 25.32249641418457 (ms)
[RANK0] F @ 52.979248046875 (ms) to 80.96142578125 (ms), cudaEventElapsed = 27.95008087158203 (ms)
[RANK0] F @ 81.16650390625 (ms) to 109.2353515625 (ms), cudaEventElapsed = 28.037120819091797 (ms)
[RANK0] F @ 109.431640625 (ms) to 137.52734375 (ms), cudaEventElapsed = 28.063743591308594 (ms)
[RANK0] F @ 137.722900390625 (ms) to 165.726806640625 (ms), cudaEventElapsed = 27.97056007385254 (ms)
[RANK0] F @ 165.918212890625 (ms) to 193.859619140625 (ms), cudaEventElapsed = 27.909120559692383 (ms)
[RANK0] B @ 526.346435546875 (ms) to 559.783447265625 (ms), cudaEventElapsed = 33.37238311767578 (ms)
[RANK0] F @ 560.074462890625 (ms) to 586.434814453125 (ms), cudaEventElapsed = 26.32294464111328 (ms)
[RANK0] B @ 680.393798828125 (ms) to 713.655029296875 (ms), cudaEventElapsed = 33.20457458496094 (ms)
[RANK0] W @ 713.92626953125 (ms) to 729.30029296875 (ms), cudaEventElapsed = 15.343615531921387 (ms)
[RANK0] F @ 729.355224609375 (ms) to 758.574462890625 (ms), cudaEventElapsed = 29.19219207763672 (ms)
[RANK0] B @ 831.235595703125 (ms) to 865.37939453125 (ms), cudaEventElapsed = 34.092063903808594 (ms)
[RANK0] B @ 980.591064453125 (ms) to 1013.70166015625 (ms), cudaEventElapsed = 33.062686920166016 (ms)
[RANK0] W @ 1013.779296875 (ms) to 1028.6904296875 (ms), cudaEventElapsed = 14.87667179107666 (ms)
[RANK0] F @ 1028.9404296875 (ms) to 1058.316650390625 (ms), cudaEventElapsed = 29.33452796936035 (ms)
[RANK0] B @ 1156.2646484375 (ms) to 1190.28125 (ms), cudaEventElapsed = 33.9576301574707 (ms)
[RANK0] B @ 1274.13232421875 (ms) to 1307.233642578125 (ms), cudaEventElapsed = 33.05775833129883 (ms)
[RANK0] W @ 1307.31591796875 (ms) to 1322.51513671875 (ms), cudaEventElapsed = 15.171584129333496 (ms)
[RANK0] F @ 1322.773681640625 (ms) to 1351.16552734375 (ms), cudaEventElapsed = 28.35763168334961 (ms)
[RANK0] B @ 1459.62548828125 (ms) to 1493.648193359375 (ms), cudaEventElapsed = 33.96684646606445 (ms)
[RANK0] B @ 1567.797119140625 (ms) to 1601.068359375 (ms), cudaEventElapsed = 33.215614318847656 (ms)
[RANK0] W @ 1601.149658203125 (ms) to 1616.55126953125 (ms), cudaEventElapsed = 15.37228775024414 (ms)
[RANK0] F @ 1616.8056640625 (ms) to 1645.46923828125 (ms), cudaEventElapsed = 28.628992080688477 (ms)
[RANK0] W @ 1645.66845703125 (ms) to 1754.025390625 (ms), cudaEventElapsed = 14.501888275146484 (ms)
[RANK0] W @ 1754.1220703125 (ms) to 1768.7626953125 (ms), cudaEventElapsed = 14.59712028503418 (ms)
[RANK0] W @ 1769.01123046875 (ms) to 1786.907470703125 (ms), cudaEventElapsed = 17.85856056213379 (ms)
[RANK0] W @ 1786.95361328125 (ms) to 1807.8232421875 (ms), cudaEventElapsed = 20.84351921081543 (ms)
[RANK0] B @ 1808.018310546875 (ms) to 1848.9541015625 (ms), cudaEventElapsed = 40.905086517333984 (ms)
[RANK0] W @ 1849.15625 (ms) to 1927.625 (ms), cudaEventElapsed = 14.667776107788086 (ms)
[RANK0] B @ 1927.837890625 (ms) to 1963.7421875 (ms), cudaEventElapsed = 35.87148666381836 (ms)
[RANK0] W @ 1963.80078125 (ms) to 1981.122802734375 (ms), cudaEventElapsed = 17.297407150268555 (ms)
[RANK0] B @ 2076.244140625 (ms) to 2110.193359375 (ms), cudaEventElapsed = 33.904510498046875 (ms)
[RANK0] W @ 2110.2626953125 (ms) to 2125.885009765625 (ms), cudaEventElapsed = 15.589376449584961 (ms)
[RANK0] B @ 2240.10205078125 (ms) to 2273.28662109375 (ms), cudaEventElapsed = 33.131038665771484 (ms)
[RANK0] 1W @ 2273.365966796875 (ms) to 2288.22509765625 (ms), cudaEventElapsed = 14.831616401672363 (ms)
[RANK0] Iteration 10
[RANK0] F @ 1.98779296875 (ms) to 27.180908203125 (ms), cudaEventElapsed = 25.156864166259766 (ms)
[RANK0] F @ 27.40966796875 (ms) to 52.683837890625 (ms), cudaEventElapsed = 25.240575790405273 (ms)
[RANK0] F @ 52.887451171875 (ms) to 80.43701171875 (ms), cudaEventElapsed = 27.511808395385742 (ms)
[RANK0] F @ 80.630615234375 (ms) to 109.0126953125 (ms), cudaEventElapsed = 28.3504638671875 (ms)
[RANK0] F @ 109.203857421875 (ms) to 137.228759765625 (ms), cudaEventElapsed = 27.991039276123047 (ms)
[RANK0] F @ 137.430419921875 (ms) to 165.31982421875 (ms), cudaEventElapsed = 27.850751876831055 (ms)
[RANK0] F @ 165.511474609375 (ms) to 193.349853515625 (ms), cudaEventElapsed = 27.804672241210938 (ms)
[RANK0] B @ 523.353271484375 (ms) to 556.71142578125 (ms), cudaEventElapsed = 33.28489685058594 (ms)
[RANK0] F @ 557.0146484375 (ms) to 583.733642578125 (ms), cudaEventElapsed = 26.679296493530273 (ms)
[RANK0] B @ 675.739501953125 (ms) to 709.057373046875 (ms), cudaEventElapsed = 33.25747299194336 (ms)
[RANK0] W @ 709.301513671875 (ms) to 724.841796875 (ms), cudaEventElapsed = 15.500288009643555 (ms)
[RANK0] F @ 724.893798828125 (ms) to 752.84814453125 (ms), cudaEventElapsed = 27.92857551574707 (ms)
[RANK0] B @ 829.398193359375 (ms) to 863.566650390625 (ms), cudaEventElapsed = 34.119903564453125 (ms)
[RANK0] B @ 976.630859375 (ms) to 1009.77587890625 (ms), cudaEventElapsed = 33.09718322753906 (ms)
[RANK0] W @ 1009.85546875 (ms) to 1024.95556640625 (ms), cudaEventElapsed = 15.073280334472656 (ms)
[RANK0] F @ 1025.1787109375 (ms) to 1053.2724609375 (ms), cudaEventElapsed = 28.062719345092773 (ms)
[RANK0] B @ 1152.57666015625 (ms) to 1186.75146484375 (ms), cudaEventElapsed = 34.11587142944336 (ms)
[RANK0] B @ 1270.8876953125 (ms) to 1304.196533203125 (ms), cudaEventElapsed = 33.252384185791016 (ms)
[RANK0] W @ 1304.29345703125 (ms) to 1319.533935546875 (ms), cudaEventElapsed = 15.20742416381836 (ms)
[RANK0] F @ 1319.792724609375 (ms) to 1349.2568359375 (ms), cudaEventElapsed = 29.428735733032227 (ms)
[RANK0] B @ 1453.461669921875 (ms) to 1487.468505859375 (ms), cudaEventElapsed = 33.965023040771484 (ms)
[RANK0] B @ 1561.269287109375 (ms) to 1594.357666015625 (ms), cudaEventElapsed = 33.047359466552734 (ms)
[RANK0] W @ 1594.426513671875 (ms) to 1609.866943359375 (ms), cudaEventElapsed = 15.411199569702148 (ms)
[RANK0] F @ 1610.06689453125 (ms) to 1638.658935546875 (ms), cudaEventElapsed = 28.5614070892334 (ms)
[RANK0] W @ 1638.849365234375 (ms) to 1748.7001953125 (ms), cudaEventElapsed = 14.475263595581055 (ms)
[RANK0] W @ 1748.767822265625 (ms) to 1764.34130859375 (ms), cudaEventElapsed = 15.536128044128418 (ms)
[RANK0] W @ 1764.566162109375 (ms) to 1782.632080078125 (ms), cudaEventElapsed = 18.03264045715332 (ms)
[RANK0] W @ 1782.677001953125 (ms) to 1803.474609375 (ms), cudaEventElapsed = 20.770816802978516 (ms)
[RANK0] B @ 1803.641845703125 (ms) to 1844.12158203125 (ms), cudaEventElapsed = 40.450721740722656 (ms)
[RANK0] W @ 1844.33251953125 (ms) to 1922.212890625 (ms), cudaEventElapsed = 14.717951774597168 (ms)
[RANK0] B @ 1922.413818359375 (ms) to 1957.35400390625 (ms), cudaEventElapsed = 34.909183502197266 (ms)
[RANK0] W @ 1957.418701171875 (ms) to 1974.643310546875 (ms), cudaEventElapsed = 17.19398307800293 (ms)
[RANK0] B @ 2069.98193359375 (ms) to 2104.142578125 (ms), cudaEventElapsed = 34.118526458740234 (ms)
[RANK0] W @ 2104.21044921875 (ms) to 2120.0595703125 (ms), cudaEventElapsed = 15.816703796386719 (ms)
[RANK0] B @ 2232.356201171875 (ms) to 2265.52001953125 (ms), cudaEventElapsed = 33.12588882446289 (ms)
[RANK0] 1W @ 2265.583251953125 (ms) to 2280.7587890625 (ms), cudaEventElapsed = 15.144960403442383 (ms)
[RANK0] Iteration 11
[RANK0] F @ 2.049560546875 (ms) to 27.367431640625 (ms), cudaEventElapsed = 25.285375595092773 (ms)
[RANK0] F @ 27.599365234375 (ms) to 53.25048828125 (ms), cudaEventElapsed = 25.618431091308594 (ms)
[RANK0] F @ 53.446533203125 (ms) to 81.278564453125 (ms), cudaEventElapsed = 27.800575256347656 (ms)
[RANK0] F @ 81.48388671875 (ms) to 109.18359375 (ms), cudaEventElapsed = 27.660287857055664 (ms)
[RANK0] F @ 109.368896484375 (ms) to 137.220947265625 (ms), cudaEventElapsed = 27.819007873535156 (ms)
[RANK0] F @ 137.408203125 (ms) to 165.271240234375 (ms), cudaEventElapsed = 27.829248428344727 (ms)
[RANK0] F @ 165.482666015625 (ms) to 193.31103515625 (ms), cudaEventElapsed = 27.788288116455078 (ms)
[RANK0] B @ 524.779541015625 (ms) to 558.253173828125 (ms), cudaEventElapsed = 33.403968811035156 (ms)
[RANK0] F @ 558.566650390625 (ms) to 584.819580078125 (ms), cudaEventElapsed = 26.215423583984375 (ms)
[RANK0] B @ 676.39306640625 (ms) to 709.606201171875 (ms), cudaEventElapsed = 33.1580810546875 (ms)
[RANK0] W @ 709.872314453125 (ms) to 725.384521484375 (ms), cudaEventElapsed = 15.47878360748291 (ms)
[RANK0] F @ 725.43994140625 (ms) to 753.91943359375 (ms), cudaEventElapsed = 28.450815200805664 (ms)
[RANK0] B @ 889.45703125 (ms) to 923.650146484375 (ms), cudaEventElapsed = 34.12144088745117 (ms)
[RANK0] B @ 975.983154296875 (ms) to 1009.212646484375 (ms), cudaEventElapsed = 33.17561721801758 (ms)
[RANK0] W @ 1009.29833984375 (ms) to 1024.79638671875 (ms), cudaEventElapsed = 15.467519760131836 (ms)
[RANK0] F @ 1025.032470703125 (ms) to 1053.613037109375 (ms), cudaEventElapsed = 28.548095703125 (ms)
[RANK0] B @ 1210.898681640625 (ms) to 1245.0234375 (ms), cudaEventElapsed = 34.06505584716797 (ms)
[RANK0] B @ 1279.080322265625 (ms) to 1312.205810546875 (ms), cudaEventElapsed = 33.08262252807617 (ms)
[RANK0] W @ 1312.2958984375 (ms) to 1327.592529296875 (ms), cudaEventElapsed = 15.261695861816406 (ms)
[RANK0] F @ 1327.85302734375 (ms) to 1357.228515625 (ms), cudaEventElapsed = 29.3437442779541 (ms)
[RANK0] B @ 1516.355224609375 (ms) to 1550.485595703125 (ms), cudaEventElapsed = 34.061729431152344 (ms)
[RANK0] B @ 1583.28173828125 (ms) to 1616.623779296875 (ms), cudaEventElapsed = 33.29487991333008 (ms)
[RANK0] W @ 1616.7021484375 (ms) to 1632.232666015625 (ms), cudaEventElapsed = 15.49721622467041 (ms)
[RANK0] F @ 1632.479736328125 (ms) to 1662.162841796875 (ms), cudaEventElapsed = 29.648895263671875 (ms)
[RANK0] W @ 1662.372314453125 (ms) to 1830.111328125 (ms), cudaEventElapsed = 14.502911567687988 (ms)
[RANK0] W @ 1830.21826171875 (ms) to 1845.161865234375 (ms), cudaEventElapsed = 14.898176193237305 (ms)
[RANK0] W @ 1845.4150390625 (ms) to 1862.733642578125 (ms), cudaEventElapsed = 17.283071517944336 (ms)
[RANK0] W @ 1862.778564453125 (ms) to 1883.053955078125 (ms), cudaEventElapsed = 20.25062370300293 (ms)
[RANK0] B @ 1883.25634765625 (ms) to 1924.10400390625 (ms), cudaEventElapsed = 40.817535400390625 (ms)
[RANK0] W @ 1924.330810546875 (ms) to 1982.7294921875 (ms), cudaEventElapsed = 14.79372787475586 (ms)
[RANK0] B @ 1982.956787109375 (ms) to 2018.55615234375 (ms), cudaEventElapsed = 35.5667839050293 (ms)
[RANK0] W @ 2018.619140625 (ms) to 2036.3076171875 (ms), cudaEventElapsed = 17.657855987548828 (ms)
[RANK0] B @ 2130.091796875 (ms) to 2164.117919921875 (ms), cudaEventElapsed = 33.98400115966797 (ms)
[RANK0] W @ 2164.182373046875 (ms) to 2179.705810546875 (ms), cudaEventElapsed = 15.49721622467041 (ms)
[RANK0] B @ 2292.52392578125 (ms) to 2325.6455078125 (ms), cudaEventElapsed = 33.08528137207031 (ms)
[RANK0] 1W @ 2325.70703125 (ms) to 2340.71044921875 (ms), cudaEventElapsed = 14.97702407836914 (ms)
[RANK0] Iteration 12
[RANK0] F @ 2.05810546875 (ms) to 27.336669921875 (ms), cudaEventElapsed = 25.243263244628906 (ms)
[RANK0] F @ 27.5673828125 (ms) to 117.313232421875 (ms), cudaEventElapsed = 24.08140754699707 (ms)
[RANK0] F @ 117.535888671875 (ms) to 204.93505859375 (ms), cudaEventElapsed = 24.071168899536133 (ms)
[RANK0] F @ 205.13671875 (ms) to 295.5556640625 (ms), cudaEventElapsed = 24.08038330078125 (ms)
[RANK0] F @ 295.784423828125 (ms) to 382.006103515625 (ms), cudaEventElapsed = 24.119295120239258 (ms)
[RANK0] F @ 382.20849609375 (ms) to 472.303955078125 (ms), cudaEventElapsed = 24.168447494506836 (ms)
[RANK0] F @ 472.5361328125 (ms) to 560.561279296875 (ms), cudaEventElapsed = 24.0762882232666 (ms)
[RANK0] B @ 703.357421875 (ms) to 736.615234375 (ms), cudaEventElapsed = 33.2116813659668 (ms)
[RANK0] F @ 736.830078125 (ms) to 762.62841796875 (ms), cudaEventElapsed = 25.76896095275879 (ms)
[RANK0] B @ 964.88720703125 (ms) to 998.17724609375 (ms), cudaEventElapsed = 33.238624572753906 (ms)
[RANK0] W @ 998.443603515625 (ms) to 1013.901123046875 (ms), cudaEventElapsed = 15.421440124511719 (ms)
[RANK0] F @ 1013.955322265625 (ms) to 1042.01123046875 (ms), cudaEventElapsed = 28.027904510498047 (ms)
[RANK0] B @ 1144.767578125 (ms) to 1178.8564453125 (ms), cudaEventElapsed = 34.044769287109375 (ms)
[RANK0] B @ 1228.54150390625 (ms) to 1261.69189453125 (ms), cudaEventElapsed = 33.115264892578125 (ms)
[RANK0] W @ 1261.755126953125 (ms) to 1277.0712890625 (ms), cudaEventElapsed = 15.284223556518555 (ms)
[RANK0] F @ 1277.29638671875 (ms) to 1305.572265625 (ms), cudaEventElapsed = 28.241920471191406 (ms)
[RANK0] B @ 1463.290283203125 (ms) to 1497.315673828125 (ms), cudaEventElapsed = 33.979774475097656 (ms)
[RANK0] B @ 1530.710693359375 (ms) to 1563.763671875 (ms), cudaEventElapsed = 33.01670455932617 (ms)
[RANK0] W @ 1563.829345703125 (ms) to 1579.126220703125 (ms), cudaEventElapsed = 15.270912170410156 (ms)
[RANK0] F @ 1579.33984375 (ms) to 1607.583740234375 (ms), cudaEventElapsed = 28.212223052978516 (ms)
[RANK0] B @ 1765.47705078125 (ms) to 1799.561767578125 (ms), cudaEventElapsed = 34.036128997802734 (ms)
[RANK0] B @ 1834.138671875 (ms) to 1867.2919921875 (ms), cudaEventElapsed = 33.11964797973633 (ms)
[RANK0] W @ 1867.353759765625 (ms) to 1882.495849609375 (ms), cudaEventElapsed = 15.116288185119629 (ms)
[RANK0] F @ 1882.6865234375 (ms) to 1911.8603515625 (ms), cudaEventElapsed = 29.14406394958496 (ms)
[RANK0] W @ 1912.061767578125 (ms) to 2081.518310546875 (ms), cudaEventElapsed = 14.46399974822998 (ms)
[RANK0] W @ 2081.5830078125 (ms) to 2096.875 (ms), cudaEventElapsed = 15.254528045654297 (ms)
[RANK0] W @ 2097.083984375 (ms) to 2114.743408203125 (ms), cudaEventElapsed = 17.62713623046875 (ms)
[RANK0] W @ 2114.78759765625 (ms) to 2135.3046875 (ms), cudaEventElapsed = 20.49228858947754 (ms)
[RANK0] B @ 2135.474365234375 (ms) to 2175.985107421875 (ms), cudaEventElapsed = 40.48214340209961 (ms)
[RANK0] W @ 2176.172607421875 (ms) to 2235.447509765625 (ms), cudaEventElapsed = 14.751744270324707 (ms)
[RANK0] B @ 2235.6123046875 (ms) to 2270.747314453125 (ms), cudaEventElapsed = 35.1060791015625 (ms)
[RANK0] W @ 2270.807861328125 (ms) to 2288.388427734375 (ms), cudaEventElapsed = 17.553407669067383 (ms)
[RANK0] B @ 2388.105712890625 (ms) to 2422.032958984375 (ms), cudaEventElapsed = 33.893089294433594 (ms)
[RANK0] W @ 2422.08984375 (ms) to 2437.548095703125 (ms), cudaEventElapsed = 15.433728218078613 (ms)
[RANK0] B @ 2551.041259765625 (ms) to 2584.010498046875 (ms), cudaEventElapsed = 32.93571090698242 (ms)
[RANK0] 1W @ 2584.069580078125 (ms) to 2599.332763671875 (ms), cudaEventElapsed = 15.236096382141113 (ms)
[RANK0] Iteration 13
[RANK0] F @ 1.956298828125 (ms) to 27.142333984375 (ms), cudaEventElapsed = 25.153120040893555 (ms)
[RANK0] F @ 27.36279296875 (ms) to 115.779052734375 (ms), cudaEventElapsed = 24.028160095214844 (ms)
[RANK0] F @ 115.978515625 (ms) to 206.35302734375 (ms), cudaEventElapsed = 24.04761505126953 (ms)
[RANK0] F @ 206.547119140625 (ms) to 294.910400390625 (ms), cudaEventElapsed = 24.05580711364746 (ms)
[RANK0] F @ 295.120361328125 (ms) to 385.48583984375 (ms), cudaEventElapsed = 24.10188865661621 (ms)
[RANK0] F @ 385.693603515625 (ms) to 473.7265625 (ms), cudaEventElapsed = 24.10086441040039 (ms)
[RANK0] F @ 473.93017578125 (ms) to 562.683837890625 (ms), cudaEventElapsed = 24.143871307373047 (ms)
[RANK0] B @ 709.178955078125 (ms) to 742.3310546875 (ms), cudaEventElapsed = 33.10374450683594 (ms)
[RANK0] F @ 742.5478515625 (ms) to 768.793212890625 (ms), cudaEventElapsed = 26.214399337768555 (ms)
[RANK0] B @ 965.590576171875 (ms) to 998.884033203125 (ms), cudaEventElapsed = 33.234657287597656 (ms)
[RANK0] W @ 999.151611328125 (ms) to 1014.9404296875 (ms), cudaEventElapsed = 15.756287574768066 (ms)
[RANK0] F @ 1014.995849609375 (ms) to 1043.70703125 (ms), cudaEventElapsed = 28.685312271118164 (ms)
[RANK0] B @ 1144.688720703125 (ms) to 1178.7265625 (ms), cudaEventElapsed = 33.98992156982422 (ms)
[RANK0] B @ 1227.677978515625 (ms) to 1260.712646484375 (ms), cudaEventElapsed = 32.99852752685547 (ms)
[RANK0] W @ 1260.779541015625 (ms) to 1276.033935546875 (ms), cudaEventElapsed = 15.225855827331543 (ms)
[RANK0] F @ 1276.24951171875 (ms) to 1305.645751953125 (ms), cudaEventElapsed = 29.36524772644043 (ms)
[RANK0] B @ 1461.8134765625 (ms) to 1496.075439453125 (ms), cudaEventElapsed = 34.20646286010742 (ms)
[RANK0] B @ 1530.38427734375 (ms) to 1563.58642578125 (ms), cudaEventElapsed = 33.15951919555664 (ms)
[RANK0] W @ 1563.656982421875 (ms) to 1578.875244140625 (ms), cudaEventElapsed = 15.186944007873535 (ms)
[RANK0] F @ 1579.0888671875 (ms) to 1608.951171875 (ms), cudaEventElapsed = 29.832191467285156 (ms)
[RANK0] B @ 1766.7099609375 (ms) to 1800.756591796875 (ms), cudaEventElapsed = 33.9956169128418 (ms)
[RANK0] B @ 1832.9443359375 (ms) to 1866.21484375 (ms), cudaEventElapsed = 33.228031158447266 (ms)
[RANK0] W @ 1866.28369140625 (ms) to 1881.701416015625 (ms), cudaEventElapsed = 15.38969612121582 (ms)
[RANK0] F @ 1881.9326171875 (ms) to 1911.51708984375 (ms), cudaEventElapsed = 29.55059242248535 (ms)
[RANK0] W @ 1911.715087890625 (ms) to 2081.10888671875 (ms), cudaEventElapsed = 14.48755168914795 (ms)
[RANK0] W @ 2081.189453125 (ms) to 2095.843505859375 (ms), cudaEventElapsed = 14.612480163574219 (ms)
[RANK0] W @ 2096.087890625 (ms) to 2113.62646484375 (ms), cudaEventElapsed = 17.499135971069336 (ms)
[RANK0] W @ 2113.671630859375 (ms) to 2134.3046875 (ms), cudaEventElapsed = 20.606975555419922 (ms)
[RANK0] B @ 2134.48779296875 (ms) to 2175.119873046875 (ms), cudaEventElapsed = 40.60249710083008 (ms)
[RANK0] W @ 2175.316162109375 (ms) to 2233.927490234375 (ms), cudaEventElapsed = 14.738431930541992 (ms)
[RANK0] B @ 2234.088134765625 (ms) to 2270.181640625 (ms), cudaEventElapsed = 36.05916976928711 (ms)
[RANK0] W @ 2270.243896484375 (ms) to 2288.04443359375 (ms), cudaEventElapsed = 17.771520614624023 (ms)
[RANK0] B @ 2394.011474609375 (ms) to 2428.0625 (ms), cudaEventElapsed = 34.014495849609375 (ms)
[RANK0] W @ 2428.1318359375 (ms) to 2443.671142578125 (ms), cudaEventElapsed = 15.51360034942627 (ms)
[RANK0] B @ 2555.995361328125 (ms) to 2589.17333984375 (ms), cudaEventElapsed = 33.139488220214844 (ms)
[RANK0] 1W @ 2589.240234375 (ms) to 2604.5224609375 (ms), cudaEventElapsed = 15.254528045654297 (ms)
[RANK0] Iteration 14
[RANK0] F @ 2.077392578125 (ms) to 27.24267578125 (ms), cudaEventElapsed = 25.131807327270508 (ms)
[RANK0] F @ 27.45751953125 (ms) to 118.62255859375 (ms), cudaEventElapsed = 24.144895553588867 (ms)
[RANK0] F @ 118.83642578125 (ms) to 207.802734375 (ms), cudaEventElapsed = 24.059904098510742 (ms)
[RANK0] F @ 208.017578125 (ms) to 298.9716796875 (ms), cudaEventElapsed = 24.14899253845215 (ms)
[RANK0] F @ 299.194091796875 (ms) to 387.7265625 (ms), cudaEventElapsed = 24.09676742553711 (ms)
[RANK0] F @ 387.948974609375 (ms) to 479.7822265625 (ms), cudaEventElapsed = 24.216575622558594 (ms)
[RANK0] F @ 479.98681640625 (ms) to 568.723876953125 (ms), cudaEventElapsed = 24.050687789916992 (ms)
[RANK0] B @ 708.455322265625 (ms) to 741.72216796875 (ms), cudaEventElapsed = 33.22636795043945 (ms)
[RANK0] F @ 741.954345703125 (ms) to 768.1259765625 (ms), cudaEventElapsed = 26.13862419128418 (ms)
[RANK0] B @ 965.5625 (ms) to 998.830810546875 (ms), cudaEventElapsed = 33.22073745727539 (ms)
[RANK0] W @ 999.072021484375 (ms) to 1014.5166015625 (ms), cudaEventElapsed = 15.412223815917969 (ms)
[RANK0] F @ 1014.567138671875 (ms) to 1043.61865234375 (ms), cudaEventElapsed = 29.022207260131836 (ms)
[RANK0] B @ 1144.6142578125 (ms) to 1178.73828125 (ms), cudaEventElapsed = 34.082366943359375 (ms)
[RANK0] B @ 1229.054443359375 (ms) to 1262.204833984375 (ms), cudaEventElapsed = 33.11238479614258 (ms)
[RANK0] W @ 1262.270751953125 (ms) to 1277.618408203125 (ms), cudaEventElapsed = 15.318016052246094 (ms)
[RANK0] F @ 1277.825439453125 (ms) to 1306.36962890625 (ms), cudaEventElapsed = 28.51430320739746 (ms)
[RANK0] B @ 1464.2529296875 (ms) to 1498.427490234375 (ms), cudaEventElapsed = 34.12384033203125 (ms)
[RANK0] B @ 1530.81982421875 (ms) to 1564.012451171875 (ms), cudaEventElapsed = 33.15446472167969 (ms)
[RANK0] W @ 1564.080078125 (ms) to 1579.4814453125 (ms), cudaEventElapsed = 15.371264457702637 (ms)
[RANK0] F @ 1579.71044921875 (ms) to 1608.090087890625 (ms), cudaEventElapsed = 28.34636878967285 (ms)
[RANK0] B @ 1766.374755859375 (ms) to 1800.575439453125 (ms), cudaEventElapsed = 34.1459846496582 (ms)
[RANK0] B @ 1832.762939453125 (ms) to 1865.98486328125 (ms), cudaEventElapsed = 33.180641174316406 (ms)
[RANK0] W @ 1866.04833984375 (ms) to 1881.229248046875 (ms), cudaEventElapsed = 15.156224250793457 (ms)
[RANK0] F @ 1881.43701171875 (ms) to 1909.270263671875 (ms), cudaEventElapsed = 27.800575256347656 (ms)
[RANK0] W @ 1909.47314453125 (ms) to 2079.8125 (ms), cudaEventElapsed = 14.450688362121582 (ms)
[RANK0] W @ 2079.897705078125 (ms) to 2094.9189453125 (ms), cudaEventElapsed = 14.980095863342285 (ms)
[RANK0] W @ 2095.141845703125 (ms) to 2112.938232421875 (ms), cudaEventElapsed = 17.766399383544922 (ms)
[RANK0] W @ 2112.9814453125 (ms) to 2134.01708984375 (ms), cudaEventElapsed = 21.01043128967285 (ms)
[RANK0] B @ 2134.178466796875 (ms) to 2174.78076171875 (ms), cudaEventElapsed = 40.57494354248047 (ms)
[RANK0] W @ 2174.986328125 (ms) to 2233.183837890625 (ms), cudaEventElapsed = 14.721023559570312 (ms)
[RANK0] B @ 2233.365234375 (ms) to 2268.572021484375 (ms), cudaEventElapsed = 35.17500686645508 (ms)
[RANK0] W @ 2268.6259765625 (ms) to 2285.8798828125 (ms), cudaEventElapsed = 17.22879981994629 (ms)
[RANK0] B @ 2387.8984375 (ms) to 2421.788818359375 (ms), cudaEventElapsed = 33.856895446777344 (ms)
[RANK0] W @ 2421.84619140625 (ms) to 2437.330078125 (ms), cudaEventElapsed = 15.459327697753906 (ms)
[RANK0] B @ 2549.3251953125 (ms) to 2582.376220703125 (ms), cudaEventElapsed = 33.02070236206055 (ms)
[RANK0] 1W @ 2582.43359375 (ms) to 2597.83251953125 (ms), cudaEventElapsed = 15.371264457702637 (ms)
[RANK0] Iteration 15
[RANK0] F @ 2.031005859375 (ms) to 27.17333984375 (ms), cudaEventElapsed = 25.10985565185547 (ms)
[RANK0] F @ 27.381103515625 (ms) to 118.338623046875 (ms), cudaEventElapsed = 24.156160354614258 (ms)
[RANK0] F @ 118.54541015625 (ms) to 206.189208984375 (ms), cudaEventElapsed = 24.027135848999023 (ms)
[RANK0] F @ 206.38525390625 (ms) to 297.654296875 (ms), cudaEventElapsed = 24.09984016418457 (ms)
[RANK0] F @ 297.873046875 (ms) to 386.371826171875 (ms), cudaEventElapsed = 24.09881591796875 (ms)
[RANK0] F @ 386.59619140625 (ms) to 477.9560546875 (ms), cudaEventElapsed = 24.261632919311523 (ms)
[RANK0] F @ 478.158935546875 (ms) to 566.624267578125 (ms), cudaEventElapsed = 24.185855865478516 (ms)
[RANK0] B @ 706.667236328125 (ms) to 739.972900390625 (ms), cudaEventElapsed = 33.256065368652344 (ms)
[RANK0] F @ 740.220458984375 (ms) to 766.272216796875 (ms), cudaEventElapsed = 26.018815994262695 (ms)
[RANK0] B @ 965.004150390625 (ms) to 998.359619140625 (ms), cudaEventElapsed = 33.302913665771484 (ms)
[RANK0] W @ 998.61181640625 (ms) to 1014.04443359375 (ms), cudaEventElapsed = 15.403008460998535 (ms)
[RANK0] F @ 1014.097900390625 (ms) to 1042.79736328125 (ms), cudaEventElapsed = 28.673023223876953 (ms)
[RANK0] B @ 1144.384033203125 (ms) to 1178.541259765625 (ms), cudaEventElapsed = 34.10892868041992 (ms)
[RANK0] B @ 1228.111328125 (ms) to 1261.26220703125 (ms), cudaEventElapsed = 33.110111236572266 (ms)
[RANK0] W @ 1261.33154296875 (ms) to 1276.706787109375 (ms), cudaEventElapsed = 15.346688270568848 (ms)
[RANK0] F @ 1276.922607421875 (ms) to 1305.3134765625 (ms), cudaEventElapsed = 28.36070442199707 (ms)
[RANK0] B @ 1463.77783203125 (ms) to 1498.02490234375 (ms), cudaEventElapsed = 34.192352294921875 (ms)
[RANK0] B @ 1530.2880859375 (ms) to 1563.47412109375 (ms), cudaEventElapsed = 33.1440315246582 (ms)
[RANK0] W @ 1563.54296875 (ms) to 1578.840576171875 (ms), cudaEventElapsed = 15.265791893005371 (ms)
[RANK0] F @ 1579.04931640625 (ms) to 1607.231201171875 (ms), cudaEventElapsed = 28.15283203125 (ms)
[RANK0] B @ 1766.39111328125 (ms) to 1800.560791015625 (ms), cudaEventElapsed = 34.11827087402344 (ms)
[RANK0] B @ 1833.4033203125 (ms) to 1866.65478515625 (ms), cudaEventElapsed = 33.21027374267578 (ms)
[RANK0] W @ 1866.720947265625 (ms) to 1882.04736328125 (ms), cudaEventElapsed = 15.301631927490234 (ms)
[RANK0] F @ 1882.251220703125 (ms) to 1910.4345703125 (ms), cudaEventElapsed = 28.15283203125 (ms)
[RANK0] W @ 1910.6474609375 (ms) to 2080.398193359375 (ms), cudaEventElapsed = 14.428159713745117 (ms)
[RANK0] W @ 2080.49462890625 (ms) to 2095.85595703125 (ms), cudaEventElapsed = 15.318016052246094 (ms)
[RANK0] W @ 2096.119140625 (ms) to 2114.07958984375 (ms), cudaEventElapsed = 17.924095153808594 (ms)
[RANK0] W @ 2114.130126953125 (ms) to 2134.95458984375 (ms), cudaEventElapsed = 20.794368743896484 (ms)
[RANK0] B @ 2135.138916015625 (ms) to 2175.460693359375 (ms), cudaEventElapsed = 40.29257583618164 (ms)
[RANK0] W @ 2175.66455078125 (ms) to 2232.566162109375 (ms), cudaEventElapsed = 14.702591896057129 (ms)
[RANK0] B @ 2232.768798828125 (ms) to 2267.824462890625 (ms), cudaEventElapsed = 35.02396774291992 (ms)
[RANK0] W @ 2267.88720703125 (ms) to 2285.146484375 (ms), cudaEventElapsed = 17.23187255859375 (ms)
[RANK0] B @ 2387.2734375 (ms) to 2421.27294921875 (ms), cudaEventElapsed = 33.960289001464844 (ms)
[RANK0] W @ 2421.33349609375 (ms) to 2436.981689453125 (ms), cudaEventElapsed = 15.62112045288086 (ms)
[RANK0] B @ 2549.479248046875 (ms) to 2582.49951171875 (ms), cudaEventElapsed = 32.98748779296875 (ms)
[RANK0] 1W @ 2582.55859375 (ms) to 2597.8466796875 (ms), cudaEventElapsed = 15.263744354248047 (ms)
[RANK0] Iteration 16
[RANK0] F @ 0.242919921875 (ms) to 23.823486328125 (ms), cudaEventElapsed = 23.54761505126953 (ms)
[RANK0] F @ 24.040283203125 (ms) to 113.143798828125 (ms), cudaEventElapsed = 22.68467140197754 (ms)
[RANK0] F @ 113.34130859375 (ms) to 199.44189453125 (ms), cudaEventElapsed = 22.591487884521484 (ms)
[RANK0] F @ 199.63427734375 (ms) to 286.94580078125 (ms), cudaEventElapsed = 22.731775283813477 (ms)
[RANK0] F @ 287.140869140625 (ms) to 375.869140625 (ms), cudaEventElapsed = 22.7010555267334 (ms)
[RANK0] F @ 376.067626953125 (ms) to 460.480712890625 (ms), cudaEventElapsed = 22.66419219970703 (ms)
[RANK0] F @ 460.681396484375 (ms) to 548.4951171875 (ms), cudaEventElapsed = 22.67750358581543 (ms)
[RANK0] F @ 548.710205078125 (ms) to 636.9375 (ms), cudaEventElapsed = 22.6560001373291 (ms)
[RANK0] F @ 637.155029296875 (ms) to 721.6748046875 (ms), cudaEventElapsed = 22.631423950195312 (ms)
[RANK0] F @ 721.896728515625 (ms) to 811.745361328125 (ms), cudaEventElapsed = 22.708223342895508 (ms)
[RANK0] F @ 811.9580078125 (ms) to 898.166748046875 (ms), cudaEventElapsed = 22.67955207824707 (ms)
[RANK0] F @ 898.372802734375 (ms) to 984.382080078125 (ms), cudaEventElapsed = 22.66828727722168 (ms)
