[RANK1] Iteration 1
[RANK1] F @ 598.556640625 (ms) to 751.27978515625 (ms), cudaEventElapsed = 152.6622772216797 (ms)
[RANK1] F @ 811.389404296875 (ms) to 843.09375 (ms), cudaEventElapsed = 31.639808654785156 (ms)
[RANK1] F @ 843.533203125 (ms) to 877.834716796875 (ms), cudaEventElapsed = 34.25708770751953 (ms)
[RANK1] F @ 878.142578125 (ms) to 916.09619140625 (ms), cudaEventElapsed = 37.91836929321289 (ms)
[RANK1] F @ 918.441650390625 (ms) to 955.538330078125 (ms), cudaEventElapsed = 37.059295654296875 (ms)
[RANK1] B @ 1730.759521484375 (ms) to 1783.396728515625 (ms), cudaEventElapsed = 52.57747268676758 (ms)
[RANK1] F @ 1787.042724609375 (ms) to 1819.941162109375 (ms), cudaEventElapsed = 32.84272003173828 (ms)
[RANK1] B @ 1820.25634765625 (ms) to 1865.17138671875 (ms), cudaEventElapsed = 44.864097595214844 (ms)
[RANK1] F @ 1885.2041015625 (ms) to 1918.015625 (ms), cudaEventElapsed = 32.76559829711914 (ms)
[RANK1] B @ 1918.353759765625 (ms) to 1961.99365234375 (ms), cudaEventElapsed = 43.6016960144043 (ms)
[RANK1] F @ 1962.322021484375 (ms) to 1996.297607421875 (ms), cudaEventElapsed = 33.943199157714844 (ms)
[RANK1] B @ 1996.677978515625 (ms) to 2041.001953125 (ms), cudaEventElapsed = 44.288543701171875 (ms)
[RANK1] W @ 2041.2197265625 (ms) to 2062.7275390625 (ms), cudaEventElapsed = 21.47327995300293 (ms)
[RANK1] F @ 2062.872314453125 (ms) to 2096.837646484375 (ms), cudaEventElapsed = 33.92617416381836 (ms)
[RANK1] B @ 2098.216064453125 (ms) to 2143.69482421875 (ms), cudaEventElapsed = 45.442081451416016 (ms)
[RANK1] B @ 2145.0595703125 (ms) to 2187.445068359375 (ms), cudaEventElapsed = 42.352447509765625 (ms)
[RANK1] W @ 2187.578125 (ms) to 2208.192138671875 (ms), cudaEventElapsed = 20.582399368286133 (ms)
[RANK1] F @ 2208.431640625 (ms) to 2243.0537109375 (ms), cudaEventElapsed = 34.5904655456543 (ms)
[RANK1] B @ 2244.445556640625 (ms) to 2291.37841796875 (ms), cudaEventElapsed = 46.89497756958008 (ms)
[RANK1] B @ 2292.724609375 (ms) to 2335.393798828125 (ms), cudaEventElapsed = 42.63091278076172 (ms)
[RANK1] W @ 2335.5263671875 (ms) to 2355.865478515625 (ms), cudaEventElapsed = 20.307968139648438 (ms)
[RANK1] F @ 2356.09228515625 (ms) to 2389.758544921875 (ms), cudaEventElapsed = 33.63532638549805 (ms)
[RANK1] B @ 2390.06298828125 (ms) to 2434.2802734375 (ms), cudaEventElapsed = 44.18569564819336 (ms)
[RANK1] W @ 2434.4716796875 (ms) to 2456.41650390625 (ms), cudaEventElapsed = 20.893695831298828 (ms)
[RANK1] F @ 2456.702880859375 (ms) to 2490.578125 (ms), cudaEventElapsed = 33.8375358581543 (ms)
[RANK1] B @ 2490.879638671875 (ms) to 2535.219970703125 (ms), cudaEventElapsed = 44.308353424072266 (ms)
[RANK1] W @ 2535.3515625 (ms) to 2556.59375 (ms), cudaEventElapsed = 21.207040786743164 (ms)
[RANK1] W @ 2556.72119140625 (ms) to 2578.19287109375 (ms), cudaEventElapsed = 21.445632934570312 (ms)
[RANK1] B @ 2581.728515625 (ms) to 2624.110107421875 (ms), cudaEventElapsed = 42.346046447753906 (ms)
[RANK1] W @ 2624.2333984375 (ms) to 2645.07080078125 (ms), cudaEventElapsed = 20.800512313842773 (ms)
[RANK1] W @ 2645.192138671875 (ms) to 2668.09814453125 (ms), cudaEventElapsed = 22.88025665283203 (ms)
[RANK1] B @ 2671.02490234375 (ms) to 2713.8642578125 (ms), cudaEventElapsed = 42.80438232421875 (ms)
[RANK1] 4W @ 2713.9931640625 (ms) to 2798.6220703125 (ms), cudaEventElapsed = 84.59571075439453 (ms)
[RANK1] Iteration 2
[RANK1] F @ 32.057861328125 (ms) to 63.984619140625 (ms), cudaEventElapsed = 31.87433624267578 (ms)
[RANK1] F @ 64.412841796875 (ms) to 98.779541015625 (ms), cudaEventElapsed = 34.334625244140625 (ms)
[RANK1] F @ 99.19091796875 (ms) to 135.94482421875 (ms), cudaEventElapsed = 36.72275161743164 (ms)
[RANK1] F @ 136.2529296875 (ms) to 172.345703125 (ms), cudaEventElapsed = 36.0601921081543 (ms)
[RANK1] F @ 175.728515625 (ms) to 210.788330078125 (ms), cudaEventElapsed = 35.02403259277344 (ms)
[RANK1] B @ 228.914306640625 (ms) to 270.34912109375 (ms), cudaEventElapsed = 41.39120101928711 (ms)
[RANK1] F @ 270.74072265625 (ms) to 303.97119140625 (ms), cudaEventElapsed = 33.196990966796875 (ms)
[RANK1] B @ 309.1484375 (ms) to 353.0078125 (ms), cudaEventElapsed = 43.8120002746582 (ms)
[RANK1] F @ 354.347900390625 (ms) to 388.031494140625 (ms), cudaEventElapsed = 33.64656066894531 (ms)
[RANK1] B @ 388.380615234375 (ms) to 432.098388671875 (ms), cudaEventElapsed = 43.68582534790039 (ms)
[RANK1] F @ 432.460693359375 (ms) to 466.794921875 (ms), cudaEventElapsed = 34.23155212402344 (ms)
[RANK1] B @ 468.2177734375 (ms) to 512.006103515625 (ms), cudaEventElapsed = 43.753536224365234 (ms)
[RANK1] W @ 512.263671875 (ms) to 533.828125 (ms), cudaEventElapsed = 21.429248809814453 (ms)
[RANK1] F @ 533.9775390625 (ms) to 567.605712890625 (ms), cudaEventElapsed = 33.59539031982422 (ms)
[RANK1] B @ 569.005615234375 (ms) to 614.38427734375 (ms), cudaEventElapsed = 45.34428787231445 (ms)
[RANK1] B @ 627.84375 (ms) to 668.26318359375 (ms), cudaEventElapsed = 40.3803825378418 (ms)
[RANK1] W @ 668.435302734375 (ms) to 688.03564453125 (ms), cudaEventElapsed = 19.570688247680664 (ms)
[RANK1] F @ 688.2919921875 (ms) to 722.903564453125 (ms), cudaEventElapsed = 34.582942962646484 (ms)
[RANK1] B @ 730.961181640625 (ms) to 775.47314453125 (ms), cudaEventElapsed = 44.46723175048828 (ms)
[RANK1] B @ 776.83349609375 (ms) to 818.217529296875 (ms), cudaEventElapsed = 41.351585388183594 (ms)
[RANK1] W @ 818.3759765625 (ms) to 838.117431640625 (ms), cudaEventElapsed = 19.707904815673828 (ms)
[RANK1] F @ 838.36767578125 (ms) to 873.042724609375 (ms), cudaEventElapsed = 34.64271926879883 (ms)
[RANK1] B @ 873.3720703125 (ms) to 920.234130859375 (ms), cudaEventElapsed = 46.830238342285156 (ms)
[RANK1] W @ 920.4560546875 (ms) to 943.873291015625 (ms), cudaEventElapsed = 22.393856048583984 (ms)
[RANK1] F @ 944.12744140625 (ms) to 979.167724609375 (ms), cudaEventElapsed = 34.997920989990234 (ms)
[RANK1] B @ 979.483642578125 (ms) to 1023.826904296875 (ms), cudaEventElapsed = 44.31180953979492 (ms)
[RANK1] W @ 1023.982177734375 (ms) to 1045.169189453125 (ms), cudaEventElapsed = 21.153791427612305 (ms)
[RANK1] W @ 1045.32373046875 (ms) to 1066.99560546875 (ms), cudaEventElapsed = 21.643264770507812 (ms)
[RANK1] B @ 1082.0859375 (ms) to 1122.21875 (ms), cudaEventElapsed = 40.09926223754883 (ms)
[RANK1] W @ 1122.37158203125 (ms) to 1141.755126953125 (ms), cudaEventElapsed = 19.348480224609375 (ms)
[RANK1] W @ 1141.901611328125 (ms) to 1163.34130859375 (ms), cudaEventElapsed = 21.410816192626953 (ms)
[RANK1] B @ 1168.39794921875 (ms) to 1210.462890625 (ms), cudaEventElapsed = 42.03209686279297 (ms)
[RANK1] 4W @ 1210.628662109375 (ms) to 1294.678466796875 (ms), cudaEventElapsed = 84.01407623291016 (ms)
[RANK1] Iteration 3
[RANK1] F @ 30.789794921875 (ms) to 62.68310546875 (ms), cudaEventElapsed = 31.856191635131836 (ms)
[RANK1] F @ 63.05517578125 (ms) to 97.471923828125 (ms), cudaEventElapsed = 34.38604736328125 (ms)
[RANK1] F @ 97.854736328125 (ms) to 134.70361328125 (ms), cudaEventElapsed = 36.817440032958984 (ms)
[RANK1] F @ 135.00244140625 (ms) to 171.474609375 (ms), cudaEventElapsed = 36.43743896484375 (ms)
[RANK1] F @ 174.603271484375 (ms) to 210.689697265625 (ms), cudaEventElapsed = 36.0522575378418 (ms)
[RANK1] B @ 226.80810546875 (ms) to 268.907958984375 (ms), cudaEventElapsed = 42.059871673583984 (ms)
[RANK1] F @ 269.2578125 (ms) to 302.546630859375 (ms), cudaEventElapsed = 33.25680160522461 (ms)
[RANK1] B @ 305.494140625 (ms) to 349.257568359375 (ms), cudaEventElapsed = 43.726558685302734 (ms)
[RANK1] F @ 350.591796875 (ms) to 384.391357421875 (ms), cudaEventElapsed = 33.76377487182617 (ms)
[RANK1] B @ 386.039306640625 (ms) to 429.6884765625 (ms), cudaEventElapsed = 43.611488342285156 (ms)
[RANK1] F @ 430.03466796875 (ms) to 464.242431640625 (ms), cudaEventElapsed = 34.17375946044922 (ms)
[RANK1] B @ 466.083251953125 (ms) to 509.88427734375 (ms), cudaEventElapsed = 43.762657165527344 (ms)
[RANK1] W @ 510.123291015625 (ms) to 531.6884765625 (ms), cudaEventElapsed = 21.4333438873291 (ms)
[RANK1] F @ 531.839111328125 (ms) to 565.444091796875 (ms), cudaEventElapsed = 33.57292938232422 (ms)
[RANK1] B @ 566.74755859375 (ms) to 612.176513671875 (ms), cudaEventElapsed = 45.39503860473633 (ms)
[RANK1] B @ 625.439697265625 (ms) to 666.292724609375 (ms), cudaEventElapsed = 40.814815521240234 (ms)
[RANK1] W @ 666.45849609375 (ms) to 686.056640625 (ms), cudaEventElapsed = 19.569664001464844 (ms)
[RANK1] F @ 686.30908203125 (ms) to 720.852783203125 (ms), cudaEventElapsed = 34.515201568603516 (ms)
[RANK1] B @ 728.557373046875 (ms) to 772.93896484375 (ms), cudaEventElapsed = 44.34105682373047 (ms)
[RANK1] B @ 774.474365234375 (ms) to 816.031982421875 (ms), cudaEventElapsed = 41.52473449707031 (ms)
[RANK1] W @ 816.1962890625 (ms) to 835.935791015625 (ms), cudaEventElapsed = 19.703807830810547 (ms)
[RANK1] F @ 836.185546875 (ms) to 870.76513671875 (ms), cudaEventElapsed = 34.54662322998047 (ms)
[RANK1] B @ 871.646240234375 (ms) to 917.775390625 (ms), cudaEventElapsed = 46.09280014038086 (ms)
[RANK1] W @ 917.999755859375 (ms) to 941.18310546875 (ms), cudaEventElapsed = 22.152191162109375 (ms)
[RANK1] F @ 941.4501953125 (ms) to 976.309814453125 (ms), cudaEventElapsed = 34.826881408691406 (ms)
[RANK1] B @ 978.172119140625 (ms) to 1022.316650390625 (ms), cudaEventElapsed = 44.107200622558594 (ms)
[RANK1] W @ 1022.478271484375 (ms) to 1043.59423828125 (ms), cudaEventElapsed = 21.07904052734375 (ms)
[RANK1] W @ 1043.755615234375 (ms) to 1065.200927734375 (ms), cudaEventElapsed = 21.415935516357422 (ms)
[RANK1] B @ 1080.91552734375 (ms) to 1121.086181640625 (ms), cudaEventElapsed = 40.135807037353516 (ms)
[RANK1] W @ 1121.252685546875 (ms) to 1140.917236328125 (ms), cudaEventElapsed = 19.63417625427246 (ms)
[RANK1] W @ 1141.070068359375 (ms) to 1162.546142578125 (ms), cudaEventElapsed = 21.44870376586914 (ms)
[RANK1] B @ 1166.819580078125 (ms) to 1208.83349609375 (ms), cudaEventElapsed = 41.98080062866211 (ms)
[RANK1] 4W @ 1208.9892578125 (ms) to 1292.749755859375 (ms), cudaEventElapsed = 83.72633361816406 (ms)
[RANK1] Iteration 4
[RANK1] F @ 30.718994140625 (ms) to 62.63525390625 (ms), cudaEventElapsed = 31.881088256835938 (ms)
[RANK1] F @ 63.023193359375 (ms) to 97.816650390625 (ms), cudaEventElapsed = 34.7608642578125 (ms)
[RANK1] F @ 98.19140625 (ms) to 135.254638671875 (ms), cudaEventElapsed = 37.03046417236328 (ms)
[RANK1] F @ 135.564697265625 (ms) to 172.409423828125 (ms), cudaEventElapsed = 36.8131217956543 (ms)
[RANK1] F @ 174.751220703125 (ms) to 210.97509765625 (ms), cudaEventElapsed = 36.1894416809082 (ms)
[RANK1] B @ 227.030517578125 (ms) to 269.093017578125 (ms), cudaEventElapsed = 42.02102279663086 (ms)
[RANK1] F @ 269.457275390625 (ms) to 302.885986328125 (ms), cudaEventElapsed = 33.39763259887695 (ms)
[RANK1] B @ 306.87255859375 (ms) to 351.054931640625 (ms), cudaEventElapsed = 44.14441680908203 (ms)
[RANK1] F @ 352.414306640625 (ms) to 386.494873046875 (ms), cudaEventElapsed = 34.04518508911133 (ms)
[RANK1] B @ 387.803466796875 (ms) to 432.103759765625 (ms), cudaEventElapsed = 44.25910568237305 (ms)
[RANK1] F @ 432.45703125 (ms) to 466.9326171875 (ms), cudaEventElapsed = 34.44233703613281 (ms)
[RANK1] B @ 468.19287109375 (ms) to 512.482421875 (ms), cudaEventElapsed = 44.24870300292969 (ms)
[RANK1] W @ 512.73486328125 (ms) to 534.608642578125 (ms), cudaEventElapsed = 21.734399795532227 (ms)
[RANK1] F @ 534.758544921875 (ms) to 568.693359375 (ms), cudaEventElapsed = 33.90275192260742 (ms)
[RANK1] B @ 570.043212890625 (ms) to 615.951171875 (ms), cudaEventElapsed = 45.873374938964844 (ms)
[RANK1] B @ 628.75390625 (ms) to 669.214599609375 (ms), cudaEventElapsed = 40.42204666137695 (ms)
[RANK1] W @ 669.39599609375 (ms) to 689.365478515625 (ms), cudaEventElapsed = 19.936256408691406 (ms)
[RANK1] F @ 689.6357421875 (ms) to 724.502685546875 (ms), cudaEventElapsed = 34.83689498901367 (ms)
[RANK1] B @ 731.90185546875 (ms) to 776.93310546875 (ms), cudaEventElapsed = 44.99087905883789 (ms)
[RANK1] B @ 778.397216796875 (ms) to 819.8173828125 (ms), cudaEventElapsed = 41.385536193847656 (ms)
[RANK1] W @ 819.981689453125 (ms) to 839.855224609375 (ms), cudaEventElapsed = 19.83897590637207 (ms)
[RANK1] F @ 840.12158203125 (ms) to 874.420166015625 (ms), cudaEventElapsed = 34.264896392822266 (ms)
[RANK1] B @ 875.060791015625 (ms) to 920.698974609375 (ms), cudaEventElapsed = 45.602046966552734 (ms)
[RANK1] W @ 920.92431640625 (ms) to 943.852294921875 (ms), cudaEventElapsed = 21.91155242919922 (ms)
[RANK1] F @ 944.121337890625 (ms) to 978.74462890625 (ms), cudaEventElapsed = 34.58918380737305 (ms)
[RANK1] B @ 980.0693359375 (ms) to 1023.91552734375 (ms), cudaEventElapsed = 43.808128356933594 (ms)
[RANK1] W @ 1024.077880859375 (ms) to 1045.11279296875 (ms), cudaEventElapsed = 21.001216888427734 (ms)
[RANK1] W @ 1045.27099609375 (ms) to 1066.717529296875 (ms), cudaEventElapsed = 21.417984008789062 (ms)
[RANK1] B @ 1083.6298828125 (ms) to 1123.948486328125 (ms), cudaEventElapsed = 40.28435134887695 (ms)
[RANK1] W @ 1124.1162109375 (ms) to 1143.595947265625 (ms), cudaEventElapsed = 19.44985580444336 (ms)
[RANK1] W @ 1143.75 (ms) to 1165.04931640625 (ms), cudaEventElapsed = 21.26540756225586 (ms)
[RANK1] B @ 1169.94921875 (ms) to 1212.2236328125 (ms), cudaEventElapsed = 42.23737716674805 (ms)
[RANK1] 4W @ 1212.38671875 (ms) to 1296.663330078125 (ms), cudaEventElapsed = 84.24140930175781 (ms)
[RANK1] Iteration 5
[RANK1] F @ 30.637451171875 (ms) to 62.592041015625 (ms), cudaEventElapsed = 31.918272018432617 (ms)
[RANK1] F @ 62.968994140625 (ms) to 97.4248046875 (ms), cudaEventElapsed = 34.424095153808594 (ms)
[RANK1] F @ 97.8037109375 (ms) to 134.379150390625 (ms), cudaEventElapsed = 36.54380798339844 (ms)
[RANK1] F @ 134.699462890625 (ms) to 171.351806640625 (ms), cudaEventElapsed = 36.62089538574219 (ms)
[RANK1] F @ 173.93212890625 (ms) to 210.50537109375 (ms), cudaEventElapsed = 36.53891372680664 (ms)
[RANK1] B @ 226.438232421875 (ms) to 269.158447265625 (ms), cudaEventElapsed = 42.6776008605957 (ms)
[RANK1] F @ 269.52734375 (ms) to 305.2138671875 (ms), cudaEventElapsed = 35.650943756103516 (ms)
[RANK1] B @ 308.770263671875 (ms) to 353.294677734375 (ms), cudaEventElapsed = 44.48604965209961 (ms)
[RANK1] F @ 354.662353515625 (ms) to 390.281982421875 (ms), cudaEventElapsed = 35.58287811279297 (ms)
[RANK1] B @ 392.445556640625 (ms) to 437.31298828125 (ms), cudaEventElapsed = 44.82886505126953 (ms)
[RANK1] F @ 437.6845703125 (ms) to 473.879150390625 (ms), cudaEventElapsed = 36.16252899169922 (ms)
[RANK1] B @ 476.606689453125 (ms) to 521.77294921875 (ms), cudaEventElapsed = 45.12483215332031 (ms)
[RANK1] W @ 522.036865234375 (ms) to 546.192138671875 (ms), cudaEventElapsed = 24.006656646728516 (ms)
[RANK1] F @ 546.35302734375 (ms) to 584.579833984375 (ms), cudaEventElapsed = 38.19414520263672 (ms)
[RANK1] B @ 585.986572265625 (ms) to 633.648193359375 (ms), cudaEventElapsed = 47.62819290161133 (ms)
[RANK1] B @ 642.70458984375 (ms) to 685.8798828125 (ms), cudaEventElapsed = 43.13606262207031 (ms)
[RANK1] W @ 686.06103515625 (ms) to 708.6708984375 (ms), cudaEventElapsed = 22.580223083496094 (ms)
[RANK1] F @ 708.934814453125 (ms) to 749.5361328125 (ms), cudaEventElapsed = 40.57081604003906 (ms)
[RANK1] B @ 753.956787109375 (ms) to 801.431396484375 (ms), cudaEventElapsed = 47.43312072753906 (ms)
[RANK1] B @ 802.78173828125 (ms) to 847.0810546875 (ms), cudaEventElapsed = 44.266048431396484 (ms)
[RANK1] W @ 847.245361328125 (ms) to 870.168212890625 (ms), cudaEventElapsed = 22.89356803894043 (ms)
[RANK1] F @ 870.42724609375 (ms) to 914.0078125 (ms), cudaEventElapsed = 43.546688079833984 (ms)
[RANK1] B @ 914.326904296875 (ms) to 962.84716796875 (ms), cudaEventElapsed = 48.48851013183594 (ms)
[RANK1] W @ 963.07666015625 (ms) to 987.964599609375 (ms), cudaEventElapsed = 23.795711517333984 (ms)
[RANK1] F @ 988.228271484375 (ms) to 1027.367919921875 (ms), cudaEventElapsed = 39.09872055053711 (ms)
[RANK1] B @ 1030.189453125 (ms) to 1075.89990234375 (ms), cudaEventElapsed = 45.67264175415039 (ms)
[RANK1] W @ 1076.067138671875 (ms) to 1100.323486328125 (ms), cudaEventElapsed = 24.222719192504883 (ms)
[RANK1] W @ 1100.48974609375 (ms) to 1128.999755859375 (ms), cudaEventElapsed = 28.481536865234375 (ms)
[RANK1] B @ 1140.927490234375 (ms) to 1186.1650390625 (ms), cudaEventElapsed = 45.20323181152344 (ms)
[RANK1] W @ 1186.322265625 (ms) to 1209.1552734375 (ms), cudaEventElapsed = 22.804479598999023 (ms)
[RANK1] W @ 1209.311279296875 (ms) to 1236.325927734375 (ms), cudaEventElapsed = 26.987520217895508 (ms)
[RANK1] B @ 1239.7197265625 (ms) to 1286.5673828125 (ms), cudaEventElapsed = 46.81283187866211 (ms)
[RANK1] 4W @ 1286.73388671875 (ms) to 1391.202880859375 (ms), cudaEventElapsed = 104.4316177368164 (ms)
[RANK1] Iteration 6
[RANK1] F @ 30.634521484375 (ms) to 62.638671875 (ms), cudaEventElapsed = 31.96918487548828 (ms)
[RANK1] F @ 63.010986328125 (ms) to 97.534423828125 (ms), cudaEventElapsed = 34.4918098449707 (ms)
[RANK1] F @ 97.912841796875 (ms) to 135.412841796875 (ms), cudaEventElapsed = 37.46886444091797 (ms)
[RANK1] F @ 135.72900390625 (ms) to 172.297119140625 (ms), cudaEventElapsed = 36.53567886352539 (ms)
[RANK1] F @ 174.410400390625 (ms) to 210.509033203125 (ms), cudaEventElapsed = 36.06409454345703 (ms)
[RANK1] B @ 228.435791015625 (ms) to 271.009033203125 (ms), cudaEventElapsed = 42.53209686279297 (ms)
[RANK1] F @ 271.369140625 (ms) to 306.777587890625 (ms), cudaEventElapsed = 35.37779235839844 (ms)
[RANK1] B @ 310.101806640625 (ms) to 354.61376953125 (ms), cudaEventElapsed = 44.47305679321289 (ms)
[RANK1] F @ 355.95263671875 (ms) to 391.85400390625 (ms), cudaEventElapsed = 35.86662292480469 (ms)
[RANK1] B @ 393.990234375 (ms) to 438.76318359375 (ms), cudaEventElapsed = 44.73411178588867 (ms)
[RANK1] F @ 439.1162109375 (ms) to 475.128662109375 (ms), cudaEventElapsed = 35.9818229675293 (ms)
[RANK1] B @ 478.039306640625 (ms) to 522.89599609375 (ms), cudaEventElapsed = 44.81683349609375 (ms)
[RANK1] W @ 523.1357421875 (ms) to 547.517822265625 (ms), cudaEventElapsed = 24.237056732177734 (ms)
[RANK1] F @ 547.67431640625 (ms) to 585.329345703125 (ms), cudaEventElapsed = 37.622657775878906 (ms)
[RANK1] B @ 586.671875 (ms) to 633.588623046875 (ms), cudaEventElapsed = 46.88323211669922 (ms)
[RANK1] B @ 644.326904296875 (ms) to 687.54541015625 (ms), cudaEventElapsed = 43.179264068603516 (ms)
[RANK1] W @ 687.7177734375 (ms) to 711.1533203125 (ms), cudaEventElapsed = 23.400447845458984 (ms)
[RANK1] F @ 711.42138671875 (ms) to 750.802490234375 (ms), cudaEventElapsed = 39.350975036621094 (ms)
[RANK1] B @ 755.335693359375 (ms) to 802.01171875 (ms), cudaEventElapsed = 46.63507080078125 (ms)
[RANK1] B @ 803.390625 (ms) to 847.603515625 (ms), cudaEventElapsed = 44.17990493774414 (ms)
[RANK1] W @ 847.76611328125 (ms) to 871.802978515625 (ms), cudaEventElapsed = 24.003583908081055 (ms)
[RANK1] F @ 872.068115234375 (ms) to 915.26025390625 (ms), cudaEventElapsed = 43.15884780883789 (ms)
[RANK1] B @ 915.5849609375 (ms) to 964.503173828125 (ms), cudaEventElapsed = 48.88467025756836 (ms)
[RANK1] W @ 964.740234375 (ms) to 990.050537109375 (ms), cudaEventElapsed = 24.205312728881836 (ms)
[RANK1] F @ 990.32568359375 (ms) to 1029.103271484375 (ms), cudaEventElapsed = 38.74700927734375 (ms)
[RANK1] B @ 1032.81640625 (ms) to 1077.9296875 (ms), cudaEventElapsed = 45.07561492919922 (ms)
[RANK1] W @ 1078.100341796875 (ms) to 1101.385498046875 (ms), cudaEventElapsed = 23.2488956451416 (ms)
[RANK1] W @ 1101.552734375 (ms) to 1130.81103515625 (ms), cudaEventElapsed = 29.230079650878906 (ms)
[RANK1] B @ 1144.127685546875 (ms) to 1188.9013671875 (ms), cudaEventElapsed = 44.73823928833008 (ms)
[RANK1] W @ 1189.06591796875 (ms) to 1211.63916015625 (ms), cudaEventElapsed = 22.542335510253906 (ms)
[RANK1] W @ 1211.80712890625 (ms) to 1238.7802734375 (ms), cudaEventElapsed = 26.9434871673584 (ms)
[RANK1] B @ 1243.809814453125 (ms) to 1290.947509765625 (ms), cudaEventElapsed = 47.10236740112305 (ms)
[RANK1] 4W @ 1291.114990234375 (ms) to 1395.12841796875 (ms), cudaEventElapsed = 103.97901153564453 (ms)
[RANK1] Iteration 7
[RANK1] F @ 30.594482421875 (ms) to 62.5595703125 (ms), cudaEventElapsed = 31.920320510864258 (ms)
[RANK1] F @ 62.942138671875 (ms) to 97.547119140625 (ms), cudaEventElapsed = 34.573150634765625 (ms)
[RANK1] F @ 97.9326171875 (ms) to 135.3671875 (ms), cudaEventElapsed = 37.40176010131836 (ms)
[RANK1] F @ 135.673828125 (ms) to 172.344482421875 (ms), cudaEventElapsed = 36.63840103149414 (ms)
[RANK1] F @ 174.4267578125 (ms) to 210.609375 (ms), cudaEventElapsed = 36.14128112792969 (ms)
[RANK1] B @ 228.5087890625 (ms) to 271.208251953125 (ms), cudaEventElapsed = 42.6541748046875 (ms)
[RANK1] F @ 271.5712890625 (ms) to 307.15283203125 (ms), cudaEventElapsed = 35.55033493041992 (ms)
[RANK1] B @ 310.230712890625 (ms) to 355.267333984375 (ms), cudaEventElapsed = 44.99871826171875 (ms)
[RANK1] F @ 356.611083984375 (ms) to 392.64208984375 (ms), cudaEventElapsed = 35.99465560913086 (ms)
[RANK1] B @ 394.02197265625 (ms) to 438.91259765625 (ms), cudaEventElapsed = 44.85270309448242 (ms)
[RANK1] F @ 439.26220703125 (ms) to 475.577880859375 (ms), cudaEventElapsed = 36.28473663330078 (ms)
[RANK1] B @ 478.02294921875 (ms) to 523.21923828125 (ms), cudaEventElapsed = 45.157310485839844 (ms)
[RANK1] W @ 523.464111328125 (ms) to 548.281982421875 (ms), cudaEventElapsed = 24.6824951171875 (ms)
[RANK1] F @ 548.44091796875 (ms) to 586.64013671875 (ms), cudaEventElapsed = 38.16755294799805 (ms)
[RANK1] B @ 588.01220703125 (ms) to 635.52685546875 (ms), cudaEventElapsed = 47.48089599609375 (ms)
[RANK1] B @ 644.740234375 (ms) to 688.138916015625 (ms), cudaEventElapsed = 43.35993576049805 (ms)
[RANK1] W @ 688.30810546875 (ms) to 711.624267578125 (ms), cudaEventElapsed = 23.2857608795166 (ms)
[RANK1] F @ 711.88623046875 (ms) to 750.925537109375 (ms), cudaEventElapsed = 39.00806427001953 (ms)
[RANK1] B @ 756.064697265625 (ms) to 802.53564453125 (ms), cudaEventElapsed = 46.4304313659668 (ms)
[RANK1] B @ 803.853271484375 (ms) to 848.140625 (ms), cudaEventElapsed = 44.255455017089844 (ms)
[RANK1] W @ 848.294921875 (ms) to 872.327392578125 (ms), cudaEventElapsed = 24.003583908081055 (ms)
[RANK1] F @ 872.595947265625 (ms) to 916.04736328125 (ms), cudaEventElapsed = 43.419105529785156 (ms)
[RANK1] B @ 916.360107421875 (ms) to 965.141357421875 (ms), cudaEventElapsed = 48.7426872253418 (ms)
[RANK1] W @ 965.371337890625 (ms) to 990.75537109375 (ms), cudaEventElapsed = 24.370176315307617 (ms)
[RANK1] F @ 991.01513671875 (ms) to 1029.7919921875 (ms), cudaEventElapsed = 38.748321533203125 (ms)
[RANK1] B @ 1032.18115234375 (ms) to 1077.49658203125 (ms), cudaEventElapsed = 45.277313232421875 (ms)
[RANK1] W @ 1077.6640625 (ms) to 1101.181884765625 (ms), cudaEventElapsed = 23.48543930053711 (ms)
[RANK1] W @ 1101.348876953125 (ms) to 1131.509521484375 (ms), cudaEventElapsed = 30.131200790405273 (ms)
[RANK1] B @ 1143.43701171875 (ms) to 1189.032958984375 (ms), cudaEventElapsed = 45.561119079589844 (ms)
[RANK1] W @ 1189.185546875 (ms) to 1212.19384765625 (ms), cudaEventElapsed = 22.978559494018555 (ms)
[RANK1] W @ 1212.353515625 (ms) to 1239.40771484375 (ms), cudaEventElapsed = 27.025407791137695 (ms)
[RANK1] B @ 1243.367431640625 (ms) to 1290.857666015625 (ms), cudaEventElapsed = 47.45484924316406 (ms)
[RANK1] 4W @ 1291.01123046875 (ms) to 1396.43212890625 (ms), cudaEventElapsed = 105.39008331298828 (ms)
[RANK1] Iteration 8
[RANK1] F @ 30.50341796875 (ms) to 62.54150390625 (ms), cudaEventElapsed = 32.0022087097168 (ms)
[RANK1] F @ 62.912841796875 (ms) to 98.190185546875 (ms), cudaEventElapsed = 35.245216369628906 (ms)
[RANK1] F @ 98.55859375 (ms) to 136.593505859375 (ms), cudaEventElapsed = 38.00352096557617 (ms)
[RANK1] F @ 136.888427734375 (ms) to 173.953369140625 (ms), cudaEventElapsed = 37.03267288208008 (ms)
[RANK1] F @ 176.3740234375 (ms) to 212.72802734375 (ms), cudaEventElapsed = 36.317569732666016 (ms)
[RANK1] B @ 229.912353515625 (ms) to 272.650634765625 (ms), cudaEventElapsed = 42.69363021850586 (ms)
[RANK1] F @ 273.058837890625 (ms) to 308.760498046875 (ms), cudaEventElapsed = 35.666465759277344 (ms)
[RANK1] B @ 311.9189453125 (ms) to 356.45263671875 (ms), cudaEventElapsed = 44.49311828613281 (ms)
[RANK1] F @ 357.84423828125 (ms) to 393.9765625 (ms), cudaEventElapsed = 36.09097671508789 (ms)
[RANK1] B @ 395.833251953125 (ms) to 440.88232421875 (ms), cudaEventElapsed = 45.01036834716797 (ms)
[RANK1] F @ 441.265380859375 (ms) to 477.56298828125 (ms), cudaEventElapsed = 36.26492691040039 (ms)
[RANK1] B @ 479.727294921875 (ms) to 525.113037109375 (ms), cudaEventElapsed = 45.346527099609375 (ms)
[RANK1] W @ 525.36083984375 (ms) to 550.04541015625 (ms), cudaEventElapsed = 24.541183471679688 (ms)
[RANK1] F @ 550.20751953125 (ms) to 588.083984375 (ms), cudaEventElapsed = 37.84422302246094 (ms)
[RANK1] B @ 589.556396484375 (ms) to 636.71875 (ms), cudaEventElapsed = 47.12607955932617 (ms)
[RANK1] B @ 645.85888671875 (ms) to 689.309814453125 (ms), cudaEventElapsed = 43.408287048339844 (ms)
[RANK1] W @ 689.502685546875 (ms) to 712.941650390625 (ms), cudaEventElapsed = 23.400447845458984 (ms)
[RANK1] F @ 713.2099609375 (ms) to 752.50146484375 (ms), cudaEventElapsed = 39.260223388671875 (ms)
[RANK1] B @ 757.356689453125 (ms) to 803.74951171875 (ms), cudaEventElapsed = 46.35103988647461 (ms)
[RANK1] B @ 805.2041015625 (ms) to 849.5009765625 (ms), cudaEventElapsed = 44.26339340209961 (ms)
[RANK1] W @ 849.668701171875 (ms) to 873.958984375 (ms), cudaEventElapsed = 24.259584426879883 (ms)
[RANK1] F @ 874.23388671875 (ms) to 917.84765625 (ms), cudaEventElapsed = 43.58051300048828 (ms)
[RANK1] B @ 918.181884765625 (ms) to 966.479736328125 (ms), cudaEventElapsed = 48.26544189453125 (ms)
[RANK1] W @ 966.711669921875 (ms) to 991.823486328125 (ms), cudaEventElapsed = 24.030208587646484 (ms)
[RANK1] F @ 992.101806640625 (ms) to 1030.4970703125 (ms), cudaEventElapsed = 38.36636734008789 (ms)
[RANK1] B @ 1035.05615234375 (ms) to 1079.69775390625 (ms), cudaEventElapsed = 44.60367965698242 (ms)
[RANK1] W @ 1079.86767578125 (ms) to 1103.2587890625 (ms), cudaEventElapsed = 23.356416702270508 (ms)
[RANK1] W @ 1103.423583984375 (ms) to 1132.83203125 (ms), cudaEventElapsed = 29.37958335876465 (ms)
[RANK1] B @ 1146.5546875 (ms) to 1191.44580078125 (ms), cudaEventElapsed = 44.85353469848633 (ms)
[RANK1] W @ 1191.62890625 (ms) to 1214.2412109375 (ms), cudaEventElapsed = 22.576128005981445 (ms)
[RANK1] W @ 1214.404541015625 (ms) to 1241.55078125 (ms), cudaEventElapsed = 27.11756706237793 (ms)
[RANK1] B @ 1246.55615234375 (ms) to 1294.3447265625 (ms), cudaEventElapsed = 47.752960205078125 (ms)
[RANK1] 4W @ 1294.514404296875 (ms) to 1400.6025390625 (ms), cudaEventElapsed = 106.0505599975586 (ms)
[RANK1] Iteration 9
[RANK1] F @ 30.644775390625 (ms) to 62.715087890625 (ms), cudaEventElapsed = 32.03318405151367 (ms)
[RANK1] F @ 63.359619140625 (ms) to 98.09814453125 (ms), cudaEventElapsed = 34.704193115234375 (ms)
[RANK1] F @ 98.49755859375 (ms) to 135.492919921875 (ms), cudaEventElapsed = 36.96352005004883 (ms)
[RANK1] F @ 135.806884765625 (ms) to 172.06494140625 (ms), cudaEventElapsed = 36.226497650146484 (ms)
[RANK1] F @ 174.45751953125 (ms) to 210.988037109375 (ms), cudaEventElapsed = 36.49513626098633 (ms)
[RANK1] B @ 414.313720703125 (ms) to 455.3564453125 (ms), cudaEventElapsed = 40.98825454711914 (ms)
[RANK1] F @ 524.4775390625 (ms) to 556.436279296875 (ms), cudaEventElapsed = 31.919776916503906 (ms)
[RANK1] B @ 564.72607421875 (ms) to 607.892333984375 (ms), cudaEventElapsed = 43.12604904174805 (ms)
[RANK1] F @ 679.657470703125 (ms) to 711.747314453125 (ms), cudaEventElapsed = 32.0483512878418 (ms)
[RANK1] B @ 713.728271484375 (ms) to 757.806396484375 (ms), cudaEventElapsed = 44.039520263671875 (ms)
[RANK1] F @ 828.17333984375 (ms) to 860.240234375 (ms), cudaEventElapsed = 32.02656173706055 (ms)
[RANK1] B @ 865.595947265625 (ms) to 908.533935546875 (ms), cudaEventElapsed = 42.89596939086914 (ms)
[RANK1] W @ 908.781494140625 (ms) to 998.529296875 (ms), cudaEventElapsed = 19.752960205078125 (ms)
[RANK1] F @ 998.691162109375 (ms) to 1033.34619140625 (ms), cudaEventElapsed = 34.62160110473633 (ms)
[RANK1] B @ 1034.78076171875 (ms) to 1082.5302734375 (ms), cudaEventElapsed = 47.715999603271484 (ms)
[RANK1] B @ 1164.802490234375 (ms) to 1205.718994140625 (ms), cudaEventElapsed = 40.875423431396484 (ms)
[RANK1] W @ 1205.90576171875 (ms) to 1291.823486328125 (ms), cudaEventElapsed = 19.451904296875 (ms)
[RANK1] F @ 1292.1005859375 (ms) to 1327.177734375 (ms), cudaEventElapsed = 35.0463981628418 (ms)
[RANK1] B @ 1343.3359375 (ms) to 1387.44140625 (ms), cudaEventElapsed = 44.06313705444336 (ms)
[RANK1] B @ 1457.6064453125 (ms) to 1498.59814453125 (ms), cudaEventElapsed = 40.954559326171875 (ms)
[RANK1] W @ 1498.760986328125 (ms) to 1585.4091796875 (ms), cudaEventElapsed = 19.44371223449707 (ms)
[RANK1] F @ 1585.67919921875 (ms) to 1618.82275390625 (ms), cudaEventElapsed = 33.108001708984375 (ms)
[RANK1] B @ 1619.136962890625 (ms) to 1666.003173828125 (ms), cudaEventElapsed = 46.83475112915039 (ms)
[RANK1] W @ 1666.232666015625 (ms) to 1758.3818359375 (ms), cudaEventElapsed = 19.543039321899414 (ms)
[RANK1] F @ 1758.637939453125 (ms) to 1793.25146484375 (ms), cudaEventElapsed = 34.58268737792969 (ms)
[RANK1] B @ 1793.57568359375 (ms) to 1840.111083984375 (ms), cudaEventElapsed = 46.50521469116211 (ms)
[RANK1] W @ 1840.2880859375 (ms) to 1930.62109375 (ms), cudaEventElapsed = 19.43654441833496 (ms)
[RANK1] W @ 1930.7802734375 (ms) to 1952.893310546875 (ms), cudaEventElapsed = 22.08051109313965 (ms)
[RANK1] B @ 1953.045166015625 (ms) to 2001.61328125 (ms), cudaEventElapsed = 48.536895751953125 (ms)
[RANK1] W @ 2001.77490234375 (ms) to 2093.870361328125 (ms), cudaEventElapsed = 19.471359252929688 (ms)
[RANK1] W @ 2094.04443359375 (ms) to 2116.037841796875 (ms), cudaEventElapsed = 21.960704803466797 (ms)
[RANK1] B @ 2116.23046875 (ms) to 2165.180419921875 (ms), cudaEventElapsed = 48.91267013549805 (ms)
[RANK1] 4W @ 2165.36181640625 (ms) to 2336.419677734375 (ms), cudaEventElapsed = 98.16473388671875 (ms)
[RANK1] Iteration 10
[RANK1] F @ 30.593017578125 (ms) to 62.578125 (ms), cudaEventElapsed = 31.944704055786133 (ms)
[RANK1] F @ 62.957275390625 (ms) to 97.794677734375 (ms), cudaEventElapsed = 34.8056640625 (ms)
[RANK1] F @ 98.16943359375 (ms) to 134.91943359375 (ms), cudaEventElapsed = 36.71859359741211 (ms)
[RANK1] F @ 135.2314453125 (ms) to 171.650390625 (ms), cudaEventElapsed = 36.38579177856445 (ms)
[RANK1] F @ 174.017578125 (ms) to 210.36572265625 (ms), cudaEventElapsed = 36.313758850097656 (ms)
[RANK1] B @ 413.691162109375 (ms) to 454.770263671875 (ms), cudaEventElapsed = 41.02627182006836 (ms)
[RANK1] F @ 521.456298828125 (ms) to 553.612548828125 (ms), cudaEventElapsed = 32.11635208129883 (ms)
[RANK1] B @ 562.921630859375 (ms) to 604.8818359375 (ms), cudaEventElapsed = 41.921600341796875 (ms)
[RANK1] F @ 675.017333984375 (ms) to 707.05078125 (ms), cudaEventElapsed = 31.99622344970703 (ms)
[RANK1] B @ 713.146484375 (ms) to 755.7109375 (ms), cudaEventElapsed = 42.524192810058594 (ms)
[RANK1] F @ 826.400146484375 (ms) to 858.53515625 (ms), cudaEventElapsed = 32.09952163696289 (ms)
[RANK1] B @ 861.1865234375 (ms) to 904.914794921875 (ms), cudaEventElapsed = 43.687904357910156 (ms)
[RANK1] W @ 905.157470703125 (ms) to 994.512939453125 (ms), cudaEventElapsed = 19.718143463134766 (ms)
[RANK1] F @ 994.672119140625 (ms) to 1028.880126953125 (ms), cudaEventElapsed = 34.17686462402344 (ms)
[RANK1] B @ 1030.2705078125 (ms) to 1077.58740234375 (ms), cudaEventElapsed = 47.282081604003906 (ms)
[RANK1] B @ 1158.940673828125 (ms) to 1199.9609375 (ms), cudaEventElapsed = 40.972415924072266 (ms)
[RANK1] W @ 1200.136474609375 (ms) to 1288.5537109375 (ms), cudaEventElapsed = 19.495935440063477 (ms)
[RANK1] F @ 1288.83056640625 (ms) to 1322.978759765625 (ms), cudaEventElapsed = 34.1181755065918 (ms)
[RANK1] B @ 1336.16064453125 (ms) to 1380.776611328125 (ms), cudaEventElapsed = 44.57331085205078 (ms)
[RANK1] B @ 1451.401123046875 (ms) to 1492.467529296875 (ms), cudaEventElapsed = 41.03068923950195 (ms)
[RANK1] W @ 1492.64013671875 (ms) to 1578.970947265625 (ms), cudaEventElapsed = 19.491840362548828 (ms)
[RANK1] F @ 1579.247314453125 (ms) to 1614.242431640625 (ms), cudaEventElapsed = 34.9653434753418 (ms)
[RANK1] B @ 1614.536865234375 (ms) to 1661.0439453125 (ms), cudaEventElapsed = 46.47488021850586 (ms)
[RANK1] W @ 1661.281982421875 (ms) to 1753.12646484375 (ms), cudaEventElapsed = 19.49388885498047 (ms)
[RANK1] F @ 1753.39501953125 (ms) to 1787.210205078125 (ms), cudaEventElapsed = 33.782527923583984 (ms)
[RANK1] B @ 1787.53466796875 (ms) to 1834.08984375 (ms), cudaEventElapsed = 46.52320098876953 (ms)
[RANK1] W @ 1834.258056640625 (ms) to 1925.317626953125 (ms), cudaEventElapsed = 19.600383758544922 (ms)
[RANK1] W @ 1925.48583984375 (ms) to 1947.48291015625 (ms), cudaEventElapsed = 21.964799880981445 (ms)
[RANK1] B @ 1947.65380859375 (ms) to 1995.421142578125 (ms), cudaEventElapsed = 47.73539352416992 (ms)
[RANK1] W @ 1995.60205078125 (ms) to 2087.72900390625 (ms), cudaEventElapsed = 19.550207138061523 (ms)
[RANK1] W @ 2087.91552734375 (ms) to 2108.998291015625 (ms), cudaEventElapsed = 21.0513916015625 (ms)
[RANK1] B @ 2109.148193359375 (ms) to 2156.937744140625 (ms), cudaEventElapsed = 47.76176071166992 (ms)
[RANK1] 4W @ 2157.10546875 (ms) to 2328.115966796875 (ms), cudaEventElapsed = 97.52371215820312 (ms)
[RANK1] Iteration 11
[RANK1] F @ 30.81201171875 (ms) to 62.933837890625 (ms), cudaEventElapsed = 32.08601760864258 (ms)
[RANK1] F @ 63.319091796875 (ms) to 98.251220703125 (ms), cudaEventElapsed = 34.90009689331055 (ms)
[RANK1] F @ 98.636474609375 (ms) to 135.841796875 (ms), cudaEventElapsed = 37.17388916015625 (ms)
[RANK1] F @ 136.138427734375 (ms) to 172.68212890625 (ms), cudaEventElapsed = 36.51222229003906 (ms)
[RANK1] F @ 174.712646484375 (ms) to 211.276611328125 (ms), cudaEventElapsed = 36.53036880493164 (ms)
[RANK1] B @ 411.58984375 (ms) to 452.797119140625 (ms), cudaEventElapsed = 41.154911041259766 (ms)
[RANK1] F @ 522.921630859375 (ms) to 554.959716796875 (ms), cudaEventElapsed = 31.99577522277832 (ms)
[RANK1] B @ 560.23828125 (ms) to 604.060302734375 (ms), cudaEventElapsed = 43.781150817871094 (ms)
[RANK1] F @ 675.736328125 (ms) to 707.984619140625 (ms), cudaEventElapsed = 32.207008361816406 (ms)
[RANK1] B @ 709.818115234375 (ms) to 753.49462890625 (ms), cudaEventElapsed = 43.63536071777344 (ms)
[RANK1] F @ 825.541015625 (ms) to 857.49853515625 (ms), cudaEventElapsed = 31.915903091430664 (ms)
[RANK1] B @ 859.552734375 (ms) to 904.259521484375 (ms), cudaEventElapsed = 44.667423248291016 (ms)
[RANK1] W @ 904.5322265625 (ms) to 993.74609375 (ms), cudaEventElapsed = 19.628032684326172 (ms)
[RANK1] F @ 993.915771484375 (ms) to 1028.89990234375 (ms), cudaEventElapsed = 34.94956970214844 (ms)
[RANK1] B @ 1030.460693359375 (ms) to 1077.650146484375 (ms), cudaEventElapsed = 47.15484619140625 (ms)
[RANK1] B @ 1157.423095703125 (ms) to 1199.604736328125 (ms), cudaEventElapsed = 42.14384078979492 (ms)
[RANK1] W @ 1199.784423828125 (ms) to 1296.75537109375 (ms), cudaEventElapsed = 19.46726417541504 (ms)
[RANK1] F @ 1297.0439453125 (ms) to 1332.922607421875 (ms), cudaEventElapsed = 35.843807220458984 (ms)
[RANK1] B @ 1335.228515625 (ms) to 1382.875732421875 (ms), cudaEventElapsed = 47.60736083984375 (ms)
[RANK1] B @ 1454.511474609375 (ms) to 1496.59619140625 (ms), cudaEventElapsed = 42.049407958984375 (ms)
[RANK1] W @ 1496.7646484375 (ms) to 1600.959716796875 (ms), cudaEventElapsed = 19.5020809173584 (ms)
[RANK1] F @ 1601.24462890625 (ms) to 1635.032470703125 (ms), cudaEventElapsed = 33.756832122802734 (ms)
[RANK1] B @ 1635.33837890625 (ms) to 1682.24951171875 (ms), cudaEventElapsed = 46.87846374511719 (ms)
[RANK1] W @ 1682.472412109375 (ms) to 1774.617431640625 (ms), cudaEventElapsed = 19.705856323242188 (ms)
[RANK1] F @ 1818.782958984375 (ms) to 1850.296875 (ms), cudaEventElapsed = 31.47318458557129 (ms)
[RANK1] B @ 1850.59130859375 (ms) to 1894.6640625 (ms), cudaEventElapsed = 44.04115295410156 (ms)
[RANK1] W @ 1894.844970703125 (ms) to 1985.501708984375 (ms), cudaEventElapsed = 19.430400848388672 (ms)
[RANK1] W @ 1985.6650390625 (ms) to 2007.4345703125 (ms), cudaEventElapsed = 21.730304718017578 (ms)
[RANK1] B @ 2007.591064453125 (ms) to 2055.53125 (ms), cudaEventElapsed = 47.909183502197266 (ms)
[RANK1] W @ 2055.69580078125 (ms) to 2147.767822265625 (ms), cudaEventElapsed = 19.4836483001709 (ms)
[RANK1] W @ 2147.9482421875 (ms) to 2169.5947265625 (ms), cudaEventElapsed = 21.614591598510742 (ms)
[RANK1] B @ 2169.751953125 (ms) to 2218.34716796875 (ms), cudaEventElapsed = 48.56460952758789 (ms)
[RANK1] 4W @ 2218.514404296875 (ms) to 2388.22412109375 (ms), cudaEventElapsed = 97.45613098144531 (ms)
[RANK1] Iteration 12
[RANK1] F @ 96.5107421875 (ms) to 128.541748046875 (ms), cudaEventElapsed = 31.996639251708984 (ms)
[RANK1] F @ 183.969970703125 (ms) to 216.015625 (ms), cudaEventElapsed = 32.01222229003906 (ms)
[RANK1] F @ 274.5830078125 (ms) to 306.60986328125 (ms), cudaEventElapsed = 31.992000579833984 (ms)
[RANK1] F @ 360.9599609375 (ms) to 392.243408203125 (ms), cudaEventElapsed = 31.248640060424805 (ms)
[RANK1] F @ 451.228759765625 (ms) to 483.362548828125 (ms), cudaEventElapsed = 32.09782409667969 (ms)
[RANK1] B @ 592.104248046875 (ms) to 634.15380859375 (ms), cudaEventElapsed = 42.00844955444336 (ms)
[RANK1] F @ 701.53369140625 (ms) to 733.560546875 (ms), cudaEventElapsed = 31.991615295410156 (ms)
[RANK1] B @ 794.109619140625 (ms) to 835.201171875 (ms), cudaEventElapsed = 41.051902770996094 (ms)
[RANK1] F @ 904.7060546875 (ms) to 937.1005859375 (ms), cudaEventElapsed = 32.361663818359375 (ms)
[RANK1] B @ 968.069091796875 (ms) to 1009.27880859375 (ms), cudaEventElapsed = 41.16844940185547 (ms)
[RANK1] F @ 1078.5 (ms) to 1110.161865234375 (ms), cudaEventElapsed = 31.622751235961914 (ms)
[RANK1] B @ 1110.58056640625 (ms) to 1155.53955078125 (ms), cudaEventElapsed = 44.92435073852539 (ms)
[RANK1] W @ 1155.79931640625 (ms) to 1246.392578125 (ms), cudaEventElapsed = 19.62393569946289 (ms)
[RANK1] F @ 1246.56591796875 (ms) to 1280.775390625 (ms), cudaEventElapsed = 34.17830276489258 (ms)
[RANK1] B @ 1282.097412109375 (ms) to 1329.291259765625 (ms), cudaEventElapsed = 47.16115188598633 (ms)
[RANK1] B @ 1401.59375 (ms) to 1443.679443359375 (ms), cudaEventElapsed = 42.04179382324219 (ms)
[RANK1] W @ 1443.868896484375 (ms) to 1548.380859375 (ms), cudaEventElapsed = 19.45292854309082 (ms)
[RANK1] F @ 1548.66650390625 (ms) to 1583.938720703125 (ms), cudaEventElapsed = 35.23875045776367 (ms)
[RANK1] B @ 1585.410400390625 (ms) to 1632.560546875 (ms), cudaEventElapsed = 47.117374420166016 (ms)
[RANK1] B @ 1703.797607421875 (ms) to 1746.152099609375 (ms), cudaEventElapsed = 42.31363296508789 (ms)
[RANK1] W @ 1746.327392578125 (ms) to 1851.78466796875 (ms), cudaEventElapsed = 19.4201602935791 (ms)
[RANK1] F @ 1852.070556640625 (ms) to 1886.677490234375 (ms), cudaEventElapsed = 34.575775146484375 (ms)
[RANK1] B @ 1886.999755859375 (ms) to 1934.209228515625 (ms), cudaEventElapsed = 47.179039001464844 (ms)
[RANK1] W @ 1934.43994140625 (ms) to 2026.511474609375 (ms), cudaEventElapsed = 19.714048385620117 (ms)
[RANK1] F @ 2070.326416015625 (ms) to 2102.08837890625 (ms), cudaEventElapsed = 31.72047996520996 (ms)
[RANK1] B @ 2102.396240234375 (ms) to 2146.62353515625 (ms), cudaEventElapsed = 44.19705581665039 (ms)
[RANK1] W @ 2146.7919921875 (ms) to 2238.379150390625 (ms), cudaEventElapsed = 19.44166374206543 (ms)
[RANK1] W @ 2238.55517578125 (ms) to 2260.044677734375 (ms), cudaEventElapsed = 21.46099281311035 (ms)
[RANK1] B @ 2271.213623046875 (ms) to 2315.959228515625 (ms), cudaEventElapsed = 44.70832061767578 (ms)
[RANK1] W @ 2316.130126953125 (ms) to 2405.73974609375 (ms), cudaEventElapsed = 19.422208786010742 (ms)
[RANK1] W @ 2405.91162109375 (ms) to 2427.65234375 (ms), cudaEventElapsed = 21.709823608398438 (ms)
[RANK1] B @ 2427.818603515625 (ms) to 2476.669677734375 (ms), cudaEventElapsed = 48.81257629394531 (ms)
[RANK1] 4W @ 2476.86083984375 (ms) to 2647.494873046875 (ms), cudaEventElapsed = 98.2077407836914 (ms)
[RANK1] Iteration 13
[RANK1] F @ 95.052001953125 (ms) to 127.03515625 (ms), cudaEventElapsed = 31.94713592529297 (ms)
[RANK1] F @ 185.43701171875 (ms) to 217.533203125 (ms), cudaEventElapsed = 32.06099319458008 (ms)
[RANK1] F @ 273.96484375 (ms) to 305.8681640625 (ms), cudaEventElapsed = 31.86809539794922 (ms)
[RANK1] F @ 364.47119140625 (ms) to 396.0166015625 (ms), cudaEventElapsed = 31.508480072021484 (ms)
[RANK1] F @ 452.705322265625 (ms) to 484.652587890625 (ms), cudaEventElapsed = 31.909887313842773 (ms)
[RANK1] B @ 597.80517578125 (ms) to 639.635986328125 (ms), cudaEventElapsed = 41.78726577758789 (ms)
[RANK1] F @ 707.390380859375 (ms) to 739.463134765625 (ms), cudaEventElapsed = 32.03718566894531 (ms)
[RANK1] B @ 796.4462890625 (ms) to 837.40869140625 (ms), cudaEventElapsed = 40.92281723022461 (ms)
[RANK1] F @ 905.31201171875 (ms) to 937.740966796875 (ms), cudaEventElapsed = 32.3955192565918 (ms)
[RANK1] B @ 968.75244140625 (ms) to 1010.104736328125 (ms), cudaEventElapsed = 41.30976104736328 (ms)
[RANK1] F @ 1078.527587890625 (ms) to 1110.252197265625 (ms), cudaEventElapsed = 31.688127517700195 (ms)
[RANK1] B @ 1110.662841796875 (ms) to 1155.34619140625 (ms), cudaEventElapsed = 44.651710510253906 (ms)
[RANK1] W @ 1155.599609375 (ms) to 1245.53466796875 (ms), cudaEventElapsed = 19.65260887145996 (ms)
[RANK1] F @ 1245.73876953125 (ms) to 1280.14599609375 (ms), cudaEventElapsed = 34.36985778808594 (ms)
[RANK1] B @ 1281.4736328125 (ms) to 1328.675537109375 (ms), cudaEventElapsed = 47.1693115234375 (ms)
[RANK1] B @ 1399.69873046875 (ms) to 1441.981201171875 (ms), cudaEventElapsed = 42.243614196777344 (ms)
[RANK1] W @ 1442.15625 (ms) to 1548.10107421875 (ms), cudaEventElapsed = 19.525632858276367 (ms)
[RANK1] F @ 1548.39111328125 (ms) to 1583.81591796875 (ms), cudaEventElapsed = 35.39107131958008 (ms)
[RANK1] B @ 1585.163818359375 (ms) to 1632.959716796875 (ms), cudaEventElapsed = 47.761985778808594 (ms)
[RANK1] B @ 1704.7451171875 (ms) to 1746.79345703125 (ms), cudaEventElapsed = 42.008094787597656 (ms)
[RANK1] W @ 1746.974609375 (ms) to 1850.625 (ms), cudaEventElapsed = 19.505151748657227 (ms)
[RANK1] F @ 1850.895751953125 (ms) to 1884.90625 (ms), cudaEventElapsed = 33.97788619995117 (ms)
[RANK1] B @ 1885.2265625 (ms) to 1932.771484375 (ms), cudaEventElapsed = 47.51164627075195 (ms)
[RANK1] W @ 1933.001953125 (ms) to 2025.834228515625 (ms), cudaEventElapsed = 19.757055282592773 (ms)
[RANK1] F @ 2069.89892578125 (ms) to 2101.60546875 (ms), cudaEventElapsed = 31.660320281982422 (ms)
[RANK1] B @ 2101.9052734375 (ms) to 2146.59814453125 (ms), cudaEventElapsed = 44.663551330566406 (ms)
[RANK1] W @ 2146.76220703125 (ms) to 2236.815673828125 (ms), cudaEventElapsed = 19.41708755493164 (ms)
[RANK1] W @ 2236.979736328125 (ms) to 2259.07568359375 (ms), cudaEventElapsed = 22.06719970703125 (ms)
[RANK1] B @ 2277.865478515625 (ms) to 2321.359619140625 (ms), cudaEventElapsed = 43.4595832824707 (ms)
[RANK1] W @ 2321.532470703125 (ms) to 2411.64013671875 (ms), cudaEventElapsed = 19.45907211303711 (ms)
[RANK1] W @ 2411.796875 (ms) to 2432.982666015625 (ms), cudaEventElapsed = 21.154815673828125 (ms)
[RANK1] B @ 2433.1337890625 (ms) to 2480.928955078125 (ms), cudaEventElapsed = 47.76655960083008 (ms)
[RANK1] 4W @ 2481.0830078125 (ms) to 2650.749755859375 (ms), cudaEventElapsed = 96.52941131591797 (ms)
[RANK1] Iteration 14
[RANK1] F @ 97.6845703125 (ms) to 129.804931640625 (ms), cudaEventElapsed = 32.08406448364258 (ms)
[RANK1] F @ 186.848876953125 (ms) to 218.809326171875 (ms), cudaEventElapsed = 31.924863815307617 (ms)
[RANK1] F @ 277.930419921875 (ms) to 310.0517578125 (ms), cudaEventElapsed = 32.085472106933594 (ms)
[RANK1] F @ 366.715087890625 (ms) to 398.03857421875 (ms), cudaEventElapsed = 31.284608840942383 (ms)
[RANK1] F @ 458.66748046875 (ms) to 490.76953125 (ms), cudaEventElapsed = 32.06604766845703 (ms)
[RANK1] B @ 595.00048828125 (ms) to 637.11376953125 (ms), cudaEventElapsed = 42.07206344604492 (ms)
[RANK1] F @ 706.64599609375 (ms) to 738.62060546875 (ms), cudaEventElapsed = 31.940895080566406 (ms)
[RANK1] B @ 793.11083984375 (ms) to 834.234375 (ms), cudaEventElapsed = 41.08505630493164 (ms)
[RANK1] F @ 905.06640625 (ms) to 937.414794921875 (ms), cudaEventElapsed = 32.3135986328125 (ms)
[RANK1] B @ 968.710693359375 (ms) to 1009.915283203125 (ms), cudaEventElapsed = 41.16348648071289 (ms)
[RANK1] F @ 1077.701416015625 (ms) to 1109.486328125 (ms), cudaEventElapsed = 31.74687957763672 (ms)
[RANK1] B @ 1109.884521484375 (ms) to 1155.3251953125 (ms), cudaEventElapsed = 45.40806579589844 (ms)
[RANK1] W @ 1155.56201171875 (ms) to 1246.862548828125 (ms), cudaEventElapsed = 19.63315200805664 (ms)
[RANK1] F @ 1247.018310546875 (ms) to 1280.225830078125 (ms), cudaEventElapsed = 33.177215576171875 (ms)
[RANK1] B @ 1281.647705078125 (ms) to 1329.73583984375 (ms), cudaEventElapsed = 48.05644989013672 (ms)
[RANK1] B @ 1402.322021484375 (ms) to 1444.4267578125 (ms), cudaEventElapsed = 42.066688537597656 (ms)
[RANK1] W @ 1444.601806640625 (ms) to 1548.414794921875 (ms), cudaEventElapsed = 19.403776168823242 (ms)
[RANK1] F @ 1548.687744140625 (ms) to 1582.744873046875 (ms), cudaEventElapsed = 34.02422332763672 (ms)
[RANK1] B @ 1584.256103515625 (ms) to 1631.835205078125 (ms), cudaEventElapsed = 47.54288101196289 (ms)
[RANK1] B @ 1704.523193359375 (ms) to 1746.552978515625 (ms), cudaEventElapsed = 41.992897033691406 (ms)
[RANK1] W @ 1746.72119140625 (ms) to 1850.3447265625 (ms), cudaEventElapsed = 19.402751922607422 (ms)
[RANK1] F @ 1850.619140625 (ms) to 1884.7197265625 (ms), cudaEventElapsed = 34.0684814453125 (ms)
[RANK1] B @ 1885.039794921875 (ms) to 1931.587646484375 (ms), cudaEventElapsed = 46.51670455932617 (ms)
[RANK1] W @ 1931.82275390625 (ms) to 2024.694091796875 (ms), cudaEventElapsed = 19.784704208374023 (ms)
[RANK1] F @ 2068.606201171875 (ms) to 2100.15673828125 (ms), cudaEventElapsed = 31.499839782714844 (ms)
[RANK1] B @ 2100.466552734375 (ms) to 2145.072509765625 (ms), cudaEventElapsed = 44.57564926147461 (ms)
[RANK1] W @ 2145.245361328125 (ms) to 2236.091552734375 (ms), cudaEventElapsed = 19.42835235595703 (ms)
[RANK1] W @ 2236.268310546875 (ms) to 2258.894287109375 (ms), cudaEventElapsed = 22.597631454467773 (ms)
[RANK1] B @ 2271.72607421875 (ms) to 2316.154296875 (ms), cudaEventElapsed = 44.38595199584961 (ms)
[RANK1] W @ 2316.329345703125 (ms) to 2405.505126953125 (ms), cudaEventElapsed = 19.42323112487793 (ms)
[RANK1] W @ 2405.66357421875 (ms) to 2427.166259765625 (ms), cudaEventElapsed = 21.47123146057129 (ms)
[RANK1] B @ 2427.342041015625 (ms) to 2474.792724609375 (ms), cudaEventElapsed = 47.418846130371094 (ms)
[RANK1] 4W @ 2474.973876953125 (ms) to 2644.539794921875 (ms), cudaEventElapsed = 96.95744323730469 (ms)
[RANK1] Iteration 15
[RANK1] F @ 97.507568359375 (ms) to 129.55517578125 (ms), cudaEventElapsed = 32.01337432861328 (ms)
[RANK1] F @ 185.298095703125 (ms) to 217.2109375 (ms), cudaEventElapsed = 31.87708854675293 (ms)
[RANK1] F @ 276.640625 (ms) to 308.692138671875 (ms), cudaEventElapsed = 32.01606369018555 (ms)
[RANK1] F @ 365.36669921875 (ms) to 396.59130859375 (ms), cudaEventElapsed = 31.187551498413086 (ms)
[RANK1] F @ 456.779052734375 (ms) to 488.841796875 (ms), cudaEventElapsed = 32.02716827392578 (ms)
[RANK1] B @ 593.745361328125 (ms) to 635.80517578125 (ms), cudaEventElapsed = 42.01708984375 (ms)
[RANK1] F @ 704.84814453125 (ms) to 736.7412109375 (ms), cudaEventElapsed = 31.8571834564209 (ms)
[RANK1] B @ 793.4013671875 (ms) to 834.406005859375 (ms), cudaEventElapsed = 40.96656036376953 (ms)
[RANK1] F @ 904.805419921875 (ms) to 937.01904296875 (ms), cudaEventElapsed = 32.18134307861328 (ms)
[RANK1] B @ 968.139404296875 (ms) to 1009.4033203125 (ms), cudaEventElapsed = 41.2243537902832 (ms)
[RANK1] F @ 1077.6591796875 (ms) to 1109.370361328125 (ms), cudaEventElapsed = 31.67136001586914 (ms)
[RANK1] B @ 1109.7919921875 (ms) to 1155.018310546875 (ms), cudaEventElapsed = 45.194881439208984 (ms)
[RANK1] W @ 1155.269287109375 (ms) to 1245.9228515625 (ms), cudaEventElapsed = 19.6362247467041 (ms)
[RANK1] F @ 1246.083740234375 (ms) to 1279.599609375 (ms), cudaEventElapsed = 33.48585510253906 (ms)
[RANK1] B @ 1281.00830078125 (ms) to 1329.0703125 (ms), cudaEventElapsed = 48.02975845336914 (ms)
[RANK1] B @ 1401.91015625 (ms) to 1443.9267578125 (ms), cudaEventElapsed = 41.981056213378906 (ms)
[RANK1] W @ 1444.094482421875 (ms) to 1547.873291015625 (ms), cudaEventElapsed = 19.41811180114746 (ms)
[RANK1] F @ 1548.131591796875 (ms) to 1582.50048828125 (ms), cudaEventElapsed = 34.33830261230469 (ms)
[RANK1] B @ 1583.906982421875 (ms) to 1631.5576171875 (ms), cudaEventElapsed = 47.618656158447266 (ms)
[RANK1] B @ 1704.508544921875 (ms) to 1746.6015625 (ms), cudaEventElapsed = 42.05750274658203 (ms)
[RANK1] W @ 1746.760498046875 (ms) to 1851.00927734375 (ms), cudaEventElapsed = 19.41811180114746 (ms)
[RANK1] F @ 1851.2841796875 (ms) to 1885.56787109375 (ms), cudaEventElapsed = 34.25312042236328 (ms)
[RANK1] B @ 1885.86572265625 (ms) to 1932.189697265625 (ms), cudaEventElapsed = 46.29132843017578 (ms)
[RANK1] W @ 1932.416748046875 (ms) to 2025.27880859375 (ms), cudaEventElapsed = 19.714048385620117 (ms)
[RANK1] F @ 2069.179931640625 (ms) to 2100.64501953125 (ms), cudaEventElapsed = 31.423904418945312 (ms)
[RANK1] B @ 2100.935546875 (ms) to 2145.018798828125 (ms), cudaEventElapsed = 44.05366516113281 (ms)
[RANK1] W @ 2145.177734375 (ms) to 2235.497802734375 (ms), cudaEventElapsed = 19.45804786682129 (ms)
[RANK1] W @ 2235.665771484375 (ms) to 2258.228271484375 (ms), cudaEventElapsed = 22.534143447875977 (ms)
[RANK1] B @ 2271.44921875 (ms) to 2315.89697265625 (ms), cudaEventElapsed = 44.41215896606445 (ms)
[RANK1] W @ 2316.060791015625 (ms) to 2404.93505859375 (ms), cudaEventElapsed = 19.464191436767578 (ms)
[RANK1] W @ 2405.098876953125 (ms) to 2426.7373046875 (ms), cudaEventElapsed = 21.607423782348633 (ms)
[RANK1] B @ 2426.896728515625 (ms) to 2475.0087890625 (ms), cudaEventElapsed = 48.08230209350586 (ms)
[RANK1] 4W @ 2475.169189453125 (ms) to 2645.099853515625 (ms), cudaEventElapsed = 97.37522888183594 (ms)
[RANK1] Iteration 16
[RANK1] F @ 93.778564453125 (ms) to 123.934326171875 (ms), cudaEventElapsed = 30.114240646362305 (ms)
[RANK1] F @ 179.97607421875 (ms) to 210.0048828125 (ms), cudaEventElapsed = 29.99158477783203 (ms)
[RANK1] F @ 267.34765625 (ms) to 297.510009765625 (ms), cudaEventElapsed = 30.12393569946289 (ms)
[RANK1] F @ 356.259033203125 (ms) to 385.745849609375 (ms), cudaEventElapsed = 29.453279495239258 (ms)
[RANK1] F @ 440.899658203125 (ms) to 470.95654296875 (ms), cudaEventElapsed = 30.02003288269043 (ms)
[RANK1] F @ 528.959716796875 (ms) to 559.260009765625 (ms), cudaEventElapsed = 30.254623413085938 (ms)
[RANK1] F @ 617.40576171875 (ms) to 647.49755859375 (ms), cudaEventElapsed = 30.053632736206055 (ms)
[RANK1] F @ 702.14990234375 (ms) to 731.592041015625 (ms), cudaEventElapsed = 29.40447998046875 (ms)
[RANK1] F @ 792.129150390625 (ms) to 821.672607421875 (ms), cudaEventElapsed = 29.507295608520508 (ms)
[RANK1] F @ 878.5595703125 (ms) to 907.9931640625 (ms), cudaEventElapsed = 29.39743995666504 (ms)
[RANK1] F @ 964.775634765625 (ms) to 994.205078125 (ms), cudaEventElapsed = 29.394079208374023 (ms)
[RANK1] F @ 1054.201171875 (ms) to 1083.6875 (ms), cudaEventElapsed = 29.450719833374023 (ms)
