[RANK3] Iteration 1
[RANK3] F @ 1088.57861328125 (ms) to 1620.94091796875 (ms), cudaEventElapsed = 532.27197265625 (ms)
[RANK3] B @ 1621.172607421875 (ms) to 1665.419921875 (ms), cudaEventElapsed = 44.2081298828125 (ms)
[RANK3] F @ 1669.284912109375 (ms) to 1700.45361328125 (ms), cudaEventElapsed = 31.131776809692383 (ms)
[RANK3] B @ 1700.52392578125 (ms) to 1739.290771484375 (ms), cudaEventElapsed = 38.73382568359375 (ms)
[RANK3] F @ 1740.59228515625 (ms) to 1774.063720703125 (ms), cudaEventElapsed = 33.43452835083008 (ms)
[RANK3] B @ 1774.1435546875 (ms) to 1812.566650390625 (ms), cudaEventElapsed = 38.381568908691406 (ms)
[RANK3] F @ 1814.171630859375 (ms) to 1847.223876953125 (ms), cudaEventElapsed = 33.00940704345703 (ms)
[RANK3] B @ 1847.305419921875 (ms) to 1885.67822265625 (ms), cudaEventElapsed = 38.33241653442383 (ms)
[RANK3] F @ 1887.3154296875 (ms) to 1920.614990234375 (ms), cudaEventElapsed = 33.25484848022461 (ms)
[RANK3] B @ 1920.707763671875 (ms) to 1959.070556640625 (ms), cudaEventElapsed = 38.31808090209961 (ms)
[RANK3] F @ 1965.163818359375 (ms) to 1996.996337890625 (ms), cudaEventElapsed = 31.79462432861328 (ms)
[RANK3] B @ 1997.0546875 (ms) to 2034.959716796875 (ms), cudaEventElapsed = 37.87161636352539 (ms)
[RANK3] F @ 2036.2744140625 (ms) to 2069.29736328125 (ms), cudaEventElapsed = 32.99043273925781 (ms)
[RANK3] B @ 2069.35693359375 (ms) to 2107.904052734375 (ms), cudaEventElapsed = 38.51264190673828 (ms)
[RANK3] F @ 2108.19921875 (ms) to 2140.4755859375 (ms), cudaEventElapsed = 32.24300765991211 (ms)
[RANK3] B @ 2140.65185546875 (ms) to 2180.17236328125 (ms), cudaEventElapsed = 39.48339080810547 (ms)
[RANK3] W @ 2180.3369140625 (ms) to 2204.329833984375 (ms), cudaEventElapsed = 18.310144424438477 (ms)
[RANK3] F @ 2204.48486328125 (ms) to 2234.9853515625 (ms), cudaEventElapsed = 30.465856552124023 (ms)
[RANK3] B @ 2235.041015625 (ms) to 2273.59521484375 (ms), cudaEventElapsed = 38.52288055419922 (ms)
[RANK3] W @ 2273.825927734375 (ms) to 2295.2578125 (ms), cudaEventElapsed = 20.42470359802246 (ms)
[RANK3] F @ 2331.29443359375 (ms) to 2361.29248046875 (ms), cudaEventElapsed = 29.958112716674805 (ms)
[RANK3] B @ 2361.347900390625 (ms) to 2398.25244140625 (ms), cudaEventElapsed = 36.86912155151367 (ms)
[RANK3] W @ 2398.474365234375 (ms) to 2419.915283203125 (ms), cudaEventElapsed = 20.190208435058594 (ms)
[RANK3] F @ 2434.0556640625 (ms) to 2464.40283203125 (ms), cudaEventElapsed = 30.311424255371094 (ms)
[RANK3] B @ 2464.4580078125 (ms) to 2501.153564453125 (ms), cudaEventElapsed = 36.66636657714844 (ms)
[RANK3] W @ 2501.376220703125 (ms) to 2522.51416015625 (ms), cudaEventElapsed = 19.937280654907227 (ms)
[RANK3] F @ 2536.531005859375 (ms) to 2567.095458984375 (ms), cudaEventElapsed = 30.520671844482422 (ms)
[RANK3] B @ 2567.152099609375 (ms) to 2604.7451171875 (ms), cudaEventElapsed = 37.563392639160156 (ms)
[RANK3] 8W @ 2604.912841796875 (ms) to 2768.257568359375 (ms), cudaEventElapsed = 163.31263732910156 (ms)
[RANK3] Iteration 2
[RANK3] F @ 101.076416015625 (ms) to 131.72705078125 (ms), cudaEventElapsed = 30.5947208404541 (ms)
[RANK3] B @ 131.986328125 (ms) to 176.86767578125 (ms), cudaEventElapsed = 35.96083068847656 (ms)
[RANK3] F @ 179.022216796875 (ms) to 209.473876953125 (ms), cudaEventElapsed = 30.406848907470703 (ms)
[RANK3] B @ 209.562744140625 (ms) to 247.864013671875 (ms), cudaEventElapsed = 38.26892852783203 (ms)
[RANK3] F @ 249.319580078125 (ms) to 281.958740234375 (ms), cudaEventElapsed = 32.602272033691406 (ms)
[RANK3] B @ 282.0791015625 (ms) to 319.82763671875 (ms), cudaEventElapsed = 37.70880126953125 (ms)
[RANK3] F @ 321.313720703125 (ms) to 353.25439453125 (ms), cudaEventElapsed = 31.90483283996582 (ms)
[RANK3] B @ 353.35888671875 (ms) to 391.4912109375 (ms), cudaEventElapsed = 38.09791946411133 (ms)
[RANK3] F @ 392.995361328125 (ms) to 425.93115234375 (ms), cudaEventElapsed = 32.90022277832031 (ms)
[RANK3] B @ 426.033447265625 (ms) to 464.33642578125 (ms), cudaEventElapsed = 38.26790237426758 (ms)
[RANK3] F @ 465.7734375 (ms) to 498.90185546875 (ms), cudaEventElapsed = 33.09452819824219 (ms)
[RANK3] B @ 498.98876953125 (ms) to 537.232666015625 (ms), cudaEventElapsed = 38.21158218383789 (ms)
[RANK3] F @ 538.697021484375 (ms) to 571.301025390625 (ms), cudaEventElapsed = 32.57059097290039 (ms)
[RANK3] B @ 571.39208984375 (ms) to 609.454345703125 (ms), cudaEventElapsed = 38.02726364135742 (ms)
[RANK3] F @ 609.77783203125 (ms) to 642.18017578125 (ms), cudaEventElapsed = 32.37059020996094 (ms)
[RANK3] B @ 642.390625 (ms) to 681.37548828125 (ms), cudaEventElapsed = 38.95500946044922 (ms)
[RANK3] W @ 681.5947265625 (ms) to 702.546142578125 (ms), cudaEventElapsed = 18.708480834960938 (ms)
[RANK3] F @ 702.715576171875 (ms) to 733.886474609375 (ms), cudaEventElapsed = 31.14080047607422 (ms)
[RANK3] B @ 733.967041015625 (ms) to 772.515380859375 (ms), cudaEventElapsed = 38.51776123046875 (ms)
[RANK3] W @ 772.75244140625 (ms) to 794.234619140625 (ms), cudaEventElapsed = 20.400127410888672 (ms)
[RANK3] F @ 828.243896484375 (ms) to 858.361572265625 (ms), cudaEventElapsed = 30.07596778869629 (ms)
[RANK3] B @ 858.443603515625 (ms) to 895.29541015625 (ms), cudaEventElapsed = 36.822017669677734 (ms)
[RANK3] W @ 895.535400390625 (ms) to 916.8955078125 (ms), cudaEventElapsed = 20.189184188842773 (ms)
[RANK3] F @ 931.350341796875 (ms) to 961.751220703125 (ms), cudaEventElapsed = 30.359872817993164 (ms)
[RANK3] B @ 961.838134765625 (ms) to 999.336181640625 (ms), cudaEventElapsed = 37.46611022949219 (ms)
[RANK3] W @ 999.571044921875 (ms) to 1021.059326171875 (ms), cudaEventElapsed = 20.355072021484375 (ms)
[RANK3] F @ 1036.8486328125 (ms) to 1067.339599609375 (ms), cudaEventElapsed = 30.453311920166016 (ms)
[RANK3] B @ 1067.421875 (ms) to 1105.248779296875 (ms), cudaEventElapsed = 37.7968635559082 (ms)
[RANK3] 8W @ 1105.4326171875 (ms) to 1269.4365234375 (ms), cudaEventElapsed = 163.9710693359375 (ms)
[RANK3] Iteration 3
[RANK3] F @ 99.7216796875 (ms) to 130.594970703125 (ms), cudaEventElapsed = 30.8110408782959 (ms)
[RANK3] B @ 130.837646484375 (ms) to 175.0732421875 (ms), cudaEventElapsed = 35.350528717041016 (ms)
[RANK3] F @ 177.342529296875 (ms) to 207.893798828125 (ms), cudaEventElapsed = 30.506399154663086 (ms)
[RANK3] B @ 207.979736328125 (ms) to 246.3193359375 (ms), cudaEventElapsed = 38.30681610107422 (ms)
[RANK3] F @ 247.75146484375 (ms) to 280.317138671875 (ms), cudaEventElapsed = 32.529056549072266 (ms)
[RANK3] B @ 280.445556640625 (ms) to 318.95654296875 (ms), cudaEventElapsed = 38.47270584106445 (ms)
[RANK3] F @ 320.451904296875 (ms) to 353.115234375 (ms), cudaEventElapsed = 32.62678527832031 (ms)
[RANK3] B @ 353.23583984375 (ms) to 391.50439453125 (ms), cudaEventElapsed = 38.22796630859375 (ms)
[RANK3] F @ 393.02099609375 (ms) to 425.588623046875 (ms), cudaEventElapsed = 32.531681060791016 (ms)
[RANK3] B @ 425.69384765625 (ms) to 463.44189453125 (ms), cudaEventElapsed = 37.70880126953125 (ms)
[RANK3] F @ 464.93408203125 (ms) to 497.891357421875 (ms), cudaEventElapsed = 32.924320220947266 (ms)
[RANK3] B @ 497.978515625 (ms) to 535.600341796875 (ms), cudaEventElapsed = 37.584896087646484 (ms)
[RANK3] F @ 537.054931640625 (ms) to 569.300537109375 (ms), cudaEventElapsed = 32.21379089355469 (ms)
[RANK3] B @ 569.3876953125 (ms) to 607.519775390625 (ms), cudaEventElapsed = 38.09996795654297 (ms)
[RANK3] F @ 607.83935546875 (ms) to 640.24169921875 (ms), cudaEventElapsed = 32.371551513671875 (ms)
[RANK3] B @ 640.45556640625 (ms) to 680.2109375 (ms), cudaEventElapsed = 39.71993637084961 (ms)
[RANK3] W @ 680.47998046875 (ms) to 700.54931640625 (ms), cudaEventElapsed = 19.377151489257812 (ms)
[RANK3] F @ 700.708740234375 (ms) to 733.05078125 (ms), cudaEventElapsed = 32.31238555908203 (ms)
[RANK3] B @ 733.131103515625 (ms) to 771.65576171875 (ms), cudaEventElapsed = 38.49420928955078 (ms)
[RANK3] W @ 771.898193359375 (ms) to 793.443603515625 (ms), cudaEventElapsed = 20.42367935180664 (ms)
[RANK3] F @ 826.429443359375 (ms) to 856.537353515625 (ms), cudaEventElapsed = 30.067136764526367 (ms)
[RANK3] B @ 856.617919921875 (ms) to 892.931396484375 (ms), cudaEventElapsed = 36.28339385986328 (ms)
[RANK3] W @ 893.1728515625 (ms) to 914.40673828125 (ms), cudaEventElapsed = 20.05606460571289 (ms)
[RANK3] F @ 929.507568359375 (ms) to 960.003662109375 (ms), cudaEventElapsed = 30.456928253173828 (ms)
[RANK3] B @ 960.080810546875 (ms) to 998.7216796875 (ms), cudaEventElapsed = 38.611968994140625 (ms)
[RANK3] W @ 998.971435546875 (ms) to 1020.7646484375 (ms), cudaEventElapsed = 20.68070411682129 (ms)
[RANK3] F @ 1035.8818359375 (ms) to 1066.520263671875 (ms), cudaEventElapsed = 30.599327087402344 (ms)
[RANK3] B @ 1066.59619140625 (ms) to 1104.438720703125 (ms), cudaEventElapsed = 37.81119918823242 (ms)
[RANK3] 8W @ 1104.616455078125 (ms) to 1269.532470703125 (ms), cudaEventElapsed = 164.88243103027344 (ms)
[RANK3] Iteration 4
[RANK3] F @ 99.5478515625 (ms) to 130.282958984375 (ms), cudaEventElapsed = 30.684127807617188 (ms)
[RANK3] B @ 130.498046875 (ms) to 177.081787109375 (ms), cudaEventElapsed = 36.86502456665039 (ms)
[RANK3] F @ 177.467041015625 (ms) to 209.078857421875 (ms), cudaEventElapsed = 31.574623107910156 (ms)
[RANK3] B @ 209.164794921875 (ms) to 247.74560546875 (ms), cudaEventElapsed = 38.549503326416016 (ms)
[RANK3] F @ 249.19580078125 (ms) to 281.930419921875 (ms), cudaEventElapsed = 32.69955062866211 (ms)
[RANK3] B @ 282.044677734375 (ms) to 320.384765625 (ms), cudaEventElapsed = 38.298622131347656 (ms)
[RANK3] F @ 321.87451171875 (ms) to 354.558837890625 (ms), cudaEventElapsed = 32.648223876953125 (ms)
[RANK3] B @ 354.680908203125 (ms) to 392.73291015625 (ms), cudaEventElapsed = 38.01395034790039 (ms)
[RANK3] F @ 394.245849609375 (ms) to 427.238525390625 (ms), cudaEventElapsed = 32.955169677734375 (ms)
[RANK3] B @ 427.341552734375 (ms) to 464.904052734375 (ms), cudaEventElapsed = 37.52755355834961 (ms)
[RANK3] F @ 466.44091796875 (ms) to 498.56787109375 (ms), cudaEventElapsed = 32.09539031982422 (ms)
[RANK3] B @ 498.659912109375 (ms) to 536.406494140625 (ms), cudaEventElapsed = 37.714942932128906 (ms)
[RANK3] F @ 537.892578125 (ms) to 570.83056640625 (ms), cudaEventElapsed = 32.90678405761719 (ms)
[RANK3] B @ 570.91455078125 (ms) to 609.591796875 (ms), cudaEventElapsed = 38.644737243652344 (ms)
[RANK3] F @ 609.91162109375 (ms) to 642.227783203125 (ms), cudaEventElapsed = 32.2852783203125 (ms)
[RANK3] B @ 642.43603515625 (ms) to 681.925537109375 (ms), cudaEventElapsed = 39.4598388671875 (ms)
[RANK3] W @ 682.12890625 (ms) to 703.865234375 (ms), cudaEventElapsed = 19.338239669799805 (ms)
[RANK3] F @ 704.0341796875 (ms) to 735.528076171875 (ms), cudaEventElapsed = 31.4638729095459 (ms)
[RANK3] B @ 735.605224609375 (ms) to 774.170654296875 (ms), cudaEventElapsed = 38.5351676940918 (ms)
[RANK3] W @ 774.415283203125 (ms) to 796.02490234375 (ms), cudaEventElapsed = 20.46054458618164 (ms)
[RANK3] F @ 829.673583984375 (ms) to 860.252197265625 (ms), cudaEventElapsed = 30.534719467163086 (ms)
[RANK3] B @ 860.3330078125 (ms) to 897.50146484375 (ms), cudaEventElapsed = 37.13945770263672 (ms)
[RANK3] W @ 897.76318359375 (ms) to 919.193603515625 (ms), cudaEventElapsed = 20.22604751586914 (ms)
[RANK3] F @ 932.390869140625 (ms) to 963.2255859375 (ms), cudaEventElapsed = 30.795808792114258 (ms)
[RANK3] B @ 963.313720703125 (ms) to 1001.78466796875 (ms), cudaEventElapsed = 38.439937591552734 (ms)
[RANK3] W @ 1002.02783203125 (ms) to 1023.78515625 (ms), cudaEventElapsed = 20.61516761779785 (ms)
[RANK3] F @ 1038.0634765625 (ms) to 1068.695556640625 (ms), cudaEventElapsed = 30.59404754638672 (ms)
[RANK3] B @ 1068.774658203125 (ms) to 1106.484375 (ms), cudaEventElapsed = 37.68115234375 (ms)
[RANK3] 8W @ 1106.6767578125 (ms) to 1271.474365234375 (ms), cudaEventElapsed = 164.7605743408203 (ms)
[RANK3] Iteration 5
[RANK3] F @ 99.61572265625 (ms) to 130.232177734375 (ms), cudaEventElapsed = 30.571807861328125 (ms)
[RANK3] B @ 130.4423828125 (ms) to 175.875732421875 (ms), cudaEventElapsed = 36.46361541748047 (ms)
[RANK3] F @ 176.244873046875 (ms) to 209.420654296875 (ms), cudaEventElapsed = 33.14137649536133 (ms)
[RANK3] B @ 209.49609375 (ms) to 248.376953125 (ms), cudaEventElapsed = 38.851585388183594 (ms)
[RANK3] F @ 249.775634765625 (ms) to 283.144775390625 (ms), cudaEventElapsed = 33.333343505859375 (ms)
[RANK3] B @ 283.248046875 (ms) to 321.913818359375 (ms), cudaEventElapsed = 38.63142395019531 (ms)
[RANK3] F @ 323.36865234375 (ms) to 357.5341796875 (ms), cudaEventElapsed = 34.130271911621094 (ms)
[RANK3] B @ 357.646240234375 (ms) to 397.42529296875 (ms), cudaEventElapsed = 39.742462158203125 (ms)
[RANK3] F @ 398.849609375 (ms) to 433.531982421875 (ms), cudaEventElapsed = 34.64720153808594 (ms)
[RANK3] B @ 433.6337890625 (ms) to 472.046142578125 (ms), cudaEventElapsed = 38.37849426269531 (ms)
[RANK3] F @ 473.603515625 (ms) to 507.3203125 (ms), cudaEventElapsed = 33.68396759033203 (ms)
[RANK3] B @ 507.39990234375 (ms) to 546.32958984375 (ms), cudaEventElapsed = 38.89766311645508 (ms)
[RANK3] F @ 547.8583984375 (ms) to 582.270751953125 (ms), cudaEventElapsed = 34.37715148925781 (ms)
[RANK3] B @ 582.350830078125 (ms) to 621.391357421875 (ms), cudaEventElapsed = 39.009281158447266 (ms)
[RANK3] F @ 621.715087890625 (ms) to 655.302978515625 (ms), cudaEventElapsed = 33.554622650146484 (ms)
[RANK3] B @ 655.572998046875 (ms) to 695.815673828125 (ms), cudaEventElapsed = 40.204288482666016 (ms)
[RANK3] W @ 695.9892578125 (ms) to 725.499755859375 (ms), cudaEventElapsed = 20.815872192382812 (ms)
[RANK3] F @ 725.67236328125 (ms) to 758.957763671875 (ms), cudaEventElapsed = 33.25155258178711 (ms)
[RANK3] B @ 759.036865234375 (ms) to 798.525146484375 (ms), cudaEventElapsed = 39.45881652832031 (ms)
[RANK3] W @ 798.77734375 (ms) to 822.038330078125 (ms), cudaEventElapsed = 22.139904022216797 (ms)
[RANK3] F @ 861.49951171875 (ms) to 891.75341796875 (ms), cudaEventElapsed = 30.215904235839844 (ms)
[RANK3] B @ 891.835205078125 (ms) to 929.07421875 (ms), cudaEventElapsed = 37.20908737182617 (ms)
[RANK3] W @ 929.32666015625 (ms) to 952.44580078125 (ms), cudaEventElapsed = 21.89311981201172 (ms)
[RANK3] F @ 982.10595703125 (ms) to 1013.042724609375 (ms), cudaEventElapsed = 30.886592864990234 (ms)
[RANK3] B @ 1013.119140625 (ms) to 1050.28515625 (ms), cudaEventElapsed = 37.13740921020508 (ms)
[RANK3] W @ 1050.52783203125 (ms) to 1072.977783203125 (ms), cudaEventElapsed = 21.23980712890625 (ms)
[RANK3] F @ 1094.283203125 (ms) to 1125.573486328125 (ms), cudaEventElapsed = 31.254207611083984 (ms)
[RANK3] B @ 1125.64697265625 (ms) to 1163.70458984375 (ms), cudaEventElapsed = 38.02931213378906 (ms)
[RANK3] 8W @ 1163.8828125 (ms) to 1355.7900390625 (ms), cudaEventElapsed = 191.8709716796875 (ms)
[RANK3] Iteration 6
[RANK3] F @ 99.570556640625 (ms) to 130.36083984375 (ms), cudaEventElapsed = 30.74163246154785 (ms)
[RANK3] B @ 130.58447265625 (ms) to 176.58154296875 (ms), cudaEventElapsed = 36.179969787597656 (ms)
[RANK3] F @ 178.080810546875 (ms) to 209.92578125 (ms), cudaEventElapsed = 31.802303314208984 (ms)
[RANK3] B @ 210.0029296875 (ms) to 248.94677734375 (ms), cudaEventElapsed = 38.91609573364258 (ms)
[RANK3] F @ 250.337890625 (ms) to 284.234375 (ms), cudaEventElapsed = 33.8625602722168 (ms)
[RANK3] B @ 284.351806640625 (ms) to 323.82568359375 (ms), cudaEventElapsed = 39.43628692626953 (ms)
[RANK3] F @ 325.30078125 (ms) to 359.708984375 (ms), cudaEventElapsed = 34.37238311767578 (ms)
[RANK3] B @ 359.826416015625 (ms) to 398.534423828125 (ms), cudaEventElapsed = 38.6693115234375 (ms)
[RANK3] F @ 400.03076171875 (ms) to 434.08837890625 (ms), cudaEventElapsed = 34.021888732910156 (ms)
[RANK3] B @ 434.194091796875 (ms) to 473.029296875 (ms), cudaEventElapsed = 38.80140686035156 (ms)
[RANK3] F @ 474.739501953125 (ms) to 508.995361328125 (ms), cudaEventElapsed = 34.22332763671875 (ms)
[RANK3] B @ 509.08349609375 (ms) to 547.823486328125 (ms), cudaEventElapsed = 38.70719909667969 (ms)
[RANK3] F @ 549.39453125 (ms) to 583.747314453125 (ms), cudaEventElapsed = 34.317569732666016 (ms)
[RANK3] B @ 583.839599609375 (ms) to 622.9619140625 (ms), cudaEventElapsed = 39.08915328979492 (ms)
[RANK3] F @ 623.28662109375 (ms) to 657.023681640625 (ms), cudaEventElapsed = 33.70323181152344 (ms)
[RANK3] B @ 657.243408203125 (ms) to 697.01953125 (ms), cudaEventElapsed = 39.74041748046875 (ms)
[RANK3] W @ 697.19970703125 (ms) to 726.587890625 (ms), cudaEventElapsed = 19.919872283935547 (ms)
[RANK3] F @ 726.754638671875 (ms) to 760.77734375 (ms), cudaEventElapsed = 33.99097442626953 (ms)
[RANK3] B @ 760.858154296875 (ms) to 800.197998046875 (ms), cudaEventElapsed = 39.30931091308594 (ms)
[RANK3] W @ 800.46533203125 (ms) to 823.702880859375 (ms), cudaEventElapsed = 22.04262351989746 (ms)
[RANK3] F @ 863.153076171875 (ms) to 893.533203125 (ms), cudaEventElapsed = 30.338336944580078 (ms)
[RANK3] B @ 893.61669921875 (ms) to 931.178955078125 (ms), cudaEventElapsed = 37.533695220947266 (ms)
[RANK3] W @ 931.43505859375 (ms) to 954.9541015625 (ms), cudaEventElapsed = 22.27097511291504 (ms)
[RANK3] F @ 983.6396484375 (ms) to 1014.581298828125 (ms), cudaEventElapsed = 30.89971160888672 (ms)
[RANK3] B @ 1014.656005859375 (ms) to 1052.670166015625 (ms), cudaEventElapsed = 37.98527908325195 (ms)
[RANK3] W @ 1052.925537109375 (ms) to 1075.892822265625 (ms), cudaEventElapsed = 21.734399795532227 (ms)
[RANK3] F @ 1097.153076171875 (ms) to 1128.2060546875 (ms), cudaEventElapsed = 31.011999130249023 (ms)
[RANK3] B @ 1128.285400390625 (ms) to 1166.41455078125 (ms), cudaEventElapsed = 38.09996795654297 (ms)
[RANK3] 8W @ 1166.601318359375 (ms) to 1359.572021484375 (ms), cudaEventElapsed = 192.932861328125 (ms)
[RANK3] Iteration 7
[RANK3] F @ 99.45556640625 (ms) to 130.279541015625 (ms), cudaEventElapsed = 30.775360107421875 (ms)
[RANK3] B @ 130.5029296875 (ms) to 176.53173828125 (ms), cudaEventElapsed = 36.20556640625 (ms)
[RANK3] F @ 177.862548828125 (ms) to 209.527587890625 (ms), cudaEventElapsed = 31.612096786499023 (ms)
[RANK3] B @ 209.615234375 (ms) to 248.57763671875 (ms), cudaEventElapsed = 38.928382873535156 (ms)
[RANK3] F @ 249.96630859375 (ms) to 283.940185546875 (ms), cudaEventElapsed = 33.93724822998047 (ms)
[RANK3] B @ 284.052978515625 (ms) to 323.40576171875 (ms), cudaEventElapsed = 39.314430236816406 (ms)
[RANK3] F @ 324.864501953125 (ms) to 359.314208984375 (ms), cudaEventElapsed = 34.40528106689453 (ms)
[RANK3] B @ 359.431640625 (ms) to 397.94189453125 (ms), cudaEventElapsed = 38.46963119506836 (ms)
[RANK3] F @ 399.4267578125 (ms) to 433.02099609375 (ms), cudaEventElapsed = 33.558528900146484 (ms)
[RANK3] B @ 433.12060546875 (ms) to 472.00146484375 (ms), cudaEventElapsed = 38.84646224975586 (ms)
[RANK3] F @ 473.552001953125 (ms) to 507.9912109375 (ms), cudaEventElapsed = 34.40729522705078 (ms)
[RANK3] B @ 508.07470703125 (ms) to 546.870849609375 (ms), cudaEventElapsed = 38.76249694824219 (ms)
[RANK3] F @ 548.37841796875 (ms) to 582.571533203125 (ms), cudaEventElapsed = 34.15737533569336 (ms)
[RANK3] B @ 582.653076171875 (ms) to 621.890380859375 (ms), cudaEventElapsed = 39.2017936706543 (ms)
[RANK3] F @ 622.196533203125 (ms) to 656.00048828125 (ms), cudaEventElapsed = 33.77315139770508 (ms)
[RANK3] B @ 656.198486328125 (ms) to 696.24609375 (ms), cudaEventElapsed = 40.018943786621094 (ms)
[RANK3] W @ 696.42578125 (ms) to 726.895263671875 (ms), cudaEventElapsed = 19.722240447998047 (ms)
[RANK3] F @ 727.05859375 (ms) to 761.092041015625 (ms), cudaEventElapsed = 34.001792907714844 (ms)
[RANK3] B @ 761.1669921875 (ms) to 800.49853515625 (ms), cudaEventElapsed = 39.30112075805664 (ms)
[RANK3] W @ 800.73291015625 (ms) to 823.908203125 (ms), cudaEventElapsed = 22.04364776611328 (ms)
[RANK3] F @ 864.08056640625 (ms) to 894.60888671875 (ms), cudaEventElapsed = 30.49113655090332 (ms)
[RANK3] B @ 894.6875 (ms) to 932.33544921875 (ms), cudaEventElapsed = 37.6176643371582 (ms)
[RANK3] W @ 932.576416015625 (ms) to 956.213623046875 (ms), cudaEventElapsed = 22.435840606689453 (ms)
[RANK3] F @ 984.548583984375 (ms) to 1015.295166015625 (ms), cudaEventElapsed = 30.708703994750977 (ms)
[RANK3] B @ 1015.375 (ms) to 1053.233642578125 (ms), cudaEventElapsed = 37.82758331298828 (ms)
[RANK3] W @ 1053.474609375 (ms) to 1076.609619140625 (ms), cudaEventElapsed = 21.9289608001709 (ms)
[RANK3] F @ 1096.440673828125 (ms) to 1127.788818359375 (ms), cudaEventElapsed = 31.31065559387207 (ms)
[RANK3] B @ 1127.867919921875 (ms) to 1166.217041015625 (ms), cudaEventElapsed = 38.315006256103516 (ms)
[RANK3] 8W @ 1166.4033203125 (ms) to 1360.618408203125 (ms), cudaEventElapsed = 194.18112182617188 (ms)
[RANK3] Iteration 8
[RANK3] F @ 99.4296875 (ms) to 130.07763671875 (ms), cudaEventElapsed = 30.600736618041992 (ms)
[RANK3] B @ 130.286376953125 (ms) to 177.66796875 (ms), cudaEventElapsed = 36.153343200683594 (ms)
[RANK3] F @ 179.42822265625 (ms) to 211.01025390625 (ms), cudaEventElapsed = 31.540063858032227 (ms)
[RANK3] B @ 211.09228515625 (ms) to 250.08935546875 (ms), cudaEventElapsed = 38.968318939208984 (ms)
[RANK3] F @ 251.464599609375 (ms) to 285.409912109375 (ms), cudaEventElapsed = 33.91062545776367 (ms)
[RANK3] B @ 285.516357421875 (ms) to 325.33740234375 (ms), cudaEventElapsed = 39.78035354614258 (ms)
[RANK3] F @ 326.7998046875 (ms) to 361.229248046875 (ms), cudaEventElapsed = 34.39369583129883 (ms)
[RANK3] B @ 361.33837890625 (ms) to 400.0087890625 (ms), cudaEventElapsed = 38.635520935058594 (ms)
[RANK3] F @ 401.465087890625 (ms) to 435.6328125 (ms), cudaEventElapsed = 34.13411331176758 (ms)
[RANK3] B @ 435.732177734375 (ms) to 474.53125 (ms), cudaEventElapsed = 38.76454544067383 (ms)
[RANK3] F @ 476.071044921875 (ms) to 510.145263671875 (ms), cudaEventElapsed = 34.04105758666992 (ms)
[RANK3] B @ 510.231201171875 (ms) to 548.701171875 (ms), cudaEventElapsed = 38.43686294555664 (ms)
[RANK3] F @ 550.315185546875 (ms) to 584.7392578125 (ms), cudaEventElapsed = 34.38576126098633 (ms)
[RANK3] B @ 584.857421875 (ms) to 624.463623046875 (ms), cudaEventElapsed = 39.563262939453125 (ms)
[RANK3] F @ 624.818603515625 (ms) to 658.609130859375 (ms), cudaEventElapsed = 33.75049591064453 (ms)
[RANK3] B @ 658.83935546875 (ms) to 698.62109375 (ms), cudaEventElapsed = 39.7496337890625 (ms)
[RANK3] W @ 698.803955078125 (ms) to 728.487060546875 (ms), cudaEventElapsed = 20.137983322143555 (ms)
[RANK3] F @ 728.662109375 (ms) to 762.811767578125 (ms), cudaEventElapsed = 34.11782455444336 (ms)
[RANK3] B @ 762.89990234375 (ms) to 802.508056640625 (ms), cudaEventElapsed = 39.576576232910156 (ms)
[RANK3] W @ 802.766845703125 (ms) to 826.013427734375 (ms), cudaEventElapsed = 22.08563232421875 (ms)
[RANK3] F @ 865.546630859375 (ms) to 895.9697265625 (ms), cudaEventElapsed = 30.38243293762207 (ms)
[RANK3] B @ 896.046630859375 (ms) to 933.8125 (ms), cudaEventElapsed = 37.736446380615234 (ms)
[RANK3] W @ 934.084716796875 (ms) to 958.442138671875 (ms), cudaEventElapsed = 23.12396812438965 (ms)
[RANK3] F @ 987.48974609375 (ms) to 1018.85498046875 (ms), cudaEventElapsed = 31.317567825317383 (ms)
[RANK3] B @ 1018.93994140625 (ms) to 1057.17041015625 (ms), cudaEventElapsed = 38.19929504394531 (ms)
[RANK3] W @ 1057.423095703125 (ms) to 1080.5615234375 (ms), cudaEventElapsed = 21.924863815307617 (ms)
[RANK3] F @ 1099.285888671875 (ms) to 1130.8447265625 (ms), cudaEventElapsed = 31.521728515625 (ms)
[RANK3] B @ 1130.9228515625 (ms) to 1169.059814453125 (ms), cudaEventElapsed = 38.10918426513672 (ms)
[RANK3] 8W @ 1169.243408203125 (ms) to 1362.945556640625 (ms), cudaEventElapsed = 193.6670684814453 (ms)
[RANK3] Iteration 9
[RANK3] F @ 168.98828125 (ms) to 200.0400390625 (ms), cudaEventElapsed = 30.98111915588379 (ms)
[RANK3] B @ 200.276611328125 (ms) to 304.353515625 (ms), cudaEventElapsed = 35.24403381347656 (ms)
[RANK3] F @ 368.240234375 (ms) to 398.382080078125 (ms), cudaEventElapsed = 30.09164810180664 (ms)
[RANK3] B @ 398.466064453125 (ms) to 435.18896484375 (ms), cudaEventElapsed = 36.69401550292969 (ms)
[RANK3] F @ 436.5771484375 (ms) to 470.52978515625 (ms), cudaEventElapsed = 33.92124938964844 (ms)
[RANK3] B @ 470.608154296875 (ms) to 510.41259765625 (ms), cudaEventElapsed = 39.774208068847656 (ms)
[RANK3] F @ 524.3671875 (ms) to 556.21435546875 (ms), cudaEventElapsed = 31.809215545654297 (ms)
[RANK3] B @ 556.302001953125 (ms) to 595.212158203125 (ms), cudaEventElapsed = 38.87923049926758 (ms)
[RANK3] F @ 673.3671875 (ms) to 703.955078125 (ms), cudaEventElapsed = 30.53830337524414 (ms)
[RANK3] B @ 704.068115234375 (ms) to 742.9814453125 (ms), cudaEventElapsed = 38.88025665283203 (ms)
[RANK3] F @ 825.362548828125 (ms) to 856.10205078125 (ms), cudaEventElapsed = 30.694847106933594 (ms)
[RANK3] B @ 856.195068359375 (ms) to 894.33544921875 (ms), cudaEventElapsed = 38.108158111572266 (ms)
[RANK3] F @ 974.404541015625 (ms) to 1004.857421875 (ms), cudaEventElapsed = 30.410144805908203 (ms)
[RANK3] B @ 1004.945068359375 (ms) to 1043.263671875 (ms), cudaEventElapsed = 38.28736114501953 (ms)
[RANK3] F @ 1123.304443359375 (ms) to 1153.385498046875 (ms), cudaEventElapsed = 30.039295196533203 (ms)
[RANK3] B @ 1153.598876953125 (ms) to 1191.960205078125 (ms), cudaEventElapsed = 38.324222564697266 (ms)
[RANK3] W @ 1192.17138671875 (ms) to 1316.879150390625 (ms), cudaEventElapsed = 17.42233657836914 (ms)
[RANK3] F @ 1317.089111328125 (ms) to 1349.114013671875 (ms), cudaEventElapsed = 31.9901123046875 (ms)
[RANK3] B @ 1349.19482421875 (ms) to 1389.08203125 (ms), cudaEventElapsed = 39.85612869262695 (ms)
[RANK3] W @ 1389.33203125 (ms) to 1413.1904296875 (ms), cudaEventElapsed = 22.67033576965332 (ms)
[RANK3] F @ 1527.19873046875 (ms) to 1557.4912109375 (ms), cudaEventElapsed = 30.23263931274414 (ms)
[RANK3] B @ 1557.58056640625 (ms) to 1594.259521484375 (ms), cudaEventElapsed = 36.64588928222656 (ms)
[RANK3] W @ 1594.552978515625 (ms) to 1617.5478515625 (ms), cudaEventElapsed = 21.740543365478516 (ms)
[RANK3] F @ 1724.0751953125 (ms) to 1754.363037109375 (ms), cudaEventElapsed = 30.232032775878906 (ms)
[RANK3] B @ 1754.46630859375 (ms) to 1791.9453125 (ms), cudaEventElapsed = 37.44768142700195 (ms)
[RANK3] W @ 1792.21875 (ms) to 1815.28955078125 (ms), cudaEventElapsed = 21.87775993347168 (ms)
[RANK3] F @ 1905.1181640625 (ms) to 1935.31494140625 (ms), cudaEventElapsed = 30.155424118041992 (ms)
[RANK3] B @ 1935.4052734375 (ms) to 1972.99462890625 (ms), cudaEventElapsed = 37.55827331542969 (ms)
[RANK3] 8W @ 1973.19384765625 (ms) to 2167.4423828125 (ms), cudaEventElapsed = 194.2056884765625 (ms)
[RANK3] Iteration 10
[RANK3] F @ 167.124267578125 (ms) to 198.140380859375 (ms), cudaEventElapsed = 30.94313621520996 (ms)
[RANK3] B @ 198.384033203125 (ms) to 303.467041015625 (ms), cudaEventElapsed = 35.348480224609375 (ms)
[RANK3] F @ 367.717529296875 (ms) to 398.05517578125 (ms), cudaEventElapsed = 30.28278350830078 (ms)
[RANK3] B @ 398.144775390625 (ms) to 435.55419921875 (ms), cudaEventElapsed = 37.378047943115234 (ms)
[RANK3] F @ 437.06591796875 (ms) to 471.4267578125 (ms), cudaEventElapsed = 34.32844924926758 (ms)
[RANK3] B @ 471.51123046875 (ms) to 511.480224609375 (ms), cudaEventElapsed = 39.93907165527344 (ms)
[RANK3] F @ 522.895751953125 (ms) to 554.472900390625 (ms), cudaEventElapsed = 31.532127380371094 (ms)
[RANK3] B @ 554.563720703125 (ms) to 593.54736328125 (ms), cudaEventElapsed = 38.951934814453125 (ms)
[RANK3] F @ 672.19384765625 (ms) to 702.760009765625 (ms), cudaEventElapsed = 30.522464752197266 (ms)
[RANK3] B @ 702.84716796875 (ms) to 740.640380859375 (ms), cudaEventElapsed = 37.7630729675293 (ms)
[RANK3] F @ 821.070556640625 (ms) to 851.51123046875 (ms), cudaEventElapsed = 30.39811134338379 (ms)
[RANK3] B @ 851.60302734375 (ms) to 889.576904296875 (ms), cudaEventElapsed = 37.9422721862793 (ms)
[RANK3] F @ 971.28955078125 (ms) to 1001.879638671875 (ms), cudaEventElapsed = 30.541696548461914 (ms)
[RANK3] B @ 1001.96728515625 (ms) to 1040.13671875 (ms), cudaEventElapsed = 38.1399040222168 (ms)
[RANK3] F @ 1117.77099609375 (ms) to 1147.841796875 (ms), cudaEventElapsed = 30.02422332763672 (ms)
[RANK3] B @ 1148.064453125 (ms) to 1187.017578125 (ms), cudaEventElapsed = 38.92121505737305 (ms)
[RANK3] W @ 1187.2353515625 (ms) to 1309.708984375 (ms), cudaEventElapsed = 17.42233657836914 (ms)
[RANK3] F @ 1309.988037109375 (ms) to 1342.57568359375 (ms), cudaEventElapsed = 32.54716873168945 (ms)
[RANK3] B @ 1342.663818359375 (ms) to 1381.753662109375 (ms), cudaEventElapsed = 39.058433532714844 (ms)
[RANK3] W @ 1382.008544921875 (ms) to 1404.884033203125 (ms), cudaEventElapsed = 21.65555191040039 (ms)
[RANK3] F @ 1515.776611328125 (ms) to 1545.881591796875 (ms), cudaEventElapsed = 30.058080673217773 (ms)
[RANK3] B @ 1545.97021484375 (ms) to 1583.4189453125 (ms), cudaEventElapsed = 37.41593551635742 (ms)
[RANK3] W @ 1583.674072265625 (ms) to 1606.51220703125 (ms), cudaEventElapsed = 21.622783660888672 (ms)
[RANK3] F @ 1719.36181640625 (ms) to 1749.26611328125 (ms), cudaEventElapsed = 29.864608764648438 (ms)
[RANK3] B @ 1749.35986328125 (ms) to 1786.96142578125 (ms), cudaEventElapsed = 37.57158279418945 (ms)
[RANK3] W @ 1787.228759765625 (ms) to 1810.344970703125 (ms), cudaEventElapsed = 21.8286075592041 (ms)
[RANK3] F @ 1900.171875 (ms) to 1930.150390625 (ms), cudaEventElapsed = 29.938720703125 (ms)
[RANK3] B @ 1930.235107421875 (ms) to 1967.800537109375 (ms), cudaEventElapsed = 37.535743713378906 (ms)
[RANK3] 8W @ 1967.997314453125 (ms) to 2162.012939453125 (ms), cudaEventElapsed = 193.976318359375 (ms)
[RANK3] Iteration 11
[RANK3] F @ 166.308837890625 (ms) to 197.305908203125 (ms), cudaEventElapsed = 30.92416000366211 (ms)
[RANK3] B @ 197.5625 (ms) to 301.6298828125 (ms), cudaEventElapsed = 35.26144027709961 (ms)
[RANK3] F @ 365.385009765625 (ms) to 395.67138671875 (ms), cudaEventElapsed = 30.236448287963867 (ms)
[RANK3] B @ 395.762451171875 (ms) to 433.242919921875 (ms), cudaEventElapsed = 37.44870376586914 (ms)
[RANK3] F @ 434.746826171875 (ms) to 469.060302734375 (ms), cudaEventElapsed = 34.280479431152344 (ms)
[RANK3] B @ 469.184814453125 (ms) to 509.200439453125 (ms), cudaEventElapsed = 39.97798538208008 (ms)
[RANK3] F @ 520.08447265625 (ms) to 552.45849609375 (ms), cudaEventElapsed = 32.33222579956055 (ms)
[RANK3] B @ 552.549072265625 (ms) to 591.929931640625 (ms), cudaEventElapsed = 39.351295471191406 (ms)
[RANK3] F @ 669.603271484375 (ms) to 700.135009765625 (ms), cudaEventElapsed = 30.4881591796875 (ms)
[RANK3] B @ 700.22802734375 (ms) to 738.56298828125 (ms), cudaEventElapsed = 38.30374526977539 (ms)
[RANK3] F @ 819.41650390625 (ms) to 850.288818359375 (ms), cudaEventElapsed = 30.818143844604492 (ms)
[RANK3] B @ 850.39453125 (ms) to 888.732666015625 (ms), cudaEventElapsed = 38.30374526977539 (ms)
[RANK3] F @ 968.941650390625 (ms) to 1000.0380859375 (ms), cudaEventElapsed = 31.040639877319336 (ms)
[RANK3] B @ 1000.138671875 (ms) to 1038.59326171875 (ms), cudaEventElapsed = 38.412288665771484 (ms)
[RANK3] F @ 1116.023193359375 (ms) to 1146.235595703125 (ms), cudaEventElapsed = 30.160863876342773 (ms)
[RANK3] B @ 1146.447509765625 (ms) to 1184.790771484375 (ms), cudaEventElapsed = 38.30476760864258 (ms)
[RANK3] W @ 1184.975341796875 (ms) to 1308.800048828125 (ms), cudaEventElapsed = 17.42336082458496 (ms)
[RANK3] F @ 1309.03955078125 (ms) to 1340.804931640625 (ms), cudaEventElapsed = 31.725759506225586 (ms)
[RANK3] B @ 1340.89697265625 (ms) to 1380.595703125 (ms), cudaEventElapsed = 39.6677131652832 (ms)
[RANK3] W @ 1381.2177734375 (ms) to 1472.57763671875 (ms), cudaEventElapsed = 17.758207321166992 (ms)
[RANK3] F @ 1526.195068359375 (ms) to 1556.523681640625 (ms), cudaEventElapsed = 30.272703170776367 (ms)
[RANK3] B @ 1556.611572265625 (ms) to 1593.57275390625 (ms), cudaEventElapsed = 36.92851257324219 (ms)
[RANK3] W @ 1593.8916015625 (ms) to 1683.703125 (ms), cudaEventElapsed = 17.767423629760742 (ms)
[RANK3] F @ 1741.330322265625 (ms) to 1771.8662109375 (ms), cudaEventElapsed = 30.47382354736328 (ms)
[RANK3] B @ 1771.9560546875 (ms) to 1809.337890625 (ms), cudaEventElapsed = 37.3493766784668 (ms)
[RANK3] W @ 1809.62841796875 (ms) to 1899.421875 (ms), cudaEventElapsed = 17.752063751220703 (ms)
[RANK3] F @ 1956.10400390625 (ms) to 1986.24267578125 (ms), cudaEventElapsed = 30.089567184448242 (ms)
[RANK3] B @ 1986.33544921875 (ms) to 2023.600341796875 (ms), cudaEventElapsed = 37.21830368041992 (ms)
[RANK3] 8W @ 2023.810791015625 (ms) to 2281.042724609375 (ms), cudaEventElapsed = 186.39564514160156 (ms)
[RANK3] Iteration 12
[RANK3] F @ 287.526123046875 (ms) to 318.702880859375 (ms), cudaEventElapsed = 31.11187171936035 (ms)
[RANK3] B @ 318.929443359375 (ms) to 422.1240234375 (ms), cudaEventElapsed = 35.304447174072266 (ms)
[RANK3] F @ 546.38232421875 (ms) to 576.505615234375 (ms), cudaEventElapsed = 30.063648223876953 (ms)
[RANK3] B @ 576.592529296875 (ms) to 614.1689453125 (ms), cudaEventElapsed = 37.544960021972656 (ms)
[RANK3] F @ 688.265380859375 (ms) to 718.645263671875 (ms), cudaEventElapsed = 30.342592239379883 (ms)
[RANK3] B @ 718.742431640625 (ms) to 757.1455078125 (ms), cudaEventElapsed = 38.36723327636719 (ms)
[RANK3] F @ 829.20703125 (ms) to 859.69091796875 (ms), cudaEventElapsed = 30.447904586791992 (ms)
[RANK3] B @ 859.777099609375 (ms) to 897.9384765625 (ms), cudaEventElapsed = 38.128639221191406 (ms)
[RANK3] F @ 973.79248046875 (ms) to 1004.507568359375 (ms), cudaEventElapsed = 30.663232803344727 (ms)
[RANK3] B @ 1004.594482421875 (ms) to 1042.79248046875 (ms), cudaEventElapsed = 38.166526794433594 (ms)
[RANK3] F @ 1122.181884765625 (ms) to 1152.680419921875 (ms), cudaEventElapsed = 30.454208374023438 (ms)
[RANK3] B @ 1152.765625 (ms) to 1190.287109375 (ms), cudaEventElapsed = 37.49068832397461 (ms)
[RANK3] F @ 1272.115234375 (ms) to 1302.680419921875 (ms), cudaEventElapsed = 30.52627182006836 (ms)
[RANK3] B @ 1302.762451171875 (ms) to 1340.945068359375 (ms), cudaEventElapsed = 38.152191162109375 (ms)
[RANK3] F @ 1419.572021484375 (ms) to 1449.5546875 (ms), cudaEventElapsed = 29.941503524780273 (ms)
[RANK3] B @ 1449.748779296875 (ms) to 1488.052734375 (ms), cudaEventElapsed = 38.27507019042969 (ms)
[RANK3] W @ 1488.223876953125 (ms) to 1607.10498046875 (ms), cudaEventElapsed = 17.349632263183594 (ms)
[RANK3] F @ 1607.2919921875 (ms) to 1638.325927734375 (ms), cudaEventElapsed = 30.98099136352539 (ms)
[RANK3] B @ 1638.4111328125 (ms) to 1678.325439453125 (ms), cudaEventElapsed = 39.8837776184082 (ms)
[RANK3] W @ 1678.573974609375 (ms) to 1768.811767578125 (ms), cudaEventElapsed = 17.737728118896484 (ms)
[RANK3] F @ 1815.727294921875 (ms) to 1845.8935546875 (ms), cudaEventElapsed = 30.124736785888672 (ms)
[RANK3] B @ 1845.9755859375 (ms) to 1883.494140625 (ms), cudaEventElapsed = 37.48761749267578 (ms)
[RANK3] W @ 1883.7412109375 (ms) to 1973.509765625 (ms), cudaEventElapsed = 17.748992919921875 (ms)
[RANK3] F @ 2022.531494140625 (ms) to 2052.46728515625 (ms), cudaEventElapsed = 29.896608352661133 (ms)
[RANK3] B @ 2052.545166015625 (ms) to 2089.41943359375 (ms), cudaEventElapsed = 36.8455696105957 (ms)
[RANK3] W @ 2089.671142578125 (ms) to 2179.86279296875 (ms), cudaEventElapsed = 17.796096801757812 (ms)
[RANK3] F @ 2229.862548828125 (ms) to 2259.901123046875 (ms), cudaEventElapsed = 29.992544174194336 (ms)
[RANK3] B @ 2259.980224609375 (ms) to 2297.153564453125 (ms), cudaEventElapsed = 37.141502380371094 (ms)
[RANK3] 8W @ 2297.337890625 (ms) to 2554.057861328125 (ms), cudaEventElapsed = 185.9041290283203 (ms)
[RANK3] Iteration 13
[RANK3] F @ 290.001220703125 (ms) to 320.779541015625 (ms), cudaEventElapsed = 30.73027229309082 (ms)
[RANK3] B @ 320.991455078125 (ms) to 425.898681640625 (ms), cudaEventElapsed = 35.25222396850586 (ms)
[RANK3] F @ 551.011962890625 (ms) to 581.191650390625 (ms), cudaEventElapsed = 30.130495071411133 (ms)
[RANK3] B @ 581.27490234375 (ms) to 618.573974609375 (ms), cudaEventElapsed = 37.26847839355469 (ms)
[RANK3] F @ 690.603271484375 (ms) to 721.114013671875 (ms), cudaEventElapsed = 30.47439956665039 (ms)
[RANK3] B @ 721.21044921875 (ms) to 759.638671875 (ms), cudaEventElapsed = 38.3928337097168 (ms)
[RANK3] F @ 831.767578125 (ms) to 862.48828125 (ms), cudaEventElapsed = 30.67852783203125 (ms)
[RANK3] B @ 862.575439453125 (ms) to 901.073486328125 (ms), cudaEventElapsed = 38.46758270263672 (ms)
[RANK3] F @ 976.67041015625 (ms) to 1007.22998046875 (ms), cudaEventElapsed = 30.5118408203125 (ms)
[RANK3] B @ 1007.313720703125 (ms) to 1044.754638671875 (ms), cudaEventElapsed = 37.41183853149414 (ms)
[RANK3] F @ 1125.1181640625 (ms) to 1155.647705078125 (ms), cudaEventElapsed = 30.482431411743164 (ms)
[RANK3] B @ 1155.73291015625 (ms) to 1194.062255859375 (ms), cudaEventElapsed = 38.3006706237793 (ms)
[RANK3] F @ 1274.23583984375 (ms) to 1304.7783203125 (ms), cudaEventElapsed = 30.498271942138672 (ms)
[RANK3] B @ 1304.863525390625 (ms) to 1343.425537109375 (ms), cudaEventElapsed = 38.53004837036133 (ms)
[RANK3] F @ 1423.46826171875 (ms) to 1453.47509765625 (ms), cudaEventElapsed = 29.964767456054688 (ms)
[RANK3] B @ 1453.67919921875 (ms) to 1492.329833984375 (ms), cudaEventElapsed = 38.62015914916992 (ms)
[RANK3] W @ 1492.50732421875 (ms) to 1611.684814453125 (ms), cudaEventElapsed = 17.38751983642578 (ms)
[RANK3] F @ 1611.880126953125 (ms) to 1644.55224609375 (ms), cudaEventElapsed = 32.63827133178711 (ms)
[RANK3] B @ 1644.630859375 (ms) to 1683.90478515625 (ms), cudaEventElapsed = 39.2437744140625 (ms)
[RANK3] W @ 1684.166259765625 (ms) to 1774.5615234375 (ms), cudaEventElapsed = 17.738752365112305 (ms)
[RANK3] F @ 1821.66357421875 (ms) to 1851.837890625 (ms), cudaEventElapsed = 30.12950325012207 (ms)
[RANK3] B @ 1851.9228515625 (ms) to 1889.65185546875 (ms), cudaEventElapsed = 37.69855880737305 (ms)
[RANK3] W @ 1889.92333984375 (ms) to 1980.376953125 (ms), cudaEventElapsed = 17.755136489868164 (ms)
[RANK3] F @ 2029.185302734375 (ms) to 2059.48828125 (ms), cudaEventElapsed = 30.252416610717773 (ms)
[RANK3] B @ 2059.5673828125 (ms) to 2096.833984375 (ms), cudaEventElapsed = 37.23673629760742 (ms)
[RANK3] W @ 2097.086181640625 (ms) to 2187.12451171875 (ms), cudaEventElapsed = 17.787904739379883 (ms)
[RANK3] F @ 2236.59033203125 (ms) to 2266.80517578125 (ms), cudaEventElapsed = 30.171775817871094 (ms)
[RANK3] B @ 2266.883544921875 (ms) to 2303.627685546875 (ms), cudaEventElapsed = 36.713470458984375 (ms)
[RANK3] 8W @ 2303.816650390625 (ms) to 2560.964599609375 (ms), cudaEventElapsed = 186.46322631835938 (ms)
[RANK3] Iteration 14
[RANK3] F @ 290.450927734375 (ms) to 321.226806640625 (ms), cudaEventElapsed = 30.71241569519043 (ms)
[RANK3] B @ 321.46337890625 (ms) to 424.724853515625 (ms), cudaEventElapsed = 35.19590377807617 (ms)
[RANK3] F @ 548.275390625 (ms) to 578.365478515625 (ms), cudaEventElapsed = 30.04368019104004 (ms)
[RANK3] B @ 578.447509765625 (ms) to 615.214599609375 (ms), cudaEventElapsed = 36.736000061035156 (ms)
[RANK3] F @ 687.27880859375 (ms) to 717.727294921875 (ms), cudaEventElapsed = 30.41119956970215 (ms)
[RANK3] B @ 717.820556640625 (ms) to 755.849365234375 (ms), cudaEventElapsed = 37.995521545410156 (ms)
[RANK3] F @ 828.04345703125 (ms) to 858.62646484375 (ms), cudaEventElapsed = 30.544960021972656 (ms)
[RANK3] B @ 858.7080078125 (ms) to 896.323974609375 (ms), cudaEventElapsed = 37.58796691894531 (ms)
[RANK3] F @ 972.989990234375 (ms) to 1003.43505859375 (ms), cudaEventElapsed = 30.401344299316406 (ms)
[RANK3] B @ 1003.520751953125 (ms) to 1042.2939453125 (ms), cudaEventElapsed = 38.743038177490234 (ms)
[RANK3] F @ 1122.332763671875 (ms) to 1153.08447265625 (ms), cudaEventElapsed = 30.7096004486084 (ms)
[RANK3] B @ 1153.1669921875 (ms) to 1191.928955078125 (ms), cudaEventElapsed = 38.730751037597656 (ms)
[RANK3] F @ 1272.292724609375 (ms) to 1302.780029296875 (ms), cudaEventElapsed = 30.445344924926758 (ms)
[RANK3] B @ 1302.868896484375 (ms) to 1341.767822265625 (ms), cudaEventElapsed = 38.86796951293945 (ms)
[RANK3] F @ 1420.627197265625 (ms) to 1450.775390625 (ms), cudaEventElapsed = 30.106943130493164 (ms)
[RANK3] B @ 1450.97314453125 (ms) to 1489.23583984375 (ms), cudaEventElapsed = 38.233089447021484 (ms)
[RANK3] W @ 1489.410400390625 (ms) to 1607.252685546875 (ms), cudaEventElapsed = 17.479679107666016 (ms)
[RANK3] F @ 1607.48681640625 (ms) to 1639.430908203125 (ms), cudaEventElapsed = 31.893983840942383 (ms)
[RANK3] B @ 1639.51123046875 (ms) to 1678.532470703125 (ms), cudaEventElapsed = 38.98982238769531 (ms)
[RANK3] W @ 1678.796142578125 (ms) to 1769.82470703125 (ms), cudaEventElapsed = 17.803264617919922 (ms)
[RANK3] F @ 1816.5205078125 (ms) to 1846.690673828125 (ms), cudaEventElapsed = 30.11952018737793 (ms)
[RANK3] B @ 1846.778564453125 (ms) to 1884.09912109375 (ms), cudaEventElapsed = 37.28895950317383 (ms)
[RANK3] W @ 1884.371337890625 (ms) to 1974.2734375 (ms), cudaEventElapsed = 17.786880493164062 (ms)
[RANK3] F @ 2023.4794921875 (ms) to 2053.669921875 (ms), cudaEventElapsed = 30.148639678955078 (ms)
[RANK3] B @ 2053.754638671875 (ms) to 2091.167236328125 (ms), cudaEventElapsed = 37.382144927978516 (ms)
[RANK3] W @ 2091.422119140625 (ms) to 2181.137451171875 (ms), cudaEventElapsed = 17.776639938354492 (ms)
[RANK3] F @ 2230.42626953125 (ms) to 2260.554931640625 (ms), cudaEventElapsed = 30.086240768432617 (ms)
[RANK3] B @ 2260.630126953125 (ms) to 2297.69384765625 (ms), cudaEventElapsed = 37.03398513793945 (ms)
[RANK3] 8W @ 2297.883544921875 (ms) to 2556.349365234375 (ms), cudaEventElapsed = 187.17184448242188 (ms)
[RANK3] Iteration 15
[RANK3] F @ 288.819091796875 (ms) to 319.524658203125 (ms), cudaEventElapsed = 30.659711837768555 (ms)
[RANK3] B @ 319.7470703125 (ms) to 423.772216796875 (ms), cudaEventElapsed = 35.13139343261719 (ms)
[RANK3] F @ 547.952392578125 (ms) to 578.282958984375 (ms), cudaEventElapsed = 30.272672653198242 (ms)
[RANK3] B @ 578.36376953125 (ms) to 615.17724609375 (ms), cudaEventElapsed = 36.783103942871094 (ms)
[RANK3] F @ 687.7685546875 (ms) to 718.23974609375 (ms), cudaEventElapsed = 30.435007095336914 (ms)
[RANK3] B @ 718.33447265625 (ms) to 756.12060546875 (ms), cudaEventElapsed = 37.752830505371094 (ms)
[RANK3] F @ 828.398193359375 (ms) to 858.926513671875 (ms), cudaEventElapsed = 30.4901123046875 (ms)
[RANK3] B @ 859.01025390625 (ms) to 897.2861328125 (ms), cudaEventElapsed = 38.24639892578125 (ms)
[RANK3] F @ 975.21044921875 (ms) to 1005.765625 (ms), cudaEventElapsed = 30.50579261779785 (ms)
[RANK3] B @ 1005.855224609375 (ms) to 1044.00927734375 (ms), cudaEventElapsed = 38.12249755859375 (ms)
[RANK3] F @ 1121.4375 (ms) to 1152.029541015625 (ms), cudaEventElapsed = 30.543615341186523 (ms)
[RANK3] B @ 1152.118408203125 (ms) to 1190.475341796875 (ms), cudaEventElapsed = 38.32320022583008 (ms)
[RANK3] F @ 1271.0126953125 (ms) to 1301.474365234375 (ms), cudaEventElapsed = 30.416255950927734 (ms)
[RANK3] B @ 1301.564453125 (ms) to 1340.345947265625 (ms), cudaEventElapsed = 38.749183654785156 (ms)
[RANK3] F @ 1419.373046875 (ms) to 1449.522216796875 (ms), cudaEventElapsed = 30.10108757019043 (ms)
[RANK3] B @ 1449.730224609375 (ms) to 1488.0400390625 (ms), cudaEventElapsed = 38.27097702026367 (ms)
[RANK3] W @ 1488.215576171875 (ms) to 1605.885986328125 (ms), cudaEventElapsed = 17.39468765258789 (ms)
[RANK3] F @ 1606.0849609375 (ms) to 1637.87158203125 (ms), cudaEventElapsed = 31.749792098999023 (ms)
[RANK3] B @ 1637.95361328125 (ms) to 1677.116943359375 (ms), cudaEventElapsed = 39.133182525634766 (ms)
[RANK3] W @ 1677.366455078125 (ms) to 1768.33349609375 (ms), cudaEventElapsed = 17.77459144592285 (ms)
[RANK3] F @ 1814.875732421875 (ms) to 1845.026611328125 (ms), cudaEventElapsed = 30.107040405273438 (ms)
[RANK3] B @ 1845.11181640625 (ms) to 1882.31494140625 (ms), cudaEventElapsed = 37.17222213745117 (ms)
[RANK3] W @ 1882.582275390625 (ms) to 1972.546875 (ms), cudaEventElapsed = 17.778688430786133 (ms)
[RANK3] F @ 2021.7177734375 (ms) to 2051.963134765625 (ms), cudaEventElapsed = 30.191551208496094 (ms)
[RANK3] B @ 2052.045654296875 (ms) to 2089.592041015625 (ms), cudaEventElapsed = 37.515262603759766 (ms)
[RANK3] W @ 2089.865478515625 (ms) to 2180.250732421875 (ms), cudaEventElapsed = 17.803264617919922 (ms)
[RANK3] F @ 2230.365966796875 (ms) to 2260.575439453125 (ms), cudaEventElapsed = 30.16409683227539 (ms)
[RANK3] B @ 2260.656982421875 (ms) to 2298.579345703125 (ms), cudaEventElapsed = 37.89209747314453 (ms)
[RANK3] 8W @ 2298.780517578125 (ms) to 2555.111572265625 (ms), cudaEventElapsed = 184.35891723632812 (ms)
[RANK3] Iteration 16
[RANK3] F @ 225.32373046875 (ms) to 254.4873046875 (ms), cudaEventElapsed = 29.111520767211914 (ms)
[RANK3] F @ 321.626708984375 (ms) to 350.775634765625 (ms), cudaEventElapsed = 29.107967376708984 (ms)
[RANK3] F @ 420.038818359375 (ms) to 448.930908203125 (ms), cudaEventElapsed = 28.85331153869629 (ms)
[RANK3] F @ 518.0537109375 (ms) to 547.1484375 (ms), cudaEventElapsed = 29.054943084716797 (ms)
[RANK3] F @ 616.253173828125 (ms) to 645.224853515625 (ms), cudaEventElapsed = 28.933120727539062 (ms)
[RANK3] F @ 714.61181640625 (ms) to 743.65966796875 (ms), cudaEventElapsed = 29.00921630859375 (ms)
[RANK3] F @ 813.664306640625 (ms) to 842.486328125 (ms), cudaEventElapsed = 28.77440071105957 (ms)
[RANK3] F @ 911.618896484375 (ms) to 940.01513671875 (ms), cudaEventElapsed = 28.357696533203125 (ms)
[RANK3] F @ 1011.083984375 (ms) to 1039.7822265625 (ms), cudaEventElapsed = 28.635744094848633 (ms)
[RANK3] F @ 1109.19580078125 (ms) to 1138.172607421875 (ms), cudaEventElapsed = 28.904415130615234 (ms)
[RANK3] F @ 1207.142333984375 (ms) to 1235.936767578125 (ms), cudaEventElapsed = 28.726015090942383 (ms)
[RANK3] F @ 1305.030517578125 (ms) to 1333.97314453125 (ms), cudaEventElapsed = 28.88159942626953 (ms)
