[RANK0] Iteration 1
[RANK0] F @ 2.598876953125 (ms) to 520.966796875 (ms), cudaEventElapsed = 518.302734375 (ms)
[RANK0] F @ 521.74072265625 (ms) to 547.97509765625 (ms), cudaEventElapsed = 26.207231521606445 (ms)
[RANK0] F @ 548.664306640625 (ms) to 576.1923828125 (ms), cudaEventElapsed = 27.503616333007812 (ms)
[RANK0] F @ 576.87548828125 (ms) to 605.198974609375 (ms), cudaEventElapsed = 28.299264907836914 (ms)
[RANK0] F @ 606.73046875 (ms) to 634.944580078125 (ms), cudaEventElapsed = 28.183551788330078 (ms)
[RANK0] F @ 635.61669921875 (ms) to 663.203369140625 (ms), cudaEventElapsed = 27.561983108520508 (ms)
[RANK0] F @ 663.878662109375 (ms) to 691.92138671875 (ms), cudaEventElapsed = 28.018688201904297 (ms)
[RANK0] B @ 1668.295166015625 (ms) to 1757.137939453125 (ms), cudaEventElapsed = 88.81561279296875 (ms)
[RANK0] F @ 1757.408203125 (ms) to 1782.494873046875 (ms), cudaEventElapsed = 25.060352325439453 (ms)
[RANK0] B @ 1783.823974609375 (ms) to 1817.778076171875 (ms), cudaEventElapsed = 33.92716979980469 (ms)
[RANK0] F @ 1818.345703125 (ms) to 1845.01025390625 (ms), cudaEventElapsed = 26.632192611694336 (ms)
[RANK0] B @ 1846.326171875 (ms) to 1881.578369140625 (ms), cudaEventElapsed = 35.22662353515625 (ms)
[RANK0] F @ 1881.793701171875 (ms) to 1908.139892578125 (ms), cudaEventElapsed = 26.32089614868164 (ms)
[RANK0] B @ 1909.47119140625 (ms) to 1945.0947265625 (ms), cudaEventElapsed = 35.60038375854492 (ms)
[RANK0] F @ 1945.28759765625 (ms) to 1971.999267578125 (ms), cudaEventElapsed = 26.688512802124023 (ms)
[RANK0] B @ 1981.402587890625 (ms) to 2015.646728515625 (ms), cudaEventElapsed = 34.22208023071289 (ms)
[RANK0] F @ 2015.83544921875 (ms) to 2041.099609375 (ms), cudaEventElapsed = 25.241600036621094 (ms)
[RANK0] B @ 2062.265625 (ms) to 2096.978271484375 (ms), cudaEventElapsed = 34.69004821777344 (ms)
[RANK0] W @ 2097.265625 (ms) to 2111.91259765625 (ms), cudaEventElapsed = 14.625791549682617 (ms)
[RANK0] B @ 2139.239990234375 (ms) to 2171.389404296875 (ms), cudaEventElapsed = 32.129024505615234 (ms)
[RANK0] W @ 2171.662109375 (ms) to 2185.3583984375 (ms), cudaEventElapsed = 13.675519943237305 (ms)
[RANK0] B @ 2219.927734375 (ms) to 2251.611083984375 (ms), cudaEventElapsed = 31.662080764770508 (ms)
[RANK0] W @ 2251.888916015625 (ms) to 2265.404296875 (ms), cudaEventElapsed = 13.494272232055664 (ms)
[RANK0] B @ 2289.631103515625 (ms) to 2321.77490234375 (ms), cudaEventElapsed = 32.121856689453125 (ms)
[RANK0] W @ 2322.09130859375 (ms) to 2336.009033203125 (ms), cudaEventElapsed = 13.89465618133545 (ms)
[RANK0] B @ 2365.5458984375 (ms) to 2397.659912109375 (ms), cudaEventElapsed = 32.090110778808594 (ms)
[RANK0] W @ 2397.960693359375 (ms) to 2411.88818359375 (ms), cudaEventElapsed = 13.903871536254883 (ms)
[RANK0] B @ 2428.638427734375 (ms) to 2460.847412109375 (ms), cudaEventElapsed = 32.182273864746094 (ms)
[RANK0] W @ 2461.12060546875 (ms) to 2475.25439453125 (ms), cudaEventElapsed = 14.111743927001953 (ms)
[RANK0] B @ 2493.626220703125 (ms) to 2526.28173828125 (ms), cudaEventElapsed = 32.635902404785156 (ms)
[RANK0] 6W @ 2527.354736328125 (ms) to 2619.579345703125 (ms), cudaEventElapsed = 92.19993591308594 (ms)
[RANK0] Iteration 2
[RANK0] F @ 1.075439453125 (ms) to 26.227783203125 (ms), cudaEventElapsed = 25.12486457824707 (ms)
[RANK0] F @ 26.979736328125 (ms) to 52.028564453125 (ms), cudaEventElapsed = 25.026559829711914 (ms)
[RANK0] F @ 52.69580078125 (ms) to 79.99169921875 (ms), cudaEventElapsed = 27.273216247558594 (ms)
[RANK0] F @ 80.6875 (ms) to 108.92041015625 (ms), cudaEventElapsed = 28.206079483032227 (ms)
[RANK0] F @ 109.608642578125 (ms) to 137.421142578125 (ms), cudaEventElapsed = 27.788288116455078 (ms)
[RANK0] F @ 138.094970703125 (ms) to 166.028076171875 (ms), cudaEventElapsed = 27.907072067260742 (ms)
[RANK0] F @ 166.712890625 (ms) to 194.384521484375 (ms), cudaEventElapsed = 27.644927978515625 (ms)
[RANK0] B @ 385.19091796875 (ms) to 418.434814453125 (ms), cudaEventElapsed = 33.21651077270508 (ms)
[RANK0] F @ 418.67626953125 (ms) to 444.68994140625 (ms), cudaEventElapsed = 25.988096237182617 (ms)
[RANK0] B @ 470.1962890625 (ms) to 503.91064453125 (ms), cudaEventElapsed = 33.69062423706055 (ms)
[RANK0] F @ 504.11279296875 (ms) to 530.27099609375 (ms), cudaEventElapsed = 26.13555145263672 (ms)
[RANK0] B @ 554.392333984375 (ms) to 717.197265625 (ms), cudaEventElapsed = 162.7791290283203 (ms)
[RANK0] F @ 717.516845703125 (ms) to 742.9609375 (ms), cudaEventElapsed = 25.417728424072266 (ms)
[RANK0] B @ 744.726806640625 (ms) to 779.864013671875 (ms), cudaEventElapsed = 35.11296081542969 (ms)
[RANK0] F @ 780.07275390625 (ms) to 807.894287109375 (ms), cudaEventElapsed = 27.796480178833008 (ms)
[RANK0] B @ 809.19189453125 (ms) to 845.68212890625 (ms), cudaEventElapsed = 36.4666862487793 (ms)
[RANK0] F @ 845.899169921875 (ms) to 872.8466796875 (ms), cudaEventElapsed = 26.92300796508789 (ms)
[RANK0] B @ 874.16015625 (ms) to 910.218994140625 (ms), cudaEventElapsed = 36.03558349609375 (ms)
[RANK0] W @ 910.5283203125 (ms) to 927.299560546875 (ms), cudaEventElapsed = 16.747520446777344 (ms)
[RANK0] B @ 928.17333984375 (ms) to 964.549560546875 (ms), cudaEventElapsed = 36.35404968261719 (ms)
[RANK0] W @ 964.839599609375 (ms) to 982.4990234375 (ms), cudaEventElapsed = 17.63532829284668 (ms)
[RANK0] B @ 998.110107421875 (ms) to 1032.850830078125 (ms), cudaEventElapsed = 34.71974563598633 (ms)
[RANK0] W @ 1033.135986328125 (ms) to 1049.5771484375 (ms), cudaEventElapsed = 16.41881561279297 (ms)
[RANK0] B @ 1082.90478515625 (ms) to 1116.280517578125 (ms), cudaEventElapsed = 33.35475158691406 (ms)
[RANK0] W @ 1116.5703125 (ms) to 1132.02099609375 (ms), cudaEventElapsed = 15.429632186889648 (ms)
[RANK0] B @ 1164.730712890625 (ms) to 1198.093505859375 (ms), cudaEventElapsed = 33.335296630859375 (ms)
[RANK0] W @ 1198.40283203125 (ms) to 1213.427001953125 (ms), cudaEventElapsed = 15.00160026550293 (ms)
[RANK0] B @ 1240.4267578125 (ms) to 1273.874755859375 (ms), cudaEventElapsed = 33.42643356323242 (ms)
[RANK0] W @ 1274.686279296875 (ms) to 1290.530029296875 (ms), cudaEventElapsed = 15.81875228881836 (ms)
[RANK0] B @ 1314.397216796875 (ms) to 1350.1416015625 (ms), cudaEventElapsed = 35.721214294433594 (ms)
[RANK0] 6W @ 1350.91162109375 (ms) to 1465.1220703125 (ms), cudaEventElapsed = 114.18009948730469 (ms)
[RANK0] Iteration 3
[RANK0] F @ 0.7939453125 (ms) to 26.056884765625 (ms), cudaEventElapsed = 25.232383728027344 (ms)
[RANK0] F @ 26.74560546875 (ms) to 52.4501953125 (ms), cudaEventElapsed = 25.68191909790039 (ms)
[RANK0] F @ 53.126220703125 (ms) to 80.7568359375 (ms), cudaEventElapsed = 27.609088897705078 (ms)
[RANK0] F @ 81.43408203125 (ms) to 109.480712890625 (ms), cudaEventElapsed = 28.024831771850586 (ms)
[RANK0] F @ 110.140625 (ms) to 138.1494140625 (ms), cudaEventElapsed = 27.985919952392578 (ms)
[RANK0] F @ 138.839599609375 (ms) to 166.640625 (ms), cudaEventElapsed = 27.777023315429688 (ms)
[RANK0] F @ 167.3271484375 (ms) to 195.148681640625 (ms), cudaEventElapsed = 27.7893123626709 (ms)
[RANK0] B @ 294.485595703125 (ms) to 327.63134765625 (ms), cudaEventElapsed = 33.119232177734375 (ms)
[RANK0] F @ 327.85595703125 (ms) to 353.877197265625 (ms), cudaEventElapsed = 25.997312545776367 (ms)
[RANK0] B @ 381.93017578125 (ms) to 415.5703125 (ms), cudaEventElapsed = 33.61689758300781 (ms)
[RANK0] F @ 415.8154296875 (ms) to 441.4375 (ms), cudaEventElapsed = 25.596927642822266 (ms)
[RANK0] B @ 466.03564453125 (ms) to 499.668212890625 (ms), cudaEventElapsed = 33.60665512084961 (ms)
[RANK0] F @ 499.91748046875 (ms) to 525.63134765625 (ms), cudaEventElapsed = 25.687040328979492 (ms)
[RANK0] B @ 549.314208984375 (ms) to 582.848388671875 (ms), cudaEventElapsed = 33.505279541015625 (ms)
[RANK0] F @ 583.0703125 (ms) to 610.133056640625 (ms), cudaEventElapsed = 27.037696838378906 (ms)
[RANK0] B @ 632.552490234375 (ms) to 666.21533203125 (ms), cudaEventElapsed = 33.63737487792969 (ms)
[RANK0] F @ 666.44677734375 (ms) to 692.953857421875 (ms), cudaEventElapsed = 26.480640411376953 (ms)
[RANK0] B @ 718.214111328125 (ms) to 751.98876953125 (ms), cudaEventElapsed = 33.75001525878906 (ms)
[RANK0] W @ 752.29443359375 (ms) to 768.23486328125 (ms), cudaEventElapsed = 15.916031837463379 (ms)
[RANK0] B @ 801.237060546875 (ms) to 834.850830078125 (ms), cudaEventElapsed = 33.58924865722656 (ms)
[RANK0] W @ 835.1513671875 (ms) to 850.809814453125 (ms), cudaEventElapsed = 15.635456085205078 (ms)
[RANK0] B @ 907.33544921875 (ms) to 940.56982421875 (ms), cudaEventElapsed = 33.21036911010742 (ms)
[RANK0] W @ 940.863037109375 (ms) to 955.952880859375 (ms), cudaEventElapsed = 15.065088272094727 (ms)
[RANK0] B @ 977.93505859375 (ms) to 1011.770263671875 (ms), cudaEventElapsed = 33.81248092651367 (ms)
[RANK0] W @ 1012.07373046875 (ms) to 1028.215087890625 (ms), cudaEventElapsed = 16.116735458374023 (ms)
[RANK0] B @ 1057.620361328125 (ms) to 1091.317138671875 (ms), cudaEventElapsed = 33.6732177734375 (ms)
[RANK0] W @ 1091.636962890625 (ms) to 1107.6337890625 (ms), cudaEventElapsed = 15.972352027893066 (ms)
[RANK0] B @ 1132.379638671875 (ms) to 1166.146728515625 (ms), cudaEventElapsed = 33.74591827392578 (ms)
[RANK0] W @ 1166.985107421875 (ms) to 1182.892333984375 (ms), cudaEventElapsed = 15.88326358795166 (ms)
[RANK0] B @ 1207.568115234375 (ms) to 1241.22998046875 (ms), cudaEventElapsed = 33.64044952392578 (ms)
[RANK0] 6W @ 1242.015380859375 (ms) to 1357.76025390625 (ms), cudaEventElapsed = 115.71814727783203 (ms)
[RANK0] Iteration 4
[RANK0] F @ 1.047119140625 (ms) to 25.91552734375 (ms), cudaEventElapsed = 24.837120056152344 (ms)
[RANK0] F @ 26.61181640625 (ms) to 52.256103515625 (ms), cudaEventElapsed = 25.621503829956055 (ms)
[RANK0] F @ 52.9326171875 (ms) to 80.191162109375 (ms), cudaEventElapsed = 27.232255935668945 (ms)
[RANK0] F @ 80.8994140625 (ms) to 108.689208984375 (ms), cudaEventElapsed = 27.76371192932129 (ms)
[RANK0] F @ 109.366943359375 (ms) to 137.405029296875 (ms), cudaEventElapsed = 28.011520385742188 (ms)
[RANK0] F @ 138.12646484375 (ms) to 165.84228515625 (ms), cudaEventElapsed = 27.691007614135742 (ms)
[RANK0] F @ 166.568603515625 (ms) to 194.646240234375 (ms), cudaEventElapsed = 28.048383712768555 (ms)
[RANK0] B @ 295.649169921875 (ms) to 328.83203125 (ms), cudaEventElapsed = 33.158145904541016 (ms)
[RANK0] F @ 329.072021484375 (ms) to 355.15087890625 (ms), cudaEventElapsed = 26.053632736206055 (ms)
[RANK0] B @ 381.364990234375 (ms) to 415.078369140625 (ms), cudaEventElapsed = 33.688575744628906 (ms)
[RANK0] F @ 415.300537109375 (ms) to 441.2919921875 (ms), cudaEventElapsed = 25.967615127563477 (ms)
[RANK0] B @ 464.62255859375 (ms) to 498.409912109375 (ms), cudaEventElapsed = 33.76230239868164 (ms)
[RANK0] F @ 498.6259765625 (ms) to 524.26611328125 (ms), cudaEventElapsed = 25.614336013793945 (ms)
[RANK0] B @ 549.037841796875 (ms) to 582.705322265625 (ms), cudaEventElapsed = 33.6445426940918 (ms)
[RANK0] F @ 582.921875 (ms) to 609.4716796875 (ms), cudaEventElapsed = 26.52672004699707 (ms)
[RANK0] B @ 632.315185546875 (ms) to 666.127197265625 (ms), cudaEventElapsed = 33.78995132446289 (ms)
[RANK0] F @ 666.341064453125 (ms) to 692.827880859375 (ms), cudaEventElapsed = 26.463232040405273 (ms)
[RANK0] B @ 715.993896484375 (ms) to 749.553466796875 (ms), cudaEventElapsed = 33.5359992980957 (ms)
[RANK0] W @ 749.856201171875 (ms) to 765.166748046875 (ms), cudaEventElapsed = 15.287296295166016 (ms)
[RANK0] B @ 801.162841796875 (ms) to 834.65234375 (ms), cudaEventElapsed = 33.46739196777344 (ms)
[RANK0] W @ 834.9541015625 (ms) to 850.538330078125 (ms), cudaEventElapsed = 15.561727523803711 (ms)
[RANK0] B @ 910.369873046875 (ms) to 943.547607421875 (ms), cudaEventElapsed = 33.156097412109375 (ms)
[RANK0] W @ 943.842529296875 (ms) to 959.061279296875 (ms), cudaEventElapsed = 15.193087577819824 (ms)
[RANK0] B @ 982.71142578125 (ms) to 1016.583740234375 (ms), cudaEventElapsed = 33.85036849975586 (ms)
[RANK0] W @ 1016.89501953125 (ms) to 1032.92626953125 (ms), cudaEventElapsed = 16.00819206237793 (ms)
[RANK0] B @ 1059.086669921875 (ms) to 1092.814208984375 (ms), cudaEventElapsed = 33.702911376953125 (ms)
[RANK0] W @ 1093.168212890625 (ms) to 1109.28955078125 (ms), cudaEventElapsed = 16.094207763671875 (ms)
[RANK0] B @ 1132.896240234375 (ms) to 1166.74658203125 (ms), cudaEventElapsed = 33.82886505126953 (ms)
[RANK0] W @ 1167.804443359375 (ms) to 1184.093505859375 (ms), cudaEventElapsed = 16.261119842529297 (ms)
[RANK0] B @ 1207.564208984375 (ms) to 1241.437744140625 (ms), cudaEventElapsed = 33.85139083862305 (ms)
[RANK0] 6W @ 1242.25 (ms) to 1356.724853515625 (ms), cudaEventElapsed = 114.44735717773438 (ms)
[RANK0] Iteration 5
[RANK0] F @ 1.05859375 (ms) to 25.96875 (ms), cudaEventElapsed = 24.88217544555664 (ms)
[RANK0] F @ 26.639404296875 (ms) to 52.11279296875 (ms), cudaEventElapsed = 25.450496673583984 (ms)
[RANK0] F @ 52.787353515625 (ms) to 80.508056640625 (ms), cudaEventElapsed = 27.689983367919922 (ms)
[RANK0] F @ 81.208251953125 (ms) to 108.926513671875 (ms), cudaEventElapsed = 27.693056106567383 (ms)
[RANK0] F @ 109.611328125 (ms) to 137.705078125 (ms), cudaEventElapsed = 28.068864822387695 (ms)
[RANK0] F @ 138.7880859375 (ms) to 166.49951171875 (ms), cudaEventElapsed = 27.671552658081055 (ms)
[RANK0] F @ 167.16357421875 (ms) to 195.31103515625 (ms), cudaEventElapsed = 28.10163116455078 (ms)
[RANK0] B @ 413.284912109375 (ms) to 446.523681640625 (ms), cudaEventElapsed = 33.21343994140625 (ms)
[RANK0] F @ 446.75146484375 (ms) to 472.57080078125 (ms), cudaEventElapsed = 25.793535232543945 (ms)
[RANK0] B @ 496.95556640625 (ms) to 530.53076171875 (ms), cudaEventElapsed = 33.551361083984375 (ms)
[RANK0] F @ 530.750732421875 (ms) to 557.384033203125 (ms), cudaEventElapsed = 26.608640670776367 (ms)
[RANK0] B @ 581.180419921875 (ms) to 615.095458984375 (ms), cudaEventElapsed = 33.889278411865234 (ms)
[RANK0] F @ 615.34228515625 (ms) to 641.7470703125 (ms), cudaEventElapsed = 26.37926483154297 (ms)
[RANK0] B @ 689.24951171875 (ms) to 722.543212890625 (ms), cudaEventElapsed = 33.270782470703125 (ms)
[RANK0] F @ 722.763916015625 (ms) to 748.58203125 (ms), cudaEventElapsed = 25.789440155029297 (ms)
[RANK0] B @ 777.848388671875 (ms) to 811.30224609375 (ms), cudaEventElapsed = 33.4284782409668 (ms)
[RANK0] F @ 811.53369140625 (ms) to 838.298095703125 (ms), cudaEventElapsed = 26.73868751525879 (ms)
[RANK0] B @ 865.809326171875 (ms) to 899.48974609375 (ms), cudaEventElapsed = 33.65683364868164 (ms)
[RANK0] W @ 899.807861328125 (ms) to 915.400390625 (ms), cudaEventElapsed = 15.568896293640137 (ms)
[RANK0] B @ 965.5302734375 (ms) to 998.790283203125 (ms), cudaEventElapsed = 33.23699188232422 (ms)
[RANK0] W @ 999.13623046875 (ms) to 1014.43359375 (ms), cudaEventElapsed = 15.27295970916748 (ms)
[RANK0] B @ 1083.87939453125 (ms) to 1117.093994140625 (ms), cudaEventElapsed = 33.19193649291992 (ms)
[RANK0] W @ 1117.422119140625 (ms) to 1132.757568359375 (ms), cudaEventElapsed = 15.311871528625488 (ms)
[RANK0] B @ 1151.515625 (ms) to 1185.640625 (ms), cudaEventElapsed = 34.102272033691406 (ms)
[RANK0] W @ 1185.960205078125 (ms) to 1202.238037109375 (ms), cudaEventElapsed = 16.253952026367188 (ms)
[RANK0] B @ 1240.703857421875 (ms) to 1274.161376953125 (ms), cudaEventElapsed = 33.43564987182617 (ms)
[RANK0] W @ 1274.484619140625 (ms) to 1290.253173828125 (ms), cudaEventElapsed = 15.744000434875488 (ms)
[RANK0] B @ 1333.49658203125 (ms) to 1366.7099609375 (ms), cudaEventElapsed = 33.18988800048828 (ms)
[RANK0] W @ 1367.041259765625 (ms) to 1382.291748046875 (ms), cudaEventElapsed = 15.223808288574219 (ms)
[RANK0] B @ 1424.7236328125 (ms) to 1458.05908203125 (ms), cudaEventElapsed = 33.31379318237305 (ms)
[RANK0] 6W @ 1459.43408203125 (ms) to 1572.275634765625 (ms), cudaEventElapsed = 112.8089599609375 (ms)
[RANK0] Iteration 6
[RANK0] F @ 0.826171875 (ms) to 25.989990234375 (ms), cudaEventElapsed = 25.135103225708008 (ms)
[RANK0] F @ 26.665771484375 (ms) to 52.44873046875 (ms), cudaEventElapsed = 25.75974464416504 (ms)
[RANK0] F @ 53.135009765625 (ms) to 80.892333984375 (ms), cudaEventElapsed = 27.73299217224121 (ms)
[RANK0] F @ 81.5830078125 (ms) to 109.57373046875 (ms), cudaEventElapsed = 27.96544075012207 (ms)
[RANK0] F @ 110.23876953125 (ms) to 138.483642578125 (ms), cudaEventElapsed = 28.219392776489258 (ms)
[RANK0] F @ 139.159423828125 (ms) to 167.094970703125 (ms), cudaEventElapsed = 27.91219139099121 (ms)
[RANK0] F @ 167.767822265625 (ms) to 196.165771484375 (ms), cudaEventElapsed = 28.37504005432129 (ms)
[RANK0] B @ 403.644287109375 (ms) to 436.968505859375 (ms), cudaEventElapsed = 33.296382904052734 (ms)
[RANK0] F @ 437.30712890625 (ms) to 463.56884765625 (ms), cudaEventElapsed = 26.222591400146484 (ms)
[RANK0] B @ 486.9443359375 (ms) to 520.9091796875 (ms), cudaEventElapsed = 33.9343376159668 (ms)
[RANK0] F @ 521.199462890625 (ms) to 546.887939453125 (ms), cudaEventElapsed = 25.652223587036133 (ms)
[RANK0] B @ 570.549560546875 (ms) to 604.29931640625 (ms), cudaEventElapsed = 33.7182731628418 (ms)
[RANK0] F @ 604.576904296875 (ms) to 631.171875 (ms), cudaEventElapsed = 26.56768035888672 (ms)
[RANK0] B @ 679.39111328125 (ms) to 712.7119140625 (ms), cudaEventElapsed = 33.29740905761719 (ms)
[RANK0] F @ 712.9306640625 (ms) to 739.336669921875 (ms), cudaEventElapsed = 26.382335662841797 (ms)
[RANK0] B @ 769.29345703125 (ms) to 802.78662109375 (ms), cudaEventElapsed = 33.470462799072266 (ms)
[RANK0] F @ 803.0107421875 (ms) to 828.67626953125 (ms), cudaEventElapsed = 25.643007278442383 (ms)
[RANK0] B @ 853.7080078125 (ms) to 887.1904296875 (ms), cudaEventElapsed = 33.45920181274414 (ms)
[RANK0] W @ 887.52392578125 (ms) to 903.344970703125 (ms), cudaEventElapsed = 15.797247886657715 (ms)
[RANK0] B @ 957.0126953125 (ms) to 990.285400390625 (ms), cudaEventElapsed = 33.25030517578125 (ms)
[RANK0] W @ 990.603271484375 (ms) to 1005.60400390625 (ms), cudaEventElapsed = 14.978048324584961 (ms)
[RANK0] B @ 1080.0888671875 (ms) to 1113.33251953125 (ms), cudaEventElapsed = 33.21958541870117 (ms)
[RANK0] W @ 1113.64013671875 (ms) to 1128.64892578125 (ms), cudaEventElapsed = 14.987263679504395 (ms)
[RANK0] B @ 1148.414306640625 (ms) to 1182.81201171875 (ms), cudaEventElapsed = 34.37567901611328 (ms)
[RANK0] W @ 1183.124267578125 (ms) to 1198.82080078125 (ms), cudaEventElapsed = 15.671296119689941 (ms)
[RANK0] B @ 1232.6630859375 (ms) to 1265.9814453125 (ms), cudaEventElapsed = 33.29740905761719 (ms)
[RANK0] W @ 1266.291259765625 (ms) to 1282.035400390625 (ms), cudaEventElapsed = 15.720447540283203 (ms)
[RANK0] B @ 1324.13134765625 (ms) to 1357.50390625 (ms), cudaEventElapsed = 33.351680755615234 (ms)
[RANK0] W @ 1358.39990234375 (ms) to 1373.736083984375 (ms), cudaEventElapsed = 15.311871528625488 (ms)
[RANK0] B @ 1410.02099609375 (ms) to 1443.345703125 (ms), cudaEventElapsed = 33.305599212646484 (ms)
[RANK0] 6W @ 1444.14697265625 (ms) to 1558.48388671875 (ms), cudaEventElapsed = 114.31321716308594 (ms)
[RANK0] Iteration 7
[RANK0] F @ 0.978271484375 (ms) to 25.8193359375 (ms), cudaEventElapsed = 24.812543869018555 (ms)
[RANK0] F @ 26.5224609375 (ms) to 52.10205078125 (ms), cudaEventElapsed = 25.556991577148438 (ms)
[RANK0] F @ 52.937744140625 (ms) to 80.62451171875 (ms), cudaEventElapsed = 27.657215118408203 (ms)
[RANK0] F @ 81.511962890625 (ms) to 109.788330078125 (ms), cudaEventElapsed = 28.238847732543945 (ms)
[RANK0] F @ 110.593505859375 (ms) to 138.839599609375 (ms), cudaEventElapsed = 28.217344284057617 (ms)
[RANK0] F @ 139.64697265625 (ms) to 167.95947265625 (ms), cudaEventElapsed = 28.277759552001953 (ms)
[RANK0] F @ 168.8056640625 (ms) to 196.457763671875 (ms), cudaEventElapsed = 27.623424530029297 (ms)
[RANK0] B @ 398.300537109375 (ms) to 431.500244140625 (ms), cudaEventElapsed = 33.17350387573242 (ms)
[RANK0] F @ 431.738525390625 (ms) to 458.019287109375 (ms), cudaEventElapsed = 26.255359649658203 (ms)
[RANK0] B @ 482.537109375 (ms) to 515.99072265625 (ms), cudaEventElapsed = 33.43052673339844 (ms)
[RANK0] F @ 516.2197265625 (ms) to 542.49267578125 (ms), cudaEventElapsed = 26.248191833496094 (ms)
[RANK0] B @ 569.142822265625 (ms) to 602.759521484375 (ms), cudaEventElapsed = 33.59436798095703 (ms)
[RANK0] F @ 602.96484375 (ms) to 629.0048828125 (ms), cudaEventElapsed = 26.013696670532227 (ms)
[RANK0] B @ 676.20947265625 (ms) to 709.421142578125 (ms), cudaEventElapsed = 33.18783950805664 (ms)
[RANK0] F @ 709.6357421875 (ms) to 735.06640625 (ms), cudaEventElapsed = 25.402368545532227 (ms)
[RANK0] B @ 765.484375 (ms) to 798.754638671875 (ms), cudaEventElapsed = 33.24825668334961 (ms)
[RANK0] F @ 798.953125 (ms) to 825.0234375 (ms), cudaEventElapsed = 26.047487258911133 (ms)
[RANK0] B @ 852.3037109375 (ms) to 885.94140625 (ms), cudaEventElapsed = 33.61587142944336 (ms)
[RANK0] W @ 886.230712890625 (ms) to 901.98583984375 (ms), cudaEventElapsed = 15.732735633850098 (ms)
[RANK0] B @ 954.14013671875 (ms) to 987.31005859375 (ms), cudaEventElapsed = 33.14585494995117 (ms)
[RANK0] W @ 987.617919921875 (ms) to 1002.91015625 (ms), cudaEventElapsed = 15.259648323059082 (ms)
[RANK0] B @ 1078.177001953125 (ms) to 1111.26025390625 (ms), cudaEventElapsed = 33.06086349487305 (ms)
[RANK0] W @ 1111.579833984375 (ms) to 1126.52294921875 (ms), cudaEventElapsed = 14.921728134155273 (ms)
[RANK0] B @ 1147.4072265625 (ms) to 1181.2333984375 (ms), cudaEventElapsed = 33.80326461791992 (ms)
[RANK0] W @ 1181.546142578125 (ms) to 1198.022705078125 (ms), cudaEventElapsed = 16.452608108520508 (ms)
[RANK0] B @ 1229.97998046875 (ms) to 1263.580322265625 (ms), cudaEventElapsed = 33.58003234863281 (ms)
[RANK0] W @ 1263.900634765625 (ms) to 1279.58349609375 (ms), cudaEventElapsed = 15.659008026123047 (ms)
[RANK0] B @ 1320.88720703125 (ms) to 1354.072998046875 (ms), cudaEventElapsed = 33.165313720703125 (ms)
[RANK0] W @ 1355.09423828125 (ms) to 1370.648193359375 (ms), cudaEventElapsed = 15.529984474182129 (ms)
[RANK0] B @ 1409.262939453125 (ms) to 1442.62548828125 (ms), cudaEventElapsed = 33.34143829345703 (ms)
[RANK0] 6W @ 1443.417236328125 (ms) to 1557.91748046875 (ms), cudaEventElapsed = 114.47500610351562 (ms)
[RANK0] Iteration 8
[RANK0] F @ 1.005615234375 (ms) to 25.65625 (ms), cudaEventElapsed = 24.622079849243164 (ms)
[RANK0] F @ 26.314697265625 (ms) to 52.478271484375 (ms), cudaEventElapsed = 26.14067268371582 (ms)
[RANK0] F @ 53.155517578125 (ms) to 80.918212890625 (ms), cudaEventElapsed = 27.7391357421875 (ms)
[RANK0] F @ 81.588623046875 (ms) to 110.000732421875 (ms), cudaEventElapsed = 28.389375686645508 (ms)
[RANK0] F @ 110.66845703125 (ms) to 138.596923828125 (ms), cudaEventElapsed = 27.901952743530273 (ms)
[RANK0] F @ 139.275634765625 (ms) to 167.0263671875 (ms), cudaEventElapsed = 27.7258243560791 (ms)
[RANK0] F @ 167.713623046875 (ms) to 195.60498046875 (ms), cudaEventElapsed = 27.869184494018555 (ms)
[RANK0] B @ 400.068359375 (ms) to 433.317626953125 (ms), cudaEventElapsed = 33.22163009643555 (ms)
[RANK0] F @ 433.5576171875 (ms) to 459.60205078125 (ms), cudaEventElapsed = 26.020864486694336 (ms)
[RANK0] B @ 484.074462890625 (ms) to 517.891357421875 (ms), cudaEventElapsed = 33.79302215576172 (ms)
[RANK0] F @ 518.111083984375 (ms) to 543.56494140625 (ms), cudaEventElapsed = 25.432064056396484 (ms)
[RANK0] B @ 567.577880859375 (ms) to 601.2880859375 (ms), cudaEventElapsed = 33.68345642089844 (ms)
[RANK0] F @ 601.525146484375 (ms) to 627.749267578125 (ms), cudaEventElapsed = 26.199039459228516 (ms)
[RANK0] B @ 674.27490234375 (ms) to 707.439453125 (ms), cudaEventElapsed = 33.1407356262207 (ms)
[RANK0] F @ 707.655029296875 (ms) to 733.92724609375 (ms), cudaEventElapsed = 26.247167587280273 (ms)
[RANK0] B @ 764.0537109375 (ms) to 797.560791015625 (ms), cudaEventElapsed = 33.484798431396484 (ms)
[RANK0] F @ 797.78271484375 (ms) to 823.3125 (ms), cudaEventElapsed = 25.506816864013672 (ms)
[RANK0] B @ 852.27783203125 (ms) to 885.63818359375 (ms), cudaEventElapsed = 33.33631896972656 (ms)
[RANK0] W @ 885.94580078125 (ms) to 901.840576171875 (ms), cudaEventElapsed = 15.869952201843262 (ms)
[RANK0] B @ 952.608642578125 (ms) to 985.74365234375 (ms), cudaEventElapsed = 33.112064361572266 (ms)
[RANK0] W @ 986.0673828125 (ms) to 1001.495361328125 (ms), cudaEventElapsed = 15.40505599975586 (ms)
[RANK0] B @ 1070.462646484375 (ms) to 1103.58056640625 (ms), cudaEventElapsed = 33.096702575683594 (ms)
[RANK0] W @ 1103.9033203125 (ms) to 1119.36865234375 (ms), cudaEventElapsed = 15.441920280456543 (ms)
[RANK0] B @ 1137.847412109375 (ms) to 1172.38037109375 (ms), cudaEventElapsed = 34.511871337890625 (ms)
[RANK0] W @ 1172.6943359375 (ms) to 1189.53369140625 (ms), cudaEventElapsed = 16.81612777709961 (ms)
[RANK0] B @ 1225.943603515625 (ms) to 1259.2333984375 (ms), cudaEventElapsed = 33.26873779296875 (ms)
[RANK0] W @ 1259.5498046875 (ms) to 1274.75927734375 (ms), cudaEventElapsed = 15.185919761657715 (ms)
[RANK0] B @ 1317.16650390625 (ms) to 1350.312744140625 (ms), cudaEventElapsed = 33.1253776550293 (ms)
[RANK0] W @ 1351.24462890625 (ms) to 1366.45849609375 (ms), cudaEventElapsed = 15.187968254089355 (ms)
[RANK0] B @ 1407.248046875 (ms) to 1440.50244140625 (ms), cudaEventElapsed = 33.2308464050293 (ms)
[RANK0] 6W @ 1441.33984375 (ms) to 1555.1484375 (ms), cudaEventElapsed = 113.7807388305664 (ms)
[RANK0] Iteration 9
[RANK0] F @ 0.805419921875 (ms) to 25.942626953125 (ms), cudaEventElapsed = 25.11257553100586 (ms)
[RANK0] F @ 26.627685546875 (ms) to 52.097412109375 (ms), cudaEventElapsed = 25.447423934936523 (ms)
[RANK0] F @ 52.79736328125 (ms) to 80.25634765625 (ms), cudaEventElapsed = 27.435007095336914 (ms)
[RANK0] F @ 80.9443359375 (ms) to 108.716064453125 (ms), cudaEventElapsed = 27.74630355834961 (ms)
[RANK0] F @ 109.400146484375 (ms) to 137.30517578125 (ms), cudaEventElapsed = 27.881471633911133 (ms)
[RANK0] F @ 137.973388671875 (ms) to 165.787109375 (ms), cudaEventElapsed = 27.79033660888672 (ms)
[RANK0] F @ 166.46484375 (ms) to 194.241455078125 (ms), cudaEventElapsed = 27.7524471282959 (ms)
[RANK0] B @ 404.351806640625 (ms) to 437.821044921875 (ms), cudaEventElapsed = 33.43974304199219 (ms)
[RANK0] F @ 438.07568359375 (ms) to 463.913818359375 (ms), cudaEventElapsed = 25.810943603515625 (ms)
[RANK0] B @ 487.718505859375 (ms) to 521.76123046875 (ms), cudaEventElapsed = 34.01216125488281 (ms)
[RANK0] F @ 522.014892578125 (ms) to 547.704345703125 (ms), cudaEventElapsed = 25.662464141845703 (ms)
[RANK0] B @ 571.62548828125 (ms) to 605.50537109375 (ms), cudaEventElapsed = 33.84832000732422 (ms)
[RANK0] F @ 605.757568359375 (ms) to 632.4189453125 (ms), cudaEventElapsed = 26.633216857910156 (ms)
[RANK0] B @ 679.548828125 (ms) to 712.835693359375 (ms), cudaEventElapsed = 33.25849533081055 (ms)
[RANK0] F @ 713.0791015625 (ms) to 739.656005859375 (ms), cudaEventElapsed = 26.55129623413086 (ms)
[RANK0] B @ 770.51123046875 (ms) to 804.01123046875 (ms), cudaEventElapsed = 33.47148895263672 (ms)
[RANK0] F @ 804.289306640625 (ms) to 830.132080078125 (ms), cudaEventElapsed = 25.812992095947266 (ms)
[RANK0] B @ 856.182373046875 (ms) to 889.6435546875 (ms), cudaEventElapsed = 33.43769454956055 (ms)
[RANK0] W @ 889.95556640625 (ms) to 905.892822265625 (ms), cudaEventElapsed = 15.910911560058594 (ms)
[RANK0] B @ 956.2880859375 (ms) to 989.5 (ms), cudaEventElapsed = 33.18681716918945 (ms)
[RANK0] W @ 989.84033203125 (ms) to 1005.28662109375 (ms), cudaEventElapsed = 15.418368339538574 (ms)
[RANK0] B @ 1075.8662109375 (ms) to 1108.993896484375 (ms), cudaEventElapsed = 33.104896545410156 (ms)
[RANK0] W @ 1109.337890625 (ms) to 1124.61962890625 (ms), cudaEventElapsed = 15.257599830627441 (ms)
[RANK0] B @ 1145.01318359375 (ms) to 1179.590576171875 (ms), cudaEventElapsed = 34.555904388427734 (ms)
[RANK0] W @ 1179.908935546875 (ms) to 1196.349365234375 (ms), cudaEventElapsed = 16.416767120361328 (ms)
[RANK0] B @ 1231.6708984375 (ms) to 1265.072998046875 (ms), cudaEventElapsed = 33.38035202026367 (ms)
[RANK0] W @ 1265.404052734375 (ms) to 1280.87353515625 (ms), cudaEventElapsed = 15.443967819213867 (ms)
[RANK0] B @ 1324.3232421875 (ms) to 1357.600830078125 (ms), cudaEventElapsed = 33.254398345947266 (ms)
[RANK0] W @ 1358.56005859375 (ms) to 1373.8359375 (ms), cudaEventElapsed = 15.250432014465332 (ms)
[RANK0] B @ 1413.673828125 (ms) to 1446.899658203125 (ms), cudaEventElapsed = 33.2042236328125 (ms)
[RANK0] 6W @ 1447.737060546875 (ms) to 1562.588134765625 (ms), cudaEventElapsed = 114.8252182006836 (ms)
