[RANK0] Iteration 1
[RANK0] F @ 0.26416015625 (ms) to 25.266845703125 (ms), cudaEventElapsed = 24.961631774902344 (ms)
[RANK0] F @ 77.108642578125 (ms) to 103.20263671875 (ms), cudaEventElapsed = 26.038272857666016 (ms)
[RANK0] F @ 103.416015625 (ms) to 129.212158203125 (ms), cudaEventElapsed = 25.74131202697754 (ms)
[RANK0] F @ 129.407958984375 (ms) to 156.814453125 (ms), cudaEventElapsed = 27.356159210205078 (ms)
[RANK0] F @ 156.987548828125 (ms) to 185.7919921875 (ms), cudaEventElapsed = 28.77030372619629 (ms)
[RANK0] F @ 185.96728515625 (ms) to 225.475341796875 (ms), cudaEventElapsed = 26.235904693603516 (ms)
[RANK0] F @ 225.67578125 (ms) to 521.145263671875 (ms), cudaEventElapsed = 295.4332275390625 (ms)
[RANK0] B @ 609.832275390625 (ms) to 641.538330078125 (ms), cudaEventElapsed = 31.648000717163086 (ms)
[RANK0] F @ 641.802001953125 (ms) to 667.214111328125 (ms), cudaEventElapsed = 25.375743865966797 (ms)
[RANK0] B @ 687.29736328125 (ms) to 720.6650390625 (ms), cudaEventElapsed = 33.312767028808594 (ms)
[RANK0] W @ 720.889404296875 (ms) to 735.66015625 (ms), cudaEventElapsed = 14.734335899353027 (ms)
[RANK0] F @ 735.68408203125 (ms) to 762.1416015625 (ms), cudaEventElapsed = 26.423295974731445 (ms)
[RANK0] B @ 768.800537109375 (ms) to 804.290283203125 (ms), cudaEventElapsed = 35.44700622558594 (ms)
[RANK0] B @ 847.135986328125 (ms) to 878.849365234375 (ms), cudaEventElapsed = 31.66828727722168 (ms)
[RANK0] W @ 878.892578125 (ms) to 892.701171875 (ms), cudaEventElapsed = 13.77996826171875 (ms)
[RANK0] F @ 892.91455078125 (ms) to 919.3544921875 (ms), cudaEventElapsed = 26.402816772460938 (ms)
[RANK0] B @ 1098.889404296875 (ms) to 1131.453125 (ms), cudaEventElapsed = 32.486656188964844 (ms)
[RANK0] B @ 1175.8330078125 (ms) to 1207.498779296875 (ms), cudaEventElapsed = 31.60736083984375 (ms)
[RANK0] W @ 1207.548583984375 (ms) to 1221.04345703125 (ms), cudaEventElapsed = 13.455360412597656 (ms)
[RANK0] F @ 1221.296630859375 (ms) to 1247.548095703125 (ms), cudaEventElapsed = 26.216447830200195 (ms)
[RANK0] B @ 1284.4794921875 (ms) to 1317.796875 (ms), cudaEventElapsed = 33.27110290527344 (ms)
[RANK0] B @ 1325.561279296875 (ms) to 1357.62158203125 (ms), cudaEventElapsed = 32.015743255615234 (ms)
[RANK0] W @ 1357.660400390625 (ms) to 1371.848388671875 (ms), cudaEventElapsed = 14.148608207702637 (ms)
[RANK0] F @ 1372.0712890625 (ms) to 1398.7060546875 (ms), cudaEventElapsed = 26.599424362182617 (ms)
[RANK0] W @ 1398.8876953125 (ms) to 1439.576904296875 (ms), cudaEventElapsed = 14.558208465576172 (ms)
[RANK0] W @ 1439.60205078125 (ms) to 1453.30908203125 (ms), cudaEventElapsed = 13.667327880859375 (ms)
[RANK0] W @ 1453.498046875 (ms) to 1468.75439453125 (ms), cudaEventElapsed = 15.224831581115723 (ms)
[RANK0] W @ 1468.768310546875 (ms) to 1484.593017578125 (ms), cudaEventElapsed = 15.79520034790039 (ms)
[RANK0] B @ 1484.757568359375 (ms) to 1520.24853515625 (ms), cudaEventElapsed = 35.460575103759766 (ms)
[RANK0] W @ 1520.425537109375 (ms) to 1541.74853515625 (ms), cudaEventElapsed = 15.08351993560791 (ms)
[RANK0] B @ 1541.92578125 (ms) to 1575.96875 (ms), cudaEventElapsed = 34.00892639160156 (ms)
[RANK0] W @ 1575.999267578125 (ms) to 1590.89892578125 (ms), cudaEventElapsed = 14.866432189941406 (ms)
[RANK0] B @ 1621.611572265625 (ms) to 1654.73681640625 (ms), cudaEventElapsed = 33.072288513183594 (ms)
[RANK0] W @ 1654.767578125 (ms) to 1669.01611328125 (ms), cudaEventElapsed = 14.221311569213867 (ms)
[RANK0] B @ 1708.899658203125 (ms) to 1740.8095703125 (ms), cudaEventElapsed = 31.877119064331055 (ms)
[RANK0] 1W @ 1740.8408203125 (ms) to 1754.8271484375 (ms), cudaEventElapsed = 13.96121597290039 (ms)
[RANK0] Iteration 2
[RANK0] F @ 2.263427734375 (ms) to 27.4345703125 (ms), cudaEventElapsed = 25.12998390197754 (ms)
[RANK0] F @ 27.69140625 (ms) to 52.9052734375 (ms), cudaEventElapsed = 25.17401695251465 (ms)
[RANK0] F @ 53.17333984375 (ms) to 81.080322265625 (ms), cudaEventElapsed = 27.868160247802734 (ms)
[RANK0] F @ 81.285888671875 (ms) to 109.107666015625 (ms), cudaEventElapsed = 27.788288116455078 (ms)
[RANK0] F @ 109.326904296875 (ms) to 137.081787109375 (ms), cudaEventElapsed = 27.71558380126953 (ms)
[RANK0] F @ 137.29833984375 (ms) to 164.985595703125 (ms), cudaEventElapsed = 27.649023056030273 (ms)
[RANK0] F @ 165.1875 (ms) to 192.626708984375 (ms), cudaEventElapsed = 27.404287338256836 (ms)
[RANK0] B @ 267.31884765625 (ms) to 299.09912109375 (ms), cudaEventElapsed = 31.72812843322754 (ms)
[RANK0] F @ 299.364501953125 (ms) to 324.716796875 (ms), cudaEventElapsed = 25.30816078186035 (ms)
[RANK0] B @ 348.24658203125 (ms) to 380.98828125 (ms), cudaEventElapsed = 32.69375991821289 (ms)
[RANK0] W @ 381.235107421875 (ms) to 395.612548828125 (ms), cudaEventElapsed = 14.346240043640137 (ms)
[RANK0] F @ 395.674560546875 (ms) to 422.06591796875 (ms), cudaEventElapsed = 26.36185646057129 (ms)
[RANK0] B @ 429.45166015625 (ms) to 465.0908203125 (ms), cudaEventElapsed = 35.59292984008789 (ms)
[RANK0] B @ 507.42138671875 (ms) to 539.335693359375 (ms), cudaEventElapsed = 31.852800369262695 (ms)
[RANK0] W @ 539.487060546875 (ms) to 553.20361328125 (ms), cudaEventElapsed = 13.660160064697266 (ms)
[RANK0] F @ 553.5 (ms) to 580.229248046875 (ms), cudaEventElapsed = 26.683391571044922 (ms)
[RANK0] B @ 611.771728515625 (ms) to 645.445556640625 (ms), cudaEventElapsed = 33.604766845703125 (ms)
[RANK0] B @ 663.75439453125 (ms) to 695.70068359375 (ms), cudaEventElapsed = 31.895872116088867 (ms)
[RANK0] W @ 695.787109375 (ms) to 709.734619140625 (ms), cudaEventElapsed = 13.907967567443848 (ms)
[RANK0] F @ 709.9853515625 (ms) to 736.533447265625 (ms), cudaEventElapsed = 26.513408660888672 (ms)
[RANK0] B @ 771.907958984375 (ms) to 805.318359375 (ms), cudaEventElapsed = 33.36921691894531 (ms)
[RANK0] B @ 813.158203125 (ms) to 845.27392578125 (ms), cudaEventElapsed = 32.083744049072266 (ms)
[RANK0] W @ 845.341552734375 (ms) to 859.327880859375 (ms), cudaEventElapsed = 13.959168434143066 (ms)
[RANK0] F @ 859.554443359375 (ms) to 885.588623046875 (ms), cudaEventElapsed = 25.999359130859375 (ms)
[RANK0] W @ 885.83447265625 (ms) to 926.508544921875 (ms), cudaEventElapsed = 14.194687843322754 (ms)
[RANK0] W @ 926.569091796875 (ms) to 940.86181640625 (ms), cudaEventElapsed = 14.25817584991455 (ms)
[RANK0] W @ 941.056640625 (ms) to 955.984619140625 (ms), cudaEventElapsed = 14.898176193237305 (ms)
[RANK0] W @ 956.03271484375 (ms) to 971.96044921875 (ms), cudaEventElapsed = 15.89964771270752 (ms)
[RANK0] B @ 972.12255859375 (ms) to 1007.762939453125 (ms), cudaEventElapsed = 35.61088180541992 (ms)
[RANK0] W @ 1007.9619140625 (ms) to 1031.706787109375 (ms), cudaEventElapsed = 15.408127784729004 (ms)
[RANK0] B @ 1031.8701171875 (ms) to 1066.111083984375 (ms), cudaEventElapsed = 34.21152114868164 (ms)
[RANK0] W @ 1066.171630859375 (ms) to 1081.05908203125 (ms), cudaEventElapsed = 14.855168342590332 (ms)
[RANK0] B @ 1115.514892578125 (ms) to 1148.15625 (ms), cudaEventElapsed = 32.607425689697266 (ms)
[RANK0] W @ 1148.22021484375 (ms) to 1162.06640625 (ms), cudaEventElapsed = 13.814784049987793 (ms)
[RANK0] B @ 1203.359619140625 (ms) to 1234.980712890625 (ms), cudaEventElapsed = 31.583520889282227 (ms)
[RANK0] 1W @ 1235.045654296875 (ms) to 1248.767333984375 (ms), cudaEventElapsed = 13.696000099182129 (ms)
[RANK0] Iteration 3
[RANK0] F @ 2.15771484375 (ms) to 27.33544921875 (ms), cudaEventElapsed = 25.141664505004883 (ms)
[RANK0] F @ 27.549072265625 (ms) to 52.953125 (ms), cudaEventElapsed = 25.365503311157227 (ms)
[RANK0] F @ 53.159423828125 (ms) to 80.870361328125 (ms), cudaEventElapsed = 27.677696228027344 (ms)
[RANK0] F @ 81.0751953125 (ms) to 108.791259765625 (ms), cudaEventElapsed = 27.673599243164062 (ms)
[RANK0] F @ 109.017333984375 (ms) to 137.06396484375 (ms), cudaEventElapsed = 28.009471893310547 (ms)
[RANK0] F @ 137.281494140625 (ms) to 164.93505859375 (ms), cudaEventElapsed = 27.613183975219727 (ms)
[RANK0] F @ 165.1376953125 (ms) to 192.6298828125 (ms), cudaEventElapsed = 27.456512451171875 (ms)
[RANK0] B @ 268.54296875 (ms) to 300.3759765625 (ms), cudaEventElapsed = 31.781728744506836 (ms)
[RANK0] F @ 300.623779296875 (ms) to 325.9677734375 (ms), cudaEventElapsed = 25.31123161315918 (ms)
[RANK0] B @ 349.22900390625 (ms) to 382.5869140625 (ms), cudaEventElapsed = 33.31068801879883 (ms)
[RANK0] W @ 382.83203125 (ms) to 397.388671875 (ms), cudaEventElapsed = 14.525440216064453 (ms)
[RANK0] F @ 397.447265625 (ms) to 423.532958984375 (ms), cudaEventElapsed = 26.052608489990234 (ms)
[RANK0] B @ 432.013671875 (ms) to 467.536376953125 (ms), cudaEventElapsed = 35.48361587524414 (ms)
[RANK0] B @ 511.2509765625 (ms) to 542.958984375 (ms), cudaEventElapsed = 31.66771125793457 (ms)
[RANK0] W @ 543.0322265625 (ms) to 556.573974609375 (ms), cudaEventElapsed = 13.510656356811523 (ms)
[RANK0] F @ 556.815673828125 (ms) to 582.824951171875 (ms), cudaEventElapsed = 25.9737606048584 (ms)
[RANK0] B @ 614.86328125 (ms) to 648.322509765625 (ms), cudaEventElapsed = 33.41654586791992 (ms)
[RANK0] B @ 668.035400390625 (ms) to 700.1416015625 (ms), cudaEventElapsed = 32.06876754760742 (ms)
[RANK0] W @ 700.2197265625 (ms) to 714.099853515625 (ms), cudaEventElapsed = 13.842432022094727 (ms)
[RANK0] F @ 714.339599609375 (ms) to 740.5947265625 (ms), cudaEventElapsed = 26.219520568847656 (ms)
[RANK0] B @ 775.880615234375 (ms) to 809.038330078125 (ms), cudaEventElapsed = 33.11750411987305 (ms)
[RANK0] B @ 817.130126953125 (ms) to 849.6787109375 (ms), cudaEventElapsed = 32.512542724609375 (ms)
[RANK0] W @ 849.746337890625 (ms) to 864.2275390625 (ms), cudaEventElapsed = 14.435327529907227 (ms)
[RANK0] F @ 864.44921875 (ms) to 890.15771484375 (ms), cudaEventElapsed = 25.67475128173828 (ms)
[RANK0] W @ 890.353759765625 (ms) to 932.872802734375 (ms), cudaEventElapsed = 14.153727531433105 (ms)
[RANK0] W @ 932.938720703125 (ms) to 946.409423828125 (ms), cudaEventElapsed = 13.432831764221191 (ms)
[RANK0] W @ 946.619384765625 (ms) to 961.572509765625 (ms), cudaEventElapsed = 14.917632102966309 (ms)
[RANK0] W @ 961.623291015625 (ms) to 977.43017578125 (ms), cudaEventElapsed = 15.775744438171387 (ms)
[RANK0] B @ 977.637451171875 (ms) to 1013.388671875 (ms), cudaEventElapsed = 35.715232849121094 (ms)
[RANK0] W @ 1013.592041015625 (ms) to 1036.45947265625 (ms), cudaEventElapsed = 15.295488357543945 (ms)
[RANK0] B @ 1036.63720703125 (ms) to 1070.65576171875 (ms), cudaEventElapsed = 33.98729705810547 (ms)
[RANK0] W @ 1070.722900390625 (ms) to 1085.77734375 (ms), cudaEventElapsed = 15.023103713989258 (ms)
[RANK0] B @ 1119.00341796875 (ms) to 1152.080810546875 (ms), cudaEventElapsed = 33.040897369384766 (ms)
[RANK0] W @ 1152.14697265625 (ms) to 1166.39501953125 (ms), cudaEventElapsed = 14.218239784240723 (ms)
[RANK0] B @ 1206.892822265625 (ms) to 1238.7763671875 (ms), cudaEventElapsed = 31.849855422973633 (ms)
[RANK0] 1W @ 1238.837890625 (ms) to 1252.585205078125 (ms), cudaEventElapsed = 13.718527793884277 (ms)
[RANK0] Iteration 4
[RANK0] F @ 2.18896484375 (ms) to 27.263671875 (ms), cudaEventElapsed = 25.039615631103516 (ms)
[RANK0] F @ 27.48291015625 (ms) to 52.9912109375 (ms), cudaEventElapsed = 25.472000122070312 (ms)
[RANK0] F @ 53.206298828125 (ms) to 80.48779296875 (ms), cudaEventElapsed = 27.245567321777344 (ms)
[RANK0] F @ 80.6953125 (ms) to 108.65869140625 (ms), cudaEventElapsed = 27.924480438232422 (ms)
[RANK0] F @ 108.8701171875 (ms) to 136.94921875 (ms), cudaEventElapsed = 28.038143157958984 (ms)
[RANK0] F @ 137.179443359375 (ms) to 164.76953125 (ms), cudaEventElapsed = 27.55174446105957 (ms)
[RANK0] F @ 164.9677734375 (ms) to 192.951171875 (ms), cudaEventElapsed = 27.94598388671875 (ms)
[RANK0] B @ 269.855712890625 (ms) to 302.405029296875 (ms), cudaEventElapsed = 32.50124740600586 (ms)
[RANK0] F @ 302.636962890625 (ms) to 328.4111328125 (ms), cudaEventElapsed = 25.74131202697754 (ms)
[RANK0] B @ 353.74365234375 (ms) to 386.838623046875 (ms), cudaEventElapsed = 33.050880432128906 (ms)
[RANK0] W @ 387.06396484375 (ms) to 402.281005859375 (ms), cudaEventElapsed = 15.176704406738281 (ms)
[RANK0] F @ 402.3388671875 (ms) to 429.899658203125 (ms), cudaEventElapsed = 27.53023910522461 (ms)
[RANK0] B @ 437.67333984375 (ms) to 473.7470703125 (ms), cudaEventElapsed = 36.02924728393555 (ms)
[RANK0] B @ 519.164794921875 (ms) to 551.873046875 (ms), cudaEventElapsed = 32.66387176513672 (ms)
[RANK0] W @ 551.950927734375 (ms) to 566.686767578125 (ms), cudaEventElapsed = 14.702591896057129 (ms)
[RANK0] F @ 566.912353515625 (ms) to 595.14306640625 (ms), cudaEventElapsed = 28.199935913085938 (ms)
[RANK0] B @ 631.07177734375 (ms) to 665.09033203125 (ms), cudaEventElapsed = 33.97353744506836 (ms)
[RANK0] B @ 682.222900390625 (ms) to 715.5439453125 (ms), cudaEventElapsed = 33.279903411865234 (ms)
[RANK0] W @ 715.624267578125 (ms) to 731.1005859375 (ms), cudaEventElapsed = 15.442943572998047 (ms)
[RANK0] F @ 731.3603515625 (ms) to 758.721435546875 (ms), cudaEventElapsed = 27.325439453125 (ms)
[RANK0] B @ 797.255615234375 (ms) to 831.200927734375 (ms), cudaEventElapsed = 33.900062561035156 (ms)
[RANK0] B @ 841.177734375 (ms) to 874.4482421875 (ms), cudaEventElapsed = 33.2341423034668 (ms)
[RANK0] W @ 874.521484375 (ms) to 890.2412109375 (ms), cudaEventElapsed = 15.684608459472656 (ms)
[RANK0] F @ 890.487548828125 (ms) to 918.090576171875 (ms), cudaEventElapsed = 27.56812858581543 (ms)
[RANK0] W @ 918.294189453125 (ms) to 969.411865234375 (ms), cudaEventElapsed = 14.242815971374512 (ms)
[RANK0] W @ 969.477783203125 (ms) to 983.49853515625 (ms), cudaEventElapsed = 13.983743667602539 (ms)
[RANK0] W @ 983.75439453125 (ms) to 1000.9990234375 (ms), cudaEventElapsed = 17.21036720275879 (ms)
[RANK0] W @ 1001.05322265625 (ms) to 1019.094970703125 (ms), cudaEventElapsed = 18.002944946289062 (ms)
[RANK0] B @ 1019.278564453125 (ms) to 1057.095703125 (ms), cudaEventElapsed = 37.78620910644531 (ms)
[RANK0] W @ 1057.3115234375 (ms) to 1085.451904296875 (ms), cudaEventElapsed = 16.060415267944336 (ms)
[RANK0] B @ 1085.637451171875 (ms) to 1121.623046875 (ms), cudaEventElapsed = 35.95420837402344 (ms)
[RANK0] W @ 1121.693359375 (ms) to 1138.290771484375 (ms), cudaEventElapsed = 16.566272735595703 (ms)
[RANK0] B @ 1179.99658203125 (ms) to 1214.076416015625 (ms), cudaEventElapsed = 34.0366096496582 (ms)
[RANK0] W @ 1214.144287109375 (ms) to 1229.8017578125 (ms), cudaEventElapsed = 15.626239776611328 (ms)
[RANK0] B @ 1280.903564453125 (ms) to 1313.701904296875 (ms), cudaEventElapsed = 32.7658576965332 (ms)
[RANK0] 1W @ 1313.76123046875 (ms) to 1328.68017578125 (ms), cudaEventElapsed = 14.88691234588623 (ms)
[RANK0] Iteration 5
[RANK0] F @ 2.077880859375 (ms) to 27.125 (ms), cudaEventElapsed = 25.01273536682129 (ms)
[RANK0] F @ 27.358642578125 (ms) to 52.53955078125 (ms), cudaEventElapsed = 25.144319534301758 (ms)
[RANK0] F @ 52.763916015625 (ms) to 79.53173828125 (ms), cudaEventElapsed = 26.73049545288086 (ms)
[RANK0] F @ 79.73291015625 (ms) to 107.637451171875 (ms), cudaEventElapsed = 27.870208740234375 (ms)
[RANK0] F @ 107.87939453125 (ms) to 135.765625 (ms), cudaEventElapsed = 27.845632553100586 (ms)
[RANK0] F @ 135.991455078125 (ms) to 164.018798828125 (ms), cudaEventElapsed = 27.98899269104004 (ms)
[RANK0] F @ 164.25048828125 (ms) to 192.070556640625 (ms), cudaEventElapsed = 27.78316879272461 (ms)
[RANK0] B @ 269.147216796875 (ms) to 302.27587890625 (ms), cudaEventElapsed = 33.06505584716797 (ms)
[RANK0] F @ 302.550048828125 (ms) to 328.89892578125 (ms), cudaEventElapsed = 26.31372833251953 (ms)
[RANK0] B @ 353.03857421875 (ms) to 386.70068359375 (ms), cudaEventElapsed = 33.61190414428711 (ms)
[RANK0] W @ 386.954345703125 (ms) to 403.133056640625 (ms), cudaEventElapsed = 16.146432876586914 (ms)
[RANK0] F @ 403.1982421875 (ms) to 431.80712890625 (ms), cudaEventElapsed = 28.57574462890625 (ms)
[RANK0] B @ 437.355224609375 (ms) to 474.405029296875 (ms), cudaEventElapsed = 37.00841522216797 (ms)
[RANK0] B @ 518.80078125 (ms) to 551.939697265625 (ms), cudaEventElapsed = 33.093406677246094 (ms)
[RANK0] W @ 552.0244140625 (ms) to 567.02490234375 (ms), cudaEventElapsed = 14.965760231018066 (ms)
[RANK0] F @ 567.270263671875 (ms) to 594.76416015625 (ms), cudaEventElapsed = 27.454463958740234 (ms)
[RANK0] B @ 630.9033203125 (ms) to 665.192138671875 (ms), cudaEventElapsed = 34.24156951904297 (ms)
[RANK0] B @ 681.9638671875 (ms) to 715.344482421875 (ms), cudaEventElapsed = 33.34329605102539 (ms)
[RANK0] W @ 715.42578125 (ms) to 730.855712890625 (ms), cudaEventElapsed = 15.391743659973145 (ms)
[RANK0] F @ 731.08154296875 (ms) to 759.266845703125 (ms), cudaEventElapsed = 28.15488052368164 (ms)
[RANK0] B @ 797.21337890625 (ms) to 831.3779296875 (ms), cudaEventElapsed = 34.12278366088867 (ms)
[RANK0] B @ 841.2353515625 (ms) to 874.90625 (ms), cudaEventElapsed = 33.63452911376953 (ms)
[RANK0] W @ 874.97314453125 (ms) to 890.69677734375 (ms), cudaEventElapsed = 15.690752029418945 (ms)
[RANK0] F @ 890.903564453125 (ms) to 918.943115234375 (ms), cudaEventElapsed = 28.007423400878906 (ms)
[RANK0] W @ 919.159912109375 (ms) to 970.55859375 (ms), cudaEventElapsed = 14.30835247039795 (ms)
[RANK0] W @ 970.61669921875 (ms) to 985.90869140625 (ms), cudaEventElapsed = 15.257599830627441 (ms)
[RANK0] W @ 986.158203125 (ms) to 1003.731689453125 (ms), cudaEventElapsed = 17.538047790527344 (ms)
[RANK0] W @ 1003.780029296875 (ms) to 1023.42333984375 (ms), cudaEventElapsed = 19.61471939086914 (ms)
[RANK0] B @ 1023.596923828125 (ms) to 1063.385009765625 (ms), cudaEventElapsed = 39.756927490234375 (ms)
[RANK0] W @ 1063.59619140625 (ms) to 1086.28125 (ms), cudaEventElapsed = 17.678335189819336 (ms)
[RANK0] B @ 1086.458251953125 (ms) to 1123.158935546875 (ms), cudaEventElapsed = 36.670753479003906 (ms)
[RANK0] W @ 1123.220458984375 (ms) to 1140.508056640625 (ms), cudaEventElapsed = 17.24928092956543 (ms)
[RANK0] B @ 1179.47119140625 (ms) to 1213.44873046875 (ms), cudaEventElapsed = 33.941856384277344 (ms)
[RANK0] W @ 1213.509765625 (ms) to 1228.4580078125 (ms), cudaEventElapsed = 14.920703887939453 (ms)
[RANK0] B @ 1280.023193359375 (ms) to 1313.02783203125 (ms), cudaEventElapsed = 32.96790313720703 (ms)
[RANK0] 1W @ 1313.097900390625 (ms) to 1328.123291015625 (ms), cudaEventElapsed = 14.96678352355957 (ms)
[RANK0] Iteration 6
[RANK0] F @ 2.133056640625 (ms) to 27.325927734375 (ms), cudaEventElapsed = 25.155519485473633 (ms)
[RANK0] F @ 27.5556640625 (ms) to 52.33203125 (ms), cudaEventElapsed = 24.739839553833008 (ms)
[RANK0] F @ 52.575439453125 (ms) to 80.921630859375 (ms), cudaEventElapsed = 28.301311492919922 (ms)
[RANK0] F @ 81.17578125 (ms) to 110.0087890625 (ms), cudaEventElapsed = 28.78054428100586 (ms)
[RANK0] F @ 110.30029296875 (ms) to 139.199951171875 (ms), cudaEventElapsed = 28.844032287597656 (ms)
[RANK0] F @ 139.6171875 (ms) to 168.21240234375 (ms), cudaEventElapsed = 28.54297637939453 (ms)
[RANK0] F @ 168.458984375 (ms) to 196.2646484375 (ms), cudaEventElapsed = 27.76576042175293 (ms)
[RANK0] B @ 268.561767578125 (ms) to 301.88134765625 (ms), cudaEventElapsed = 33.267520904541016 (ms)
[RANK0] F @ 302.1650390625 (ms) to 328.552490234375 (ms), cudaEventElapsed = 26.35264015197754 (ms)
[RANK0] B @ 352.5478515625 (ms) to 386.421142578125 (ms), cudaEventElapsed = 33.827232360839844 (ms)
[RANK0] W @ 386.67431640625 (ms) to 402.38916015625 (ms), cudaEventElapsed = 15.679488182067871 (ms)
[RANK0] F @ 402.447021484375 (ms) to 430.436767578125 (ms), cudaEventElapsed = 27.95827293395996 (ms)
[RANK0] B @ 437.162353515625 (ms) to 474.998046875 (ms), cudaEventElapsed = 37.79596710205078 (ms)
[RANK0] B @ 519.52880859375 (ms) to 552.599853515625 (ms), cudaEventElapsed = 33.03193664550781 (ms)
[RANK0] W @ 552.673095703125 (ms) to 567.881591796875 (ms), cudaEventElapsed = 15.177727699279785 (ms)
[RANK0] F @ 568.106201171875 (ms) to 596.44873046875 (ms), cudaEventElapsed = 28.30745506286621 (ms)
[RANK0] B @ 632.09619140625 (ms) to 666.362060546875 (ms), cudaEventElapsed = 34.22198486328125 (ms)
[RANK0] B @ 682.6513671875 (ms) to 715.89013671875 (ms), cudaEventElapsed = 33.204830169677734 (ms)
[RANK0] W @ 715.962890625 (ms) to 731.27978515625 (ms), cudaEventElapsed = 15.28115177154541 (ms)
[RANK0] F @ 731.509033203125 (ms) to 761.082763671875 (ms), cudaEventElapsed = 29.53932762145996 (ms)
[RANK0] B @ 798.112548828125 (ms) to 832.248779296875 (ms), cudaEventElapsed = 34.09715270996094 (ms)
[RANK0] B @ 842.064208984375 (ms) to 876.114990234375 (ms), cudaEventElapsed = 34.016448974609375 (ms)
[RANK0] W @ 876.178955078125 (ms) to 892.27197265625 (ms), cudaEventElapsed = 16.060415267944336 (ms)
[RANK0] F @ 892.468505859375 (ms) to 922.17578125 (ms), cudaEventElapsed = 29.676544189453125 (ms)
[RANK0] W @ 922.376953125 (ms) to 970.28125 (ms), cudaEventElapsed = 14.548992156982422 (ms)
[RANK0] W @ 970.335693359375 (ms) to 986.4921875 (ms), cudaEventElapsed = 16.122880935668945 (ms)
[RANK0] W @ 986.714599609375 (ms) to 1005.09521484375 (ms), cudaEventElapsed = 18.343936920166016 (ms)
[RANK0] W @ 1005.14453125 (ms) to 1025.258544921875 (ms), cudaEventElapsed = 20.08576011657715 (ms)
[RANK0] B @ 1025.427734375 (ms) to 1065.2919921875 (ms), cudaEventElapsed = 39.83436965942383 (ms)
[RANK0] W @ 1065.50244140625 (ms) to 1088.1123046875 (ms), cudaEventElapsed = 17.093631744384766 (ms)
[RANK0] B @ 1088.281982421875 (ms) to 1125.823974609375 (ms), cudaEventElapsed = 37.51225662231445 (ms)
[RANK0] W @ 1125.8837890625 (ms) to 1143.5947265625 (ms), cudaEventElapsed = 17.684480667114258 (ms)
[RANK0] B @ 1182.550537109375 (ms) to 1216.5791015625 (ms), cudaEventElapsed = 33.99375915527344 (ms)
[RANK0] W @ 1216.640869140625 (ms) to 1231.73876953125 (ms), cudaEventElapsed = 15.071231842041016 (ms)
[RANK0] B @ 1281.63671875 (ms) to 1314.6484375 (ms), cudaEventElapsed = 32.97731018066406 (ms)
[RANK0] 1W @ 1314.708251953125 (ms) to 1330.050048828125 (ms), cudaEventElapsed = 15.315967559814453 (ms)
[RANK0] Iteration 7
[RANK0] F @ 0.31640625 (ms) to 24.533203125 (ms), cudaEventElapsed = 24.171743392944336 (ms)
[RANK0] F @ 24.7900390625 (ms) to 49.044921875 (ms), cudaEventElapsed = 24.202239990234375 (ms)
[RANK0] F @ 49.357666015625 (ms) to 75.01220703125 (ms), cudaEventElapsed = 25.615360260009766 (ms)
[RANK0] F @ 75.227294921875 (ms) to 102.048828125 (ms), cudaEventElapsed = 26.78374481201172 (ms)
[RANK0] F @ 102.296875 (ms) to 129.301025390625 (ms), cudaEventElapsed = 26.96499252319336 (ms)
[RANK0] F @ 129.583251953125 (ms) to 156.5087890625 (ms), cudaEventElapsed = 26.877952575683594 (ms)
[RANK0] F @ 156.74072265625 (ms) to 184.119140625 (ms), cudaEventElapsed = 27.34284782409668 (ms)
[RANK0] F @ 184.386474609375 (ms) to 211.15673828125 (ms), cudaEventElapsed = 26.73049545288086 (ms)
[RANK0] F @ 211.401611328125 (ms) to 237.860107421875 (ms), cudaEventElapsed = 26.422271728515625 (ms)
[RANK0] F @ 238.100830078125 (ms) to 264.9169921875 (ms), cudaEventElapsed = 26.780672073364258 (ms)
[RANK0] F @ 265.1337890625 (ms) to 292.124267578125 (ms), cudaEventElapsed = 26.95577621459961 (ms)
[RANK0] F @ 292.35888671875 (ms) to 319.322265625 (ms), cudaEventElapsed = 26.92812728881836 (ms)
