[RANK0] Iteration 1
[RANK0] F @ 2.75390625 (ms) to 526.56884765625 (ms), cudaEventElapsed = 523.747314453125 (ms)
[RANK0] F @ 527.343994140625 (ms) to 552.77880859375 (ms), cudaEventElapsed = 25.405439376831055 (ms)
[RANK0] F @ 553.465087890625 (ms) to 580.787353515625 (ms), cudaEventElapsed = 27.296768188476562 (ms)
[RANK0] F @ 581.473876953125 (ms) to 609.736572265625 (ms), cudaEventElapsed = 28.238847732543945 (ms)
[RANK0] F @ 611.24609375 (ms) to 639.781494140625 (ms), cudaEventElapsed = 28.50611114501953 (ms)
[RANK0] F @ 640.44970703125 (ms) to 668.48583984375 (ms), cudaEventElapsed = 28.011520385742188 (ms)
[RANK0] F @ 669.169921875 (ms) to 696.971923828125 (ms), cudaEventElapsed = 27.778047561645508 (ms)
[RANK0] B @ 1745.59228515625 (ms) to 1834.84326171875 (ms), cudaEventElapsed = 89.22112274169922 (ms)
[RANK0] F @ 1835.12744140625 (ms) to 1860.306396484375 (ms), cudaEventElapsed = 25.153535842895508 (ms)
[RANK0] B @ 1861.67529296875 (ms) to 1895.432861328125 (ms), cudaEventElapsed = 33.732608795166016 (ms)
[RANK0] F @ 1895.83984375 (ms) to 1923.221923828125 (ms), cudaEventElapsed = 27.3571834564209 (ms)
[RANK0] B @ 1924.552001953125 (ms) to 1959.43408203125 (ms), cudaEventElapsed = 34.8590087890625 (ms)
[RANK0] F @ 1959.65283203125 (ms) to 1985.931640625 (ms), cudaEventElapsed = 26.248191833496094 (ms)
[RANK0] B @ 1987.335693359375 (ms) to 2023.287109375 (ms), cudaEventElapsed = 35.927040100097656 (ms)
[RANK0] F @ 2023.517822265625 (ms) to 2050.369384765625 (ms), cudaEventElapsed = 26.825727462768555 (ms)
[RANK0] B @ 2062.412109375 (ms) to 2096.76220703125 (ms), cudaEventElapsed = 34.32447814941406 (ms)
[RANK0] F @ 2096.9912109375 (ms) to 2122.770263671875 (ms), cudaEventElapsed = 25.75257682800293 (ms)
[RANK0] B @ 2146.80322265625 (ms) to 2179.86328125 (ms), cudaEventElapsed = 33.03628921508789 (ms)
[RANK0] W @ 2180.17529296875 (ms) to 2194.6650390625 (ms), cudaEventElapsed = 14.462976455688477 (ms)
[RANK0] B @ 2221.786865234375 (ms) to 2253.830322265625 (ms), cudaEventElapsed = 32.01945495605469 (ms)
[RANK0] W @ 2254.1474609375 (ms) to 2268.437744140625 (ms), cudaEventElapsed = 14.26534366607666 (ms)
[RANK0] B @ 2301.8544921875 (ms) to 2333.73046875 (ms), cudaEventElapsed = 31.854591369628906 (ms)
[RANK0] W @ 2334.045166015625 (ms) to 2348.017822265625 (ms), cudaEventElapsed = 13.947903633117676 (ms)
[RANK0] B @ 2366.744873046875 (ms) to 2399.463134765625 (ms), cudaEventElapsed = 32.696319580078125 (ms)
[RANK0] W @ 2399.755615234375 (ms) to 2414.0458984375 (ms), cudaEventElapsed = 14.26636791229248 (ms)
[RANK0] B @ 2432.72119140625 (ms) to 2465.169921875 (ms), cudaEventElapsed = 32.42803192138672 (ms)
[RANK0] W @ 2465.46630859375 (ms) to 2479.359619140625 (ms), cudaEventElapsed = 13.872127532958984 (ms)
[RANK0] B @ 2497.58154296875 (ms) to 2529.719482421875 (ms), cudaEventElapsed = 32.117759704589844 (ms)
[RANK0] W @ 2530.0205078125 (ms) to 2543.7666015625 (ms), cudaEventElapsed = 13.722623825073242 (ms)
[RANK0] B @ 2562.796630859375 (ms) to 2594.892333984375 (ms), cudaEventElapsed = 32.075775146484375 (ms)
[RANK0] 6W @ 2595.989990234375 (ms) to 2688.13916015625 (ms), cudaEventElapsed = 92.12210845947266 (ms)
[RANK0] Iteration 2
[RANK0] F @ 1.084716796875 (ms) to 26.479736328125 (ms), cudaEventElapsed = 25.367551803588867 (ms)
[RANK0] F @ 27.16162109375 (ms) to 52.398193359375 (ms), cudaEventElapsed = 25.212928771972656 (ms)
[RANK0] F @ 53.06689453125 (ms) to 80.388671875 (ms), cudaEventElapsed = 27.298816680908203 (ms)
[RANK0] F @ 81.050537109375 (ms) to 109.109619140625 (ms), cudaEventElapsed = 28.036096572875977 (ms)
[RANK0] F @ 109.81201171875 (ms) to 137.772705078125 (ms), cudaEventElapsed = 27.93574333190918 (ms)
[RANK0] F @ 138.44189453125 (ms) to 166.28857421875 (ms), cudaEventElapsed = 27.824127197265625 (ms)
[RANK0] F @ 166.975341796875 (ms) to 194.673583984375 (ms), cudaEventElapsed = 27.674623489379883 (ms)
[RANK0] B @ 384.421875 (ms) to 417.596435546875 (ms), cudaEventElapsed = 33.14790344238281 (ms)
[RANK0] F @ 417.852783203125 (ms) to 444.07177734375 (ms), cudaEventElapsed = 26.193920135498047 (ms)
[RANK0] B @ 469.856689453125 (ms) to 639.119140625 (ms), cudaEventElapsed = 169.23443603515625 (ms)
[RANK0] F @ 639.487548828125 (ms) to 665.298095703125 (ms), cudaEventElapsed = 25.787391662597656 (ms)
[RANK0] B @ 666.755615234375 (ms) to 701.927734375 (ms), cudaEventElapsed = 35.150848388671875 (ms)
[RANK0] F @ 702.121337890625 (ms) to 729.6513671875 (ms), cudaEventElapsed = 27.50668716430664 (ms)
[RANK0] B @ 731.227294921875 (ms) to 767.999267578125 (ms), cudaEventElapsed = 36.74931335449219 (ms)
[RANK0] F @ 768.208984375 (ms) to 795.588623046875 (ms), cudaEventElapsed = 27.35513687133789 (ms)
[RANK0] B @ 796.881591796875 (ms) to 832.213134765625 (ms), cudaEventElapsed = 35.28908920288086 (ms)
[RANK0] F @ 832.42578125 (ms) to 860.3369140625 (ms), cudaEventElapsed = 27.885568618774414 (ms)
[RANK0] B @ 861.663818359375 (ms) to 897.841796875 (ms), cudaEventElapsed = 36.155391693115234 (ms)
[RANK0] W @ 898.13916015625 (ms) to 915.333984375 (ms), cudaEventElapsed = 17.168384552001953 (ms)
[RANK0] B @ 918.85888671875 (ms) to 956.32666015625 (ms), cudaEventElapsed = 37.44255828857422 (ms)
[RANK0] W @ 956.632568359375 (ms) to 974.245849609375 (ms), cudaEventElapsed = 17.5861759185791 (ms)
[RANK0] B @ 1002.209716796875 (ms) to 1035.9560546875 (ms), cudaEventElapsed = 33.723392486572266 (ms)
[RANK0] W @ 1036.271240234375 (ms) to 1052.28173828125 (ms), cudaEventElapsed = 15.986687660217285 (ms)
[RANK0] B @ 1082.62548828125 (ms) to 1116.32861328125 (ms), cudaEventElapsed = 33.6814079284668 (ms)
[RANK0] W @ 1116.6396484375 (ms) to 1132.544921875 (ms), cudaEventElapsed = 15.882240295410156 (ms)
[RANK0] B @ 1163.501953125 (ms) to 1197.122802734375 (ms), cudaEventElapsed = 33.5912971496582 (ms)
[RANK0] W @ 1197.41748046875 (ms) to 1213.193359375 (ms), cudaEventElapsed = 15.753215789794922 (ms)
[RANK0] B @ 1238.105224609375 (ms) to 1271.937744140625 (ms), cudaEventElapsed = 33.81043243408203 (ms)
[RANK0] W @ 1272.74951171875 (ms) to 1288.213134765625 (ms), cudaEventElapsed = 15.438847541809082 (ms)
[RANK0] B @ 1310.565185546875 (ms) to 1344.333251953125 (ms), cudaEventElapsed = 33.746944427490234 (ms)
[RANK0] 6W @ 1345.1318359375 (ms) to 1459.47607421875 (ms), cudaEventElapsed = 114.31731414794922 (ms)
[RANK0] Iteration 3
[RANK0] F @ 1.066650390625 (ms) to 26.001220703125 (ms), cudaEventElapsed = 24.90777587890625 (ms)
[RANK0] F @ 26.668701171875 (ms) to 51.7080078125 (ms), cudaEventElapsed = 25.016319274902344 (ms)
[RANK0] F @ 52.376708984375 (ms) to 79.410888671875 (ms), cudaEventElapsed = 27.012096405029297 (ms)
[RANK0] F @ 80.063720703125 (ms) to 108.057861328125 (ms), cudaEventElapsed = 27.97158432006836 (ms)
[RANK0] F @ 108.713623046875 (ms) to 136.593994140625 (ms), cudaEventElapsed = 27.857919692993164 (ms)
[RANK0] F @ 137.261962890625 (ms) to 165.142822265625 (ms), cudaEventElapsed = 27.858943939208984 (ms)
[RANK0] F @ 165.82177734375 (ms) to 193.652099609375 (ms), cudaEventElapsed = 27.807743072509766 (ms)
[RANK0] B @ 293.826416015625 (ms) to 327.10546875 (ms), cudaEventElapsed = 33.25542449951172 (ms)
[RANK0] F @ 327.311279296875 (ms) to 352.861572265625 (ms), cudaEventElapsed = 25.52627182006836 (ms)
[RANK0] B @ 381.954345703125 (ms) to 415.514892578125 (ms), cudaEventElapsed = 33.537025451660156 (ms)
[RANK0] F @ 415.720947265625 (ms) to 442.048583984375 (ms), cudaEventElapsed = 26.30348777770996 (ms)
[RANK0] B @ 468.039794921875 (ms) to 501.659423828125 (ms), cudaEventElapsed = 33.59436798095703 (ms)
[RANK0] F @ 501.903564453125 (ms) to 528.489990234375 (ms), cudaEventElapsed = 26.562559127807617 (ms)
[RANK0] B @ 551.83984375 (ms) to 585.727783203125 (ms), cudaEventElapsed = 33.86265563964844 (ms)
[RANK0] F @ 585.944580078125 (ms) to 612.454833984375 (ms), cudaEventElapsed = 26.4847354888916 (ms)
[RANK0] B @ 634.5732421875 (ms) to 668.619384765625 (ms), cudaEventElapsed = 34.02137756347656 (ms)
[RANK0] F @ 668.83642578125 (ms) to 694.567626953125 (ms), cudaEventElapsed = 25.70751953125 (ms)
[RANK0] B @ 718.815673828125 (ms) to 752.545166015625 (ms), cudaEventElapsed = 33.704959869384766 (ms)
[RANK0] W @ 752.84130859375 (ms) to 768.3349609375 (ms), cudaEventElapsed = 15.47059154510498 (ms)
[RANK0] B @ 801.39208984375 (ms) to 834.7529296875 (ms), cudaEventElapsed = 33.3383674621582 (ms)
[RANK0] W @ 835.0400390625 (ms) to 850.588623046875 (ms), cudaEventElapsed = 15.527935981750488 (ms)
[RANK0] B @ 906.57568359375 (ms) to 939.744384765625 (ms), cudaEventElapsed = 33.144832611083984 (ms)
[RANK0] W @ 939.998779296875 (ms) to 954.851806640625 (ms), cudaEventElapsed = 14.829567909240723 (ms)
[RANK0] B @ 978.148681640625 (ms) to 1011.970458984375 (ms), cudaEventElapsed = 33.79916763305664 (ms)
[RANK0] W @ 1012.269287109375 (ms) to 1027.754638671875 (ms), cudaEventElapsed = 15.465472221374512 (ms)
[RANK0] B @ 1054.9599609375 (ms) to 1088.58740234375 (ms), cudaEventElapsed = 33.60665512084961 (ms)
[RANK0] W @ 1088.868896484375 (ms) to 1104.685546875 (ms), cudaEventElapsed = 15.796223640441895 (ms)
[RANK0] B @ 1131.20703125 (ms) to 1164.953857421875 (ms), cudaEventElapsed = 33.725440979003906 (ms)
[RANK0] W @ 1165.761474609375 (ms) to 1181.866943359375 (ms), cudaEventElapsed = 16.082944869995117 (ms)
[RANK0] B @ 1206.671142578125 (ms) to 1240.39501953125 (ms), cudaEventElapsed = 33.70393753051758 (ms)
[RANK0] 6W @ 1241.1591796875 (ms) to 1355.850341796875 (ms), cudaEventElapsed = 114.66649627685547 (ms)
[RANK0] Iteration 4
[RANK0] F @ 0.46533203125 (ms) to 26.29931640625 (ms), cudaEventElapsed = 25.809919357299805 (ms)
[RANK0] F @ 27.156005859375 (ms) to 53.07666015625 (ms), cudaEventElapsed = 25.878528594970703 (ms)
[RANK0] F @ 53.88916015625 (ms) to 82.015380859375 (ms), cudaEventElapsed = 28.097536087036133 (ms)
[RANK0] F @ 82.83447265625 (ms) to 111.265625 (ms), cudaEventElapsed = 28.402687072753906 (ms)
[RANK0] F @ 111.92236328125 (ms) to 139.136962890625 (ms), cudaEventElapsed = 27.189247131347656 (ms)
[RANK0] F @ 139.8271484375 (ms) to 167.699951171875 (ms), cudaEventElapsed = 27.845632553100586 (ms)
[RANK0] F @ 168.501708984375 (ms) to 196.5546875 (ms), cudaEventElapsed = 28.014591217041016 (ms)
[RANK0] B @ 293.314453125 (ms) to 326.629150390625 (ms), cudaEventElapsed = 33.29024124145508 (ms)
[RANK0] F @ 326.84716796875 (ms) to 352.58544921875 (ms), cudaEventElapsed = 25.71468734741211 (ms)
[RANK0] B @ 381.9736328125 (ms) to 415.464111328125 (ms), cudaEventElapsed = 33.46636962890625 (ms)
[RANK0] F @ 415.674072265625 (ms) to 441.806640625 (ms), cudaEventElapsed = 26.109952926635742 (ms)
[RANK0] B @ 466.361328125 (ms) to 499.942138671875 (ms), cudaEventElapsed = 33.558528900146484 (ms)
[RANK0] F @ 500.150634765625 (ms) to 526.013427734375 (ms), cudaEventElapsed = 25.838592529296875 (ms)
[RANK0] B @ 549.645263671875 (ms) to 583.324462890625 (ms), cudaEventElapsed = 33.65785598754883 (ms)
[RANK0] F @ 583.52880859375 (ms) to 610.103759765625 (ms), cudaEventElapsed = 26.5533447265625 (ms)
[RANK0] B @ 633.66650390625 (ms) to 667.411865234375 (ms), cudaEventElapsed = 33.721343994140625 (ms)
[RANK0] F @ 667.599365234375 (ms) to 693.449462890625 (ms), cudaEventElapsed = 25.828351974487305 (ms)
[RANK0] B @ 718.306884765625 (ms) to 751.8994140625 (ms), cudaEventElapsed = 33.57081604003906 (ms)
[RANK0] W @ 752.18798828125 (ms) to 767.563232421875 (ms), cudaEventElapsed = 15.352831840515137 (ms)
[RANK0] B @ 831.495361328125 (ms) to 864.73876953125 (ms), cudaEventElapsed = 33.21958541870117 (ms)
[RANK0] W @ 865.048828125 (ms) to 880.33349609375 (ms), cudaEventElapsed = 15.261695861816406 (ms)
[RANK0] B @ 914.519287109375 (ms) to 948.08251953125 (ms), cudaEventElapsed = 33.540096282958984 (ms)
[RANK0] W @ 948.3486328125 (ms) to 964.015625 (ms), cudaEventElapsed = 15.644672393798828 (ms)
[RANK0] B @ 988.652099609375 (ms) to 1022.453369140625 (ms), cudaEventElapsed = 33.77971267700195 (ms)
[RANK0] W @ 1022.7333984375 (ms) to 1038.470947265625 (ms), cudaEventElapsed = 15.716352462768555 (ms)
[RANK0] B @ 1062.429931640625 (ms) to 1096.274169921875 (ms), cudaEventElapsed = 33.82476806640625 (ms)
[RANK0] W @ 1096.564697265625 (ms) to 1112.473388671875 (ms), cudaEventElapsed = 15.887359619140625 (ms)
[RANK0] B @ 1134.4345703125 (ms) to 1168.722412109375 (ms), cudaEventElapsed = 34.26713562011719 (ms)
[RANK0] W @ 1169.68408203125 (ms) to 1185.64599609375 (ms), cudaEventElapsed = 15.938559532165527 (ms)
[RANK0] B @ 1210.40966796875 (ms) to 1244.028564453125 (ms), cudaEventElapsed = 33.59743881225586 (ms)
[RANK0] 6W @ 1244.7919921875 (ms) to 1359.38720703125 (ms), cudaEventElapsed = 114.5692138671875 (ms)
[RANK0] Iteration 5
[RANK0] F @ 1.05322265625 (ms) to 25.718505859375 (ms), cudaEventElapsed = 24.638463973999023 (ms)
[RANK0] F @ 26.37548828125 (ms) to 51.949462890625 (ms), cudaEventElapsed = 25.55187225341797 (ms)
[RANK0] F @ 52.622802734375 (ms) to 79.97607421875 (ms), cudaEventElapsed = 27.3305606842041 (ms)
[RANK0] F @ 80.63623046875 (ms) to 108.34814453125 (ms), cudaEventElapsed = 27.689983367919922 (ms)
[RANK0] F @ 109.038330078125 (ms) to 137.1220703125 (ms), cudaEventElapsed = 28.060672760009766 (ms)
[RANK0] F @ 138.2119140625 (ms) to 165.749755859375 (ms), cudaEventElapsed = 27.512832641601562 (ms)
[RANK0] F @ 166.41650390625 (ms) to 194.255615234375 (ms), cudaEventElapsed = 27.815935134887695 (ms)
[RANK0] B @ 529.7685546875 (ms) to 563.1337890625 (ms), cudaEventElapsed = 33.3383674621582 (ms)
[RANK0] F @ 563.356201171875 (ms) to 588.929443359375 (ms), cudaEventElapsed = 25.549823760986328 (ms)
[RANK0] B @ 619.448486328125 (ms) to 653.172119140625 (ms), cudaEventElapsed = 33.700862884521484 (ms)
[RANK0] F @ 653.394775390625 (ms) to 680.06640625 (ms), cudaEventElapsed = 26.648576736450195 (ms)
[RANK0] B @ 700.850341796875 (ms) to 735.158203125 (ms), cudaEventElapsed = 34.28351974487305 (ms)
[RANK0] F @ 735.36328125 (ms) to 761.61572265625 (ms), cudaEventElapsed = 26.229759216308594 (ms)
[RANK0] B @ 926.669677734375 (ms) to 959.88525390625 (ms), cudaEventElapsed = 33.19091033935547 (ms)
[RANK0] F @ 960.08349609375 (ms) to 985.17138671875 (ms), cudaEventElapsed = 25.065471649169922 (ms)
[RANK0] B @ 1018.543701171875 (ms) to 1051.989990234375 (ms), cudaEventElapsed = 33.42335891723633 (ms)
[RANK0] F @ 1052.19970703125 (ms) to 1078.77734375 (ms), cudaEventElapsed = 26.555391311645508 (ms)
[RANK0] B @ 1104.997314453125 (ms) to 1138.631103515625 (ms), cudaEventElapsed = 33.6097297668457 (ms)
[RANK0] W @ 1138.951171875 (ms) to 1154.44189453125 (ms), cudaEventElapsed = 15.468544006347656 (ms)
[RANK0] B @ 1324.06298828125 (ms) to 1357.310546875 (ms), cudaEventElapsed = 33.22367858886719 (ms)
[RANK0] W @ 1357.641845703125 (ms) to 1373.068603515625 (ms), cudaEventElapsed = 15.404031753540039 (ms)
[RANK0] B @ 1445.254638671875 (ms) to 1478.513427734375 (ms), cudaEventElapsed = 33.238014221191406 (ms)
[RANK0] W @ 1478.829833984375 (ms) to 1494.031494140625 (ms), cudaEventElapsed = 15.178751945495605 (ms)
[RANK0] B @ 1514.21728515625 (ms) to 1547.993408203125 (ms), cudaEventElapsed = 33.756160736083984 (ms)
[RANK0] W @ 1548.28955078125 (ms) to 1564.396728515625 (ms), cudaEventElapsed = 16.084991455078125 (ms)
[RANK0] B @ 1721.80126953125 (ms) to 1755.01708984375 (ms), cudaEventElapsed = 33.18374252319336 (ms)
[RANK0] W @ 1755.325439453125 (ms) to 1770.492919921875 (ms), cudaEventElapsed = 15.144960403442383 (ms)
[RANK0] B @ 1811.162109375 (ms) to 1844.42578125 (ms), cudaEventElapsed = 33.24313735961914 (ms)
[RANK0] W @ 1844.716064453125 (ms) to 1860.4208984375 (ms), cudaEventElapsed = 15.682559967041016 (ms)
[RANK0] B @ 1900.993896484375 (ms) to 1934.308349609375 (ms), cudaEventElapsed = 33.293312072753906 (ms)
[RANK0] 6W @ 1935.60546875 (ms) to 2049.362060546875 (ms), cudaEventElapsed = 113.73158264160156 (ms)
[RANK0] Iteration 6
[RANK0] F @ 0.87451171875 (ms) to 25.808837890625 (ms), cudaEventElapsed = 24.90163230895996 (ms)
[RANK0] F @ 26.46923828125 (ms) to 51.8173828125 (ms), cudaEventElapsed = 25.31737518310547 (ms)
[RANK0] F @ 52.494873046875 (ms) to 80.706298828125 (ms), cudaEventElapsed = 28.188671112060547 (ms)
[RANK0] F @ 81.373779296875 (ms) to 109.447509765625 (ms), cudaEventElapsed = 28.050432205200195 (ms)
[RANK0] F @ 110.1181640625 (ms) to 138.226318359375 (ms), cudaEventElapsed = 28.085248947143555 (ms)
[RANK0] F @ 138.90673828125 (ms) to 166.79541015625 (ms), cudaEventElapsed = 27.865087509155273 (ms)
[RANK0] F @ 167.469970703125 (ms) to 195.188232421875 (ms), cudaEventElapsed = 27.6889591217041 (ms)
[RANK0] B @ 520.026611328125 (ms) to 553.23486328125 (ms), cudaEventElapsed = 33.18476867675781 (ms)
[RANK0] F @ 553.4501953125 (ms) to 579.41455078125 (ms), cudaEventElapsed = 25.93177604675293 (ms)
[RANK0] B @ 607.91455078125 (ms) to 641.558837890625 (ms), cudaEventElapsed = 33.61996841430664 (ms)
[RANK0] F @ 641.793212890625 (ms) to 667.69140625 (ms), cudaEventElapsed = 25.8734073638916 (ms)
[RANK0] B @ 690.8916015625 (ms) to 724.60693359375 (ms), cudaEventElapsed = 33.69267272949219 (ms)
[RANK0] F @ 724.83642578125 (ms) to 750.022216796875 (ms), cudaEventElapsed = 25.161727905273438 (ms)
[RANK0] B @ 916.352294921875 (ms) to 949.50390625 (ms), cudaEventElapsed = 33.12742233276367 (ms)
[RANK0] F @ 949.70654296875 (ms) to 975.873046875 (ms), cudaEventElapsed = 26.14579200744629 (ms)
[RANK0] B @ 1006.200439453125 (ms) to 1039.7177734375 (ms), cudaEventElapsed = 33.49504089355469 (ms)
[RANK0] F @ 1039.926025390625 (ms) to 1065.794677734375 (ms), cudaEventElapsed = 25.845760345458984 (ms)
[RANK0] B @ 1092.611572265625 (ms) to 1126.22412109375 (ms), cudaEventElapsed = 33.58720016479492 (ms)
[RANK0] W @ 1126.573974609375 (ms) to 1141.956787109375 (ms), cudaEventElapsed = 15.355903625488281 (ms)
[RANK0] B @ 1316.800537109375 (ms) to 1350.03759765625 (ms), cudaEventElapsed = 33.21241760253906 (ms)
[RANK0] W @ 1350.381591796875 (ms) to 1365.35302734375 (ms), cudaEventElapsed = 14.948351860046387 (ms)
[RANK0] B @ 1435.26171875 (ms) to 1468.54736328125 (ms), cudaEventElapsed = 33.259521484375 (ms)
[RANK0] W @ 1468.876953125 (ms) to 1484.340576171875 (ms), cudaEventElapsed = 15.440896034240723 (ms)
[RANK0] B @ 1504.2880859375 (ms) to 1538.71875 (ms), cudaEventElapsed = 34.40742492675781 (ms)
[RANK0] W @ 1539.0458984375 (ms) to 1555.32568359375 (ms), cudaEventElapsed = 16.253952026367188 (ms)
[RANK0] B @ 1710.88818359375 (ms) to 1744.064453125 (ms), cudaEventElapsed = 33.15302276611328 (ms)
[RANK0] W @ 1744.40771484375 (ms) to 1759.447265625 (ms), cudaEventElapsed = 15.010815620422363 (ms)
[RANK0] B @ 1800.609375 (ms) to 1833.7841796875 (ms), cudaEventElapsed = 33.15302276611328 (ms)
[RANK0] W @ 1834.6923828125 (ms) to 1849.69873046875 (ms), cudaEventElapsed = 14.98316764831543 (ms)
[RANK0] B @ 1889.9326171875 (ms) to 1923.239013671875 (ms), cudaEventElapsed = 33.2861442565918 (ms)
[RANK0] 6W @ 1924.049560546875 (ms) to 2037.178466796875 (ms), cudaEventElapsed = 113.10182189941406 (ms)
[RANK0] Iteration 7
[RANK0] F @ 0.5224609375 (ms) to 26.195068359375 (ms), cudaEventElapsed = 25.647104263305664 (ms)
[RANK0] F @ 26.874267578125 (ms) to 51.796875 (ms), cudaEventElapsed = 24.90060806274414 (ms)
[RANK0] F @ 52.454833984375 (ms) to 79.559814453125 (ms), cudaEventElapsed = 27.078655242919922 (ms)
[RANK0] F @ 80.26025390625 (ms) to 108.4189453125 (ms), cudaEventElapsed = 28.13644790649414 (ms)
[RANK0] F @ 109.10205078125 (ms) to 136.804443359375 (ms), cudaEventElapsed = 27.680767059326172 (ms)
[RANK0] F @ 137.462158203125 (ms) to 165.373046875 (ms), cudaEventElapsed = 27.888639450073242 (ms)
[RANK0] F @ 166.0419921875 (ms) to 193.48193359375 (ms), cudaEventElapsed = 27.417600631713867 (ms)
[RANK0] B @ 526.548095703125 (ms) to 559.9384765625 (ms), cudaEventElapsed = 33.360897064208984 (ms)
[RANK0] F @ 560.201416015625 (ms) to 586.34033203125 (ms), cudaEventElapsed = 26.11302375793457 (ms)
[RANK0] B @ 613.17626953125 (ms) to 646.88916015625 (ms), cudaEventElapsed = 33.68960189819336 (ms)
[RANK0] F @ 647.21728515625 (ms) to 673.00146484375 (ms), cudaEventElapsed = 25.753599166870117 (ms)
[RANK0] B @ 697.196533203125 (ms) to 730.89599609375 (ms), cudaEventElapsed = 33.675262451171875 (ms)
[RANK0] F @ 731.12841796875 (ms) to 757.558349609375 (ms), cudaEventElapsed = 26.405887603759766 (ms)
[RANK0] B @ 922.3125 (ms) to 955.455322265625 (ms), cudaEventElapsed = 33.11820983886719 (ms)
[RANK0] F @ 955.677490234375 (ms) to 981.9345703125 (ms), cudaEventElapsed = 26.232831954956055 (ms)
[RANK0] B @ 1014.669189453125 (ms) to 1048.072998046875 (ms), cudaEventElapsed = 33.38035202026367 (ms)
[RANK0] F @ 1048.304931640625 (ms) to 1073.423095703125 (ms), cudaEventElapsed = 25.093120574951172 (ms)
[RANK0] B @ 1102.0576171875 (ms) to 1135.4892578125 (ms), cudaEventElapsed = 33.39059066772461 (ms)
[RANK0] W @ 1135.828369140625 (ms) to 1151.4501953125 (ms), cudaEventElapsed = 15.59552001953125 (ms)
[RANK0] B @ 1319.970947265625 (ms) to 1353.15478515625 (ms), cudaEventElapsed = 33.158145904541016 (ms)
[RANK0] W @ 1353.482177734375 (ms) to 1368.838623046875 (ms), cudaEventElapsed = 15.333375930786133 (ms)
[RANK0] B @ 1439.10205078125 (ms) to 1472.2822265625 (ms), cudaEventElapsed = 33.152000427246094 (ms)
[RANK0] W @ 1472.620849609375 (ms) to 1487.94287109375 (ms), cudaEventElapsed = 15.29753589630127 (ms)
[RANK0] B @ 1507.7978515625 (ms) to 1542.196044921875 (ms), cudaEventElapsed = 34.374656677246094 (ms)
[RANK0] W @ 1542.525634765625 (ms) to 1558.978759765625 (ms), cudaEventElapsed = 16.424959182739258 (ms)
[RANK0] B @ 1716.256103515625 (ms) to 1749.478759765625 (ms), cudaEventElapsed = 33.20115280151367 (ms)
[RANK0] W @ 1749.812255859375 (ms) to 1764.771728515625 (ms), cudaEventElapsed = 14.936063766479492 (ms)
[RANK0] B @ 1808.476806640625 (ms) to 1841.8056640625 (ms), cudaEventElapsed = 33.30662536621094 (ms)
[RANK0] W @ 1842.863525390625 (ms) to 1858.449951171875 (ms), cudaEventElapsed = 15.561727523803711 (ms)
[RANK0] B @ 1896.111328125 (ms) to 1929.453125 (ms), cudaEventElapsed = 33.321983337402344 (ms)
[RANK0] 6W @ 1930.285400390625 (ms) to 2044.22314453125 (ms), cudaEventElapsed = 113.91180419921875 (ms)
[RANK0] Iteration 8
[RANK0] F @ 0.799560546875 (ms) to 25.9189453125 (ms), cudaEventElapsed = 25.085952758789062 (ms)
[RANK0] F @ 26.604736328125 (ms) to 51.75927734375 (ms), cudaEventElapsed = 25.13203239440918 (ms)
[RANK0] F @ 52.4287109375 (ms) to 79.1484375 (ms), cudaEventElapsed = 26.696704864501953 (ms)
[RANK0] F @ 79.8154296875 (ms) to 107.599609375 (ms), cudaEventElapsed = 27.76166343688965 (ms)
[RANK0] F @ 108.259765625 (ms) to 135.947265625 (ms), cudaEventElapsed = 27.665407180786133 (ms)
[RANK0] F @ 136.59814453125 (ms) to 164.406494140625 (ms), cudaEventElapsed = 27.785215377807617 (ms)
[RANK0] F @ 165.078369140625 (ms) to 192.698974609375 (ms), cudaEventElapsed = 27.598848342895508 (ms)
[RANK0] B @ 524.998779296875 (ms) to 558.162841796875 (ms), cudaEventElapsed = 33.13868713378906 (ms)
[RANK0] F @ 558.38720703125 (ms) to 584.55029296875 (ms), cudaEventElapsed = 26.14067268371582 (ms)
[RANK0] B @ 614.3173828125 (ms) to 647.9345703125 (ms), cudaEventElapsed = 33.593345642089844 (ms)
[RANK0] F @ 648.14892578125 (ms) to 673.578369140625 (ms), cudaEventElapsed = 25.404415130615234 (ms)
[RANK0] B @ 696.041015625 (ms) to 730.1201171875 (ms), cudaEventElapsed = 34.0582389831543 (ms)
[RANK0] F @ 730.32861328125 (ms) to 756.00927734375 (ms), cudaEventElapsed = 25.658367156982422 (ms)
[RANK0] B @ 921.762939453125 (ms) to 954.90673828125 (ms), cudaEventElapsed = 33.121280670166016 (ms)
[RANK0] F @ 955.1240234375 (ms) to 980.986328125 (ms), cudaEventElapsed = 25.841663360595703 (ms)
[RANK0] B @ 1014.207275390625 (ms) to 1047.571044921875 (ms), cudaEventElapsed = 33.34143829345703 (ms)
[RANK0] F @ 1047.778076171875 (ms) to 1073.485107421875 (ms), cudaEventElapsed = 25.68396759033203 (ms)
[RANK0] B @ 1099.251708984375 (ms) to 1132.84033203125 (ms), cudaEventElapsed = 33.567745208740234 (ms)
[RANK0] W @ 1133.147705078125 (ms) to 1148.63427734375 (ms), cudaEventElapsed = 15.464447975158691 (ms)
[RANK0] B @ 1319.99658203125 (ms) to 1353.142578125 (ms), cudaEventElapsed = 33.121280670166016 (ms)
[RANK0] W @ 1353.455810546875 (ms) to 1368.409912109375 (ms), cudaEventElapsed = 14.932991981506348 (ms)
[RANK0] B @ 1439.192626953125 (ms) to 1472.390869140625 (ms), cudaEventElapsed = 33.17350387573242 (ms)
[RANK0] W @ 1472.715087890625 (ms) to 1487.65576171875 (ms), cudaEventElapsed = 14.918656349182129 (ms)
[RANK0] B @ 1508.97119140625 (ms) to 1542.6630859375 (ms), cudaEventElapsed = 33.670143127441406 (ms)
[RANK0] W @ 1542.982666015625 (ms) to 1558.8154296875 (ms), cudaEventElapsed = 15.80953598022461 (ms)
[RANK0] B @ 1711.10107421875 (ms) to 1744.408935546875 (ms), cudaEventElapsed = 33.285118103027344 (ms)
[RANK0] W @ 1744.74365234375 (ms) to 1759.867431640625 (ms), cudaEventElapsed = 15.10092830657959 (ms)
[RANK0] B @ 1808.517578125 (ms) to 1841.693115234375 (ms), cudaEventElapsed = 33.154048919677734 (ms)
[RANK0] W @ 1842.57958984375 (ms) to 1857.740966796875 (ms), cudaEventElapsed = 15.123456001281738 (ms)
[RANK0] B @ 1898.246826171875 (ms) to 1931.501708984375 (ms), cudaEventElapsed = 33.23494338989258 (ms)
[RANK0] 6W @ 1932.303466796875 (ms) to 2044.724365234375 (ms), cudaEventElapsed = 112.39628601074219 (ms)
[RANK0] Iteration 9
[RANK0] F @ 1.01611328125 (ms) to 25.771240234375 (ms), cudaEventElapsed = 24.72960090637207 (ms)
[RANK0] F @ 26.43310546875 (ms) to 51.850341796875 (ms), cudaEventElapsed = 25.394176483154297 (ms)
[RANK0] F @ 52.519775390625 (ms) to 79.491943359375 (ms), cudaEventElapsed = 26.95065689086914 (ms)
[RANK0] F @ 80.1611328125 (ms) to 108.316162109375 (ms), cudaEventElapsed = 28.132352828979492 (ms)
[RANK0] F @ 108.988037109375 (ms) to 136.798828125 (ms), cudaEventElapsed = 27.786239624023438 (ms)
[RANK0] F @ 137.483642578125 (ms) to 165.23583984375 (ms), cudaEventElapsed = 27.72889518737793 (ms)
[RANK0] F @ 165.898193359375 (ms) to 193.7900390625 (ms), cudaEventElapsed = 27.870208740234375 (ms)
[RANK0] B @ 525.182861328125 (ms) to 558.382080078125 (ms), cudaEventElapsed = 33.17350387573242 (ms)
[RANK0] F @ 558.60595703125 (ms) to 584.759765625 (ms), cudaEventElapsed = 26.13145637512207 (ms)
[RANK0] B @ 614.46044921875 (ms) to 648.0009765625 (ms), cudaEventElapsed = 33.5175666809082 (ms)
[RANK0] F @ 648.226318359375 (ms) to 674.166259765625 (ms), cudaEventElapsed = 25.91436767578125 (ms)
[RANK0] B @ 697.564697265625 (ms) to 731.339111328125 (ms), cudaEventElapsed = 33.74796676635742 (ms)
[RANK0] F @ 731.5595703125 (ms) to 757.31201171875 (ms), cudaEventElapsed = 25.72800064086914 (ms)
[RANK0] B @ 922.802490234375 (ms) to 956.0517578125 (ms), cudaEventElapsed = 33.22367858886719 (ms)
[RANK0] F @ 956.265380859375 (ms) to 982.024658203125 (ms), cudaEventElapsed = 25.73721694946289 (ms)
[RANK0] B @ 1015.028564453125 (ms) to 1048.510986328125 (ms), cudaEventElapsed = 33.45920181274414 (ms)
[RANK0] F @ 1048.735595703125 (ms) to 1074.741455078125 (ms), cudaEventElapsed = 25.98297691345215 (ms)
[RANK0] B @ 1102.57958984375 (ms) to 1136.155029296875 (ms), cudaEventElapsed = 33.55238342285156 (ms)
[RANK0] W @ 1136.470458984375 (ms) to 1151.964599609375 (ms), cudaEventElapsed = 15.469568252563477 (ms)
[RANK0] B @ 1319.455078125 (ms) to 1352.6640625 (ms), cudaEventElapsed = 33.18476867675781 (ms)
[RANK0] W @ 1352.98828125 (ms) to 1368.225341796875 (ms), cudaEventElapsed = 15.214591979980469 (ms)
[RANK0] B @ 1439.848388671875 (ms) to 1473.01708984375 (ms), cudaEventElapsed = 33.14585494995117 (ms)
[RANK0] W @ 1473.345947265625 (ms) to 1488.158203125 (ms), cudaEventElapsed = 14.790656089782715 (ms)
[RANK0] B @ 1509.109619140625 (ms) to 1542.701904296875 (ms), cudaEventElapsed = 33.57183837890625 (ms)
[RANK0] W @ 1543.01513671875 (ms) to 1558.4697265625 (ms), cudaEventElapsed = 15.430656433105469 (ms)
[RANK0] B @ 1713.502197265625 (ms) to 1746.769287109375 (ms), cudaEventElapsed = 33.24415969848633 (ms)
[RANK0] W @ 1747.105224609375 (ms) to 1762.145263671875 (ms), cudaEventElapsed = 15.016960144042969 (ms)
[RANK0] B @ 1811.038330078125 (ms) to 1844.28759765625 (ms), cudaEventElapsed = 33.22777557373047 (ms)
[RANK0] W @ 1845.20263671875 (ms) to 1860.3486328125 (ms), cudaEventElapsed = 15.121408462524414 (ms)
[RANK0] B @ 1900.035888671875 (ms) to 1933.32080078125 (ms), cudaEventElapsed = 33.26464080810547 (ms)
[RANK0] 6W @ 1934.109619140625 (ms) to 2047.001953125 (ms), cudaEventElapsed = 112.86732482910156 (ms)
