[RANK1] Iteration 1
[RANK1] F @ 547.986083984375 (ms) to 753.489990234375 (ms), cudaEventElapsed = 205.45639038085938 (ms)
[RANK1] F @ 754.969970703125 (ms) to 788.853271484375 (ms), cudaEventElapsed = 33.85446548461914 (ms)
[RANK1] F @ 790.197021484375 (ms) to 827.3046875 (ms), cudaEventElapsed = 37.08211135864258 (ms)
[RANK1] F @ 829.02294921875 (ms) to 865.593505859375 (ms), cudaEventElapsed = 36.539390563964844 (ms)
[RANK1] F @ 867.168212890625 (ms) to 903.050537109375 (ms), cudaEventElapsed = 35.85228729248047 (ms)
[RANK1] B @ 1664.549560546875 (ms) to 1729.925048828125 (ms), cudaEventElapsed = 65.34246063232422 (ms)
[RANK1] F @ 1731.4052734375 (ms) to 1764.146728515625 (ms), cudaEventElapsed = 32.709632873535156 (ms)
[RANK1] B @ 1766.079345703125 (ms) to 1811.001708984375 (ms), cudaEventElapsed = 44.893184661865234 (ms)
[RANK1] F @ 1812.39599609375 (ms) to 1846.01904296875 (ms), cudaEventElapsed = 33.59539031982422 (ms)
[RANK1] B @ 1847.704345703125 (ms) to 1892.457763671875 (ms), cudaEventElapsed = 44.72422409057617 (ms)
[RANK1] F @ 1894.140380859375 (ms) to 1927.6279296875 (ms), cudaEventElapsed = 33.452030181884766 (ms)
[RANK1] B @ 1929.436767578125 (ms) to 1973.958984375 (ms), cudaEventElapsed = 44.4846076965332 (ms)
[RANK1] F @ 1975.38037109375 (ms) to 2008.861083984375 (ms), cudaEventElapsed = 33.45305633544922 (ms)
[RANK1] B @ 2010.849365234375 (ms) to 2055.20654296875 (ms), cudaEventElapsed = 44.32896041870117 (ms)
[RANK1] F @ 2056.619140625 (ms) to 2089.912353515625 (ms), cudaEventElapsed = 33.26668930053711 (ms)
[RANK1] B @ 2091.59716796875 (ms) to 2136.846435546875 (ms), cudaEventElapsed = 45.22188949584961 (ms)
[RANK1] F @ 2138.28564453125 (ms) to 2171.87060546875 (ms), cudaEventElapsed = 33.558528900146484 (ms)
[RANK1] B @ 2173.382568359375 (ms) to 2217.34619140625 (ms), cudaEventElapsed = 43.93574523925781 (ms)
[RANK1] F @ 2218.73779296875 (ms) to 2251.933349609375 (ms), cudaEventElapsed = 33.16940689086914 (ms)
[RANK1] B @ 2253.23486328125 (ms) to 2297.357177734375 (ms), cudaEventElapsed = 44.100608825683594 (ms)
[RANK1] W @ 2298.07470703125 (ms) to 2319.184326171875 (ms), cudaEventElapsed = 21.0882568359375 (ms)
[RANK1] B @ 2319.958984375 (ms) to 2362.283447265625 (ms), cudaEventElapsed = 42.30144119262695 (ms)
[RANK1] W @ 2363.01171875 (ms) to 2383.24560546875 (ms), cudaEventElapsed = 20.211711883544922 (ms)
[RANK1] B @ 2385.779541015625 (ms) to 2428.237060546875 (ms), cudaEventElapsed = 42.435585021972656 (ms)
[RANK1] W @ 2428.9931640625 (ms) to 2449.14111328125 (ms), cudaEventElapsed = 20.123647689819336 (ms)
[RANK1] B @ 2450.74755859375 (ms) to 2493.2109375 (ms), cudaEventElapsed = 42.44172668457031 (ms)
[RANK1] W @ 2493.95263671875 (ms) to 2514.4794921875 (ms), cudaEventElapsed = 20.504575729370117 (ms)
[RANK1] B @ 2516.411376953125 (ms) to 2558.41064453125 (ms), cudaEventElapsed = 41.97990417480469 (ms)
[RANK1] 8W @ 2560.49951171875 (ms) to 2732.938720703125 (ms), cudaEventElapsed = 172.4119110107422 (ms)
[RANK1] Iteration 2
[RANK1] F @ 32.523681640625 (ms) to 64.355224609375 (ms), cudaEventElapsed = 31.80646324157715 (ms)
[RANK1] F @ 65.677978515625 (ms) to 99.50439453125 (ms), cudaEventElapsed = 33.80326461791992 (ms)
[RANK1] F @ 100.844482421875 (ms) to 137.37890625 (ms), cudaEventElapsed = 36.510719299316406 (ms)
[RANK1] F @ 138.748779296875 (ms) to 174.861328125 (ms), cudaEventElapsed = 36.08473587036133 (ms)
[RANK1] F @ 176.22314453125 (ms) to 335.112548828125 (ms), cudaEventElapsed = 158.8643798828125 (ms)
[RANK1] B @ 336.953857421875 (ms) to 379.916015625 (ms), cudaEventElapsed = 42.93324661254883 (ms)
[RANK1] F @ 381.52197265625 (ms) to 416.2607421875 (ms), cudaEventElapsed = 34.705406188964844 (ms)
[RANK1] B @ 418.5869140625 (ms) to 464.05419921875 (ms), cudaEventElapsed = 45.439998626708984 (ms)
[RANK1] F @ 465.484130859375 (ms) to 500.29345703125 (ms), cudaEventElapsed = 34.78220748901367 (ms)
[RANK1] B @ 501.94384765625 (ms) to 546.852783203125 (ms), cudaEventElapsed = 44.8798713684082 (ms)
[RANK1] F @ 548.333984375 (ms) to 583.54833984375 (ms), cudaEventElapsed = 35.185665130615234 (ms)
[RANK1] B @ 585.213134765625 (ms) to 630.016845703125 (ms), cudaEventElapsed = 44.77542495727539 (ms)
[RANK1] F @ 671.44189453125 (ms) to 703.0986328125 (ms), cudaEventElapsed = 31.62828826904297 (ms)
[RANK1] B @ 704.77978515625 (ms) to 748.182861328125 (ms), cudaEventElapsed = 43.37664031982422 (ms)
[RANK1] F @ 749.600341796875 (ms) to 784.80517578125 (ms), cudaEventElapsed = 35.176448822021484 (ms)
[RANK1] B @ 786.6025390625 (ms) to 831.253662109375 (ms), cudaEventElapsed = 44.62694549560547 (ms)
[RANK1] F @ 832.504150390625 (ms) to 867.635009765625 (ms), cudaEventElapsed = 35.10784149169922 (ms)
[RANK1] B @ 868.969482421875 (ms) to 914.376220703125 (ms), cudaEventElapsed = 45.38470458984375 (ms)
[RANK1] F @ 915.61279296875 (ms) to 950.864013671875 (ms), cudaEventElapsed = 35.22662353515625 (ms)
[RANK1] B @ 952.22216796875 (ms) to 997.7822265625 (ms), cudaEventElapsed = 45.53728103637695 (ms)
[RANK1] W @ 998.523193359375 (ms) to 1022.269775390625 (ms), cudaEventElapsed = 23.72096061706543 (ms)
[RANK1] B @ 1034.013427734375 (ms) to 1078.21630859375 (ms), cudaEventElapsed = 44.18048095703125 (ms)
[RANK1] W @ 1078.968994140625 (ms) to 1102.245361328125 (ms), cudaEventElapsed = 23.254016876220703 (ms)
[RANK1] B @ 1115.399658203125 (ms) to 1159.239501953125 (ms), cudaEventElapsed = 43.81184005737305 (ms)
[RANK1] W @ 1159.999755859375 (ms) to 1182.975341796875 (ms), cudaEventElapsed = 22.948863983154297 (ms)
[RANK1] B @ 1188.37548828125 (ms) to 1233.756591796875 (ms), cudaEventElapsed = 45.35808181762695 (ms)
[RANK1] W @ 1234.54248046875 (ms) to 1258.282958984375 (ms), cudaEventElapsed = 23.71788787841797 (ms)
[RANK1] B @ 1259.489990234375 (ms) to 1306.235595703125 (ms), cudaEventElapsed = 46.72409439086914 (ms)
[RANK1] 8W @ 1308.1103515625 (ms) to 1521.160888671875 (ms), cudaEventElapsed = 213.02169799804688 (ms)
[RANK1] Iteration 3
[RANK1] F @ 34.11767578125 (ms) to 75.017822265625 (ms), cudaEventElapsed = 40.87091064453125 (ms)
[RANK1] F @ 76.545166015625 (ms) to 110.379638671875 (ms), cudaEventElapsed = 33.80326461791992 (ms)
[RANK1] F @ 112.032958984375 (ms) to 149.631103515625 (ms), cudaEventElapsed = 37.57158279418945 (ms)
[RANK1] F @ 150.940185546875 (ms) to 187.42578125 (ms), cudaEventElapsed = 36.45951843261719 (ms)
[RANK1] F @ 188.7421875 (ms) to 224.884521484375 (ms), cudaEventElapsed = 36.11955261230469 (ms)
[RANK1] B @ 247.30224609375 (ms) to 289.44970703125 (ms), cudaEventElapsed = 42.12326431274414 (ms)
[RANK1] F @ 290.902099609375 (ms) to 325.48583984375 (ms), cudaEventElapsed = 34.55487823486328 (ms)
[RANK1] B @ 331.351806640625 (ms) to 375.869873046875 (ms), cudaEventElapsed = 44.486656188964844 (ms)
[RANK1] F @ 377.3095703125 (ms) to 412.366943359375 (ms), cudaEventElapsed = 35.02796936035156 (ms)
[RANK1] B @ 418.906494140625 (ms) to 463.482421875 (ms), cudaEventElapsed = 44.54399871826172 (ms)
[RANK1] F @ 464.940673828125 (ms) to 499.528564453125 (ms), cudaEventElapsed = 34.55897521972656 (ms)
[RANK1] B @ 501.189453125 (ms) to 546.399169921875 (ms), cudaEventElapsed = 45.18092727661133 (ms)
[RANK1] F @ 547.818359375 (ms) to 583.141845703125 (ms), cudaEventElapsed = 35.293182373046875 (ms)
[RANK1] B @ 584.8759765625 (ms) to 629.74462890625 (ms), cudaEventElapsed = 44.83891296386719 (ms)
[RANK1] F @ 631.18505859375 (ms) to 666.18017578125 (ms), cudaEventElapsed = 34.96857452392578 (ms)
[RANK1] B @ 667.862548828125 (ms) to 713.0166015625 (ms), cudaEventElapsed = 45.125633239746094 (ms)
[RANK1] F @ 714.553955078125 (ms) to 749.92138671875 (ms), cudaEventElapsed = 35.334144592285156 (ms)
[RANK1] B @ 751.350830078125 (ms) to 796.942138671875 (ms), cudaEventElapsed = 45.56800079345703 (ms)
[RANK1] F @ 798.192626953125 (ms) to 833.505859375 (ms), cudaEventElapsed = 35.29011154174805 (ms)
[RANK1] B @ 836.205078125 (ms) to 902.18505859375 (ms), cudaEventElapsed = 65.9578857421875 (ms)
[RANK1] W @ 902.952880859375 (ms) to 924.26220703125 (ms), cudaEventElapsed = 21.28691291809082 (ms)
[RANK1] B @ 925.97314453125 (ms) to 973.7177734375 (ms), cudaEventElapsed = 47.72351837158203 (ms)
[RANK1] W @ 974.488525390625 (ms) to 998.734619140625 (ms), cudaEventElapsed = 24.223743438720703 (ms)
[RANK1] B @ 1006.095703125 (ms) to 1050.708740234375 (ms), cudaEventElapsed = 44.591102600097656 (ms)
[RANK1] W @ 1051.471435546875 (ms) to 1074.44091796875 (ms), cudaEventElapsed = 22.946815490722656 (ms)
[RANK1] B @ 1080.801025390625 (ms) to 1126.868408203125 (ms), cudaEventElapsed = 46.04518508911133 (ms)
[RANK1] W @ 1127.67626953125 (ms) to 1151.702392578125 (ms), cudaEventElapsed = 24.001535415649414 (ms)
[RANK1] B @ 1152.517578125 (ms) to 1200.65576171875 (ms), cudaEventElapsed = 48.116737365722656 (ms)
[RANK1] 8W @ 1202.94287109375 (ms) to 1418.61962890625 (ms), cudaEventElapsed = 215.64723205566406 (ms)
[RANK1] Iteration 4
[RANK1] F @ 33.0615234375 (ms) to 72.72509765625 (ms), cudaEventElapsed = 39.632896423339844 (ms)
[RANK1] F @ 74.31884765625 (ms) to 108.607421875 (ms), cudaEventElapsed = 34.25996780395508 (ms)
[RANK1] F @ 110.190673828125 (ms) to 147.016845703125 (ms), cudaEventElapsed = 36.79539108276367 (ms)
[RANK1] F @ 148.6591796875 (ms) to 184.82275390625 (ms), cudaEventElapsed = 36.131839752197266 (ms)
[RANK1] F @ 186.421142578125 (ms) to 221.8017578125 (ms), cudaEventElapsed = 35.350528717041016 (ms)
[RANK1] B @ 246.84423828125 (ms) to 288.86376953125 (ms), cudaEventElapsed = 41.97990417480469 (ms)
[RANK1] F @ 290.3056640625 (ms) to 324.865966796875 (ms), cudaEventElapsed = 34.532352447509766 (ms)
[RANK1] B @ 331.484375 (ms) to 375.8876953125 (ms), cudaEventElapsed = 44.37094497680664 (ms)
[RANK1] F @ 377.366943359375 (ms) to 412.300048828125 (ms), cudaEventElapsed = 34.9040641784668 (ms)
[RANK1] B @ 417.34423828125 (ms) to 461.99853515625 (ms), cudaEventElapsed = 44.625919342041016 (ms)
[RANK1] F @ 463.435791015625 (ms) to 498.06787109375 (ms), cudaEventElapsed = 34.59481430053711 (ms)
[RANK1] B @ 500.668212890625 (ms) to 545.40478515625 (ms), cudaEventElapsed = 44.70783996582031 (ms)
[RANK1] F @ 546.8154296875 (ms) to 581.624267578125 (ms), cudaEventElapsed = 34.781185150146484 (ms)
[RANK1] B @ 583.321044921875 (ms) to 628.457763671875 (ms), cudaEventElapsed = 45.10515213012695 (ms)
[RANK1] F @ 629.867431640625 (ms) to 665.27392578125 (ms), cudaEventElapsed = 35.38022232055664 (ms)
[RANK1] B @ 667.5048828125 (ms) to 712.28125 (ms), cudaEventElapsed = 44.74879837036133 (ms)
[RANK1] F @ 713.690185546875 (ms) to 748.7841796875 (ms), cudaEventElapsed = 35.06585693359375 (ms)
[RANK1] B @ 751.013671875 (ms) to 827.138916015625 (ms), cudaEventElapsed = 76.0975341796875 (ms)
[RANK1] F @ 828.8671875 (ms) to 861.983642578125 (ms), cudaEventElapsed = 33.09056091308594 (ms)
[RANK1] B @ 864.0869140625 (ms) to 910.120361328125 (ms), cudaEventElapsed = 46.011390686035156 (ms)
[RANK1] W @ 910.87890625 (ms) to 936.091552734375 (ms), cudaEventElapsed = 25.190399169921875 (ms)
[RANK1] B @ 936.8798828125 (ms) to 984.321044921875 (ms), cudaEventElapsed = 47.42041778564453 (ms)
[RANK1] W @ 985.07177734375 (ms) to 1008.770751953125 (ms), cudaEventElapsed = 23.67795181274414 (ms)
[RANK1] B @ 1009.55712890625 (ms) to 1056.915283203125 (ms), cudaEventElapsed = 47.33747100830078 (ms)
[RANK1] W @ 1057.697998046875 (ms) to 1082.2880859375 (ms), cudaEventElapsed = 24.567808151245117 (ms)
[RANK1] B @ 1083.096435546875 (ms) to 1130.1455078125 (ms), cudaEventElapsed = 47.02924728393555 (ms)
[RANK1] W @ 1130.90673828125 (ms) to 1155.95556640625 (ms), cudaEventElapsed = 25.027584075927734 (ms)
[RANK1] B @ 1156.7451171875 (ms) to 1204.402587890625 (ms), cudaEventElapsed = 47.63340759277344 (ms)
[RANK1] 8W @ 1206.343017578125 (ms) to 1420.408447265625 (ms), cudaEventElapsed = 214.03135681152344 (ms)
[RANK1] Iteration 5
[RANK1] F @ 34.341552734375 (ms) to 70.97509765625 (ms), cudaEventElapsed = 36.60287857055664 (ms)
[RANK1] F @ 72.563720703125 (ms) to 106.013427734375 (ms), cudaEventElapsed = 33.41926574707031 (ms)
[RANK1] F @ 107.583984375 (ms) to 143.487548828125 (ms), cudaEventElapsed = 35.86969757080078 (ms)
[RANK1] F @ 145.1162109375 (ms) to 181.6826171875 (ms), cudaEventElapsed = 36.52608108520508 (ms)
[RANK1] F @ 183.300048828125 (ms) to 219.357421875 (ms), cudaEventElapsed = 36.02739334106445 (ms)
[RANK1] B @ 483.3427734375 (ms) to 524.604736328125 (ms), cudaEventElapsed = 41.227264404296875 (ms)
[RANK1] F @ 526.08349609375 (ms) to 560.8173828125 (ms), cudaEventElapsed = 34.702335357666016 (ms)
[RANK1] B @ 568.33447265625 (ms) to 613.441162109375 (ms), cudaEventElapsed = 45.07340621948242 (ms)
[RANK1] F @ 614.731689453125 (ms) to 649.061279296875 (ms), cudaEventElapsed = 34.302974700927734 (ms)
[RANK1] B @ 650.83935546875 (ms) to 696.089599609375 (ms), cudaEventElapsed = 45.21984100341797 (ms)
[RANK1] F @ 697.58251953125 (ms) to 733.139404296875 (ms), cudaEventElapsed = 35.525630950927734 (ms)
[RANK1] B @ 880.9375 (ms) to 921.9580078125 (ms), cudaEventElapsed = 40.990718841552734 (ms)
[RANK1] F @ 923.41943359375 (ms) to 957.622314453125 (ms), cudaEventElapsed = 34.17599868774414 (ms)
[RANK1] B @ 970.4013671875 (ms) to 1013.88232421875 (ms), cudaEventElapsed = 43.45036697387695 (ms)
[RANK1] F @ 1015.33154296875 (ms) to 1049.3359375 (ms), cudaEventElapsed = 33.976318359375 (ms)
[RANK1] B @ 1054.168701171875 (ms) to 1098.63037109375 (ms), cudaEventElapsed = 44.431358337402344 (ms)
[RANK1] F @ 1100.08740234375 (ms) to 1135.031494140625 (ms), cudaEventElapsed = 34.916351318359375 (ms)
[RANK1] B @ 1278.614501953125 (ms) to 1319.596923828125 (ms), cudaEventElapsed = 40.959999084472656 (ms)
[RANK1] F @ 1320.8349609375 (ms) to 1354.75439453125 (ms), cudaEventElapsed = 33.896446228027344 (ms)
[RANK1] B @ 1370.288330078125 (ms) to 1440.877197265625 (ms), cudaEventElapsed = 70.56486511230469 (ms)
[RANK1] W @ 1441.873046875 (ms) to 1461.44580078125 (ms), cudaEventElapsed = 19.545087814331055 (ms)
[RANK1] B @ 1462.966552734375 (ms) to 1509.852294921875 (ms), cudaEventElapsed = 46.857215881347656 (ms)
[RANK1] W @ 1510.641357421875 (ms) to 1534.673828125 (ms), cudaEventElapsed = 24.009727478027344 (ms)
[RANK1] B @ 1676.370361328125 (ms) to 1717.331787109375 (ms), cudaEventElapsed = 40.93849563598633 (ms)
[RANK1] W @ 1718.1181640625 (ms) to 1739.267578125 (ms), cudaEventElapsed = 21.112831115722656 (ms)
[RANK1] B @ 1764.507080078125 (ms) to 1806.77001953125 (ms), cudaEventElapsed = 42.24204635620117 (ms)
[RANK1] W @ 1807.58447265625 (ms) to 1830.845458984375 (ms), cudaEventElapsed = 23.234560012817383 (ms)
[RANK1] B @ 1852.3642578125 (ms) to 1894.978271484375 (ms), cudaEventElapsed = 42.59123229980469 (ms)
[RANK1] 8W @ 1897.26513671875 (ms) to 2110.331787109375 (ms), cudaEventElapsed = 213.0370635986328 (ms)
[RANK1] Iteration 6
[RANK1] F @ 33.954345703125 (ms) to 65.48974609375 (ms), cudaEventElapsed = 31.506431579589844 (ms)
[RANK1] F @ 67.243896484375 (ms) to 101.39599609375 (ms), cudaEventElapsed = 34.127872467041016 (ms)
[RANK1] F @ 103.133056640625 (ms) to 140.271728515625 (ms), cudaEventElapsed = 37.10566329956055 (ms)
[RANK1] F @ 141.865966796875 (ms) to 178.31298828125 (ms), cudaEventElapsed = 36.41856002807617 (ms)
[RANK1] F @ 179.944091796875 (ms) to 215.52490234375 (ms), cudaEventElapsed = 35.5522575378418 (ms)
[RANK1] B @ 472.814208984375 (ms) to 513.922607421875 (ms), cudaEventElapsed = 41.07571029663086 (ms)
[RANK1] F @ 515.433837890625 (ms) to 548.934814453125 (ms), cudaEventElapsed = 33.47148895263672 (ms)
[RANK1] B @ 557.962158203125 (ms) to 601.862060546875 (ms), cudaEventElapsed = 43.86918258666992 (ms)
[RANK1] F @ 603.32666015625 (ms) to 638.345703125 (ms), cudaEventElapsed = 34.98905563354492 (ms)
[RANK1] B @ 640.55419921875 (ms) to 685.03857421875 (ms), cudaEventElapsed = 44.451839447021484 (ms)
[RANK1] F @ 686.556396484375 (ms) to 721.755859375 (ms), cudaEventElapsed = 35.171329498291016 (ms)
[RANK1] B @ 870.69970703125 (ms) to 911.919921875 (ms), cudaEventElapsed = 41.185279846191406 (ms)
[RANK1] F @ 913.3828125 (ms) to 946.707275390625 (ms), cudaEventElapsed = 33.296382904052734 (ms)
[RANK1] B @ 958.431884765625 (ms) to 1001.895751953125 (ms), cudaEventElapsed = 43.43910217285156 (ms)
[RANK1] F @ 1003.19091796875 (ms) to 1038.02099609375 (ms), cudaEventElapsed = 34.80780792236328 (ms)
[RANK1] B @ 1043.115478515625 (ms) to 1087.603515625 (ms), cudaEventElapsed = 44.465152740478516 (ms)
[RANK1] F @ 1088.863037109375 (ms) to 1123.80029296875 (ms), cudaEventElapsed = 34.91532897949219 (ms)
[RANK1] B @ 1268.629638671875 (ms) to 1309.88232421875 (ms), cudaEventElapsed = 41.227264404296875 (ms)
[RANK1] F @ 1311.183349609375 (ms) to 1345.4052734375 (ms), cudaEventElapsed = 34.19955062866211 (ms)
[RANK1] B @ 1362.15234375 (ms) to 1430.78759765625 (ms), cudaEventElapsed = 68.61106872558594 (ms)
[RANK1] W @ 1431.82421875 (ms) to 1452.169189453125 (ms), cudaEventElapsed = 20.310016632080078 (ms)
[RANK1] B @ 1453.79150390625 (ms) to 1499.8662109375 (ms), cudaEventElapsed = 46.042110443115234 (ms)
[RANK1] W @ 1500.706298828125 (ms) to 1524.038330078125 (ms), cudaEventElapsed = 23.30931282043457 (ms)
[RANK1] B @ 1665.549072265625 (ms) to 1706.411865234375 (ms), cudaEventElapsed = 40.841217041015625 (ms)
[RANK1] W @ 1707.199462890625 (ms) to 1728.642578125 (ms), cudaEventElapsed = 21.421056747436523 (ms)
[RANK1] B @ 1754.04833984375 (ms) to 1796.293212890625 (ms), cudaEventElapsed = 42.22361755371094 (ms)
[RANK1] W @ 1797.062255859375 (ms) to 1819.068603515625 (ms), cudaEventElapsed = 21.984256744384766 (ms)
[RANK1] B @ 1843.784912109375 (ms) to 1885.641845703125 (ms), cudaEventElapsed = 41.836544036865234 (ms)
[RANK1] 8W @ 1887.5791015625 (ms) to 2100.274169921875 (ms), cudaEventElapsed = 212.66636657714844 (ms)
[RANK1] Iteration 7
[RANK1] F @ 33.48095703125 (ms) to 72.191162109375 (ms), cudaEventElapsed = 38.67955017089844 (ms)
[RANK1] F @ 73.77880859375 (ms) to 107.52197265625 (ms), cudaEventElapsed = 33.7151985168457 (ms)
[RANK1] F @ 109.0986328125 (ms) to 146.034423828125 (ms), cudaEventElapsed = 36.90700912475586 (ms)
[RANK1] F @ 147.595947265625 (ms) to 183.8671875 (ms), cudaEventElapsed = 36.242431640625 (ms)
[RANK1] F @ 185.451171875 (ms) to 221.4130859375 (ms), cudaEventElapsed = 35.932159423828125 (ms)
[RANK1] B @ 480.92724609375 (ms) to 522.09228515625 (ms), cudaEventElapsed = 41.13612747192383 (ms)
[RANK1] F @ 523.522705078125 (ms) to 556.820556640625 (ms), cudaEventElapsed = 33.26976013183594 (ms)
[RANK1] B @ 563.142333984375 (ms) to 607.0849609375 (ms), cudaEventElapsed = 43.914241790771484 (ms)
[RANK1] F @ 608.6435546875 (ms) to 643.48095703125 (ms), cudaEventElapsed = 34.80473709106445 (ms)
[RANK1] B @ 648.02001953125 (ms) to 692.85888671875 (ms), cudaEventElapsed = 44.81331253051758 (ms)
[RANK1] F @ 694.1318359375 (ms) to 729.098876953125 (ms), cudaEventElapsed = 34.94502258300781 (ms)
[RANK1] B @ 876.8427734375 (ms) to 917.9150390625 (ms), cudaEventElapsed = 41.043968200683594 (ms)
[RANK1] F @ 919.322998046875 (ms) to 953.10546875 (ms), cudaEventElapsed = 33.756160736083984 (ms)
[RANK1] B @ 967.31884765625 (ms) to 1010.394775390625 (ms), cudaEventElapsed = 43.047935485839844 (ms)
[RANK1] F @ 1011.783935546875 (ms) to 1046.408935546875 (ms), cudaEventElapsed = 34.59891128540039 (ms)
[RANK1] B @ 1052.828369140625 (ms) to 1097.7724609375 (ms), cudaEventElapsed = 44.9167366027832 (ms)
[RANK1] F @ 1099.163330078125 (ms) to 1133.781494140625 (ms), cudaEventElapsed = 34.59174346923828 (ms)
[RANK1] B @ 1274.482177734375 (ms) to 1315.466552734375 (ms), cudaEventElapsed = 40.96307373046875 (ms)
[RANK1] F @ 1316.71044921875 (ms) to 1350.375 (ms), cudaEventElapsed = 33.642494201660156 (ms)
[RANK1] B @ 1367.37548828125 (ms) to 1434.629150390625 (ms), cudaEventElapsed = 67.22252655029297 (ms)
[RANK1] W @ 1435.37939453125 (ms) to 1455.704345703125 (ms), cudaEventElapsed = 20.2926082611084 (ms)
[RANK1] B @ 1457.318115234375 (ms) to 1503.439208984375 (ms), cudaEventElapsed = 46.10047912597656 (ms)
[RANK1] W @ 1504.1943359375 (ms) to 1527.41845703125 (ms), cudaEventElapsed = 23.194623947143555 (ms)
[RANK1] B @ 1670.8525390625 (ms) to 1711.752685546875 (ms), cudaEventElapsed = 40.87910461425781 (ms)
[RANK1] W @ 1712.5361328125 (ms) to 1734.789306640625 (ms), cudaEventElapsed = 22.230016708374023 (ms)
[RANK1] B @ 1761.567626953125 (ms) to 1804.1259765625 (ms), cudaEventElapsed = 42.53696060180664 (ms)
[RANK1] W @ 1804.878173828125 (ms) to 1827.137939453125 (ms), cudaEventElapsed = 22.23923110961914 (ms)
[RANK1] B @ 1849.309326171875 (ms) to 1891.799072265625 (ms), cudaEventElapsed = 42.46937561035156 (ms)
[RANK1] 8W @ 1894.009033203125 (ms) to 2105.79638671875 (ms), cudaEventElapsed = 211.7591094970703 (ms)
[RANK1] Iteration 8
[RANK1] F @ 33.06884765625 (ms) to 70.952880859375 (ms), cudaEventElapsed = 37.85625457763672 (ms)
[RANK1] F @ 72.480224609375 (ms) to 106.664794921875 (ms), cudaEventElapsed = 34.157569885253906 (ms)
[RANK1] F @ 108.216064453125 (ms) to 144.825439453125 (ms), cudaEventElapsed = 36.58137512207031 (ms)
[RANK1] F @ 146.380126953125 (ms) to 182.393310546875 (ms), cudaEventElapsed = 35.985408782958984 (ms)
[RANK1] F @ 183.94287109375 (ms) to 219.503662109375 (ms), cudaEventElapsed = 35.532798767089844 (ms)
[RANK1] B @ 479.53271484375 (ms) to 520.587646484375 (ms), cudaEventElapsed = 41.02656173706055 (ms)
[RANK1] F @ 522.00732421875 (ms) to 555.719482421875 (ms), cudaEventElapsed = 33.67833709716797 (ms)
[RANK1] B @ 563.701904296875 (ms) to 608.241455078125 (ms), cudaEventElapsed = 44.51123046875 (ms)
[RANK1] F @ 609.643798828125 (ms) to 644.760986328125 (ms), cudaEventElapsed = 35.08531188964844 (ms)
[RANK1] B @ 646.9130859375 (ms) to 691.72412109375 (ms), cudaEventElapsed = 44.78771209716797 (ms)
[RANK1] F @ 692.993896484375 (ms) to 728.017822265625 (ms), cudaEventElapsed = 34.99827194213867 (ms)
[RANK1] B @ 876.34814453125 (ms) to 917.470947265625 (ms), cudaEventElapsed = 41.09414291381836 (ms)
[RANK1] F @ 919.048828125 (ms) to 953.076904296875 (ms), cudaEventElapsed = 33.99679946899414 (ms)
[RANK1] B @ 966.848876953125 (ms) to 1009.91455078125 (ms), cudaEventElapsed = 43.037696838378906 (ms)
[RANK1] F @ 1011.31591796875 (ms) to 1046.008544921875 (ms), cudaEventElapsed = 34.665470123291016 (ms)
[RANK1] B @ 1048.631591796875 (ms) to 1093.267578125 (ms), cudaEventElapsed = 44.605438232421875 (ms)
[RANK1] F @ 1094.665283203125 (ms) to 1129.793212890625 (ms), cudaEventElapsed = 35.1016960144043 (ms)
[RANK1] B @ 1274.4228515625 (ms) to 1315.487060546875 (ms), cudaEventElapsed = 41.04191970825195 (ms)
[RANK1] F @ 1316.733642578125 (ms) to 1351.30517578125 (ms), cudaEventElapsed = 34.546688079833984 (ms)
[RANK1] B @ 1367.3779296875 (ms) to 1434.76025390625 (ms), cudaEventElapsed = 67.3597412109375 (ms)
[RANK1] W @ 1435.521484375 (ms) to 1455.62744140625 (ms), cudaEventElapsed = 20.08064079284668 (ms)
[RANK1] B @ 1457.310302734375 (ms) to 1504.36962890625 (ms), cudaEventElapsed = 47.03744125366211 (ms)
[RANK1] W @ 1505.131103515625 (ms) to 1528.738037109375 (ms), cudaEventElapsed = 23.586816787719727 (ms)
[RANK1] B @ 1665.592041015625 (ms) to 1706.576904296875 (ms), cudaEventElapsed = 40.96307373046875 (ms)
[RANK1] W @ 1707.3642578125 (ms) to 1728.77978515625 (ms), cudaEventElapsed = 21.394432067871094 (ms)
[RANK1] B @ 1762.485107421875 (ms) to 1804.150146484375 (ms), cudaEventElapsed = 41.6440315246582 (ms)
[RANK1] W @ 1804.92236328125 (ms) to 1826.651611328125 (ms), cudaEventElapsed = 21.70675277709961 (ms)
[RANK1] B @ 1849.634033203125 (ms) to 1892.20751953125 (ms), cudaEventElapsed = 42.55231857299805 (ms)
[RANK1] 8W @ 1894.15380859375 (ms) to 2105.86962890625 (ms), cudaEventElapsed = 211.6874237060547 (ms)
[RANK1] Iteration 9
[RANK1] F @ 33.693115234375 (ms) to 70.7001953125 (ms), cudaEventElapsed = 36.982784271240234 (ms)
[RANK1] F @ 72.053466796875 (ms) to 106.46044921875 (ms), cudaEventElapsed = 34.38079833984375 (ms)
[RANK1] F @ 107.8134765625 (ms) to 144.20703125 (ms), cudaEventElapsed = 36.37043380737305 (ms)
[RANK1] F @ 145.800537109375 (ms) to 182.055419921875 (ms), cudaEventElapsed = 36.22502517700195 (ms)
[RANK1] F @ 183.650146484375 (ms) to 219.50048828125 (ms), cudaEventElapsed = 35.813377380371094 (ms)
[RANK1] B @ 479.240234375 (ms) to 520.415283203125 (ms), cudaEventElapsed = 41.14329528808594 (ms)
[RANK1] F @ 521.909423828125 (ms) to 555.545166015625 (ms), cudaEventElapsed = 33.60255813598633 (ms)
[RANK1] B @ 563.7314453125 (ms) to 608.052734375 (ms), cudaEventElapsed = 44.29209518432617 (ms)
[RANK1] F @ 609.502197265625 (ms) to 644.244384765625 (ms), cudaEventElapsed = 34.42585754394531 (ms)
[RANK1] B @ 648.39599609375 (ms) to 692.833984375 (ms), cudaEventElapsed = 44.409854888916016 (ms)
[RANK1] F @ 694.1298828125 (ms) to 729.102294921875 (ms), cudaEventElapsed = 34.95014572143555 (ms)
[RANK1] B @ 877.056640625 (ms) to 918.103271484375 (ms), cudaEventElapsed = 41.022464752197266 (ms)
[RANK1] F @ 919.407470703125 (ms) to 953.600830078125 (ms), cudaEventElapsed = 34.17087936401367 (ms)
[RANK1] B @ 966.95166015625 (ms) to 1010.425048828125 (ms), cudaEventElapsed = 43.44831848144531 (ms)
[RANK1] F @ 1011.67041015625 (ms) to 1046.73388671875 (ms), cudaEventElapsed = 35.0382080078125 (ms)
[RANK1] B @ 1051.495849609375 (ms) to 1096.17333984375 (ms), cudaEventElapsed = 44.65254211425781 (ms)
[RANK1] F @ 1097.431640625 (ms) to 1132.20849609375 (ms), cudaEventElapsed = 34.75251388549805 (ms)
[RANK1] B @ 1274.156982421875 (ms) to 1315.010498046875 (ms), cudaEventElapsed = 40.82892990112305 (ms)
[RANK1] F @ 1316.23193359375 (ms) to 1349.580322265625 (ms), cudaEventElapsed = 33.326080322265625 (ms)
[RANK1] B @ 1367.95068359375 (ms) to 1435.463134765625 (ms), cudaEventElapsed = 67.48979187011719 (ms)
[RANK1] W @ 1436.214599609375 (ms) to 1455.87548828125 (ms), cudaEventElapsed = 19.6362247467041 (ms)
[RANK1] B @ 1457.346435546875 (ms) to 1504.68896484375 (ms), cudaEventElapsed = 47.32108688354492 (ms)
[RANK1] W @ 1505.4765625 (ms) to 1529.59033203125 (ms), cudaEventElapsed = 24.08857536315918 (ms)
[RANK1] B @ 1668.147216796875 (ms) to 1709.04833984375 (ms), cudaEventElapsed = 40.87705612182617 (ms)
[RANK1] W @ 1709.835205078125 (ms) to 1731.010498046875 (ms), cudaEventElapsed = 21.149696350097656 (ms)
[RANK1] B @ 1765.097900390625 (ms) to 1806.6708984375 (ms), cudaEventElapsed = 41.550846099853516 (ms)
[RANK1] W @ 1807.443115234375 (ms) to 1829.1494140625 (ms), cudaEventElapsed = 21.68320083618164 (ms)
[RANK1] B @ 1851.232666015625 (ms) to 1894.0205078125 (ms), cudaEventElapsed = 42.76428985595703 (ms)
[RANK1] 8W @ 1896.709228515625 (ms) to 2109.749267578125 (ms), cudaEventElapsed = 213.00531005859375 (ms)
