[RANK1] Iteration 1
[RANK1] F @ 83.875732421875 (ms) to 116.001220703125 (ms), cudaEventElapsed = 32.07219314575195 (ms)
[RANK1] F @ 171.848388671875 (ms) to 203.390625 (ms), cudaEventElapsed = 31.490432739257812 (ms)
[RANK1] F @ 203.828369140625 (ms) to 238.157958984375 (ms), cudaEventElapsed = 34.29244613647461 (ms)
[RANK1] F @ 238.465087890625 (ms) to 516.264892578125 (ms), cudaEventElapsed = 277.7649230957031 (ms)
[RANK1] F @ 517.833740234375 (ms) to 555.453369140625 (ms), cudaEventElapsed = 37.58448028564453 (ms)
[RANK1] B @ 568.143310546875 (ms) to 609.935791015625 (ms), cudaEventElapsed = 41.75385665893555 (ms)
[RANK1] F @ 613.322998046875 (ms) to 645.858154296875 (ms), cudaEventElapsed = 32.50230407714844 (ms)
[RANK1] B @ 646.156982421875 (ms) to 690.128662109375 (ms), cudaEventElapsed = 43.9420166015625 (ms)
[RANK1] F @ 691.44287109375 (ms) to 725.669921875 (ms), cudaEventElapsed = 34.194496154785156 (ms)
[RANK1] B @ 725.9697265625 (ms) to 770.157958984375 (ms), cudaEventElapsed = 44.148353576660156 (ms)
[RANK1] F @ 770.47802734375 (ms) to 804.715576171875 (ms), cudaEventElapsed = 34.206687927246094 (ms)
[RANK1] B @ 805.068359375 (ms) to 849.535400390625 (ms), cudaEventElapsed = 44.4351692199707 (ms)
[RANK1] W @ 849.753173828125 (ms) to 871.626220703125 (ms), cudaEventElapsed = 21.841920852661133 (ms)
[RANK1] F @ 871.750244140625 (ms) to 906.545654296875 (ms), cudaEventElapsed = 34.76726531982422 (ms)
[RANK1] B @ 1058.297607421875 (ms) to 1098.32275390625 (ms), cudaEventElapsed = 39.98489761352539 (ms)
[RANK1] B @ 1137.383056640625 (ms) to 1176.629150390625 (ms), cudaEventElapsed = 39.20431900024414 (ms)
[RANK1] W @ 1176.777099609375 (ms) to 1195.784912109375 (ms), cudaEventElapsed = 18.976768493652344 (ms)
[RANK1] F @ 1196.013427734375 (ms) to 1230.21533203125 (ms), cudaEventElapsed = 34.171905517578125 (ms)
[RANK1] B @ 1240.436767578125 (ms) to 1284.616943359375 (ms), cudaEventElapsed = 44.147422790527344 (ms)
[RANK1] B @ 1286.0205078125 (ms) to 1327.47119140625 (ms), cudaEventElapsed = 41.419681549072266 (ms)
[RANK1] W @ 1327.606201171875 (ms) to 1347.78759765625 (ms), cudaEventElapsed = 20.153343200683594 (ms)
[RANK1] F @ 1348.018310546875 (ms) to 1382.9951171875 (ms), cudaEventElapsed = 34.94822311401367 (ms)
[RANK1] B @ 1383.263427734375 (ms) to 1428.380126953125 (ms), cudaEventElapsed = 45.08198547363281 (ms)
[RANK1] W @ 1428.578857421875 (ms) to 1451.319580078125 (ms), cudaEventElapsed = 21.603328704833984 (ms)
[RANK1] F @ 1451.548583984375 (ms) to 1485.574462890625 (ms), cudaEventElapsed = 33.98953628540039 (ms)
[RANK1] B @ 1485.8427734375 (ms) to 1529.71826171875 (ms), cudaEventElapsed = 43.83817672729492 (ms)
[RANK1] W @ 1529.875732421875 (ms) to 1550.9736328125 (ms), cudaEventElapsed = 21.05958366394043 (ms)
[RANK1] W @ 1551.109375 (ms) to 1572.541259765625 (ms), cudaEventElapsed = 21.403648376464844 (ms)
[RANK1] B @ 1584.592041015625 (ms) to 1625.2841796875 (ms), cudaEventElapsed = 40.66223907470703 (ms)
[RANK1] W @ 1625.40869140625 (ms) to 1645.24072265625 (ms), cudaEventElapsed = 19.80518341064453 (ms)
[RANK1] W @ 1645.366943359375 (ms) to 1666.468505859375 (ms), cudaEventElapsed = 21.07494354248047 (ms)
[RANK1] B @ 1670.04052734375 (ms) to 1712.18017578125 (ms), cudaEventElapsed = 42.11167907714844 (ms)
[RANK1] 4W @ 1712.308837890625 (ms) to 1795.706787109375 (ms), cudaEventElapsed = 83.36486053466797 (ms)
[RANK1] Iteration 2
[RANK1] F @ 30.88037109375 (ms) to 62.723876953125 (ms), cudaEventElapsed = 31.804096221923828 (ms)
[RANK1] F @ 63.219970703125 (ms) to 97.396728515625 (ms), cudaEventElapsed = 34.14137649536133 (ms)
[RANK1] F @ 97.779296875 (ms) to 134.318115234375 (ms), cudaEventElapsed = 36.50521469116211 (ms)
[RANK1] F @ 134.634033203125 (ms) to 170.851806640625 (ms), cudaEventElapsed = 36.18729782104492 (ms)
[RANK1] F @ 173.017578125 (ms) to 208.9580078125 (ms), cudaEventElapsed = 35.904319763183594 (ms)
[RANK1] B @ 226.1845703125 (ms) to 267.93701171875 (ms), cudaEventElapsed = 41.71267318725586 (ms)
[RANK1] F @ 268.29345703125 (ms) to 301.245361328125 (ms), cudaEventElapsed = 32.91891098022461 (ms)
[RANK1] B @ 305.071044921875 (ms) to 348.382080078125 (ms), cudaEventElapsed = 43.27471923828125 (ms)
[RANK1] F @ 349.857666015625 (ms) to 383.369140625 (ms), cudaEventElapsed = 33.47836685180664 (ms)
[RANK1] B @ 385.3388671875 (ms) to 428.802734375 (ms), cudaEventElapsed = 43.431488037109375 (ms)
[RANK1] F @ 429.14990234375 (ms) to 463.23876953125 (ms), cudaEventElapsed = 34.058624267578125 (ms)
[RANK1] B @ 465.3681640625 (ms) to 509.03271484375 (ms), cudaEventElapsed = 43.63062286376953 (ms)
[RANK1] W @ 509.2705078125 (ms) to 530.657470703125 (ms), cudaEventElapsed = 21.238784790039062 (ms)
[RANK1] F @ 530.821533203125 (ms) to 564.32568359375 (ms), cudaEventElapsed = 33.475006103515625 (ms)
[RANK1] B @ 565.619873046875 (ms) to 610.815185546875 (ms), cudaEventElapsed = 45.162654876708984 (ms)
[RANK1] B @ 624.408203125 (ms) to 665.23486328125 (ms), cudaEventElapsed = 40.79091262817383 (ms)
[RANK1] W @ 665.410888671875 (ms) to 684.863037109375 (ms), cudaEventElapsed = 19.42323112487793 (ms)
[RANK1] F @ 685.118896484375 (ms) to 719.494873046875 (ms), cudaEventElapsed = 34.34774398803711 (ms)
[RANK1] B @ 726.95068359375 (ms) to 771.382568359375 (ms), cudaEventElapsed = 44.397281646728516 (ms)
[RANK1] B @ 772.8330078125 (ms) to 814.279541015625 (ms), cudaEventElapsed = 41.41523361206055 (ms)
[RANK1] W @ 814.443603515625 (ms) to 834.18359375 (ms), cudaEventElapsed = 19.704832077026367 (ms)
[RANK1] F @ 834.451904296875 (ms) to 868.914306640625 (ms), cudaEventElapsed = 34.432350158691406 (ms)
[RANK1] B @ 869.907470703125 (ms) to 914.579833984375 (ms), cudaEventElapsed = 44.6399040222168 (ms)
[RANK1] W @ 914.81982421875 (ms) to 937.82373046875 (ms), cudaEventElapsed = 21.87366485595703 (ms)
[RANK1] F @ 938.097900390625 (ms) to 972.973388671875 (ms), cudaEventElapsed = 34.845664978027344 (ms)
[RANK1] B @ 975.906982421875 (ms) to 1020.05810546875 (ms), cudaEventElapsed = 44.11724853515625 (ms)
[RANK1] W @ 1020.218017578125 (ms) to 1041.144775390625 (ms), cudaEventElapsed = 20.891647338867188 (ms)
[RANK1] W @ 1041.30908203125 (ms) to 1062.585693359375 (ms), cudaEventElapsed = 21.25004768371582 (ms)
[RANK1] B @ 1078.208740234375 (ms) to 1118.701904296875 (ms), cudaEventElapsed = 40.4633903503418 (ms)
[RANK1] W @ 1118.86572265625 (ms) to 1138.55419921875 (ms), cudaEventElapsed = 19.65465545654297 (ms)
[RANK1] W @ 1138.709228515625 (ms) to 1160.005859375 (ms), cudaEventElapsed = 21.27052879333496 (ms)
[RANK1] B @ 1163.6396484375 (ms) to 1205.773681640625 (ms), cudaEventElapsed = 42.104705810546875 (ms)
[RANK1] 4W @ 1205.933349609375 (ms) to 1289.285400390625 (ms), cudaEventElapsed = 83.31980895996094 (ms)
[RANK1] Iteration 3
[RANK1] F @ 30.53271484375 (ms) to 62.382080078125 (ms), cudaEventElapsed = 31.813919067382812 (ms)
[RANK1] F @ 62.774658203125 (ms) to 97.12646484375 (ms), cudaEventElapsed = 34.319583892822266 (ms)
[RANK1] F @ 97.52587890625 (ms) to 134.320556640625 (ms), cudaEventElapsed = 36.76179122924805 (ms)
[RANK1] F @ 134.619140625 (ms) to 170.796875 (ms), cudaEventElapsed = 36.146400451660156 (ms)
[RANK1] F @ 172.44677734375 (ms) to 208.398193359375 (ms), cudaEventElapsed = 35.9169921875 (ms)
[RANK1] B @ 228.621826171875 (ms) to 269.776611328125 (ms), cudaEventElapsed = 41.116416931152344 (ms)
[RANK1] F @ 270.141845703125 (ms) to 303.534912109375 (ms), cudaEventElapsed = 33.3614387512207 (ms)
[RANK1] B @ 307.6259765625 (ms) to 351.192138671875 (ms), cudaEventElapsed = 43.53142547607422 (ms)
[RANK1] F @ 352.63720703125 (ms) to 386.60888671875 (ms), cudaEventElapsed = 33.94009780883789 (ms)
[RANK1] B @ 387.83544921875 (ms) to 431.66552734375 (ms), cudaEventElapsed = 43.797569274902344 (ms)
[RANK1] F @ 432.0146484375 (ms) to 466.580810546875 (ms), cudaEventElapsed = 34.53478240966797 (ms)
[RANK1] B @ 467.844482421875 (ms) to 511.953857421875 (ms), cudaEventElapsed = 44.075809478759766 (ms)
[RANK1] W @ 512.1962890625 (ms) to 533.77734375 (ms), cudaEventElapsed = 21.425151824951172 (ms)
[RANK1] F @ 533.93115234375 (ms) to 567.67822265625 (ms), cudaEventElapsed = 33.719200134277344 (ms)
[RANK1] B @ 569.01171875 (ms) to 615.034912109375 (ms), cudaEventElapsed = 45.990814208984375 (ms)
[RANK1] B @ 627.202880859375 (ms) to 667.66845703125 (ms), cudaEventElapsed = 40.4317741394043 (ms)
[RANK1] W @ 667.843017578125 (ms) to 687.340576171875 (ms), cudaEventElapsed = 19.46931266784668 (ms)
[RANK1] F @ 687.596923828125 (ms) to 722.328369140625 (ms), cudaEventElapsed = 34.702239990234375 (ms)
[RANK1] B @ 730.68896484375 (ms) to 775.124267578125 (ms), cudaEventElapsed = 44.3988151550293 (ms)
[RANK1] B @ 776.771728515625 (ms) to 818.16015625 (ms), cudaEventElapsed = 41.353759765625 (ms)
[RANK1] W @ 818.33349609375 (ms) to 838.297607421875 (ms), cudaEventElapsed = 19.935232162475586 (ms)
[RANK1] F @ 838.551513671875 (ms) to 872.55712890625 (ms), cudaEventElapsed = 33.977630615234375 (ms)
[RANK1] B @ 872.86572265625 (ms) to 918.41748046875 (ms), cudaEventElapsed = 45.521663665771484 (ms)
[RANK1] W @ 918.642333984375 (ms) to 941.40966796875 (ms), cudaEventElapsed = 21.619712829589844 (ms)
[RANK1] F @ 941.6630859375 (ms) to 975.74365234375 (ms), cudaEventElapsed = 34.05241775512695 (ms)
[RANK1] B @ 976.433837890625 (ms) to 1020.194580078125 (ms), cudaEventElapsed = 43.72889709472656 (ms)
[RANK1] W @ 1020.3623046875 (ms) to 1041.3291015625 (ms), cudaEventElapsed = 20.930559158325195 (ms)
[RANK1] W @ 1041.484619140625 (ms) to 1062.824951171875 (ms), cudaEventElapsed = 21.312511444091797 (ms)
[RANK1] B @ 1078.68798828125 (ms) to 1119.389404296875 (ms), cudaEventElapsed = 40.67193603515625 (ms)
[RANK1] W @ 1119.539794921875 (ms) to 1138.954833984375 (ms), cudaEventElapsed = 19.389440536499023 (ms)
[RANK1] W @ 1139.1064453125 (ms) to 1159.951416015625 (ms), cudaEventElapsed = 20.817920684814453 (ms)
[RANK1] B @ 1164.700439453125 (ms) to 1206.2041015625 (ms), cudaEventElapsed = 41.47520065307617 (ms)
[RANK1] 4W @ 1206.363037109375 (ms) to 1289.18017578125 (ms), cudaEventElapsed = 82.78323364257812 (ms)
[RANK1] Iteration 4
[RANK1] F @ 30.469970703125 (ms) to 62.21240234375 (ms), cudaEventElapsed = 31.707136154174805 (ms)
[RANK1] F @ 62.614501953125 (ms) to 97.049072265625 (ms), cudaEventElapsed = 34.40412902832031 (ms)
[RANK1] F @ 97.421630859375 (ms) to 134.17919921875 (ms), cudaEventElapsed = 36.72470474243164 (ms)
[RANK1] F @ 134.486328125 (ms) to 170.963623046875 (ms), cudaEventElapsed = 36.44416046142578 (ms)
[RANK1] F @ 173.841796875 (ms) to 209.6298828125 (ms), cudaEventElapsed = 35.752384185791016 (ms)
[RANK1] B @ 228.5185546875 (ms) to 270.531005859375 (ms), cudaEventElapsed = 41.97603225708008 (ms)
[RANK1] F @ 270.8828125 (ms) to 305.899169921875 (ms), cudaEventElapsed = 34.984832763671875 (ms)
[RANK1] B @ 309.63623046875 (ms) to 354.514404296875 (ms), cudaEventElapsed = 44.844512939453125 (ms)
[RANK1] F @ 355.963623046875 (ms) to 391.96875 (ms), cudaEventElapsed = 35.378047943115234 (ms)
[RANK1] B @ 393.968994140625 (ms) to 438.32080078125 (ms), cudaEventElapsed = 44.31363296508789 (ms)
[RANK1] F @ 438.679931640625 (ms) to 475.01611328125 (ms), cudaEventElapsed = 36.29702377319336 (ms)
[RANK1] B @ 477.241943359375 (ms) to 522.052978515625 (ms), cudaEventElapsed = 44.76985549926758 (ms)
[RANK1] W @ 522.292724609375 (ms) to 546.014404296875 (ms), cudaEventElapsed = 23.563264846801758 (ms)
[RANK1] F @ 546.16748046875 (ms) to 584.58935546875 (ms), cudaEventElapsed = 38.389278411865234 (ms)
[RANK1] B @ 585.9404296875 (ms) to 633.39306640625 (ms), cudaEventElapsed = 47.41196823120117 (ms)
[RANK1] B @ 642.32666015625 (ms) to 685.061767578125 (ms), cudaEventElapsed = 42.695552825927734 (ms)
[RANK1] W @ 685.236328125 (ms) to 708.18408203125 (ms), cudaEventElapsed = 22.91097640991211 (ms)
[RANK1] F @ 708.4580078125 (ms) to 748.49365234375 (ms), cudaEventElapsed = 39.99772644042969 (ms)
[RANK1] B @ 753.11474609375 (ms) to 799.51513671875 (ms), cudaEventElapsed = 46.358558654785156 (ms)
[RANK1] B @ 800.9580078125 (ms) to 845.027099609375 (ms), cudaEventElapsed = 44.03628921508789 (ms)
[RANK1] W @ 845.1875 (ms) to 868.659912109375 (ms), cudaEventElapsed = 23.433216094970703 (ms)
[RANK1] F @ 868.92333984375 (ms) to 911.078125 (ms), cudaEventElapsed = 42.11171340942383 (ms)
[RANK1] B @ 911.39501953125 (ms) to 959.143310546875 (ms), cudaEventElapsed = 47.7154541015625 (ms)
[RANK1] W @ 959.380859375 (ms) to 984.253173828125 (ms), cudaEventElapsed = 23.629823684692383 (ms)
[RANK1] F @ 984.52197265625 (ms) to 1023.367919921875 (ms), cudaEventElapsed = 38.81513595581055 (ms)
[RANK1] B @ 1028.004150390625 (ms) to 1072.97412109375 (ms), cudaEventElapsed = 44.931678771972656 (ms)
[RANK1] W @ 1073.141845703125 (ms) to 1096.538818359375 (ms), cudaEventElapsed = 23.361536026000977 (ms)
[RANK1] W @ 1096.708251953125 (ms) to 1124.36279296875 (ms), cudaEventElapsed = 27.623424530029297 (ms)
[RANK1] B @ 1138.125244140625 (ms) to 1182.346923828125 (ms), cudaEventElapsed = 44.185150146484375 (ms)
[RANK1] W @ 1182.529296875 (ms) to 1205.11669921875 (ms), cudaEventElapsed = 22.552576065063477 (ms)
[RANK1] W @ 1205.27880859375 (ms) to 1232.114501953125 (ms), cudaEventElapsed = 26.807296752929688 (ms)
[RANK1] B @ 1237.467529296875 (ms) to 1282.968994140625 (ms), cudaEventElapsed = 45.466529846191406 (ms)
[RANK1] 4W @ 1283.1279296875 (ms) to 1386.511474609375 (ms), cudaEventElapsed = 103.35027313232422 (ms)
[RANK1] Iteration 5
[RANK1] F @ 30.49267578125 (ms) to 62.5888671875 (ms), cudaEventElapsed = 32.05836868286133 (ms)
[RANK1] F @ 62.9873046875 (ms) to 97.25439453125 (ms), cudaEventElapsed = 34.23478317260742 (ms)
[RANK1] F @ 97.626708984375 (ms) to 134.808349609375 (ms), cudaEventElapsed = 37.14963150024414 (ms)
[RANK1] F @ 135.142578125 (ms) to 171.660400390625 (ms), cudaEventElapsed = 36.48553466796875 (ms)
[RANK1] F @ 174.58642578125 (ms) to 210.47412109375 (ms), cudaEventElapsed = 35.85209655761719 (ms)
[RANK1] B @ 228.955322265625 (ms) to 271.6181640625 (ms), cudaEventElapsed = 42.62326431274414 (ms)
[RANK1] F @ 271.974853515625 (ms) to 307.593017578125 (ms), cudaEventElapsed = 35.583072662353516 (ms)
[RANK1] B @ 311.43994140625 (ms) to 355.830810546875 (ms), cudaEventElapsed = 44.34931182861328 (ms)
[RANK1] F @ 357.271728515625 (ms) to 393.023681640625 (ms), cudaEventElapsed = 35.7154541015625 (ms)
[RANK1] B @ 393.708251953125 (ms) to 438.799072265625 (ms), cudaEventElapsed = 45.04457473754883 (ms)
[RANK1] F @ 439.14697265625 (ms) to 475.44921875 (ms), cudaEventElapsed = 36.25900650024414 (ms)
[RANK1] B @ 476.95068359375 (ms) to 522.189208984375 (ms), cudaEventElapsed = 45.198463439941406 (ms)
[RANK1] W @ 522.423583984375 (ms) to 547.016845703125 (ms), cudaEventElapsed = 24.377344131469727 (ms)
[RANK1] F @ 547.185546875 (ms) to 584.89306640625 (ms), cudaEventElapsed = 37.67683029174805 (ms)
[RANK1] B @ 586.18994140625 (ms) to 633.22021484375 (ms), cudaEventElapsed = 46.996192932128906 (ms)
[RANK1] B @ 641.440185546875 (ms) to 684.87744140625 (ms), cudaEventElapsed = 43.401248931884766 (ms)
[RANK1] W @ 685.039794921875 (ms) to 708.0947265625 (ms), cudaEventElapsed = 23.020544052124023 (ms)
[RANK1] F @ 708.361083984375 (ms) to 746.86962890625 (ms), cudaEventElapsed = 38.479583740234375 (ms)
[RANK1] B @ 752.933349609375 (ms) to 798.56640625 (ms), cudaEventElapsed = 45.59062576293945 (ms)
[RANK1] B @ 800.015869140625 (ms) to 844.132080078125 (ms), cudaEventElapsed = 44.07900619506836 (ms)
[RANK1] W @ 844.289794921875 (ms) to 867.882568359375 (ms), cudaEventElapsed = 23.562240600585938 (ms)
[RANK1] F @ 868.1513671875 (ms) to 909.71240234375 (ms), cudaEventElapsed = 41.53139114379883 (ms)
[RANK1] B @ 910.01123046875 (ms) to 958.451904296875 (ms), cudaEventElapsed = 48.39945602416992 (ms)
[RANK1] W @ 958.67333984375 (ms) to 984.04345703125 (ms), cudaEventElapsed = 24.213504791259766 (ms)
[RANK1] F @ 984.31298828125 (ms) to 1022.654541015625 (ms), cudaEventElapsed = 38.31177520751953 (ms)
[RANK1] B @ 1025.881591796875 (ms) to 1070.61083984375 (ms), cudaEventElapsed = 44.695518493652344 (ms)
[RANK1] W @ 1070.787109375 (ms) to 1093.45556640625 (ms), cudaEventElapsed = 22.632448196411133 (ms)
[RANK1] W @ 1093.619140625 (ms) to 1122.441162109375 (ms), cudaEventElapsed = 28.793855667114258 (ms)
[RANK1] B @ 1137.240478515625 (ms) to 1181.990966796875 (ms), cudaEventElapsed = 44.7184944152832 (ms)
[RANK1] W @ 1182.150634765625 (ms) to 1205.495361328125 (ms), cudaEventElapsed = 23.31545639038086 (ms)
[RANK1] W @ 1205.656494140625 (ms) to 1232.686279296875 (ms), cudaEventElapsed = 26.999807357788086 (ms)
[RANK1] B @ 1236.05908203125 (ms) to 1283.597900390625 (ms), cudaEventElapsed = 47.50297546386719 (ms)
[RANK1] 4W @ 1283.764404296875 (ms) to 1387.865966796875 (ms), cudaEventElapsed = 104.06604766845703 (ms)
[RANK1] Iteration 6
[RANK1] F @ 30.496826171875 (ms) to 62.43994140625 (ms), cudaEventElapsed = 31.903776168823242 (ms)
[RANK1] F @ 62.83251953125 (ms) to 97.728515625 (ms), cudaEventElapsed = 34.840641021728516 (ms)
[RANK1] F @ 98.127197265625 (ms) to 134.650146484375 (ms), cudaEventElapsed = 36.48851013183594 (ms)
[RANK1] F @ 134.9482421875 (ms) to 171.4384765625 (ms), cudaEventElapsed = 36.45267105102539 (ms)
[RANK1] F @ 174.329833984375 (ms) to 210.078857421875 (ms), cudaEventElapsed = 35.714752197265625 (ms)
[RANK1] B @ 229.96044921875 (ms) to 272.02880859375 (ms), cudaEventElapsed = 42.02988815307617 (ms)
[RANK1] F @ 272.385009765625 (ms) to 307.8828125 (ms), cudaEventElapsed = 35.463199615478516 (ms)
[RANK1] B @ 311.857177734375 (ms) to 356.356689453125 (ms), cudaEventElapsed = 44.455230712890625 (ms)
[RANK1] F @ 357.875732421875 (ms) to 393.49267578125 (ms), cudaEventElapsed = 35.580223083496094 (ms)
[RANK1] B @ 394.46044921875 (ms) to 438.9873046875 (ms), cudaEventElapsed = 44.49241638183594 (ms)
[RANK1] F @ 439.354736328125 (ms) to 475.255859375 (ms), cudaEventElapsed = 35.86735916137695 (ms)
[RANK1] B @ 477.714599609375 (ms) to 522.390380859375 (ms), cudaEventElapsed = 44.64131164550781 (ms)
[RANK1] W @ 522.639404296875 (ms) to 546.28857421875 (ms), cudaEventElapsed = 23.48441505432129 (ms)
[RANK1] F @ 546.447998046875 (ms) to 584.62451171875 (ms), cudaEventElapsed = 38.14601516723633 (ms)
[RANK1] B @ 585.9990234375 (ms) to 633.591064453125 (ms), cudaEventElapsed = 47.55721664428711 (ms)
[RANK1] B @ 642.895263671875 (ms) to 685.561767578125 (ms), cudaEventElapsed = 42.629791259765625 (ms)
[RANK1] W @ 685.7353515625 (ms) to 708.168212890625 (ms), cudaEventElapsed = 22.397951126098633 (ms)
[RANK1] F @ 708.443115234375 (ms) to 747.864501953125 (ms), cudaEventElapsed = 39.39177703857422 (ms)
[RANK1] B @ 753.558837890625 (ms) to 800.08349609375 (ms), cudaEventElapsed = 46.47660827636719 (ms)
[RANK1] B @ 801.577880859375 (ms) to 845.149658203125 (ms), cudaEventElapsed = 43.53337478637695 (ms)
[RANK1] W @ 845.31640625 (ms) to 867.9169921875 (ms), cudaEventElapsed = 22.567935943603516 (ms)
[RANK1] F @ 868.18310546875 (ms) to 911.137939453125 (ms), cudaEventElapsed = 42.92595291137695 (ms)
[RANK1] B @ 911.443115234375 (ms) to 959.799072265625 (ms), cudaEventElapsed = 48.322689056396484 (ms)
[RANK1] W @ 960.0244140625 (ms) to 984.401123046875 (ms), cudaEventElapsed = 23.235584259033203 (ms)
[RANK1] F @ 984.675537109375 (ms) to 1023.541748046875 (ms), cudaEventElapsed = 38.83580780029297 (ms)
[RANK1] B @ 1028.983154296875 (ms) to 1074.214111328125 (ms), cudaEventElapsed = 45.19728088378906 (ms)
[RANK1] W @ 1074.382080078125 (ms) to 1098.4365234375 (ms), cudaEventElapsed = 24.022016525268555 (ms)
[RANK1] W @ 1098.61376953125 (ms) to 1126.68115234375 (ms), cudaEventElapsed = 28.039167404174805 (ms)
[RANK1] B @ 1139.97900390625 (ms) to 1184.626220703125 (ms), cudaEventElapsed = 44.606529235839844 (ms)
[RANK1] W @ 1184.822265625 (ms) to 1207.20556640625 (ms), cudaEventElapsed = 22.348800659179688 (ms)
[RANK1] W @ 1207.368408203125 (ms) to 1234.53125 (ms), cudaEventElapsed = 27.13395118713379 (ms)
[RANK1] B @ 1238.903076171875 (ms) to 1285.392822265625 (ms), cudaEventElapsed = 46.459327697753906 (ms)
[RANK1] 4W @ 1285.559326171875 (ms) to 1390.228759765625 (ms), cudaEventElapsed = 104.63231658935547 (ms)
[RANK1] Iteration 7
[RANK1] F @ 27.476806640625 (ms) to 58.41064453125 (ms), cudaEventElapsed = 30.89583969116211 (ms)
[RANK1] F @ 58.987060546875 (ms) to 91.8056640625 (ms), cudaEventElapsed = 32.775550842285156 (ms)
[RANK1] F @ 92.348876953125 (ms) to 128.261962890625 (ms), cudaEventElapsed = 35.868350982666016 (ms)
[RANK1] F @ 128.611328125 (ms) to 163.826416015625 (ms), cudaEventElapsed = 35.173152923583984 (ms)
[RANK1] F @ 166.734130859375 (ms) to 200.585205078125 (ms), cudaEventElapsed = 33.80652618408203 (ms)
[RANK1] F @ 201.1572265625 (ms) to 235.455322265625 (ms), cudaEventElapsed = 34.241920471191406 (ms)
[RANK1] F @ 235.9970703125 (ms) to 271.16943359375 (ms), cudaEventElapsed = 35.12483215332031 (ms)
[RANK1] F @ 271.53955078125 (ms) to 306.5859375 (ms), cudaEventElapsed = 35.00310516357422 (ms)
[RANK1] F @ 308.30810546875 (ms) to 342.53466796875 (ms), cudaEventElapsed = 34.17718505859375 (ms)
[RANK1] F @ 344.587646484375 (ms) to 378.32861328125 (ms), cudaEventElapsed = 33.694976806640625 (ms)
[RANK1] F @ 380.7158203125 (ms) to 414.5 (ms), cudaEventElapsed = 33.73542404174805 (ms)
[RANK1] F @ 416.56298828125 (ms) to 451.061279296875 (ms), cudaEventElapsed = 34.452449798583984 (ms)
