[RANK0] Iteration 1
[RANK0] F @ 3.816162109375 (ms) to 604.18359375 (ms), cudaEventElapsed = 600.329345703125 (ms)
[RANK0] F @ 604.73291015625 (ms) to 617.7763671875 (ms), cudaEventElapsed = 13.023648262023926 (ms)
[RANK0] F @ 618.331298828125 (ms) to 630.866943359375 (ms), cudaEventElapsed = 12.515647888183594 (ms)
[RANK0] F @ 631.38330078125 (ms) to 643.882568359375 (ms), cudaEventElapsed = 12.47987174987793 (ms)
[RANK0] F @ 644.392822265625 (ms) to 659.017822265625 (ms), cudaEventElapsed = 14.60531234741211 (ms)
[RANK0] F @ 659.50146484375 (ms) to 672.52490234375 (ms), cudaEventElapsed = 13.004256248474121 (ms)
[RANK0] F @ 673.039306640625 (ms) to 686.082275390625 (ms), cudaEventElapsed = 13.023232460021973 (ms)
[RANK0] B @ 2940.5537109375 (ms) to 3258.888916015625 (ms), cudaEventElapsed = 318.3107604980469 (ms)
[RANK0] F @ 3259.130126953125 (ms) to 3268.411376953125 (ms), cudaEventElapsed = 9.263711929321289 (ms)
[RANK0] B @ 3269.50390625 (ms) to 3278.285888671875 (ms), cudaEventElapsed = 8.762463569641113 (ms)
[RANK0] F @ 3278.43408203125 (ms) to 3287.2412109375 (ms), cudaEventElapsed = 8.789216041564941 (ms)
[RANK0] B @ 3288.16259765625 (ms) to 3296.93798828125 (ms), cudaEventElapsed = 8.755935668945312 (ms)
[RANK0] F @ 3297.2109375 (ms) to 3305.883056640625 (ms), cudaEventElapsed = 8.653599739074707 (ms)
[RANK0] B @ 3355.038818359375 (ms) to 3364.556640625 (ms), cudaEventElapsed = 9.496512413024902 (ms)
[RANK0] F @ 3364.7275390625 (ms) to 3373.48828125 (ms), cudaEventElapsed = 8.742015838623047 (ms)
[RANK0] B @ 3374.4150390625 (ms) to 3385.98486328125 (ms), cudaEventElapsed = 11.549663543701172 (ms)
[RANK0] F @ 3386.125732421875 (ms) to 3394.70654296875 (ms), cudaEventElapsed = 8.562399864196777 (ms)
[RANK0] B @ 3396.377197265625 (ms) to 3418.610107421875 (ms), cudaEventElapsed = 22.21116828918457 (ms)
[RANK0] W @ 3418.870361328125 (ms) to 3424.289794921875 (ms), cudaEventElapsed = 5.402112007141113 (ms)
[RANK0] B @ 3424.868408203125 (ms) to 3433.66162109375 (ms), cudaEventElapsed = 8.771424293518066 (ms)
[RANK0] W @ 3433.963134765625 (ms) to 3439.151123046875 (ms), cudaEventElapsed = 5.169568061828613 (ms)
[RANK0] B @ 3439.72900390625 (ms) to 3448.468994140625 (ms), cudaEventElapsed = 8.720159530639648 (ms)
[RANK0] W @ 3448.805419921875 (ms) to 3453.979736328125 (ms), cudaEventElapsed = 5.154335975646973 (ms)
[RANK0] B @ 3454.5986328125 (ms) to 3463.38818359375 (ms), cudaEventElapsed = 8.767231941223145 (ms)
[RANK0] W @ 3463.728515625 (ms) to 3468.90478515625 (ms), cudaEventElapsed = 5.157887935638428 (ms)
[RANK0] B @ 3469.498046875 (ms) to 3478.19482421875 (ms), cudaEventElapsed = 8.677087783813477 (ms)
[RANK0] W @ 3478.487548828125 (ms) to 3483.642822265625 (ms), cudaEventElapsed = 5.137599945068359 (ms)
[RANK0] B @ 3484.228271484375 (ms) to 3492.9599609375 (ms), cudaEventElapsed = 8.713120460510254 (ms)
[RANK0] W @ 3493.599853515625 (ms) to 3498.791259765625 (ms), cudaEventElapsed = 5.172224044799805 (ms)
[RANK0] B @ 3507.716552734375 (ms) to 3516.4130859375 (ms), cudaEventElapsed = 8.673727989196777 (ms)
[RANK0] 6W @ 3517.080810546875 (ms) to 3547.88232421875 (ms), cudaEventElapsed = 30.782655715942383 (ms)
[RANK0] Iteration 2
[RANK0] F @ 0.519287109375 (ms) to 10.58935546875 (ms), cudaEventElapsed = 10.048224449157715 (ms)
[RANK0] F @ 11.160400390625 (ms) to 19.935546875 (ms), cudaEventElapsed = 8.754528045654297 (ms)
[RANK0] F @ 20.451904296875 (ms) to 28.982421875 (ms), cudaEventElapsed = 8.511967658996582 (ms)
[RANK0] F @ 29.468505859375 (ms) to 37.84326171875 (ms), cudaEventElapsed = 8.355199813842773 (ms)
[RANK0] F @ 38.32763671875 (ms) to 46.646484375 (ms), cudaEventElapsed = 8.299488067626953 (ms)
[RANK0] F @ 47.142578125 (ms) to 55.743896484375 (ms), cudaEventElapsed = 8.581631660461426 (ms)
[RANK0] F @ 56.25390625 (ms) to 64.57666015625 (ms), cudaEventElapsed = 8.301952362060547 (ms)
[RANK0] B @ 294.6142578125 (ms) to 303.9130859375 (ms), cudaEventElapsed = 9.273695945739746 (ms)
[RANK0] F @ 304.110107421875 (ms) to 313.144775390625 (ms), cudaEventElapsed = 9.015968322753906 (ms)
[RANK0] B @ 315.322998046875 (ms) to 324.19873046875 (ms), cudaEventElapsed = 8.857215881347656 (ms)
[RANK0] F @ 324.3740234375 (ms) to 332.996337890625 (ms), cudaEventElapsed = 8.603232383728027 (ms)
[RANK0] B @ 336.29296875 (ms) to 345.307373046875 (ms), cudaEventElapsed = 8.994560241699219 (ms)
[RANK0] F @ 345.45068359375 (ms) to 354.10888671875 (ms), cudaEventElapsed = 8.639840126037598 (ms)
[RANK0] B @ 435.010009765625 (ms) to 444.212158203125 (ms), cudaEventElapsed = 9.17910385131836 (ms)
[RANK0] F @ 444.4150390625 (ms) to 453.404052734375 (ms), cudaEventElapsed = 8.96889591217041 (ms)
[RANK0] B @ 633.9287109375 (ms) to 643.196533203125 (ms), cudaEventElapsed = 9.242815971374512 (ms)
[RANK0] F @ 643.36279296875 (ms) to 652.4052734375 (ms), cudaEventElapsed = 9.024288177490234 (ms)
[RANK0] B @ 654.1787109375 (ms) to 664.93359375 (ms), cudaEventElapsed = 10.736607551574707 (ms)
[RANK0] W @ 665.153076171875 (ms) to 670.42822265625 (ms), cudaEventElapsed = 5.259647846221924 (ms)
[RANK0] B @ 750.98046875 (ms) to 760.130615234375 (ms), cudaEventElapsed = 9.126208305358887 (ms)
[RANK0] W @ 760.4716796875 (ms) to 765.796142578125 (ms), cudaEventElapsed = 5.306464195251465 (ms)
[RANK0] B @ 771.195556640625 (ms) to 780.015869140625 (ms), cudaEventElapsed = 8.799039840698242 (ms)
[RANK0] W @ 780.324462890625 (ms) to 785.65869140625 (ms), cudaEventElapsed = 5.3155198097229 (ms)
[RANK0] B @ 836.666748046875 (ms) to 845.867919921875 (ms), cudaEventElapsed = 9.179712295532227 (ms)
[RANK0] W @ 846.2001953125 (ms) to 851.510986328125 (ms), cudaEventElapsed = 5.292064189910889 (ms)
[RANK0] B @ 889.394287109375 (ms) to 898.431884765625 (ms), cudaEventElapsed = 9.017312049865723 (ms)
[RANK0] W @ 898.730224609375 (ms) to 904.046142578125 (ms), cudaEventElapsed = 5.298495769500732 (ms)
[RANK0] B @ 906.779296875 (ms) to 915.731689453125 (ms), cudaEventElapsed = 8.933024406433105 (ms)
[RANK0] W @ 916.03076171875 (ms) to 921.34375 (ms), cudaEventElapsed = 5.295104026794434 (ms)
[RANK0] B @ 969.98193359375 (ms) to 979.225341796875 (ms), cudaEventElapsed = 9.225055694580078 (ms)
[RANK0] 6W @ 980.815673828125 (ms) to 1012.319091796875 (ms), cudaEventElapsed = 31.4815673828125 (ms)
[RANK0] Iteration 3
[RANK0] F @ 0.83349609375 (ms) to 10.747802734375 (ms), cudaEventElapsed = 9.886048316955566 (ms)
[RANK0] F @ 11.282958984375 (ms) to 19.805419921875 (ms), cudaEventElapsed = 8.500736236572266 (ms)
[RANK0] F @ 20.29638671875 (ms) to 28.6962890625 (ms), cudaEventElapsed = 8.381343841552734 (ms)
[RANK0] F @ 29.18115234375 (ms) to 37.517822265625 (ms), cudaEventElapsed = 8.317888259887695 (ms)
[RANK0] F @ 38.009521484375 (ms) to 46.3544921875 (ms), cudaEventElapsed = 8.32636833190918 (ms)
[RANK0] F @ 46.83447265625 (ms) to 55.087890625 (ms), cudaEventElapsed = 8.233887672424316 (ms)
[RANK0] F @ 55.579345703125 (ms) to 63.87158203125 (ms), cudaEventElapsed = 8.265088081359863 (ms)
[RANK0] F @ 64.474609375 (ms) to 73.10986328125 (ms), cudaEventElapsed = 8.612288475036621 (ms)
[RANK0] F @ 73.604736328125 (ms) to 82.107177734375 (ms), cudaEventElapsed = 8.475839614868164 (ms)
[RANK0] F @ 82.710205078125 (ms) to 91.135986328125 (ms), cudaEventElapsed = 8.403200149536133 (ms)
[RANK0] F @ 91.61865234375 (ms) to 99.91552734375 (ms), cudaEventElapsed = 8.276512145996094 (ms)
[RANK0] F @ 100.43408203125 (ms) to 114.84228515625 (ms), cudaEventElapsed = 14.38748836517334 (ms)
[RANK0] B @ 327.69970703125 (ms) to 338.132568359375 (ms), cudaEventElapsed = 10.40652847290039 (ms)
[RANK0] W @ 338.35986328125 (ms) to 343.638916015625 (ms), cudaEventElapsed = 5.261375904083252 (ms)
[RANK0] B @ 345.07177734375 (ms) to 353.9365234375 (ms), cudaEventElapsed = 8.844511985778809 (ms)
[RANK0] W @ 354.21875 (ms) to 359.5517578125 (ms), cudaEventElapsed = 5.313888072967529 (ms)
[RANK0] B @ 363.4130859375 (ms) to 372.3056640625 (ms), cudaEventElapsed = 8.87168025970459 (ms)
[RANK0] W @ 372.533935546875 (ms) to 377.847900390625 (ms), cudaEventElapsed = 5.294528007507324 (ms)
[RANK0] B @ 380.688232421875 (ms) to 389.625732421875 (ms), cudaEventElapsed = 8.916704177856445 (ms)
[RANK0] W @ 389.983154296875 (ms) to 395.35546875 (ms), cudaEventElapsed = 5.352735996246338 (ms)
[RANK0] B @ 399.27685546875 (ms) to 408.384521484375 (ms), cudaEventElapsed = 9.087743759155273 (ms)
[RANK0] W @ 408.7216796875 (ms) to 414.083740234375 (ms), cudaEventElapsed = 5.342656135559082 (ms)
[RANK0] B @ 416.665771484375 (ms) to 425.998046875 (ms), cudaEventElapsed = 9.313152313232422 (ms)
[RANK0] W @ 426.327880859375 (ms) to 431.7216796875 (ms), cudaEventElapsed = 5.375040054321289 (ms)
[RANK0] B @ 434.8115234375 (ms) to 443.853759765625 (ms), cudaEventElapsed = 9.023008346557617 (ms)
[RANK0] W @ 444.162841796875 (ms) to 449.513671875 (ms), cudaEventElapsed = 5.328991889953613 (ms)
[RANK0] B @ 453.4384765625 (ms) to 462.492431640625 (ms), cudaEventElapsed = 9.0349760055542 (ms)
[RANK0] W @ 462.77734375 (ms) to 468.121337890625 (ms), cudaEventElapsed = 5.326784133911133 (ms)
[RANK0] B @ 472.604248046875 (ms) to 481.84912109375 (ms), cudaEventElapsed = 9.224127769470215 (ms)
[RANK0] W @ 482.164794921875 (ms) to 487.509521484375 (ms), cudaEventElapsed = 5.3263678550720215 (ms)
[RANK0] B @ 490.70654296875 (ms) to 499.580322265625 (ms), cudaEventElapsed = 8.85427188873291 (ms)
[RANK0] W @ 499.896728515625 (ms) to 505.23486328125 (ms), cudaEventElapsed = 5.320032119750977 (ms)
[RANK0] B @ 505.849365234375 (ms) to 514.886474609375 (ms), cudaEventElapsed = 9.016287803649902 (ms)
[RANK0] W @ 515.170166015625 (ms) to 520.510498046875 (ms), cudaEventElapsed = 5.3203840255737305 (ms)
[RANK0] B @ 521.1318359375 (ms) to 530.08984375 (ms), cudaEventElapsed = 8.938559532165527 (ms)
[RANK0] 1W @ 530.95556640625 (ms) to 536.365478515625 (ms), cudaEventElapsed = 5.390016078948975 (ms)
[RANK0] Iteration 4
[RANK0] F @ 0.696533203125 (ms) to 10.551025390625 (ms), cudaEventElapsed = 9.831263542175293 (ms)
[RANK0] F @ 11.06298828125 (ms) to 19.61865234375 (ms), cudaEventElapsed = 8.536959648132324 (ms)
[RANK0] F @ 20.107177734375 (ms) to 28.6484375 (ms), cudaEventElapsed = 8.522080421447754 (ms)
[RANK0] F @ 29.1826171875 (ms) to 37.6376953125 (ms), cudaEventElapsed = 8.43558406829834 (ms)
[RANK0] F @ 38.11376953125 (ms) to 46.587158203125 (ms), cudaEventElapsed = 8.452832221984863 (ms)
[RANK0] F @ 47.09619140625 (ms) to 55.544677734375 (ms), cudaEventElapsed = 8.42848014831543 (ms)
[RANK0] F @ 56.0341796875 (ms) to 64.53759765625 (ms), cudaEventElapsed = 8.483743667602539 (ms)
[RANK0] F @ 65.0322265625 (ms) to 73.5029296875 (ms), cudaEventElapsed = 8.44752025604248 (ms)
[RANK0] F @ 74.041259765625 (ms) to 82.511962890625 (ms), cudaEventElapsed = 8.44934368133545 (ms)
[RANK0] F @ 83.04052734375 (ms) to 91.376953125 (ms), cudaEventElapsed = 8.315808296203613 (ms)
[RANK0] F @ 91.8740234375 (ms) to 100.325927734375 (ms), cudaEventElapsed = 8.432352066040039 (ms)
[RANK0] F @ 100.81640625 (ms) to 109.6318359375 (ms), cudaEventElapsed = 8.795616149902344 (ms)
[RANK0] B @ 222.30908203125 (ms) to 231.68359375 (ms), cudaEventElapsed = 9.34995174407959 (ms)
[RANK0] W @ 231.883056640625 (ms) to 237.192626953125 (ms), cudaEventElapsed = 5.292863845825195 (ms)
[RANK0] B @ 243.534423828125 (ms) to 252.401611328125 (ms), cudaEventElapsed = 8.847135543823242 (ms)
[RANK0] W @ 252.61279296875 (ms) to 257.955322265625 (ms), cudaEventElapsed = 5.323584079742432 (ms)
[RANK0] B @ 265.9658203125 (ms) to 275.11767578125 (ms), cudaEventElapsed = 9.130592346191406 (ms)
[RANK0] W @ 275.31494140625 (ms) to 280.629638671875 (ms), cudaEventElapsed = 5.296288013458252 (ms)
[RANK0] B @ 284.227783203125 (ms) to 293.344970703125 (ms), cudaEventElapsed = 9.09763240814209 (ms)
[RANK0] W @ 293.59033203125 (ms) to 298.92041015625 (ms), cudaEventElapsed = 5.310751914978027 (ms)
[RANK0] B @ 310.52099609375 (ms) to 319.7646484375 (ms), cudaEventElapsed = 9.221856117248535 (ms)
[RANK0] W @ 319.9912109375 (ms) to 325.30078125 (ms), cudaEventElapsed = 5.29145622253418 (ms)
[RANK0] B @ 328.7451171875 (ms) to 337.765380859375 (ms), cudaEventElapsed = 9.000864028930664 (ms)
[RANK0] W @ 338.023681640625 (ms) to 343.328125 (ms), cudaEventElapsed = 5.28550386428833 (ms)
[RANK0] B @ 346.6083984375 (ms) to 355.646484375 (ms), cudaEventElapsed = 9.017215728759766 (ms)
[RANK0] W @ 355.8916015625 (ms) to 361.224609375 (ms), cudaEventElapsed = 5.315296173095703 (ms)
[RANK0] B @ 368.845947265625 (ms) to 377.8349609375 (ms), cudaEventElapsed = 8.967103958129883 (ms)
[RANK0] W @ 378.071044921875 (ms) to 383.4150390625 (ms), cudaEventElapsed = 5.326079845428467 (ms)
[RANK0] B @ 387.629638671875 (ms) to 396.771240234375 (ms), cudaEventElapsed = 9.122176170349121 (ms)
[RANK0] W @ 397.612548828125 (ms) to 402.95263671875 (ms), cudaEventElapsed = 5.321087837219238 (ms)
[RANK0] B @ 404.90380859375 (ms) to 414.007568359375 (ms), cudaEventElapsed = 9.085856437683105 (ms)
[RANK0] W @ 414.243896484375 (ms) to 419.566650390625 (ms), cudaEventElapsed = 5.30515193939209 (ms)
[RANK0] B @ 424.69677734375 (ms) to 433.929443359375 (ms), cudaEventElapsed = 9.213664054870605 (ms)
[RANK0] W @ 434.172119140625 (ms) to 439.498046875 (ms), cudaEventElapsed = 5.307583808898926 (ms)
[RANK0] B @ 442.248779296875 (ms) to 451.149169921875 (ms), cudaEventElapsed = 8.881855964660645 (ms)
[RANK0] 1W @ 451.482421875 (ms) to 456.88037109375 (ms), cudaEventElapsed = 5.380288124084473 (ms)
[RANK0] Iteration 5
[RANK0] F @ 1.0302734375 (ms) to 10.4765625 (ms), cudaEventElapsed = 9.425056457519531 (ms)
[RANK0] F @ 10.998779296875 (ms) to 19.3798828125 (ms), cudaEventElapsed = 8.361248016357422 (ms)
[RANK0] F @ 19.88525390625 (ms) to 28.28125 (ms), cudaEventElapsed = 8.377311706542969 (ms)
[RANK0] F @ 28.76611328125 (ms) to 37.1064453125 (ms), cudaEventElapsed = 8.321920394897461 (ms)
[RANK0] F @ 37.5966796875 (ms) to 45.895263671875 (ms), cudaEventElapsed = 8.280320167541504 (ms)
[RANK0] F @ 46.38330078125 (ms) to 54.7529296875 (ms), cudaEventElapsed = 8.350048065185547 (ms)
[RANK0] F @ 55.25048828125 (ms) to 63.685791015625 (ms), cudaEventElapsed = 8.416128158569336 (ms)
[RANK0] F @ 64.195556640625 (ms) to 72.607177734375 (ms), cudaEventElapsed = 8.389087677001953 (ms)
[RANK0] F @ 73.134521484375 (ms) to 81.4560546875 (ms), cudaEventElapsed = 8.300895690917969 (ms)
[RANK0] F @ 81.965576171875 (ms) to 90.341796875 (ms), cudaEventElapsed = 8.355584144592285 (ms)
[RANK0] F @ 90.82958984375 (ms) to 99.228271484375 (ms), cudaEventElapsed = 8.379712104797363 (ms)
[RANK0] F @ 99.7314453125 (ms) to 108.177734375 (ms), cudaEventElapsed = 8.3951997756958 (ms)
[RANK0] B @ 277.42236328125 (ms) to 286.78173828125 (ms), cudaEventElapsed = 9.334431648254395 (ms)
[RANK0] W @ 286.994873046875 (ms) to 292.334716796875 (ms), cudaEventElapsed = 5.322656154632568 (ms)
[RANK0] B @ 297.6015625 (ms) to 306.449462890625 (ms), cudaEventElapsed = 8.827872276306152 (ms)
[RANK0] W @ 306.68115234375 (ms) to 312.010498046875 (ms), cudaEventElapsed = 5.311232089996338 (ms)
[RANK0] B @ 318.496337890625 (ms) to 327.547119140625 (ms), cudaEventElapsed = 9.029215812683105 (ms)
[RANK0] W @ 327.756103515625 (ms) to 333.066162109375 (ms), cudaEventElapsed = 5.291423797607422 (ms)
[RANK0] B @ 335.816650390625 (ms) to 344.66552734375 (ms), cudaEventElapsed = 8.827775955200195 (ms)
[RANK0] W @ 344.8759765625 (ms) to 350.193359375 (ms), cudaEventElapsed = 5.2993597984313965 (ms)
[RANK0] B @ 354.564453125 (ms) to 363.6845703125 (ms), cudaEventElapsed = 9.100895881652832 (ms)
[RANK0] W @ 363.919921875 (ms) to 369.224609375 (ms), cudaEventElapsed = 5.287168025970459 (ms)
[RANK0] B @ 371.836669921875 (ms) to 380.921875 (ms), cudaEventElapsed = 9.064255714416504 (ms)
[RANK0] W @ 381.1669921875 (ms) to 386.484375 (ms), cudaEventElapsed = 5.298336029052734 (ms)
[RANK0] B @ 394.762939453125 (ms) to 403.835205078125 (ms), cudaEventElapsed = 9.051487922668457 (ms)
[RANK0] W @ 404.059814453125 (ms) to 409.383544921875 (ms), cudaEventElapsed = 5.304863929748535 (ms)
[RANK0] B @ 412.849365234375 (ms) to 421.70263671875 (ms), cudaEventElapsed = 8.833439826965332 (ms)
[RANK0] W @ 421.941162109375 (ms) to 427.2548828125 (ms), cudaEventElapsed = 5.294911861419678 (ms)
[RANK0] B @ 431.4677734375 (ms) to 440.5 (ms), cudaEventElapsed = 9.012191772460938 (ms)
[RANK0] W @ 440.7353515625 (ms) to 446.090087890625 (ms), cudaEventElapsed = 5.33622407913208 (ms)
[RANK0] B @ 455.77490234375 (ms) to 464.9033203125 (ms), cudaEventElapsed = 9.108991622924805 (ms)
[RANK0] W @ 465.134521484375 (ms) to 470.485595703125 (ms), cudaEventElapsed = 5.33296012878418 (ms)
[RANK0] B @ 474.726806640625 (ms) to 483.931640625 (ms), cudaEventElapsed = 9.186431884765625 (ms)
[RANK0] W @ 484.731689453125 (ms) to 490.05126953125 (ms), cudaEventElapsed = 5.3008317947387695 (ms)
[RANK0] B @ 491.822509765625 (ms) to 500.69775390625 (ms), cudaEventElapsed = 8.856255531311035 (ms)
[RANK0] 1W @ 501.0263671875 (ms) to 506.4248046875 (ms), cudaEventElapsed = 5.381216049194336 (ms)
[RANK0] Iteration 6
[RANK0] F @ 0.54345703125 (ms) to 10.44384765625 (ms), cudaEventElapsed = 9.875840187072754 (ms)
[RANK0] F @ 10.96044921875 (ms) to 19.49072265625 (ms), cudaEventElapsed = 8.510368347167969 (ms)
[RANK0] F @ 19.992919921875 (ms) to 28.392333984375 (ms), cudaEventElapsed = 8.381088256835938 (ms)
[RANK0] F @ 28.878662109375 (ms) to 37.24267578125 (ms), cudaEventElapsed = 8.345536231994629 (ms)
[RANK0] F @ 37.744140625 (ms) to 46.079345703125 (ms), cudaEventElapsed = 8.315391540527344 (ms)
[RANK0] F @ 46.57568359375 (ms) to 54.95947265625 (ms), cudaEventElapsed = 8.364095687866211 (ms)
[RANK0] F @ 55.463134765625 (ms) to 63.765869140625 (ms), cudaEventElapsed = 8.282431602478027 (ms)
[RANK0] F @ 64.28466796875 (ms) to 72.68701171875 (ms), cudaEventElapsed = 8.382368087768555 (ms)
[RANK0] F @ 73.16796875 (ms) to 81.5732421875 (ms), cudaEventElapsed = 8.38150405883789 (ms)
[RANK0] F @ 82.151611328125 (ms) to 90.726318359375 (ms), cudaEventElapsed = 8.55401611328125 (ms)
[RANK0] F @ 91.215576171875 (ms) to 99.6484375 (ms), cudaEventElapsed = 8.412192344665527 (ms)
[RANK0] F @ 100.1630859375 (ms) to 108.560546875 (ms), cudaEventElapsed = 8.377280235290527 (ms)
[RANK0] B @ 290.731201171875 (ms) to 300.11669921875 (ms), cudaEventElapsed = 9.356863975524902 (ms)
[RANK0] W @ 300.3916015625 (ms) to 305.74658203125 (ms), cudaEventElapsed = 5.329728126525879 (ms)
[RANK0] B @ 308.23681640625 (ms) to 317.096923828125 (ms), cudaEventElapsed = 8.837663650512695 (ms)
[RANK0] W @ 317.462890625 (ms) to 322.810302734375 (ms), cudaEventElapsed = 5.328000068664551 (ms)
[RANK0] B @ 325.83837890625 (ms) to 335.09912109375 (ms), cudaEventElapsed = 9.241279602050781 (ms)
[RANK0] W @ 335.451904296875 (ms) to 340.775634765625 (ms), cudaEventElapsed = 5.305024147033691 (ms)
[RANK0] B @ 343.317626953125 (ms) to 352.565185546875 (ms), cudaEventElapsed = 9.228639602661133 (ms)
[RANK0] W @ 352.8984375 (ms) to 358.22509765625 (ms), cudaEventElapsed = 5.3078718185424805 (ms)
[RANK0] B @ 362.644287109375 (ms) to 371.830322265625 (ms), cudaEventElapsed = 9.166080474853516 (ms)
[RANK0] W @ 372.17236328125 (ms) to 377.558837890625 (ms), cudaEventElapsed = 5.366975784301758 (ms)
[RANK0] B @ 379.5244140625 (ms) to 388.90771484375 (ms), cudaEventElapsed = 9.364128112792969 (ms)
[RANK0] W @ 389.2333984375 (ms) to 394.560791015625 (ms), cudaEventElapsed = 5.308288097381592 (ms)
[RANK0] B @ 397.954833984375 (ms) to 407.16552734375 (ms), cudaEventElapsed = 9.185152053833008 (ms)
[RANK0] W @ 407.676025390625 (ms) to 413.042724609375 (ms), cudaEventElapsed = 5.340415954589844 (ms)
[RANK0] B @ 413.683349609375 (ms) to 422.666259765625 (ms), cudaEventElapsed = 8.962911605834961 (ms)
[RANK0] W @ 422.973876953125 (ms) to 428.32080078125 (ms), cudaEventElapsed = 5.328159809112549 (ms)
[RANK0] B @ 428.953369140625 (ms) to 437.954833984375 (ms), cudaEventElapsed = 8.981727600097656 (ms)
[RANK0] W @ 438.28271484375 (ms) to 443.5849609375 (ms), cudaEventElapsed = 5.282656192779541 (ms)
[RANK0] B @ 453.940185546875 (ms) to 463.15966796875 (ms), cudaEventElapsed = 9.199647903442383 (ms)
[RANK0] W @ 464.040283203125 (ms) to 469.371337890625 (ms), cudaEventElapsed = 5.311999797821045 (ms)
[RANK0] B @ 472.591064453125 (ms) to 481.654541015625 (ms), cudaEventElapsed = 9.042719841003418 (ms)
[RANK0] W @ 481.899658203125 (ms) to 487.2197265625 (ms), cudaEventElapsed = 5.301631927490234 (ms)
[RANK0] B @ 489.36328125 (ms) to 498.388671875 (ms), cudaEventElapsed = 9.005248069763184 (ms)
[RANK0] 1W @ 498.75439453125 (ms) to 504.158935546875 (ms), cudaEventElapsed = 5.385280132293701 (ms)
[RANK0] Iteration 7
[RANK0] F @ 0.655029296875 (ms) to 10.5654296875 (ms), cudaEventElapsed = 9.888671875 (ms)
[RANK0] F @ 11.090087890625 (ms) to 19.506591796875 (ms), cudaEventElapsed = 8.396032333374023 (ms)
[RANK0] F @ 20.012939453125 (ms) to 28.3701171875 (ms), cudaEventElapsed = 8.33836841583252 (ms)
[RANK0] F @ 28.893798828125 (ms) to 37.25341796875 (ms), cudaEventElapsed = 8.339424133300781 (ms)
[RANK0] F @ 37.77587890625 (ms) to 46.279052734375 (ms), cudaEventElapsed = 8.482336044311523 (ms)
[RANK0] F @ 46.7783203125 (ms) to 55.038330078125 (ms), cudaEventElapsed = 8.24015998840332 (ms)
[RANK0] F @ 55.56689453125 (ms) to 63.92529296875 (ms), cudaEventElapsed = 8.337151527404785 (ms)
[RANK0] F @ 64.463134765625 (ms) to 72.912841796875 (ms), cudaEventElapsed = 8.42636775970459 (ms)
[RANK0] F @ 73.638671875 (ms) to 82.129150390625 (ms), cudaEventElapsed = 8.466848373413086 (ms)
[RANK0] F @ 82.640380859375 (ms) to 90.929443359375 (ms), cudaEventElapsed = 8.268223762512207 (ms)
[RANK0] F @ 91.433837890625 (ms) to 99.788818359375 (ms), cudaEventElapsed = 8.334431648254395 (ms)
[RANK0] F @ 100.317626953125 (ms) to 108.70947265625 (ms), cudaEventElapsed = 8.372320175170898 (ms)
[RANK0] B @ 307.755615234375 (ms) to 317.08349609375 (ms), cudaEventElapsed = 9.301695823669434 (ms)
[RANK0] W @ 317.406982421875 (ms) to 322.760986328125 (ms), cudaEventElapsed = 5.334847927093506 (ms)
[RANK0] B @ 332.783203125 (ms) to 341.702880859375 (ms), cudaEventElapsed = 8.89846420288086 (ms)
[RANK0] B @ 343.039794921875 (ms) to 351.8759765625 (ms), cudaEventElapsed = 8.816448211669922 (ms)
[RANK0] W @ 352.139404296875 (ms) to 357.4794921875 (ms), cudaEventElapsed = 5.321695804595947 (ms)
[RANK0] W @ 357.64111328125 (ms) to 362.89111328125 (ms), cudaEventElapsed = 5.233823776245117 (ms)
[RANK0] B @ 367.112060546875 (ms) to 376.285888671875 (ms), cudaEventElapsed = 9.155200004577637 (ms)
[RANK0] W @ 376.514892578125 (ms) to 381.85791015625 (ms), cudaEventElapsed = 5.325376033782959 (ms)
[RANK0] B @ 390.428955078125 (ms) to 399.730224609375 (ms), cudaEventElapsed = 9.281408309936523 (ms)
[RANK0] W @ 399.9951171875 (ms) to 405.3427734375 (ms), cudaEventElapsed = 5.328415870666504 (ms)
[RANK0] B @ 407.436767578125 (ms) to 416.50439453125 (ms), cudaEventElapsed = 9.048640251159668 (ms)
[RANK0] W @ 416.739013671875 (ms) to 422.06103515625 (ms), cudaEventElapsed = 5.304895877838135 (ms)
[RANK0] B @ 425.026611328125 (ms) to 434.009033203125 (ms), cudaEventElapsed = 8.962592124938965 (ms)
[RANK0] W @ 434.26611328125 (ms) to 439.595947265625 (ms), cudaEventElapsed = 5.310688018798828 (ms)
[RANK0] B @ 448.998291015625 (ms) to 458.279296875 (ms), cudaEventElapsed = 9.258879661560059 (ms)
[RANK0] W @ 458.57568359375 (ms) to 463.9091796875 (ms), cudaEventElapsed = 5.315008163452148 (ms)
[RANK0] B @ 466.509521484375 (ms) to 475.716064453125 (ms), cudaEventElapsed = 9.188063621520996 (ms)
[RANK0] W @ 475.94091796875 (ms) to 481.264892578125 (ms), cudaEventElapsed = 5.306303977966309 (ms)
[RANK0] B @ 494.894287109375 (ms) to 504.134521484375 (ms), cudaEventElapsed = 9.220576286315918 (ms)
[RANK0] W @ 504.364501953125 (ms) to 509.725830078125 (ms), cudaEventElapsed = 5.342624187469482 (ms)
[RANK0] B @ 520.826171875 (ms) to 530.028564453125 (ms), cudaEventElapsed = 9.18239974975586 (ms)
[RANK0] W @ 530.9287109375 (ms) to 536.2626953125 (ms), cudaEventElapsed = 5.314655780792236 (ms)
[RANK0] B @ 538.002197265625 (ms) to 547.086181640625 (ms), cudaEventElapsed = 9.065728187561035 (ms)
[RANK0] 1W @ 547.432861328125 (ms) to 552.847412109375 (ms), cudaEventElapsed = 5.396063804626465 (ms)
[RANK0] Iteration 8
[RANK0] F @ 0.912841796875 (ms) to 10.38134765625 (ms), cudaEventElapsed = 9.43939208984375 (ms)
[RANK0] F @ 10.9189453125 (ms) to 19.637939453125 (ms), cudaEventElapsed = 8.699551582336426 (ms)
[RANK0] F @ 20.172119140625 (ms) to 28.48046875 (ms), cudaEventElapsed = 8.288703918457031 (ms)
[RANK0] F @ 28.98779296875 (ms) to 37.461669921875 (ms), cudaEventElapsed = 8.454208374023438 (ms)
[RANK0] F @ 37.968994140625 (ms) to 46.183349609375 (ms), cudaEventElapsed = 8.194879531860352 (ms)
[RANK0] F @ 46.666015625 (ms) to 55.116943359375 (ms), cudaEventElapsed = 8.432512283325195 (ms)
[RANK0] F @ 55.61279296875 (ms) to 64.009033203125 (ms), cudaEventElapsed = 8.376543998718262 (ms)
[RANK0] F @ 64.531005859375 (ms) to 73.05224609375 (ms), cudaEventElapsed = 8.500736236572266 (ms)
[RANK0] F @ 73.53564453125 (ms) to 81.967529296875 (ms), cudaEventElapsed = 8.413344383239746 (ms)
[RANK0] F @ 82.451904296875 (ms) to 90.856689453125 (ms), cudaEventElapsed = 8.386719703674316 (ms)
[RANK0] F @ 91.330810546875 (ms) to 99.714599609375 (ms), cudaEventElapsed = 8.36451244354248 (ms)
[RANK0] F @ 100.24853515625 (ms) to 108.8427734375 (ms), cudaEventElapsed = 8.575296401977539 (ms)
[RANK0] B @ 321.80517578125 (ms) to 331.137939453125 (ms), cudaEventElapsed = 9.307168006896973 (ms)
[RANK0] W @ 331.348388671875 (ms) to 336.693359375 (ms), cudaEventElapsed = 5.326528072357178 (ms)
[RANK0] B @ 339.1396484375 (ms) to 347.950927734375 (ms), cudaEventElapsed = 8.791520118713379 (ms)
[RANK0] W @ 348.203369140625 (ms) to 353.53955078125 (ms), cudaEventElapsed = 5.317279815673828 (ms)
[RANK0] B @ 357.34716796875 (ms) to 366.441162109375 (ms), cudaEventElapsed = 9.07372760772705 (ms)
[RANK0] W @ 366.69287109375 (ms) to 372.019287109375 (ms), cudaEventElapsed = 5.306879997253418 (ms)
[RANK0] B @ 375.356689453125 (ms) to 384.3525390625 (ms), cudaEventElapsed = 8.976927757263184 (ms)
[RANK0] W @ 384.617431640625 (ms) to 389.956787109375 (ms), cudaEventElapsed = 5.321087837219238 (ms)
[RANK0] B @ 393.7138671875 (ms) to 402.683349609375 (ms), cudaEventElapsed = 8.951135635375977 (ms)
[RANK0] W @ 402.926025390625 (ms) to 408.24462890625 (ms), cudaEventElapsed = 5.300576210021973 (ms)
[RANK0] B @ 410.424072265625 (ms) to 419.376953125 (ms), cudaEventElapsed = 8.932415962219238 (ms)
[RANK0] W @ 419.62890625 (ms) to 424.96923828125 (ms), cudaEventElapsed = 5.321663856506348 (ms)
[RANK0] B @ 429.12255859375 (ms) to 438.1923828125 (ms), cudaEventElapsed = 9.0447359085083 (ms)
[RANK0] W @ 438.45751953125 (ms) to 443.791015625 (ms), cudaEventElapsed = 5.314720153808594 (ms)
[RANK0] B @ 447.33837890625 (ms) to 456.31884765625 (ms), cudaEventElapsed = 8.959936141967773 (ms)
[RANK0] W @ 456.570068359375 (ms) to 461.90234375 (ms), cudaEventElapsed = 5.314144134521484 (ms)
[RANK0] B @ 465.5146484375 (ms) to 474.465087890625 (ms), cudaEventElapsed = 8.931424140930176 (ms)
[RANK0] W @ 474.71044921875 (ms) to 480.0322265625 (ms), cudaEventElapsed = 5.303423881530762 (ms)
[RANK0] B @ 484.255126953125 (ms) to 493.13623046875 (ms), cudaEventElapsed = 8.86348819732666 (ms)
[RANK0] W @ 493.36328125 (ms) to 498.689453125 (ms), cudaEventElapsed = 5.307744026184082 (ms)
[RANK0] B @ 501.553955078125 (ms) to 510.401123046875 (ms), cudaEventElapsed = 8.828255653381348 (ms)
[RANK0] W @ 510.637939453125 (ms) to 515.942138671875 (ms), cudaEventElapsed = 5.28604793548584 (ms)
[RANK0] B @ 519.28076171875 (ms) to 528.158447265625 (ms), cudaEventElapsed = 8.858624458312988 (ms)
[RANK0] 1W @ 528.513671875 (ms) to 533.91064453125 (ms), cudaEventElapsed = 5.379199981689453 (ms)
