[RANK1] Iteration 1
[RANK1] F @ 1146.3916015625 (ms) to 1155.94384765625 (ms), cudaEventElapsed = 9.493023872375488 (ms)
[RANK1] F @ 2196.60546875 (ms) to 2206.17822265625 (ms), cudaEventElapsed = 9.507871627807617 (ms)
[RANK1] F @ 2206.4765625 (ms) to 2215.491455078125 (ms), cudaEventElapsed = 8.983488082885742 (ms)
[RANK1] F @ 2215.696044921875 (ms) to 2279.360107421875 (ms), cudaEventElapsed = 63.63625717163086 (ms)
[RANK1] F @ 3515.279541015625 (ms) to 3535.1484375 (ms), cudaEventElapsed = 19.805055618286133 (ms)
[RANK1] B @ 3968.574951171875 (ms) to 3978.8828125 (ms), cudaEventElapsed = 10.260992050170898 (ms)
[RANK1] F @ 4156.9921875 (ms) to 4168.66943359375 (ms), cudaEventElapsed = 11.617535591125488 (ms)
[RANK1] B @ 4168.896240234375 (ms) to 4178.50244140625 (ms), cudaEventElapsed = 9.582079887390137 (ms)
[RANK1] F @ 4179.12255859375 (ms) to 4188.152587890625 (ms), cudaEventElapsed = 9.007007598876953 (ms)
[RANK1] B @ 4188.36083984375 (ms) to 4197.845947265625 (ms), cudaEventElapsed = 9.45907211303711 (ms)
[RANK1] F @ 4198.130859375 (ms) to 4207.259033203125 (ms), cudaEventElapsed = 9.096960067749023 (ms)
[RANK1] B @ 4207.500244140625 (ms) to 4216.919189453125 (ms), cudaEventElapsed = 9.393280029296875 (ms)
[RANK1] W @ 4217.0341796875 (ms) to 4223.246337890625 (ms), cudaEventElapsed = 6.192704200744629 (ms)
[RANK1] F @ 4223.325927734375 (ms) to 4232.245849609375 (ms), cudaEventElapsed = 8.898943901062012 (ms)
[RANK1] B @ 4232.766357421875 (ms) to 4242.7724609375 (ms), cudaEventElapsed = 9.978752136230469 (ms)
[RANK1] B @ 4243.433837890625 (ms) to 4252.9970703125 (ms), cudaEventElapsed = 9.530400276184082 (ms)
[RANK1] W @ 4253.136474609375 (ms) to 4259.360595703125 (ms), cudaEventElapsed = 6.197408199310303 (ms)
[RANK1] F @ 4259.524658203125 (ms) to 4268.6787109375 (ms), cudaEventElapsed = 9.133184432983398 (ms)
[RANK1] B @ 4269.197265625 (ms) to 4279.392333984375 (ms), cudaEventElapsed = 10.16652774810791 (ms)
[RANK1] B @ 4279.959228515625 (ms) to 4289.411865234375 (ms), cudaEventElapsed = 9.423968315124512 (ms)
[RANK1] W @ 4289.482177734375 (ms) to 4295.674560546875 (ms), cudaEventElapsed = 6.173984050750732 (ms)
[RANK1] F @ 4295.8095703125 (ms) to 4304.87060546875 (ms), cudaEventElapsed = 9.04150390625 (ms)
[RANK1] B @ 4305.060791015625 (ms) to 4314.533203125 (ms), cudaEventElapsed = 9.446432113647461 (ms)
[RANK1] W @ 4314.712158203125 (ms) to 4321.38232421875 (ms), cudaEventElapsed = 6.154784202575684 (ms)
[RANK1] F @ 4321.535400390625 (ms) to 4330.66259765625 (ms), cudaEventElapsed = 9.10547161102295 (ms)
[RANK1] B @ 4330.85546875 (ms) to 4340.374267578125 (ms), cudaEventElapsed = 9.487808227539062 (ms)
[RANK1] W @ 4340.50732421875 (ms) to 4346.7705078125 (ms), cudaEventElapsed = 6.23583984375 (ms)
[RANK1] W @ 4346.85205078125 (ms) to 4353.159423828125 (ms), cudaEventElapsed = 6.288447856903076 (ms)
[RANK1] B @ 4353.24853515625 (ms) to 4362.960693359375 (ms), cudaEventElapsed = 9.693792343139648 (ms)
[RANK1] W @ 4363.08984375 (ms) to 4369.35791015625 (ms), cudaEventElapsed = 6.240511894226074 (ms)
[RANK1] W @ 4369.436767578125 (ms) to 4375.75048828125 (ms), cudaEventElapsed = 6.295711994171143 (ms)
[RANK1] B @ 4375.839599609375 (ms) to 4385.4853515625 (ms), cudaEventElapsed = 9.62713623046875 (ms)
[RANK1] 4W @ 4385.6181640625 (ms) to 4410.42724609375 (ms), cudaEventElapsed = 24.78144073486328 (ms)
[RANK1] Iteration 2
[RANK1] F @ 10.595458984375 (ms) to 19.906005859375 (ms), cudaEventElapsed = 9.264960289001465 (ms)
[RANK1] F @ 20.174560546875 (ms) to 29.27490234375 (ms), cudaEventElapsed = 9.071423530578613 (ms)
[RANK1] F @ 29.5322265625 (ms) to 38.6181640625 (ms), cudaEventElapsed = 9.058591842651367 (ms)
[RANK1] F @ 38.8359375 (ms) to 47.86865234375 (ms), cudaEventElapsed = 9.00534439086914 (ms)
[RANK1] F @ 48.6181640625 (ms) to 57.81982421875 (ms), cudaEventElapsed = 9.173376083374023 (ms)
[RANK1] B @ 62.197509765625 (ms) to 71.764892578125 (ms), cudaEventElapsed = 9.539615631103516 (ms)
[RANK1] F @ 72.084228515625 (ms) to 81.27685546875 (ms), cudaEventElapsed = 9.162431716918945 (ms)
[RANK1] B @ 81.494384765625 (ms) to 91.00244140625 (ms), cudaEventElapsed = 9.479904174804688 (ms)
[RANK1] F @ 91.733154296875 (ms) to 100.935302734375 (ms), cudaEventElapsed = 9.17084789276123 (ms)
[RANK1] B @ 101.154296875 (ms) to 110.65478515625 (ms), cudaEventElapsed = 9.472672462463379 (ms)
[RANK1] F @ 110.966552734375 (ms) to 120.21923828125 (ms), cudaEventElapsed = 9.221152305603027 (ms)
[RANK1] B @ 120.468505859375 (ms) to 129.995361328125 (ms), cudaEventElapsed = 9.498847961425781 (ms)
[RANK1] W @ 130.221435546875 (ms) to 136.61865234375 (ms), cudaEventElapsed = 6.37011194229126 (ms)
[RANK1] F @ 136.727783203125 (ms) to 145.83984375 (ms), cudaEventElapsed = 9.092703819274902 (ms)
[RANK1] B @ 148.683837890625 (ms) to 159.419921875 (ms), cudaEventElapsed = 10.708640098571777 (ms)
[RANK1] B @ 160.0283203125 (ms) to 169.5751953125 (ms), cudaEventElapsed = 9.51689624786377 (ms)
[RANK1] W @ 169.7626953125 (ms) to 175.98046875 (ms), cudaEventElapsed = 6.19001579284668 (ms)
[RANK1] F @ 176.15576171875 (ms) to 185.301513671875 (ms), cudaEventElapsed = 9.12393569946289 (ms)
[RANK1] B @ 185.843017578125 (ms) to 196.555419921875 (ms), cudaEventElapsed = 10.684831619262695 (ms)
[RANK1] B @ 197.152587890625 (ms) to 206.73974609375 (ms), cudaEventElapsed = 9.556192398071289 (ms)
[RANK1] W @ 206.911865234375 (ms) to 213.18896484375 (ms), cudaEventElapsed = 6.2487359046936035 (ms)
[RANK1] F @ 213.362060546875 (ms) to 222.51416015625 (ms), cudaEventElapsed = 9.130911827087402 (ms)
[RANK1] B @ 222.724365234375 (ms) to 232.29150390625 (ms), cudaEventElapsed = 9.539615631103516 (ms)
[RANK1] W @ 232.5078125 (ms) to 239.043701171875 (ms), cudaEventElapsed = 6.179168224334717 (ms)
[RANK1] F @ 239.208740234375 (ms) to 248.447021484375 (ms), cudaEventElapsed = 9.21724796295166 (ms)
[RANK1] B @ 248.66796875 (ms) to 258.31396484375 (ms), cudaEventElapsed = 9.616703987121582 (ms)
[RANK1] W @ 258.483642578125 (ms) to 264.7314453125 (ms), cudaEventElapsed = 6.219871997833252 (ms)
[RANK1] W @ 264.829833984375 (ms) to 271.215576171875 (ms), cudaEventElapsed = 6.367584228515625 (ms)
[RANK1] B @ 271.885009765625 (ms) to 281.533447265625 (ms), cudaEventElapsed = 9.628992080688477 (ms)
[RANK1] W @ 281.730224609375 (ms) to 288.017333984375 (ms), cudaEventElapsed = 6.258656024932861 (ms)
[RANK1] W @ 288.1162109375 (ms) to 294.4912109375 (ms), cudaEventElapsed = 6.356575965881348 (ms)
[RANK1] B @ 294.588623046875 (ms) to 304.210205078125 (ms), cudaEventElapsed = 9.602944374084473 (ms)
[RANK1] 4W @ 304.38037109375 (ms) to 329.19140625 (ms), cudaEventElapsed = 24.78316879272461 (ms)
[RANK1] Iteration 3
[RANK1] F @ 10.616455078125 (ms) to 20.006591796875 (ms), cudaEventElapsed = 9.355327606201172 (ms)
[RANK1] F @ 20.267578125 (ms) to 29.39501953125 (ms), cudaEventElapsed = 9.099264144897461 (ms)
[RANK1] F @ 29.65087890625 (ms) to 38.70703125 (ms), cudaEventElapsed = 9.027647972106934 (ms)
[RANK1] F @ 38.921875 (ms) to 47.939453125 (ms), cudaEventElapsed = 8.991392135620117 (ms)
[RANK1] F @ 48.598388671875 (ms) to 57.64453125 (ms), cudaEventElapsed = 9.017087936401367 (ms)
[RANK1] B @ 62.1044921875 (ms) to 71.645751953125 (ms), cudaEventElapsed = 9.51257610321045 (ms)
[RANK1] F @ 71.958984375 (ms) to 81.168701171875 (ms), cudaEventElapsed = 9.17903995513916 (ms)
[RANK1] B @ 81.3837890625 (ms) to 90.87744140625 (ms), cudaEventElapsed = 9.466367721557617 (ms)
[RANK1] F @ 91.492919921875 (ms) to 100.703857421875 (ms), cudaEventElapsed = 9.180704116821289 (ms)
[RANK1] B @ 100.918701171875 (ms) to 110.41943359375 (ms), cudaEventElapsed = 9.472672462463379 (ms)
[RANK1] F @ 110.729736328125 (ms) to 119.939453125 (ms), cudaEventElapsed = 9.180095672607422 (ms)
[RANK1] B @ 120.18896484375 (ms) to 129.689208984375 (ms), cudaEventElapsed = 9.472512245178223 (ms)
[RANK1] W @ 129.91064453125 (ms) to 136.32177734375 (ms), cudaEventElapsed = 6.384352207183838 (ms)
[RANK1] F @ 136.43115234375 (ms) to 145.567626953125 (ms), cudaEventElapsed = 9.115232467651367 (ms)
[RANK1] B @ 148.232177734375 (ms) to 159.0234375 (ms), cudaEventElapsed = 10.764032363891602 (ms)
[RANK1] B @ 159.633056640625 (ms) to 169.406982421875 (ms), cudaEventElapsed = 9.743264198303223 (ms)
[RANK1] W @ 169.58251953125 (ms) to 175.836669921875 (ms), cudaEventElapsed = 6.225855827331543 (ms)
[RANK1] F @ 176.014404296875 (ms) to 185.2294921875 (ms), cudaEventElapsed = 9.193951606750488 (ms)
[RANK1] B @ 185.7763671875 (ms) to 196.622314453125 (ms), cudaEventElapsed = 10.8189115524292 (ms)
[RANK1] B @ 197.380859375 (ms) to 206.95947265625 (ms), cudaEventElapsed = 9.548480033874512 (ms)
[RANK1] W @ 207.056884765625 (ms) to 213.275390625 (ms), cudaEventElapsed = 6.200255870819092 (ms)
[RANK1] F @ 213.43115234375 (ms) to 222.561767578125 (ms), cudaEventElapsed = 9.110400199890137 (ms)
[RANK1] B @ 222.770263671875 (ms) to 232.278076171875 (ms), cudaEventElapsed = 9.481216430664062 (ms)
[RANK1] W @ 232.4912109375 (ms) to 238.998046875 (ms), cudaEventElapsed = 6.1569600105285645 (ms)
[RANK1] F @ 239.161865234375 (ms) to 248.374267578125 (ms), cudaEventElapsed = 9.1910400390625 (ms)
[RANK1] B @ 248.58056640625 (ms) to 258.15380859375 (ms), cudaEventElapsed = 9.545791625976562 (ms)
[RANK1] W @ 258.322998046875 (ms) to 264.609130859375 (ms), cudaEventElapsed = 6.259007930755615 (ms)
[RANK1] W @ 264.707275390625 (ms) to 271.076171875 (ms), cudaEventElapsed = 6.351744174957275 (ms)
[RANK1] B @ 272.05908203125 (ms) to 281.618896484375 (ms), cudaEventElapsed = 9.54092788696289 (ms)
[RANK1] W @ 281.795654296875 (ms) to 288.06884765625 (ms), cudaEventElapsed = 6.2454400062561035 (ms)
[RANK1] W @ 288.1669921875 (ms) to 294.510498046875 (ms), cudaEventElapsed = 6.325695991516113 (ms)
[RANK1] B @ 294.607666015625 (ms) to 304.1533203125 (ms), cudaEventElapsed = 9.526752471923828 (ms)
[RANK1] 4W @ 304.32373046875 (ms) to 329.06396484375 (ms), cudaEventElapsed = 24.712032318115234 (ms)
[RANK1] Iteration 4
[RANK1] F @ 10.321044921875 (ms) to 19.6884765625 (ms), cudaEventElapsed = 9.333632469177246 (ms)
[RANK1] F @ 19.94580078125 (ms) to 29.05712890625 (ms), cudaEventElapsed = 9.083295822143555 (ms)
[RANK1] F @ 29.313232421875 (ms) to 38.395263671875 (ms), cudaEventElapsed = 9.054911613464355 (ms)
[RANK1] F @ 38.609375 (ms) to 47.647216796875 (ms), cudaEventElapsed = 9.011199951171875 (ms)
[RANK1] F @ 48.310302734375 (ms) to 57.5244140625 (ms), cudaEventElapsed = 9.184224128723145 (ms)
[RANK1] B @ 62.80322265625 (ms) to 72.81103515625 (ms), cudaEventElapsed = 9.979264259338379 (ms)
[RANK1] F @ 73.128662109375 (ms) to 82.39013671875 (ms), cudaEventElapsed = 9.230976104736328 (ms)
[RANK1] B @ 82.6083984375 (ms) to 92.53466796875 (ms), cudaEventElapsed = 9.899264335632324 (ms)
[RANK1] F @ 93.146240234375 (ms) to 102.432373046875 (ms), cudaEventElapsed = 9.255840301513672 (ms)
[RANK1] B @ 102.649658203125 (ms) to 112.742919921875 (ms), cudaEventElapsed = 10.065728187561035 (ms)
[RANK1] F @ 113.06591796875 (ms) to 122.515380859375 (ms), cudaEventElapsed = 9.418047904968262 (ms)
[RANK1] B @ 122.76904296875 (ms) to 132.870849609375 (ms), cudaEventElapsed = 10.073951721191406 (ms)
[RANK1] W @ 133.1025390625 (ms) to 139.6884765625 (ms), cudaEventElapsed = 6.5595197677612305 (ms)
[RANK1] F @ 139.798095703125 (ms) to 149.1904296875 (ms), cudaEventElapsed = 9.372384071350098 (ms)
[RANK1] B @ 150.950439453125 (ms) to 162.593017578125 (ms), cudaEventElapsed = 11.613727569580078 (ms)
[RANK1] B @ 163.203369140625 (ms) to 173.462890625 (ms), cudaEventElapsed = 10.22697639465332 (ms)
[RANK1] W @ 173.6513671875 (ms) to 180.051025390625 (ms), cudaEventElapsed = 6.371424198150635 (ms)
[RANK1] F @ 180.229248046875 (ms) to 189.688232421875 (ms), cudaEventElapsed = 9.437536239624023 (ms)
[RANK1] B @ 190.236572265625 (ms) to 201.545654296875 (ms), cudaEventElapsed = 11.281311988830566 (ms)
[RANK1] B @ 202.15185546875 (ms) to 212.566650390625 (ms), cudaEventElapsed = 10.384672164916992 (ms)
[RANK1] W @ 212.739501953125 (ms) to 219.205322265625 (ms), cudaEventElapsed = 6.439072132110596 (ms)
[RANK1] F @ 219.381591796875 (ms) to 229.07275390625 (ms), cudaEventElapsed = 9.669471740722656 (ms)
[RANK1] B @ 229.282958984375 (ms) to 239.607177734375 (ms), cudaEventElapsed = 10.297311782836914 (ms)
[RANK1] W @ 239.827392578125 (ms) to 246.563232421875 (ms), cudaEventElapsed = 6.380703926086426 (ms)
[RANK1] F @ 246.74609375 (ms) to 256.423828125 (ms), cudaEventElapsed = 9.654496192932129 (ms)
[RANK1] B @ 256.63525390625 (ms) to 267.052734375 (ms), cudaEventElapsed = 10.38969612121582 (ms)
[RANK1] W @ 267.2197265625 (ms) to 273.7451171875 (ms), cudaEventElapsed = 6.498112201690674 (ms)
[RANK1] W @ 273.844482421875 (ms) to 280.423095703125 (ms), cudaEventElapsed = 6.559840202331543 (ms)
[RANK1] B @ 280.522216796875 (ms) to 291.0625 (ms), cudaEventElapsed = 10.522080421447754 (ms)
[RANK1] W @ 291.240234375 (ms) to 297.72021484375 (ms), cudaEventElapsed = 6.451488018035889 (ms)
[RANK1] W @ 297.819091796875 (ms) to 304.500732421875 (ms), cudaEventElapsed = 6.662591934204102 (ms)
[RANK1] B @ 304.605224609375 (ms) to 315.60107421875 (ms), cudaEventElapsed = 10.976639747619629 (ms)
[RANK1] 4W @ 315.78466796875 (ms) to 342.458251953125 (ms), cudaEventElapsed = 26.646272659301758 (ms)
[RANK1] Iteration 5
[RANK1] F @ 10.736328125 (ms) to 21.572998046875 (ms), cudaEventElapsed = 10.801407814025879 (ms)
[RANK1] F @ 21.847412109375 (ms) to 32.4794921875 (ms), cudaEventElapsed = 10.603615760803223 (ms)
[RANK1] F @ 32.731689453125 (ms) to 43.283447265625 (ms), cudaEventElapsed = 10.524703979492188 (ms)
[RANK1] F @ 43.496337890625 (ms) to 53.468994140625 (ms), cudaEventElapsed = 9.945119857788086 (ms)
[RANK1] F @ 54.221435546875 (ms) to 63.61669921875 (ms), cudaEventElapsed = 9.365119934082031 (ms)
[RANK1] B @ 67.149169921875 (ms) to 77.295166015625 (ms), cudaEventElapsed = 10.117823600769043 (ms)
[RANK1] F @ 77.62158203125 (ms) to 87.03564453125 (ms), cudaEventElapsed = 9.38259220123291 (ms)
[RANK1] B @ 87.25439453125 (ms) to 97.298583984375 (ms), cudaEventElapsed = 10.0164155960083 (ms)
[RANK1] F @ 97.952880859375 (ms) to 107.6630859375 (ms), cudaEventElapsed = 9.679455757141113 (ms)
[RANK1] B @ 107.879638671875 (ms) to 118.31689453125 (ms), cudaEventElapsed = 10.407872200012207 (ms)
[RANK1] F @ 118.62109375 (ms) to 128.5361328125 (ms), cudaEventElapsed = 9.886431694030762 (ms)
[RANK1] B @ 128.7861328125 (ms) to 139.46337890625 (ms), cudaEventElapsed = 10.647968292236328 (ms)
[RANK1] W @ 139.692626953125 (ms) to 146.5126953125 (ms), cudaEventElapsed = 6.790656089782715 (ms)
[RANK1] F @ 146.6259765625 (ms) to 156.72119140625 (ms), cudaEventElapsed = 10.074175834655762 (ms)
[RANK1] B @ 157.27392578125 (ms) to 169.294189453125 (ms), cudaEventElapsed = 11.990880012512207 (ms)
[RANK1] B @ 170.009033203125 (ms) to 180.69970703125 (ms), cudaEventElapsed = 10.66051197052002 (ms)
[RANK1] W @ 180.882080078125 (ms) to 187.406005859375 (ms), cudaEventElapsed = 6.495552062988281 (ms)
[RANK1] F @ 187.590087890625 (ms) to 197.47314453125 (ms), cudaEventElapsed = 9.86092758178711 (ms)
[RANK1] B @ 198.011962890625 (ms) to 209.393310546875 (ms), cudaEventElapsed = 11.352319717407227 (ms)
[RANK1] B @ 209.99853515625 (ms) to 220.409912109375 (ms), cudaEventElapsed = 10.379136085510254 (ms)
[RANK1] W @ 220.5830078125 (ms) to 227.069580078125 (ms), cudaEventElapsed = 6.457727909088135 (ms)
[RANK1] F @ 227.244873046875 (ms) to 236.99560546875 (ms), cudaEventElapsed = 9.7291841506958 (ms)
[RANK1] B @ 237.215087890625 (ms) to 247.732177734375 (ms), cudaEventElapsed = 10.488703727722168 (ms)
[RANK1] W @ 247.952392578125 (ms) to 254.86474609375 (ms), cudaEventElapsed = 6.4528961181640625 (ms)
[RANK1] F @ 255.028076171875 (ms) to 265.100341796875 (ms), cudaEventElapsed = 10.051199913024902 (ms)
[RANK1] B @ 265.308349609375 (ms) to 276.062744140625 (ms), cudaEventElapsed = 10.726592063903809 (ms)
[RANK1] W @ 276.231689453125 (ms) to 282.809326171875 (ms), cudaEventElapsed = 6.550943851470947 (ms)
[RANK1] W @ 282.90771484375 (ms) to 289.49658203125 (ms), cudaEventElapsed = 6.571040153503418 (ms)
[RANK1] B @ 289.594482421875 (ms) to 300.153076171875 (ms), cudaEventElapsed = 10.540063858032227 (ms)
[RANK1] W @ 300.33349609375 (ms) to 307.0703125 (ms), cudaEventElapsed = 6.7066240310668945 (ms)
[RANK1] W @ 307.16845703125 (ms) to 314.002197265625 (ms), cudaEventElapsed = 6.814911842346191 (ms)
[RANK1] B @ 314.100830078125 (ms) to 325.268310546875 (ms), cudaEventElapsed = 11.148768424987793 (ms)
[RANK1] 4W @ 325.4462890625 (ms) to 352.470947265625 (ms), cudaEventElapsed = 26.996320724487305 (ms)
[RANK1] Iteration 6
[RANK1] F @ 10.653564453125 (ms) to 20.4130859375 (ms), cudaEventElapsed = 9.724224090576172 (ms)
[RANK1] F @ 20.674072265625 (ms) to 29.9951171875 (ms), cudaEventElapsed = 9.291263580322266 (ms)
[RANK1] F @ 30.2470703125 (ms) to 39.47998046875 (ms), cudaEventElapsed = 9.205183982849121 (ms)
[RANK1] F @ 39.693115234375 (ms) to 48.870361328125 (ms), cudaEventElapsed = 9.150431632995605 (ms)
[RANK1] F @ 49.534423828125 (ms) to 58.771240234375 (ms), cudaEventElapsed = 9.208703994750977 (ms)
[RANK1] B @ 63.874267578125 (ms) to 73.97412109375 (ms), cudaEventElapsed = 10.07107162475586 (ms)
[RANK1] F @ 74.28515625 (ms) to 83.705078125 (ms), cudaEventElapsed = 9.390111923217773 (ms)
[RANK1] B @ 83.920654296875 (ms) to 93.884765625 (ms), cudaEventElapsed = 9.936960220336914 (ms)
[RANK1] F @ 94.61865234375 (ms) to 103.89599609375 (ms), cudaEventElapsed = 9.24614429473877 (ms)
[RANK1] B @ 104.62548828125 (ms) to 114.581298828125 (ms), cudaEventElapsed = 9.918623924255371 (ms)
[RANK1] F @ 114.817626953125 (ms) to 124.037841796875 (ms), cudaEventElapsed = 9.197728157043457 (ms)
[RANK1] B @ 124.287109375 (ms) to 134.1943359375 (ms), cudaEventElapsed = 9.878239631652832 (ms)
[RANK1] W @ 134.424072265625 (ms) to 140.948974609375 (ms), cudaEventElapsed = 6.496767997741699 (ms)
[RANK1] F @ 141.0576171875 (ms) to 150.1923828125 (ms), cudaEventElapsed = 9.114944458007812 (ms)
[RANK1] B @ 152.826416015625 (ms) to 164.236572265625 (ms), cudaEventElapsed = 11.381792068481445 (ms)
[RANK1] B @ 164.95068359375 (ms) to 174.9892578125 (ms), cudaEventElapsed = 10.010527610778809 (ms)
[RANK1] W @ 175.080810546875 (ms) to 181.46240234375 (ms), cudaEventElapsed = 6.363840103149414 (ms)
[RANK1] F @ 181.609619140625 (ms) to 191.03857421875 (ms), cudaEventElapsed = 9.409472465515137 (ms)
[RANK1] B @ 191.586669921875 (ms) to 202.934326171875 (ms), cudaEventElapsed = 11.320128440856934 (ms)
[RANK1] B @ 203.544921875 (ms) to 213.65966796875 (ms), cudaEventElapsed = 10.083680152893066 (ms)
[RANK1] W @ 213.845703125 (ms) to 220.25390625 (ms), cudaEventElapsed = 6.379392147064209 (ms)
[RANK1] F @ 220.435302734375 (ms) to 230.5390625 (ms), cudaEventElapsed = 10.081376075744629 (ms)
[RANK1] B @ 230.747802734375 (ms) to 241.653076171875 (ms), cudaEventElapsed = 10.877728462219238 (ms)
[RANK1] W @ 241.86865234375 (ms) to 248.868896484375 (ms), cudaEventElapsed = 6.5531840324401855 (ms)
[RANK1] F @ 249.034912109375 (ms) to 259.176513671875 (ms), cudaEventElapsed = 10.119263648986816 (ms)
[RANK1] B @ 259.41064453125 (ms) to 269.9814453125 (ms), cudaEventElapsed = 10.54032039642334 (ms)
[RANK1] W @ 270.151611328125 (ms) to 276.661376953125 (ms), cudaEventElapsed = 6.482656002044678 (ms)
[RANK1] W @ 276.761962890625 (ms) to 283.391845703125 (ms), cudaEventElapsed = 6.611648082733154 (ms)
[RANK1] B @ 283.49072265625 (ms) to 294.119873046875 (ms), cudaEventElapsed = 10.610272407531738 (ms)
[RANK1] W @ 294.287109375 (ms) to 300.829833984375 (ms), cudaEventElapsed = 6.515039920806885 (ms)
[RANK1] W @ 300.92822265625 (ms) to 307.573486328125 (ms), cudaEventElapsed = 6.626944065093994 (ms)
[RANK1] B @ 307.67822265625 (ms) to 318.304443359375 (ms), cudaEventElapsed = 10.607647895812988 (ms)
[RANK1] 4W @ 318.502685546875 (ms) to 344.37158203125 (ms), cudaEventElapsed = 25.838783264160156 (ms)
[RANK1] Iteration 7
[RANK1] F @ 10.72509765625 (ms) to 20.3818359375 (ms), cudaEventElapsed = 9.622112274169922 (ms)
[RANK1] F @ 20.645751953125 (ms) to 29.9619140625 (ms), cudaEventElapsed = 9.289119720458984 (ms)
[RANK1] F @ 30.2314453125 (ms) to 39.477294921875 (ms), cudaEventElapsed = 9.216959953308105 (ms)
[RANK1] F @ 39.70263671875 (ms) to 48.865966796875 (ms), cudaEventElapsed = 9.135168075561523 (ms)
[RANK1] F @ 49.531005859375 (ms) to 58.758056640625 (ms), cudaEventElapsed = 9.198847770690918 (ms)
[RANK1] B @ 63.55029296875 (ms) to 73.609619140625 (ms), cudaEventElapsed = 10.029631614685059 (ms)
[RANK1] F @ 73.92333984375 (ms) to 83.28466796875 (ms), cudaEventElapsed = 9.331071853637695 (ms)
[RANK1] B @ 83.50146484375 (ms) to 93.494140625 (ms), cudaEventElapsed = 9.964703559875488 (ms)
[RANK1] F @ 94.119140625 (ms) to 103.904541015625 (ms), cudaEventElapsed = 9.754015922546387 (ms)
[RANK1] B @ 104.12646484375 (ms) to 114.46923828125 (ms), cudaEventElapsed = 10.315999984741211 (ms)
[RANK1] F @ 114.779296875 (ms) to 124.715576171875 (ms), cudaEventElapsed = 9.90556812286377 (ms)
[RANK1] B @ 124.9658203125 (ms) to 135.46630859375 (ms), cudaEventElapsed = 10.472895622253418 (ms)
[RANK1] W @ 135.693359375 (ms) to 142.474853515625 (ms), cudaEventElapsed = 6.75270414352417 (ms)
[RANK1] F @ 142.59033203125 (ms) to 152.54296875 (ms), cudaEventElapsed = 9.931872367858887 (ms)
[RANK1] B @ 153.097900390625 (ms) to 164.847900390625 (ms), cudaEventElapsed = 11.719648361206055 (ms)
[RANK1] B @ 165.568115234375 (ms) to 176.06689453125 (ms), cudaEventElapsed = 10.467455863952637 (ms)
[RANK1] W @ 176.263427734375 (ms) to 182.78515625 (ms), cudaEventElapsed = 6.493247985839844 (ms)
[RANK1] F @ 182.970703125 (ms) to 192.48583984375 (ms), cudaEventElapsed = 9.494112014770508 (ms)
[RANK1] B @ 193.0302734375 (ms) to 204.54736328125 (ms), cudaEventElapsed = 11.488736152648926 (ms)
[RANK1] B @ 205.1376953125 (ms) to 215.55615234375 (ms), cudaEventElapsed = 10.387392044067383 (ms)
[RANK1] W @ 215.730224609375 (ms) to 222.1708984375 (ms), cudaEventElapsed = 6.413440227508545 (ms)
[RANK1] F @ 222.358642578125 (ms) to 231.886474609375 (ms), cudaEventElapsed = 9.50489616394043 (ms)
[RANK1] B @ 232.110595703125 (ms) to 242.3818359375 (ms), cudaEventElapsed = 10.242079734802246 (ms)
[RANK1] W @ 242.612060546875 (ms) to 249.32568359375 (ms), cudaEventElapsed = 6.365952014923096 (ms)
[RANK1] F @ 249.506591796875 (ms) to 259.25830078125 (ms), cudaEventElapsed = 9.728927612304688 (ms)
[RANK1] B @ 259.471435546875 (ms) to 269.96826171875 (ms), cudaEventElapsed = 10.469504356384277 (ms)
[RANK1] W @ 270.14794921875 (ms) to 276.660888671875 (ms), cudaEventElapsed = 6.483776092529297 (ms)
[RANK1] W @ 276.76708984375 (ms) to 283.3603515625 (ms), cudaEventElapsed = 6.574495792388916 (ms)
[RANK1] B @ 283.462890625 (ms) to 293.806640625 (ms), cudaEventElapsed = 10.324895858764648 (ms)
[RANK1] W @ 293.983154296875 (ms) to 300.64501953125 (ms), cudaEventElapsed = 6.6339521408081055 (ms)
[RANK1] W @ 300.74365234375 (ms) to 307.489501953125 (ms), cudaEventElapsed = 6.727519989013672 (ms)
[RANK1] B @ 307.593505859375 (ms) to 318.615478515625 (ms), cudaEventElapsed = 11.00211238861084 (ms)
[RANK1] 4W @ 318.797119140625 (ms) to 345.820556640625 (ms), cudaEventElapsed = 26.994943618774414 (ms)
[RANK1] Iteration 8
[RANK1] F @ 158.52880859375 (ms) to 312.22314453125 (ms), cudaEventElapsed = 153.644775390625 (ms)
[RANK1] F @ 312.622802734375 (ms) to 321.086669921875 (ms), cudaEventElapsed = 8.430015563964844 (ms)
[RANK1] F @ 321.383544921875 (ms) to 329.84716796875 (ms), cudaEventElapsed = 8.434720039367676 (ms)
[RANK1] F @ 330.0595703125 (ms) to 338.498291015625 (ms), cudaEventElapsed = 8.412351608276367 (ms)
[RANK1] F @ 501.086181640625 (ms) to 509.58154296875 (ms), cudaEventElapsed = 8.4584321975708 (ms)
[RANK1] F @ 509.863037109375 (ms) to 518.2880859375 (ms), cudaEventElapsed = 8.396991729736328 (ms)
[RANK1] F @ 518.55078125 (ms) to 527.038330078125 (ms), cudaEventElapsed = 8.46121597290039 (ms)
[RANK1] F @ 659.853759765625 (ms) to 668.294189453125 (ms), cudaEventElapsed = 8.408063888549805 (ms)
[RANK1] F @ 669.103271484375 (ms) to 677.528564453125 (ms), cudaEventElapsed = 8.397120475769043 (ms)
[RANK1] F @ 678.1787109375 (ms) to 686.58447265625 (ms), cudaEventElapsed = 8.379839897155762 (ms)
[RANK1] F @ 695.40673828125 (ms) to 703.833984375 (ms), cudaEventElapsed = 8.398624420166016 (ms)
[RANK1] F @ 704.62890625 (ms) to 713.03857421875 (ms), cudaEventElapsed = 8.382399559020996 (ms)
