[RANK3] Iteration 1
[RANK3] F @ 3555.399169921875 (ms) to 3565.4443359375 (ms), cudaEventElapsed = 9.984031677246094 (ms)
[RANK3] B @ 3565.593505859375 (ms) to 3574.56103515625 (ms), cudaEventElapsed = 8.943039894104004 (ms)
[RANK3] F @ 3810.4609375 (ms) to 3820.8349609375 (ms), cudaEventElapsed = 10.328512191772461 (ms)
[RANK3] B @ 3820.884765625 (ms) to 3829.74560546875 (ms), cudaEventElapsed = 8.838080406188965 (ms)
[RANK3] F @ 3962.012939453125 (ms) to 3971.4521484375 (ms), cudaEventElapsed = 9.399040222167969 (ms)
[RANK3] B @ 3971.502685546875 (ms) to 3980.248291015625 (ms), cudaEventElapsed = 8.72390365600586 (ms)
[RANK3] F @ 4154.681396484375 (ms) to 4164.441650390625 (ms), cudaEventElapsed = 9.726207733154297 (ms)
[RANK3] B @ 4164.48583984375 (ms) to 4173.278076171875 (ms), cudaEventElapsed = 8.771167755126953 (ms)
[RANK3] F @ 4177.1494140625 (ms) to 4186.328125 (ms), cudaEventElapsed = 9.153568267822266 (ms)
[RANK3] B @ 4186.3759765625 (ms) to 4195.0791015625 (ms), cudaEventElapsed = 8.681407928466797 (ms)
[RANK3] F @ 4197.041259765625 (ms) to 4206.462158203125 (ms), cudaEventElapsed = 9.396320343017578 (ms)
[RANK3] B @ 4206.5048828125 (ms) to 4215.3154296875 (ms), cudaEventElapsed = 8.790559768676758 (ms)
[RANK3] F @ 4216.187255859375 (ms) to 4228.897705078125 (ms), cudaEventElapsed = 12.685888290405273 (ms)
[RANK3] B @ 4228.940185546875 (ms) to 4240.163818359375 (ms), cudaEventElapsed = 11.202143669128418 (ms)
[RANK3] F @ 4240.367919921875 (ms) to 4249.63916015625 (ms), cudaEventElapsed = 9.24732780456543 (ms)
[RANK3] B @ 4249.7587890625 (ms) to 4258.73876953125 (ms), cudaEventElapsed = 8.94809627532959 (ms)
[RANK3] W @ 4258.8251953125 (ms) to 4264.543701171875 (ms), cudaEventElapsed = 5.697472095489502 (ms)
[RANK3] F @ 4264.63427734375 (ms) to 4273.861328125 (ms), cudaEventElapsed = 9.206208229064941 (ms)
[RANK3] B @ 4273.903564453125 (ms) to 4282.693603515625 (ms), cudaEventElapsed = 8.769248008728027 (ms)
[RANK3] W @ 4282.840087890625 (ms) to 4288.945068359375 (ms), cudaEventElapsed = 5.785888195037842 (ms)
[RANK3] F @ 4289.033203125 (ms) to 4298.387939453125 (ms), cudaEventElapsed = 9.333536148071289 (ms)
[RANK3] B @ 4298.431396484375 (ms) to 4307.21826171875 (ms), cudaEventElapsed = 8.76534366607666 (ms)
[RANK3] W @ 4307.36181640625 (ms) to 4313.455078125 (ms), cudaEventElapsed = 5.776256084442139 (ms)
[RANK3] F @ 4313.704833984375 (ms) to 4323.02099609375 (ms), cudaEventElapsed = 9.29475212097168 (ms)
[RANK3] B @ 4323.06494140625 (ms) to 4331.88232421875 (ms), cudaEventElapsed = 8.796607971191406 (ms)
[RANK3] W @ 4332.0234375 (ms) to 4338.14453125 (ms), cudaEventElapsed = 5.811168193817139 (ms)
[RANK3] F @ 4339.39306640625 (ms) to 4348.727294921875 (ms), cudaEventElapsed = 9.312992095947266 (ms)
[RANK3] B @ 4348.77001953125 (ms) to 4357.6279296875 (ms), cudaEventElapsed = 8.836671829223633 (ms)
[RANK3] 8W @ 4357.75048828125 (ms) to 4403.47265625 (ms), cudaEventElapsed = 45.696990966796875 (ms)
[RANK3] Iteration 2
[RANK3] F @ 28.008056640625 (ms) to 37.485107421875 (ms), cudaEventElapsed = 9.441535949707031 (ms)
[RANK3] B @ 37.63623046875 (ms) to 47.5869140625 (ms), cudaEventElapsed = 9.92416000366211 (ms)
[RANK3] F @ 47.7626953125 (ms) to 57.003662109375 (ms), cudaEventElapsed = 9.214400291442871 (ms)
[RANK3] B @ 57.068115234375 (ms) to 65.8505859375 (ms), cudaEventElapsed = 8.759584426879883 (ms)
[RANK3] F @ 66.372314453125 (ms) to 75.640380859375 (ms), cudaEventElapsed = 9.243328094482422 (ms)
[RANK3] B @ 75.70361328125 (ms) to 84.408203125 (ms), cudaEventElapsed = 8.682944297790527 (ms)
[RANK3] F @ 84.91552734375 (ms) to 94.09375 (ms), cudaEventElapsed = 9.152959823608398 (ms)
[RANK3] B @ 94.155517578125 (ms) to 102.920166015625 (ms), cudaEventElapsed = 8.742560386657715 (ms)
[RANK3] F @ 103.4453125 (ms) to 112.546875 (ms), cudaEventElapsed = 9.076383590698242 (ms)
[RANK3] B @ 112.606201171875 (ms) to 121.3193359375 (ms), cudaEventElapsed = 8.687871932983398 (ms)
[RANK3] F @ 121.932861328125 (ms) to 131.461181640625 (ms), cudaEventElapsed = 9.496095657348633 (ms)
[RANK3] B @ 131.519287109375 (ms) to 140.29248046875 (ms), cudaEventElapsed = 8.752703666687012 (ms)
[RANK3] F @ 140.810791015625 (ms) to 149.949462890625 (ms), cudaEventElapsed = 9.114496231079102 (ms)
[RANK3] B @ 150.010009765625 (ms) to 158.74267578125 (ms), cudaEventElapsed = 8.710047721862793 (ms)
[RANK3] F @ 158.93115234375 (ms) to 168.121826171875 (ms), cudaEventElapsed = 9.166912078857422 (ms)
[RANK3] B @ 168.257568359375 (ms) to 177.46044921875 (ms), cudaEventElapsed = 9.178367614746094 (ms)
[RANK3] W @ 177.5693359375 (ms) to 183.29638671875 (ms), cudaEventElapsed = 5.706655979156494 (ms)
[RANK3] F @ 183.40234375 (ms) to 192.67138671875 (ms), cudaEventElapsed = 9.24454402923584 (ms)
[RANK3] B @ 192.730224609375 (ms) to 201.45458984375 (ms), cudaEventElapsed = 8.702719688415527 (ms)
[RANK3] W @ 201.6318359375 (ms) to 207.7265625 (ms), cudaEventElapsed = 5.79091215133667 (ms)
[RANK3] F @ 207.94140625 (ms) to 217.204833984375 (ms), cudaEventElapsed = 9.242239952087402 (ms)
[RANK3] B @ 217.2626953125 (ms) to 226.077392578125 (ms), cudaEventElapsed = 8.793375968933105 (ms)
[RANK3] W @ 226.249755859375 (ms) to 232.3623046875 (ms), cudaEventElapsed = 5.795743942260742 (ms)
[RANK3] F @ 233.530517578125 (ms) to 242.753662109375 (ms), cudaEventElapsed = 9.198016166687012 (ms)
[RANK3] B @ 242.80859375 (ms) to 251.50732421875 (ms), cudaEventElapsed = 8.67859172821045 (ms)
[RANK3] W @ 251.66748046875 (ms) to 257.7587890625 (ms), cudaEventElapsed = 5.78275203704834 (ms)
[RANK3] F @ 259.151123046875 (ms) to 268.413818359375 (ms), cudaEventElapsed = 9.237567901611328 (ms)
[RANK3] B @ 268.47314453125 (ms) to 277.2470703125 (ms), cudaEventElapsed = 8.752256393432617 (ms)
[RANK3] 8W @ 277.373779296875 (ms) to 322.859619140625 (ms), cudaEventElapsed = 45.462303161621094 (ms)
[RANK3] Iteration 3
[RANK3] F @ 28.033447265625 (ms) to 37.377685546875 (ms), cudaEventElapsed = 9.309408187866211 (ms)
[RANK3] B @ 37.522216796875 (ms) to 47.50341796875 (ms), cudaEventElapsed = 9.826560020446777 (ms)
[RANK3] F @ 47.699462890625 (ms) to 56.96484375 (ms), cudaEventElapsed = 9.241151809692383 (ms)
[RANK3] B @ 57.02587890625 (ms) to 65.80029296875 (ms), cudaEventElapsed = 8.752063751220703 (ms)
[RANK3] F @ 66.366455078125 (ms) to 75.47119140625 (ms), cudaEventElapsed = 9.076064109802246 (ms)
[RANK3] B @ 75.52734375 (ms) to 84.209228515625 (ms), cudaEventElapsed = 8.657343864440918 (ms)
[RANK3] F @ 84.772705078125 (ms) to 94.0908203125 (ms), cudaEventElapsed = 9.283519744873047 (ms)
[RANK3] B @ 94.153564453125 (ms) to 102.90234375 (ms), cudaEventElapsed = 8.727487564086914 (ms)
[RANK3] F @ 103.397705078125 (ms) to 112.591064453125 (ms), cudaEventElapsed = 9.168479919433594 (ms)
[RANK3] B @ 112.65185546875 (ms) to 121.4462890625 (ms), cudaEventElapsed = 8.774208068847656 (ms)
[RANK3] F @ 121.99560546875 (ms) to 131.381591796875 (ms), cudaEventElapsed = 9.361087799072266 (ms)
[RANK3] B @ 131.438720703125 (ms) to 140.22705078125 (ms), cudaEventElapsed = 8.768159866333008 (ms)
[RANK3] F @ 140.727783203125 (ms) to 149.898193359375 (ms), cudaEventElapsed = 9.146623611450195 (ms)
[RANK3] B @ 149.958251953125 (ms) to 158.6298828125 (ms), cudaEventElapsed = 8.6494722366333 (ms)
[RANK3] F @ 158.81396484375 (ms) to 168.04248046875 (ms), cudaEventElapsed = 9.204352378845215 (ms)
[RANK3] B @ 168.178955078125 (ms) to 177.3212890625 (ms), cudaEventElapsed = 9.117216110229492 (ms)
[RANK3] W @ 177.425537109375 (ms) to 183.1689453125 (ms), cudaEventElapsed = 5.721312046051025 (ms)
[RANK3] F @ 183.27294921875 (ms) to 192.4990234375 (ms), cudaEventElapsed = 9.204863548278809 (ms)
[RANK3] B @ 192.556396484375 (ms) to 201.35595703125 (ms), cudaEventElapsed = 8.777791976928711 (ms)
[RANK3] W @ 201.515625 (ms) to 207.63671875 (ms), cudaEventElapsed = 5.783552169799805 (ms)
[RANK3] F @ 208.146484375 (ms) to 217.493408203125 (ms), cudaEventElapsed = 9.323424339294434 (ms)
[RANK3] B @ 217.55419921875 (ms) to 226.376953125 (ms), cudaEventElapsed = 8.800576210021973 (ms)
[RANK3] W @ 226.530029296875 (ms) to 232.6611328125 (ms), cudaEventElapsed = 5.815296173095703 (ms)
[RANK3] F @ 233.955078125 (ms) to 243.219970703125 (ms), cudaEventElapsed = 9.242464065551758 (ms)
[RANK3] B @ 243.279296875 (ms) to 252.116943359375 (ms), cudaEventElapsed = 8.816384315490723 (ms)
[RANK3] W @ 252.263671875 (ms) to 258.392333984375 (ms), cudaEventElapsed = 5.801472187042236 (ms)
[RANK3] F @ 259.464599609375 (ms) to 268.868896484375 (ms), cudaEventElapsed = 9.382431983947754 (ms)
[RANK3] B @ 268.921875 (ms) to 277.744384765625 (ms), cudaEventElapsed = 8.796735763549805 (ms)
[RANK3] 8W @ 277.861572265625 (ms) to 323.810791015625 (ms), cudaEventElapsed = 45.927616119384766 (ms)
[RANK3] Iteration 4
[RANK3] F @ 27.840087890625 (ms) to 37.440673828125 (ms), cudaEventElapsed = 9.564191818237305 (ms)
[RANK3] B @ 37.57763671875 (ms) to 47.889404296875 (ms), cudaEventElapsed = 10.28707218170166 (ms)
[RANK3] F @ 48.076904296875 (ms) to 57.2900390625 (ms), cudaEventElapsed = 9.186623573303223 (ms)
[RANK3] B @ 57.35107421875 (ms) to 66.514892578125 (ms), cudaEventElapsed = 9.142239570617676 (ms)
[RANK3] F @ 67.034912109375 (ms) to 76.311767578125 (ms), cudaEventElapsed = 9.252320289611816 (ms)
[RANK3] B @ 76.372802734375 (ms) to 85.6884765625 (ms), cudaEventElapsed = 9.293343544006348 (ms)
[RANK3] F @ 86.195068359375 (ms) to 95.615478515625 (ms), cudaEventElapsed = 9.396608352661133 (ms)
[RANK3] B @ 95.6728515625 (ms) to 104.98583984375 (ms), cudaEventElapsed = 9.292448043823242 (ms)
[RANK3] F @ 105.4833984375 (ms) to 114.826904296875 (ms), cudaEventElapsed = 9.318431854248047 (ms)
[RANK3] B @ 114.894287109375 (ms) to 124.094482421875 (ms), cudaEventElapsed = 9.177311897277832 (ms)
[RANK3] F @ 124.60009765625 (ms) to 134.127685546875 (ms), cudaEventElapsed = 9.503392219543457 (ms)
[RANK3] B @ 134.189453125 (ms) to 143.41845703125 (ms), cudaEventElapsed = 9.207039833068848 (ms)
[RANK3] F @ 143.945556640625 (ms) to 153.242919921875 (ms), cudaEventElapsed = 9.2740478515625 (ms)
[RANK3] B @ 153.310791015625 (ms) to 162.452392578125 (ms), cudaEventElapsed = 9.11849594116211 (ms)
[RANK3] F @ 162.6435546875 (ms) to 171.884521484375 (ms), cudaEventElapsed = 9.216383934020996 (ms)
[RANK3] B @ 172.022216796875 (ms) to 181.5673828125 (ms), cudaEventElapsed = 9.520319938659668 (ms)
[RANK3] W @ 181.6806640625 (ms) to 187.5126953125 (ms), cudaEventElapsed = 5.808159828186035 (ms)
[RANK3] F @ 187.614013671875 (ms) to 196.89306640625 (ms), cudaEventElapsed = 9.257568359375 (ms)
[RANK3] B @ 196.953369140625 (ms) to 206.060791015625 (ms), cudaEventElapsed = 9.084256172180176 (ms)
[RANK3] W @ 206.221923828125 (ms) to 212.43017578125 (ms), cudaEventElapsed = 5.878687858581543 (ms)
[RANK3] F @ 212.537353515625 (ms) to 221.8349609375 (ms), cudaEventElapsed = 9.272671699523926 (ms)
[RANK3] B @ 221.89404296875 (ms) to 231.1240234375 (ms), cudaEventElapsed = 9.208864212036133 (ms)
[RANK3] W @ 231.279052734375 (ms) to 237.5810546875 (ms), cudaEventElapsed = 5.946911811828613 (ms)
[RANK3] F @ 239.4453125 (ms) to 248.94921875 (ms), cudaEventElapsed = 9.48192024230957 (ms)
[RANK3] B @ 249.00537109375 (ms) to 258.309814453125 (ms), cudaEventElapsed = 9.283647537231445 (ms)
[RANK3] W @ 258.47705078125 (ms) to 264.740478515625 (ms), cudaEventElapsed = 5.952223777770996 (ms)
[RANK3] F @ 266.5107421875 (ms) to 276.609375 (ms), cudaEventElapsed = 10.075615882873535 (ms)
[RANK3] B @ 276.674560546875 (ms) to 286.72900390625 (ms), cudaEventElapsed = 10.031295776367188 (ms)
[RANK3] 8W @ 286.8623046875 (ms) to 335.52978515625 (ms), cudaEventElapsed = 48.641632080078125 (ms)
[RANK3] Iteration 5
[RANK3] F @ 29.949951171875 (ms) to 39.56591796875 (ms), cudaEventElapsed = 9.580063819885254 (ms)
[RANK3] B @ 39.706298828125 (ms) to 51.953125 (ms), cudaEventElapsed = 10.36508846282959 (ms)
[RANK3] F @ 52.12890625 (ms) to 61.317626953125 (ms), cudaEventElapsed = 9.165151596069336 (ms)
[RANK3] B @ 61.37744140625 (ms) to 70.534912109375 (ms), cudaEventElapsed = 9.136287689208984 (ms)
[RANK3] F @ 71.02392578125 (ms) to 80.12939453125 (ms), cudaEventElapsed = 9.081024169921875 (ms)
[RANK3] B @ 80.18603515625 (ms) to 89.23876953125 (ms), cudaEventElapsed = 9.029184341430664 (ms)
[RANK3] F @ 89.85400390625 (ms) to 99.1884765625 (ms), cudaEventElapsed = 9.300640106201172 (ms)
[RANK3] B @ 99.244873046875 (ms) to 108.4072265625 (ms), cudaEventElapsed = 9.141823768615723 (ms)
[RANK3] F @ 108.931640625 (ms) to 118.13134765625 (ms), cudaEventElapsed = 9.175775527954102 (ms)
[RANK3] B @ 118.190185546875 (ms) to 127.360595703125 (ms), cudaEventElapsed = 9.150176048278809 (ms)
[RANK3] F @ 127.88232421875 (ms) to 137.20849609375 (ms), cudaEventElapsed = 9.301759719848633 (ms)
[RANK3] B @ 137.264892578125 (ms) to 146.396240234375 (ms), cudaEventElapsed = 9.111231803894043 (ms)
[RANK3] F @ 146.9052734375 (ms) to 156.113525390625 (ms), cudaEventElapsed = 9.184000015258789 (ms)
[RANK3] B @ 156.174072265625 (ms) to 165.263671875 (ms), cudaEventElapsed = 9.068672180175781 (ms)
[RANK3] F @ 165.451171875 (ms) to 174.72509765625 (ms), cudaEventElapsed = 9.25055980682373 (ms)
[RANK3] B @ 174.855224609375 (ms) to 184.64892578125 (ms), cudaEventElapsed = 9.770496368408203 (ms)
[RANK3] W @ 184.75732421875 (ms) to 190.59326171875 (ms), cudaEventElapsed = 5.814720153808594 (ms)
[RANK3] F @ 190.701171875 (ms) to 200.056884765625 (ms), cudaEventElapsed = 9.3340482711792 (ms)
[RANK3] B @ 200.116943359375 (ms) to 209.39453125 (ms), cudaEventElapsed = 9.256416320800781 (ms)
[RANK3] W @ 209.554443359375 (ms) to 215.801513671875 (ms), cudaEventElapsed = 5.945312023162842 (ms)
[RANK3] F @ 218.3515625 (ms) to 227.838134765625 (ms), cudaEventElapsed = 9.464799880981445 (ms)
[RANK3] B @ 227.897216796875 (ms) to 237.298828125 (ms), cudaEventElapsed = 9.377823829650879 (ms)
[RANK3] W @ 237.544921875 (ms) to 243.785400390625 (ms), cudaEventElapsed = 5.941120147705078 (ms)
[RANK3] F @ 245.235107421875 (ms) to 254.7119140625 (ms), cudaEventElapsed = 9.451199531555176 (ms)
[RANK3] B @ 254.771484375 (ms) to 264.02197265625 (ms), cudaEventElapsed = 9.22815990447998 (ms)
[RANK3] W @ 264.167236328125 (ms) to 270.41162109375 (ms), cudaEventElapsed = 5.921664237976074 (ms)
[RANK3] F @ 273.094970703125 (ms) to 282.489013671875 (ms), cudaEventElapsed = 9.369215965270996 (ms)
[RANK3] B @ 282.547607421875 (ms) to 291.7109375 (ms), cudaEventElapsed = 9.141983985900879 (ms)
[RANK3] 8W @ 291.8330078125 (ms) to 338.30078125 (ms), cudaEventElapsed = 46.444480895996094 (ms)
[RANK3] Iteration 6
[RANK3] F @ 28.711181640625 (ms) to 38.01904296875 (ms), cudaEventElapsed = 9.273664474487305 (ms)
[RANK3] B @ 38.15478515625 (ms) to 48.74951171875 (ms), cudaEventElapsed = 10.094464302062988 (ms)
[RANK3] F @ 48.91943359375 (ms) to 58.0654296875 (ms), cudaEventElapsed = 9.121760368347168 (ms)
[RANK3] B @ 58.125 (ms) to 67.29931640625 (ms), cudaEventElapsed = 9.151328086853027 (ms)
[RANK3] F @ 67.84716796875 (ms) to 77.06689453125 (ms), cudaEventElapsed = 9.195679664611816 (ms)
[RANK3] B @ 77.1279296875 (ms) to 86.327880859375 (ms), cudaEventElapsed = 9.178336143493652 (ms)
[RANK3] F @ 86.859375 (ms) to 96.341796875 (ms), cudaEventElapsed = 9.456864356994629 (ms)
[RANK3] B @ 96.3994140625 (ms) to 105.740234375 (ms), cudaEventElapsed = 9.319104194641113 (ms)
[RANK3] F @ 106.25634765625 (ms) to 115.822998046875 (ms), cudaEventElapsed = 9.540703773498535 (ms)
[RANK3] B @ 115.881103515625 (ms) to 125.17578125 (ms), cudaEventElapsed = 9.273568153381348 (ms)
[RANK3] F @ 126.302734375 (ms) to 136.00634765625 (ms), cudaEventElapsed = 9.664095878601074 (ms)
[RANK3] B @ 136.06396484375 (ms) to 145.3623046875 (ms), cudaEventElapsed = 9.276960372924805 (ms)
[RANK3] F @ 145.85595703125 (ms) to 155.172119140625 (ms), cudaEventElapsed = 9.290847778320312 (ms)
[RANK3] B @ 155.23193359375 (ms) to 164.427490234375 (ms), cudaEventElapsed = 9.17347240447998 (ms)
[RANK3] F @ 164.619384765625 (ms) to 173.9453125 (ms), cudaEventElapsed = 9.303520202636719 (ms)
[RANK3] B @ 174.072021484375 (ms) to 183.7021484375 (ms), cudaEventElapsed = 9.607328414916992 (ms)
[RANK3] W @ 183.812255859375 (ms) to 189.69287109375 (ms), cudaEventElapsed = 5.858719825744629 (ms)
[RANK3] F @ 189.793212890625 (ms) to 199.295654296875 (ms), cudaEventElapsed = 9.480095863342285 (ms)
[RANK3] B @ 199.3544921875 (ms) to 208.749755859375 (ms), cudaEventElapsed = 9.373184204101562 (ms)
[RANK3] W @ 208.898193359375 (ms) to 215.14794921875 (ms), cudaEventElapsed = 5.935328006744385 (ms)
[RANK3] F @ 215.255615234375 (ms) to 224.857421875 (ms), cudaEventElapsed = 9.57539176940918 (ms)
[RANK3] B @ 224.914306640625 (ms) to 234.29248046875 (ms), cudaEventElapsed = 9.3570556640625 (ms)
[RANK3] W @ 234.44677734375 (ms) to 240.7607421875 (ms), cudaEventElapsed = 5.977280139923096 (ms)
[RANK3] F @ 241.669921875 (ms) to 251.230712890625 (ms), cudaEventElapsed = 9.534720420837402 (ms)
[RANK3] B @ 251.28857421875 (ms) to 261.003173828125 (ms), cudaEventElapsed = 9.693440437316895 (ms)
[RANK3] W @ 261.15185546875 (ms) to 267.504638671875 (ms), cudaEventElapsed = 5.990047931671143 (ms)
[RANK3] F @ 268.721923828125 (ms) to 278.413818359375 (ms), cudaEventElapsed = 9.672127723693848 (ms)
[RANK3] B @ 278.469482421875 (ms) to 287.906494140625 (ms), cudaEventElapsed = 9.416543960571289 (ms)
[RANK3] 8W @ 288.02197265625 (ms) to 336.2236328125 (ms), cudaEventElapsed = 48.17958450317383 (ms)
[RANK3] Iteration 7
[RANK3] F @ 28.546875 (ms) to 38.02490234375 (ms), cudaEventElapsed = 9.442015647888184 (ms)
[RANK3] B @ 38.16455078125 (ms) to 48.5517578125 (ms), cudaEventElapsed = 10.362784385681152 (ms)
[RANK3] F @ 48.72412109375 (ms) to 57.971923828125 (ms), cudaEventElapsed = 9.223775863647461 (ms)
[RANK3] B @ 58.032470703125 (ms) to 67.196533203125 (ms), cudaEventElapsed = 9.142463684082031 (ms)
[RANK3] F @ 67.70654296875 (ms) to 76.910400390625 (ms), cudaEventElapsed = 9.178848266601562 (ms)
[RANK3] B @ 76.968994140625 (ms) to 86.0390625 (ms), cudaEventElapsed = 9.048576354980469 (ms)
[RANK3] F @ 86.54345703125 (ms) to 95.81494140625 (ms), cudaEventElapsed = 9.246912002563477 (ms)
[RANK3] B @ 95.88232421875 (ms) to 105.075927734375 (ms), cudaEventElapsed = 9.170207977294922 (ms)
[RANK3] F @ 105.59130859375 (ms) to 114.68701171875 (ms), cudaEventElapsed = 9.070783615112305 (ms)
[RANK3] B @ 114.74609375 (ms) to 123.91357421875 (ms), cudaEventElapsed = 9.14310359954834 (ms)
[RANK3] F @ 124.51416015625 (ms) to 133.9140625 (ms), cudaEventElapsed = 9.366656303405762 (ms)
[RANK3] B @ 133.9736328125 (ms) to 143.097900390625 (ms), cudaEventElapsed = 9.102527618408203 (ms)
[RANK3] F @ 143.600341796875 (ms) to 152.804931640625 (ms), cudaEventElapsed = 9.179583549499512 (ms)
[RANK3] B @ 152.86376953125 (ms) to 162.0185546875 (ms), cudaEventElapsed = 9.133824348449707 (ms)
[RANK3] F @ 162.204345703125 (ms) to 171.4892578125 (ms), cudaEventElapsed = 9.261183738708496 (ms)
[RANK3] B @ 171.62451171875 (ms) to 181.32470703125 (ms), cudaEventElapsed = 9.676575660705566 (ms)
[RANK3] W @ 181.4345703125 (ms) to 187.2958984375 (ms), cudaEventElapsed = 5.840896129608154 (ms)
[RANK3] F @ 187.40087890625 (ms) to 197.05517578125 (ms), cudaEventElapsed = 9.628735542297363 (ms)
[RANK3] B @ 197.11328125 (ms) to 206.56689453125 (ms), cudaEventElapsed = 9.430656433105469 (ms)
[RANK3] W @ 206.740966796875 (ms) to 213.080322265625 (ms), cudaEventElapsed = 6.013823986053467 (ms)
[RANK3] F @ 214.14013671875 (ms) to 223.892578125 (ms), cudaEventElapsed = 9.73027229309082 (ms)
[RANK3] B @ 223.950439453125 (ms) to 233.420166015625 (ms), cudaEventElapsed = 9.447775840759277 (ms)
[RANK3] W @ 233.57275390625 (ms) to 239.818359375 (ms), cudaEventElapsed = 5.924736022949219 (ms)
[RANK3] F @ 241.446044921875 (ms) to 250.93310546875 (ms), cudaEventElapsed = 9.462207794189453 (ms)
[RANK3] B @ 250.9912109375 (ms) to 260.24853515625 (ms), cudaEventElapsed = 9.235936164855957 (ms)
[RANK3] W @ 260.407470703125 (ms) to 266.677978515625 (ms), cudaEventElapsed = 5.924320220947266 (ms)
[RANK3] F @ 268.332763671875 (ms) to 277.621337890625 (ms), cudaEventElapsed = 9.266719818115234 (ms)
[RANK3] B @ 277.680908203125 (ms) to 287.0791015625 (ms), cudaEventElapsed = 9.374719619750977 (ms)
[RANK3] 8W @ 287.260498046875 (ms) to 335.203369140625 (ms), cudaEventElapsed = 47.9126091003418 (ms)
[RANK3] Iteration 8
[RANK3] F @ 489.64990234375 (ms) to 656.21923828125 (ms), cudaEventElapsed = 166.51242065429688 (ms)
[RANK3] F @ 656.45947265625 (ms) to 665.126220703125 (ms), cudaEventElapsed = 8.637984275817871 (ms)
[RANK3] F @ 665.326904296875 (ms) to 673.846435546875 (ms), cudaEventElapsed = 8.493696212768555 (ms)
[RANK3] F @ 674.02685546875 (ms) to 682.619384765625 (ms), cudaEventElapsed = 8.565888404846191 (ms)
[RANK3] F @ 682.79931640625 (ms) to 691.44970703125 (ms), cudaEventElapsed = 8.624159812927246 (ms)
[RANK3] F @ 691.62744140625 (ms) to 700.12060546875 (ms), cudaEventElapsed = 8.467840194702148 (ms)
[RANK3] F @ 700.30224609375 (ms) to 708.93359375 (ms), cudaEventElapsed = 8.606047630310059 (ms)
[RANK3] F @ 709.037841796875 (ms) to 717.624267578125 (ms), cudaEventElapsed = 8.563072204589844 (ms)
[RANK3] F @ 718.198486328125 (ms) to 726.87158203125 (ms), cudaEventElapsed = 8.64675235748291 (ms)
[RANK3] F @ 727.450439453125 (ms) to 735.981689453125 (ms), cudaEventElapsed = 8.505184173583984 (ms)
[RANK3] F @ 736.53662109375 (ms) to 745.18408203125 (ms), cudaEventElapsed = 8.622495651245117 (ms)
[RANK3] F @ 745.7880859375 (ms) to 754.4365234375 (ms), cudaEventElapsed = 8.622528076171875 (ms)
