[RANK0] Iteration 1
[RANK0] F @ 0.3037109375 (ms) to 25.190185546875 (ms), cudaEventElapsed = 24.833375930786133 (ms)
[RANK0] F @ 76.313232421875 (ms) to 102.281982421875 (ms), cudaEventElapsed = 25.90924835205078 (ms)
[RANK0] F @ 102.494140625 (ms) to 127.675537109375 (ms), cudaEventElapsed = 25.13920021057129 (ms)
[RANK0] F @ 127.84765625 (ms) to 154.91455078125 (ms), cudaEventElapsed = 27.029504776000977 (ms)
[RANK0] F @ 155.084716796875 (ms) to 183.864990234375 (ms), cudaEventElapsed = 28.74470329284668 (ms)
[RANK0] F @ 184.028076171875 (ms) to 221.746826171875 (ms), cudaEventElapsed = 25.754623413085938 (ms)
[RANK0] F @ 221.916259765625 (ms) to 523.615234375 (ms), cudaEventElapsed = 301.65606689453125 (ms)
[RANK0] B @ 605.561279296875 (ms) to 637.139892578125 (ms), cudaEventElapsed = 31.517440795898438 (ms)
[RANK0] F @ 637.3779296875 (ms) to 662.927001953125 (ms), cudaEventElapsed = 25.51705551147461 (ms)
[RANK0] B @ 683.4326171875 (ms) to 716.464599609375 (ms), cudaEventElapsed = 32.98486328125 (ms)
[RANK0] W @ 716.69482421875 (ms) to 731.208740234375 (ms), cudaEventElapsed = 14.48140811920166 (ms)
[RANK0] F @ 731.228759765625 (ms) to 757.4736328125 (ms), cudaEventElapsed = 26.218496322631836 (ms)
[RANK0] B @ 765.084716796875 (ms) to 801.131591796875 (ms), cudaEventElapsed = 36.00841522216797 (ms)
[RANK0] B @ 843.545654296875 (ms) to 875.278076171875 (ms), cudaEventElapsed = 31.68560028076172 (ms)
[RANK0] W @ 875.31787109375 (ms) to 889.294921875 (ms), cudaEventElapsed = 13.95199966430664 (ms)
[RANK0] F @ 889.49169921875 (ms) to 914.952392578125 (ms), cudaEventElapsed = 25.430015563964844 (ms)
[RANK0] B @ 947.965576171875 (ms) to 981.433837890625 (ms), cudaEventElapsed = 33.42995071411133 (ms)
[RANK0] B @ 1170.3896484375 (ms) to 1202.2138671875 (ms), cudaEventElapsed = 31.75279998779297 (ms)
[RANK0] W @ 1202.27099609375 (ms) to 1215.66015625 (ms), cudaEventElapsed = 13.34988784790039 (ms)
[RANK0] F @ 1215.902099609375 (ms) to 1242.346923828125 (ms), cudaEventElapsed = 26.406911849975586 (ms)
[RANK0] B @ 1279.973876953125 (ms) to 1313.13330078125 (ms), cudaEventElapsed = 33.11686325073242 (ms)
[RANK0] B @ 1321.494140625 (ms) to 1353.86962890625 (ms), cudaEventElapsed = 32.33967971801758 (ms)
[RANK0] W @ 1353.905517578125 (ms) to 1368.211181640625 (ms), cudaEventElapsed = 14.27455997467041 (ms)
[RANK0] F @ 1368.422607421875 (ms) to 1394.323486328125 (ms), cudaEventElapsed = 25.867263793945312 (ms)
[RANK0] W @ 1394.489501953125 (ms) to 1435.821044921875 (ms), cudaEventElapsed = 14.48857593536377 (ms)
[RANK0] W @ 1435.841552734375 (ms) to 1449.77685546875 (ms), cudaEventElapsed = 13.89568042755127 (ms)
[RANK0] W @ 1449.95556640625 (ms) to 1464.922119140625 (ms), cudaEventElapsed = 14.936063766479492 (ms)
[RANK0] W @ 1464.935302734375 (ms) to 1480.656494140625 (ms), cudaEventElapsed = 15.69484806060791 (ms)
[RANK0] B @ 1480.808349609375 (ms) to 1516.51513671875 (ms), cudaEventElapsed = 35.67919921875 (ms)
[RANK0] W @ 1516.6728515625 (ms) to 1538.478515625 (ms), cudaEventElapsed = 15.567872047424316 (ms)
[RANK0] B @ 1538.6298828125 (ms) to 1572.94091796875 (ms), cudaEventElapsed = 34.2817268371582 (ms)
[RANK0] W @ 1572.967529296875 (ms) to 1587.99365234375 (ms), cudaEventElapsed = 15.00160026550293 (ms)
[RANK0] B @ 1619.640625 (ms) to 1652.490234375 (ms), cudaEventElapsed = 32.81206512451172 (ms)
[RANK0] W @ 1652.5166015625 (ms) to 1666.56005859375 (ms), cudaEventElapsed = 14.012415885925293 (ms)
[RANK0] B @ 1706.750732421875 (ms) to 1738.359375 (ms), cudaEventElapsed = 31.575679779052734 (ms)
[RANK0] 1W @ 1738.390380859375 (ms) to 1752.23193359375 (ms), cudaEventElapsed = 13.817855834960938 (ms)
[RANK0] Iteration 2
[RANK0] F @ 2.242431640625 (ms) to 27.449462890625 (ms), cudaEventElapsed = 25.15763282775879 (ms)
[RANK0] F @ 27.69580078125 (ms) to 52.6328125 (ms), cudaEventElapsed = 24.89958381652832 (ms)
[RANK0] F @ 52.857666015625 (ms) to 80.118896484375 (ms), cudaEventElapsed = 27.222015380859375 (ms)
[RANK0] F @ 80.3232421875 (ms) to 108.402099609375 (ms), cudaEventElapsed = 28.039167404174805 (ms)
[RANK0] F @ 108.618408203125 (ms) to 136.461669921875 (ms), cudaEventElapsed = 27.805696487426758 (ms)
[RANK0] F @ 136.6787109375 (ms) to 164.419677734375 (ms), cudaEventElapsed = 27.704320907592773 (ms)
[RANK0] F @ 164.62109375 (ms) to 192.248291015625 (ms), cudaEventElapsed = 27.59270477294922 (ms)
[RANK0] B @ 268.326171875 (ms) to 300.153076171875 (ms), cudaEventElapsed = 31.769664764404297 (ms)
[RANK0] F @ 300.44580078125 (ms) to 326.340087890625 (ms), cudaEventElapsed = 25.853952407836914 (ms)
[RANK0] B @ 349.604736328125 (ms) to 382.606689453125 (ms), cudaEventElapsed = 32.94908905029297 (ms)
[RANK0] W @ 382.91064453125 (ms) to 397.4990234375 (ms), cudaEventElapsed = 14.548992156982422 (ms)
[RANK0] F @ 397.5712890625 (ms) to 424.109130859375 (ms), cudaEventElapsed = 26.49907112121582 (ms)
[RANK0] B @ 431.951416015625 (ms) to 467.25439453125 (ms), cudaEventElapsed = 35.25584030151367 (ms)
[RANK0] B @ 510.22216796875 (ms) to 542.142333984375 (ms), cudaEventElapsed = 31.87238311767578 (ms)
[RANK0] W @ 542.2236328125 (ms) to 555.9326171875 (ms), cudaEventElapsed = 13.675519943237305 (ms)
[RANK0] F @ 556.1767578125 (ms) to 582.72705078125 (ms), cudaEventElapsed = 26.513408660888672 (ms)
[RANK0] B @ 614.4794921875 (ms) to 648.3642578125 (ms), cudaEventElapsed = 33.84297561645508 (ms)
[RANK0] B @ 665.912109375 (ms) to 697.74560546875 (ms), cudaEventElapsed = 31.800832748413086 (ms)
[RANK0] W @ 697.8154296875 (ms) to 711.748046875 (ms), cudaEventElapsed = 13.900799751281738 (ms)
[RANK0] F @ 711.966552734375 (ms) to 738.51513671875 (ms), cudaEventElapsed = 26.51238441467285 (ms)
[RANK0] B @ 773.693115234375 (ms) to 807.280029296875 (ms), cudaEventElapsed = 33.54832077026367 (ms)
[RANK0] B @ 814.8583984375 (ms) to 846.98974609375 (ms), cudaEventElapsed = 32.09715270996094 (ms)
[RANK0] W @ 847.068359375 (ms) to 861.219970703125 (ms), cudaEventElapsed = 14.104576110839844 (ms)
[RANK0] F @ 861.443115234375 (ms) to 887.587890625 (ms), cudaEventElapsed = 26.11097526550293 (ms)
[RANK0] W @ 887.778076171875 (ms) to 930.05615234375 (ms), cudaEventElapsed = 13.992959976196289 (ms)
[RANK0] W @ 930.11376953125 (ms) to 944.22900390625 (ms), cudaEventElapsed = 14.082048416137695 (ms)
[RANK0] W @ 944.444091796875 (ms) to 959.21435546875 (ms), cudaEventElapsed = 14.737407684326172 (ms)
[RANK0] W @ 959.259033203125 (ms) to 975.048583984375 (ms), cudaEventElapsed = 15.762432098388672 (ms)
[RANK0] B @ 975.218505859375 (ms) to 1010.91748046875 (ms), cudaEventElapsed = 35.66979217529297 (ms)
[RANK0] W @ 1011.1025390625 (ms) to 1035.247802734375 (ms), cudaEventElapsed = 15.39686393737793 (ms)
[RANK0] B @ 1035.40966796875 (ms) to 1069.697021484375 (ms), cudaEventElapsed = 34.259647369384766 (ms)
[RANK0] W @ 1069.7529296875 (ms) to 1084.569580078125 (ms), cudaEventElapsed = 14.78656005859375 (ms)
[RANK0] B @ 1118.3974609375 (ms) to 1151.16748046875 (ms), cudaEventElapsed = 32.7342414855957 (ms)
[RANK0] W @ 1151.2275390625 (ms) to 1165.199951171875 (ms), cudaEventElapsed = 13.944831848144531 (ms)
[RANK0] B @ 1205.470458984375 (ms) to 1237.126220703125 (ms), cudaEventElapsed = 31.62179183959961 (ms)
[RANK0] 1W @ 1237.188232421875 (ms) to 1251.156982421875 (ms), cudaEventElapsed = 13.943807601928711 (ms)
[RANK0] Iteration 3
[RANK0] F @ 2.033935546875 (ms) to 27.0830078125 (ms), cudaEventElapsed = 25.0152645111084 (ms)
[RANK0] F @ 27.28564453125 (ms) to 52.61181640625 (ms), cudaEventElapsed = 25.290752410888672 (ms)
[RANK0] F @ 52.814208984375 (ms) to 80.65966796875 (ms), cudaEventElapsed = 27.807743072509766 (ms)
[RANK0] F @ 80.854736328125 (ms) to 108.79248046875 (ms), cudaEventElapsed = 27.906047821044922 (ms)
[RANK0] F @ 108.985595703125 (ms) to 136.7392578125 (ms), cudaEventElapsed = 27.720703125 (ms)
[RANK0] F @ 136.936279296875 (ms) to 164.583984375 (ms), cudaEventElapsed = 27.616256713867188 (ms)
[RANK0] F @ 164.7783203125 (ms) to 192.321044921875 (ms), cudaEventElapsed = 27.511808395385742 (ms)
[RANK0] B @ 268.69140625 (ms) to 300.425048828125 (ms), cudaEventElapsed = 31.691072463989258 (ms)
[RANK0] F @ 300.650634765625 (ms) to 325.939697265625 (ms), cudaEventElapsed = 25.255935668945312 (ms)
[RANK0] B @ 350.04248046875 (ms) to 383.33203125 (ms), cudaEventElapsed = 33.25199890136719 (ms)
[RANK0] W @ 383.53271484375 (ms) to 398.0107421875 (ms), cudaEventElapsed = 14.447615623474121 (ms)
[RANK0] F @ 398.063232421875 (ms) to 423.8779296875 (ms), cudaEventElapsed = 25.784320831298828 (ms)
[RANK0] B @ 431.7685546875 (ms) to 467.670654296875 (ms), cudaEventElapsed = 35.865535736083984 (ms)
[RANK0] B @ 511.01025390625 (ms) to 542.728759765625 (ms), cudaEventElapsed = 31.68297576904297 (ms)
[RANK0] W @ 542.796875 (ms) to 556.273681640625 (ms), cudaEventElapsed = 13.451264381408691 (ms)
[RANK0] F @ 556.46728515625 (ms) to 582.4443359375 (ms), cudaEventElapsed = 25.94816017150879 (ms)
[RANK0] B @ 614.962890625 (ms) to 648.318603515625 (ms), cudaEventElapsed = 33.316158294677734 (ms)
[RANK0] B @ 667.887451171875 (ms) to 700.002197265625 (ms), cudaEventElapsed = 32.082366943359375 (ms)
[RANK0] W @ 700.062744140625 (ms) to 713.91162109375 (ms), cudaEventElapsed = 13.822976112365723 (ms)
[RANK0] F @ 714.11669921875 (ms) to 740.324462890625 (ms), cudaEventElapsed = 26.175487518310547 (ms)
[RANK0] B @ 776.470947265625 (ms) to 809.83349609375 (ms), cudaEventElapsed = 33.325889587402344 (ms)
[RANK0] B @ 817.66650390625 (ms) to 850.068359375 (ms), cudaEventElapsed = 32.36854553222656 (ms)
[RANK0] W @ 850.130126953125 (ms) to 864.41259765625 (ms), cudaEventElapsed = 14.253055572509766 (ms)
[RANK0] F @ 864.614990234375 (ms) to 890.247802734375 (ms), cudaEventElapsed = 25.601024627685547 (ms)
[RANK0] W @ 890.437255859375 (ms) to 932.96240234375 (ms), cudaEventElapsed = 14.394368171691895 (ms)
[RANK0] W @ 933.014892578125 (ms) to 946.686767578125 (ms), cudaEventElapsed = 13.642751693725586 (ms)
[RANK0] W @ 946.888671875 (ms) to 961.873046875 (ms), cudaEventElapsed = 14.953472137451172 (ms)
[RANK0] W @ 961.915283203125 (ms) to 977.68896484375 (ms), cudaEventElapsed = 15.748096466064453 (ms)
[RANK0] B @ 977.845947265625 (ms) to 1013.579345703125 (ms), cudaEventElapsed = 35.704097747802734 (ms)
[RANK0] W @ 1013.7744140625 (ms) to 1037.552001953125 (ms), cudaEventElapsed = 14.896127700805664 (ms)
[RANK0] B @ 1037.7197265625 (ms) to 1071.564697265625 (ms), cudaEventElapsed = 33.80992126464844 (ms)
[RANK0] W @ 1071.625732421875 (ms) to 1086.671630859375 (ms), cudaEventElapsed = 15.019007682800293 (ms)
[RANK0] B @ 1121.111572265625 (ms) to 1154.176513671875 (ms), cudaEventElapsed = 33.03180694580078 (ms)
[RANK0] W @ 1154.23388671875 (ms) to 1168.35205078125 (ms), cudaEventElapsed = 14.09331226348877 (ms)
[RANK0] B @ 1209.474365234375 (ms) to 1241.3671875 (ms), cudaEventElapsed = 31.861343383789062 (ms)
[RANK0] 1W @ 1241.424072265625 (ms) to 1255.042724609375 (ms), cudaEventElapsed = 13.593600273132324 (ms)
[RANK0] Iteration 4
[RANK0] F @ 2.167724609375 (ms) to 27.22705078125 (ms), cudaEventElapsed = 25.026336669921875 (ms)
[RANK0] F @ 27.44580078125 (ms) to 52.906982421875 (ms), cudaEventElapsed = 25.424896240234375 (ms)
[RANK0] F @ 53.133056640625 (ms) to 80.177734375 (ms), cudaEventElapsed = 27.006975173950195 (ms)
[RANK0] F @ 80.37060546875 (ms) to 108.513671875 (ms), cudaEventElapsed = 28.108800888061523 (ms)
[RANK0] F @ 108.720703125 (ms) to 136.74365234375 (ms), cudaEventElapsed = 27.98899269104004 (ms)
[RANK0] F @ 136.948486328125 (ms) to 164.968505859375 (ms), cudaEventElapsed = 27.98899269104004 (ms)
[RANK0] F @ 165.173828125 (ms) to 193.03076171875 (ms), cudaEventElapsed = 27.824127197265625 (ms)
[RANK0] B @ 270.6923828125 (ms) to 303.194580078125 (ms), cudaEventElapsed = 32.46076965332031 (ms)
[RANK0] F @ 303.424560546875 (ms) to 329.235107421875 (ms), cudaEventElapsed = 25.778175354003906 (ms)
[RANK0] B @ 353.9873046875 (ms) to 387.2724609375 (ms), cudaEventElapsed = 33.246337890625 (ms)
[RANK0] W @ 387.48681640625 (ms) to 403.19873046875 (ms), cudaEventElapsed = 15.681535720825195 (ms)
[RANK0] F @ 403.25634765625 (ms) to 431.400146484375 (ms), cudaEventElapsed = 28.113920211791992 (ms)
[RANK0] B @ 439.296630859375 (ms) to 475.376220703125 (ms), cudaEventElapsed = 36.043296813964844 (ms)
[RANK0] B @ 520.72216796875 (ms) to 553.535400390625 (ms), cudaEventElapsed = 32.77427291870117 (ms)
[RANK0] W @ 553.60693359375 (ms) to 568.524169921875 (ms), cudaEventElapsed = 14.88486385345459 (ms)
[RANK0] F @ 568.7275390625 (ms) to 595.88427734375 (ms), cudaEventElapsed = 27.12678337097168 (ms)
[RANK0] B @ 632.770751953125 (ms) to 666.941162109375 (ms), cudaEventElapsed = 34.13008117675781 (ms)
[RANK0] B @ 684.15673828125 (ms) to 717.390380859375 (ms), cudaEventElapsed = 33.20220947265625 (ms)
[RANK0] W @ 717.453125 (ms) to 732.156982421875 (ms), cudaEventElapsed = 14.67903995513916 (ms)
[RANK0] F @ 732.36181640625 (ms) to 759.071044921875 (ms), cudaEventElapsed = 26.677248001098633 (ms)
[RANK0] B @ 799.589599609375 (ms) to 833.439208984375 (ms), cudaEventElapsed = 33.81411361694336 (ms)
[RANK0] B @ 843.29345703125 (ms) to 876.587890625 (ms), cudaEventElapsed = 33.26505661010742 (ms)
[RANK0] W @ 876.6484375 (ms) to 891.482177734375 (ms), cudaEventElapsed = 14.801919937133789 (ms)
[RANK0] F @ 891.661865234375 (ms) to 918.176513671875 (ms), cudaEventElapsed = 26.485759735107422 (ms)
[RANK0] W @ 918.363525390625 (ms) to 972.385986328125 (ms), cudaEventElapsed = 14.236672401428223 (ms)
[RANK0] W @ 972.433837890625 (ms) to 987.396484375 (ms), cudaEventElapsed = 14.932991981506348 (ms)
[RANK0] W @ 987.578125 (ms) to 1004.64794921875 (ms), cudaEventElapsed = 17.04140853881836 (ms)
[RANK0] W @ 1004.692138671875 (ms) to 1023.594970703125 (ms), cudaEventElapsed = 18.876415252685547 (ms)
[RANK0] B @ 1023.75146484375 (ms) to 1062.374267578125 (ms), cudaEventElapsed = 38.595584869384766 (ms)
[RANK0] W @ 1062.545654296875 (ms) to 1088.160888671875 (ms), cudaEventElapsed = 16.721920013427734 (ms)
[RANK0] B @ 1088.322021484375 (ms) to 1123.913330078125 (ms), cudaEventElapsed = 35.562625885009766 (ms)
[RANK0] W @ 1123.968505859375 (ms) to 1140.2587890625 (ms), cudaEventElapsed = 16.264192581176758 (ms)
[RANK0] B @ 1182.4267578125 (ms) to 1216.37109375 (ms), cudaEventElapsed = 33.912479400634766 (ms)
[RANK0] W @ 1216.427734375 (ms) to 1231.460693359375 (ms), cudaEventElapsed = 15.007743835449219 (ms)
[RANK0] B @ 1282.71337890625 (ms) to 1315.449951171875 (ms), cudaEventElapsed = 32.705535888671875 (ms)
[RANK0] 1W @ 1315.505615234375 (ms) to 1330.06494140625 (ms), cudaEventElapsed = 14.533632278442383 (ms)
[RANK0] Iteration 5
[RANK0] F @ 2.099365234375 (ms) to 27.2763671875 (ms), cudaEventElapsed = 25.144927978515625 (ms)
[RANK0] F @ 27.50048828125 (ms) to 52.48828125 (ms), cudaEventElapsed = 24.95180892944336 (ms)
[RANK0] F @ 52.685302734375 (ms) to 80.28515625 (ms), cudaEventElapsed = 27.561983108520508 (ms)
[RANK0] F @ 80.501953125 (ms) to 108.701416015625 (ms), cudaEventElapsed = 28.16409683227539 (ms)
[RANK0] F @ 108.942138671875 (ms) to 137.149169921875 (ms), cudaEventElapsed = 28.16307258605957 (ms)
[RANK0] F @ 137.416748046875 (ms) to 165.39013671875 (ms), cudaEventElapsed = 27.936767578125 (ms)
[RANK0] F @ 165.6025390625 (ms) to 193.3876953125 (ms), cudaEventElapsed = 27.75040054321289 (ms)
[RANK0] B @ 270.23095703125 (ms) to 303.50439453125 (ms), cudaEventElapsed = 33.219966888427734 (ms)
[RANK0] F @ 303.779052734375 (ms) to 329.788330078125 (ms), cudaEventElapsed = 25.972736358642578 (ms)
[RANK0] B @ 354.95263671875 (ms) to 388.650146484375 (ms), cudaEventElapsed = 33.65427017211914 (ms)
[RANK0] W @ 388.885498046875 (ms) to 404.65380859375 (ms), cudaEventElapsed = 15.735808372497559 (ms)
[RANK0] F @ 404.71240234375 (ms) to 432.299072265625 (ms), cudaEventElapsed = 27.55379295349121 (ms)
[RANK0] B @ 439.162353515625 (ms) to 476.376708984375 (ms), cudaEventElapsed = 37.17279815673828 (ms)
[RANK0] B @ 521.5576171875 (ms) to 554.5673828125 (ms), cudaEventElapsed = 32.96761703491211 (ms)
[RANK0] W @ 554.64892578125 (ms) to 569.8740234375 (ms), cudaEventElapsed = 15.19001579284668 (ms)
[RANK0] F @ 570.1259765625 (ms) to 598.354736328125 (ms), cudaEventElapsed = 28.19379234313965 (ms)
[RANK0] B @ 634.14794921875 (ms) to 668.387451171875 (ms), cudaEventElapsed = 34.1952018737793 (ms)
[RANK0] B @ 685.08056640625 (ms) to 718.194091796875 (ms), cudaEventElapsed = 33.07583999633789 (ms)
[RANK0] W @ 718.266845703125 (ms) to 733.4189453125 (ms), cudaEventElapsed = 15.121408462524414 (ms)
[RANK0] F @ 733.631591796875 (ms) to 762.921875 (ms), cudaEventElapsed = 29.259775161743164 (ms)
[RANK0] B @ 800.817138671875 (ms) to 834.881591796875 (ms), cudaEventElapsed = 34.023902893066406 (ms)
[RANK0] B @ 844.583740234375 (ms) to 878.3349609375 (ms), cudaEventElapsed = 33.70988845825195 (ms)
[RANK0] W @ 878.406005859375 (ms) to 894.16455078125 (ms), cudaEventElapsed = 15.727616310119629 (ms)
[RANK0] F @ 894.39697265625 (ms) to 923.712646484375 (ms), cudaEventElapsed = 29.283327102661133 (ms)
[RANK0] W @ 923.915771484375 (ms) to 972.68212890625 (ms), cudaEventElapsed = 14.400511741638184 (ms)
[RANK0] W @ 972.74169921875 (ms) to 988.654296875 (ms), cudaEventElapsed = 15.87507152557373 (ms)
[RANK0] W @ 988.884521484375 (ms) to 1006.564208984375 (ms), cudaEventElapsed = 17.647615432739258 (ms)
[RANK0] W @ 1006.61376953125 (ms) to 1025.7822265625 (ms), cudaEventElapsed = 19.137535095214844 (ms)
[RANK0] B @ 1025.95556640625 (ms) to 1065.073974609375 (ms), cudaEventElapsed = 39.088417053222656 (ms)
[RANK0] W @ 1065.271484375 (ms) to 1088.491943359375 (ms), cudaEventElapsed = 16.7587833404541 (ms)
[RANK0] B @ 1088.66162109375 (ms) to 1125.549560546875 (ms), cudaEventElapsed = 36.85625457763672 (ms)
[RANK0] W @ 1125.61572265625 (ms) to 1143.241943359375 (ms), cudaEventElapsed = 17.59436798095703 (ms)
[RANK0] B @ 1182.124755859375 (ms) to 1216.096923828125 (ms), cudaEventElapsed = 33.93513488769531 (ms)
[RANK0] W @ 1216.165771484375 (ms) to 1231.840087890625 (ms), cudaEventElapsed = 15.635456085205078 (ms)
[RANK0] B @ 1283.15625 (ms) to 1316.23046875 (ms), cudaEventElapsed = 33.036033630371094 (ms)
[RANK0] 1W @ 1316.30126953125 (ms) to 1331.661376953125 (ms), cudaEventElapsed = 15.329279899597168 (ms)
[RANK0] Iteration 6
[RANK0] F @ 2.199462890625 (ms) to 27.451904296875 (ms), cudaEventElapsed = 25.217248916625977 (ms)
[RANK0] F @ 27.69091796875 (ms) to 53.49755859375 (ms), cudaEventElapsed = 25.771007537841797 (ms)
[RANK0] F @ 53.71240234375 (ms) to 81.123046875 (ms), cudaEventElapsed = 27.37049674987793 (ms)
[RANK0] F @ 81.325439453125 (ms) to 109.213134765625 (ms), cudaEventElapsed = 27.853824615478516 (ms)
[RANK0] F @ 109.43017578125 (ms) to 137.350341796875 (ms), cudaEventElapsed = 27.882495880126953 (ms)
[RANK0] F @ 137.67529296875 (ms) to 165.5517578125 (ms), cudaEventElapsed = 27.841535568237305 (ms)
[RANK0] F @ 165.752197265625 (ms) to 193.78369140625 (ms), cudaEventElapsed = 27.999231338500977 (ms)
[RANK0] B @ 272.081787109375 (ms) to 305.23291015625 (ms), cudaEventElapsed = 33.097408294677734 (ms)
[RANK0] F @ 305.503662109375 (ms) to 331.7861328125 (ms), cudaEventElapsed = 26.246143341064453 (ms)
[RANK0] B @ 355.158447265625 (ms) to 388.6845703125 (ms), cudaEventElapsed = 33.48070526123047 (ms)
[RANK0] W @ 388.941650390625 (ms) to 404.599609375 (ms), cudaEventElapsed = 15.625215530395508 (ms)
[RANK0] F @ 404.66015625 (ms) to 433.94921875 (ms), cudaEventElapsed = 29.253631591796875 (ms)
[RANK0] B @ 440.13134765625 (ms) to 476.61669921875 (ms), cudaEventElapsed = 36.4436149597168 (ms)
[RANK0] B @ 522.75439453125 (ms) to 556.001953125 (ms), cudaEventElapsed = 33.20121765136719 (ms)
[RANK0] W @ 556.080322265625 (ms) to 571.425048828125 (ms), cudaEventElapsed = 15.310848236083984 (ms)
[RANK0] F @ 571.70068359375 (ms) to 600.385498046875 (ms), cudaEventElapsed = 28.647424697875977 (ms)
[RANK0] B @ 635.176513671875 (ms) to 669.37158203125 (ms), cudaEventElapsed = 34.1517448425293 (ms)
[RANK0] B @ 686.28369140625 (ms) to 719.57275390625 (ms), cudaEventElapsed = 33.253761291503906 (ms)
[RANK0] W @ 719.6396484375 (ms) to 735.155517578125 (ms), cudaEventElapsed = 15.484928131103516 (ms)
[RANK0] F @ 735.3662109375 (ms) to 763.44189453125 (ms), cudaEventElapsed = 28.043264389038086 (ms)
[RANK0] B @ 801.5 (ms) to 835.680419921875 (ms), cudaEventElapsed = 34.14262390136719 (ms)
[RANK0] B @ 845.5078125 (ms) to 878.90869140625 (ms), cudaEventElapsed = 33.36729431152344 (ms)
[RANK0] W @ 878.974609375 (ms) to 894.5166015625 (ms), cudaEventElapsed = 15.515647888183594 (ms)
[RANK0] F @ 894.706298828125 (ms) to 921.819091796875 (ms), cudaEventElapsed = 27.081727981567383 (ms)
[RANK0] W @ 922.035400390625 (ms) to 974.938232421875 (ms), cudaEventElapsed = 14.608384132385254 (ms)
[RANK0] W @ 974.98974609375 (ms) to 990.171630859375 (ms), cudaEventElapsed = 15.152128219604492 (ms)
[RANK0] W @ 990.38037109375 (ms) to 1008.2587890625 (ms), cudaEventElapsed = 17.846271514892578 (ms)
[RANK0] W @ 1008.30712890625 (ms) to 1028.5625 (ms), cudaEventElapsed = 20.22707176208496 (ms)
[RANK0] B @ 1028.72607421875 (ms) to 1068.843994140625 (ms), cudaEventElapsed = 40.08768081665039 (ms)
[RANK0] W @ 1069.032470703125 (ms) to 1092.23876953125 (ms), cudaEventElapsed = 17.99065589904785 (ms)
[RANK0] B @ 1092.402587890625 (ms) to 1129.488525390625 (ms), cudaEventElapsed = 37.05756759643555 (ms)
[RANK0] W @ 1129.546142578125 (ms) to 1147.222412109375 (ms), cudaEventElapsed = 17.64352035522461 (ms)
[RANK0] B @ 1185.343505859375 (ms) to 1219.45166015625 (ms), cudaEventElapsed = 34.07244873046875 (ms)
[RANK0] W @ 1219.512451171875 (ms) to 1235.10888671875 (ms), cudaEventElapsed = 15.568896293640137 (ms)
[RANK0] B @ 1286.8515625 (ms) to 1319.978759765625 (ms), cudaEventElapsed = 33.09513473510742 (ms)
[RANK0] 1W @ 1320.03369140625 (ms) to 1335.144287109375 (ms), cudaEventElapsed = 15.08351993560791 (ms)
[RANK0] Iteration 7
[RANK0] F @ 0.238525390625 (ms) to 24.4521484375 (ms), cudaEventElapsed = 24.150943756103516 (ms)
[RANK0] F @ 24.683349609375 (ms) to 49.420654296875 (ms), cudaEventElapsed = 24.69990348815918 (ms)
[RANK0] F @ 49.624267578125 (ms) to 75.676513671875 (ms), cudaEventElapsed = 26.013696670532227 (ms)
[RANK0] F @ 75.872314453125 (ms) to 102.36572265625 (ms), cudaEventElapsed = 26.447872161865234 (ms)
[RANK0] F @ 102.5732421875 (ms) to 129.4697265625 (ms), cudaEventElapsed = 26.859519958496094 (ms)
[RANK0] F @ 129.684814453125 (ms) to 156.325927734375 (ms), cudaEventElapsed = 26.600448608398438 (ms)
[RANK0] F @ 156.517822265625 (ms) to 183.12939453125 (ms), cudaEventElapsed = 26.578943252563477 (ms)
[RANK0] F @ 183.373046875 (ms) to 209.955322265625 (ms), cudaEventElapsed = 26.54207992553711 (ms)
[RANK0] F @ 210.17529296875 (ms) to 236.889892578125 (ms), cudaEventElapsed = 26.676223754882812 (ms)
[RANK0] F @ 237.10888671875 (ms) to 263.581787109375 (ms), cudaEventElapsed = 26.436607360839844 (ms)
[RANK0] F @ 263.79541015625 (ms) to 290.7353515625 (ms), cudaEventElapsed = 26.90764808654785 (ms)
[RANK0] F @ 290.9521484375 (ms) to 317.79541015625 (ms), cudaEventElapsed = 26.811391830444336 (ms)
