[RANK0] Iteration 1
[RANK0] F @ 0.321044921875 (ms) to 25.179443359375 (ms), cudaEventElapsed = 24.811967849731445 (ms)
[RANK0] F @ 77.94677734375 (ms) to 103.14404296875 (ms), cudaEventElapsed = 25.144319534301758 (ms)
[RANK0] F @ 103.3505859375 (ms) to 128.705078125 (ms), cudaEventElapsed = 25.31839942932129 (ms)
[RANK0] F @ 128.88623046875 (ms) to 156.210693359375 (ms), cudaEventElapsed = 27.290624618530273 (ms)
[RANK0] F @ 156.375 (ms) to 184.76171875 (ms), cudaEventElapsed = 28.35148811340332 (ms)
[RANK0] F @ 184.929443359375 (ms) to 222.7900390625 (ms), cudaEventElapsed = 25.013248443603516 (ms)
[RANK0] F @ 222.963134765625 (ms) to 558.186767578125 (ms), cudaEventElapsed = 335.1879577636719 (ms)
[RANK0] B @ 614.846923828125 (ms) to 646.510986328125 (ms), cudaEventElapsed = 31.605728149414062 (ms)
[RANK0] F @ 646.762939453125 (ms) to 672.37646484375 (ms), cudaEventElapsed = 25.5784969329834 (ms)
[RANK0] B @ 691.59765625 (ms) to 724.86865234375 (ms), cudaEventElapsed = 33.22099304199219 (ms)
[RANK0] W @ 725.106689453125 (ms) to 739.616943359375 (ms), cudaEventElapsed = 14.476287841796875 (ms)
[RANK0] F @ 739.6416015625 (ms) to 765.8232421875 (ms), cudaEventElapsed = 26.15398406982422 (ms)
[RANK0] B @ 772.120361328125 (ms) to 808.222412109375 (ms), cudaEventElapsed = 36.062591552734375 (ms)
[RANK0] B @ 850.1884765625 (ms) to 881.938720703125 (ms), cudaEventElapsed = 31.706592559814453 (ms)
[RANK0] W @ 881.981201171875 (ms) to 895.747802734375 (ms), cudaEventElapsed = 13.736960411071777 (ms)
[RANK0] F @ 895.958251953125 (ms) to 921.3720703125 (ms), cudaEventElapsed = 25.383935928344727 (ms)
[RANK0] B @ 1102.3203125 (ms) to 1135.008544921875 (ms), cudaEventElapsed = 32.61920166015625 (ms)
[RANK0] B @ 1179.33935546875 (ms) to 1210.968505859375 (ms), cudaEventElapsed = 31.582143783569336 (ms)
[RANK0] W @ 1211.015625 (ms) to 1224.478759765625 (ms), cudaEventElapsed = 13.424639701843262 (ms)
[RANK0] F @ 1224.696533203125 (ms) to 1250.9560546875 (ms), cudaEventElapsed = 26.228736877441406 (ms)
[RANK0] B @ 1288.5087890625 (ms) to 1321.955322265625 (ms), cudaEventElapsed = 33.403167724609375 (ms)
[RANK0] B @ 1329.736328125 (ms) to 1361.950439453125 (ms), cudaEventElapsed = 32.179264068603516 (ms)
[RANK0] W @ 1361.9892578125 (ms) to 1376.37158203125 (ms), cudaEventElapsed = 14.349311828613281 (ms)
[RANK0] F @ 1376.581298828125 (ms) to 1402.5966796875 (ms), cudaEventElapsed = 25.986047744750977 (ms)
[RANK0] W @ 1402.765380859375 (ms) to 1444.758056640625 (ms), cudaEventElapsed = 14.386176109313965 (ms)
[RANK0] W @ 1444.77685546875 (ms) to 1458.374267578125 (ms), cudaEventElapsed = 13.559807777404785 (ms)
[RANK0] W @ 1458.563232421875 (ms) to 1473.71484375 (ms), cudaEventElapsed = 15.121408462524414 (ms)
[RANK0] W @ 1473.7265625 (ms) to 1489.608642578125 (ms), cudaEventElapsed = 15.857664108276367 (ms)
[RANK0] B @ 1489.7548828125 (ms) to 1525.472412109375 (ms), cudaEventElapsed = 35.688350677490234 (ms)
[RANK0] W @ 1525.645263671875 (ms) to 1547.212158203125 (ms), cudaEventElapsed = 15.222784042358398 (ms)
[RANK0] B @ 1547.364501953125 (ms) to 1581.4404296875 (ms), cudaEventElapsed = 34.04240036010742 (ms)
[RANK0] W @ 1581.468017578125 (ms) to 1596.375244140625 (ms), cudaEventElapsed = 14.879743576049805 (ms)
[RANK0] B @ 1630.224609375 (ms) to 1663.33544921875 (ms), cudaEventElapsed = 33.07449722290039 (ms)
[RANK0] W @ 1663.36181640625 (ms) to 1677.610595703125 (ms), cudaEventElapsed = 14.222335815429688 (ms)
[RANK0] B @ 1716.667236328125 (ms) to 1748.650634765625 (ms), cudaEventElapsed = 31.95008087158203 (ms)
[RANK0] 1W @ 1748.681396484375 (ms) to 1762.530029296875 (ms), cudaEventElapsed = 13.822976112365723 (ms)
[RANK0] Iteration 2
[RANK0] F @ 2.283203125 (ms) to 27.272216796875 (ms), cudaEventElapsed = 24.945695877075195 (ms)
[RANK0] F @ 27.530029296875 (ms) to 52.719970703125 (ms), cudaEventElapsed = 25.152511596679688 (ms)
[RANK0] F @ 52.915283203125 (ms) to 80.4140625 (ms), cudaEventElapsed = 27.465728759765625 (ms)
[RANK0] F @ 80.60400390625 (ms) to 108.43359375 (ms), cudaEventElapsed = 27.795455932617188 (ms)
[RANK0] F @ 108.65234375 (ms) to 136.55029296875 (ms), cudaEventElapsed = 27.860992431640625 (ms)
[RANK0] F @ 136.77099609375 (ms) to 164.544921875 (ms), cudaEventElapsed = 27.73811149597168 (ms)
[RANK0] F @ 164.738525390625 (ms) to 192.247314453125 (ms), cudaEventElapsed = 27.475967407226562 (ms)
[RANK0] B @ 267.699462890625 (ms) to 299.515869140625 (ms), cudaEventElapsed = 31.75801658630371 (ms)
[RANK0] F @ 299.76953125 (ms) to 325.062744140625 (ms), cudaEventElapsed = 25.257984161376953 (ms)
[RANK0] B @ 347.33251953125 (ms) to 380.354736328125 (ms), cudaEventElapsed = 32.974945068359375 (ms)
[RANK0] W @ 380.613525390625 (ms) to 394.96044921875 (ms), cudaEventElapsed = 14.314496040344238 (ms)
[RANK0] F @ 395.024658203125 (ms) to 421.40087890625 (ms), cudaEventElapsed = 26.33932876586914 (ms)
[RANK0] B @ 428.9365234375 (ms) to 464.571044921875 (ms), cudaEventElapsed = 35.59008026123047 (ms)
[RANK0] B @ 507.330810546875 (ms) to 539.179443359375 (ms), cudaEventElapsed = 31.808927536010742 (ms)
[RANK0] W @ 539.2529296875 (ms) to 552.83203125 (ms), cudaEventElapsed = 13.550592422485352 (ms)
[RANK0] F @ 553.052001953125 (ms) to 579.260986328125 (ms), cudaEventElapsed = 26.177536010742188 (ms)
[RANK0] B @ 610.724609375 (ms) to 644.506103515625 (ms), cudaEventElapsed = 33.74086380004883 (ms)
[RANK0] B @ 663.49951171875 (ms) to 695.2490234375 (ms), cudaEventElapsed = 31.709375381469727 (ms)
[RANK0] W @ 695.3154296875 (ms) to 709.35595703125 (ms), cudaEventElapsed = 14.010368347167969 (ms)
[RANK0] F @ 709.573486328125 (ms) to 736.087158203125 (ms), cudaEventElapsed = 26.482688903808594 (ms)
[RANK0] B @ 770.90869140625 (ms) to 804.501708984375 (ms), cudaEventElapsed = 33.55411148071289 (ms)
[RANK0] B @ 812.256103515625 (ms) to 844.26513671875 (ms), cudaEventElapsed = 31.972543716430664 (ms)
[RANK0] W @ 844.341796875 (ms) to 858.2587890625 (ms), cudaEventElapsed = 13.87827205657959 (ms)
[RANK0] F @ 858.456298828125 (ms) to 884.49169921875 (ms), cudaEventElapsed = 26.005504608154297 (ms)
[RANK0] W @ 884.68408203125 (ms) to 926.998291015625 (ms), cudaEventElapsed = 14.09228801727295 (ms)
[RANK0] W @ 927.053466796875 (ms) to 941.2041015625 (ms), cudaEventElapsed = 14.116864204406738 (ms)
[RANK0] W @ 941.41650390625 (ms) to 956.21240234375 (ms), cudaEventElapsed = 14.764032363891602 (ms)
[RANK0] W @ 956.255859375 (ms) to 972.026611328125 (ms), cudaEventElapsed = 15.742976188659668 (ms)
[RANK0] B @ 972.195068359375 (ms) to 1007.84130859375 (ms), cudaEventElapsed = 35.617279052734375 (ms)
[RANK0] W @ 1008.026123046875 (ms) to 1030.93994140625 (ms), cudaEventElapsed = 15.41427230834961 (ms)
[RANK0] B @ 1031.100341796875 (ms) to 1065.528564453125 (ms), cudaEventElapsed = 34.39955139160156 (ms)
[RANK0] W @ 1065.58935546875 (ms) to 1080.579833984375 (ms), cudaEventElapsed = 14.955519676208496 (ms)
[RANK0] B @ 1113.38232421875 (ms) to 1146.06396484375 (ms), cudaEventElapsed = 32.644351959228516 (ms)
[RANK0] W @ 1146.119384765625 (ms) to 1159.9208984375 (ms), cudaEventElapsed = 13.774847984313965 (ms)
[RANK0] B @ 1201.166259765625 (ms) to 1232.68212890625 (ms), cudaEventElapsed = 31.48428726196289 (ms)
[RANK0] 1W @ 1232.74169921875 (ms) to 1246.68505859375 (ms), cudaEventElapsed = 13.918208122253418 (ms)
[RANK0] Iteration 3
[RANK0] F @ 2.22509765625 (ms) to 27.20849609375 (ms), cudaEventElapsed = 24.946592330932617 (ms)
[RANK0] F @ 27.42822265625 (ms) to 52.552001953125 (ms), cudaEventElapsed = 25.09209632873535 (ms)
[RANK0] F @ 52.74560546875 (ms) to 80.402587890625 (ms), cudaEventElapsed = 27.622400283813477 (ms)
[RANK0] F @ 80.58984375 (ms) to 108.677978515625 (ms), cudaEventElapsed = 28.054527282714844 (ms)
[RANK0] F @ 108.884033203125 (ms) to 136.915283203125 (ms), cudaEventElapsed = 27.994112014770508 (ms)
[RANK0] F @ 137.114990234375 (ms) to 165.159423828125 (ms), cudaEventElapsed = 28.013568878173828 (ms)
[RANK0] F @ 165.35400390625 (ms) to 192.9169921875 (ms), cudaEventElapsed = 27.53023910522461 (ms)
[RANK0] B @ 267.329833984375 (ms) to 299.099853515625 (ms), cudaEventElapsed = 31.722816467285156 (ms)
[RANK0] F @ 299.31494140625 (ms) to 324.61767578125 (ms), cudaEventElapsed = 25.259008407592773 (ms)
[RANK0] B @ 347.038818359375 (ms) to 380.2509765625 (ms), cudaEventElapsed = 33.17091369628906 (ms)
[RANK0] W @ 380.4716796875 (ms) to 394.96533203125 (ms), cudaEventElapsed = 14.466048240661621 (ms)
[RANK0] F @ 395.018798828125 (ms) to 421.226318359375 (ms), cudaEventElapsed = 26.177536010742188 (ms)
[RANK0] B @ 428.2421875 (ms) to 463.810302734375 (ms), cudaEventElapsed = 35.530784606933594 (ms)
[RANK0] B @ 506.68505859375 (ms) to 538.513427734375 (ms), cudaEventElapsed = 31.787296295166016 (ms)
[RANK0] W @ 538.59228515625 (ms) to 552.416015625 (ms), cudaEventElapsed = 13.793279647827148 (ms)
[RANK0] F @ 552.650634765625 (ms) to 578.887939453125 (ms), cudaEventElapsed = 26.205184936523438 (ms)
[RANK0] B @ 609.94189453125 (ms) to 643.7802734375 (ms), cudaEventElapsed = 33.79673767089844 (ms)
[RANK0] B @ 662.44873046875 (ms) to 694.21142578125 (ms), cudaEventElapsed = 31.7258243560791 (ms)
[RANK0] W @ 694.284423828125 (ms) to 708.216552734375 (ms), cudaEventElapsed = 13.897727966308594 (ms)
[RANK0] F @ 708.46142578125 (ms) to 734.98828125 (ms), cudaEventElapsed = 26.49395179748535 (ms)
[RANK0] B @ 770.1943359375 (ms) to 803.757080078125 (ms), cudaEventElapsed = 33.521728515625 (ms)
[RANK0] B @ 811.692626953125 (ms) to 843.759765625 (ms), cudaEventElapsed = 32.03414535522461 (ms)
[RANK0] W @ 843.82958984375 (ms) to 857.9111328125 (ms), cudaEventElapsed = 14.054400444030762 (ms)
[RANK0] F @ 858.136474609375 (ms) to 884.097412109375 (ms), cudaEventElapsed = 25.92767906188965 (ms)
[RANK0] W @ 884.284912109375 (ms) to 926.458740234375 (ms), cudaEventElapsed = 13.990912437438965 (ms)
[RANK0] W @ 926.52197265625 (ms) to 940.701416015625 (ms), cudaEventElapsed = 14.144512176513672 (ms)
[RANK0] W @ 940.929931640625 (ms) to 955.87451171875 (ms), cudaEventElapsed = 14.914560317993164 (ms)
[RANK0] W @ 955.919189453125 (ms) to 971.860595703125 (ms), cudaEventElapsed = 15.912960052490234 (ms)
[RANK0] B @ 972.016845703125 (ms) to 1007.865966796875 (ms), cudaEventElapsed = 35.82070541381836 (ms)
[RANK0] W @ 1008.052978515625 (ms) to 1030.816650390625 (ms), cudaEventElapsed = 15.550463676452637 (ms)
[RANK0] B @ 1030.986572265625 (ms) to 1065.43505859375 (ms), cudaEventElapsed = 34.4189453125 (ms)
[RANK0] W @ 1065.49658203125 (ms) to 1080.461181640625 (ms), cudaEventElapsed = 14.935040473937988 (ms)
[RANK0] B @ 1114.337646484375 (ms) to 1146.99658203125 (ms), cudaEventElapsed = 32.62451171875 (ms)
[RANK0] W @ 1147.053466796875 (ms) to 1160.9248046875 (ms), cudaEventElapsed = 13.846528053283691 (ms)
[RANK0] B @ 1201.876953125 (ms) to 1233.4306640625 (ms), cudaEventElapsed = 31.523136138916016 (ms)
[RANK0] 1W @ 1233.485107421875 (ms) to 1247.193115234375 (ms), cudaEventElapsed = 13.68166446685791 (ms)
[RANK0] Iteration 4
[RANK0] F @ 2.0927734375 (ms) to 27.04931640625 (ms), cudaEventElapsed = 24.9234561920166 (ms)
[RANK0] F @ 27.25927734375 (ms) to 52.626708984375 (ms), cudaEventElapsed = 25.33171272277832 (ms)
[RANK0] F @ 52.823486328125 (ms) to 80.27392578125 (ms), cudaEventElapsed = 27.419647216796875 (ms)
[RANK0] F @ 80.4716796875 (ms) to 108.27001953125 (ms), cudaEventElapsed = 27.75551986694336 (ms)
[RANK0] F @ 108.47265625 (ms) to 136.317138671875 (ms), cudaEventElapsed = 27.811840057373047 (ms)
[RANK0] F @ 136.52197265625 (ms) to 164.3154296875 (ms), cudaEventElapsed = 27.76268768310547 (ms)
[RANK0] F @ 164.505126953125 (ms) to 192.10400390625 (ms), cudaEventElapsed = 27.56608009338379 (ms)
[RANK0] B @ 269.11962890625 (ms) to 301.956298828125 (ms), cudaEventElapsed = 32.795326232910156 (ms)
[RANK0] F @ 302.165771484375 (ms) to 327.535400390625 (ms), cudaEventElapsed = 25.33888053894043 (ms)
[RANK0] B @ 353.117919921875 (ms) to 386.885498046875 (ms), cudaEventElapsed = 33.72844696044922 (ms)
[RANK0] W @ 387.09814453125 (ms) to 402.463134765625 (ms), cudaEventElapsed = 15.335424423217773 (ms)
[RANK0] F @ 402.516357421875 (ms) to 429.114501953125 (ms), cudaEventElapsed = 26.56870460510254 (ms)
[RANK0] B @ 437.607666015625 (ms) to 474.1708984375 (ms), cudaEventElapsed = 36.52601623535156 (ms)
[RANK0] B @ 519.572998046875 (ms) to 552.095703125 (ms), cudaEventElapsed = 32.481727600097656 (ms)
[RANK0] W @ 552.165771484375 (ms) to 566.681884765625 (ms), cudaEventElapsed = 14.485504150390625 (ms)
[RANK0] F @ 566.9052734375 (ms) to 594.20361328125 (ms), cudaEventElapsed = 27.259904861450195 (ms)
[RANK0] B @ 631.587646484375 (ms) to 665.865478515625 (ms), cudaEventElapsed = 34.23676681518555 (ms)
[RANK0] B @ 682.917236328125 (ms) to 715.886962890625 (ms), cudaEventElapsed = 32.93539047241211 (ms)
[RANK0] W @ 715.95947265625 (ms) to 731.246826171875 (ms), cudaEventElapsed = 15.252479553222656 (ms)
[RANK0] F @ 731.449462890625 (ms) to 759.742919921875 (ms), cudaEventElapsed = 28.263423919677734 (ms)
[RANK0] B @ 798.62255859375 (ms) to 832.388671875 (ms), cudaEventElapsed = 33.73030471801758 (ms)
[RANK0] B @ 842.68603515625 (ms) to 875.682373046875 (ms), cudaEventElapsed = 32.96451187133789 (ms)
[RANK0] W @ 875.7431640625 (ms) to 891.18896484375 (ms), cudaEventElapsed = 15.409152030944824 (ms)
[RANK0] F @ 891.398193359375 (ms) to 919.700439453125 (ms), cudaEventElapsed = 28.268543243408203 (ms)
[RANK0] W @ 919.884765625 (ms) to 971.4541015625 (ms), cudaEventElapsed = 14.355456352233887 (ms)
[RANK0] W @ 971.510009765625 (ms) to 986.363037109375 (ms), cudaEventElapsed = 14.819328308105469 (ms)
[RANK0] W @ 986.55810546875 (ms) to 1003.176025390625 (ms), cudaEventElapsed = 16.58880043029785 (ms)
[RANK0] W @ 1003.220458984375 (ms) to 1020.968505859375 (ms), cudaEventElapsed = 17.719295501708984 (ms)
[RANK0] B @ 1021.130615234375 (ms) to 1058.8173828125 (ms), cudaEventElapsed = 37.65843200683594 (ms)
[RANK0] W @ 1059.022705078125 (ms) to 1084.980224609375 (ms), cudaEventElapsed = 15.51257610321045 (ms)
[RANK0] B @ 1085.134765625 (ms) to 1120.83935546875 (ms), cudaEventElapsed = 35.67427062988281 (ms)
[RANK0] W @ 1120.900146484375 (ms) to 1137.793701171875 (ms), cudaEventElapsed = 16.86016082763672 (ms)
[RANK0] B @ 1179.960205078125 (ms) to 1213.825439453125 (ms), cudaEventElapsed = 33.82572937011719 (ms)
[RANK0] W @ 1213.8974609375 (ms) to 1229.192138671875 (ms), cudaEventElapsed = 15.256575584411621 (ms)
[RANK0] B @ 1281.007568359375 (ms) to 1313.552001953125 (ms), cudaEventElapsed = 32.51299285888672 (ms)
[RANK0] 1W @ 1313.609130859375 (ms) to 1328.279541015625 (ms), cudaEventElapsed = 14.643199920654297 (ms)
[RANK0] Iteration 5
[RANK0] F @ 2.156494140625 (ms) to 27.40234375 (ms), cudaEventElapsed = 25.212543487548828 (ms)
[RANK0] F @ 27.6328125 (ms) to 53.314453125 (ms), cudaEventElapsed = 25.645055770874023 (ms)
[RANK0] F @ 53.52001953125 (ms) to 81.151123046875 (ms), cudaEventElapsed = 27.594751358032227 (ms)
[RANK0] F @ 81.347412109375 (ms) to 109.395263671875 (ms), cudaEventElapsed = 28.012544631958008 (ms)
[RANK0] F @ 109.631591796875 (ms) to 137.82666015625 (ms), cudaEventElapsed = 28.15488052368164 (ms)
[RANK0] F @ 138.0517578125 (ms) to 165.995361328125 (ms), cudaEventElapsed = 27.91219139099121 (ms)
[RANK0] F @ 166.192626953125 (ms) to 194.07373046875 (ms), cudaEventElapsed = 27.849727630615234 (ms)
[RANK0] B @ 268.09912109375 (ms) to 301.275390625 (ms), cudaEventElapsed = 33.121761322021484 (ms)
[RANK0] F @ 301.5361328125 (ms) to 327.260009765625 (ms), cudaEventElapsed = 25.689088821411133 (ms)
[RANK0] B @ 352.80078125 (ms) to 386.353271484375 (ms), cudaEventElapsed = 33.50969696044922 (ms)
[RANK0] W @ 386.583740234375 (ms) to 402.896728515625 (ms), cudaEventElapsed = 16.283647537231445 (ms)
[RANK0] F @ 402.95556640625 (ms) to 432.036865234375 (ms), cudaEventElapsed = 29.050880432128906 (ms)
[RANK0] B @ 437.00830078125 (ms) to 474.15966796875 (ms), cudaEventElapsed = 37.11222457885742 (ms)
[RANK0] B @ 520.328857421875 (ms) to 553.572998046875 (ms), cudaEventElapsed = 33.202911376953125 (ms)
[RANK0] W @ 553.647705078125 (ms) to 568.8642578125 (ms), cudaEventElapsed = 15.18284797668457 (ms)
[RANK0] F @ 569.0986328125 (ms) to 597.828857421875 (ms), cudaEventElapsed = 28.696575164794922 (ms)
[RANK0] B @ 632.206298828125 (ms) to 666.53125 (ms), cudaEventElapsed = 34.28435134887695 (ms)
[RANK0] B @ 682.927490234375 (ms) to 716.46826171875 (ms), cudaEventElapsed = 33.50483322143555 (ms)
[RANK0] W @ 716.539306640625 (ms) to 732.302978515625 (ms), cudaEventElapsed = 15.728639602661133 (ms)
[RANK0] F @ 732.521728515625 (ms) to 760.79541015625 (ms), cudaEventElapsed = 28.242944717407227 (ms)
[RANK0] B @ 798.74658203125 (ms) to 833.143798828125 (ms), cudaEventElapsed = 34.351806640625 (ms)
[RANK0] B @ 842.43115234375 (ms) to 875.8798828125 (ms), cudaEventElapsed = 33.41459274291992 (ms)
[RANK0] W @ 875.95068359375 (ms) to 891.903076171875 (ms), cudaEventElapsed = 15.9170560836792 (ms)
[RANK0] F @ 892.112060546875 (ms) to 920.284912109375 (ms), cudaEventElapsed = 28.14361572265625 (ms)
[RANK0] W @ 920.476318359375 (ms) to 970.948974609375 (ms), cudaEventElapsed = 14.401535987854004 (ms)
[RANK0] W @ 971.00390625 (ms) to 985.28857421875 (ms), cudaEventElapsed = 14.254079818725586 (ms)
[RANK0] W @ 985.502197265625 (ms) to 1003.16455078125 (ms), cudaEventElapsed = 17.62303924560547 (ms)
[RANK0] W @ 1003.214111328125 (ms) to 1022.556396484375 (ms), cudaEventElapsed = 19.312639236450195 (ms)
[RANK0] B @ 1022.732177734375 (ms) to 1062.623779296875 (ms), cudaEventElapsed = 39.86262512207031 (ms)
[RANK0] W @ 1062.8212890625 (ms) to 1088.36083984375 (ms), cudaEventElapsed = 17.87494468688965 (ms)
[RANK0] B @ 1088.538818359375 (ms) to 1125.52197265625 (ms), cudaEventElapsed = 36.953792572021484 (ms)
[RANK0] W @ 1125.580078125 (ms) to 1142.97509765625 (ms), cudaEventElapsed = 17.367040634155273 (ms)
[RANK0] B @ 1180.158447265625 (ms) to 1214.4345703125 (ms), cudaEventElapsed = 34.24003219604492 (ms)
[RANK0] W @ 1214.50146484375 (ms) to 1230.313232421875 (ms), cudaEventElapsed = 15.777791976928711 (ms)
[RANK0] B @ 1280.593505859375 (ms) to 1313.932861328125 (ms), cudaEventElapsed = 33.28879928588867 (ms)
[RANK0] 1W @ 1314.003662109375 (ms) to 1329.1787109375 (ms), cudaEventElapsed = 15.143936157226562 (ms)
[RANK0] Iteration 6
[RANK0] F @ 2.12646484375 (ms) to 27.3212890625 (ms), cudaEventElapsed = 25.15564727783203 (ms)
[RANK0] F @ 27.55078125 (ms) to 52.889892578125 (ms), cudaEventElapsed = 25.30816078186035 (ms)
[RANK0] F @ 53.090576171875 (ms) to 79.852294921875 (ms), cudaEventElapsed = 26.72742462158203 (ms)
[RANK0] F @ 80.042724609375 (ms) to 108.022216796875 (ms), cudaEventElapsed = 27.94393539428711 (ms)
[RANK0] F @ 108.232177734375 (ms) to 136.15283203125 (ms), cudaEventElapsed = 27.882495880126953 (ms)
[RANK0] F @ 136.462646484375 (ms) to 164.38232421875 (ms), cudaEventElapsed = 27.883520126342773 (ms)
[RANK0] F @ 164.578125 (ms) to 192.403564453125 (ms), cudaEventElapsed = 27.793407440185547 (ms)
[RANK0] B @ 268.727294921875 (ms) to 301.825439453125 (ms), cudaEventElapsed = 33.05478286743164 (ms)
[RANK0] F @ 302.042236328125 (ms) to 328.236572265625 (ms), cudaEventElapsed = 26.16422462463379 (ms)
[RANK0] B @ 353.029541015625 (ms) to 387.01123046875 (ms), cudaEventElapsed = 33.9381103515625 (ms)
[RANK0] W @ 387.234619140625 (ms) to 403.7822265625 (ms), cudaEventElapsed = 16.516096115112305 (ms)
[RANK0] F @ 403.834228515625 (ms) to 432.591064453125 (ms), cudaEventElapsed = 28.72319984436035 (ms)
[RANK0] B @ 437.8232421875 (ms) to 474.7568359375 (ms), cudaEventElapsed = 36.89267349243164 (ms)
[RANK0] B @ 519.3720703125 (ms) to 552.550537109375 (ms), cudaEventElapsed = 33.14041519165039 (ms)
[RANK0] W @ 552.6220703125 (ms) to 567.9462890625 (ms), cudaEventElapsed = 15.292415618896484 (ms)
[RANK0] F @ 568.18017578125 (ms) to 596.446044921875 (ms), cudaEventElapsed = 28.233728408813477 (ms)
[RANK0] B @ 632.115234375 (ms) to 666.6142578125 (ms), cudaEventElapsed = 34.45644760131836 (ms)
[RANK0] B @ 681.411865234375 (ms) to 714.806396484375 (ms), cudaEventElapsed = 33.36137771606445 (ms)
[RANK0] W @ 714.87841796875 (ms) to 730.286865234375 (ms), cudaEventElapsed = 15.37228775024414 (ms)
[RANK0] F @ 730.51611328125 (ms) to 758.290771484375 (ms), cudaEventElapsed = 27.74323272705078 (ms)
[RANK0] B @ 796.714111328125 (ms) to 831.11474609375 (ms), cudaEventElapsed = 34.358238220214844 (ms)
[RANK0] B @ 841.17578125 (ms) to 874.84033203125 (ms), cudaEventElapsed = 33.63158416748047 (ms)
[RANK0] W @ 874.903076171875 (ms) to 890.58203125 (ms), cudaEventElapsed = 15.645695686340332 (ms)
[RANK0] F @ 890.776611328125 (ms) to 918.623291015625 (ms), cudaEventElapsed = 27.816959381103516 (ms)
[RANK0] W @ 918.807373046875 (ms) to 967.17431640625 (ms), cudaEventElapsed = 14.569472312927246 (ms)
[RANK0] W @ 967.225341796875 (ms) to 981.94091796875 (ms), cudaEventElapsed = 14.68518352508545 (ms)
[RANK0] W @ 982.141357421875 (ms) to 1000.382568359375 (ms), cudaEventElapsed = 18.2108154296875 (ms)
[RANK0] W @ 1000.424560546875 (ms) to 1021.36376953125 (ms), cudaEventElapsed = 20.911104202270508 (ms)
[RANK0] B @ 1021.524658203125 (ms) to 1061.694580078125 (ms), cudaEventElapsed = 40.141727447509766 (ms)
[RANK0] W @ 1061.87744140625 (ms) to 1086.095947265625 (ms), cudaEventElapsed = 18.24460792541504 (ms)
[RANK0] B @ 1086.255126953125 (ms) to 1123.326416015625 (ms), cudaEventElapsed = 37.0423698425293 (ms)
[RANK0] W @ 1123.38671875 (ms) to 1140.799560546875 (ms), cudaEventElapsed = 17.383424758911133 (ms)
[RANK0] B @ 1177.67626953125 (ms) to 1211.83837890625 (ms), cudaEventElapsed = 34.12812805175781 (ms)
[RANK0] W @ 1211.892822265625 (ms) to 1227.768798828125 (ms), cudaEventElapsed = 15.849472045898438 (ms)
[RANK0] B @ 1277.692626953125 (ms) to 1310.84326171875 (ms), cudaEventElapsed = 33.12073516845703 (ms)
[RANK0] 1W @ 1310.896728515625 (ms) to 1326.223388671875 (ms), cudaEventElapsed = 15.29958438873291 (ms)
[RANK0] Iteration 7
[RANK0] F @ 0.227783203125 (ms) to 24.513427734375 (ms), cudaEventElapsed = 24.253856658935547 (ms)
[RANK0] F @ 24.73291015625 (ms) to 50.206298828125 (ms), cudaEventElapsed = 25.441280364990234 (ms)
[RANK0] F @ 50.424072265625 (ms) to 77.259521484375 (ms), cudaEventElapsed = 26.784767150878906 (ms)
[RANK0] F @ 77.4765625 (ms) to 104.657470703125 (ms), cudaEventElapsed = 27.13907241821289 (ms)
[RANK0] F @ 104.89599609375 (ms) to 131.70068359375 (ms), cudaEventElapsed = 26.76838493347168 (ms)
[RANK0] F @ 131.93310546875 (ms) to 158.5126953125 (ms), cudaEventElapsed = 26.54207992553711 (ms)
[RANK0] F @ 158.7197265625 (ms) to 185.0791015625 (ms), cudaEventElapsed = 26.32601547241211 (ms)
[RANK0] F @ 185.3232421875 (ms) to 212.07470703125 (ms), cudaEventElapsed = 26.702848434448242 (ms)
[RANK0] F @ 212.3271484375 (ms) to 239.15673828125 (ms), cudaEventElapsed = 26.763263702392578 (ms)
[RANK0] F @ 239.40966796875 (ms) to 265.967529296875 (ms), cudaEventElapsed = 26.51852798461914 (ms)
[RANK0] F @ 266.16650390625 (ms) to 293.0185546875 (ms), cudaEventElapsed = 26.818559646606445 (ms)
[RANK0] F @ 293.249267578125 (ms) to 320.534423828125 (ms), cudaEventElapsed = 27.250688552856445 (ms)
