[RANK1] Iteration 1
[RANK1] F @ 82.890625 (ms) to 114.982421875 (ms), cudaEventElapsed = 32.036415100097656 (ms)
[RANK1] F @ 166.88134765625 (ms) to 198.297607421875 (ms), cudaEventElapsed = 31.36319923400879 (ms)
[RANK1] F @ 198.708740234375 (ms) to 233.006103515625 (ms), cudaEventElapsed = 34.26188659667969 (ms)
[RANK1] F @ 233.341064453125 (ms) to 515.593017578125 (ms), cudaEventElapsed = 282.21124267578125 (ms)
[RANK1] F @ 517.369140625 (ms) to 554.71484375 (ms), cudaEventElapsed = 37.3059196472168 (ms)
[RANK1] B @ 567.3291015625 (ms) to 609.272216796875 (ms), cudaEventElapsed = 41.901248931884766 (ms)
[RANK1] F @ 612.985595703125 (ms) to 645.4716796875 (ms), cudaEventElapsed = 32.448734283447266 (ms)
[RANK1] B @ 645.783935546875 (ms) to 689.63427734375 (ms), cudaEventElapsed = 43.814369201660156 (ms)
[RANK1] F @ 690.97802734375 (ms) to 724.9345703125 (ms), cudaEventElapsed = 33.9167366027832 (ms)
[RANK1] B @ 725.256103515625 (ms) to 769.0302734375 (ms), cudaEventElapsed = 43.739742279052734 (ms)
[RANK1] F @ 769.365478515625 (ms) to 803.590087890625 (ms), cudaEventElapsed = 34.19180679321289 (ms)
[RANK1] B @ 804.295166015625 (ms) to 848.281494140625 (ms), cudaEventElapsed = 43.951454162597656 (ms)
[RANK1] W @ 848.512451171875 (ms) to 870.035888671875 (ms), cudaEventElapsed = 21.48454475402832 (ms)
[RANK1] F @ 870.16943359375 (ms) to 904.1982421875 (ms), cudaEventElapsed = 33.9903678894043 (ms)
[RANK1] B @ 1059.335693359375 (ms) to 1099.013671875 (ms), cudaEventElapsed = 39.63644790649414 (ms)
[RANK1] B @ 1138.538330078125 (ms) to 1177.4365234375 (ms), cudaEventElapsed = 38.85532760620117 (ms)
[RANK1] W @ 1177.6083984375 (ms) to 1196.79345703125 (ms), cudaEventElapsed = 19.149824142456055 (ms)
[RANK1] F @ 1197.050537109375 (ms) to 1231.71142578125 (ms), cudaEventElapsed = 34.62278366088867 (ms)
[RANK1] B @ 1241.29736328125 (ms) to 1285.325927734375 (ms), cudaEventElapsed = 43.988895416259766 (ms)
[RANK1] B @ 1286.63818359375 (ms) to 1327.89306640625 (ms), cudaEventElapsed = 41.217918395996094 (ms)
[RANK1] W @ 1328.044677734375 (ms) to 1348.109130859375 (ms), cudaEventElapsed = 20.02022361755371 (ms)
[RANK1] F @ 1348.36181640625 (ms) to 1382.798583984375 (ms), cudaEventElapsed = 34.40604782104492 (ms)
[RANK1] B @ 1384.10205078125 (ms) to 1428.52783203125 (ms), cudaEventElapsed = 44.38479995727539 (ms)
[RANK1] W @ 1428.733154296875 (ms) to 1450.58203125 (ms), cudaEventElapsed = 20.798463821411133 (ms)
[RANK1] F @ 1450.82763671875 (ms) to 1484.7783203125 (ms), cudaEventElapsed = 33.92166519165039 (ms)
[RANK1] B @ 1486.506591796875 (ms) to 1530.177734375 (ms), cudaEventElapsed = 43.632606506347656 (ms)
[RANK1] W @ 1530.316162109375 (ms) to 1551.0595703125 (ms), cudaEventElapsed = 20.7063045501709 (ms)
[RANK1] W @ 1551.211181640625 (ms) to 1572.470947265625 (ms), cudaEventElapsed = 21.230592727661133 (ms)
[RANK1] B @ 1587.73974609375 (ms) to 1628.368408203125 (ms), cudaEventElapsed = 40.596031188964844 (ms)
[RANK1] W @ 1628.50537109375 (ms) to 1647.9306640625 (ms), cudaEventElapsed = 19.390464782714844 (ms)
[RANK1] W @ 1648.07666015625 (ms) to 1668.9033203125 (ms), cudaEventElapsed = 20.797439575195312 (ms)
[RANK1] B @ 1673.47705078125 (ms) to 1714.883056640625 (ms), cudaEventElapsed = 41.37648010253906 (ms)
[RANK1] 4W @ 1715.021484375 (ms) to 1797.87353515625 (ms), cudaEventElapsed = 82.80985260009766 (ms)
[RANK1] Iteration 2
[RANK1] F @ 29.313232421875 (ms) to 61.139892578125 (ms), cudaEventElapsed = 31.78995132446289 (ms)
[RANK1] F @ 61.54052734375 (ms) to 95.795166015625 (ms), cudaEventElapsed = 34.22003173828125 (ms)
[RANK1] F @ 96.185302734375 (ms) to 132.88330078125 (ms), cudaEventElapsed = 36.66511917114258 (ms)
[RANK1] F @ 133.2021484375 (ms) to 169.71044921875 (ms), cudaEventElapsed = 36.47465515136719 (ms)
[RANK1] F @ 171.16748046875 (ms) to 207.25439453125 (ms), cudaEventElapsed = 36.05091094970703 (ms)
[RANK1] B @ 224.091552734375 (ms) to 265.635986328125 (ms), cudaEventElapsed = 41.50374221801758 (ms)
[RANK1] F @ 266.010986328125 (ms) to 299.118896484375 (ms), cudaEventElapsed = 33.07331085205078 (ms)
[RANK1] B @ 301.98974609375 (ms) to 345.3095703125 (ms), cudaEventElapsed = 43.283775329589844 (ms)
[RANK1] F @ 346.6669921875 (ms) to 380.77490234375 (ms), cudaEventElapsed = 34.07145690917969 (ms)
[RANK1] B @ 381.785400390625 (ms) to 425.5634765625 (ms), cudaEventElapsed = 43.73878479003906 (ms)
[RANK1] F @ 425.92431640625 (ms) to 460.227294921875 (ms), cudaEventElapsed = 34.26777648925781 (ms)
[RANK1] B @ 461.81591796875 (ms) to 505.38916015625 (ms), cudaEventElapsed = 43.53792190551758 (ms)
[RANK1] W @ 505.64892578125 (ms) to 526.974609375 (ms), cudaEventElapsed = 21.178367614746094 (ms)
[RANK1] F @ 527.13916015625 (ms) to 560.88134765625 (ms), cudaEventElapsed = 33.710784912109375 (ms)
[RANK1] B @ 562.22802734375 (ms) to 607.57568359375 (ms), cudaEventElapsed = 45.31350326538086 (ms)
[RANK1] B @ 621.126220703125 (ms) to 661.670166015625 (ms), cudaEventElapsed = 40.50617599487305 (ms)
[RANK1] W @ 661.849365234375 (ms) to 681.216796875 (ms), cudaEventElapsed = 19.334144592285156 (ms)
[RANK1] F @ 681.48681640625 (ms) to 715.37939453125 (ms), cudaEventElapsed = 33.86182403564453 (ms)
[RANK1] B @ 723.9501953125 (ms) to 767.73291015625 (ms), cudaEventElapsed = 43.743934631347656 (ms)
[RANK1] B @ 769.039794921875 (ms) to 810.407958984375 (ms), cudaEventElapsed = 41.33164978027344 (ms)
[RANK1] W @ 810.597412109375 (ms) to 830.377197265625 (ms), cudaEventElapsed = 19.746816635131836 (ms)
[RANK1] F @ 830.654296875 (ms) to 865.07568359375 (ms), cudaEventElapsed = 34.39292907714844 (ms)
[RANK1] B @ 865.37158203125 (ms) to 911.078369140625 (ms), cudaEventElapsed = 45.671295166015625 (ms)
[RANK1] W @ 911.305419921875 (ms) to 934.01904296875 (ms), cudaEventElapsed = 21.69548797607422 (ms)
[RANK1] F @ 934.28125 (ms) to 969.0068359375 (ms), cudaEventElapsed = 34.69529724121094 (ms)
[RANK1] B @ 969.309326171875 (ms) to 1013.700927734375 (ms), cudaEventElapsed = 44.35590362548828 (ms)
[RANK1] W @ 1013.867431640625 (ms) to 1035.0068359375 (ms), cudaEventElapsed = 21.10259246826172 (ms)
[RANK1] W @ 1035.174072265625 (ms) to 1056.619873046875 (ms), cudaEventElapsed = 21.416959762573242 (ms)
[RANK1] B @ 1071.047119140625 (ms) to 1111.535888671875 (ms), cudaEventElapsed = 40.45347213745117 (ms)
[RANK1] W @ 1111.7001953125 (ms) to 1131.37744140625 (ms), cudaEventElapsed = 19.63724708557129 (ms)
[RANK1] W @ 1131.5498046875 (ms) to 1152.823486328125 (ms), cudaEventElapsed = 21.24390411376953 (ms)
[RANK1] B @ 1157.36962890625 (ms) to 1199.348876953125 (ms), cudaEventElapsed = 41.947486877441406 (ms)
[RANK1] 4W @ 1199.52001953125 (ms) to 1282.6220703125 (ms), cudaEventElapsed = 83.05868530273438 (ms)
[RANK1] Iteration 3
[RANK1] F @ 29.2197265625 (ms) to 61.054443359375 (ms), cudaEventElapsed = 31.799583435058594 (ms)
[RANK1] F @ 61.43896484375 (ms) to 95.684326171875 (ms), cudaEventElapsed = 34.20457458496094 (ms)
[RANK1] F @ 96.06640625 (ms) to 132.46728515625 (ms), cudaEventElapsed = 36.36592102050781 (ms)
[RANK1] F @ 132.79150390625 (ms) to 169.30517578125 (ms), cudaEventElapsed = 36.477054595947266 (ms)
[RANK1] F @ 170.610107421875 (ms) to 206.885498046875 (ms), cudaEventElapsed = 36.22697448730469 (ms)
[RANK1] B @ 223.61865234375 (ms) to 265.35400390625 (ms), cudaEventElapsed = 41.685726165771484 (ms)
[RANK1] F @ 265.73193359375 (ms) to 298.85693359375 (ms), cudaEventElapsed = 33.09040069580078 (ms)
[RANK1] B @ 301.883056640625 (ms) to 345.0556640625 (ms), cudaEventElapsed = 43.135807037353516 (ms)
[RANK1] F @ 346.383544921875 (ms) to 380.417724609375 (ms), cudaEventElapsed = 33.996734619140625 (ms)
[RANK1] B @ 381.325439453125 (ms) to 425.044921875 (ms), cudaEventElapsed = 43.68415832519531 (ms)
[RANK1] F @ 425.4033203125 (ms) to 459.666748046875 (ms), cudaEventElapsed = 34.231937408447266 (ms)
[RANK1] B @ 461.15869140625 (ms) to 504.7607421875 (ms), cudaEventElapsed = 43.56300735473633 (ms)
[RANK1] W @ 505.010009765625 (ms) to 526.316650390625 (ms), cudaEventElapsed = 21.170175552368164 (ms)
[RANK1] F @ 526.47216796875 (ms) to 560.0947265625 (ms), cudaEventElapsed = 33.59222412109375 (ms)
[RANK1] B @ 561.41162109375 (ms) to 606.68310546875 (ms), cudaEventElapsed = 45.23353576660156 (ms)
[RANK1] B @ 619.9892578125 (ms) to 660.568603515625 (ms), cudaEventElapsed = 40.53891372680664 (ms)
[RANK1] W @ 660.75634765625 (ms) to 680.184814453125 (ms), cudaEventElapsed = 19.396608352661133 (ms)
[RANK1] F @ 680.457275390625 (ms) to 714.25146484375 (ms), cudaEventElapsed = 33.76607894897461 (ms)
[RANK1] B @ 722.990234375 (ms) to 766.796630859375 (ms), cudaEventElapsed = 43.77030563354492 (ms)
[RANK1] B @ 768.397705078125 (ms) to 809.85791015625 (ms), cudaEventElapsed = 41.41676712036133 (ms)
[RANK1] W @ 810.03271484375 (ms) to 829.818115234375 (ms), cudaEventElapsed = 19.751935958862305 (ms)
[RANK1] F @ 830.08740234375 (ms) to 864.53662109375 (ms), cudaEventElapsed = 34.418846130371094 (ms)
[RANK1] B @ 864.949462890625 (ms) to 910.626953125 (ms), cudaEventElapsed = 45.6445426940918 (ms)
[RANK1] W @ 910.85791015625 (ms) to 933.62548828125 (ms), cudaEventElapsed = 21.69753646850586 (ms)
[RANK1] F @ 933.9208984375 (ms) to 968.644287109375 (ms), cudaEventElapsed = 34.691646575927734 (ms)
[RANK1] B @ 969.035888671875 (ms) to 1013.39501953125 (ms), cudaEventElapsed = 44.32291030883789 (ms)
[RANK1] W @ 1013.572021484375 (ms) to 1034.7119140625 (ms), cudaEventElapsed = 21.105663299560547 (ms)
[RANK1] W @ 1034.883056640625 (ms) to 1056.3271484375 (ms), cudaEventElapsed = 21.415935516357422 (ms)
[RANK1] B @ 1072.00439453125 (ms) to 1112.44775390625 (ms), cudaEventElapsed = 40.4114875793457 (ms)
[RANK1] W @ 1112.615234375 (ms) to 1132.38330078125 (ms), cudaEventElapsed = 19.733503341674805 (ms)
[RANK1] W @ 1132.55419921875 (ms) to 1153.85888671875 (ms), cudaEventElapsed = 21.27564811706543 (ms)
[RANK1] B @ 1158.0634765625 (ms) to 1200.04052734375 (ms), cudaEventElapsed = 41.94611358642578 (ms)
[RANK1] 4W @ 1200.221435546875 (ms) to 1282.96923828125 (ms), cudaEventElapsed = 82.71564483642578 (ms)
[RANK1] Iteration 4
[RANK1] F @ 29.06884765625 (ms) to 60.9580078125 (ms), cudaEventElapsed = 31.85424041748047 (ms)
[RANK1] F @ 61.359130859375 (ms) to 95.8720703125 (ms), cudaEventElapsed = 34.48175811767578 (ms)
[RANK1] F @ 96.294677734375 (ms) to 133.752197265625 (ms), cudaEventElapsed = 37.41769790649414 (ms)
[RANK1] F @ 134.086669921875 (ms) to 170.809326171875 (ms), cudaEventElapsed = 36.692161560058594 (ms)
[RANK1] F @ 172.19873046875 (ms) to 208.852783203125 (ms), cudaEventElapsed = 36.62153625488281 (ms)
[RANK1] B @ 224.810791015625 (ms) to 267.15771484375 (ms), cudaEventElapsed = 42.30771255493164 (ms)
[RANK1] F @ 267.53369140625 (ms) to 302.886962890625 (ms), cudaEventElapsed = 35.320831298828125 (ms)
[RANK1] B @ 306.349365234375 (ms) to 351.182861328125 (ms), cudaEventElapsed = 44.79747009277344 (ms)
[RANK1] F @ 352.538818359375 (ms) to 388.353515625 (ms), cudaEventElapsed = 35.779937744140625 (ms)
[RANK1] B @ 389.316650390625 (ms) to 434.4130859375 (ms), cudaEventElapsed = 45.0643196105957 (ms)
[RANK1] F @ 434.76904296875 (ms) to 470.787109375 (ms), cudaEventElapsed = 35.98099136352539 (ms)
[RANK1] B @ 472.734130859375 (ms) to 517.686279296875 (ms), cudaEventElapsed = 44.909278869628906 (ms)
[RANK1] W @ 517.935546875 (ms) to 542.042724609375 (ms), cudaEventElapsed = 23.91551971435547 (ms)
[RANK1] F @ 542.20751953125 (ms) to 579.822021484375 (ms), cudaEventElapsed = 37.58476638793945 (ms)
[RANK1] B @ 581.23974609375 (ms) to 628.440185546875 (ms), cudaEventElapsed = 47.16883087158203 (ms)
[RANK1] B @ 638.177490234375 (ms) to 681.058349609375 (ms), cudaEventElapsed = 42.84364700317383 (ms)
[RANK1] W @ 681.23681640625 (ms) to 703.584228515625 (ms), cudaEventElapsed = 22.31808090209961 (ms)
[RANK1] F @ 703.85009765625 (ms) to 743.66796875 (ms), cudaEventElapsed = 39.78857421875 (ms)
[RANK1] B @ 748.375 (ms) to 795.535888671875 (ms), cudaEventElapsed = 47.122718811035156 (ms)
[RANK1] B @ 796.887451171875 (ms) to 840.854736328125 (ms), cudaEventElapsed = 43.934112548828125 (ms)
[RANK1] W @ 841.025390625 (ms) to 864.11279296875 (ms), cudaEventElapsed = 23.053312301635742 (ms)
[RANK1] F @ 864.377197265625 (ms) to 906.34130859375 (ms), cudaEventElapsed = 41.932735443115234 (ms)
[RANK1] B @ 906.6611328125 (ms) to 955.274658203125 (ms), cudaEventElapsed = 48.57727813720703 (ms)
[RANK1] W @ 955.4990234375 (ms) to 980.634521484375 (ms), cudaEventElapsed = 24.08857536315918 (ms)
[RANK1] F @ 980.910888671875 (ms) to 1019.30615234375 (ms), cudaEventElapsed = 38.365089416503906 (ms)
[RANK1] B @ 1023.247802734375 (ms) to 1067.649169921875 (ms), cudaEventElapsed = 44.368255615234375 (ms)
[RANK1] W @ 1067.810546875 (ms) to 1090.635009765625 (ms), cudaEventElapsed = 22.795263290405273 (ms)
[RANK1] W @ 1090.7939453125 (ms) to 1120.198486328125 (ms), cudaEventElapsed = 29.37651252746582 (ms)
[RANK1] B @ 1133.3056640625 (ms) to 1178.1123046875 (ms), cudaEventElapsed = 44.775390625 (ms)
[RANK1] W @ 1178.2763671875 (ms) to 1201.16162109375 (ms), cudaEventElapsed = 22.856704711914062 (ms)
[RANK1] W @ 1201.325439453125 (ms) to 1227.4228515625 (ms), cudaEventElapsed = 26.070016860961914 (ms)
[RANK1] B @ 1232.19189453125 (ms) to 1279.18798828125 (ms), cudaEventElapsed = 46.96614456176758 (ms)
[RANK1] 4W @ 1279.344482421875 (ms) to 1382.72607421875 (ms), cudaEventElapsed = 103.35334777832031 (ms)
[RANK1] Iteration 5
[RANK1] F @ 29.40673828125 (ms) to 61.19970703125 (ms), cudaEventElapsed = 31.7574405670166 (ms)
[RANK1] F @ 61.59033203125 (ms) to 96.17822265625 (ms), cudaEventElapsed = 34.556190490722656 (ms)
[RANK1] F @ 96.55615234375 (ms) to 133.041259765625 (ms), cudaEventElapsed = 36.4502067565918 (ms)
[RANK1] F @ 133.347412109375 (ms) to 169.6416015625 (ms), cudaEventElapsed = 36.26067352294922 (ms)
[RANK1] F @ 170.980224609375 (ms) to 206.733642578125 (ms), cudaEventElapsed = 35.72127914428711 (ms)
[RANK1] B @ 223.923583984375 (ms) to 266.115478515625 (ms), cudaEventElapsed = 42.153377532958984 (ms)
[RANK1] F @ 266.471435546875 (ms) to 301.991943359375 (ms), cudaEventElapsed = 35.488094329833984 (ms)
[RANK1] B @ 305.861572265625 (ms) to 350.835205078125 (ms), cudaEventElapsed = 44.939456939697266 (ms)
[RANK1] F @ 352.135498046875 (ms) to 387.8974609375 (ms), cudaEventElapsed = 35.7275505065918 (ms)
[RANK1] B @ 388.980224609375 (ms) to 433.708251953125 (ms), cudaEventElapsed = 44.69609451293945 (ms)
[RANK1] F @ 434.0712890625 (ms) to 470.099365234375 (ms), cudaEventElapsed = 35.99126434326172 (ms)
[RANK1] B @ 474.103759765625 (ms) to 518.383056640625 (ms), cudaEventElapsed = 44.239105224609375 (ms)
[RANK1] W @ 518.635009765625 (ms) to 541.959716796875 (ms), cudaEventElapsed = 23.180288314819336 (ms)
[RANK1] F @ 542.119873046875 (ms) to 580.116455078125 (ms), cudaEventElapsed = 37.966880798339844 (ms)
[RANK1] B @ 581.462158203125 (ms) to 629.06884765625 (ms), cudaEventElapsed = 47.573280334472656 (ms)
[RANK1] B @ 638.441162109375 (ms) to 681.083740234375 (ms), cudaEventElapsed = 42.6058235168457 (ms)
[RANK1] W @ 681.252685546875 (ms) to 703.52734375 (ms), cudaEventElapsed = 22.24127960205078 (ms)
[RANK1] F @ 703.784423828125 (ms) to 743.78466796875 (ms), cudaEventElapsed = 39.97244644165039 (ms)
[RANK1] B @ 749.06298828125 (ms) to 795.595947265625 (ms), cudaEventElapsed = 46.49625778198242 (ms)
[RANK1] B @ 796.9345703125 (ms) to 840.59619140625 (ms), cudaEventElapsed = 43.627296447753906 (ms)
[RANK1] W @ 840.759033203125 (ms) to 863.38525390625 (ms), cudaEventElapsed = 22.591487884521484 (ms)
[RANK1] F @ 863.647705078125 (ms) to 905.880859375 (ms), cudaEventElapsed = 42.20492935180664 (ms)
[RANK1] B @ 906.177734375 (ms) to 954.683837890625 (ms), cudaEventElapsed = 48.47011184692383 (ms)
[RANK1] W @ 954.918212890625 (ms) to 979.431640625 (ms), cudaEventElapsed = 23.48851203918457 (ms)
[RANK1] F @ 979.701416015625 (ms) to 1018.485107421875 (ms), cudaEventElapsed = 38.75183868408203 (ms)
[RANK1] B @ 1023.23291015625 (ms) to 1068.6318359375 (ms), cudaEventElapsed = 45.363040924072266 (ms)
[RANK1] W @ 1068.79248046875 (ms) to 1092.911865234375 (ms), cudaEventElapsed = 24.08448028564453 (ms)
[RANK1] W @ 1093.075439453125 (ms) to 1121.332763671875 (ms), cudaEventElapsed = 28.227584838867188 (ms)
[RANK1] B @ 1133.230224609375 (ms) to 1178.307373046875 (ms), cudaEventElapsed = 45.0458869934082 (ms)
[RANK1] W @ 1178.455810546875 (ms) to 1200.86669921875 (ms), cudaEventElapsed = 22.371328353881836 (ms)
[RANK1] W @ 1201.0224609375 (ms) to 1227.840087890625 (ms), cudaEventElapsed = 26.790912628173828 (ms)
[RANK1] B @ 1232.2822265625 (ms) to 1278.69921875 (ms), cudaEventElapsed = 46.386112213134766 (ms)
[RANK1] 4W @ 1278.860595703125 (ms) to 1383.5478515625 (ms), cudaEventElapsed = 104.65484619140625 (ms)
[RANK1] Iteration 6
[RANK1] F @ 29.2919921875 (ms) to 61.219482421875 (ms), cudaEventElapsed = 31.890687942504883 (ms)
[RANK1] F @ 61.64501953125 (ms) to 95.884765625 (ms), cudaEventElapsed = 34.20665740966797 (ms)
[RANK1] F @ 96.27392578125 (ms) to 133.373046875 (ms), cudaEventElapsed = 37.06611251831055 (ms)
[RANK1] F @ 133.688232421875 (ms) to 170.430908203125 (ms), cudaEventElapsed = 36.71027374267578 (ms)
[RANK1] F @ 171.854248046875 (ms) to 207.863037109375 (ms), cudaEventElapsed = 35.97206497192383 (ms)
[RANK1] B @ 224.177734375 (ms) to 266.70556640625 (ms), cudaEventElapsed = 42.48777770996094 (ms)
[RANK1] F @ 267.068115234375 (ms) to 302.4814453125 (ms), cudaEventElapsed = 35.372127532958984 (ms)
[RANK1] B @ 306.347900390625 (ms) to 351.048583984375 (ms), cudaEventElapsed = 44.66156768798828 (ms)
[RANK1] F @ 352.424072265625 (ms) to 387.943603515625 (ms), cudaEventElapsed = 35.47983932495117 (ms)
[RANK1] B @ 389.949462890625 (ms) to 434.5390625 (ms), cudaEventElapsed = 44.55324935913086 (ms)
[RANK1] F @ 434.90576171875 (ms) to 470.519775390625 (ms), cudaEventElapsed = 35.57948684692383 (ms)
[RANK1] B @ 472.363525390625 (ms) to 517.436279296875 (ms), cudaEventElapsed = 45.035457611083984 (ms)
[RANK1] W @ 517.680419921875 (ms) to 541.83837890625 (ms), cudaEventElapsed = 24.004608154296875 (ms)
[RANK1] F @ 542.001953125 (ms) to 580.182373046875 (ms), cudaEventElapsed = 38.15097427368164 (ms)
[RANK1] B @ 581.598876953125 (ms) to 628.94580078125 (ms), cudaEventElapsed = 47.314273834228516 (ms)
[RANK1] B @ 636.5927734375 (ms) to 679.544189453125 (ms), cudaEventElapsed = 42.91276931762695 (ms)
[RANK1] W @ 679.73974609375 (ms) to 702.54345703125 (ms), cudaEventElapsed = 22.773759841918945 (ms)
[RANK1] F @ 702.842041015625 (ms) to 742.337890625 (ms), cudaEventElapsed = 39.4653434753418 (ms)
[RANK1] B @ 747.187255859375 (ms) to 793.5771484375 (ms), cudaEventElapsed = 46.3526725769043 (ms)
[RANK1] B @ 794.97509765625 (ms) to 839.35009765625 (ms), cudaEventElapsed = 44.339969635009766 (ms)
[RANK1] W @ 839.52099609375 (ms) to 862.8837890625 (ms), cudaEventElapsed = 23.333887100219727 (ms)
[RANK1] F @ 863.142333984375 (ms) to 902.34814453125 (ms), cudaEventElapsed = 39.177024841308594 (ms)
[RANK1] B @ 902.66162109375 (ms) to 950.763427734375 (ms), cudaEventElapsed = 48.0682258605957 (ms)
[RANK1] W @ 950.98828125 (ms) to 976.0908203125 (ms), cudaEventElapsed = 24.08448028564453 (ms)
[RANK1] F @ 976.352783203125 (ms) to 1015.629150390625 (ms), cudaEventElapsed = 39.247840881347656 (ms)
[RANK1] B @ 1020.629150390625 (ms) to 1066.0029296875 (ms), cudaEventElapsed = 45.33769607543945 (ms)
[RANK1] W @ 1066.17626953125 (ms) to 1089.750732421875 (ms), cudaEventElapsed = 23.53868865966797 (ms)
[RANK1] W @ 1089.91943359375 (ms) to 1117.5703125 (ms), cudaEventElapsed = 27.622400283813477 (ms)
[RANK1] B @ 1131.034423828125 (ms) to 1175.833740234375 (ms), cudaEventElapsed = 44.76844787597656 (ms)
[RANK1] W @ 1175.985595703125 (ms) to 1198.335205078125 (ms), cudaEventElapsed = 22.320127487182617 (ms)
[RANK1] W @ 1198.49853515625 (ms) to 1225.6259765625 (ms), cudaEventElapsed = 27.100160598754883 (ms)
[RANK1] B @ 1229.267822265625 (ms) to 1275.90478515625 (ms), cudaEventElapsed = 46.60665512084961 (ms)
[RANK1] 4W @ 1276.05322265625 (ms) to 1380.2841796875 (ms), cudaEventElapsed = 104.20223999023438 (ms)
[RANK1] Iteration 7
[RANK1] F @ 26.509521484375 (ms) to 56.6376953125 (ms), cudaEventElapsed = 30.09334373474121 (ms)
[RANK1] F @ 57.046875 (ms) to 89.59912109375 (ms), cudaEventElapsed = 32.52080154418945 (ms)
[RANK1] F @ 89.99560546875 (ms) to 125.4970703125 (ms), cudaEventElapsed = 35.471134185791016 (ms)
[RANK1] F @ 125.807373046875 (ms) to 160.978759765625 (ms), cudaEventElapsed = 35.1399040222168 (ms)
[RANK1] F @ 162.384033203125 (ms) to 197.254150390625 (ms), cudaEventElapsed = 34.837406158447266 (ms)
[RANK1] F @ 197.6552734375 (ms) to 232.115234375 (ms), cudaEventElapsed = 34.417823791503906 (ms)
[RANK1] F @ 232.4931640625 (ms) to 267.140869140625 (ms), cudaEventElapsed = 34.6168327331543 (ms)
[RANK1] F @ 267.447998046875 (ms) to 302.078857421875 (ms), cudaEventElapsed = 34.599327087402344 (ms)
[RANK1] F @ 303.588134765625 (ms) to 338.13623046875 (ms), cudaEventElapsed = 34.51417541503906 (ms)
[RANK1] F @ 339.6123046875 (ms) to 373.6337890625 (ms), cudaEventElapsed = 33.98921585083008 (ms)
[RANK1] F @ 375.152099609375 (ms) to 409.558837890625 (ms), cudaEventElapsed = 34.37392044067383 (ms)
[RANK1] F @ 410.91455078125 (ms) to 445.0283203125 (ms), cudaEventElapsed = 34.08143997192383 (ms)
