[RANK0] Iteration 1
[RANK0] F @ 0.29736328125 (ms) to 25.16162109375 (ms), cudaEventElapsed = 24.8209285736084 (ms)
[RANK0] F @ 81.247314453125 (ms) to 107.38720703125 (ms), cudaEventElapsed = 26.083328247070312 (ms)
[RANK0] F @ 107.597900390625 (ms) to 133.509033203125 (ms), cudaEventElapsed = 25.869312286376953 (ms)
[RANK0] F @ 133.68115234375 (ms) to 160.904296875 (ms), cudaEventElapsed = 27.183103561401367 (ms)
[RANK0] F @ 161.07421875 (ms) to 190.318603515625 (ms), cudaEventElapsed = 29.21062469482422 (ms)
[RANK0] F @ 190.48388671875 (ms) to 228.02294921875 (ms), cudaEventElapsed = 25.74847984313965 (ms)
[RANK0] F @ 228.190673828125 (ms) to 459.068115234375 (ms), cudaEventElapsed = 230.83827209472656 (ms)
[RANK0] B @ 621.26416015625 (ms) to 653.0498046875 (ms), cudaEventElapsed = 31.717695236206055 (ms)
[RANK0] F @ 653.3076171875 (ms) to 678.552734375 (ms), cudaEventElapsed = 25.210880279541016 (ms)
[RANK0] B @ 697.390380859375 (ms) to 731.4140625 (ms), cudaEventElapsed = 33.975486755371094 (ms)
[RANK0] W @ 731.623779296875 (ms) to 746.459716796875 (ms), cudaEventElapsed = 14.804991722106934 (ms)
[RANK0] F @ 746.48388671875 (ms) to 772.6748046875 (ms), cudaEventElapsed = 26.161151885986328 (ms)
[RANK0] B @ 777.82666015625 (ms) to 813.552490234375 (ms), cudaEventElapsed = 35.68544006347656 (ms)
[RANK0] B @ 856.766357421875 (ms) to 888.59912109375 (ms), cudaEventElapsed = 31.795135498046875 (ms)
[RANK0] W @ 888.6416015625 (ms) to 902.55126953125 (ms), cudaEventElapsed = 13.881343841552734 (ms)
[RANK0] F @ 902.7607421875 (ms) to 929.268310546875 (ms), cudaEventElapsed = 26.47551918029785 (ms)
[RANK0] B @ 1111.840576171875 (ms) to 1144.6240234375 (ms), cudaEventElapsed = 32.70947265625 (ms)
[RANK0] B @ 1188.33203125 (ms) to 1219.989013671875 (ms), cudaEventElapsed = 31.60633659362793 (ms)
[RANK0] W @ 1220.041748046875 (ms) to 1233.80615234375 (ms), cudaEventElapsed = 13.726719856262207 (ms)
[RANK0] F @ 1234.0439453125 (ms) to 1259.98046875 (ms), cudaEventElapsed = 25.902080535888672 (ms)
[RANK0] B @ 1298.196533203125 (ms) to 1331.720458984375 (ms), cudaEventElapsed = 33.477760314941406 (ms)
[RANK0] B @ 1339.549072265625 (ms) to 1371.548095703125 (ms), cudaEventElapsed = 31.96553611755371 (ms)
[RANK0] W @ 1371.58203125 (ms) to 1385.79296875 (ms), cudaEventElapsed = 14.18342399597168 (ms)
[RANK0] F @ 1385.9951171875 (ms) to 1412.315673828125 (ms), cudaEventElapsed = 26.288127899169922 (ms)
[RANK0] W @ 1412.480224609375 (ms) to 1452.811767578125 (ms), cudaEventElapsed = 14.525440216064453 (ms)
[RANK0] W @ 1452.83154296875 (ms) to 1467.09716796875 (ms), cudaEventElapsed = 14.227456092834473 (ms)
[RANK0] W @ 1467.267578125 (ms) to 1482.446533203125 (ms), cudaEventElapsed = 15.151103973388672 (ms)
[RANK0] W @ 1482.458251953125 (ms) to 1498.5205078125 (ms), cudaEventElapsed = 16.036863327026367 (ms)
[RANK0] B @ 1498.659423828125 (ms) to 1534.5576171875 (ms), cudaEventElapsed = 35.86854553222656 (ms)
[RANK0] W @ 1534.719482421875 (ms) to 1554.852783203125 (ms), cudaEventElapsed = 15.072256088256836 (ms)
[RANK0] B @ 1555.01220703125 (ms) to 1589.7412109375 (ms), cudaEventElapsed = 34.69919967651367 (ms)
[RANK0] W @ 1589.769775390625 (ms) to 1605.137939453125 (ms), cudaEventElapsed = 15.340543746948242 (ms)
[RANK0] B @ 1637.55615234375 (ms) to 1670.55908203125 (ms), cudaEventElapsed = 32.96723175048828 (ms)
[RANK0] W @ 1670.586181640625 (ms) to 1684.70654296875 (ms), cudaEventElapsed = 14.095359802246094 (ms)
[RANK0] B @ 1724.476806640625 (ms) to 1756.179931640625 (ms), cudaEventElapsed = 31.659263610839844 (ms)
[RANK0] 1W @ 1756.209716796875 (ms) to 1769.78271484375 (ms), cudaEventElapsed = 13.54751968383789 (ms)
[RANK0] Iteration 2
[RANK0] F @ 2.22216796875 (ms) to 27.379638671875 (ms), cudaEventElapsed = 25.114208221435547 (ms)
[RANK0] F @ 27.641845703125 (ms) to 53.061767578125 (ms), cudaEventElapsed = 25.379840850830078 (ms)
[RANK0] F @ 53.2763671875 (ms) to 80.881591796875 (ms), cudaEventElapsed = 27.56505584716797 (ms)
[RANK0] F @ 81.08349609375 (ms) to 109.277099609375 (ms), cudaEventElapsed = 28.15999984741211 (ms)
[RANK0] F @ 109.509521484375 (ms) to 137.62841796875 (ms), cudaEventElapsed = 28.072959899902344 (ms)
[RANK0] F @ 137.84716796875 (ms) to 165.532470703125 (ms), cudaEventElapsed = 27.640832901000977 (ms)
[RANK0] F @ 165.736572265625 (ms) to 194.012939453125 (ms), cudaEventElapsed = 28.237823486328125 (ms)
[RANK0] B @ 269.408203125 (ms) to 301.28076171875 (ms), cudaEventElapsed = 31.80816078186035 (ms)
[RANK0] F @ 301.552001953125 (ms) to 327.119384765625 (ms), cudaEventElapsed = 25.53446388244629 (ms)
[RANK0] B @ 350.58642578125 (ms) to 383.93798828125 (ms), cudaEventElapsed = 33.29875183105469 (ms)
[RANK0] W @ 384.1806640625 (ms) to 398.89306640625 (ms), cudaEventElapsed = 14.68006420135498 (ms)
[RANK0] F @ 398.956787109375 (ms) to 424.93603515625 (ms), cudaEventElapsed = 25.945087432861328 (ms)
[RANK0] B @ 432.364990234375 (ms) to 468.908203125 (ms), cudaEventElapsed = 36.496097564697266 (ms)
[RANK0] B @ 510.67626953125 (ms) to 542.5439453125 (ms), cudaEventElapsed = 31.812448501586914 (ms)
[RANK0] W @ 542.64111328125 (ms) to 556.628662109375 (ms), cudaEventElapsed = 13.949952125549316 (ms)
[RANK0] F @ 556.888916015625 (ms) to 582.9541015625 (ms), cudaEventElapsed = 26.032127380371094 (ms)
[RANK0] B @ 616.13427734375 (ms) to 650.14111328125 (ms), cudaEventElapsed = 33.95110321044922 (ms)
[RANK0] B @ 664.400634765625 (ms) to 696.57177734375 (ms), cudaEventElapsed = 32.128448486328125 (ms)
[RANK0] W @ 696.65234375 (ms) to 710.60595703125 (ms), cudaEventElapsed = 13.920255661010742 (ms)
[RANK0] F @ 710.862548828125 (ms) to 737.26123046875 (ms), cudaEventElapsed = 26.365951538085938 (ms)
[RANK0] B @ 771.90869140625 (ms) to 805.6015625 (ms), cudaEventElapsed = 33.64710235595703 (ms)
[RANK0] B @ 813.51708984375 (ms) to 845.996337890625 (ms), cudaEventElapsed = 32.43958282470703 (ms)
[RANK0] W @ 846.067138671875 (ms) to 860.443603515625 (ms), cudaEventElapsed = 14.341119766235352 (ms)
[RANK0] F @ 860.668212890625 (ms) to 886.98583984375 (ms), cudaEventElapsed = 26.2871036529541 (ms)
[RANK0] W @ 887.1806640625 (ms) to 929.017822265625 (ms), cudaEventElapsed = 14.608384132385254 (ms)
[RANK0] W @ 929.07763671875 (ms) to 942.744140625 (ms), cudaEventElapsed = 13.633536338806152 (ms)
[RANK0] W @ 942.9453125 (ms) to 958.12451171875 (ms), cudaEventElapsed = 15.149056434631348 (ms)
[RANK0] W @ 958.173583984375 (ms) to 974.070556640625 (ms), cudaEventElapsed = 15.867903709411621 (ms)
[RANK0] B @ 974.2353515625 (ms) to 1009.985107421875 (ms), cudaEventElapsed = 35.7210578918457 (ms)
[RANK0] W @ 1010.172119140625 (ms) to 1031.5908203125 (ms), cudaEventElapsed = 15.229951858520508 (ms)
[RANK0] B @ 1031.767822265625 (ms) to 1066.0419921875 (ms), cudaEventElapsed = 34.243648529052734 (ms)
[RANK0] W @ 1066.1103515625 (ms) to 1081.29345703125 (ms), cudaEventElapsed = 15.151103973388672 (ms)
[RANK0] B @ 1113.277587890625 (ms) to 1146.476318359375 (ms), cudaEventElapsed = 33.1602897644043 (ms)
[RANK0] W @ 1146.54833984375 (ms) to 1160.81005859375 (ms), cudaEventElapsed = 14.229503631591797 (ms)
[RANK0] B @ 1200.41259765625 (ms) to 1232.43603515625 (ms), cudaEventElapsed = 31.989471435546875 (ms)
[RANK0] 1W @ 1232.498291015625 (ms) to 1246.235107421875 (ms), cudaEventElapsed = 13.709312438964844 (ms)
[RANK0] Iteration 3
[RANK0] F @ 2.137939453125 (ms) to 27.319091796875 (ms), cudaEventElapsed = 25.144447326660156 (ms)
[RANK0] F @ 27.537841796875 (ms) to 53.255126953125 (ms), cudaEventElapsed = 25.680896759033203 (ms)
[RANK0] F @ 53.461669921875 (ms) to 81.28173828125 (ms), cudaEventElapsed = 27.786239624023438 (ms)
[RANK0] F @ 81.48095703125 (ms) to 109.516845703125 (ms), cudaEventElapsed = 28.002304077148438 (ms)
[RANK0] F @ 109.742919921875 (ms) to 138.202880859375 (ms), cudaEventElapsed = 28.420095443725586 (ms)
[RANK0] F @ 138.420166015625 (ms) to 166.22119140625 (ms), cudaEventElapsed = 27.76576042175293 (ms)
[RANK0] F @ 166.4248046875 (ms) to 194.2578125 (ms), cudaEventElapsed = 27.79852867126465 (ms)
[RANK0] B @ 269.021728515625 (ms) to 300.8623046875 (ms), cudaEventElapsed = 31.785728454589844 (ms)
[RANK0] F @ 301.146240234375 (ms) to 326.47265625 (ms), cudaEventElapsed = 25.291776657104492 (ms)
[RANK0] B @ 349.29248046875 (ms) to 382.6416015625 (ms), cudaEventElapsed = 33.301856994628906 (ms)
[RANK0] W @ 382.906982421875 (ms) to 397.414794921875 (ms), cudaEventElapsed = 14.47219181060791 (ms)
[RANK0] F @ 397.476806640625 (ms) to 423.6240234375 (ms), cudaEventElapsed = 26.11404800415039 (ms)
[RANK0] B @ 430.968994140625 (ms) to 467.34423828125 (ms), cudaEventElapsed = 36.32931137084961 (ms)
[RANK0] B @ 509.4443359375 (ms) to 541.281005859375 (ms), cudaEventElapsed = 31.790367126464844 (ms)
[RANK0] W @ 541.36376953125 (ms) to 554.981689453125 (ms), cudaEventElapsed = 13.58131217956543 (ms)
[RANK0] F @ 555.205810546875 (ms) to 581.230712890625 (ms), cudaEventElapsed = 25.991167068481445 (ms)
[RANK0] B @ 613.87060546875 (ms) to 647.925537109375 (ms), cudaEventElapsed = 34.00457763671875 (ms)
[RANK0] B @ 664.307861328125 (ms) to 696.4794921875 (ms), cudaEventElapsed = 32.13113784790039 (ms)
[RANK0] W @ 696.5615234375 (ms) to 710.525146484375 (ms), cudaEventElapsed = 13.934592247009277 (ms)
[RANK0] F @ 710.792236328125 (ms) to 737.385498046875 (ms), cudaEventElapsed = 26.55846405029297 (ms)
[RANK0] B @ 772.268310546875 (ms) to 806.002197265625 (ms), cudaEventElapsed = 33.68355178833008 (ms)
[RANK0] B @ 813.6083984375 (ms) to 846.11181640625 (ms), cudaEventElapsed = 32.465728759765625 (ms)
[RANK0] W @ 846.196533203125 (ms) to 860.735107421875 (ms), cudaEventElapsed = 14.501888275146484 (ms)
[RANK0] F @ 861.00830078125 (ms) to 887.719482421875 (ms), cudaEventElapsed = 26.676223754882812 (ms)
[RANK0] W @ 887.920654296875 (ms) to 929.25439453125 (ms), cudaEventElapsed = 14.624768257141113 (ms)
[RANK0] W @ 929.32861328125 (ms) to 943.012939453125 (ms), cudaEventElapsed = 13.64684772491455 (ms)
[RANK0] W @ 943.2431640625 (ms) to 958.5107421875 (ms), cudaEventElapsed = 15.237119674682617 (ms)
[RANK0] W @ 958.556640625 (ms) to 974.5 (ms), cudaEventElapsed = 15.913984298706055 (ms)
[RANK0] B @ 974.684326171875 (ms) to 1010.541015625 (ms), cudaEventElapsed = 35.8265266418457 (ms)
[RANK0] W @ 1010.768310546875 (ms) to 1032.447998046875 (ms), cudaEventElapsed = 15.202303886413574 (ms)
[RANK0] B @ 1032.64453125 (ms) to 1066.91552734375 (ms), cudaEventElapsed = 34.23884963989258 (ms)
[RANK0] W @ 1066.990478515625 (ms) to 1082.16455078125 (ms), cudaEventElapsed = 15.142911911010742 (ms)
[RANK0] B @ 1114.57421875 (ms) to 1147.77197265625 (ms), cudaEventElapsed = 33.154720306396484 (ms)
[RANK0] W @ 1147.838623046875 (ms) to 1162.333251953125 (ms), cudaEventElapsed = 14.467071533203125 (ms)
[RANK0] B @ 1201.54052734375 (ms) to 1233.4892578125 (ms), cudaEventElapsed = 31.913728713989258 (ms)
[RANK0] 1W @ 1233.548828125 (ms) to 1247.347900390625 (ms), cudaEventElapsed = 13.770751953125 (ms)
[RANK0] Iteration 4
[RANK0] F @ 2.1142578125 (ms) to 27.31640625 (ms), cudaEventElapsed = 25.16489601135254 (ms)
[RANK0] F @ 27.54248046875 (ms) to 53.196044921875 (ms), cudaEventElapsed = 25.613311767578125 (ms)
[RANK0] F @ 53.414794921875 (ms) to 81.37109375 (ms), cudaEventElapsed = 27.9234561920166 (ms)
[RANK0] F @ 81.564697265625 (ms) to 109.62744140625 (ms), cudaEventElapsed = 28.028928756713867 (ms)
[RANK0] F @ 109.852294921875 (ms) to 138.50146484375 (ms), cudaEventElapsed = 28.605440139770508 (ms)
[RANK0] F @ 138.720703125 (ms) to 166.642578125 (ms), cudaEventElapsed = 27.883520126342773 (ms)
[RANK0] F @ 166.84033203125 (ms) to 195.1669921875 (ms), cudaEventElapsed = 28.295167922973633 (ms)
[RANK0] B @ 270.474609375 (ms) to 303.18994140625 (ms), cudaEventElapsed = 32.657920837402344 (ms)
[RANK0] F @ 303.493896484375 (ms) to 329.23681640625 (ms), cudaEventElapsed = 25.705472946166992 (ms)
[RANK0] B @ 354.17236328125 (ms) to 387.603271484375 (ms), cudaEventElapsed = 33.382720947265625 (ms)
[RANK0] W @ 387.85791015625 (ms) to 403.080322265625 (ms), cudaEventElapsed = 15.19001579284668 (ms)
[RANK0] F @ 403.146728515625 (ms) to 430.944580078125 (ms), cudaEventElapsed = 27.76678466796875 (ms)
[RANK0] B @ 438.9443359375 (ms) to 475.412841796875 (ms), cudaEventElapsed = 36.42371368408203 (ms)
[RANK0] B @ 520.540771484375 (ms) to 553.33349609375 (ms), cudaEventElapsed = 32.747840881347656 (ms)
[RANK0] W @ 553.414306640625 (ms) to 568.28857421875 (ms), cudaEventElapsed = 14.844927787780762 (ms)
[RANK0] F @ 568.541015625 (ms) to 596.764404296875 (ms), cudaEventElapsed = 28.190719604492188 (ms)
[RANK0] B @ 633.368408203125 (ms) to 667.841796875 (ms), cudaEventElapsed = 34.42550277709961 (ms)
[RANK0] B @ 683.89501953125 (ms) to 717.10400390625 (ms), cudaEventElapsed = 33.173057556152344 (ms)
[RANK0] W @ 717.183349609375 (ms) to 732.6103515625 (ms), cudaEventElapsed = 15.39583969116211 (ms)
[RANK0] F @ 732.853515625 (ms) to 760.389892578125 (ms), cudaEventElapsed = 27.503616333007812 (ms)
[RANK0] B @ 799.60302734375 (ms) to 833.948974609375 (ms), cudaEventElapsed = 34.30207824707031 (ms)
[RANK0] B @ 843.648193359375 (ms) to 876.918701171875 (ms), cudaEventElapsed = 33.233726501464844 (ms)
[RANK0] W @ 876.989501953125 (ms) to 892.58984375 (ms), cudaEventElapsed = 15.562751770019531 (ms)
[RANK0] F @ 892.831298828125 (ms) to 920.3271484375 (ms), cudaEventElapsed = 27.462656021118164 (ms)
[RANK0] W @ 920.525390625 (ms) to 973.888427734375 (ms), cudaEventElapsed = 16.19046401977539 (ms)
[RANK0] W @ 973.94580078125 (ms) to 989.350830078125 (ms), cudaEventElapsed = 15.37228775024414 (ms)
[RANK0] W @ 989.5869140625 (ms) to 1009.18701171875 (ms), cudaEventElapsed = 19.565568923950195 (ms)
[RANK0] W @ 1009.24169921875 (ms) to 1028.388427734375 (ms), cudaEventElapsed = 19.117055892944336 (ms)
[RANK0] B @ 1028.567626953125 (ms) to 1066.953369140625 (ms), cudaEventElapsed = 38.35619354248047 (ms)
[RANK0] W @ 1067.18359375 (ms) to 1088.450439453125 (ms), cudaEventElapsed = 16.916479110717773 (ms)
[RANK0] B @ 1088.623046875 (ms) to 1125.04052734375 (ms), cudaEventElapsed = 36.388511657714844 (ms)
[RANK0] W @ 1125.10693359375 (ms) to 1141.4501953125 (ms), cudaEventElapsed = 16.313343048095703 (ms)
[RANK0] B @ 1181.637451171875 (ms) to 1215.736572265625 (ms), cudaEventElapsed = 34.06291198730469 (ms)
[RANK0] W @ 1215.80029296875 (ms) to 1231.18994140625 (ms), cudaEventElapsed = 15.358976364135742 (ms)
[RANK0] B @ 1281.6552734375 (ms) to 1314.412109375 (ms), cudaEventElapsed = 32.71443176269531 (ms)
[RANK0] 1W @ 1314.4697265625 (ms) to 1329.39013671875 (ms), cudaEventElapsed = 14.8920316696167 (ms)
[RANK0] Iteration 5
[RANK0] F @ 2.01611328125 (ms) to 26.99462890625 (ms), cudaEventElapsed = 24.940959930419922 (ms)
[RANK0] F @ 27.20947265625 (ms) to 52.448974609375 (ms), cudaEventElapsed = 25.203712463378906 (ms)
[RANK0] F @ 52.65380859375 (ms) to 79.63232421875 (ms), cudaEventElapsed = 26.9434871673584 (ms)
[RANK0] F @ 79.833251953125 (ms) to 107.822265625 (ms), cudaEventElapsed = 27.95417594909668 (ms)
[RANK0] F @ 108.07763671875 (ms) to 136.23291015625 (ms), cudaEventElapsed = 28.11903953552246 (ms)
[RANK0] F @ 136.4638671875 (ms) to 164.070556640625 (ms), cudaEventElapsed = 27.570175170898438 (ms)
[RANK0] F @ 164.299072265625 (ms) to 192.439208984375 (ms), cudaEventElapsed = 28.103679656982422 (ms)
[RANK0] B @ 269.8359375 (ms) to 302.929443359375 (ms), cudaEventElapsed = 33.024959564208984 (ms)
[RANK0] F @ 303.209228515625 (ms) to 329.60107421875 (ms), cudaEventElapsed = 26.35468864440918 (ms)
[RANK0] B @ 353.77001953125 (ms) to 387.868408203125 (ms), cudaEventElapsed = 34.04787063598633 (ms)
[RANK0] W @ 388.115966796875 (ms) to 404.384765625 (ms), cudaEventElapsed = 16.236543655395508 (ms)
[RANK0] F @ 404.443359375 (ms) to 433.201171875 (ms), cudaEventElapsed = 28.726272583007812 (ms)
[RANK0] B @ 438.531494140625 (ms) to 475.7041015625 (ms), cudaEventElapsed = 37.13075256347656 (ms)
[RANK0] B @ 520.388916015625 (ms) to 553.55810546875 (ms), cudaEventElapsed = 33.12403106689453 (ms)
[RANK0] W @ 553.6357421875 (ms) to 568.79736328125 (ms), cudaEventElapsed = 15.129599571228027 (ms)
[RANK0] F @ 569.080810546875 (ms) to 596.8583984375 (ms), cudaEventElapsed = 27.736064910888672 (ms)
[RANK0] B @ 633.650146484375 (ms) to 668.2998046875 (ms), cudaEventElapsed = 34.60496139526367 (ms)
[RANK0] B @ 683.894287109375 (ms) to 717.330078125 (ms), cudaEventElapsed = 33.399009704589844 (ms)
[RANK0] W @ 717.406494140625 (ms) to 732.876708984375 (ms), cudaEventElapsed = 15.432703971862793 (ms)
[RANK0] F @ 733.092041015625 (ms) to 761.0947265625 (ms), cudaEventElapsed = 27.97158432006836 (ms)
[RANK0] B @ 800.068115234375 (ms) to 834.521240234375 (ms), cudaEventElapsed = 34.409088134765625 (ms)
[RANK0] B @ 844.330322265625 (ms) to 877.9111328125 (ms), cudaEventElapsed = 33.54579162597656 (ms)
[RANK0] W @ 877.98388671875 (ms) to 893.6240234375 (ms), cudaEventElapsed = 15.60371208190918 (ms)
[RANK0] F @ 893.875244140625 (ms) to 921.691650390625 (ms), cudaEventElapsed = 27.78316879272461 (ms)
[RANK0] W @ 921.89208984375 (ms) to 974.232666015625 (ms), cudaEventElapsed = 14.285823822021484 (ms)
[RANK0] W @ 974.325927734375 (ms) to 989.64013671875 (ms), cudaEventElapsed = 15.275008201599121 (ms)
[RANK0] W @ 989.90087890625 (ms) to 1007.31640625 (ms), cudaEventElapsed = 17.381376266479492 (ms)
[RANK0] W @ 1007.36767578125 (ms) to 1026.64404296875 (ms), cudaEventElapsed = 19.24608039855957 (ms)
[RANK0] B @ 1026.834716796875 (ms) to 1066.44482421875 (ms), cudaEventElapsed = 39.5781135559082 (ms)
[RANK0] W @ 1066.706298828125 (ms) to 1089.13623046875 (ms), cudaEventElapsed = 17.663999557495117 (ms)
[RANK0] B @ 1089.36572265625 (ms) to 1126.05908203125 (ms), cudaEventElapsed = 36.66009521484375 (ms)
[RANK0] W @ 1126.1240234375 (ms) to 1143.2431640625 (ms), cudaEventElapsed = 17.090560913085938 (ms)
[RANK0] B @ 1181.439697265625 (ms) to 1215.56201171875 (ms), cudaEventElapsed = 34.08454513549805 (ms)
[RANK0] W @ 1215.627197265625 (ms) to 1230.752685546875 (ms), cudaEventElapsed = 15.097855567932129 (ms)
[RANK0] B @ 1282.107666015625 (ms) to 1315.10986328125 (ms), cudaEventElapsed = 32.965599060058594 (ms)
[RANK0] 1W @ 1315.185546875 (ms) to 1330.068359375 (ms), cudaEventElapsed = 14.853119850158691 (ms)
[RANK0] Iteration 6
[RANK0] F @ 2.024169921875 (ms) to 27.130615234375 (ms), cudaEventElapsed = 25.065248489379883 (ms)
[RANK0] F @ 27.37158203125 (ms) to 52.23974609375 (ms), cudaEventElapsed = 24.828927993774414 (ms)
[RANK0] F @ 52.459228515625 (ms) to 79.564697265625 (ms), cudaEventElapsed = 27.064319610595703 (ms)
[RANK0] F @ 79.811279296875 (ms) to 107.570068359375 (ms), cudaEventElapsed = 27.71353530883789 (ms)
[RANK0] F @ 107.880859375 (ms) to 135.894287109375 (ms), cudaEventElapsed = 27.97056007385254 (ms)
[RANK0] F @ 136.254638671875 (ms) to 164.241943359375 (ms), cudaEventElapsed = 27.94598388671875 (ms)
[RANK0] F @ 164.46923828125 (ms) to 192.476318359375 (ms), cudaEventElapsed = 27.97056007385254 (ms)
[RANK0] B @ 271.484619140625 (ms) to 304.758056640625 (ms), cudaEventElapsed = 33.212833404541016 (ms)
[RANK0] F @ 305.037109375 (ms) to 330.858642578125 (ms), cudaEventElapsed = 25.786367416381836 (ms)
[RANK0] B @ 355.22705078125 (ms) to 389.332763671875 (ms), cudaEventElapsed = 34.057342529296875 (ms)
[RANK0] W @ 389.584716796875 (ms) to 405.10498046875 (ms), cudaEventElapsed = 15.48697566986084 (ms)
[RANK0] F @ 405.160400390625 (ms) to 432.8720703125 (ms), cudaEventElapsed = 27.680767059326172 (ms)
[RANK0] B @ 439.853515625 (ms) to 477.21240234375 (ms), cudaEventElapsed = 37.3152961730957 (ms)
[RANK0] B @ 521.664794921875 (ms) to 554.753662109375 (ms), cudaEventElapsed = 33.0285758972168 (ms)
[RANK0] W @ 554.846923828125 (ms) to 570.025634765625 (ms), cudaEventElapsed = 15.139840126037598 (ms)
[RANK0] F @ 570.284423828125 (ms) to 598.983154296875 (ms), cudaEventElapsed = 28.664831161499023 (ms)
[RANK0] B @ 634.287353515625 (ms) to 668.83447265625 (ms), cudaEventElapsed = 34.50067138671875 (ms)
[RANK0] B @ 685.075927734375 (ms) to 718.273681640625 (ms), cudaEventElapsed = 33.157310485839844 (ms)
[RANK0] W @ 718.357421875 (ms) to 733.49267578125 (ms), cudaEventElapsed = 15.101951599121094 (ms)
[RANK0] F @ 733.76171875 (ms) to 763.43408203125 (ms), cudaEventElapsed = 29.641727447509766 (ms)
[RANK0] B @ 799.848388671875 (ms) to 834.285400390625 (ms), cudaEventElapsed = 34.38854217529297 (ms)
[RANK0] B @ 844.1337890625 (ms) to 878.04248046875 (ms), cudaEventElapsed = 33.86857604980469 (ms)
[RANK0] W @ 878.123779296875 (ms) to 894.05517578125 (ms), cudaEventElapsed = 15.89247989654541 (ms)
[RANK0] F @ 894.296142578125 (ms) to 923.701171875 (ms), cudaEventElapsed = 29.37343978881836 (ms)
[RANK0] W @ 923.91650390625 (ms) to 974.49755859375 (ms), cudaEventElapsed = 14.430208206176758 (ms)
[RANK0] W @ 974.575927734375 (ms) to 990.263916015625 (ms), cudaEventElapsed = 15.646719932556152 (ms)
[RANK0] W @ 990.506591796875 (ms) to 1008.630859375 (ms), cudaEventElapsed = 18.091007232666016 (ms)
[RANK0] W @ 1008.6865234375 (ms) to 1028.806396484375 (ms), cudaEventElapsed = 20.090879440307617 (ms)
[RANK0] B @ 1028.989013671875 (ms) to 1068.94091796875 (ms), cudaEventElapsed = 39.92220687866211 (ms)
[RANK0] W @ 1069.175048828125 (ms) to 1089.8193359375 (ms), cudaEventElapsed = 17.62508773803711 (ms)
[RANK0] B @ 1090.004638671875 (ms) to 1127.7978515625 (ms), cudaEventElapsed = 37.76038360595703 (ms)
[RANK0] W @ 1127.859130859375 (ms) to 1145.575927734375 (ms), cudaEventElapsed = 17.688575744628906 (ms)
[RANK0] B @ 1182.9208984375 (ms) to 1217.017822265625 (ms), cudaEventElapsed = 34.058719635009766 (ms)
[RANK0] W @ 1217.08154296875 (ms) to 1232.465087890625 (ms), cudaEventElapsed = 15.352831840515137 (ms)
[RANK0] B @ 1283.014892578125 (ms) to 1316.02734375 (ms), cudaEventElapsed = 32.978271484375 (ms)
[RANK0] 1W @ 1316.086669921875 (ms) to 1331.130126953125 (ms), cudaEventElapsed = 15.015935897827148 (ms)
[RANK0] Iteration 7
[RANK0] F @ 0.318359375 (ms) to 24.361572265625 (ms), cudaEventElapsed = 23.997983932495117 (ms)
[RANK0] F @ 24.59716796875 (ms) to 48.807373046875 (ms), cudaEventElapsed = 24.171520233154297 (ms)
[RANK0] F @ 49.01123046875 (ms) to 75.5400390625 (ms), cudaEventElapsed = 26.49087905883789 (ms)
[RANK0] F @ 75.74365234375 (ms) to 102.5068359375 (ms), cudaEventElapsed = 26.72435188293457 (ms)
[RANK0] F @ 102.74755859375 (ms) to 129.36474609375 (ms), cudaEventElapsed = 26.57587242126465 (ms)
[RANK0] F @ 129.584716796875 (ms) to 156.684326171875 (ms), cudaEventElapsed = 27.061248779296875 (ms)
[RANK0] F @ 156.885986328125 (ms) to 183.528564453125 (ms), cudaEventElapsed = 26.608640670776367 (ms)
[RANK0] F @ 183.78564453125 (ms) to 210.138427734375 (ms), cudaEventElapsed = 26.31372833251953 (ms)
[RANK0] F @ 210.3603515625 (ms) to 237.019287109375 (ms), cudaEventElapsed = 26.619903564453125 (ms)
[RANK0] F @ 237.250732421875 (ms) to 263.8681640625 (ms), cudaEventElapsed = 26.57792091369629 (ms)
[RANK0] F @ 264.080810546875 (ms) to 290.6767578125 (ms), cudaEventElapsed = 26.562559127807617 (ms)
[RANK0] F @ 290.904296875 (ms) to 317.83056640625 (ms), cudaEventElapsed = 26.890239715576172 (ms)
