[RANK0] Iteration 1
[RANK0] F @ 0.788818359375 (ms) to 705.115478515625 (ms), cudaEventElapsed = 704.2694091796875 (ms)
[RANK0] F @ 1797.161865234375 (ms) to 1811.935791015625 (ms), cudaEventElapsed = 14.694720268249512 (ms)
[RANK0] F @ 1812.093505859375 (ms) to 1824.4052734375 (ms), cudaEventElapsed = 12.282079696655273 (ms)
[RANK0] F @ 1824.547119140625 (ms) to 1837.291259765625 (ms), cudaEventElapsed = 12.713248252868652 (ms)
[RANK0] F @ 1837.422119140625 (ms) to 2157.01904296875 (ms), cudaEventElapsed = 80.71887969970703 (ms)
[RANK0] F @ 2157.214599609375 (ms) to 3152.354248046875 (ms), cudaEventElapsed = 24.002656936645508 (ms)
[RANK0] F @ 3152.537353515625 (ms) to 3177.1416015625 (ms), cudaEventElapsed = 21.736127853393555 (ms)
[RANK0] B @ 6652.38525390625 (ms) to 6944.092529296875 (ms), cudaEventElapsed = 291.6434326171875 (ms)
[RANK0] F @ 6944.407470703125 (ms) to 6955.588134765625 (ms), cudaEventElapsed = 11.145536422729492 (ms)
[RANK0] B @ 6955.831787109375 (ms) to 6964.829345703125 (ms), cudaEventElapsed = 8.972000122070312 (ms)
[RANK0] W @ 6964.936767578125 (ms) to 6971.92236328125 (ms), cudaEventElapsed = 6.966400146484375 (ms)
[RANK0] F @ 6971.9404296875 (ms) to 6980.537353515625 (ms), cudaEventElapsed = 8.577343940734863 (ms)
[RANK0] B @ 6981.1767578125 (ms) to 6990.49853515625 (ms), cudaEventElapsed = 9.293024063110352 (ms)
[RANK0] B @ 6990.59228515625 (ms) to 6999.141845703125 (ms), cudaEventElapsed = 8.531295776367188 (ms)
[RANK0] W @ 6999.160400390625 (ms) to 7004.3427734375 (ms), cudaEventElapsed = 5.158112049102783 (ms)
[RANK0] F @ 7004.478515625 (ms) to 7013.5859375 (ms), cudaEventElapsed = 9.090208053588867 (ms)
[RANK0] B @ 7048.97216796875 (ms) to 7058.663330078125 (ms), cudaEventElapsed = 9.658047676086426 (ms)
[RANK0] B @ 7058.84912109375 (ms) to 7067.393798828125 (ms), cudaEventElapsed = 8.515839576721191 (ms)
[RANK0] W @ 7067.420654296875 (ms) to 7072.61279296875 (ms), cudaEventElapsed = 5.164959907531738 (ms)
[RANK0] F @ 7072.735595703125 (ms) to 7081.355712890625 (ms), cudaEventElapsed = 8.600799560546875 (ms)
[RANK0] B @ 7091.162841796875 (ms) to 7100.87890625 (ms), cudaEventElapsed = 9.690496444702148 (ms)
[RANK0] B @ 7100.968017578125 (ms) to 7109.53759765625 (ms), cudaEventElapsed = 8.54911994934082 (ms)
[RANK0] W @ 7109.577392578125 (ms) to 7114.775634765625 (ms), cudaEventElapsed = 5.173567771911621 (ms)
[RANK0] F @ 7114.89306640625 (ms) to 7123.3369140625 (ms), cudaEventElapsed = 8.422816276550293 (ms)
[RANK0] W @ 7123.445068359375 (ms) to 7131.46044921875 (ms), cudaEventElapsed = 5.110015869140625 (ms)
[RANK0] W @ 7131.468017578125 (ms) to 7136.59814453125 (ms), cudaEventElapsed = 5.114336013793945 (ms)
[RANK0] W @ 7136.6748046875 (ms) to 7141.92919921875 (ms), cudaEventElapsed = 5.23744010925293 (ms)
[RANK0] W @ 7141.935791015625 (ms) to 7147.182861328125 (ms), cudaEventElapsed = 5.2297282218933105 (ms)
[RANK0] B @ 7147.284912109375 (ms) to 7156.464111328125 (ms), cudaEventElapsed = 9.161151885986328 (ms)
[RANK0] W @ 7156.553955078125 (ms) to 7161.895751953125 (ms), cudaEventElapsed = 5.324895858764648 (ms)
[RANK0] B @ 7161.9765625 (ms) to 7171.811279296875 (ms), cudaEventElapsed = 9.81488037109375 (ms)
[RANK0] W @ 7171.850830078125 (ms) to 7177.204833984375 (ms), cudaEventElapsed = 5.3291521072387695 (ms)
[RANK0] B @ 7177.4072265625 (ms) to 7187.191650390625 (ms), cudaEventElapsed = 9.760992050170898 (ms)
[RANK0] W @ 7187.228271484375 (ms) to 7192.602294921875 (ms), cudaEventElapsed = 5.3438720703125 (ms)
[RANK0] B @ 7199.310302734375 (ms) to 7207.97314453125 (ms), cudaEventElapsed = 8.641183853149414 (ms)
[RANK0] 1W @ 7208.0107421875 (ms) to 7213.316650390625 (ms), cudaEventElapsed = 5.277599811553955 (ms)
[RANK0] Iteration 2
[RANK0] F @ 0.6826171875 (ms) to 10.436279296875 (ms), cudaEventElapsed = 9.701760292053223 (ms)
[RANK0] F @ 10.6083984375 (ms) to 18.82470703125 (ms), cudaEventElapsed = 8.190143585205078 (ms)
[RANK0] F @ 18.9716796875 (ms) to 27.156005859375 (ms), cudaEventElapsed = 8.158464431762695 (ms)
[RANK0] F @ 27.291015625 (ms) to 35.4560546875 (ms), cudaEventElapsed = 8.135168075561523 (ms)
[RANK0] F @ 35.590087890625 (ms) to 43.7509765625 (ms), cudaEventElapsed = 8.134783744812012 (ms)
[RANK0] F @ 43.893798828125 (ms) to 52.20458984375 (ms), cudaEventElapsed = 8.283712387084961 (ms)
[RANK0] F @ 52.34814453125 (ms) to 60.532958984375 (ms), cudaEventElapsed = 8.157119750976562 (ms)
[RANK0] B @ 75.29736328125 (ms) to 84.0703125 (ms), cudaEventElapsed = 8.745023727416992 (ms)
[RANK0] F @ 84.17529296875 (ms) to 92.6591796875 (ms), cudaEventElapsed = 8.464192390441895 (ms)
[RANK0] B @ 94.742431640625 (ms) to 103.336181640625 (ms), cudaEventElapsed = 8.567680358886719 (ms)
[RANK0] W @ 103.463623046875 (ms) to 108.7548828125 (ms), cudaEventElapsed = 5.271647930145264 (ms)
[RANK0] F @ 108.78173828125 (ms) to 117.033935546875 (ms), cudaEventElapsed = 8.232192039489746 (ms)
[RANK0] B @ 123.57470703125 (ms) to 133.321044921875 (ms), cudaEventElapsed = 9.719903945922852 (ms)
[RANK0] B @ 133.4189453125 (ms) to 142.245849609375 (ms), cudaEventElapsed = 8.81004810333252 (ms)
[RANK0] W @ 142.273193359375 (ms) to 147.440185546875 (ms), cudaEventElapsed = 5.149087905883789 (ms)
[RANK0] F @ 147.53515625 (ms) to 155.87255859375 (ms), cudaEventElapsed = 8.318592071533203 (ms)
[RANK0] B @ 161.8720703125 (ms) to 171.689453125 (ms), cudaEventElapsed = 9.790464401245117 (ms)
[RANK0] B @ 171.87451171875 (ms) to 180.420166015625 (ms), cudaEventElapsed = 8.524736404418945 (ms)
[RANK0] W @ 180.49951171875 (ms) to 185.6650390625 (ms), cudaEventElapsed = 5.127647876739502 (ms)
[RANK0] F @ 185.79443359375 (ms) to 194.134765625 (ms), cudaEventElapsed = 8.31760025024414 (ms)
[RANK0] B @ 199.783935546875 (ms) to 209.5244140625 (ms), cudaEventElapsed = 9.712191581726074 (ms)
[RANK0] B @ 210.059814453125 (ms) to 218.609130859375 (ms), cudaEventElapsed = 8.52950382232666 (ms)
[RANK0] W @ 218.64306640625 (ms) to 223.829345703125 (ms), cudaEventElapsed = 5.16758394241333 (ms)
[RANK0] F @ 223.943359375 (ms) to 232.317626953125 (ms), cudaEventElapsed = 8.352479934692383 (ms)
[RANK0] W @ 232.445556640625 (ms) to 240.95263671875 (ms), cudaEventElapsed = 5.082399845123291 (ms)
[RANK0] W @ 240.981689453125 (ms) to 246.107177734375 (ms), cudaEventElapsed = 5.10646390914917 (ms)
[RANK0] W @ 246.204345703125 (ms) to 251.439453125 (ms), cudaEventElapsed = 5.216864109039307 (ms)
[RANK0] W @ 251.4619140625 (ms) to 256.698486328125 (ms), cudaEventElapsed = 5.220672130584717 (ms)
[RANK0] B @ 256.816162109375 (ms) to 266.12255859375 (ms), cudaEventElapsed = 9.286111831665039 (ms)
[RANK0] W @ 266.242919921875 (ms) to 271.575927734375 (ms), cudaEventElapsed = 5.313504219055176 (ms)
[RANK0] B @ 271.682373046875 (ms) to 281.4951171875 (ms), cudaEventElapsed = 9.794400215148926 (ms)
[RANK0] W @ 281.53564453125 (ms) to 286.8017578125 (ms), cudaEventElapsed = 5.246816158294678 (ms)
[RANK0] B @ 286.98095703125 (ms) to 296.686767578125 (ms), cudaEventElapsed = 9.68387222290039 (ms)
[RANK0] W @ 296.774658203125 (ms) to 302.1083984375 (ms), cudaEventElapsed = 5.306719779968262 (ms)
[RANK0] B @ 307.739013671875 (ms) to 316.345947265625 (ms), cudaEventElapsed = 8.578751564025879 (ms)
[RANK0] 1W @ 316.425537109375 (ms) to 321.709228515625 (ms), cudaEventElapsed = 5.255263805389404 (ms)
[RANK0] Iteration 3
[RANK0] F @ 0.8486328125 (ms) to 10.409912109375 (ms), cudaEventElapsed = 9.522432327270508 (ms)
[RANK0] F @ 10.5771484375 (ms) to 18.845947265625 (ms), cudaEventElapsed = 8.240287780761719 (ms)
[RANK0] F @ 18.99267578125 (ms) to 27.254638671875 (ms), cudaEventElapsed = 8.234432220458984 (ms)
[RANK0] F @ 27.396240234375 (ms) to 35.572998046875 (ms), cudaEventElapsed = 8.15113639831543 (ms)
[RANK0] F @ 35.715576171875 (ms) to 43.799072265625 (ms), cudaEventElapsed = 8.057503700256348 (ms)
[RANK0] F @ 43.93896484375 (ms) to 52.3017578125 (ms), cudaEventElapsed = 8.337056159973145 (ms)
[RANK0] F @ 52.44970703125 (ms) to 60.697998046875 (ms), cudaEventElapsed = 8.220800399780273 (ms)
[RANK0] B @ 74.32470703125 (ms) to 83.082763671875 (ms), cudaEventElapsed = 8.728704452514648 (ms)
[RANK0] F @ 83.20458984375 (ms) to 91.838134765625 (ms), cudaEventElapsed = 8.612256050109863 (ms)
[RANK0] B @ 93.734130859375 (ms) to 102.354736328125 (ms), cudaEventElapsed = 8.593119621276855 (ms)
[RANK0] W @ 102.482666015625 (ms) to 107.782470703125 (ms), cudaEventElapsed = 5.28000020980835 (ms)
[RANK0] F @ 107.8125 (ms) to 116.25634765625 (ms), cudaEventElapsed = 8.423232078552246 (ms)
[RANK0] B @ 122.764892578125 (ms) to 132.509765625 (ms), cudaEventElapsed = 9.717151641845703 (ms)
[RANK0] B @ 132.981689453125 (ms) to 141.52490234375 (ms), cudaEventElapsed = 8.520832061767578 (ms)
[RANK0] W @ 141.601318359375 (ms) to 146.808349609375 (ms), cudaEventElapsed = 5.170176029205322 (ms)
[RANK0] F @ 146.947265625 (ms) to 155.53173828125 (ms), cudaEventElapsed = 8.563039779663086 (ms)
[RANK0] B @ 161.87158203125 (ms) to 171.52587890625 (ms), cudaEventElapsed = 9.624223709106445 (ms)
[RANK0] B @ 172.00537109375 (ms) to 180.57080078125 (ms), cudaEventElapsed = 8.537247657775879 (ms)
[RANK0] W @ 180.606689453125 (ms) to 185.76953125 (ms), cudaEventElapsed = 5.1454081535339355 (ms)
[RANK0] F @ 185.905029296875 (ms) to 194.249755859375 (ms), cudaEventElapsed = 8.324671745300293 (ms)
[RANK0] B @ 200.14599609375 (ms) to 209.84716796875 (ms), cudaEventElapsed = 9.674559593200684 (ms)
[RANK0] B @ 210.124267578125 (ms) to 218.943115234375 (ms), cudaEventElapsed = 8.801088333129883 (ms)
[RANK0] W @ 218.970947265625 (ms) to 224.14892578125 (ms), cudaEventElapsed = 5.162047863006592 (ms)
[RANK0] F @ 224.247802734375 (ms) to 232.565673828125 (ms), cudaEventElapsed = 8.297599792480469 (ms)
[RANK0] W @ 232.70458984375 (ms) to 240.767578125 (ms), cudaEventElapsed = 5.107168197631836 (ms)
[RANK0] W @ 240.793212890625 (ms) to 245.921630859375 (ms), cudaEventElapsed = 5.111167907714844 (ms)
[RANK0] W @ 246.01318359375 (ms) to 251.2470703125 (ms), cudaEventElapsed = 5.216320037841797 (ms)
[RANK0] W @ 251.267822265625 (ms) to 256.515380859375 (ms), cudaEventElapsed = 5.231904029846191 (ms)
[RANK0] B @ 256.61474609375 (ms) to 265.98486328125 (ms), cudaEventElapsed = 9.352640151977539 (ms)
[RANK0] W @ 266.09130859375 (ms) to 271.439453125 (ms), cudaEventElapsed = 5.33135986328125 (ms)
[RANK0] B @ 271.5302734375 (ms) to 281.4521484375 (ms), cudaEventElapsed = 9.904959678649902 (ms)
[RANK0] W @ 281.484130859375 (ms) to 286.75 (ms), cudaEventElapsed = 5.248447895050049 (ms)
[RANK0] B @ 286.9091796875 (ms) to 296.59619140625 (ms), cudaEventElapsed = 9.665504455566406 (ms)
[RANK0] W @ 296.676025390625 (ms) to 302.0146484375 (ms), cudaEventElapsed = 5.3051838874816895 (ms)
[RANK0] B @ 307.25146484375 (ms) to 315.83349609375 (ms), cudaEventElapsed = 8.560223579406738 (ms)
[RANK0] 1W @ 315.906982421875 (ms) to 321.17919921875 (ms), cudaEventElapsed = 5.236415863037109 (ms)
[RANK0] Iteration 4
[RANK0] F @ 0.8017578125 (ms) to 10.258544921875 (ms), cudaEventElapsed = 9.418784141540527 (ms)
[RANK0] F @ 10.41455078125 (ms) to 18.562744140625 (ms), cudaEventElapsed = 8.123519897460938 (ms)
[RANK0] F @ 18.706787109375 (ms) to 26.86767578125 (ms), cudaEventElapsed = 8.135775566101074 (ms)
[RANK0] F @ 27.0087890625 (ms) to 35.2939453125 (ms), cudaEventElapsed = 8.259200096130371 (ms)
[RANK0] F @ 35.435791015625 (ms) to 43.612548828125 (ms), cudaEventElapsed = 8.150879859924316 (ms)
[RANK0] F @ 43.748779296875 (ms) to 52.1396484375 (ms), cudaEventElapsed = 8.365056037902832 (ms)
[RANK0] F @ 52.29541015625 (ms) to 60.490478515625 (ms), cudaEventElapsed = 8.16643238067627 (ms)
[RANK0] B @ 74.753662109375 (ms) to 83.423095703125 (ms), cudaEventElapsed = 8.640576362609863 (ms)
[RANK0] F @ 83.534912109375 (ms) to 92.02978515625 (ms), cudaEventElapsed = 8.474720001220703 (ms)
[RANK0] B @ 94.518310546875 (ms) to 103.181396484375 (ms), cudaEventElapsed = 8.63644790649414 (ms)
[RANK0] W @ 103.305908203125 (ms) to 108.6591796875 (ms), cudaEventElapsed = 5.334815979003906 (ms)
[RANK0] F @ 108.689453125 (ms) to 116.94677734375 (ms), cudaEventElapsed = 8.237759590148926 (ms)
[RANK0] B @ 123.71923828125 (ms) to 133.486572265625 (ms), cudaEventElapsed = 9.739551544189453 (ms)
[RANK0] B @ 133.68115234375 (ms) to 142.23046875 (ms), cudaEventElapsed = 8.528351783752441 (ms)
[RANK0] W @ 142.30859375 (ms) to 147.49658203125 (ms), cudaEventElapsed = 5.150176048278809 (ms)
[RANK0] F @ 147.635009765625 (ms) to 155.985595703125 (ms), cudaEventElapsed = 8.328031539916992 (ms)
[RANK0] B @ 161.677001953125 (ms) to 171.3701171875 (ms), cudaEventElapsed = 9.667872428894043 (ms)
[RANK0] B @ 171.67041015625 (ms) to 180.199951171875 (ms), cudaEventElapsed = 8.509920120239258 (ms)
[RANK0] W @ 180.281982421875 (ms) to 185.49853515625 (ms), cudaEventElapsed = 5.19379186630249 (ms)
[RANK0] F @ 185.64404296875 (ms) to 194.06640625 (ms), cudaEventElapsed = 8.399840354919434 (ms)
[RANK0] B @ 199.32763671875 (ms) to 209.25048828125 (ms), cudaEventElapsed = 9.893952369689941 (ms)
[RANK0] B @ 209.369140625 (ms) to 217.916259765625 (ms), cudaEventElapsed = 8.525471687316895 (ms)
[RANK0] W @ 217.99169921875 (ms) to 223.19970703125 (ms), cudaEventElapsed = 5.185567855834961 (ms)
[RANK0] F @ 223.33203125 (ms) to 231.789794921875 (ms), cudaEventElapsed = 8.437408447265625 (ms)
[RANK0] W @ 231.9248046875 (ms) to 239.89501953125 (ms), cudaEventElapsed = 5.131616115570068 (ms)
[RANK0] W @ 239.923828125 (ms) to 245.069091796875 (ms), cudaEventElapsed = 5.125247955322266 (ms)
[RANK0] W @ 245.16845703125 (ms) to 250.442138671875 (ms), cudaEventElapsed = 5.2514238357543945 (ms)
[RANK0] W @ 250.46826171875 (ms) to 255.733154296875 (ms), cudaEventElapsed = 5.246272087097168 (ms)
[RANK0] B @ 255.869873046875 (ms) to 265.148681640625 (ms), cudaEventElapsed = 9.258048057556152 (ms)
[RANK0] W @ 265.284423828125 (ms) to 270.62060546875 (ms), cudaEventElapsed = 5.317279815673828 (ms)
[RANK0] B @ 270.720947265625 (ms) to 280.556640625 (ms), cudaEventElapsed = 9.816032409667969 (ms)
[RANK0] W @ 280.635986328125 (ms) to 285.939697265625 (ms), cudaEventElapsed = 5.28166389465332 (ms)
[RANK0] B @ 286.155029296875 (ms) to 295.943359375 (ms), cudaEventElapsed = 9.765279769897461 (ms)
[RANK0] W @ 296.015869140625 (ms) to 301.3466796875 (ms), cudaEventElapsed = 5.306528091430664 (ms)
[RANK0] B @ 306.603515625 (ms) to 315.196044921875 (ms), cudaEventElapsed = 8.570976257324219 (ms)
[RANK0] 1W @ 315.269287109375 (ms) to 320.5537109375 (ms), cudaEventElapsed = 5.257919788360596 (ms)
[RANK0] Iteration 5
[RANK0] F @ 0.935546875 (ms) to 10.571533203125 (ms), cudaEventElapsed = 9.598943710327148 (ms)
[RANK0] F @ 10.738525390625 (ms) to 19.142578125 (ms), cudaEventElapsed = 8.377408027648926 (ms)
[RANK0] F @ 19.284423828125 (ms) to 27.489501953125 (ms), cudaEventElapsed = 8.180895805358887 (ms)
[RANK0] F @ 27.632568359375 (ms) to 35.791748046875 (ms), cudaEventElapsed = 8.132767677307129 (ms)
[RANK0] F @ 35.938720703125 (ms) to 44.0556640625 (ms), cudaEventElapsed = 8.090271949768066 (ms)
[RANK0] F @ 44.192626953125 (ms) to 52.5771484375 (ms), cudaEventElapsed = 8.359423637390137 (ms)
[RANK0] F @ 52.71826171875 (ms) to 60.814453125 (ms), cudaEventElapsed = 8.072128295898438 (ms)
[RANK0] B @ 75.85693359375 (ms) to 84.8837890625 (ms), cudaEventElapsed = 8.997440338134766 (ms)
[RANK0] F @ 85.027099609375 (ms) to 93.67919921875 (ms), cudaEventElapsed = 8.629440307617188 (ms)
[RANK0] B @ 95.691162109375 (ms) to 104.5703125 (ms), cudaEventElapsed = 8.849087715148926 (ms)
[RANK0] W @ 104.695556640625 (ms) to 110.09375 (ms), cudaEventElapsed = 5.379072189331055 (ms)
[RANK0] F @ 110.125 (ms) to 118.4140625 (ms), cudaEventElapsed = 8.269311904907227 (ms)
[RANK0] B @ 126.27392578125 (ms) to 136.33740234375 (ms), cudaEventElapsed = 10.031231880187988 (ms)
[RANK0] B @ 137.03662109375 (ms) to 145.904296875 (ms), cudaEventElapsed = 8.847040176391602 (ms)
[RANK0] W @ 145.982666015625 (ms) to 151.2744140625 (ms), cudaEventElapsed = 5.25324821472168 (ms)
[RANK0] F @ 151.4052734375 (ms) to 159.893310546875 (ms), cudaEventElapsed = 8.46662425994873 (ms)
[RANK0] B @ 166.4794921875 (ms) to 176.551513671875 (ms), cudaEventElapsed = 10.042624473571777 (ms)
[RANK0] B @ 177.45361328125 (ms) to 186.35205078125 (ms), cudaEventElapsed = 8.863264083862305 (ms)
[RANK0] W @ 186.42822265625 (ms) to 191.70263671875 (ms), cudaEventElapsed = 5.244768142700195 (ms)
[RANK0] F @ 191.8515625 (ms) to 200.36865234375 (ms), cudaEventElapsed = 8.49465560913086 (ms)
[RANK0] B @ 206.326904296875 (ms) to 216.3759765625 (ms), cudaEventElapsed = 10.019840240478516 (ms)
[RANK0] B @ 217.10693359375 (ms) to 226.00390625 (ms), cudaEventElapsed = 8.865504264831543 (ms)
[RANK0] W @ 226.080810546875 (ms) to 231.3662109375 (ms), cudaEventElapsed = 5.2487359046936035 (ms)
[RANK0] F @ 231.51171875 (ms) to 239.880859375 (ms), cudaEventElapsed = 8.347904205322266 (ms)
[RANK0] W @ 240.02392578125 (ms) to 249.604248046875 (ms), cudaEventElapsed = 5.192512035369873 (ms)
[RANK0] W @ 249.6318359375 (ms) to 254.859375 (ms), cudaEventElapsed = 5.20911979675293 (ms)
[RANK0] W @ 254.951904296875 (ms) to 260.2880859375 (ms), cudaEventElapsed = 5.318528175354004 (ms)
[RANK0] W @ 260.310302734375 (ms) to 265.66796875 (ms), cudaEventElapsed = 5.340799808502197 (ms)
[RANK0] B @ 265.778076171875 (ms) to 275.859375 (ms), cudaEventElapsed = 10.063551902770996 (ms)
[RANK0] W @ 275.967529296875 (ms) to 281.40478515625 (ms), cudaEventElapsed = 5.418240070343018 (ms)
[RANK0] B @ 281.510498046875 (ms) to 292.079833984375 (ms), cudaEventElapsed = 10.550016403198242 (ms)
[RANK0] W @ 292.11669921875 (ms) to 297.547119140625 (ms), cudaEventElapsed = 5.412447929382324 (ms)
[RANK0] B @ 297.727294921875 (ms) to 308.103271484375 (ms), cudaEventElapsed = 10.353728294372559 (ms)
[RANK0] W @ 308.1611328125 (ms) to 313.61376953125 (ms), cudaEventElapsed = 5.432159900665283 (ms)
[RANK0] B @ 320.82080078125 (ms) to 329.87548828125 (ms), cudaEventElapsed = 9.029984474182129 (ms)
[RANK0] 1W @ 329.953125 (ms) to 335.31787109375 (ms), cudaEventElapsed = 5.337632179260254 (ms)
[RANK0] Iteration 6
[RANK0] F @ 0.67724609375 (ms) to 10.420166015625 (ms), cudaEventElapsed = 9.70348834991455 (ms)
[RANK0] F @ 10.581298828125 (ms) to 18.947998046875 (ms), cudaEventElapsed = 8.341440200805664 (ms)
[RANK0] F @ 19.0947265625 (ms) to 27.33642578125 (ms), cudaEventElapsed = 8.216992378234863 (ms)
[RANK0] F @ 27.473388671875 (ms) to 35.631591796875 (ms), cudaEventElapsed = 8.132927894592285 (ms)
[RANK0] F @ 35.77099609375 (ms) to 43.956787109375 (ms), cudaEventElapsed = 8.160575866699219 (ms)
[RANK0] F @ 44.2021484375 (ms) to 52.63818359375 (ms), cudaEventElapsed = 8.407296180725098 (ms)
[RANK0] F @ 52.77734375 (ms) to 61.0380859375 (ms), cudaEventElapsed = 8.23532772064209 (ms)
[RANK0] B @ 75.7373046875 (ms) to 84.8798828125 (ms), cudaEventElapsed = 9.11411190032959 (ms)
[RANK0] F @ 85.00439453125 (ms) to 93.73291015625 (ms), cudaEventElapsed = 8.707103729248047 (ms)
[RANK0] B @ 95.77734375 (ms) to 104.751708984375 (ms), cudaEventElapsed = 8.949024200439453 (ms)
[RANK0] W @ 104.86962890625 (ms) to 110.283935546875 (ms), cudaEventElapsed = 5.395999908447266 (ms)
[RANK0] F @ 110.3134765625 (ms) to 118.643798828125 (ms), cudaEventElapsed = 8.310400009155273 (ms)
[RANK0] B @ 125.764404296875 (ms) to 136.241943359375 (ms), cudaEventElapsed = 10.451135635375977 (ms)
[RANK0] B @ 136.344970703125 (ms) to 145.573974609375 (ms), cudaEventElapsed = 9.20956802368164 (ms)
[RANK0] W @ 145.645751953125 (ms) to 150.990234375 (ms), cudaEventElapsed = 5.310944080352783 (ms)
[RANK0] F @ 151.115966796875 (ms) to 159.68017578125 (ms), cudaEventElapsed = 8.543519973754883 (ms)
[RANK0] B @ 166.623779296875 (ms) to 177.035400390625 (ms), cudaEventElapsed = 10.385567665100098 (ms)
[RANK0] B @ 177.298095703125 (ms) to 186.591064453125 (ms), cudaEventElapsed = 9.272992134094238 (ms)
[RANK0] W @ 186.66748046875 (ms) to 191.976806640625 (ms), cudaEventElapsed = 5.276319980621338 (ms)
[RANK0] F @ 192.11669921875 (ms) to 200.709228515625 (ms), cudaEventElapsed = 8.570879936218262 (ms)
[RANK0] B @ 206.395263671875 (ms) to 216.708740234375 (ms), cudaEventElapsed = 10.284383773803711 (ms)
[RANK0] B @ 216.927001953125 (ms) to 226.0107421875 (ms), cudaEventElapsed = 9.060223579406738 (ms)
[RANK0] W @ 226.0869140625 (ms) to 231.406982421875 (ms), cudaEventElapsed = 5.281439781188965 (ms)
[RANK0] F @ 231.538330078125 (ms) to 240.2529296875 (ms), cudaEventElapsed = 8.692768096923828 (ms)
[RANK0] W @ 240.400390625 (ms) to 248.698974609375 (ms), cudaEventElapsed = 5.202432155609131 (ms)
[RANK0] W @ 248.734619140625 (ms) to 253.984619140625 (ms), cudaEventElapsed = 5.227295875549316 (ms)
[RANK0] W @ 254.08447265625 (ms) to 259.45166015625 (ms), cudaEventElapsed = 5.347936153411865 (ms)
[RANK0] W @ 259.4736328125 (ms) to 264.8974609375 (ms), cudaEventElapsed = 5.4073920249938965 (ms)
[RANK0] B @ 265.014892578125 (ms) to 275.275146484375 (ms), cudaEventElapsed = 10.241567611694336 (ms)
[RANK0] W @ 275.452880859375 (ms) to 281.01904296875 (ms), cudaEventElapsed = 5.534912109375 (ms)
[RANK0] B @ 281.1376953125 (ms) to 291.830078125 (ms), cudaEventElapsed = 10.671392440795898 (ms)
[RANK0] W @ 291.90673828125 (ms) to 297.43408203125 (ms), cudaEventElapsed = 5.501120090484619 (ms)
[RANK0] B @ 297.642333984375 (ms) to 308.278076171875 (ms), cudaEventElapsed = 10.61411190032959 (ms)
[RANK0] W @ 308.312255859375 (ms) to 313.826904296875 (ms), cudaEventElapsed = 5.49180793762207 (ms)
[RANK0] B @ 319.83203125 (ms) to 329.12353515625 (ms), cudaEventElapsed = 9.267744064331055 (ms)
[RANK0] 1W @ 329.20947265625 (ms) to 334.60595703125 (ms), cudaEventElapsed = 5.356256008148193 (ms)
[RANK0] Iteration 7
[RANK0] F @ 0.796142578125 (ms) to 10.390380859375 (ms), cudaEventElapsed = 9.559136390686035 (ms)
[RANK0] F @ 10.54736328125 (ms) to 18.80029296875 (ms), cudaEventElapsed = 8.225024223327637 (ms)
[RANK0] F @ 18.947998046875 (ms) to 27.16943359375 (ms), cudaEventElapsed = 8.1943359375 (ms)
[RANK0] F @ 27.304443359375 (ms) to 35.5615234375 (ms), cudaEventElapsed = 8.2324800491333 (ms)
[RANK0] F @ 35.70361328125 (ms) to 43.9208984375 (ms), cudaEventElapsed = 8.191712379455566 (ms)
[RANK0] F @ 44.057373046875 (ms) to 52.479248046875 (ms), cudaEventElapsed = 8.39686393737793 (ms)
[RANK0] F @ 52.627685546875 (ms) to 60.828125 (ms), cudaEventElapsed = 8.173791885375977 (ms)
[RANK0] B @ 76.0263671875 (ms) to 85.09765625 (ms), cudaEventElapsed = 9.042304039001465 (ms)
[RANK0] F @ 85.21435546875 (ms) to 93.66455078125 (ms), cudaEventElapsed = 8.429887771606445 (ms)
[RANK0] B @ 96.215576171875 (ms) to 105.15380859375 (ms), cudaEventElapsed = 8.913023948669434 (ms)
[RANK0] W @ 105.263916015625 (ms) to 110.6806640625 (ms), cudaEventElapsed = 5.3969597816467285 (ms)
[RANK0] F @ 110.7138671875 (ms) to 119.278076171875 (ms), cudaEventElapsed = 8.543680191040039 (ms)
[RANK0] B @ 126.444580078125 (ms) to 136.787353515625 (ms), cudaEventElapsed = 10.31612777709961 (ms)
[RANK0] B @ 137.285400390625 (ms) to 146.2880859375 (ms), cudaEventElapsed = 8.98265552520752 (ms)
[RANK0] W @ 146.3310546875 (ms) to 151.65625 (ms), cudaEventElapsed = 5.304543972015381 (ms)
[RANK0] F @ 151.7841796875 (ms) to 160.44873046875 (ms), cudaEventElapsed = 8.64412784576416 (ms)
[RANK0] B @ 165.777587890625 (ms) to 176.159912109375 (ms), cudaEventElapsed = 10.352543830871582 (ms)
[RANK0] B @ 176.42236328125 (ms) to 185.394287109375 (ms), cudaEventElapsed = 8.949983596801758 (ms)
[RANK0] W @ 185.47314453125 (ms) to 190.7861328125 (ms), cudaEventElapsed = 5.286431789398193 (ms)
[RANK0] F @ 190.9404296875 (ms) to 199.615966796875 (ms), cudaEventElapsed = 8.651455879211426 (ms)
[RANK0] B @ 204.749755859375 (ms) to 214.92529296875 (ms), cudaEventElapsed = 10.14352035522461 (ms)
[RANK0] B @ 215.294189453125 (ms) to 224.229736328125 (ms), cudaEventElapsed = 8.906815528869629 (ms)
[RANK0] W @ 224.26708984375 (ms) to 229.565673828125 (ms), cudaEventElapsed = 5.281472206115723 (ms)
[RANK0] F @ 229.702880859375 (ms) to 238.426513671875 (ms), cudaEventElapsed = 8.7042236328125 (ms)
[RANK0] W @ 238.576904296875 (ms) to 247.48876953125 (ms), cudaEventElapsed = 5.241375923156738 (ms)
[RANK0] W @ 247.5166015625 (ms) to 252.76171875 (ms), cudaEventElapsed = 5.226143836975098 (ms)
[RANK0] W @ 252.88916015625 (ms) to 258.3017578125 (ms), cudaEventElapsed = 5.393951892852783 (ms)
[RANK0] W @ 258.325927734375 (ms) to 263.749267578125 (ms), cudaEventElapsed = 5.407296180725098 (ms)
[RANK0] B @ 263.859375 (ms) to 273.684326171875 (ms), cudaEventElapsed = 9.80720043182373 (ms)
[RANK0] W @ 273.807373046875 (ms) to 279.265625 (ms), cudaEventElapsed = 5.436704158782959 (ms)
[RANK0] B @ 279.367431640625 (ms) to 290.061279296875 (ms), cudaEventElapsed = 10.673151969909668 (ms)
[RANK0] W @ 290.147216796875 (ms) to 295.69677734375 (ms), cudaEventElapsed = 5.5226240158081055 (ms)
[RANK0] B @ 295.90673828125 (ms) to 306.911376953125 (ms), cudaEventElapsed = 10.974335670471191 (ms)
[RANK0] W @ 306.989990234375 (ms) to 312.61083984375 (ms), cudaEventElapsed = 5.594848155975342 (ms)
[RANK0] B @ 317.9013671875 (ms) to 327.130126953125 (ms), cudaEventElapsed = 9.20736026763916 (ms)
[RANK0] 1W @ 327.204833984375 (ms) to 332.633544921875 (ms), cudaEventElapsed = 5.403872013092041 (ms)
[RANK0] Iteration 8
[RANK0] F @ 0.7705078125 (ms) to 10.48974609375 (ms), cudaEventElapsed = 9.680416107177734 (ms)
[RANK0] F @ 10.650390625 (ms) to 19.0556640625 (ms), cudaEventElapsed = 8.379903793334961 (ms)
[RANK0] F @ 19.197509765625 (ms) to 27.509033203125 (ms), cudaEventElapsed = 8.287487983703613 (ms)
[RANK0] F @ 27.643798828125 (ms) to 35.950439453125 (ms), cudaEventElapsed = 8.281248092651367 (ms)
[RANK0] F @ 36.092529296875 (ms) to 44.215087890625 (ms), cudaEventElapsed = 8.09712028503418 (ms)
[RANK0] F @ 44.357666015625 (ms) to 52.757080078125 (ms), cudaEventElapsed = 8.374591827392578 (ms)
[RANK0] F @ 52.8916015625 (ms) to 61.79833984375 (ms), cudaEventElapsed = 7.951551914215088 (ms)
[RANK0] B @ 78.473388671875 (ms) to 87.481689453125 (ms), cudaEventElapsed = 8.979552268981934 (ms)
[RANK0] F @ 87.601806640625 (ms) to 96.030517578125 (ms), cudaEventElapsed = 8.40777587890625 (ms)
[RANK0] B @ 98.7626953125 (ms) to 107.84716796875 (ms), cudaEventElapsed = 9.059743881225586 (ms)
[RANK0] W @ 107.972900390625 (ms) to 113.394287109375 (ms), cudaEventElapsed = 5.401760101318359 (ms)
[RANK0] F @ 113.425537109375 (ms) to 121.635498046875 (ms), cudaEventElapsed = 8.190079689025879 (ms)
[RANK0] B @ 129.176025390625 (ms) to 139.429443359375 (ms), cudaEventElapsed = 10.225184440612793 (ms)
[RANK0] B @ 140.005859375 (ms) to 149.107666015625 (ms), cudaEventElapsed = 9.062560081481934 (ms)
[RANK0] W @ 149.147705078125 (ms) to 154.457763671875 (ms), cudaEventElapsed = 5.29091215133667 (ms)
[RANK0] F @ 154.599853515625 (ms) to 163.19189453125 (ms), cudaEventElapsed = 8.569600105285645 (ms)
[RANK0] B @ 169.37646484375 (ms) to 179.678466796875 (ms), cudaEventElapsed = 10.270719528198242 (ms)
[RANK0] B @ 180.114013671875 (ms) to 189.3798828125 (ms), cudaEventElapsed = 9.246335983276367 (ms)
[RANK0] W @ 189.413818359375 (ms) to 194.724609375 (ms), cudaEventElapsed = 5.281599998474121 (ms)
[RANK0] F @ 194.833740234375 (ms) to 203.29638671875 (ms), cudaEventElapsed = 8.442015647888184 (ms)
[RANK0] B @ 208.771240234375 (ms) to 219.042236328125 (ms), cudaEventElapsed = 10.242879867553711 (ms)
[RANK0] B @ 219.8095703125 (ms) to 228.777099609375 (ms), cudaEventElapsed = 8.946687698364258 (ms)
[RANK0] W @ 228.853271484375 (ms) to 234.1728515625 (ms), cudaEventElapsed = 5.295072078704834 (ms)
[RANK0] F @ 234.305908203125 (ms) to 242.84228515625 (ms), cudaEventElapsed = 8.51478385925293 (ms)
[RANK0] W @ 242.976318359375 (ms) to 252.28076171875 (ms), cudaEventElapsed = 5.246687889099121 (ms)
[RANK0] W @ 252.308837890625 (ms) to 257.59521484375 (ms), cudaEventElapsed = 5.269216060638428 (ms)
[RANK0] W @ 257.68896484375 (ms) to 263.10498046875 (ms), cudaEventElapsed = 5.397727966308594 (ms)
[RANK0] W @ 263.127197265625 (ms) to 268.628173828125 (ms), cudaEventElapsed = 5.483551979064941 (ms)
[RANK0] B @ 268.7490234375 (ms) to 278.98291015625 (ms), cudaEventElapsed = 10.20473575592041 (ms)
[RANK0] W @ 279.246337890625 (ms) to 284.80029296875 (ms), cudaEventElapsed = 5.524511814117432 (ms)
[RANK0] B @ 284.922607421875 (ms) to 295.63720703125 (ms), cudaEventElapsed = 10.692319869995117 (ms)
[RANK0] W @ 295.717529296875 (ms) to 301.2041015625 (ms), cudaEventElapsed = 5.460383892059326 (ms)
[RANK0] B @ 301.43603515625 (ms) to 312.12353515625 (ms), cudaEventElapsed = 10.664416313171387 (ms)
[RANK0] W @ 312.201904296875 (ms) to 317.75390625 (ms), cudaEventElapsed = 5.525055885314941 (ms)
[RANK0] B @ 322.814453125 (ms) to 332.19580078125 (ms), cudaEventElapsed = 9.358016014099121 (ms)
[RANK0] 1W @ 332.271484375 (ms) to 337.714599609375 (ms), cudaEventElapsed = 5.41593599319458 (ms)
[RANK0] Iteration 9
[RANK0] F @ 0.95263671875 (ms) to 10.79052734375 (ms), cudaEventElapsed = 9.800000190734863 (ms)
[RANK0] F @ 10.954345703125 (ms) to 19.226318359375 (ms), cudaEventElapsed = 8.246527671813965 (ms)
[RANK0] F @ 19.36669921875 (ms) to 27.65625 (ms), cudaEventElapsed = 8.26524829864502 (ms)
[RANK0] F @ 27.80712890625 (ms) to 36.09765625 (ms), cudaEventElapsed = 8.265600204467773 (ms)
[RANK0] F @ 36.231201171875 (ms) to 44.4541015625 (ms), cudaEventElapsed = 8.198368072509766 (ms)
[RANK0] F @ 44.584716796875 (ms) to 82.110595703125 (ms), cudaEventElapsed = 8.156096458435059 (ms)
[RANK0] F @ 82.25390625 (ms) to 145.303466796875 (ms), cudaEventElapsed = 8.209088325500488 (ms)
[RANK0] B @ 291.57470703125 (ms) to 300.841796875 (ms), cudaEventElapsed = 9.210559844970703 (ms)
[RANK0] F @ 301.0126953125 (ms) to 310.422119140625 (ms), cudaEventElapsed = 9.386688232421875 (ms)
[RANK0] B @ 390.091064453125 (ms) to 399.26708984375 (ms), cudaEventElapsed = 9.11638355255127 (ms)
[RANK0] W @ 399.459228515625 (ms) to 404.898193359375 (ms), cudaEventElapsed = 5.418335914611816 (ms)
[RANK0] F @ 404.94140625 (ms) to 413.767333984375 (ms), cudaEventElapsed = 8.80297565460205 (ms)
[RANK0] B @ 476.080322265625 (ms) to 486.391357421875 (ms), cudaEventElapsed = 10.266976356506348 (ms)
[RANK0] B @ 543.135986328125 (ms) to 552.168701171875 (ms), cudaEventElapsed = 8.984671592712402 (ms)
[RANK0] W @ 552.263671875 (ms) to 557.6123046875 (ms), cudaEventElapsed = 5.32150411605835 (ms)
[RANK0] F @ 557.771240234375 (ms) to 566.77587890625 (ms), cudaEventElapsed = 8.981727600097656 (ms)
[RANK0] B @ 621.6123046875 (ms) to 631.73095703125 (ms), cudaEventElapsed = 10.07203197479248 (ms)
[RANK0] B @ 673.662109375 (ms) to 682.722412109375 (ms), cudaEventElapsed = 9.012224197387695 (ms)
[RANK0] W @ 682.828857421875 (ms) to 688.1865234375 (ms), cudaEventElapsed = 5.329023838043213 (ms)
[RANK0] F @ 688.372802734375 (ms) to 697.4873046875 (ms), cudaEventElapsed = 9.090080261230469 (ms)
[RANK0] B @ 780.369384765625 (ms) to 790.595947265625 (ms), cudaEventElapsed = 10.177599906921387 (ms)
[RANK0] B @ 816.6572265625 (ms) to 825.611572265625 (ms), cudaEventElapsed = 8.91926383972168 (ms)
[RANK0] W @ 825.7041015625 (ms) to 831.02587890625 (ms), cudaEventElapsed = 5.29472017288208 (ms)
[RANK0] F @ 831.176513671875 (ms) to 840.16357421875 (ms), cudaEventElapsed = 8.954976081848145 (ms)
[RANK0] W @ 840.3037109375 (ms) to 910.897705078125 (ms), cudaEventElapsed = 5.203519821166992 (ms)
[RANK0] W @ 910.96875 (ms) to 916.286376953125 (ms), cudaEventElapsed = 5.282400131225586 (ms)
[RANK0] W @ 916.419189453125 (ms) to 921.8203125 (ms), cudaEventElapsed = 5.38105583190918 (ms)
[RANK0] W @ 921.848876953125 (ms) to 927.23828125 (ms), cudaEventElapsed = 5.37113618850708 (ms)
[RANK0] B @ 927.38427734375 (ms) to 937.519775390625 (ms), cudaEventElapsed = 10.115679740905762 (ms)
[RANK0] W @ 937.673583984375 (ms) to 1009.989013671875 (ms), cudaEventElapsed = 5.328864097595215 (ms)
[RANK0] B @ 1010.20654296875 (ms) to 1020.450439453125 (ms), cudaEventElapsed = 10.207776069641113 (ms)
[RANK0] W @ 1020.540771484375 (ms) to 1026.01123046875 (ms), cudaEventElapsed = 5.4430718421936035 (ms)
[RANK0] B @ 1081.742919921875 (ms) to 1091.890869140625 (ms), cudaEventElapsed = 10.107839584350586 (ms)
[RANK0] W @ 1091.989013671875 (ms) to 1097.452880859375 (ms), cudaEventElapsed = 5.434847831726074 (ms)
[RANK0] B @ 1132.69921875 (ms) to 1141.73388671875 (ms), cudaEventElapsed = 9.003487586975098 (ms)
[RANK0] 1W @ 1141.821044921875 (ms) to 1147.217041015625 (ms), cudaEventElapsed = 5.372799873352051 (ms)
[RANK0] Iteration 10
[RANK0] F @ 0.62060546875 (ms) to 10.33056640625 (ms), cudaEventElapsed = 9.670559883117676 (ms)
[RANK0] F @ 10.499267578125 (ms) to 18.7080078125 (ms), cudaEventElapsed = 8.182175636291504 (ms)
[RANK0] F @ 18.8623046875 (ms) to 27.161865234375 (ms), cudaEventElapsed = 8.271967887878418 (ms)
[RANK0] F @ 27.295654296875 (ms) to 35.518798828125 (ms), cudaEventElapsed = 8.197440147399902 (ms)
[RANK0] F @ 35.65771484375 (ms) to 43.94091796875 (ms), cudaEventElapsed = 8.25817584991455 (ms)
[RANK0] F @ 44.072509765625 (ms) to 63.404052734375 (ms), cudaEventElapsed = 8.10041618347168 (ms)
[RANK0] F @ 63.542724609375 (ms) to 127.857421875 (ms), cudaEventElapsed = 8.221887588500977 (ms)
[RANK0] B @ 260.89013671875 (ms) to 270.17333984375 (ms), cudaEventElapsed = 9.230976104736328 (ms)
[RANK0] F @ 270.33740234375 (ms) to 279.26025390625 (ms), cudaEventElapsed = 8.901599884033203 (ms)
[RANK0] B @ 359.478759765625 (ms) to 368.633056640625 (ms), cudaEventElapsed = 9.107232093811035 (ms)
[RANK0] W @ 368.802490234375 (ms) to 374.228515625 (ms), cudaEventElapsed = 5.405375957489014 (ms)
[RANK0] F @ 374.2685546875 (ms) to 383.119140625 (ms), cudaEventElapsed = 8.830400466918945 (ms)
[RANK0] B @ 445.397705078125 (ms) to 455.62939453125 (ms), cudaEventElapsed = 10.18569564819336 (ms)
[RANK0] B @ 512.521728515625 (ms) to 521.64208984375 (ms), cudaEventElapsed = 9.076736450195312 (ms)
[RANK0] W @ 521.74072265625 (ms) to 527.101318359375 (ms), cudaEventElapsed = 5.3218560218811035 (ms)
[RANK0] F @ 527.254150390625 (ms) to 536.3115234375 (ms), cudaEventElapsed = 9.03321647644043 (ms)
[RANK0] B @ 591.061767578125 (ms) to 601.257568359375 (ms), cudaEventElapsed = 10.149503707885742 (ms)
[RANK0] B @ 643.010009765625 (ms) to 652.092041015625 (ms), cudaEventElapsed = 9.041600227355957 (ms)
[RANK0] W @ 652.185302734375 (ms) to 657.54296875 (ms), cudaEventElapsed = 5.328256130218506 (ms)
[RANK0] F @ 657.69482421875 (ms) to 666.754150390625 (ms), cudaEventElapsed = 9.038816452026367 (ms)
[RANK0] B @ 749.894287109375 (ms) to 760.190185546875 (ms), cudaEventElapsed = 10.239808082580566 (ms)
[RANK0] B @ 786.43017578125 (ms) to 795.62939453125 (ms), cudaEventElapsed = 9.166560173034668 (ms)
[RANK0] W @ 795.714599609375 (ms) to 801.052001953125 (ms), cudaEventElapsed = 5.312448024749756 (ms)
[RANK0] F @ 801.204833984375 (ms) to 810.020263671875 (ms), cudaEventElapsed = 8.794431686401367 (ms)
[RANK0] W @ 810.15869140625 (ms) to 880.453125 (ms), cudaEventElapsed = 5.2259521484375 (ms)
[RANK0] W @ 880.523681640625 (ms) to 885.8232421875 (ms), cudaEventElapsed = 5.269440174102783 (ms)
[RANK0] W @ 885.965576171875 (ms) to 891.359375 (ms), cudaEventElapsed = 5.371808052062988 (ms)
[RANK0] W @ 891.3857421875 (ms) to 896.775390625 (ms), cudaEventElapsed = 5.372447967529297 (ms)
[RANK0] B @ 896.933837890625 (ms) to 907.15380859375 (ms), cudaEventElapsed = 10.197983741760254 (ms)
[RANK0] W @ 907.2919921875 (ms) to 979.787109375 (ms), cudaEventElapsed = 5.348735809326172 (ms)
[RANK0] B @ 980.005859375 (ms) to 990.33251953125 (ms), cudaEventElapsed = 10.29475212097168 (ms)
[RANK0] W @ 990.37255859375 (ms) to 995.783935546875 (ms), cudaEventElapsed = 5.392127990722656 (ms)
[RANK0] B @ 1051.552490234375 (ms) to 1061.87109375 (ms), cudaEventElapsed = 10.281472206115723 (ms)
[RANK0] W @ 1061.945556640625 (ms) to 1067.386474609375 (ms), cudaEventElapsed = 5.408927917480469 (ms)
[RANK0] B @ 1100.74853515625 (ms) to 1109.927490234375 (ms), cudaEventElapsed = 9.142271995544434 (ms)
[RANK0] 1W @ 1110.021484375 (ms) to 1115.418701171875 (ms), cudaEventElapsed = 5.371903896331787 (ms)
[RANK0] Iteration 11
[RANK0] F @ 0.62451171875 (ms) to 10.701416015625 (ms), cudaEventElapsed = 10.040736198425293 (ms)
[RANK0] F @ 10.867431640625 (ms) to 19.095458984375 (ms), cudaEventElapsed = 8.202239990234375 (ms)
[RANK0] F @ 19.24951171875 (ms) to 27.385009765625 (ms), cudaEventElapsed = 8.107744216918945 (ms)
[RANK0] F @ 27.525390625 (ms) to 35.67236328125 (ms), cudaEventElapsed = 8.121536254882812 (ms)
[RANK0] F @ 35.81396484375 (ms) to 44.071533203125 (ms), cudaEventElapsed = 8.23136043548584 (ms)
[RANK0] F @ 44.20361328125 (ms) to 62.490966796875 (ms), cudaEventElapsed = 8.070976257324219 (ms)
[RANK0] F @ 62.624267578125 (ms) to 125.56494140625 (ms), cudaEventElapsed = 8.09222412109375 (ms)
[RANK0] B @ 258.81640625 (ms) to 268.264892578125 (ms), cudaEventElapsed = 9.396096229553223 (ms)
[RANK0] F @ 268.427978515625 (ms) to 277.381103515625 (ms), cudaEventElapsed = 8.932479858398438 (ms)
[RANK0] B @ 357.47412109375 (ms) to 367.0888671875 (ms), cudaEventElapsed = 9.558591842651367 (ms)
[RANK0] W @ 367.265869140625 (ms) to 372.69189453125 (ms), cudaEventElapsed = 5.405759811401367 (ms)
[RANK0] F @ 372.72998046875 (ms) to 381.46484375 (ms), cudaEventElapsed = 8.71225643157959 (ms)
[RANK0] B @ 456.305419921875 (ms) to 466.72314453125 (ms), cudaEventElapsed = 10.3603515625 (ms)
[RANK0] B @ 510.254638671875 (ms) to 519.490966796875 (ms), cudaEventElapsed = 9.194304466247559 (ms)
[RANK0] W @ 519.5830078125 (ms) to 524.93701171875 (ms), cudaEventElapsed = 5.327871799468994 (ms)
[RANK0] F @ 525.09375 (ms) to 533.940185546875 (ms), cudaEventElapsed = 8.824607849121094 (ms)
[RANK0] B @ 611.514892578125 (ms) to 621.8916015625 (ms), cudaEventElapsed = 10.328031539916992 (ms)
[RANK0] B @ 641.998779296875 (ms) to 651.27197265625 (ms), cudaEventElapsed = 9.242912292480469 (ms)
[RANK0] W @ 651.35400390625 (ms) to 656.681396484375 (ms), cudaEventElapsed = 5.297664165496826 (ms)
[RANK0] F @ 656.840576171875 (ms) to 665.825439453125 (ms), cudaEventElapsed = 8.958751678466797 (ms)
[RANK0] B @ 758.159912109375 (ms) to 768.642578125 (ms), cudaEventElapsed = 10.430335998535156 (ms)
[RANK0] B @ 772.728515625 (ms) to 781.8310546875 (ms), cudaEventElapsed = 9.073311805725098 (ms)
[RANK0] W @ 781.91162109375 (ms) to 787.240478515625 (ms), cudaEventElapsed = 5.303040027618408 (ms)
[RANK0] F @ 787.391845703125 (ms) to 796.343994140625 (ms), cudaEventElapsed = 8.93126392364502 (ms)
[RANK0] W @ 796.482666015625 (ms) to 907.660888671875 (ms), cudaEventElapsed = 5.223231792449951 (ms)
[RANK0] W @ 907.7548828125 (ms) to 913.0703125 (ms), cudaEventElapsed = 5.2775678634643555 (ms)
[RANK0] W @ 913.22900390625 (ms) to 918.615234375 (ms), cudaEventElapsed = 5.366335868835449 (ms)
[RANK0] W @ 918.639404296875 (ms) to 924.033447265625 (ms), cudaEventElapsed = 5.3758721351623535 (ms)
[RANK0] B @ 924.185546875 (ms) to 935.0390625 (ms), cudaEventElapsed = 10.835968017578125 (ms)
[RANK0] W @ 935.182861328125 (ms) to 996.83984375 (ms), cudaEventElapsed = 5.345215797424316 (ms)
[RANK0] B @ 997.057373046875 (ms) to 1007.52490234375 (ms), cudaEventElapsed = 10.433759689331055 (ms)
[RANK0] W @ 1007.61572265625 (ms) to 1013.099609375 (ms), cudaEventElapsed = 5.4561920166015625 (ms)
[RANK0] B @ 1062.37939453125 (ms) to 1072.8173828125 (ms), cudaEventElapsed = 10.387104034423828 (ms)
[RANK0] W @ 1072.901611328125 (ms) to 1078.353271484375 (ms), cudaEventElapsed = 5.425600051879883 (ms)
[RANK0] B @ 1114.263671875 (ms) to 1123.682861328125 (ms), cudaEventElapsed = 9.376704216003418 (ms)
[RANK0] 1W @ 1123.784912109375 (ms) to 1129.19140625 (ms), cudaEventElapsed = 5.377567768096924 (ms)
[RANK0] Iteration 12
[RANK0] F @ 0.640625 (ms) to 10.3427734375 (ms), cudaEventElapsed = 9.663999557495117 (ms)
[RANK0] F @ 10.517578125 (ms) to 40.6953125 (ms), cudaEventElapsed = 8.069151878356934 (ms)
[RANK0] F @ 40.862548828125 (ms) to 71.026611328125 (ms), cudaEventElapsed = 8.051615715026855 (ms)
[RANK0] F @ 71.18212890625 (ms) to 101.296875 (ms), cudaEventElapsed = 7.997568130493164 (ms)
[RANK0] F @ 101.457275390625 (ms) to 131.58935546875 (ms), cudaEventElapsed = 8.015135765075684 (ms)
[RANK0] F @ 131.737060546875 (ms) to 161.99853515625 (ms), cudaEventElapsed = 8.143424034118652 (ms)
[RANK0] F @ 162.140869140625 (ms) to 242.7265625 (ms), cudaEventElapsed = 8.231328010559082 (ms)
[RANK0] B @ 357.46142578125 (ms) to 366.859375 (ms), cudaEventElapsed = 9.343647956848145 (ms)
[RANK0] F @ 367.019775390625 (ms) to 376.052978515625 (ms), cudaEventElapsed = 9.011391639709473 (ms)
[RANK0] B @ 489.593994140625 (ms) to 499.0 (ms), cudaEventElapsed = 9.349791526794434 (ms)
[RANK0] W @ 499.25732421875 (ms) to 504.720947265625 (ms), cudaEventElapsed = 5.436287879943848 (ms)
[RANK0] F @ 504.75732421875 (ms) to 513.615966796875 (ms), cudaEventElapsed = 8.83897590637207 (ms)
[RANK0] B @ 570.097900390625 (ms) to 580.52734375 (ms), cudaEventElapsed = 10.386367797851562 (ms)
[RANK0] B @ 627.572998046875 (ms) to 636.853759765625 (ms), cudaEventElapsed = 9.241920471191406 (ms)
[RANK0] W @ 636.955078125 (ms) to 642.296630859375 (ms), cudaEventElapsed = 5.313119888305664 (ms)
[RANK0] F @ 642.4755859375 (ms) to 651.467041015625 (ms), cudaEventElapsed = 8.9683198928833 (ms)
[RANK0] B @ 731.477783203125 (ms) to 741.859375 (ms), cudaEventElapsed = 10.329695701599121 (ms)
[RANK0] B @ 746.063232421875 (ms) to 754.94775390625 (ms), cudaEventElapsed = 8.860416412353516 (ms)
[RANK0] W @ 755.031005859375 (ms) to 760.384033203125 (ms), cudaEventElapsed = 5.315199851989746 (ms)
[RANK0] F @ 760.52734375 (ms) to 769.35546875 (ms), cudaEventElapsed = 8.805631637573242 (ms)
[RANK0] B @ 881.182861328125 (ms) to 891.743896484375 (ms), cudaEventElapsed = 10.49567985534668 (ms)
[RANK0] B @ 895.74267578125 (ms) to 904.6826171875 (ms), cudaEventElapsed = 8.906144142150879 (ms)
[RANK0] W @ 904.77099609375 (ms) to 910.1162109375 (ms), cudaEventElapsed = 5.303008079528809 (ms)
[RANK0] F @ 910.28662109375 (ms) to 919.234619140625 (ms), cudaEventElapsed = 8.926176071166992 (ms)
[RANK0] W @ 919.390625 (ms) to 1030.797119140625 (ms), cudaEventElapsed = 5.242815971374512 (ms)
[RANK0] W @ 1030.8896484375 (ms) to 1036.21923828125 (ms), cudaEventElapsed = 5.289504051208496 (ms)
[RANK0] W @ 1036.3828125 (ms) to 1041.76171875 (ms), cudaEventElapsed = 5.359936237335205 (ms)
[RANK0] W @ 1041.7861328125 (ms) to 1047.17138671875 (ms), cudaEventElapsed = 5.368447780609131 (ms)
[RANK0] B @ 1047.323486328125 (ms) to 1057.842529296875 (ms), cudaEventElapsed = 10.501279830932617 (ms)
[RANK0] W @ 1057.967041015625 (ms) to 1119.59765625 (ms), cudaEventElapsed = 5.336480140686035 (ms)
[RANK0] B @ 1119.811279296875 (ms) to 1130.3662109375 (ms), cudaEventElapsed = 10.517312049865723 (ms)
[RANK0] W @ 1130.447509765625 (ms) to 1135.892333984375 (ms), cudaEventElapsed = 5.4112958908081055 (ms)
[RANK0] B @ 1185.15869140625 (ms) to 1195.468994140625 (ms), cudaEventElapsed = 10.272992134094238 (ms)
[RANK0] W @ 1195.55615234375 (ms) to 1200.985595703125 (ms), cudaEventElapsed = 5.402080059051514 (ms)
[RANK0] B @ 1236.693115234375 (ms) to 1245.868408203125 (ms), cudaEventElapsed = 9.131551742553711 (ms)
[RANK0] 1W @ 1245.95166015625 (ms) to 1251.344482421875 (ms), cudaEventElapsed = 5.365344047546387 (ms)
[RANK0] Iteration 13
[RANK0] F @ 0.573974609375 (ms) to 10.129150390625 (ms), cudaEventElapsed = 9.518272399902344 (ms)
[RANK0] F @ 10.295654296875 (ms) to 40.431640625 (ms), cudaEventElapsed = 8.016544342041016 (ms)
[RANK0] F @ 40.58642578125 (ms) to 70.770751953125 (ms), cudaEventElapsed = 8.058815956115723 (ms)
[RANK0] F @ 70.926025390625 (ms) to 101.136962890625 (ms), cudaEventElapsed = 8.08358383178711 (ms)
[RANK0] F @ 101.288330078125 (ms) to 131.41259765625 (ms), cudaEventElapsed = 8.004511833190918 (ms)
[RANK0] F @ 131.576904296875 (ms) to 161.69140625 (ms), cudaEventElapsed = 8.163840293884277 (ms)
[RANK0] F @ 161.83935546875 (ms) to 242.37255859375 (ms), cudaEventElapsed = 8.256287574768066 (ms)
[RANK0] B @ 357.199462890625 (ms) to 366.737548828125 (ms), cudaEventElapsed = 9.48259162902832 (ms)
[RANK0] F @ 366.89990234375 (ms) to 375.906982421875 (ms), cudaEventElapsed = 8.984959602355957 (ms)
[RANK0] B @ 489.23681640625 (ms) to 498.749755859375 (ms), cudaEventElapsed = 9.448512077331543 (ms)
[RANK0] W @ 498.94873046875 (ms) to 504.376220703125 (ms), cudaEventElapsed = 5.406335830688477 (ms)
[RANK0] F @ 504.421630859375 (ms) to 513.143310546875 (ms), cudaEventElapsed = 8.699071884155273 (ms)
[RANK0] B @ 569.365234375 (ms) to 579.710693359375 (ms), cudaEventElapsed = 10.293791770935059 (ms)
[RANK0] B @ 626.880615234375 (ms) to 636.0947265625 (ms), cudaEventElapsed = 9.176447868347168 (ms)
[RANK0] W @ 636.18017578125 (ms) to 641.509033203125 (ms), cudaEventElapsed = 5.302879810333252 (ms)
[RANK0] F @ 641.66943359375 (ms) to 650.696044921875 (ms), cudaEventElapsed = 9.004639625549316 (ms)
[RANK0] B @ 731.024658203125 (ms) to 741.410400390625 (ms), cudaEventElapsed = 10.33142375946045 (ms)
[RANK0] B @ 745.594970703125 (ms) to 754.65234375 (ms), cudaEventElapsed = 9.030143737792969 (ms)
[RANK0] W @ 754.733154296875 (ms) to 760.062255859375 (ms), cudaEventElapsed = 5.302495956420898 (ms)
[RANK0] F @ 760.217041015625 (ms) to 769.19970703125 (ms), cudaEventElapsed = 8.961440086364746 (ms)
[RANK0] B @ 880.02880859375 (ms) to 890.49951171875 (ms), cudaEventElapsed = 10.397343635559082 (ms)
[RANK0] B @ 894.595947265625 (ms) to 903.4912109375 (ms), cudaEventElapsed = 8.870176315307617 (ms)
[RANK0] W @ 903.572265625 (ms) to 908.8681640625 (ms), cudaEventElapsed = 5.270815849304199 (ms)
[RANK0] F @ 909.02490234375 (ms) to 917.838623046875 (ms), cudaEventElapsed = 8.791071891784668 (ms)
[RANK0] W @ 917.98583984375 (ms) to 1029.628173828125 (ms), cudaEventElapsed = 5.204480171203613 (ms)
[RANK0] W @ 1029.71435546875 (ms) to 1035.0107421875 (ms), cudaEventElapsed = 5.2618560791015625 (ms)
[RANK0] W @ 1035.165283203125 (ms) to 1040.537109375 (ms), cudaEventElapsed = 5.352191925048828 (ms)
[RANK0] W @ 1040.56201171875 (ms) to 1045.935791015625 (ms), cudaEventElapsed = 5.356736183166504 (ms)
[RANK0] B @ 1046.0888671875 (ms) to 1056.71240234375 (ms), cudaEventElapsed = 10.6046724319458 (ms)
[RANK0] W @ 1056.83740234375 (ms) to 1118.61865234375 (ms), cudaEventElapsed = 5.337408065795898 (ms)
[RANK0] B @ 1118.82470703125 (ms) to 1129.18994140625 (ms), cudaEventElapsed = 10.331104278564453 (ms)
[RANK0] W @ 1129.271240234375 (ms) to 1134.729248046875 (ms), cudaEventElapsed = 5.426943778991699 (ms)
[RANK0] B @ 1184.349365234375 (ms) to 1194.71728515625 (ms), cudaEventElapsed = 10.333727836608887 (ms)
[RANK0] W @ 1194.809814453125 (ms) to 1200.26220703125 (ms), cudaEventElapsed = 5.426464080810547 (ms)
[RANK0] B @ 1235.915283203125 (ms) to 1244.9833984375 (ms), cudaEventElapsed = 9.03711986541748 (ms)
[RANK0] 1W @ 1245.06640625 (ms) to 1250.47509765625 (ms), cudaEventElapsed = 5.371520042419434 (ms)
[RANK0] Iteration 14
[RANK0] F @ 0.713134765625 (ms) to 10.187744140625 (ms), cudaEventElapsed = 9.438176155090332 (ms)
[RANK0] F @ 10.35986328125 (ms) to 40.534912109375 (ms), cudaEventElapsed = 8.061856269836426 (ms)
[RANK0] F @ 40.697265625 (ms) to 70.8115234375 (ms), cudaEventElapsed = 7.994336128234863 (ms)
[RANK0] F @ 70.9638671875 (ms) to 101.107177734375 (ms), cudaEventElapsed = 8.013279914855957 (ms)
[RANK0] F @ 101.25732421875 (ms) to 131.47607421875 (ms), cudaEventElapsed = 8.084896087646484 (ms)
[RANK0] F @ 131.619384765625 (ms) to 161.762939453125 (ms), cudaEventElapsed = 8.189663887023926 (ms)
[RANK0] F @ 161.904541015625 (ms) to 242.515625 (ms), cudaEventElapsed = 8.169440269470215 (ms)
[RANK0] B @ 357.47705078125 (ms) to 366.88818359375 (ms), cudaEventElapsed = 9.357888221740723 (ms)
[RANK0] F @ 367.05615234375 (ms) to 376.054443359375 (ms), cudaEventElapsed = 8.975808143615723 (ms)
[RANK0] B @ 489.68701171875 (ms) to 499.09814453125 (ms), cudaEventElapsed = 9.343199729919434 (ms)
[RANK0] W @ 499.2666015625 (ms) to 504.685546875 (ms), cudaEventElapsed = 5.399007797241211 (ms)
[RANK0] F @ 504.72509765625 (ms) to 513.635009765625 (ms), cudaEventElapsed = 8.888192176818848 (ms)
[RANK0] B @ 558.064453125 (ms) to 568.406005859375 (ms), cudaEventElapsed = 10.297599792480469 (ms)
[RANK0] B @ 622.035400390625 (ms) to 631.4384765625 (ms), cudaEventElapsed = 9.359199523925781 (ms)
[RANK0] W @ 631.525390625 (ms) to 636.827880859375 (ms), cudaEventElapsed = 5.275296211242676 (ms)
[RANK0] F @ 636.97802734375 (ms) to 646.12890625 (ms), cudaEventElapsed = 9.12992000579834 (ms)
[RANK0] B @ 731.6787109375 (ms) to 742.051025390625 (ms), cudaEventElapsed = 10.323328018188477 (ms)
[RANK0] B @ 767.88330078125 (ms) to 777.124267578125 (ms), cudaEventElapsed = 9.21020793914795 (ms)
[RANK0] W @ 777.208984375 (ms) to 782.53271484375 (ms), cudaEventElapsed = 5.297183990478516 (ms)
[RANK0] F @ 782.693603515625 (ms) to 791.9765625 (ms), cudaEventElapsed = 9.260576248168945 (ms)
[RANK0] B @ 909.95947265625 (ms) to 920.506591796875 (ms), cudaEventElapsed = 10.494367599487305 (ms)
[RANK0] B @ 927.474609375 (ms) to 936.587646484375 (ms), cudaEventElapsed = 9.086336135864258 (ms)
[RANK0] W @ 936.669921875 (ms) to 941.993896484375 (ms), cudaEventElapsed = 5.296800136566162 (ms)
[RANK0] F @ 942.138427734375 (ms) to 951.237060546875 (ms), cudaEventElapsed = 9.077055931091309 (ms)
[RANK0] W @ 951.384765625 (ms) to 1055.388671875 (ms), cudaEventElapsed = 5.204768180847168 (ms)
[RANK0] W @ 1055.481201171875 (ms) to 1060.797119140625 (ms), cudaEventElapsed = 5.278687953948975 (ms)
[RANK0] W @ 1060.944091796875 (ms) to 1066.310546875 (ms), cudaEventElapsed = 5.34665584564209 (ms)
[RANK0] W @ 1066.332763671875 (ms) to 1071.692138671875 (ms), cudaEventElapsed = 5.343584060668945 (ms)
[RANK0] B @ 1071.84228515625 (ms) to 1082.286376953125 (ms), cudaEventElapsed = 10.425215721130371 (ms)
[RANK0] W @ 1082.40478515625 (ms) to 1144.830322265625 (ms), cudaEventElapsed = 5.339231967926025 (ms)
[RANK0] B @ 1145.0322265625 (ms) to 1155.4072265625 (ms), cudaEventElapsed = 10.342080116271973 (ms)
[RANK0] W @ 1155.48681640625 (ms) to 1160.95166015625 (ms), cudaEventElapsed = 5.4350080490112305 (ms)
[RANK0] B @ 1225.32958984375 (ms) to 1235.604248046875 (ms), cudaEventElapsed = 10.233440399169922 (ms)
[RANK0] W @ 1235.69677734375 (ms) to 1241.14306640625 (ms), cudaEventElapsed = 5.4191999435424805 (ms)
[RANK0] B @ 1272.88818359375 (ms) to 1282.04296875 (ms), cudaEventElapsed = 9.123807907104492 (ms)
[RANK0] 1W @ 1282.12548828125 (ms) to 1287.492431640625 (ms), cudaEventElapsed = 5.339903831481934 (ms)
[RANK0] Iteration 15
[RANK0] F @ 0.762939453125 (ms) to 10.373779296875 (ms), cudaEventElapsed = 9.573504447937012 (ms)
[RANK0] F @ 10.5419921875 (ms) to 40.705078125 (ms), cudaEventElapsed = 8.048735618591309 (ms)
[RANK0] F @ 40.87646484375 (ms) to 71.0546875 (ms), cudaEventElapsed = 8.065567970275879 (ms)
[RANK0] F @ 71.210205078125 (ms) to 101.353271484375 (ms), cudaEventElapsed = 8.026623725891113 (ms)
[RANK0] F @ 101.50634765625 (ms) to 131.6279296875 (ms), cudaEventElapsed = 8.000927925109863 (ms)
[RANK0] F @ 131.784423828125 (ms) to 161.885498046875 (ms), cudaEventElapsed = 8.12172794342041 (ms)
[RANK0] F @ 162.025146484375 (ms) to 197.0849609375 (ms), cudaEventElapsed = 7.978367805480957 (ms)
[RANK0] B @ 336.64697265625 (ms) to 346.124267578125 (ms), cudaEventElapsed = 9.421855926513672 (ms)
[RANK0] F @ 346.292724609375 (ms) to 355.477294921875 (ms), cudaEventElapsed = 9.161279678344727 (ms)
[RANK0] B @ 468.985595703125 (ms) to 478.420166015625 (ms), cudaEventElapsed = 9.375231742858887 (ms)
[RANK0] W @ 478.607177734375 (ms) to 484.044921875 (ms), cudaEventElapsed = 5.41644811630249 (ms)
[RANK0] F @ 484.085205078125 (ms) to 493.038330078125 (ms), cudaEventElapsed = 8.929535865783691 (ms)
[RANK0] B @ 555.04638671875 (ms) to 565.453857421875 (ms), cudaEventElapsed = 10.352704048156738 (ms)
[RANK0] B @ 618.452880859375 (ms) to 627.827392578125 (ms), cudaEventElapsed = 9.323136329650879 (ms)
[RANK0] W @ 627.93798828125 (ms) to 633.293212890625 (ms), cudaEventElapsed = 5.326655864715576 (ms)
[RANK0] F @ 633.4794921875 (ms) to 642.88232421875 (ms), cudaEventElapsed = 9.379199981689453 (ms)
[RANK0] B @ 728.260986328125 (ms) to 738.84326171875 (ms), cudaEventElapsed = 10.516608238220215 (ms)
[RANK0] B @ 764.463134765625 (ms) to 773.78369140625 (ms), cudaEventElapsed = 9.281855583190918 (ms)
[RANK0] W @ 773.875 (ms) to 779.213134765625 (ms), cudaEventElapsed = 5.300159931182861 (ms)
[RANK0] F @ 779.372802734375 (ms) to 788.220947265625 (ms), cudaEventElapsed = 8.826656341552734 (ms)
[RANK0] B @ 906.458251953125 (ms) to 917.037353515625 (ms), cudaEventElapsed = 10.515392303466797 (ms)
[RANK0] B @ 923.955810546875 (ms) to 932.857177734375 (ms), cudaEventElapsed = 8.872639656066895 (ms)
[RANK0] W @ 932.942138671875 (ms) to 938.29052734375 (ms), cudaEventElapsed = 5.322591781616211 (ms)
[RANK0] F @ 938.438232421875 (ms) to 947.224609375 (ms), cudaEventElapsed = 8.765503883361816 (ms)
[RANK0] W @ 947.36962890625 (ms) to 1051.97314453125 (ms), cudaEventElapsed = 5.20688009262085 (ms)
[RANK0] W @ 1052.06396484375 (ms) to 1057.398193359375 (ms), cudaEventElapsed = 5.295584201812744 (ms)
[RANK0] W @ 1057.551025390625 (ms) to 1062.92626953125 (ms), cudaEventElapsed = 5.355423927307129 (ms)
[RANK0] W @ 1062.952880859375 (ms) to 1068.33447265625 (ms), cudaEventElapsed = 5.363776206970215 (ms)
[RANK0] B @ 1068.48974609375 (ms) to 1078.910400390625 (ms), cudaEventElapsed = 10.402303695678711 (ms)
[RANK0] W @ 1079.06982421875 (ms) to 1141.003662109375 (ms), cudaEventElapsed = 5.341887950897217 (ms)
[RANK0] B @ 1141.228515625 (ms) to 1151.691650390625 (ms), cudaEventElapsed = 10.429247856140137 (ms)
[RANK0] W @ 1151.781005859375 (ms) to 1157.228515625 (ms), cudaEventElapsed = 5.409984111785889 (ms)
[RANK0] B @ 1221.90087890625 (ms) to 1232.212890625 (ms), cudaEventElapsed = 10.269536018371582 (ms)
[RANK0] W @ 1232.2939453125 (ms) to 1237.726806640625 (ms), cudaEventElapsed = 5.407519817352295 (ms)
[RANK0] B @ 1269.86767578125 (ms) to 1279.234619140625 (ms), cudaEventElapsed = 9.336671829223633 (ms)
[RANK0] 1W @ 1279.319091796875 (ms) to 1284.690185546875 (ms), cudaEventElapsed = 5.348512172698975 (ms)
[RANK0] Iteration 16
[RANK0] F @ 0.35107421875 (ms) to 151.517822265625 (ms), cudaEventElapsed = 151.1276092529297 (ms)
[RANK0] F @ 151.74169921875 (ms) to 181.455322265625 (ms), cudaEventElapsed = 7.68287992477417 (ms)
[RANK0] F @ 181.63671875 (ms) to 211.164794921875 (ms), cudaEventElapsed = 7.578432083129883 (ms)
[RANK0] F @ 211.328125 (ms) to 240.793212890625 (ms), cudaEventElapsed = 7.5194878578186035 (ms)
[RANK0] F @ 240.941650390625 (ms) to 380.214111328125 (ms), cudaEventElapsed = 7.973311901092529 (ms)
[RANK0] F @ 380.375 (ms) to 413.572998046875 (ms), cudaEventElapsed = 7.6536641120910645 (ms)
[RANK0] F @ 413.733642578125 (ms) to 455.240234375 (ms), cudaEventElapsed = 7.599743843078613 (ms)
[RANK0] F @ 455.399658203125 (ms) to 626.7138671875 (ms), cudaEventElapsed = 7.958208084106445 (ms)
[RANK0] F @ 626.876220703125 (ms) to 666.794189453125 (ms), cudaEventElapsed = 7.690112113952637 (ms)
[RANK0] F @ 666.95751953125 (ms) to 715.59423828125 (ms), cudaEventElapsed = 7.673247814178467 (ms)
[RANK0] F @ 715.75927734375 (ms) to 871.458984375 (ms), cudaEventElapsed = 7.950016021728516 (ms)
[RANK0] F @ 871.6162109375 (ms) to 919.92041015625 (ms), cudaEventElapsed = 7.64851188659668 (ms)
