[RANK1] Iteration 1
[RANK1] F @ 1865.216552734375 (ms) to 2189.05810546875 (ms), cudaEventElapsed = 323.77178955078125 (ms)
[RANK1] F @ 3366.60009765625 (ms) to 3384.794677734375 (ms), cudaEventElapsed = 18.14112091064453 (ms)
[RANK1] F @ 3385.084228515625 (ms) to 3415.70556640625 (ms), cudaEventElapsed = 30.590496063232422 (ms)
[RANK1] F @ 3415.9208984375 (ms) to 3428.5078125 (ms), cudaEventElapsed = 12.56112003326416 (ms)
[RANK1] F @ 4714.50341796875 (ms) to 4728.43212890625 (ms), cudaEventElapsed = 13.885248184204102 (ms)
[RANK1] B @ 6273.413818359375 (ms) to 6544.16552734375 (ms), cudaEventElapsed = 270.68701171875 (ms)
[RANK1] F @ 6691.437744140625 (ms) to 6700.87451171875 (ms), cudaEventElapsed = 9.39680004119873 (ms)
[RANK1] B @ 6701.089599609375 (ms) to 6710.930419921875 (ms), cudaEventElapsed = 9.816927909851074 (ms)
[RANK1] F @ 6984.1123046875 (ms) to 6993.22265625 (ms), cudaEventElapsed = 9.081215858459473 (ms)
[RANK1] B @ 6993.44384765625 (ms) to 7003.4609375 (ms), cudaEventElapsed = 9.988160133361816 (ms)
[RANK1] F @ 7003.779296875 (ms) to 7012.835693359375 (ms), cudaEventElapsed = 9.021920204162598 (ms)
[RANK1] B @ 7013.08056640625 (ms) to 7023.494384765625 (ms), cudaEventElapsed = 10.385184288024902 (ms)
[RANK1] W @ 7023.701904296875 (ms) to 7030.32958984375 (ms), cudaEventElapsed = 6.598879814147949 (ms)
[RANK1] F @ 7030.435302734375 (ms) to 7039.47314453125 (ms), cudaEventElapsed = 9.015423774719238 (ms)
[RANK1] B @ 7039.9912109375 (ms) to 7050.29541015625 (ms), cudaEventElapsed = 10.275103569030762 (ms)
[RANK1] B @ 7050.96630859375 (ms) to 7060.766357421875 (ms), cudaEventElapsed = 9.763199806213379 (ms)
[RANK1] W @ 7060.92041015625 (ms) to 7067.1767578125 (ms), cudaEventElapsed = 6.22438383102417 (ms)
[RANK1] F @ 7067.35205078125 (ms) to 7076.464599609375 (ms), cudaEventElapsed = 9.08886432647705 (ms)
[RANK1] B @ 7076.99169921875 (ms) to 7087.195556640625 (ms), cudaEventElapsed = 10.175423622131348 (ms)
[RANK1] B @ 7087.8798828125 (ms) to 7097.60791015625 (ms), cudaEventElapsed = 9.695455551147461 (ms)
[RANK1] W @ 7097.750732421875 (ms) to 7104.0048828125 (ms), cudaEventElapsed = 6.224512100219727 (ms)
[RANK1] F @ 7104.17724609375 (ms) to 7113.21484375 (ms), cudaEventElapsed = 9.014944076538086 (ms)
[RANK1] B @ 7113.410888671875 (ms) to 7123.236083984375 (ms), cudaEventElapsed = 9.797280311584473 (ms)
[RANK1] W @ 7123.41650390625 (ms) to 7130.115966796875 (ms), cudaEventElapsed = 6.18339204788208 (ms)
[RANK1] F @ 7130.2685546875 (ms) to 7139.471435546875 (ms), cudaEventElapsed = 9.180704116821289 (ms)
[RANK1] B @ 7139.671630859375 (ms) to 7149.541015625 (ms), cudaEventElapsed = 9.840319633483887 (ms)
[RANK1] W @ 7149.689453125 (ms) to 7155.966796875 (ms), cudaEventElapsed = 6.246880054473877 (ms)
[RANK1] W @ 7156.0498046875 (ms) to 7162.350830078125 (ms), cudaEventElapsed = 6.281951904296875 (ms)
[RANK1] B @ 7162.4462890625 (ms) to 7172.312744140625 (ms), cudaEventElapsed = 9.846495628356934 (ms)
[RANK1] W @ 7172.44970703125 (ms) to 7178.735107421875 (ms), cudaEventElapsed = 6.257120132446289 (ms)
[RANK1] W @ 7178.822021484375 (ms) to 7185.1005859375 (ms), cudaEventElapsed = 6.259967803955078 (ms)
[RANK1] B @ 7185.203369140625 (ms) to 7195.0576171875 (ms), cudaEventElapsed = 9.831711769104004 (ms)
[RANK1] 4W @ 7195.19091796875 (ms) to 7219.971435546875 (ms), cudaEventElapsed = 24.75382423400879 (ms)
[RANK1] Iteration 2
[RANK1] F @ 10.729248046875 (ms) to 20.322021484375 (ms), cudaEventElapsed = 9.547712326049805 (ms)
[RANK1] F @ 20.624267578125 (ms) to 29.65771484375 (ms), cudaEventElapsed = 9.003199577331543 (ms)
[RANK1] F @ 29.95751953125 (ms) to 39.004638671875 (ms), cudaEventElapsed = 9.01632022857666 (ms)
[RANK1] F @ 39.2529296875 (ms) to 48.304443359375 (ms), cudaEventElapsed = 9.020992279052734 (ms)
[RANK1] F @ 49.027587890625 (ms) to 58.11962890625 (ms), cudaEventElapsed = 9.062975883483887 (ms)
[RANK1] B @ 63.37109375 (ms) to 73.429931640625 (ms), cudaEventElapsed = 10.026975631713867 (ms)
[RANK1] F @ 73.79541015625 (ms) to 83.047119140625 (ms), cudaEventElapsed = 9.218655586242676 (ms)
[RANK1] B @ 83.2705078125 (ms) to 92.998779296875 (ms), cudaEventElapsed = 9.69923210144043 (ms)
[RANK1] F @ 93.744140625 (ms) to 102.908203125 (ms), cudaEventElapsed = 9.130751609802246 (ms)
[RANK1] B @ 103.139892578125 (ms) to 112.922119140625 (ms), cudaEventElapsed = 9.75107192993164 (ms)
[RANK1] F @ 113.26025390625 (ms) to 122.424072265625 (ms), cudaEventElapsed = 9.130304336547852 (ms)
[RANK1] B @ 122.7177734375 (ms) to 132.33349609375 (ms), cudaEventElapsed = 9.583423614501953 (ms)
[RANK1] W @ 132.59521484375 (ms) to 139.014404296875 (ms), cudaEventElapsed = 6.389472007751465 (ms)
[RANK1] F @ 139.124267578125 (ms) to 148.169677734375 (ms), cudaEventElapsed = 9.023743629455566 (ms)
[RANK1] B @ 150.0966796875 (ms) to 161.095458984375 (ms), cudaEventElapsed = 10.9683198928833 (ms)
[RANK1] B @ 161.807373046875 (ms) to 171.269775390625 (ms), cudaEventElapsed = 9.429408073425293 (ms)
[RANK1] W @ 171.451904296875 (ms) to 177.705078125 (ms), cudaEventElapsed = 6.223104000091553 (ms)
[RANK1] F @ 177.893798828125 (ms) to 187.03515625 (ms), cudaEventElapsed = 9.118207931518555 (ms)
[RANK1] B @ 187.583740234375 (ms) to 198.356689453125 (ms), cudaEventElapsed = 10.743871688842773 (ms)
[RANK1] B @ 199.134765625 (ms) to 208.709716796875 (ms), cudaEventElapsed = 9.544320106506348 (ms)
[RANK1] W @ 208.8046875 (ms) to 215.015625 (ms), cudaEventElapsed = 6.191328048706055 (ms)
[RANK1] F @ 215.16162109375 (ms) to 224.20263671875 (ms), cudaEventElapsed = 9.020064353942871 (ms)
[RANK1] B @ 224.427490234375 (ms) to 234.16455078125 (ms), cudaEventElapsed = 9.706687927246094 (ms)
[RANK1] W @ 234.3916015625 (ms) to 241.017822265625 (ms), cudaEventElapsed = 6.16812801361084 (ms)
[RANK1] F @ 241.1923828125 (ms) to 250.297119140625 (ms), cudaEventElapsed = 9.080479621887207 (ms)
[RANK1] B @ 250.51318359375 (ms) to 260.232421875 (ms), cudaEventElapsed = 9.690367698669434 (ms)
[RANK1] W @ 260.424560546875 (ms) to 266.701904296875 (ms), cudaEventElapsed = 6.245567798614502 (ms)
[RANK1] W @ 266.806396484375 (ms) to 273.155517578125 (ms), cudaEventElapsed = 6.325503826141357 (ms)
[RANK1] B @ 274.1318359375 (ms) to 283.7529296875 (ms), cudaEventElapsed = 9.600799560546875 (ms)
[RANK1] W @ 283.92919921875 (ms) to 290.180908203125 (ms), cudaEventElapsed = 6.223104000091553 (ms)
[RANK1] W @ 290.28076171875 (ms) to 296.61328125 (ms), cudaEventElapsed = 6.313183784484863 (ms)
[RANK1] B @ 296.7216796875 (ms) to 306.416015625 (ms), cudaEventElapsed = 9.67199993133545 (ms)
[RANK1] 4W @ 306.606689453125 (ms) to 331.359130859375 (ms), cudaEventElapsed = 24.721343994140625 (ms)
[RANK1] Iteration 3
[RANK1] F @ 10.652099609375 (ms) to 20.041015625 (ms), cudaEventElapsed = 9.353280067443848 (ms)
[RANK1] F @ 20.3154296875 (ms) to 29.4072265625 (ms), cudaEventElapsed = 9.061311721801758 (ms)
[RANK1] F @ 29.6669921875 (ms) to 38.7509765625 (ms), cudaEventElapsed = 9.055968284606934 (ms)
[RANK1] F @ 38.978515625 (ms) to 48.026123046875 (ms), cudaEventElapsed = 9.018719673156738 (ms)
[RANK1] F @ 48.801513671875 (ms) to 57.812744140625 (ms), cudaEventElapsed = 8.981151580810547 (ms)
[RANK1] B @ 62.451171875 (ms) to 72.109375 (ms), cudaEventElapsed = 9.626208305358887 (ms)
[RANK1] F @ 72.46337890625 (ms) to 81.598876953125 (ms), cudaEventElapsed = 9.1014404296875 (ms)
[RANK1] B @ 81.831787109375 (ms) to 91.384765625 (ms), cudaEventElapsed = 9.52291202545166 (ms)
[RANK1] F @ 91.99462890625 (ms) to 101.09521484375 (ms), cudaEventElapsed = 9.068320274353027 (ms)
[RANK1] B @ 101.3251953125 (ms) to 111.07080078125 (ms), cudaEventElapsed = 9.71504020690918 (ms)
[RANK1] F @ 111.412353515625 (ms) to 120.58642578125 (ms), cudaEventElapsed = 9.14083194732666 (ms)
[RANK1] B @ 120.8798828125 (ms) to 130.375244140625 (ms), cudaEventElapsed = 9.461440086364746 (ms)
[RANK1] W @ 130.62939453125 (ms) to 137.013671875 (ms), cudaEventElapsed = 6.35587215423584 (ms)
[RANK1] F @ 137.12353515625 (ms) to 146.22607421875 (ms), cudaEventElapsed = 9.082367897033691 (ms)
[RANK1] B @ 149.62744140625 (ms) to 160.661376953125 (ms), cudaEventElapsed = 11.005663871765137 (ms)
[RANK1] B @ 161.399169921875 (ms) to 171.029541015625 (ms), cudaEventElapsed = 9.596832275390625 (ms)
[RANK1] W @ 171.212646484375 (ms) to 177.4560546875 (ms), cudaEventElapsed = 6.214079856872559 (ms)
[RANK1] F @ 177.6611328125 (ms) to 186.842041015625 (ms), cudaEventElapsed = 9.155391693115234 (ms)
[RANK1] B @ 187.37939453125 (ms) to 198.30615234375 (ms), cudaEventElapsed = 10.898112297058105 (ms)
[RANK1] B @ 199.4033203125 (ms) to 209.33642578125 (ms), cudaEventElapsed = 9.901023864746094 (ms)
[RANK1] W @ 209.44384765625 (ms) to 215.693359375 (ms), cudaEventElapsed = 6.227744102478027 (ms)
[RANK1] F @ 215.853759765625 (ms) to 224.982666015625 (ms), cudaEventElapsed = 9.107168197631836 (ms)
[RANK1] B @ 225.19873046875 (ms) to 234.925048828125 (ms), cudaEventElapsed = 9.696928024291992 (ms)
[RANK1] W @ 235.156494140625 (ms) to 241.7861328125 (ms), cudaEventElapsed = 6.176671981811523 (ms)
[RANK1] F @ 241.95166015625 (ms) to 251.239013671875 (ms), cudaEventElapsed = 9.26524829864502 (ms)
[RANK1] B @ 251.46240234375 (ms) to 261.441650390625 (ms), cudaEventElapsed = 9.950688362121582 (ms)
[RANK1] W @ 261.617431640625 (ms) to 267.904296875 (ms), cudaEventElapsed = 6.257343769073486 (ms)
[RANK1] W @ 268.0078125 (ms) to 274.374755859375 (ms), cudaEventElapsed = 6.3471360206604 (ms)
[RANK1] B @ 274.865478515625 (ms) to 284.696533203125 (ms), cudaEventElapsed = 9.811296463012695 (ms)
[RANK1] W @ 284.872802734375 (ms) to 291.15283203125 (ms), cudaEventElapsed = 6.250400066375732 (ms)
[RANK1] W @ 291.256103515625 (ms) to 297.5927734375 (ms), cudaEventElapsed = 6.317056179046631 (ms)
[RANK1] B @ 297.69384765625 (ms) to 307.41259765625 (ms), cudaEventElapsed = 9.698080062866211 (ms)
[RANK1] 4W @ 307.60205078125 (ms) to 332.304443359375 (ms), cudaEventElapsed = 24.670495986938477 (ms)
[RANK1] Iteration 4
[RANK1] F @ 10.730712890625 (ms) to 20.093505859375 (ms), cudaEventElapsed = 9.328096389770508 (ms)
[RANK1] F @ 20.392333984375 (ms) to 29.539794921875 (ms), cudaEventElapsed = 9.115039825439453 (ms)
[RANK1] F @ 29.798583984375 (ms) to 38.85009765625 (ms), cudaEventElapsed = 9.023296356201172 (ms)
[RANK1] F @ 39.081298828125 (ms) to 48.07421875 (ms), cudaEventElapsed = 8.964384078979492 (ms)
[RANK1] F @ 48.8837890625 (ms) to 58.05615234375 (ms), cudaEventElapsed = 9.142463684082031 (ms)
[RANK1] B @ 62.275146484375 (ms) to 72.27880859375 (ms), cudaEventElapsed = 9.971872329711914 (ms)
[RANK1] F @ 72.607666015625 (ms) to 81.886962890625 (ms), cudaEventElapsed = 9.24556827545166 (ms)
[RANK1] B @ 82.13525390625 (ms) to 91.89404296875 (ms), cudaEventElapsed = 9.728704452514648 (ms)
[RANK1] F @ 92.63134765625 (ms) to 101.916259765625 (ms), cudaEventElapsed = 9.251520156860352 (ms)
[RANK1] B @ 102.14599609375 (ms) to 111.927490234375 (ms), cudaEventElapsed = 9.751359939575195 (ms)
[RANK1] F @ 112.253662109375 (ms) to 121.47705078125 (ms), cudaEventElapsed = 9.191295623779297 (ms)
[RANK1] B @ 121.77001953125 (ms) to 131.58251953125 (ms), cudaEventElapsed = 9.77990436553955 (ms)
[RANK1] W @ 131.8203125 (ms) to 138.2197265625 (ms), cudaEventElapsed = 6.369503974914551 (ms)
[RANK1] F @ 138.334716796875 (ms) to 147.427978515625 (ms), cudaEventElapsed = 9.071136474609375 (ms)
[RANK1] B @ 149.702392578125 (ms) to 160.895263671875 (ms), cudaEventElapsed = 11.163552284240723 (ms)
[RANK1] B @ 161.609375 (ms) to 171.49169921875 (ms), cudaEventElapsed = 9.852640151977539 (ms)
[RANK1] W @ 171.5830078125 (ms) to 177.840087890625 (ms), cudaEventElapsed = 6.2381439208984375 (ms)
[RANK1] F @ 178.005126953125 (ms) to 187.194091796875 (ms), cudaEventElapsed = 9.165216445922852 (ms)
[RANK1] B @ 187.7490234375 (ms) to 198.623291015625 (ms), cudaEventElapsed = 10.843968391418457 (ms)
[RANK1] B @ 199.35693359375 (ms) to 209.14013671875 (ms), cudaEventElapsed = 9.749919891357422 (ms)
[RANK1] W @ 209.319580078125 (ms) to 215.580810546875 (ms), cudaEventElapsed = 6.231423854827881 (ms)
[RANK1] F @ 215.783935546875 (ms) to 225.04150390625 (ms), cudaEventElapsed = 9.2324800491333 (ms)
[RANK1] B @ 225.24462890625 (ms) to 235.1103515625 (ms), cudaEventElapsed = 9.836640357971191 (ms)
[RANK1] W @ 235.3271484375 (ms) to 241.974609375 (ms), cudaEventElapsed = 6.16326379776001 (ms)
[RANK1] F @ 242.14599609375 (ms) to 251.329345703125 (ms), cudaEventElapsed = 9.15999984741211 (ms)
[RANK1] B @ 251.541015625 (ms) to 261.279052734375 (ms), cudaEventElapsed = 9.708959579467773 (ms)
[RANK1] W @ 261.454345703125 (ms) to 267.741943359375 (ms), cudaEventElapsed = 6.258016109466553 (ms)
[RANK1] W @ 267.861083984375 (ms) to 274.225830078125 (ms), cudaEventElapsed = 6.3433918952941895 (ms)
[RANK1] B @ 274.59619140625 (ms) to 284.342529296875 (ms), cudaEventElapsed = 9.726783752441406 (ms)
[RANK1] W @ 284.530517578125 (ms) to 290.771240234375 (ms), cudaEventElapsed = 6.204927921295166 (ms)
[RANK1] W @ 290.871826171875 (ms) to 297.149169921875 (ms), cudaEventElapsed = 6.257311820983887 (ms)
[RANK1] B @ 297.250732421875 (ms) to 306.990478515625 (ms), cudaEventElapsed = 9.717151641845703 (ms)
[RANK1] 4W @ 307.161376953125 (ms) to 331.781494140625 (ms), cudaEventElapsed = 24.589279174804688 (ms)
[RANK1] Iteration 5
[RANK1] F @ 10.905029296875 (ms) to 20.397216796875 (ms), cudaEventElapsed = 9.456480026245117 (ms)
[RANK1] F @ 20.69189453125 (ms) to 29.81494140625 (ms), cudaEventElapsed = 9.090751647949219 (ms)
[RANK1] F @ 30.059814453125 (ms) to 39.103515625 (ms), cudaEventElapsed = 9.015711784362793 (ms)
[RANK1] F @ 39.321533203125 (ms) to 48.33251953125 (ms), cudaEventElapsed = 8.982527732849121 (ms)
[RANK1] F @ 49.0390625 (ms) to 58.15185546875 (ms), cudaEventElapsed = 9.0863676071167 (ms)
[RANK1] B @ 63.91943359375 (ms) to 73.959716796875 (ms), cudaEventElapsed = 10.011008262634277 (ms)
[RANK1] F @ 74.30224609375 (ms) to 83.487060546875 (ms), cudaEventElapsed = 9.150815963745117 (ms)
[RANK1] B @ 83.7099609375 (ms) to 93.90380859375 (ms), cudaEventElapsed = 10.16528034210205 (ms)
[RANK1] F @ 94.6298828125 (ms) to 103.85693359375 (ms), cudaEventElapsed = 9.196864128112793 (ms)
[RANK1] B @ 104.06689453125 (ms) to 114.119873046875 (ms), cudaEventElapsed = 10.024928092956543 (ms)
[RANK1] F @ 114.423095703125 (ms) to 123.682861328125 (ms), cudaEventElapsed = 9.228960037231445 (ms)
[RANK1] B @ 124.305419921875 (ms) to 134.618896484375 (ms), cudaEventElapsed = 10.285663604736328 (ms)
[RANK1] W @ 134.8466796875 (ms) to 141.37255859375 (ms), cudaEventElapsed = 6.499135971069336 (ms)
[RANK1] F @ 141.476806640625 (ms) to 150.75634765625 (ms), cudaEventElapsed = 9.260640144348145 (ms)
[RANK1] B @ 154.14306640625 (ms) to 165.879638671875 (ms), cudaEventElapsed = 11.708671569824219 (ms)
[RANK1] B @ 166.59130859375 (ms) to 176.712890625 (ms), cudaEventElapsed = 10.091103553771973 (ms)
[RANK1] W @ 176.875732421875 (ms) to 183.2607421875 (ms), cudaEventElapsed = 6.357183933258057 (ms)
[RANK1] F @ 183.430419921875 (ms) to 192.8232421875 (ms), cudaEventElapsed = 9.371711730957031 (ms)
[RANK1] B @ 193.82568359375 (ms) to 205.52880859375 (ms), cudaEventElapsed = 11.67574405670166 (ms)
[RANK1] B @ 206.246826171875 (ms) to 216.410400390625 (ms), cudaEventElapsed = 10.132448196411133 (ms)
[RANK1] W @ 216.5751953125 (ms) to 222.976806640625 (ms), cudaEventElapsed = 6.3733439445495605 (ms)
[RANK1] F @ 223.146728515625 (ms) to 232.590576171875 (ms), cudaEventElapsed = 9.422783851623535 (ms)
[RANK1] B @ 232.7939453125 (ms) to 243.256103515625 (ms), cudaEventElapsed = 10.434399604797363 (ms)
[RANK1] W @ 243.462890625 (ms) to 250.28515625 (ms), cudaEventElapsed = 6.361248016357422 (ms)
[RANK1] F @ 250.466552734375 (ms) to 259.969970703125 (ms), cudaEventElapsed = 9.479583740234375 (ms)
[RANK1] B @ 260.198974609375 (ms) to 270.509033203125 (ms), cudaEventElapsed = 10.280608177185059 (ms)
[RANK1] W @ 270.689208984375 (ms) to 277.10791015625 (ms), cudaEventElapsed = 6.389311790466309 (ms)
[RANK1] W @ 277.217529296875 (ms) to 283.763916015625 (ms), cudaEventElapsed = 6.525440216064453 (ms)
[RANK1] B @ 286.472900390625 (ms) to 297.128662109375 (ms), cudaEventElapsed = 10.633503913879395 (ms)
[RANK1] W @ 297.311767578125 (ms) to 303.85205078125 (ms), cudaEventElapsed = 6.5107197761535645 (ms)
[RANK1] W @ 303.9443359375 (ms) to 311.640869140625 (ms), cudaEventElapsed = 7.67849588394165 (ms)
[RANK1] B @ 311.736572265625 (ms) to 322.1689453125 (ms), cudaEventElapsed = 10.413408279418945 (ms)
[RANK1] 4W @ 322.343505859375 (ms) to 348.12841796875 (ms), cudaEventElapsed = 25.75721549987793 (ms)
[RANK1] Iteration 6
[RANK1] F @ 10.958984375 (ms) to 20.38232421875 (ms), cudaEventElapsed = 9.389632225036621 (ms)
[RANK1] F @ 20.630126953125 (ms) to 29.770263671875 (ms), cudaEventElapsed = 9.11292839050293 (ms)
[RANK1] F @ 30.016845703125 (ms) to 39.150634765625 (ms), cudaEventElapsed = 9.106656074523926 (ms)
[RANK1] F @ 39.358154296875 (ms) to 48.4462890625 (ms), cudaEventElapsed = 9.060576438903809 (ms)
[RANK1] F @ 49.19384765625 (ms) to 58.30615234375 (ms), cudaEventElapsed = 9.084671974182129 (ms)
[RANK1] B @ 63.930908203125 (ms) to 74.163818359375 (ms), cudaEventElapsed = 10.205151557922363 (ms)
[RANK1] F @ 74.467041015625 (ms) to 83.665771484375 (ms), cudaEventElapsed = 9.167712211608887 (ms)
[RANK1] B @ 83.876220703125 (ms) to 93.991943359375 (ms), cudaEventElapsed = 10.088000297546387 (ms)
[RANK1] F @ 94.713134765625 (ms) to 104.04248046875 (ms), cudaEventElapsed = 9.298879623413086 (ms)
[RANK1] B @ 104.796142578125 (ms) to 115.079833984375 (ms), cudaEventElapsed = 10.247967720031738 (ms)
[RANK1] F @ 115.31689453125 (ms) to 124.685791015625 (ms), cudaEventElapsed = 9.344672203063965 (ms)
[RANK1] B @ 124.9326171875 (ms) to 135.18701171875 (ms), cudaEventElapsed = 10.2260160446167 (ms)
[RANK1] W @ 135.4072265625 (ms) to 141.957275390625 (ms), cudaEventElapsed = 6.522143840789795 (ms)
[RANK1] F @ 142.06298828125 (ms) to 151.325927734375 (ms), cudaEventElapsed = 9.242976188659668 (ms)
[RANK1] B @ 154.44091796875 (ms) to 166.257080078125 (ms), cudaEventElapsed = 11.788352012634277 (ms)
[RANK1] B @ 166.989013671875 (ms) to 177.264892578125 (ms), cudaEventElapsed = 10.244447708129883 (ms)
[RANK1] W @ 177.43505859375 (ms) to 183.8525390625 (ms), cudaEventElapsed = 6.390336036682129 (ms)
[RANK1] F @ 184.022705078125 (ms) to 193.453857421875 (ms), cudaEventElapsed = 9.410207748413086 (ms)
[RANK1] B @ 194.014404296875 (ms) to 205.63427734375 (ms), cudaEventElapsed = 11.59113597869873 (ms)
[RANK1] B @ 206.349853515625 (ms) to 216.515380859375 (ms), cudaEventElapsed = 10.132448196411133 (ms)
[RANK1] W @ 216.698974609375 (ms) to 223.12158203125 (ms), cudaEventElapsed = 6.391615867614746 (ms)
[RANK1] F @ 223.3193359375 (ms) to 232.7490234375 (ms), cudaEventElapsed = 9.403648376464844 (ms)
[RANK1] B @ 232.96337890625 (ms) to 243.233642578125 (ms), cudaEventElapsed = 10.240608215332031 (ms)
[RANK1] W @ 243.466552734375 (ms) to 250.310546875 (ms), cudaEventElapsed = 6.403456211090088 (ms)
[RANK1] F @ 250.49072265625 (ms) to 260.5703125 (ms), cudaEventElapsed = 10.055520057678223 (ms)
[RANK1] B @ 260.7744140625 (ms) to 271.69677734375 (ms), cudaEventElapsed = 10.894880294799805 (ms)
[RANK1] W @ 271.860595703125 (ms) to 278.47265625 (ms), cudaEventElapsed = 6.584224224090576 (ms)
[RANK1] W @ 278.568115234375 (ms) to 285.281494140625 (ms), cudaEventElapsed = 6.694784164428711 (ms)
[RANK1] B @ 285.588134765625 (ms) to 296.377685546875 (ms), cudaEventElapsed = 10.770719528198242 (ms)
[RANK1] W @ 296.542724609375 (ms) to 303.08642578125 (ms), cudaEventElapsed = 6.5147199630737305 (ms)
[RANK1] W @ 303.189697265625 (ms) to 309.89111328125 (ms), cudaEventElapsed = 6.683455944061279 (ms)
[RANK1] B @ 309.98681640625 (ms) to 320.64990234375 (ms), cudaEventElapsed = 10.644096374511719 (ms)
[RANK1] 4W @ 320.81396484375 (ms) to 347.40234375 (ms), cudaEventElapsed = 26.559295654296875 (ms)
[RANK1] Iteration 7
[RANK1] F @ 10.944580078125 (ms) to 20.646728515625 (ms), cudaEventElapsed = 9.66806411743164 (ms)
[RANK1] F @ 20.91357421875 (ms) to 30.39306640625 (ms), cudaEventElapsed = 9.450176239013672 (ms)
[RANK1] F @ 30.643798828125 (ms) to 40.046630859375 (ms), cudaEventElapsed = 9.374208450317383 (ms)
[RANK1] F @ 40.2568359375 (ms) to 49.515625 (ms), cudaEventElapsed = 9.230912208557129 (ms)
[RANK1] F @ 50.2724609375 (ms) to 59.648193359375 (ms), cudaEventElapsed = 9.347328186035156 (ms)
[RANK1] B @ 65.5224609375 (ms) to 75.847900390625 (ms), cudaEventElapsed = 10.296799659729004 (ms)
[RANK1] F @ 76.185546875 (ms) to 85.5888671875 (ms), cudaEventElapsed = 9.370207786560059 (ms)
[RANK1] B @ 85.799560546875 (ms) to 96.1181640625 (ms), cudaEventElapsed = 10.291104316711426 (ms)
[RANK1] F @ 96.835693359375 (ms) to 106.078369140625 (ms), cudaEventElapsed = 9.212703704833984 (ms)
[RANK1] B @ 106.289306640625 (ms) to 116.340576171875 (ms), cudaEventElapsed = 10.023967742919922 (ms)
[RANK1] F @ 116.641357421875 (ms) to 125.833984375 (ms), cudaEventElapsed = 9.162752151489258 (ms)
[RANK1] B @ 126.12353515625 (ms) to 136.13427734375 (ms), cudaEventElapsed = 9.978464126586914 (ms)
[RANK1] W @ 136.35009765625 (ms) to 142.862060546875 (ms), cudaEventElapsed = 6.48364782333374 (ms)
[RANK1] F @ 142.970947265625 (ms) to 152.41064453125 (ms), cudaEventElapsed = 9.419232368469238 (ms)
[RANK1] B @ 155.9990234375 (ms) to 167.8193359375 (ms), cudaEventElapsed = 11.792223930358887 (ms)
[RANK1] B @ 168.5478515625 (ms) to 179.024658203125 (ms), cudaEventElapsed = 10.443008422851562 (ms)
[RANK1] W @ 179.2109375 (ms) to 185.635986328125 (ms), cudaEventElapsed = 6.395232200622559 (ms)
[RANK1] F @ 185.80712890625 (ms) to 195.285888671875 (ms), cudaEventElapsed = 9.456064224243164 (ms)
[RANK1] B @ 195.795654296875 (ms) to 207.38427734375 (ms), cudaEventElapsed = 11.559904098510742 (ms)
[RANK1] B @ 208.0869140625 (ms) to 218.200927734375 (ms), cudaEventElapsed = 10.083200454711914 (ms)
[RANK1] W @ 218.365966796875 (ms) to 224.778564453125 (ms), cudaEventElapsed = 6.384575843811035 (ms)
[RANK1] F @ 224.958251953125 (ms) to 234.28076171875 (ms), cudaEventElapsed = 9.300383567810059 (ms)
[RANK1] B @ 234.483154296875 (ms) to 244.750732421875 (ms), cudaEventElapsed = 10.24067211151123 (ms)
[RANK1] W @ 244.95751953125 (ms) to 251.717041015625 (ms), cudaEventElapsed = 6.330111980438232 (ms)
[RANK1] F @ 251.8896484375 (ms) to 261.35498046875 (ms), cudaEventElapsed = 9.44377613067627 (ms)
[RANK1] B @ 261.556640625 (ms) to 271.8642578125 (ms), cudaEventElapsed = 10.279808044433594 (ms)
[RANK1] W @ 272.029296875 (ms) to 278.562744140625 (ms), cudaEventElapsed = 6.506239891052246 (ms)
[RANK1] W @ 278.65625 (ms) to 285.3896484375 (ms), cudaEventElapsed = 6.715968132019043 (ms)
[RANK1] B @ 287.225830078125 (ms) to 298.2021484375 (ms), cudaEventElapsed = 10.956192016601562 (ms)
[RANK1] W @ 298.3798828125 (ms) to 305.028564453125 (ms), cudaEventElapsed = 6.614943981170654 (ms)
[RANK1] W @ 305.142578125 (ms) to 311.846923828125 (ms), cudaEventElapsed = 6.684031963348389 (ms)
[RANK1] B @ 311.9404296875 (ms) to 322.7216796875 (ms), cudaEventElapsed = 10.762304306030273 (ms)
[RANK1] 4W @ 322.88525390625 (ms) to 349.08544921875 (ms), cudaEventElapsed = 26.163904190063477 (ms)
[RANK1] Iteration 8
[RANK1] F @ 11.171875 (ms) to 22.010986328125 (ms), cudaEventElapsed = 10.804320335388184 (ms)
[RANK1] F @ 22.2607421875 (ms) to 32.922119140625 (ms), cudaEventElapsed = 10.632736206054688 (ms)
[RANK1] F @ 33.19873046875 (ms) to 42.3759765625 (ms), cudaEventElapsed = 9.149408340454102 (ms)
[RANK1] F @ 42.58447265625 (ms) to 51.697265625 (ms), cudaEventElapsed = 9.08521556854248 (ms)
[RANK1] F @ 52.414306640625 (ms) to 61.61962890625 (ms), cudaEventElapsed = 9.176671981811523 (ms)
[RANK1] B @ 66.913330078125 (ms) to 77.266845703125 (ms), cudaEventElapsed = 10.325535774230957 (ms)
[RANK1] F @ 77.56494140625 (ms) to 86.908447265625 (ms), cudaEventElapsed = 9.313152313232422 (ms)
[RANK1] B @ 87.118896484375 (ms) to 97.27490234375 (ms), cudaEventElapsed = 10.127584457397461 (ms)
[RANK1] F @ 97.96044921875 (ms) to 107.154541015625 (ms), cudaEventElapsed = 9.1627197265625 (ms)
[RANK1] B @ 107.36669921875 (ms) to 117.5234375 (ms), cudaEventElapsed = 10.128416061401367 (ms)
[RANK1] F @ 117.833251953125 (ms) to 127.1220703125 (ms), cudaEventElapsed = 9.257823944091797 (ms)
[RANK1] B @ 127.37744140625 (ms) to 137.520263671875 (ms), cudaEventElapsed = 10.112799644470215 (ms)
[RANK1] W @ 137.77001953125 (ms) to 144.312744140625 (ms), cudaEventElapsed = 6.513792037963867 (ms)
[RANK1] F @ 144.417236328125 (ms) to 153.68017578125 (ms), cudaEventElapsed = 9.24233627319336 (ms)
[RANK1] B @ 157.490234375 (ms) to 169.19140625 (ms), cudaEventElapsed = 11.67296028137207 (ms)
[RANK1] B @ 169.935791015625 (ms) to 180.0615234375 (ms), cudaEventElapsed = 10.093567848205566 (ms)
[RANK1] W @ 180.2470703125 (ms) to 186.654296875 (ms), cudaEventElapsed = 6.376224040985107 (ms)
[RANK1] F @ 186.8515625 (ms) to 196.116455078125 (ms), cudaEventElapsed = 9.240544319152832 (ms)
[RANK1] B @ 196.663330078125 (ms) to 208.48681640625 (ms), cudaEventElapsed = 11.793951988220215 (ms)
[RANK1] B @ 209.203369140625 (ms) to 219.64892578125 (ms), cudaEventElapsed = 10.412768363952637 (ms)
[RANK1] W @ 219.834228515625 (ms) to 226.28955078125 (ms), cudaEventElapsed = 6.424736022949219 (ms)
[RANK1] F @ 226.48388671875 (ms) to 236.19482421875 (ms), cudaEventElapsed = 9.687711715698242 (ms)
[RANK1] B @ 236.39599609375 (ms) to 247.1142578125 (ms), cudaEventElapsed = 10.689215660095215 (ms)
[RANK1] W @ 247.31787109375 (ms) to 254.20166015625 (ms), cudaEventElapsed = 6.420735836029053 (ms)
[RANK1] F @ 254.358154296875 (ms) to 264.04736328125 (ms), cudaEventElapsed = 9.667776107788086 (ms)
[RANK1] B @ 264.273193359375 (ms) to 274.8359375 (ms), cudaEventElapsed = 10.530176162719727 (ms)
[RANK1] W @ 275.021240234375 (ms) to 281.50439453125 (ms), cudaEventElapsed = 6.452767848968506 (ms)
[RANK1] W @ 281.614501953125 (ms) to 288.18701171875 (ms), cudaEventElapsed = 6.552095890045166 (ms)
[RANK1] B @ 288.28955078125 (ms) to 298.545654296875 (ms), cudaEventElapsed = 10.234880447387695 (ms)
[RANK1] W @ 298.722412109375 (ms) to 305.394775390625 (ms), cudaEventElapsed = 6.635839939117432 (ms)
[RANK1] W @ 305.504150390625 (ms) to 312.322021484375 (ms), cudaEventElapsed = 6.797120094299316 (ms)
[RANK1] B @ 312.423828125 (ms) to 323.452392578125 (ms), cudaEventElapsed = 11.008511543273926 (ms)
[RANK1] 4W @ 323.640625 (ms) to 349.6298828125 (ms), cudaEventElapsed = 25.95916748046875 (ms)
[RANK1] Iteration 9
[RANK1] F @ 10.8466796875 (ms) to 20.651611328125 (ms), cudaEventElapsed = 9.770208358764648 (ms)
[RANK1] F @ 79.692138671875 (ms) to 88.7158203125 (ms), cudaEventElapsed = 8.987104415893555 (ms)
[RANK1] F @ 111.15283203125 (ms) to 120.155029296875 (ms), cudaEventElapsed = 8.970975875854492 (ms)
[RANK1] F @ 142.45068359375 (ms) to 151.49609375 (ms), cudaEventElapsed = 9.018464088439941 (ms)
[RANK1] F @ 178.713623046875 (ms) to 187.76318359375 (ms), cudaEventElapsed = 9.017951965332031 (ms)
[RANK1] B @ 270.16552734375 (ms) to 280.23291015625 (ms), cudaEventElapsed = 10.035776138305664 (ms)
[RANK1] F @ 306.6376953125 (ms) to 315.746337890625 (ms), cudaEventElapsed = 9.075712203979492 (ms)
[RANK1] B @ 369.09716796875 (ms) to 379.1455078125 (ms), cudaEventElapsed = 10.020223617553711 (ms)
[RANK1] F @ 405.877685546875 (ms) to 414.974365234375 (ms), cudaEventElapsed = 9.064000129699707 (ms)
[RANK1] B @ 445.98046875 (ms) to 455.90478515625 (ms), cudaEventElapsed = 9.8953275680542 (ms)
[RANK1] F @ 482.119140625 (ms) to 491.173828125 (ms), cudaEventElapsed = 9.023872375488281 (ms)
[RANK1] B @ 522.94140625 (ms) to 533.04638671875 (ms), cudaEventElapsed = 10.070752143859863 (ms)
[RANK1] W @ 533.309326171875 (ms) to 565.643798828125 (ms), cudaEventElapsed = 6.395936012268066 (ms)
[RANK1] F @ 565.7568359375 (ms) to 574.81591796875 (ms), cudaEventElapsed = 9.0349760055542 (ms)
[RANK1] B @ 600.3115234375 (ms) to 611.63916015625 (ms), cudaEventElapsed = 11.298720359802246 (ms)
[RANK1] B @ 654.401611328125 (ms) to 664.42919921875 (ms), cudaEventElapsed = 9.996288299560547 (ms)
[RANK1] W @ 664.601318359375 (ms) to 696.946044921875 (ms), cudaEventElapsed = 6.2781758308410645 (ms)
[RANK1] F @ 697.123779296875 (ms) to 706.17236328125 (ms), cudaEventElapsed = 9.026368141174316 (ms)
[RANK1] B @ 759.829345703125 (ms) to 771.1630859375 (ms), cudaEventElapsed = 11.305472373962402 (ms)
[RANK1] B @ 797.764892578125 (ms) to 807.919921875 (ms), cudaEventElapsed = 10.12172794342041 (ms)
[RANK1] W @ 808.120849609375 (ms) to 840.363037109375 (ms), cudaEventElapsed = 6.268959999084473 (ms)
[RANK1] F @ 840.533935546875 (ms) to 849.568115234375 (ms), cudaEventElapsed = 9.012672424316406 (ms)
[RANK1] B @ 887.11865234375 (ms) to 897.143310546875 (ms), cudaEventElapsed = 9.99619197845459 (ms)
[RANK1] W @ 897.36376953125 (ms) to 930.00146484375 (ms), cudaEventElapsed = 6.300384044647217 (ms)
[RANK1] F @ 930.177734375 (ms) to 939.270263671875 (ms), cudaEventElapsed = 9.069087982177734 (ms)
[RANK1] B @ 986.416259765625 (ms) to 996.5771484375 (ms), cudaEventElapsed = 10.13036823272705 (ms)
[RANK1] W @ 996.76806640625 (ms) to 1029.0439453125 (ms), cudaEventElapsed = 6.295936107635498 (ms)
[RANK1] W @ 1029.153564453125 (ms) to 1035.647705078125 (ms), cudaEventElapsed = 6.472959995269775 (ms)
[RANK1] B @ 1063.704345703125 (ms) to 1073.724365234375 (ms), cudaEventElapsed = 10.000960350036621 (ms)
[RANK1] W @ 1073.91015625 (ms) to 1106.17578125 (ms), cudaEventElapsed = 6.305600166320801 (ms)
[RANK1] W @ 1106.285400390625 (ms) to 1112.69580078125 (ms), cudaEventElapsed = 6.390399932861328 (ms)
[RANK1] B @ 1112.79931640625 (ms) to 1122.902587890625 (ms), cudaEventElapsed = 10.081888198852539 (ms)
[RANK1] 4W @ 1123.080810546875 (ms) to 1174.86572265625 (ms), cudaEventElapsed = 25.11996841430664 (ms)
[RANK1] Iteration 10
[RANK1] F @ 10.823974609375 (ms) to 20.509765625 (ms), cudaEventElapsed = 9.652288436889648 (ms)
[RANK1] F @ 44.6865234375 (ms) to 53.7177734375 (ms), cudaEventElapsed = 9.00211238861084 (ms)
[RANK1] F @ 76.364990234375 (ms) to 85.358154296875 (ms), cudaEventElapsed = 8.96288013458252 (ms)
[RANK1] F @ 107.657470703125 (ms) to 116.592529296875 (ms), cudaEventElapsed = 8.90668773651123 (ms)
[RANK1] F @ 139.447265625 (ms) to 148.442626953125 (ms), cudaEventElapsed = 8.96678352355957 (ms)
[RANK1] B @ 221.635498046875 (ms) to 231.843994140625 (ms), cudaEventElapsed = 10.177887916564941 (ms)
[RANK1] F @ 258.267333984375 (ms) to 267.368896484375 (ms), cudaEventElapsed = 9.069151878356934 (ms)
[RANK1] B @ 320.572021484375 (ms) to 330.509765625 (ms), cudaEventElapsed = 9.908512115478516 (ms)
[RANK1] F @ 357.26611328125 (ms) to 366.41943359375 (ms), cudaEventElapsed = 9.121439933776855 (ms)
[RANK1] B @ 397.47607421875 (ms) to 407.633056640625 (ms), cudaEventElapsed = 10.128800392150879 (ms)
[RANK1] F @ 433.8681640625 (ms) to 442.96826171875 (ms), cudaEventElapsed = 9.065823554992676 (ms)
[RANK1] B @ 474.28076171875 (ms) to 484.3193359375 (ms), cudaEventElapsed = 10.006464004516602 (ms)
[RANK1] W @ 484.55517578125 (ms) to 516.90087890625 (ms), cudaEventElapsed = 6.411871910095215 (ms)
[RANK1] F @ 517.006103515625 (ms) to 526.04248046875 (ms), cudaEventElapsed = 9.016351699829102 (ms)
[RANK1] B @ 551.496337890625 (ms) to 562.7734375 (ms), cudaEventElapsed = 11.24828815460205 (ms)
[RANK1] B @ 605.550048828125 (ms) to 615.627197265625 (ms), cudaEventElapsed = 10.041343688964844 (ms)
[RANK1] W @ 615.831298828125 (ms) to 648.060302734375 (ms), cudaEventElapsed = 6.270400047302246 (ms)
[RANK1] F @ 648.245361328125 (ms) to 657.284912109375 (ms), cudaEventElapsed = 9.016351699829102 (ms)
[RANK1] B @ 710.96826171875 (ms) to 722.295654296875 (ms), cudaEventElapsed = 11.29923152923584 (ms)
[RANK1] B @ 748.839111328125 (ms) to 758.8125 (ms), cudaEventElapsed = 9.939359664916992 (ms)
[RANK1] W @ 759.01220703125 (ms) to 791.28466796875 (ms), cudaEventElapsed = 6.283520221710205 (ms)
[RANK1] F @ 791.479248046875 (ms) to 800.54931640625 (ms), cudaEventElapsed = 9.04684829711914 (ms)
[RANK1] B @ 838.218505859375 (ms) to 848.246337890625 (ms), cudaEventElapsed = 9.997599601745605 (ms)
[RANK1] W @ 848.481689453125 (ms) to 881.083251953125 (ms), cudaEventElapsed = 6.301152229309082 (ms)
[RANK1] F @ 881.259033203125 (ms) to 890.3271484375 (ms), cudaEventElapsed = 9.044351577758789 (ms)
[RANK1] B @ 937.517578125 (ms) to 947.594970703125 (ms), cudaEventElapsed = 10.045439720153809 (ms)
[RANK1] W @ 947.76904296875 (ms) to 980.04833984375 (ms), cudaEventElapsed = 6.2987518310546875 (ms)
[RANK1] W @ 980.14599609375 (ms) to 986.634033203125 (ms), cudaEventElapsed = 6.469600200653076 (ms)
[RANK1] B @ 1014.851318359375 (ms) to 1024.915283203125 (ms), cudaEventElapsed = 10.042559623718262 (ms)
[RANK1] W @ 1025.079345703125 (ms) to 1057.361328125 (ms), cudaEventElapsed = 6.285183906555176 (ms)
[RANK1] W @ 1057.470947265625 (ms) to 1063.85693359375 (ms), cudaEventElapsed = 6.365983963012695 (ms)
[RANK1] B @ 1063.960205078125 (ms) to 1074.022216796875 (ms), cudaEventElapsed = 10.039711952209473 (ms)
[RANK1] 4W @ 1074.21630859375 (ms) to 1126.182861328125 (ms), cudaEventElapsed = 25.128511428833008 (ms)
[RANK1] Iteration 11
[RANK1] F @ 11.552734375 (ms) to 20.870849609375 (ms), cudaEventElapsed = 9.284799575805664 (ms)
[RANK1] F @ 43.82421875 (ms) to 52.856689453125 (ms), cudaEventElapsed = 9.005696296691895 (ms)
[RANK1] F @ 75.4462890625 (ms) to 84.4521484375 (ms), cudaEventElapsed = 8.975423812866211 (ms)
[RANK1] F @ 106.759521484375 (ms) to 115.706787109375 (ms), cudaEventElapsed = 8.920384407043457 (ms)
[RANK1] F @ 138.709716796875 (ms) to 147.678955078125 (ms), cudaEventElapsed = 8.94211196899414 (ms)
[RANK1] B @ 220.775390625 (ms) to 230.7607421875 (ms), cudaEventElapsed = 9.954976081848145 (ms)
[RANK1] F @ 257.16943359375 (ms) to 266.314208984375 (ms), cudaEventElapsed = 9.112544059753418 (ms)
[RANK1] B @ 319.74462890625 (ms) to 329.789306640625 (ms), cudaEventElapsed = 10.015775680541992 (ms)
[RANK1] F @ 356.60302734375 (ms) to 365.681884765625 (ms), cudaEventElapsed = 9.046143531799316 (ms)
[RANK1] B @ 396.51904296875 (ms) to 406.546142578125 (ms), cudaEventElapsed = 9.999584197998047 (ms)
[RANK1] F @ 432.74951171875 (ms) to 441.82958984375 (ms), cudaEventElapsed = 9.047616004943848 (ms)
[RANK1] B @ 473.4326171875 (ms) to 483.392822265625 (ms), cudaEventElapsed = 9.92966365814209 (ms)
[RANK1] W @ 483.621337890625 (ms) to 515.95703125 (ms), cudaEventElapsed = 6.3970561027526855 (ms)
[RANK1] F @ 516.061767578125 (ms) to 525.099853515625 (ms), cudaEventElapsed = 9.019264221191406 (ms)
[RANK1] B @ 550.93017578125 (ms) to 562.281494140625 (ms), cudaEventElapsed = 11.321215629577637 (ms)
[RANK1] B @ 604.881103515625 (ms) to 614.873046875 (ms), cudaEventElapsed = 9.958880424499512 (ms)
[RANK1] W @ 615.0595703125 (ms) to 647.297607421875 (ms), cudaEventElapsed = 6.276832103729248 (ms)
[RANK1] F @ 647.469482421875 (ms) to 656.489990234375 (ms), cudaEventElapsed = 8.99897575378418 (ms)
[RANK1] B @ 710.154296875 (ms) to 721.38134765625 (ms), cudaEventElapsed = 11.198559761047363 (ms)
[RANK1] B @ 767.512939453125 (ms) to 778.94873046875 (ms), cudaEventElapsed = 11.400064468383789 (ms)
[RANK1] W @ 779.13720703125 (ms) to 833.44482421875 (ms), cudaEventElapsed = 6.258016109466553 (ms)
[RANK1] F @ 833.642578125 (ms) to 842.6494140625 (ms), cudaEventElapsed = 8.982848167419434 (ms)
[RANK1] B @ 860.789794921875 (ms) to 870.720703125 (ms), cudaEventElapsed = 9.901984214782715 (ms)
[RANK1] W @ 870.932861328125 (ms) to 922.730712890625 (ms), cudaEventElapsed = 6.424736022949219 (ms)
[RANK1] F @ 930.9013671875 (ms) to 939.928466796875 (ms), cudaEventElapsed = 9.003744125366211 (ms)
[RANK1] B @ 958.077392578125 (ms) to 968.131103515625 (ms), cudaEventElapsed = 10.023263931274414 (ms)
[RANK1] W @ 968.30712890625 (ms) to 1019.596435546875 (ms), cudaEventElapsed = 6.28601598739624 (ms)
[RANK1] W @ 1019.70703125 (ms) to 1026.188232421875 (ms), cudaEventElapsed = 6.460576057434082 (ms)
[RANK1] B @ 1033.3525390625 (ms) to 1043.265380859375 (ms), cudaEventElapsed = 9.892704010009766 (ms)
[RANK1] W @ 1043.456787109375 (ms) to 1094.73583984375 (ms), cudaEventElapsed = 6.28710412979126 (ms)
[RANK1] W @ 1094.849365234375 (ms) to 1101.193603515625 (ms), cudaEventElapsed = 6.324319839477539 (ms)
[RANK1] B @ 1101.297607421875 (ms) to 1111.4091796875 (ms), cudaEventElapsed = 10.09113597869873 (ms)
[RANK1] 4W @ 1111.593994140625 (ms) to 1184.96435546875 (ms), cudaEventElapsed = 25.10745620727539 (ms)
[RANK1] Iteration 12
[RANK1] F @ 25.29248046875 (ms) to 34.765625 (ms), cudaEventElapsed = 9.435680389404297 (ms)
[RANK1] F @ 65.740966796875 (ms) to 74.7978515625 (ms), cudaEventElapsed = 9.023839950561523 (ms)
[RANK1] F @ 93.180908203125 (ms) to 102.11083984375 (ms), cudaEventElapsed = 8.902432441711426 (ms)
[RANK1] F @ 120.3779296875 (ms) to 129.3701171875 (ms), cudaEventElapsed = 8.965312004089355 (ms)
[RANK1] F @ 148.248779296875 (ms) to 157.25048828125 (ms), cudaEventElapsed = 8.968576431274414 (ms)
[RANK1] B @ 272.677490234375 (ms) to 282.708740234375 (ms), cudaEventElapsed = 10.000736236572266 (ms)
[RANK1] F @ 328.271484375 (ms) to 337.4111328125 (ms), cudaEventElapsed = 9.105728149414062 (ms)
[RANK1] B @ 383.8720703125 (ms) to 393.7890625 (ms), cudaEventElapsed = 9.886240005493164 (ms)
[RANK1] F @ 439.420166015625 (ms) to 448.504638671875 (ms), cudaEventElapsed = 9.050496101379395 (ms)
[RANK1] B @ 466.646240234375 (ms) to 476.736572265625 (ms), cudaEventElapsed = 10.056192398071289 (ms)
[RANK1] F @ 522.004638671875 (ms) to 531.039306640625 (ms), cudaEventElapsed = 9.001312255859375 (ms)
[RANK1] B @ 549.292236328125 (ms) to 559.228759765625 (ms), cudaEventElapsed = 9.908191680908203 (ms)
[RANK1] W @ 559.453857421875 (ms) to 610.840576171875 (ms), cudaEventElapsed = 6.267583847045898 (ms)
[RANK1] F @ 610.944580078125 (ms) to 619.868896484375 (ms), cudaEventElapsed = 8.904831886291504 (ms)
[RANK1] B @ 638.382080078125 (ms) to 649.77490234375 (ms), cudaEventElapsed = 11.363360404968262 (ms)
[RANK1] B @ 695.33056640625 (ms) to 706.669189453125 (ms), cudaEventElapsed = 11.306048393249512 (ms)
[RANK1] W @ 706.8544921875 (ms) to 761.22314453125 (ms), cudaEventElapsed = 6.263552188873291 (ms)
[RANK1] F @ 761.420654296875 (ms) to 770.426513671875 (ms), cudaEventElapsed = 8.982336044311523 (ms)
[RANK1] B @ 788.97802734375 (ms) to 800.44873046875 (ms), cudaEventElapsed = 11.442943572998047 (ms)
[RANK1] B @ 845.998779296875 (ms) to 857.3916015625 (ms), cudaEventElapsed = 11.360544204711914 (ms)
[RANK1] W @ 857.581298828125 (ms) to 911.921875 (ms), cudaEventElapsed = 6.274496078491211 (ms)
[RANK1] F @ 912.11865234375 (ms) to 921.108642578125 (ms), cudaEventElapsed = 8.966560363769531 (ms)
[RANK1] B @ 939.2412109375 (ms) to 949.230224609375 (ms), cudaEventElapsed = 9.961343765258789 (ms)
[RANK1] W @ 949.457275390625 (ms) to 1001.233642578125 (ms), cudaEventElapsed = 6.422048091888428 (ms)
[RANK1] F @ 1009.563720703125 (ms) to 1018.5888671875 (ms), cudaEventElapsed = 9.000736236572266 (ms)
[RANK1] B @ 1036.73681640625 (ms) to 1046.798095703125 (ms), cudaEventElapsed = 10.03270435333252 (ms)
[RANK1] W @ 1046.98974609375 (ms) to 1098.2763671875 (ms), cudaEventElapsed = 6.299520015716553 (ms)
[RANK1] W @ 1098.385986328125 (ms) to 1104.881103515625 (ms), cudaEventElapsed = 6.474368095397949 (ms)
[RANK1] B @ 1112.043701171875 (ms) to 1122.000732421875 (ms), cudaEventElapsed = 9.936927795410156 (ms)
[RANK1] W @ 1122.18408203125 (ms) to 1173.4111328125 (ms), cudaEventElapsed = 6.267519950866699 (ms)
[RANK1] W @ 1173.518310546875 (ms) to 1179.849609375 (ms), cudaEventElapsed = 6.310239791870117 (ms)
[RANK1] B @ 1179.951416015625 (ms) to 1189.96484375 (ms), cudaEventElapsed = 9.993824005126953 (ms)
[RANK1] 4W @ 1190.1494140625 (ms) to 1262.05810546875 (ms), cudaEventElapsed = 25.139551162719727 (ms)
[RANK1] Iteration 13
[RANK1] F @ 24.98095703125 (ms) to 34.329833984375 (ms), cudaEventElapsed = 9.315168380737305 (ms)
[RANK1] F @ 65.522216796875 (ms) to 74.544189453125 (ms), cudaEventElapsed = 8.994175910949707 (ms)
[RANK1] F @ 92.86962890625 (ms) to 101.87939453125 (ms), cudaEventElapsed = 8.97980785369873 (ms)
[RANK1] F @ 120.14794921875 (ms) to 129.1337890625 (ms), cudaEventElapsed = 8.957568168640137 (ms)
[RANK1] F @ 148.0341796875 (ms) to 157.012451171875 (ms), cudaEventElapsed = 8.947615623474121 (ms)
[RANK1] B @ 273.15966796875 (ms) to 283.123779296875 (ms), cudaEventElapsed = 9.935296058654785 (ms)
[RANK1] F @ 328.689697265625 (ms) to 337.786865234375 (ms), cudaEventElapsed = 9.064895629882812 (ms)
[RANK1] B @ 385.01708984375 (ms) to 395.0966796875 (ms), cudaEventElapsed = 10.052543640136719 (ms)
[RANK1] F @ 440.7626953125 (ms) to 449.887451171875 (ms), cudaEventElapsed = 9.092096328735352 (ms)
[RANK1] B @ 468.102783203125 (ms) to 478.156982421875 (ms), cudaEventElapsed = 10.023455619812012 (ms)
[RANK1] F @ 523.552978515625 (ms) to 532.54150390625 (ms), cudaEventElapsed = 8.9551362991333 (ms)
[RANK1] B @ 550.72265625 (ms) to 560.67822265625 (ms), cudaEventElapsed = 9.927647590637207 (ms)
[RANK1] W @ 560.902099609375 (ms) to 612.088134765625 (ms), cudaEventElapsed = 6.250912189483643 (ms)
[RANK1] F @ 612.202392578125 (ms) to 621.166748046875 (ms), cudaEventElapsed = 8.942144393920898 (ms)
[RANK1] B @ 639.7080078125 (ms) to 651.025390625 (ms), cudaEventElapsed = 11.284576416015625 (ms)
[RANK1] B @ 696.65576171875 (ms) to 708.095703125 (ms), cudaEventElapsed = 11.408063888549805 (ms)
[RANK1] W @ 708.28662109375 (ms) to 762.49072265625 (ms), cudaEventElapsed = 6.252511978149414 (ms)
[RANK1] F @ 762.69091796875 (ms) to 771.646728515625 (ms), cudaEventElapsed = 8.931072235107422 (ms)
[RANK1] B @ 790.16796875 (ms) to 801.39501953125 (ms), cudaEventElapsed = 11.194463729858398 (ms)
[RANK1] B @ 847.02197265625 (ms) to 858.4619140625 (ms), cudaEventElapsed = 11.407584190368652 (ms)
[RANK1] W @ 858.652587890625 (ms) to 912.853271484375 (ms), cudaEventElapsed = 6.258240222930908 (ms)
[RANK1] F @ 913.04736328125 (ms) to 922.028076171875 (ms), cudaEventElapsed = 8.957088470458984 (ms)
[RANK1] B @ 940.16064453125 (ms) to 950.21484375 (ms), cudaEventElapsed = 10.02409553527832 (ms)
[RANK1] W @ 950.44921875 (ms) to 1002.23486328125 (ms), cudaEventElapsed = 6.426208019256592 (ms)
[RANK1] F @ 1010.461181640625 (ms) to 1019.487060546875 (ms), cudaEventElapsed = 9.001472473144531 (ms)
[RANK1] B @ 1037.626953125 (ms) to 1047.705322265625 (ms), cudaEventElapsed = 10.0481595993042 (ms)
[RANK1] W @ 1047.887939453125 (ms) to 1099.170654296875 (ms), cudaEventElapsed = 6.28329610824585 (ms)
[RANK1] W @ 1099.265869140625 (ms) to 1105.73193359375 (ms), cudaEventElapsed = 6.448416233062744 (ms)
[RANK1] B @ 1112.9404296875 (ms) to 1122.871337890625 (ms), cudaEventElapsed = 9.910880088806152 (ms)
[RANK1] W @ 1123.057373046875 (ms) to 1174.349609375 (ms), cudaEventElapsed = 6.305247783660889 (ms)
[RANK1] W @ 1174.446044921875 (ms) to 1180.785400390625 (ms), cudaEventElapsed = 6.320288181304932 (ms)
[RANK1] B @ 1180.87841796875 (ms) to 1190.822265625 (ms), cudaEventElapsed = 9.923680305480957 (ms)
[RANK1] 4W @ 1190.998291015625 (ms) to 1262.8857421875 (ms), cudaEventElapsed = 25.12928009033203 (ms)
[RANK1] Iteration 14
[RANK1] F @ 24.917236328125 (ms) to 34.23779296875 (ms), cudaEventElapsed = 9.287487983703613 (ms)
[RANK1] F @ 65.432373046875 (ms) to 74.47509765625 (ms), cudaEventElapsed = 9.015040397644043 (ms)
[RANK1] F @ 92.925537109375 (ms) to 101.879150390625 (ms), cudaEventElapsed = 8.927007675170898 (ms)
[RANK1] F @ 120.149169921875 (ms) to 129.126220703125 (ms), cudaEventElapsed = 8.950112342834473 (ms)
[RANK1] F @ 147.990478515625 (ms) to 156.973876953125 (ms), cudaEventElapsed = 8.95462417602539 (ms)
[RANK1] B @ 273.00732421875 (ms) to 283.11865234375 (ms), cudaEventElapsed = 10.080384254455566 (ms)
[RANK1] F @ 328.681640625 (ms) to 337.7890625 (ms), cudaEventElapsed = 9.076288223266602 (ms)
[RANK1] B @ 385.529296875 (ms) to 395.617431640625 (ms), cudaEventElapsed = 10.058496475219727 (ms)
[RANK1] F @ 441.249267578125 (ms) to 450.366943359375 (ms), cudaEventElapsed = 9.083104133605957 (ms)
[RANK1] B @ 462.123291015625 (ms) to 472.10302734375 (ms), cudaEventElapsed = 9.941120147705078 (ms)
[RANK1] F @ 497.312744140625 (ms) to 506.359130859375 (ms), cudaEventElapsed = 9.015711784362793 (ms)
[RANK1] B @ 517.5458984375 (ms) to 527.45654296875 (ms), cudaEventElapsed = 9.881312370300293 (ms)
[RANK1] W @ 527.67626953125 (ms) to 559.052978515625 (ms), cudaEventElapsed = 6.418399810791016 (ms)
[RANK1] F @ 559.165283203125 (ms) to 568.220947265625 (ms), cudaEventElapsed = 9.033791542053223 (ms)
[RANK1] B @ 579.75048828125 (ms) to 591.12939453125 (ms), cudaEventElapsed = 11.349760055541992 (ms)
[RANK1] B @ 633.72314453125 (ms) to 643.682861328125 (ms), cudaEventElapsed = 9.925951957702637 (ms)
[RANK1] W @ 643.886474609375 (ms) to 675.131591796875 (ms), cudaEventElapsed = 6.2630720138549805 (ms)
[RANK1] F @ 675.3291015625 (ms) to 684.394287109375 (ms), cudaEventElapsed = 9.04089641571045 (ms)
[RANK1] B @ 712.740478515625 (ms) to 724.11083984375 (ms), cudaEventElapsed = 11.342752456665039 (ms)
[RANK1] B @ 749.666259765625 (ms) to 761.084716796875 (ms), cudaEventElapsed = 11.387264251708984 (ms)
[RANK1] W @ 761.25244140625 (ms) to 795.48779296875 (ms), cudaEventElapsed = 6.29040002822876 (ms)
[RANK1] F @ 795.66064453125 (ms) to 804.689697265625 (ms), cudaEventElapsed = 9.006719589233398 (ms)
[RANK1] B @ 838.293701171875 (ms) to 848.3359375 (ms), cudaEventElapsed = 10.013407707214355 (ms)
[RANK1] W @ 848.559326171875 (ms) to 880.32373046875 (ms), cudaEventElapsed = 6.435296058654785 (ms)
[RANK1] F @ 888.533447265625 (ms) to 897.565185546875 (ms), cudaEventElapsed = 9.008735656738281 (ms)
[RANK1] B @ 922.81640625 (ms) to 932.8642578125 (ms), cudaEventElapsed = 10.019519805908203 (ms)
[RANK1] W @ 933.032958984375 (ms) to 964.278564453125 (ms), cudaEventElapsed = 6.280928134918213 (ms)
[RANK1] W @ 964.375 (ms) to 970.8427734375 (ms), cudaEventElapsed = 6.450463771820068 (ms)
[RANK1] B @ 996.62451171875 (ms) to 1006.540771484375 (ms), cudaEventElapsed = 9.897120475769043 (ms)
[RANK1] W @ 1006.71240234375 (ms) to 1037.965087890625 (ms), cudaEventElapsed = 6.288000106811523 (ms)
[RANK1] W @ 1038.061767578125 (ms) to 1044.53271484375 (ms), cudaEventElapsed = 6.453311920166016 (ms)
[RANK1] B @ 1053.3251953125 (ms) to 1063.223388671875 (ms), cudaEventElapsed = 9.879679679870605 (ms)
[RANK1] 4W @ 1063.39404296875 (ms) to 1113.493896484375 (ms), cudaEventElapsed = 25.125375747680664 (ms)
[RANK1] Iteration 15
[RANK1] F @ 24.878173828125 (ms) to 34.248046875 (ms), cudaEventElapsed = 9.334272384643555 (ms)
[RANK1] F @ 58.170166015625 (ms) to 67.252685546875 (ms), cudaEventElapsed = 9.05180835723877 (ms)
[RANK1] F @ 80.25634765625 (ms) to 89.3134765625 (ms), cudaEventElapsed = 9.029024124145508 (ms)
[RANK1] F @ 100.5400390625 (ms) to 109.597900390625 (ms), cudaEventElapsed = 9.02569580078125 (ms)
[RANK1] F @ 124.3662109375 (ms) to 133.436767578125 (ms), cudaEventElapsed = 9.04092788696289 (ms)
[RANK1] B @ 231.579833984375 (ms) to 241.640869140625 (ms), cudaEventElapsed = 10.030048370361328 (ms)
[RANK1] F @ 267.052978515625 (ms) to 276.166748046875 (ms), cudaEventElapsed = 9.081151962280273 (ms)
[RANK1] B @ 327.261962890625 (ms) to 337.271240234375 (ms), cudaEventElapsed = 9.980863571166992 (ms)
[RANK1] F @ 362.86572265625 (ms) to 371.969970703125 (ms), cudaEventElapsed = 9.070303916931152 (ms)
[RANK1] B @ 393.48779296875 (ms) to 403.41259765625 (ms), cudaEventElapsed = 9.892640113830566 (ms)
[RANK1] F @ 428.633056640625 (ms) to 437.74072265625 (ms), cudaEventElapsed = 9.073535919189453 (ms)
[RANK1] B @ 459.4755859375 (ms) to 469.452880859375 (ms), cudaEventElapsed = 9.948448181152344 (ms)
[RANK1] W @ 469.677001953125 (ms) to 501.027587890625 (ms), cudaEventElapsed = 6.415232181549072 (ms)
[RANK1] F @ 501.145751953125 (ms) to 510.21240234375 (ms), cudaEventElapsed = 9.044447898864746 (ms)
[RANK1] B @ 525.771728515625 (ms) to 537.08349609375 (ms), cudaEventElapsed = 11.28054428100586 (ms)
[RANK1] B @ 580.497314453125 (ms) to 590.51318359375 (ms), cudaEventElapsed = 9.980287551879883 (ms)
[RANK1] W @ 590.715576171875 (ms) to 621.91845703125 (ms), cudaEventElapsed = 6.250175952911377 (ms)
[RANK1] F @ 622.0888671875 (ms) to 631.1416015625 (ms), cudaEventElapsed = 9.030624389648438 (ms)
[RANK1] B @ 659.656005859375 (ms) to 671.007080078125 (ms), cudaEventElapsed = 11.321696281433105 (ms)
[RANK1] B @ 696.63134765625 (ms) to 707.897705078125 (ms), cudaEventElapsed = 11.235936164855957 (ms)
[RANK1] W @ 708.097412109375 (ms) to 742.450927734375 (ms), cudaEventElapsed = 6.258975982666016 (ms)
[RANK1] F @ 742.622802734375 (ms) to 751.65869140625 (ms), cudaEventElapsed = 9.014464378356934 (ms)
[RANK1] B @ 785.217041015625 (ms) to 795.11669921875 (ms), cudaEventElapsed = 9.87161636352539 (ms)
[RANK1] W @ 795.334228515625 (ms) to 827.10302734375 (ms), cudaEventElapsed = 6.441120147705078 (ms)
[RANK1] F @ 835.30615234375 (ms) to 844.34375 (ms), cudaEventElapsed = 9.01632022857666 (ms)
[RANK1] B @ 870.05517578125 (ms) to 880.21435546875 (ms), cudaEventElapsed = 10.130559921264648 (ms)
[RANK1] W @ 880.387451171875 (ms) to 911.67236328125 (ms), cudaEventElapsed = 6.293951988220215 (ms)
[RANK1] W @ 911.782958984375 (ms) to 918.284423828125 (ms), cudaEventElapsed = 6.480735778808594 (ms)
[RANK1] B @ 943.680419921875 (ms) to 953.607666015625 (ms), cudaEventElapsed = 9.907872200012207 (ms)
[RANK1] W @ 953.799072265625 (ms) to 985.0546875 (ms), cudaEventElapsed = 6.27510404586792 (ms)
[RANK1] W @ 985.16162109375 (ms) to 991.650634765625 (ms), cudaEventElapsed = 6.4707841873168945 (ms)
[RANK1] B @ 1000.694580078125 (ms) to 1010.7421875 (ms), cudaEventElapsed = 10.025952339172363 (ms)
[RANK1] 4W @ 1010.91845703125 (ms) to 1061.09130859375 (ms), cudaEventElapsed = 25.117311477661133 (ms)
[RANK1] Iteration 16
[RANK1] F @ 162.65673828125 (ms) to 306.626708984375 (ms), cudaEventElapsed = 143.9344024658203 (ms)
[RANK1] F @ 317.836669921875 (ms) to 326.189697265625 (ms), cudaEventElapsed = 8.326144218444824 (ms)
[RANK1] F @ 337.355712890625 (ms) to 345.68701171875 (ms), cudaEventElapsed = 8.304351806640625 (ms)
[RANK1] F @ 356.862060546875 (ms) to 365.19091796875 (ms), cudaEventElapsed = 8.302111625671387 (ms)
[RANK1] F @ 508.36328125 (ms) to 516.732421875 (ms), cudaEventElapsed = 8.340352058410645 (ms)
[RANK1] F @ 535.981689453125 (ms) to 544.34326171875 (ms), cudaEventElapsed = 8.333312034606934 (ms)
[RANK1] F @ 572.0205078125 (ms) to 580.40869140625 (ms), cudaEventElapsed = 8.359295845031738 (ms)
[RANK1] F @ 689.6962890625 (ms) to 698.059326171875 (ms), cudaEventElapsed = 8.335552215576172 (ms)
[RANK1] F @ 726.539794921875 (ms) to 734.901123046875 (ms), cudaEventElapsed = 8.334624290466309 (ms)
[RANK1] F @ 763.001953125 (ms) to 771.330810546875 (ms), cudaEventElapsed = 8.303296089172363 (ms)
[RANK1] F @ 835.901611328125 (ms) to 844.23974609375 (ms), cudaEventElapsed = 8.310976028442383 (ms)
[RANK1] F @ 872.7783203125 (ms) to 881.1279296875 (ms), cudaEventElapsed = 8.323424339294434 (ms)
