[RANK2] Iteration 1
[RANK2] F @ 3385.535888671875 (ms) to 3605.790283203125 (ms), cudaEventElapsed = 220.1941375732422 (ms)
[RANK2] F @ 4687.254638671875 (ms) to 4713.697998046875 (ms), cudaEventElapsed = 26.395360946655273 (ms)
[RANK2] F @ 4714.382568359375 (ms) to 4725.682373046875 (ms), cudaEventElapsed = 11.27344036102295 (ms)
[RANK2] B @ 5888.002197265625 (ms) to 6132.486083984375 (ms), cudaEventElapsed = 244.4482879638672 (ms)
[RANK2] F @ 6266.9716796875 (ms) to 6276.216064453125 (ms), cudaEventElapsed = 9.205120086669922 (ms)
[RANK2] B @ 6276.419189453125 (ms) to 6286.1396484375 (ms), cudaEventElapsed = 9.695199966430664 (ms)
[RANK2] F @ 6691.64453125 (ms) to 6702.085693359375 (ms), cudaEventElapsed = 10.416511535644531 (ms)
[RANK2] B @ 6702.282958984375 (ms) to 6715.32275390625 (ms), cudaEventElapsed = 13.015135765075684 (ms)
[RANK2] F @ 6984.222900390625 (ms) to 6993.263671875 (ms), cudaEventElapsed = 9.01478385925293 (ms)
[RANK2] B @ 6993.645751953125 (ms) to 7003.261474609375 (ms), cudaEventElapsed = 9.588831901550293 (ms)
[RANK2] F @ 7003.90185546875 (ms) to 7012.949951171875 (ms), cudaEventElapsed = 9.018400192260742 (ms)
[RANK2] B @ 7013.28857421875 (ms) to 7022.8828125 (ms), cudaEventElapsed = 9.569151878356934 (ms)
[RANK2] F @ 7023.160400390625 (ms) to 7032.1396484375 (ms), cudaEventElapsed = 8.949536323547363 (ms)
[RANK2] B @ 7032.366943359375 (ms) to 7042.900390625 (ms), cudaEventElapsed = 10.507295608520508 (ms)
[RANK2] W @ 7043.072998046875 (ms) to 7049.66552734375 (ms), cudaEventElapsed = 6.560160160064697 (ms)
[RANK2] F @ 7049.768310546875 (ms) to 7058.677978515625 (ms), cudaEventElapsed = 8.888768196105957 (ms)
[RANK2] B @ 7059.19677734375 (ms) to 7069.0390625 (ms), cudaEventElapsed = 9.81481647491455 (ms)
[RANK2] B @ 7069.650390625 (ms) to 7079.836669921875 (ms), cudaEventElapsed = 10.158656120300293 (ms)
[RANK2] W @ 7079.90380859375 (ms) to 7086.06982421875 (ms), cudaEventElapsed = 6.148320198059082 (ms)
[RANK2] F @ 7086.205078125 (ms) to 7095.164306640625 (ms), cudaEventElapsed = 8.939264297485352 (ms)
[RANK2] B @ 7095.345947265625 (ms) to 7105.088134765625 (ms), cudaEventElapsed = 9.71564769744873 (ms)
[RANK2] W @ 7105.256103515625 (ms) to 7111.861083984375 (ms), cudaEventElapsed = 6.28220796585083 (ms)
[RANK2] F @ 7113.609619140625 (ms) to 7122.629150390625 (ms), cudaEventElapsed = 8.99891185760498 (ms)
[RANK2] B @ 7122.813232421875 (ms) to 7132.537353515625 (ms), cudaEventElapsed = 9.69644832611084 (ms)
[RANK2] W @ 7132.705810546875 (ms) to 7139.458740234375 (ms), cudaEventElapsed = 6.3052802085876465 (ms)
[RANK2] F @ 7139.8720703125 (ms) to 7148.8955078125 (ms), cudaEventElapsed = 9.002816200256348 (ms)
[RANK2] B @ 7149.07421875 (ms) to 7158.726806640625 (ms), cudaEventElapsed = 9.627360343933105 (ms)
[RANK2] W @ 7158.845703125 (ms) to 7165.07568359375 (ms), cudaEventElapsed = 6.204160213470459 (ms)
[RANK2] W @ 7165.153076171875 (ms) to 7171.440673828125 (ms), cudaEventElapsed = 6.269248008728027 (ms)
[RANK2] B @ 7171.529296875 (ms) to 7181.155029296875 (ms), cudaEventElapsed = 9.606752395629883 (ms)
[RANK2] 6W @ 7181.29052734375 (ms) to 7218.361328125 (ms), cudaEventElapsed = 37.03968048095703 (ms)
[RANK2] Iteration 2
[RANK2] F @ 20.848876953125 (ms) to 30.29296875 (ms), cudaEventElapsed = 9.401568412780762 (ms)
[RANK2] F @ 30.53466796875 (ms) to 39.45654296875 (ms), cudaEventElapsed = 8.894975662231445 (ms)
[RANK2] F @ 40.159423828125 (ms) to 49.167236328125 (ms), cudaEventElapsed = 8.979680061340332 (ms)
[RANK2] B @ 52.116455078125 (ms) to 62.525390625 (ms), cudaEventElapsed = 10.380448341369629 (ms)
[RANK2] F @ 62.82568359375 (ms) to 71.83154296875 (ms), cudaEventElapsed = 8.976639747619629 (ms)
[RANK2] B @ 72.039306640625 (ms) to 81.63916015625 (ms), cudaEventElapsed = 9.571552276611328 (ms)
[RANK2] F @ 82.298095703125 (ms) to 91.31396484375 (ms), cudaEventElapsed = 8.986687660217285 (ms)
[RANK2] B @ 91.525390625 (ms) to 101.12841796875 (ms), cudaEventElapsed = 9.575872421264648 (ms)
[RANK2] F @ 101.803955078125 (ms) to 110.802734375 (ms), cudaEventElapsed = 8.969152450561523 (ms)
[RANK2] B @ 111.010986328125 (ms) to 120.595947265625 (ms), cudaEventElapsed = 9.557408332824707 (ms)
[RANK2] F @ 121.298828125 (ms) to 130.287109375 (ms), cudaEventElapsed = 8.958208084106445 (ms)
[RANK2] B @ 130.4951171875 (ms) to 140.098388671875 (ms), cudaEventElapsed = 9.57532787322998 (ms)
[RANK2] F @ 140.39453125 (ms) to 149.373291015625 (ms), cudaEventElapsed = 8.949024200439453 (ms)
[RANK2] B @ 149.611083984375 (ms) to 159.221435546875 (ms), cudaEventElapsed = 9.582624435424805 (ms)
[RANK2] W @ 159.432373046875 (ms) to 165.731201171875 (ms), cudaEventElapsed = 6.2715840339660645 (ms)
[RANK2] F @ 165.838134765625 (ms) to 174.80078125 (ms), cudaEventElapsed = 8.942912101745605 (ms)
[RANK2] B @ 175.41015625 (ms) to 185.778564453125 (ms), cudaEventElapsed = 10.341888427734375 (ms)
[RANK2] B @ 186.46923828125 (ms) to 196.003662109375 (ms), cudaEventElapsed = 9.506784439086914 (ms)
[RANK2] W @ 196.091796875 (ms) to 202.3115234375 (ms), cudaEventElapsed = 6.200448036193848 (ms)
[RANK2] F @ 202.46142578125 (ms) to 211.471923828125 (ms), cudaEventElapsed = 8.989567756652832 (ms)
[RANK2] B @ 211.677490234375 (ms) to 221.33740234375 (ms), cudaEventElapsed = 9.631423950195312 (ms)
[RANK2] W @ 221.539306640625 (ms) to 228.229736328125 (ms), cudaEventElapsed = 6.191743850708008 (ms)
[RANK2] F @ 228.388671875 (ms) to 237.388427734375 (ms), cudaEventElapsed = 8.979680061340332 (ms)
[RANK2] B @ 237.590576171875 (ms) to 247.26025390625 (ms), cudaEventElapsed = 9.639519691467285 (ms)
[RANK2] W @ 247.46435546875 (ms) to 254.091796875 (ms), cudaEventElapsed = 6.171167850494385 (ms)
[RANK2] F @ 254.254150390625 (ms) to 263.25048828125 (ms), cudaEventElapsed = 8.9749116897583 (ms)
[RANK2] B @ 263.457275390625 (ms) to 273.142578125 (ms), cudaEventElapsed = 9.657952308654785 (ms)
[RANK2] W @ 273.30322265625 (ms) to 279.507080078125 (ms), cudaEventElapsed = 6.176511764526367 (ms)
[RANK2] W @ 279.601806640625 (ms) to 285.865966796875 (ms), cudaEventElapsed = 6.246496200561523 (ms)
[RANK2] B @ 285.965087890625 (ms) to 295.72314453125 (ms), cudaEventElapsed = 9.739392280578613 (ms)
[RANK2] 6W @ 295.89794921875 (ms) to 332.98046875 (ms), cudaEventElapsed = 37.05491256713867 (ms)
[RANK2] Iteration 3
[RANK2] F @ 20.546142578125 (ms) to 29.8154296875 (ms), cudaEventElapsed = 9.23532772064209 (ms)
[RANK2] F @ 30.027587890625 (ms) to 39.014892578125 (ms), cudaEventElapsed = 8.959808349609375 (ms)
[RANK2] F @ 39.759765625 (ms) to 48.8447265625 (ms), cudaEventElapsed = 9.056544303894043 (ms)
[RANK2] B @ 50.89208984375 (ms) to 61.467529296875 (ms), cudaEventElapsed = 10.547264099121094 (ms)
[RANK2] F @ 61.758056640625 (ms) to 70.825439453125 (ms), cudaEventElapsed = 9.037823677062988 (ms)
[RANK2] B @ 71.037353515625 (ms) to 80.70654296875 (ms), cudaEventElapsed = 9.640607833862305 (ms)
[RANK2] F @ 81.304443359375 (ms) to 90.361328125 (ms), cudaEventElapsed = 9.027008056640625 (ms)
[RANK2] B @ 90.574951171875 (ms) to 100.22705078125 (ms), cudaEventElapsed = 9.624287605285645 (ms)
[RANK2] F @ 100.9306640625 (ms) to 109.984619140625 (ms), cudaEventElapsed = 9.023807525634766 (ms)
[RANK2] B @ 110.194091796875 (ms) to 119.873779296875 (ms), cudaEventElapsed = 9.652959823608398 (ms)
[RANK2] F @ 120.577880859375 (ms) to 129.618408203125 (ms), cudaEventElapsed = 9.011072158813477 (ms)
[RANK2] B @ 129.827392578125 (ms) to 139.498046875 (ms), cudaEventElapsed = 9.64236831665039 (ms)
[RANK2] F @ 139.789306640625 (ms) to 148.83251953125 (ms), cudaEventElapsed = 9.01360034942627 (ms)
[RANK2] B @ 149.071533203125 (ms) to 158.727294921875 (ms), cudaEventElapsed = 9.627296447753906 (ms)
[RANK2] W @ 158.937744140625 (ms) to 165.2236328125 (ms), cudaEventElapsed = 6.258175849914551 (ms)
[RANK2] F @ 165.328369140625 (ms) to 174.299072265625 (ms), cudaEventElapsed = 8.951775550842285 (ms)
[RANK2] B @ 174.906005859375 (ms) to 185.419677734375 (ms), cudaEventElapsed = 10.486847877502441 (ms)
[RANK2] B @ 186.108642578125 (ms) to 196.01123046875 (ms), cudaEventElapsed = 9.875359535217285 (ms)
[RANK2] W @ 196.501708984375 (ms) to 202.7470703125 (ms), cudaEventElapsed = 6.224991798400879 (ms)
[RANK2] F @ 202.91357421875 (ms) to 211.949951171875 (ms), cudaEventElapsed = 9.015135765075684 (ms)
[RANK2] B @ 212.15576171875 (ms) to 221.88671875 (ms), cudaEventElapsed = 9.703392028808594 (ms)
[RANK2] W @ 222.08837890625 (ms) to 228.769775390625 (ms), cudaEventElapsed = 6.230463981628418 (ms)
[RANK2] F @ 228.93505859375 (ms) to 238.008056640625 (ms), cudaEventElapsed = 9.051712036132812 (ms)
[RANK2] B @ 238.21533203125 (ms) to 247.967529296875 (ms), cudaEventElapsed = 9.726048469543457 (ms)
[RANK2] W @ 248.16748046875 (ms) to 254.813720703125 (ms), cudaEventElapsed = 6.217728137969971 (ms)
[RANK2] F @ 254.975830078125 (ms) to 263.992919921875 (ms), cudaEventElapsed = 8.995039939880371 (ms)
[RANK2] B @ 264.193603515625 (ms) to 273.89111328125 (ms), cudaEventElapsed = 9.671263694763184 (ms)
[RANK2] W @ 274.05029296875 (ms) to 280.298828125 (ms), cudaEventElapsed = 6.220128059387207 (ms)
[RANK2] W @ 280.395751953125 (ms) to 286.62939453125 (ms), cudaEventElapsed = 6.214943885803223 (ms)
[RANK2] B @ 286.726318359375 (ms) to 296.40478515625 (ms), cudaEventElapsed = 9.659616470336914 (ms)
[RANK2] 6W @ 296.567138671875 (ms) to 333.741455078125 (ms), cudaEventElapsed = 37.14787292480469 (ms)
[RANK2] Iteration 4
[RANK2] F @ 20.601806640625 (ms) to 29.8818359375 (ms), cudaEventElapsed = 9.247743606567383 (ms)
[RANK2] F @ 30.095703125 (ms) to 39.09326171875 (ms), cudaEventElapsed = 8.96992015838623 (ms)
[RANK2] F @ 39.776611328125 (ms) to 48.83642578125 (ms), cudaEventElapsed = 9.03337574005127 (ms)
[RANK2] B @ 50.7470703125 (ms) to 61.28857421875 (ms), cudaEventElapsed = 10.513471603393555 (ms)
[RANK2] F @ 61.58056640625 (ms) to 70.644775390625 (ms), cudaEventElapsed = 9.033663749694824 (ms)
[RANK2] B @ 70.853515625 (ms) to 80.510498046875 (ms), cudaEventElapsed = 9.629792213439941 (ms)
[RANK2] F @ 81.220458984375 (ms) to 90.284423828125 (ms), cudaEventElapsed = 9.034175872802734 (ms)
[RANK2] B @ 90.497802734375 (ms) to 100.177978515625 (ms), cudaEventElapsed = 9.652704238891602 (ms)
[RANK2] F @ 100.8759765625 (ms) to 109.942138671875 (ms), cudaEventElapsed = 9.037088394165039 (ms)
[RANK2] B @ 110.1474609375 (ms) to 119.87109375 (ms), cudaEventElapsed = 9.696736335754395 (ms)
[RANK2] F @ 120.576904296875 (ms) to 129.69091796875 (ms), cudaEventElapsed = 9.084159851074219 (ms)
[RANK2] B @ 129.897705078125 (ms) to 139.634521484375 (ms), cudaEventElapsed = 9.709792137145996 (ms)
[RANK2] F @ 139.92236328125 (ms) to 148.983154296875 (ms), cudaEventElapsed = 9.03286361694336 (ms)
[RANK2] B @ 149.2197265625 (ms) to 158.909912109375 (ms), cudaEventElapsed = 9.66102409362793 (ms)
[RANK2] W @ 159.115966796875 (ms) to 165.390869140625 (ms), cudaEventElapsed = 6.248640060424805 (ms)
[RANK2] F @ 165.4990234375 (ms) to 174.503173828125 (ms), cudaEventElapsed = 8.983488082885742 (ms)
[RANK2] B @ 175.15283203125 (ms) to 185.4765625 (ms), cudaEventElapsed = 10.295007705688477 (ms)
[RANK2] B @ 186.170654296875 (ms) to 196.116455078125 (ms), cudaEventElapsed = 9.918272018432617 (ms)
[RANK2] W @ 196.201171875 (ms) to 202.400634765625 (ms), cudaEventElapsed = 6.181151866912842 (ms)
[RANK2] F @ 202.552978515625 (ms) to 211.5849609375 (ms), cudaEventElapsed = 9.01257610321045 (ms)
[RANK2] B @ 211.787109375 (ms) to 221.564697265625 (ms), cudaEventElapsed = 9.749471664428711 (ms)
[RANK2] W @ 221.765869140625 (ms) to 228.483154296875 (ms), cudaEventElapsed = 6.254528045654297 (ms)
[RANK2] F @ 228.641845703125 (ms) to 237.7841796875 (ms), cudaEventElapsed = 9.120896339416504 (ms)
[RANK2] B @ 237.986572265625 (ms) to 247.70751953125 (ms), cudaEventElapsed = 9.694527626037598 (ms)
[RANK2] W @ 247.90771484375 (ms) to 254.531005859375 (ms), cudaEventElapsed = 6.192959785461426 (ms)
[RANK2] F @ 254.700927734375 (ms) to 263.726318359375 (ms), cudaEventElapsed = 9.003583908081055 (ms)
[RANK2] B @ 263.9345703125 (ms) to 273.615478515625 (ms), cudaEventElapsed = 9.652447700500488 (ms)
[RANK2] W @ 273.773681640625 (ms) to 280.0009765625 (ms), cudaEventElapsed = 6.201024055480957 (ms)
[RANK2] W @ 280.09423828125 (ms) to 286.35302734375 (ms), cudaEventElapsed = 6.240608215332031 (ms)
[RANK2] B @ 286.451416015625 (ms) to 296.1005859375 (ms), cudaEventElapsed = 9.630175590515137 (ms)
[RANK2] 6W @ 296.270751953125 (ms) to 333.186767578125 (ms), cudaEventElapsed = 36.8875846862793 (ms)
[RANK2] Iteration 5
[RANK2] F @ 20.89794921875 (ms) to 30.17236328125 (ms), cudaEventElapsed = 9.241951942443848 (ms)
[RANK2] F @ 30.3955078125 (ms) to 39.374267578125 (ms), cudaEventElapsed = 8.95199966430664 (ms)
[RANK2] F @ 40.1240234375 (ms) to 49.19677734375 (ms), cudaEventElapsed = 9.046688079833984 (ms)
[RANK2] B @ 52.14404296875 (ms) to 62.892333984375 (ms), cudaEventElapsed = 10.720895767211914 (ms)
[RANK2] F @ 63.182861328125 (ms) to 72.25537109375 (ms), cudaEventElapsed = 9.043168067932129 (ms)
[RANK2] B @ 72.468505859375 (ms) to 82.565185546875 (ms), cudaEventElapsed = 10.070112228393555 (ms)
[RANK2] F @ 83.260498046875 (ms) to 92.345703125 (ms), cudaEventElapsed = 9.055392265319824 (ms)
[RANK2] B @ 92.556884765625 (ms) to 102.76220703125 (ms), cudaEventElapsed = 10.177887916564941 (ms)
[RANK2] F @ 103.464599609375 (ms) to 112.77490234375 (ms), cudaEventElapsed = 9.280192375183105 (ms)
[RANK2] B @ 112.998779296875 (ms) to 123.287353515625 (ms), cudaEventElapsed = 10.259552001953125 (ms)
[RANK2] F @ 124.025634765625 (ms) to 133.301513671875 (ms), cudaEventElapsed = 9.245984077453613 (ms)
[RANK2] B @ 133.51025390625 (ms) to 143.744140625 (ms), cudaEventElapsed = 10.20582389831543 (ms)
[RANK2] F @ 144.03369140625 (ms) to 153.298828125 (ms), cudaEventElapsed = 9.235520362854004 (ms)
[RANK2] B @ 153.538330078125 (ms) to 164.02099609375 (ms), cudaEventElapsed = 10.453311920166016 (ms)
[RANK2] W @ 164.227783203125 (ms) to 170.71337890625 (ms), cudaEventElapsed = 6.457215785980225 (ms)
[RANK2] F @ 170.818603515625 (ms) to 180.559814453125 (ms), cudaEventElapsed = 9.72156810760498 (ms)
[RANK2] B @ 181.164794921875 (ms) to 192.47314453125 (ms), cudaEventElapsed = 11.280799865722656 (ms)
[RANK2] B @ 193.154052734375 (ms) to 203.719970703125 (ms), cudaEventElapsed = 10.536928176879883 (ms)
[RANK2] W @ 203.89208984375 (ms) to 210.33154296875 (ms), cudaEventElapsed = 6.41107177734375 (ms)
[RANK2] F @ 210.506591796875 (ms) to 220.052978515625 (ms), cudaEventElapsed = 9.524991989135742 (ms)
[RANK2] B @ 220.259033203125 (ms) to 230.83056640625 (ms), cudaEventElapsed = 10.542976379394531 (ms)
[RANK2] W @ 231.029052734375 (ms) to 237.856201171875 (ms), cudaEventElapsed = 6.408480167388916 (ms)
[RANK2] F @ 238.017822265625 (ms) to 247.65087890625 (ms), cudaEventElapsed = 9.612319946289062 (ms)
[RANK2] B @ 247.85400390625 (ms) to 258.391845703125 (ms), cudaEventElapsed = 10.51142406463623 (ms)
[RANK2] W @ 258.596923828125 (ms) to 265.37255859375 (ms), cudaEventElapsed = 6.363327980041504 (ms)
[RANK2] F @ 265.53466796875 (ms) to 274.981201171875 (ms), cudaEventElapsed = 9.424480438232422 (ms)
[RANK2] B @ 275.186279296875 (ms) to 285.6025390625 (ms), cudaEventElapsed = 10.386879920959473 (ms)
[RANK2] W @ 285.762451171875 (ms) to 292.172119140625 (ms), cudaEventElapsed = 6.381824016571045 (ms)
[RANK2] W @ 292.267822265625 (ms) to 298.674072265625 (ms), cudaEventElapsed = 6.387775897979736 (ms)
[RANK2] B @ 298.77392578125 (ms) to 309.230224609375 (ms), cudaEventElapsed = 10.437055587768555 (ms)
[RANK2] 6W @ 309.39794921875 (ms) to 347.42138671875 (ms), cudaEventElapsed = 37.99574279785156 (ms)
[RANK2] Iteration 6
[RANK2] F @ 21.014892578125 (ms) to 30.284423828125 (ms), cudaEventElapsed = 9.236319541931152 (ms)
[RANK2] F @ 30.502197265625 (ms) to 39.5830078125 (ms), cudaEventElapsed = 9.05292797088623 (ms)
[RANK2] F @ 40.3330078125 (ms) to 49.5107421875 (ms), cudaEventElapsed = 9.152000427246094 (ms)
[RANK2] B @ 51.920166015625 (ms) to 62.957763671875 (ms), cudaEventElapsed = 11.008864402770996 (ms)
[RANK2] F @ 63.249267578125 (ms) to 72.449462890625 (ms), cudaEventElapsed = 9.170432090759277 (ms)
[RANK2] B @ 72.6591796875 (ms) to 82.778076171875 (ms), cudaEventElapsed = 10.091903686523438 (ms)
[RANK2] F @ 83.484619140625 (ms) to 92.611083984375 (ms), cudaEventElapsed = 9.096832275390625 (ms)
[RANK2] B @ 92.821044921875 (ms) to 102.944091796875 (ms), cudaEventElapsed = 10.095552444458008 (ms)
[RANK2] F @ 103.642578125 (ms) to 112.765625 (ms), cudaEventElapsed = 9.09443187713623 (ms)
[RANK2] B @ 113.552490234375 (ms) to 123.68701171875 (ms), cudaEventElapsed = 10.098784446716309 (ms)
[RANK2] F @ 124.344482421875 (ms) to 133.46044921875 (ms), cudaEventElapsed = 9.09340763092041 (ms)
[RANK2] B @ 133.675537109375 (ms) to 143.964599609375 (ms), cudaEventElapsed = 10.260704040527344 (ms)
[RANK2] F @ 144.256103515625 (ms) to 153.61474609375 (ms), cudaEventElapsed = 9.328703880310059 (ms)
[RANK2] B @ 153.856201171875 (ms) to 164.105224609375 (ms), cudaEventElapsed = 10.220671653747559 (ms)
[RANK2] W @ 164.311279296875 (ms) to 170.774169921875 (ms), cudaEventElapsed = 6.436287879943848 (ms)
[RANK2] F @ 170.88134765625 (ms) to 180.168212890625 (ms), cudaEventElapsed = 9.268320083618164 (ms)
[RANK2] B @ 180.854248046875 (ms) to 192.20703125 (ms), cudaEventElapsed = 11.325599670410156 (ms)
[RANK2] B @ 192.89794921875 (ms) to 203.498046875 (ms), cudaEventElapsed = 10.57084846496582 (ms)
[RANK2] W @ 203.658203125 (ms) to 210.06298828125 (ms), cudaEventElapsed = 6.3776960372924805 (ms)
[RANK2] F @ 210.2333984375 (ms) to 219.61279296875 (ms), cudaEventElapsed = 9.358048439025879 (ms)
[RANK2] B @ 219.814697265625 (ms) to 230.2041015625 (ms), cudaEventElapsed = 10.363712310791016 (ms)
[RANK2] W @ 230.40478515625 (ms) to 237.248779296875 (ms), cudaEventElapsed = 6.385248184204102 (ms)
[RANK2] F @ 237.412109375 (ms) to 246.8603515625 (ms), cudaEventElapsed = 9.42579174041748 (ms)
[RANK2] B @ 247.0654296875 (ms) to 257.523193359375 (ms), cudaEventElapsed = 10.430527687072754 (ms)
[RANK2] W @ 257.72607421875 (ms) to 264.55859375 (ms), cudaEventElapsed = 6.416031837463379 (ms)
[RANK2] F @ 264.72216796875 (ms) to 274.080078125 (ms), cudaEventElapsed = 9.336095809936523 (ms)
[RANK2] B @ 274.285400390625 (ms) to 284.644287109375 (ms), cudaEventElapsed = 10.3307523727417 (ms)
[RANK2] W @ 284.803466796875 (ms) to 291.232421875 (ms), cudaEventElapsed = 6.402112007141113 (ms)
[RANK2] W @ 291.327392578125 (ms) to 297.789794921875 (ms), cudaEventElapsed = 6.444608211517334 (ms)
[RANK2] B @ 297.888916015625 (ms) to 308.641845703125 (ms), cudaEventElapsed = 10.733152389526367 (ms)
[RANK2] 6W @ 308.803955078125 (ms) to 348.01220703125 (ms), cudaEventElapsed = 39.18083190917969 (ms)
[RANK2] Iteration 7
[RANK2] F @ 21.25537109375 (ms) to 31.5048828125 (ms), cudaEventElapsed = 10.215167999267578 (ms)
[RANK2] F @ 31.716552734375 (ms) to 41.84521484375 (ms), cudaEventElapsed = 10.102239608764648 (ms)
[RANK2] F @ 42.49853515625 (ms) to 51.69140625 (ms), cudaEventElapsed = 9.165984153747559 (ms)
[RANK2] B @ 53.712158203125 (ms) to 64.51513671875 (ms), cudaEventElapsed = 10.774175643920898 (ms)
[RANK2] F @ 64.803955078125 (ms) to 73.933837890625 (ms), cudaEventElapsed = 9.100671768188477 (ms)
[RANK2] B @ 74.142578125 (ms) to 84.269287109375 (ms), cudaEventElapsed = 10.098176002502441 (ms)
[RANK2] F @ 84.973876953125 (ms) to 94.09912109375 (ms), cudaEventElapsed = 9.095744132995605 (ms)
[RANK2] B @ 94.31201171875 (ms) to 104.48779296875 (ms), cudaEventElapsed = 10.147839546203613 (ms)
[RANK2] F @ 105.15771484375 (ms) to 114.284912109375 (ms), cudaEventElapsed = 9.097151756286621 (ms)
[RANK2] B @ 114.495361328125 (ms) to 124.63671875 (ms), cudaEventElapsed = 10.113759994506836 (ms)
[RANK2] F @ 125.287353515625 (ms) to 134.684814453125 (ms), cudaEventElapsed = 9.367615699768066 (ms)
[RANK2] B @ 134.8935546875 (ms) to 145.382080078125 (ms), cudaEventElapsed = 10.45967960357666 (ms)
[RANK2] F @ 145.6728515625 (ms) to 155.169189453125 (ms), cudaEventElapsed = 9.466655731201172 (ms)
[RANK2] B @ 155.413330078125 (ms) to 165.802978515625 (ms), cudaEventElapsed = 10.360032081604004 (ms)
[RANK2] W @ 166.010009765625 (ms) to 172.470458984375 (ms), cudaEventElapsed = 6.432703971862793 (ms)
[RANK2] F @ 172.57763671875 (ms) to 181.939697265625 (ms), cudaEventElapsed = 9.342240333557129 (ms)
[RANK2] B @ 182.58740234375 (ms) to 193.549072265625 (ms), cudaEventElapsed = 10.934240341186523 (ms)
[RANK2] B @ 194.23583984375 (ms) to 204.716064453125 (ms), cudaEventElapsed = 10.452704429626465 (ms)
[RANK2] W @ 204.805419921875 (ms) to 211.194091796875 (ms), cudaEventElapsed = 6.370368003845215 (ms)
[RANK2] F @ 211.3388671875 (ms) to 220.568359375 (ms), cudaEventElapsed = 9.205920219421387 (ms)
[RANK2] B @ 220.771484375 (ms) to 231.0419921875 (ms), cudaEventElapsed = 10.243904113769531 (ms)
[RANK2] W @ 231.2392578125 (ms) to 238.142822265625 (ms), cudaEventElapsed = 6.393599987030029 (ms)
[RANK2] F @ 238.302490234375 (ms) to 247.68017578125 (ms), cudaEventElapsed = 9.355903625488281 (ms)
[RANK2] B @ 247.880859375 (ms) to 258.478271484375 (ms), cudaEventElapsed = 10.570464134216309 (ms)
[RANK2] W @ 258.67724609375 (ms) to 265.583984375 (ms), cudaEventElapsed = 6.440959930419922 (ms)
[RANK2] F @ 265.745849609375 (ms) to 275.436279296875 (ms), cudaEventElapsed = 9.668191909790039 (ms)
[RANK2] B @ 275.636962890625 (ms) to 286.248046875 (ms), cudaEventElapsed = 10.58240032196045 (ms)
[RANK2] W @ 286.4111328125 (ms) to 292.866943359375 (ms), cudaEventElapsed = 6.428703784942627 (ms)
[RANK2] W @ 292.964111328125 (ms) to 299.4072265625 (ms), cudaEventElapsed = 6.425024032592773 (ms)
[RANK2] B @ 299.504150390625 (ms) to 309.9873046875 (ms), cudaEventElapsed = 10.463680267333984 (ms)
[RANK2] 6W @ 310.1533203125 (ms) to 348.931640625 (ms), cudaEventElapsed = 38.75129699707031 (ms)
[RANK2] Iteration 8
[RANK2] F @ 22.50146484375 (ms) to 31.97314453125 (ms), cudaEventElapsed = 9.438752174377441 (ms)
[RANK2] F @ 33.571533203125 (ms) to 42.705810546875 (ms), cudaEventElapsed = 9.106911659240723 (ms)
[RANK2] F @ 43.45751953125 (ms) to 52.637939453125 (ms), cudaEventElapsed = 9.152128219604492 (ms)
[RANK2] B @ 55.010009765625 (ms) to 65.93212890625 (ms), cudaEventElapsed = 10.894975662231445 (ms)
[RANK2] F @ 66.2236328125 (ms) to 75.360595703125 (ms), cudaEventElapsed = 9.107040405273438 (ms)
[RANK2] B @ 75.568359375 (ms) to 85.677978515625 (ms), cudaEventElapsed = 10.08291244506836 (ms)
[RANK2] F @ 86.379150390625 (ms) to 95.51513671875 (ms), cudaEventElapsed = 9.106207847595215 (ms)
[RANK2] B @ 95.72265625 (ms) to 105.85302734375 (ms), cudaEventElapsed = 10.10313606262207 (ms)
[RANK2] F @ 106.547119140625 (ms) to 115.677490234375 (ms), cudaEventElapsed = 9.101632118225098 (ms)
[RANK2] B @ 115.88427734375 (ms) to 126.24560546875 (ms), cudaEventElapsed = 10.334336280822754 (ms)
[RANK2] F @ 126.955078125 (ms) to 136.423828125 (ms), cudaEventElapsed = 9.43887996673584 (ms)
[RANK2] B @ 136.629150390625 (ms) to 146.9775390625 (ms), cudaEventElapsed = 10.321311950683594 (ms)
[RANK2] F @ 147.269287109375 (ms) to 156.658935546875 (ms), cudaEventElapsed = 9.36025619506836 (ms)
[RANK2] B @ 156.8955078125 (ms) to 167.189208984375 (ms), cudaEventElapsed = 10.265024185180664 (ms)
[RANK2] W @ 167.39501953125 (ms) to 173.817138671875 (ms), cudaEventElapsed = 6.394176006317139 (ms)
[RANK2] F @ 173.925048828125 (ms) to 183.185546875 (ms), cudaEventElapsed = 9.238143920898438 (ms)
[RANK2] B @ 183.748046875 (ms) to 194.681884765625 (ms), cudaEventElapsed = 10.905088424682617 (ms)
[RANK2] B @ 195.373291015625 (ms) to 205.814453125 (ms), cudaEventElapsed = 10.410911560058594 (ms)
[RANK2] W @ 205.982177734375 (ms) to 212.3564453125 (ms), cudaEventElapsed = 6.346848011016846 (ms)
[RANK2] F @ 212.529296875 (ms) to 221.84814453125 (ms), cudaEventElapsed = 9.297151565551758 (ms)
[RANK2] B @ 222.051025390625 (ms) to 232.40283203125 (ms), cudaEventElapsed = 10.324543952941895 (ms)
[RANK2] W @ 232.60498046875 (ms) to 239.447509765625 (ms), cudaEventElapsed = 6.395232200622559 (ms)
[RANK2] F @ 239.60595703125 (ms) to 248.92919921875 (ms), cudaEventElapsed = 9.301600456237793 (ms)
[RANK2] B @ 249.128173828125 (ms) to 259.461669921875 (ms), cudaEventElapsed = 10.305567741394043 (ms)
[RANK2] W @ 259.66015625 (ms) to 266.51025390625 (ms), cudaEventElapsed = 6.426943778991699 (ms)
[RANK2] F @ 266.6728515625 (ms) to 276.07177734375 (ms), cudaEventElapsed = 9.377408027648926 (ms)
[RANK2] B @ 276.272216796875 (ms) to 286.767333984375 (ms), cudaEventElapsed = 10.469216346740723 (ms)
[RANK2] W @ 286.9267578125 (ms) to 293.373046875 (ms), cudaEventElapsed = 6.419487953186035 (ms)
[RANK2] W @ 293.468994140625 (ms) to 299.9130859375 (ms), cudaEventElapsed = 6.425792217254639 (ms)
[RANK2] B @ 300.009033203125 (ms) to 310.571044921875 (ms), cudaEventElapsed = 10.543647766113281 (ms)
[RANK2] 6W @ 310.73193359375 (ms) to 349.20703125 (ms), cudaEventElapsed = 38.4477424621582 (ms)
[RANK2] Iteration 9
[RANK2] F @ 79.93115234375 (ms) to 89.2041015625 (ms), cudaEventElapsed = 9.234496116638184 (ms)
[RANK2] F @ 146.706298828125 (ms) to 155.720458984375 (ms), cudaEventElapsed = 8.978272438049316 (ms)
[RANK2] F @ 191.703857421875 (ms) to 200.65234375 (ms), cudaEventElapsed = 8.920448303222656 (ms)
[RANK2] B @ 237.025146484375 (ms) to 247.111328125 (ms), cudaEventElapsed = 10.056544303894043 (ms)
[RANK2] F @ 269.462158203125 (ms) to 278.4580078125 (ms), cudaEventElapsed = 8.966015815734863 (ms)
[RANK2] B @ 313.8505859375 (ms) to 323.930908203125 (ms), cudaEventElapsed = 10.050047874450684 (ms)
[RANK2] F @ 346.654296875 (ms) to 355.723876953125 (ms), cudaEventElapsed = 9.038944244384766 (ms)
[RANK2] B @ 391.066650390625 (ms) to 401.142822265625 (ms), cudaEventElapsed = 10.04793643951416 (ms)
[RANK2] F @ 423.6923828125 (ms) to 432.745361328125 (ms), cudaEventElapsed = 9.021663665771484 (ms)
[RANK2] B @ 467.88525390625 (ms) to 477.989013671875 (ms), cudaEventElapsed = 10.07539176940918 (ms)
[RANK2] F @ 500.632568359375 (ms) to 509.701904296875 (ms), cudaEventElapsed = 9.039263725280762 (ms)
[RANK2] B @ 544.955322265625 (ms) to 555.0361328125 (ms), cudaEventElapsed = 10.051487922668457 (ms)
[RANK2] F @ 577.2646484375 (ms) to 586.228759765625 (ms), cudaEventElapsed = 8.933024406433105 (ms)
[RANK2] B @ 621.40673828125 (ms) to 631.486083984375 (ms), cudaEventElapsed = 10.049407958984375 (ms)
[RANK2] W @ 631.6953125 (ms) to 659.885009765625 (ms), cudaEventElapsed = 6.249216079711914 (ms)
[RANK2] F @ 659.9921875 (ms) to 668.93798828125 (ms), cudaEventElapsed = 8.925727844238281 (ms)
[RANK2] B @ 704.461181640625 (ms) to 714.529541015625 (ms), cudaEventElapsed = 10.038911819458008 (ms)
[RANK2] B @ 737.10595703125 (ms) to 748.442626953125 (ms), cudaEventElapsed = 11.305439949035645 (ms)
[RANK2] W @ 748.60498046875 (ms) to 787.969970703125 (ms), cudaEventElapsed = 6.2717437744140625 (ms)
[RANK2] F @ 788.1435546875 (ms) to 797.08154296875 (ms), cudaEventElapsed = 8.916640281677246 (ms)
[RANK2] B @ 832.20654296875 (ms) to 842.253173828125 (ms), cudaEventElapsed = 10.017087936401367 (ms)
[RANK2] W @ 842.4541015625 (ms) to 871.19482421875 (ms), cudaEventElapsed = 6.4121599197387695 (ms)
[RANK2] F @ 887.406494140625 (ms) to 896.34814453125 (ms), cudaEventElapsed = 8.919232368469238 (ms)
[RANK2] B @ 931.47607421875 (ms) to 941.549560546875 (ms), cudaEventElapsed = 10.043423652648926 (ms)
[RANK2] W @ 941.754150390625 (ms) to 970.510009765625 (ms), cudaEventElapsed = 6.424543857574463 (ms)
[RANK2] F @ 986.701904296875 (ms) to 995.645263671875 (ms), cudaEventElapsed = 8.92080020904541 (ms)
[RANK2] B @ 1030.77734375 (ms) to 1040.835693359375 (ms), cudaEventElapsed = 10.028287887573242 (ms)
[RANK2] W @ 1041.00146484375 (ms) to 1069.227294921875 (ms), cudaEventElapsed = 6.2578558921813965 (ms)
[RANK2] W @ 1069.32666015625 (ms) to 1075.635986328125 (ms), cudaEventElapsed = 6.29036808013916 (ms)
[RANK2] B @ 1075.736328125 (ms) to 1085.843017578125 (ms), cudaEventElapsed = 10.08579158782959 (ms)
[RANK2] 6W @ 1086.019287109375 (ms) to 1146.572998046875 (ms), cudaEventElapsed = 37.66697692871094 (ms)
[RANK2] Iteration 10
[RANK2] F @ 44.92578125 (ms) to 54.23095703125 (ms), cudaEventElapsed = 9.272607803344727 (ms)
[RANK2] F @ 90.105224609375 (ms) to 99.0361328125 (ms), cudaEventElapsed = 8.901920318603516 (ms)
[RANK2] F @ 143.169677734375 (ms) to 152.11328125 (ms), cudaEventElapsed = 8.914560317993164 (ms)
[RANK2] B @ 188.494384765625 (ms) to 198.5830078125 (ms), cudaEventElapsed = 10.059935569763184 (ms)
[RANK2] F @ 220.94140625 (ms) to 229.907958984375 (ms), cudaEventElapsed = 8.935968399047852 (ms)
[RANK2] B @ 265.303466796875 (ms) to 275.369873046875 (ms), cudaEventElapsed = 10.038080215454102 (ms)
[RANK2] F @ 298.123046875 (ms) to 307.19384765625 (ms), cudaEventElapsed = 9.040863990783691 (ms)
[RANK2] B @ 342.553955078125 (ms) to 352.623046875 (ms), cudaEventElapsed = 10.039423942565918 (ms)
[RANK2] F @ 375.180419921875 (ms) to 384.2392578125 (ms), cudaEventElapsed = 9.027423858642578 (ms)
[RANK2] B @ 419.38330078125 (ms) to 429.450927734375 (ms), cudaEventElapsed = 10.03872013092041 (ms)
[RANK2] F @ 452.010498046875 (ms) to 461.063720703125 (ms), cudaEventElapsed = 9.023712158203125 (ms)
[RANK2] B @ 496.19189453125 (ms) to 506.25634765625 (ms), cudaEventElapsed = 10.035039901733398 (ms)
[RANK2] F @ 528.445068359375 (ms) to 537.39794921875 (ms), cudaEventElapsed = 8.920736312866211 (ms)
[RANK2] B @ 572.5751953125 (ms) to 582.646240234375 (ms), cudaEventElapsed = 10.041824340820312 (ms)
[RANK2] W @ 582.856689453125 (ms) to 611.06201171875 (ms), cudaEventElapsed = 6.249023914337158 (ms)
[RANK2] F @ 611.169921875 (ms) to 620.12255859375 (ms), cudaEventElapsed = 8.933216094970703 (ms)
[RANK2] B @ 655.655517578125 (ms) to 665.704345703125 (ms), cudaEventElapsed = 10.019359588623047 (ms)
[RANK2] B @ 688.28955078125 (ms) to 699.59375 (ms), cudaEventElapsed = 11.27337646484375 (ms)
[RANK2] W @ 699.755615234375 (ms) to 739.109375 (ms), cudaEventElapsed = 6.263743877410889 (ms)
[RANK2] F @ 739.28662109375 (ms) to 748.24072265625 (ms), cudaEventElapsed = 8.931296348571777 (ms)
[RANK2] B @ 783.3759765625 (ms) to 793.337890625 (ms), cudaEventElapsed = 9.933183670043945 (ms)
[RANK2] W @ 793.542236328125 (ms) to 822.273681640625 (ms), cudaEventElapsed = 6.395552158355713 (ms)
[RANK2] F @ 838.505859375 (ms) to 847.447509765625 (ms), cudaEventElapsed = 8.919072151184082 (ms)
[RANK2] B @ 882.578125 (ms) to 892.6318359375 (ms), cudaEventElapsed = 10.024543762207031 (ms)
[RANK2] W @ 892.836669921875 (ms) to 921.58154296875 (ms), cudaEventElapsed = 6.40169620513916 (ms)
[RANK2] F @ 937.80029296875 (ms) to 946.75927734375 (ms), cudaEventElapsed = 8.93558406829834 (ms)
[RANK2] B @ 981.89892578125 (ms) to 991.986328125 (ms), cudaEventElapsed = 10.059167861938477 (ms)
[RANK2] W @ 992.148681640625 (ms) to 1020.373046875 (ms), cudaEventElapsed = 6.259679794311523 (ms)
[RANK2] W @ 1020.47314453125 (ms) to 1026.78466796875 (ms), cudaEventElapsed = 6.292064189910889 (ms)
[RANK2] B @ 1026.88427734375 (ms) to 1036.94384765625 (ms), cudaEventElapsed = 10.039520263671875 (ms)
[RANK2] 6W @ 1037.121826171875 (ms) to 1096.625 (ms), cudaEventElapsed = 37.541439056396484 (ms)
[RANK2] Iteration 11
[RANK2] F @ 44.119873046875 (ms) to 53.346923828125 (ms), cudaEventElapsed = 9.193023681640625 (ms)
[RANK2] F @ 88.742919921875 (ms) to 97.712890625 (ms), cudaEventElapsed = 8.940704345703125 (ms)
[RANK2] F @ 142.33349609375 (ms) to 151.285400390625 (ms), cudaEventElapsed = 8.923616409301758 (ms)
[RANK2] B @ 187.654296875 (ms) to 197.72265625 (ms), cudaEventElapsed = 10.038944244384766 (ms)
[RANK2] F @ 220.079345703125 (ms) to 229.058349609375 (ms), cudaEventElapsed = 8.948351860046387 (ms)
[RANK2] B @ 264.44775390625 (ms) to 274.53759765625 (ms), cudaEventElapsed = 10.06220817565918 (ms)
[RANK2] F @ 297.296630859375 (ms) to 306.362548828125 (ms), cudaEventElapsed = 9.035552024841309 (ms)
[RANK2] B @ 341.606201171875 (ms) to 351.65673828125 (ms), cudaEventElapsed = 10.022560119628906 (ms)
[RANK2] F @ 374.23876953125 (ms) to 383.282958984375 (ms), cudaEventElapsed = 9.014080047607422 (ms)
[RANK2] B @ 418.413330078125 (ms) to 428.48486328125 (ms), cudaEventElapsed = 10.041215896606445 (ms)
[RANK2] F @ 451.1513671875 (ms) to 460.218994140625 (ms), cudaEventElapsed = 9.036416053771973 (ms)
[RANK2] B @ 495.469970703125 (ms) to 505.533447265625 (ms), cudaEventElapsed = 10.033632278442383 (ms)
[RANK2] F @ 527.78759765625 (ms) to 536.739501953125 (ms), cudaEventElapsed = 8.920479774475098 (ms)
[RANK2] B @ 571.91650390625 (ms) to 581.969970703125 (ms), cudaEventElapsed = 10.02348804473877 (ms)
[RANK2] W @ 582.17919921875 (ms) to 610.3837890625 (ms), cudaEventElapsed = 6.263584136962891 (ms)
[RANK2] F @ 610.490478515625 (ms) to 619.429931640625 (ms), cudaEventElapsed = 8.919743537902832 (ms)
[RANK2] B @ 654.919189453125 (ms) to 664.9482421875 (ms), cudaEventElapsed = 9.999551773071289 (ms)
[RANK2] B @ 687.52099609375 (ms) to 698.83154296875 (ms), cudaEventElapsed = 11.279487609863281 (ms)
[RANK2] W @ 699.56591796875 (ms) to 734.333251953125 (ms), cudaEventElapsed = 6.293791770935059 (ms)
[RANK2] F @ 734.5185546875 (ms) to 743.579833984375 (ms), cudaEventElapsed = 9.039072036743164 (ms)
[RANK2] B @ 793.51611328125 (ms) to 803.569580078125 (ms), cudaEventElapsed = 10.024352073669434 (ms)
[RANK2] W @ 803.770263671875 (ms) to 840.23583984375 (ms), cudaEventElapsed = 6.400224208831787 (ms)
[RANK2] F @ 861.05322265625 (ms) to 869.98779296875 (ms), cudaEventElapsed = 8.911968231201172 (ms)
[RANK2] B @ 907.11376953125 (ms) to 917.182861328125 (ms), cudaEventElapsed = 10.039104461669922 (ms)
[RANK2] W @ 917.389404296875 (ms) to 942.14697265625 (ms), cudaEventElapsed = 6.4121599197387695 (ms)
[RANK2] F @ 958.307373046875 (ms) to 967.313232421875 (ms), cudaEventElapsed = 8.983967781066895 (ms)
[RANK2] B @ 1004.443115234375 (ms) to 1014.489501953125 (ms), cudaEventElapsed = 10.017727851867676 (ms)
[RANK2] W @ 1014.65185546875 (ms) to 1038.88037109375 (ms), cudaEventElapsed = 6.2630720138549805 (ms)
[RANK2] W @ 1038.978515625 (ms) to 1045.425048828125 (ms), cudaEventElapsed = 6.427616119384766 (ms)
[RANK2] B @ 1061.45703125 (ms) to 1071.498046875 (ms), cudaEventElapsed = 10.021408081054688 (ms)
[RANK2] 6W @ 1071.692138671875 (ms) to 1127.301513671875 (ms), cudaEventElapsed = 37.64838409423828 (ms)
[RANK2] Iteration 12
[RANK2] F @ 66.003662109375 (ms) to 75.1982421875 (ms), cudaEventElapsed = 9.160320281982422 (ms)
[RANK2] F @ 112.60693359375 (ms) to 121.542236328125 (ms), cudaEventElapsed = 8.906240463256836 (ms)
[RANK2] F @ 159.28857421875 (ms) to 168.20654296875 (ms), cudaEventElapsed = 8.88924789428711 (ms)
[RANK2] B @ 243.608642578125 (ms) to 253.66943359375 (ms), cudaEventElapsed = 10.03228759765625 (ms)
[RANK2] F @ 271.997802734375 (ms) to 281.077392578125 (ms), cudaEventElapsed = 9.04860782623291 (ms)
[RANK2] B @ 337.023193359375 (ms) to 347.061767578125 (ms), cudaEventElapsed = 10.009056091308594 (ms)
[RANK2] F @ 365.576416015625 (ms) to 374.64892578125 (ms), cudaEventElapsed = 9.043231964111328 (ms)
[RANK2] B @ 411.990966796875 (ms) to 422.04443359375 (ms), cudaEventElapsed = 10.025919914245605 (ms)
[RANK2] F @ 440.626220703125 (ms) to 449.695068359375 (ms), cudaEventElapsed = 9.039135932922363 (ms)
[RANK2] B @ 486.93994140625 (ms) to 497.001708984375 (ms), cudaEventElapsed = 10.031392097473145 (ms)
[RANK2] F @ 522.090576171875 (ms) to 531.16552734375 (ms), cudaEventElapsed = 9.0447998046875 (ms)
[RANK2] B @ 568.293212890625 (ms) to 578.343994140625 (ms), cudaEventElapsed = 10.021408081054688 (ms)
[RANK2] F @ 596.531982421875 (ms) to 605.6044921875 (ms), cudaEventElapsed = 9.043647766113281 (ms)
[RANK2] B @ 643.259765625 (ms) to 653.33837890625 (ms), cudaEventElapsed = 10.049599647521973 (ms)
[RANK2] W @ 653.549560546875 (ms) to 677.869873046875 (ms), cudaEventElapsed = 6.380576133728027 (ms)
[RANK2] F @ 677.980224609375 (ms) to 686.956787109375 (ms), cudaEventElapsed = 8.954463958740234 (ms)
[RANK2] B @ 724.582763671875 (ms) to 735.875244140625 (ms), cudaEventElapsed = 11.264032363891602 (ms)
[RANK2] B @ 762.179443359375 (ms) to 773.478271484375 (ms), cudaEventElapsed = 11.26956844329834 (ms)
[RANK2] W @ 773.65234375 (ms) to 813.10595703125 (ms), cudaEventElapsed = 6.257664203643799 (ms)
[RANK2] F @ 813.281005859375 (ms) to 822.301513671875 (ms), cudaEventElapsed = 8.998368263244629 (ms)
[RANK2] B @ 860.44873046875 (ms) to 870.507080078125 (ms), cudaEventElapsed = 10.029824256896973 (ms)
[RANK2] W @ 870.714599609375 (ms) to 918.724853515625 (ms), cudaEventElapsed = 6.410048007965088 (ms)
[RANK2] F @ 939.527587890625 (ms) to 948.47705078125 (ms), cudaEventElapsed = 8.926848411560059 (ms)
[RANK2] B @ 985.600341796875 (ms) to 995.64697265625 (ms), cudaEventElapsed = 10.018495559692383 (ms)
[RANK2] W @ 995.854736328125 (ms) to 1020.593017578125 (ms), cudaEventElapsed = 6.404064178466797 (ms)
[RANK2] F @ 1037.014892578125 (ms) to 1046.024169921875 (ms), cudaEventElapsed = 8.986847877502441 (ms)
[RANK2] B @ 1083.140869140625 (ms) to 1093.181884765625 (ms), cudaEventElapsed = 10.011743545532227 (ms)
[RANK2] W @ 1093.34521484375 (ms) to 1117.563720703125 (ms), cudaEventElapsed = 6.252992153167725 (ms)
[RANK2] W @ 1117.662353515625 (ms) to 1124.114013671875 (ms), cudaEventElapsed = 6.4324798583984375 (ms)
[RANK2] B @ 1139.947998046875 (ms) to 1149.986328125 (ms), cudaEventElapsed = 10.018400192260742 (ms)
[RANK2] 6W @ 1150.1650390625 (ms) to 1205.753662109375 (ms), cudaEventElapsed = 37.629215240478516 (ms)
[RANK2] Iteration 13
[RANK2] F @ 65.826904296875 (ms) to 75.0185546875 (ms), cudaEventElapsed = 9.159071922302246 (ms)
[RANK2] F @ 112.421630859375 (ms) to 121.377685546875 (ms), cudaEventElapsed = 8.928288459777832 (ms)
[RANK2] F @ 159.41162109375 (ms) to 168.359130859375 (ms), cudaEventElapsed = 8.919136047363281 (ms)
[RANK2] B @ 244.179931640625 (ms) to 254.21337890625 (ms), cudaEventElapsed = 10.00432014465332 (ms)
[RANK2] F @ 272.492431640625 (ms) to 281.570556640625 (ms), cudaEventElapsed = 9.047871589660645 (ms)
[RANK2] B @ 338.00390625 (ms) to 348.12939453125 (ms), cudaEventElapsed = 10.095968246459961 (ms)
[RANK2] F @ 366.717529296875 (ms) to 375.80810546875 (ms), cudaEventElapsed = 9.060959815979004 (ms)
[RANK2] B @ 412.961669921875 (ms) to 423.0068359375 (ms), cudaEventElapsed = 10.017151832580566 (ms)
[RANK2] F @ 441.5927734375 (ms) to 450.6728515625 (ms), cudaEventElapsed = 9.049728393554688 (ms)
[RANK2] B @ 487.9248046875 (ms) to 497.97998046875 (ms), cudaEventElapsed = 10.025568008422852 (ms)
[RANK2] F @ 523.657958984375 (ms) to 532.726318359375 (ms), cudaEventElapsed = 9.038016319274902 (ms)
[RANK2] B @ 569.8564453125 (ms) to 579.911865234375 (ms), cudaEventElapsed = 10.026559829711914 (ms)
[RANK2] F @ 598.10107421875 (ms) to 607.179443359375 (ms), cudaEventElapsed = 9.0480318069458 (ms)
[RANK2] B @ 644.826904296875 (ms) to 654.888427734375 (ms), cudaEventElapsed = 10.032608032226562 (ms)
[RANK2] W @ 655.10009765625 (ms) to 679.431396484375 (ms), cudaEventElapsed = 6.390431880950928 (ms)
[RANK2] F @ 679.538330078125 (ms) to 688.51318359375 (ms), cudaEventElapsed = 8.954655647277832 (ms)
[RANK2] B @ 726.041748046875 (ms) to 737.389404296875 (ms), cudaEventElapsed = 11.317472457885742 (ms)
[RANK2] B @ 763.599853515625 (ms) to 774.92236328125 (ms), cudaEventElapsed = 11.292192459106445 (ms)
[RANK2] W @ 775.094970703125 (ms) to 814.30029296875 (ms), cudaEventElapsed = 6.266528129577637 (ms)
[RANK2] F @ 814.479736328125 (ms) to 823.5224609375 (ms), cudaEventElapsed = 9.020544052124023 (ms)
[RANK2] B @ 862.9462890625 (ms) to 872.986572265625 (ms), cudaEventElapsed = 10.011839866638184 (ms)
[RANK2] W @ 873.188232421875 (ms) to 919.646728515625 (ms), cudaEventElapsed = 6.388415813446045 (ms)
[RANK2] F @ 940.439697265625 (ms) to 949.402099609375 (ms), cudaEventElapsed = 8.938783645629883 (ms)
[RANK2] B @ 986.52734375 (ms) to 996.5859375 (ms), cudaEventElapsed = 10.029952049255371 (ms)
[RANK2] W @ 996.79052734375 (ms) to 1021.531982421875 (ms), cudaEventElapsed = 6.399775981903076 (ms)
[RANK2] F @ 1037.905517578125 (ms) to 1046.906982421875 (ms), cudaEventElapsed = 8.979040145874023 (ms)
[RANK2] B @ 1084.02685546875 (ms) to 1094.0732421875 (ms), cudaEventElapsed = 10.01910400390625 (ms)
[RANK2] W @ 1094.234375 (ms) to 1118.45849609375 (ms), cudaEventElapsed = 6.25875186920166 (ms)
[RANK2] W @ 1118.55517578125 (ms) to 1124.995361328125 (ms), cudaEventElapsed = 6.421696186065674 (ms)
[RANK2] B @ 1141.35302734375 (ms) to 1151.3984375 (ms), cudaEventElapsed = 10.0250244140625 (ms)
[RANK2] 6W @ 1151.578369140625 (ms) to 1207.119140625 (ms), cudaEventElapsed = 37.58256149291992 (ms)
[RANK2] Iteration 14
[RANK2] F @ 65.73583984375 (ms) to 74.921875 (ms), cudaEventElapsed = 9.152607917785645 (ms)
[RANK2] F @ 112.3271484375 (ms) to 121.29541015625 (ms), cudaEventElapsed = 8.938752174377441 (ms)
[RANK2] F @ 159.339599609375 (ms) to 168.27685546875 (ms), cudaEventElapsed = 8.90886402130127 (ms)
[RANK2] B @ 244.048095703125 (ms) to 254.008544921875 (ms), cudaEventElapsed = 9.931520462036133 (ms)
[RANK2] F @ 272.3359375 (ms) to 281.39599609375 (ms), cudaEventElapsed = 9.030271530151367 (ms)
[RANK2] B @ 338.603515625 (ms) to 348.651611328125 (ms), cudaEventElapsed = 10.01910400390625 (ms)
[RANK2] F @ 367.246826171875 (ms) to 376.3134765625 (ms), cudaEventElapsed = 9.037088394165039 (ms)
[RANK2] B @ 413.59423828125 (ms) to 423.5458984375 (ms), cudaEventElapsed = 9.922816276550293 (ms)
[RANK2] F @ 442.1298828125 (ms) to 451.19287109375 (ms), cudaEventElapsed = 9.032735824584961 (ms)
[RANK2] B @ 479.85107421875 (ms) to 489.931396484375 (ms), cudaEventElapsed = 10.041343688964844 (ms)
[RANK2] F @ 501.51806640625 (ms) to 510.578125 (ms), cudaEventElapsed = 9.03059196472168 (ms)
[RANK2] B @ 545.865478515625 (ms) to 555.977783203125 (ms), cudaEventElapsed = 10.079487800598145 (ms)
[RANK2] F @ 567.158203125 (ms) to 576.202392578125 (ms), cudaEventElapsed = 9.01411247253418 (ms)
[RANK2] B @ 611.801513671875 (ms) to 621.856689453125 (ms), cudaEventElapsed = 10.027199745178223 (ms)
[RANK2] W @ 622.06640625 (ms) to 639.391357421875 (ms), cudaEventElapsed = 6.3843841552734375 (ms)
[RANK2] F @ 639.50439453125 (ms) to 648.532958984375 (ms), cudaEventElapsed = 9.007840156555176 (ms)
[RANK2] B @ 678.167236328125 (ms) to 689.47802734375 (ms), cudaEventElapsed = 11.282303810119629 (ms)
[RANK2] B @ 715.72021484375 (ms) to 725.7734375 (ms), cudaEventElapsed = 10.021599769592285 (ms)
[RANK2] W @ 725.94677734375 (ms) to 743.16015625 (ms), cudaEventElapsed = 6.258368015289307 (ms)
[RANK2] F @ 743.3369140625 (ms) to 752.3662109375 (ms), cudaEventElapsed = 9.00767993927002 (ms)
[RANK2] B @ 805.3681640625 (ms) to 815.432373046875 (ms), cudaEventElapsed = 10.036383628845215 (ms)
[RANK2] W @ 815.639404296875 (ms) to 833.3798828125 (ms), cudaEventElapsed = 6.402688026428223 (ms)
[RANK2] F @ 838.580078125 (ms) to 847.619873046875 (ms), cudaEventElapsed = 9.017151832580566 (ms)
[RANK2] B @ 889.927978515625 (ms) to 899.9580078125 (ms), cudaEventElapsed = 10.001631736755371 (ms)
[RANK2] W @ 900.16455078125 (ms) to 917.91455078125 (ms), cudaEventElapsed = 6.414112091064453 (ms)
[RANK2] F @ 923.095947265625 (ms) to 932.12646484375 (ms), cudaEventElapsed = 9.00767993927002 (ms)
[RANK2] B @ 974.69189453125 (ms) to 984.75146484375 (ms), cudaEventElapsed = 10.030655860900879 (ms)
[RANK2] W @ 984.916259765625 (ms) to 1002.16455078125 (ms), cudaEventElapsed = 6.27836799621582 (ms)
[RANK2] W @ 1002.2626953125 (ms) to 1008.721435546875 (ms), cudaEventElapsed = 6.440256118774414 (ms)
[RANK2] B @ 1031.210205078125 (ms) to 1041.28515625 (ms), cudaEventElapsed = 10.055168151855469 (ms)
[RANK2] 6W @ 1041.45849609375 (ms) to 1090.111328125 (ms), cudaEventElapsed = 37.52252960205078 (ms)
[RANK2] Iteration 15
[RANK2] F @ 58.464599609375 (ms) to 67.685302734375 (ms), cudaEventElapsed = 9.187871932983398 (ms)
[RANK2] F @ 96.027587890625 (ms) to 104.976806640625 (ms), cudaEventElapsed = 8.92080020904541 (ms)
[RANK2] F @ 133.947265625 (ms) to 142.906982421875 (ms), cudaEventElapsed = 8.931072235107422 (ms)
[RANK2] B @ 209.50927734375 (ms) to 219.6240234375 (ms), cudaEventElapsed = 10.085344314575195 (ms)
[RANK2] F @ 230.90673828125 (ms) to 239.9765625 (ms), cudaEventElapsed = 9.039584159851074 (ms)
[RANK2] B @ 294.150146484375 (ms) to 304.222900390625 (ms), cudaEventElapsed = 10.04355239868164 (ms)
[RANK2] F @ 315.896484375 (ms) to 324.975830078125 (ms), cudaEventElapsed = 9.050335884094238 (ms)
[RANK2] B @ 360.572021484375 (ms) to 370.616943359375 (ms), cudaEventElapsed = 10.016608238220215 (ms)
[RANK2] F @ 382.212890625 (ms) to 391.292724609375 (ms), cudaEventElapsed = 9.049407958984375 (ms)
[RANK2] B @ 426.5478515625 (ms) to 436.654052734375 (ms), cudaEventElapsed = 10.07811164855957 (ms)
[RANK2] F @ 448.203857421875 (ms) to 457.25732421875 (ms), cudaEventElapsed = 9.02467155456543 (ms)
[RANK2] B @ 492.521728515625 (ms) to 502.572998046875 (ms), cudaEventElapsed = 10.021087646484375 (ms)
[RANK2] F @ 513.75830078125 (ms) to 522.810546875 (ms), cudaEventElapsed = 9.020319938659668 (ms)
[RANK2] B @ 558.489013671875 (ms) to 568.623779296875 (ms), cudaEventElapsed = 10.10540771484375 (ms)
[RANK2] W @ 568.834716796875 (ms) to 586.17822265625 (ms), cudaEventElapsed = 6.404352188110352 (ms)
[RANK2] F @ 586.287841796875 (ms) to 595.31787109375 (ms), cudaEventElapsed = 9.00879955291748 (ms)
[RANK2] B @ 625.036865234375 (ms) to 636.356201171875 (ms), cudaEventElapsed = 11.289759635925293 (ms)
[RANK2] B @ 662.629638671875 (ms) to 672.693359375 (ms), cudaEventElapsed = 10.033120155334473 (ms)
[RANK2] W @ 672.8701171875 (ms) to 690.184814453125 (ms), cudaEventElapsed = 6.267807960510254 (ms)
[RANK2] F @ 690.36083984375 (ms) to 699.409423828125 (ms), cudaEventElapsed = 9.02723217010498 (ms)
[RANK2] B @ 752.227294921875 (ms) to 762.2724609375 (ms), cudaEventElapsed = 10.017248153686523 (ms)
[RANK2] W @ 762.475830078125 (ms) to 780.279541015625 (ms), cudaEventElapsed = 6.38431978225708 (ms)
[RANK2] F @ 785.517822265625 (ms) to 794.567138671875 (ms), cudaEventElapsed = 9.026687622070312 (ms)
[RANK2] B @ 837.034423828125 (ms) to 847.095703125 (ms), cudaEventElapsed = 10.03279972076416 (ms)
[RANK2] W @ 847.302001953125 (ms) to 865.13916015625 (ms), cudaEventElapsed = 6.4137282371521 (ms)
[RANK2] F @ 870.337890625 (ms) to 879.392333984375 (ms), cudaEventElapsed = 9.032896041870117 (ms)
[RANK2] B @ 921.7783203125 (ms) to 931.8173828125 (ms), cudaEventElapsed = 10.010687828063965 (ms)
[RANK2] W @ 931.98046875 (ms) to 949.19287109375 (ms), cudaEventElapsed = 6.248288154602051 (ms)
[RANK2] W @ 949.291015625 (ms) to 955.74853515625 (ms), cudaEventElapsed = 6.438752174377441 (ms)
[RANK2] B @ 978.630859375 (ms) to 988.746337890625 (ms), cudaEventElapsed = 10.09443187713623 (ms)
[RANK2] 6W @ 988.91650390625 (ms) to 1037.550537109375 (ms), cudaEventElapsed = 37.58659362792969 (ms)
[RANK2] Iteration 16
[RANK2] F @ 318.154052734375 (ms) to 460.057861328125 (ms), cudaEventElapsed = 141.87094116210938 (ms)
[RANK2] F @ 488.1875 (ms) to 496.53076171875 (ms), cudaEventElapsed = 8.315648078918457 (ms)
[RANK2] F @ 524.487548828125 (ms) to 532.805419921875 (ms), cudaEventElapsed = 8.288640022277832 (ms)
[RANK2] F @ 560.505859375 (ms) to 568.8095703125 (ms), cudaEventElapsed = 8.275903701782227 (ms)
[RANK2] F @ 678.201171875 (ms) to 686.535888671875 (ms), cudaEventElapsed = 8.306336402893066 (ms)
[RANK2] F @ 714.66162109375 (ms) to 723.00927734375 (ms), cudaEventElapsed = 8.319135665893555 (ms)
[RANK2] F @ 751.1357421875 (ms) to 759.49072265625 (ms), cudaEventElapsed = 8.327232360839844 (ms)
[RANK2] F @ 787.613525390625 (ms) to 795.946044921875 (ms), cudaEventElapsed = 8.305407524108887 (ms)
[RANK2] F @ 824.42578125 (ms) to 832.775146484375 (ms), cudaEventElapsed = 8.321023941040039 (ms)
[RANK2] F @ 861.27978515625 (ms) to 869.615966796875 (ms), cudaEventElapsed = 8.309120178222656 (ms)
[RANK2] F @ 898.119140625 (ms) to 906.484375 (ms), cudaEventElapsed = 8.336480140686035 (ms)
[RANK2] F @ 934.998291015625 (ms) to 943.333740234375 (ms), cudaEventElapsed = 8.308064460754395 (ms)
