[RANK0] Iteration 1
[RANK0] F @ 1.89453125 (ms) to 528.585205078125 (ms), cudaEventElapsed = 526.6339721679688 (ms)
[RANK0] F @ 529.342041015625 (ms) to 554.806640625 (ms), cudaEventElapsed = 25.438207626342773 (ms)
[RANK0] F @ 555.469970703125 (ms) to 582.452880859375 (ms), cudaEventElapsed = 26.95884895324707 (ms)
[RANK0] F @ 583.11328125 (ms) to 611.424072265625 (ms), cudaEventElapsed = 28.289024353027344 (ms)
[RANK0] F @ 612.077392578125 (ms) to 640.527587890625 (ms), cudaEventElapsed = 28.425216674804688 (ms)
[RANK0] F @ 641.205810546875 (ms) to 669.408203125 (ms), cudaEventElapsed = 28.17843246459961 (ms)
[RANK0] F @ 670.054931640625 (ms) to 698.054443359375 (ms), cudaEventElapsed = 27.976703643798828 (ms)
[RANK0] B @ 1603.490966796875 (ms) to 1697.98583984375 (ms), cudaEventElapsed = 94.46809387207031 (ms)
[RANK0] F @ 1698.255615234375 (ms) to 1723.15380859375 (ms), cudaEventElapsed = 24.87603187561035 (ms)
[RANK0] B @ 1724.48779296875 (ms) to 1758.051025390625 (ms), cudaEventElapsed = 33.540096282958984 (ms)
[RANK0] F @ 1758.26171875 (ms) to 1785.1572265625 (ms), cudaEventElapsed = 26.871807098388672 (ms)
[RANK0] B @ 1786.4248046875 (ms) to 1821.722412109375 (ms), cudaEventElapsed = 35.27577590942383 (ms)
[RANK0] F @ 1821.92138671875 (ms) to 1848.441650390625 (ms), cudaEventElapsed = 26.497024536132812 (ms)
[RANK0] B @ 1849.799560546875 (ms) to 1884.985107421875 (ms), cudaEventElapsed = 35.16108703613281 (ms)
[RANK0] F @ 1885.19189453125 (ms) to 1911.221435546875 (ms), cudaEventElapsed = 26.005504608154297 (ms)
[RANK0] B @ 1913.841552734375 (ms) to 1948.9931640625 (ms), cudaEventElapsed = 35.12934494018555 (ms)
[RANK0] F @ 1949.1787109375 (ms) to 1975.098388671875 (ms), cudaEventElapsed = 25.894912719726562 (ms)
[RANK0] B @ 1995.198486328125 (ms) to 2028.80615234375 (ms), cudaEventElapsed = 33.58515167236328 (ms)
[RANK0] W @ 2029.0703125 (ms) to 2043.4326171875 (ms), cudaEventElapsed = 14.341119766235352 (ms)
[RANK0] B @ 2074.4189453125 (ms) to 2106.219970703125 (ms), cudaEventElapsed = 31.77984046936035 (ms)
[RANK0] W @ 2106.7529296875 (ms) to 2120.41650390625 (ms), cudaEventElapsed = 13.640704154968262 (ms)
[RANK0] B @ 2154.05029296875 (ms) to 2185.89697265625 (ms), cudaEventElapsed = 31.82592010498047 (ms)
[RANK0] W @ 2186.16943359375 (ms) to 2199.74609375 (ms), cudaEventElapsed = 13.55571174621582 (ms)
[RANK0] B @ 2219.65478515625 (ms) to 2251.787353515625 (ms), cudaEventElapsed = 32.112640380859375 (ms)
[RANK0] W @ 2252.0751953125 (ms) to 2265.79931640625 (ms), cudaEventElapsed = 13.693951606750488 (ms)
[RANK0] B @ 2299.929443359375 (ms) to 2331.521728515625 (ms), cudaEventElapsed = 31.57196807861328 (ms)
[RANK0] W @ 2331.81005859375 (ms) to 2345.253173828125 (ms), cudaEventElapsed = 13.421567916870117 (ms)
[RANK0] B @ 2365.493896484375 (ms) to 2397.267333984375 (ms), cudaEventElapsed = 31.747072219848633 (ms)
[RANK0] W @ 2397.545654296875 (ms) to 2411.6572265625 (ms), cudaEventElapsed = 14.090239524841309 (ms)
[RANK0] B @ 2429.717041015625 (ms) to 2462.356689453125 (ms), cudaEventElapsed = 32.62054443359375 (ms)
[RANK0] 6W @ 2463.387939453125 (ms) to 2555.966796875 (ms), cudaEventElapsed = 92.55423736572266 (ms)
[RANK0] Iteration 2
[RANK0] F @ 0.418212890625 (ms) to 25.980224609375 (ms), cudaEventElapsed = 25.539583206176758 (ms)
[RANK0] F @ 26.670166015625 (ms) to 52.153076171875 (ms), cudaEventElapsed = 25.458688735961914 (ms)
[RANK0] F @ 52.824951171875 (ms) to 79.531005859375 (ms), cudaEventElapsed = 26.684415817260742 (ms)
[RANK0] F @ 80.177001953125 (ms) to 108.0302734375 (ms), cudaEventElapsed = 27.829248428344727 (ms)
[RANK0] F @ 108.71630859375 (ms) to 136.633544921875 (ms), cudaEventElapsed = 27.892736434936523 (ms)
[RANK0] F @ 137.31005859375 (ms) to 165.11279296875 (ms), cudaEventElapsed = 27.779071807861328 (ms)
[RANK0] F @ 165.80224609375 (ms) to 193.4453125 (ms), cudaEventElapsed = 27.618303298950195 (ms)
[RANK0] B @ 382.354248046875 (ms) to 415.529296875 (ms), cudaEventElapsed = 33.15097427368164 (ms)
[RANK0] F @ 415.7451171875 (ms) to 441.864990234375 (ms), cudaEventElapsed = 26.09561538696289 (ms)
[RANK0] B @ 466.9296875 (ms) to 627.427734375 (ms), cudaEventElapsed = 160.47410583496094 (ms)
[RANK0] F @ 627.767578125 (ms) to 653.304443359375 (ms), cudaEventElapsed = 25.51296043395996 (ms)
[RANK0] B @ 654.88525390625 (ms) to 690.6435546875 (ms), cudaEventElapsed = 35.734527587890625 (ms)
[RANK0] F @ 690.841796875 (ms) to 718.0078125 (ms), cudaEventElapsed = 27.14521598815918 (ms)
[RANK0] B @ 719.385498046875 (ms) to 757.0712890625 (ms), cudaEventElapsed = 37.66374588012695 (ms)
[RANK0] F @ 757.255859375 (ms) to 785.219970703125 (ms), cudaEventElapsed = 27.9418888092041 (ms)
[RANK0] B @ 786.502197265625 (ms) to 822.41748046875 (ms), cudaEventElapsed = 35.89427185058594 (ms)
[RANK0] F @ 822.626708984375 (ms) to 850.02587890625 (ms), cudaEventElapsed = 27.37049674987793 (ms)
[RANK0] B @ 851.3349609375 (ms) to 887.30224609375 (ms), cudaEventElapsed = 35.945472717285156 (ms)
[RANK0] W @ 887.58056640625 (ms) to 904.822509765625 (ms), cudaEventElapsed = 17.21855926513672 (ms)
[RANK0] B @ 907.617919921875 (ms) to 944.08251953125 (ms), cudaEventElapsed = 36.43596649169922 (ms)
[RANK0] W @ 944.359375 (ms) to 961.845947265625 (ms), cudaEventElapsed = 17.465343475341797 (ms)
[RANK0] B @ 990.8935546875 (ms) to 1024.540283203125 (ms), cudaEventElapsed = 33.62713623046875 (ms)
[RANK0] W @ 1024.831787109375 (ms) to 1040.525390625 (ms), cudaEventElapsed = 15.673343658447266 (ms)
[RANK0] B @ 1072.830078125 (ms) to 1106.464111328125 (ms), cudaEventElapsed = 33.61280059814453 (ms)
[RANK0] W @ 1106.767578125 (ms) to 1122.7412109375 (ms), cudaEventElapsed = 15.948800086975098 (ms)
[RANK0] B @ 1155.149658203125 (ms) to 1188.59521484375 (ms), cudaEventElapsed = 33.42643356323242 (ms)
[RANK0] W @ 1188.8759765625 (ms) to 1204.416748046875 (ms), cudaEventElapsed = 15.519743919372559 (ms)
[RANK0] B @ 1231.8046875 (ms) to 1265.480712890625 (ms), cudaEventElapsed = 33.65478515625 (ms)
[RANK0] W @ 1266.24853515625 (ms) to 1282.384765625 (ms), cudaEventElapsed = 16.111616134643555 (ms)
[RANK0] B @ 1305.19189453125 (ms) to 1339.072998046875 (ms), cudaEventElapsed = 33.86163330078125 (ms)
[RANK0] 6W @ 1339.829345703125 (ms) to 1455.451171875 (ms), cudaEventElapsed = 115.5962905883789 (ms)
[RANK0] Iteration 3
[RANK0] F @ 0.751953125 (ms) to 25.626953125 (ms), cudaEventElapsed = 24.850431442260742 (ms)
[RANK0] F @ 26.302734375 (ms) to 51.1083984375 (ms), cudaEventElapsed = 24.783872604370117 (ms)
[RANK0] F @ 51.771240234375 (ms) to 78.780517578125 (ms), cudaEventElapsed = 26.97113609313965 (ms)
[RANK0] F @ 79.439208984375 (ms) to 107.328125 (ms), cudaEventElapsed = 27.867136001586914 (ms)
[RANK0] F @ 107.989013671875 (ms) to 135.51904296875 (ms), cudaEventElapsed = 27.50771141052246 (ms)
[RANK0] F @ 136.177001953125 (ms) to 164.022216796875 (ms), cudaEventElapsed = 27.823104858398438 (ms)
[RANK0] F @ 164.682373046875 (ms) to 192.31396484375 (ms), cudaEventElapsed = 27.608064651489258 (ms)
[RANK0] B @ 397.68408203125 (ms) to 430.901123046875 (ms), cudaEventElapsed = 33.19091033935547 (ms)
[RANK0] F @ 431.116943359375 (ms) to 457.6181640625 (ms), cudaEventElapsed = 26.476543426513672 (ms)
[RANK0] B @ 483.448974609375 (ms) to 517.174560546875 (ms), cudaEventElapsed = 33.70188903808594 (ms)
[RANK0] F @ 517.39697265625 (ms) to 543.677978515625 (ms), cudaEventElapsed = 26.255359649658203 (ms)
[RANK0] B @ 567.74267578125 (ms) to 601.58349609375 (ms), cudaEventElapsed = 33.81248092651367 (ms)
[RANK0] F @ 601.79931640625 (ms) to 628.071044921875 (ms), cudaEventElapsed = 26.247167587280273 (ms)
[RANK0] B @ 673.502685546875 (ms) to 706.857177734375 (ms), cudaEventElapsed = 33.331199645996094 (ms)
[RANK0] F @ 707.059814453125 (ms) to 732.76708984375 (ms), cudaEventElapsed = 25.68294334411621 (ms)
[RANK0] B @ 762.09716796875 (ms) to 795.403564453125 (ms), cudaEventElapsed = 33.282047271728516 (ms)
[RANK0] F @ 795.59619140625 (ms) to 821.60205078125 (ms), cudaEventElapsed = 25.983999252319336 (ms)
[RANK0] B @ 849.414306640625 (ms) to 882.93994140625 (ms), cudaEventElapsed = 33.503231048583984 (ms)
[RANK0] W @ 883.220458984375 (ms) to 898.788818359375 (ms), cudaEventElapsed = 15.545344352722168 (ms)
[RANK0] B @ 945.181884765625 (ms) to 978.417236328125 (ms), cudaEventElapsed = 33.21139144897461 (ms)
[RANK0] W @ 978.714599609375 (ms) to 993.845703125 (ms), cudaEventElapsed = 15.10912036895752 (ms)
[RANK0] B @ 1067.857666015625 (ms) to 1101.0263671875 (ms), cudaEventElapsed = 33.14790344238281 (ms)
[RANK0] W @ 1101.2998046875 (ms) to 1116.5673828125 (ms), cudaEventElapsed = 15.246335983276367 (ms)
[RANK0] B @ 1135.459228515625 (ms) to 1169.88232421875 (ms), cudaEventElapsed = 34.402305603027344 (ms)
[RANK0] W @ 1170.14892578125 (ms) to 1185.97265625 (ms), cudaEventElapsed = 15.80134391784668 (ms)
[RANK0] B @ 1220.99169921875 (ms) to 1254.2744140625 (ms), cudaEventElapsed = 33.25542449951172 (ms)
[RANK0] W @ 1254.561279296875 (ms) to 1270.162353515625 (ms), cudaEventElapsed = 15.57913589477539 (ms)
[RANK0] B @ 1314.5400390625 (ms) to 1347.7998046875 (ms), cudaEventElapsed = 33.2410888671875 (ms)
[RANK0] W @ 1348.605224609375 (ms) to 1363.480712890625 (ms), cudaEventElapsed = 14.852095603942871 (ms)
[RANK0] B @ 1405.509765625 (ms) to 1438.723876953125 (ms), cudaEventElapsed = 33.19193649291992 (ms)
[RANK0] 6W @ 1439.474365234375 (ms) to 1554.288818359375 (ms), cudaEventElapsed = 114.78937530517578 (ms)
[RANK0] Iteration 4
[RANK0] F @  0.5 (ms) to 25.839599609375 (ms), cudaEventElapsed = 25.31328010559082 (ms)
[RANK0] F @ 26.529052734375 (ms) to 51.448486328125 (ms), cudaEventElapsed = 24.895488739013672 (ms)
[RANK0] F @ 52.124267578125 (ms) to 79.3115234375 (ms), cudaEventElapsed = 27.1646728515625 (ms)
[RANK0] F @ 80.010986328125 (ms) to 108.0966796875 (ms), cudaEventElapsed = 28.063743591308594 (ms)
[RANK0] F @ 108.75830078125 (ms) to 136.385986328125 (ms), cudaEventElapsed = 27.603967666625977 (ms)
[RANK0] F @ 137.055419921875 (ms) to 165.036376953125 (ms), cudaEventElapsed = 27.95724868774414 (ms)
[RANK0] F @ 165.74462890625 (ms) to 193.73974609375 (ms), cudaEventElapsed = 27.96953582763672 (ms)
[RANK0] B @ 392.43212890625 (ms) to 425.68310546875 (ms), cudaEventElapsed = 33.22367858886719 (ms)
[RANK0] F @ 425.91015625 (ms) to 451.4921875 (ms), cudaEventElapsed = 25.555967330932617 (ms)
[RANK0] B @ 477.6435546875 (ms) to 511.248291015625 (ms), cudaEventElapsed = 33.58208084106445 (ms)
[RANK0] F @ 511.47265625 (ms) to 538.12744140625 (ms), cudaEventElapsed = 26.629119873046875 (ms)
[RANK0] B @ 560.978759765625 (ms) to 594.74560546875 (ms), cudaEventElapsed = 33.743873596191406 (ms)
[RANK0] F @ 594.9599609375 (ms) to 621.500732421875 (ms), cudaEventElapsed = 26.51852798461914 (ms)
[RANK0] B @ 667.9697265625 (ms) to 701.358642578125 (ms), cudaEventElapsed = 33.36703872680664 (ms)
[RANK0] F @ 701.566650390625 (ms) to 727.79345703125 (ms), cudaEventElapsed = 26.202112197875977 (ms)
[RANK0] B @ 758.38916015625 (ms) to 791.835205078125 (ms), cudaEventElapsed = 33.42233657836914 (ms)
[RANK0] F @ 792.049560546875 (ms) to 818.667236328125 (ms), cudaEventElapsed = 26.592256546020508 (ms)
[RANK0] B @ 843.705322265625 (ms) to 877.36279296875 (ms), cudaEventElapsed = 33.63430404663086 (ms)
[RANK0] W @ 877.6826171875 (ms) to 892.98095703125 (ms), cudaEventElapsed = 15.2739839553833 (ms)
[RANK0] B @ 941.73583984375 (ms) to 975.01513671875 (ms), cudaEventElapsed = 33.25337600708008 (ms)
[RANK0] W @ 975.35546875 (ms) to 990.6748046875 (ms), cudaEventElapsed = 15.294464111328125 (ms)
[RANK0] B @ 1064.16748046875 (ms) to 1097.408203125 (ms), cudaEventElapsed = 33.20524978637695 (ms)
[RANK0] W @ 1097.7236328125 (ms) to 1112.64599609375 (ms), cudaEventElapsed = 14.898176193237305 (ms)
[RANK0] B @ 1132.231689453125 (ms) to 1166.77001953125 (ms), cudaEventElapsed = 34.51289749145508 (ms)
[RANK0] W @ 1167.095703125 (ms) to 1183.0810546875 (ms), cudaEventElapsed = 15.956992149353027 (ms)
[RANK0] B @ 1219.725341796875 (ms) to 1253.094970703125 (ms), cudaEventElapsed = 33.34758377075195 (ms)
[RANK0] W @ 1253.435546875 (ms) to 1268.995361328125 (ms), cudaEventElapsed = 15.536128044128418 (ms)
[RANK0] B @ 1310.96630859375 (ms) to 1344.423828125 (ms), cudaEventElapsed = 33.43667221069336 (ms)
[RANK0] W @ 1345.267822265625 (ms) to 1360.788818359375 (ms), cudaEventElapsed = 15.49824047088623 (ms)
[RANK0] B @ 1399.15087890625 (ms) to 1432.359130859375 (ms), cudaEventElapsed = 33.18783950805664 (ms)
[RANK0] 6W @ 1433.123291015625 (ms) to 1548.372314453125 (ms), cudaEventElapsed = 115.22560119628906 (ms)
[RANK0] Iteration 5
[RANK0] F @ 0.751708984375 (ms) to 25.814697265625 (ms), cudaEventElapsed = 25.033727645874023 (ms)
[RANK0] F @ 26.502685546875 (ms) to 51.914794921875 (ms), cudaEventElapsed = 25.390079498291016 (ms)
[RANK0] F @ 52.576416015625 (ms) to 79.3818359375 (ms), cudaEventElapsed = 26.78374481201172 (ms)
[RANK0] F @ 80.050048828125 (ms) to 108.002197265625 (ms), cudaEventElapsed = 27.93062400817871 (ms)
[RANK0] F @ 108.670654296875 (ms) to 136.37744140625 (ms), cudaEventElapsed = 27.684864044189453 (ms)
[RANK0] F @ 137.040771484375 (ms) to 164.932861328125 (ms), cudaEventElapsed = 27.869184494018555 (ms)
[RANK0] F @ 165.634033203125 (ms) to 193.65576171875 (ms), cudaEventElapsed = 27.999231338500977 (ms)
[RANK0] B @ 391.778564453125 (ms) to 425.028076171875 (ms), cudaEventElapsed = 33.22470474243164 (ms)
[RANK0] F @ 425.259521484375 (ms) to 451.50927734375 (ms), cudaEventElapsed = 26.225664138793945 (ms)
[RANK0] B @ 478.6201171875 (ms) to 512.361572265625 (ms), cudaEventElapsed = 33.7182731628418 (ms)
[RANK0] F @ 512.575439453125 (ms) to 538.115966796875 (ms), cudaEventElapsed = 25.51705551147461 (ms)
[RANK0] B @ 559.621337890625 (ms) to 593.299072265625 (ms), cudaEventElapsed = 33.65375900268555 (ms)
[RANK0] F @ 593.519287109375 (ms) to 619.134521484375 (ms), cudaEventElapsed = 25.590784072875977 (ms)
[RANK0] B @ 665.685791015625 (ms) to 698.910888671875 (ms), cudaEventElapsed = 33.20217514038086 (ms)
[RANK0] F @ 699.107666015625 (ms) to 725.011962890625 (ms), cudaEventElapsed = 25.88262367248535 (ms)
[RANK0] B @ 756.863525390625 (ms) to 790.418212890625 (ms), cudaEventElapsed = 33.53190231323242 (ms)
[RANK0] F @ 790.623046875 (ms) to 816.146728515625 (ms), cudaEventElapsed = 25.50067138671875 (ms)
[RANK0] B @ 840.126953125 (ms) to 873.73046875 (ms), cudaEventElapsed = 33.58208084106445 (ms)
[RANK0] W @ 874.015625 (ms) to 889.192626953125 (ms), cudaEventElapsed = 15.154175758361816 (ms)
[RANK0] B @ 939.19921875 (ms) to 972.364990234375 (ms), cudaEventElapsed = 33.14585494995117 (ms)
[RANK0] W @ 972.686279296875 (ms) to 987.831787109375 (ms), cudaEventElapsed = 15.123456001281738 (ms)
[RANK0] B @ 1061.941650390625 (ms) to 1095.10009765625 (ms), cudaEventElapsed = 33.135616302490234 (ms)
[RANK0] W @ 1095.407470703125 (ms) to 1110.50244140625 (ms), cudaEventElapsed = 15.073280334472656 (ms)
[RANK0] B @ 1129.2001953125 (ms) to 1163.16845703125 (ms), cudaEventElapsed = 33.94764709472656 (ms)
[RANK0] W @ 1163.461181640625 (ms) to 1179.224609375 (ms), cudaEventElapsed = 15.740927696228027 (ms)
[RANK0] B @ 1215.426025390625 (ms) to 1248.833984375 (ms), cudaEventElapsed = 33.38751983642578 (ms)
[RANK0] W @ 1249.133544921875 (ms) to 1264.648193359375 (ms), cudaEventElapsed = 15.48697566986084 (ms)
[RANK0] B @ 1306.578857421875 (ms) to 1339.736572265625 (ms), cudaEventElapsed = 33.13663864135742 (ms)
[RANK0] W @ 1340.62158203125 (ms) to 1356.0703125 (ms), cudaEventElapsed = 15.423487663269043 (ms)
[RANK0] B @ 1395.896728515625 (ms) to 1429.240234375 (ms), cudaEventElapsed = 33.3230094909668 (ms)
[RANK0] 6W @ 1430.03125 (ms) to 1543.992919921875 (ms), cudaEventElapsed = 113.93433380126953 (ms)
[RANK0] Iteration 6
[RANK0] F @ 0.55029296875 (ms) to 25.5703125 (ms), cudaEventElapsed = 24.995840072631836 (ms)
[RANK0] F @ 26.25439453125 (ms) to 51.756103515625 (ms), cudaEventElapsed = 25.480192184448242 (ms)
[RANK0] F @ 52.440185546875 (ms) to 80.1162109375 (ms), cudaEventElapsed = 27.654144287109375 (ms)
[RANK0] F @ 80.772216796875 (ms) to 108.401611328125 (ms), cudaEventElapsed = 27.606016159057617 (ms)
[RANK0] F @ 109.0673828125 (ms) to 137.2119140625 (ms), cudaEventElapsed = 28.1210880279541 (ms)
[RANK0] F @ 137.881103515625 (ms) to 165.554443359375 (ms), cudaEventElapsed = 27.651071548461914 (ms)
[RANK0] F @ 166.234619140625 (ms) to 194.308837890625 (ms), cudaEventElapsed = 28.052480697631836 (ms)
[RANK0] B @ 392.018798828125 (ms) to 425.23388671875 (ms), cudaEventElapsed = 33.18988800048828 (ms)
[RANK0] F @ 425.483154296875 (ms) to 451.851318359375 (ms), cudaEventElapsed = 26.340351104736328 (ms)
[RANK0] B @ 478.336181640625 (ms) to 512.047607421875 (ms), cudaEventElapsed = 33.68345642089844 (ms)
[RANK0] F @ 512.306884765625 (ms) to 538.939208984375 (ms), cudaEventElapsed = 26.601472854614258 (ms)
[RANK0] B @ 561.296142578125 (ms) to 595.37109375 (ms), cudaEventElapsed = 34.05107116699219 (ms)
[RANK0] F @ 595.5908203125 (ms) to 621.7998046875 (ms), cudaEventElapsed = 26.184703826904297 (ms)
[RANK0] B @ 666.2978515625 (ms) to 699.849853515625 (ms), cudaEventElapsed = 33.52473449707031 (ms)
[RANK0] F @ 700.093017578125 (ms) to 725.74560546875 (ms), cudaEventElapsed = 25.627647399902344 (ms)
[RANK0] B @ 756.966796875 (ms) to 790.335205078125 (ms), cudaEventElapsed = 33.344512939453125 (ms)
[RANK0] F @ 790.542236328125 (ms) to 816.453857421875 (ms), cudaEventElapsed = 25.88876724243164 (ms)
[RANK0] B @ 842.3408203125 (ms) to 876.11376953125 (ms), cudaEventElapsed = 33.75001525878906 (ms)
[RANK0] W @ 876.424560546875 (ms) to 892.301025390625 (ms), cudaEventElapsed = 15.853568077087402 (ms)
[RANK0] B @ 940.49853515625 (ms) to 973.84912109375 (ms), cudaEventElapsed = 33.328128814697266 (ms)
[RANK0] W @ 974.17626953125 (ms) to 989.7099609375 (ms), cudaEventElapsed = 15.510527610778809 (ms)
[RANK0] B @ 1062.945556640625 (ms) to 1096.279052734375 (ms), cudaEventElapsed = 33.30662536621094 (ms)
[RANK0] W @ 1096.603271484375 (ms) to 1111.943603515625 (ms), cudaEventElapsed = 15.315967559814453 (ms)
[RANK0] B @ 1128.01318359375 (ms) to 1162.37158203125 (ms), cudaEventElapsed = 34.337791442871094 (ms)
[RANK0] W @ 1162.6708984375 (ms) to 1178.379150390625 (ms), cudaEventElapsed = 15.684608459472656 (ms)
[RANK0] B @ 1216.0732421875 (ms) to 1249.338134765625 (ms), cudaEventElapsed = 33.24211120605469 (ms)
[RANK0] W @ 1249.666748046875 (ms) to 1265.118896484375 (ms), cudaEventElapsed = 15.429632186889648 (ms)
[RANK0] B @ 1306.924072265625 (ms) to 1340.224609375 (ms), cudaEventElapsed = 33.27897644042969 (ms)
[RANK0] W @ 1341.10400390625 (ms) to 1356.22607421875 (ms), cudaEventElapsed = 15.09887981414795 (ms)
[RANK0] B @ 1398.888671875 (ms) to 1432.050537109375 (ms), cudaEventElapsed = 33.142784118652344 (ms)
[RANK0] 6W @ 1432.819580078125 (ms) to 1548.205322265625 (ms), cudaEventElapsed = 115.35462188720703 (ms)
[RANK0] Iteration 7
[RANK0] F @ 0.744873046875 (ms) to 26.19091796875 (ms), cudaEventElapsed = 25.413631439208984 (ms)
[RANK0] F @ 27.031982421875 (ms) to 53.37255859375 (ms), cudaEventElapsed = 26.31167984008789 (ms)
[RANK0] F @ 54.063232421875 (ms) to 81.35107421875 (ms), cudaEventElapsed = 27.265024185180664 (ms)
[RANK0] F @ 82.026611328125 (ms) to 109.397705078125 (ms), cudaEventElapsed = 27.34796714782715 (ms)
[RANK0] F @ 110.07861328125 (ms) to 138.08935546875 (ms), cudaEventElapsed = 27.98796844482422 (ms)
[RANK0] F @ 138.771484375 (ms) to 166.440673828125 (ms), cudaEventElapsed = 27.644927978515625 (ms)
[RANK0] F @ 167.1591796875 (ms) to 195.33544921875 (ms), cudaEventElapsed = 28.15385627746582 (ms)
[RANK0] B @ 393.173583984375 (ms) to 426.365234375 (ms), cudaEventElapsed = 33.1673583984375 (ms)
[RANK0] F @ 426.58642578125 (ms) to 452.741455078125 (ms), cudaEventElapsed = 26.13248062133789 (ms)
[RANK0] B @ 479.789306640625 (ms) to 513.38671875 (ms), cudaEventElapsed = 33.574913024902344 (ms)
[RANK0] F @ 513.60791015625 (ms) to 539.832275390625 (ms), cudaEventElapsed = 26.200063705444336 (ms)
[RANK0] B @ 562.15576171875 (ms) to 596.046875 (ms), cudaEventElapsed = 33.86675262451172 (ms)
[RANK0] F @ 596.253662109375 (ms) to 622.48486328125 (ms), cudaEventElapsed = 26.208255767822266 (ms)
[RANK0] B @ 666.913330078125 (ms) to 700.240234375 (ms), cudaEventElapsed = 33.3045768737793 (ms)
[RANK0] F @ 700.44873046875 (ms) to 725.8583984375 (ms), cudaEventElapsed = 25.387008666992188 (ms)
[RANK0] B @ 758.54833984375 (ms) to 791.9970703125 (ms), cudaEventElapsed = 33.42643356323242 (ms)
[RANK0] F @ 792.19921875 (ms) to 818.552490234375 (ms), cudaEventElapsed = 26.33216094970703 (ms)
[RANK0] B @ 843.35888671875 (ms) to 877.140625 (ms), cudaEventElapsed = 33.75923156738281 (ms)
[RANK0] W @ 877.439208984375 (ms) to 893.210693359375 (ms), cudaEventElapsed = 15.750144004821777 (ms)
[RANK0] B @ 940.234130859375 (ms) to 973.503662109375 (ms), cudaEventElapsed = 33.2492790222168 (ms)
[RANK0] W @ 973.795166015625 (ms) to 989.287109375 (ms), cudaEventElapsed = 15.469568252563477 (ms)
[RANK0] B @ 1063.27880859375 (ms) to 1096.4609375 (ms), cudaEventElapsed = 33.144832611083984 (ms)
[RANK0] W @ 1096.77099609375 (ms) to 1112.080078125 (ms), cudaEventElapsed = 15.286272048950195 (ms)
[RANK0] B @ 1129.28857421875 (ms) to 1163.78369140625 (ms), cudaEventElapsed = 34.47296142578125 (ms)
[RANK0] W @ 1164.100830078125 (ms) to 1180.224853515625 (ms), cudaEventElapsed = 16.101375579833984 (ms)
[RANK0] B @ 1215.11962890625 (ms) to 1248.4296875 (ms), cudaEventElapsed = 33.289215087890625 (ms)
[RANK0] W @ 1248.73828125 (ms) to 1264.19189453125 (ms), cudaEventElapsed = 15.432703971862793 (ms)
[RANK0] B @ 1309.441162109375 (ms) to 1342.697998046875 (ms), cudaEventElapsed = 33.23596954345703 (ms)
[RANK0] W @ 1343.5869140625 (ms) to 1358.92578125 (ms), cudaEventElapsed = 15.31494426727295 (ms)
[RANK0] B @ 1398.790283203125 (ms) to 1432.0654296875 (ms), cudaEventElapsed = 33.2492790222168 (ms)
[RANK0] 6W @ 1432.843505859375 (ms) to 1547.919189453125 (ms), cudaEventElapsed = 115.05254364013672 (ms)
[RANK0] Iteration 8
[RANK0] F @ 0.540771484375 (ms) to 25.5244140625 (ms), cudaEventElapsed = 24.953855514526367 (ms)
[RANK0] F @ 26.1982421875 (ms) to 51.103759765625 (ms), cudaEventElapsed = 24.88217544555664 (ms)
[RANK0] F @ 51.760009765625 (ms) to 79.002685546875 (ms), cudaEventElapsed = 27.220991134643555 (ms)
[RANK0] F @ 79.701904296875 (ms) to 108.00927734375 (ms), cudaEventElapsed = 28.284927368164062 (ms)
[RANK0] F @ 108.6591796875 (ms) to 136.265625 (ms), cudaEventElapsed = 27.58348846435547 (ms)
[RANK0] F @ 136.94384765625 (ms) to 164.83740234375 (ms), cudaEventElapsed = 27.870208740234375 (ms)
[RANK0] F @ 165.524658203125 (ms) to 193.312744140625 (ms), cudaEventElapsed = 27.76576042175293 (ms)
[RANK0] B @ 390.4404296875 (ms) to 423.734619140625 (ms), cudaEventElapsed = 33.27180862426758 (ms)
[RANK0] F @ 423.964599609375 (ms) to 449.78271484375 (ms), cudaEventElapsed = 25.794559478759766 (ms)
[RANK0] B @ 476.89404296875 (ms) to 510.63330078125 (ms), cudaEventElapsed = 33.7182731628418 (ms)
[RANK0] F @ 510.84716796875 (ms) to 537.11181640625 (ms), cudaEventElapsed = 26.242048263549805 (ms)
[RANK0] B @ 560.51416015625 (ms) to 594.30126953125 (ms), cudaEventElapsed = 33.76435089111328 (ms)
[RANK0] F @ 594.511962890625 (ms) to 620.980712890625 (ms), cudaEventElapsed = 26.445823669433594 (ms)
[RANK0] B @ 664.017822265625 (ms) to 697.25537109375 (ms), cudaEventElapsed = 33.21651077270508 (ms)
[RANK0] F @ 697.461181640625 (ms) to 723.609619140625 (ms), cudaEventElapsed = 26.12633514404297 (ms)
[RANK0] B @ 755.627197265625 (ms) to 788.966796875 (ms), cudaEventElapsed = 33.31788635253906 (ms)
[RANK0] F @ 789.169921875 (ms) to 814.56103515625 (ms), cudaEventElapsed = 25.365503311157227 (ms)
[RANK0] B @ 841.620361328125 (ms) to 874.934326171875 (ms), cudaEventElapsed = 33.29228973388672 (ms)
[RANK0] W @ 875.225830078125 (ms) to 890.81640625 (ms), cudaEventElapsed = 15.568896293640137 (ms)
[RANK0] B @ 936.975341796875 (ms) to 970.203125 (ms), cudaEventElapsed = 33.20524978637695 (ms)
[RANK0] W @ 970.51513671875 (ms) to 985.94287109375 (ms), cudaEventElapsed = 15.40608024597168 (ms)
[RANK0] B @ 1057.181640625 (ms) to 1090.254150390625 (ms), cudaEventElapsed = 33.049598693847656 (ms)
[RANK0] W @ 1090.5830078125 (ms) to 1105.651611328125 (ms), cudaEventElapsed = 15.047679901123047 (ms)
[RANK0] B @ 1125.149169921875 (ms) to 1158.961181640625 (ms), cudaEventElapsed = 33.78995132446289 (ms)
[RANK0] W @ 1159.254150390625 (ms) to 1175.018798828125 (ms), cudaEventElapsed = 15.741951942443848 (ms)
[RANK0] B @ 1212.24755859375 (ms) to 1245.66162109375 (ms), cudaEventElapsed = 33.39263916015625 (ms)
[RANK0] W @ 1245.96875 (ms) to 1261.38623046875 (ms), cudaEventElapsed = 15.39583969116211 (ms)
[RANK0] B @ 1308.10546875 (ms) to 1341.309814453125 (ms), cudaEventElapsed = 33.18272018432617 (ms)
[RANK0] W @ 1342.19970703125 (ms) to 1357.700927734375 (ms), cudaEventElapsed = 15.477760314941406 (ms)
[RANK0] B @ 1395.9716796875 (ms) to 1429.21875 (ms), cudaEventElapsed = 33.22572708129883 (ms)
[RANK0] 6W @ 1430.025390625 (ms) to 1544.8193359375 (ms), cudaEventElapsed = 114.7688980102539 (ms)
[RANK0] Iteration 9
[RANK0] F @ 0.69189453125 (ms) to 25.64208984375 (ms), cudaEventElapsed = 24.92518424987793 (ms)
[RANK0] F @ 26.31201171875 (ms) to 51.80029296875 (ms), cudaEventElapsed = 25.465856552124023 (ms)
[RANK0] F @ 52.442138671875 (ms) to 78.890625 (ms), cudaEventElapsed = 26.419200897216797 (ms)
[RANK0] F @ 79.542724609375 (ms) to 107.785400390625 (ms), cudaEventElapsed = 28.219392776489258 (ms)
[RANK0] F @ 108.4375 (ms) to 136.416015625 (ms), cudaEventElapsed = 27.95622444152832 (ms)
[RANK0] F @ 137.06591796875 (ms) to 165.1240234375 (ms), cudaEventElapsed = 28.036096572875977 (ms)
[RANK0] F @ 165.791259765625 (ms) to 193.62646484375 (ms), cudaEventElapsed = 27.812864303588867 (ms)
[RANK0] B @ 392.685302734375 (ms) to 426.016845703125 (ms), cudaEventElapsed = 33.30867385864258 (ms)
[RANK0] F @ 426.248046875 (ms) to 452.265625 (ms), cudaEventElapsed = 25.995264053344727 (ms)
[RANK0] B @ 478.752685546875 (ms) to 512.347900390625 (ms), cudaEventElapsed = 33.5728645324707 (ms)
[RANK0] F @ 512.568603515625 (ms) to 537.974853515625 (ms), cudaEventElapsed = 25.381887435913086 (ms)
[RANK0] B @ 562.564208984375 (ms) to 596.234619140625 (ms), cudaEventElapsed = 33.64556884765625 (ms)
[RANK0] F @ 596.474365234375 (ms) to 623.213623046875 (ms), cudaEventElapsed = 26.712064743041992 (ms)
[RANK0] B @ 666.1923828125 (ms) to 699.517822265625 (ms), cudaEventElapsed = 33.302528381347656 (ms)
[RANK0] F @ 699.73291015625 (ms) to 726.211181640625 (ms), cudaEventElapsed = 26.454015731811523 (ms)
[RANK0] B @ 758.005126953125 (ms) to 791.44384765625 (ms), cudaEventElapsed = 33.40800094604492 (ms)
[RANK0] F @ 791.661376953125 (ms) to 816.8828125 (ms), cudaEventElapsed = 25.196544647216797 (ms)
[RANK0] B @ 841.76904296875 (ms) to 875.355224609375 (ms), cudaEventElapsed = 33.56364822387695 (ms)
[RANK0] W @ 875.65185546875 (ms) to 891.484130859375 (ms), cudaEventElapsed = 15.81056022644043 (ms)
[RANK0] B @ 939.838134765625 (ms) to 973.0322265625 (ms), cudaEventElapsed = 33.16940689086914 (ms)
[RANK0] W @ 973.3583984375 (ms) to 988.411865234375 (ms), cudaEventElapsed = 15.031295776367188 (ms)
[RANK0] B @ 1062.115478515625 (ms) to 1095.203857421875 (ms), cudaEventElapsed = 33.05984115600586 (ms)
[RANK0] W @ 1095.542724609375 (ms) to 1110.79443359375 (ms), cudaEventElapsed = 15.228927612304688 (ms)
[RANK0] B @ 1132.851318359375 (ms) to 1166.776123046875 (ms), cudaEventElapsed = 33.89952087402344 (ms)
[RANK0] W @ 1167.0986328125 (ms) to 1183.258056640625 (ms), cudaEventElapsed = 16.136192321777344 (ms)
[RANK0] B @ 1214.902587890625 (ms) to 1248.378662109375 (ms), cudaEventElapsed = 33.45510482788086 (ms)
[RANK0] W @ 1248.705078125 (ms) to 1263.7763671875 (ms), cudaEventElapsed = 15.048704147338867 (ms)
[RANK0] B @ 1310.264892578125 (ms) to 1343.51220703125 (ms), cudaEventElapsed = 33.22675323486328 (ms)
[RANK0] W @ 1343.81005859375 (ms) to 1359.0771484375 (ms), cudaEventElapsed = 15.245311737060547 (ms)
[RANK0] B @ 1397.275390625 (ms) to 1430.5927734375 (ms), cudaEventElapsed = 33.29740905761719 (ms)
[RANK0] 6W @ 1431.38427734375 (ms) to 1544.271240234375 (ms), cudaEventElapsed = 112.8611831665039 (ms)
