[RANK1] Iteration 1
[RANK1] F @ 540.71728515625 (ms) to 693.8115234375 (ms), cudaEventElapsed = 153.064453125 (ms)
[RANK1] F @ 695.149658203125 (ms) to 728.434326171875 (ms), cudaEventElapsed = 33.25747299194336 (ms)
[RANK1] F @ 729.849365234375 (ms) to 765.955322265625 (ms), cudaEventElapsed = 36.0816650390625 (ms)
[RANK1] F @ 767.243408203125 (ms) to 803.31298828125 (ms), cudaEventElapsed = 36.04787063598633 (ms)
[RANK1] F @ 804.612548828125 (ms) to 840.91796875 (ms), cudaEventElapsed = 36.28339385986328 (ms)
[RANK1] B @ 1535.492919921875 (ms) to 1588.2109375 (ms), cudaEventElapsed = 52.69196701049805 (ms)
[RANK1] F @ 1589.48779296875 (ms) to 1621.57470703125 (ms), cudaEventElapsed = 32.06553649902344 (ms)
[RANK1] B @ 1623.114013671875 (ms) to 1667.700439453125 (ms), cudaEventElapsed = 44.56345748901367 (ms)
[RANK1] F @ 1668.909423828125 (ms) to 1702.509765625 (ms), cudaEventElapsed = 33.57900619506836 (ms)
[RANK1] B @ 1703.910888671875 (ms) to 1748.424072265625 (ms), cudaEventElapsed = 44.490753173828125 (ms)
[RANK1] F @ 1749.799072265625 (ms) to 1783.17041015625 (ms), cudaEventElapsed = 33.346561431884766 (ms)
[RANK1] B @ 1784.6103515625 (ms) to 1828.875244140625 (ms), cudaEventElapsed = 44.239871978759766 (ms)
[RANK1] F @ 1830.1044921875 (ms) to 1863.4892578125 (ms), cudaEventElapsed = 33.36191940307617 (ms)
[RANK1] B @ 1865.059326171875 (ms) to 1909.49169921875 (ms), cudaEventElapsed = 44.40883255004883 (ms)
[RANK1] F @ 1910.714599609375 (ms) to 1944.697265625 (ms), cudaEventElapsed = 33.960960388183594 (ms)
[RANK1] B @ 1946.0791015625 (ms) to 1990.494384765625 (ms), cudaEventElapsed = 44.39244842529297 (ms)
[RANK1] F @ 1991.900634765625 (ms) to 2024.85693359375 (ms), cudaEventElapsed = 32.93388748168945 (ms)
[RANK1] B @ 2026.1796875 (ms) to 2070.081787109375 (ms), cudaEventElapsed = 43.88044738769531 (ms)
[RANK1] F @ 2071.291748046875 (ms) to 2104.307861328125 (ms), cudaEventElapsed = 32.99532699584961 (ms)
[RANK1] B @ 2105.60302734375 (ms) to 2149.719970703125 (ms), cudaEventElapsed = 44.09446334838867 (ms)
[RANK1] W @ 2150.462890625 (ms) to 2171.52587890625 (ms), cudaEventElapsed = 21.04217529296875 (ms)
[RANK1] B @ 2173.441162109375 (ms) to 2215.28564453125 (ms), cudaEventElapsed = 41.824256896972656 (ms)
[RANK1] W @ 2216.038330078125 (ms) to 2236.146484375 (ms), cudaEventElapsed = 20.08576011657715 (ms)
[RANK1] B @ 2255.07080078125 (ms) to 2295.64013671875 (ms), cudaEventElapsed = 40.54937744140625 (ms)
[RANK1] W @ 2296.640380859375 (ms) to 2316.08984375 (ms), cudaEventElapsed = 19.42630386352539 (ms)
[RANK1] B @ 2319.110107421875 (ms) to 2361.238525390625 (ms), cudaEventElapsed = 42.10790252685547 (ms)
[RANK1] W @ 2361.974853515625 (ms) to 2382.321044921875 (ms), cudaEventElapsed = 20.324352264404297 (ms)
[RANK1] B @ 2383.30029296875 (ms) to 2425.442138671875 (ms), cudaEventElapsed = 42.11814498901367 (ms)
[RANK1] 8W @ 2426.883544921875 (ms) to 2599.780517578125 (ms), cudaEventElapsed = 172.87167358398438 (ms)
[RANK1] Iteration 2
[RANK1] F @ 31.87353515625 (ms) to 63.5830078125 (ms), cudaEventElapsed = 31.685632705688477 (ms)
[RANK1] F @ 64.899169921875 (ms) to 98.969482421875 (ms), cudaEventElapsed = 34.04595184326172 (ms)
[RANK1] F @ 100.302978515625 (ms) to 136.83251953125 (ms), cudaEventElapsed = 36.499454498291016 (ms)
[RANK1] F @ 138.15185546875 (ms) to 174.427001953125 (ms), cudaEventElapsed = 36.25164794921875 (ms)
[RANK1] F @ 175.763671875 (ms) to 332.715087890625 (ms), cudaEventElapsed = 156.92799377441406 (ms)
[RANK1] B @ 334.32958984375 (ms) to 378.130859375 (ms), cudaEventElapsed = 43.77907180786133 (ms)
[RANK1] F @ 379.943359375 (ms) to 415.596435546875 (ms), cudaEventElapsed = 35.631103515625 (ms)
[RANK1] B @ 417.06591796875 (ms) to 462.735107421875 (ms), cudaEventElapsed = 45.64582443237305 (ms)
[RANK1] F @ 463.954833984375 (ms) to 499.003173828125 (ms), cudaEventElapsed = 35.01260757446289 (ms)
[RANK1] B @ 500.397216796875 (ms) to 545.49169921875 (ms), cudaEventElapsed = 45.06623840332031 (ms)
[RANK1] F @ 546.727783203125 (ms) to 582.042236328125 (ms), cudaEventElapsed = 35.29216003417969 (ms)
[RANK1] B @ 583.402099609375 (ms) to 628.622314453125 (ms), cudaEventElapsed = 45.19833755493164 (ms)
[RANK1] F @ 659.275390625 (ms) to 691.143798828125 (ms), cudaEventElapsed = 31.845375061035156 (ms)
[RANK1] B @ 692.512451171875 (ms) to 735.966552734375 (ms), cudaEventElapsed = 43.426815032958984 (ms)
[RANK1] F @ 737.205810546875 (ms) to 772.4296875 (ms), cudaEventElapsed = 35.20102310180664 (ms)
[RANK1] B @ 776.18115234375 (ms) to 820.425048828125 (ms), cudaEventElapsed = 44.22041702270508 (ms)
[RANK1] F @ 821.650634765625 (ms) to 856.410888671875 (ms), cudaEventElapsed = 34.737152099609375 (ms)
[RANK1] B @ 857.787841796875 (ms) to 903.37841796875 (ms), cudaEventElapsed = 45.56697463989258 (ms)
[RANK1] F @ 904.63720703125 (ms) to 939.83837890625 (ms), cudaEventElapsed = 35.17747116088867 (ms)
[RANK1] B @ 941.17041015625 (ms) to 986.668701171875 (ms), cudaEventElapsed = 45.474815368652344 (ms)
[RANK1] W @ 987.4267578125 (ms) to 1011.43212890625 (ms), cudaEventElapsed = 23.983104705810547 (ms)
[RANK1] B @ 1023.943359375 (ms) to 1067.9677734375 (ms), cudaEventElapsed = 44.00230407714844 (ms)
[RANK1] W @ 1068.72021484375 (ms) to 1092.015380859375 (ms), cudaEventElapsed = 23.269376754760742 (ms)
[RANK1] B @ 1107.7060546875 (ms) to 1150.951416015625 (ms), cudaEventElapsed = 43.224063873291016 (ms)
[RANK1] W @ 1151.70703125 (ms) to 1175.151611328125 (ms), cudaEventElapsed = 23.421951293945312 (ms)
[RANK1] B @ 1179.2939453125 (ms) to 1227.734619140625 (ms), cudaEventElapsed = 48.41881561279297 (ms)
[RANK1] W @ 1228.521240234375 (ms) to 1253.1279296875 (ms), cudaEventElapsed = 24.583168029785156 (ms)
[RANK1] B @ 1253.91796875 (ms) to 1300.394775390625 (ms), cudaEventElapsed = 46.455806732177734 (ms)
[RANK1] 8W @ 1302.273193359375 (ms) to 1516.668212890625 (ms), cudaEventElapsed = 214.3662109375 (ms)
[RANK1] Iteration 3
[RANK1] F @ 30.640625 (ms) to 70.03076171875 (ms), cudaEventElapsed = 39.3625602722168 (ms)
[RANK1] F @ 71.374755859375 (ms) to 104.5791015625 (ms), cudaEventElapsed = 33.179649353027344 (ms)
[RANK1] F @ 105.93212890625 (ms) to 141.805419921875 (ms), cudaEventElapsed = 35.84716796875 (ms)
[RANK1] F @ 143.15185546875 (ms) to 179.138427734375 (ms), cudaEventElapsed = 35.961856842041016 (ms)
[RANK1] F @ 180.46337890625 (ms) to 216.717041015625 (ms), cudaEventElapsed = 36.23014450073242 (ms)
[RANK1] B @ 352.05859375 (ms) to 393.1083984375 (ms), cudaEventElapsed = 41.025535583496094 (ms)
[RANK1] F @ 394.375732421875 (ms) to 428.256591796875 (ms), cudaEventElapsed = 33.85753631591797 (ms)
[RANK1] B @ 434.288818359375 (ms) to 478.6884765625 (ms), cudaEventElapsed = 44.37606430053711 (ms)
[RANK1] F @ 479.918701171875 (ms) to 514.54736328125 (ms), cudaEventElapsed = 34.6060791015625 (ms)
[RANK1] B @ 515.948486328125 (ms) to 561.5693359375 (ms), cudaEventElapsed = 45.59872055053711 (ms)
[RANK1] F @ 562.825439453125 (ms) to 597.911376953125 (ms), cudaEventElapsed = 35.062782287597656 (ms)
[RANK1] B @ 625.451171875 (ms) to 666.8896484375 (ms), cudaEventElapsed = 41.413631439208984 (ms)
[RANK1] F @ 668.133056640625 (ms) to 701.43603515625 (ms), cudaEventElapsed = 33.279998779296875 (ms)
[RANK1] B @ 715.553466796875 (ms) to 757.910400390625 (ms), cudaEventElapsed = 42.32908630371094 (ms)
[RANK1] F @ 759.141357421875 (ms) to 793.775634765625 (ms), cudaEventElapsed = 34.61222457885742 (ms)
[RANK1] B @ 800.485595703125 (ms) to 845.204345703125 (ms), cudaEventElapsed = 44.693504333496094 (ms)
[RANK1] F @ 846.4453125 (ms) to 880.929443359375 (ms), cudaEventElapsed = 34.46169662475586 (ms)
[RANK1] B @ 898.412109375 (ms) to 940.908203125 (ms), cudaEventElapsed = 42.473472595214844 (ms)
[RANK1] F @ 942.1279296875 (ms) to 977.07763671875 (ms), cudaEventElapsed = 34.92863845825195 (ms)
[RANK1] B @ 992.27978515625 (ms) to 1063.670654296875 (ms), cudaEventElapsed = 71.36870574951172 (ms)
[RANK1] W @ 1064.38134765625 (ms) to 1084.51611328125 (ms), cudaEventElapsed = 20.111360549926758 (ms)
[RANK1] B @ 1085.596435546875 (ms) to 1131.248046875 (ms), cudaEventElapsed = 45.630462646484375 (ms)
[RANK1] W @ 1132.005859375 (ms) to 1155.823974609375 (ms), cudaEventElapsed = 23.794687271118164 (ms)
[RANK1] B @ 1173.4052734375 (ms) to 1216.807861328125 (ms), cudaEventElapsed = 43.3807373046875 (ms)
[RANK1] W @ 1217.556640625 (ms) to 1239.730224609375 (ms), cudaEventElapsed = 22.152191162109375 (ms)
[RANK1] B @ 1268.199462890625 (ms) to 1310.42236328125 (ms), cudaEventElapsed = 42.202110290527344 (ms)
[RANK1] W @ 1311.174560546875 (ms) to 1333.137451171875 (ms), cudaEventElapsed = 21.940223693847656 (ms)
[RANK1] B @ 1359.302001953125 (ms) to 1401.367431640625 (ms), cudaEventElapsed = 42.04441452026367 (ms)
[RANK1] 8W @ 1403.272705078125 (ms) to 1616.107177734375 (ms), cudaEventElapsed = 212.80563354492188 (ms)
[RANK1] Iteration 4
[RANK1] F @ 32.7763671875 (ms) to 64.38671875 (ms), cudaEventElapsed = 31.58527946472168 (ms)
[RANK1] F @ 65.674072265625 (ms) to 99.727783203125 (ms), cudaEventElapsed = 34.02956771850586 (ms)
[RANK1] F @ 101.030517578125 (ms) to 138.12841796875 (ms), cudaEventElapsed = 37.07187271118164 (ms)
[RANK1] F @ 139.73486328125 (ms) to 176.422607421875 (ms), cudaEventElapsed = 36.65919876098633 (ms)
[RANK1] F @ 177.7236328125 (ms) to 214.449462890625 (ms), cudaEventElapsed = 36.7011833190918 (ms)
[RANK1] B @ 347.212646484375 (ms) to 388.11572265625 (ms), cudaEventElapsed = 40.88115310668945 (ms)
[RANK1] F @ 389.324462890625 (ms) to 422.67236328125 (ms), cudaEventElapsed = 33.326080322265625 (ms)
[RANK1] B @ 429.365234375 (ms) to 473.427001953125 (ms), cudaEventElapsed = 44.038143157958984 (ms)
[RANK1] F @ 474.66845703125 (ms) to 509.5546875 (ms), cudaEventElapsed = 34.86105728149414 (ms)
[RANK1] B @ 512.203857421875 (ms) to 556.728515625 (ms), cudaEventElapsed = 44.5030403137207 (ms)
[RANK1] F @ 557.98193359375 (ms) to 593.005126953125 (ms), cudaEventElapsed = 34.99929428100586 (ms)
[RANK1] B @ 622.293701171875 (ms) to 663.761962890625 (ms), cudaEventElapsed = 41.441280364990234 (ms)
[RANK1] F @ 664.978271484375 (ms) to 698.826416015625 (ms), cudaEventElapsed = 33.82579040527344 (ms)
[RANK1] B @ 711.2548828125 (ms) to 754.217041015625 (ms), cudaEventElapsed = 42.93734359741211 (ms)
[RANK1] F @ 755.435302734375 (ms) to 789.9306640625 (ms), cudaEventElapsed = 34.45862579345703 (ms)
[RANK1] B @ 794.889892578125 (ms) to 839.417724609375 (ms), cudaEventElapsed = 44.505088806152344 (ms)
[RANK1] F @ 840.66064453125 (ms) to 875.7353515625 (ms), cudaEventElapsed = 35.05254364013672 (ms)
[RANK1] B @ 895.919189453125 (ms) to 937.47265625 (ms), cudaEventElapsed = 41.53241729736328 (ms)
[RANK1] F @ 938.694580078125 (ms) to 973.0068359375 (ms), cudaEventElapsed = 34.28966522216797 (ms)
[RANK1] B @ 989.192138671875 (ms) to 1059.867431640625 (ms), cudaEventElapsed = 70.6539535522461 (ms)
[RANK1] W @ 1060.631591796875 (ms) to 1080.683349609375 (ms), cudaEventElapsed = 20.02739143371582 (ms)
[RANK1] B @ 1081.716796875 (ms) to 1127.839599609375 (ms), cudaEventElapsed = 46.10047912597656 (ms)
[RANK1] W @ 1128.62353515625 (ms) to 1151.921875 (ms), cudaEventElapsed = 23.27552032470703 (ms)
[RANK1] B @ 1172.221435546875 (ms) to 1215.430908203125 (ms), cudaEventElapsed = 43.18310546875 (ms)
[RANK1] W @ 1216.1796875 (ms) to 1238.90283203125 (ms), cudaEventElapsed = 22.70207977294922 (ms)
[RANK1] B @ 1264.627197265625 (ms) to 1306.859375 (ms), cudaEventElapsed = 42.211326599121094 (ms)
[RANK1] W @ 1307.62548828125 (ms) to 1329.63671875 (ms), cudaEventElapsed = 21.989376068115234 (ms)
[RANK1] B @ 1352.622314453125 (ms) to 1394.92724609375 (ms), cudaEventElapsed = 42.28096008300781 (ms)
[RANK1] 8W @ 1396.8544921875 (ms) to 1610.052001953125 (ms), cudaEventElapsed = 213.17018127441406 (ms)
[RANK1] Iteration 5
[RANK1] F @ 31.9375 (ms) to 63.376953125 (ms), cudaEventElapsed = 31.41427230834961 (ms)
[RANK1] F @ 64.6962890625 (ms) to 99.024169921875 (ms), cudaEventElapsed = 34.305023193359375 (ms)
[RANK1] F @ 100.343994140625 (ms) to 137.06396484375 (ms), cudaEventElapsed = 36.69606399536133 (ms)
[RANK1] F @ 138.680419921875 (ms) to 175.072021484375 (ms), cudaEventElapsed = 36.362239837646484 (ms)
[RANK1] F @ 176.371337890625 (ms) to 211.86083984375 (ms), cudaEventElapsed = 35.46521759033203 (ms)
[RANK1] B @ 345.38818359375 (ms) to 386.537353515625 (ms), cudaEventElapsed = 41.12691116333008 (ms)
[RANK1] F @ 387.74755859375 (ms) to 421.870361328125 (ms), cudaEventElapsed = 34.10124969482422 (ms)
[RANK1] B @ 427.3916015625 (ms) to 472.450927734375 (ms), cudaEventElapsed = 45.03449630737305 (ms)
[RANK1] F @ 473.709716796875 (ms) to 508.438720703125 (ms), cudaEventElapsed = 34.705406188964844 (ms)
[RANK1] B @ 509.93359375 (ms) to 555.060791015625 (ms), cudaEventElapsed = 45.102081298828125 (ms)
[RANK1] F @ 556.307861328125 (ms) to 591.185302734375 (ms), cudaEventElapsed = 34.85491180419922 (ms)
[RANK1] B @ 617.985595703125 (ms) to 659.7353515625 (ms), cudaEventElapsed = 41.72697448730469 (ms)
[RANK1] F @ 660.965087890625 (ms) to 695.499267578125 (ms), cudaEventElapsed = 34.511871337890625 (ms)
[RANK1] B @ 707.51025390625 (ms) to 750.97607421875 (ms), cudaEventElapsed = 43.442176818847656 (ms)
[RANK1] F @ 752.22314453125 (ms) to 786.5146484375 (ms), cudaEventElapsed = 34.26713562011719 (ms)
[RANK1] B @ 791.478515625 (ms) to 835.9140625 (ms), cudaEventElapsed = 44.4139518737793 (ms)
[RANK1] F @ 837.168701171875 (ms) to 872.2412109375 (ms), cudaEventElapsed = 35.05049514770508 (ms)
[RANK1] B @ 891.02880859375 (ms) to 933.239990234375 (ms), cudaEventElapsed = 42.187774658203125 (ms)
[RANK1] F @ 934.46044921875 (ms) to 968.274658203125 (ms), cudaEventElapsed = 33.79199981689453 (ms)
[RANK1] B @ 984.60302734375 (ms) to 1056.0849609375 (ms), cudaEventElapsed = 71.45881652832031 (ms)
[RANK1] W @ 1056.839111328125 (ms) to 1076.459228515625 (ms), cudaEventElapsed = 19.594240188598633 (ms)
[RANK1] B @ 1078.1357421875 (ms) to 1124.9208984375 (ms), cudaEventElapsed = 46.761985778808594 (ms)
[RANK1] W @ 1125.693115234375 (ms) to 1150.076904296875 (ms), cudaEventElapsed = 24.361984252929688 (ms)
[RANK1] B @ 1165.921630859375 (ms) to 1209.496826171875 (ms), cudaEventElapsed = 43.55276870727539 (ms)
[RANK1] W @ 1210.256103515625 (ms) to 1234.033203125 (ms), cudaEventElapsed = 23.754751205444336 (ms)
[RANK1] B @ 1258.432861328125 (ms) to 1300.7734375 (ms), cudaEventElapsed = 42.31884765625 (ms)
[RANK1] W @ 1301.5322265625 (ms) to 1323.743408203125 (ms), cudaEventElapsed = 22.188032150268555 (ms)
[RANK1] B @ 1349.505615234375 (ms) to 1391.642822265625 (ms), cudaEventElapsed = 42.11609649658203 (ms)
[RANK1] 8W @ 1393.57763671875 (ms) to 1606.65673828125 (ms), cudaEventElapsed = 213.04934692382812 (ms)
[RANK1] Iteration 6
[RANK1] F @ 32.49365234375 (ms) to 63.990234375 (ms), cudaEventElapsed = 31.471616744995117 (ms)
[RANK1] F @ 65.318603515625 (ms) to 99.06884765625 (ms), cudaEventElapsed = 33.728511810302734 (ms)
[RANK1] F @ 100.385009765625 (ms) to 136.4658203125 (ms), cudaEventElapsed = 36.05708694458008 (ms)
[RANK1] F @ 137.80078125 (ms) to 174.2138671875 (ms), cudaEventElapsed = 36.38579177856445 (ms)
[RANK1] F @ 175.5615234375 (ms) to 211.77685546875 (ms), cudaEventElapsed = 36.190208435058594 (ms)
[RANK1] B @ 344.9560546875 (ms) to 385.9267578125 (ms), cudaEventElapsed = 40.948734283447266 (ms)
[RANK1] F @ 387.163330078125 (ms) to 421.436767578125 (ms), cudaEventElapsed = 34.25177764892578 (ms)
[RANK1] B @ 427.96630859375 (ms) to 472.30908203125 (ms), cudaEventElapsed = 44.318721771240234 (ms)
[RANK1] F @ 473.559326171875 (ms) to 508.54248046875 (ms), cudaEventElapsed = 34.957313537597656 (ms)
[RANK1] B @ 511.25390625 (ms) to 556.994384765625 (ms), cudaEventElapsed = 45.71750259399414 (ms)
[RANK1] F @ 558.25537109375 (ms) to 593.475830078125 (ms), cudaEventElapsed = 35.194881439208984 (ms)
[RANK1] B @ 618.747314453125 (ms) to 660.305419921875 (ms), cudaEventElapsed = 41.53241729736328 (ms)
[RANK1] F @ 661.529052734375 (ms) to 695.022216796875 (ms), cudaEventElapsed = 33.470462799072266 (ms)
[RANK1] B @ 708.67822265625 (ms) to 751.081787109375 (ms), cudaEventElapsed = 42.37926483154297 (ms)
[RANK1] F @ 752.3310546875 (ms) to 786.879638671875 (ms), cudaEventElapsed = 34.525184631347656 (ms)
[RANK1] B @ 793.471923828125 (ms) to 838.077392578125 (ms), cudaEventElapsed = 44.58291244506836 (ms)
[RANK1] F @ 839.32275390625 (ms) to 873.789794921875 (ms), cudaEventElapsed = 34.44428634643555 (ms)
[RANK1] B @ 892.003173828125 (ms) to 934.426513671875 (ms), cudaEventElapsed = 42.39360046386719 (ms)
[RANK1] F @ 935.662109375 (ms) to 970.588134765625 (ms), cudaEventElapsed = 34.9040641784668 (ms)
[RANK1] B @ 984.328857421875 (ms) to 1056.94140625 (ms), cudaEventElapsed = 72.59033966064453 (ms)
[RANK1] W @ 1057.677734375 (ms) to 1077.6142578125 (ms), cudaEventElapsed = 19.912704467773438 (ms)
[RANK1] B @ 1078.59912109375 (ms) to 1123.6943359375 (ms), cudaEventElapsed = 45.07340621948242 (ms)
[RANK1] W @ 1124.46142578125 (ms) to 1147.757080078125 (ms), cudaEventElapsed = 23.27347183227539 (ms)
[RANK1] B @ 1166.968017578125 (ms) to 1210.0703125 (ms), cudaEventElapsed = 43.08070373535156 (ms)
[RANK1] W @ 1210.805419921875 (ms) to 1233.157958984375 (ms), cudaEventElapsed = 22.331392288208008 (ms)
[RANK1] B @ 1258.689697265625 (ms) to 1301.016845703125 (ms), cudaEventElapsed = 42.30656051635742 (ms)
[RANK1] W @ 1301.78857421875 (ms) to 1324.0830078125 (ms), cudaEventElapsed = 22.27199935913086 (ms)
[RANK1] B @ 1352.720458984375 (ms) to 1394.654052734375 (ms), cudaEventElapsed = 41.91027069091797 (ms)
[RANK1] 8W @ 1396.584228515625 (ms) to 1610.191650390625 (ms), cudaEventElapsed = 213.57875061035156 (ms)
[RANK1] Iteration 7
[RANK1] F @ 32.27392578125 (ms) to 63.771240234375 (ms), cudaEventElapsed = 31.473663330078125 (ms)
[RANK1] F @ 65.067138671875 (ms) to 99.092041015625 (ms), cudaEventElapsed = 34.00294494628906 (ms)
[RANK1] F @ 100.416015625 (ms) to 136.611083984375 (ms), cudaEventElapsed = 36.170753479003906 (ms)
[RANK1] F @ 137.92919921875 (ms) to 173.814208984375 (ms), cudaEventElapsed = 35.86252975463867 (ms)
[RANK1] F @ 175.11962890625 (ms) to 211.231201171875 (ms), cudaEventElapsed = 36.085758209228516 (ms)
[RANK1] B @ 345.963134765625 (ms) to 386.924560546875 (ms), cudaEventElapsed = 40.94054412841797 (ms)
[RANK1] F @ 388.134033203125 (ms) to 422.32177734375 (ms), cudaEventElapsed = 34.16678237915039 (ms)
[RANK1] B @ 429.208984375 (ms) to 473.525634765625 (ms), cudaEventElapsed = 44.291072845458984 (ms)
[RANK1] F @ 474.789794921875 (ms) to 510.01611328125 (ms), cudaEventElapsed = 35.202049255371094 (ms)
[RANK1] B @ 512.223388671875 (ms) to 557.56982421875 (ms), cudaEventElapsed = 45.325313568115234 (ms)
[RANK1] F @ 558.815673828125 (ms) to 593.89404296875 (ms), cudaEventElapsed = 35.056640625 (ms)
[RANK1] B @ 619.403076171875 (ms) to 661.034912109375 (ms), cudaEventElapsed = 41.609214782714844 (ms)
[RANK1] F @ 662.254638671875 (ms) to 695.939697265625 (ms), cudaEventElapsed = 33.66400146484375 (ms)
[RANK1] B @ 709.66064453125 (ms) to 752.6416015625 (ms), cudaEventElapsed = 42.9567985534668 (ms)
[RANK1] F @ 753.871337890625 (ms) to 788.79443359375 (ms), cudaEventElapsed = 34.899967193603516 (ms)
[RANK1] B @ 793.7216796875 (ms) to 839.1201171875 (ms), cudaEventElapsed = 45.37651062011719 (ms)
[RANK1] F @ 840.357666015625 (ms) to 875.2255859375 (ms), cudaEventElapsed = 34.84569549560547 (ms)
[RANK1] B @ 891.75390625 (ms) to 934.249267578125 (ms), cudaEventElapsed = 42.47244644165039 (ms)
[RANK1] F @ 935.467529296875 (ms) to 970.004638671875 (ms), cudaEventElapsed = 34.515968322753906 (ms)
[RANK1] B @ 984.81982421875 (ms) to 1057.36181640625 (ms), cudaEventElapsed = 72.5186538696289 (ms)
[RANK1] W @ 1058.09716796875 (ms) to 1078.281982421875 (ms), cudaEventElapsed = 20.161535263061523 (ms)
[RANK1] B @ 1079.29248046875 (ms) to 1124.990478515625 (ms), cudaEventElapsed = 45.669376373291016 (ms)
[RANK1] W @ 1125.745849609375 (ms) to 1149.570556640625 (ms), cudaEventElapsed = 23.802879333496094 (ms)
[RANK1] B @ 1165.636474609375 (ms) to 1209.219482421875 (ms), cudaEventElapsed = 43.5599365234375 (ms)
[RANK1] W @ 1209.970458984375 (ms) to 1232.489501953125 (ms), cudaEventElapsed = 22.49728012084961 (ms)
[RANK1] B @ 1261.437255859375 (ms) to 1303.58740234375 (ms), cudaEventElapsed = 42.12838363647461 (ms)
[RANK1] W @ 1304.33544921875 (ms) to 1325.899169921875 (ms), cudaEventElapsed = 21.541887283325195 (ms)
[RANK1] B @ 1352.488037109375 (ms) to 1394.52392578125 (ms), cudaEventElapsed = 42.01472091674805 (ms)
[RANK1] 8W @ 1396.490478515625 (ms) to 1608.89794921875 (ms), cudaEventElapsed = 212.37965393066406 (ms)
[RANK1] Iteration 8
[RANK1] F @ 31.451171875 (ms) to 63.072998046875 (ms), cudaEventElapsed = 31.59654426574707 (ms)
[RANK1] F @ 64.3916015625 (ms) to 98.255859375 (ms), cudaEventElapsed = 33.8421745300293 (ms)
[RANK1] F @ 99.60888671875 (ms) to 136.656005859375 (ms), cudaEventElapsed = 37.02272033691406 (ms)
[RANK1] F @ 138.281982421875 (ms) to 174.79736328125 (ms), cudaEventElapsed = 36.48614501953125 (ms)
[RANK1] F @ 176.11376953125 (ms) to 212.07763671875 (ms), cudaEventElapsed = 35.939327239990234 (ms)
[RANK1] B @ 345.211181640625 (ms) to 386.18359375 (ms), cudaEventElapsed = 40.950782775878906 (ms)
[RANK1] F @ 387.425537109375 (ms) to 421.19091796875 (ms), cudaEventElapsed = 33.743873596191406 (ms)
[RANK1] B @ 428.054443359375 (ms) to 472.711669921875 (ms), cudaEventElapsed = 44.63206481933594 (ms)
[RANK1] F @ 473.967041015625 (ms) to 508.97998046875 (ms), cudaEventElapsed = 34.98700714111328 (ms)
[RANK1] B @ 510.48388671875 (ms) to 555.372314453125 (ms), cudaEventElapsed = 44.863487243652344 (ms)
[RANK1] F @ 556.635498046875 (ms) to 591.6796875 (ms), cudaEventElapsed = 35.02182388305664 (ms)
[RANK1] B @ 618.114990234375 (ms) to 659.847412109375 (ms), cudaEventElapsed = 41.71059036254883 (ms)
[RANK1] F @ 661.057373046875 (ms) to 695.919677734375 (ms), cudaEventElapsed = 34.83955383300781 (ms)
[RANK1] B @ 707.613525390625 (ms) to 751.48974609375 (ms), cudaEventElapsed = 43.85075378417969 (ms)
[RANK1] F @ 752.74267578125 (ms) to 787.8515625 (ms), cudaEventElapsed = 35.0832633972168 (ms)
[RANK1] B @ 793.109130859375 (ms) to 837.39013671875 (ms), cudaEventElapsed = 44.25932693481445 (ms)
[RANK1] F @ 838.615966796875 (ms) to 873.5078125 (ms), cudaEventElapsed = 34.86822509765625 (ms)
[RANK1] B @ 890.036865234375 (ms) to 932.779052734375 (ms), cudaEventElapsed = 42.72025680541992 (ms)
[RANK1] F @ 933.982666015625 (ms) to 969.022216796875 (ms), cudaEventElapsed = 35.01772689819336 (ms)
[RANK1] B @ 983.239990234375 (ms) to 1052.99853515625 (ms), cudaEventElapsed = 69.73542022705078 (ms)
[RANK1] W @ 1053.758056640625 (ms) to 1073.458740234375 (ms), cudaEventElapsed = 19.677183151245117 (ms)
[RANK1] B @ 1074.6640625 (ms) to 1120.840576171875 (ms), cudaEventElapsed = 46.14553451538086 (ms)
[RANK1] W @ 1121.599853515625 (ms) to 1146.135009765625 (ms), cudaEventElapsed = 24.51251220703125 (ms)
[RANK1] B @ 1165.408935546875 (ms) to 1208.136962890625 (ms), cudaEventElapsed = 42.70694351196289 (ms)
[RANK1] W @ 1208.900146484375 (ms) to 1232.005126953125 (ms), cudaEventElapsed = 23.0830078125 (ms)
[RANK1] B @ 1261.9892578125 (ms) to 1304.0146484375 (ms), cudaEventElapsed = 42.003456115722656 (ms)
[RANK1] W @ 1304.781005859375 (ms) to 1327.458251953125 (ms), cudaEventElapsed = 22.65292739868164 (ms)
[RANK1] B @ 1349.214111328125 (ms) to 1391.749755859375 (ms), cudaEventElapsed = 42.51443099975586 (ms)
[RANK1] 8W @ 1393.67626953125 (ms) to 1607.871826171875 (ms), cudaEventElapsed = 214.1675567626953 (ms)
[RANK1] Iteration 9
[RANK1] F @ 31.7421875 (ms) to 63.213134765625 (ms), cudaEventElapsed = 31.447040557861328 (ms)
[RANK1] F @ 64.52490234375 (ms) to 98.654052734375 (ms), cudaEventElapsed = 34.105342864990234 (ms)
[RANK1] F @ 99.985595703125 (ms) to 136.805908203125 (ms), cudaEventElapsed = 36.79539108276367 (ms)
[RANK1] F @ 138.431396484375 (ms) to 175.037841796875 (ms), cudaEventElapsed = 36.578304290771484 (ms)
[RANK1] F @ 176.359375 (ms) to 212.30712890625 (ms), cudaEventElapsed = 35.91475296020508 (ms)
[RANK1] B @ 345.287841796875 (ms) to 386.400634765625 (ms), cudaEventElapsed = 41.090049743652344 (ms)
[RANK1] F @ 387.635498046875 (ms) to 421.197265625 (ms), cudaEventElapsed = 33.540096282958984 (ms)
[RANK1] B @ 427.45068359375 (ms) to 472.493896484375 (ms), cudaEventElapsed = 45.01708984375 (ms)
[RANK1] F @ 473.787841796875 (ms) to 508.506103515625 (ms), cudaEventElapsed = 34.69209671020508 (ms)
[RANK1] B @ 512.73291015625 (ms) to 557.405029296875 (ms), cudaEventElapsed = 44.65049743652344 (ms)
[RANK1] F @ 558.64013671875 (ms) to 593.6435546875 (ms), cudaEventElapsed = 34.980865478515625 (ms)
[RANK1] B @ 618.329345703125 (ms) to 660.2275390625 (ms), cudaEventElapsed = 41.87648010253906 (ms)
[RANK1] F @ 661.456787109375 (ms) to 696.40478515625 (ms), cudaEventElapsed = 34.92659378051758 (ms)
[RANK1] B @ 708.306884765625 (ms) to 752.06982421875 (ms), cudaEventElapsed = 43.73708724975586 (ms)
[RANK1] F @ 753.27685546875 (ms) to 787.353759765625 (ms), cudaEventElapsed = 34.05516815185547 (ms)
[RANK1] B @ 793.135986328125 (ms) to 837.5068359375 (ms), cudaEventElapsed = 44.34841537475586 (ms)
[RANK1] F @ 838.75439453125 (ms) to 873.82861328125 (ms), cudaEventElapsed = 35.05254364013672 (ms)
[RANK1] B @ 892.95751953125 (ms) to 935.59912109375 (ms), cudaEventElapsed = 42.619903564453125 (ms)
[RANK1] F @ 936.822998046875 (ms) to 971.760009765625 (ms), cudaEventElapsed = 34.916351318359375 (ms)
[RANK1] B @ 987.547119140625 (ms) to 1057.9169921875 (ms), cudaEventElapsed = 70.3477783203125 (ms)
[RANK1] W @ 1058.6572265625 (ms) to 1078.2978515625 (ms), cudaEventElapsed = 19.61676788330078 (ms)
[RANK1] B @ 1079.55419921875 (ms) to 1125.689453125 (ms), cudaEventElapsed = 46.113792419433594 (ms)
[RANK1] W @ 1126.437744140625 (ms) to 1151.094482421875 (ms), cudaEventElapsed = 24.633344650268555 (ms)
[RANK1] B @ 1167.161376953125 (ms) to 1210.6943359375 (ms), cudaEventElapsed = 43.51180648803711 (ms)
[RANK1] W @ 1211.46435546875 (ms) to 1235.09912109375 (ms), cudaEventElapsed = 23.612415313720703 (ms)
[RANK1] B @ 1264.25048828125 (ms) to 1306.179931640625 (ms), cudaEventElapsed = 41.90822219848633 (ms)
[RANK1] W @ 1306.914306640625 (ms) to 1329.8525390625 (ms), cudaEventElapsed = 22.915071487426758 (ms)
[RANK1] B @ 1350.617919921875 (ms) to 1393.082763671875 (ms), cudaEventElapsed = 42.44377517700195 (ms)
[RANK1] 8W @ 1394.9873046875 (ms) to 1608.004638671875 (ms), cudaEventElapsed = 212.98892211914062 (ms)
