[RANK2] Iteration 1
[RANK2] F @ 170.80810546875 (ms) to 203.044921875 (ms), cudaEventElapsed = 32.172000885009766 (ms)
[RANK2] F @ 256.635009765625 (ms) to 288.311767578125 (ms), cudaEventElapsed = 31.619712829589844 (ms)
[RANK2] F @ 290.40283203125 (ms) to 324.3330078125 (ms), cudaEventElapsed = 33.88399887084961 (ms)
[RANK2] B @ 510.93212890625 (ms) to 551.109130859375 (ms), cudaEventElapsed = 40.11555099487305 (ms)
[RANK2] F @ 555.41943359375 (ms) to 588.444091796875 (ms), cudaEventElapsed = 32.84579086303711 (ms)
[RANK2] B @ 588.7548828125 (ms) to 633.324462890625 (ms), cudaEventElapsed = 44.53782272338867 (ms)
[RANK2] F @ 634.8134765625 (ms) to 668.7587890625 (ms), cudaEventElapsed = 33.902496337890625 (ms)
[RANK2] B @ 669.082275390625 (ms) to 713.572265625 (ms), cudaEventElapsed = 44.4574089050293 (ms)
[RANK2] F @ 715.1455078125 (ms) to 749.19091796875 (ms), cudaEventElapsed = 34.00396728515625 (ms)
[RANK2] B @ 749.50830078125 (ms) to 793.761474609375 (ms), cudaEventElapsed = 44.21923065185547 (ms)
[RANK2] F @ 795.488037109375 (ms) to 829.30029296875 (ms), cudaEventElapsed = 33.768577575683594 (ms)
[RANK2] B @ 829.613037109375 (ms) to 1050.250732421875 (ms), cudaEventElapsed = 220.6044464111328 (ms)
[RANK2] F @ 1050.64208984375 (ms) to 1084.01708984375 (ms), cudaEventElapsed = 33.336830139160156 (ms)
[RANK2] B @ 1084.410400390625 (ms) to 1130.0244140625 (ms), cudaEventElapsed = 45.569889068603516 (ms)
[RANK2] W @ 1130.29736328125 (ms) to 1151.6103515625 (ms), cudaEventElapsed = 21.27872085571289 (ms)
[RANK2] F @ 1151.770263671875 (ms) to 1185.62109375 (ms), cudaEventElapsed = 33.8201904296875 (ms)
[RANK2] B @ 1186.92919921875 (ms) to 1231.5341796875 (ms), cudaEventElapsed = 44.572288513183594 (ms)
[RANK2] B @ 1232.91259765625 (ms) to 1275.530517578125 (ms), cudaEventElapsed = 42.581600189208984 (ms)
[RANK2] W @ 1275.70166015625 (ms) to 1296.052001953125 (ms), cudaEventElapsed = 20.319232940673828 (ms)
[RANK2] F @ 1296.311767578125 (ms) to 1329.939453125 (ms), cudaEventElapsed = 33.59724807739258 (ms)
[RANK2] B @ 1330.231689453125 (ms) to 1374.9970703125 (ms), cudaEventElapsed = 44.729408264160156 (ms)
[RANK2] W @ 1375.213134765625 (ms) to 1397.784423828125 (ms), cudaEventElapsed = 21.409791946411133 (ms)
[RANK2] F @ 1398.06103515625 (ms) to 1432.01220703125 (ms), cudaEventElapsed = 33.9090576171875 (ms)
[RANK2] B @ 1432.296630859375 (ms) to 1477.107421875 (ms), cudaEventElapsed = 44.77558517456055 (ms)
[RANK2] W @ 1477.30712890625 (ms) to 1499.98876953125 (ms), cudaEventElapsed = 21.548032760620117 (ms)
[RANK2] F @ 1500.248291015625 (ms) to 1534.321533203125 (ms), cudaEventElapsed = 34.04435348510742 (ms)
[RANK2] B @ 1534.60009765625 (ms) to 1579.8681640625 (ms), cudaEventElapsed = 45.23836898803711 (ms)
[RANK2] W @ 1580.00244140625 (ms) to 1601.5234375 (ms), cudaEventElapsed = 21.48761558532715 (ms)
[RANK2] W @ 1601.66552734375 (ms) to 1622.934814453125 (ms), cudaEventElapsed = 21.238784790039062 (ms)
[RANK2] B @ 1623.068359375 (ms) to 1665.694580078125 (ms), cudaEventElapsed = 42.59190368652344 (ms)
[RANK2] 6W @ 1665.824462890625 (ms) to 1794.052490234375 (ms), cudaEventElapsed = 128.19558715820312 (ms)
[RANK2] Iteration 2
[RANK2] F @ 63.757568359375 (ms) to 95.951171875 (ms), cudaEventElapsed = 32.14886474609375 (ms)
[RANK2] F @ 98.5458984375 (ms) to 131.8720703125 (ms), cudaEventElapsed = 33.28643035888672 (ms)
[RANK2] F @ 135.62646484375 (ms) to 172.883544921875 (ms), cudaEventElapsed = 37.21161651611328 (ms)
[RANK2] B @ 177.364990234375 (ms) to 222.41552734375 (ms), cudaEventElapsed = 45.00748825073242 (ms)
[RANK2] F @ 222.789306640625 (ms) to 256.60693359375 (ms), cudaEventElapsed = 33.780670166015625 (ms)
[RANK2] B @ 256.96044921875 (ms) to 301.241943359375 (ms), cudaEventElapsed = 44.24969482421875 (ms)
[RANK2] F @ 302.61865234375 (ms) to 336.430908203125 (ms), cudaEventElapsed = 33.77385711669922 (ms)
[RANK2] B @ 336.773193359375 (ms) to 381.22900390625 (ms), cudaEventElapsed = 44.42345428466797 (ms)
[RANK2] F @ 382.647216796875 (ms) to 416.13232421875 (ms), cudaEventElapsed = 33.44841766357422 (ms)
[RANK2] B @ 416.473876953125 (ms) to 460.514404296875 (ms), cudaEventElapsed = 44.0079345703125 (ms)
[RANK2] F @ 462.470458984375 (ms) to 495.846923828125 (ms), cudaEventElapsed = 33.33552169799805 (ms)
[RANK2] B @ 496.1806640625 (ms) to 540.452880859375 (ms), cudaEventElapsed = 44.238399505615234 (ms)
[RANK2] F @ 540.824951171875 (ms) to 574.682373046875 (ms), cudaEventElapsed = 33.82108688354492 (ms)
[RANK2] B @ 575.091064453125 (ms) to 619.47607421875 (ms), cudaEventElapsed = 44.34355163574219 (ms)
[RANK2] W @ 619.738525390625 (ms) to 641.25 (ms), cudaEventElapsed = 21.47737693786621 (ms)
[RANK2] F @ 641.414306640625 (ms) to 675.2724609375 (ms), cudaEventElapsed = 33.828224182128906 (ms)
[RANK2] B @ 676.579833984375 (ms) to 721.25244140625 (ms), cudaEventElapsed = 44.641761779785156 (ms)
[RANK2] B @ 722.70654296875 (ms) to 764.965576171875 (ms), cudaEventElapsed = 42.22243118286133 (ms)
[RANK2] W @ 765.179443359375 (ms) to 785.533203125 (ms), cudaEventElapsed = 20.319232940673828 (ms)
[RANK2] F @ 785.846923828125 (ms) to 819.857666015625 (ms), cudaEventElapsed = 33.97875213623047 (ms)
[RANK2] B @ 820.18310546875 (ms) to 865.140869140625 (ms), cudaEventElapsed = 44.926334381103516 (ms)
[RANK2] W @ 865.369873046875 (ms) to 887.982421875 (ms), cudaEventElapsed = 21.4333438873291 (ms)
[RANK2] F @ 888.275146484375 (ms) to 922.775390625 (ms), cudaEventElapsed = 34.470558166503906 (ms)
[RANK2] B @ 923.10400390625 (ms) to 970.163330078125 (ms), cudaEventElapsed = 47.028350830078125 (ms)
[RANK2] W @ 970.398681640625 (ms) to 993.4326171875 (ms), cudaEventElapsed = 21.87571144104004 (ms)
[RANK2] F @ 993.81494140625 (ms) to 1027.97265625 (ms), cudaEventElapsed = 34.11820983886719 (ms)
[RANK2] B @ 1028.2880859375 (ms) to 1072.909423828125 (ms), cudaEventElapsed = 44.59097671508789 (ms)
[RANK2] W @ 1073.080322265625 (ms) to 1094.459716796875 (ms), cudaEventElapsed = 21.343231201171875 (ms)
[RANK2] W @ 1094.63134765625 (ms) to 1115.903564453125 (ms), cudaEventElapsed = 21.24083137512207 (ms)
[RANK2] B @ 1116.069580078125 (ms) to 1158.588134765625 (ms), cudaEventElapsed = 42.488609313964844 (ms)
[RANK2] 6W @ 1158.758544921875 (ms) to 1287.46826171875 (ms), cudaEventElapsed = 128.679931640625 (ms)
[RANK2] Iteration 3
[RANK2] F @ 63.517333984375 (ms) to 95.78955078125 (ms), cudaEventElapsed = 32.23468780517578 (ms)
[RANK2] F @ 98.382568359375 (ms) to 131.6318359375 (ms), cudaEventElapsed = 33.21001434326172 (ms)
[RANK2] F @ 135.7451171875 (ms) to 172.4208984375 (ms), cudaEventElapsed = 36.15468978881836 (ms)
[RANK2] B @ 176.821533203125 (ms) to 221.195556640625 (ms), cudaEventElapsed = 44.330078125 (ms)
[RANK2] F @ 221.61181640625 (ms) to 255.108154296875 (ms), cudaEventElapsed = 33.46198272705078 (ms)
[RANK2] B @ 255.4365234375 (ms) to 299.5537109375 (ms), cudaEventElapsed = 44.08585739135742 (ms)
[RANK2] F @ 300.9775390625 (ms) to 334.63623046875 (ms), cudaEventElapsed = 33.627838134765625 (ms)
[RANK2] B @ 334.960693359375 (ms) to 379.294189453125 (ms), cudaEventElapsed = 44.30281448364258 (ms)
[RANK2] F @ 380.691162109375 (ms) to 414.18896484375 (ms), cudaEventElapsed = 33.465599060058594 (ms)
[RANK2] B @ 414.51904296875 (ms) to 459.1630859375 (ms), cudaEventElapsed = 44.61414337158203 (ms)
[RANK2] F @ 461.058349609375 (ms) to 494.28369140625 (ms), cudaEventElapsed = 33.19180679321289 (ms)
[RANK2] B @ 494.60595703125 (ms) to 538.966796875 (ms), cudaEventElapsed = 44.3304328918457 (ms)
[RANK2] F @ 539.307861328125 (ms) to 573.04833984375 (ms), cudaEventElapsed = 33.69785690307617 (ms)
[RANK2] B @ 573.43505859375 (ms) to 618.211669921875 (ms), cudaEventElapsed = 44.745567321777344 (ms)
[RANK2] W @ 618.49267578125 (ms) to 640.022216796875 (ms), cudaEventElapsed = 21.493759155273438 (ms)
[RANK2] F @ 640.179443359375 (ms) to 674.112548828125 (ms), cudaEventElapsed = 33.90419387817383 (ms)
[RANK2] B @ 675.452880859375 (ms) to 720.1884765625 (ms), cudaEventElapsed = 44.70329666137695 (ms)
[RANK2] B @ 721.625 (ms) to 763.861572265625 (ms), cudaEventElapsed = 42.206336975097656 (ms)
[RANK2] W @ 764.279541015625 (ms) to 784.45556640625 (ms), cudaEventElapsed = 20.146175384521484 (ms)
[RANK2] F @ 784.71435546875 (ms) to 818.404052734375 (ms), cudaEventElapsed = 33.66179275512695 (ms)
[RANK2] B @ 818.70703125 (ms) to 863.36083984375 (ms), cudaEventElapsed = 44.623775482177734 (ms)
[RANK2] W @ 863.58544921875 (ms) to 885.949462890625 (ms), cudaEventElapsed = 21.27257537841797 (ms)
[RANK2] F @ 886.217529296875 (ms) to 920.4677734375 (ms), cudaEventElapsed = 34.22224044799805 (ms)
[RANK2] B @ 920.765625 (ms) to 968.149169921875 (ms), cudaEventElapsed = 47.35356903076172 (ms)
[RANK2] W @ 968.397705078125 (ms) to 991.532470703125 (ms), cudaEventElapsed = 21.960704803466797 (ms)
[RANK2] F @ 991.811279296875 (ms) to 1025.793701171875 (ms), cudaEventElapsed = 33.953857421875 (ms)
[RANK2] B @ 1026.08984375 (ms) to 1071.2333984375 (ms), cudaEventElapsed = 45.11337661743164 (ms)
[RANK2] W @ 1071.400634765625 (ms) to 1092.95068359375 (ms), cudaEventElapsed = 21.51628875732422 (ms)
[RANK2] W @ 1093.10791015625 (ms) to 1114.385009765625 (ms), cudaEventElapsed = 21.24799919128418 (ms)
[RANK2] B @ 1114.526611328125 (ms) to 1157.131591796875 (ms), cudaEventElapsed = 42.57795333862305 (ms)
[RANK2] 6W @ 1157.28955078125 (ms) to 1285.962646484375 (ms), cudaEventElapsed = 128.63795471191406 (ms)
[RANK2] Iteration 4
[RANK2] F @ 63.0224609375 (ms) to 95.350341796875 (ms), cudaEventElapsed = 32.28156661987305 (ms)
[RANK2] F @ 98.096923828125 (ms) to 131.237548828125 (ms), cudaEventElapsed = 33.10553741455078 (ms)
[RANK2] F @ 135.70458984375 (ms) to 171.693359375 (ms), cudaEventElapsed = 35.955806732177734 (ms)
[RANK2] B @ 176.589111328125 (ms) to 221.845458984375 (ms), cudaEventElapsed = 45.218849182128906 (ms)
[RANK2] F @ 222.239990234375 (ms) to 257.965087890625 (ms), cudaEventElapsed = 35.69190216064453 (ms)
[RANK2] B @ 258.30615234375 (ms) to 303.8564453125 (ms), cudaEventElapsed = 45.51919937133789 (ms)
[RANK2] F @ 305.353271484375 (ms) to 341.0966796875 (ms), cudaEventElapsed = 35.711647033691406 (ms)
[RANK2] B @ 341.43603515625 (ms) to 386.976318359375 (ms), cudaEventElapsed = 45.510433197021484 (ms)
[RANK2] F @ 388.462158203125 (ms) to 424.21240234375 (ms), cudaEventElapsed = 35.7182731628418 (ms)
[RANK2] B @ 424.53857421875 (ms) to 470.598388671875 (ms), cudaEventElapsed = 46.0283203125 (ms)
[RANK2] F @ 472.469970703125 (ms) to 508.0322265625 (ms), cudaEventElapsed = 35.52239990234375 (ms)
[RANK2] B @ 508.380615234375 (ms) to 553.91650390625 (ms), cudaEventElapsed = 45.5032958984375 (ms)
[RANK2] F @ 554.293212890625 (ms) to 589.890869140625 (ms), cudaEventElapsed = 35.566463470458984 (ms)
[RANK2] B @ 590.28515625 (ms) to 635.837158203125 (ms), cudaEventElapsed = 45.519615173339844 (ms)
[RANK2] W @ 636.102294921875 (ms) to 659.502685546875 (ms), cudaEventElapsed = 23.365631103515625 (ms)
[RANK2] F @ 659.6552734375 (ms) to 697.396484375 (ms), cudaEventElapsed = 37.712158203125 (ms)
[RANK2] B @ 698.75634765625 (ms) to 745.3056640625 (ms), cudaEventElapsed = 46.51772689819336 (ms)
[RANK2] B @ 746.744873046875 (ms) to 791.735595703125 (ms), cudaEventElapsed = 44.955360412597656 (ms)
[RANK2] W @ 791.916748046875 (ms) to 815.818603515625 (ms), cudaEventElapsed = 23.872512817382812 (ms)
[RANK2] F @ 816.100341796875 (ms) to 853.62109375 (ms), cudaEventElapsed = 37.49155044555664 (ms)
[RANK2] B @ 853.941650390625 (ms) to 900.183837890625 (ms), cudaEventElapsed = 46.21241760253906 (ms)
[RANK2] W @ 900.412841796875 (ms) to 928.01806640625 (ms), cudaEventElapsed = 26.49907112121582 (ms)
[RANK2] F @ 928.322021484375 (ms) to 974.436279296875 (ms), cudaEventElapsed = 46.085472106933594 (ms)
[RANK2] B @ 974.74365234375 (ms) to 1022.4306640625 (ms), cudaEventElapsed = 47.64985656738281 (ms)
[RANK2] W @ 1022.65869140625 (ms) to 1047.904052734375 (ms), cudaEventElapsed = 24.09779167175293 (ms)
[RANK2] F @ 1048.18701171875 (ms) to 1086.318603515625 (ms), cudaEventElapsed = 38.102142333984375 (ms)
[RANK2] B @ 1086.625244140625 (ms) to 1133.440673828125 (ms), cudaEventElapsed = 46.784481048583984 (ms)
[RANK2] W @ 1133.6357421875 (ms) to 1157.799560546875 (ms), cudaEventElapsed = 24.12544059753418 (ms)
[RANK2] W @ 1157.978271484375 (ms) to 1183.72412109375 (ms), cudaEventElapsed = 25.71776008605957 (ms)
[RANK2] B @ 1183.894287109375 (ms) to 1232.435546875 (ms), cudaEventElapsed = 48.51241683959961 (ms)
[RANK2] 6W @ 1232.59814453125 (ms) to 1390.93408203125 (ms), cudaEventElapsed = 158.30630493164062 (ms)
[RANK2] Iteration 5
[RANK2] F @ 63.207763671875 (ms) to 95.364013671875 (ms), cudaEventElapsed = 32.12035369873047 (ms)
[RANK2] F @ 98.4189453125 (ms) to 132.4873046875 (ms), cudaEventElapsed = 34.03443145751953 (ms)
[RANK2] F @ 136.306884765625 (ms) to 173.152587890625 (ms), cudaEventElapsed = 36.80976104736328 (ms)
[RANK2] B @ 177.853271484375 (ms) to 223.752685546875 (ms), cudaEventElapsed = 45.866207122802734 (ms)
[RANK2] F @ 224.1142578125 (ms) to 259.84375 (ms), cudaEventElapsed = 35.69776153564453 (ms)
[RANK2] B @ 260.1650390625 (ms) to 306.091796875 (ms), cudaEventElapsed = 45.897377014160156 (ms)
[RANK2] F @ 307.550048828125 (ms) to 343.595703125 (ms), cudaEventElapsed = 36.0134391784668 (ms)
[RANK2] B @ 343.92041015625 (ms) to 389.7451171875 (ms), cudaEventElapsed = 45.79500961303711 (ms)
[RANK2] F @ 391.220458984375 (ms) to 426.689453125 (ms), cudaEventElapsed = 35.43609619140625 (ms)
[RANK2] B @ 427.02978515625 (ms) to 472.623779296875 (ms), cudaEventElapsed = 45.563743591308594 (ms)
[RANK2] F @ 474.289306640625 (ms) to 510.06396484375 (ms), cudaEventElapsed = 35.74051284790039 (ms)
[RANK2] B @ 510.388916015625 (ms) to 556.07080078125 (ms), cudaEventElapsed = 45.64352035522461 (ms)
[RANK2] F @ 556.429443359375 (ms) to 592.1455078125 (ms), cudaEventElapsed = 35.68560028076172 (ms)
[RANK2] B @ 592.55859375 (ms) to 638.224853515625 (ms), cudaEventElapsed = 45.634464263916016 (ms)
[RANK2] W @ 638.501953125 (ms) to 662.510009765625 (ms), cudaEventElapsed = 23.977983474731445 (ms)
[RANK2] F @ 662.66015625 (ms) to 700.179443359375 (ms), cudaEventElapsed = 37.49030303955078 (ms)
[RANK2] B @ 701.541259765625 (ms) to 747.839599609375 (ms), cudaEventElapsed = 46.26774215698242 (ms)
[RANK2] B @ 749.250732421875 (ms) to 793.97509765625 (ms), cudaEventElapsed = 44.69452667236328 (ms)
[RANK2] W @ 794.13427734375 (ms) to 817.190673828125 (ms), cudaEventElapsed = 23.027711868286133 (ms)
[RANK2] F @ 817.463134765625 (ms) to 855.710693359375 (ms), cudaEventElapsed = 38.21945571899414 (ms)
[RANK2] B @ 856.013671875 (ms) to 902.968017578125 (ms), cudaEventElapsed = 46.92435073852539 (ms)
[RANK2] W @ 903.199462890625 (ms) to 931.4931640625 (ms), cudaEventElapsed = 27.16057586669922 (ms)
[RANK2] F @ 931.783203125 (ms) to 977.054931640625 (ms), cudaEventElapsed = 45.24143981933594 (ms)
[RANK2] B @ 977.356689453125 (ms) to 1024.848388671875 (ms), cudaEventElapsed = 47.45920181274414 (ms)
[RANK2] W @ 1025.069091796875 (ms) to 1050.02880859375 (ms), cudaEventElapsed = 23.856128692626953 (ms)
[RANK2] F @ 1050.30224609375 (ms) to 1087.8486328125 (ms), cudaEventElapsed = 37.508670806884766 (ms)
[RANK2] B @ 1088.152587890625 (ms) to 1134.7822265625 (ms), cudaEventElapsed = 46.59916687011719 (ms)
[RANK2] W @ 1134.937255859375 (ms) to 1158.9453125 (ms), cudaEventElapsed = 23.977983474731445 (ms)
[RANK2] W @ 1159.103759765625 (ms) to 1185.516357421875 (ms), cudaEventElapsed = 26.385408401489258 (ms)
[RANK2] B @ 1185.6591796875 (ms) to 1233.446533203125 (ms), cudaEventElapsed = 47.75900650024414 (ms)
[RANK2] 6W @ 1233.601318359375 (ms) to 1393.760009765625 (ms), cudaEventElapsed = 160.12696838378906 (ms)
[RANK2] Iteration 6
[RANK2] F @ 63.27001953125 (ms) to 95.743896484375 (ms), cudaEventElapsed = 32.437217712402344 (ms)
[RANK2] F @ 98.6611328125 (ms) to 132.2431640625 (ms), cudaEventElapsed = 33.54751968383789 (ms)
[RANK2] F @ 136.933349609375 (ms) to 173.656494140625 (ms), cudaEventElapsed = 36.68841552734375 (ms)
[RANK2] B @ 178.277587890625 (ms) to 223.7412109375 (ms), cudaEventElapsed = 45.42700958251953 (ms)
[RANK2] F @ 224.101318359375 (ms) to 259.827880859375 (ms), cudaEventElapsed = 35.696319580078125 (ms)
[RANK2] B @ 260.14111328125 (ms) to 305.927978515625 (ms), cudaEventElapsed = 45.75609588623047 (ms)
[RANK2] F @ 307.3310546875 (ms) to 342.97314453125 (ms), cudaEventElapsed = 35.60995101928711 (ms)
[RANK2] B @ 343.300537109375 (ms) to 388.82470703125 (ms), cudaEventElapsed = 45.49305725097656 (ms)
[RANK2] F @ 390.258056640625 (ms) to 425.860107421875 (ms), cudaEventElapsed = 35.5695686340332 (ms)
[RANK2] B @ 426.42041015625 (ms) to 471.9130859375 (ms), cudaEventElapsed = 45.46089553833008 (ms)
[RANK2] F @ 473.467041015625 (ms) to 508.737548828125 (ms), cudaEventElapsed = 35.236351013183594 (ms)
[RANK2] B @ 509.0517578125 (ms) to 554.876953125 (ms), cudaEventElapsed = 45.79411315917969 (ms)
[RANK2] F @ 555.22998046875 (ms) to 591.138427734375 (ms), cudaEventElapsed = 35.86943817138672 (ms)
[RANK2] B @ 591.531005859375 (ms) to 637.50146484375 (ms), cudaEventElapsed = 45.93907165527344 (ms)
[RANK2] W @ 637.754638671875 (ms) to 661.41748046875 (ms), cudaEventElapsed = 23.628799438476562 (ms)
[RANK2] F @ 661.574951171875 (ms) to 699.578369140625 (ms), cudaEventElapsed = 37.97340774536133 (ms)
[RANK2] B @ 700.89013671875 (ms) to 747.38134765625 (ms), cudaEventElapsed = 46.45897674560547 (ms)
[RANK2] B @ 748.791748046875 (ms) to 793.8974609375 (ms), cudaEventElapsed = 45.0747184753418 (ms)
[RANK2] W @ 794.05517578125 (ms) to 818.1357421875 (ms), cudaEventElapsed = 24.051712036132812 (ms)
[RANK2] F @ 818.400390625 (ms) to 856.114501953125 (ms), cudaEventElapsed = 37.68636703491211 (ms)
[RANK2] B @ 856.41162109375 (ms) to 902.73779296875 (ms), cudaEventElapsed = 46.29420852661133 (ms)
[RANK2] W @ 902.957275390625 (ms) to 930.889892578125 (ms), cudaEventElapsed = 26.853376388549805 (ms)
[RANK2] F @ 931.175537109375 (ms) to 976.40625 (ms), cudaEventElapsed = 45.201759338378906 (ms)
[RANK2] B @ 976.71484375 (ms) to 1024.244140625 (ms), cudaEventElapsed = 47.499263763427734 (ms)
[RANK2] W @ 1024.47265625 (ms) to 1049.746337890625 (ms), cudaEventElapsed = 24.189952850341797 (ms)
[RANK2] F @ 1050.02099609375 (ms) to 1088.50830078125 (ms), cudaEventElapsed = 38.458465576171875 (ms)
[RANK2] B @ 1088.80712890625 (ms) to 1135.660888671875 (ms), cudaEventElapsed = 46.824161529541016 (ms)
[RANK2] W @ 1135.816650390625 (ms) to 1160.027099609375 (ms), cudaEventElapsed = 24.179712295532227 (ms)
[RANK2] W @ 1160.1875 (ms) to 1186.64697265625 (ms), cudaEventElapsed = 26.431488037109375 (ms)
[RANK2] B @ 1186.800048828125 (ms) to 1235.086181640625 (ms), cudaEventElapsed = 48.25833511352539 (ms)
[RANK2] 6W @ 1235.24951171875 (ms) to 1395.393310546875 (ms), cudaEventElapsed = 160.110595703125 (ms)
[RANK2] Iteration 7
[RANK2] F @ 59.7509765625 (ms) to 89.833740234375 (ms), cudaEventElapsed = 30.043968200683594 (ms)
[RANK2] F @ 92.912109375 (ms) to 125.26220703125 (ms), cudaEventElapsed = 32.312320709228516 (ms)
[RANK2] F @ 128.975830078125 (ms) to 163.1474609375 (ms), cudaEventElapsed = 34.13043212890625 (ms)
[RANK2] F @ 164.603271484375 (ms) to 198.883544921875 (ms), cudaEventElapsed = 34.24208068847656 (ms)
[RANK2] F @ 201.101318359375 (ms) to 235.77587890625 (ms), cudaEventElapsed = 34.63302230834961 (ms)
[RANK2] F @ 236.2373046875 (ms) to 271.421630859375 (ms), cudaEventElapsed = 35.14918518066406 (ms)
[RANK2] F @ 271.809326171875 (ms) to 307.066162109375 (ms), cudaEventElapsed = 35.221439361572266 (ms)
[RANK2] F @ 307.379150390625 (ms) to 341.58251953125 (ms), cudaEventElapsed = 34.17027282714844 (ms)
[RANK2] F @ 343.653564453125 (ms) to 377.810302734375 (ms), cudaEventElapsed = 34.11689758300781 (ms)
[RANK2] F @ 379.705322265625 (ms) to 414.00830078125 (ms), cudaEventElapsed = 34.25580978393555 (ms)
[RANK2] F @ 415.5087890625 (ms) to 450.15673828125 (ms), cudaEventElapsed = 34.60764694213867 (ms)
[RANK2] F @ 451.546630859375 (ms) to 486.195556640625 (ms), cudaEventElapsed = 34.61257553100586 (ms)
