[RANK0] Iteration 1
[RANK0] F @ 2.610595703125 (ms) to 510.395751953125 (ms), cudaEventElapsed = 507.72991943359375 (ms)
[RANK0] F @ 511.149169921875 (ms) to 536.884033203125 (ms), cudaEventElapsed = 25.70854377746582 (ms)
[RANK0] F @ 537.547607421875 (ms) to 564.467529296875 (ms), cudaEventElapsed = 26.895360946655273 (ms)
[RANK0] F @ 565.125 (ms) to 593.143310546875 (ms), cudaEventElapsed = 27.994112014770508 (ms)
[RANK0] F @ 594.640380859375 (ms) to 622.55810546875 (ms), cudaEventElapsed = 27.889663696289062 (ms)
[RANK0] F @ 623.198974609375 (ms) to 651.00830078125 (ms), cudaEventElapsed = 27.786239624023438 (ms)
[RANK0] F @ 651.67333984375 (ms) to 679.77880859375 (ms), cudaEventElapsed = 28.082176208496094 (ms)
[RANK0] B @ 1744.9560546875 (ms) to 1834.345458984375 (ms), cudaEventElapsed = 89.36243438720703 (ms)
[RANK0] F @ 1834.62060546875 (ms) to 1859.82568359375 (ms), cudaEventElapsed = 25.180160522460938 (ms)
[RANK0] B @ 1861.205810546875 (ms) to 1894.579345703125 (ms), cudaEventElapsed = 33.349632263183594 (ms)
[RANK0] F @ 1894.9736328125 (ms) to 1920.763916015625 (ms), cudaEventElapsed = 25.764863967895508 (ms)
[RANK0] B @ 1922.118896484375 (ms) to 1957.4267578125 (ms), cudaEventElapsed = 35.28294372558594 (ms)
[RANK0] F @ 1957.65283203125 (ms) to 1983.79150390625 (ms), cudaEventElapsed = 26.09663963317871 (ms)
[RANK0] B @ 1985.13818359375 (ms) to 2020.830322265625 (ms), cudaEventElapsed = 35.67001724243164 (ms)
[RANK0] F @ 2021.030029296875 (ms) to 2047.22314453125 (ms), cudaEventElapsed = 26.168319702148438 (ms)
[RANK0] B @ 2058.860595703125 (ms) to 2092.987060546875 (ms), cudaEventElapsed = 34.103294372558594 (ms)
[RANK0] F @ 2093.18603515625 (ms) to 2118.338134765625 (ms), cudaEventElapsed = 25.12998390197754 (ms)
[RANK0] B @ 2139.725341796875 (ms) to 2172.768310546875 (ms), cudaEventElapsed = 33.01887893676758 (ms)
[RANK0] W @ 2173.06591796875 (ms) to 2187.28173828125 (ms), cudaEventElapsed = 14.19161605834961 (ms)
[RANK0] B @ 2218.506103515625 (ms) to 2250.36279296875 (ms), cudaEventElapsed = 31.83513641357422 (ms)
[RANK0] W @ 2250.6630859375 (ms) to 2264.4677734375 (ms), cudaEventElapsed = 13.77996826171875 (ms)
[RANK0] B @ 2299.47998046875 (ms) to 2331.45654296875 (ms), cudaEventElapsed = 31.952896118164062 (ms)
[RANK0] W @ 2331.78173828125 (ms) to 2345.574951171875 (ms), cudaEventElapsed = 13.768704414367676 (ms)
[RANK0] B @ 2363.439697265625 (ms) to 2396.02197265625 (ms), cudaEventElapsed = 32.561153411865234 (ms)
[RANK0] W @ 2396.3369140625 (ms) to 2410.24267578125 (ms), cudaEventElapsed = 13.883392333984375 (ms)
[RANK0] B @ 2432.118408203125 (ms) to 2463.9169921875 (ms), cudaEventElapsed = 31.77881622314453 (ms)
[RANK0] W @ 2464.202880859375 (ms) to 2478.11376953125 (ms), cudaEventElapsed = 13.889535903930664 (ms)
[RANK0] B @ 2498.046142578125 (ms) to 2530.20703125 (ms), cudaEventElapsed = 32.14131164550781 (ms)
[RANK0] W @ 2530.501953125 (ms) to 2544.4130859375 (ms), cudaEventElapsed = 13.888511657714844 (ms)
[RANK0] B @ 2561.946044921875 (ms) to 2594.559326171875 (ms), cudaEventElapsed = 32.59187316894531 (ms)
[RANK0] 6W @ 2595.629150390625 (ms) to 2687.52783203125 (ms), cudaEventElapsed = 91.85894775390625 (ms)
[RANK0] Iteration 2
[RANK0] F @ 0.4853515625 (ms) to 26.841064453125 (ms), cudaEventElapsed = 26.33113670349121 (ms)
[RANK0] F @ 27.66552734375 (ms) to 53.85693359375 (ms), cudaEventElapsed = 26.161151885986328 (ms)
[RANK0] F @ 54.666748046875 (ms) to 81.98046875 (ms), cudaEventElapsed = 27.283456802368164 (ms)
[RANK0] F @ 82.6396484375 (ms) to 110.34765625 (ms), cudaEventElapsed = 27.684864044189453 (ms)
[RANK0] F @ 111.061767578125 (ms) to 138.876220703125 (ms), cudaEventElapsed = 27.79033660888672 (ms)
[RANK0] F @ 139.5673828125 (ms) to 167.375 (ms), cudaEventElapsed = 27.784191131591797 (ms)
[RANK0] F @ 168.0634765625 (ms) to 196.116455078125 (ms), cudaEventElapsed = 28.029951095581055 (ms)
[RANK0] B @ 388.562255859375 (ms) to 421.89892578125 (ms), cudaEventElapsed = 33.309696197509766 (ms)
[RANK0] F @ 422.1513671875 (ms) to 448.452392578125 (ms), cudaEventElapsed = 26.275840759277344 (ms)
[RANK0] B @ 471.734375 (ms) to 505.436279296875 (ms), cudaEventElapsed = 33.677310943603516 (ms)
[RANK0] F @ 505.635498046875 (ms) to 532.01513671875 (ms), cudaEventElapsed = 26.356735229492188 (ms)
[RANK0] B @ 555.6787109375 (ms) to 718.155517578125 (ms), cudaEventElapsed = 162.4514617919922 (ms)
[RANK0] F @ 718.5634765625 (ms) to 744.670166015625 (ms), cudaEventElapsed = 26.075136184692383 (ms)
[RANK0] B @ 746.95947265625 (ms) to 783.5849609375 (ms), cudaEventElapsed = 36.603904724121094 (ms)
[RANK0] F @ 783.76025390625 (ms) to 812.434326171875 (ms), cudaEventElapsed = 28.651519775390625 (ms)
[RANK0] B @ 814.573974609375 (ms) to 850.725830078125 (ms), cudaEventElapsed = 36.12876892089844 (ms)
[RANK0] F @ 850.933349609375 (ms) to 878.193603515625 (ms), cudaEventElapsed = 27.237375259399414 (ms)
[RANK0] B @ 879.484375 (ms) to 915.4599609375 (ms), cudaEventElapsed = 35.952640533447266 (ms)
[RANK0] W @ 915.758056640625 (ms) to 932.9775390625 (ms), cudaEventElapsed = 17.19398307800293 (ms)
[RANK0] B @ 933.8232421875 (ms) to 969.997802734375 (ms), cudaEventElapsed = 36.152320861816406 (ms)
[RANK0] W @ 970.2783203125 (ms) to 987.960693359375 (ms), cudaEventElapsed = 17.65888023376465 (ms)
[RANK0] B @ 999.61328125 (ms) to 1034.631591796875 (ms), cudaEventElapsed = 34.99622344970703 (ms)
[RANK0] W @ 1034.915771484375 (ms) to 1051.44873046875 (ms), cudaEventElapsed = 16.510976791381836 (ms)
[RANK0] B @ 1080.896728515625 (ms) to 1114.486328125 (ms), cudaEventElapsed = 33.567745208740234 (ms)
[RANK0] W @ 1114.76513671875 (ms) to 1130.406005859375 (ms), cudaEventElapsed = 15.619071960449219 (ms)
[RANK0] B @ 1164.866943359375 (ms) to 1198.203857421875 (ms), cudaEventElapsed = 33.309696197509766 (ms)
[RANK0] W @ 1198.4765625 (ms) to 1213.771484375 (ms), cudaEventElapsed = 15.2739839553833 (ms)
[RANK0] B @ 1243.76416015625 (ms) to 1277.080078125 (ms), cudaEventElapsed = 33.29536056518555 (ms)
[RANK0] W @ 1277.83984375 (ms) to 1293.06689453125 (ms), cudaEventElapsed = 15.203328132629395 (ms)
[RANK0] B @ 1316.98828125 (ms) to 1350.64697265625 (ms), cudaEventElapsed = 33.63737487792969 (ms)
[RANK0] 6W @ 1351.409912109375 (ms) to 1467.325439453125 (ms), cudaEventElapsed = 115.89222717285156 (ms)
[RANK0] Iteration 3
[RANK0] F @ 0.80224609375 (ms) to 26.18310546875 (ms), cudaEventElapsed = 25.357311248779297 (ms)
[RANK0] F @ 26.97509765625 (ms) to 52.40576171875 (ms), cudaEventElapsed = 25.402368545532227 (ms)
[RANK0] F @ 53.048583984375 (ms) to 80.18212890625 (ms), cudaEventElapsed = 27.11142349243164 (ms)
[RANK0] F @ 80.84814453125 (ms) to 108.987548828125 (ms), cudaEventElapsed = 28.11801528930664 (ms)
[RANK0] F @ 109.652099609375 (ms) to 137.30322265625 (ms), cudaEventElapsed = 27.628543853759766 (ms)
[RANK0] F @ 137.977294921875 (ms) to 165.6123046875 (ms), cudaEventElapsed = 27.612159729003906 (ms)
[RANK0] F @ 166.283203125 (ms) to 193.82275390625 (ms), cudaEventElapsed = 27.51692771911621 (ms)
[RANK0] B @ 294.475830078125 (ms) to 327.7158203125 (ms), cudaEventElapsed = 33.21651077270508 (ms)
[RANK0] F @ 327.9140625 (ms) to 353.335205078125 (ms), cudaEventElapsed = 25.399295806884766 (ms)
[RANK0] B @ 378.73828125 (ms) to 412.390625 (ms), cudaEventElapsed = 33.62611389160156 (ms)
[RANK0] F @ 412.634765625 (ms) to 438.4990234375 (ms), cudaEventElapsed = 25.836544036865234 (ms)
[RANK0] B @ 463.877685546875 (ms) to 497.476318359375 (ms), cudaEventElapsed = 33.567745208740234 (ms)
[RANK0] F @ 497.743896484375 (ms) to 524.55078125 (ms), cudaEventElapsed = 26.780672073364258 (ms)
[RANK0] B @ 548.423095703125 (ms) to 582.181396484375 (ms), cudaEventElapsed = 33.734657287597656 (ms)
[RANK0] F @ 582.389892578125 (ms) to 609.033203125 (ms), cudaEventElapsed = 26.619903564453125 (ms)
[RANK0] B @ 629.322021484375 (ms) to 663.294189453125 (ms), cudaEventElapsed = 33.9496955871582 (ms)
[RANK0] F @ 663.511474609375 (ms) to 689.941650390625 (ms), cudaEventElapsed = 26.402816772460938 (ms)
[RANK0] B @ 712.810791015625 (ms) to 746.557373046875 (ms), cudaEventElapsed = 33.723392486572266 (ms)
[RANK0] W @ 746.8486328125 (ms) to 762.606201171875 (ms), cudaEventElapsed = 15.735808372497559 (ms)
[RANK0] B @ 796.903564453125 (ms) to 830.248291015625 (ms), cudaEventElapsed = 33.321983337402344 (ms)
[RANK0] W @ 830.5439453125 (ms) to 845.79833984375 (ms), cudaEventElapsed = 15.232000350952148 (ms)
[RANK0] B @ 907.80810546875 (ms) to 940.887939453125 (ms), cudaEventElapsed = 33.058815002441406 (ms)
[RANK0] W @ 941.181640625 (ms) to 956.07177734375 (ms), cudaEventElapsed = 14.866432189941406 (ms)
[RANK0] B @ 977.262939453125 (ms) to 1011.298828125 (ms), cudaEventElapsed = 34.01523208618164 (ms)
[RANK0] W @ 1011.6025390625 (ms) to 1027.081787109375 (ms), cudaEventElapsed = 15.457280158996582 (ms)
[RANK0] B @ 1056.326416015625 (ms) to 1089.746337890625 (ms), cudaEventElapsed = 33.40083312988281 (ms)
[RANK0] W @ 1090.029052734375 (ms) to 1105.31298828125 (ms), cudaEventElapsed = 15.262720108032227 (ms)
[RANK0] B @ 1128.787353515625 (ms) to 1162.4541015625 (ms), cudaEventElapsed = 33.64659118652344 (ms)
[RANK0] W @ 1163.260498046875 (ms) to 1179.399658203125 (ms), cudaEventElapsed = 16.115711212158203 (ms)
[RANK0] B @ 1203.3955078125 (ms) to 1237.2109375 (ms), cudaEventElapsed = 33.79507064819336 (ms)
[RANK0] 6W @ 1237.972412109375 (ms) to 1352.330078125 (ms), cudaEventElapsed = 114.32959747314453 (ms)
[RANK0] Iteration 4
[RANK0] F @ 0.764404296875 (ms) to 26.029296875 (ms), cudaEventElapsed = 25.240575790405273 (ms)
[RANK0] F @ 26.7158203125 (ms) to 51.97216796875 (ms), cudaEventElapsed = 25.232383728027344 (ms)
[RANK0] F @ 52.64990234375 (ms) to 79.231201171875 (ms), cudaEventElapsed = 26.55846405029297 (ms)
[RANK0] F @ 79.89013671875 (ms) to 107.841796875 (ms), cudaEventElapsed = 27.92959976196289 (ms)
[RANK0] F @ 108.521484375 (ms) to 136.256591796875 (ms), cudaEventElapsed = 27.703296661376953 (ms)
[RANK0] F @ 136.921875 (ms) to 164.66943359375 (ms), cudaEventElapsed = 27.72480010986328 (ms)
[RANK0] F @ 165.349853515625 (ms) to 192.988037109375 (ms), cudaEventElapsed = 27.612159729003906 (ms)
[RANK0] B @ 285.4296875 (ms) to 318.626220703125 (ms), cudaEventElapsed = 33.17145538330078 (ms)
[RANK0] F @ 318.85791015625 (ms) to 345.162109375 (ms), cudaEventElapsed = 26.27788734436035 (ms)
[RANK0] B @ 371.493896484375 (ms) to 405.282958984375 (ms), cudaEventElapsed = 33.763328552246094 (ms)
[RANK0] F @ 405.537841796875 (ms) to 431.952392578125 (ms), cudaEventElapsed = 26.3874568939209 (ms)
[RANK0] B @ 455.933837890625 (ms) to 489.853515625 (ms), cudaEventElapsed = 33.89235305786133 (ms)
[RANK0] F @ 490.102783203125 (ms) to 515.787841796875 (ms), cudaEventElapsed = 25.658367156982422 (ms)
[RANK0] B @ 539.95654296875 (ms) to 573.5791015625 (ms), cudaEventElapsed = 33.5994873046875 (ms)
[RANK0] F @ 573.786865234375 (ms) to 600.240478515625 (ms), cudaEventElapsed = 26.429439544677734 (ms)
[RANK0] B @ 621.619140625 (ms) to 655.46044921875 (ms), cudaEventElapsed = 33.81862258911133 (ms)
[RANK0] F @ 655.677734375 (ms) to 682.216064453125 (ms), cudaEventElapsed = 26.514432907104492 (ms)
[RANK0] B @ 706.278564453125 (ms) to 739.982177734375 (ms), cudaEventElapsed = 33.679359436035156 (ms)
[RANK0] W @ 740.277587890625 (ms) to 756.054443359375 (ms), cudaEventElapsed = 15.754240036010742 (ms)
[RANK0] B @ 789.628173828125 (ms) to 823.123779296875 (ms), cudaEventElapsed = 33.472511291503906 (ms)
[RANK0] W @ 823.439697265625 (ms) to 838.88232421875 (ms), cudaEventElapsed = 15.419391632080078 (ms)
[RANK0] B @ 901.60009765625 (ms) to 934.857177734375 (ms), cudaEventElapsed = 33.2308464050293 (ms)
[RANK0] W @ 935.188720703125 (ms) to 950.427978515625 (ms), cudaEventElapsed = 15.211520195007324 (ms)
[RANK0] B @ 968.51513671875 (ms) to 1002.705078125 (ms), cudaEventElapsed = 34.16678237915039 (ms)
[RANK0] W @ 1003.021728515625 (ms) to 1018.9609375 (ms), cudaEventElapsed = 15.916031837463379 (ms)
[RANK0] B @ 1048.890625 (ms) to 1082.470458984375 (ms), cudaEventElapsed = 33.558528900146484 (ms)
[RANK0] W @ 1082.77685546875 (ms) to 1098.392578125 (ms), cudaEventElapsed = 15.592448234558105 (ms)
[RANK0] B @ 1121.87451171875 (ms) to 1155.793701171875 (ms), cudaEventElapsed = 33.89952087402344 (ms)
[RANK0] W @ 1156.832275390625 (ms) to 1173.228271484375 (ms), cudaEventElapsed = 16.37273597717285 (ms)
[RANK0] B @ 1197.737548828125 (ms) to 1231.7666015625 (ms), cudaEventElapsed = 34.00908660888672 (ms)
[RANK0] 6W @ 1232.534423828125 (ms) to 1345.301513671875 (ms), cudaEventElapsed = 112.74034881591797 (ms)
[RANK0] Iteration 5
[RANK0] F @ 0.952392578125 (ms) to 25.616943359375 (ms), cudaEventElapsed = 24.640512466430664 (ms)
[RANK0] F @ 26.271240234375 (ms) to 51.9208984375 (ms), cudaEventElapsed = 25.628671646118164 (ms)
[RANK0] F @ 52.603759765625 (ms) to 79.91748046875 (ms), cudaEventElapsed = 27.290624618530273 (ms)
[RANK0] F @ 80.59912109375 (ms) to 108.604736328125 (ms), cudaEventElapsed = 27.983871459960938 (ms)
[RANK0] F @ 109.273681640625 (ms) to 137.251953125 (ms), cudaEventElapsed = 27.95622444152832 (ms)
[RANK0] F @ 138.331787109375 (ms) to 165.762451171875 (ms), cudaEventElapsed = 27.406335830688477 (ms)
[RANK0] F @ 166.437255859375 (ms) to 194.002197265625 (ms), cudaEventElapsed = 27.53945541381836 (ms)
[RANK0] B @ 479.3544921875 (ms) to 512.693603515625 (ms), cudaEventElapsed = 33.309696197509766 (ms)
[RANK0] F @ 512.92626953125 (ms) to 538.51953125 (ms), cudaEventElapsed = 25.56928062438965 (ms)
[RANK0] B @ 568.42919921875 (ms) to 601.9208984375 (ms), cudaEventElapsed = 33.46432113647461 (ms)
[RANK0] F @ 602.134765625 (ms) to 628.867919921875 (ms), cudaEventElapsed = 26.71001625061035 (ms)
[RANK0] B @ 650.650390625 (ms) to 684.27197265625 (ms), cudaEventElapsed = 33.59846496582031 (ms)
[RANK0] F @ 684.49853515625 (ms) to 711.116455078125 (ms), cudaEventElapsed = 26.595327377319336 (ms)
[RANK0] B @ 837.837890625 (ms) to 871.067138671875 (ms), cudaEventElapsed = 33.20217514038086 (ms)
[RANK0] F @ 871.281982421875 (ms) to 896.959228515625 (ms), cudaEventElapsed = 25.650175094604492 (ms)
[RANK0] B @ 927.71533203125 (ms) to 961.1962890625 (ms), cudaEventElapsed = 33.45612716674805 (ms)
[RANK0] F @ 961.4189453125 (ms) to 988.20654296875 (ms), cudaEventElapsed = 26.7642879486084 (ms)
[RANK0] B @ 1013.584228515625 (ms) to 1047.095703125 (ms), cudaEventElapsed = 33.488895416259766 (ms)
[RANK0] W @ 1047.3876953125 (ms) to 1062.699951171875 (ms), cudaEventElapsed = 15.279104232788086 (ms)
[RANK0] B @ 1195.748046875 (ms) to 1228.944091796875 (ms), cudaEventElapsed = 33.170433044433594 (ms)
[RANK0] W @ 1229.27734375 (ms) to 1244.114990234375 (ms), cudaEventElapsed = 14.814208030700684 (ms)
[RANK0] B @ 1311.403076171875 (ms) to 1344.4775390625 (ms), cudaEventElapsed = 33.05267333984375 (ms)
[RANK0] W @ 1344.7998046875 (ms) to 1359.951416015625 (ms), cudaEventElapsed = 15.128576278686523 (ms)
[RANK0] B @ 1379.810791015625 (ms) to 1414.19775390625 (ms), cudaEventElapsed = 34.36441421508789 (ms)
[RANK0] W @ 1414.513916015625 (ms) to 1430.80078125 (ms), cudaEventElapsed = 16.263168334960938 (ms)
[RANK0] B @ 1553.7275390625 (ms) to 1586.848388671875 (ms), cudaEventElapsed = 33.095680236816406 (ms)
[RANK0] W @ 1587.185791015625 (ms) to 1602.043701171875 (ms), cudaEventElapsed = 14.833663940429688 (ms)
[RANK0] B @ 1641.476806640625 (ms) to 1674.91845703125 (ms), cudaEventElapsed = 33.4202880859375 (ms)
[RANK0] W @ 1675.233154296875 (ms) to 1690.8857421875 (ms), cudaEventElapsed = 15.629311561584473 (ms)
[RANK0] B @ 1730.166748046875 (ms) to 1763.3779296875 (ms), cudaEventElapsed = 33.185791015625 (ms)
[RANK0] 6W @ 1764.6953125 (ms) to 1879.8828125 (ms), cudaEventElapsed = 115.16313934326172 (ms)
[RANK0] Iteration 6
[RANK0] F @ 0.46044921875 (ms) to 26.20361328125 (ms), cudaEventElapsed = 25.71878433227539 (ms)
[RANK0] F @ 27.05322265625 (ms) to 52.389404296875 (ms), cudaEventElapsed = 25.30201530456543 (ms)
[RANK0] F @ 53.184326171875 (ms) to 80.89990234375 (ms), cudaEventElapsed = 27.687936782836914 (ms)
[RANK0] F @ 81.576171875 (ms) to 109.37744140625 (ms), cudaEventElapsed = 27.77190399169922 (ms)
[RANK0] F @ 110.04248046875 (ms) to 137.74853515625 (ms), cudaEventElapsed = 27.681791305541992 (ms)
[RANK0] F @ 138.4248046875 (ms) to 166.29541015625 (ms), cudaEventElapsed = 27.847679138183594 (ms)
[RANK0] F @ 166.9658203125 (ms) to 194.482421875 (ms), cudaEventElapsed = 27.494400024414062 (ms)
[RANK0] B @ 478.321533203125 (ms) to 511.59912109375 (ms), cudaEventElapsed = 33.24620819091797 (ms)
[RANK0] F @ 511.855712890625 (ms) to 537.964599609375 (ms), cudaEventElapsed = 26.08025550842285 (ms)
[RANK0] B @ 565.44482421875 (ms) to 598.96875 (ms), cudaEventElapsed = 33.498111724853516 (ms)
[RANK0] F @ 599.21044921875 (ms) to 625.26171875 (ms), cudaEventElapsed = 26.025983810424805 (ms)
[RANK0] B @ 652.45751953125 (ms) to 686.26513671875 (ms), cudaEventElapsed = 33.78278350830078 (ms)
[RANK0] F @ 686.5068359375 (ms) to 712.320068359375 (ms), cudaEventElapsed = 25.789440155029297 (ms)
[RANK0] B @ 834.942626953125 (ms) to 868.125732421875 (ms), cudaEventElapsed = 33.15302276611328 (ms)
[RANK0] F @ 868.38232421875 (ms) to 893.857177734375 (ms), cudaEventElapsed = 25.449472427368164 (ms)
[RANK0] B @ 926.89599609375 (ms) to 960.27880859375 (ms), cudaEventElapsed = 33.355777740478516 (ms)
[RANK0] F @ 960.52294921875 (ms) to 986.56005859375 (ms), cudaEventElapsed = 26.011648178100586 (ms)
[RANK0] B @ 1013.71435546875 (ms) to 1047.281982421875 (ms), cudaEventElapsed = 33.54111862182617 (ms)
[RANK0] W @ 1047.78466796875 (ms) to 1063.228271484375 (ms), cudaEventElapsed = 15.408127784729004 (ms)
[RANK0] B @ 1192.52880859375 (ms) to 1225.716064453125 (ms), cudaEventElapsed = 33.16223907470703 (ms)
[RANK0] W @ 1226.04296875 (ms) to 1241.223388671875 (ms), cudaEventElapsed = 15.157247543334961 (ms)
[RANK0] B @ 1314.483154296875 (ms) to 1347.6259765625 (ms), cudaEventElapsed = 33.121280670166016 (ms)
[RANK0] W @ 1347.9375 (ms) to 1363.076904296875 (ms), cudaEventElapsed = 15.11731243133545 (ms)
[RANK0] B @ 1379.773193359375 (ms) to 1413.812744140625 (ms), cudaEventElapsed = 34.01830291748047 (ms)
[RANK0] W @ 1414.110595703125 (ms) to 1430.5595703125 (ms), cudaEventElapsed = 16.425983428955078 (ms)
[RANK0] B @ 1547.185546875 (ms) to 1580.375732421875 (ms), cudaEventElapsed = 33.16633605957031 (ms)
[RANK0] W @ 1580.696533203125 (ms) to 1595.705078125 (ms), cudaEventElapsed = 14.98624038696289 (ms)
[RANK0] B @ 1639.417236328125 (ms) to 1672.720947265625 (ms), cudaEventElapsed = 33.282047271728516 (ms)
[RANK0] W @ 1673.63232421875 (ms) to 1689.222900390625 (ms), cudaEventElapsed = 15.566847801208496 (ms)
[RANK0] B @ 1729.759765625 (ms) to 1763.20703125 (ms), cudaEventElapsed = 33.42745590209961 (ms)
[RANK0] 6W @ 1764.009033203125 (ms) to 1878.076416015625 (ms), cudaEventElapsed = 114.03878021240234 (ms)
[RANK0] Iteration 7
[RANK0] F @ 0.490234375 (ms) to 26.30615234375 (ms), cudaEventElapsed = 25.788415908813477 (ms)
[RANK0] F @ 27.013671875 (ms) to 52.939697265625 (ms), cudaEventElapsed = 25.903104782104492 (ms)
[RANK0] F @ 53.624267578125 (ms) to 80.72607421875 (ms), cudaEventElapsed = 27.079679489135742 (ms)
[RANK0] F @ 81.421875 (ms) to 108.727294921875 (ms), cudaEventElapsed = 27.283456802368164 (ms)
[RANK0] F @ 109.39697265625 (ms) to 137.22265625 (ms), cudaEventElapsed = 27.802623748779297 (ms)
[RANK0] F @ 137.900390625 (ms) to 165.415771484375 (ms), cudaEventElapsed = 27.494400024414062 (ms)
[RANK0] F @ 166.093505859375 (ms) to 193.88330078125 (ms), cudaEventElapsed = 27.76678466796875 (ms)
[RANK0] B @ 479.988037109375 (ms) to 513.3173828125 (ms), cudaEventElapsed = 33.303550720214844 (ms)
[RANK0] F @ 513.5556640625 (ms) to 539.53759765625 (ms), cudaEventElapsed = 25.95737648010254 (ms)
[RANK0] B @ 570.548828125 (ms) to 603.998046875 (ms), cudaEventElapsed = 33.42643356323242 (ms)
[RANK0] F @ 604.2060546875 (ms) to 630.456298828125 (ms), cudaEventElapsed = 26.227712631225586 (ms)
[RANK0] B @ 653.6865234375 (ms) to 687.314453125 (ms), cudaEventElapsed = 33.60563278198242 (ms)
[RANK0] F @ 687.52587890625 (ms) to 713.967041015625 (ms), cudaEventElapsed = 26.417152404785156 (ms)
[RANK0] B @ 835.431640625 (ms) to 868.5673828125 (ms), cudaEventElapsed = 33.102848052978516 (ms)
[RANK0] F @ 868.774658203125 (ms) to 894.645263671875 (ms), cudaEventElapsed = 25.848831176757812 (ms)
[RANK0] B @ 927.6328125 (ms) to 961.044921875 (ms), cudaEventElapsed = 33.38751983642578 (ms)
[RANK0] F @ 961.267333984375 (ms) to 986.60986328125 (ms), cudaEventElapsed = 25.31942367553711 (ms)
[RANK0] B @ 1014.5751953125 (ms) to 1047.93994140625 (ms), cudaEventElapsed = 33.34143829345703 (ms)
[RANK0] W @ 1048.24658203125 (ms) to 1063.8525390625 (ms), cudaEventElapsed = 15.582207679748535 (ms)
[RANK0] B @ 1192.842041015625 (ms) to 1226.01611328125 (ms), cudaEventElapsed = 33.148929595947266 (ms)
[RANK0] W @ 1226.345458984375 (ms) to 1241.455322265625 (ms), cudaEventElapsed = 15.086591720581055 (ms)
[RANK0] B @ 1311.570068359375 (ms) to 1344.794677734375 (ms), cudaEventElapsed = 33.19910430908203 (ms)
[RANK0] W @ 1345.105712890625 (ms) to 1360.428955078125 (ms), cudaEventElapsed = 15.301631927490234 (ms)
[RANK0] B @ 1381.40869140625 (ms) to 1415.608154296875 (ms), cudaEventElapsed = 34.17804718017578 (ms)
[RANK0] W @ 1415.900634765625 (ms) to 1432.083984375 (ms), cudaEventElapsed = 16.161792755126953 (ms)
[RANK0] B @ 1547.558837890625 (ms) to 1580.77978515625 (ms), cudaEventElapsed = 33.19705581665039 (ms)
[RANK0] W @ 1581.12158203125 (ms) to 1596.066650390625 (ms), cudaEventElapsed = 14.922752380371094 (ms)
[RANK0] B @ 1641.507568359375 (ms) to 1674.777587890625 (ms), cudaEventElapsed = 33.2492790222168 (ms)
[RANK0] W @ 1675.841064453125 (ms) to 1691.148193359375 (ms), cudaEventElapsed = 15.28217601776123 (ms)
[RANK0] B @ 1732.33349609375 (ms) to 1765.5439453125 (ms), cudaEventElapsed = 33.18988800048828 (ms)
[RANK0] 6W @ 1766.333740234375 (ms) to 1880.96337890625 (ms), cudaEventElapsed = 114.60505676269531 (ms)
[RANK0] Iteration 8
[RANK0] F @ 0.47509765625 (ms) to 25.890380859375 (ms), cudaEventElapsed = 25.391103744506836 (ms)
[RANK0] F @ 26.57568359375 (ms) to 51.7158203125 (ms), cudaEventElapsed = 25.11974334716797 (ms)
[RANK0] F @ 52.375732421875 (ms) to 79.922119140625 (ms), cudaEventElapsed = 27.5230712890625 (ms)
[RANK0] F @ 80.589111328125 (ms) to 108.850341796875 (ms), cudaEventElapsed = 28.238847732543945 (ms)
[RANK0] F @ 109.505615234375 (ms) to 137.210693359375 (ms), cudaEventElapsed = 27.681791305541992 (ms)
[RANK0] F @ 137.8818359375 (ms) to 165.722412109375 (ms), cudaEventElapsed = 27.819007873535156 (ms)
[RANK0] F @ 166.391357421875 (ms) to 194.0166015625 (ms), cudaEventElapsed = 27.603967666625977 (ms)
[RANK0] B @ 479.09716796875 (ms) to 512.3056640625 (ms), cudaEventElapsed = 33.18067169189453 (ms)
[RANK0] F @ 512.525390625 (ms) to 538.57861328125 (ms), cudaEventElapsed = 26.031103134155273 (ms)
[RANK0] B @ 567.4599609375 (ms) to 601.001220703125 (ms), cudaEventElapsed = 33.5175666809082 (ms)
[RANK0] F @ 601.20068359375 (ms) to 627.458251953125 (ms), cudaEventElapsed = 26.233856201171875 (ms)
[RANK0] B @ 652.2314453125 (ms) to 686.0380859375 (ms), cudaEventElapsed = 33.783809661865234 (ms)
[RANK0] F @ 686.233154296875 (ms) to 712.092529296875 (ms), cudaEventElapsed = 25.834495544433594 (ms)
[RANK0] B @ 832.5810546875 (ms) to 865.764404296875 (ms), cudaEventElapsed = 33.16019058227539 (ms)
[RANK0] F @ 865.959716796875 (ms) to 891.5078125 (ms), cudaEventElapsed = 25.5283203125 (ms)
[RANK0] B @ 925.528564453125 (ms) to 958.88232421875 (ms), cudaEventElapsed = 33.331199645996094 (ms)
[RANK0] F @ 959.069091796875 (ms) to 984.924072265625 (ms), cudaEventElapsed = 25.830400466918945 (ms)
[RANK0] B @ 1012.5419921875 (ms) to 1046.125 (ms), cudaEventElapsed = 33.56159973144531 (ms)
[RANK0] W @ 1046.41064453125 (ms) to 1061.87060546875 (ms), cudaEventElapsed = 15.438847541809082 (ms)
[RANK0] B @ 1187.97607421875 (ms) to 1221.160888671875 (ms), cudaEventElapsed = 33.16019058227539 (ms)
[RANK0] W @ 1221.44921875 (ms) to 1236.32421875 (ms), cudaEventElapsed = 14.849023818969727 (ms)
[RANK0] B @ 1312.142578125 (ms) to 1345.339111328125 (ms), cudaEventElapsed = 33.17555236816406 (ms)
[RANK0] W @ 1345.631591796875 (ms) to 1360.8212890625 (ms), cudaEventElapsed = 15.167488098144531 (ms)
[RANK0] B @ 1380.584228515625 (ms) to 1414.588623046875 (ms), cudaEventElapsed = 33.98451232910156 (ms)
[RANK0] W @ 1414.86669921875 (ms) to 1430.9541015625 (ms), cudaEventElapsed = 16.067583084106445 (ms)
[RANK0] B @ 1543.986328125 (ms) to 1577.1025390625 (ms), cudaEventElapsed = 33.09465789794922 (ms)
[RANK0] W @ 1577.408203125 (ms) to 1592.42041015625 (ms), cudaEventElapsed = 14.99135971069336 (ms)
[RANK0] B @ 1638.80126953125 (ms) to 1672.09619140625 (ms), cudaEventElapsed = 33.272830963134766 (ms)
[RANK0] W @ 1672.981689453125 (ms) to 1688.370849609375 (ms), cudaEventElapsed = 15.366144180297852 (ms)
[RANK0] B @ 1731.71923828125 (ms) to 1765.038330078125 (ms), cudaEventElapsed = 33.300479888916016 (ms)
[RANK0] 6W @ 1765.82861328125 (ms) to 1879.21484375 (ms), cudaEventElapsed = 113.36396789550781 (ms)
[RANK0] Iteration 9
[RANK0] F @ 0.8173828125 (ms) to 25.652587890625 (ms), cudaEventElapsed = 24.808448791503906 (ms)
[RANK0] F @ 26.3125 (ms) to 51.820068359375 (ms), cudaEventElapsed = 25.48428726196289 (ms)
[RANK0] F @ 52.483642578125 (ms) to 79.83251953125 (ms), cudaEventElapsed = 27.32748794555664 (ms)
[RANK0] F @ 80.491943359375 (ms) to 108.1484375 (ms), cudaEventElapsed = 27.635711669921875 (ms)
[RANK0] F @ 108.806396484375 (ms) to 136.772705078125 (ms), cudaEventElapsed = 27.94495964050293 (ms)
[RANK0] F @ 137.431640625 (ms) to 165.25927734375 (ms), cudaEventElapsed = 27.805696487426758 (ms)
[RANK0] F @ 165.909423828125 (ms) to 193.822021484375 (ms), cudaEventElapsed = 27.890687942504883 (ms)
[RANK0] B @ 482.471435546875 (ms) to 515.723876953125 (ms), cudaEventElapsed = 33.22880172729492 (ms)
[RANK0] F @ 515.926025390625 (ms) to 541.690673828125 (ms), cudaEventElapsed = 25.74336051940918 (ms)
[RANK0] B @ 570.8017578125 (ms) to 604.29931640625 (ms), cudaEventElapsed = 33.475582122802734 (ms)
[RANK0] F @ 604.511474609375 (ms) to 630.6865234375 (ms), cudaEventElapsed = 26.151935577392578 (ms)
[RANK0] B @ 652.679443359375 (ms) to 686.34521484375 (ms), cudaEventElapsed = 33.64352035522461 (ms)
[RANK0] F @ 686.5478515625 (ms) to 712.775634765625 (ms), cudaEventElapsed = 26.206207275390625 (ms)
[RANK0] B @ 837.7421875 (ms) to 870.897705078125 (ms), cudaEventElapsed = 33.13151931762695 (ms)
[RANK0] F @ 871.10791015625 (ms) to 897.035400390625 (ms), cudaEventElapsed = 25.9051513671875 (ms)
[RANK0] B @ 932.08056640625 (ms) to 965.47021484375 (ms), cudaEventElapsed = 33.36601638793945 (ms)
[RANK0] F @ 965.683349609375 (ms) to 991.90625 (ms), cudaEventElapsed = 26.200063705444336 (ms)
[RANK0] B @ 1016.22509765625 (ms) to 1049.720947265625 (ms), cudaEventElapsed = 33.47353744506836 (ms)
[RANK0] W @ 1050.016357421875 (ms) to 1065.1787109375 (ms), cudaEventElapsed = 15.134719848632812 (ms)
[RANK0] B @ 1194.610595703125 (ms) to 1227.766357421875 (ms), cudaEventElapsed = 33.133567810058594 (ms)
[RANK0] W @ 1228.106201171875 (ms) to 1242.997802734375 (ms), cudaEventElapsed = 14.86847972869873 (ms)
[RANK0] B @ 1308.17431640625 (ms) to 1341.33447265625 (ms), cudaEventElapsed = 33.13663864135742 (ms)
[RANK0] W @ 1341.631591796875 (ms) to 1356.674560546875 (ms), cudaEventElapsed = 15.022080421447754 (ms)
[RANK0] B @ 1380.536376953125 (ms) to 1414.297607421875 (ms), cudaEventElapsed = 33.739776611328125 (ms)
[RANK0] W @ 1414.5927734375 (ms) to 1430.73046875 (ms), cudaEventElapsed = 16.114688873291016 (ms)
[RANK0] B @ 1550.212646484375 (ms) to 1583.31298828125 (ms), cudaEventElapsed = 33.077247619628906 (ms)
[RANK0] W @ 1583.6337890625 (ms) to 1598.739990234375 (ms), cudaEventElapsed = 15.08454418182373 (ms)
[RANK0] B @ 1642.329345703125 (ms) to 1675.635009765625 (ms), cudaEventElapsed = 33.285118103027344 (ms)
[RANK0] W @ 1676.557373046875 (ms) to 1692.076416015625 (ms), cudaEventElapsed = 15.49516773223877 (ms)
[RANK0] B @ 1733.588134765625 (ms) to 1766.72412109375 (ms), cudaEventElapsed = 33.115135192871094 (ms)
[RANK0] 6W @ 1767.522216796875 (ms) to 1882.40576171875 (ms), cudaEventElapsed = 114.8590087890625 (ms)
