[RANK1] Iteration 1
[RANK1] F @ 83.77197265625 (ms) to 115.973388671875 (ms), cudaEventElapsed = 32.134559631347656 (ms)
[RANK1] F @ 170.94970703125 (ms) to 202.56494140625 (ms), cudaEventElapsed = 31.55878448486328 (ms)
[RANK1] F @ 203.04345703125 (ms) to 237.947021484375 (ms), cudaEventElapsed = 34.853153228759766 (ms)
[RANK1] F @ 238.3125 (ms) to 514.1630859375 (ms), cudaEventElapsed = 275.8125 (ms)
[RANK1] F @ 517.436767578125 (ms) to 555.409423828125 (ms), cudaEventElapsed = 37.921119689941406 (ms)
[RANK1] B @ 567.90869140625 (ms) to 610.347412109375 (ms), cudaEventElapsed = 42.399776458740234 (ms)
[RANK1] F @ 613.646484375 (ms) to 646.27001953125 (ms), cudaEventElapsed = 32.58816146850586 (ms)
[RANK1] B @ 646.584228515625 (ms) to 690.494873046875 (ms), cudaEventElapsed = 43.87171173095703 (ms)
[RANK1] F @ 691.901611328125 (ms) to 726.4423828125 (ms), cudaEventElapsed = 34.50320053100586 (ms)
[RANK1] B @ 726.7568359375 (ms) to 770.81982421875 (ms), cudaEventElapsed = 44.027809143066406 (ms)
[RANK1] F @ 771.151123046875 (ms) to 805.66357421875 (ms), cudaEventElapsed = 34.47792053222656 (ms)
[RANK1] B @ 806.43115234375 (ms) to 850.607666015625 (ms), cudaEventElapsed = 44.133216857910156 (ms)
[RANK1] W @ 850.835205078125 (ms) to 872.554443359375 (ms), cudaEventElapsed = 21.68832015991211 (ms)
[RANK1] F @ 872.680419921875 (ms) to 906.412841796875 (ms), cudaEventElapsed = 33.70265579223633 (ms)
[RANK1] B @ 907.53515625 (ms) to 952.936767578125 (ms), cudaEventElapsed = 45.36598587036133 (ms)
[RANK1] B @ 1139.1474609375 (ms) to 1178.039306640625 (ms), cudaEventElapsed = 38.84726333618164 (ms)
[RANK1] W @ 1178.204833984375 (ms) to 1197.111083984375 (ms), cudaEventElapsed = 18.8723201751709 (ms)
[RANK1] F @ 1197.379150390625 (ms) to 1231.937744140625 (ms), cudaEventElapsed = 34.52937698364258 (ms)
[RANK1] B @ 1241.23046875 (ms) to 1285.625244140625 (ms), cudaEventElapsed = 44.35529708862305 (ms)
[RANK1] B @ 1286.9921875 (ms) to 1328.465087890625 (ms), cudaEventElapsed = 41.436702728271484 (ms)
[RANK1] W @ 1328.609375 (ms) to 1348.776611328125 (ms), cudaEventElapsed = 20.133888244628906 (ms)
[RANK1] F @ 1349.03271484375 (ms) to 1383.716796875 (ms), cudaEventElapsed = 34.654815673828125 (ms)
[RANK1] B @ 1384.0029296875 (ms) to 1429.205078125 (ms), cudaEventElapsed = 45.16716766357422 (ms)
[RANK1] W @ 1429.423828125 (ms) to 1451.969482421875 (ms), cudaEventElapsed = 21.401599884033203 (ms)
[RANK1] F @ 1452.23583984375 (ms) to 1486.490234375 (ms), cudaEventElapsed = 34.21660614013672 (ms)
[RANK1] B @ 1486.77783203125 (ms) to 1530.565673828125 (ms), cudaEventElapsed = 43.75392150878906 (ms)
[RANK1] W @ 1530.69970703125 (ms) to 1551.896240234375 (ms), cudaEventElapsed = 21.158912658691406 (ms)
[RANK1] W @ 1552.037109375 (ms) to 1573.487548828125 (ms), cudaEventElapsed = 21.42310333251953 (ms)
[RANK1] B @ 1588.683837890625 (ms) to 1629.283203125 (ms), cudaEventElapsed = 40.5682258605957 (ms)
[RANK1] W @ 1629.4111328125 (ms) to 1648.821533203125 (ms), cudaEventElapsed = 19.378175735473633 (ms)
[RANK1] W @ 1648.960205078125 (ms) to 1669.97265625 (ms), cudaEventElapsed = 20.984832763671875 (ms)
[RANK1] B @ 1674.5380859375 (ms) to 1716.17822265625 (ms), cudaEventElapsed = 41.607200622558594 (ms)
[RANK1] 4W @ 1716.317138671875 (ms) to 1799.13427734375 (ms), cudaEventElapsed = 82.78425598144531 (ms)
[RANK1] Iteration 2
[RANK1] F @ 29.98486328125 (ms) to 61.948486328125 (ms), cudaEventElapsed = 31.91651153564453 (ms)
[RANK1] F @ 62.388427734375 (ms) to 96.532470703125 (ms), cudaEventElapsed = 34.1082878112793 (ms)
[RANK1] F @ 96.950439453125 (ms) to 133.34716796875 (ms), cudaEventElapsed = 36.361759185791016 (ms)
[RANK1] F @ 133.7021484375 (ms) to 169.7734375 (ms), cudaEventElapsed = 36.03721618652344 (ms)
[RANK1] F @ 171.596435546875 (ms) to 207.525634765625 (ms), cudaEventElapsed = 35.89164733886719 (ms)
[RANK1] B @ 226.12646484375 (ms) to 267.820068359375 (ms), cudaEventElapsed = 41.64998245239258 (ms)
[RANK1] F @ 268.22265625 (ms) to 301.0986328125 (ms), cudaEventElapsed = 32.84307098388672 (ms)
[RANK1] B @ 304.18359375 (ms) to 347.044189453125 (ms), cudaEventElapsed = 42.82124710083008 (ms)
[RANK1] F @ 348.49560546875 (ms) to 382.41455078125 (ms), cudaEventElapsed = 33.88288116455078 (ms)
[RANK1] B @ 383.6513671875 (ms) to 427.338134765625 (ms), cudaEventElapsed = 43.650943756103516 (ms)
[RANK1] F @ 427.713134765625 (ms) to 461.960205078125 (ms), cudaEventElapsed = 34.21529769897461 (ms)
[RANK1] B @ 463.24365234375 (ms) to 506.985595703125 (ms), cudaEventElapsed = 43.703712463378906 (ms)
[RANK1] W @ 507.2578125 (ms) to 528.796142578125 (ms), cudaEventElapsed = 21.385215759277344 (ms)
[RANK1] F @ 528.967529296875 (ms) to 562.63720703125 (ms), cudaEventElapsed = 33.63836669921875 (ms)
[RANK1] B @ 563.859375 (ms) to 609.093994140625 (ms), cudaEventElapsed = 45.20127868652344 (ms)
[RANK1] B @ 622.440673828125 (ms) to 663.078125 (ms), cudaEventElapsed = 40.6011848449707 (ms)
[RANK1] W @ 663.261962890625 (ms) to 682.72998046875 (ms), cudaEventElapsed = 19.43654441833496 (ms)
[RANK1] F @ 683.051025390625 (ms) to 717.28271484375 (ms), cudaEventElapsed = 34.19731140136719 (ms)
[RANK1] B @ 725.130615234375 (ms) to 769.169189453125 (ms), cudaEventElapsed = 44.00143814086914 (ms)
[RANK1] B @ 770.60498046875 (ms) to 812.086181640625 (ms), cudaEventElapsed = 41.446624755859375 (ms)
[RANK1] W @ 812.26806640625 (ms) to 832.063720703125 (ms), cudaEventElapsed = 19.763200759887695 (ms)
[RANK1] F @ 832.325439453125 (ms) to 866.88671875 (ms), cudaEventElapsed = 34.5296630859375 (ms)
[RANK1] B @ 867.519775390625 (ms) to 912.854736328125 (ms), cudaEventElapsed = 45.30214309692383 (ms)
[RANK1] W @ 913.123046875 (ms) to 935.6875 (ms), cudaEventElapsed = 21.512191772460938 (ms)
[RANK1] F @ 935.976318359375 (ms) to 970.7333984375 (ms), cudaEventElapsed = 34.725311279296875 (ms)
[RANK1] B @ 972.177001953125 (ms) to 1016.410400390625 (ms), cudaEventElapsed = 44.194942474365234 (ms)
[RANK1] W @ 1016.579833984375 (ms) to 1037.716796875 (ms), cudaEventElapsed = 21.100543975830078 (ms)
[RANK1] W @ 1037.896240234375 (ms) to 1059.339111328125 (ms), cudaEventElapsed = 21.412864685058594 (ms)
[RANK1] B @ 1075.52392578125 (ms) to 1115.651123046875 (ms), cudaEventElapsed = 40.09392166137695 (ms)
[RANK1] W @ 1115.821044921875 (ms) to 1135.242431640625 (ms), cudaEventElapsed = 19.386367797851562 (ms)
[RANK1] W @ 1135.4091796875 (ms) to 1156.564208984375 (ms), cudaEventElapsed = 21.126144409179688 (ms)
[RANK1] B @ 1161.532470703125 (ms) to 1203.304931640625 (ms), cudaEventElapsed = 41.73769760131836 (ms)
[RANK1] 4W @ 1203.5283203125 (ms) to 1286.36181640625 (ms), cudaEventElapsed = 82.79347229003906 (ms)
[RANK1] Iteration 3
[RANK1] F @ 29.629150390625 (ms) to 61.549072265625 (ms), cudaEventElapsed = 31.87993621826172 (ms)
[RANK1] F @ 61.982177734375 (ms) to 96.34912109375 (ms), cudaEventElapsed = 34.333377838134766 (ms)
[RANK1] F @ 96.775634765625 (ms) to 133.136962890625 (ms), cudaEventElapsed = 36.32806396484375 (ms)
[RANK1] F @ 133.48583984375 (ms) to 169.55908203125 (ms), cudaEventElapsed = 36.0401611328125 (ms)
[RANK1] F @ 171.314453125 (ms) to 207.109619140625 (ms), cudaEventElapsed = 35.758399963378906 (ms)
[RANK1] B @ 225.549072265625 (ms) to 267.111572265625 (ms), cudaEventElapsed = 41.52143859863281 (ms)
[RANK1] F @ 267.505126953125 (ms) to 300.956298828125 (ms), cudaEventElapsed = 33.41856002807617 (ms)
[RANK1] B @ 304.38037109375 (ms) to 347.781982421875 (ms), cudaEventElapsed = 43.36393737792969 (ms)
[RANK1] F @ 349.218994140625 (ms) to 383.21240234375 (ms), cudaEventElapsed = 33.957664489746094 (ms)
[RANK1] B @ 383.869140625 (ms) to 427.783447265625 (ms), cudaEventElapsed = 43.88195037841797 (ms)
[RANK1] F @ 428.14306640625 (ms) to 462.173583984375 (ms), cudaEventElapsed = 33.996639251708984 (ms)
[RANK1] B @ 463.443359375 (ms) to 506.95849609375 (ms), cudaEventElapsed = 43.47859191894531 (ms)
[RANK1] W @ 507.21533203125 (ms) to 528.68505859375 (ms), cudaEventElapsed = 21.329919815063477 (ms)
[RANK1] F @ 528.844970703125 (ms) to 562.568115234375 (ms), cudaEventElapsed = 33.690433502197266 (ms)
[RANK1] B @ 563.82568359375 (ms) to 609.204345703125 (ms), cudaEventElapsed = 45.344417572021484 (ms)
[RANK1] B @ 622.05419921875 (ms) to 662.583984375 (ms), cudaEventElapsed = 40.49398422241211 (ms)
[RANK1] W @ 662.7646484375 (ms) to 682.041748046875 (ms), cudaEventElapsed = 19.24608039855957 (ms)
[RANK1] F @ 682.31591796875 (ms) to 716.214111328125 (ms), cudaEventElapsed = 33.86796951293945 (ms)
[RANK1] B @ 724.072998046875 (ms) to 768.220947265625 (ms), cudaEventElapsed = 44.11360168457031 (ms)
[RANK1] B @ 769.91796875 (ms) to 811.409912109375 (ms), cudaEventElapsed = 41.457889556884766 (ms)
[RANK1] W @ 811.58203125 (ms) to 831.818115234375 (ms), cudaEventElapsed = 20.20044708251953 (ms)
[RANK1] F @ 832.08984375 (ms) to 866.524169921875 (ms), cudaEventElapsed = 34.404544830322266 (ms)
[RANK1] B @ 867.263916015625 (ms) to 912.28173828125 (ms), cudaEventElapsed = 44.985023498535156 (ms)
[RANK1] W @ 912.52978515625 (ms) to 935.391845703125 (ms), cudaEventElapsed = 21.770240783691406 (ms)
[RANK1] F @ 935.66259765625 (ms) to 970.042724609375 (ms), cudaEventElapsed = 34.3469123840332 (ms)
[RANK1] B @ 971.329833984375 (ms) to 1015.424560546875 (ms), cudaEventElapsed = 44.06092834472656 (ms)
[RANK1] W @ 1015.589111328125 (ms) to 1036.681396484375 (ms), cudaEventElapsed = 21.05446434020996 (ms)
[RANK1] W @ 1036.85009765625 (ms) to 1058.290283203125 (ms), cudaEventElapsed = 21.411840438842773 (ms)
[RANK1] B @ 1074.321044921875 (ms) to 1114.486083984375 (ms), cudaEventElapsed = 40.131744384765625 (ms)
[RANK1] W @ 1114.646484375 (ms) to 1134.21630859375 (ms), cudaEventElapsed = 19.533824920654297 (ms)
[RANK1] W @ 1134.389404296875 (ms) to 1155.6796875 (ms), cudaEventElapsed = 21.26131248474121 (ms)
[RANK1] B @ 1160.197021484375 (ms) to 1202.0673828125 (ms), cudaEventElapsed = 41.83891296386719 (ms)
[RANK1] 4W @ 1202.23779296875 (ms) to 1285.19775390625 (ms), cudaEventElapsed = 82.92556762695312 (ms)
[RANK1] Iteration 4
[RANK1] F @ 29.6201171875 (ms) to 61.499267578125 (ms), cudaEventElapsed = 31.84115219116211 (ms)
[RANK1] F @ 61.90234375 (ms) to 96.319580078125 (ms), cudaEventElapsed = 34.38579177856445 (ms)
[RANK1] F @ 96.70556640625 (ms) to 133.092041015625 (ms), cudaEventElapsed = 36.35340881347656 (ms)
[RANK1] F @ 133.398681640625 (ms) to 169.4970703125 (ms), cudaEventElapsed = 36.06537628173828 (ms)
[RANK1] F @ 171.142822265625 (ms) to 207.798828125 (ms), cudaEventElapsed = 36.616798400878906 (ms)
[RANK1] B @ 225.94482421875 (ms) to 267.931396484375 (ms), cudaEventElapsed = 41.94259262084961 (ms)
[RANK1] F @ 268.291259765625 (ms) to 303.870849609375 (ms), cudaEventElapsed = 35.54550552368164 (ms)
[RANK1] B @ 307.87890625 (ms) to 352.93798828125 (ms), cudaEventElapsed = 45.02406311035156 (ms)
[RANK1] F @ 354.392822265625 (ms) to 390.16064453125 (ms), cudaEventElapsed = 35.73110580444336 (ms)
[RANK1] B @ 391.5625 (ms) to 436.306884765625 (ms), cudaEventElapsed = 44.711360931396484 (ms)
[RANK1] F @ 436.6494140625 (ms) to 472.640869140625 (ms), cudaEventElapsed = 35.95747375488281 (ms)
[RANK1] B @ 474.525390625 (ms) to 519.03857421875 (ms), cudaEventElapsed = 44.465087890625 (ms)
[RANK1] W @ 519.28564453125 (ms) to 542.63818359375 (ms), cudaEventElapsed = 23.205888748168945 (ms)
[RANK1] F @ 542.802001953125 (ms) to 580.925537109375 (ms), cudaEventElapsed = 38.09056091308594 (ms)
[RANK1] B @ 582.202880859375 (ms) to 629.91796875 (ms), cudaEventElapsed = 47.68080139160156 (ms)
[RANK1] B @ 640.521240234375 (ms) to 683.18701171875 (ms), cudaEventElapsed = 42.62691116333008 (ms)
[RANK1] W @ 683.358154296875 (ms) to 705.349853515625 (ms), cudaEventElapsed = 21.957632064819336 (ms)
[RANK1] F @ 705.62158203125 (ms) to 745.765625 (ms), cudaEventElapsed = 40.11315155029297 (ms)
[RANK1] B @ 750.731201171875 (ms) to 797.818603515625 (ms), cudaEventElapsed = 47.04751968383789 (ms)
[RANK1] B @ 799.23193359375 (ms) to 843.216064453125 (ms), cudaEventElapsed = 43.947105407714844 (ms)
[RANK1] W @ 843.38671875 (ms) to 866.01416015625 (ms), cudaEventElapsed = 22.588415145874023 (ms)
[RANK1] F @ 866.285400390625 (ms) to 908.484619140625 (ms), cudaEventElapsed = 42.168033599853516 (ms)
[RANK1] B @ 908.792724609375 (ms) to 956.830322265625 (ms), cudaEventElapsed = 48.0015983581543 (ms)
[RANK1] W @ 957.085693359375 (ms) to 981.548828125 (ms), cudaEventElapsed = 23.419904708862305 (ms)
[RANK1] F @ 981.826904296875 (ms) to 1020.44140625 (ms), cudaEventElapsed = 38.58262252807617 (ms)
[RANK1] B @ 1026.910400390625 (ms) to 1072.0244140625 (ms), cudaEventElapsed = 45.07734298706055 (ms)
[RANK1] W @ 1072.18359375 (ms) to 1096.134033203125 (ms), cudaEventElapsed = 23.913471221923828 (ms)
[RANK1] W @ 1096.309814453125 (ms) to 1124.488525390625 (ms), cudaEventElapsed = 28.14873504638672 (ms)
[RANK1] B @ 1137.12060546875 (ms) to 1181.793212890625 (ms), cudaEventElapsed = 44.63999938964844 (ms)
[RANK1] W @ 1181.9453125 (ms) to 1204.5498046875 (ms), cudaEventElapsed = 22.574079513549805 (ms)
[RANK1] W @ 1204.728515625 (ms) to 1231.623046875 (ms), cudaEventElapsed = 26.862592697143555 (ms)
[RANK1] B @ 1235.492919921875 (ms) to 1281.8974609375 (ms), cudaEventElapsed = 46.372798919677734 (ms)
[RANK1] 4W @ 1282.058837890625 (ms) to 1385.65673828125 (ms), cudaEventElapsed = 103.56326293945312 (ms)
[RANK1] Iteration 5
[RANK1] F @ 30.030517578125 (ms) to 61.899169921875 (ms), cudaEventElapsed = 31.827775955200195 (ms)
[RANK1] F @ 62.30712890625 (ms) to 97.13427734375 (ms), cudaEventElapsed = 34.78374481201172 (ms)
[RANK1] F @ 97.567138671875 (ms) to 134.22998046875 (ms), cudaEventElapsed = 36.61996841430664 (ms)
[RANK1] F @ 134.592041015625 (ms) to 170.765380859375 (ms), cudaEventElapsed = 36.13603210449219 (ms)
[RANK1] F @ 173.696533203125 (ms) to 209.02490234375 (ms), cudaEventElapsed = 35.28307342529297 (ms)
[RANK1] B @ 226.796142578125 (ms) to 269.09716796875 (ms), cudaEventElapsed = 42.25843048095703 (ms)
[RANK1] F @ 269.476318359375 (ms) to 305.023193359375 (ms), cudaEventElapsed = 35.51327896118164 (ms)
[RANK1] B @ 308.612060546875 (ms) to 353.686279296875 (ms), cudaEventElapsed = 45.03996658325195 (ms)
[RANK1] F @ 355.146728515625 (ms) to 390.823974609375 (ms), cudaEventElapsed = 35.64019012451172 (ms)
[RANK1] B @ 392.803955078125 (ms) to 437.552490234375 (ms), cudaEventElapsed = 44.70102310180664 (ms)
[RANK1] F @ 437.92626953125 (ms) to 474.048095703125 (ms), cudaEventElapsed = 36.08665466308594 (ms)
[RANK1] B @ 475.57275390625 (ms) to 520.302001953125 (ms), cudaEventElapsed = 44.682464599609375 (ms)
[RANK1] W @ 520.587158203125 (ms) to 544.575927734375 (ms), cudaEventElapsed = 23.801855087280273 (ms)
[RANK1] F @ 544.756591796875 (ms) to 582.786865234375 (ms), cudaEventElapsed = 37.99884796142578 (ms)
[RANK1] B @ 584.144287109375 (ms) to 631.455322265625 (ms), cudaEventElapsed = 47.27702331542969 (ms)
[RANK1] B @ 639.65478515625 (ms) to 682.5556640625 (ms), cudaEventElapsed = 42.8570556640625 (ms)
[RANK1] W @ 682.7421875 (ms) to 705.5068359375 (ms), cudaEventElapsed = 22.73075294494629 (ms)
[RANK1] F @ 705.79638671875 (ms) to 744.8349609375 (ms), cudaEventElapsed = 39.0068473815918 (ms)
[RANK1] B @ 750.445068359375 (ms) to 796.5439453125 (ms), cudaEventElapsed = 46.05984115600586 (ms)
[RANK1] B @ 797.9521484375 (ms) to 841.902099609375 (ms), cudaEventElapsed = 43.90691375732422 (ms)
[RANK1] W @ 842.10302734375 (ms) to 865.04296875 (ms), cudaEventElapsed = 22.90176010131836 (ms)
[RANK1] F @ 865.311279296875 (ms) to 905.904052734375 (ms), cudaEventElapsed = 40.56208038330078 (ms)
[RANK1] B @ 906.2021484375 (ms) to 953.909423828125 (ms), cudaEventElapsed = 47.6759033203125 (ms)
[RANK1] W @ 954.125732421875 (ms) to 978.442626953125 (ms), cudaEventElapsed = 23.207935333251953 (ms)
[RANK1] F @ 978.71484375 (ms) to 1017.720458984375 (ms), cudaEventElapsed = 38.975807189941406 (ms)
[RANK1] B @ 1026.877685546875 (ms) to 1071.2763671875 (ms), cudaEventElapsed = 44.36671829223633 (ms)
[RANK1] W @ 1071.444091796875 (ms) to 1094.47900390625 (ms), cudaEventElapsed = 23.005184173583984 (ms)
[RANK1] W @ 1094.63330078125 (ms) to 1122.247314453125 (ms), cudaEventElapsed = 27.586559295654297 (ms)
[RANK1] B @ 1136.935546875 (ms) to 1181.033447265625 (ms), cudaEventElapsed = 44.06768035888672 (ms)
[RANK1] W @ 1181.17919921875 (ms) to 1203.417724609375 (ms), cudaEventElapsed = 22.210559844970703 (ms)
[RANK1] W @ 1203.56640625 (ms) to 1230.55322265625 (ms), cudaEventElapsed = 26.960895538330078 (ms)
[RANK1] B @ 1235.650390625 (ms) to 1281.618896484375 (ms), cudaEventElapsed = 45.938560485839844 (ms)
[RANK1] 4W @ 1281.778564453125 (ms) to 1385.919677734375 (ms), cudaEventElapsed = 104.10905456542969 (ms)
[RANK1] Iteration 6
[RANK1] F @ 29.809814453125 (ms) to 61.96826171875 (ms), cudaEventElapsed = 32.12223815917969 (ms)
[RANK1] F @ 62.365966796875 (ms) to 96.901123046875 (ms), cudaEventElapsed = 34.503456115722656 (ms)
[RANK1] F @ 97.2861328125 (ms) to 133.693359375 (ms), cudaEventElapsed = 36.376224517822266 (ms)
[RANK1] F @ 134.015625 (ms) to 170.030029296875 (ms), cudaEventElapsed = 35.98262405395508 (ms)
[RANK1] F @ 171.794189453125 (ms) to 207.71826171875 (ms), cudaEventElapsed = 35.8897590637207 (ms)
[RANK1] B @ 227.749267578125 (ms) to 270.01220703125 (ms), cudaEventElapsed = 42.2275505065918 (ms)
[RANK1] F @ 270.36083984375 (ms) to 305.783447265625 (ms), cudaEventElapsed = 35.39139175415039 (ms)
[RANK1] B @ 309.03515625 (ms) to 353.627197265625 (ms), cudaEventElapsed = 44.557823181152344 (ms)
[RANK1] F @ 355.054931640625 (ms) to 390.8134765625 (ms), cudaEventElapsed = 35.72636795043945 (ms)
[RANK1] B @ 391.90966796875 (ms) to 437.253662109375 (ms), cudaEventElapsed = 45.31097412109375 (ms)
[RANK1] F @ 437.6103515625 (ms) to 473.815185546875 (ms), cudaEventElapsed = 36.17465591430664 (ms)
[RANK1] B @ 474.666748046875 (ms) to 519.864990234375 (ms), cudaEventElapsed = 45.164737701416016 (ms)
[RANK1] W @ 520.10302734375 (ms) to 544.3681640625 (ms), cudaEventElapsed = 24.12236785888672 (ms)
[RANK1] F @ 544.525390625 (ms) to 582.174560546875 (ms), cudaEventElapsed = 37.619808197021484 (ms)
[RANK1] B @ 583.481201171875 (ms) to 630.878662109375 (ms), cudaEventElapsed = 47.36588668823242 (ms)
[RANK1] B @ 640.531494140625 (ms) to 683.49267578125 (ms), cudaEventElapsed = 42.927040100097656 (ms)
[RANK1] W @ 683.65625 (ms) to 705.886474609375 (ms), cudaEventElapsed = 22.194175720214844 (ms)
[RANK1] F @ 706.147705078125 (ms) to 744.852294921875 (ms), cudaEventElapsed = 38.67561721801758 (ms)
[RANK1] B @ 751.058349609375 (ms) to 797.169921875 (ms), cudaEventElapsed = 46.07894515991211 (ms)
[RANK1] B @ 798.572265625 (ms) to 842.48876953125 (ms), cudaEventElapsed = 43.885440826416016 (ms)
[RANK1] W @ 842.64697265625 (ms) to 865.974609375 (ms), cudaEventElapsed = 23.29599952697754 (ms)
[RANK1] F @ 866.225341796875 (ms) to 908.4482421875 (ms), cudaEventElapsed = 42.19094467163086 (ms)
[RANK1] B @ 908.735107421875 (ms) to 957.7783203125 (ms), cudaEventElapsed = 49.01212692260742 (ms)
[RANK1] W @ 958.008544921875 (ms) to 983.230224609375 (ms), cudaEventElapsed = 24.129535675048828 (ms)
[RANK1] F @ 983.496337890625 (ms) to 1021.7841796875 (ms), cudaEventElapsed = 38.25932693481445 (ms)
[RANK1] B @ 1028.347900390625 (ms) to 1072.48486328125 (ms), cudaEventElapsed = 44.10326385498047 (ms)
[RANK1] W @ 1072.643310546875 (ms) to 1095.60400390625 (ms), cudaEventElapsed = 22.923263549804688 (ms)
[RANK1] W @ 1095.759521484375 (ms) to 1125.615234375 (ms), cudaEventElapsed = 29.828096389770508 (ms)
[RANK1] B @ 1139.130615234375 (ms) to 1184.34765625 (ms), cudaEventElapsed = 45.18057632446289 (ms)
[RANK1] W @ 1184.5087890625 (ms) to 1206.87060546875 (ms), cudaEventElapsed = 22.33344078063965 (ms)
[RANK1] W @ 1207.02099609375 (ms) to 1233.715576171875 (ms), cudaEventElapsed = 26.665983200073242 (ms)
[RANK1] B @ 1238.6513671875 (ms) to 1285.724609375 (ms), cudaEventElapsed = 47.04307174682617 (ms)
[RANK1] 4W @ 1285.8798828125 (ms) to 1390.389404296875 (ms), cudaEventElapsed = 104.47564697265625 (ms)
[RANK1] Iteration 7
[RANK1] F @ 26.608642578125 (ms) to 56.707275390625 (ms), cudaEventElapsed = 30.056480407714844 (ms)
[RANK1] F @ 57.1103515625 (ms) to 89.507080078125 (ms), cudaEventElapsed = 32.36444854736328 (ms)
[RANK1] F @ 89.907470703125 (ms) to 124.69873046875 (ms), cudaEventElapsed = 34.757408142089844 (ms)
[RANK1] F @ 125.003662109375 (ms) to 160.00830078125 (ms), cudaEventElapsed = 34.97350311279297 (ms)
[RANK1] F @ 161.90771484375 (ms) to 196.673095703125 (ms), cudaEventElapsed = 34.73158264160156 (ms)
[RANK1] F @ 197.090087890625 (ms) to 231.73291015625 (ms), cudaEventElapsed = 34.60879898071289 (ms)
[RANK1] F @ 232.13037109375 (ms) to 266.5751953125 (ms), cudaEventElapsed = 34.410335540771484 (ms)
[RANK1] F @ 266.91650390625 (ms) to 301.44189453125 (ms), cudaEventElapsed = 34.49353790283203 (ms)
[RANK1] F @ 303.43701171875 (ms) to 338.26904296875 (ms), cudaEventElapsed = 34.79667282104492 (ms)
[RANK1] F @ 340.222412109375 (ms) to 374.591552734375 (ms), cudaEventElapsed = 34.335487365722656 (ms)
[RANK1] F @ 376.6015625 (ms) to 410.976806640625 (ms), cudaEventElapsed = 34.33875274658203 (ms)
[RANK1] F @ 412.5361328125 (ms) to 447.094970703125 (ms), cudaEventElapsed = 34.52601623535156 (ms)
