[RANK2] Iteration 1
[RANK2] F @ 178.743896484375 (ms) to 210.89697265625 (ms), cudaEventElapsed = 32.09052658081055 (ms)
[RANK2] F @ 261.2919921875 (ms) to 292.928955078125 (ms), cudaEventElapsed = 31.579967498779297 (ms)
[RANK2] F @ 294.662353515625 (ms) to 328.944091796875 (ms), cudaEventElapsed = 34.241600036621094 (ms)
[RANK2] B @ 519.623291015625 (ms) to 559.605712890625 (ms), cudaEventElapsed = 39.926334381103516 (ms)
[RANK2] F @ 563.757568359375 (ms) to 596.380126953125 (ms), cudaEventElapsed = 32.46815872192383 (ms)
[RANK2] B @ 596.69091796875 (ms) to 641.455810546875 (ms), cudaEventElapsed = 44.733184814453125 (ms)
[RANK2] F @ 642.872314453125 (ms) to 676.6201171875 (ms), cudaEventElapsed = 33.71004867553711 (ms)
[RANK2] B @ 676.930908203125 (ms) to 721.781494140625 (ms), cudaEventElapsed = 44.81974411010742 (ms)
[RANK2] F @ 723.28173828125 (ms) to 757.39111328125 (ms), cudaEventElapsed = 34.0714225769043 (ms)
[RANK2] B @ 757.70458984375 (ms) to 802.28515625 (ms), cudaEventElapsed = 44.54972839355469 (ms)
[RANK2] F @ 803.82275390625 (ms) to 837.65771484375 (ms), cudaEventElapsed = 33.79830551147461 (ms)
[RANK2] B @ 837.96923828125 (ms) to 882.762939453125 (ms), cudaEventElapsed = 44.76163101196289 (ms)
[RANK2] F @ 883.0908203125 (ms) to 1093.05810546875 (ms), cudaEventElapsed = 209.93206787109375 (ms)
[RANK2] B @ 1093.45703125 (ms) to 1134.89111328125 (ms), cudaEventElapsed = 41.4015998840332 (ms)
[RANK2] W @ 1135.12451171875 (ms) to 1154.979736328125 (ms), cudaEventElapsed = 19.80620765686035 (ms)
[RANK2] F @ 1155.11669921875 (ms) to 1189.60205078125 (ms), cudaEventElapsed = 34.44966506958008 (ms)
[RANK2] B @ 1190.888671875 (ms) to 1235.937255859375 (ms), cudaEventElapsed = 45.015872955322266 (ms)
[RANK2] B @ 1237.381103515625 (ms) to 1279.847900390625 (ms), cudaEventElapsed = 42.430686950683594 (ms)
[RANK2] W @ 1279.9951171875 (ms) to 1300.191650390625 (ms), cudaEventElapsed = 20.164608001708984 (ms)
[RANK2] F @ 1300.44580078125 (ms) to 1334.239013671875 (ms), cudaEventElapsed = 33.762847900390625 (ms)
[RANK2] B @ 1334.54833984375 (ms) to 1379.291259765625 (ms), cudaEventElapsed = 44.71039962768555 (ms)
[RANK2] W @ 1379.512939453125 (ms) to 1401.949951171875 (ms), cudaEventElapsed = 21.189632415771484 (ms)
[RANK2] F @ 1402.20849609375 (ms) to 1436.2685546875 (ms), cudaEventElapsed = 34.030208587646484 (ms)
[RANK2] B @ 1436.55517578125 (ms) to 1481.7529296875 (ms), cudaEventElapsed = 45.16761779785156 (ms)
[RANK2] W @ 1481.949462890625 (ms) to 1504.58447265625 (ms), cudaEventElapsed = 21.362688064575195 (ms)
[RANK2] F @ 1504.84033203125 (ms) to 1538.974853515625 (ms), cudaEventElapsed = 34.09801483154297 (ms)
[RANK2] B @ 1539.27490234375 (ms) to 1584.56396484375 (ms), cudaEventElapsed = 45.258399963378906 (ms)
[RANK2] W @ 1584.69775390625 (ms) to 1606.2822265625 (ms), cudaEventElapsed = 21.551103591918945 (ms)
[RANK2] W @ 1606.424560546875 (ms) to 1627.70654296875 (ms), cudaEventElapsed = 21.25312042236328 (ms)
[RANK2] B @ 1627.83349609375 (ms) to 1670.369140625 (ms), cudaEventElapsed = 42.50681686401367 (ms)
[RANK2] 6W @ 1670.549072265625 (ms) to 1798.10693359375 (ms), cudaEventElapsed = 127.51872253417969 (ms)
[RANK2] Iteration 2
[RANK2] F @ 64.021728515625 (ms) to 96.28466796875 (ms), cudaEventElapsed = 32.220767974853516 (ms)
[RANK2] F @ 98.580322265625 (ms) to 131.77685546875 (ms), cudaEventElapsed = 33.16115188598633 (ms)
[RANK2] F @ 135.199951171875 (ms) to 172.32080078125 (ms), cudaEventElapsed = 37.084449768066406 (ms)
[RANK2] B @ 176.510498046875 (ms) to 221.611572265625 (ms), cudaEventElapsed = 45.06361770629883 (ms)
[RANK2] F @ 222.019287109375 (ms) to 255.2783203125 (ms), cudaEventElapsed = 33.22643280029297 (ms)
[RANK2] B @ 255.62939453125 (ms) to 299.8828125 (ms), cudaEventElapsed = 44.22079849243164 (ms)
[RANK2] F @ 301.474609375 (ms) to 335.112060546875 (ms), cudaEventElapsed = 33.60015869140625 (ms)
[RANK2] B @ 335.445068359375 (ms) to 379.394287109375 (ms), cudaEventElapsed = 43.9180793762207 (ms)
[RANK2] F @ 380.96337890625 (ms) to 414.6015625 (ms), cudaEventElapsed = 33.59244918823242 (ms)
[RANK2] B @ 414.93701171875 (ms) to 459.0048828125 (ms), cudaEventElapsed = 44.03721618652344 (ms)
[RANK2] F @ 460.612548828125 (ms) to 494.0830078125 (ms), cudaEventElapsed = 33.432159423828125 (ms)
[RANK2] B @ 494.42333984375 (ms) to 538.979248046875 (ms), cudaEventElapsed = 44.52467346191406 (ms)
[RANK2] F @ 539.340576171875 (ms) to 573.133544921875 (ms), cudaEventElapsed = 33.75801467895508 (ms)
[RANK2] B @ 573.537353515625 (ms) to 618.217041015625 (ms), cudaEventElapsed = 44.64748764038086 (ms)
[RANK2] W @ 618.469970703125 (ms) to 639.978271484375 (ms), cudaEventElapsed = 21.47532844543457 (ms)
[RANK2] F @ 640.153564453125 (ms) to 673.921142578125 (ms), cudaEventElapsed = 33.73686218261719 (ms)
[RANK2] B @ 675.319580078125 (ms) to 719.8291015625 (ms), cudaEventElapsed = 44.4771842956543 (ms)
[RANK2] B @ 721.401123046875 (ms) to 763.739990234375 (ms), cudaEventElapsed = 42.3045768737793 (ms)
[RANK2] W @ 763.92822265625 (ms) to 784.2255859375 (ms), cudaEventElapsed = 20.263935089111328 (ms)
[RANK2] F @ 784.519287109375 (ms) to 818.037841796875 (ms), cudaEventElapsed = 33.48863983154297 (ms)
[RANK2] B @ 818.3515625 (ms) to 863.28662109375 (ms), cudaEventElapsed = 44.90284729003906 (ms)
[RANK2] W @ 863.5126953125 (ms) to 885.897216796875 (ms), cudaEventElapsed = 21.127168655395508 (ms)
[RANK2] F @ 886.181884765625 (ms) to 920.115478515625 (ms), cudaEventElapsed = 33.90342330932617 (ms)
[RANK2] B @ 920.417724609375 (ms) to 967.867919921875 (ms), cudaEventElapsed = 47.420448303222656 (ms)
[RANK2] W @ 968.1181640625 (ms) to 991.695068359375 (ms), cudaEventElapsed = 22.23103904724121 (ms)
[RANK2] F @ 992.003662109375 (ms) to 1026.14013671875 (ms), cudaEventElapsed = 34.104801177978516 (ms)
[RANK2] B @ 1026.45654296875 (ms) to 1071.392333984375 (ms), cudaEventElapsed = 44.9060173034668 (ms)
[RANK2] W @ 1071.56103515625 (ms) to 1093.16357421875 (ms), cudaEventElapsed = 21.567487716674805 (ms)
[RANK2] W @ 1093.3408203125 (ms) to 1114.6982421875 (ms), cudaEventElapsed = 21.328895568847656 (ms)
[RANK2] B @ 1114.855712890625 (ms) to 1157.450439453125 (ms), cudaEventElapsed = 42.56719970703125 (ms)
[RANK2] 6W @ 1157.62353515625 (ms) to 1285.92626953125 (ms), cudaEventElapsed = 128.2703399658203 (ms)
[RANK2] Iteration 3
[RANK2] F @ 63.604736328125 (ms) to 96.00341796875 (ms), cudaEventElapsed = 32.36105728149414 (ms)
[RANK2] F @ 98.353515625 (ms) to 132.1962890625 (ms), cudaEventElapsed = 33.808223724365234 (ms)
[RANK2] F @ 134.992919921875 (ms) to 171.8720703125 (ms), cudaEventElapsed = 36.84601593017578 (ms)
[RANK2] B @ 176.19189453125 (ms) to 221.08447265625 (ms), cudaEventElapsed = 44.856353759765625 (ms)
[RANK2] F @ 221.47802734375 (ms) to 255.300537109375 (ms), cudaEventElapsed = 33.77222442626953 (ms)
[RANK2] B @ 255.6337890625 (ms) to 300.117431640625 (ms), cudaEventElapsed = 44.45219039916992 (ms)
[RANK2] F @ 301.7314453125 (ms) to 335.246826171875 (ms), cudaEventElapsed = 33.47635269165039 (ms)
[RANK2] B @ 335.584228515625 (ms) to 379.587890625 (ms), cudaEventElapsed = 43.97267150878906 (ms)
[RANK2] F @ 381.1083984375 (ms) to 414.589599609375 (ms), cudaEventElapsed = 33.44015884399414 (ms)
[RANK2] B @ 414.918212890625 (ms) to 459.23193359375 (ms), cudaEventElapsed = 44.282718658447266 (ms)
[RANK2] F @ 460.735595703125 (ms) to 494.142578125 (ms), cudaEventElapsed = 33.37241744995117 (ms)
[RANK2] B @ 494.475830078125 (ms) to 538.9111328125 (ms), cudaEventElapsed = 44.40399932861328 (ms)
[RANK2] F @ 539.27783203125 (ms) to 572.92529296875 (ms), cudaEventElapsed = 33.60976028442383 (ms)
[RANK2] B @ 573.324951171875 (ms) to 617.846435546875 (ms), cudaEventElapsed = 44.48060989379883 (ms)
[RANK2] W @ 618.107177734375 (ms) to 639.450927734375 (ms), cudaEventElapsed = 21.296127319335938 (ms)
[RANK2] F @ 639.607177734375 (ms) to 672.963623046875 (ms), cudaEventElapsed = 33.32767868041992 (ms)
[RANK2] B @ 674.3193359375 (ms) to 718.828125 (ms), cudaEventElapsed = 44.471553802490234 (ms)
[RANK2] B @ 720.317626953125 (ms) to 762.657958984375 (ms), cudaEventElapsed = 42.29520034790039 (ms)
[RANK2] W @ 763.103759765625 (ms) to 783.515380859375 (ms), cudaEventElapsed = 20.355072021484375 (ms)
[RANK2] F @ 783.7939453125 (ms) to 817.77197265625 (ms), cudaEventElapsed = 33.948673248291016 (ms)
[RANK2] B @ 818.06494140625 (ms) to 863.018798828125 (ms), cudaEventElapsed = 44.9238395690918 (ms)
[RANK2] W @ 863.257080078125 (ms) to 885.793212890625 (ms), cudaEventElapsed = 21.322751998901367 (ms)
[RANK2] F @ 886.07275390625 (ms) to 919.998046875 (ms), cudaEventElapsed = 33.89651107788086 (ms)
[RANK2] B @ 920.3037109375 (ms) to 967.16259765625 (ms), cudaEventElapsed = 46.816864013671875 (ms)
[RANK2] W @ 967.4033203125 (ms) to 990.671142578125 (ms), cudaEventElapsed = 22.0262393951416 (ms)
[RANK2] F @ 990.945068359375 (ms) to 1025.08251953125 (ms), cudaEventElapsed = 34.108001708984375 (ms)
[RANK2] B @ 1025.38623046875 (ms) to 1070.195556640625 (ms), cudaEventElapsed = 44.7803840637207 (ms)
[RANK2] W @ 1070.358642578125 (ms) to 1091.85205078125 (ms), cudaEventElapsed = 21.46099281311035 (ms)
[RANK2] W @ 1092.017822265625 (ms) to 1113.350341796875 (ms), cudaEventElapsed = 21.303295135498047 (ms)
[RANK2] B @ 1113.4873046875 (ms) to 1156.098388671875 (ms), cudaEventElapsed = 42.584224700927734 (ms)
[RANK2] 6W @ 1156.27294921875 (ms) to 1285.067138671875 (ms), cudaEventElapsed = 128.76185607910156 (ms)
[RANK2] Iteration 4
[RANK2] F @ 63.53662109375 (ms) to 95.976318359375 (ms), cudaEventElapsed = 32.40348815917969 (ms)
[RANK2] F @ 98.365966796875 (ms) to 131.85986328125 (ms), cudaEventElapsed = 33.45977783203125 (ms)
[RANK2] F @ 134.896240234375 (ms) to 171.58056640625 (ms), cudaEventElapsed = 36.65116882324219 (ms)
[RANK2] B @ 176.3330078125 (ms) to 221.54638671875 (ms), cudaEventElapsed = 45.17776107788086 (ms)
[RANK2] F @ 221.919921875 (ms) to 257.900146484375 (ms), cudaEventElapsed = 35.92166519165039 (ms)
[RANK2] B @ 258.229736328125 (ms) to 303.6572265625 (ms), cudaEventElapsed = 45.395137786865234 (ms)
[RANK2] F @ 305.194091796875 (ms) to 341.591796875 (ms), cudaEventElapsed = 36.35948944091797 (ms)
[RANK2] B @ 341.921875 (ms) to 387.3759765625 (ms), cudaEventElapsed = 45.42399978637695 (ms)
[RANK2] F @ 388.91357421875 (ms) to 424.36376953125 (ms), cudaEventElapsed = 35.41347122192383 (ms)
[RANK2] B @ 424.69677734375 (ms) to 470.251708984375 (ms), cudaEventElapsed = 45.51408004760742 (ms)
[RANK2] F @ 471.906494140625 (ms) to 507.468017578125 (ms), cudaEventElapsed = 35.52409744262695 (ms)
[RANK2] B @ 507.795654296875 (ms) to 553.5703125 (ms), cudaEventElapsed = 45.74380874633789 (ms)
[RANK2] F @ 553.936767578125 (ms) to 589.991455078125 (ms), cudaEventElapsed = 36.002655029296875 (ms)
[RANK2] B @ 590.364013671875 (ms) to 636.33935546875 (ms), cudaEventElapsed = 45.94425582885742 (ms)
[RANK2] W @ 636.59716796875 (ms) to 660.4794921875 (ms), cudaEventElapsed = 23.844863891601562 (ms)
[RANK2] F @ 660.6484375 (ms) to 698.1103515625 (ms), cudaEventElapsed = 37.43193435668945 (ms)
[RANK2] B @ 699.449951171875 (ms) to 745.451416015625 (ms), cudaEventElapsed = 45.969886779785156 (ms)
[RANK2] B @ 746.966796875 (ms) to 792.017822265625 (ms), cudaEventElapsed = 45.01599884033203 (ms)
[RANK2] W @ 792.182373046875 (ms) to 816.19287109375 (ms), cudaEventElapsed = 23.971839904785156 (ms)
[RANK2] F @ 816.469970703125 (ms) to 853.9814453125 (ms), cudaEventElapsed = 37.483070373535156 (ms)
[RANK2] B @ 854.2783203125 (ms) to 900.632568359375 (ms), cudaEventElapsed = 46.324127197265625 (ms)
[RANK2] W @ 900.856689453125 (ms) to 928.23291015625 (ms), cudaEventElapsed = 26.16524887084961 (ms)
[RANK2] F @ 928.53564453125 (ms) to 974.8828125 (ms), cudaEventElapsed = 46.31644821166992 (ms)
[RANK2] B @ 975.183837890625 (ms) to 1022.72021484375 (ms), cudaEventElapsed = 47.50617599487305 (ms)
[RANK2] W @ 1022.969482421875 (ms) to 1048.291015625 (ms), cudaEventElapsed = 24.09984016418457 (ms)
[RANK2] F @ 1048.585205078125 (ms) to 1086.408203125 (ms), cudaEventElapsed = 37.79148864746094 (ms)
[RANK2] B @ 1086.748779296875 (ms) to 1133.041748046875 (ms), cudaEventElapsed = 46.26380920410156 (ms)
[RANK2] W @ 1133.20751953125 (ms) to 1157.491455078125 (ms), cudaEventElapsed = 24.253440856933594 (ms)
[RANK2] W @ 1157.662353515625 (ms) to 1183.458740234375 (ms), cudaEventElapsed = 25.76691246032715 (ms)
[RANK2] B @ 1183.5947265625 (ms) to 1231.349365234375 (ms), cudaEventElapsed = 47.72771072387695 (ms)
[RANK2] 6W @ 1231.50830078125 (ms) to 1389.034423828125 (ms), cudaEventElapsed = 157.49530029296875 (ms)
[RANK2] Iteration 5
[RANK2] F @ 63.91455078125 (ms) to 96.106689453125 (ms), cudaEventElapsed = 32.15577697753906 (ms)
[RANK2] F @ 99.065673828125 (ms) to 133.46923828125 (ms), cudaEventElapsed = 34.369407653808594 (ms)
[RANK2] F @ 136.069580078125 (ms) to 172.67333984375 (ms), cudaEventElapsed = 36.568641662597656 (ms)
[RANK2] B @ 176.7998046875 (ms) to 222.345458984375 (ms), cudaEventElapsed = 45.50502395629883 (ms)
[RANK2] F @ 222.701904296875 (ms) to 258.39501953125 (ms), cudaEventElapsed = 35.66156768798828 (ms)
[RANK2] B @ 258.70849609375 (ms) to 304.39013671875 (ms), cudaEventElapsed = 45.64944076538086 (ms)
[RANK2] F @ 305.97509765625 (ms) to 342.03662109375 (ms), cudaEventElapsed = 36.02239990234375 (ms)
[RANK2] B @ 342.43115234375 (ms) to 388.46142578125 (ms), cudaEventElapsed = 45.99689483642578 (ms)
[RANK2] F @ 390.100830078125 (ms) to 425.463134765625 (ms), cudaEventElapsed = 35.32441711425781 (ms)
[RANK2] B @ 425.808349609375 (ms) to 471.20556640625 (ms), cudaEventElapsed = 45.36662292480469 (ms)
[RANK2] F @ 472.91455078125 (ms) to 508.085205078125 (ms), cudaEventElapsed = 35.124481201171875 (ms)
[RANK2] B @ 508.45654296875 (ms) to 553.728271484375 (ms), cudaEventElapsed = 45.240577697753906 (ms)
[RANK2] F @ 554.102294921875 (ms) to 589.54931640625 (ms), cudaEventElapsed = 35.41254425048828 (ms)
[RANK2] B @ 589.958740234375 (ms) to 635.361572265625 (ms), cudaEventElapsed = 45.37071990966797 (ms)
[RANK2] W @ 635.627197265625 (ms) to 659.473876953125 (ms), cudaEventElapsed = 23.804927825927734 (ms)
[RANK2] F @ 659.643798828125 (ms) to 697.75390625 (ms), cudaEventElapsed = 38.079776763916016 (ms)
[RANK2] B @ 699.119140625 (ms) to 745.1474609375 (ms), cudaEventElapsed = 45.99494552612305 (ms)
[RANK2] B @ 746.695556640625 (ms) to 791.492431640625 (ms), cudaEventElapsed = 44.76233673095703 (ms)
[RANK2] W @ 791.697998046875 (ms) to 814.834228515625 (ms), cudaEventElapsed = 23.10246467590332 (ms)
[RANK2] F @ 815.14501953125 (ms) to 853.298828125 (ms), cudaEventElapsed = 38.12297439575195 (ms)
[RANK2] B @ 853.613037109375 (ms) to 900.239501953125 (ms), cudaEventElapsed = 46.58588790893555 (ms)
[RANK2] W @ 900.490478515625 (ms) to 929.240234375 (ms), cudaEventElapsed = 27.429887771606445 (ms)
[RANK2] F @ 929.56103515625 (ms) to 974.60302734375 (ms), cudaEventElapsed = 45.00979232788086 (ms)
[RANK2] B @ 974.91357421875 (ms) to 1022.607666015625 (ms), cudaEventElapsed = 47.664031982421875 (ms)
[RANK2] W @ 1022.847412109375 (ms) to 1048.259033203125 (ms), cudaEventElapsed = 24.119295120239258 (ms)
[RANK2] F @ 1048.56591796875 (ms) to 1086.062744140625 (ms), cudaEventElapsed = 37.46518325805664 (ms)
[RANK2] B @ 1086.37939453125 (ms) to 1132.71923828125 (ms), cudaEventElapsed = 46.3076171875 (ms)
[RANK2] W @ 1132.91357421875 (ms) to 1156.748046875 (ms), cudaEventElapsed = 23.792640686035156 (ms)
[RANK2] W @ 1156.95263671875 (ms) to 1183.30322265625 (ms), cudaEventElapsed = 26.31679916381836 (ms)
[RANK2] B @ 1183.475830078125 (ms) to 1231.54296875 (ms), cudaEventElapsed = 48.038719177246094 (ms)
[RANK2] 6W @ 1231.728271484375 (ms) to 1392.158447265625 (ms), cudaEventElapsed = 160.39321899414062 (ms)
[RANK2] Iteration 6
[RANK2] F @ 64.004638671875 (ms) to 96.29833984375 (ms), cudaEventElapsed = 32.2507209777832 (ms)
[RANK2] F @ 98.93359375 (ms) to 132.229736328125 (ms), cudaEventElapsed = 33.260318756103516 (ms)
[RANK2] F @ 135.52978515625 (ms) to 173.064208984375 (ms), cudaEventElapsed = 37.50041580200195 (ms)
[RANK2] B @ 177.317138671875 (ms) to 223.316650390625 (ms), cudaEventElapsed = 45.96345520019531 (ms)
[RANK2] F @ 223.69873046875 (ms) to 259.234619140625 (ms), cudaEventElapsed = 35.50182342529297 (ms)
[RANK2] B @ 259.567138671875 (ms) to 304.820556640625 (ms), cudaEventElapsed = 45.22288131713867 (ms)
[RANK2] F @ 306.370849609375 (ms) to 342.07568359375 (ms), cudaEventElapsed = 35.66899108886719 (ms)
[RANK2] B @ 342.404052734375 (ms) to 387.59033203125 (ms), cudaEventElapsed = 45.15580749511719 (ms)
[RANK2] F @ 389.119873046875 (ms) to 424.723388671875 (ms), cudaEventElapsed = 35.567039489746094 (ms)
[RANK2] B @ 425.290771484375 (ms) to 470.456787109375 (ms), cudaEventElapsed = 45.13363265991211 (ms)
[RANK2] F @ 472.161865234375 (ms) to 507.558837890625 (ms), cudaEventElapsed = 35.358497619628906 (ms)
[RANK2] B @ 507.89111328125 (ms) to 553.409912109375 (ms), cudaEventElapsed = 45.487648010253906 (ms)
[RANK2] F @ 553.786376953125 (ms) to 589.294677734375 (ms), cudaEventElapsed = 35.457279205322266 (ms)
[RANK2] B @ 589.8330078125 (ms) to 636.209716796875 (ms), cudaEventElapsed = 46.337310791015625 (ms)
[RANK2] W @ 636.541259765625 (ms) to 660.9716796875 (ms), cudaEventElapsed = 24.387584686279297 (ms)
[RANK2] F @ 661.160400390625 (ms) to 698.4677734375 (ms), cudaEventElapsed = 37.276737213134766 (ms)
[RANK2] B @ 699.87060546875 (ms) to 745.771484375 (ms), cudaEventElapsed = 45.86764907836914 (ms)
[RANK2] B @ 747.361572265625 (ms) to 792.473388671875 (ms), cudaEventElapsed = 45.075870513916016 (ms)
[RANK2] W @ 792.650390625 (ms) to 816.26220703125 (ms), cudaEventElapsed = 23.574527740478516 (ms)
[RANK2] F @ 816.580810546875 (ms) to 854.531494140625 (ms), cudaEventElapsed = 37.92051315307617 (ms)
[RANK2] B @ 854.835205078125 (ms) to 901.26123046875 (ms), cudaEventElapsed = 46.3950080871582 (ms)
[RANK2] W @ 901.499267578125 (ms) to 927.7138671875 (ms), cudaEventElapsed = 24.995840072631836 (ms)
[RANK2] F @ 928.024658203125 (ms) to 975.77978515625 (ms), cudaEventElapsed = 47.722015380859375 (ms)
[RANK2] B @ 976.08642578125 (ms) to 1024.169677734375 (ms), cudaEventElapsed = 48.051456451416016 (ms)
[RANK2] W @ 1024.389892578125 (ms) to 1048.994873046875 (ms), cudaEventElapsed = 23.28985595703125 (ms)
[RANK2] F @ 1049.3017578125 (ms) to 1087.8681640625 (ms), cudaEventElapsed = 38.535743713378906 (ms)
[RANK2] B @ 1088.16845703125 (ms) to 1135.020263671875 (ms), cudaEventElapsed = 46.823326110839844 (ms)
[RANK2] W @ 1135.1787109375 (ms) to 1159.86279296875 (ms), cudaEventElapsed = 24.654848098754883 (ms)
[RANK2] W @ 1160.031005859375 (ms) to 1186.43115234375 (ms), cudaEventElapsed = 26.37107276916504 (ms)
[RANK2] B @ 1186.580078125 (ms) to 1234.536865234375 (ms), cudaEventElapsed = 47.92822265625 (ms)
[RANK2] 6W @ 1234.69189453125 (ms) to 1394.539306640625 (ms), cudaEventElapsed = 159.80543518066406 (ms)
[RANK2] Iteration 7
[RANK2] F @ 58.69970703125 (ms) to 89.302001953125 (ms), cudaEventElapsed = 30.553823471069336 (ms)
[RANK2] F @ 91.498046875 (ms) to 123.37841796875 (ms), cudaEventElapsed = 31.8417911529541 (ms)
[RANK2] F @ 126.62158203125 (ms) to 162.49462890625 (ms), cudaEventElapsed = 35.83366394042969 (ms)
[RANK2] F @ 162.958251953125 (ms) to 198.966796875 (ms), cudaEventElapsed = 35.97401428222656 (ms)
[RANK2] F @ 199.3671875 (ms) to 234.975830078125 (ms), cudaEventElapsed = 35.57593536376953 (ms)
[RANK2] F @ 235.365234375 (ms) to 270.810546875 (ms), cudaEventElapsed = 35.409793853759766 (ms)
[RANK2] F @ 271.206298828125 (ms) to 306.52001953125 (ms), cudaEventElapsed = 35.280609130859375 (ms)
[RANK2] F @ 306.84716796875 (ms) to 341.29296875 (ms), cudaEventElapsed = 34.41107177734375 (ms)
[RANK2] F @ 342.844970703125 (ms) to 377.748779296875 (ms), cudaEventElapsed = 34.86556625366211 (ms)
[RANK2] F @ 379.237060546875 (ms) to 413.90087890625 (ms), cudaEventElapsed = 34.626014709472656 (ms)
[RANK2] F @ 415.36767578125 (ms) to 449.782958984375 (ms), cudaEventElapsed = 34.37971115112305 (ms)
[RANK2] F @ 451.191650390625 (ms) to 485.462646484375 (ms), cudaEventElapsed = 34.23436737060547 (ms)
