[RANK0] Iteration 1
[RANK0] F @ 2.670166015625 (ms) to 502.625732421875 (ms), cudaEventElapsed = 499.8973388671875 (ms)
[RANK0] F @ 503.37890625 (ms) to 529.366943359375 (ms), cudaEventElapsed = 25.961471557617188 (ms)
[RANK0] F @ 530.049560546875 (ms) to 556.92822265625 (ms), cudaEventElapsed = 26.854400634765625 (ms)
[RANK0] F @ 557.603515625 (ms) to 585.30859375 (ms), cudaEventElapsed = 27.681791305541992 (ms)
[RANK0] F @ 586.80859375 (ms) to 614.50048828125 (ms), cudaEventElapsed = 27.657215118408203 (ms)
[RANK0] F @ 615.148193359375 (ms) to 642.868896484375 (ms), cudaEventElapsed = 27.69817543029785 (ms)
[RANK0] F @ 643.52490234375 (ms) to 671.814453125 (ms), cudaEventElapsed = 28.267520904541016 (ms)
[RANK0] B @ 1757.642333984375 (ms) to 1846.966796875 (ms), cudaEventElapsed = 89.29792022705078 (ms)
[RANK0] F @ 1847.239013671875 (ms) to 1872.358642578125 (ms), cudaEventElapsed = 25.09721565246582 (ms)
[RANK0] B @ 1873.7255859375 (ms) to 1906.968505859375 (ms), cudaEventElapsed = 33.21958541870117 (ms)
[RANK0] F @ 1907.379150390625 (ms) to 1933.5419921875 (ms), cudaEventElapsed = 26.13248062133789 (ms)
[RANK0] B @ 1934.855712890625 (ms) to 1970.018310546875 (ms), cudaEventElapsed = 35.139583587646484 (ms)
[RANK0] F @ 1970.22607421875 (ms) to 1996.355712890625 (ms), cudaEventElapsed = 26.10585594177246 (ms)
[RANK0] B @ 1997.66943359375 (ms) to 2033.310791015625 (ms), cudaEventElapsed = 35.61779022216797 (ms)
[RANK0] F @ 2033.512451171875 (ms) to 2059.80810546875 (ms), cudaEventElapsed = 26.270719528198242 (ms)
[RANK0] B @ 2073.1025390625 (ms) to 2106.907470703125 (ms), cudaEventElapsed = 33.78278350830078 (ms)
[RANK0] F @ 2107.10693359375 (ms) to 2132.30419921875 (ms), cudaEventElapsed = 25.172992706298828 (ms)
[RANK0] B @ 2158.39990234375 (ms) to 2192.189697265625 (ms), cudaEventElapsed = 33.76639938354492 (ms)
[RANK0] W @ 2192.496826171875 (ms) to 2206.475830078125 (ms), cudaEventElapsed = 13.955072402954102 (ms)
[RANK0] B @ 2230.6123046875 (ms) to 2262.270263671875 (ms), cudaEventElapsed = 31.63852882385254 (ms)
[RANK0] W @ 2262.555419921875 (ms) to 2276.4775390625 (ms), cudaEventElapsed = 13.899776458740234 (ms)
[RANK0] B @ 2312.122314453125 (ms) to 2344.13916015625 (ms), cudaEventElapsed = 31.99385643005371 (ms)
[RANK0] W @ 2344.454833984375 (ms) to 2358.366455078125 (ms), cudaEventElapsed = 13.88646411895752 (ms)
[RANK0] B @ 2376.421142578125 (ms) to 2408.9267578125 (ms), cudaEventElapsed = 32.485374450683594 (ms)
[RANK0] W @ 2409.236083984375 (ms) to 2423.285400390625 (ms), cudaEventElapsed = 14.024703979492188 (ms)
[RANK0] B @ 2447.922607421875 (ms) to 2479.81494140625 (ms), cudaEventElapsed = 31.871999740600586 (ms)
[RANK0] W @ 2480.11376953125 (ms) to 2494.245361328125 (ms), cudaEventElapsed = 14.109696388244629 (ms)
[RANK0] B @ 2512.70703125 (ms) to 2545.48388671875 (ms), cudaEventElapsed = 32.756736755371094 (ms)
[RANK0] W @ 2545.77685546875 (ms) to 2560.062255859375 (ms), cudaEventElapsed = 14.259200096130371 (ms)
[RANK0] B @ 2576.8740234375 (ms) to 2609.294189453125 (ms), cudaEventElapsed = 32.39628982543945 (ms)
[RANK0] 6W @ 2610.4150390625 (ms) to 2701.513427734375 (ms), cudaEventElapsed = 91.072509765625 (ms)
[RANK0] Iteration 2
[RANK0] F @ 0.970947265625 (ms) to 26.798095703125 (ms), cudaEventElapsed = 25.791488647460938 (ms)
[RANK0] F @ 27.67138671875 (ms) to 53.88720703125 (ms), cudaEventElapsed = 26.177536010742188 (ms)
[RANK0] F @ 54.71875 (ms) to 82.943359375 (ms), cudaEventElapsed = 28.19379234313965 (ms)
[RANK0] F @ 83.618408203125 (ms) to 111.202392578125 (ms), cudaEventElapsed = 27.55891227722168 (ms)
[RANK0] F @ 111.895751953125 (ms) to 140.130615234375 (ms), cudaEventElapsed = 28.200960159301758 (ms)
[RANK0] F @ 140.808349609375 (ms) to 168.280517578125 (ms), cudaEventElapsed = 27.448320388793945 (ms)
[RANK0] F @ 168.956787109375 (ms) to 196.858642578125 (ms), cudaEventElapsed = 27.876352310180664 (ms)
[RANK0] B @ 385.0107421875 (ms) to 418.231689453125 (ms), cudaEventElapsed = 33.19295883178711 (ms)
[RANK0] F @ 418.47314453125 (ms) to 444.663330078125 (ms), cudaEventElapsed = 26.16422462463379 (ms)
[RANK0] B @ 473.791259765625 (ms) to 507.29248046875 (ms), cudaEventElapsed = 33.47660827636719 (ms)
[RANK0] F @ 507.503173828125 (ms) to 533.88427734375 (ms), cudaEventElapsed = 26.357759475708008 (ms)
[RANK0] B @ 554.583740234375 (ms) to 722.055908203125 (ms), cudaEventElapsed = 167.44857788085938 (ms)
[RANK0] F @ 722.365966796875 (ms) to 748.13671875 (ms), cudaEventElapsed = 25.74847984313965 (ms)
[RANK0] B @ 749.690185546875 (ms) to 785.733154296875 (ms), cudaEventElapsed = 36.01715087890625 (ms)
[RANK0] F @ 785.949951171875 (ms) to 813.8046875 (ms), cudaEventElapsed = 27.830272674560547 (ms)
[RANK0] B @ 815.168212890625 (ms) to 852.17529296875 (ms), cudaEventElapsed = 36.98380661010742 (ms)
[RANK0] F @ 852.41455078125 (ms) to 880.02099609375 (ms), cudaEventElapsed = 27.581439971923828 (ms)
[RANK0] B @ 881.329345703125 (ms) to 917.231201171875 (ms), cudaEventElapsed = 35.87583923339844 (ms)
[RANK0] W @ 917.5634765625 (ms) to 935.069580078125 (ms), cudaEventElapsed = 17.481727600097656 (ms)
[RANK0] B @ 935.974365234375 (ms) to 972.505126953125 (ms), cudaEventElapsed = 36.508670806884766 (ms)
[RANK0] W @ 972.820556640625 (ms) to 990.3994140625 (ms), cudaEventElapsed = 17.555456161499023 (ms)
[RANK0] B @ 1004.927490234375 (ms) to 1039.60595703125 (ms), cudaEventElapsed = 34.65420913696289 (ms)
[RANK0] W @ 1039.9453125 (ms) to 1056.211669921875 (ms), cudaEventElapsed = 16.24166488647461 (ms)
[RANK0] B @ 1089.199951171875 (ms) to 1122.69970703125 (ms), cudaEventElapsed = 33.47660827636719 (ms)
[RANK0] W @ 1123.03125 (ms) to 1138.385009765625 (ms), cudaEventElapsed = 15.330304145812988 (ms)
[RANK0] B @ 1170.612548828125 (ms) to 1204.02880859375 (ms), cudaEventElapsed = 33.386497497558594 (ms)
[RANK0] W @ 1204.330078125 (ms) to 1219.635498046875 (ms), cudaEventElapsed = 15.284223556518555 (ms)
[RANK0] B @ 1249.57080078125 (ms) to 1282.964599609375 (ms), cudaEventElapsed = 33.3752326965332 (ms)
[RANK0] W @ 1283.74072265625 (ms) to 1299.044921875 (ms), cudaEventElapsed = 15.28115177154541 (ms)
[RANK0] B @ 1324.275634765625 (ms) to 1357.853271484375 (ms), cudaEventElapsed = 33.55750274658203 (ms)
[RANK0] 6W @ 1358.60009765625 (ms) to 1473.536865234375 (ms), cudaEventElapsed = 114.91327667236328 (ms)
[RANK0] Iteration 3
[RANK0] F @ 1.107177734375 (ms) to 26.41748046875 (ms), cudaEventElapsed = 25.276416778564453 (ms)
[RANK0] F @ 27.241943359375 (ms) to 52.72705078125 (ms), cudaEventElapsed = 25.453567504882812 (ms)
[RANK0] F @ 53.556640625 (ms) to 81.561279296875 (ms), cudaEventElapsed = 27.96953582763672 (ms)
[RANK0] F @ 82.22412109375 (ms) to 110.09326171875 (ms), cudaEventElapsed = 27.846656799316406 (ms)
[RANK0] F @ 110.776611328125 (ms) to 138.444091796875 (ms), cudaEventElapsed = 27.642879486083984 (ms)
[RANK0] F @ 139.12060546875 (ms) to 166.983154296875 (ms), cudaEventElapsed = 27.839487075805664 (ms)
[RANK0] F @ 167.6630859375 (ms) to 195.294677734375 (ms), cudaEventElapsed = 27.607040405273438 (ms)
[RANK0] F @ 196.0419921875 (ms) to 223.943359375 (ms), cudaEventElapsed = 27.876352310180664 (ms)
[RANK0] F @ 224.645263671875 (ms) to 252.671630859375 (ms), cudaEventElapsed = 28.002304077148438 (ms)
[RANK0] F @ 253.342041015625 (ms) to 281.319580078125 (ms), cudaEventElapsed = 27.95315170288086 (ms)
[RANK0] F @ 282.06640625 (ms) to 310.27783203125 (ms), cudaEventElapsed = 28.182527542114258 (ms)
[RANK0] B @ 537.88623046875 (ms) to 571.1865234375 (ms), cudaEventElapsed = 33.26976013183594 (ms)
[RANK0] F @ 571.4482421875 (ms) to 597.197509765625 (ms), cudaEventElapsed = 25.72390365600586 (ms)
[RANK0] W @ 597.8974609375 (ms) to 615.31103515625 (ms), cudaEventElapsed = 17.389568328857422 (ms)
[RANK0] B @ 624.521728515625 (ms) to 661.48828125 (ms), cudaEventElapsed = 36.94182586669922 (ms)
[RANK0] W @ 661.700439453125 (ms) to 678.59130859375 (ms), cudaEventElapsed = 16.862207412719727 (ms)
[RANK0] B @ 788.969970703125 (ms) to 822.203857421875 (ms), cudaEventElapsed = 33.20934295654297 (ms)
[RANK0] W @ 822.5126953125 (ms) to 837.4404296875 (ms), cudaEventElapsed = 14.904319763183594 (ms)
[RANK0] B @ 857.8232421875 (ms) to 892.34716796875 (ms), cudaEventElapsed = 34.502655029296875 (ms)
[RANK0] W @ 892.576171875 (ms) to 908.569580078125 (ms), cudaEventElapsed = 15.971327781677246 (ms)
[RANK0] B @ 962.314208984375 (ms) to 995.47119140625 (ms), cudaEventElapsed = 33.13459014892578 (ms)
[RANK0] W @ 995.68408203125 (ms) to 1011.224609375 (ms), cudaEventElapsed = 15.51257610321045 (ms)
[RANK0] B @ 1055.348876953125 (ms) to 1088.688232421875 (ms), cudaEventElapsed = 33.31584167480469 (ms)
[RANK0] W @ 1088.97119140625 (ms) to 1104.45703125 (ms), cudaEventElapsed = 15.463423728942871 (ms)
[RANK0] B @ 1105.277099609375 (ms) to 1141.368408203125 (ms), cudaEventElapsed = 36.07244873046875 (ms)
[RANK0] W @ 1141.555908203125 (ms) to 1159.479736328125 (ms), cudaEventElapsed = 17.901567459106445 (ms)
[RANK0] B @ 1176.57373046875 (ms) to 1211.12353515625 (ms), cudaEventElapsed = 34.52928161621094 (ms)
[RANK0] W @ 1211.312255859375 (ms) to 1226.983154296875 (ms), cudaEventElapsed = 15.648768424987793 (ms)
[RANK0] B @ 1248.313232421875 (ms) to 1282.24658203125 (ms), cudaEventElapsed = 33.913856506347656 (ms)
[RANK0] W @ 1282.433837890625 (ms) to 1298.441650390625 (ms), cudaEventElapsed = 15.987711906433105 (ms)
[RANK0] B @ 1323.8271484375 (ms) to 1357.509765625 (ms), cudaEventElapsed = 33.65990447998047 (ms)
[RANK0] W @ 1357.717529296875 (ms) to 1373.442138671875 (ms), cudaEventElapsed = 15.70304012298584 (ms)
[RANK0] B @ 1424.129150390625 (ms) to 1457.19482421875 (ms), cudaEventElapsed = 33.04652786254883 (ms)
[RANK0] W @ 1457.391845703125 (ms) to 1472.783935546875 (ms), cudaEventElapsed = 15.370240211486816 (ms)
[RANK0] B @ 1496.700439453125 (ms) to 1530.416748046875 (ms), cudaEventElapsed = 33.695743560791016 (ms)
[RANK0] 1W @ 1530.726806640625 (ms) to 1546.346923828125 (ms), cudaEventElapsed = 15.598591804504395 (ms)
[RANK0] Iteration 4
[RANK0] F @ 0.77001953125 (ms) to 26.107421875 (ms), cudaEventElapsed = 25.30406379699707 (ms)
[RANK0] F @ 26.799560546875 (ms) to 52.177734375 (ms), cudaEventElapsed = 25.35321617126465 (ms)
[RANK0] F @ 52.884765625 (ms) to 80.4306640625 (ms), cudaEventElapsed = 27.51795196533203 (ms)
[RANK0] F @ 81.12646484375 (ms) to 109.8056640625 (ms), cudaEventElapsed = 28.656639099121094 (ms)
[RANK0] F @ 110.503662109375 (ms) to 138.238525390625 (ms), cudaEventElapsed = 27.7073917388916 (ms)
[RANK0] F @ 138.9365234375 (ms) to 167.02294921875 (ms), cudaEventElapsed = 28.063743591308594 (ms)
[RANK0] F @ 167.7177734375 (ms) to 195.163818359375 (ms), cudaEventElapsed = 27.422719955444336 (ms)
[RANK0] F @ 195.879150390625 (ms) to 224.448974609375 (ms), cudaEventElapsed = 28.54604721069336 (ms)
[RANK0] F @ 225.153564453125 (ms) to 252.8603515625 (ms), cudaEventElapsed = 27.682815551757812 (ms)
[RANK0] F @ 253.571533203125 (ms) to 281.80126953125 (ms), cudaEventElapsed = 28.205055236816406 (ms)
[RANK0] F @ 282.52001953125 (ms) to 310.474365234375 (ms), cudaEventElapsed = 27.92959976196289 (ms)
[RANK0] B @ 545.051513671875 (ms) to 578.2705078125 (ms), cudaEventElapsed = 33.19193649291992 (ms)
[RANK0] F @ 578.50341796875 (ms) to 605.10400390625 (ms), cudaEventElapsed = 26.57689666748047 (ms)
[RANK0] W @ 605.787841796875 (ms) to 623.085205078125 (ms), cudaEventElapsed = 17.273855209350586 (ms)
[RANK0] B @ 627.23486328125 (ms) to 664.029052734375 (ms), cudaEventElapsed = 36.770816802978516 (ms)
[RANK0] W @ 664.252197265625 (ms) to 681.879638671875 (ms), cudaEventElapsed = 17.60153579711914 (ms)
[RANK0] B @ 797.922607421875 (ms) to 831.142822265625 (ms), cudaEventElapsed = 33.19500732421875 (ms)
[RANK0] W @ 831.466796875 (ms) to 846.419189453125 (ms), cudaEventElapsed = 14.929920196533203 (ms)
[RANK0] B @ 870.1552734375 (ms) to 903.801513671875 (ms), cudaEventElapsed = 33.62406539916992 (ms)
[RANK0] W @ 904.031982421875 (ms) to 920.274658203125 (ms), cudaEventElapsed = 16.219135284423828 (ms)
[RANK0] B @ 973.061279296875 (ms) to 1006.32958984375 (ms), cudaEventElapsed = 33.247230529785156 (ms)
[RANK0] W @ 1006.5537109375 (ms) to 1021.9150390625 (ms), cudaEventElapsed = 15.338496208190918 (ms)
[RANK0] B @ 1066.41845703125 (ms) to 1099.642578125 (ms), cudaEventElapsed = 33.2042236328125 (ms)
[RANK0] W @ 1099.945556640625 (ms) to 1114.851318359375 (ms), cudaEventElapsed = 14.882816314697266 (ms)
[RANK0] B @ 1115.659423828125 (ms) to 1152.31103515625 (ms), cudaEventElapsed = 36.63052749633789 (ms)
[RANK0] W @ 1152.5244140625 (ms) to 1170.10400390625 (ms), cudaEventElapsed = 17.556480407714844 (ms)
[RANK0] B @ 1187.034912109375 (ms) to 1221.41357421875 (ms), cudaEventElapsed = 34.35724639892578 (ms)
[RANK0] W @ 1221.619384765625 (ms) to 1237.736083984375 (ms), cudaEventElapsed = 16.094207763671875 (ms)
[RANK0] B @ 1259.44921875 (ms) to 1293.5947265625 (ms), cudaEventElapsed = 34.125823974609375 (ms)
[RANK0] W @ 1293.79345703125 (ms) to 1309.849365234375 (ms), cudaEventElapsed = 16.03379249572754 (ms)
[RANK0] B @ 1332.69921875 (ms) to 1366.67333984375 (ms), cudaEventElapsed = 33.95276641845703 (ms)
[RANK0] W @ 1366.8681640625 (ms) to 1382.909912109375 (ms), cudaEventElapsed = 16.01945686340332 (ms)
[RANK0] B @ 1435.526123046875 (ms) to 1468.723388671875 (ms), cudaEventElapsed = 33.1776008605957 (ms)
[RANK0] W @ 1468.915771484375 (ms) to 1484.22900390625 (ms), cudaEventElapsed = 15.29139232635498 (ms)
[RANK0] B @ 1509.918701171875 (ms) to 1543.54833984375 (ms), cudaEventElapsed = 33.60870361328125 (ms)
[RANK0] 1W @ 1543.85986328125 (ms) to 1559.8134765625 (ms), cudaEventElapsed = 15.929344177246094 (ms)
[RANK0] Iteration 5
[RANK0] F @ 0.81298828125 (ms) to 25.7978515625 (ms), cudaEventElapsed = 24.955904006958008 (ms)
[RANK0] F @ 26.47119140625 (ms) to 51.69580078125 (ms), cudaEventElapsed = 25.202688217163086 (ms)
[RANK0] F @ 52.397705078125 (ms) to 79.739013671875 (ms), cudaEventElapsed = 27.31929588317871 (ms)
[RANK0] F @ 80.416748046875 (ms) to 108.488525390625 (ms), cudaEventElapsed = 28.048383712768555 (ms)
[RANK0] F @ 109.171630859375 (ms) to 137.53125 (ms), cudaEventElapsed = 28.33612823486328 (ms)
[RANK0] F @ 138.197265625 (ms) to 165.71826171875 (ms), cudaEventElapsed = 27.49849510192871 (ms)
[RANK0] F @ 166.392578125 (ms) to 194.198974609375 (ms), cudaEventElapsed = 27.784191131591797 (ms)
[RANK0] F @ 194.872802734375 (ms) to 222.303466796875 (ms), cudaEventElapsed = 27.409408569335938 (ms)
[RANK0] F @ 222.960693359375 (ms) to 250.751953125 (ms), cudaEventElapsed = 27.768831253051758 (ms)
[RANK0] F @ 251.43798828125 (ms) to 279.251220703125 (ms), cudaEventElapsed = 27.79033660888672 (ms)
[RANK0] F @ 279.97216796875 (ms) to 308.030029296875 (ms), cudaEventElapsed = 28.034048080444336 (ms)
[RANK0] B @ 542.281005859375 (ms) to 575.62109375 (ms), cudaEventElapsed = 33.309696197509766 (ms)
[RANK0] F @ 575.883544921875 (ms) to 601.343017578125 (ms), cudaEventElapsed = 25.433088302612305 (ms)
[RANK0] W @ 602.021728515625 (ms) to 619.134033203125 (ms), cudaEventElapsed = 17.089536666870117 (ms)
[RANK0] B @ 624.294921875 (ms) to 662.52783203125 (ms), cudaEventElapsed = 38.2105598449707 (ms)
[RANK0] W @ 662.759765625 (ms) to 680.37939453125 (ms), cudaEventElapsed = 17.596416473388672 (ms)
[RANK0] B @ 787.7822265625 (ms) to 821.001220703125 (ms), cudaEventElapsed = 33.19500732421875 (ms)
[RANK0] W @ 821.309814453125 (ms) to 836.829345703125 (ms), cudaEventElapsed = 15.49516773223877 (ms)
[RANK0] B @ 857.27880859375 (ms) to 891.674560546875 (ms), cudaEventElapsed = 34.37363052368164 (ms)
[RANK0] W @ 891.919189453125 (ms) to 908.47216796875 (ms), cudaEventElapsed = 16.526336669921875 (ms)
[RANK0] B @ 962.009033203125 (ms) to 995.324462890625 (ms), cudaEventElapsed = 33.293312072753906 (ms)
[RANK0] W @ 995.539794921875 (ms) to 1010.768798828125 (ms), cudaEventElapsed = 15.20742416381836 (ms)
[RANK0] B @ 1054.75390625 (ms) to 1088.046142578125 (ms), cudaEventElapsed = 33.270782470703125 (ms)
[RANK0] W @ 1088.3603515625 (ms) to 1103.70849609375 (ms), cudaEventElapsed = 15.325183868408203 (ms)
[RANK0] B @ 1104.53857421875 (ms) to 1141.8994140625 (ms), cudaEventElapsed = 37.341182708740234 (ms)
[RANK0] W @ 1142.102783203125 (ms) to 1160.41845703125 (ms), cudaEventElapsed = 18.293760299682617 (ms)
[RANK0] B @ 1173.3642578125 (ms) to 1208.99365234375 (ms), cudaEventElapsed = 35.608577728271484 (ms)
[RANK0] W @ 1209.19140625 (ms) to 1226.13427734375 (ms), cudaEventElapsed = 16.921600341796875 (ms)
[RANK0] B @ 1245.409912109375 (ms) to 1279.978515625 (ms), cudaEventElapsed = 34.548736572265625 (ms)
[RANK0] W @ 1280.175537109375 (ms) to 1296.330322265625 (ms), cudaEventElapsed = 16.132095336914062 (ms)
[RANK0] B @ 1317.858154296875 (ms) to 1352.1181640625 (ms), cudaEventElapsed = 34.23641586303711 (ms)
[RANK0] W @ 1352.318359375 (ms) to 1368.685302734375 (ms), cudaEventElapsed = 16.3450870513916 (ms)
[RANK0] B @ 1419.1787109375 (ms) to 1452.48095703125 (ms), cudaEventElapsed = 33.27897644042969 (ms)
[RANK0] W @ 1452.691650390625 (ms) to 1468.123779296875 (ms), cudaEventElapsed = 15.409152030944824 (ms)
[RANK0] B @ 1492.16943359375 (ms) to 1525.895263671875 (ms), cudaEventElapsed = 33.70598220825195 (ms)
[RANK0] 1W @ 1526.200439453125 (ms) to 1541.76611328125 (ms), cudaEventElapsed = 15.536128044128418 (ms)
[RANK0] Iteration 6
[RANK0] F @ 0.83349609375 (ms) to 26.036376953125 (ms), cudaEventElapsed = 25.16582489013672 (ms)
[RANK0] F @ 26.73828125 (ms) to 52.126220703125 (ms), cudaEventElapsed = 25.364479064941406 (ms)
[RANK0] F @ 52.821533203125 (ms) to 80.45068359375 (ms), cudaEventElapsed = 27.606016159057617 (ms)
[RANK0] F @ 81.1396484375 (ms) to 109.29150390625 (ms), cudaEventElapsed = 28.12723159790039 (ms)
[RANK0] F @ 109.978515625 (ms) to 138.155029296875 (ms), cudaEventElapsed = 28.15283203125 (ms)
[RANK0] F @ 138.834228515625 (ms) to 166.8671875 (ms), cudaEventElapsed = 28.003328323364258 (ms)
[RANK0] F @ 167.550537109375 (ms) to 195.312255859375 (ms), cudaEventElapsed = 27.7391357421875 (ms)
[RANK0] F @ 195.99560546875 (ms) to 223.93603515625 (ms), cudaEventElapsed = 27.918336868286133 (ms)
[RANK0] F @ 224.617431640625 (ms) to 251.909423828125 (ms), cudaEventElapsed = 27.268096923828125 (ms)
[RANK0] F @ 252.60009765625 (ms) to 280.33349609375 (ms), cudaEventElapsed = 27.709440231323242 (ms)
[RANK0] F @ 281.025634765625 (ms) to 308.561279296875 (ms), cudaEventElapsed = 27.512832641601562 (ms)
[RANK0] B @ 540.915283203125 (ms) to 574.17529296875 (ms), cudaEventElapsed = 33.23699188232422 (ms)
[RANK0] F @ 574.401123046875 (ms) to 600.613525390625 (ms), cudaEventElapsed = 26.187776565551758 (ms)
[RANK0] W @ 601.296875 (ms) to 618.235107421875 (ms), cudaEventElapsed = 16.915456771850586 (ms)
[RANK0] B @ 622.978271484375 (ms) to 659.21337890625 (ms), cudaEventElapsed = 36.21376037597656 (ms)
[RANK0] W @ 659.41796875 (ms) to 676.79736328125 (ms), cudaEventElapsed = 17.357824325561523 (ms)
[RANK0] B @ 788.11328125 (ms) to 821.29345703125 (ms), cudaEventElapsed = 33.15507125854492 (ms)
[RANK0] W @ 821.612060546875 (ms) to 836.84619140625 (ms), cudaEventElapsed = 15.20844841003418 (ms)
[RANK0] B @ 860.299072265625 (ms) to 893.920166015625 (ms), cudaEventElapsed = 33.59846496582031 (ms)
[RANK0] W @ 894.139404296875 (ms) to 909.7421875 (ms), cudaEventElapsed = 15.580160140991211 (ms)
[RANK0] B @ 965.7001953125 (ms) to 999.079833984375 (ms), cudaEventElapsed = 33.3568000793457 (ms)
[RANK0] W @ 999.3046875 (ms) to 1014.6943359375 (ms), cudaEventElapsed = 15.366144180297852 (ms)
[RANK0] B @ 1057.749755859375 (ms) to 1091.01708984375 (ms), cudaEventElapsed = 33.24415969848633 (ms)
[RANK0] W @ 1091.343505859375 (ms) to 1106.804443359375 (ms), cudaEventElapsed = 15.436800003051758 (ms)
[RANK0] B @ 1107.6630859375 (ms) to 1144.673828125 (ms), cudaEventElapsed = 36.989952087402344 (ms)
[RANK0] W @ 1144.90185546875 (ms) to 1162.6962890625 (ms), cudaEventElapsed = 17.770496368408203 (ms)
[RANK0] B @ 1176.515380859375 (ms) to 1211.747314453125 (ms), cudaEventElapsed = 35.211265563964844 (ms)
[RANK0] W @ 1211.960693359375 (ms) to 1228.578125 (ms), cudaEventElapsed = 16.59596824645996 (ms)
[RANK0] B @ 1248.0126953125 (ms) to 1282.344970703125 (ms), cudaEventElapsed = 34.309120178222656 (ms)
[RANK0] W @ 1282.544921875 (ms) to 1298.719970703125 (ms), cudaEventElapsed = 16.153600692749023 (ms)
[RANK0] B @ 1320.64453125 (ms) to 1354.4736328125 (ms), cudaEventElapsed = 33.80838394165039 (ms)
[RANK0] W @ 1354.668212890625 (ms) to 1370.421142578125 (ms), cudaEventElapsed = 15.730688095092773 (ms)
[RANK0] B @ 1421.435791015625 (ms) to 1454.6552734375 (ms), cudaEventElapsed = 33.19910430908203 (ms)
[RANK0] W @ 1454.8759765625 (ms) to 1470.009765625 (ms), cudaEventElapsed = 15.112192153930664 (ms)
[RANK0] B @ 1493.485107421875 (ms) to 1527.5546875 (ms), cudaEventElapsed = 34.046974182128906 (ms)
[RANK0] 1W @ 1527.882568359375 (ms) to 1544.300048828125 (ms), cudaEventElapsed = 16.395263671875 (ms)
[RANK0] Iteration 7
[RANK0] F @ 0.465087890625 (ms) to 26.108642578125 (ms), cudaEventElapsed = 25.619455337524414 (ms)
[RANK0] F @ 26.963623046875 (ms) to 52.234130859375 (ms), cudaEventElapsed = 25.235456466674805 (ms)
[RANK0] F @ 52.897705078125 (ms) to 80.141357421875 (ms), cudaEventElapsed = 27.222015380859375 (ms)
[RANK0] F @ 80.81494140625 (ms) to 109.072998046875 (ms), cudaEventElapsed = 28.235776901245117 (ms)
[RANK0] F @ 109.732666015625 (ms) to 137.5 (ms), cudaEventElapsed = 27.74527931213379 (ms)
[RANK0] F @ 138.164306640625 (ms) to 166.127197265625 (ms), cudaEventElapsed = 27.93984031677246 (ms)
[RANK0] F @ 166.792236328125 (ms) to 194.3583984375 (ms), cudaEventElapsed = 27.54355239868164 (ms)
[RANK0] F @ 195.028564453125 (ms) to 223.178466796875 (ms), cudaEventElapsed = 28.12723159790039 (ms)
[RANK0] F @ 223.85009765625 (ms) to 251.6728515625 (ms), cudaEventElapsed = 27.797504425048828 (ms)
[RANK0] F @ 252.35400390625 (ms) to 280.24365234375 (ms), cudaEventElapsed = 27.866111755371094 (ms)
[RANK0] F @ 280.923583984375 (ms) to 308.63037109375 (ms), cudaEventElapsed = 27.683839797973633 (ms)
[RANK0] B @ 554.944580078125 (ms) to 588.196044921875 (ms), cudaEventElapsed = 33.21855926513672 (ms)
[RANK0] F @ 588.4345703125 (ms) to 614.0322265625 (ms), cudaEventElapsed = 25.572351455688477 (ms)
[RANK0] W @ 614.715087890625 (ms) to 632.0498046875 (ms), cudaEventElapsed = 17.311744689941406 (ms)
[RANK0] B @ 634.865966796875 (ms) to 673.194580078125 (ms), cudaEventElapsed = 38.30579376220703 (ms)
[RANK0] W @ 673.416259765625 (ms) to 691.4931640625 (ms), cudaEventElapsed = 18.04902458190918 (ms)
[RANK0] B @ 798.5078125 (ms) to 831.659423828125 (ms), cudaEventElapsed = 33.12742233276367 (ms)
[RANK0] W @ 831.98486328125 (ms) to 847.10302734375 (ms), cudaEventElapsed = 15.094783782958984 (ms)
[RANK0] B @ 862.989990234375 (ms) to 897.2734375 (ms), cudaEventElapsed = 34.25996780395508 (ms)
[RANK0] W @ 897.533203125 (ms) to 913.451904296875 (ms), cudaEventElapsed = 15.89350414276123 (ms)
[RANK0] B @ 973.675537109375 (ms) to 1006.970458984375 (ms), cudaEventElapsed = 33.26976013183594 (ms)
[RANK0] W @ 1007.250732421875 (ms) to 1022.486572265625 (ms), cudaEventElapsed = 15.210495948791504 (ms)
[RANK0] B @ 1065.655517578125 (ms) to 1098.89111328125 (ms), cudaEventElapsed = 33.21446228027344 (ms)
[RANK0] W @ 1099.1943359375 (ms) to 1114.3212890625 (ms), cudaEventElapsed = 15.102975845336914 (ms)
[RANK0] B @ 1115.206787109375 (ms) to 1152.233154296875 (ms), cudaEventElapsed = 37.0063362121582 (ms)
[RANK0] W @ 1152.45458984375 (ms) to 1170.477783203125 (ms), cudaEventElapsed = 18.000896453857422 (ms)
[RANK0] B @ 1184.582275390625 (ms) to 1220.044677734375 (ms), cudaEventElapsed = 35.44166564941406 (ms)
[RANK0] W @ 1220.246826171875 (ms) to 1237.04052734375 (ms), cudaEventElapsed = 16.771072387695312 (ms)
[RANK0] B @ 1256.4501953125 (ms) to 1290.876220703125 (ms), cudaEventElapsed = 34.40639877319336 (ms)
[RANK0] W @ 1291.0810546875 (ms) to 1307.0361328125 (ms), cudaEventElapsed = 15.933440208435059 (ms)
[RANK0] B @ 1328.826416015625 (ms) to 1362.837890625 (ms), cudaEventElapsed = 33.990657806396484 (ms)
[RANK0] W @ 1363.038818359375 (ms) to 1379.185791015625 (ms), cudaEventElapsed = 16.125951766967773 (ms)
[RANK0] B @ 1428.1025390625 (ms) to 1461.325439453125 (ms), cudaEventElapsed = 33.20217514038086 (ms)
[RANK0] W @ 1461.530517578125 (ms) to 1476.953857421875 (ms), cudaEventElapsed = 15.39686393737793 (ms)
[RANK0] B @ 1500.451416015625 (ms) to 1534.37109375 (ms), cudaEventElapsed = 33.89952087402344 (ms)
[RANK0] 1W @ 1534.68359375 (ms) to 1550.788818359375 (ms), cudaEventElapsed = 16.083967208862305 (ms)
[RANK0] Iteration 8
[RANK0] F @ 0.495849609375 (ms) to 26.328125 (ms), cudaEventElapsed = 25.805824279785156 (ms)
[RANK0] F @ 27.234130859375 (ms) to 52.60693359375 (ms), cudaEventElapsed = 25.333759307861328 (ms)
[RANK0] F @ 53.296630859375 (ms) to 80.501220703125 (ms), cudaEventElapsed = 27.181055068969727 (ms)
[RANK0] F @ 81.19189453125 (ms) to 109.489501953125 (ms), cudaEventElapsed = 28.273664474487305 (ms)
[RANK0] F @ 110.1611328125 (ms) to 137.783203125 (ms), cudaEventElapsed = 27.599872589111328 (ms)
[RANK0] F @ 138.443359375 (ms) to 166.31787109375 (ms), cudaEventElapsed = 27.851776123046875 (ms)
[RANK0] F @ 166.996826171875 (ms) to 194.4853515625 (ms), cudaEventElapsed = 27.466751098632812 (ms)
[RANK0] F @ 195.1611328125 (ms) to 223.3193359375 (ms), cudaEventElapsed = 28.13542366027832 (ms)
[RANK0] F @ 223.986083984375 (ms) to 251.86083984375 (ms), cudaEventElapsed = 27.851776123046875 (ms)
[RANK0] F @ 252.55615234375 (ms) to 280.557861328125 (ms), cudaEventElapsed = 27.97772789001465 (ms)
[RANK0] F @ 281.2548828125 (ms) to 308.90283203125 (ms), cudaEventElapsed = 27.625471115112305 (ms)
[RANK0] B @ 545.479736328125 (ms) to 578.69677734375 (ms), cudaEventElapsed = 33.19091033935547 (ms)
[RANK0] F @ 578.9326171875 (ms) to 605.28369140625 (ms), cudaEventElapsed = 26.32703971862793 (ms)
[RANK0] W @ 605.95703125 (ms) to 623.046875 (ms), cudaEventElapsed = 17.062911987304688 (ms)
[RANK0] B @ 628.35791015625 (ms) to 664.672119140625 (ms), cudaEventElapsed = 36.28953552246094 (ms)
[RANK0] W @ 664.911376953125 (ms) to 682.176025390625 (ms), cudaEventElapsed = 17.24006462097168 (ms)
[RANK0] B @ 797.782470703125 (ms) to 830.943115234375 (ms), cudaEventElapsed = 33.13459014892578 (ms)
[RANK0] W @ 831.293212890625 (ms) to 846.274169921875 (ms), cudaEventElapsed = 14.956543922424316 (ms)
[RANK0] B @ 858.697998046875 (ms) to 893.31103515625 (ms), cudaEventElapsed = 34.58867263793945 (ms)
[RANK0] W @ 893.593017578125 (ms) to 910.245849609375 (ms), cudaEventElapsed = 16.62668800354004 (ms)
[RANK0] B @ 964.82275390625 (ms) to 998.149658203125 (ms), cudaEventElapsed = 33.294334411621094 (ms)
[RANK0] W @ 998.385986328125 (ms) to 1013.2802734375 (ms), cudaEventElapsed = 14.86847972869873 (ms)
[RANK0] B @ 1057.668701171875 (ms) to 1091.007568359375 (ms), cudaEventElapsed = 33.316864013671875 (ms)
[RANK0] W @ 1091.357666015625 (ms) to 1106.6962890625 (ms), cudaEventElapsed = 15.312895774841309 (ms)
[RANK0] B @ 1107.586181640625 (ms) to 1143.760986328125 (ms), cudaEventElapsed = 36.153343200683594 (ms)
[RANK0] W @ 1143.9853515625 (ms) to 1161.778076171875 (ms), cudaEventElapsed = 17.769472122192383 (ms)
[RANK0] B @ 1175.621826171875 (ms) to 1210.5576171875 (ms), cudaEventElapsed = 34.91532897949219 (ms)
[RANK0] W @ 1210.75537109375 (ms) to 1226.796875 (ms), cudaEventElapsed = 16.01945686340332 (ms)
[RANK0] B @ 1247.760009765625 (ms) to 1281.85595703125 (ms), cudaEventElapsed = 34.074623107910156 (ms)
[RANK0] W @ 1282.0712890625 (ms) to 1298.2958984375 (ms), cudaEventElapsed = 16.20275115966797 (ms)
[RANK0] B @ 1320.2958984375 (ms) to 1354.334228515625 (ms), cudaEventElapsed = 34.01625442504883 (ms)
[RANK0] W @ 1354.56884765625 (ms) to 1370.68310546875 (ms), cudaEventElapsed = 16.090112686157227 (ms)
[RANK0] B @ 1419.818359375 (ms) to 1453.060546875 (ms), cudaEventElapsed = 33.21855926513672 (ms)
[RANK0] W @ 1453.303466796875 (ms) to 1468.752685546875 (ms), cudaEventElapsed = 15.425536155700684 (ms)
[RANK0] B @ 1491.795654296875 (ms) to 1525.894775390625 (ms), cudaEventElapsed = 34.074623107910156 (ms)
[RANK0] 1W @ 1526.27587890625 (ms) to 1542.451416015625 (ms), cudaEventElapsed = 16.148479461669922 (ms)
[RANK0] Iteration 9
[RANK0] F @ 0.53857421875 (ms) to 26.25390625 (ms), cudaEventElapsed = 25.678848266601562 (ms)
[RANK0] F @ 26.950927734375 (ms) to 52.260498046875 (ms), cudaEventElapsed = 25.28563117980957 (ms)
[RANK0] F @ 52.9658203125 (ms) to 79.796630859375 (ms), cudaEventElapsed = 26.808319091796875 (ms)
[RANK0] F @ 80.482666015625 (ms) to 108.708251953125 (ms), cudaEventElapsed = 28.201984405517578 (ms)
[RANK0] F @ 109.394775390625 (ms) to 137.2744140625 (ms), cudaEventElapsed = 27.856895446777344 (ms)
[RANK0] F @ 137.9765625 (ms) to 165.89404296875 (ms), cudaEventElapsed = 27.893760681152344 (ms)
[RANK0] F @ 166.5966796875 (ms) to 194.176513671875 (ms), cudaEventElapsed = 27.55583953857422 (ms)
[RANK0] F @ 194.891845703125 (ms) to 222.501953125 (ms), cudaEventElapsed = 27.57734489440918 (ms)
[RANK0] F @ 223.203125 (ms) to 251.4833984375 (ms), cudaEventElapsed = 28.256256103515625 (ms)
[RANK0] F @ 252.210205078125 (ms) to 280.42626953125 (ms), cudaEventElapsed = 28.189695358276367 (ms)
[RANK0] F @ 281.176513671875 (ms) to 309.347900390625 (ms), cudaEventElapsed = 28.14361572265625 (ms)
[RANK0] B @ 548.754150390625 (ms) to 581.9423828125 (ms), cudaEventElapsed = 33.161216735839844 (ms)
[RANK0] F @ 582.17138671875 (ms) to 608.5263671875 (ms), cudaEventElapsed = 26.32908821105957 (ms)
[RANK0] W @ 609.236083984375 (ms) to 626.369140625 (ms), cudaEventElapsed = 17.107967376708984 (ms)
[RANK0] B @ 630.5537109375 (ms) to 667.166259765625 (ms), cudaEventElapsed = 36.58854293823242 (ms)
[RANK0] W @ 667.41259765625 (ms) to 684.904052734375 (ms), cudaEventElapsed = 17.464319229125977 (ms)
[RANK0] B @ 800.627197265625 (ms) to 833.910888671875 (ms), cudaEventElapsed = 33.25747299194336 (ms)
[RANK0] W @ 834.259521484375 (ms) to 849.2255859375 (ms), cudaEventElapsed = 14.925824165344238 (ms)
[RANK0] B @ 871.71044921875 (ms) to 905.4755859375 (ms), cudaEventElapsed = 33.739776611328125 (ms)
[RANK0] W @ 905.7568359375 (ms) to 921.84228515625 (ms), cudaEventElapsed = 16.052223205566406 (ms)
[RANK0] B @ 977.596435546875 (ms) to 1011.012451171875 (ms), cudaEventElapsed = 33.38751983642578 (ms)
[RANK0] W @ 1011.295654296875 (ms) to 1026.748046875 (ms), cudaEventElapsed = 15.422464370727539 (ms)
[RANK0] B @ 1071.041015625 (ms) to 1104.401123046875 (ms), cudaEventElapsed = 33.335296630859375 (ms)
[RANK0] W @ 1104.74951171875 (ms) to 1119.912353515625 (ms), cudaEventElapsed = 15.132672309875488 (ms)
[RANK0] B @ 1120.834228515625 (ms) to 1158.07373046875 (ms), cudaEventElapsed = 37.217281341552734 (ms)
[RANK0] W @ 1158.295166015625 (ms) to 1176.34814453125 (ms), cudaEventElapsed = 18.02751922607422 (ms)
[RANK0] B @ 1190.2763671875 (ms) to 1225.7197265625 (ms), cudaEventElapsed = 35.41913604736328 (ms)
[RANK0] W @ 1225.9482421875 (ms) to 1242.935791015625 (ms), cudaEventElapsed = 16.962560653686523 (ms)
[RANK0] B @ 1262.26220703125 (ms) to 1297.029052734375 (ms), cudaEventElapsed = 34.739200592041016 (ms)
[RANK0] W @ 1297.244384765625 (ms) to 1313.52490234375 (ms), cudaEventElapsed = 16.256000518798828 (ms)
[RANK0] B @ 1334.82568359375 (ms) to 1369.175537109375 (ms), cudaEventElapsed = 34.3265266418457 (ms)
[RANK0] W @ 1369.398193359375 (ms) to 1385.72509765625 (ms), cudaEventElapsed = 16.303104400634766 (ms)
[RANK0] B @ 1436.620849609375 (ms) to 1469.97900390625 (ms), cudaEventElapsed = 33.326080322265625 (ms)
[RANK0] W @ 1470.226318359375 (ms) to 1485.695068359375 (ms), cudaEventElapsed = 15.443967819213867 (ms)
[RANK0] B @ 1509.5244140625 (ms) to 1543.4384765625 (ms), cudaEventElapsed = 33.891326904296875 (ms)
[RANK0] 1W @ 1543.7880859375 (ms) to 1559.302734375 (ms), cudaEventElapsed = 15.48799991607666 (ms)
