[RANK1] Iteration 1
[RANK1] F @ 518.049560546875 (ms) to 733.99853515625 (ms), cudaEventElapsed = 215.90835571289062 (ms)
[RANK1] F @ 735.7353515625 (ms) to 768.92822265625 (ms), cudaEventElapsed = 33.16019058227539 (ms)
[RANK1] F @ 770.48876953125 (ms) to 805.681640625 (ms), cudaEventElapsed = 35.16313552856445 (ms)
[RANK1] F @ 807.334228515625 (ms) to 843.3935546875 (ms), cudaEventElapsed = 36.029441833496094 (ms)
[RANK1] F @ 844.9404296875 (ms) to 880.47998046875 (ms), cudaEventElapsed = 35.51027297973633 (ms)
[RANK1] B @ 1675.458984375 (ms) to 1742.04248046875 (ms), cudaEventElapsed = 66.55078125 (ms)
[RANK1] F @ 1743.5400390625 (ms) to 1775.796630859375 (ms), cudaEventElapsed = 32.22835159301758 (ms)
[RANK1] B @ 1777.7236328125 (ms) to 1822.882568359375 (ms), cudaEventElapsed = 45.127681732177734 (ms)
[RANK1] F @ 1824.3486328125 (ms) to 1857.7470703125 (ms), cudaEventElapsed = 33.370113372802734 (ms)
[RANK1] B @ 1859.544921875 (ms) to 1903.823974609375 (ms), cudaEventElapsed = 44.2531852722168 (ms)
[RANK1] F @ 1905.514892578125 (ms) to 1938.6708984375 (ms), cudaEventElapsed = 33.124351501464844 (ms)
[RANK1] B @ 1940.379150390625 (ms) to 1984.7529296875 (ms), cudaEventElapsed = 44.34431838989258 (ms)
[RANK1] F @ 1986.137451171875 (ms) to 2019.41650390625 (ms), cudaEventElapsed = 33.25030517578125 (ms)
[RANK1] B @ 2021.372802734375 (ms) to 2066.09423828125 (ms), cudaEventElapsed = 44.68940734863281 (ms)
[RANK1] F @ 2067.37548828125 (ms) to 2100.66162109375 (ms), cudaEventElapsed = 33.263614654541016 (ms)
[RANK1] B @ 2102.056640625 (ms) to 2146.30908203125 (ms), cudaEventElapsed = 44.228607177734375 (ms)
[RANK1] F @ 2147.75830078125 (ms) to 2181.02734375 (ms), cudaEventElapsed = 33.24211120605469 (ms)
[RANK1] B @ 2182.635986328125 (ms) to 2226.2509765625 (ms), cudaEventElapsed = 43.58348846435547 (ms)
[RANK1] F @ 2227.635498046875 (ms) to 2260.8447265625 (ms), cudaEventElapsed = 33.18272018432617 (ms)
[RANK1] B @ 2262.406494140625 (ms) to 2306.8876953125 (ms), cudaEventElapsed = 44.453887939453125 (ms)
[RANK1] W @ 2307.668212890625 (ms) to 2328.742919921875 (ms), cudaEventElapsed = 21.048320770263672 (ms)
[RANK1] B @ 2329.565185546875 (ms) to 2371.802734375 (ms), cudaEventElapsed = 42.21644973754883 (ms)
[RANK1] W @ 2372.5244140625 (ms) to 2392.90380859375 (ms), cudaEventElapsed = 20.357120513916016 (ms)
[RANK1] B @ 2400.4658203125 (ms) to 2442.190185546875 (ms), cudaEventElapsed = 41.70342254638672 (ms)
[RANK1] W @ 2442.953857421875 (ms) to 2462.818115234375 (ms), cudaEventElapsed = 19.84307289123535 (ms)
[RANK1] B @ 2467.148193359375 (ms) to 2508.39599609375 (ms), cudaEventElapsed = 41.227264404296875 (ms)
[RANK1] W @ 2509.14111328125 (ms) to 2528.8759765625 (ms), cudaEventElapsed = 19.709951400756836 (ms)
[RANK1] B @ 2529.674560546875 (ms) to 2571.5234375 (ms), cudaEventElapsed = 41.82835388183594 (ms)
[RANK1] 8W @ 2573.527099609375 (ms) to 2748.31103515625 (ms), cudaEventElapsed = 174.7589111328125 (ms)
[RANK1] Iteration 2
[RANK1] F @ 32.808349609375 (ms) to 64.74267578125 (ms), cudaEventElapsed = 31.908863067626953 (ms)
[RANK1] F @ 66.11962890625 (ms) to 100.4892578125 (ms), cudaEventElapsed = 34.34291076660156 (ms)
[RANK1] F @ 101.908935546875 (ms) to 138.203125 (ms), cudaEventElapsed = 36.26598358154297 (ms)
[RANK1] F @ 139.807373046875 (ms) to 176.018798828125 (ms), cudaEventElapsed = 36.180992126464844 (ms)
[RANK1] F @ 177.63671875 (ms) to 335.526123046875 (ms), cudaEventElapsed = 157.85983276367188 (ms)
[RANK1] B @ 337.360107421875 (ms) to 380.7138671875 (ms), cudaEventElapsed = 43.32646560668945 (ms)
[RANK1] F @ 382.951171875 (ms) to 417.896240234375 (ms), cudaEventElapsed = 34.91737747192383 (ms)
[RANK1] B @ 420.039306640625 (ms) to 465.9609375 (ms), cudaEventElapsed = 45.892608642578125 (ms)
[RANK1] F @ 467.543212890625 (ms) to 503.078369140625 (ms), cudaEventElapsed = 35.50822448730469 (ms)
[RANK1] B @ 504.755126953125 (ms) to 550.321533203125 (ms), cudaEventElapsed = 45.53523254394531 (ms)
[RANK1] F @ 551.8388671875 (ms) to 587.505859375 (ms), cudaEventElapsed = 35.63827133178711 (ms)
[RANK1] B @ 589.187255859375 (ms) to 635.207763671875 (ms), cudaEventElapsed = 45.99193572998047 (ms)
[RANK1] F @ 636.788330078125 (ms) to 672.442626953125 (ms), cudaEventElapsed = 35.624961853027344 (ms)
[RANK1] B @ 674.112060546875 (ms) to 719.49072265625 (ms), cudaEventElapsed = 45.34988784790039 (ms)
[RANK1] F @ 754.1318359375 (ms) to 785.950439453125 (ms), cudaEventElapsed = 31.79110336303711 (ms)
[RANK1] B @ 788.14404296875 (ms) to 832.349853515625 (ms), cudaEventElapsed = 44.17843246459961 (ms)
[RANK1] F @ 833.751708984375 (ms) to 869.496826171875 (ms), cudaEventElapsed = 35.71712112426758 (ms)
[RANK1] B @ 871.2099609375 (ms) to 917.1435546875 (ms), cudaEventElapsed = 45.8864631652832 (ms)
[RANK1] F @ 918.6044921875 (ms) to 953.884521484375 (ms), cudaEventElapsed = 35.25120162963867 (ms)
[RANK1] B @ 955.26904296875 (ms) to 1000.63427734375 (ms), cudaEventElapsed = 45.34067153930664 (ms)
[RANK1] W @ 1001.416748046875 (ms) to 1024.42138671875 (ms), cudaEventElapsed = 22.978559494018555 (ms)
[RANK1] B @ 1037.051025390625 (ms) to 1081.6728515625 (ms), cudaEventElapsed = 44.59724807739258 (ms)
[RANK1] W @ 1082.485107421875 (ms) to 1104.86572265625 (ms), cudaEventElapsed = 22.356992721557617 (ms)
[RANK1] B @ 1120.309326171875 (ms) to 1164.11279296875 (ms), cudaEventElapsed = 43.78112030029297 (ms)
[RANK1] W @ 1164.86865234375 (ms) to 1187.5771484375 (ms), cudaEventElapsed = 22.68569564819336 (ms)
[RANK1] B @ 1194.7294921875 (ms) to 1245.392578125 (ms), cudaEventElapsed = 50.64191818237305 (ms)
[RANK1] W @ 1246.17724609375 (ms) to 1270.8369140625 (ms), cudaEventElapsed = 24.637439727783203 (ms)
[RANK1] B @ 1271.6318359375 (ms) to 1318.797119140625 (ms), cudaEventElapsed = 47.142913818359375 (ms)
[RANK1] 8W @ 1320.709716796875 (ms) to 1535.462158203125 (ms), cudaEventElapsed = 214.72256469726562 (ms)
[RANK1] Iteration 3
[RANK1] F @ 33.72265625 (ms) to 68.068115234375 (ms), cudaEventElapsed = 34.316287994384766 (ms)
[RANK1] F @ 69.595947265625 (ms) to 102.93017578125 (ms), cudaEventElapsed = 33.3045768737793 (ms)
[RANK1] F @ 104.51708984375 (ms) to 140.251220703125 (ms), cudaEventElapsed = 35.701759338378906 (ms)
[RANK1] F @ 142.007080078125 (ms) to 178.12744140625 (ms), cudaEventElapsed = 36.09088134765625 (ms)
[RANK1] F @ 179.697265625 (ms) to 215.704833984375 (ms), cudaEventElapsed = 35.97516632080078 (ms)
[RANK1] F @ 217.314697265625 (ms) to 253.805419921875 (ms), cudaEventElapsed = 36.46156692504883 (ms)
[RANK1] F @ 255.59716796875 (ms) to 292.134521484375 (ms), cudaEventElapsed = 36.50764846801758 (ms)
[RANK1] F @ 293.71337890625 (ms) to 329.77392578125 (ms), cudaEventElapsed = 36.03046417236328 (ms)
[RANK1] F @ 331.230712890625 (ms) to 382.58203125 (ms), cudaEventElapsed = 51.322879791259766 (ms)
[RANK1] B @ 492.218994140625 (ms) to 533.46044921875 (ms), cudaEventElapsed = 41.213951110839844 (ms)
[RANK1] F @ 534.97802734375 (ms) to 569.64111328125 (ms), cudaEventElapsed = 34.63679885864258 (ms)
[RANK1] B @ 571.189697265625 (ms) to 617.282470703125 (ms), cudaEventElapsed = 46.0656623840332 (ms)
[RANK1] F @ 618.68896484375 (ms) to 654.263427734375 (ms), cudaEventElapsed = 35.54713439941406 (ms)
[RANK1] F @ 655.791015625 (ms) to 692.058837890625 (ms), cudaEventElapsed = 36.23936080932617 (ms)
[RANK1] B @ 693.617919921875 (ms) to 781.324462890625 (ms), cudaEventElapsed = 87.6789779663086 (ms)
[RANK1] B @ 783.076416015625 (ms) to 851.656982421875 (ms), cudaEventElapsed = 68.55474853515625 (ms)
[RANK1] W @ 852.67529296875 (ms) to 872.368896484375 (ms), cudaEventElapsed = 19.661823272705078 (ms)
[RANK1] B @ 873.25830078125 (ms) to 957.980712890625 (ms), cudaEventElapsed = 84.68787384033203 (ms)
[RANK1] W @ 958.833984375 (ms) to 979.032958984375 (ms), cudaEventElapsed = 20.171775817871094 (ms)
[RANK1] W @ 979.428955078125 (ms) to 1002.34033203125 (ms), cudaEventElapsed = 22.8853759765625 (ms)
[RANK1] B @ 1003.35498046875 (ms) to 1051.251708984375 (ms), cudaEventElapsed = 47.87712097167969 (ms)
[RANK1] B @ 1052.484130859375 (ms) to 1098.190185546875 (ms), cudaEventElapsed = 45.685760498046875 (ms)
[RANK1] W @ 1099.599853515625 (ms) to 1123.695556640625 (ms), cudaEventElapsed = 24.068096160888672 (ms)
[RANK1] B @ 1124.470703125 (ms) to 1171.0986328125 (ms), cudaEventElapsed = 46.60736083984375 (ms)
[RANK1] W @ 1171.837890625 (ms) to 1195.725341796875 (ms), cudaEventElapsed = 23.86636734008789 (ms)
[RANK1] B @ 1196.479248046875 (ms) to 1244.21142578125 (ms), cudaEventElapsed = 47.71123123168945 (ms)
[RANK1] W @ 1244.956298828125 (ms) to 1269.3671875 (ms), cudaEventElapsed = 24.389631271362305 (ms)
[RANK1] B @ 1270.133544921875 (ms) to 1317.813232421875 (ms), cudaEventElapsed = 47.65900802612305 (ms)
[RANK1] W @ 1318.492431640625 (ms) to 1343.147216796875 (ms), cudaEventElapsed = 24.633344650268555 (ms)
[RANK1] W @ 1343.419677734375 (ms) to 1370.59716796875 (ms), cudaEventElapsed = 27.15648078918457 (ms)
[RANK1] B @ 1371.346923828125 (ms) to 1419.973388671875 (ms), cudaEventElapsed = 48.60620880126953 (ms)
[RANK1] W @ 1420.721435546875 (ms) to 1445.385498046875 (ms), cudaEventElapsed = 24.642559051513672 (ms)
[RANK1] B @ 1446.148681640625 (ms) to 1492.732177734375 (ms), cudaEventElapsed = 46.56332778930664 (ms)
[RANK1] 3W @ 1494.1044921875 (ms) to 1572.216064453125 (ms), cudaEventElapsed = 78.08716583251953 (ms)
[RANK1] Iteration 4
[RANK1] F @ 33.6083984375 (ms) to 66.06201171875 (ms), cudaEventElapsed = 32.42496109008789 (ms)
[RANK1] F @ 67.591796875 (ms) to 101.299560546875 (ms), cudaEventElapsed = 33.677310943603516 (ms)
[RANK1] F @ 102.86669921875 (ms) to 139.214111328125 (ms), cudaEventElapsed = 36.31923294067383 (ms)
[RANK1] F @ 140.89404296875 (ms) to 177.25146484375 (ms), cudaEventElapsed = 36.327423095703125 (ms)
[RANK1] F @ 178.807861328125 (ms) to 215.131591796875 (ms), cudaEventElapsed = 36.292606353759766 (ms)
[RANK1] F @ 216.730712890625 (ms) to 252.802490234375 (ms), cudaEventElapsed = 36.04275131225586 (ms)
[RANK1] F @ 255.70751953125 (ms) to 291.962890625 (ms), cudaEventElapsed = 36.22297668457031 (ms)
[RANK1] F @ 293.520263671875 (ms) to 329.81884765625 (ms), cudaEventElapsed = 36.27008056640625 (ms)
[RANK1] F @ 331.238525390625 (ms) to 386.98876953125 (ms), cudaEventElapsed = 55.72300720214844 (ms)
[RANK1] B @ 499.4384765625 (ms) to 540.69677734375 (ms), cudaEventElapsed = 41.236480712890625 (ms)
[RANK1] F @ 542.046142578125 (ms) to 575.589111328125 (ms), cudaEventElapsed = 33.519615173339844 (ms)
[RANK1] B @ 576.904541015625 (ms) to 622.993408203125 (ms), cudaEventElapsed = 46.0656623840332 (ms)
[RANK1] F @ 624.226318359375 (ms) to 659.63232421875 (ms), cudaEventElapsed = 35.385345458984375 (ms)
[RANK1] F @ 660.919921875 (ms) to 696.611572265625 (ms), cudaEventElapsed = 35.66592025756836 (ms)
[RANK1] B @ 697.96337890625 (ms) to 793.569091796875 (ms), cudaEventElapsed = 95.58425903320312 (ms)
[RANK1] B @ 795.357177734375 (ms) to 863.0146484375 (ms), cudaEventElapsed = 67.631103515625 (ms)
[RANK1] W @ 863.77392578125 (ms) to 884.130859375 (ms), cudaEventElapsed = 20.332544326782227 (ms)
[RANK1] B @ 884.939208984375 (ms) to 968.82763671875 (ms), cudaEventElapsed = 83.86662292480469 (ms)
[RANK1] W @ 969.570556640625 (ms) to 989.425537109375 (ms), cudaEventElapsed = 19.83078384399414 (ms)
[RANK1] W @ 989.7314453125 (ms) to 1012.26220703125 (ms), cudaEventElapsed = 22.50649642944336 (ms)
[RANK1] B @ 1013.13671875 (ms) to 1062.313232421875 (ms), cudaEventElapsed = 49.156097412109375 (ms)
[RANK1] B @ 1063.596435546875 (ms) to 1109.17822265625 (ms), cudaEventElapsed = 45.55775833129883 (ms)
[RANK1] W @ 1110.5048828125 (ms) to 1133.969970703125 (ms), cudaEventElapsed = 23.438335418701172 (ms)
[RANK1] B @ 1134.770751953125 (ms) to 1182.6806640625 (ms), cudaEventElapsed = 47.88838577270508 (ms)
[RANK1] W @ 1183.459716796875 (ms) to 1208.043212890625 (ms), cudaEventElapsed = 24.560640335083008 (ms)
[RANK1] B @ 1208.8359375 (ms) to 1255.3994140625 (ms), cudaEventElapsed = 46.54387283325195 (ms)
[RANK1] W @ 1256.173583984375 (ms) to 1280.388671875 (ms), cudaEventElapsed = 24.191999435424805 (ms)
[RANK1] B @ 1281.173095703125 (ms) to 1328.39453125 (ms), cudaEventElapsed = 47.20025634765625 (ms)
[RANK1] W @ 1329.100341796875 (ms) to 1352.800048828125 (ms), cudaEventElapsed = 23.6759033203125 (ms)
[RANK1] W @ 1353.1220703125 (ms) to 1381.599853515625 (ms), cudaEventElapsed = 28.450815200805664 (ms)
[RANK1] B @ 1382.383544921875 (ms) to 1431.4140625 (ms), cudaEventElapsed = 49.01068878173828 (ms)
[RANK1] W @ 1432.200439453125 (ms) to 1456.778564453125 (ms), cudaEventElapsed = 24.556543350219727 (ms)
[RANK1] B @ 1457.568603515625 (ms) to 1505.008056640625 (ms), cudaEventElapsed = 47.41836929321289 (ms)
[RANK1] 3W @ 1506.468017578125 (ms) to 1583.743896484375 (ms), cudaEventElapsed = 77.2515869140625 (ms)
[RANK1] Iteration 5
[RANK1] F @ 32.0615234375 (ms) to 64.280029296875 (ms), cudaEventElapsed = 32.1894416809082 (ms)
[RANK1] F @ 65.8291015625 (ms) to 99.97412109375 (ms), cudaEventElapsed = 34.116607666015625 (ms)
[RANK1] F @ 101.570556640625 (ms) to 138.79248046875 (ms), cudaEventElapsed = 37.191680908203125 (ms)
[RANK1] F @ 140.489013671875 (ms) to 177.045166015625 (ms), cudaEventElapsed = 36.527103424072266 (ms)
[RANK1] F @ 178.64404296875 (ms) to 214.4501953125 (ms), cudaEventElapsed = 35.77753448486328 (ms)
[RANK1] F @ 216.0107421875 (ms) to 251.59814453125 (ms), cudaEventElapsed = 35.559425354003906 (ms)
[RANK1] F @ 253.281494140625 (ms) to 289.0927734375 (ms), cudaEventElapsed = 35.782657623291016 (ms)
[RANK1] F @ 290.672607421875 (ms) to 326.494873046875 (ms), cudaEventElapsed = 35.79391860961914 (ms)
[RANK1] F @ 327.91845703125 (ms) to 381.780029296875 (ms), cudaEventElapsed = 53.8337287902832 (ms)
[RANK1] B @ 496.57470703125 (ms) to 537.614013671875 (ms), cudaEventElapsed = 41.01017761230469 (ms)
[RANK1] F @ 539.17919921875 (ms) to 573.122802734375 (ms), cudaEventElapsed = 33.9159049987793 (ms)
[RANK1] B @ 574.679443359375 (ms) to 619.724853515625 (ms), cudaEventElapsed = 45.01811218261719 (ms)
[RANK1] F @ 621.169189453125 (ms) to 656.65234375 (ms), cudaEventElapsed = 35.45292663574219 (ms)
[RANK1] F @ 658.164306640625 (ms) to 693.98974609375 (ms), cudaEventElapsed = 35.796993255615234 (ms)
[RANK1] B @ 695.53125 (ms) to 783.22314453125 (ms), cudaEventElapsed = 87.65644836425781 (ms)
[RANK1] B @ 785.039794921875 (ms) to 852.4521484375 (ms), cudaEventElapsed = 67.38636779785156 (ms)
[RANK1] W @ 853.37060546875 (ms) to 872.93017578125 (ms), cudaEventElapsed = 19.533824920654297 (ms)
[RANK1] B @ 873.8076171875 (ms) to 957.386962890625 (ms), cudaEventElapsed = 83.55430603027344 (ms)
[RANK1] W @ 958.2255859375 (ms) to 977.88525390625 (ms), cudaEventElapsed = 19.63315200805664 (ms)
[RANK1] W @ 978.291259765625 (ms) to 1001.064453125 (ms), cudaEventElapsed = 22.747135162353516 (ms)
[RANK1] B @ 1001.924072265625 (ms) to 1050.302734375 (ms), cudaEventElapsed = 48.35737609863281 (ms)
[RANK1] B @ 1051.549072265625 (ms) to 1096.860595703125 (ms), cudaEventElapsed = 45.290496826171875 (ms)
[RANK1] W @ 1098.3193359375 (ms) to 1121.247802734375 (ms), cudaEventElapsed = 22.90380859375 (ms)
[RANK1] B @ 1122.01220703125 (ms) to 1169.15380859375 (ms), cudaEventElapsed = 47.120384216308594 (ms)
[RANK1] W @ 1169.942626953125 (ms) to 1194.047119140625 (ms), cudaEventElapsed = 24.08243179321289 (ms)
[RANK1] B @ 1194.816650390625 (ms) to 1241.250732421875 (ms), cudaEventElapsed = 46.413822174072266 (ms)
[RANK1] W @ 1242.040283203125 (ms) to 1265.9111328125 (ms), cudaEventElapsed = 23.848960876464844 (ms)
[RANK1] B @ 1266.68017578125 (ms) to 1313.5869140625 (ms), cudaEventElapsed = 46.878719329833984 (ms)
[RANK1] W @ 1314.27490234375 (ms) to 1337.662841796875 (ms), cudaEventElapsed = 23.365631103515625 (ms)
[RANK1] W @ 1337.950927734375 (ms) to 1364.521240234375 (ms), cudaEventElapsed = 26.5482234954834 (ms)
[RANK1] B @ 1365.300048828125 (ms) to 1415.00244140625 (ms), cudaEventElapsed = 49.682430267333984 (ms)
[RANK1] W @ 1415.7890625 (ms) to 1440.14404296875 (ms), cudaEventElapsed = 24.33126449584961 (ms)
[RANK1] B @ 1440.903076171875 (ms) to 1488.205078125 (ms), cudaEventElapsed = 47.28217697143555 (ms)
[RANK1] 3W @ 1489.638427734375 (ms) to 1566.52685546875 (ms), cudaEventElapsed = 76.86144256591797 (ms)
[RANK1] Iteration 6
[RANK1] F @ 32.18310546875 (ms) to 64.401123046875 (ms), cudaEventElapsed = 32.18329620361328 (ms)
[RANK1] F @ 66.083740234375 (ms) to 100.501953125 (ms), cudaEventElapsed = 34.374656677246094 (ms)
[RANK1] F @ 102.260498046875 (ms) to 137.794189453125 (ms), cudaEventElapsed = 35.507198333740234 (ms)
[RANK1] F @ 139.485595703125 (ms) to 175.384033203125 (ms), cudaEventElapsed = 35.86969757080078 (ms)
[RANK1] F @ 176.94189453125 (ms) to 212.83154296875 (ms), cudaEventElapsed = 35.85740661621094 (ms)
[RANK1] F @ 214.52392578125 (ms) to 250.168212890625 (ms), cudaEventElapsed = 35.60755157470703 (ms)
[RANK1] F @ 251.87841796875 (ms) to 288.31787109375 (ms), cudaEventElapsed = 36.408321380615234 (ms)
[RANK1] F @ 289.953125 (ms) to 325.985595703125 (ms), cudaEventElapsed = 36.001792907714844 (ms)
[RANK1] F @ 327.449951171875 (ms) to 381.915771484375 (ms), cudaEventElapsed = 54.437889099121094 (ms)
[RANK1] B @ 495.684326171875 (ms) to 536.6640625 (ms), cudaEventElapsed = 40.955902099609375 (ms)
[RANK1] F @ 537.997314453125 (ms) to 571.446044921875 (ms), cudaEventElapsed = 33.42438507080078 (ms)
[RANK1] B @ 572.775634765625 (ms) to 618.705322265625 (ms), cudaEventElapsed = 45.90284729003906 (ms)
[RANK1] F @ 619.9873046875 (ms) to 655.28173828125 (ms), cudaEventElapsed = 35.27167892456055 (ms)
[RANK1] F @ 656.619140625 (ms) to 692.549072265625 (ms), cudaEventElapsed = 35.904510498046875 (ms)
[RANK1] B @ 693.883056640625 (ms) to 783.798828125 (ms), cudaEventElapsed = 89.89389038085938 (ms)
[RANK1] B @ 785.558349609375 (ms) to 855.85498046875 (ms), cudaEventElapsed = 70.2740478515625 (ms)
[RANK1] W @ 856.834228515625 (ms) to 876.926513671875 (ms), cudaEventElapsed = 20.06425666809082 (ms)
[RANK1] B @ 877.82568359375 (ms) to 961.3583984375 (ms), cudaEventElapsed = 83.50617980957031 (ms)
[RANK1] W @ 962.2255859375 (ms) to 981.85205078125 (ms), cudaEventElapsed = 19.600383758544922 (ms)
[RANK1] W @ 982.299072265625 (ms) to 1004.13037109375 (ms), cudaEventElapsed = 21.805055618286133 (ms)
[RANK1] B @ 1005.162353515625 (ms) to 1053.509033203125 (ms), cudaEventElapsed = 48.30924987792969 (ms)
[RANK1] B @ 1054.73291015625 (ms) to 1100.139892578125 (ms), cudaEventElapsed = 45.38470458984375 (ms)
[RANK1] W @ 1101.433837890625 (ms) to 1123.97705078125 (ms), cudaEventElapsed = 22.519807815551758 (ms)
[RANK1] B @ 1124.734130859375 (ms) to 1171.578125 (ms), cudaEventElapsed = 46.82137680053711 (ms)
[RANK1] W @ 1172.39111328125 (ms) to 1196.71435546875 (ms), cudaEventElapsed = 24.30054473876953 (ms)
[RANK1] B @ 1197.482177734375 (ms) to 1243.712158203125 (ms), cudaEventElapsed = 46.20800018310547 (ms)
[RANK1] W @ 1244.470703125 (ms) to 1268.007080078125 (ms), cudaEventElapsed = 23.51308822631836 (ms)
[RANK1] B @ 1268.814453125 (ms) to 1316.343505859375 (ms), cudaEventElapsed = 47.508480072021484 (ms)
[RANK1] W @ 1317.022705078125 (ms) to 1341.225830078125 (ms), cudaEventElapsed = 24.179712295532227 (ms)
[RANK1] W @ 1341.519287109375 (ms) to 1367.24462890625 (ms), cudaEventElapsed = 25.70035171508789 (ms)
[RANK1] B @ 1368.014892578125 (ms) to 1416.958251953125 (ms), cudaEventElapsed = 48.921600341796875 (ms)
[RANK1] W @ 1417.7294921875 (ms) to 1441.94287109375 (ms), cudaEventElapsed = 24.191999435424805 (ms)
[RANK1] B @ 1442.709228515625 (ms) to 1489.531494140625 (ms), cudaEventElapsed = 46.80089569091797 (ms)
[RANK1] 3W @ 1491.001953125 (ms) to 1568.02685546875 (ms), cudaEventElapsed = 76.9986572265625 (ms)
[RANK1] Iteration 7
[RANK1] F @ 32.204833984375 (ms) to 64.463134765625 (ms), cudaEventElapsed = 32.22937774658203 (ms)
[RANK1] F @ 66.031494140625 (ms) to 99.73095703125 (ms), cudaEventElapsed = 33.67116928100586 (ms)
[RANK1] F @ 101.31201171875 (ms) to 137.88818359375 (ms), cudaEventElapsed = 36.541439056396484 (ms)
[RANK1] F @ 140.5625 (ms) to 176.327392578125 (ms), cudaEventElapsed = 35.73555374145508 (ms)
[RANK1] F @ 177.905517578125 (ms) to 213.650146484375 (ms), cudaEventElapsed = 35.71200180053711 (ms)
[RANK1] F @ 215.2568359375 (ms) to 251.17138671875 (ms), cudaEventElapsed = 35.87481689453125 (ms)
[RANK1] F @ 252.897216796875 (ms) to 289.561279296875 (ms), cudaEventElapsed = 36.631553649902344 (ms)
[RANK1] F @ 291.23486328125 (ms) to 327.36181640625 (ms), cudaEventElapsed = 36.094974517822266 (ms)
[RANK1] F @ 328.806884765625 (ms) to 384.22802734375 (ms), cudaEventElapsed = 55.39225769042969 (ms)
[RANK1] B @ 507.493408203125 (ms) to 548.537109375 (ms), cudaEventElapsed = 41.0142707824707 (ms)
[RANK1] F @ 550.1328125 (ms) to 584.149658203125 (ms), cudaEventElapsed = 33.98758316040039 (ms)
[RANK1] B @ 585.73291015625 (ms) to 630.626953125 (ms), cudaEventElapsed = 44.8645133972168 (ms)
[RANK1] F @ 632.1962890625 (ms) to 667.43115234375 (ms), cudaEventElapsed = 35.20307159423828 (ms)
[RANK1] F @ 668.944580078125 (ms) to 705.002197265625 (ms), cudaEventElapsed = 36.029441833496094 (ms)
[RANK1] B @ 706.550048828125 (ms) to 794.201416015625 (ms), cudaEventElapsed = 87.62470245361328 (ms)
[RANK1] B @ 796.019287109375 (ms) to 858.58056640625 (ms), cudaEventElapsed = 62.53567886352539 (ms)
[RANK1] W @ 859.351318359375 (ms) to 879.813232421875 (ms), cudaEventElapsed = 20.44108772277832 (ms)
[RANK1] B @ 880.59619140625 (ms) to 969.290283203125 (ms), cudaEventElapsed = 88.67327880859375 (ms)
[RANK1] W @ 970.121337890625 (ms) to 989.749755859375 (ms), cudaEventElapsed = 19.602432250976562 (ms)
[RANK1] W @ 990.16845703125 (ms) to 1012.30078125 (ms), cudaEventElapsed = 22.107135772705078 (ms)
[RANK1] B @ 1013.3369140625 (ms) to 1061.513671875 (ms), cudaEventElapsed = 48.15155029296875 (ms)
[RANK1] B @ 1062.76123046875 (ms) to 1107.843994140625 (ms), cudaEventElapsed = 45.063167572021484 (ms)
[RANK1] W @ 1109.38818359375 (ms) to 1132.3251953125 (ms), cudaEventElapsed = 22.91200065612793 (ms)
[RANK1] B @ 1133.09765625 (ms) to 1180.2607421875 (ms), cudaEventElapsed = 47.14188766479492 (ms)
[RANK1] W @ 1181.05029296875 (ms) to 1205.146728515625 (ms), cudaEventElapsed = 24.07526397705078 (ms)
[RANK1] B @ 1205.92041015625 (ms) to 1252.269287109375 (ms), cudaEventElapsed = 46.329856872558594 (ms)
[RANK1] W @ 1253.040283203125 (ms) to 1277.004638671875 (ms), cudaEventElapsed = 23.940095901489258 (ms)
[RANK1] B @ 1277.809814453125 (ms) to 1324.525390625 (ms), cudaEventElapsed = 46.6954231262207 (ms)
[RANK1] W @ 1325.19580078125 (ms) to 1348.520263671875 (ms), cudaEventElapsed = 23.30316734313965 (ms)
[RANK1] W @ 1348.806884765625 (ms) to 1375.01953125 (ms), cudaEventElapsed = 26.189823150634766 (ms)
[RANK1] B @ 1375.809814453125 (ms) to 1423.945068359375 (ms), cudaEventElapsed = 48.114688873291016 (ms)
[RANK1] W @ 1424.7236328125 (ms) to 1448.451904296875 (ms), cudaEventElapsed = 23.7076473236084 (ms)
[RANK1] B @ 1449.21240234375 (ms) to 1496.439697265625 (ms), cudaEventElapsed = 47.20640182495117 (ms)
[RANK1] 3W @ 1497.91259765625 (ms) to 1575.1865234375 (ms), cudaEventElapsed = 77.2495346069336 (ms)
[RANK1] Iteration 8
[RANK1] F @ 32.38232421875 (ms) to 64.65380859375 (ms), cudaEventElapsed = 32.24166488647461 (ms)
[RANK1] F @ 66.18701171875 (ms) to 100.046875 (ms), cudaEventElapsed = 33.83091354370117 (ms)
[RANK1] F @ 101.617431640625 (ms) to 138.00927734375 (ms), cudaEventElapsed = 36.364288330078125 (ms)
[RANK1] F @ 139.681640625 (ms) to 175.539306640625 (ms), cudaEventElapsed = 35.8287353515625 (ms)
[RANK1] F @ 177.1298828125 (ms) to 213.190673828125 (ms), cudaEventElapsed = 36.03148651123047 (ms)
[RANK1] F @ 214.89990234375 (ms) to 250.83349609375 (ms), cudaEventElapsed = 35.90963363647461 (ms)
[RANK1] F @ 252.51416015625 (ms) to 288.354248046875 (ms), cudaEventElapsed = 35.81235122680664 (ms)
[RANK1] F @ 289.915771484375 (ms) to 326.033447265625 (ms), cudaEventElapsed = 36.08883285522461 (ms)
[RANK1] F @ 327.467529296875 (ms) to 381.241455078125 (ms), cudaEventElapsed = 53.745662689208984 (ms)
[RANK1] B @ 500.01708984375 (ms) to 541.104736328125 (ms), cudaEventElapsed = 41.06035232543945 (ms)
[RANK1] F @ 542.635986328125 (ms) to 576.4619140625 (ms), cudaEventElapsed = 33.79916763305664 (ms)
[RANK1] B @ 578.02392578125 (ms) to 624.112548828125 (ms), cudaEventElapsed = 46.060543060302734 (ms)
[RANK1] F @ 625.544677734375 (ms) to 660.849853515625 (ms), cudaEventElapsed = 35.27782440185547 (ms)
[RANK1] F @ 662.1298828125 (ms) to 697.980224609375 (ms), cudaEventElapsed = 35.82771301269531 (ms)
[RANK1] B @ 699.275390625 (ms) to 793.4443359375 (ms), cudaEventElapsed = 94.14553833007812 (ms)
[RANK1] B @ 795.285888671875 (ms) to 854.302734375 (ms), cudaEventElapsed = 58.982398986816406 (ms)
[RANK1] W @ 855.34716796875 (ms) to 875.4658203125 (ms), cudaEventElapsed = 20.073471069335938 (ms)
[RANK1] B @ 876.394287109375 (ms) to 960.406005859375 (ms), cudaEventElapsed = 83.98438262939453 (ms)
[RANK1] W @ 961.217529296875 (ms) to 981.443603515625 (ms), cudaEventElapsed = 20.199424743652344 (ms)
[RANK1] W @ 981.871337890625 (ms) to 1005.011474609375 (ms), cudaEventElapsed = 23.113727569580078 (ms)
[RANK1] B @ 1006.036376953125 (ms) to 1053.331298828125 (ms), cudaEventElapsed = 47.26784133911133 (ms)
[RANK1] B @ 1054.74951171875 (ms) to 1099.781982421875 (ms), cudaEventElapsed = 45.00582504272461 (ms)
[RANK1] W @ 1101.095947265625 (ms) to 1124.237060546875 (ms), cudaEventElapsed = 23.113727569580078 (ms)
[RANK1] B @ 1125.012451171875 (ms) to 1171.2666015625 (ms), cudaEventElapsed = 46.23155212402344 (ms)
[RANK1] W @ 1172.046630859375 (ms) to 1196.038818359375 (ms), cudaEventElapsed = 23.969791412353516 (ms)
[RANK1] B @ 1196.799560546875 (ms) to 1243.60888671875 (ms), cudaEventElapsed = 46.78860855102539 (ms)
[RANK1] W @ 1244.391357421875 (ms) to 1268.213623046875 (ms), cudaEventElapsed = 23.797760009765625 (ms)
[RANK1] B @ 1269.011474609375 (ms) to 1315.950439453125 (ms), cudaEventElapsed = 46.91865539550781 (ms)
[RANK1] W @ 1316.638671875 (ms) to 1340.986328125 (ms), cudaEventElapsed = 24.32512092590332 (ms)
[RANK1] W @ 1341.271240234375 (ms) to 1367.013916015625 (ms), cudaEventElapsed = 25.71571159362793 (ms)
[RANK1] B @ 1367.771728515625 (ms) to 1415.626708984375 (ms), cudaEventElapsed = 47.834110260009766 (ms)
[RANK1] W @ 1416.42041015625 (ms) to 1440.69970703125 (ms), cudaEventElapsed = 24.257535934448242 (ms)
[RANK1] B @ 1441.462890625 (ms) to 1487.6572265625 (ms), cudaEventElapsed = 46.17420959472656 (ms)
[RANK1] 3W @ 1489.105224609375 (ms) to 1565.912841796875 (ms), cudaEventElapsed = 76.78157043457031 (ms)
[RANK1] Iteration 9
[RANK1] F @ 34.2197265625 (ms) to 66.531494140625 (ms), cudaEventElapsed = 32.282623291015625 (ms)
[RANK1] F @ 68.053955078125 (ms) to 102.06884765625 (ms), cudaEventElapsed = 33.98553466796875 (ms)
[RANK1] F @ 103.623291015625 (ms) to 140.278076171875 (ms), cudaEventElapsed = 36.62540817260742 (ms)
[RANK1] F @ 142.020263671875 (ms) to 178.47021484375 (ms), cudaEventElapsed = 36.41651153564453 (ms)
[RANK1] F @ 179.844482421875 (ms) to 215.815185546875 (ms), cudaEventElapsed = 35.946495056152344 (ms)
[RANK1] F @ 217.158203125 (ms) to 252.941162109375 (ms), cudaEventElapsed = 35.758079528808594 (ms)
[RANK1] F @ 254.361083984375 (ms) to 290.4580078125 (ms), cudaEventElapsed = 36.07040023803711 (ms)
[RANK1] F @ 291.84033203125 (ms) to 327.741943359375 (ms), cudaEventElapsed = 35.87583923339844 (ms)
[RANK1] F @ 329.37158203125 (ms) to 382.422119140625 (ms), cudaEventElapsed = 53.01862335205078 (ms)
[RANK1] B @ 503.086669921875 (ms) to 544.020263671875 (ms), cudaEventElapsed = 40.90982437133789 (ms)
[RANK1] F @ 545.368408203125 (ms) to 578.455810546875 (ms), cudaEventElapsed = 33.06086349487305 (ms)
[RANK1] B @ 579.805419921875 (ms) to 625.893798828125 (ms), cudaEventElapsed = 46.062591552734375 (ms)
[RANK1] F @ 627.18310546875 (ms) to 662.68701171875 (ms), cudaEventElapsed = 35.48057556152344 (ms)
[RANK1] F @ 664.014892578125 (ms) to 699.67578125 (ms), cudaEventElapsed = 35.63520050048828 (ms)
[RANK1] B @ 701.03564453125 (ms) to 795.908203125 (ms), cudaEventElapsed = 94.85107421875 (ms)
[RANK1] B @ 798.14501953125 (ms) to 866.98193359375 (ms), cudaEventElapsed = 68.81484985351562 (ms)
[RANK1] W @ 867.776123046875 (ms) to 888.09326171875 (ms), cudaEventElapsed = 20.29363250732422 (ms)
[RANK1] B @ 888.93505859375 (ms) to 972.90283203125 (ms), cudaEventElapsed = 83.94547271728516 (ms)
[RANK1] W @ 973.610107421875 (ms) to 993.271484375 (ms), cudaEventElapsed = 19.6362247467041 (ms)
[RANK1] W @ 993.615478515625 (ms) to 1016.2626953125 (ms), cudaEventElapsed = 22.619136810302734 (ms)
[RANK1] B @ 1017.407958984375 (ms) to 1066.3720703125 (ms), cudaEventElapsed = 48.935935974121094 (ms)
[RANK1] B @ 1067.65087890625 (ms) to 1112.843017578125 (ms), cudaEventElapsed = 45.16761779785156 (ms)
[RANK1] W @ 1114.408203125 (ms) to 1137.589111328125 (ms), cudaEventElapsed = 23.153663635253906 (ms)
[RANK1] B @ 1138.379150390625 (ms) to 1185.845703125 (ms), cudaEventElapsed = 47.44294357299805 (ms)
[RANK1] W @ 1186.67919921875 (ms) to 1210.82470703125 (ms), cudaEventElapsed = 24.119295120239258 (ms)
[RANK1] B @ 1211.636962890625 (ms) to 1257.946533203125 (ms), cudaEventElapsed = 46.28684616088867 (ms)
[RANK1] W @ 1258.744140625 (ms) to 1282.6435546875 (ms), cudaEventElapsed = 23.87353515625 (ms)
[RANK1] B @ 1283.46484375 (ms) to 1330.384033203125 (ms), cudaEventElapsed = 46.897151947021484 (ms)
[RANK1] W @ 1331.103515625 (ms) to 1354.711669921875 (ms), cudaEventElapsed = 23.580671310424805 (ms)
[RANK1] W @ 1355.0263671875 (ms) to 1382.765380859375 (ms), cudaEventElapsed = 27.71353530883789 (ms)
[RANK1] B @ 1383.57275390625 (ms) to 1432.27099609375 (ms), cudaEventElapsed = 48.675838470458984 (ms)
[RANK1] W @ 1433.107421875 (ms) to 1457.072998046875 (ms), cudaEventElapsed = 23.939071655273438 (ms)
[RANK1] B @ 1457.879150390625 (ms) to 1505.284423828125 (ms), cudaEventElapsed = 47.38355255126953 (ms)
[RANK1] 3W @ 1506.833740234375 (ms) to 1583.688720703125 (ms), cudaEventElapsed = 76.82867431640625 (ms)
