[RANK2] Iteration 1
[RANK2] F @ 843.62548828125 (ms) to 997.24072265625 (ms), cudaEventElapsed = 153.54847717285156 (ms)
[RANK2] F @ 1049.976806640625 (ms) to 1081.70703125 (ms), cudaEventElapsed = 31.67215919494629 (ms)
[RANK2] F @ 1083.616455078125 (ms) to 1117.89208984375 (ms), cudaEventElapsed = 34.2204475402832 (ms)
[RANK2] B @ 1683.373291015625 (ms) to 1736.120849609375 (ms), cudaEventElapsed = 52.674686431884766 (ms)
[RANK2] F @ 1739.614501953125 (ms) to 1772.35205078125 (ms), cudaEventElapsed = 32.70111846923828 (ms)
[RANK2] B @ 1772.668701171875 (ms) to 1817.18603515625 (ms), cudaEventElapsed = 44.46422576904297 (ms)
[RANK2] F @ 1818.629150390625 (ms) to 1853.165771484375 (ms), cudaEventElapsed = 34.49523162841797 (ms)
[RANK2] B @ 1853.50341796875 (ms) to 1897.9052734375 (ms), cudaEventElapsed = 44.36336135864258 (ms)
[RANK2] F @ 1899.340087890625 (ms) to 1934.006103515625 (ms), cudaEventElapsed = 34.629119873046875 (ms)
[RANK2] B @ 1934.318115234375 (ms) to 1979.255859375 (ms), cudaEventElapsed = 44.884735107421875 (ms)
[RANK2] F @ 1980.675048828125 (ms) to 2015.21923828125 (ms), cudaEventElapsed = 34.509376525878906 (ms)
[RANK2] B @ 2015.525634765625 (ms) to 2060.30224609375 (ms), cudaEventElapsed = 44.74345779418945 (ms)
[RANK2] F @ 2060.679931640625 (ms) to 2094.8173828125 (ms), cudaEventElapsed = 34.10015869140625 (ms)
[RANK2] B @ 2095.21728515625 (ms) to 2140.89013671875 (ms), cudaEventElapsed = 45.634273529052734 (ms)
[RANK2] W @ 2141.17041015625 (ms) to 2162.44287109375 (ms), cudaEventElapsed = 21.23263931274414 (ms)
[RANK2] F @ 2162.635986328125 (ms) to 2196.35107421875 (ms), cudaEventElapsed = 33.68345642089844 (ms)
[RANK2] B @ 2197.779296875 (ms) to 2242.664794921875 (ms), cudaEventElapsed = 44.847713470458984 (ms)
[RANK2] B @ 2244.09521484375 (ms) to 2286.8095703125 (ms), cudaEventElapsed = 42.682369232177734 (ms)
[RANK2] W @ 2286.9599609375 (ms) to 2307.46923828125 (ms), cudaEventElapsed = 20.48204803466797 (ms)
[RANK2] F @ 2307.701171875 (ms) to 2341.658935546875 (ms), cudaEventElapsed = 33.929569244384766 (ms)
[RANK2] B @ 2341.9296875 (ms) to 2387.197509765625 (ms), cudaEventElapsed = 45.23676681518555 (ms)
[RANK2] W @ 2387.394775390625 (ms) to 2410.184326171875 (ms), cudaEventElapsed = 21.65760040283203 (ms)
[RANK2] F @ 2410.41748046875 (ms) to 2443.91259765625 (ms), cudaEventElapsed = 33.46662521362305 (ms)
[RANK2] B @ 2444.198486328125 (ms) to 2489.070556640625 (ms), cudaEventElapsed = 44.837120056152344 (ms)
[RANK2] W @ 2489.270751953125 (ms) to 2511.890625 (ms), cudaEventElapsed = 21.533695220947266 (ms)
[RANK2] F @ 2512.1201171875 (ms) to 2545.82373046875 (ms), cudaEventElapsed = 33.67542266845703 (ms)
[RANK2] B @ 2546.11669921875 (ms) to 2593.144775390625 (ms), cudaEventElapsed = 46.99484634399414 (ms)
[RANK2] W @ 2593.270751953125 (ms) to 2615.833740234375 (ms), cudaEventElapsed = 22.533119201660156 (ms)
[RANK2] W @ 2615.955810546875 (ms) to 2637.6767578125 (ms), cudaEventElapsed = 21.6944637298584 (ms)
[RANK2] B @ 2637.794677734375 (ms) to 2680.644287109375 (ms), cudaEventElapsed = 42.823360443115234 (ms)
[RANK2] 6W @ 2680.773193359375 (ms) to 2809.554443359375 (ms), cudaEventElapsed = 128.7526397705078 (ms)
[RANK2] Iteration 2
[RANK2] F @ 65.111328125 (ms) to 97.3818359375 (ms), cudaEventElapsed = 32.198238372802734 (ms)
[RANK2] F @ 100.423583984375 (ms) to 133.20556640625 (ms), cudaEventElapsed = 32.7295036315918 (ms)
[RANK2] F @ 138.017578125 (ms) to 174.605224609375 (ms), cudaEventElapsed = 36.55244827270508 (ms)
[RANK2] B @ 178.59765625 (ms) to 223.2001953125 (ms), cudaEventElapsed = 44.56220626831055 (ms)
[RANK2] F @ 223.583740234375 (ms) to 257.5048828125 (ms), cudaEventElapsed = 33.88905715942383 (ms)
[RANK2] B @ 257.82470703125 (ms) to 302.257568359375 (ms), cudaEventElapsed = 44.39680099487305 (ms)
[RANK2] F @ 303.686767578125 (ms) to 337.9091796875 (ms), cudaEventElapsed = 34.19033432006836 (ms)
[RANK2] B @ 338.256103515625 (ms) to 382.6689453125 (ms), cudaEventElapsed = 44.38137435913086 (ms)
[RANK2] F @ 384.077392578125 (ms) to 418.058349609375 (ms), cudaEventElapsed = 33.95017623901367 (ms)
[RANK2] B @ 418.390625 (ms) to 462.992431640625 (ms), cudaEventElapsed = 44.56412887573242 (ms)
[RANK2] F @ 464.47216796875 (ms) to 498.36865234375 (ms), cudaEventElapsed = 33.86336135864258 (ms)
[RANK2] B @ 498.685546875 (ms) to 543.36572265625 (ms), cudaEventElapsed = 44.63673782348633 (ms)
[RANK2] F @ 543.722900390625 (ms) to 577.864013671875 (ms), cudaEventElapsed = 34.11008071899414 (ms)
[RANK2] B @ 578.252197265625 (ms) to 623.055908203125 (ms), cudaEventElapsed = 44.76835250854492 (ms)
[RANK2] W @ 623.302490234375 (ms) to 644.64892578125 (ms), cudaEventElapsed = 21.314559936523438 (ms)
[RANK2] F @ 644.803466796875 (ms) to 678.616943359375 (ms), cudaEventElapsed = 33.785919189453125 (ms)
[RANK2] B @ 679.99609375 (ms) to 724.225341796875 (ms), cudaEventElapsed = 44.19094467163086 (ms)
[RANK2] B @ 725.6533203125 (ms) to 768.145263671875 (ms), cudaEventElapsed = 42.461151123046875 (ms)
[RANK2] W @ 768.315185546875 (ms) to 788.923583984375 (ms), cudaEventElapsed = 20.573183059692383 (ms)
[RANK2] F @ 789.19970703125 (ms) to 823.373779296875 (ms), cudaEventElapsed = 34.145023345947266 (ms)
[RANK2] B @ 823.67333984375 (ms) to 868.82568359375 (ms), cudaEventElapsed = 45.118465423583984 (ms)
[RANK2] W @ 869.055908203125 (ms) to 891.6845703125 (ms), cudaEventElapsed = 21.518335342407227 (ms)
[RANK2] F @ 891.94140625 (ms) to 926.733642578125 (ms), cudaEventElapsed = 34.764896392822266 (ms)
[RANK2] B @ 927.0380859375 (ms) to 975.934326171875 (ms), cudaEventElapsed = 48.86150360107422 (ms)
[RANK2] W @ 976.161865234375 (ms) to 999.4208984375 (ms), cudaEventElapsed = 22.153215408325195 (ms)
[RANK2] F @ 999.7001953125 (ms) to 1033.286376953125 (ms), cudaEventElapsed = 33.55721664428711 (ms)
[RANK2] B @ 1033.596435546875 (ms) to 1078.251708984375 (ms), cudaEventElapsed = 44.62140655517578 (ms)
[RANK2] W @ 1078.4130859375 (ms) to 1099.83056640625 (ms), cudaEventElapsed = 21.378047943115234 (ms)
[RANK2] W @ 1099.983154296875 (ms) to 1121.2783203125 (ms), cudaEventElapsed = 21.26848030090332 (ms)
[RANK2] B @ 1121.41845703125 (ms) to 1164.419189453125 (ms), cudaEventElapsed = 42.96793746948242 (ms)
[RANK2] 6W @ 1164.57568359375 (ms) to 1293.749755859375 (ms), cudaEventElapsed = 129.1427764892578 (ms)
[RANK2] Iteration 3
[RANK2] F @ 64.7685546875 (ms) to 96.96337890625 (ms), cudaEventElapsed = 32.15871810913086 (ms)
[RANK2] F @ 99.849609375 (ms) to 134.3994140625 (ms), cudaEventElapsed = 34.512351989746094 (ms)
[RANK2] F @ 136.6875 (ms) to 173.34130859375 (ms), cudaEventElapsed = 36.62044906616211 (ms)
[RANK2] B @ 177.347412109375 (ms) to 222.407958984375 (ms), cudaEventElapsed = 45.022335052490234 (ms)
[RANK2] F @ 222.776611328125 (ms) to 257.2548828125 (ms), cudaEventElapsed = 34.44668960571289 (ms)
[RANK2] B @ 257.565673828125 (ms) to 302.304931640625 (ms), cudaEventElapsed = 44.69529724121094 (ms)
[RANK2] F @ 303.67822265625 (ms) to 337.738037109375 (ms), cudaEventElapsed = 34.02908706665039 (ms)
[RANK2] B @ 338.045166015625 (ms) to 382.945556640625 (ms), cudaEventElapsed = 44.85772705078125 (ms)
[RANK2] F @ 384.334228515625 (ms) to 418.25341796875 (ms), cudaEventElapsed = 33.88800048828125 (ms)
[RANK2] B @ 418.5595703125 (ms) to 463.41943359375 (ms), cudaEventElapsed = 44.81321716308594 (ms)
[RANK2] F @ 464.89111328125 (ms) to 498.7607421875 (ms), cudaEventElapsed = 33.836063385009766 (ms)
[RANK2] B @ 499.072021484375 (ms) to 544.266845703125 (ms), cudaEventElapsed = 45.1644172668457 (ms)
[RANK2] F @ 544.61865234375 (ms) to 579.06787109375 (ms), cudaEventElapsed = 34.42015838623047 (ms)
[RANK2] B @ 579.449462890625 (ms) to 624.667724609375 (ms), cudaEventElapsed = 45.18732833862305 (ms)
[RANK2] W @ 624.953125 (ms) to 646.72119140625 (ms), cudaEventElapsed = 21.736448287963867 (ms)
[RANK2] F @ 646.861572265625 (ms) to 680.938232421875 (ms), cudaEventElapsed = 34.04764938354492 (ms)
[RANK2] B @ 682.38232421875 (ms) to 727.4345703125 (ms), cudaEventElapsed = 45.00751876831055 (ms)
[RANK2] B @ 728.922607421875 (ms) to 771.3564453125 (ms), cudaEventElapsed = 42.40224075317383 (ms)
[RANK2] W @ 771.794189453125 (ms) to 792.15185546875 (ms), cudaEventElapsed = 20.328447341918945 (ms)
[RANK2] F @ 792.42236328125 (ms) to 826.39599609375 (ms), cudaEventElapsed = 33.94566345214844 (ms)
[RANK2] B @ 826.699462890625 (ms) to 871.77587890625 (ms), cudaEventElapsed = 45.039039611816406 (ms)
[RANK2] W @ 871.999755859375 (ms) to 894.219482421875 (ms), cudaEventElapsed = 21.10361671447754 (ms)
[RANK2] F @ 894.48486328125 (ms) to 928.416748046875 (ms), cudaEventElapsed = 33.90300750732422 (ms)
[RANK2] B @ 928.733154296875 (ms) to 975.931884765625 (ms), cudaEventElapsed = 47.1569938659668 (ms)
[RANK2] W @ 976.1591796875 (ms) to 999.12744140625 (ms), cudaEventElapsed = 21.88185691833496 (ms)
[RANK2] F @ 999.380859375 (ms) to 1033.41748046875 (ms), cudaEventElapsed = 34.00899124145508 (ms)
[RANK2] B @ 1033.73095703125 (ms) to 1078.613525390625 (ms), cudaEventElapsed = 44.846336364746094 (ms)
[RANK2] W @ 1078.773681640625 (ms) to 1100.475830078125 (ms), cudaEventElapsed = 21.67500877380371 (ms)
[RANK2] W @ 1100.63427734375 (ms) to 1122.234130859375 (ms), cudaEventElapsed = 21.571584701538086 (ms)
[RANK2] B @ 1122.37255859375 (ms) to 1165.274658203125 (ms), cudaEventElapsed = 42.875423431396484 (ms)
[RANK2] 6W @ 1165.428955078125 (ms) to 1294.423828125 (ms), cudaEventElapsed = 128.95948791503906 (ms)
[RANK2] Iteration 4
[RANK2] F @ 63.841064453125 (ms) to 96.11181640625 (ms), cudaEventElapsed = 32.23273468017578 (ms)
[RANK2] F @ 99.053466796875 (ms) to 132.779296875 (ms), cudaEventElapsed = 33.68979263305664 (ms)
[RANK2] F @ 136.686279296875 (ms) to 174.35693359375 (ms), cudaEventElapsed = 37.63587188720703 (ms)
[RANK2] B @ 178.06884765625 (ms) to 223.141845703125 (ms), cudaEventElapsed = 45.03532791137695 (ms)
[RANK2] F @ 223.50537109375 (ms) to 257.19677734375 (ms), cudaEventElapsed = 33.66035079956055 (ms)
[RANK2] B @ 257.51708984375 (ms) to 301.9482421875 (ms), cudaEventElapsed = 44.38822555541992 (ms)
[RANK2] F @ 303.31689453125 (ms) to 337.1474609375 (ms), cudaEventElapsed = 33.79878234863281 (ms)
[RANK2] B @ 337.46728515625 (ms) to 382.129150390625 (ms), cudaEventElapsed = 44.62684631347656 (ms)
[RANK2] F @ 383.521240234375 (ms) to 417.10205078125 (ms), cudaEventElapsed = 33.54947280883789 (ms)
[RANK2] B @ 417.436767578125 (ms) to 462.14794921875 (ms), cudaEventElapsed = 44.673439025878906 (ms)
[RANK2] F @ 463.603759765625 (ms) to 497.009033203125 (ms), cudaEventElapsed = 33.36982345581055 (ms)
[RANK2] B @ 497.3232421875 (ms) to 541.967529296875 (ms), cudaEventElapsed = 44.60540771484375 (ms)
[RANK2] F @ 542.31689453125 (ms) to 576.4326171875 (ms), cudaEventElapsed = 34.08607864379883 (ms)
[RANK2] B @ 576.813232421875 (ms) to 621.665771484375 (ms), cudaEventElapsed = 44.817344665527344 (ms)
[RANK2] W @ 621.91796875 (ms) to 643.41943359375 (ms), cudaEventElapsed = 21.46713638305664 (ms)
[RANK2] F @ 643.567138671875 (ms) to 677.298095703125 (ms), cudaEventElapsed = 33.703712463378906 (ms)
[RANK2] B @ 678.66455078125 (ms) to 723.438720703125 (ms), cudaEventElapsed = 44.737728118896484 (ms)
[RANK2] B @ 724.858642578125 (ms) to 767.354248046875 (ms), cudaEventElapsed = 42.46611022949219 (ms)
[RANK2] W @ 767.5166015625 (ms) to 787.866943359375 (ms), cudaEventElapsed = 20.318208694458008 (ms)
[RANK2] F @ 788.121337890625 (ms) to 821.96923828125 (ms), cudaEventElapsed = 33.82044982910156 (ms)
[RANK2] B @ 822.262451171875 (ms) to 867.162353515625 (ms), cudaEventElapsed = 44.865760803222656 (ms)
[RANK2] W @ 867.389404296875 (ms) to 889.940673828125 (ms), cudaEventElapsed = 21.434368133544922 (ms)
[RANK2] F @ 890.20947265625 (ms) to 924.3623046875 (ms), cudaEventElapsed = 34.123966217041016 (ms)
[RANK2] B @ 924.67529296875 (ms) to 972.321044921875 (ms), cudaEventElapsed = 47.61561584472656 (ms)
[RANK2] W @ 972.5595703125 (ms) to 995.7119140625 (ms), cudaEventElapsed = 22.06208038330078 (ms)
[RANK2] F @ 995.963623046875 (ms) to 1029.922607421875 (ms), cudaEventElapsed = 33.93046569824219 (ms)
[RANK2] B @ 1030.2353515625 (ms) to 1075.081787109375 (ms), cudaEventElapsed = 44.810272216796875 (ms)
[RANK2] W @ 1075.242431640625 (ms) to 1096.80322265625 (ms), cudaEventElapsed = 21.525503158569336 (ms)
[RANK2] W @ 1096.968994140625 (ms) to 1118.490234375 (ms), cudaEventElapsed = 21.494783401489258 (ms)
[RANK2] B @ 1118.63037109375 (ms) to 1161.364501953125 (ms), cudaEventElapsed = 42.70707321166992 (ms)
[RANK2] 6W @ 1161.521484375 (ms) to 1290.72119140625 (ms), cudaEventElapsed = 129.16326904296875 (ms)
[RANK2] Iteration 5
[RANK2] F @ 63.88720703125 (ms) to 96.168212890625 (ms), cudaEventElapsed = 32.24486541748047 (ms)
[RANK2] F @ 99.2412109375 (ms) to 133.859619140625 (ms), cudaEventElapsed = 34.580894470214844 (ms)
[RANK2] F @ 136.767578125 (ms) to 173.70458984375 (ms), cudaEventElapsed = 36.87209701538086 (ms)
[RANK2] B @ 177.498291015625 (ms) to 222.857421875 (ms), cudaEventElapsed = 45.320064544677734 (ms)
[RANK2] F @ 223.258544921875 (ms) to 259.28466796875 (ms), cudaEventElapsed = 35.99440002441406 (ms)
[RANK2] B @ 259.619873046875 (ms) to 305.307373046875 (ms), cudaEventElapsed = 45.64815902709961 (ms)
[RANK2] F @ 306.735107421875 (ms) to 342.5634765625 (ms), cudaEventElapsed = 35.79439926147461 (ms)
[RANK2] B @ 342.886474609375 (ms) to 388.8525390625 (ms), cudaEventElapsed = 45.929569244384766 (ms)
[RANK2] F @ 390.24609375 (ms) to 425.975341796875 (ms), cudaEventElapsed = 35.69696044921875 (ms)
[RANK2] B @ 426.315185546875 (ms) to 472.3701171875 (ms), cudaEventElapsed = 46.0239372253418 (ms)
[RANK2] F @ 473.910400390625 (ms) to 509.44775390625 (ms), cudaEventElapsed = 35.502113342285156 (ms)
[RANK2] B @ 509.798583984375 (ms) to 555.68310546875 (ms), cudaEventElapsed = 45.850399017333984 (ms)
[RANK2] F @ 556.04638671875 (ms) to 591.8291015625 (ms), cudaEventElapsed = 35.752159118652344 (ms)
[RANK2] B @ 592.212890625 (ms) to 638.221435546875 (ms), cudaEventElapsed = 45.9653434753418 (ms)
[RANK2] W @ 638.470947265625 (ms) to 662.456787109375 (ms), cudaEventElapsed = 23.95136070251465 (ms)
[RANK2] F @ 662.604736328125 (ms) to 700.61962890625 (ms), cudaEventElapsed = 37.98748779296875 (ms)
[RANK2] B @ 702.044921875 (ms) to 748.5654296875 (ms), cudaEventElapsed = 46.48585510253906 (ms)
[RANK2] B @ 749.944580078125 (ms) to 794.86328125 (ms), cudaEventElapsed = 44.889217376708984 (ms)
[RANK2] W @ 795.013671875 (ms) to 818.4921875 (ms), cudaEventElapsed = 23.449600219726562 (ms)
[RANK2] F @ 818.74560546875 (ms) to 857.100830078125 (ms), cudaEventElapsed = 38.327423095703125 (ms)
[RANK2] B @ 857.387939453125 (ms) to 904.5322265625 (ms), cudaEventElapsed = 47.09939193725586 (ms)
[RANK2] W @ 904.750244140625 (ms) to 933.50146484375 (ms), cudaEventElapsed = 27.681791305541992 (ms)
[RANK2] F @ 933.787353515625 (ms) to 976.9599609375 (ms), cudaEventElapsed = 43.143646240234375 (ms)
[RANK2] B @ 977.263671875 (ms) to 1024.511962890625 (ms), cudaEventElapsed = 47.218624114990234 (ms)
[RANK2] W @ 1024.73193359375 (ms) to 1050.170654296875 (ms), cudaEventElapsed = 24.361984252929688 (ms)
[RANK2] F @ 1050.44384765625 (ms) to 1088.404296875 (ms), cudaEventElapsed = 37.93088150024414 (ms)
[RANK2] B @ 1088.73095703125 (ms) to 1135.318115234375 (ms), cudaEventElapsed = 46.55263900756836 (ms)
[RANK2] W @ 1135.488525390625 (ms) to 1159.23486328125 (ms), cudaEventElapsed = 23.706623077392578 (ms)
[RANK2] W @ 1159.392333984375 (ms) to 1186.01123046875 (ms), cudaEventElapsed = 26.592256546020508 (ms)
[RANK2] B @ 1186.156005859375 (ms) to 1234.640869140625 (ms), cudaEventElapsed = 48.45817565917969 (ms)
[RANK2] 6W @ 1234.794189453125 (ms) to 1394.705078125 (ms), cudaEventElapsed = 159.87405395507812 (ms)
[RANK2] Iteration 6
[RANK2] F @ 64.12939453125 (ms) to 96.518798828125 (ms), cudaEventElapsed = 32.349342346191406 (ms)
[RANK2] F @ 99.64013671875 (ms) to 133.35302734375 (ms), cudaEventElapsed = 33.67452621459961 (ms)
[RANK2] F @ 138.114013671875 (ms) to 175.260009765625 (ms), cudaEventElapsed = 37.11280059814453 (ms)
[RANK2] B @ 179.15478515625 (ms) to 225.052734375 (ms), cudaEventElapsed = 45.86044692993164 (ms)
[RANK2] F @ 225.420166015625 (ms) to 261.11669921875 (ms), cudaEventElapsed = 35.639007568359375 (ms)
[RANK2] B @ 261.46728515625 (ms) to 307.070068359375 (ms), cudaEventElapsed = 45.563873291015625 (ms)
[RANK2] F @ 308.498291015625 (ms) to 344.337646484375 (ms), cudaEventElapsed = 35.80780792236328 (ms)
[RANK2] B @ 344.656982421875 (ms) to 390.200439453125 (ms), cudaEventElapsed = 45.50492858886719 (ms)
[RANK2] F @ 391.594482421875 (ms) to 427.49560546875 (ms), cudaEventElapsed = 35.86934280395508 (ms)
[RANK2] B @ 428.06103515625 (ms) to 473.727783203125 (ms), cudaEventElapsed = 45.630496978759766 (ms)
[RANK2] F @ 475.178955078125 (ms) to 510.77783203125 (ms), cudaEventElapsed = 35.56367874145508 (ms)
[RANK2] B @ 511.092529296875 (ms) to 556.97021484375 (ms), cudaEventElapsed = 45.83184051513672 (ms)
[RANK2] F @ 557.3251953125 (ms) to 593.262451171875 (ms), cudaEventElapsed = 35.90348815917969 (ms)
[RANK2] B @ 593.639892578125 (ms) to 640.033447265625 (ms), cudaEventElapsed = 46.359169006347656 (ms)
[RANK2] W @ 640.281005859375 (ms) to 664.50048828125 (ms), cudaEventElapsed = 24.183807373046875 (ms)
[RANK2] F @ 664.64111328125 (ms) to 702.123779296875 (ms), cudaEventElapsed = 37.45487976074219 (ms)
[RANK2] B @ 703.475830078125 (ms) to 749.7119140625 (ms), cudaEventElapsed = 46.200958251953125 (ms)
[RANK2] B @ 751.0546875 (ms) to 796.1220703125 (ms), cudaEventElapsed = 45.03673553466797 (ms)
[RANK2] W @ 796.2783203125 (ms) to 820.575439453125 (ms), cudaEventElapsed = 24.26982307434082 (ms)
[RANK2] F @ 820.8291015625 (ms) to 858.917724609375 (ms), cudaEventElapsed = 38.06032180786133 (ms)
[RANK2] B @ 859.219970703125 (ms) to 905.743896484375 (ms), cudaEventElapsed = 46.45532989501953 (ms)
[RANK2] W @ 905.962158203125 (ms) to 933.2626953125 (ms), cudaEventElapsed = 26.230783462524414 (ms)
[RANK2] F @ 933.547607421875 (ms) to 980.013427734375 (ms), cudaEventElapsed = 46.43596649169922 (ms)
[RANK2] B @ 980.30712890625 (ms) to 1028.060791015625 (ms), cudaEventElapsed = 47.71859359741211 (ms)
[RANK2] W @ 1028.27685546875 (ms) to 1053.687744140625 (ms), cudaEventElapsed = 24.31078338623047 (ms)
[RANK2] F @ 1053.954345703125 (ms) to 1092.090087890625 (ms), cudaEventElapsed = 38.1058235168457 (ms)
[RANK2] B @ 1092.380859375 (ms) to 1139.140869140625 (ms), cudaEventElapsed = 46.70595169067383 (ms)
[RANK2] W @ 1139.302734375 (ms) to 1163.6044921875 (ms), cudaEventElapsed = 24.27289581298828 (ms)
[RANK2] W @ 1163.756591796875 (ms) to 1189.818603515625 (ms), cudaEventElapsed = 26.035200119018555 (ms)
[RANK2] B @ 1189.9521484375 (ms) to 1238.375732421875 (ms), cudaEventElapsed = 48.397151947021484 (ms)
[RANK2] 6W @ 1238.533203125 (ms) to 1398.921142578125 (ms), cudaEventElapsed = 160.35122680664062 (ms)
[RANK2] Iteration 7
[RANK2] F @ 63.82275390625 (ms) to 95.913818359375 (ms), cudaEventElapsed = 32.05583953857422 (ms)
[RANK2] F @ 99.1689453125 (ms) to 133.591552734375 (ms), cudaEventElapsed = 34.38780975341797 (ms)
[RANK2] F @ 138.195556640625 (ms) to 175.77197265625 (ms), cudaEventElapsed = 37.5351676940918 (ms)
[RANK2] B @ 179.5087890625 (ms) to 225.409423828125 (ms), cudaEventElapsed = 45.8647346496582 (ms)
[RANK2] F @ 225.763427734375 (ms) to 261.865234375 (ms), cudaEventElapsed = 36.073055267333984 (ms)
[RANK2] B @ 262.16748046875 (ms) to 308.01904296875 (ms), cudaEventElapsed = 45.812801361083984 (ms)
[RANK2] F @ 309.439453125 (ms) to 345.421630859375 (ms), cudaEventElapsed = 35.94985580444336 (ms)
[RANK2] B @ 345.753662109375 (ms) to 391.33935546875 (ms), cudaEventElapsed = 45.55196762084961 (ms)
[RANK2] F @ 392.73876953125 (ms) to 428.729248046875 (ms), cudaEventElapsed = 35.95884704589844 (ms)
[RANK2] B @ 429.060302734375 (ms) to 474.660400390625 (ms), cudaEventElapsed = 45.56604766845703 (ms)
[RANK2] F @ 476.11572265625 (ms) to 511.9990234375 (ms), cudaEventElapsed = 35.850433349609375 (ms)
[RANK2] B @ 512.304931640625 (ms) to 558.0595703125 (ms), cudaEventElapsed = 45.702335357666016 (ms)
[RANK2] F @ 558.418701171875 (ms) to 594.344970703125 (ms), cudaEventElapsed = 35.89491271972656 (ms)
[RANK2] B @ 594.758056640625 (ms) to 641.24658203125 (ms), cudaEventElapsed = 46.44899368286133 (ms)
[RANK2] W @ 641.519775390625 (ms) to 665.964111328125 (ms), cudaEventElapsed = 24.414207458496094 (ms)
[RANK2] F @ 666.12158203125 (ms) to 703.72021484375 (ms), cudaEventElapsed = 37.570430755615234 (ms)
[RANK2] B @ 705.1259765625 (ms) to 751.4677734375 (ms), cudaEventElapsed = 46.3004150390625 (ms)
[RANK2] B @ 752.906494140625 (ms) to 798.271484375 (ms), cudaEventElapsed = 45.33283233642578 (ms)
[RANK2] W @ 798.45263671875 (ms) to 822.560791015625 (ms), cudaEventElapsed = 24.0762882232666 (ms)
[RANK2] F @ 822.833984375 (ms) to 860.562255859375 (ms), cudaEventElapsed = 37.699745178222656 (ms)
[RANK2] B @ 860.850830078125 (ms) to 907.322021484375 (ms), cudaEventElapsed = 46.432830810546875 (ms)
[RANK2] W @ 907.5419921875 (ms) to 934.32958984375 (ms), cudaEventElapsed = 25.68191909790039 (ms)
[RANK2] F @ 934.6181640625 (ms) to 980.2763671875 (ms), cudaEventElapsed = 45.628318786621094 (ms)
[RANK2] B @ 980.580078125 (ms) to 1028.255859375 (ms), cudaEventElapsed = 47.641441345214844 (ms)
[RANK2] W @ 1028.489501953125 (ms) to 1053.00830078125 (ms), cudaEventElapsed = 23.384063720703125 (ms)
[RANK2] F @ 1053.292724609375 (ms) to 1091.69580078125 (ms), cudaEventElapsed = 38.37318420410156 (ms)
[RANK2] B @ 1092.014404296875 (ms) to 1138.640869140625 (ms), cudaEventElapsed = 46.59382247924805 (ms)
[RANK2] W @ 1138.79736328125 (ms) to 1163.30615234375 (ms), cudaEventElapsed = 24.47871971130371 (ms)
[RANK2] W @ 1163.458251953125 (ms) to 1190.230712890625 (ms), cudaEventElapsed = 26.744831085205078 (ms)
[RANK2] B @ 1190.37255859375 (ms) to 1238.86865234375 (ms), cudaEventElapsed = 48.46771240234375 (ms)
[RANK2] 6W @ 1239.057861328125 (ms) to 1399.3623046875 (ms), cudaEventElapsed = 160.2652130126953 (ms)
[RANK2] Iteration 8
[RANK2] F @ 63.8134765625 (ms) to 96.202392578125 (ms), cudaEventElapsed = 32.34579086303711 (ms)
[RANK2] F @ 99.34716796875 (ms) to 133.8876953125 (ms), cudaEventElapsed = 34.50172805786133 (ms)
[RANK2] F @ 137.6962890625 (ms) to 175.744140625 (ms), cudaEventElapsed = 38.013248443603516 (ms)
[RANK2] B @ 179.449951171875 (ms) to 225.99169921875 (ms), cudaEventElapsed = 46.49763107299805 (ms)
[RANK2] F @ 226.397216796875 (ms) to 262.421142578125 (ms), cudaEventElapsed = 35.99107360839844 (ms)
[RANK2] B @ 262.79443359375 (ms) to 308.75048828125 (ms), cudaEventElapsed = 45.91676712036133 (ms)
[RANK2] F @ 310.196044921875 (ms) to 345.88671875 (ms), cudaEventElapsed = 35.65843200683594 (ms)
[RANK2] B @ 346.228271484375 (ms) to 391.776611328125 (ms), cudaEventElapsed = 45.51686477661133 (ms)
[RANK2] F @ 393.183837890625 (ms) to 428.8037109375 (ms), cudaEventElapsed = 35.585601806640625 (ms)
[RANK2] B @ 429.240966796875 (ms) to 475.373779296875 (ms), cudaEventElapsed = 46.089630126953125 (ms)
[RANK2] F @ 476.843994140625 (ms) to 512.747802734375 (ms), cudaEventElapsed = 35.86851119995117 (ms)
[RANK2] B @ 513.071044921875 (ms) to 558.63818359375 (ms), cudaEventElapsed = 45.52012634277344 (ms)
[RANK2] F @ 559.0009765625 (ms) to 594.91357421875 (ms), cudaEventElapsed = 35.882080078125 (ms)
[RANK2] B @ 595.2998046875 (ms) to 641.363525390625 (ms), cudaEventElapsed = 46.017822265625 (ms)
[RANK2] W @ 641.643798828125 (ms) to 665.93896484375 (ms), cudaEventElapsed = 24.26367950439453 (ms)
[RANK2] F @ 666.095458984375 (ms) to 703.967041015625 (ms), cudaEventElapsed = 37.84281539916992 (ms)
[RANK2] B @ 705.366943359375 (ms) to 751.502197265625 (ms), cudaEventElapsed = 46.09395217895508 (ms)
[RANK2] B @ 752.92236328125 (ms) to 797.51220703125 (ms), cudaEventElapsed = 44.55926513671875 (ms)
[RANK2] W @ 797.6728515625 (ms) to 821.31982421875 (ms), cudaEventElapsed = 23.619583129882812 (ms)
[RANK2] F @ 821.606689453125 (ms) to 860.275390625 (ms), cudaEventElapsed = 38.639041900634766 (ms)
[RANK2] B @ 860.58154296875 (ms) to 907.575927734375 (ms), cudaEventElapsed = 46.95862579345703 (ms)
[RANK2] W @ 907.806640625 (ms) to 936.407470703125 (ms), cudaEventElapsed = 27.485183715820312 (ms)
[RANK2] F @ 936.698486328125 (ms) to 981.152587890625 (ms), cudaEventElapsed = 44.42403030395508 (ms)
[RANK2] B @ 981.46533203125 (ms) to 1029.253662109375 (ms), cudaEventElapsed = 47.75267028808594 (ms)
[RANK2] W @ 1029.4853515625 (ms) to 1054.513916015625 (ms), cudaEventElapsed = 23.9052791595459 (ms)
[RANK2] F @ 1054.7978515625 (ms) to 1093.26416015625 (ms), cudaEventElapsed = 38.4378547668457 (ms)
[RANK2] B @ 1093.56005859375 (ms) to 1140.74462890625 (ms), cudaEventElapsed = 47.139713287353516 (ms)
[RANK2] W @ 1140.90869140625 (ms) to 1165.243408203125 (ms), cudaEventElapsed = 24.30463981628418 (ms)
[RANK2] W @ 1165.399169921875 (ms) to 1192.039794921875 (ms), cudaEventElapsed = 26.612735748291016 (ms)
[RANK2] B @ 1192.18798828125 (ms) to 1240.76220703125 (ms), cudaEventElapsed = 48.546302795410156 (ms)
[RANK2] 6W @ 1240.91748046875 (ms) to 1401.795166015625 (ms), cudaEventElapsed = 160.8468475341797 (ms)
[RANK2] Iteration 9
[RANK2] F @ 64.009521484375 (ms) to 96.3564453125 (ms), cudaEventElapsed = 32.31078338623047 (ms)
[RANK2] F @ 229.489990234375 (ms) to 261.093505859375 (ms), cudaEventElapsed = 31.558496475219727 (ms)
[RANK2] F @ 391.683349609375 (ms) to 423.340576171875 (ms), cudaEventElapsed = 31.602975845336914 (ms)
[RANK2] B @ 555.14599609375 (ms) to 596.438232421875 (ms), cudaEventElapsed = 41.24524688720703 (ms)
[RANK2] F @ 596.809814453125 (ms) to 632.187255859375 (ms), cudaEventElapsed = 35.3449592590332 (ms)
[RANK2] B @ 766.80126953125 (ms) to 808.06982421875 (ms), cudaEventElapsed = 41.21526336669922 (ms)
[RANK2] F @ 809.657958984375 (ms) to 843.806396484375 (ms), cudaEventElapsed = 34.114112854003906 (ms)
[RANK2] B @ 978.866943359375 (ms) to 1020.101318359375 (ms), cudaEventElapsed = 41.18931198120117 (ms)
[RANK2] F @ 1021.5537109375 (ms) to 1055.853515625 (ms), cudaEventElapsed = 34.266334533691406 (ms)
[RANK2] B @ 1191.61083984375 (ms) to 1232.867431640625 (ms), cudaEventElapsed = 41.220863342285156 (ms)
[RANK2] F @ 1234.303955078125 (ms) to 1268.00927734375 (ms), cudaEventElapsed = 33.67318344116211 (ms)
[RANK2] B @ 1402.8974609375 (ms) to 1444.448486328125 (ms), cudaEventElapsed = 41.50457763671875 (ms)
[RANK2] F @ 1444.85400390625 (ms) to 1480.20947265625 (ms), cudaEventElapsed = 35.32463836669922 (ms)
[RANK2] B @ 1615.1796875 (ms) to 1656.664794921875 (ms), cudaEventElapsed = 41.39468765258789 (ms)
[RANK2] W @ 1656.970947265625 (ms) to 1678.58544921875 (ms), cudaEventElapsed = 21.576704025268555 (ms)
[RANK2] F @ 1678.748046875 (ms) to 1717.134765625 (ms), cudaEventElapsed = 38.35833740234375 (ms)
[RANK2] B @ 1854.403076171875 (ms) to 1895.865234375 (ms), cudaEventElapsed = 41.398719787597656 (ms)
[RANK2] B @ 1897.367431640625 (ms) to 1941.555908203125 (ms), cudaEventElapsed = 44.15692901611328 (ms)
[RANK2] W @ 1941.7333984375 (ms) to 1965.65673828125 (ms), cudaEventElapsed = 23.88991928100586 (ms)
[RANK2] F @ 1965.942138671875 (ms) to 2004.271484375 (ms), cudaEventElapsed = 38.300254821777344 (ms)
[RANK2] B @ 2139.49462890625 (ms) to 2180.5888671875 (ms), cudaEventElapsed = 41.05971145629883 (ms)
[RANK2] W @ 2180.820068359375 (ms) to 2203.73193359375 (ms), cudaEventElapsed = 21.81939125061035 (ms)
[RANK2] F @ 2204.00341796875 (ms) to 2242.576904296875 (ms), cudaEventElapsed = 38.54444885253906 (ms)
[RANK2] B @ 2378.26904296875 (ms) to 2419.5693359375 (ms), cudaEventElapsed = 41.25724792480469 (ms)
[RANK2] W @ 2419.823974609375 (ms) to 2443.2255859375 (ms), cudaEventElapsed = 22.261760711669922 (ms)
[RANK2] F @ 2443.507080078125 (ms) to 2482.11279296875 (ms), cudaEventElapsed = 38.57664108276367 (ms)
[RANK2] B @ 2617.6513671875 (ms) to 2658.79833984375 (ms), cudaEventElapsed = 41.103424072265625 (ms)
[RANK2] W @ 2658.963134765625 (ms) to 2681.137451171875 (ms), cudaEventElapsed = 22.138879776000977 (ms)
[RANK2] W @ 2681.294189453125 (ms) to 2708.598876953125 (ms), cudaEventElapsed = 27.269119262695312 (ms)
[RANK2] B @ 2708.747314453125 (ms) to 2757.3486328125 (ms), cudaEventElapsed = 48.57369613647461 (ms)
[RANK2] 6W @ 2757.505615234375 (ms) to 2918.098876953125 (ms), cudaEventElapsed = 160.5611572265625 (ms)
[RANK2] Iteration 10
[RANK2] F @ 64.033203125 (ms) to 96.463134765625 (ms), cudaEventElapsed = 32.39276885986328 (ms)
[RANK2] F @ 225.650390625 (ms) to 257.582763671875 (ms), cudaEventElapsed = 31.84364891052246 (ms)
[RANK2] F @ 387.638916015625 (ms) to 419.474853515625 (ms), cudaEventElapsed = 31.765920639038086 (ms)
[RANK2] B @ 553.509033203125 (ms) to 594.7998046875 (ms), cudaEventElapsed = 41.24016189575195 (ms)
[RANK2] F @ 595.204345703125 (ms) to 630.212646484375 (ms), cudaEventElapsed = 34.9736328125 (ms)
[RANK2] B @ 764.386474609375 (ms) to 805.6025390625 (ms), cudaEventElapsed = 41.16252899169922 (ms)
[RANK2] F @ 807.116943359375 (ms) to 841.4873046875 (ms), cudaEventElapsed = 34.33692932128906 (ms)
[RANK2] B @ 975.799560546875 (ms) to 1017.161865234375 (ms), cudaEventElapsed = 41.32447814941406 (ms)
[RANK2] F @ 1018.673583984375 (ms) to 1052.6787109375 (ms), cudaEventElapsed = 33.969696044921875 (ms)
[RANK2] B @ 1187.00927734375 (ms) to 1228.35009765625 (ms), cudaEventElapsed = 41.30294418334961 (ms)
[RANK2] F @ 1229.871826171875 (ms) to 1264.95703125 (ms), cudaEventElapsed = 35.05158233642578 (ms)
[RANK2] B @ 1399.760498046875 (ms) to 1441.1171875 (ms), cudaEventElapsed = 41.31011199951172 (ms)
[RANK2] F @ 1441.523193359375 (ms) to 1476.094482421875 (ms), cudaEventElapsed = 34.53638458251953 (ms)
[RANK2] B @ 1611.380859375 (ms) to 1652.8671875 (ms), cudaEventElapsed = 41.413856506347656 (ms)
[RANK2] W @ 1653.18017578125 (ms) to 1675.506591796875 (ms), cudaEventElapsed = 22.28326416015625 (ms)
[RANK2] F @ 1675.67578125 (ms) to 1714.12109375 (ms), cudaEventElapsed = 38.41523361206055 (ms)
[RANK2] B @ 1851.333251953125 (ms) to 1892.6328125 (ms), cudaEventElapsed = 41.25094223022461 (ms)
[RANK2] B @ 1894.056640625 (ms) to 1937.159912109375 (ms), cudaEventElapsed = 43.073280334472656 (ms)
[RANK2] W @ 1937.32861328125 (ms) to 1960.903076171875 (ms), cudaEventElapsed = 23.5468807220459 (ms)
[RANK2] F @ 1961.17919921875 (ms) to 2000.025634765625 (ms), cudaEventElapsed = 38.814334869384766 (ms)
[RANK2] B @ 2136.217529296875 (ms) to 2177.5595703125 (ms), cudaEventElapsed = 41.3072624206543 (ms)
[RANK2] W @ 2177.7958984375 (ms) to 2200.405517578125 (ms), cudaEventElapsed = 21.518335342407227 (ms)
[RANK2] F @ 2200.66845703125 (ms) to 2239.34765625 (ms), cudaEventElapsed = 38.644447326660156 (ms)
[RANK2] B @ 2376.612060546875 (ms) to 2418.004150390625 (ms), cudaEventElapsed = 41.35414505004883 (ms)
[RANK2] W @ 2418.22607421875 (ms) to 2440.681396484375 (ms), cudaEventElapsed = 21.343231201171875 (ms)
[RANK2] F @ 2440.936279296875 (ms) to 2479.515380859375 (ms), cudaEventElapsed = 38.550209045410156 (ms)
[RANK2] B @ 2616.140625 (ms) to 2657.495849609375 (ms), cudaEventElapsed = 41.32089614868164 (ms)
[RANK2] W @ 2657.6591796875 (ms) to 2679.707763671875 (ms), cudaEventElapsed = 22.007808685302734 (ms)
[RANK2] W @ 2679.858642578125 (ms) to 2706.526123046875 (ms), cudaEventElapsed = 26.640384674072266 (ms)
[RANK2] B @ 2706.674560546875 (ms) to 2755.357421875 (ms), cudaEventElapsed = 48.65510559082031 (ms)
[RANK2] 6W @ 2755.5146484375 (ms) to 2916.10888671875 (ms), cudaEventElapsed = 160.5570526123047 (ms)
[RANK2] Iteration 11
[RANK2] F @ 64.296142578125 (ms) to 96.731201171875 (ms), cudaEventElapsed = 32.38966369628906 (ms)
[RANK2] F @ 225.757080078125 (ms) to 257.523193359375 (ms), cudaEventElapsed = 31.720991134643555 (ms)
[RANK2] F @ 387.82421875 (ms) to 419.6240234375 (ms), cudaEventElapsed = 31.756511688232422 (ms)
[RANK2] B @ 552.365966796875 (ms) to 593.713623046875 (ms), cudaEventElapsed = 41.294464111328125 (ms)
[RANK2] F @ 594.110107421875 (ms) to 629.452392578125 (ms), cudaEventElapsed = 35.30815887451172 (ms)
[RANK2] B @ 763.743408203125 (ms) to 805.16748046875 (ms), cudaEventElapsed = 41.38902282714844 (ms)
[RANK2] F @ 806.64892578125 (ms) to 840.64208984375 (ms), cudaEventElapsed = 33.95929718017578 (ms)
[RANK2] B @ 974.328125 (ms) to 1015.74951171875 (ms), cudaEventElapsed = 41.38451385498047 (ms)
[RANK2] F @ 1017.200439453125 (ms) to 1052.138916015625 (ms), cudaEventElapsed = 34.90492630004883 (ms)
[RANK2] B @ 1187.293212890625 (ms) to 1228.548583984375 (ms), cudaEventElapsed = 41.22089767456055 (ms)
[RANK2] F @ 1230.046875 (ms) to 1264.643798828125 (ms), cudaEventElapsed = 34.56390380859375 (ms)
[RANK2] B @ 1400.1064453125 (ms) to 1441.376708984375 (ms), cudaEventElapsed = 41.23551940917969 (ms)
[RANK2] F @ 1441.781982421875 (ms) to 1476.2216796875 (ms), cudaEventElapsed = 34.40639877319336 (ms)
[RANK2] B @ 1611.015869140625 (ms) to 1652.287841796875 (ms), cudaEventElapsed = 41.21836853027344 (ms)
[RANK2] W @ 1652.57177734375 (ms) to 1674.3974609375 (ms), cudaEventElapsed = 21.793792724609375 (ms)
[RANK2] F @ 1674.55029296875 (ms) to 1713.427001953125 (ms), cudaEventElapsed = 38.84822463989258 (ms)
[RANK2] B @ 1850.187744140625 (ms) to 1891.610595703125 (ms), cudaEventElapsed = 41.34044647216797 (ms)
[RANK2] B @ 1893.134033203125 (ms) to 1937.408447265625 (ms), cudaEventElapsed = 44.24012756347656 (ms)
[RANK2] W @ 1937.814697265625 (ms) to 1962.00732421875 (ms), cudaEventElapsed = 24.161279678344727 (ms)
[RANK2] F @ 1962.28466796875 (ms) to 2000.902587890625 (ms), cudaEventElapsed = 38.587745666503906 (ms)
[RANK2] B @ 2194.570556640625 (ms) to 2236.121337890625 (ms), cudaEventElapsed = 41.505409240722656 (ms)
[RANK2] W @ 2236.388916015625 (ms) to 2260.232177734375 (ms), cudaEventElapsed = 22.725631713867188 (ms)
[RANK2] F @ 2260.52197265625 (ms) to 2300.038330078125 (ms), cudaEventElapsed = 39.486976623535156 (ms)
[RANK2] B @ 2518.963134765625 (ms) to 2560.369384765625 (ms), cudaEventElapsed = 41.36336135864258 (ms)
[RANK2] W @ 2560.61181640625 (ms) to 2583.79931640625 (ms), cudaEventElapsed = 22.08563232421875 (ms)
[RANK2] F @ 2584.074462890625 (ms) to 2623.7412109375 (ms), cudaEventElapsed = 39.6374397277832 (ms)
[RANK2] B @ 2842.3974609375 (ms) to 2883.769287109375 (ms), cudaEventElapsed = 41.32716751098633 (ms)
[RANK2] W @ 2883.965576171875 (ms) to 2905.999267578125 (ms), cudaEventElapsed = 22.003711700439453 (ms)
[RANK2] W @ 2906.18359375 (ms) to 2933.470458984375 (ms), cudaEventElapsed = 27.258880615234375 (ms)
[RANK2] B @ 3046.197509765625 (ms) to 3087.380859375 (ms), cudaEventElapsed = 41.148033142089844 (ms)
[RANK2] 6W @ 3087.56494140625 (ms) to 3246.3603515625 (ms), cudaEventElapsed = 158.7650604248047 (ms)
[RANK2] Iteration 12
[RANK2] F @ 64.099365234375 (ms) to 96.50244140625 (ms), cudaEventElapsed = 32.365631103515625 (ms)
[RANK2] F @ 224.96044921875 (ms) to 256.794677734375 (ms), cudaEventElapsed = 31.79052734375 (ms)
[RANK2] F @ 386.718017578125 (ms) to 418.451171875 (ms), cudaEventElapsed = 31.690528869628906 (ms)
[RANK2] B @ 670.126953125 (ms) to 711.473388671875 (ms), cudaEventElapsed = 41.301856994628906 (ms)
[RANK2] F @ 711.8359375 (ms) to 748.130859375 (ms), cudaEventElapsed = 36.26444625854492 (ms)
[RANK2] B @ 990.01416015625 (ms) to 1031.408203125 (ms), cudaEventElapsed = 41.34419250488281 (ms)
[RANK2] F @ 1032.835693359375 (ms) to 1068.465576171875 (ms), cudaEventElapsed = 35.5972785949707 (ms)
[RANK2] B @ 1238.75048828125 (ms) to 1280.2177734375 (ms), cudaEventElapsed = 41.39567947387695 (ms)
[RANK2] F @ 1281.654541015625 (ms) to 1316.2783203125 (ms), cudaEventElapsed = 34.59097671508789 (ms)
[RANK2] B @ 1487.007080078125 (ms) to 1528.21875 (ms), cudaEventElapsed = 41.17302322387695 (ms)
[RANK2] F @ 1529.6650390625 (ms) to 1565.156005859375 (ms), cudaEventElapsed = 35.45894241333008 (ms)
[RANK2] B @ 1734.939453125 (ms) to 1776.2470703125 (ms), cudaEventElapsed = 41.268672943115234 (ms)
[RANK2] F @ 1776.6025390625 (ms) to 1812.009521484375 (ms), cudaEventElapsed = 35.37696075439453 (ms)
[RANK2] B @ 1983.097412109375 (ms) to 2024.33203125 (ms), cudaEventElapsed = 41.1959342956543 (ms)
[RANK2] W @ 2024.57763671875 (ms) to 2046.59326171875 (ms), cudaEventElapsed = 21.985279083251953 (ms)
[RANK2] F @ 2046.742431640625 (ms) to 2085.857666015625 (ms), cudaEventElapsed = 39.086944580078125 (ms)
[RANK2] B @ 2236.198974609375 (ms) to 2278.508544921875 (ms), cudaEventElapsed = 42.25657653808594 (ms)
[RANK2] B @ 2359.807861328125 (ms) to 2401.093994140625 (ms), cudaEventElapsed = 41.24905776977539 (ms)
[RANK2] W @ 2401.25927734375 (ms) to 2423.190673828125 (ms), cudaEventElapsed = 21.89516830444336 (ms)
[RANK2] F @ 2423.447998046875 (ms) to 2463.361572265625 (ms), cudaEventElapsed = 39.885440826416016 (ms)
[RANK2] B @ 2700.31591796875 (ms) to 2741.72265625 (ms), cudaEventElapsed = 41.36393737792969 (ms)
[RANK2] W @ 2741.978515625 (ms) to 2764.677490234375 (ms), cudaEventElapsed = 21.595136642456055 (ms)
[RANK2] F @ 2764.952880859375 (ms) to 2805.158935546875 (ms), cudaEventElapsed = 40.17670440673828 (ms)
[RANK2] B @ 3024.597900390625 (ms) to 3065.914306640625 (ms), cudaEventElapsed = 41.273887634277344 (ms)
[RANK2] W @ 3066.17822265625 (ms) to 3089.400146484375 (ms), cudaEventElapsed = 22.05388832092285 (ms)
[RANK2] F @ 3089.7177734375 (ms) to 3129.0966796875 (ms), cudaEventElapsed = 39.34864044189453 (ms)
[RANK2] B @ 3348.40478515625 (ms) to 3389.880615234375 (ms), cudaEventElapsed = 41.428321838378906 (ms)
[RANK2] W @ 3390.06494140625 (ms) to 3413.1669921875 (ms), cudaEventElapsed = 23.06559944152832 (ms)
[RANK2] W @ 3413.33984375 (ms) to 3441.3740234375 (ms), cudaEventElapsed = 28.006399154663086 (ms)
[RANK2] B @ 3554.13525390625 (ms) to 3595.3076171875 (ms), cudaEventElapsed = 41.128929138183594 (ms)
[RANK2] 6W @ 3595.520263671875 (ms) to 3755.12646484375 (ms), cudaEventElapsed = 159.5668487548828 (ms)
[RANK2] Iteration 13
[RANK2] F @ 64.24169921875 (ms) to 96.5791015625 (ms), cudaEventElapsed = 32.293792724609375 (ms)
[RANK2] F @ 226.044189453125 (ms) to 257.7548828125 (ms), cudaEventElapsed = 31.66111946105957 (ms)
[RANK2] F @ 387.72216796875 (ms) to 419.553955078125 (ms), cudaEventElapsed = 31.76038360595703 (ms)
[RANK2] B @ 672.0078125 (ms) to 713.276123046875 (ms), cudaEventElapsed = 41.218910217285156 (ms)
[RANK2] F @ 713.6826171875 (ms) to 749.433837890625 (ms), cudaEventElapsed = 35.7182731628418 (ms)
[RANK2] B @ 992.080078125 (ms) to 1033.388427734375 (ms), cudaEventElapsed = 41.26182556152344 (ms)
[RANK2] F @ 1034.847412109375 (ms) to 1070.478271484375 (ms), cudaEventElapsed = 35.59775924682617 (ms)
[RANK2] B @ 1240.4765625 (ms) to 1281.84375 (ms), cudaEventElapsed = 41.319007873535156 (ms)
[RANK2] F @ 1283.27001953125 (ms) to 1318.17626953125 (ms), cudaEventElapsed = 34.874271392822266 (ms)
[RANK2] B @ 1489.028564453125 (ms) to 1530.342041015625 (ms), cudaEventElapsed = 41.2740478515625 (ms)
[RANK2] F @ 1531.774169921875 (ms) to 1567.1982421875 (ms), cudaEventElapsed = 35.39174270629883 (ms)
[RANK2] B @ 1736.93017578125 (ms) to 1778.32958984375 (ms), cudaEventElapsed = 41.35478210449219 (ms)
[RANK2] F @ 1778.718994140625 (ms) to 1814.865234375 (ms), cudaEventElapsed = 36.1143684387207 (ms)
[RANK2] B @ 1984.830078125 (ms) to 2026.312744140625 (ms), cudaEventElapsed = 41.434913635253906 (ms)
[RANK2] W @ 2026.60546875 (ms) to 2049.123291015625 (ms), cudaEventElapsed = 22.47577667236328 (ms)
[RANK2] F @ 2049.29248046875 (ms) to 2088.34912109375 (ms), cudaEventElapsed = 39.02703857421875 (ms)
[RANK2] B @ 2239.3154296875 (ms) to 2281.74462890625 (ms), cudaEventElapsed = 42.38393783569336 (ms)
[RANK2] B @ 2363.005859375 (ms) to 2404.181640625 (ms), cudaEventElapsed = 41.13267135620117 (ms)
[RANK2] W @ 2404.36669921875 (ms) to 2426.43701171875 (ms), cudaEventElapsed = 22.038528442382812 (ms)
[RANK2] F @ 2426.701171875 (ms) to 2466.163818359375 (ms), cudaEventElapsed = 39.43270492553711 (ms)
[RANK2] B @ 2705.801025390625 (ms) to 2747.086181640625 (ms), cudaEventElapsed = 41.24790573120117 (ms)
[RANK2] W @ 2747.32373046875 (ms) to 2769.5908203125 (ms), cudaEventElapsed = 21.161983489990234 (ms)
[RANK2] F @ 2769.861572265625 (ms) to 2809.11962890625 (ms), cudaEventElapsed = 39.22297668457031 (ms)
[RANK2] B @ 3030.30859375 (ms) to 3071.610595703125 (ms), cudaEventElapsed = 41.25894546508789 (ms)
[RANK2] W @ 3071.85791015625 (ms) to 3094.99609375 (ms), cudaEventElapsed = 22.05183982849121 (ms)
[RANK2] F @ 3095.273681640625 (ms) to 3135.4951171875 (ms), cudaEventElapsed = 40.18956756591797 (ms)
[RANK2] B @ 3353.691162109375 (ms) to 3394.80517578125 (ms), cudaEventElapsed = 41.07609558105469 (ms)
[RANK2] W @ 3395.023193359375 (ms) to 3416.782958984375 (ms), cudaEventElapsed = 21.728256225585938 (ms)
[RANK2] W @ 3416.947998046875 (ms) to 3444.700927734375 (ms), cudaEventElapsed = 27.726848602294922 (ms)
[RANK2] B @ 3558.552734375 (ms) to 3599.73291015625 (ms), cudaEventElapsed = 41.14710235595703 (ms)
[RANK2] 6W @ 3599.897216796875 (ms) to 3758.530517578125 (ms), cudaEventElapsed = 158.60018920898438 (ms)
[RANK2] Iteration 14
[RANK2] F @ 63.66015625 (ms) to 95.990966796875 (ms), cudaEventElapsed = 32.291168212890625 (ms)
[RANK2] F @ 226.0009765625 (ms) to 257.503173828125 (ms), cudaEventElapsed = 31.45804786682129 (ms)
[RANK2] F @ 388.94287109375 (ms) to 420.4755859375 (ms), cudaEventElapsed = 31.494752883911133 (ms)
[RANK2] B @ 673.342041015625 (ms) to 714.610595703125 (ms), cudaEventElapsed = 41.2239990234375 (ms)
[RANK2] F @ 714.970458984375 (ms) to 750.865478515625 (ms), cudaEventElapsed = 35.86393737792969 (ms)
[RANK2] B @ 993.172607421875 (ms) to 1034.443115234375 (ms), cudaEventElapsed = 41.22902297973633 (ms)
[RANK2] F @ 1035.918212890625 (ms) to 1071.37890625 (ms), cudaEventElapsed = 35.428062438964844 (ms)
[RANK2] B @ 1241.14404296875 (ms) to 1282.619873046875 (ms), cudaEventElapsed = 41.42768096923828 (ms)
[RANK2] F @ 1284.11279296875 (ms) to 1320.083740234375 (ms), cudaEventElapsed = 35.93782424926758 (ms)
[RANK2] B @ 1489.132080078125 (ms) to 1530.539794921875 (ms), cudaEventElapsed = 41.35433578491211 (ms)
[RANK2] F @ 1532.001220703125 (ms) to 1566.782958984375 (ms), cudaEventElapsed = 34.74480056762695 (ms)
[RANK2] B @ 1736.936279296875 (ms) to 1778.29052734375 (ms), cudaEventElapsed = 41.304481506347656 (ms)
[RANK2] F @ 1778.68017578125 (ms) to 1814.065673828125 (ms), cudaEventElapsed = 35.35295867919922 (ms)
[RANK2] B @ 1985.30419921875 (ms) to 2026.581787109375 (ms), cudaEventElapsed = 41.222015380859375 (ms)
[RANK2] W @ 2026.87158203125 (ms) to 2049.43603515625 (ms), cudaEventElapsed = 22.53209686279297 (ms)
[RANK2] F @ 2049.600830078125 (ms) to 2088.685546875 (ms), cudaEventElapsed = 39.05420684814453 (ms)
[RANK2] B @ 2240.156982421875 (ms) to 2282.758544921875 (ms), cudaEventElapsed = 42.55196762084961 (ms)
[RANK2] B @ 2363.594482421875 (ms) to 2404.853515625 (ms), cudaEventElapsed = 41.216800689697266 (ms)
[RANK2] W @ 2405.052978515625 (ms) to 2427.370849609375 (ms), cudaEventElapsed = 22.2873592376709 (ms)
[RANK2] F @ 2427.636474609375 (ms) to 2467.16064453125 (ms), cudaEventElapsed = 39.49625778198242 (ms)
[RANK2] B @ 2707.043701171875 (ms) to 2748.524658203125 (ms), cudaEventElapsed = 41.416160583496094 (ms)
[RANK2] W @ 2748.853515625 (ms) to 2771.6103515625 (ms), cudaEventElapsed = 21.63711929321289 (ms)
[RANK2] F @ 2771.974853515625 (ms) to 2810.909423828125 (ms), cudaEventElapsed = 38.90265655517578 (ms)
[RANK2] B @ 3030.288818359375 (ms) to 3071.79052734375 (ms), cudaEventElapsed = 41.4477424621582 (ms)
[RANK2] W @ 3072.081787109375 (ms) to 3094.470947265625 (ms), cudaEventElapsed = 21.25209617614746 (ms)
[RANK2] F @ 3094.774658203125 (ms) to 3134.442626953125 (ms), cudaEventElapsed = 39.62895965576172 (ms)
[RANK2] B @ 3354.15576171875 (ms) to 3395.531982421875 (ms), cudaEventElapsed = 41.31372833251953 (ms)
[RANK2] W @ 3395.76611328125 (ms) to 3417.672119140625 (ms), cudaEventElapsed = 21.8654727935791 (ms)
[RANK2] W @ 3417.8720703125 (ms) to 3445.69482421875 (ms), cudaEventElapsed = 27.785215377807617 (ms)
[RANK2] B @ 3557.417724609375 (ms) to 3598.51123046875 (ms), cudaEventElapsed = 41.05622482299805 (ms)
[RANK2] 6W @ 3598.6962890625 (ms) to 3758.34228515625 (ms), cudaEventElapsed = 159.61395263671875 (ms)
[RANK2] Iteration 15
[RANK2] F @ 63.649658203125 (ms) to 96.025390625 (ms), cudaEventElapsed = 32.337406158447266 (ms)
[RANK2] F @ 226.259033203125 (ms) to 257.876220703125 (ms), cudaEventElapsed = 31.571231842041016 (ms)
[RANK2] F @ 390.39892578125 (ms) to 421.956787109375 (ms), cudaEventElapsed = 31.513343811035156 (ms)
[RANK2] B @ 675.438720703125 (ms) to 716.939453125 (ms), cudaEventElapsed = 41.439231872558594 (ms)
[RANK2] F @ 717.3828125 (ms) to 753.052734375 (ms), cudaEventElapsed = 35.634368896484375 (ms)
[RANK2] B @ 995.752197265625 (ms) to 1037.231689453125 (ms), cudaEventElapsed = 41.413246154785156 (ms)
[RANK2] F @ 1038.7685546875 (ms) to 1074.60693359375 (ms), cudaEventElapsed = 35.80054473876953 (ms)
[RANK2] B @ 1244.0185546875 (ms) to 1285.546875 (ms), cudaEventElapsed = 41.46015930175781 (ms)
[RANK2] F @ 1287.071533203125 (ms) to 1323.074951171875 (ms), cudaEventElapsed = 35.96736145019531 (ms)
[RANK2] B @ 1491.724609375 (ms) to 1533.017822265625 (ms), cudaEventElapsed = 41.238304138183594 (ms)
[RANK2] F @ 1534.530029296875 (ms) to 1569.29931640625 (ms), cudaEventElapsed = 34.73183822631836 (ms)
[RANK2] B @ 1740.0498046875 (ms) to 1781.513671875 (ms), cudaEventElapsed = 41.391136169433594 (ms)
[RANK2] F @ 1781.996337890625 (ms) to 1817.527587890625 (ms), cudaEventElapsed = 35.48988723754883 (ms)
[RANK2] B @ 1987.731689453125 (ms) to 2029.1220703125 (ms), cudaEventElapsed = 41.32633590698242 (ms)
[RANK2] W @ 2029.433837890625 (ms) to 2051.827392578125 (ms), cudaEventElapsed = 22.353919982910156 (ms)
[RANK2] F @ 2051.999267578125 (ms) to 2090.7255859375 (ms), cudaEventElapsed = 38.69683074951172 (ms)
[RANK2] B @ 2241.7265625 (ms) to 2284.2919921875 (ms), cudaEventElapsed = 42.49248123168945 (ms)
[RANK2] B @ 2365.232421875 (ms) to 2406.65869140625 (ms), cudaEventElapsed = 41.3724479675293 (ms)
[RANK2] W @ 2406.886962890625 (ms) to 2429.57275390625 (ms), cudaEventElapsed = 22.65190315246582 (ms)
[RANK2] F @ 2429.8720703125 (ms) to 2469.00537109375 (ms), cudaEventElapsed = 39.10201644897461 (ms)
[RANK2] B @ 2708.15673828125 (ms) to 2749.560546875 (ms), cudaEventElapsed = 41.33705520629883 (ms)
[RANK2] W @ 2749.8701171875 (ms) to 2772.8759765625 (ms), cudaEventElapsed = 21.91360092163086 (ms)
[RANK2] F @ 2773.192626953125 (ms) to 2811.915283203125 (ms), cudaEventElapsed = 38.691680908203125 (ms)
[RANK2] B @ 3032.4970703125 (ms) to 3073.90185546875 (ms), cudaEventElapsed = 41.34374237060547 (ms)
[RANK2] W @ 3074.19287109375 (ms) to 3096.873779296875 (ms), cudaEventElapsed = 21.42207908630371 (ms)
[RANK2] F @ 3097.181396484375 (ms) to 3136.197509765625 (ms), cudaEventElapsed = 38.985694885253906 (ms)
[RANK2] B @ 3356.567138671875 (ms) to 3398.123046875 (ms), cudaEventElapsed = 41.48191833496094 (ms)
[RANK2] W @ 3398.367919921875 (ms) to 3420.24267578125 (ms), cudaEventElapsed = 21.83577537536621 (ms)
[RANK2] W @ 3420.428466796875 (ms) to 3447.9794921875 (ms), cudaEventElapsed = 27.521024703979492 (ms)
[RANK2] B @ 3560.878662109375 (ms) to 3601.993408203125 (ms), cudaEventElapsed = 41.074302673339844 (ms)
[RANK2] 6W @ 3602.211669921875 (ms) to 3761.419921875 (ms), cudaEventElapsed = 159.16441345214844 (ms)
[RANK2] Iteration 16
[RANK2] F @ 58.534423828125 (ms) to 88.976318359375 (ms), cudaEventElapsed = 30.40006446838379 (ms)
[RANK2] F @ 218.515625 (ms) to 248.279296875 (ms), cudaEventElapsed = 29.71129608154297 (ms)
[RANK2] F @ 377.843017578125 (ms) to 407.558837890625 (ms), cudaEventElapsed = 29.668319702148438 (ms)
[RANK2] F @ 536.782470703125 (ms) to 566.543212890625 (ms), cudaEventElapsed = 29.7076473236084 (ms)
[RANK2] F @ 695.404541015625 (ms) to 725.12158203125 (ms), cudaEventElapsed = 29.671743392944336 (ms)
[RANK2] F @ 853.39501953125 (ms) to 883.1552734375 (ms), cudaEventElapsed = 29.71164894104004 (ms)
[RANK2] F @ 1011.5283203125 (ms) to 1041.323486328125 (ms), cudaEventElapsed = 29.7391357421875 (ms)
[RANK2] F @ 1170.399169921875 (ms) to 1200.04931640625 (ms), cudaEventElapsed = 29.607616424560547 (ms)
[RANK2] F @ 1329.397705078125 (ms) to 1359.054931640625 (ms), cudaEventElapsed = 29.602432250976562 (ms)
[RANK2] F @ 1488.50244140625 (ms) to 1518.268798828125 (ms), cudaEventElapsed = 29.70992088317871 (ms)
[RANK2] F @ 1648.29248046875 (ms) to 1677.974853515625 (ms), cudaEventElapsed = 29.63158416748047 (ms)
[RANK2] F @ 1807.719482421875 (ms) to 1837.415771484375 (ms), cudaEventElapsed = 29.64793586730957 (ms)
