[RANK3] Iteration 1
[RANK3] F @ 1086.88916015625 (ms) to 1633.181396484375 (ms), cudaEventElapsed = 546.2071533203125 (ms)
[RANK3] B @ 1633.41357421875 (ms) to 1677.632568359375 (ms), cudaEventElapsed = 44.18252944946289 (ms)
[RANK3] F @ 1681.369873046875 (ms) to 1711.6845703125 (ms), cudaEventElapsed = 30.275840759277344 (ms)
[RANK3] B @ 1711.771484375 (ms) to 1750.295166015625 (ms), cudaEventElapsed = 38.48601531982422 (ms)
[RANK3] F @ 1751.8349609375 (ms) to 1785.045654296875 (ms), cudaEventElapsed = 33.168479919433594 (ms)
[RANK3] B @ 1785.13427734375 (ms) to 1823.5078125 (ms), cudaEventElapsed = 38.32217788696289 (ms)
[RANK3] F @ 1825.138671875 (ms) to 1857.685302734375 (ms), cudaEventElapsed = 32.50579071044922 (ms)
[RANK3] B @ 1857.756591796875 (ms) to 1895.708984375 (ms), cudaEventElapsed = 37.91769790649414 (ms)
[RANK3] F @ 1899.135498046875 (ms) to 1931.84619140625 (ms), cudaEventElapsed = 32.66166305541992 (ms)
[RANK3] B @ 1931.9140625 (ms) to 1970.176513671875 (ms), cudaEventElapsed = 38.2289924621582 (ms)
[RANK3] F @ 1971.520263671875 (ms) to 2004.548828125 (ms), cudaEventElapsed = 32.98223876953125 (ms)
[RANK3] B @ 2004.6123046875 (ms) to 2043.2490234375 (ms), cudaEventElapsed = 38.60377502441406 (ms)
[RANK3] F @ 2044.628173828125 (ms) to 2077.413818359375 (ms), cudaEventElapsed = 32.74748611450195 (ms)
[RANK3] B @ 2077.48193359375 (ms) to 2115.695556640625 (ms), cudaEventElapsed = 38.177791595458984 (ms)
[RANK3] F @ 2116.001708984375 (ms) to 2148.35400390625 (ms), cudaEventElapsed = 32.3191032409668 (ms)
[RANK3] B @ 2148.53955078125 (ms) to 2187.686767578125 (ms), cudaEventElapsed = 39.11577606201172 (ms)
[RANK3] W @ 2187.868896484375 (ms) to 2216.676025390625 (ms), cudaEventElapsed = 18.39206314086914 (ms)
[RANK3] F @ 2216.847412109375 (ms) to 2248.188232421875 (ms), cudaEventElapsed = 31.309375762939453 (ms)
[RANK3] B @ 2248.245361328125 (ms) to 2285.983642578125 (ms), cudaEventElapsed = 37.70982360839844 (ms)
[RANK3] W @ 2286.222412109375 (ms) to 2307.252197265625 (ms), cudaEventElapsed = 19.980287551879883 (ms)
[RANK3] F @ 2343.577880859375 (ms) to 2373.625244140625 (ms), cudaEventElapsed = 30.009248733520508 (ms)
[RANK3] B @ 2373.6845703125 (ms) to 2410.74609375 (ms), cudaEventElapsed = 37.02169418334961 (ms)
[RANK3] W @ 2410.998291015625 (ms) to 2431.912841796875 (ms), cudaEventElapsed = 19.693567276000977 (ms)
[RANK3] F @ 2445.8857421875 (ms) to 2476.48193359375 (ms), cudaEventElapsed = 30.56185531616211 (ms)
[RANK3] B @ 2476.54833984375 (ms) to 2514.0859375 (ms), cudaEventElapsed = 37.508094787597656 (ms)
[RANK3] W @ 2514.326904296875 (ms) to 2535.77294921875 (ms), cudaEventElapsed = 20.273151397705078 (ms)
[RANK3] F @ 2547.729248046875 (ms) to 2578.465576171875 (ms), cudaEventElapsed = 30.701152801513672 (ms)
[RANK3] B @ 2578.52685546875 (ms) to 2616.247802734375 (ms), cudaEventElapsed = 37.69241714477539 (ms)
[RANK3] 8W @ 2616.420654296875 (ms) to 2780.680908203125 (ms), cudaEventElapsed = 164.21478271484375 (ms)
[RANK3] Iteration 2
[RANK3] F @ 99.876953125 (ms) to 130.66943359375 (ms), cudaEventElapsed = 30.733600616455078 (ms)
[RANK3] B @ 130.937744140625 (ms) to 175.228271484375 (ms), cudaEventElapsed = 35.531776428222656 (ms)
[RANK3] F @ 176.52685546875 (ms) to 207.32470703125 (ms), cudaEventElapsed = 30.757535934448242 (ms)
[RANK3] B @ 207.42333984375 (ms) to 245.4716796875 (ms), cudaEventElapsed = 38.01599884033203 (ms)
[RANK3] F @ 246.968505859375 (ms) to 279.3662109375 (ms), cudaEventElapsed = 32.3645133972168 (ms)
[RANK3] B @ 279.474609375 (ms) to 318.0087890625 (ms), cudaEventElapsed = 38.4983024597168 (ms)
[RANK3] F @ 319.560791015625 (ms) to 352.202392578125 (ms), cudaEventElapsed = 32.60860824584961 (ms)
[RANK3] B @ 352.30712890625 (ms) to 390.302978515625 (ms), cudaEventElapsed = 37.961727142333984 (ms)
[RANK3] F @ 391.82763671875 (ms) to 424.287841796875 (ms), cudaEventElapsed = 32.4277458190918 (ms)
[RANK3] B @ 424.3779296875 (ms) to 462.255615234375 (ms), cudaEventElapsed = 37.844993591308594 (ms)
[RANK3] F @ 463.8330078125 (ms) to 496.801513671875 (ms), cudaEventElapsed = 32.934593200683594 (ms)
[RANK3] B @ 496.89501953125 (ms) to 534.830810546875 (ms), cudaEventElapsed = 37.90438461303711 (ms)
[RANK3] F @ 536.259521484375 (ms) to 568.898681640625 (ms), cudaEventElapsed = 32.6064338684082 (ms)
[RANK3] B @ 568.984130859375 (ms) to 607.38818359375 (ms), cudaEventElapsed = 38.372352600097656 (ms)
[RANK3] F @ 607.7109375 (ms) to 639.979736328125 (ms), cudaEventElapsed = 32.23616027832031 (ms)
[RANK3] B @ 640.2021484375 (ms) to 680.27978515625 (ms), cudaEventElapsed = 40.04556655883789 (ms)
[RANK3] W @ 680.49755859375 (ms) to 700.1142578125 (ms), cudaEventElapsed = 19.570688247680664 (ms)
[RANK3] F @ 700.28369140625 (ms) to 732.8740234375 (ms), cudaEventElapsed = 32.560447692871094 (ms)
[RANK3] B @ 732.950927734375 (ms) to 771.3037109375 (ms), cudaEventElapsed = 38.32320022583008 (ms)
[RANK3] W @ 771.57421875 (ms) to 793.134033203125 (ms), cudaEventElapsed = 20.383743286132812 (ms)
[RANK3] F @ 825.33349609375 (ms) to 855.605712890625 (ms), cudaEventElapsed = 30.22982406616211 (ms)
[RANK3] B @ 855.690673828125 (ms) to 892.1845703125 (ms), cudaEventElapsed = 36.46156692504883 (ms)
[RANK3] W @ 892.504638671875 (ms) to 913.555419921875 (ms), cudaEventElapsed = 19.87071990966797 (ms)
[RANK3] F @ 928.66552734375 (ms) to 959.4130859375 (ms), cudaEventElapsed = 30.706655502319336 (ms)
[RANK3] B @ 959.49609375 (ms) to 999.08056640625 (ms), cudaEventElapsed = 39.55507278442383 (ms)
[RANK3] W @ 999.324462890625 (ms) to 1021.368408203125 (ms), cudaEventElapsed = 20.87833595275879 (ms)
[RANK3] F @ 1035.23828125 (ms) to 1066.221435546875 (ms), cudaEventElapsed = 30.935136795043945 (ms)
[RANK3] B @ 1066.30078125 (ms) to 1103.931884765625 (ms), cudaEventElapsed = 37.60230255126953 (ms)
[RANK3] 8W @ 1104.120849609375 (ms) to 1268.97412109375 (ms), cudaEventElapsed = 164.8209991455078 (ms)
[RANK3] Iteration 3
[RANK3] F @ 99.361572265625 (ms) to 130.1767578125 (ms), cudaEventElapsed = 30.758047103881836 (ms)
[RANK3] B @ 130.40283203125 (ms) to 175.189697265625 (ms), cudaEventElapsed = 36.8087043762207 (ms)
[RANK3] F @ 175.5986328125 (ms) to 206.947265625 (ms), cudaEventElapsed = 31.310527801513672 (ms)
[RANK3] B @ 207.036376953125 (ms) to 245.4365234375 (ms), cudaEventElapsed = 38.36723327636719 (ms)
[RANK3] F @ 246.970947265625 (ms) to 279.0107421875 (ms), cudaEventElapsed = 32.00582504272461 (ms)
[RANK3] B @ 279.12109375 (ms) to 317.459228515625 (ms), cudaEventElapsed = 38.30169677734375 (ms)
[RANK3] F @ 318.998291015625 (ms) to 351.742431640625 (ms), cudaEventElapsed = 32.709632873535156 (ms)
[RANK3] B @ 351.84228515625 (ms) to 389.96142578125 (ms), cudaEventElapsed = 38.08358383178711 (ms)
[RANK3] F @ 391.41357421875 (ms) to 424.1123046875 (ms), cudaEventElapsed = 32.66681671142578 (ms)
[RANK3] B @ 424.201904296875 (ms) to 462.299072265625 (ms), cudaEventElapsed = 38.06412887573242 (ms)
[RANK3] F @ 463.794677734375 (ms) to 496.6083984375 (ms), cudaEventElapsed = 32.77814483642578 (ms)
[RANK3] B @ 496.69482421875 (ms) to 534.870849609375 (ms), cudaEventElapsed = 38.14604949951172 (ms)
[RANK3] F @ 536.345947265625 (ms) to 569.54736328125 (ms), cudaEventElapsed = 33.167903900146484 (ms)
[RANK3] B @ 569.636474609375 (ms) to 607.66650390625 (ms), cudaEventElapsed = 37.99756622314453 (ms)
[RANK3] F @ 608.00439453125 (ms) to 639.712646484375 (ms), cudaEventElapsed = 31.676063537597656 (ms)
[RANK3] B @ 639.938232421875 (ms) to 679.309814453125 (ms), cudaEventElapsed = 39.340030670166016 (ms)
[RANK3] W @ 679.51025390625 (ms) to 702.336181640625 (ms), cudaEventElapsed = 19.43449592590332 (ms)
[RANK3] F @ 702.498291015625 (ms) to 734.484619140625 (ms), cudaEventElapsed = 31.956127166748047 (ms)
[RANK3] B @ 734.564697265625 (ms) to 773.410888671875 (ms), cudaEventElapsed = 38.81779098510742 (ms)
[RANK3] W @ 773.652099609375 (ms) to 795.206298828125 (ms), cudaEventElapsed = 20.409343719482422 (ms)
[RANK3] F @ 828.371337890625 (ms) to 858.55419921875 (ms), cudaEventElapsed = 30.14303970336914 (ms)
[RANK3] B @ 858.638671875 (ms) to 895.530029296875 (ms), cudaEventElapsed = 36.86092758178711 (ms)
[RANK3] W @ 895.782958984375 (ms) to 916.846923828125 (ms), cudaEventElapsed = 19.8973445892334 (ms)
[RANK3] F @ 930.377685546875 (ms) to 961.338134765625 (ms), cudaEventElapsed = 30.92131233215332 (ms)
[RANK3] B @ 961.41650390625 (ms) to 999.622802734375 (ms), cudaEventElapsed = 38.174720764160156 (ms)
[RANK3] W @ 999.8779296875 (ms) to 1021.437255859375 (ms), cudaEventElapsed = 20.42265510559082 (ms)
[RANK3] F @ 1035.3359375 (ms) to 1066.1748046875 (ms), cudaEventElapsed = 30.80396842956543 (ms)
[RANK3] B @ 1066.259765625 (ms) to 1104.198486328125 (ms), cudaEventElapsed = 37.90848159790039 (ms)
[RANK3] 8W @ 1104.379638671875 (ms) to 1269.614501953125 (ms), cudaEventElapsed = 165.1998748779297 (ms)
[RANK3] Iteration 4
[RANK3] F @ 98.363525390625 (ms) to 129.07763671875 (ms), cudaEventElapsed = 30.664480209350586 (ms)
[RANK3] B @ 129.33837890625 (ms) to 174.022705078125 (ms), cudaEventElapsed = 35.65363311767578 (ms)
[RANK3] F @ 176.30224609375 (ms) to 206.693603515625 (ms), cudaEventElapsed = 30.350624084472656 (ms)
[RANK3] B @ 206.779296875 (ms) to 244.929443359375 (ms), cudaEventElapsed = 38.11840057373047 (ms)
[RANK3] F @ 246.421142578125 (ms) to 279.154052734375 (ms), cudaEventElapsed = 32.700416564941406 (ms)
[RANK3] B @ 279.266845703125 (ms) to 317.17919921875 (ms), cudaEventElapsed = 37.8787841796875 (ms)
[RANK3] F @ 318.738037109375 (ms) to 350.772216796875 (ms), cudaEventElapsed = 32.00044631958008 (ms)
[RANK3] B @ 350.865478515625 (ms) to 388.9833984375 (ms), cudaEventElapsed = 38.08563232421875 (ms)
[RANK3] F @ 390.551513671875 (ms) to 423.496826171875 (ms), cudaEventElapsed = 32.91187286376953 (ms)
[RANK3] B @ 423.5888671875 (ms) to 462.00537109375 (ms), cudaEventElapsed = 38.38566589355469 (ms)
[RANK3] F @ 463.522216796875 (ms) to 496.457275390625 (ms), cudaEventElapsed = 32.90009689331055 (ms)
[RANK3] B @ 496.550048828125 (ms) to 534.510498046875 (ms), cudaEventElapsed = 37.92793655395508 (ms)
[RANK3] F @ 535.95703125 (ms) to 568.439453125 (ms), cudaEventElapsed = 32.449790954589844 (ms)
[RANK3] B @ 568.52783203125 (ms) to 606.58154296875 (ms), cudaEventElapsed = 38.02316665649414 (ms)
[RANK3] F @ 606.88623046875 (ms) to 639.395751953125 (ms), cudaEventElapsed = 32.47942352294922 (ms)
[RANK3] B @ 639.61328125 (ms) to 678.796630859375 (ms), cudaEventElapsed = 39.15264129638672 (ms)
[RANK3] W @ 678.99560546875 (ms) to 698.687744140625 (ms), cudaEventElapsed = 19.45599937438965 (ms)
[RANK3] F @ 698.8408203125 (ms) to 730.822021484375 (ms), cudaEventElapsed = 31.941408157348633 (ms)
[RANK3] B @ 730.900146484375 (ms) to 769.4189453125 (ms), cudaEventElapsed = 38.48704147338867 (ms)
[RANK3] W @ 769.677978515625 (ms) to 791.264892578125 (ms), cudaEventElapsed = 20.379648208618164 (ms)
[RANK3] F @ 823.933837890625 (ms) to 854.382568359375 (ms), cudaEventElapsed = 30.408832550048828 (ms)
[RANK3] B @ 854.464599609375 (ms) to 891.6513671875 (ms), cudaEventElapsed = 37.15584182739258 (ms)
[RANK3] W @ 891.9140625 (ms) to 913.502197265625 (ms), cudaEventElapsed = 20.346879959106445 (ms)
[RANK3] F @ 926.330810546875 (ms) to 957.320556640625 (ms), cudaEventElapsed = 30.947744369506836 (ms)
[RANK3] B @ 957.402587890625 (ms) to 995.7216796875 (ms), cudaEventElapsed = 38.28838348388672 (ms)
[RANK3] W @ 995.990966796875 (ms) to 1017.617431640625 (ms), cudaEventElapsed = 20.428800582885742 (ms)
[RANK3] F @ 1031.8955078125 (ms) to 1062.667724609375 (ms), cudaEventElapsed = 30.733312606811523 (ms)
[RANK3] B @ 1062.748779296875 (ms) to 1100.962158203125 (ms), cudaEventElapsed = 38.18086242675781 (ms)
[RANK3] 8W @ 1101.156494140625 (ms) to 1266.32275390625 (ms), cudaEventElapsed = 165.12205505371094 (ms)
[RANK3] Iteration 5
[RANK3] F @ 98.277099609375 (ms) to 129.189208984375 (ms), cudaEventElapsed = 30.858240127563477 (ms)
[RANK3] B @ 129.417724609375 (ms) to 175.171875 (ms), cudaEventElapsed = 36.70732879638672 (ms)
[RANK3] F @ 175.757568359375 (ms) to 208.8720703125 (ms), cudaEventElapsed = 33.076480865478516 (ms)
[RANK3] B @ 208.964599609375 (ms) to 247.82177734375 (ms), cudaEventElapsed = 38.825984954833984 (ms)
[RANK3] F @ 249.32275390625 (ms) to 282.708251953125 (ms), cudaEventElapsed = 33.34729766845703 (ms)
[RANK3] B @ 282.822998046875 (ms) to 321.66796875 (ms), cudaEventElapsed = 38.807552337646484 (ms)
[RANK3] F @ 323.277587890625 (ms) to 357.360595703125 (ms), cudaEventElapsed = 34.04828643798828 (ms)
[RANK3] B @ 357.46435546875 (ms) to 396.596435546875 (ms), cudaEventElapsed = 39.09632110595703 (ms)
[RANK3] F @ 398.1474609375 (ms) to 432.60888671875 (ms), cudaEventElapsed = 34.4279670715332 (ms)
[RANK3] B @ 432.709228515625 (ms) to 471.309326171875 (ms), cudaEventElapsed = 38.567935943603516 (ms)
[RANK3] F @ 472.99755859375 (ms) to 507.204833984375 (ms), cudaEventElapsed = 34.174400329589844 (ms)
[RANK3] B @ 507.289794921875 (ms) to 546.00634765625 (ms), cudaEventElapsed = 38.68569564819336 (ms)
[RANK3] F @ 547.607666015625 (ms) to 581.722900390625 (ms), cudaEventElapsed = 34.079681396484375 (ms)
[RANK3] B @ 581.812255859375 (ms) to 620.79345703125 (ms), cudaEventElapsed = 38.949886322021484 (ms)
[RANK3] F @ 621.106201171875 (ms) to 654.814453125 (ms), cudaEventElapsed = 33.677345275878906 (ms)
[RANK3] B @ 655.03857421875 (ms) to 695.43603515625 (ms), cudaEventElapsed = 40.365055084228516 (ms)
[RANK3] W @ 695.63330078125 (ms) to 723.487060546875 (ms), cudaEventElapsed = 20.936704635620117 (ms)
[RANK3] F @ 723.66357421875 (ms) to 757.47314453125 (ms), cudaEventElapsed = 33.77132797241211 (ms)
[RANK3] B @ 757.56103515625 (ms) to 797.48583984375 (ms), cudaEventElapsed = 39.89299011230469 (ms)
[RANK3] W @ 797.768798828125 (ms) to 821.214111328125 (ms), cudaEventElapsed = 22.24127960205078 (ms)
[RANK3] F @ 859.050537109375 (ms) to 889.754150390625 (ms), cudaEventElapsed = 30.659135818481445 (ms)
[RANK3] B @ 889.8408203125 (ms) to 927.32958984375 (ms), cudaEventElapsed = 37.45792007446289 (ms)
[RANK3] W @ 927.5986328125 (ms) to 950.60791015625 (ms), cudaEventElapsed = 21.755903244018555 (ms)
[RANK3] F @ 978.95458984375 (ms) to 1010.3369140625 (ms), cudaEventElapsed = 31.33679962158203 (ms)
[RANK3] B @ 1010.423583984375 (ms) to 1048.151611328125 (ms), cudaEventElapsed = 37.69753646850586 (ms)
[RANK3] W @ 1048.42431640625 (ms) to 1071.134765625 (ms), cudaEventElapsed = 21.48044776916504 (ms)
[RANK3] F @ 1090.3623046875 (ms) to 1121.80908203125 (ms), cudaEventElapsed = 31.40755271911621 (ms)
[RANK3] B @ 1121.88525390625 (ms) to 1160.2080078125 (ms), cudaEventElapsed = 38.29452896118164 (ms)
[RANK3] 8W @ 1160.3955078125 (ms) to 1352.76953125 (ms), cudaEventElapsed = 192.33587646484375 (ms)
[RANK3] Iteration 6
[RANK3] F @ 98.67333984375 (ms) to 129.32568359375 (ms), cudaEventElapsed = 30.603967666625977 (ms)
[RANK3] B @ 129.546142578125 (ms) to 175.97705078125 (ms), cudaEventElapsed = 36.18406295776367 (ms)
[RANK3] F @ 177.40185546875 (ms) to 209.424560546875 (ms), cudaEventElapsed = 31.982784271240234 (ms)
[RANK3] B @ 209.5029296875 (ms) to 248.294921875 (ms), cudaEventElapsed = 38.76249694824219 (ms)
[RANK3] F @ 249.751708984375 (ms) to 283.5703125 (ms), cudaEventElapsed = 33.78681564331055 (ms)
[RANK3] B @ 283.670166015625 (ms) to 323.0146484375 (ms), cudaEventElapsed = 39.31238555908203 (ms)
[RANK3] F @ 324.543212890625 (ms) to 359.048583984375 (ms), cudaEventElapsed = 34.471038818359375 (ms)
[RANK3] B @ 359.158935546875 (ms) to 397.714111328125 (ms), cudaEventElapsed = 38.52083206176758 (ms)
[RANK3] F @ 399.2333984375 (ms) to 432.954833984375 (ms), cudaEventElapsed = 33.689056396484375 (ms)
[RANK3] B @ 433.035888671875 (ms) to 471.841064453125 (ms), cudaEventElapsed = 38.772735595703125 (ms)
[RANK3] F @ 473.613037109375 (ms) to 508.136474609375 (ms), cudaEventElapsed = 34.48249435424805 (ms)
[RANK3] B @ 508.22607421875 (ms) to 546.912109375 (ms), cudaEventElapsed = 38.65599822998047 (ms)
[RANK3] F @ 548.450927734375 (ms) to 582.773193359375 (ms), cudaEventElapsed = 34.28956985473633 (ms)
[RANK3] B @ 582.85595703125 (ms) to 622.0302734375 (ms), cudaEventElapsed = 39.14342498779297 (ms)
[RANK3] F @ 622.33544921875 (ms) to 656.09130859375 (ms), cudaEventElapsed = 33.72537612915039 (ms)
[RANK3] B @ 656.307861328125 (ms) to 696.388427734375 (ms), cudaEventElapsed = 40.050689697265625 (ms)
[RANK3] W @ 696.580078125 (ms) to 723.69140625 (ms), cudaEventElapsed = 19.689472198486328 (ms)
[RANK3] F @ 723.846435546875 (ms) to 758.724609375 (ms), cudaEventElapsed = 34.84873580932617 (ms)
[RANK3] B @ 758.8017578125 (ms) to 797.98828125 (ms), cudaEventElapsed = 39.15776062011719 (ms)
[RANK3] W @ 798.225341796875 (ms) to 820.80810546875 (ms), cudaEventElapsed = 21.413888931274414 (ms)
[RANK3] F @ 860.864990234375 (ms) to 891.193115234375 (ms), cudaEventElapsed = 30.290912628173828 (ms)
[RANK3] B @ 891.27294921875 (ms) to 928.501953125 (ms), cudaEventElapsed = 37.19987106323242 (ms)
[RANK3] W @ 928.7763671875 (ms) to 952.5234375 (ms), cudaEventElapsed = 22.553600311279297 (ms)
[RANK3] F @ 981.922607421875 (ms) to 1013.07568359375 (ms), cudaEventElapsed = 31.115135192871094 (ms)
[RANK3] B @ 1013.15673828125 (ms) to 1051.3154296875 (ms), cudaEventElapsed = 38.12761688232422 (ms)
[RANK3] W @ 1051.554443359375 (ms) to 1074.9775390625 (ms), cudaEventElapsed = 22.206464767456055 (ms)
[RANK3] F @ 1094.011962890625 (ms) to 1125.333251953125 (ms), cudaEventElapsed = 31.279296875 (ms)
[RANK3] B @ 1125.406982421875 (ms) to 1164.046142578125 (ms), cudaEventElapsed = 38.609920501708984 (ms)
[RANK3] 8W @ 1164.23046875 (ms) to 1357.935791015625 (ms), cudaEventElapsed = 193.6721954345703 (ms)
[RANK3] Iteration 7
[RANK3] F @ 97.92041015625 (ms) to 128.580322265625 (ms), cudaEventElapsed = 30.61395263671875 (ms)
[RANK3] B @ 128.78955078125 (ms) to 177.35107421875 (ms), cudaEventElapsed = 37.50400161743164 (ms)
[RANK3] F @ 177.75439453125 (ms) to 210.542236328125 (ms), cudaEventElapsed = 32.755489349365234 (ms)
[RANK3] B @ 210.623046875 (ms) to 250.36376953125 (ms), cudaEventElapsed = 39.71072006225586 (ms)
[RANK3] F @ 251.79345703125 (ms) to 285.845947265625 (ms), cudaEventElapsed = 34.02211380004883 (ms)
[RANK3] B @ 285.930908203125 (ms) to 324.82080078125 (ms), cudaEventElapsed = 38.85670471191406 (ms)
[RANK3] F @ 326.3251953125 (ms) to 360.369140625 (ms), cudaEventElapsed = 34.011329650878906 (ms)
[RANK3] B @ 360.4580078125 (ms) to 399.071533203125 (ms), cudaEventElapsed = 38.580223083496094 (ms)
[RANK3] F @ 400.51220703125 (ms) to 434.535888671875 (ms), cudaEventElapsed = 33.99158477783203 (ms)
[RANK3] B @ 434.614990234375 (ms) to 473.12060546875 (ms), cudaEventElapsed = 38.47475051879883 (ms)
[RANK3] F @ 474.63134765625 (ms) to 509.08203125 (ms), cudaEventElapsed = 34.418174743652344 (ms)
[RANK3] B @ 509.1650390625 (ms) to 548.193603515625 (ms), cudaEventElapsed = 38.99903869628906 (ms)
[RANK3] F @ 549.6591796875 (ms) to 584.203125 (ms), cudaEventElapsed = 34.51232147216797 (ms)
[RANK3] B @ 584.290283203125 (ms) to 622.843017578125 (ms), cudaEventElapsed = 38.521854400634766 (ms)
[RANK3] F @ 623.126220703125 (ms) to 656.40283203125 (ms), cudaEventElapsed = 33.245567321777344 (ms)
[RANK3] B @ 656.60107421875 (ms) to 697.00732421875 (ms), cudaEventElapsed = 40.377342224121094 (ms)
[RANK3] W @ 697.17529296875 (ms) to 725.02880859375 (ms), cudaEventElapsed = 19.414016723632812 (ms)
[RANK3] F @ 725.17333984375 (ms) to 758.968017578125 (ms), cudaEventElapsed = 33.7558708190918 (ms)
[RANK3] B @ 759.047607421875 (ms) to 798.745361328125 (ms), cudaEventElapsed = 39.6677131652832 (ms)
[RANK3] W @ 798.97021484375 (ms) to 822.24853515625 (ms), cudaEventElapsed = 22.205440521240234 (ms)
[RANK3] F @ 862.507080078125 (ms) to 892.572998046875 (ms), cudaEventElapsed = 30.031648635864258 (ms)
[RANK3] B @ 892.652587890625 (ms) to 930.156494140625 (ms), cudaEventElapsed = 37.47328186035156 (ms)
[RANK3] W @ 930.390869140625 (ms) to 954.241943359375 (ms), cudaEventElapsed = 22.62835121154785 (ms)
[RANK3] F @ 982.228271484375 (ms) to 1013.759521484375 (ms), cudaEventElapsed = 31.49465560913086 (ms)
[RANK3] B @ 1013.836181640625 (ms) to 1052.085205078125 (ms), cudaEventElapsed = 38.218753814697266 (ms)
[RANK3] W @ 1052.320068359375 (ms) to 1075.677490234375 (ms), cudaEventElapsed = 22.07027244567871 (ms)
[RANK3] F @ 1093.60400390625 (ms) to 1125.713623046875 (ms), cudaEventElapsed = 32.07542419433594 (ms)
[RANK3] B @ 1125.788818359375 (ms) to 1163.818359375 (ms), cudaEventElapsed = 37.99961471557617 (ms)
[RANK3] 8W @ 1163.99169921875 (ms) to 1357.27587890625 (ms), cudaEventElapsed = 193.2472381591797 (ms)
[RANK3] Iteration 8
[RANK3] F @ 98.337890625 (ms) to 128.894287109375 (ms), cudaEventElapsed = 30.514144897460938 (ms)
[RANK3] B @ 129.1025390625 (ms) to 176.226318359375 (ms), cudaEventElapsed = 36.85171127319336 (ms)
[RANK3] F @ 177.70166015625 (ms) to 210.69970703125 (ms), cudaEventElapsed = 32.96265411376953 (ms)
[RANK3] B @ 210.788818359375 (ms) to 249.814208984375 (ms), cudaEventElapsed = 38.993919372558594 (ms)
[RANK3] F @ 251.274658203125 (ms) to 285.43505859375 (ms), cudaEventElapsed = 34.12742233276367 (ms)
[RANK3] B @ 285.52294921875 (ms) to 324.377197265625 (ms), cudaEventElapsed = 38.82291030883789 (ms)
[RANK3] F @ 325.864013671875 (ms) to 359.65771484375 (ms), cudaEventElapsed = 33.76076889038086 (ms)
[RANK3] B @ 359.747314453125 (ms) to 398.457763671875 (ms), cudaEventElapsed = 38.67340850830078 (ms)
[RANK3] F @ 399.994384765625 (ms) to 434.426025390625 (ms), cudaEventElapsed = 34.40003204345703 (ms)
[RANK3] B @ 434.506103515625 (ms) to 473.4111328125 (ms), cudaEventElapsed = 38.87411117553711 (ms)
[RANK3] F @ 474.97216796875 (ms) to 509.760986328125 (ms), cudaEventElapsed = 34.75657653808594 (ms)
[RANK3] B @ 509.85009765625 (ms) to 548.508544921875 (ms), cudaEventElapsed = 38.626304626464844 (ms)
[RANK3] F @ 550.06884765625 (ms) to 584.300537109375 (ms), cudaEventElapsed = 34.1995849609375 (ms)
[RANK3] B @ 584.384033203125 (ms) to 623.31396484375 (ms), cudaEventElapsed = 38.90073776245117 (ms)
[RANK3] F @ 623.608154296875 (ms) to 657.26416015625 (ms), cudaEventElapsed = 33.62073516845703 (ms)
[RANK3] B @ 657.472412109375 (ms) to 697.592529296875 (ms), cudaEventElapsed = 40.089599609375 (ms)
[RANK3] W @ 697.796142578125 (ms) to 725.9228515625 (ms), cudaEventElapsed = 20.02943992614746 (ms)
[RANK3] F @ 726.075927734375 (ms) to 759.375 (ms), cudaEventElapsed = 33.27040100097656 (ms)
[RANK3] B @ 759.452392578125 (ms) to 799.251953125 (ms), cudaEventElapsed = 39.76908874511719 (ms)
[RANK3] W @ 799.488037109375 (ms) to 822.9833984375 (ms), cudaEventElapsed = 22.311935424804688 (ms)
[RANK3] F @ 862.244384765625 (ms) to 892.323974609375 (ms), cudaEventElapsed = 30.040607452392578 (ms)
[RANK3] B @ 892.402099609375 (ms) to 930.57470703125 (ms), cudaEventElapsed = 38.14400100708008 (ms)
[RANK3] W @ 930.837158203125 (ms) to 955.335205078125 (ms), cudaEventElapsed = 23.310335159301758 (ms)
[RANK3] F @ 983.114990234375 (ms) to 1015.205810546875 (ms), cudaEventElapsed = 32.055233001708984 (ms)
[RANK3] B @ 1015.291015625 (ms) to 1053.410400390625 (ms), cudaEventElapsed = 38.09075164794922 (ms)
[RANK3] W @ 1053.665283203125 (ms) to 1076.739013671875 (ms), cudaEventElapsed = 21.805055618286133 (ms)
[RANK3] F @ 1095.176513671875 (ms) to 1127.14794921875 (ms), cudaEventElapsed = 31.936800003051758 (ms)
[RANK3] B @ 1127.231689453125 (ms) to 1165.065185546875 (ms), cudaEventElapsed = 37.803009033203125 (ms)
[RANK3] 8W @ 1165.258544921875 (ms) to 1359.165771484375 (ms), cudaEventElapsed = 193.86778259277344 (ms)
[RANK3] Iteration 9
[RANK3] F @ 231.2919921875 (ms) to 262.157470703125 (ms), cudaEventElapsed = 30.809728622436523 (ms)
[RANK3] B @ 262.3759765625 (ms) to 428.70654296875 (ms), cudaEventElapsed = 35.372032165527344 (ms)
[RANK3] F @ 553.404052734375 (ms) to 583.5576171875 (ms), cudaEventElapsed = 30.1060791015625 (ms)
[RANK3] B @ 583.640869140625 (ms) to 621.172607421875 (ms), cudaEventElapsed = 37.501953125 (ms)
[RANK3] F @ 622.5791015625 (ms) to 657.187255859375 (ms), cudaEventElapsed = 34.57596969604492 (ms)
[RANK3] B @ 657.278564453125 (ms) to 697.127685546875 (ms), cudaEventElapsed = 39.816192626953125 (ms)
[RANK3] F @ 769.870849609375 (ms) to 800.575927734375 (ms), cudaEventElapsed = 30.660959243774414 (ms)
[RANK3] B @ 800.6591796875 (ms) to 839.192626953125 (ms), cudaEventElapsed = 38.50342559814453 (ms)
[RANK3] F @ 981.889404296875 (ms) to 1012.30859375 (ms), cudaEventElapsed = 30.377023696899414 (ms)
[RANK3] B @ 1012.39404296875 (ms) to 1050.829345703125 (ms), cudaEventElapsed = 38.40409469604492 (ms)
[RANK3] F @ 1194.69970703125 (ms) to 1225.464599609375 (ms), cudaEventElapsed = 30.714527130126953 (ms)
[RANK3] B @ 1225.555908203125 (ms) to 1263.802001953125 (ms), cudaEventElapsed = 38.214656829833984 (ms)
[RANK3] F @ 1405.902587890625 (ms) to 1436.4287109375 (ms), cudaEventElapsed = 30.476032257080078 (ms)
[RANK3] B @ 1436.511962890625 (ms) to 1474.704833984375 (ms), cudaEventElapsed = 38.163455963134766 (ms)
[RANK3] F @ 1616.9267578125 (ms) to 1646.8623046875 (ms), cudaEventElapsed = 29.894847869873047 (ms)
[RANK3] B @ 1647.054443359375 (ms) to 1685.546142578125 (ms), cudaEventElapsed = 38.45529556274414 (ms)
[RANK3] W @ 1685.705078125 (ms) to 1872.232177734375 (ms), cudaEventElapsed = 17.37932777404785 (ms)
[RANK3] F @ 1872.40087890625 (ms) to 1905.010009765625 (ms), cudaEventElapsed = 32.576351165771484 (ms)
[RANK3] B @ 1905.089599609375 (ms) to 1944.767578125 (ms), cudaEventElapsed = 39.64825439453125 (ms)
[RANK3] W @ 1945.015380859375 (ms) to 1968.449951171875 (ms), cudaEventElapsed = 22.25152015686035 (ms)
[RANK3] F @ 2141.26708984375 (ms) to 2171.25732421875 (ms), cudaEventElapsed = 29.950944900512695 (ms)
[RANK3] B @ 2171.33642578125 (ms) to 2208.53466796875 (ms), cudaEventElapsed = 37.1701774597168 (ms)
[RANK3] W @ 2208.783447265625 (ms) to 2231.58984375 (ms), cudaEventElapsed = 21.63711929321289 (ms)
[RANK3] F @ 2380.041259765625 (ms) to 2410.073486328125 (ms), cudaEventElapsed = 29.995807647705078 (ms)
[RANK3] B @ 2410.15673828125 (ms) to 2446.8955078125 (ms), cudaEventElapsed = 36.708351135253906 (ms)
[RANK3] W @ 2447.1591796875 (ms) to 2469.8349609375 (ms), cudaEventElapsed = 21.48044776916504 (ms)
[RANK3] F @ 2619.386474609375 (ms) to 2649.296630859375 (ms), cudaEventElapsed = 29.8734073638916 (ms)
[RANK3] B @ 2649.37451171875 (ms) to 2686.0625 (ms), cudaEventElapsed = 36.65919876098633 (ms)
[RANK3] 8W @ 2686.2470703125 (ms) to 2881.023193359375 (ms), cudaEventElapsed = 194.73817443847656 (ms)
[RANK3] Iteration 10
[RANK3] F @ 227.438720703125 (ms) to 258.083740234375 (ms), cudaEventElapsed = 30.594751358032227 (ms)
[RANK3] B @ 258.297607421875 (ms) to 424.638671875 (ms), cudaEventElapsed = 35.344383239746094 (ms)
[RANK3] F @ 551.703857421875 (ms) to 581.576416015625 (ms), cudaEventElapsed = 29.8351993560791 (ms)
[RANK3] B @ 581.651611328125 (ms) to 618.96044921875 (ms), cudaEventElapsed = 37.28076934814453 (ms)
[RANK3] F @ 620.329345703125 (ms) to 655.075439453125 (ms), cudaEventElapsed = 34.71558380126953 (ms)
[RANK3] B @ 655.16015625 (ms) to 695.061767578125 (ms), cudaEventElapsed = 39.87046432495117 (ms)
[RANK3] F @ 767.35400390625 (ms) to 797.76220703125 (ms), cudaEventElapsed = 30.37126350402832 (ms)
[RANK3] B @ 797.84130859375 (ms) to 836.577392578125 (ms), cudaEventElapsed = 38.70719909667969 (ms)
[RANK3] F @ 978.825439453125 (ms) to 1009.38525390625 (ms), cudaEventElapsed = 30.509920120239258 (ms)
[RANK3] B @ 1009.470703125 (ms) to 1047.88525390625 (ms), cudaEventElapsed = 38.384639739990234 (ms)
[RANK3] F @ 1190.111572265625 (ms) to 1220.72705078125 (ms), cudaEventElapsed = 30.557632446289062 (ms)
[RANK3] B @ 1220.814697265625 (ms) to 1259.063232421875 (ms), cudaEventElapsed = 38.216705322265625 (ms)
[RANK3] F @ 1402.802978515625 (ms) to 1433.471923828125 (ms), cudaEventElapsed = 30.608320236206055 (ms)
[RANK3] B @ 1433.560546875 (ms) to 1471.039306640625 (ms), cudaEventElapsed = 37.44972610473633 (ms)
[RANK3] F @ 1613.177734375 (ms) to 1643.307373046875 (ms), cudaEventElapsed = 30.078847885131836 (ms)
[RANK3] B @ 1643.504150390625 (ms) to 1681.84716796875 (ms), cudaEventElapsed = 38.30681610107422 (ms)
[RANK3] W @ 1682.022705078125 (ms) to 1869.256591796875 (ms), cudaEventElapsed = 17.40595245361328 (ms)
[RANK3] F @ 1869.480224609375 (ms) to 1900.84765625 (ms), cudaEventElapsed = 31.3242244720459 (ms)
[RANK3] B @ 1900.923095703125 (ms) to 1940.4345703125 (ms), cudaEventElapsed = 39.48236846923828 (ms)
[RANK3] W @ 1940.7099609375 (ms) to 1964.077392578125 (ms), cudaEventElapsed = 22.189056396484375 (ms)
[RANK3] F @ 2137.985595703125 (ms) to 2168.12353515625 (ms), cudaEventElapsed = 30.09391975402832 (ms)
[RANK3] B @ 2168.201416015625 (ms) to 2205.850341796875 (ms), cudaEventElapsed = 37.62073516845703 (ms)
[RANK3] W @ 2206.106201171875 (ms) to 2230.061767578125 (ms), cudaEventElapsed = 22.770687103271484 (ms)
[RANK3] F @ 2378.3544921875 (ms) to 2408.517578125 (ms), cudaEventElapsed = 30.122495651245117 (ms)
[RANK3] B @ 2408.595458984375 (ms) to 2446.022705078125 (ms), cudaEventElapsed = 37.398529052734375 (ms)
[RANK3] W @ 2446.27099609375 (ms) to 2469.99609375 (ms), cudaEventElapsed = 22.554624557495117 (ms)
[RANK3] F @ 2617.8515625 (ms) to 2647.970947265625 (ms), cudaEventElapsed = 30.080448150634766 (ms)
[RANK3] B @ 2648.0439453125 (ms) to 2685.468505859375 (ms), cudaEventElapsed = 37.39750289916992 (ms)
[RANK3] 8W @ 2685.6513671875 (ms) to 2879.88916015625 (ms), cudaEventElapsed = 194.20262145996094 (ms)
[RANK3] Iteration 11
[RANK3] F @ 227.569580078125 (ms) to 258.427001953125 (ms), cudaEventElapsed = 30.796384811401367 (ms)
[RANK3] B @ 258.643798828125 (ms) to 424.750244140625 (ms), cudaEventElapsed = 35.26451110839844 (ms)
[RANK3] F @ 550.5986328125 (ms) to 580.57763671875 (ms), cudaEventElapsed = 29.938783645629883 (ms)
[RANK3] B @ 580.658203125 (ms) to 617.25537109375 (ms), cudaEventElapsed = 36.569087982177734 (ms)
[RANK3] F @ 618.588134765625 (ms) to 652.7021484375 (ms), cudaEventElapsed = 34.08310317993164 (ms)
[RANK3] B @ 652.7890625 (ms) to 692.994873046875 (ms), cudaEventElapsed = 40.17561721801758 (ms)
[RANK3] F @ 766.7724609375 (ms) to 797.463134765625 (ms), cudaEventElapsed = 30.651968002319336 (ms)
[RANK3] B @ 797.548095703125 (ms) to 835.7705078125 (ms), cudaEventElapsed = 38.1921272277832 (ms)
[RANK3] F @ 977.3310546875 (ms) to 1007.825439453125 (ms), cudaEventElapsed = 30.45039939880371 (ms)
[RANK3] B @ 1007.907958984375 (ms) to 1046.295166015625 (ms), cudaEventElapsed = 38.35801696777344 (ms)
[RANK3] F @ 1190.335693359375 (ms) to 1220.8505859375 (ms), cudaEventElapsed = 30.472063064575195 (ms)
[RANK3] B @ 1220.9326171875 (ms) to 1258.663330078125 (ms), cudaEventElapsed = 37.70265579223633 (ms)
[RANK3] F @ 1403.091552734375 (ms) to 1433.731201171875 (ms), cudaEventElapsed = 30.594112396240234 (ms)
[RANK3] B @ 1433.810546875 (ms) to 1472.09423828125 (ms), cudaEventElapsed = 38.249473571777344 (ms)
[RANK3] F @ 1612.76171875 (ms) to 1642.64111328125 (ms), cudaEventElapsed = 29.83932876586914 (ms)
[RANK3] B @ 1642.822021484375 (ms) to 1680.949951171875 (ms), cudaEventElapsed = 38.09382247924805 (ms)
[RANK3] W @ 1681.112060546875 (ms) to 1868.109375 (ms), cudaEventElapsed = 17.39571189880371 (ms)
[RANK3] F @ 1868.286865234375 (ms) to 1899.97802734375 (ms), cudaEventElapsed = 31.65897560119629 (ms)
[RANK3] B @ 1900.059326171875 (ms) to 1938.99169921875 (ms), cudaEventElapsed = 38.90380859375 (ms)
[RANK3] W @ 1939.557373046875 (ms) to 2091.022705078125 (ms), cudaEventElapsed = 17.766399383544922 (ms)
[RANK3] F @ 2196.292724609375 (ms) to 2226.180908203125 (ms), cudaEventElapsed = 29.852928161621094 (ms)
[RANK3] B @ 2226.253662109375 (ms) to 2263.560302734375 (ms), cudaEventElapsed = 37.27974319458008 (ms)
[RANK3] W @ 2263.80126953125 (ms) to 2415.692626953125 (ms), cudaEventElapsed = 17.747968673706055 (ms)
[RANK3] F @ 2520.692626953125 (ms) to 2550.723388671875 (ms), cudaEventElapsed = 29.985824584960938 (ms)
[RANK3] B @ 2550.802490234375 (ms) to 2588.099609375 (ms), cudaEventElapsed = 37.2674560546875 (ms)
[RANK3] W @ 2588.349609375 (ms) to 2739.16650390625 (ms), cudaEventElapsed = 17.732608795166016 (ms)
[RANK3] F @ 2844.12158203125 (ms) to 2874.161865234375 (ms), cudaEventElapsed = 30.003135681152344 (ms)
[RANK3] B @ 2874.23388671875 (ms) to 2911.66845703125 (ms), cudaEventElapsed = 37.40671920776367 (ms)
[RANK3] 8W @ 2911.8544921875 (ms) to 3230.49951171875 (ms), cudaEventElapsed = 186.0894775390625 (ms)
[RANK3] Iteration 12
[RANK3] F @ 226.77587890625 (ms) to 257.56005859375 (ms), cudaEventElapsed = 30.726272583007812 (ms)
[RANK3] B @ 257.766845703125 (ms) to 423.550048828125 (ms), cudaEventElapsed = 35.16825485229492 (ms)
[RANK3] F @ 668.3154296875 (ms) to 698.374267578125 (ms), cudaEventElapsed = 30.002527236938477 (ms)
[RANK3] B @ 698.452880859375 (ms) to 735.4375 (ms), cudaEventElapsed = 36.957183837890625 (ms)
[RANK3] F @ 869.4765625 (ms) to 899.9990234375 (ms), cudaEventElapsed = 30.46940803527832 (ms)
[RANK3] B @ 900.084716796875 (ms) to 938.579833984375 (ms), cudaEventElapsed = 38.46553421020508 (ms)
[RANK3] F @ 1115.66650390625 (ms) to 1146.400146484375 (ms), cudaEventElapsed = 30.679616928100586 (ms)
[RANK3] B @ 1146.49169921875 (ms) to 1185.284423828125 (ms), cudaEventElapsed = 38.76044845581055 (ms)
[RANK3] F @ 1363.95263671875 (ms) to 1394.670166015625 (ms), cudaEventElapsed = 30.660064697265625 (ms)
[RANK3] B @ 1394.75439453125 (ms) to 1433.032958984375 (ms), cudaEventElapsed = 38.249473571777344 (ms)
[RANK3] F @ 1611.62353515625 (ms) to 1642.170654296875 (ms), cudaEventElapsed = 30.497983932495117 (ms)
[RANK3] B @ 1642.25439453125 (ms) to 1680.703369140625 (ms), cudaEventElapsed = 38.42047882080078 (ms)
[RANK3] F @ 1859.845947265625 (ms) to 1890.486328125 (ms), cudaEventElapsed = 30.594335556030273 (ms)
[RANK3] B @ 1890.569091796875 (ms) to 1928.843994140625 (ms), cudaEventElapsed = 38.24537658691406 (ms)
[RANK3] F @ 2106.406982421875 (ms) to 2136.44287109375 (ms), cudaEventElapsed = 29.983776092529297 (ms)
[RANK3] B @ 2136.65185546875 (ms) to 2174.29638671875 (ms), cudaEventElapsed = 37.61356735229492 (ms)
[RANK3] W @ 2174.463134765625 (ms) to 2375.451171875 (ms), cudaEventElapsed = 17.37830352783203 (ms)
[RANK3] F @ 2375.663818359375 (ms) to 2407.08642578125 (ms), cudaEventElapsed = 31.38742446899414 (ms)
[RANK3] B @ 2407.158203125 (ms) to 2446.098388671875 (ms), cudaEventElapsed = 38.91097640991211 (ms)
[RANK3] W @ 2446.353515625 (ms) to 2597.363525390625 (ms), cudaEventElapsed = 17.712127685546875 (ms)
[RANK3] F @ 2702.085205078125 (ms) to 2731.98388671875 (ms), cudaEventElapsed = 29.861600875854492 (ms)
[RANK3] B @ 2732.077392578125 (ms) to 2769.42529296875 (ms), cudaEventElapsed = 37.315582275390625 (ms)
[RANK3] W @ 2769.664306640625 (ms) to 2921.169921875 (ms), cudaEventElapsed = 17.737728118896484 (ms)
[RANK3] F @ 3026.342041015625 (ms) to 3056.338134765625 (ms), cudaEventElapsed = 29.957792282104492 (ms)
[RANK3] B @ 3056.414306640625 (ms) to 3093.131103515625 (ms), cudaEventElapsed = 36.68787384033203 (ms)
[RANK3] W @ 3093.369384765625 (ms) to 3245.08154296875 (ms), cudaEventElapsed = 17.784832000732422 (ms)
[RANK3] F @ 3350.1416015625 (ms) to 3380.15185546875 (ms), cudaEventElapsed = 29.96828842163086 (ms)
[RANK3] B @ 3380.2294921875 (ms) to 3418.213134765625 (ms), cudaEventElapsed = 37.95558547973633 (ms)
[RANK3] 8W @ 3418.400634765625 (ms) to 3738.65380859375 (ms), cudaEventElapsed = 186.3321533203125 (ms)
[RANK3] Iteration 13
[RANK3] F @ 227.864013671875 (ms) to 258.711181640625 (ms), cudaEventElapsed = 30.789119720458984 (ms)
[RANK3] B @ 258.9169921875 (ms) to 424.723876953125 (ms), cudaEventElapsed = 35.366912841796875 (ms)
[RANK3] F @ 670.234375 (ms) to 700.194580078125 (ms), cudaEventElapsed = 29.921823501586914 (ms)
[RANK3] B @ 700.269287109375 (ms) to 737.617919921875 (ms), cudaEventElapsed = 37.319679260253906 (ms)
[RANK3] F @ 871.448974609375 (ms) to 901.917236328125 (ms), cudaEventElapsed = 30.430400848388672 (ms)
[RANK3] B @ 901.995361328125 (ms) to 940.127685546875 (ms), cudaEventElapsed = 38.10406494140625 (ms)
[RANK3] F @ 1116.8720703125 (ms) to 1147.34619140625 (ms), cudaEventElapsed = 30.428096771240234 (ms)
[RANK3] B @ 1147.435546875 (ms) to 1186.157958984375 (ms), cudaEventElapsed = 38.69286346435547 (ms)
[RANK3] F @ 1365.749755859375 (ms) to 1396.4404296875 (ms), cudaEventElapsed = 30.642080307006836 (ms)
[RANK3] B @ 1396.5234375 (ms) to 1434.8798828125 (ms), cudaEventElapsed = 38.32831954956055 (ms)
[RANK3] F @ 1613.52294921875 (ms) to 1643.98681640625 (ms), cudaEventElapsed = 30.42140769958496 (ms)
[RANK3] B @ 1644.075439453125 (ms) to 1681.561279296875 (ms), cudaEventElapsed = 37.45177459716797 (ms)
[RANK3] F @ 1861.720947265625 (ms) to 1892.4775390625 (ms), cudaEventElapsed = 30.705280303955078 (ms)
[RANK3] B @ 1892.568115234375 (ms) to 1930.8076171875 (ms), cudaEventElapsed = 38.207489013671875 (ms)
[RANK3] F @ 2108.2470703125 (ms) to 2138.3740234375 (ms), cudaEventElapsed = 30.062847137451172 (ms)
[RANK3] B @ 2138.588623046875 (ms) to 2177.10693359375 (ms), cudaEventElapsed = 38.48704147338867 (ms)
[RANK3] W @ 2177.283203125 (ms) to 2378.508056640625 (ms), cudaEventElapsed = 17.313791275024414 (ms)
[RANK3] F @ 2378.723876953125 (ms) to 2410.04052734375 (ms), cudaEventElapsed = 31.281696319580078 (ms)
[RANK3] B @ 2410.12158203125 (ms) to 2450.027587890625 (ms), cudaEventElapsed = 39.876609802246094 (ms)
[RANK3] W @ 2450.29052734375 (ms) to 2602.34033203125 (ms), cudaEventElapsed = 17.768447875976562 (ms)
[RANK3] F @ 2707.5615234375 (ms) to 2737.76318359375 (ms), cudaEventElapsed = 30.16249656677246 (ms)
[RANK3] B @ 2737.84423828125 (ms) to 2775.47119140625 (ms), cudaEventElapsed = 37.59718322753906 (ms)
[RANK3] W @ 2775.7158203125 (ms) to 2927.15673828125 (ms), cudaEventElapsed = 17.711103439331055 (ms)
[RANK3] F @ 3032.06005859375 (ms) to 3062.015380859375 (ms), cudaEventElapsed = 29.917951583862305 (ms)
[RANK3] B @ 3062.0947265625 (ms) to 3098.906494140625 (ms), cudaEventElapsed = 36.783103942871094 (ms)
[RANK3] W @ 3099.1708984375 (ms) to 3250.441162109375 (ms), cudaEventElapsed = 17.702911376953125 (ms)
[RANK3] F @ 3355.4375 (ms) to 3385.467529296875 (ms), cudaEventElapsed = 29.990272521972656 (ms)
[RANK3] B @ 3385.547119140625 (ms) to 3422.801513671875 (ms), cudaEventElapsed = 37.22547149658203 (ms)
[RANK3] 8W @ 3422.99462890625 (ms) to 3743.1806640625 (ms), cudaEventElapsed = 186.3751678466797 (ms)
[RANK3] Iteration 14
[RANK3] F @ 227.800048828125 (ms) to 258.56591796875 (ms), cudaEventElapsed = 30.71811294555664 (ms)
[RANK3] B @ 258.7802734375 (ms) to 425.845703125 (ms), cudaEventElapsed = 35.24505615234375 (ms)
[RANK3] F @ 671.584716796875 (ms) to 701.732177734375 (ms), cudaEventElapsed = 30.102144241333008 (ms)
[RANK3] B @ 701.810791015625 (ms) to 739.0810546875 (ms), cudaEventElapsed = 37.2408332824707 (ms)
[RANK3] F @ 872.523681640625 (ms) to 902.929443359375 (ms), cudaEventElapsed = 30.363296508789062 (ms)
[RANK3] B @ 903.013671875 (ms) to 941.353759765625 (ms), cudaEventElapsed = 38.30886459350586 (ms)
[RANK3] F @ 1117.7568359375 (ms) to 1148.333740234375 (ms), cudaEventElapsed = 30.522592544555664 (ms)
[RANK3] B @ 1148.42822265625 (ms) to 1186.2509765625 (ms), cudaEventElapsed = 37.79276657104492 (ms)
[RANK3] F @ 1366.024658203125 (ms) to 1396.6396484375 (ms), cudaEventElapsed = 30.55513572692871 (ms)
[RANK3] B @ 1396.7275390625 (ms) to 1435.171630859375 (ms), cudaEventElapsed = 38.41331100463867 (ms)
[RANK3] F @ 1613.739990234375 (ms) to 1644.18212890625 (ms), cudaEventElapsed = 30.39836883544922 (ms)
[RANK3] B @ 1644.2685546875 (ms) to 1682.51025390625 (ms), cudaEventElapsed = 38.212608337402344 (ms)
[RANK3] F @ 1861.564208984375 (ms) to 1891.933837890625 (ms), cudaEventElapsed = 30.329984664916992 (ms)
[RANK3] B @ 1892.019287109375 (ms) to 1930.514892578125 (ms), cudaEventElapsed = 38.46656036376953 (ms)
[RANK3] F @ 2108.934326171875 (ms) to 2138.85693359375 (ms), cudaEventElapsed = 29.879615783691406 (ms)
[RANK3] B @ 2139.051513671875 (ms) to 2177.331787109375 (ms), cudaEventElapsed = 38.25151824951172 (ms)
[RANK3] W @ 2177.503662109375 (ms) to 2379.140625 (ms), cudaEventElapsed = 17.347583770751953 (ms)
[RANK3] F @ 2379.355712890625 (ms) to 2410.83251953125 (ms), cudaEventElapsed = 31.434240341186523 (ms)
[RANK3] B @ 2410.910400390625 (ms) to 2450.5751953125 (ms), cudaEventElapsed = 39.634944915771484 (ms)
[RANK3] W @ 2450.853515625 (ms) to 2603.605224609375 (ms), cudaEventElapsed = 17.740800857543945 (ms)
[RANK3] F @ 2708.76513671875 (ms) to 2738.865966796875 (ms), cudaEventElapsed = 30.059200286865234 (ms)
[RANK3] B @ 2738.93994140625 (ms) to 2775.85595703125 (ms), cudaEventElapsed = 36.88857650756836 (ms)
[RANK3] W @ 2776.100830078125 (ms) to 2926.750244140625 (ms), cudaEventElapsed = 17.740800857543945 (ms)
[RANK3] F @ 3032.048828125 (ms) to 3062.191162109375 (ms), cudaEventElapsed = 30.099679946899414 (ms)
[RANK3] B @ 3062.271240234375 (ms) to 3099.495849609375 (ms), cudaEventElapsed = 37.193729400634766 (ms)
[RANK3] W @ 3099.836669921875 (ms) to 3250.929443359375 (ms), cudaEventElapsed = 17.729536056518555 (ms)
[RANK3] F @ 3355.88037109375 (ms) to 3386.017822265625 (ms), cudaEventElapsed = 30.095935821533203 (ms)
[RANK3] B @ 3386.099853515625 (ms) to 3422.984130859375 (ms), cudaEventElapsed = 36.85580825805664 (ms)
[RANK3] 8W @ 3423.179443359375 (ms) to 3742.3935546875 (ms), cudaEventElapsed = 186.7868194580078 (ms)
[RANK3] Iteration 15
[RANK3] F @ 228.0791015625 (ms) to 258.785888671875 (ms), cudaEventElapsed = 30.64726448059082 (ms)
[RANK3] B @ 259.001953125 (ms) to 427.26806640625 (ms), cudaEventElapsed = 35.211265563964844 (ms)
[RANK3] F @ 673.61083984375 (ms) to 703.995361328125 (ms), cudaEventElapsed = 30.32431983947754 (ms)
[RANK3] B @ 704.077880859375 (ms) to 741.279296875 (ms), cudaEventElapsed = 37.17222213745117 (ms)
[RANK3] F @ 875.102783203125 (ms) to 905.5908203125 (ms), cudaEventElapsed = 30.439424514770508 (ms)
[RANK3] B @ 905.67138671875 (ms) to 943.876953125 (ms), cudaEventElapsed = 38.1767692565918 (ms)
[RANK3] F @ 1120.39990234375 (ms) to 1150.943603515625 (ms), cudaEventElapsed = 30.49737548828125 (ms)
[RANK3] B @ 1151.03125 (ms) to 1188.95166015625 (ms), cudaEventElapsed = 37.88902282714844 (ms)
[RANK3] F @ 1368.76513671875 (ms) to 1399.219970703125 (ms), cudaEventElapsed = 30.398880004882812 (ms)
[RANK3] B @ 1399.30029296875 (ms) to 1437.81201171875 (ms), cudaEventElapsed = 38.48191833496094 (ms)
[RANK3] F @ 1616.855224609375 (ms) to 1647.401123046875 (ms), cudaEventElapsed = 30.497535705566406 (ms)
[RANK3] B @ 1647.491455078125 (ms) to 1685.72509765625 (ms), cudaEventElapsed = 38.202369689941406 (ms)
[RANK3] F @ 1864.426513671875 (ms) to 1894.8681640625 (ms), cudaEventElapsed = 30.398271560668945 (ms)
[RANK3] B @ 1894.953125 (ms) to 1933.537841796875 (ms), cudaEventElapsed = 38.55564880371094 (ms)
[RANK3] F @ 2111.44580078125 (ms) to 2141.32861328125 (ms), cudaEventElapsed = 29.83679962158203 (ms)
[RANK3] B @ 2141.53125 (ms) to 2179.8505859375 (ms), cudaEventElapsed = 38.29043197631836 (ms)
[RANK3] W @ 2180.016845703125 (ms) to 2380.801513671875 (ms), cudaEventElapsed = 17.41516876220703 (ms)
[RANK3] F @ 2380.98046875 (ms) to 2412.516845703125 (ms), cudaEventElapsed = 31.503263473510742 (ms)
[RANK3] B @ 2412.58935546875 (ms) to 2451.760986328125 (ms), cudaEventElapsed = 39.14342498779297 (ms)
[RANK3] W @ 2452.0068359375 (ms) to 2605.30517578125 (ms), cudaEventElapsed = 17.77459144592285 (ms)
[RANK3] F @ 2709.888427734375 (ms) to 2739.819580078125 (ms), cudaEventElapsed = 29.896448135375977 (ms)
[RANK3] B @ 2739.893798828125 (ms) to 2777.190673828125 (ms), cudaEventElapsed = 37.26847839355469 (ms)
[RANK3] W @ 2777.431884765625 (ms) to 2928.878173828125 (ms), cudaEventElapsed = 17.702911376953125 (ms)
[RANK3] F @ 3034.191650390625 (ms) to 3064.171875 (ms), cudaEventElapsed = 29.944896697998047 (ms)
[RANK3] B @ 3064.246337890625 (ms) to 3101.359130859375 (ms), cudaEventElapsed = 37.08313751220703 (ms)
[RANK3] W @ 3101.612548828125 (ms) to 3253.093505859375 (ms), cudaEventElapsed = 17.755136489868164 (ms)
[RANK3] F @ 3358.29248046875 (ms) to 3388.335693359375 (ms), cudaEventElapsed = 30.002559661865234 (ms)
[RANK3] B @ 3388.409912109375 (ms) to 3425.9287109375 (ms), cudaEventElapsed = 37.49068832397461 (ms)
[RANK3] 8W @ 3426.133544921875 (ms) to 3745.46484375 (ms), cudaEventElapsed = 186.40179443359375 (ms)
[RANK3] Iteration 16
[RANK3] F @ 220.33056640625 (ms) to 249.660888671875 (ms), cudaEventElapsed = 29.275360107421875 (ms)
[RANK3] F @ 379.70751953125 (ms) to 409.11328125 (ms), cudaEventElapsed = 29.33580780029297 (ms)
[RANK3] F @ 538.607666015625 (ms) to 567.89892578125 (ms), cudaEventElapsed = 29.222848892211914 (ms)
[RANK3] F @ 697.223388671875 (ms) to 726.401611328125 (ms), cudaEventElapsed = 29.11347198486328 (ms)
[RANK3] F @ 855.156005859375 (ms) to 884.0458984375 (ms), cudaEventElapsed = 28.84771156311035 (ms)
[RANK3] F @ 1013.30517578125 (ms) to 1042.17041015625 (ms), cudaEventElapsed = 28.826688766479492 (ms)
[RANK3] F @ 1172.094970703125 (ms) to 1200.9697265625 (ms), cudaEventElapsed = 28.836576461791992 (ms)
[RANK3] F @ 1329.749755859375 (ms) to 1358.1630859375 (ms), cudaEventElapsed = 28.375295639038086 (ms)
[RANK3] F @ 1488.894287109375 (ms) to 1517.255859375 (ms), cudaEventElapsed = 28.325727462768555 (ms)
[RANK3] F @ 1648.72119140625 (ms) to 1677.060791015625 (ms), cudaEventElapsed = 28.30463981628418 (ms)
[RANK3] F @ 1808.221435546875 (ms) to 1836.734130859375 (ms), cudaEventElapsed = 28.47113609313965 (ms)
[RANK3] F @ 1968.31005859375 (ms) to 1996.68408203125 (ms), cudaEventElapsed = 28.334976196289062 (ms)
